 ===========================================================================
 DROPWINDSONDE PROCESSING RECORD                            Sonde: 003475071
 PDS file written Sep 14, 2004.                             Format:    V5.12
 Aircraft: N43RF                             Date: 040914   Time: 215636 UTC
 ---------------------------------------------------------------------------
 Bias corrections:  PR =    .0 mb  TE =    .0 C  RH =    .0 %  PRB =   .9 mb
 Filters (LPF):     PTH =  10 s    WIND =  10 s       Hyd anchor =       SFC
 Dyn RH correction =  N     WSHR COR =      Y         Splash PR  =  940.8 mb
 Estimated PR used =  N     GPS VERR =    .55 m/s     HYD SFCP   =  945.1 mb
 Dyn T correction  =  Y     WGACORR  =    -.5 m       AC GA ADJ  =     .0 m
 ---------------------------------------------------------------------------
 COMMENTS: eyewall SE open side                                        
 ===========================================================================

 ===========================================================================
 Date: 040914   Lat:  24.08 N   TA:   15.0 C   PS:  695.4 mb   WD:   237 deg
 Time: 215636   Lon:  86.63 W   TD:   14.7 C   GA:   2657 m    WS:  50.6 m/s
 SID:  003475071                RH:   98.1 %   Navaid:   GP          
 ===========================================================================

IX      t (s)  P (mb)    T (C)    RH (%)  Z (m)   WD    WS (m/s)   U (m/s)   V (m/s)  NS  WZ (m/s)  ZW (m)   FP  FT  FH  FW    LAT (N)   LON (E)
0001      .1   695.9     15.01   -999.0    2619   237    50.71     42.71     27.34  -999  -999.0    2619     3   3   0   4      24.085   -86.634
0002      .6   696.4     15.02   -999.0    2613   237    51.12     43.00     27.64  -999  -999.0    2612     3   3   0   4      24.085   -86.634
0003     1.1   696.9     15.02   -999.0    2607   237    51.23     43.08     27.73  -999  -999.0    2606     3   3   0   4      24.085   -86.634
0004     1.6   697.4     15.03   -999.0    2600   237    51.34     43.16     27.81  -999  -999.0    2600     3   3   0   4      24.085   -86.634
0005     2.1   697.9     15.04   -999.0    2594   237    51.46     43.24     27.90  -999  -999.0    2594     3   3   0   4      24.085   -86.633
0006     2.6   698.5     15.05   -999.0    2588   237    51.57     43.32     27.98  -999  -999.0    2588     3   3   0   4      24.085   -86.633
0007     3.1   699.0     15.05   -999.0    2582   237    51.69     43.40     28.07  -999  -999.0    2581     3   3   0   4      24.085   -86.633
0008     3.6   699.5     15.06   -999.0    2576   237    51.80     43.48     28.15  -999  -999.0    2575     3   3   0   4      24.085   -86.633
0009     4.1   700.0     15.07   -999.0    2570   237    51.91     43.56     28.24  -999  -999.0    2569     3   3   0   4      24.086   -86.633
0010     4.6   700.5     15.08   -999.0    2563   237    52.03     43.65     28.32  -999  -999.0    2563     3   3   0   4      24.086   -86.632
0011     5.1   701.0     15.08   -999.0    2557   237    52.14     43.73     28.40  -999  -999.0    2557     3   3   0   4      24.086   -86.632
0012     5.6   701.5     15.09   -999.0    2551   237    52.26     43.81     28.49  -999  -999.0    2551     3   3   0   4      24.086   -86.632
0013     6.1   702.0     15.10   -999.0    2545   237    52.37     43.89     28.57  -999  -999.0    2544     3   3   0   4      24.086   -86.632
0014     6.6   702.5     15.11   -999.0    2539   237    52.48     43.97     28.66  -999  -999.0    2538     3   3   0   4      24.086   -86.632
0015     7.1   703.0     15.12   -999.0    2533   237    52.60     44.05     28.74  -999  -999.0    2532     3   3   0   4      24.086   -86.631
0016     7.6   703.5     15.13   -999.0    2526   237    52.71     44.13     28.83  -999  -999.0    2526     3   3   0   4      24.086   -86.631
0017     8.1   704.0     15.13   -999.0    2520   237    52.83     44.21     28.91  -999  -999.0    2520     3   3   0   4      24.087   -86.631
0018     8.6   704.6     15.14   -999.0    2514   237    52.94     44.29     29.00  -999  -999.0    2514     3   3   0   4      24.087   -86.631
0019     9.1   705.1     15.15   -999.0    2508   237    53.05     44.37     29.08  -999  -999.0    2508     3   3   0   4      24.087   -86.630
0020     9.6   705.6     15.16   -999.0    2502   237    53.17     44.45     29.17  -999  -999.0    2501     3   3   0   4      24.087   -86.630
0021    10.1   706.1     15.17   -999.0    2496   237    53.28     44.54     29.25  -999  -999.0    2495     3   3   0   4      24.087   -86.630
0022    10.6   706.6     15.18   -999.0    2490   237    53.40     44.62     29.33  -999  -999.0    2489     3   3   0   4      24.087   -86.630
0023    11.1   707.1     15.19   -999.0    2484   237    53.51     44.70     29.42  -999  -999.0    2483     3   3   0   4      24.087   -86.630
0024    11.6   707.6     15.19   -999.0    2477   237    53.62     44.78     29.50  -999  -999.0    2477     3   3   0   4      24.087   -86.629
0025    12.1   708.1     15.21   -999.0    2471   237    53.74     44.86     29.59  -999  -999.0    2471     3   3   0   4      24.088   -86.629
0026    12.6   708.6     15.22   -999.0    2465   237    53.85     44.94     29.67  -999  -999.0    2465     3   3   0   4      24.088   -86.629
0027    13.1   709.1     15.23   -999.0    2459   237    53.97     45.02     29.76  -999  -999.0    2459     3   3   0   4      24.088   -86.629
0028    13.6   709.6     15.25   -999.0    2453   237    54.08     45.10     29.84  -999  -999.0    2453     3   3   0   4      24.088   -86.628
0029    14.1   710.1     15.26   -999.0    2447   236    54.20     45.19     29.93  -999  -999.0    2447     3   3   0   4      24.088   -86.628
0030    14.6   710.6     15.28   -999.0    2441   236    54.31     45.27     30.01  -999  -999.0    2441     3   3   0   4      24.088   -86.628
0031    15.1   711.2     15.30   -999.0    2435   236    54.43     45.35     30.10  -999  -999.0    2434     0   0   0   4      24.088   -86.628
0032    15.6   711.7     15.32   -999.0    2429   236    54.54     45.43     30.18  -999     2.1    2428     0   0   0   4      24.089   -86.628
0033    16.1   712.2     15.34   -999.0    2423   236    54.66     45.51     30.27  -999     2.0    2422     0   0   0   4      24.089   -86.627
0034    16.6   712.7     15.36   -999.0    2416   236    54.77     45.59     30.35  -999     2.0    2416     0   0   0   4      24.089   -86.627
0035    17.1   713.2     15.39   -999.0    2410   236    54.89     45.67     30.44  -999     1.9    2410     0   0   0   4      24.089   -86.627
0036    17.6   713.8     15.41   -999.0    2404   236    55.00     45.76     30.52  -999     1.9    2403     0   0   0   4      24.089   -86.627
0037    18.1   714.3     15.44   -999.0    2398   236    55.12     45.84     30.61  -999     1.8    2397     0   0   0   4      24.089   -86.626
0038    18.6   714.8     15.46   -999.0    2391   236    55.23     45.92     30.69  -999     1.8    2391     0   0   0   4      24.089   -86.626
0039    19.1   715.3     15.49   -999.0    2385   236    55.35     46.00     30.78  -999     1.8    2385     0   0   0   4      24.090   -86.626
0040    19.6   715.9     15.51   -999.0    2379   236    55.46     46.08     30.86  -999     1.8    2378     0   0   0   4      24.090   -86.626
0041    20.1   716.4     15.54   -999.0    2373   236    55.57     46.16     30.95  -999     1.9    2372     0   0   0   4      24.090   -86.626
0042    20.6   716.9     15.56   -999.0    2366   236    55.69     46.24     31.03  -999     1.9    2366     0   0   0   4      24.090   -86.625
0043    21.1   717.4     15.59   -999.0    2360   236    55.80     46.32     31.11  -999     2.0    2360     0   0   0   4      24.090   -86.625
0044    21.6   718.0     15.61   -999.0    2354   236    55.91     46.40     31.20  -999     2.1    2353     0   0   0   4      24.090   -86.625
0045    22.1   718.5     15.63   -999.0    2348   236    56.03     46.48     31.28  -999     2.2    2347     0   0   0   4      24.090   -86.625
0046    22.6   719.0     15.66   -999.0    2342   236    56.14     46.56     31.36  -999     2.3    2341     0   0   0   4      24.091   -86.624
0047    23.1   719.5     15.68   -999.0    2336   236    56.25     46.64     31.45  -999     2.5    2335     0   0   0   4      24.091   -86.624
0048    23.6   720.0     15.70   -999.0    2330   236    56.36     46.72     31.53  -999     2.6    2329     0   0   0   4      24.091   -86.624
0049    24.1   720.5     15.73   -999.0    2324   236    56.47     46.80     31.61  -999     2.7    2324     0   0   0   4      24.091   -86.624
0050    24.6   721.0     15.75   -999.0    2318   236    56.59     46.88     31.69  -999     2.9    2318     0   0   0   4      24.091   -86.623
0051    25.1   721.5     15.77   -999.0    2313   236    56.70     46.96     31.78  -999     3.0    2312     0   0   0   4      24.091   -86.623
0052    25.6   721.9     15.79   -999.0    2307   236    56.81     47.04     31.86  -999     3.0    2307     0   0   0   4      24.091   -86.623
0053    26.1   722.4     15.82   -999.0    2301   236    56.93     47.12     31.95  -999     3.1    2301     0   0   0   4      24.092   -86.623
0054    26.6   722.9     15.84   -999.0    2296   236    57.04     47.20     32.03  -999     3.1    2295     0   0   0   4      24.092   -86.623
0055    27.1   723.3     15.87   -999.0    2290   236    57.16     47.28     32.12  -999     3.1    2290     0   0   0   4      24.092   -86.622
0056    27.6   723.8     15.89   -999.0    2285   236    57.27     47.36     32.20  -999     3.1    2284     0   0   0   4      24.092   -86.622
0057    28.1   724.3     15.91     98.7    2279   236    57.39     47.44     32.29  -999     3.0    2279     0   0   0   4      24.092   -86.622
0058    28.6   724.8     15.94     98.7    2274   236    57.50     47.53     32.37  -999     2.9    2273     0   0   0   4      24.092   -86.622
0059    29.1   725.3     15.96     98.8    2268   236    57.62     47.61     32.46  -999     2.8    2267     0   0   0   4      24.092   -86.621
0060    29.6   725.7     15.99     98.8    2262   236    57.74     47.69     32.54  -999     2.6    2262     0   0   0   4      24.093   -86.621
0061    30.1   726.2     16.01     98.9    2256   236    57.85     47.77     32.63  -999     2.5    2256     0   0   0   4      24.093   -86.621
0062    30.6   726.7     16.03     99.0    2250   236    57.97     47.86     32.72  -999     2.3    2250     0   0   0   4      24.093   -86.621
0063    31.1   727.3     16.06     99.1    2244   236    58.09     47.94     32.81  -999     2.2    2244     0   0   0   4      24.093   -86.620
0064    31.6   727.8     16.09     99.1    2238   236    58.21     48.02     32.89  -999     2.0    2238     0   0   0   4      24.093   -86.620
0065    32.1   728.3     16.11     99.2    2232   236    58.32     48.10     32.98  -999     1.9    2232     0   0   0   4      24.093   -86.620
0066    32.6   728.8     16.14     99.2    2226   236    58.44     48.19     33.07  -999     1.7    2225     0   0   0   4      24.093   -86.620
0067    33.1   729.4     16.17     99.3    2219   236    58.56     48.28     33.15  -999     1.6    2219     0   0   0   4      24.094   -86.619
0068    33.6   729.9     16.19     99.3    2213   236    58.68     48.36     33.24  -999     1.5    2213     0   0   0   4      24.094   -86.619
0069    34.1   730.5     16.22     99.3    2207   235    58.80     48.45     33.32  -999     1.5    2206     0   0   0   4      24.094   -86.619
0070    34.6   731.0     16.25     99.3    2200   235    58.92     48.54     33.40  -999     1.4    2200     0   0   0   4      24.094   -86.619
0071    35.1   731.6     16.28     99.3    2194   235    59.04     48.63     33.49  -999     1.3    2193     0   0   0   4      24.094   -86.619
0072    35.6   732.1     16.31     99.2    2187   235    59.16     48.71     33.57  -999     1.3    2187     0   0   0   4      24.094   -86.618
0073    36.1   732.7     16.34     99.2    2181   235    59.27     48.80     33.65  -999     1.3    2180     0   0   0   4      24.094   -86.618
0074    36.6   733.2     16.37     99.2    2174   235    59.38     48.87     33.73  -999     1.2    2174     0   0   0   4      24.095   -86.618
0075    37.1   733.8     16.40     99.1    2168   235    59.49     48.95     33.82  -999     1.2    2167     0   0   0   4      24.095   -86.618
0076    37.6   734.3     16.43     99.1    2161   235    59.60     49.02     33.90  -999     1.2    2161     0   0   0   4      24.095   -86.617
0077    38.1   734.9     16.47     99.0    2155   235    59.71     49.09     33.99  -999     1.1    2154     0   0   0   4      24.095   -86.617
0078    38.6   735.5     16.50     98.9    2148   235    59.82     49.16     34.08  -999     1.0    2148     0   0   0   4      24.095   -86.617
0079    39.1   736.0     16.53     98.8    2142   235    59.93     49.23     34.18  -999     1.0    2141     0   0   0   4      24.095   -86.617
0080    39.6   736.6     16.56     98.7    2135   235    60.04     49.29     34.28  -999      .9    2135     3   3   3   4      24.096   -86.616
0081    40.1   737.2     16.60     98.6    2129   235    60.15     49.35     34.39  -999      .8    2128     0   0   0   4      24.096   -86.616
0082    40.6   737.7     16.63     98.6    2122   235    60.26     49.41     34.50  -999      .8    2121     0   0   0   4      24.096   -86.616
0083    41.1   738.3     16.66     98.5    2115   235    60.37     49.46     34.61  -999      .7    2115     0   0   0   4      24.096   -86.616
0084    41.6   738.9     16.69     98.4    2108   235    60.47     49.51     34.72     4      .6    2108     0   0   0   0      24.096   -86.615
0085    42.1   739.5     16.73     98.4    2102   235    60.56     49.55     34.83     4      .6    2101     0   0   0   0      24.096   -86.615
0086    42.6   740.1     16.76     98.3    2095   235    60.65     49.58     34.93     4      .5    2094     0   0   0   0      24.096   -86.615
0087    43.1   740.7     16.79     98.3    2088   235    60.72     49.60     35.02     4      .5    2087     0   0   0   0      24.097   -86.615
0088    43.6   741.3     16.82     98.3    2081   235    60.79     49.62     35.11     4      .5    2081     0   0   0   0      24.097   -86.614
0089    44.1   741.9     16.85     98.3    2074   235    60.84     49.63     35.19     4      .5    2074     0   0   0   0      24.097   -86.614
0090    44.6   742.5     16.88     98.3    2067   235    60.89     49.64     35.27     4      .5    2067     0   0   0   0      24.097   -86.614
0091    45.1   743.0     16.91     98.2    2060   235    60.94     49.64     35.36     4      .6    2060     0   0   0   0      24.097   -86.614
0092    45.6   743.6     16.94     98.2    2054   234    61.00     49.64     35.45     4      .7    2053     0   0   0   0      24.097   -86.613
0093    46.1   744.2     16.97     98.2    2047   234    61.06     49.64     35.55     4      .8    2046     0   0   0   0      24.098   -86.613
0094    46.6   744.8     17.00     98.2    2040   234    61.14     49.64     35.68     4      .9    2040     0   0   0   0      24.098   -86.613
0095    47.1   745.4     17.03     98.2    2034   234    61.23     49.65     35.83     4     1.1    2033     0   0   0   0      24.098   -86.613
0096    47.6   745.9     17.06     98.1    2027   234    61.33     49.65     36.00     4     1.2    2027     0   0   0   0      24.098   -86.612
0097    48.1   746.5     17.09     98.1    2021   234    61.44     49.64     36.20     4     1.4    2020     0   0   0   0      24.098   -86.612
0098    48.6   747.0     17.13     98.0    2015   234    61.57     49.63     36.43     4     1.5    2014     0   0   0   0      24.098   -86.612
0099    49.1   747.6     17.16     98.0    2008   234    61.69     49.60     36.68     4     1.6    2008     0   0   0   0      24.099   -86.612
0100    49.6   748.1     17.19     97.9    2002   233    61.82     49.56     36.95     4     1.7    2002     0   0   0   0      24.099   -86.611
0101    50.1   748.6     17.23     97.8    1996   233    61.93     49.48     37.23     4     1.8    1996     0   0   0   0      24.099   -86.611
0102    50.6   749.2     17.26     97.7    1990   233    62.02     49.38     37.52     4     1.8    1990     0   0   0   0      24.099   -86.611
0103    51.1   749.7     17.30     97.6    1984   232    62.08     49.24     37.80     4     1.8    1983     0   0   0   0      24.099   -86.611
0104    51.6   750.2     17.33     97.4    1978   232    62.10     49.06     38.07     4     1.8    1977     0   0   0   0      24.099   -86.610
0105    52.1   750.8     17.37     97.3    1972   232    62.07     48.83     38.32     4     1.7    1971     0   0   0   0      24.100   -86.610
0106    52.6   751.3     17.40     97.1    1965   232    61.99     48.56     38.54     4     1.7    1965     0   0   0   0      24.100   -86.610
0107    53.1   751.9     17.44     97.0    1959   231    61.86     48.23     38.73     4     1.6    1959     0   0   0   0      24.100   -86.610
0108    53.6   752.4     17.48     96.8    1953   231    61.67     47.87     38.89     4     1.5    1953     0   0   0   0      24.100   -86.610
0109    54.1   753.0     17.51     96.7    1947   231    61.45     47.46     39.02     4     1.4    1946     0   0   0   0      24.100   -86.609
0110    54.6   753.5     17.55     96.5    1940   230    61.19     47.04     39.14     5     1.4    1940     0   0   0   0      24.100   -86.609
0111    55.1   754.1     17.59     96.3    1934   230    60.92     46.60     39.24     5     1.3    1934     0   0   0   0      24.101   -86.609
0112    55.6   754.6     17.62     96.1    1928   230    60.66     46.17     39.34     5     1.3    1927     0   0   0   0      24.101   -86.609
0113    56.1   755.2     17.66     95.9    1921   229    60.44     45.78     39.46     5     1.3    1921     0   0   0   0      24.101   -86.608
0114    56.6   755.8     17.70     95.7    1915   229    60.27     45.44     39.59     5     1.2    1914     0   0   0   3      24.101   -86.608
0115    57.1   756.3     17.74     95.5    1908   229    60.17     45.17     39.76     5     1.3    1908     0   0   0   0      24.101   -86.608
0116    57.6   756.9     17.78     95.3    1902   228    60.17     44.99     39.96     6     1.3    1901     0   0   0   3      24.102   -86.608
0117    58.1   757.4     17.81     95.2    1896   228    60.28     44.92     40.20     6     1.3    1895     0   0   0   0      24.102   -86.608
0118    58.6   758.0     17.85     95.0    1889   228    60.50     44.96     40.48     6     1.4    1889     0   0   0   0      24.102   -86.607
0119    59.1   758.6     17.89     94.8    1883   228    60.82     45.11     40.80     6     1.4    1882     0   0   0   0      24.102   -86.607
0120    59.6   759.1     17.92     94.7    1877   228    61.25     45.37     41.14     6     1.5    1876     0   0   0   0      24.102   -86.607
0121    60.1   759.7     17.96     94.6    1870   228    61.75     45.73     41.50     5     1.6    1870     0   0   0   0      24.102   -86.607
0122    60.6   760.2     18.00     94.4    1864   228    62.32     46.16     41.87     5     1.7    1864     0   0   0   3      24.103   -86.606
0123    61.1   760.8     18.03     94.3    1858   228    62.91     46.64     42.23     5     1.8    1858     0   0   0   0      24.103   -86.606
0124    61.6   761.3     18.06     94.2    1852   228    63.52     47.14     42.58     6     1.9    1852     0   0   0   0      24.103   -86.606
0125    62.1   761.8     18.09     94.1    1846   228    64.11     47.64     42.90     6     2.1    1845     0   0   0   0      24.103   -86.606
0126    62.6   762.3     18.12     93.9    1840   228    64.66     48.12     43.19     6     2.2    1840     0   0   0   0      24.103   -86.605
0127    63.1   762.9     18.15     93.8    1834   228    65.14     48.54     43.45     6     2.4    1834     0   0   0   0      24.104   -86.605
0128    63.6   763.4     18.18     93.7    1828   228    65.55     48.89     43.66     6     2.6    1828     0   0   0   0      24.104   -86.605
0129    64.1   763.9     18.20     93.5    1823   228    65.86     49.15     43.83     6     2.7    1822     0   0   0   0      24.104   -86.605
0130    64.6   764.4     18.23     93.3    1817   228    66.08     49.33     43.96     6     2.9    1817     0   0   0   0      24.104   -86.604
0131    65.1   764.9     18.26     93.2    1812   228    66.20     49.41     44.06     6     3.0    1811     0   0   0   0      24.104   -86.604
0132    65.6   765.3     18.28     93.0    1806   228    66.23     49.40     44.12     6     3.2    1806     0   0   0   0      24.105   -86.604
0133    66.1   765.8     18.31     92.9    1801   228    66.19     49.32     44.15     7     3.3    1801     0   0   0   0      24.105   -86.604
0134    66.6   766.3     18.34     92.7    1796   228    66.09     49.18     44.16     7     3.3    1795     0   0   0   0      24.105   -86.604
0135    67.1   766.7     18.37     92.5    1791   228    65.95     49.00     44.15     7     3.4    1790     0   0   0   0      24.105   -86.603
0136    67.6   767.2     18.39     92.4    1785   228    65.79     48.80     44.13     7     3.4    1785     0   0   0   0      24.105   -86.603
0137    68.1   767.7     18.43     92.2    1780   228    65.63     48.60     44.10     7     3.4    1780     0   0   0   3      24.106   -86.603
0138    68.6   768.1     18.46     92.1    1775   228    65.47     48.42     44.07     7     3.3    1774     0   0   0   0      24.106   -86.603
0139    69.1   768.6     18.49     91.9    1770   228    65.34     48.28     44.03     7     3.3    1769     0   0   0   0      24.106   -86.602
0140    69.6   769.1     18.53     91.8    1764   228    65.24     48.17     44.00     7     3.2    1764     0   0   0   0      24.106   -86.602
0141    70.1   769.6     18.56     91.7    1759   228    65.17     48.10     43.97     7     3.1    1758     0   0   0   3      24.106   -86.602
0142    70.6   770.1     18.60     91.5    1753   228    65.14     48.08     43.96     7     3.0    1753     0   0   0   3      24.107   -86.602
0143    71.1   770.5     18.64     91.4    1748   228    65.14     48.08     43.94     7     3.0    1747     0   0   0   0      24.107   -86.601
0144    71.6   771.0     18.68     91.3    1742   228    65.16     48.12     43.94     7     2.9    1742     0   0   0   0      24.107   -86.601
0145    72.1   771.5     18.71     91.2    1737   228    65.20     48.16     43.94     7     2.8    1736     0   0   0   3      24.107   -86.601
0146    72.6   772.0     18.75     91.1    1731   228    65.24     48.20     43.96     7     2.8    1731     0   0   0   3      24.107   -86.601
0147    73.1   772.5     18.79     90.9    1726   228    65.27     48.23     43.98     7     2.8    1725     0   0   0   0      24.108   -86.600
0148    73.6   773.0     18.83     90.8    1720   228    65.29     48.23     44.01     7     2.8    1720     0   0   0   0      24.108   -86.600
0149    74.1   773.5     18.86     90.7    1715   228    65.30     48.20     44.05     7     2.8    1714     0   0   0   0      24.108   -86.600
0150    74.6   774.0     18.90     90.6    1709   227    65.29     48.14     44.11     7     2.7    1708     0   0   0   0      24.108   -86.600
0151    75.1   774.5     18.93     90.5    1703   227    65.28     48.04     44.19     7     2.7    1703     0   0   0   0      24.108   -86.599
0152    75.6   775.0     18.97     90.4    1698   227    65.25     47.92     44.29     7     2.7    1697     3   3   3   0      24.109   -86.599
0153    76.1   775.5     19.00     90.4    1692   227    65.23     47.78     44.41     7     2.7    1692     0   0   0   0      24.109   -86.599
0154    76.6   776.0     19.03     90.3    1687   227    65.20     47.62     44.54     7     2.7    1686     0   0   0   0      24.109   -86.599
0155    77.1   776.5     19.06     90.2    1681   227    65.19     47.45     44.70     7     2.6    1681     0   0   0   0      24.109   -86.599
0156    77.6   777.0     19.09     90.1    1675   227    65.19     47.29     44.88     7     2.6    1675     0   0   0   0      24.109   -86.598
0157    78.1   777.5     19.12     90.0    1670   226    65.21     47.13     45.06     7     2.6    1669     0   0   0   0      24.110   -86.598
0158    78.6   778.1     19.16     89.9    1664   226    65.25     46.99     45.26     7     2.5    1664     0   0   0   0      24.110   -86.598
0159    79.1   778.6     19.19     89.8    1658   226    65.30     46.86     45.47     7     2.5    1658     0   0   0   0      24.110   -86.598
0160    79.6   779.1     19.22     89.7    1653   226    65.36     46.75     45.68     7     2.5    1652     0   0   0   0      24.110   -86.597
0161    80.1   779.6     19.26     89.6    1647   225    65.44     46.65     45.89     7     2.5    1647     0   0   0   0      24.110   -86.597
0162    80.6   780.1     19.29     89.5    1641   225    65.52     46.57     46.10     7     2.5    1641     0   0   0   0      24.111   -86.597
0163    81.1   780.6     19.33     89.4    1636   225    65.61     46.49     46.29     7     2.5    1635     0   0   0   3      24.111   -86.597
0164    81.6   781.1     19.36     89.3    1630   225    65.68     46.41     46.47     7     2.5    1629     0   0   0   3      24.111   -86.596
0165    82.1   781.7     19.40     89.2    1624   225    65.74     46.33     46.64     7     2.5    1624     3   3   3   0      24.111   -86.596
0166    82.6   782.2     19.43     89.1    1619   225    65.79     46.24     46.79     7     2.5    1618     0   0   0   3      24.111   -86.596
0167    83.1   782.7     19.46     89.0    1613   225    65.81     46.13     46.93     7     2.5    1612     0   0   0   0      24.112   -86.596
0168    83.6   783.2     19.49     89.0    1607   224    65.81     46.01     47.06     7     2.5    1607     0   0   0   0      24.112   -86.596
0169    84.1   783.7     19.52     88.9    1602   224    65.80     45.86     47.18     7     2.5    1601     0   0   0   3      24.112   -86.595
0170    84.6   784.2     19.54     88.9    1596   224    65.77     45.70     47.30     7     2.5    1596     0   0   0   0      24.112   -86.595
0171    85.1   784.7     19.56     88.9    1590   224    65.72     45.52     47.41     6     2.5    1590     0   0   0   0      24.113   -86.595
0172    85.6   785.2     19.58     89.0    1585   224    65.67     45.32     47.52     7     2.5    1584     0   0   0   0      24.113   -86.595
0173    86.1   785.7     19.59     89.0    1579   223    65.61     45.12     47.62     7     2.4    1579     0   0   0   3      24.113   -86.594
0174    86.6   786.3     19.60     89.1    1573   223    65.55     44.92     47.73     7     2.4    1573     0   0   0   3      24.113   -86.594
0175    87.1   786.8     19.60     89.3    1568   223    65.49     44.72     47.85     7     2.3    1567     0   0   0   0      24.113   -86.594
0176    87.6   787.3     19.60     89.5    1562   223    65.44     44.53     47.95     7     2.2    1561     0   0   0   0      24.114   -86.594
0177    88.1   787.8     19.60     89.7    1556   223    65.39     44.34     48.06     7     2.2    1556     0   0   0   0      24.114   -86.594
0178    88.6   788.4     19.59     90.0    1550   223    65.34     44.17     48.16     7     2.1    1550     0   0   0   0      24.114   -86.593
0179    89.1   788.9     19.57     90.4    1544   222    65.30     44.01     48.24     7     2.1    1544     0   0   0   0      24.114   -86.593
0180    89.6   789.4     19.55     90.8    1539   222    65.25     43.86     48.31     7     2.0    1538     0   0   0   0      24.114   -86.593
0181    90.1   790.0     19.52     91.3    1533   222    65.19     43.72     48.36     7     2.0    1532     0   0   0   3      24.115   -86.593
0182    90.6   790.5     19.49     91.8    1527   222    65.12     43.58     48.39     7     1.9    1526     0   0   0   3      24.115   -86.592
0183    91.1   791.1     19.45     92.4    1521   222    65.03     43.43     48.40     7     1.9    1520     0   0   0   0      24.115   -86.592
0184    91.6   791.6     19.41     93.1    1515   222    64.92     43.29     48.39     7     1.9    1514     0   0   0   0      24.115   -86.592
0185    92.1   792.1     19.36     93.7    1509   222    64.79     43.14     48.35     7     1.9    1508     0   0   0   0      24.116   -86.592
0186    92.6   792.7     19.31     94.4    1503   222    64.64     42.98     48.29     7     1.9    1503     0   0   0   0      24.116   -86.592
0187    93.1   793.2     19.26     95.1    1497   222    64.47     42.81     48.20     7     1.9    1497     0   0   0   0      24.116   -86.591
0188    93.6   793.8     19.21     95.8    1491   222    64.28     42.64     48.10     7     1.9    1491     0   0   0   0      24.116   -86.591
0189    94.1   794.3     19.16     96.4    1485   222    64.08     42.48     47.98     7     1.9    1485     3   3   3   0      24.116   -86.591
0190    94.6   794.9     19.11     97.0    1479   221    63.87     42.32     47.84     7     1.9    1479     0   0   0   0      24.117   -86.591
0191    95.1   795.4     19.07     97.6    1473   221    63.66     42.17     47.69     7     1.9    1473     0   0   0   0      24.117   -86.591
0192    95.6   795.9     19.04     98.1    1468   221    63.45     42.04     47.53     7     2.0    1467     0   0   0   0      24.117   -86.590
0193    96.1   796.5     19.01     98.6    1462   222    63.25     41.93     47.36     7     2.0    1461     0   0   0   0      24.117   -86.590
0194    96.6   797.0     18.99     98.9    1456   222    63.07     41.85     47.19     7     2.0    1455     0   0   0   0      24.118   -86.590
0195    97.1   797.6     18.98     99.3    1450   222    62.91     41.79     47.02     7     2.0    1450     0   0   0   0      24.118   -86.590
0196    97.6   798.1     18.97     99.5    1444   222    62.76     41.75     46.86     7     2.0    1444     0   0   0   0      24.118   -86.590
0197    98.1   798.6     18.98     99.7    1438   222    62.63     41.73     46.71     7     2.0    1438     0   0   0   0      24.118   -86.589
0198    98.6   799.2     18.99     99.9    1432   222    62.53     41.72     46.58     7     2.0    1432     0   0   0   0      24.118   -86.589
0199    99.1   799.7     19.00    100.0    1427   222    62.45     41.72     46.47     7     2.0    1426     0   0   0   0      24.119   -86.589
0200    99.6   800.3     19.03    100.0    1421   222    62.38     41.71     46.38     7     2.0    1420     0   0   0   0      24.119   -86.589
0201   100.1   800.8     19.05    100.0    1415   222    62.32     41.69     46.33     7     2.0    1414     0   0   0   3      24.119   -86.589
0202   100.6   801.3     19.08    100.0    1409   222    62.28     41.65     46.30     7     2.0    1409     0   0   0   0      24.119   -86.588
0203   101.1   801.9     19.11    100.0    1403   222    62.24     41.59     46.30     7     2.0    1403     0   0   0   0      24.119   -86.588
0204   101.6   802.4     19.13    100.0    1397   222    62.21     41.51     46.33     7     1.9    1397     0   0   0   0      24.120   -86.588
0205   102.1   803.0     19.16    100.0    1392   222    62.17     41.41     46.37     7     1.9    1391     0   0   0   0      24.120   -86.588
0206   102.6   803.5     19.18    100.0    1386   222    62.13     41.29     46.43     7     1.9    1385     0   0   0   0      24.120   -86.588
0207   103.1   804.1     19.20    100.0    1380   222    62.09     41.14     46.50     7     1.9    1379     0   0   0   0      24.120   -86.587
0208   103.6   804.6     19.22    100.0    1374   221    62.04     40.99     46.57     7     1.9    1373     0   0   0   0      24.120   -86.587
0209   104.1   805.2     19.24    100.0    1368   221    61.98     40.84     46.63     7     1.8    1368     0   0   0   0      24.121   -86.587
0210   104.6   805.7     19.26    100.0    1362   221    61.92     40.69     46.68     7     1.8    1362     0   0   0   0      24.121   -86.587
0211   105.1   806.3     19.27    100.0    1356   221    61.86     40.54     46.72     7     1.8    1356     0   0   0   0      24.121   -86.587
0212   105.6   806.8     19.29    100.0    1350   221    61.80     40.42     46.75     7     1.8    1350     0   0   0   0      24.121   -86.586
0213   106.1   807.4     19.30    100.0    1344   221    61.75     40.31     46.77     7     1.7    1344     0   0   0   0      24.122   -86.586
0214   106.6   807.9     19.31    100.0    1338   221    61.70     40.23     46.78     7     1.7    1338     0   0   0   0      24.122   -86.586
0215   107.1   808.5     19.32    100.0    1332   221    61.67     40.17     46.78     7     1.6    1332     0   0   0   0      24.122   -86.586
0216   107.6   809.0     19.33    100.0    1326   221    61.64     40.14     46.79     7     1.6    1326     0   0   0   0      24.122   -86.586
0217   108.1   809.6     19.35    100.0    1320   221    61.64     40.12     46.79     7     1.5    1320     0   0   0   0      24.122   -86.585
0218   108.6   810.2     19.36    100.0    1314   221    61.65     40.13     46.80     7     1.5    1314     0   0   0   0      24.123   -86.585
0219   109.1   810.7     19.37    100.0    1308   221    61.67     40.14     46.82     7     1.4    1308     0   0   0   0      24.123   -86.585
0220   109.6   811.3     19.38    100.0    1302   221    61.71     40.16     46.85     7     1.4    1302     0   0   0   0      24.123   -86.585
0221   110.1   811.9     19.39    100.0    1296   221    61.76     40.19     46.89     7     1.3    1296     0   0   0   3      24.123   -86.585
0222   110.6   812.5     19.40    100.0    1290   221    61.80     40.22     46.92     7     1.3    1289     0   0   0   0      24.123   -86.584
0223   111.1   813.0     19.42    100.0    1284   221    61.83     40.24     46.94     7     1.2    1283     0   0   0   0      24.124   -86.584
0224   111.6   813.6     19.43    100.0    1278   221    61.84     40.25     46.95     7     1.2    1277     3   3   3   3      24.124   -86.584
0225   112.1   814.2     19.44    100.0    1271   221    61.83     40.24     46.93     7     1.2    1271     0   0   0   0      24.124   -86.584
0226   112.6   814.8     19.46    100.0    1265   221    61.78     40.23     46.89     7     1.2    1265     0   0   0   0      24.124   -86.584
0227   113.1   815.4     19.47    100.0    1259   221    61.71     40.22     46.80     7     1.2    1258     0   0   0   3      24.124   -86.583
0228   113.6   816.0     19.49    100.0    1253   221    61.60     40.20     46.68     7     1.2    1252     0   0   0   0      24.125   -86.583
0229   114.1   816.5     19.51    100.0    1247   221    61.47     40.18     46.52     7     1.2    1246     0   0   0   0      24.125   -86.583
0230   114.6   817.1     19.53    100.0    1240   221    61.33     40.19     46.33     7     1.2    1240     0   0   0   0      24.125   -86.583
0231   115.1   817.7     19.55    100.0    1234   221    61.19     40.21     46.12     7     1.2    1234     0   0   0   3      24.125   -86.583
0232   115.6   818.3     19.58    100.0    1228   221    61.07     40.28     45.90     7     1.2    1228     0   0   0   0      24.126   -86.582
0233   116.1   818.9     19.61    100.0    1222   221    60.97     40.39     45.68     7     1.2    1221     0   0   0   3      24.126   -86.582
0234   116.6   819.4     19.64    100.0    1216   222    60.92     40.55     45.47     7     1.2    1215     0   0   0   3      24.126   -86.582
0235   117.1   820.0     19.67    100.0    1210   222    60.93     40.77     45.28     7     1.1    1209     0   0   0   0      24.126   -86.582
0236   117.6   820.6     19.70    100.0    1203   222    61.00     41.05     45.13     7     1.0    1203     0   0   0   0      24.126   -86.582
0237   118.1   821.2     19.74    100.0    1197   223    61.14     41.38     45.01     7     1.0    1197     0   0   0   0      24.127   -86.581
0238   118.6   821.8     19.77    100.0    1191   223    61.35     41.76     44.95     7      .9    1190     0   0   0   3      24.127   -86.581
0239   119.1   822.4     19.81    100.0    1185   223    61.62     42.17     44.92     6      .8    1184     0   0   0   0      24.127   -86.581
0240   119.6   823.0     19.85    100.0    1178   223    61.93     42.60     44.95     6      .7    1178     3   3   3   0      24.127   -86.581
0241   120.1   823.6     19.88    100.0    1172   224    62.27     43.03     45.01     6      .6    1171     0   0   0   0      24.127   -86.581
0242   120.6   824.2     19.92    100.0    1165   224    62.62     43.43     45.12     7      .5    1165     0   0   0   0      24.128   -86.580
0243   121.1   824.9     19.95    100.0    1159   224    62.96     43.79     45.24     6      .5    1158     0   0   0   0      24.128   -86.580
0244   121.6   825.5     19.98    100.0    1152   224    63.27     44.08     45.39     6      .5    1152     0   0   0   0      24.128   -86.580
0245   122.1   826.1     20.01    100.0    1146   224    63.53     44.29     45.54     6      .4    1145     0   0   0   0      24.128   -86.580
0246   122.6   826.7     20.03    100.0    1139   224    63.72     44.41     45.69     6      .5    1139     3   3   3   0      24.128   -86.579
0247   123.1   827.3     20.06    100.0    1133   224    63.83     44.43     45.83     6      .5    1132     0   0   0   0      24.129   -86.579
0248   123.6   828.0     20.08    100.0    1126   224    63.87     44.36     45.95     6      .5    1126     0   0   0   0      24.129   -86.579
0249   124.1   828.6     20.10    100.0    1120   224    63.82     44.20     46.03     6      .6    1119     0   0   0   0      24.129   -86.579
0250   124.6   829.2     20.12    100.0    1113   224    63.70     43.97     46.08     6      .7    1113     0   0   0   0      24.129   -86.579
0251   125.1   829.8     20.14    100.0    1107   223    63.50     43.69     46.09     6      .8    1106     0   0   0   0      24.129   -86.578
0252   125.6   830.4     20.15    100.0    1101   223    63.26     43.36     46.06     6      .9    1100     0   0   0   0      24.130   -86.578
0253   126.1   831.0     20.17    100.0    1094   223    62.96     43.02     45.98     6     1.0    1094     0   0   0   0      24.130   -86.578
0254   126.6   831.6     20.19    100.0    1088   223    62.64     42.68     45.85     6     1.1    1088     0   0   0   0      24.130   -86.578
0255   127.1   832.2     20.21    100.0    1082   223    62.31     42.37     45.69     6     1.1    1081     0   0   0   0      24.130   -86.578
0256   127.6   832.8     20.22    100.0    1076   223    61.97     42.08     45.49     6     1.2    1075     0   0   0   0      24.130   -86.577
0257   128.1   833.4     20.24    100.0    1070   223    61.65     41.85     45.28     5     1.3    1069     0   0   0   0      24.131   -86.577
0258   128.6   833.9     20.26    100.0    1064   223    61.36     41.66     45.05     6     1.4    1063     0   0   0   0      24.131   -86.577
0259   129.1   834.5     20.28    100.0    1058   223    61.10     41.53     44.82     6     1.5    1057     0   0   0   0      24.131   -86.577
0260   129.6   835.1     20.29    100.0    1052   223    60.89     41.45     44.61     6     1.6    1051     0   0   0   0      24.131   -86.576
0261   130.1   835.7     20.31    100.0    1046   223    60.73     41.41     44.43     6     1.7    1045     0   0   0   0      24.131   -86.576
0262   130.6   836.2     20.33    100.0    1040   223    60.63     41.40     44.30     6     1.8    1040     0   0   0   0      24.132   -86.576
0263   131.1   836.8     20.35    100.0    1034   223    60.58     41.40     44.23     6     1.9    1034     0   0   0   0      24.132   -86.576
0264   131.6   837.3     20.36    100.0    1028   223    60.59     41.40     44.24     6     2.0    1028     0   0   0   0      24.132   -86.576
0265   132.1   837.9     20.38    100.0    1023   223    60.65     41.39     44.32     6     2.1    1022     0   0   0   0      24.132   -86.575
0266   132.6   838.4     20.40    100.0    1017   223    60.74     41.36     44.48     6     2.2    1017     0   0   0   0      24.132   -86.575
0267   133.1   838.9     20.41    100.0    1012   223    60.86     41.29     44.72     6     2.4    1011     0   0   0   0      24.133   -86.575
0268   133.6   839.5     20.43    100.0    1006   222    61.01     41.19     45.01     6     2.5    1006     0   0   0   0      24.133   -86.575
0269   134.1   840.0     20.45    100.0    1001   222    61.16     41.05     45.34     6     2.6    1000     0   0   0   3      24.133   -86.575
0270   134.6   840.5     20.47    100.0     995   222    61.31     40.87     45.70     6     2.7     995     0   0   0   3      24.133   -86.574
0271   135.1   841.0     20.48    100.0     990   221    61.44     40.67     46.05     6     2.8     990     0   0   0   3      24.134   -86.574
0272   135.6   841.5     20.50    100.0     985   221    61.54     40.45     46.37     6     2.9     984     3   3   3   0      24.134   -86.574
0273   136.1   842.0     20.52    100.0     980   221    61.60     40.23     46.65     6     3.0     979     0   0   0   0      24.134   -86.574
0274   136.6   842.5     20.54    100.0     974   220    61.61     40.01     46.85     6     3.1     974     0   0   0   0      24.134   -86.574
0275   137.1   843.0     20.57    100.0     969   220    61.57     39.81     46.97     6     3.1     969     0   0   0   0      24.134   -86.573
0276   137.6   843.5     20.59    100.0     964   220    61.48     39.64     46.99     6     3.2     964     0   0   0   0      24.135   -86.573
0277   138.1   844.0     20.61    100.0     959   220    61.34     39.51     46.92     6     3.3     959     0   0   0   3      24.135   -86.573
0278   138.6   844.5     20.63    100.0     954   220    61.16     39.43     46.76     6     3.3     954     0   0   0   3      24.135   -86.573
0279   139.1   845.0     20.65    100.0     949   220    60.97     39.41     46.52     6     3.4     949     0   0   0   3      24.135   -86.573
0280   139.6   845.5     20.67    100.0     944   220    60.77     39.45     46.23     6     3.5     944     0   0   0   0      24.135   -86.572
0281   140.1   846.0     20.70    100.0     939   221    60.59     39.55     45.90     6     3.5     939     0   0   0   0      24.136   -86.572
0282   140.6   846.4     20.72    100.0     934   221    60.44     39.70     45.57     6     3.6     934     0   0   0   3      24.136   -86.572
0283   141.1   846.9     20.74    100.0     930   221    60.33     39.91     45.24     5     3.6     929     0   0   0   0      24.136   -86.572
0284   141.6   847.4     20.76    100.0     925   222    60.28     40.16     44.96     6     3.6     924     0   0   0   0      24.136   -86.572
0285   142.1   847.8     20.77    100.0     920   222    60.30     40.44     44.73     6     3.6     919     0   0   0   0      24.136   -86.571
0286   142.6   848.3     20.79    100.0     915   222    60.39     40.74     44.57     6     3.6     915     0   0   0   0      24.137   -86.571
0287   143.1   848.8     20.81    100.0     910   223    60.54     41.05     44.49     6     3.6     910     0   0   0   0      24.137   -86.571
0288   143.6   849.3     20.82    100.0     905   223    60.74     41.36     44.49     6     3.6     905     0   0   0   0      24.137   -86.571
0289   144.1   849.7     20.84    100.0     901   223    60.99     41.64     44.56     7     3.6     900     0   0   0   0      24.137   -86.571
0290   144.6   850.2     20.85    100.0     896   223    61.27     41.89     44.71     7     3.5     895     0   0   0   0      24.137   -86.570
0291   145.1   850.7     20.87    100.0     891   223    61.55     42.10     44.90     7     3.5     890     0   0   0   0      24.138   -86.570
0292   145.6   851.2     20.88    100.0     886   223    61.84     42.27     45.13     7     3.5     885     0   0   0   0      24.138   -86.570
0293   146.1   851.6     20.90    100.0     881   223    62.10     42.39     45.39     7     3.4     881     0   0   0   0      24.138   -86.570
0294   146.6   852.1     20.91    100.0     876   223    62.34     42.46     45.65     7     3.4     876     0   0   0   3      24.138   -86.570
0295   147.1   852.6     20.93    100.0     871   223    62.54     42.48     45.90     7     3.4     871     0   0   0   3      24.138   -86.569
0296   147.6   853.1     20.94    100.0     866   223    62.69     42.45     46.13     7     3.4     866     0   0   0   0      24.139   -86.569
0297   148.1   853.6     20.96    100.0     861   222    62.80     42.39     46.33     7     3.4     861     0   0   0   0      24.139   -86.569
0298   148.6   854.1     20.98    100.0     856   222    62.86     42.30     46.50     7     3.4     856     0   0   0   0      24.139   -86.569
0299   149.1   854.6     21.00    100.0     851   222    62.88     42.19     46.63     7     3.4     851     0   0   0   0      24.139   -86.569
0300   149.6   855.0     21.02    100.0     846   222    62.87     42.06     46.73     7     3.4     846     0   0   0   0      24.139   -86.568
0301   150.1   855.5     21.04    100.0     841   222    62.83     41.94     46.79     7     3.4     841     0   0   0   0      24.140   -86.568
0302   150.6   856.0     21.06    100.0     836   222    62.78     41.82     46.82     7     3.4     836     3   3   3   0      24.140   -86.568
0303   151.1   856.5     21.08    100.0     831   222    62.72     41.71     46.83     7     3.4     831     0   0   0   0      24.140   -86.568
0304   151.6   857.0     21.10    100.0     826   222    62.66     41.63     46.83     7     3.4     826     0   0   0   0      24.140   -86.568
0305   152.1   857.5     21.12    100.0     822   222    62.61     41.56     46.82     7     3.4     821     0   0   0   0      24.141   -86.567
0306   152.6   858.0     21.15    100.0     817   222    62.58     41.52     46.82     7     3.4     816     0   0   0   0      24.141   -86.567
0307   153.1   858.4     21.17    100.0     812   222    62.57     41.50     46.82     7     3.4     811     0   0   0   0      24.141   -86.567
0308   153.6   858.9     21.19    100.0     807   222    62.59     41.51     46.84     7     3.3     806     0   0   0   0      24.141   -86.567
0309   154.1   859.4     21.21    100.0     802   222    62.64     41.54     46.89     7     3.3     801     0   0   0   0      24.141   -86.567
0310   154.6   859.9     21.23    100.0     797   222    62.72     41.58     46.95     7     3.3     796     0   0   0   0      24.142   -86.566
0311   155.1   860.4     21.25    100.0     792   222    62.83     41.64     47.04     7     3.3     791     0   0   0   0      24.142   -86.566
0312   155.6   860.9     21.27    100.0     787   221    62.96     41.71     47.16     7     3.2     786     0   0   0   0      24.142   -86.566
0313   156.1   861.4     21.29    100.0     782   221    63.11     41.78     47.30     7     3.2     781     0   0   0   0      24.142   -86.566
0314   156.6   861.9     21.31    100.0     777   221    63.28     41.86     47.46     7     3.1     776     0   0   0   0      24.142   -86.566
0315   157.1   862.4     21.33    100.0     772   221    63.45     41.93     47.62     7     3.1     771     0   0   0   0      24.143   -86.565
0316   157.6   862.9     21.35    100.0     767   221    63.62     41.99     47.79     7     3.0     766     0   0   0   0      24.143   -86.565
0317   158.1   863.4     21.37    100.0     762   221    63.77     42.05     47.93     7     2.9     761     0   0   0   0      24.143   -86.565
0318   158.6   863.9     21.39    100.0     756   221    63.89     42.11     48.05     7     2.8     756     3   3   3   3      24.143   -86.565
0319   159.1   864.4     21.41    100.0     751   221    63.99     42.16     48.14     7     2.7     751     0   0   0   0      24.144   -86.565
0320   159.6   864.9     21.43    100.0     746   221    64.05     42.20     48.18     7     2.6     746     0   0   0   0      24.144   -86.564
0321   160.1   865.5     21.45    100.0     741   221    64.07     42.24     48.17     7     2.5     740     0   0   0   0      24.144   -86.564
0322   160.6   866.0     21.47    100.0     735   221    64.04     42.28     48.11     7     2.3     735     0   0   0   0      24.144   -86.564
0323   161.1   866.5     21.50    100.0     730   221    63.98     42.31     48.00     7     2.2     729     0   0   0   0      24.144   -86.564
0324   161.6   867.1     21.52    100.0     724   222    63.89     42.35     47.84     7     2.1     724     0   0   0   3      24.145   -86.563
0325   162.1   867.7     21.54    100.0     719   222    63.78     42.39     47.65     7     1.9     718     0   0   0   0      24.145   -86.563
0326   162.6   868.2     21.57    100.0     713   222    63.65     42.44     47.45     7     1.8     713     0   0   0   0      24.145   -86.563
0327   163.1   868.8     21.59    100.0     707   222    63.54     42.49     47.24     7     1.7     707     0   0   0   0      24.145   -86.563
0328   163.6   869.4     21.62    100.0     702   222    63.44     42.55     47.04     7     1.5     701     0   0   0   0      24.145   -86.563
0329   164.1   869.9     21.64    100.0     696   222    63.36     42.63     46.88     7     1.4     695     0   0   0   0      24.146   -86.562
0330   164.6   870.5     21.67    100.0     690   222    63.32     42.71     46.76     7     1.2     689     0   0   0   0      24.146   -86.562
0331   165.1   871.1     21.69    100.0     684   223    63.32     42.79     46.68     7     1.1     683     0   0   0   0      24.146   -86.562
0332   165.6   871.7     21.71    100.0     678   223    63.36     42.86     46.66     7      .9     677     0   0   0   0      24.146   -86.562
0333   166.1   872.4     21.74    100.0     672   223    63.42     42.92     46.68     7      .7     671     0   0   0   0      24.147   -86.562
0334   166.6   873.0     21.76    100.0     665   223    63.49     42.96     46.75     7      .5     665     0   0   0   0      24.147   -86.561
0335   167.1   873.6     21.78    100.0     659   223    63.56     42.97     46.84     7      .3     658     0   0   0   0      24.147   -86.561
0336   167.6   874.3     21.80    100.0     652   222    63.62     42.93     46.95     7      .1     652     0   0   0   0      24.147   -86.561
0337   168.1   874.9     21.83    100.0     646   222    63.64     42.85     47.06     7     -.2     645     0   0   0   0      24.147   -86.561
0338   168.6   875.6     21.85    100.0     639   222    63.62     42.70     47.16     7     -.4     639     0   0   0   0      24.148   -86.561
0339   169.1   876.3     21.87    100.0     632   222    63.54     42.50     47.24     7     -.7     632     0   0   0   0      24.148   -86.560
0340   169.6   877.0     21.90    100.0     625   222    63.40     42.22     47.29     7     -.9     625     0   0   0   0      24.148   -86.560
0341   170.1   877.7     21.92    100.0     618   222    63.20     41.89     47.32     7    -1.2     618     0   0   0   0      24.148   -86.560
0342   170.6   878.4     21.95    100.0     611   221    62.95     41.49     47.34     7    -1.4     611     0   0   0   0      24.148   -86.560
0343   171.1   879.1     21.97    100.0     604   221    62.67     41.05     47.35     7    -1.6     603     0   0   0   0      24.149   -86.560
0344   171.6   879.9     22.00    100.0     596   221    62.38     40.58     47.38     7    -1.8     596     0   0   0   0      24.149   -86.559
0345   172.1   880.7     22.03    100.0     589   220    62.12     40.11     47.43     7    -1.9     588     0   0   0   0      24.149   -86.559
0346   172.6   881.4     22.06    100.0     581   220    61.90     39.66     47.53     7    -2.1     581     0   0   0   0      24.149   -86.559
0347   173.1   882.2     22.09    100.0     574   219    61.77     39.26     47.69     7    -2.2     573     0   0   0   0      24.150   -86.559
0348   173.6   883.0     22.13    100.0     566   219    61.74     38.93     47.92     7    -2.3     565     0   0   0   0      24.150   -86.559
0349   174.1   883.7     22.17    100.0     558   219    61.84     38.71     48.22     6    -2.3     558     0   0   0   0      24.150   -86.558
0350   174.6   884.5     22.20    100.0     550   218    62.08     38.60     48.61     7    -2.3     550     0   0   0   0      24.150   -86.558
0351   175.1   885.3     22.24    100.0     543   218    62.47     38.63     49.09     7    -2.3     542     0   0   0   0      24.150   -86.558
0352   175.6   886.1     22.28    100.0     535   218    63.01     38.79     49.65     6    -2.3     534     0   0   0   0      24.151   -86.558
0353   176.1   886.9     22.32    100.0     527   218    63.69     39.09     50.28     6    -2.2     527     0   0   0   0      24.151   -86.558
0354   176.6   887.7     22.36    100.0     520   218    64.50     39.51     50.99     5    -2.1     519     0   0   0   0      24.151   -86.557
0355   177.1   888.4     22.40    100.0     512   218    65.43     40.03     51.75     6    -2.0     511     0   0   0   0      24.151   -86.557
0356   177.6   889.2     22.43    100.0     504   218    66.43     40.62     52.56     6    -1.8     504     0   0   0   0      24.152   -86.557
0357   178.1   889.9     22.47    100.0     497   218    67.48     41.26     53.39     6    -1.6     497     3   3   3   0      24.152   -86.557
0358   178.6   890.7     22.50    100.0     490   218    68.53     41.91     54.23     6    -1.3     489     0   0   0   3      24.152   -86.557
0359   179.1   891.4     22.53    100.0     483   218    69.57     42.54     55.05     6    -1.0     482     0   0   0   3      24.152   -86.556
0360   179.6   892.1     22.56    100.0     476   218    70.54     43.12     55.82     6     -.7     475     0   0   0   3      24.153   -86.556
0361   180.1   892.8     22.59    100.0     469   218    71.41     43.62     56.54     5     -.3     468     0   0   0   3      24.153   -86.556
0362   180.6   893.5     22.61    100.0     462   218    72.15     44.01     57.17     5      .0     462     0   0   0   3      24.153   -86.556
0363   181.1   894.1     22.63    100.0     456   218    72.72     44.28     57.68     5      .4     455     0   0   0   3      24.153   -86.556
0364   181.6   894.8     22.65    100.0     450   217    73.11     44.42     58.07     5      .8     449     0   0   0   0      24.154   -86.555
0365   182.1   895.4     22.67    100.0     444   217    73.30     44.41     58.32     5     1.1     443     0   0   0   0      24.154   -86.555
0366   182.6   896.0     22.69    100.0     438   217    73.29     44.26     58.41     6     1.4     437     0   0   0   0      24.154   -86.555
0367   183.1   896.5     22.71    100.0     432   217    73.08     43.98     58.36     6     1.7     432     0   0   0   0      24.154   -86.555
0368   183.6   897.1     22.73    100.0     427   217    72.67     43.59     58.15     6     1.9     426     0   0   0   0      24.155   -86.554
0369   184.1   897.7     22.76    100.0     421   217    72.10     43.09     57.81     7     2.0     421     0   0   0   0      24.155   -86.554
0370   184.6   898.2     22.78    100.0     416   217    71.39     42.52     57.35     7     2.1     415     0   0   0   0      24.155   -86.554
0371   185.1   898.8     22.80    100.0     411   216    70.59     41.90     56.81     7     2.2     410     0   0   0   0      24.155   -86.554
0372   185.6   899.3     22.83    100.0     405   216    69.74     41.27     56.22     7     2.2     405     0   0   0   0      24.156   -86.554
0373   186.1   899.9     22.86    100.0     400   216    68.90     40.66     55.62     6     2.1     399     0   0   0   0      24.156   -86.553
0374   186.6   900.4     22.89    100.0     394   216    68.10     40.09     55.05     7     2.0     394     0   0   0   0      24.156   -86.553
0375   187.1   901.0     22.92    100.0     389   216    67.41     39.59     54.56     7     1.9     388     0   0   0   0      24.156   -86.553
0376   187.6   901.6     22.95    100.0     383   216    66.86     39.18     54.18     7     1.9     383     0   0   0   0      24.157   -86.553
0377   188.1   902.1     22.98    100.0     378   216    66.49     38.86     53.94     7     1.8     377     0   0   0   0      24.157   -86.553
0378   188.6   902.7     23.01    100.0     372   216    66.30     38.65     53.88     7     1.8     372     0   0   0   0      24.157   -86.552
0379   189.1   903.3     23.04    100.0     367   216    66.32     38.53     53.98     7     1.8     366     0   0   0   0      24.157   -86.552
0380   189.6   903.9     23.07    100.0     361   215    66.52     38.49     54.26     7     1.8     360     0   0   0   0      24.158   -86.552
0381   190.1   904.5     23.10    100.0     355   215    66.89     38.52     54.69     7     1.8     355     0   0   0   0      24.158   -86.552
0382   190.6   905.0     23.12    100.0     350   215    67.40     38.59     55.26     7     2.0     349     0   0   0   0      24.158   -86.552
0383   191.1   905.6     23.14    100.0     344   215    68.02     38.71     55.93     7     2.1     344     0   0   0   0      24.158   -86.551
0384   191.6   906.2     23.16    100.0     339   214    68.70     38.83     56.67     6     2.3     338     0   0   0   0      24.159   -86.551
0385   192.1   906.7     23.18    100.0     333   214    69.40     38.95     57.44     6     2.4     333     0   0   0   3      24.159   -86.551
0386   192.6   907.2     23.19    100.0     328   214    70.10     39.05     58.22     6     2.6     328     0   0   0   0      24.159   -86.551
0387   193.1   907.8     23.21    100.0     323   214    70.77     39.12     58.97     6     2.8     323     0   0   0   0      24.159   -86.551
0388   193.6   908.3     23.22    100.0     318   213    71.37     39.14     59.69     6     3.0     318     0   0   0   0      24.160   -86.551
0389   194.1   908.8     23.23    100.0     313   213    71.90     39.09     60.34     6     3.2     313     0   0   0   0      24.160   -86.550
0390   194.6   909.3     23.25    100.0     308   213    72.34     38.98     60.94     6     3.4     308     0   0   0   0      24.160   -86.550
0391   195.1   909.8     23.26    100.0     304   212    72.68     38.80     61.46     6     3.6     303     0   0   0   0      24.161   -86.550
0392   195.6   910.2     23.28    100.0     299   212    72.93     38.53     61.91     5     3.7     299     0   0   0   0      24.161   -86.550
0393   196.1   910.7     23.29    100.0     295   212    73.08     38.19     62.30     6     3.8     294     0   0   0   0      24.161   -86.550
0394   196.6   911.2     23.31    100.0     290   211    73.14     37.78     62.63     6     3.9     290     0   0   0   0      24.161   -86.549
0395   197.1   911.6     23.33    100.0     286   211    73.13     37.30     62.91     6     4.0     285     0   0   0   0      24.162   -86.549
0396   197.6   912.1     23.34    100.0     281   210    73.05     36.75     63.13     7     4.1     281     0   0   0   0      24.162   -86.549
0397   198.1   912.5     23.36    100.0     277   210    72.92     36.17     63.31     7     4.1     276     0   0   0   0      24.162   -86.549
0398   198.6   913.0     23.38    100.0     273   209    72.74     35.54     63.46     5     4.1     272     0   0   0   0      24.162   -86.549
0399   199.1   913.4     23.40    100.0     268   209    72.52     34.89     63.58     5     4.1     268     0   0   0   3      24.163   -86.548
0400   199.6   913.9     23.41    100.0     264   208    72.28     34.23     63.66     5     4.0     263     0   0   0   3      24.163   -86.548
0401   200.1   914.4     23.43    100.0     260   208    72.03     33.56     63.73     5     3.9     259     0   0   0   3      24.163   -86.548
0402   200.6   914.8     23.45    100.0     255   207    71.76     32.89     63.78     4     3.7     255     0   0   0   3      24.164   -86.548
0403   201.1   915.3     23.46    100.0     250   207    71.50     32.23     63.82     4     3.6     250     0   0   0   3      24.164   -86.548
0404   201.6   915.8     23.48    100.0     246   206    71.24     31.58     63.86     4     3.4     245     0   0   0   3      24.164   -86.548
0405   202.1   916.3     23.50    100.0     241   206    71.00     30.94     63.90     4     3.2     241     0   0   0   0      24.165   -86.548
0406   202.6   916.8     23.52    100.0     236   205    70.77     30.31     63.95     5     3.0     236     0   0   0   0      24.165   -86.547
0407   203.1   917.3     23.54    100.0     231   205    70.56     29.69     64.01     5     2.8     231     0   0   0   0      24.165   -86.547
0408   203.6   917.9     23.57    100.0     226   204    70.37     29.07     64.09     5     2.6     225     0   0   0   0      24.165   -86.547
0409   204.1   918.4     23.60    100.0     221   204    70.20     28.45     64.18     5     2.5     220     0   0   0   3      24.166   -86.547
0410   204.6   919.0     23.64    100.0     215   203    70.05     27.82     64.29     4     2.4     215     0   0   0   0      24.166   -86.547
0411   205.1   919.5     23.68    100.0     210   203    69.90     27.18     64.40     5     2.3     210     0   0   0   0      24.166   -86.547
0412   205.6   920.1     23.72    100.0     205   202    69.76     26.53     64.52     5     2.3     204     0   0   0   0      24.167   -86.547
0413   206.1   920.6     23.77    100.0     200   202    69.62     25.87     64.63     5     2.3     199     0   0   0   0      24.167   -86.546
0414   206.6   921.2     23.82    100.0     194   201    69.45     25.22     64.71     5     2.2     194     0   0   0   0      24.167   -86.546
0415   207.1   921.7     23.87    100.0     189   201    69.26     24.57     64.76     5     2.3     188     0   0   0   0      24.167   -86.546
0416   207.6   922.3     23.93    100.0     184   200    69.04     23.94     64.75     5     2.3     183     0   0   0   3      24.168   -86.546
0417   208.1   922.8     23.98    100.0     178   200    68.76     23.35     64.68     5     2.2     178     0   0   0   3      24.168   -86.546
0418   208.6   923.4     24.04    100.0     173   199    68.43     22.79     64.52     4     2.2     173     0   0   0   3      24.168   -86.546
0419   209.1   923.9     24.09    100.0     168   199    68.04     22.29     64.28     4     2.2     167     0   0   0   0      24.169   -86.546
0420   209.6   924.5     24.14    100.0     163   199    67.58     21.85     63.95     4     2.1     162     0   0   0   0      24.169   -86.546
0421   210.1   925.1     24.20    100.0     157   199    67.05     21.47     63.52     4     2.0     157     0   0   0   3      24.169   -86.545
0422   210.6   925.6     24.24    100.0     152   199    66.45     21.15     62.99     4     2.0     151     0   0   0   3      24.169   -86.545
0423   211.1   926.2     24.29    100.0     146   199    65.79     20.90     62.38     4     1.9     146     0   0   0   3      24.170   -86.545
0424   211.6   926.8     24.34    100.0     141   199    65.08     20.70     61.70     4     1.8     140     0   0   0   3      24.170   -86.545
0425   212.1   927.4     24.38    100.0     135   199    64.33     20.53     60.96     4     1.8     135     0   0   0   3      24.170   -86.545
0426   212.6   927.9     24.43    100.0     130   199    63.54     20.40     60.18     4     1.9     129     0   0   0   3      24.171   -86.545
0427   213.1   928.5     24.47    100.0     124   199    62.73     20.27     59.37     4     2.0     124     0   0   0   3      24.171   -86.545
0428   213.6   929.1     24.51    100.0     119   199    61.91     20.14     58.55     4     2.1     118     0   0   0   3      24.171   -86.545
0429   214.1   929.7     24.56    100.0     113   199    61.08     20.01     57.71     4     2.4     113     0   0   0   3      24.171   -86.545
0430   214.6   930.2     24.60    100.0     108   199    60.26     19.86     56.89     4     2.7     108     0   0   0   3      24.172   -86.545
0431   215.1   930.8     24.65    100.0     103   199    59.47     19.66     56.12     4     3.1     103     0   0   0   3      24.172   -86.544
0432   215.6   931.3     24.69    100.0      98   199    58.71     19.44     55.39     4     3.5      98     0   0   0   3      24.172   -86.544
0433   216.1   931.7     24.74    100.0      94   199    57.99     19.20     54.71     4     3.9      93     0   0   0   3      24.172   -86.544
0434   216.6   932.2     24.79    100.0      89   199    57.31     18.94     54.09     4     4.3      89     0   0   0   3      24.173   -86.544
0435   217.1   932.6     24.84    100.0      85   199    56.67     18.66     53.50     4     4.7      85     0   0   0   3      24.173   -86.544
0436   217.6   933.0     24.89    100.0      81   199    56.05     18.36     52.96     4     5.0      81     0   0   0   3      24.173   -86.544
0437   218.1   933.4     24.94    100.0      78   199    55.46     18.05     52.44     4     5.3      77     0   0   0   3      24.173   -86.544
0438   218.6   933.8     24.98    100.0      74   199    54.88     17.73     51.94     4     5.5      74     0   0   0   0      24.174   -86.544
0439   219.1   934.2     25.03    100.0      71   199    54.31     17.39     51.45     4     5.6      70     0   0   0   3      24.174   -86.544
0440   219.6   934.6     25.07    100.0      67   198    53.76     17.05     50.99     4     5.7      67     0   0   0   3      24.174   -86.544
0441   220.1   934.9     25.12    100.0      64   198    53.23     16.68     50.55     4     5.6      63     0   0   0   3      24.174   -86.544
0442   220.6   935.3     25.16    100.0      60   198    52.74     16.31     50.15     4     5.5      60     0   0   0   3      24.174   -86.544
0443   221.1   935.7     25.20    100.0      57   198    52.28     15.92     49.79     4     5.3      56     0   0   0   3      24.175   -86.543
0444   221.6   936.0     25.24    100.0      53   197    51.85     15.52     49.48     4     5.0      52     0   0   0   3      24.175   -86.543
0445   222.1   936.4     25.28    100.0      49   197    51.48     15.12     49.21     4     4.7      49     0   0   0   0      24.175   -86.543
0446   222.6   936.9     25.31    100.0      45   197    51.20     14.74     49.03     4     4.2      45     0   0   0   0      24.175   -86.543
0447   223.1   937.3     25.35    100.0      41   196    51.01     14.38     48.94     4     3.5      40     0   0   0   3      24.176   -86.543
0448   223.6   937.8     25.39    100.0      36   196    50.88     14.01     48.92     4     2.7      36     0   0   0   0      24.176   -86.543
0449   224.1   938.3     25.42    100.0      31   195    50.75     13.55     48.91     4     2.4      31     0   0   0   3      24.176   -86.543
0450   224.6   938.9     25.46    100.0      26   195    50.33     12.89     48.65     4     2.0      25     0   0   0   0      24.176   -86.543
0451   225.1   939.6     25.52    100.0      20   194    49.40     12.03     47.91     5     1.7      19     0   0   0   0      24.176   -86.543
0452   225.6   940.3     25.59    100.0      13   193    47.85     10.99     46.57     5     1.4      12     0   0   0   0      24.177   -86.543
0453   226.1   940.8     25.64    100.0       8   194    45.69     11.36     44.25     5     1.0       7     0   0   0   0      24.177   -86.543
