 ===========================================================================
 DROPWINDSONDE PROCESSING RECORD                            Sonde: 003825299
 PDS file written Sep 15, 2004.                             Format:    V5.12
 Aircraft: N43RF                             Date: 040916   Time: 001858 UTC
 ---------------------------------------------------------------------------
 Bias corrections:  PR =    .0 mb  TE =    .0 C  RH =    .0 %  PRB =   .8 mb
 Filters (LPF):     PTH =  10 s    WIND =  10 s       Hyd anchor =       SFC
 Dyn RH correction =  N     WSHR COR =      Y         Splash PR  =  952.8 mb
 Estimated PR used =  N     GPS VERR =    .48 m/s     HYD SFCP   =  954.7 mb
 Dyn T correction  =  Y     WGACORR  =   -2.2 m       AC GA ADJ  =     .0 m
 ---------------------------------------------------------------------------
 COMMENTS: west eeywall                                                
 ===========================================================================

 ===========================================================================
 Date: 040916   Lat:  29.09 N   TA:   15.4 C   PS:  695.3 mb   WD:    37 deg
 Time: 001858   Lon:  88.45 W   TD:   14.5 C   GA:   2753 m    WS:  43.8 m/s
 SID:  003825299                RH:   94.3 %   Navaid:   GP          
 ===========================================================================

IX      t (s)  P (mb)    T (C)    RH (%)  Z (m)   WD    WS (m/s)   U (m/s)   V (m/s)  NS  WZ (m/s)  ZW (m)   FP  FT  FH  FW    LAT (N)   LON (E)
0001      .0   696.1     15.44   -999.0    2735    38    43.80    -26.82    -34.63  -999  -999.0    2733     3   3   0   4      29.094   -88.447
0002      .5   696.9     15.49   -999.0    2726    38    43.80    -26.70    -34.72  -999  -999.0    2723     3   3   0   4      29.094   -88.447
0003     1.0   697.6     15.53   -999.0    2716    38    43.80    -26.67    -34.74  -999  -999.0    2714     3   3   0   4      29.094   -88.447
0004     1.5   698.4     15.58   -999.0    2707    37    43.80    -26.65    -34.76  -999  -999.0    2705     3   3   0   4      29.094   -88.448
0005     2.0   699.2     15.62   -999.0    2697    37    43.80    -26.62    -34.78  -999  -999.0    2695     3   3   0   4      29.094   -88.448
0006     2.5   700.0     15.67   -999.0    2688    37    43.80    -26.60    -34.80  -999  -999.0    2686     3   3   0   4      29.094   -88.448
0007     3.0   700.7     15.71   -999.0    2678    37    43.80    -26.57    -34.82  -999  -999.0    2676     3   3   0   4      29.093   -88.448
0008     3.5   701.5     15.75   -999.0    2669    37    43.80    -26.55    -34.83  -999  -999.0    2667     3   3   0   4      29.093   -88.448
0009     4.0   702.3     15.80   -999.0    2660    37    43.80    -26.52    -34.85  -999  -999.0    2657     3   3   0   4      29.093   -88.448
0010     4.5   703.1     15.84   -999.0    2650    37    43.80    -26.49    -34.87  -999  -999.0    2648     3   3   0   4      29.093   -88.448
0011     5.0   703.8     15.89   -999.0    2641    37    43.80    -26.47    -34.89  -999  -999.0    2639     3   3   0   4      29.093   -88.449
0012     5.5   704.6     15.93   -999.0    2631    37    43.80    -26.44    -34.91  -999  -999.0    2629     3   3   0   4      29.093   -88.449
0013     6.0   705.4     15.97   -999.0    2622    37    43.80    -26.42    -34.93  -999  -999.0    2620     3   3   0   4      29.092   -88.449
0014     6.5   706.2     16.02   -999.0    2613    37    43.80    -26.39    -34.95  -999  -999.0    2611     3   3   0   4      29.092   -88.449
0015     7.0   706.9     16.06   -999.0    2603    37    43.80    -26.37    -34.97  -999  -999.0    2601     3   3   0   4      29.092   -88.449
0016     7.5   707.7     16.11   -999.0    2594    37    43.80    -26.34    -34.99  -999  -999.0    2592     3   3   0   4      29.092   -88.449
0017     8.0   708.5     16.15   -999.0    2585    37    43.80    -26.32    -35.01  -999  -999.0    2582     3   3   0   4      29.092   -88.449
0018     8.5   709.3     16.19   -999.0    2575    37    43.80    -26.29    -35.02  -999  -999.0    2573     3   3   0   4      29.092   -88.449
0019     9.0   710.0     16.24   -999.0    2566    37    43.80    -26.27    -35.04  -999  -999.0    2564     3   3   0   4      29.092   -88.450
0020     9.5   710.8     16.28   -999.0    2557    37    43.80    -26.24    -35.06  -999  -999.0    2554     3   3   0   4      29.091   -88.450
0021    10.0   711.6     16.32   -999.0    2547    37    43.80    -26.22    -35.08  -999  -999.0    2545     3   3   0   4      29.091   -88.450
0022    10.5   712.4     16.37   -999.0    2538    37    43.80    -26.19    -35.10  -999  -999.0    2535     3   3   0   4      29.091   -88.450
0023    11.0   713.2     16.41   -999.0    2528    37    43.80    -26.17    -35.12  -999  -999.0    2526     3   3   0   4      29.091   -88.450
0024    11.5   714.0     16.45   -999.0    2519    37    43.80    -26.14    -35.14  -999  -999.0    2517     3   3   0   4      29.091   -88.450
0025    12.0   714.8     16.49   -999.0    2510    37    43.80    -26.12    -35.16  -999  -999.0    2507     3   3   0   4      29.091   -88.450
0026    12.5   715.5     16.53   -999.0    2500    37    43.80    -26.10    -35.17  -999  -999.0    2498     3   3   0   4      29.090   -88.451
0027    13.0   716.3     16.57   -999.0    2491    37    43.80    -26.07    -35.19  -999  -999.0    2489     3   3   0   4      29.090   -88.451
0028    13.5   717.0     16.60   -999.0    2482    36    43.80    -26.05    -35.21  -999  -999.0    2480     3   3   0   4      29.090   -88.451
0029    14.0   717.8     16.64   -999.0    2473    36    43.80    -26.02    -35.23  -999  -999.0    2471     3   3   0   4      29.090   -88.451
0030    14.5   718.5     16.67   -999.0    2465    36    43.80    -26.00    -35.25  -999  -999.0    2462     3   3   0   4      29.090   -88.451
0031    15.0   719.2     16.70     79.6    2456    36    43.80    -25.98    -35.26  -999  -999.0    2454     0   0   0   4      29.090   -88.451
0032    15.5   719.9     16.72     79.4    2448    36    43.80    -25.95    -35.28  -999    -2.1    2446     0   0   0   4      29.089   -88.451
0033    16.0   720.6     16.74     79.2    2440    36    43.80    -25.93    -35.30  -999    -1.7    2437     0   0   0   4      29.089   -88.452
0034    16.5   721.3     16.76     78.7    2432    36    43.80    -25.90    -35.32  -999    -1.4    2429     0   0   0   4      29.089   -88.452
0035    17.0   721.9     16.78     77.8    2424    36    43.80    -25.88    -35.34  -999    -1.1    2422     0   0   0   4      29.089   -88.452
0036    17.5   722.6     16.79     77.1    2416    36    43.80    -25.86    -35.35  -999     -.8    2414     0   0   0   4      29.089   -88.452
0037    18.0   723.2     16.80     76.6    2409    36    43.80    -25.83    -35.37  -999     -.6    2407     0   0   0   4      29.089   -88.452
0038    18.5   723.8     16.80     76.5    2402    36    43.80    -25.81    -35.39  -999     -.4    2399     0   0   0   4      29.088   -88.452
0039    19.0   724.4     16.81     76.6    2394    36    43.80    -25.78    -35.41  -999     -.3    2392     0   0   0   4      29.088   -88.452
0040    19.5   725.1     16.81     76.9    2387    36    43.80    -25.76    -35.43  -999     -.2    2385     0   0   0   4      29.088   -88.452
0041    20.0   725.7     16.80     77.3    2380    36    43.80    -25.73    -35.45  -999     -.1    2378     0   0   0   4      29.088   -88.453
0042    20.5   726.3     16.80     77.7    2373    36    43.80    -25.71    -35.47  -999     -.1    2371     0   0   0   4      29.088   -88.453
0043    21.0   726.9     16.80     78.2    2366    36    43.80    -25.68    -35.48  -999     -.1    2363     0   0   0   4      29.088   -88.453
0044    21.5   727.5     16.79     78.7    2358    36    43.80    -25.66    -35.50  -999     -.2    2356     0   0   0   4      29.088   -88.453
0045    22.0   728.1     16.79     79.2    2351    36    43.81    -25.63    -35.52  -999     -.3    2349     0   0   0   4      29.087   -88.453
0046    22.5   728.7     16.79     79.7    2344    36    43.81    -25.61    -35.54  -999     -.3    2342     0   0   0   4      29.087   -88.453
0047    23.0   729.4     16.79     80.1    2337    36    43.81    -25.58    -35.56  -999     -.4    2334     0   0   0   4      29.087   -88.453
0048    23.5   730.0     16.79     80.5    2329    36    43.81    -25.56    -35.58  -999     -.5    2327     0   0   0   4      29.087   -88.453
0049    24.0   730.6     16.80     80.8    2322    36    43.81    -25.53    -35.60  -999     -.5    2320     0   0   0   4      29.087   -88.454
0050    24.5   731.2     16.81     81.1    2314    36    43.81    -25.51    -35.62  -999     -.6    2312     0   0   0   4      29.087   -88.454
0051    25.0   731.9     16.83     81.3    2307    36    43.81    -25.48    -35.64  -999     -.6    2305     0   0   0   4      29.086   -88.454
0052    25.5   732.5     16.84     81.5    2300    36    43.81    -25.46    -35.66  -999     -.7    2297     0   0   0   4      29.086   -88.454
0053    26.0   733.2     16.87     81.6    2292    35    43.81    -25.43    -35.68  -999     -.7    2290     0   0   0   4      29.086   -88.454
0054    26.5   733.8     16.89     81.7    2285    35    43.81    -25.40    -35.69  -999     -.7    2282     0   0   0   4      29.086   -88.454
0055    27.0   734.4     16.92     81.8    2277    35    43.81    -25.38    -35.71  -999     -.7    2275     0   0   0   4      29.086   -88.454
0056    27.5   735.1     16.95     81.8    2270    35    43.81    -25.35    -35.73  -999     -.7    2267     0   0   0   4      29.086   -88.454
0057    28.0   735.7     16.98     81.9    2262    35    43.81    -25.33    -35.75  -999     -.7    2260     0   0   0   4      29.085   -88.455
0058    28.5   736.4     17.01     81.9    2255    35    43.82    -25.30    -35.77  -999     -.7    2253     0   0   0   4      29.085   -88.455
0059    29.0   737.0     17.04     82.0    2247    35    43.82    -25.28    -35.79  -999     -.7    2245     0   0   0   4      29.085   -88.455
0060    29.5   737.6     17.08     82.0    2240    35    43.82    -25.25    -35.81  -999     -.6    2238     0   0   0   4      29.085   -88.455
0061    30.0   738.3     17.11     82.1    2233    35    43.82    -25.23    -35.83  -999     -.6    2230     0   0   0   4      29.085   -88.455
0062    30.5   738.9     17.15     82.2    2225    35    43.82    -25.20    -35.85  -999     -.6    2223     0   0   0   4      29.085   -88.455
0063    31.0   739.5     17.19     82.2    2218    35    43.82    -25.18    -35.86  -999     -.6    2216     0   0   0   4      29.084   -88.455
0064    31.5   740.2     17.23     82.2    2210    35    43.82    -25.15    -35.88  -999     -.5    2208     0   0   0   4      29.084   -88.456
0065    32.0   740.8     17.27     82.2    2203    35    43.82    -25.13    -35.90  -999     -.5    2201     0   0   0   4      29.084   -88.456
0066    32.5   741.4     17.31     82.2    2196    35    43.82    -25.10    -35.92  -999     -.5    2194     0   0   0   4      29.084   -88.456
0067    33.0   742.1     17.35     82.1    2188    35    43.83    -25.08    -35.94  -999     -.4    2186     0   0   0   4      29.084   -88.456
0068    33.5   742.7     17.39     82.0    2181    35    43.83    -25.05    -35.96  -999     -.4    2179     0   0   0   4      29.084   -88.456
0069    34.0   743.3     17.43     81.9    2174    35    43.83    -25.03    -35.98  -999     -.4    2172     0   0   0   4      29.083   -88.456
0070    34.5   744.0     17.48     81.8    2167    35    43.83    -25.00    -36.00  -999     -.4    2164     0   0   0   4      29.083   -88.456
0071    35.0   744.6     17.52     81.8    2159    35    43.83    -24.98    -36.02  -999     -.4    2157     0   0   0   4      29.083   -88.456
0072    35.5   745.2     17.56     81.7    2152    35    43.83    -24.95    -36.04  -999     -.3    2150     0   0   0   4      29.083   -88.457
0073    36.0   745.9     17.61     81.7    2145    35    43.83    -24.93    -36.05  -999     -.3    2143     0   0   0   4      29.083   -88.457
0074    36.5   746.5     17.65     81.8    2138    35    43.83    -24.90    -36.07  -999     -.3    2135     0   0   0   4      29.083   -88.457
0075    37.0   747.1     17.70     82.0    2130    35    43.83    -24.88    -36.09  -999     -.3    2128     0   0   0   4      29.083   -88.457
0076    37.5   747.7     17.74     82.2    2123    35    43.84    -24.85    -36.11  -999     -.2    2121     0   0   0   4      29.082   -88.457
0077    38.0   748.4     17.78     82.5    2116    34    43.84    -24.83    -36.13  -999     -.2    2114     0   0   0   4      29.082   -88.457
0078    38.5   749.0     17.81     82.8    2109    34    43.84    -24.80    -36.15  -999     -.1    2107     0   0   0   4      29.082   -88.457
0079    39.0   749.6     17.84     83.2    2102    34    43.84    -24.78    -36.17  -999     -.1    2100     0   0   0   4      29.082   -88.457
0080    39.5   750.2     17.87     83.7    2095    34    43.84    -24.75    -36.19  -999      .0    2093     0   0   0   4      29.082   -88.458
0081    40.0   750.8     17.89     84.2    2088    34    43.84    -24.72    -36.20  -999      .1    2086     0   0   0   4      29.082   -88.458
0082    40.5   751.4     17.91     84.7    2081    34    43.84    -24.70    -36.22  -999      .2    2079     0   0   0   4      29.081   -88.458
0083    41.0   752.0     17.92     85.3    2074    34    43.84    -24.68    -36.24  -999      .2    2072     0   0   0   4      29.081   -88.458
0084    41.5   752.6     17.93     85.8    2067    34    43.84    -24.66    -36.25  -999      .3    2065     0   0   0   4      29.081   -88.458
0085    42.0   753.2     17.93     86.3    2060    34    43.84    -24.64    -36.27  -999      .4    2058     0   0   0   4      29.081   -88.458
0086    42.5   753.8     17.93     86.9    2053    34    43.85    -24.62    -36.29  -999      .4    2051     0   0   0   4      29.081   -88.458
0087    43.0   754.4     17.93     87.4    2047    34    43.86    -24.60    -36.31  -999      .4    2044     0   0   0   4      29.081   -88.459
0088    43.5   755.0     17.92     87.9    2040    34    43.87    -24.58    -36.34  -999      .4    2038     0   0   0   4      29.080   -88.459
0089    44.0   755.6     17.91     88.4    2033    34    43.89    -24.56    -36.37  -999      .4    2031     0   0   0   4      29.080   -88.459
0090    44.5   756.2     17.91     88.8    2026    34    43.90    -24.54    -36.40  -999      .4    2024     0   0   0   4      29.080   -88.459
0091    45.0   756.8     17.90     89.3    2019    34    43.91    -24.52    -36.43  -999      .3    2017     0   0   0   4      29.080   -88.459
0092    45.5   757.4     17.90     89.8    2013    34    43.92    -24.50    -36.46  -999      .3    2010     0   0   0   4      29.080   -88.459
0093    46.0   758.0     17.89     90.2    2006    34    43.92    -24.46    -36.48  -999      .2    2003     0   0   0   4      29.080   -88.459
0094    46.5   758.6     17.90     90.7    1999    34    43.91    -24.42    -36.50  -999      .1    1996     0   0   0   4      29.079   -88.459
0095    47.0   759.3     17.90     91.1    1992    34    43.89    -24.37    -36.51  -999      .1    1990     0   0   0   4      29.079   -88.460
0096    47.5   759.9     17.91     91.5    1985    34    43.86    -24.31    -36.51  -999      .0    1983     0   0   0   4      29.079   -88.460
0097    48.0   760.5     17.92     91.9    1978    34    43.82    -24.24    -36.50  -999      .0    1976     0   0   0   4      29.079   -88.460
0098    48.5   761.1     17.93     92.3    1971    34    43.77    -24.16    -36.50  -999      .0    1968     0   0   0   4      29.079   -88.460
0099    49.0   761.7     17.95     92.7    1964    33    43.71    -24.08    -36.48  -999      .0    1961     0   0   0   4      29.079   -88.460
0100    49.5   762.4     17.97     93.0    1957    33    43.66    -23.99    -36.47     4      .0    1954     0   0   0   0      29.078   -88.460
0101    50.0   763.0     18.00     93.2    1950    33    43.60    -23.90    -36.47     4      .0    1947     0   0   0   0      29.078   -88.460
0102    50.5   763.6     18.02     93.5    1943    33    43.55    -23.82    -36.46     4      .0    1940     0   0   0   0      29.078   -88.460
0103    51.0   764.2     18.05     93.7    1936    33    43.51    -23.74    -36.47     4      .1    1933     0   0   0   0      29.078   -88.460
0104    51.5   764.8     18.08     93.9    1929    33    43.48    -23.66    -36.48     4      .1    1926     0   0   0   0      29.078   -88.461
0105    52.0   765.5     18.11     94.0    1922    33    43.47    -23.60    -36.50     4      .2    1920     0   0   0   0      29.078   -88.461
0106    52.5   766.1     18.14     94.1    1915    33    43.46    -23.54    -36.54     4      .2    1913     0   0   0   3      29.077   -88.461
0107    53.0   766.7     18.17     94.2    1908    33    43.47    -23.49    -36.58     4      .3    1906     0   0   0   3      29.077   -88.461
0108    53.5   767.3     18.20     94.3    1901    33    43.49    -23.44    -36.63     4      .3    1899     0   0   0   0      29.077   -88.461
0109    54.0   767.9     18.23     94.4    1894    33    43.52    -23.40    -36.69     4      .3    1892     0   0   0   0      29.077   -88.461
0110    54.5   768.5     18.27     94.4    1888    32    43.54    -23.37    -36.73     4      .4    1886     0   0   0   0      29.077   -88.461
0111    55.0   769.1     18.30     94.5    1881    32    43.55    -23.33    -36.77     4      .4    1879     0   0   0   0      29.077   -88.461
0112    55.5   769.7     18.33     94.6    1874    32    43.54    -23.29    -36.79     4      .4    1872     0   0   0   0      29.076   -88.462
0113    56.0   770.3     18.36     94.7    1867    32    43.51    -23.25    -36.78     4      .4    1865     0   0   0   0      29.076   -88.462
0114    56.5   770.9     18.39     94.8    1861    32    43.46    -23.21    -36.74     4      .4    1858     0   0   0   0      29.076   -88.462
0115    57.0   771.5     18.42     94.9    1854    32    43.37    -23.16    -36.67     4      .4    1852     0   0   0   0      29.076   -88.462
0116    57.5   772.1     18.45     94.9    1847    32    43.25    -23.11    -36.56     4      .4    1845     0   0   0   0      29.076   -88.462
0117    58.0   772.7     18.48     95.0    1840    32    43.10    -23.05    -36.42     4      .3    1838     0   0   0   0      29.076   -88.462
0118    58.5   773.3     18.51     95.1    1834    32    42.92    -22.98    -36.25     4      .3    1831     0   0   0   0      29.075   -88.462
0119    59.0   773.9     18.54     95.2    1827    32    42.73    -22.91    -36.07     4      .3    1825     0   0   0   3      29.075   -88.462
0120    59.5   774.5     18.57     95.3    1820    32    42.52    -22.83    -35.87     4      .3    1818     0   0   0   0      29.075   -88.463
0121    60.0   775.2     18.59     95.4    1813    33    42.30    -22.75    -35.67     4      .3    1811     0   0   0   0      29.075   -88.463
0122    60.5   775.8     18.62     95.4    1807    33    42.09    -22.67    -35.47     4      .4    1804     0   0   0   0      29.075   -88.463
0123    61.0   776.4     18.65     95.5    1800    33    41.89    -22.59    -35.28     4      .4    1798     0   0   0   0      29.075   -88.463
0124    61.5   777.0     18.67     95.6    1793    33    41.72    -22.51    -35.12     4      .4    1791     0   0   0   3      29.075   -88.463
0125    62.0   777.6     18.70     95.7    1786    33    41.56    -22.43    -34.99     4      .5    1784     0   0   0   0      29.074   -88.463
0126    62.5   778.2     18.72     95.8    1780    33    41.44    -22.35    -34.90     4      .5    1777     0   0   0   3      29.074   -88.463
0127    63.0   778.8     18.75     95.8    1773    33    41.35    -22.28    -34.83     4      .6    1771     0   0   0   0      29.074   -88.463
0128    63.5   779.4     18.78     95.9    1766    33    41.29    -22.21    -34.80     4      .6    1764     0   0   0   0      29.074   -88.463
0129    64.0   780.0     18.80     96.0    1760    32    41.25    -22.16    -34.80     4      .7    1758     0   0   0   3      29.074   -88.464
0130    64.5   780.6     18.82     96.0    1753    32    41.24    -22.11    -34.82     4      .7    1751     0   0   0   0      29.074   -88.464
0131    65.0   781.2     18.85     96.1    1747    32    41.25    -22.08    -34.85     4      .7    1744     0   0   0   0      29.073   -88.464
0132    65.5   781.8     18.87     96.2    1740    32    41.27    -22.05    -34.89     4      .7    1738     0   0   0   0      29.073   -88.464
0133    66.0   782.3     18.90     96.3    1734    32    41.30    -22.04    -34.92     4      .7    1731     0   0   0   0      29.073   -88.464
0134    66.5   782.9     18.92     96.4    1727    32    41.33    -22.05    -34.95     4      .7    1725     0   0   0   3      29.073   -88.464
0135    67.0   783.5     18.94     96.4    1721    32    41.35    -22.07    -34.97     4      .7    1718     0   0   0   0      29.073   -88.464
0136    67.5   784.1     18.97     96.5    1714    32    41.37    -22.09    -34.98     4      .6    1712     0   0   0   3      29.073   -88.464
0137    68.0   784.7     18.99     96.6    1707    32    41.39    -22.12    -34.98     4      .6    1705     0   0   0   0      29.072   -88.464
0138    68.5   785.3     19.02     96.6    1701    32    41.40    -22.16    -34.97     4      .6    1699     0   0   0   0      29.072   -88.465
0139    69.0   785.9     19.04     96.7    1694    32    41.40    -22.19    -34.95     4      .5    1692     0   0   0   0      29.072   -88.465
0140    69.5   786.5     19.07     96.8    1687    32    41.39    -22.22    -34.92     4      .5    1685     0   0   0   0      29.072   -88.465
0141    70.0   787.1     19.09     96.8    1681    33    41.39    -22.24    -34.90     4      .5    1679     0   0   0   0      29.072   -88.465
0142    70.5   787.7     19.12     96.8    1674    33    41.38    -22.25    -34.89     4      .4    1672     0   0   0   0      29.072   -88.465
0143    71.0   788.4     19.15     96.8    1667    33    41.37    -22.24    -34.89     4      .4    1665     0   0   0   0      29.072   -88.465
0144    71.5   789.0     19.17     96.9    1661    32    41.36    -22.21    -34.89     4      .4    1659     0   0   0   0      29.071   -88.465
0145    72.0   789.6     19.20     96.8    1654    32    41.36    -22.17    -34.92     4      .4    1652     0   0   0   0      29.071   -88.465
0146    72.5   790.2     19.23     96.8    1647    32    41.36    -22.12    -34.95     4      .4    1645     3   3   3   3      29.071   -88.466
0147    73.0   790.8     19.26     96.8    1641    32    41.38    -22.05    -35.01     4      .4    1638     0   0   0   3      29.071   -88.466
0148    73.5   791.4     19.29     96.7    1634    32    41.39    -21.98    -35.08     4      .4    1632     0   0   0   3      29.071   -88.466
0149    74.0   792.0     19.31     96.7    1627    32    41.42    -21.90    -35.15     4      .4    1625     0   0   0   3      29.071   -88.466
0150    74.5   792.6     19.34     96.6    1621    32    41.45    -21.83    -35.24     4      .3    1618     0   0   0   0      29.070   -88.466
0151    75.0   793.2     19.37     96.5    1614    32    41.48    -21.76    -35.32     4      .3    1612     0   0   0   0      29.070   -88.466
0152    75.5   793.9     19.40     96.4    1607    31    41.52    -21.69    -35.40     4      .3    1605     0   0   0   0      29.070   -88.466
0153    76.0   794.5     19.43     96.4    1601    31    41.55    -21.63    -35.48     4      .2    1598     0   0   0   0      29.070   -88.466
0154    76.5   795.1     19.46     96.3    1594    31    41.59    -21.58    -35.55     4      .2    1592     0   0   0   0      29.070   -88.466
0155    77.0   795.7     19.49     96.3    1587    31    41.61    -21.53    -35.61     4      .1    1585     0   0   0   0      29.070   -88.467
0156    77.5   796.4     19.52     96.2    1580    31    41.64    -21.49    -35.66     4      .0    1578     0   0   0   0      29.069   -88.467
0157    78.0   797.0     19.55     96.2    1573    31    41.66    -21.46    -35.70     4      .0    1571     0   0   0   0      29.069   -88.467
0158    78.5   797.6     19.58     96.2    1566    31    41.68    -21.43    -35.74     4     -.1    1564     0   0   0   0      29.069   -88.467
0159    79.0   798.3     19.61     96.2    1559    31    41.69    -21.42    -35.77     4     -.1    1557     3   3   3   0      29.069   -88.467
0160    79.5   798.9     19.64     96.2    1553    31    41.71    -21.40    -35.80     4     -.2    1550     0   0   0   0      29.069   -88.467
0161    80.0   799.5     19.67     96.2    1546    31    41.73    -21.40    -35.82     4     -.2    1543     0   0   0   0      29.069   -88.467
0162    80.5   800.2     19.70     96.2    1539    31    41.75    -21.42    -35.84     4     -.2    1536     0   0   0   0      29.068   -88.467
0163    81.0   800.8     19.73     96.3    1532    31    41.77    -21.44    -35.85     4     -.2    1529     0   0   0   0      29.068   -88.467
0164    81.5   801.5     19.76     96.3    1525    31    41.80    -21.49    -35.85     4     -.1    1522     0   0   0   0      29.068   -88.468
0165    82.0   802.1     19.79     96.3    1518    31    41.83    -21.56    -35.85     4     -.1    1516     0   0   0   0      29.068   -88.468
0166    82.5   802.7     19.82     96.4    1511    31    41.87    -21.65    -35.84     4      .0    1509     0   0   0   0      29.068   -88.468
0167    83.0   803.4     19.84     96.4    1504    31    41.91    -21.76    -35.81     4      .1    1502     0   0   0   0      29.068   -88.468
0168    83.5   804.0     19.87     96.4    1497    31    41.95    -21.89    -35.78     4      .2    1495     0   0   0   0      29.067   -88.468
0169    84.0   804.6     19.90     96.5    1491    32    41.99    -22.04    -35.74     4      .3    1488     0   0   0   0      29.067   -88.468
0170    84.5   805.2     19.93     96.5    1484    32    42.03    -22.20    -35.69     4      .5    1482     0   0   0   3      29.067   -88.468
0171    85.0   805.8     19.96     96.5    1477    32    42.06    -22.36    -35.62     4      .6    1475     0   0   0   0      29.067   -88.468
0172    85.5   806.4     19.98     96.5    1471    32    42.08    -22.52    -35.54     4      .7    1469     0   0   0   3      29.067   -88.468
0173    86.0   807.0     20.01     96.5    1465    33    42.08    -22.67    -35.46     4      .7    1462     0   0   0   0      29.067   -88.469
0174    86.5   807.6     20.04     96.5    1458    33    42.08    -22.80    -35.37     4      .8    1456     0   0   0   0      29.067   -88.469
0175    87.0   808.2     20.06     96.5    1452    33    42.06    -22.90    -35.27     4      .8    1450     0   0   0   0      29.066   -88.469
0176    87.5   808.8     20.09     96.4    1445    33    42.02    -22.98    -35.18     4      .8    1443     0   0   0   0      29.066   -88.469
0177    88.0   809.4     20.12     96.4    1439    33    41.96    -23.02    -35.09     4      .8    1437     0   0   0   0      29.066   -88.469
0178    88.5   810.0     20.15     96.4    1433    33    41.90    -23.02    -35.01     4      .8    1431     0   0   0   3      29.066   -88.469
0179    89.0   810.6     20.18     96.3    1426    33    41.81    -22.98    -34.93     4      .7    1424     0   0   0   0      29.066   -88.469
0180    89.5   811.2     20.20     96.3    1420    33    41.72    -22.92    -34.86     5      .7    1418     0   0   0   0      29.066   -88.469
0181    90.0   811.8     20.23     96.2    1413    33    41.62    -22.82    -34.81     5      .6    1411     0   0   0   0      29.065   -88.469
0182    90.5   812.4     20.26     96.1    1407    33    41.52    -22.71    -34.76     5      .5    1405     0   0   0   0      29.065   -88.470
0183    91.0   813.0     20.30     96.0    1400    33    41.42    -22.59    -34.72     5      .4    1398     0   0   0   0      29.065   -88.470
0184    91.5   813.7     20.33     95.9    1394    33    41.32    -22.47    -34.68     5      .3    1391     0   0   0   0      29.065   -88.470
0185    92.0   814.3     20.36     95.8    1387    33    41.22    -22.36    -34.63     5      .2    1385     0   0   0   0      29.065   -88.470
0186    92.5   814.9     20.40     95.7    1380    33    41.13    -22.26    -34.59     5      .2    1378     0   0   0   0      29.065   -88.470
0187    93.0   815.6     20.43     95.6    1374    33    41.04    -22.18    -34.53     4      .1    1371     0   0   0   0      29.064   -88.470
0188    93.5   816.2     20.46     95.5    1367    33    40.95    -22.13    -34.46     5      .1    1365     0   0   0   0      29.064   -88.470
0189    94.0   816.8     20.50     95.3    1360    33    40.87    -22.10    -34.38     5      .1    1358     0   0   0   0      29.064   -88.470
0190    94.5   817.5     20.53     95.2    1353    33    40.79    -22.10    -34.28     5      .1    1351     0   0   0   0      29.064   -88.470
0191    95.0   818.1     20.57     95.1    1347    33    40.71    -22.13    -34.17     5      .2    1344     0   0   0   0      29.064   -88.471
0192    95.5   818.7     20.60     95.0    1340    33    40.63    -22.17    -34.04     5      .2    1338     0   0   0   0      29.064   -88.471
0193    96.0   819.3     20.63     95.0    1333    33    40.54    -22.23    -33.90     5      .3    1331     0   0   0   0      29.064   -88.471
0194    96.5   820.0     20.65     94.9    1327    33    40.46    -22.30    -33.76     5      .3    1324     0   0   0   0      29.063   -88.471
0195    97.0   820.6     20.68     94.9    1320    34    40.36    -22.37    -33.60     5      .4    1318     0   0   0   0      29.063   -88.471
0196    97.5   821.2     20.70     94.9    1313    34    40.27    -22.45    -33.43     5      .5    1311     0   0   0   0      29.063   -88.471
0197    98.0   821.8     20.72     94.9    1307    34    40.17    -22.52    -33.26     5      .5    1305     0   0   0   0      29.063   -88.471
0198    98.5   822.4     20.74     95.0    1300    34    40.06    -22.59    -33.08     5      .6    1298     0   0   0   0      29.063   -88.471
0199    99.0   823.0     20.76     95.1    1294    35    39.94    -22.65    -32.90     5      .6    1292     0   0   0   0      29.063   -88.472
0200    99.5   823.6     20.77     95.2    1288    35    39.82    -22.71    -32.71     5      .6    1285     0   0   0   0      29.063   -88.472
0201   100.0   824.3     20.79     95.3    1281    35    39.69    -22.77    -32.51     5      .6    1279     0   0   0   0      29.062   -88.472
0202   100.5   824.9     20.80     95.4    1275    35    39.56    -22.84    -32.30     5      .6    1273     0   0   0   0      29.062   -88.472
0203   101.0   825.5     20.81     95.6    1268    36    39.43    -22.92    -32.08     5      .6    1266     0   0   0   0      29.062   -88.472
0204   101.5   826.1     20.82     95.7    1262    36    39.30    -23.03    -31.85     5      .5    1260     0   0   0   0      29.062   -88.472
0205   102.0   826.7     20.84     95.9    1255    36    39.18    -23.15    -31.61     5      .4    1253     0   0   0   0      29.062   -88.472
0206   102.5   827.3     20.85     96.1    1249    37    39.07    -23.31    -31.35     5      .3    1247     0   0   0   0      29.062   -88.472
0207   103.0   828.0     20.86     96.3    1242    37    38.98    -23.51    -31.09     5      .2    1240     0   0   0   0      29.062   -88.472
0208   103.5   828.6     20.88     96.5    1236    38    38.91    -23.74    -30.82     5      .1    1233     0   0   0   0      29.061   -88.473
0209   104.0   829.2     20.90     96.7    1229    38    38.87    -24.02    -30.56     5      .0    1227     0   0   0   0      29.061   -88.473
0210   104.5   829.9     20.91     96.8    1222    39    38.86    -24.34    -30.30     5     -.1    1220     0   0   0   0      29.061   -88.473
0211   105.0   830.5     20.93     97.0    1215    39    38.89    -24.69    -30.05     5     -.1    1213     0   0   0   0      29.061   -88.473
0212   105.5   831.2     20.95     97.2    1209    40    38.96    -25.07    -29.82     5     -.2    1206     0   0   0   3      29.061   -88.473
0213   106.0   831.8     20.97     97.4    1202    41    39.07    -25.47    -29.62     5     -.2    1199     0   0   0   0      29.061   -88.473
0214   106.5   832.5     20.99     97.6    1195    41    39.21    -25.87    -29.46     5     -.2    1193     0   0   0   0      29.061   -88.473
0215   107.0   833.1     21.00     97.8    1188    42    39.38    -26.28    -29.34     5     -.2    1186     0   0   0   0      29.060   -88.473
0216   107.5   833.8     21.02     98.0    1181    42    39.59    -26.67    -29.25     5     -.1    1179     0   0   0   0      29.060   -88.474
0217   108.0   834.4     21.04     98.2    1174    43    39.81    -27.04    -29.22     4     -.1    1172     0   0   0   0      29.060   -88.474
0218   108.5   835.1     21.06     98.4    1168    43    40.05    -27.39    -29.22     4      .0    1165     0   0   0   3      29.060   -88.474
0219   109.0   835.7     21.07     98.6    1161    43    40.30    -27.71    -29.26     4      .1    1159     0   0   0   0      29.060   -88.474
0220   109.5   836.4     21.09     98.7    1154    44    40.55    -27.99    -29.34     4      .2    1152     0   0   0   0      29.060   -88.474
0221   110.0   837.0     21.11     98.9    1148    44    40.81    -28.24    -29.45     4      .4    1145     0   0   0   0      29.060   -88.474
0222   110.5   837.6     21.13     99.1    1141    44    41.05    -28.46    -29.59     4      .5    1139     0   0   0   0      29.059   -88.474
0223   111.0   838.2     21.15     99.3    1135    44    41.29    -28.66    -29.73     5      .6    1133     0   0   0   0      29.059   -88.475
0224   111.5   838.9     21.16     99.5    1128    44    41.52    -28.82    -29.88     5      .8    1126     0   0   0   0      29.059   -88.475
0225   112.0   839.5     21.18     99.6    1122    44    41.73    -28.98    -30.03     5      .9    1120     0   0   0   0      29.059   -88.475
0226   112.5   840.1     21.20     99.7    1116    44    41.93    -29.12    -30.17     5     1.0    1114     0   0   0   0      29.059   -88.475
0227   113.0   840.6     21.23     99.8    1110    44    42.11    -29.26    -30.29     4     1.0    1108     0   0   0   0      29.059   -88.475
0228   113.5   841.2     21.25     99.9    1104    44    42.28    -29.39    -30.40     5     1.1    1101     0   0   0   0      29.059   -88.475
0229   114.0   841.8     21.27    100.0    1098    44    42.44    -29.53    -30.48     5     1.1    1095     0   0   0   0      29.059   -88.476
0230   114.5   842.4     21.29    100.0    1091    44    42.57    -29.67    -30.53     5     1.1    1089     0   0   0   0      29.058   -88.476
0231   115.0   843.0     21.32    100.0    1085    44    42.69    -29.82    -30.55     5     1.0    1083     0   0   0   0      29.058   -88.476
0232   115.5   843.6     21.34    100.0    1079    44    42.79    -29.96    -30.55     5     1.0    1077     0   0   0   0      29.058   -88.476
0233   116.0   844.2     21.37    100.0    1073    45    42.88    -30.11    -30.53     5      .9    1071     0   0   0   0      29.058   -88.476
0234   116.5   844.8     21.39    100.0    1067    45    42.96    -30.25    -30.50     5      .8    1065     0   0   0   0      29.058   -88.476
0235   117.0   845.4     21.42    100.0    1061    45    43.03    -30.38    -30.47     5      .7    1058     0   0   0   0      29.058   -88.476
0236   117.5   846.0     21.44    100.0    1054    45    43.09    -30.49    -30.44     5      .5    1052     0   0   0   3      29.058   -88.477
0237   118.0   846.7     21.47    100.0    1048    45    43.15    -30.59    -30.44     5      .4    1045     0   0   0   0      29.057   -88.477
0238   118.5   847.3     21.49    100.0    1041    45    43.21    -30.66    -30.45     5      .3    1039     0   0   0   0      29.057   -88.477
0239   119.0   847.9     21.52    100.0    1035    45    43.28    -30.70    -30.51     5      .2    1032     0   0   0   0      29.057   -88.477
0240   119.5   848.6     21.54    100.0    1028    45    43.37    -30.72    -30.61     5      .1    1026     0   0   0   0      29.057   -88.477
0241   120.0   849.2     21.56    100.0    1021    45    43.46    -30.71    -30.76     5      .0    1019     0   0   0   0      29.057   -88.477
0242   120.5   849.9     21.59    100.0    1015    45    43.57    -30.67    -30.95     5      .0    1012     0   0   0   0      29.057   -88.478
0243   121.0   850.5     21.61    100.0    1008    44    43.69    -30.61    -31.17     5      .0    1006     0   0   0   0      29.057   -88.478
0244   121.5   851.2     21.63    100.0    1001    44    43.82    -30.53    -31.43     5      .0     999     0   0   0   0      29.056   -88.478
0245   122.0   851.8     21.65    100.0     995    44    43.95    -30.44    -31.71     4      .0     992     0   0   0   0      29.056   -88.478
0246   122.5   852.5     21.68    100.0     988    43    44.09    -30.33    -31.99     5      .1     986     0   0   0   0      29.056   -88.478
0247   123.0   853.1     21.70    100.0     981    43    44.21    -30.22    -32.27     5      .1     979     0   0   0   0      29.056   -88.478
0248   123.5   853.8     21.72    100.0     975    43    44.32    -30.10    -32.53     5      .1     973     0   0   0   0      29.056   -88.478
0249   124.0   854.4     21.74    100.0     968    42    44.40    -29.98    -32.75     5      .1     966     0   0   0   0      29.056   -88.479
0250   124.5   855.0     21.77    100.0     962    42    44.46    -29.87    -32.94     4      .1     959     0   0   0   0      29.056   -88.479
0251   125.0   855.7     21.79    100.0     955    42    44.49    -29.78    -33.06     5      .1     953     0   0   0   0      29.055   -88.479
0252   125.5   856.3     21.81    100.0     949    42    44.50    -29.70    -33.13     5      .0     946     0   0   0   0      29.055   -88.479
0253   126.0   857.0     21.83    100.0     942    42    44.47    -29.66    -33.14     5      .0     940     0   0   0   0      29.055   -88.479
0254   126.5   857.6     21.86    100.0     935    42    44.42    -29.64    -33.08     5     -.2     933     0   0   0   0      29.055   -88.479
0255   127.0   858.3     21.88    100.0     929    42    44.34    -29.66    -32.96     5     -.3     926     0   0   0   0      29.055   -88.480
0256   127.5   858.9     21.90    100.0     922    42    44.25    -29.70    -32.79     5     -.4     920     0   0   0   0      29.055   -88.480
0257   128.0   859.6     21.93    100.0     915    42    44.14    -29.78    -32.58     5     -.6     913     0   0   0   0      29.055   -88.480
0258   128.5   860.3     21.95    100.0     908    43    44.04    -29.89    -32.35     5     -.8     906     0   0   0   0      29.054   -88.480
0259   129.0   861.0     21.98    100.0     901    43    43.94    -30.02    -32.10     5     -.9     899     0   0   0   0      29.054   -88.480
0260   129.5   861.7     22.01    100.0     894    43    43.87    -30.17    -31.85     5    -1.1     892     0   0   0   0      29.054   -88.480
0261   130.0   862.4     22.03    100.0     887    44    43.82    -30.34    -31.62     5    -1.2     884     0   0   0   0      29.054   -88.480
0262   130.5   863.1     22.06    100.0     879    44    43.81    -30.53    -31.43     5    -1.3     877     3   3   3   3      29.054   -88.481
0263   131.0   863.9     22.09    100.0     872    45    43.84    -30.73    -31.27     5    -1.4     870     0   0   0   0      29.054   -88.481
0264   131.5   864.6     22.12    100.0     865    45    43.91    -30.94    -31.16     5    -1.4     862     0   0   0   0      29.054   -88.481
0265   132.0   865.3     22.15    100.0     857    45    44.02    -31.16    -31.10     5    -1.4     855     0   0   0   0      29.053   -88.481
0266   132.5   866.0     22.18    100.0     850    45    44.17    -31.37    -31.09     5    -1.4     848     0   0   0   0      29.053   -88.481
0267   133.0   866.8     22.21    100.0     843    45    44.34    -31.58    -31.13     5    -1.4     840     0   0   0   0      29.053   -88.481
0268   133.5   867.5     22.24    100.0     835    46    44.54    -31.78    -31.21     5    -1.3     833     0   0   0   0      29.053   -88.482
0269   134.0   868.2     22.27    100.0     828    46    44.76    -31.97    -31.33     5    -1.2     826     0   0   0   0      29.053   -88.482
0270   134.5   868.9     22.29    100.0     821    46    44.98    -32.13    -31.48     5    -1.1     819     0   0   0   0      29.053   -88.482
0271   135.0   869.6     22.32    100.0     814    46    45.21    -32.28    -31.66     5    -1.0     811     0   0   0   0      29.053   -88.482
0272   135.5   870.3     22.35    100.0     807    45    45.44    -32.39    -31.87     5     -.9     804     0   0   0   0      29.052   -88.482
0273   136.0   871.0     22.37    100.0     800    45    45.66    -32.48    -32.10     5     -.9     797     0   0   0   0      29.052   -88.482
0274   136.5   871.7     22.40    100.0     793    45    45.88    -32.54    -32.34     5     -.8     790     0   0   0   0      29.052   -88.483
0275   137.0   872.4     22.42    100.0     786    45    46.09    -32.58    -32.60     4     -.7     783     0   0   0   0      29.052   -88.483
0276   137.5   873.1     22.44    100.0     779    45    46.29    -32.60    -32.87     5     -.7     777     0   0   0   0      29.052   -88.483
0277   138.0   873.8     22.46    100.0     772    45    46.49    -32.59    -33.15     5     -.6     770     0   0   0   0      29.052   -88.483
0278   138.5   874.5     22.49    100.0     765    44    46.67    -32.57    -33.43     5     -.6     763     0   0   0   0      29.052   -88.483
0279   139.0   875.2     22.51    100.0     758    44    46.86    -32.54    -33.72     5     -.6     756     0   0   0   0      29.051   -88.483
0280   139.5   875.8     22.53    100.0     751    44    47.03    -32.49    -34.00     5     -.6     749     0   0   0   0      29.051   -88.484
0281   140.0   876.5     22.55    100.0     744    43    47.20    -32.45    -34.28     5     -.6     742     0   0   0   0      29.051   -88.484
0282   140.5   877.2     22.57    100.0     738    43    47.36    -32.40    -34.54     5     -.6     735     0   0   0   0      29.051   -88.484
0283   141.0   877.9     22.59    100.0     731    43    47.51    -32.35    -34.80     5     -.5     729     0   0   0   0      29.051   -88.484
0284   141.5   878.6     22.62    100.0     724    43    47.65    -32.29    -35.03     5     -.5     722     0   0   0   0      29.051   -88.484
0285   142.0   879.3     22.64    100.0     717    42    47.77    -32.23    -35.26     5     -.4     715     0   0   0   0      29.050   -88.484
0286   142.5   880.0     22.66    100.0     710    42    47.87    -32.17    -35.46     5     -.3     708     0   0   0   0      29.050   -88.485
0287   143.0   880.6     22.69    100.0     704    42    47.96    -32.10    -35.63     5     -.2     701     0   0   0   0      29.050   -88.485
0288   143.5   881.3     22.71    100.0     697    42    48.02    -32.01    -35.79     5     -.1     695     0   0   0   0      29.050   -88.485
0289   144.0   882.0     22.74    100.0     690    42    48.06    -31.92    -35.94     5      .1     688     0   0   0   0      29.050   -88.485
0290   144.5   882.6     22.76    100.0     684    41    48.08    -31.81    -36.06     5      .3     682     0   0   0   3      29.050   -88.485
0291   145.0   883.3     22.79    100.0     677    41    48.07    -31.68    -36.16     5      .5     675     0   0   0   3      29.049   -88.485
0292   145.5   883.9     22.81    100.0     671    41    48.04    -31.53    -36.25     5      .7     669     0   0   0   3      29.049   -88.486
0293   146.0   884.5     22.83    100.0     665    41    47.98    -31.35    -36.32     4      .9     663     0   0   0   3      29.049   -88.486
0294   146.5   885.1     22.86    100.0     659    41    47.90    -31.15    -36.38     4     1.1     657     0   0   0   3      29.049   -88.486
0295   147.0   885.7     22.88    100.0     653    40    47.78    -30.92    -36.42     4     1.3     651     0   0   0   3      29.049   -88.486
0296   147.5   886.3     22.90    100.0     647    40    47.64    -30.66    -36.46     4     1.4     645     0   0   0   0      29.049   -88.486
0297   148.0   886.9     22.92    100.0     642    40    47.48    -30.38    -36.48     5     1.5     639     0   0   0   0      29.048   -88.486
0298   148.5   887.5     22.94    100.0     636    39    47.29    -30.07    -36.50     5     1.6     634     0   0   0   0      29.048   -88.487
0299   149.0   888.0     22.96    100.0     630    39    47.09    -29.74    -36.51     5     1.6     628     0   0   0   0      29.048   -88.487
0300   149.5   888.6     22.98    100.0     625    39    46.88    -29.40    -36.51     5     1.6     622     0   0   0   0      29.048   -88.487
0301   150.0   889.2     23.00    100.0     619    39    46.66    -29.07    -36.50     5     1.6     617     0   0   0   0      29.048   -88.487
0302   150.5   889.8     23.03    100.0     613    38    46.45    -28.75    -36.49     5     1.5     611     0   0   0   0      29.048   -88.487
0303   151.0   890.3     23.05    100.0     607    38    46.25    -28.45    -36.47     5     1.4     605     0   0   0   0      29.048   -88.487
0304   151.5   890.9     23.07    100.0     602    38    46.08    -28.19    -36.45     5     1.2     599     0   0   0   0      29.047   -88.487
0305   152.0   891.5     23.10    100.0     596    38    45.93    -27.98    -36.43     5     1.1     593     0   0   0   0      29.047   -88.488
0306   152.5   892.1     23.12    100.0     590    37    45.83    -27.84    -36.41     5      .9     587     0   0   0   0      29.047   -88.488
0307   153.0   892.8     23.15    100.0     583    37    45.78    -27.76    -36.40     5      .7     581     0   0   0   0      29.047   -88.488
0308   153.5   893.4     23.18    100.0     577    37    45.78    -27.77    -36.40     5      .6     575     0   0   0   0      29.047   -88.488
0309   154.0   894.0     23.20    100.0     571    37    45.84    -27.85    -36.41     5      .4     569     0   0   0   0      29.047   -88.488
0310   154.5   894.7     23.24    100.0     565    38    45.97    -28.02    -36.45     5      .2     562     0   0   0   0      29.046   -88.488
0311   155.0   895.3     23.27    100.0     558    38    46.16    -28.26    -36.50     5      .0     556     0   0   0   0      29.046   -88.488
0312   155.5   896.0     23.30    100.0     552    38    46.41    -28.57    -36.58     5     -.2     549     0   0   0   0      29.046   -88.489
0313   156.0   896.7     23.33    100.0     545    38    46.71    -28.93    -36.68     5     -.3     543     0   0   0   0      29.046   -88.489
0314   156.5   897.4     23.36    100.0     538    39    47.05    -29.32    -36.80     5     -.5     536     0   0   0   0      29.046   -88.489
0315   157.0   898.1     23.40    100.0     532    39    47.41    -29.72    -36.94     5     -.7     529     0   0   0   0      29.046   -88.489
0316   157.5   898.8     23.43    100.0     525    39    47.77    -30.11    -37.09     5     -.9     522     0   0   0   0      29.045   -88.489
0317   158.0   899.5     23.46    100.0     518    39    48.12    -30.45    -37.26     5    -1.1     515     0   0   0   0      29.045   -88.489
0318   158.5   900.2     23.49    100.0     511    39    48.43    -30.72    -37.44     5    -1.3     508     0   0   0   0      29.045   -88.490
0319   159.0   900.9     23.52    100.0     503    39    48.70    -30.91    -37.63     5    -1.4     501     0   0   0   0      29.045   -88.490
0320   159.5   901.7     23.55    100.0     496    39    48.91    -31.00    -37.84     5    -1.5     494     0   0   0   0      29.045   -88.490
0321   160.0   902.4     23.58    100.0     489    39    49.07    -30.98    -38.05     5    -1.6     486     0   0   0   0      29.045   -88.490
0322   160.5   903.2     23.60    100.0     481    39    49.17    -30.86    -38.28     4    -1.6     479     0   0   0   0      29.044   -88.490
0323   161.0   904.0     23.62    100.0     474    39    49.21    -30.64    -38.51     5    -1.6     472     0   0   0   0      29.044   -88.490
0324   161.5   904.7     23.64    100.0     467    38    49.21    -30.34    -38.75     5    -1.5     464     0   0   0   0      29.044   -88.490
0325   162.0   905.5     23.66    100.0     459    38    49.18    -29.98    -38.98     5    -1.3     457     0   0   0   0      29.044   -88.491
0326   162.5   906.2     23.68    100.0     452    37    49.13    -29.58    -39.23     5    -1.0     450     0   0   0   0      29.044   -88.491
0327   163.0   906.9     23.69    100.0     445    36    49.07    -29.16    -39.47     5     -.7     443     0   0   0   0      29.043   -88.491
0328   163.5   907.6     23.71    100.0     438    36    49.02    -28.73    -39.72     5     -.2     436     0   0   0   0      29.043   -88.491
0329   164.0   908.3     23.72    100.0     432    35    48.98    -28.31    -39.96     5      .2     430     0   0   0   0      29.043   -88.491
0330   164.5   909.0     23.73    100.0     425    35    48.95    -27.91    -40.22     5      .8     423     0   0   0   0      29.043   -88.491
0331   165.0   909.6     23.75    100.0     420    34    48.96    -27.54    -40.48     5     1.4     417     0   0   0   0      29.043   -88.491
0332   165.5   910.2     23.76    100.0     414    34    48.98    -27.19    -40.74     5     2.0     412     0   0   0   0      29.043   -88.492
0333   166.0   910.7     23.78    100.0     409    33    49.03    -26.86    -41.03     5     2.7     406     0   0   0   0      29.042   -88.492
0334   166.5   911.2     23.80    100.0     404    33    49.10    -26.52    -41.32     5     3.3     401     0   0   0   0      29.042   -88.492
0335   167.0   911.7     23.82    100.0     399    32    49.18    -26.17    -41.64     5     3.9     397     0   0   0   0      29.042   -88.492
0336   167.5   912.1     23.84    100.0     395    32    49.27    -25.80    -41.98     5     4.5     392     0   0   0   0      29.042   -88.492
0337   168.0   912.6     23.87    100.0     391    31    49.37    -25.38    -42.35     5     5.0     388     0   0   0   0      29.042   -88.492
0338   168.5   912.9     23.89    100.0     387    30    49.47    -24.90    -42.74     5     5.4     385     0   0   0   0      29.041   -88.492
0339   169.0   913.3     23.92    100.0     383    29    49.56    -24.37    -43.16     5     5.8     381     0   0   0   0      29.041   -88.493
0340   169.5   913.7     23.95    100.0     380    29    49.65    -23.77    -43.59     5     6.0     378     0   0   0   0      29.041   -88.493
0341   170.0   914.0     23.97    100.0     377    28    49.74    -23.10    -44.05     5     6.2     375     0   0   0   0      29.041   -88.493
0342   170.5   914.3     24.00    100.0     374    27    49.83    -22.37    -44.52     5     6.3     371     0   0   0   0      29.041   -88.493
0343   171.0   914.7     24.03    100.0     370    26    49.92    -21.60    -45.00     5     6.3     368     0   0   0   0      29.040   -88.493
0344   171.5   915.0     24.06    100.0     367    25    50.01    -20.79    -45.48     5     6.3     365     0   0   0   0      29.040   -88.493
0345   172.0   915.3     24.08    100.0     364    24    50.10    -19.98    -45.95     5     6.2     362     0   0   0   3      29.040   -88.493
0346   172.5   915.7     24.10    100.0     361    22    50.20    -19.20    -46.39     5     6.0     358     0   0   0   3      29.040   -88.493
0347   173.0   916.0     24.12    100.0     357    22    50.31    -18.47    -46.79     5     5.8     355     0   0   0   3      29.040   -88.493
0348   173.5   916.4     24.14    100.0     354    21    50.41    -17.84    -47.15     5     5.6     351     0   0   0   3      29.039   -88.494
0349   174.0   916.8     24.16    100.0     350    20    50.51    -17.34    -47.44     5     5.4     348     0   0   0   3      29.039   -88.494
0350   174.5   917.2     24.18    100.0     346    20    50.60    -16.99    -47.66     5     5.2     344     0   0   0   3      29.039   -88.494
0351   175.0   917.6     24.19    100.0     342    19    50.67    -16.81    -47.80     5     5.0     340     0   0   0   3      29.039   -88.494
0352   175.5   918.0     24.21    100.0     338    19    50.72    -16.81    -47.86     5     4.8     336     0   0   0   0      29.039   -88.494
0353   176.0   918.4     24.22    100.0     334    20    50.77    -16.99    -47.84     5     4.6     332     0   0   0   0      29.038   -88.494
0354   176.5   918.9     24.23    100.0     330    20    50.79    -17.33    -47.75     5     4.4     328     0   0   0   0      29.038   -88.494
0355   177.0   919.3     24.24    100.0     326    21    50.81    -17.81    -47.59     5     4.2     323     0   0   0   0      29.038   -88.494
0356   177.5   919.8     24.25    100.0     321    21    50.83    -18.40    -47.38     5     4.1     319     0   0   0   0      29.038   -88.494
0357   178.0   920.2     24.27    100.0     317    22    50.84    -19.06    -47.13     5     3.9     315     0   0   0   0      29.037   -88.494
0358   178.5   920.7     24.28    100.0     312    23    50.84    -19.75    -46.85     5     3.7     310     0   0   0   0      29.037   -88.494
0359   179.0   921.2     24.29    100.0     308    24    50.82    -20.44    -46.53     5     3.5     305     0   0   0   0      29.037   -88.495
0360   179.5   921.7     24.31    100.0     303    25    50.78    -21.08    -46.19     5     3.3     301     0   0   0   0      29.037   -88.495
0361   180.0   922.2     24.32    100.0     298    25    50.68    -21.65    -45.83     5     3.1     296     0   0   0   0      29.037   -88.495
0362   180.5   922.7     24.34    100.0     293    26    50.53    -22.11    -45.44     5     3.0     291     0   0   0   0      29.036   -88.495
0363   181.0   923.2     24.36    100.0     288    26    50.31    -22.43    -45.03     5     2.8     286     0   0   0   0      29.036   -88.495
0364   181.5   923.8     24.37    100.0     283    27    49.99    -22.60    -44.59     5     2.6     281     0   0   0   0      29.036   -88.495
0365   182.0   924.3     24.39    100.0     278    27    49.59    -22.62    -44.13     5     2.5     276     0   0   0   0      29.036   -88.495
0366   182.5   924.9     24.41    100.0     273    27    49.09    -22.47    -43.64     5     2.3     270     0   0   0   0      29.036   -88.495
0367   183.0   925.4     24.43    100.0     267    27    48.50    -22.17    -43.14     5     2.2     265     0   0   0   0      29.035   -88.495
0368   183.5   926.0     24.45    100.0     262    27    47.84    -21.72    -42.63     5     2.2     260     0   0   0   0      29.035   -88.496
0369   184.0   926.5     24.47    100.0     257    27    47.13    -21.14    -42.13     5     2.2     254     0   0   0   0      29.035   -88.496
0370   184.5   927.1     24.49    100.0     251    26    46.40    -20.45    -41.65     5     2.2     249     0   0   0   0      29.035   -88.496
0371   185.0   927.7     24.51    100.0     246    26    45.66    -19.70    -41.20     6     2.2     244     0   0   0   0      29.035   -88.496
0372   185.5   928.2     24.53    100.0     241    25    44.95    -18.89    -40.79     5     2.3     238     0   0   0   0      29.034   -88.496
0373   186.0   928.8     24.55    100.0     235    24    44.29    -18.09    -40.43     6     2.4     233     0   0   0   0      29.034   -88.496
0374   186.5   929.3     24.57    100.0     230    23    43.69    -17.30    -40.12     6     2.5     228     0   0   0   0      29.034   -88.496
0375   187.0   929.9     24.59    100.0     225    23    43.17    -16.57    -39.87     6     2.6     223     0   0   0   0      29.034   -88.496
0376   187.5   930.4     24.61    100.0     220    22    42.75    -15.91    -39.68     6     2.8     218     0   0   0   0      29.034   -88.496
0377   188.0   930.9     24.64    100.0     215    21    42.41    -15.35    -39.54     5     2.9     213     0   0   0   3      29.034   -88.496
0378   188.5   931.4     24.66    100.0     210    21    42.16    -14.90    -39.44     4     3.1     208     0   0   0   0      29.033   -88.496
0379   189.0   931.9     24.68    100.0     205    20    41.99    -14.56    -39.38     5     3.3     203     0   0   0   0      29.033   -88.497
0380   189.5   932.4     24.70    100.0     201    20    41.87    -14.34    -39.34     5     3.5     198     0   0   0   0      29.033   -88.497
0381   190.0   932.9     24.73    100.0     196    20    41.79    -14.21    -39.30     5     3.7     194     0   0   0   0      29.033   -88.497
0382   190.5   933.4     24.75    100.0     191    20    41.73    -14.16    -39.26     4     3.9     189     0   0   0   0      29.033   -88.497
0383   191.0   933.9     24.78    100.0     187    20    41.67    -14.18    -39.19     4     4.1     185     0   0   0   0      29.033   -88.497
0384   191.5   934.3     24.80    100.0     183    20    41.59    -14.23    -39.08     5     4.3     181     0   0   0   0      29.032   -88.497
0385   192.0   934.8     24.82    100.0     179    20    41.47    -14.29    -38.93     4     4.5     176     0   0   0   0      29.032   -88.497
0386   192.5   935.2     24.85    100.0     175    20    41.30    -14.35    -38.73     4     4.6     172     0   0   0   0      29.032   -88.497
0387   193.0   935.6     24.87    100.0     171    20    41.08    -14.38    -38.48     4     4.7     168     0   0   0   3      29.032   -88.497
0388   193.5   936.0     24.89    100.0     167    21    40.80    -14.36    -38.19     4     4.8     164     0   0   0   3      29.032   -88.497
0389   194.0   936.4     24.92    100.0     163    21    40.47    -14.29    -37.87     4     4.9     161     0   0   0   3      29.031   -88.497
0390   194.5   936.9     24.94    100.0     159    21    40.10    -14.17    -37.52     4     4.9     157     0   0   0   0      29.031   -88.497
0391   195.0   937.3     24.97    100.0     155    21    39.70    -13.98    -37.15     5     4.9     153     0   0   0   0      29.031   -88.497
0392   195.5   937.7     24.99    100.0     151    20    39.28    -13.74    -36.79     5     4.8     149     0   0   0   0      29.031   -88.498
0393   196.0   938.1     25.02    100.0     147    20    38.86    -13.46    -36.45     5     4.7     145     0   0   0   0      29.031   -88.498
0394   196.5   938.5     25.05    100.0     143    20    38.46    -13.14    -36.14     5     4.6     141     0   0   0   0      29.031   -88.498
0395   197.0   938.9     25.07    100.0     139    20    38.09    -12.78    -35.88     5     4.5     137     0   0   0   0      29.030   -88.498
0396   197.5   939.4     25.10    100.0     135    19    37.79    -12.40    -35.70     5     4.3     133     0   0   0   0      29.030   -88.498
0397   198.0   939.8     25.13    100.0     131    19    37.58    -12.03    -35.60     5     4.1     128     0   0   0   0      29.030   -88.498
0398   198.5   940.3     25.16    100.0     126    18    37.44    -11.69    -35.57     5     3.9     124     0   0   0   0      29.030   -88.498
0399   199.0   940.8     25.19    100.0     122    18    37.37    -11.37    -35.60     4     3.7     120     0   0   0   0      29.030   -88.498
0400   199.5   941.3     25.22    100.0     117    17    37.36    -11.08    -35.69     4     3.5     115     0   0   0   0      29.030   -88.498
0401   200.0   941.8     25.25    100.0     113    17    37.42    -10.81    -35.82     5     3.3     110     0   0   0   0      29.030   -88.498
0402   200.5   942.3     25.29    100.0     108    16    37.53    -10.55    -36.01     5     3.2     106     0   0   0   0      29.029   -88.498
0403   201.0   942.8     25.32    100.0     103    16    37.68    -10.29    -36.25     5     3.0     101     0   0   0   0      29.029   -88.498
0404   201.5   943.3     25.35    100.0      98    15    37.86    -10.02    -36.51     5     2.9      96     0   0   0   0      29.029   -88.498
0405   202.0   943.8     25.39    100.0      93    15    38.04     -9.71    -36.78     5     2.7      91     0   0   0   0      29.029   -88.498
0406   202.5   944.4     25.43    100.0      88    14    38.22     -9.37    -37.06     5     2.5      86     0   0   0   0      29.029   -88.498
0407   203.0   944.9     25.47    100.0      83    14    38.37     -9.02    -37.30     5     2.4      81     0   0   0   0      29.029   -88.498
0408   203.5   945.5     25.50    100.0      78    13    38.48     -8.67    -37.49     5     2.2      76     0   0   0   0      29.028   -88.498
0409   204.0   946.0     25.54    100.0      72    12    38.56     -8.34    -37.65     5     1.9      70     0   0   0   0      29.028   -88.498
0410   204.5   946.6     25.59    100.0      67    12    38.66     -8.04    -37.81     5     1.6      65     0   0   0   0      29.028   -88.499
0411   205.0   947.2     25.63    100.0      62    12    38.81     -7.77    -38.02     5     1.2      59     0   0   0   0      29.028   -88.499
0412   205.5   947.8     25.67    100.0      56    11    39.04     -7.51    -38.31     5      .7      54     0   0   0   0      29.028   -88.499
0413   206.0   948.4     25.71    100.0      50    11    39.38     -7.20    -38.71     6      .3      48     0   0   0   0      29.027   -88.499
0414   206.5   949.1     25.75    100.0      44    10    39.80     -6.74    -39.22     6      .1      41     0   0   0   0      29.027   -88.499
0415   207.0   949.9     25.79    100.0      37     9    40.07     -6.22    -39.58     6     -.4      35     0   0   0   0      29.027   -88.499
0416   207.5   950.6     25.83    100.0      30     9    39.86     -5.93    -39.42     6     -.7      28     0   0   0   0      29.027   -88.499
0417   208.0   951.3     25.88    100.0      23     9    38.95     -6.10    -38.47     6    -1.0      21     0   0   0   0      29.027   -88.499
0418   208.5   952.0     25.93    100.0      17     9    37.56     -5.83    -37.11     6    -1.1      14     0   0   0   0      29.027   -88.499
0419   209.0   952.8     25.97    100.0       9     6    36.04     -3.52    -35.86     6    -1.2       7     0   0   0   0      29.026   -88.499
