 ===========================================================================
 DROPWINDSONDE PROCESSING RECORD                            Sonde: 004255326
 PDS file written Sep 15, 2004.                             Format:    V5.12
 Aircraft: N43RF                             Date: 040916   Time: 020612 UTC
 ---------------------------------------------------------------------------
 Bias corrections:  PR =    .0 mb  TE =    .0 C  RH =    .0 %  PRB =   .0 mb
 Filters (LPF):     PTH =  10 s    WIND =  10 s       Hyd anchor =       SFC
 Dyn RH correction =  N     WSHR COR =      Y         Splash PR  =  996.7 mb
 Estimated PR used =  N     GPS VERR =    .39 m/s     HYD SFCP   =  999.2 mb
 Dyn T correction  =  Y     WGACORR  =    2.2 m       AC GA ADJ  =     .0 m
 ---------------------------------------------------------------------------
 COMMENTS: Destin no low winds                                         
 ===========================================================================

 ===========================================================================
 Date: 040916   Lat:  30.22 N   TA:   10.1 C   PS:  694.6 mb   WD:   156 deg
 Time: 020612   Lon:  86.38 W   TD:    9.8 C   GA:   3124 m    WS:  42.7 m/s
 SID:  004255326                RH:   98.0 %   Navaid:   GP          
 ===========================================================================

IX      t (s)  P (mb)    T (C)    RH (%)  Z (m)   WD    WS (m/s)   U (m/s)   V (m/s)  NS  WZ (m/s)  ZW (m)   FP  FT  FH  FW    LAT (N)   LON (E)
0001      .1   695.3     10.13   -999.0    3102   157    42.72    -16.91     39.23  -999  -999.0    3104     3   3   0   4      30.223   -86.381
0002      .6   695.9     10.17   -999.0    3094   156    42.80    -17.29     39.16  -999  -999.0    3096     3   3   0   4      30.223   -86.381
0003     1.1   696.6     10.21   -999.0    3086   156    42.83    -17.38     39.14  -999  -999.0    3088     3   3   0   4      30.223   -86.382
0004     1.6   697.2     10.24   -999.0    3078   156    42.85    -17.47     39.12  -999  -999.0    3080     3   3   0   4      30.223   -86.382
0005     2.1   697.9     10.28   -999.0    3070   156    42.87    -17.56     39.10  -999  -999.0    3072     3   3   0   4      30.223   -86.382
0006     2.6   698.6     10.31   -999.0    3062   156    42.89    -17.65     39.09  -999  -999.0    3064     3   3   0   4      30.224   -86.382
0007     3.1   699.2     10.35   -999.0    3054   156    42.91    -17.74     39.07  -999  -999.0    3056     3   3   0   4      30.224   -86.382
0008     3.6   699.9     10.39   -999.0    3046   155    42.93    -17.83     39.05  -999  -999.0    3048     3   3   0   4      30.224   -86.382
0009     4.1   700.6     10.42   -999.0    3038   155    42.95    -17.92     39.03  -999  -999.0    3040     3   3   0   4      30.224   -86.382
0010     4.6   701.2     10.46   -999.0    3030   155    42.97    -18.01     39.02  -999  -999.0    3033     3   3   0   4      30.224   -86.382
0011     5.1   701.9     10.49   -999.0    3022   155    43.00    -18.10     39.00  -999  -999.0    3025     3   3   0   4      30.225   -86.382
0012     5.6   702.5     10.53   -999.0    3015   155    43.02    -18.19     38.98  -999  -999.0    3017     3   3   0   4      30.225   -86.382
0013     6.1   703.2     10.57   -999.0    3007   155    43.04    -18.28     38.96  -999  -999.0    3009     3   3   0   4      30.225   -86.382
0014     6.6   703.9     10.61   -999.0    2999   155    43.06    -18.37     38.95  -999  -999.0    3001     3   3   0   4      30.225   -86.383
0015     7.1   704.5     10.64   -999.0    2991   155    43.09    -18.46     38.93  -999  -999.0    2993     3   3   0   4      30.225   -86.383
0016     7.6   705.2     10.68   -999.0    2983   155    43.11    -18.55     38.91  -999  -999.0    2985     3   3   0   4      30.225   -86.383
0017     8.1   705.9     10.72   -999.0    2975   154    43.13    -18.64     38.89  -999  -999.0    2978     3   3   0   4      30.226   -86.383
0018     8.6   706.5     10.76   -999.0    2968   154    43.16    -18.73     38.88  -999  -999.0    2970     3   3   0   4      30.226   -86.383
0019     9.1   707.2     10.79   -999.0    2960   154    43.18    -18.82     38.86  -999  -999.0    2962     3   3   0   4      30.226   -86.383
0020     9.6   707.8     10.83   -999.0    2952   154    43.20    -18.91     38.84  -999  -999.0    2954     3   3   0   4      30.226   -86.383
0021    10.1   708.5     10.87   -999.0    2944   154    43.23    -19.00     38.83  -999  -999.0    2946     3   3   0   4      30.226   -86.383
0022    10.6   709.2     10.91   -999.0    2936   154    43.25    -19.09     38.81  -999  -999.0    2938     3   3   0   4      30.226   -86.383
0023    11.1   709.8     10.94   -999.0    2928   154    43.27    -19.18     38.79  -999  -999.0    2930     3   3   0   4      30.227   -86.383
0024    11.6   710.5     10.98   -999.0    2920   154    43.30    -19.27     38.77  -999  -999.0    2923     3   3   0   4      30.227   -86.384
0025    12.1   711.2     11.02     86.3    2913   153    43.32    -19.36     38.76  -999  -999.0    2915     3   3   0   4      30.227   -86.384
0026    12.6   711.8     11.06     85.8    2905   153    43.35    -19.45     38.74  -999  -999.0    2907     3   3   0   4      30.227   -86.384
0027    13.1   712.5     11.10     87.6    2897   153    43.37    -19.54     38.72  -999  -999.0    2899     3   3   0   4      30.227   -86.384
0028    13.6   713.2     11.14     89.7    2889   153    43.40    -19.63     38.70  -999  -999.0    2891     3   3   0   4      30.228   -86.384
0029    14.1   713.8     11.19     91.2    2882   153    43.42    -19.72     38.69  -999  -999.0    2884     3   3   0   4      30.228   -86.384
0030    14.6   714.5     11.24     92.6    2874   153    43.45    -19.80     38.67  -999  -999.0    2876     3   3   0   4      30.228   -86.384
0031    15.1   715.1     11.28     93.7    2866   153    43.47    -19.89     38.65  -999  -999.0    2869     0   0   0   4      30.228   -86.384
0032    15.6   715.7     11.34     94.7    2859   153    43.50    -19.98     38.64  -999     -.6    2861     0   0   0   4      30.228   -86.384
0033    16.1   716.4     11.39     95.5    2852   153    43.52    -20.07     38.62  -999     -.4    2854     0   0   0   4      30.228   -86.384
0034    16.6   717.0     11.44     96.1    2844   152    43.55    -20.15     38.60  -999     -.2    2847     0   0   0   4      30.229   -86.385
0035    17.1   717.6     11.50     96.7    2837   152    43.57    -20.24     38.59  -999     -.1    2839     0   0   0   4      30.229   -86.385
0036    17.6   718.2     11.55     97.1    2830   152    43.60    -20.33     38.57  -999      .1    2832     0   0   0   4      30.229   -86.385
0037    18.1   718.8     11.61     97.5    2823   152    43.62    -20.42     38.55  -999      .3    2825     0   0   0   4      30.229   -86.385
0038    18.6   719.4     11.66     97.8    2816   152    43.65    -20.50     38.54  -999      .4    2818     0   0   0   4      30.229   -86.385
0039    19.1   720.0     11.71     98.1    2809   152    43.68    -20.59     38.52  -999      .6    2811     0   0   0   4      30.229   -86.385
0040    19.6   720.6     11.76     98.3    2802   152    43.70    -20.68     38.50  -999      .7    2805     0   0   0   4      30.230   -86.385
0041    20.1   721.2     11.80     98.5    2796   152    43.73    -20.77     38.48  -999      .9    2798     0   0   0   4      30.230   -86.385
0042    20.6   721.7     11.84     98.8    2789   152    43.76    -20.85     38.47  -999     1.0    2791     0   0   0   4      30.230   -86.385
0043    21.1   722.3     11.87     99.0    2783   151    43.78    -20.94     38.45  -999     1.1    2785     0   0   0   4      30.230   -86.386
0044    21.6   722.9     11.90     99.1    2776   151    43.81    -21.03     38.43  -999     1.2    2778     0   0   0   4      30.230   -86.386
0045    22.1   723.4     11.92     99.3    2770   151    43.84    -21.12     38.42  -999     1.3    2772     0   0   0   4      30.230   -86.386
0046    22.6   724.0     11.94     99.3    2763   151    43.87    -21.21     38.40  -999     1.4    2765     0   0   0   4      30.231   -86.386
0047    23.1   724.5     11.96     99.2    2757   151    43.89    -21.29     38.38  -999     1.5    2759     0   0   0   4      30.231   -86.386
0048    23.6   725.1     11.97     99.1    2750   151    43.92    -21.38     38.37  -999     1.5    2753     0   0   0   4      30.231   -86.386
0049    24.1   725.6     11.98     98.9    2744   151    43.95    -21.47     38.35  -999     1.6    2746     0   0   0   4      30.231   -86.386
0050    24.6   726.1     11.99     98.6    2738   151    43.98    -21.56     38.33  -999     1.6    2740     0   0   0   4      30.231   -86.386
0051    25.1   726.7     12.00     98.3    2732   151    44.01    -21.65     38.31  -999     1.7    2734     0   0   0   4      30.232   -86.386
0052    25.6   727.2     12.01     98.0    2725   150    44.04    -21.74     38.30  -999     1.7    2728     0   0   0   4      30.232   -86.387
0053    26.1   727.8     12.02     97.7    2719   150    44.07    -21.83     38.28  -999     1.8    2721     0   0   0   4      30.232   -86.387
0054    26.6   728.3     12.04     97.4    2713   150    44.10    -21.92     38.26  -999     1.8    2715     0   0   0   4      30.232   -86.387
0055    27.1   728.8     12.06     97.2    2707   150    44.12    -22.01     38.24  -999     1.8    2709     0   0   0   4      30.232   -86.387
0056    27.6   729.4     12.09     97.1    2701   150    44.15    -22.10     38.23  -999     1.9    2703     0   0   0   4      30.232   -86.387
0057    28.1   729.9     12.12     97.0    2695   150    44.18    -22.18     38.21  -999     1.9    2697     0   0   0   4      30.233   -86.387
0058    28.6   730.4     12.16     97.1    2688   150    44.21    -22.27     38.19  -999     2.0    2691     0   0   0   4      30.233   -86.387
0059    29.1   730.9     12.20     97.2    2682   150    44.24    -22.36     38.18  -999     2.1    2685     0   0   0   4      30.233   -86.387
0060    29.6   731.5     12.25     97.5    2676   150    44.27    -22.45     38.16  -999     2.2    2679     0   0   0   4      30.233   -86.387
0061    30.1   732.0     12.30     97.8    2670   149    44.30    -22.54     38.14  -999     2.2    2673     0   0   0   4      30.233   -86.388
0062    30.6   732.5     12.36     98.1    2664   149    44.33    -22.63     38.12  -999     2.3    2667     0   0   0   4      30.233   -86.388
0063    31.1   733.0     12.41     98.5    2659   149    44.37    -22.72     38.11  -999     2.4    2661     0   0   0   4      30.234   -86.388
0064    31.6   733.5     12.47     98.9    2653   149    44.40    -22.81     38.09  -999     2.5    2655     0   0   0   4      30.234   -86.388
0065    32.1   734.0     12.52     99.3    2647   149    44.43    -22.90     38.07  -999     2.6    2649     0   0   0   4      30.234   -86.388
0066    32.6   734.5     12.58     99.6    2641   149    44.46    -22.99     38.06  -999     2.6    2643     0   0   0   4      30.234   -86.388
0067    33.1   735.0     12.63     99.9    2636   149    44.49    -23.08     38.04  -999     2.6    2638     0   0   0   4      30.234   -86.388
0068    33.6   735.5     12.68    100.0    2630   149    44.52    -23.17     38.02  -999     2.7    2632     0   0   0   4      30.234   -86.388
0069    34.1   736.0     12.72    100.0    2624   149    44.55    -23.26     38.00  -999     2.6    2626     0   0   0   4      30.235   -86.389
0070    34.6   736.5     12.77    100.0    2618   148    44.59    -23.35     37.99  -999     2.6    2621     0   0   0   4      30.235   -86.389
0071    35.1   737.0     12.81    100.0    2613   148    44.62    -23.44     37.97  -999     2.6    2615     0   0   0   4      30.235   -86.389
0072    35.6   737.5     12.84    100.0    2607   148    44.65    -23.53     37.95  -999     2.5    2609     0   0   0   4      30.235   -86.389
0073    36.1   738.0     12.87    100.0    2601   148    44.69    -23.62     37.93  -999     2.4    2603     0   0   0   4      30.235   -86.389
0074    36.6   738.5     12.91    100.0    2595   148    44.72    -23.71     37.92  -999     2.3    2598     0   0   0   4      30.235   -86.389
0075    37.1   739.1     12.93    100.0    2589   148    44.75    -23.80     37.90  -999     2.2    2592     0   0   0   4      30.236   -86.389
0076    37.6   739.6     12.96    100.0    2584   148    44.79    -23.89     37.88  -999     2.2    2586     0   0   0   4      30.236   -86.389
0077    38.1   740.1     12.99    100.0    2578   148    44.82    -23.98     37.86  -999     2.1    2580     0   0   0   4      30.236   -86.390
0078    38.6   740.6     13.01    100.0    2571   148    44.85    -24.07     37.85  -999     2.0    2574     0   0   0   4      30.236   -86.390
0079    39.1   741.2     13.04    100.0    2565   147    44.89    -24.16     37.83  -999     2.0    2568     0   0   0   4      30.236   -86.390
0080    39.6   741.7     13.06    100.0    2559   147    44.92    -24.25     37.81  -999     2.0    2562     0   0   0   4      30.236   -86.390
0081    40.1   742.2     13.09    100.0    2553   147    44.95    -24.33     37.79  -999     2.0    2555     0   0   0   4      30.237   -86.390
0082    40.6   742.8     13.11    100.0    2547   147    44.98    -24.42     37.77  -999     2.0    2549     0   0   0   4      30.237   -86.390
0083    41.1   743.3     13.14    100.0    2541   147    45.02    -24.52     37.75  -999     2.1    2543     0   0   0   4      30.237   -86.390
0084    41.6   743.8     13.16    100.0    2535   147    45.05    -24.62     37.73  -999     2.2    2537     0   0   0   4      30.237   -86.390
0085    42.1   744.3     13.18    100.0    2529   147    45.09    -24.72     37.71  -999     2.3    2531     0   0   0   4      30.237   -86.391
0086    42.6   744.9     13.21    100.0    2523   147    45.14    -24.83     37.69  -999     2.4    2526     0   0   0   4      30.238   -86.391
0087    43.1   745.4     13.23    100.0    2518   146    45.19    -24.95     37.67  -999     2.6    2520     0   0   0   4      30.238   -86.391
0088    43.6   745.9     13.25    100.0    2512   146    45.24    -25.07     37.66  -999     2.7    2514     0   0   0   4      30.238   -86.391
0089    44.1   746.4     13.28    100.0    2506   146    45.29    -25.18     37.64  -999     2.9    2509     0   0   0   4      30.238   -86.391
0090    44.6   746.8     13.30    100.0    2501   146    45.34    -25.29     37.63  -999     3.0    2503     0   0   0   4      30.238   -86.391
0091    45.1   747.3     13.32    100.0    2495   146    45.39    -25.39     37.62  -999     3.1    2498     0   0   0   4      30.238   -86.391
0092    45.6   747.8     13.35    100.0    2490   146    45.42    -25.47     37.61  -999     3.2    2492     0   0   0   4      30.239   -86.391
0093    46.1   748.3     13.37    100.0    2485   146    45.45    -25.52     37.61  -999     3.3    2487     0   0   0   4      30.239   -86.392
0094    46.6   748.7     13.40    100.0    2479   146    45.46    -25.55     37.60  -999     3.3    2482     0   0   0   4      30.239   -86.392
0095    47.1   749.2     13.42    100.0    2474   146    45.46    -25.55     37.60  -999     3.3    2476     0   0   0   4      30.239   -86.392
0096    47.6   749.7     13.44    100.0    2469   146    45.44    -25.51     37.60  -999     3.3    2471     0   0   0   4      30.239   -86.392
0097    48.1   750.2     13.47    100.0    2464   146    45.40    -25.45     37.60  -999     3.3    2466     0   0   0   4      30.239   -86.392
0098    48.6   750.6     13.49    100.0    2458   146    45.35    -25.36     37.60     5     3.2    2460     0   0   0   0      30.240   -86.392
0099    49.1   751.1     13.51    100.0    2453   146    45.29    -25.24     37.61     6     3.1    2455     0   0   0   0      30.240   -86.392
0100    49.6   751.6     13.53    100.0    2447   146    45.23    -25.12     37.61     5     3.0    2450     0   0   0   0      30.240   -86.393
0101    50.1   752.1     13.56    100.0    2442   146    45.16    -24.99     37.62     6     2.9    2444     0   0   0   0      30.240   -86.393
0102    50.6   752.6     13.58    100.0    2436   147    45.10    -24.86     37.63     5     2.8    2438     0   0   0   0      30.240   -86.393
0103    51.1   753.1     13.60    100.0    2431   147    45.05    -24.75     37.64     5     2.7    2433     0   0   0   0      30.240   -86.393
0104    51.6   753.6     13.62    100.0    2425   147    45.01    -24.66     37.66     5     2.6    2427     0   0   0   0      30.241   -86.393
0105    52.1   754.1     13.65    100.0    2419   147    44.99    -24.60     37.67     5     2.5    2421     0   0   0   0      30.241   -86.393
0106    52.6   754.6     13.67    100.0    2413   147    44.99    -24.58     37.69     5     2.4    2416     3   3   3   3      30.241   -86.393
0107    53.1   755.1     13.69    100.0    2408   147    45.01    -24.59     37.70     5     2.3    2410     0   0   0   0      30.241   -86.393
0108    53.6   755.6     13.72    100.0    2402   147    45.04    -24.63     37.71     5     2.3    2404     0   0   0   0      30.241   -86.394
0109    54.1   756.2     13.74    100.0    2396   147    45.08    -24.71     37.71     5     2.2    2398     0   0   0   0      30.241   -86.394
0110    54.6   756.7     13.77    100.0    2390   147    45.14    -24.81     37.70     4     2.2    2392     0   0   0   0      30.242   -86.394
0111    55.1   757.2     13.79    100.0    2384   147    45.19    -24.93     37.69     4     2.2    2386     0   0   0   3      30.242   -86.394
0112    55.6   757.7     13.82    100.0    2378   146    45.25    -25.07     37.67     4     2.1    2381     0   0   0   0      30.242   -86.394
0113    56.1   758.3     13.84    100.0    2372   146    45.30    -25.20     37.64     4     2.1    2375     3   3   3   3      30.242   -86.394
0114    56.6   758.8     13.87    100.0    2367   146    45.34    -25.34     37.60     4     2.1    2369     0   0   0   3      30.242   -86.394
0115    57.1   759.3     13.90    100.0    2361   146    45.37    -25.47     37.54     4     2.0    2363     0   0   0   3      30.242   -86.394
0116    57.6   759.9     13.92    100.0    2355   146    45.38    -25.59     37.48     4     2.0    2357     0   0   0   3      30.243   -86.395
0117    58.1   760.4     13.95    100.0    2349   146    45.39    -25.69     37.42     4     2.0    2351     0   0   0   3      30.243   -86.395
0118    58.6   760.9     13.98    100.0    2343   145    45.38    -25.78     37.34     4     2.0    2345     0   0   0   3      30.243   -86.395
0119    59.1   761.5     14.00    100.0    2337   145    45.36    -25.86     37.26     4     2.0    2339     0   0   0   3      30.243   -86.395
0120    59.6   762.0     14.03    100.0    2331   145    45.33    -25.94     37.18     4     2.0    2333     0   0   0   3      30.243   -86.395
0121    60.1   762.5     14.05    100.0    2325   145    45.30    -26.00     37.09     4     2.0    2327     0   0   0   3      30.243   -86.395
0122    60.6   763.1     14.07    100.0    2319   145    45.27    -26.07     37.01     4     2.1    2321     3   3   3   3      30.244   -86.395
0123    61.1   763.6     14.10    100.0    2313   145    45.24    -26.13     36.93     4     2.1    2315     0   0   0   3      30.244   -86.396
0124    61.6   764.1     14.12    100.0    2307   145    45.21    -26.20     36.85     4     2.2    2309     0   0   0   3      30.244   -86.396
0125    62.1   764.7     14.14    100.0    2301   144    45.19    -26.27     36.77     4     2.3    2303     0   0   0   3      30.244   -86.396
0126    62.6   765.2     14.16    100.0    2295   144    45.18    -26.34     36.70     4     2.4    2298     0   0   0   3      30.244   -86.396
0127    63.1   765.7     14.18    100.0    2290   144    45.16    -26.42     36.63     4     2.5    2292     0   0   0   3      30.244   -86.396
0128    63.6   766.2     14.20    100.0    2284   144    45.15    -26.49     36.56     4     2.6    2286     0   0   0   3      30.245   -86.396
0129    64.1   766.7     14.22    100.0    2278   144    45.14    -26.57     36.50     4     2.6    2281     0   0   0   3      30.245   -86.396
0130    64.6   767.2     14.24    100.0    2273   144    45.14    -26.65     36.43     4     2.7    2275     0   0   0   3      30.245   -86.396
0131    65.1   767.7     14.27    100.0    2267   144    45.13    -26.73     36.36     4     2.8    2270     0   0   0   3      30.245   -86.397
0132    65.6   768.2     14.29    100.0    2262   144    45.12    -26.81     36.29     4     2.8    2264     0   0   0   3      30.245   -86.397
0133    66.1   768.7     14.31    100.0    2256   143    45.10    -26.88     36.22     4     2.8    2259     3   3   3   3      30.245   -86.397
0134    66.6   769.2     14.33    100.0    2251   143    45.09    -26.96     36.14     4     2.7    2253     0   0   0   3      30.246   -86.397
0135    67.1   769.7     14.36    100.0    2245   143    45.08    -27.05     36.06     4     2.7    2248     0   0   0   3      30.246   -86.397
0136    67.6   770.2     14.38    100.0    2240   143    45.06    -27.13     35.98     4     2.6    2242     0   0   0   3      30.246   -86.397
0137    68.1   770.7     14.41    100.0    2234   143    45.05    -27.22     35.89     4     2.5    2236     0   0   0   3      30.246   -86.397
0138    68.6   771.3     14.43    100.0    2228   143    45.03    -27.31     35.81     4     2.4    2231     0   0   0   3      30.246   -86.398
0139    69.1   771.8     14.46    100.0    2223   143    45.03    -27.41     35.72     4     2.3    2225     0   0   0   3      30.246   -86.398
0140    69.6   772.3     14.49    100.0    2217   142    45.02    -27.50     35.65     4     2.2    2219     0   0   0   3      30.247   -86.398
0141    70.1   772.8     14.52    100.0    2211   142    45.02    -27.60     35.57     4     2.1    2213     0   0   0   3      30.247   -86.398
0142    70.6   773.4     14.55    100.0    2205   142    45.03    -27.70     35.51     4     2.0    2207     0   0   0   3      30.247   -86.398
0143    71.1   773.9     14.58    100.0    2199   142    45.05    -27.79     35.45     4     2.0    2201     0   0   0   3      30.247   -86.398
0144    71.6   774.5     14.61    100.0    2193   142    45.06    -27.87     35.41     4     1.9    2196     3   3   3   3      30.247   -86.398
0145    72.1   775.0     14.64    100.0    2187   142    45.09    -27.94     35.38     4     1.9    2190     0   0   0   3      30.247   -86.399
0146    72.6   775.5     14.67    100.0    2181   142    45.11    -27.99     35.37     4     1.9    2184     0   0   0   3      30.248   -86.399
0147    73.1   776.1     14.70    100.0    2175   142    45.13    -28.02     35.38     4     1.9    2178     0   0   0   3      30.248   -86.399
0148    73.6   776.6     14.73    100.0    2170   142    45.15    -28.02     35.40     4     1.9    2172     0   0   0   3      30.248   -86.399
0149    74.1   777.2     14.75    100.0    2164   142    45.16    -27.99     35.44     4     1.9    2166     0   0   0   0      30.248   -86.399
0150    74.6   777.7     14.78    100.0    2158   142    45.16    -27.92     35.50     4     1.9    2160     0   0   0   0      30.248   -86.399
0151    75.1   778.3     14.81    100.0    2152   142    45.15    -27.82     35.56     4     1.9    2154     0   0   0   3      30.248   -86.399
0152    75.6   778.8     14.84    100.0    2146   142    45.13    -27.69     35.64     4     1.9    2148     0   0   0   0      30.248   -86.400
0153    76.1   779.3     14.86    100.0    2140   142    45.10    -27.54     35.72     4     2.0    2142     0   0   0   0      30.249   -86.400
0154    76.6   779.9     14.89    100.0    2134   143    45.05    -27.36     35.79     4     2.0    2136     0   0   0   0      30.249   -86.400
0155    77.1   780.4     14.91    100.0    2128   143    45.00    -27.18     35.86     4     2.0    2130     0   0   0   0      30.249   -86.400
0156    77.6   781.0     14.94    100.0    2122   143    44.93    -26.99     35.92     4     2.0    2124     0   0   0   0      30.249   -86.400
0157    78.1   781.5     14.96    100.0    2116   143    44.86    -26.82     35.96     4     2.0    2119     0   0   0   0      30.249   -86.400
0158    78.6   782.0     14.98    100.0    2111   143    44.78    -26.66     35.97     4     2.0    2113     0   0   0   0      30.249   -86.400
0159    79.1   782.6     15.01    100.0    2105   144    44.69    -26.54     35.95     4     1.9    2107     0   0   0   0      30.250   -86.401
0160    79.6   783.1     15.03    100.0    2099   144    44.60    -26.47     35.90     4     1.9    2101     0   0   0   0      30.250   -86.401
0161    80.1   783.7     15.05    100.0    2093   144    44.51    -26.43     35.81     4     1.9    2095     0   0   0   3      30.250   -86.401
0162    80.6   784.2     15.07    100.0    2087   143    44.41    -26.45     35.68     4     1.9    2089     0   0   0   3      30.250   -86.401
0163    81.1   784.8     15.09    100.0    2081   143    44.32    -26.51     35.51     4     1.9    2083     0   0   0   3      30.250   -86.401
0164    81.6   785.3     15.11    100.0    2075   143    44.22    -26.63     35.31     4     1.9    2077     0   0   0   0      30.250   -86.401
0165    82.1   785.8     15.13    100.0    2069   143    44.13    -26.78     35.08     4     1.9    2071     0   0   0   3      30.251   -86.401
0166    82.6   786.4     15.16    100.0    2063   142    44.04    -26.96     34.82     4     1.8    2066     0   0   0   3      30.251   -86.402
0167    83.1   786.9     15.18    100.0    2057   142    43.95    -27.16     34.56     4     1.8    2060     0   0   0   0      30.251   -86.402
0168    83.6   787.5     15.20    100.0    2051   141    43.87    -27.36     34.28     4     1.8    2054     0   0   0   3      30.251   -86.402
0169    84.1   788.0     15.22    100.0    2046   141    43.79    -27.56     34.02     4     1.8    2048     0   0   0   3      30.251   -86.402
0170    84.6   788.6     15.24    100.0    2040   141    43.71    -27.75     33.77     4     1.7    2042     0   0   0   3      30.251   -86.402
0171    85.1   789.1     15.26    100.0    2034   140    43.64    -27.90     33.55     4     1.7    2036     0   0   0   3      30.251   -86.402
0172    85.6   789.7     15.29    100.0    2028   140    43.57    -28.01     33.37     4     1.6    2030     0   0   0   3      30.252   -86.402
0173    86.1   790.3     15.31    100.0    2022   140    43.50    -28.08     33.23     4     1.6    2024     0   0   0   3      30.252   -86.403
0174    86.6   790.8     15.33    100.0    2016   140    43.45    -28.11     33.13     4     1.5    2018     0   0   0   3      30.252   -86.403
0175    87.1   791.4     15.35    100.0    2009   140    43.39    -28.09     33.08     4     1.4    2012     0   0   0   0      30.252   -86.403
0176    87.6   791.9     15.38    100.0    2003   140    43.35    -28.02     33.07     4     1.4    2006     0   0   0   0      30.252   -86.403
0177    88.1   792.5     15.40    100.0    1997   140    43.32    -27.93     33.11     5     1.3    1999     0   0   0   0      30.252   -86.403
0178    88.6   793.1     15.42    100.0    1991   140    43.29    -27.80     33.18     5     1.1    1993     0   0   0   0      30.253   -86.403
0179    89.1   793.7     15.44    100.0    1985   140    43.27    -27.66     33.28     5     1.0    1987     0   0   0   0      30.253   -86.403
0180    89.6   794.3     15.47    100.0    1978   141    43.26    -27.51     33.39     5      .9    1981     0   0   0   0      30.253   -86.404
0181    90.1   794.9     15.49    100.0    1972   141    43.26    -27.36     33.51     5      .7    1974     0   0   0   0      30.253   -86.404
0182    90.6   795.5     15.52    100.0    1966   141    43.27    -27.22     33.63     5      .5    1968     0   0   0   0      30.253   -86.404
0183    91.1   796.1     15.54    100.0    1959   141    43.28    -27.09     33.75     5      .3    1961     0   0   0   3      30.253   -86.404
0184    91.6   796.7     15.57    100.0    1952   141    43.29    -27.00     33.84     5      .1    1954     0   0   0   3      30.253   -86.404
0185    92.1   797.3     15.60    100.0    1945   142    43.30    -26.92     33.91     5     -.1    1948     0   0   0   3      30.254   -86.404
0186    92.6   798.0     15.63    100.0    1939   142    43.31    -26.87     33.96     5     -.2    1941     0   0   0   0      30.254   -86.404
0187    93.1   798.6     15.67    100.0    1932   142    43.31    -26.85     33.98     5     -.4    1934     0   0   0   0      30.254   -86.405
0188    93.6   799.3     15.70    100.0    1925   142    43.31    -26.86     33.98     5     -.6    1927     0   0   0   0      30.254   -86.405
0189    94.1   800.0     15.74    100.0    1917   142    43.31    -26.88     33.95     5     -.7    1920     0   0   0   0      30.254   -86.405
0190    94.6   800.7     15.77    100.0    1910   142    43.30    -26.92     33.91     5     -.9    1912     0   0   0   3      30.254   -86.405
0191    95.1   801.3     15.81    100.0    1903   141    43.28    -26.98     33.84     5    -1.0    1905     0   0   0   3      30.255   -86.405
0192    95.6   802.0     15.85    100.0    1896   141    43.25    -27.05     33.75     5    -1.1    1898     0   0   0   0      30.255   -86.405
0193    96.1   802.7     15.88    100.0    1888   141    43.21    -27.12     33.64     5    -1.1    1890     0   0   0   0      30.255   -86.405
0194    96.6   803.4     15.92    100.0    1881   141    43.17    -27.21     33.52     5    -1.2    1883     0   0   0   0      30.255   -86.406
0195    97.1   804.1     15.96    100.0    1873   141    43.13    -27.31     33.38     5    -1.2    1876     0   0   0   3      30.255   -86.406
0196    97.6   804.8     15.99    100.0    1866   140    43.08    -27.42     33.23     5    -1.2    1868     0   0   0   0      30.255   -86.406
0197    98.1   805.5     16.03    100.0    1859   140    43.04    -27.54     33.07     5    -1.2    1861     0   0   0   0      30.255   -86.406
0198    98.6   806.2     16.06    100.0    1851   140    43.00    -27.69     32.89     5    -1.1    1853     0   0   0   0      30.256   -86.406
0199    99.1   806.9     16.09    100.0    1844   140    42.97    -27.86     32.72     5    -1.1    1846     0   0   0   3      30.256   -86.406
0200    99.6   807.6     16.12    100.0    1836   139    42.96    -28.06     32.54     5    -1.0    1839     0   0   0   0      30.256   -86.406
0201   100.1   808.3     16.15    100.0    1829   139    42.98    -28.29     32.36     4     -.9    1831     0   0   0   0      30.256   -86.407
0202   100.6   809.0     16.17    100.0    1822   138    43.01    -28.54     32.18     4     -.8    1824     0   0   0   0      30.256   -86.407
0203   101.1   809.6     16.20    100.0    1815   138    43.08    -28.82     32.02     4     -.7    1817     0   0   0   0      30.256   -86.407
0204   101.6   810.3     16.22    100.0    1808   138    43.16    -29.12     31.86     4     -.6    1810     0   0   0   0      30.256   -86.407
0205   102.1   811.0     16.25    100.0    1801   137    43.27    -29.43     31.72     4     -.5    1803     0   0   0   3      30.257   -86.407
0206   102.6   811.6     16.27    100.0    1794   137    43.40    -29.75     31.60     4     -.4    1796     0   0   0   0      30.257   -86.407
0207   103.1   812.3     16.29    100.0    1787   136    43.53    -30.06     31.49     4     -.3    1789     0   0   0   0      30.257   -86.407
0208   103.6   813.0     16.32    100.0    1780   136    43.67    -30.36     31.39     4     -.2    1782     0   0   0   0      30.257   -86.408
0209   104.1   813.6     16.34    100.0    1773   136    43.80    -30.64     31.31     4     -.2    1775     0   0   0   0      30.257   -86.408
0210   104.6   814.3     16.36    100.0    1766   135    43.92    -30.88     31.23     4     -.1    1768     3   3   3   3      30.257   -86.408
0211   105.1   814.9     16.38    100.0    1759   135    44.03    -31.09     31.17     4      .0    1762     0   0   0   0      30.257   -86.408
0212   105.6   815.5     16.40    100.0    1753   135    44.10    -31.26     31.11     4      .0    1755     0   0   0   0      30.258   -86.408
0213   106.1   816.2     16.43    100.0    1746   135    44.16    -31.39     31.06     4      .1    1748     0   0   0   3      30.258   -86.408
0214   106.6   816.8     16.45    100.0    1739   135    44.18    -31.47     31.01     4      .1    1742     0   0   0   0      30.258   -86.409
0215   107.1   817.5     16.47    100.0    1733   134    44.19    -31.52     30.97     4      .1    1735     0   0   0   0      30.258   -86.409
0216   107.6   818.1     16.50    100.0    1726   134    44.18    -31.54     30.94     4      .2    1728     0   0   0   3      30.258   -86.409
0217   108.1   818.7     16.52    100.0    1719   134    44.17    -31.53     30.93     4      .2    1722     0   0   0   0      30.258   -86.409
0218   108.6   819.4     16.55    100.0    1713   134    44.15    -31.50     30.93     4      .2    1715     0   0   0   0      30.258   -86.409
0219   109.1   820.0     16.58    100.0    1706   135    44.13    -31.47     30.95     4      .2    1708     0   0   0   3      30.259   -86.409
0220   109.6   820.6     16.60    100.0    1700   135    44.13    -31.42     30.99     4      .2    1702     0   0   0   3      30.259   -86.410
0221   110.1   821.3     16.63    100.0    1693   135    44.15    -31.38     31.05     4      .2    1695     0   0   0   0      30.259   -86.410
0222   110.6   821.9     16.66    100.0    1686   135    44.19    -31.35     31.14     4      .2    1689     0   0   0   0      30.259   -86.410
0223   111.1   822.5     16.69    100.0    1680   135    44.25    -31.33     31.25     4      .2    1682     0   0   0   0      30.259   -86.410
0224   111.6   823.2     16.72    100.0    1673   135    44.34    -31.32     31.38     4      .2    1675     0   0   0   0      30.259   -86.410
0225   112.1   823.8     16.76    100.0    1667   135    44.45    -31.33     31.53     4      .2    1669     0   0   0   0      30.259   -86.410
0226   112.6   824.4     16.79    100.0    1660   135    44.59    -31.36     31.69     4      .2    1662     0   0   0   0      30.260   -86.411
0227   113.1   825.1     16.82    100.0    1653   135    44.74    -31.41     31.85     4      .2    1656     0   0   0   0      30.260   -86.411
0228   113.6   825.7     16.85    100.0    1647   135    44.90    -31.48     32.02     4      .1    1649     0   0   0   0      30.260   -86.411
0229   114.1   826.3     16.89    100.0    1640   136    45.07    -31.56     32.18     4      .1    1642     0   0   0   0      30.260   -86.411
0230   114.6   827.0     16.92    100.0    1634   136    45.24    -31.65     32.32     4      .0    1636     0   0   0   0      30.260   -86.411
0231   115.1   827.6     16.95    100.0    1627   136    45.40    -31.75     32.45     4      .0    1629     0   0   0   0      30.260   -86.411
0232   115.6   828.3     16.99    100.0    1620   136    45.55    -31.85     32.57     4      .0    1622     0   0   0   0      30.260   -86.411
0233   116.1   828.9     17.03    100.0    1613   136    45.69    -31.95     32.66     4     -.1    1616     0   0   0   0      30.261   -86.412
0234   116.6   829.6     17.06    100.0    1607   136    45.81    -32.04     32.74     4     -.1    1609     0   0   0   0      30.261   -86.412
0235   117.1   830.2     17.10    100.0    1600   136    45.90    -32.11     32.79     4     -.2    1602     0   0   0   0      30.261   -86.412
0236   117.6   830.9     17.14    100.0    1593   136    45.96    -32.17     32.83     4     -.2    1595     0   0   0   0      30.261   -86.412
0237   118.1   831.6     17.18    100.0    1586   136    46.00    -32.19     32.86     4     -.2    1588     0   0   0   0      30.261   -86.412
0238   118.6   832.2     17.22    100.0    1579   136    46.01    -32.19     32.88     4     -.2    1582     0   0   0   0      30.261   -86.413
0239   119.1   832.9     17.27    100.0    1573   136    45.99    -32.15     32.88     4     -.2    1575     0   0   0   0      30.261   -86.413
0240   119.6   833.5     17.31    100.0    1566   136    45.95    -32.09     32.89     4     -.2    1568     0   0   0   0      30.262   -86.413
0241   120.1   834.2     17.35    100.0    1559   136    45.88    -31.99     32.88     4     -.2    1561     0   0   0   0      30.262   -86.413
0242   120.6   834.9     17.40    100.0    1552   136    45.79    -31.87     32.88     4     -.2    1554     0   0   0   0      30.262   -86.413
0243   121.1   835.5     17.44    100.0    1546   136    45.69    -31.73     32.87     4     -.2    1548     0   0   0   0      30.262   -86.413
0244   121.6   836.2     17.48    100.0    1539   136    45.59    -31.58     32.87     4     -.1    1541     0   0   0   0      30.262   -86.414
0245   122.1   836.8     17.52    100.0    1532   136    45.48    -31.43     32.87     4     -.1    1534     0   0   0   0      30.262   -86.414
0246   122.6   837.5     17.56    100.0    1525   136    45.39    -31.29     32.88     5      .0    1528     0   0   0   3      30.262   -86.414
0247   123.1   838.1     17.60    100.0    1519   137    45.31    -31.16     32.89     5      .0    1521     0   0   0   0      30.263   -86.414
0248   123.6   838.8     17.64    100.0    1512   137    45.25    -31.04     32.92     5      .1    1514     0   0   0   0      30.263   -86.414
0249   124.1   839.4     17.68    100.0    1505   137    45.22    -30.96     32.96     5      .2    1508     0   0   0   0      30.263   -86.414
0250   124.6   840.1     17.71    100.0    1499   137    45.22    -30.90     33.02     5      .2    1501     0   0   0   0      30.263   -86.414
0251   125.1   840.7     17.75    100.0    1492   137    45.26    -30.88     33.09     5      .3    1495     0   0   0   0      30.263   -86.415
0252   125.6   841.3     17.78    100.0    1486   137    45.32    -30.88     33.17     5      .4    1488     0   0   0   0      30.263   -86.415
0253   126.1   842.0     17.82    100.0    1479   137    45.42    -30.92     33.27     5      .4    1482     0   0   0   0      30.264   -86.415
0254   126.6   842.6     17.85    100.0    1473   137    45.54    -30.98     33.39     5      .5    1475     0   0   0   0      30.264   -86.415
0255   127.1   843.2     17.89    100.0    1467   137    45.69    -31.06     33.51     5      .5    1469     0   0   0   0      30.264   -86.415
0256   127.6   843.9     17.92    100.0    1460   137    45.84    -31.16     33.63     5      .6    1462     0   0   0   0      30.264   -86.415
0257   128.1   844.5     17.96    100.0    1454   137    46.00    -31.27     33.75     4      .6    1456     0   0   0   0      30.264   -86.416
0258   128.6   845.1     18.00    100.0    1448   137    46.16    -31.38     33.85     4      .6    1450     0   0   0   0      30.264   -86.416
0259   129.1   845.7     18.04    100.0    1441   137    46.31    -31.50     33.94     5      .7    1443     0   0   0   0      30.264   -86.416
0260   129.6   846.3     18.07    100.0    1435   137    46.45    -31.63     34.02     5      .7    1437     0   0   0   0      30.265   -86.416
0261   130.1   847.0     18.11    100.0    1429   137    46.56    -31.74     34.06     4      .8    1431     0   0   0   0      30.265   -86.416
0262   130.6   847.6     18.14    100.0    1422   137    46.66    -31.86     34.08     5      .8    1425     0   0   0   0      30.265   -86.416
0263   131.1   848.2     18.18    100.0    1416   137    46.73    -31.97     34.08     5      .9    1418     0   0   0   0      30.265   -86.417
0264   131.6   848.8     18.21    100.0    1410   137    46.78    -32.08     34.05     5      .9    1412     0   0   0   0      30.265   -86.417
0265   132.1   849.4     18.24    100.0    1404   137    46.81    -32.17     34.00     5     1.0    1406     0   0   0   3      30.265   -86.417
0266   132.6   850.0     18.27    100.0    1398   136    46.83    -32.26     33.95     5     1.1    1400     0   0   0   0      30.266   -86.417
0267   133.1   850.6     18.30    100.0    1392   136    46.84    -32.34     33.88     6     1.1    1394     0   0   0   0      30.266   -86.417
0268   133.6   851.2     18.33    100.0    1386   136    46.84    -32.40     33.82     6     1.2    1388     0   0   0   0      30.266   -86.417
0269   134.1   851.8     18.36    100.0    1380   136    46.83    -32.45     33.76     5     1.2    1382     0   0   0   0      30.266   -86.418
0270   134.6   852.4     18.39    100.0    1374   136    46.82    -32.48     33.72     6     1.2    1376     0   0   0   0      30.266   -86.418
0271   135.1   853.0     18.42    100.0    1368   136    46.80    -32.49     33.69     5     1.2    1370     0   0   0   0      30.266   -86.418
0272   135.6   853.6     18.46    100.0    1362   136    46.78    -32.48     33.67     5     1.2    1364     0   0   0   0      30.266   -86.418
0273   136.1   854.2     18.49    100.0    1356   136    46.75    -32.45     33.66     5     1.2    1358     0   0   0   0      30.267   -86.418
0274   136.6   854.7     18.53    100.0    1350   136    46.72    -32.40     33.65     5     1.2    1352     0   0   0   0      30.267   -86.418
0275   137.1   855.3     18.56    100.0    1344   136    46.67    -32.33     33.65     5     1.1    1346     0   0   0   0      30.267   -86.419
0276   137.6   855.9     18.60    100.0    1338   136    46.60    -32.25     33.64     5     1.1    1340     0   0   0   0      30.267   -86.419
0277   138.1   856.5     18.63    100.0    1332   136    46.52    -32.15     33.62     5     1.1    1334     0   0   0   0      30.267   -86.419
0278   138.6   857.2     18.67    100.0    1326   136    46.42    -32.04     33.58     5     1.0    1328     0   0   0   0      30.267   -86.419
0279   139.1   857.8     18.70    100.0    1319   136    46.30    -31.93     33.52     6     1.0    1322     0   0   0   0      30.268   -86.419
0280   139.6   858.4     18.72    100.0    1313   136    46.16    -31.82     33.43     6     1.0    1316     0   0   0   0      30.268   -86.419
0281   140.1   859.0     18.75    100.0    1307   136    46.00    -31.72     33.32     6     1.0    1309     0   0   0   0      30.268   -86.420
0282   140.6   859.6     18.77    100.0    1301   136    45.83    -31.61     33.18     6     1.0    1303     0   0   0   3      30.268   -86.420
0283   141.1   860.2     18.78    100.0    1295   136    45.65    -31.51     33.03     6     1.0    1297     0   0   0   0      30.268   -86.420
0284   141.6   860.8     18.79    100.0    1289   136    45.47    -31.42     32.86     6     1.0    1291     0   0   0   0      30.268   -86.420
0285   142.1   861.4     18.80    100.0    1283   136    45.28    -31.33     32.69     6     1.0    1285     0   0   0   0      30.268   -86.420
0286   142.6   862.0     18.81    100.0    1277   136    45.10    -31.25     32.52     6      .9    1279     0   0   0   0      30.269   -86.420
0287   143.1   862.6     18.82    100.0    1271   136    44.93    -31.17     32.35     6      .9    1273     0   0   0   0      30.269   -86.421
0288   143.6   863.2     18.82    100.0    1264   136    44.76    -31.10     32.19     5      .9    1267     0   0   0   0      30.269   -86.421
0289   144.1   863.8     18.83    100.0    1258   136    44.61    -31.04     32.04     4      .8    1261     0   0   0   0      30.269   -86.421
0290   144.6   864.5     18.83    100.0    1252   136    44.47    -30.99     31.89     5      .8    1254     0   0   0   0      30.269   -86.421
0291   145.1   865.1     18.84    100.0    1246   136    44.33    -30.95     31.74     5      .7    1248     0   0   0   3      30.269   -86.421
0292   145.6   865.7     18.86    100.0    1240   136    44.20    -30.92     31.59     5      .6    1242     0   0   0   0      30.269   -86.421
0293   146.1   866.3     18.87    100.0    1234   135    44.08    -30.91     31.43     5      .5    1236     0   0   0   0      30.270   -86.422
0294   146.6   867.0     18.90    100.0    1227   135    43.96    -30.91     31.25     6      .4    1229     0   0   0   0      30.270   -86.422
0295   147.1   867.6     18.92    100.0    1221   135    43.84    -30.94     31.06     6      .4    1223     0   0   0   0      30.270   -86.422
0296   147.6   868.3     18.95    100.0    1214   135    43.73    -30.99     30.85     6      .3    1217     0   0   0   0      30.270   -86.422
0297   148.1   868.9     18.98    100.0    1208   135    43.62    -31.06     30.63     6      .2    1210     0   0   0   0      30.270   -86.422
0298   148.6   869.6     19.01    100.0    1201   134    43.52    -31.16     30.39     6      .2    1204     0   0   0   0      30.270   -86.422
0299   149.1   870.2     19.04    100.0    1195   134    43.44    -31.28     30.14     6      .2    1197     0   0   0   0      30.270   -86.423
0300   149.6   870.9     19.08    100.0    1188   134    43.37    -31.42     29.90     7      .2    1191     3   3   3   0      30.271   -86.423
0301   150.1   871.5     19.11    100.0    1182   133    43.33    -31.58     29.66     7      .2    1184     0   0   0   3      30.271   -86.423
0302   150.6   872.2     19.15    100.0    1176   133    43.30    -31.75     29.44     7      .3    1178     0   0   0   3      30.271   -86.423
0303   151.1   872.8     19.18    100.0    1169   132    43.29    -31.93     29.24     7      .4    1171     0   0   0   3      30.271   -86.423
0304   151.6   873.5     19.22    100.0    1163   132    43.30    -32.10     29.06     7      .5    1165     0   0   0   0      30.271   -86.423
0305   152.1   874.1     19.26    100.0    1157   132    43.33    -32.27     28.91     6      .5    1159     0   0   0   0      30.271   -86.424
0306   152.6   874.7     19.29    100.0    1150   132    43.35    -32.43     28.78     5      .6    1152     0   0   0   0      30.271   -86.424
0307   153.1   875.4     19.33    100.0    1144   131    43.38    -32.56     28.67     6      .7    1146     0   0   0   0      30.271   -86.424
0308   153.6   876.0     19.36    100.0    1138   131    43.41    -32.66     28.59     7      .8    1140     0   0   0   0      30.272   -86.424
0309   154.1   876.6     19.40    100.0    1132   131    43.42    -32.74     28.52     6      .8    1134     0   0   0   3      30.272   -86.424
0310   154.6   877.2     19.43    100.0    1126   131    43.42    -32.79     28.46     5      .9    1128     0   0   0   0      30.272   -86.424
0311   155.1   877.8     19.46    100.0    1120   131    43.39    -32.80     28.41     5      .9    1122     0   0   0   3      30.272   -86.425
0312   155.6   878.4     19.49    100.0    1114   131    43.35    -32.79     28.36     5      .9    1116     0   0   0   0      30.272   -86.425
0313   156.1   879.1     19.52    100.0    1108   131    43.29    -32.75     28.31     6      .9    1110     0   0   0   0      30.272   -86.425
0314   156.6   879.7     19.55    100.0    1102   131    43.22    -32.69     28.27     5      .9    1104     0   0   0   0      30.272   -86.425
0315   157.1   880.3     19.58    100.0    1096   131    43.13    -32.62     28.22     5      .9    1098     0   0   0   0      30.272   -86.425
0316   157.6   880.9     19.61    100.0    1089   131    43.05    -32.54     28.18     5      .9    1092     0   0   0   0      30.273   -86.425
0317   158.1   881.5     19.63    100.0    1083   131    42.96    -32.46     28.15     5      .9    1086     0   0   0   0      30.273   -86.426
0318   158.6   882.1     19.66    100.0    1077   131    42.89    -32.39     28.12     5      .8    1079     0   0   0   0      30.273   -86.426
0319   159.1   882.8     19.69    100.0    1071   131    42.83    -32.33     28.09     5      .8    1073     0   0   0   0      30.273   -86.426
0320   159.6   883.4     19.71    100.0    1065   131    42.78    -32.29     28.07     5      .8    1067     0   0   0   0      30.273   -86.426
0321   160.1   884.0     19.74    100.0    1059   131    42.76    -32.26     28.05     5      .8    1061     0   0   0   0      30.273   -86.426
0322   160.6   884.6     19.77    100.0    1053   131    42.74    -32.26     28.04     5      .8    1055     0   0   0   0      30.273   -86.426
0323   161.1   885.3     19.79    100.0    1047   131    42.74    -32.27     28.02     5      .8    1049     0   0   0   0      30.273   -86.427
0324   161.6   885.9     19.82    100.0    1041   131    42.75    -32.30     28.00     5      .8    1043     0   0   0   0      30.274   -86.427
0325   162.1   886.5     19.85    100.0    1034   131    42.76    -32.34     27.97     6      .9    1037     0   0   0   0      30.274   -86.427
0326   162.6   887.1     19.88    100.0    1028   131    42.76    -32.37     27.94     6      .9    1031     0   0   0   0      30.274   -86.427
0327   163.1   887.7     19.90    100.0    1022   131    42.77    -32.41     27.90     6      .9    1025     0   0   0   0      30.274   -86.427
0328   163.6   888.4     19.93    100.0    1016   131    42.76    -32.45     27.84     5     1.0    1019     0   0   0   0      30.274   -86.427
0329   164.1   889.0     19.96    100.0    1010   131    42.75    -32.49     27.78     5     1.0    1013     0   0   0   0      30.274   -86.428
0330   164.6   889.6     19.99    100.0    1004   130    42.73    -32.53     27.71     5     1.0    1007     0   0   0   0      30.274   -86.428
0331   165.1   890.2     20.02    100.0     998   130    42.71    -32.58     27.62     5     1.0    1001     0   0   0   0      30.274   -86.428
0332   165.6   890.8     20.05    100.0     992   130    42.69    -32.64     27.52     5      .9     995     0   0   0   0      30.275   -86.428
0333   166.1   891.4     20.09    100.0     986   130    42.68    -32.71     27.41     5      .9     989     0   0   0   0      30.275   -86.428
0334   166.6   892.1     20.12    100.0     980   130    42.67    -32.81     27.28     5      .9     983     0   0   0   0      30.275   -86.428
0335   167.1   892.7     20.16    100.0     974   129    42.67    -32.93     27.13     5      .8     977     0   0   0   0      30.275   -86.429
0336   167.6   893.3     20.21    100.0     968   129    42.69    -33.10     26.97     6      .8     970     0   0   0   0      30.275   -86.429
0337   168.1   893.9     20.26    100.0     962   129    42.74    -33.31     26.77     6      .7     964     0   0   0   0      30.275   -86.429
0338   168.6   894.6     20.31    100.0     956   128    42.81    -33.58     26.56     5      .7     958     0   0   0   0      30.275   -86.429
0339   169.1   895.2     20.37    100.0     950   128    42.91    -33.89     26.33     5      .6     952     0   0   0   0      30.275   -86.429
0340   169.6   895.8     20.43    100.0     944   127    43.04    -34.24     26.08     5      .6     946     0   0   0   0      30.276   -86.429
0341   170.1   896.5     20.50    100.0     937   127    43.19    -34.63     25.81     5      .6     940     0   0   0   0      30.276   -86.430
0342   170.6   897.1     20.57    100.0     931   126    43.36    -35.05     25.54     5      .6     933     0   0   0   0      30.276   -86.430
0343   171.1   897.8     20.64    100.0     925   125    43.55    -35.47     25.27     5      .6     927     0   0   0   0      30.276   -86.430
0344   171.6   898.4     20.71    100.0     919   125    43.73    -35.88     25.01     5      .7     921     0   0   0   0      30.276   -86.430
0345   172.1   899.0     20.78    100.0     913   124    43.91    -36.26     24.76     5      .7     915     0   0   0   0      30.276   -86.430
0346   172.6   899.7     20.84    100.0     907   124    44.06    -36.60     24.54     6      .7     909     0   0   0   0      30.276   -86.431
0347   173.1   900.3     20.90    100.0     901   123    44.19    -36.87     24.34     6      .8     903     0   0   0   0      30.276   -86.431
0348   173.6   900.9     20.96    100.0     895   123    44.27    -37.08     24.18     4      .8     897     0   0   0   0      30.276   -86.431
0349   174.1   901.5     21.00    100.0     889   123    44.31    -37.22     24.05     5      .9     891     0   0   0   0      30.277   -86.431
0350   174.6   902.2     21.04    100.0     883   123    44.30    -37.27     23.94     5     1.0     885     0   0   0   0      30.277   -86.431
0351   175.1   902.8     21.08    100.0     877   123    44.23    -37.24     23.86     4     1.0     879     0   0   0   0      30.277   -86.431
0352   175.6   903.4     21.10    100.0     871   123    44.11    -37.15     23.79     5     1.1     873     0   0   0   0      30.277   -86.432
0353   176.1   904.0     21.12    100.0     865   123    43.95    -36.99     23.73     5     1.1     867     0   0   0   0      30.277   -86.432
0354   176.6   904.6     21.14    100.0     859   123    43.75    -36.79     23.67     5     1.2     861     0   0   0   0      30.277   -86.432
0355   177.1   905.2     21.16    100.0     853   123    43.51    -36.55     23.61     5     1.3     855     0   0   0   0      30.277   -86.432
0356   177.6   905.8     21.17    100.0     847   123    43.26    -36.30     23.53     4     1.4     849     0   0   0   0      30.277   -86.432
0357   178.1   906.4     21.18    100.0     841   123    42.99    -36.05     23.43     5     1.5     844     0   0   0   0      30.277   -86.433
0358   178.6   907.0     21.19    100.0     836   123    42.72    -35.81     23.31     4     1.6     838     0   0   0   0      30.278   -86.433
0359   179.1   907.6     21.21    100.0     830   123    42.46    -35.59     23.16     4     1.7     832     0   0   0   3      30.278   -86.433
0360   179.6   908.2     21.23    100.0     825   123    42.22    -35.41     23.00     4     1.8     827     0   0   0   3      30.278   -86.433
0361   180.1   908.8     21.24    100.0     819   123    42.00    -35.26     22.82     4     2.0     821     0   0   0   3      30.278   -86.433
0362   180.6   909.3     21.26    100.0     814   123    41.80    -35.14     22.63     4     2.1     816     0   0   0   3      30.278   -86.434
0363   181.1   909.9     21.29    100.0     808   123    41.62    -35.07     22.43     4     2.2     810     0   0   0   3      30.278   -86.434
0364   181.6   910.4     21.31    100.0     803   122    41.48    -35.02     22.22     4     2.3     805     0   0   0   3      30.278   -86.434
0365   182.1   911.0     21.34    100.0     798   122    41.35    -35.00     22.02     4     2.4     800     0   0   0   3      30.278   -86.434
0366   182.6   911.5     21.36    100.0     793   122    41.24    -35.00     21.81     4     2.4     795     0   0   0   3      30.278   -86.434
0367   183.1   912.1     21.38    100.0     787   122    41.15    -35.02     21.62     4     2.4     790     0   0   0   3      30.278   -86.434
0368   183.6   912.6     21.41    100.0     782   121    41.07    -35.04     21.43     4     2.4     784     0   0   0   3      30.279   -86.435
0369   184.1   913.2     21.43    100.0     777   121    41.00    -35.07     21.24     4     2.3     779     0   0   0   3      30.279   -86.435
0370   184.6   913.7     21.45    100.0     772   121    40.92    -35.09     21.06     4     2.2     774     0   0   0   3      30.279   -86.435
0371   185.1   914.3     21.47    100.0     767   121    40.84    -35.10     20.88     4     2.1     769     0   0   0   3      30.279   -86.435
0372   185.6   914.8     21.49    100.0     761   121    40.76    -35.11     20.70     4     2.0     763     0   0   0   3      30.279   -86.435
0373   186.1   915.4     21.50    100.0     756   120    40.66    -35.10     20.52     4     1.9     758     0   0   0   3      30.279   -86.436
0374   186.6   916.0     21.52    100.0     750   120    40.56    -35.09     20.34     4     1.7     752     0   0   0   3      30.279   -86.436
0375   187.1   916.6     21.54    100.0     745   120    40.45    -35.07     20.15     4     1.6     747     0   0   0   3      30.279   -86.436
0376   187.6   917.2     21.56    100.0     739   120    40.33    -35.05     19.96     4     1.5     741     0   0   0   3      30.279   -86.436
0377   188.1   917.8     21.58    100.0     733   119    40.22    -35.02     19.77     4     1.4     735     0   0   0   3      30.279   -86.436
0378   188.6   918.4     21.60    100.0     727   119    40.10    -34.99     19.58     4     1.4     730     0   0   0   3      30.279   -86.436
0379   189.1   919.0     21.62    100.0     722   119    39.99    -34.97     19.39     4     1.4     724     0   0   0   3      30.280   -86.437
0380   189.6   919.6     21.65    100.0     716   119    39.88    -34.95     19.20     4     1.4     718     0   0   0   3      30.280   -86.437
0381   190.1   920.2     21.68    100.0     710   119    39.78    -34.93     19.02     4     1.4     712     0   0   0   3      30.280   -86.437
0382   190.6   920.8     21.71    100.0     704   118    39.68    -34.92     18.84     4     1.5     707     0   0   0   3      30.280   -86.437
0383   191.1   921.4     21.74    100.0     699   118    39.59    -34.91     18.66     4     1.7     701     0   0   0   3      30.280   -86.437
0384   191.6   922.0     21.77    100.0     693   118    39.50    -34.90     18.50     4     1.8     695     0   0   0   3      30.280   -86.438
0385   192.1   922.5     21.80    100.0     688   118    39.42    -34.89     18.34     4     2.0     690     0   0   0   3      30.280   -86.438
0386   192.6   923.1     21.83    100.0     682   118    39.35    -34.89     18.20     4     2.1     685     0   0   0   3      30.280   -86.438
0387   193.1   923.7     21.87    100.0     677   117    39.29    -34.89     18.08     4     2.3     679     0   0   0   3      30.280   -86.438
0388   193.6   924.2     21.90    100.0     672   117    39.25    -34.89     17.97     4     2.4     674     0   0   0   3      30.280   -86.438
0389   194.1   924.8     21.93    100.0     667   117    39.22    -34.91     17.89     4     2.5     669     0   0   0   0      30.280   -86.438
0390   194.6   925.3     21.96    100.0     662   117    39.22    -34.93     17.83     4     2.6     664     0   0   0   0      30.280   -86.439
0391   195.1   925.8     21.99    100.0     657   117    39.24    -34.97     17.79     4     2.6     659     0   0   0   0      30.281   -86.439
0392   195.6   926.4     22.01    100.0     652   117    39.28    -35.03     17.78     4     2.6     654     0   0   0   0      30.281   -86.439
0393   196.1   926.9     22.04    100.0     647   117    39.35    -35.10     17.78     4     2.6     649     0   0   0   0      30.281   -86.439
0394   196.6   927.4     22.06    100.0     642   117    39.44    -35.20     17.79     4     2.5     644     0   0   0   0      30.281   -86.439
0395   197.1   928.0     22.09    100.0     637   117    39.56    -35.32     17.82     4     2.4     639     0   0   0   0      30.281   -86.440
0396   197.6   928.5     22.11    100.0     631   117    39.71    -35.47     17.84     4     2.3     634     0   0   0   0      30.281   -86.440
0397   198.1   929.1     22.13    100.0     626   117    39.87    -35.64     17.87     4     2.1     628     0   0   0   0      30.281   -86.440
0398   198.6   929.7     22.15    100.0     621   117    40.05    -35.84     17.88     4     2.0     623     0   0   0   0      30.281   -86.440
0399   199.1   930.2     22.18    100.0     615   116    40.24    -36.06     17.87     4     1.8     617     0   0   0   0      30.281   -86.440
0400   199.6   930.8     22.21    100.0     610   116    40.44    -36.30     17.83     4     1.7     612     0   0   0   0      30.281   -86.441
0401   200.1   931.4     22.23    100.0     604   116    40.63    -36.55     17.76     4     1.6     606     0   0   0   0      30.281   -86.441
0402   200.6   932.0     22.27    100.0     599   116    40.82    -36.81     17.66     4     1.5     601     0   0   0   0      30.281   -86.441
0403   201.1   932.6     22.30    100.0     593   115    40.99    -37.06     17.52     4     1.4     595     0   0   0   0      30.282   -86.441
0404   201.6   933.2     22.34    100.0     587   115    41.15    -37.31     17.35     4     1.3     589     0   0   0   0      30.282   -86.441
0405   202.1   933.8     22.38    100.0     581   115    41.28    -37.55     17.16     4     1.3     584     0   0   0   0      30.282   -86.441
0406   202.6   934.5     22.42    100.0     576   114    41.38    -37.75     16.95     4     1.2     578     0   0   0   3      30.282   -86.442
0407   203.1   935.1     22.47    100.0     570   114    41.46    -37.93     16.74     4     1.2     572     0   0   0   3      30.282   -86.442
0408   203.6   935.7     22.52    100.0     564   113    41.49    -38.06     16.53     4     1.2     566     0   0   0   3      30.282   -86.442
0409   204.1   936.3     22.57    100.0     558   113    41.50    -38.15     16.34     4     1.1     561     0   0   0   0      30.282   -86.442
0410   204.6   936.9     22.63    100.0     553   113    41.46    -38.18     16.17     4     1.0     555     0   0   0   0      30.282   -86.442
0411   205.1   937.6     22.69    100.0     547   113    41.40    -38.16     16.04     4     1.0     549     0   0   0   0      30.282   -86.443
0412   205.6   938.2     22.75    100.0     541   113    41.30    -38.09     15.96     4      .9     543     0   0   0   0      30.282   -86.443
0413   206.1   938.8     22.81    100.0     535   113    41.17    -37.97     15.91     4      .8     537     0   0   0   0      30.282   -86.443
0414   206.6   939.5     22.87    100.0     529   113    41.01    -37.80     15.91     4      .6     531     0   0   0   0      30.282   -86.443
0415   207.1   940.1     22.93    100.0     523   113    40.83    -37.60     15.94     4      .5     525     0   0   0   0      30.282   -86.443
0416   207.6   940.8     22.99    100.0     517   113    40.65    -37.37     16.00     4      .4     519     0   0   0   0      30.282   -86.444
0417   208.1   941.4     23.04    100.0     511   113    40.45    -37.12     16.08     4      .2     513     0   0   0   0      30.283   -86.444
0418   208.6   942.1     23.10    100.0     504   114    40.26    -36.87     16.17     4      .1     507     0   0   0   0      30.283   -86.444
0419   209.1   942.8     23.16    100.0     498   114    40.06    -36.62     16.26     4      .0     500     0   0   0   0      30.283   -86.444
0420   209.6   943.5     23.21    100.0     492   114    39.87    -36.37     16.33     4     -.1     494     0   0   0   0      30.283   -86.444
0421   210.1   944.2     23.27    100.0     485   114    39.68    -36.14     16.38     4     -.1     487     0   0   0   0      30.283   -86.445
0422   210.6   944.8     23.32    100.0     479   115    39.48    -35.91     16.41     4     -.2     481     0   0   0   0      30.283   -86.445
0423   211.1   945.5     23.38    100.0     472   115    39.28    -35.69     16.41     4     -.2     474     0   0   0   0      30.283   -86.445
0424   211.6   946.2     23.43    100.0     466   115    39.07    -35.48     16.37     4     -.2     468     0   0   0   0      30.283   -86.445
0425   212.1   946.9     23.48    100.0     459   115    38.84    -35.25     16.31     4     -.1     462     0   0   0   0      30.283   -86.445
0426   212.6   947.6     23.54    100.0     453   115    38.59    -35.02     16.22     4      .0     455     0   0   0   0      30.283   -86.446
0427   213.1   948.3     23.59    100.0     447   115    38.32    -34.77     16.11     4      .0     449     0   0   0   0      30.283   -86.446
0428   213.6   949.0     23.64    100.0     440   115    38.02    -34.50     15.97     4      .1     443     0   0   0   0      30.283   -86.446
0429   214.1   949.7     23.69    100.0     434   115    37.71    -34.23     15.82     4      .2     436     0   0   0   0      30.283   -86.446
0430   214.6   950.3     23.74    100.0     428   115    37.40    -33.96     15.66     4      .3     430     0   0   0   0      30.283   -86.446
0431   215.1   951.0     23.78    100.0     422   115    37.09    -33.70     15.48     4      .4     424     0   0   0   3      30.284   -86.446
0432   215.6   951.6     23.82    100.0     416   115    36.80    -33.47     15.29     4      .5     418     3   3   3   0      30.284   -86.447
0433   216.1   952.3     23.86    100.0     410   114    36.55    -33.29     15.09     4      .6     412     0   0   0   3      30.284   -86.447
0434   216.6   952.9     23.89    100.0     404   114    36.35    -33.16     14.88     4      .7     406     0   0   0   0      30.284   -86.447
0435   217.1   953.6     23.92    100.0     398   114    36.21    -33.11     14.66     4      .7     400     0   0   0   0      30.284   -86.447
0436   217.6   954.2     23.94    100.0     392   114    36.15    -33.14     14.42     4      .7     394     0   0   0   0      30.284   -86.447
0437   218.1   954.9     23.96    100.0     386   113    36.15    -33.26     14.18     4      .8     388     0   0   0   0      30.284   -86.447
0438   218.6   955.5     23.97    100.0     380   113    36.23    -33.45     13.92     4      .8     382     0   0   0   3      30.284   -86.448
0439   219.1   956.2     23.98    100.0     374   112    36.36    -33.70     13.66     4      .8     376     0   0   0   0      30.284   -86.448
0440   219.6   956.8     23.99    100.0     368   112    36.54    -33.99     13.40     4      .8     370     0   0   0   0      30.284   -86.448
0441   220.1   957.4     23.99    100.0     362   111    36.73    -34.30     13.13     4      .8     365     0   0   0   0      30.284   -86.448
0442   220.6   958.1     24.00    100.0     356   110    36.92    -34.60     12.87     4      .9     359     0   0   0   0      30.284   -86.448
0443   221.1   958.7     24.01    100.0     351   110    37.08    -34.87     12.61     4      .9     353     0   0   0   0      30.284   -86.449
0444   221.6   959.4     24.03    100.0     345   109    37.19    -35.08     12.36     4     1.0     347     0   0   0   3      30.284   -86.449
0445   222.1   960.0     24.04    100.0     339   109    37.23    -35.20     12.12     4     1.1     341     0   0   0   3      30.284   -86.449
0446   222.6   960.6     24.06    100.0     333   109    37.19    -35.24     11.89     4     1.2     335     0   0   0   3      30.284   -86.449
0447   223.1   961.2     24.09    100.0     327   108    37.05    -35.16     11.68     4     1.3     330     0   0   0   0      30.285   -86.449
0448   223.6   961.9     24.12    100.0     322   108    36.83    -34.99     11.49     4     1.4     324     0   0   0   3      30.285   -86.449
0449   224.1   962.5     24.15    100.0     316   108    36.52    -34.72     11.32     4     1.6     318     0   0   0   3      30.285   -86.450
0450   224.6   963.1     24.19    100.0     311   108    36.15    -34.38     11.18     4     1.7     313     0   0   0   3      30.285   -86.450
0451   225.1   963.6     24.23    100.0     305   108    35.74    -33.99     11.05     4     1.9     308     0   0   0   3      30.285   -86.450
0452   225.6   964.2     24.27    100.0     300   108    35.33    -33.59     10.93     4     2.1     302     0   0   0   3      30.285   -86.450
0453   226.1   964.8     24.31    100.0     295   108    34.93    -33.21     10.81     4     2.3     297     0   0   0   3      30.285   -86.450
0454   226.6   965.3     24.36    100.0     290   108    34.57    -32.87     10.71     4     2.4     292     0   0   0   3      30.285   -86.451
0455   227.1   965.9     24.40    100.0     285   108    34.28    -32.59     10.61     4     2.6     287     0   0   0   0      30.285   -86.451
0456   227.6   966.4     24.45    100.0     280   108    34.06    -32.40     10.52     4     2.7     282     0   0   0   0      30.285   -86.451
0457   228.1   967.0     24.49    100.0     275   108    33.92    -32.27     10.44     4     2.8     277     0   0   0   0      30.285   -86.451
0458   228.6   967.5     24.54    100.0     270   108    33.82    -32.19     10.38     4     2.9     272     0   0   0   0      30.285   -86.451
0459   229.1   968.0     24.58    100.0     266   108    33.75    -32.14     10.33     4     2.9     268     0   0   0   0      30.285   -86.451
0460   229.6   968.5     24.62    100.0     261   108    33.70    -32.09     10.29     4     2.9     263     0   0   0   0      30.285   -86.452
0461   230.1   969.1     24.67    100.0     256   108    33.65    -32.04     10.27     4     2.9     258     0   0   0   0      30.285   -86.452
0462   230.6   969.6     24.71    100.0     251   108    33.60    -31.99     10.26     4     2.8     253     0   0   0   0      30.285   -86.452
0463   231.1   970.1     24.76    100.0     246   108    33.55    -31.94     10.26     4     2.7     249     0   0   0   0      30.285   -86.452
0464   231.6   970.7     24.80    100.0     241   108    33.48    -31.87     10.26     4     2.5     244     0   0   0   0      30.285   -86.452
0465   232.1   971.2     24.85    100.0     236   108    33.41    -31.79     10.26     4     2.3     239     0   0   0   0      30.285   -86.452
0466   232.6   971.8     24.89    100.0     231   108    33.36    -31.75     10.22     4     2.1     234     0   0   0   0      30.285   -86.453
0467   233.1   972.4     24.94    100.0     226   107    33.43    -31.88     10.04     4     1.9     228     0   0   0   0      30.285   -86.453
0468   233.6   972.9     24.98    100.0     221   106    33.71    -32.35      9.47     4     1.6     223     0   0   0   3      30.286   -86.453
0469   234.1   973.6     25.03    100.0     215   105    34.09    -32.98      8.66     4     1.3     217     0   0   0   0      30.286   -86.453
0470   234.6   974.2     25.07    100.0     210   104    34.31    -33.31      8.23     4     1.0     212     0   0   0   0      30.286   -86.453
0471   235.1   974.8     25.12    100.0     204   103    34.75    -33.86      7.82     4      .7     206     0   0   0   0      30.286   -86.453
0472   235.6   975.5     25.16    100.0     198  -999  -999.00   -999.00   -999.00  -999      .4     200     0   0   0   0      30.286   -86.454
0473   236.1   976.2     25.21    100.0     192  -999  -999.00   -999.00   -999.00  -999      .2     194     0   0   0   0      30.286   -86.454
0474   236.6   976.8     25.25    100.0     185  -999  -999.00   -999.00   -999.00  -999      .0     187     0   0   0   0      30.286   -86.454
0475   237.1   977.5     25.30    100.0     179  -999  -999.00   -999.00   -999.00  -999     -.2     181     0   0   0   0      30.286   -86.454
0476   237.6   978.3     25.35    100.0     172  -999  -999.00   -999.00   -999.00  -999     -.3     175     0   0   0   0      30.286   -86.454
0477   238.1   979.0     25.39    100.0     166  -999  -999.00   -999.00   -999.00  -999     -.4     168     0   0   0   0      30.286   -86.454
0478   238.6   979.7     25.44    100.0     159  -999  -999.00   -999.00   -999.00  -999     -.5     162     0   0   0   0      30.286   -86.455
0479   239.1   980.4     25.50    100.0     153  -999  -999.00   -999.00   -999.00  -999     -.4     155     0   0   0   0      30.286   -86.455
0480   239.6   981.2     25.55    100.0     146  -999  -999.00   -999.00   -999.00  -999     -.4     149     0   0   0   0      30.286   -86.455
0481   240.1   981.9     25.61    100.0     140  -999  -999.00   -999.00   -999.00  -999     -.3     142     0   0   0   0      30.286   -86.455
0482   240.6   982.6     25.66    100.0     133  -999  -999.00   -999.00   -999.00  -999     -.1     136     0   0   0   0      30.286   -86.455
0483   241.1   983.3     25.72    100.0     127  -999  -999.00   -999.00   -999.00  -999      .1     129     3   3   3   0      30.286   -86.455
0484   241.6   984.0     25.78    100.0     121  -999  -999.00   -999.00   -999.00  -999      .3     123     0   0   0   0      30.286   -86.456
0485   242.1   984.6     25.84    100.0     115  -999  -999.00   -999.00   -999.00  -999      .4     117     3   3   3   0      30.286   -86.456
0486   242.6   985.3     25.90    100.0     109  -999  -999.00   -999.00   -999.00  -999      .6     111     0   0   0   0      30.286   -86.456
0487   243.1   985.9     25.96    100.0     103  -999  -999.00   -999.00   -999.00  -999      .8     105     0   0   0   0      30.286   -86.456
0488   243.6   986.6     26.02    100.0      98  -999  -999.00   -999.00   -999.00  -999      .9     100     0   0   0   0      30.286   -86.456
0489   244.1   987.2     26.07    100.0      92  -999  -999.00   -999.00   -999.00  -999     1.0      94     0   0   0   0      30.286   -86.457
0490   244.6   987.8     26.13     99.9      86  -999  -999.00   -999.00   -999.00  -999     1.1      88     0   0   0   0      30.286   -86.457
0491   245.1   988.5     26.18     99.8      81  -999  -999.00   -999.00   -999.00  -999     1.1      83     0   0   0   0      30.286   -86.457
0492   245.6   989.1     26.24     99.8      75  -999  -999.00   -999.00   -999.00  -999     1.1      77     0   0   0   0      30.286   -86.457
0493   246.1   989.7     26.29     99.7      69  -999  -999.00   -999.00   -999.00  -999     1.1      71     0   0   0   0      30.286   -86.457
0494   246.6   990.3     26.34     99.6      64  -999  -999.00   -999.00   -999.00  -999     1.1      66     0   0   0   0      30.286   -86.457
0495   247.1   991.0     26.38     99.5      58  -999  -999.00   -999.00   -999.00  -999     1.0      60     0   0   0   0      30.286   -86.458
0496   247.6   991.6     26.43     99.3      52  -999  -999.00   -999.00   -999.00  -999     1.0      54     0   0   0   0      30.287   -86.458
0497   248.1   992.3     26.48     99.1      46  -999  -999.00   -999.00   -999.00  -999      .9      49     0   0   0   0      30.287   -86.458
0498   248.6   992.9     26.53     98.9      41  -999  -999.00   -999.00   -999.00  -999      .9      43     0   0   0   0      30.287   -86.458
0499   249.1   993.6     26.57     98.5      35  -999  -999.00   -999.00   -999.00  -999     1.0      37     0   0   0   0      30.287   -86.458
0500   249.6   994.2     26.62     98.2      29  -999  -999.00   -999.00   -999.00  -999     1.1      31     0   0   0   0      30.287   -86.458
0501   250.1   994.9     26.67     97.8      23  -999  -999.00   -999.00   -999.00  -999     1.2      25     0   0   0   0      30.287   -86.459
0502   250.6   995.5     26.72     97.6      18  -999  -999.00   -999.00   -999.00  -999     1.2      20     0   0   0   0      30.287   -86.459
0503   251.1   996.1     26.76     97.9      12  -999  -999.00   -999.00   -999.00  -999     1.3      14     0   0   0   0      30.287   -86.459
0504   251.6   996.7     26.82     98.4       7  -999  -999.00   -999.00   -999.00  -999     1.5       9     0   0   0   0      30.287   -86.459
