 ===========================================================================
 DROPWINDSONDE PROCESSING RECORD                            Sonde: 013215150
 PDS file written Sep 14, 2004.                             Format:    V5.12
 Aircraft: N43RF                             Date: 040915   Time: 014338 UTC
 ---------------------------------------------------------------------------
 Bias corrections:  PR =    .0 mb  TE =    .0 C  RH =    .0 %  PRB =   .0 mb
 Filters (LPF):     PTH =  10 s    WIND =  10 s       Hyd anchor =       SFC
 Dyn RH correction =  N     WSHR COR =      Y         Splash PR  =  990.9 mb
 Estimated PR used =  N     GPS VERR =   1.23 m/s     HYD SFCP   =  993.5 mb
 Dyn T correction  =  Y     WGACORR  =     .8 m       AC GA ADJ  =     .0 m
 ---------------------------------------------------------------------------
 COMMENTS: hurr force ese                                              
 ===========================================================================

 ===========================================================================
 Date: 040915   Lat:  24.29 N   TA:   10.7 C   PS:  694.8 mb   WD:   195 deg
 Time: 014338   Lon:  85.89 W   TD: -999.0 C   GA:   3078 m    WS:  41.9 m/s
 SID:  013215150                RH: -999.0 %   Navaid:   GP          
 ===========================================================================

IX      t (s)  P (mb)    T (C)    RH (%)  Z (m)   WD    WS (m/s)   U (m/s)   V (m/s)  NS  WZ (m/s)  ZW (m)   FP  FT  FH  FW    LAT (N)   LON (E)
0001      .2   695.3     10.75   -999.0    3058   195    42.47     10.71     41.10  -999  -999.0    3059     3   3   0   3      24.289   -85.893
0002      .7   695.7     10.80   -999.0    3052   193    44.35      9.83     43.25  -999  -999.0    3053     3   3   0   3      24.290   -85.893
0003     1.2   696.2     10.86   -999.0    3047   192    44.94      9.55     43.91  -999  -999.0    3048     3   3   0   3      24.290   -85.893
0004     1.7   696.6     10.91   -999.0    3041   192    45.53      9.28     44.57  -999  -999.0    3042     3   3   0   3      24.290   -85.893
0005     2.2   697.1     10.96   -999.0    3036   191    46.12      9.00     45.24  -999  -999.0    3037     3   3   0   3      24.290   -85.893
0006     2.7   697.5     11.02   -999.0    3030   191    46.72      8.73     45.90  -999  -999.0    3031     3   3   0   3      24.290   -85.893
0007     3.2   698.0     11.07   -999.0    3025   190    47.33      8.46     46.56  -999  -999.0    3026     3   3   0   3      24.291   -85.893
0008     3.7   698.5     11.12   -999.0    3019   190    47.93      8.18     47.23  -999  -999.0    3020     3   3   0   3      24.291   -85.893
0009     4.2   698.9     11.18   -999.0    3014   189    48.54      7.91     47.89  -999  -999.0    3015     3   3   0   3      24.291   -85.893
0010     4.7   699.4     11.23   -999.0    3008   189    49.15      7.64     48.55  -999  -999.0    3009     3   3   0   3      24.291   -85.893
0011     5.2   699.8     11.28   -999.0    3003   189    49.76      7.36     49.22  -999  -999.0    3004     3   3   0   3      24.292   -85.893
0012     5.7   700.3     11.33   -999.0    2998   188    50.38      7.09     49.88  -999  -999.0    2998     3   3   0   3      24.292   -85.893
0013     6.2   700.7     11.39   -999.0    2992   188    51.00      6.82     50.54  -999  -999.0    2993     3   3   0   3      24.292   -85.893
0014     6.7   701.2     11.44   -999.0    2987   187    51.63      6.54     51.21  -999  -999.0    2987     3   3   0   3      24.292   -85.893
0015     7.2   701.7     11.49   -999.0    2981   187    52.27      6.26     51.90  -999  -999.0    2982     3   3   0   3      24.292   -85.892
0016     7.7   702.1     11.54   -999.0    2976   186    52.94      5.97     52.60  -999  -999.0    2977     3   3   0   3      24.293   -85.892
0017     8.2   702.6     11.59   -999.0    2970   186    53.60      5.67     53.30  -999  -999.0    2971     3   3   0   3      24.293   -85.892
0018     8.7   703.0     11.65   -999.0    2965   186    54.26      5.36     53.99  -999  -999.0    2966     3   3   0   3      24.293   -85.892
0019     9.2   703.5     11.70   -999.0    2959   185    54.88      5.07     54.65  -999  -999.0    2960     3   3   0   3      24.293   -85.892
0020     9.7   703.9     11.75   -999.0    2954   185    55.47      4.81     55.26  -999  -999.0    2955     3   3   0   3      24.294   -85.892
0021    10.2   704.4     11.80   -999.0    2949   185    56.00      4.58     55.81  -999  -999.0    2949     3   3   0   3      24.294   -85.892
0022    10.7   704.8     11.85   -999.0    2943   184    56.47      4.40     56.29  -999  -999.0    2944     3   3   0   3      24.294   -85.892
0023    11.2   705.3     11.91   -999.0    2938   184    56.86      4.26     56.70  -999  -999.0    2939     3   3   0   3      24.294   -85.892
0024    11.7   705.7     11.96   -999.0    2932   184    57.17      4.17     57.01  -999  -999.0    2933     3   3   0   3      24.295   -85.892
0025    12.2   706.2     12.01   -999.0    2927   184    57.40      4.13     57.25     4  -999.0    2928     3   3   0   0      24.295   -85.892
0026    12.7   706.7     12.05   -999.0    2922   184    57.56      4.13     57.41     4  -999.0    2922     3   3   0   0      24.295   -85.892
0027    13.2   707.1     12.10   -999.0    2916   184    57.67      4.15     57.52     4  -999.0    2917     3   3   0   0      24.296   -85.892
0028    13.7   707.6     12.14   -999.0    2911   184    57.74      4.19     57.58     4  -999.0    2912     3   3   0   0      24.296   -85.892
0029    14.2   708.0     12.18   -999.0    2905   184    57.77      4.24     57.62     4  -999.0    2906     3   3   0   0      24.296   -85.892
0030    14.7   708.5     12.22   -999.0    2900   184    57.78      4.29     57.62     4  -999.0    2901     3   3   0   0      24.296   -85.892
0031    15.2   708.9     12.25   -999.0    2894   184    57.77      4.34     57.60     4  -999.0    2895     0   0   0   0      24.297   -85.892
0032    15.7   709.4     12.28   -999.0    2889   184    57.74      4.38     57.58     4     3.2    2890     0   0   0   0      24.297   -85.892
0033    16.2   709.9     12.31   -999.0    2883   184    57.71      4.41     57.54     4     3.1    2884     0   0   0   0      24.297   -85.892
0034    16.7   710.4     12.33   -999.0    2878   184    57.67      4.42     57.50     4     2.9    2878     0   0   0   0      24.297   -85.892
0035    17.2   710.8     12.35   -999.0    2872   184    57.64      4.40     57.47     4     2.8    2873     0   0   0   0      24.298   -85.892
0036    17.7   711.3     12.37   -999.0    2866   184    57.61      4.36     57.44     4     2.7    2867     0   0   0   0      24.298   -85.892
0037    18.2   711.8     12.39   -999.0    2860   184    57.58      4.31     57.42     4     2.6    2861     0   0   0   0      24.298   -85.892
0038    18.7   712.3     12.41   -999.0    2854   184    57.56      4.23     57.40     4     2.5    2855     0   0   0   0      24.298   -85.892
0039    19.2   712.8     12.42   -999.0    2848   184    57.54      4.14     57.39     4     2.3    2849     0   0   0   0      24.299   -85.892
0040    19.7   713.4     12.44   -999.0    2842   184    57.51      4.04     57.37     4     2.3    2843     0   0   0   0      24.299   -85.892
0041    20.2   713.9     12.45   -999.0    2836   184    57.49      3.93     57.36     4     2.2    2837     0   0   0   0      24.299   -85.892
0042    20.7   714.4     12.47   -999.0    2830   184    57.46      3.81     57.34     4     2.1    2831     0   0   0   0      24.299   -85.892
0043    21.2   714.9     12.49   -999.0    2824   184    57.43      3.69     57.32     4     2.0    2825     0   0   0   0      24.300   -85.892
0044    21.7   715.4     12.51   -999.0    2818   184    57.40      3.57     57.29     4     1.9    2819     0   0   0   0      24.300   -85.892
0045    22.2   716.0     12.53   -999.0    2812   183    57.37      3.44     57.27     4     1.9    2813     0   0   0   0      24.300   -85.892
0046    22.7   716.5     12.55   -999.0    2805   183    57.34      3.32     57.24     4     1.8    2806     0   0   0   0      24.300   -85.892
0047    23.2   717.0     12.57   -999.0    2799   183    57.30      3.20     57.21     4     1.7    2800     0   0   0   0      24.301   -85.892
0048    23.7   717.6     12.59   -999.0    2793   183    57.28      3.09     57.19     4     1.7    2794     0   0   0   0      24.301   -85.892
0049    24.2   718.1     12.62   -999.0    2787   183    57.25      2.98     57.17     4     1.6    2787     0   0   0   0      24.301   -85.892
0050    24.7   718.6     12.65   -999.0    2780   183    57.23      2.87     57.16     4     1.6    2781     0   0   0   0      24.301   -85.892
0051    25.2   719.2     12.67   -999.0    2774   183    57.22      2.78     57.15     4     1.5    2775     0   0   0   3      24.302   -85.892
0052    25.7   719.7     12.70   -999.0    2768   183    57.21      2.68     57.15     4     1.5    2768     0   0   0   3      24.302   -85.892
0053    26.2   720.3     12.73   -999.0    2761   183    57.21      2.60     57.15     4     1.4    2762     0   0   0   0      24.302   -85.892
0054    26.7   720.8     12.76   -999.0    2755   183    57.21      2.52     57.16     4     1.4    2756     0   0   0   0      24.302   -85.892
0055    27.2   721.4     12.80   -999.0    2748   182    57.21      2.45     57.16     4     1.4    2749     0   0   0   0      24.303   -85.892
0056    27.7   721.9     12.83   -999.0    2742   182    57.22      2.39     57.17     4     1.4    2743     0   0   0   0      24.303   -85.892
0057    28.2   722.5     12.86     96.2    2735   182    57.22      2.33     57.18     4     1.4    2736     0   0   0   0      24.303   -85.892
0058    28.7   723.0     12.89     96.5    2729   182    57.23      2.28     57.18     4     1.4    2730     0   0   0   0      24.304   -85.892
0059    29.2   723.6     12.93     96.6    2723   182    57.23      2.23     57.19     4     1.4    2723     0   0   0   0      24.304   -85.892
0060    29.7   724.1     12.96     96.6    2716   182    57.24      2.18     57.20     4     1.4    2717     0   0   0   0      24.304   -85.892
0061    30.2   724.7     12.99     96.7    2710   182    57.24      2.14     57.20     4     1.4    2711     0   0   0   0      24.304   -85.892
0062    30.7   725.2     13.03     96.7    2703   182    57.25      2.09     57.21     4     1.4    2704     0   0   0   0      24.305   -85.892
0063    31.2   725.8     13.06     96.8    2697   182    57.25      2.05     57.21     4     1.4    2698     0   0   0   3      24.305   -85.892
0064    31.7   726.3     13.09     96.8    2691   182    57.25      2.02     57.22     4     1.4    2691     0   0   0   0      24.305   -85.892
0065    32.2   726.9     13.12     96.9    2684   182    57.25      1.99     57.21     4     1.4    2685     0   0   0   0      24.305   -85.892
0066    32.7   727.4     13.15     97.0    2678   182    57.24      1.96     57.21     4     1.4    2679     3   3   3   0      24.306   -85.892
0067    33.2   728.0     13.18     97.0    2671   182    57.23      1.94     57.20     4     1.4    2672     0   0   0   0      24.306   -85.892
0068    33.7   728.5     13.21     97.1    2665   182    57.21      1.93     57.18     4     1.4    2666     0   0   0   0      24.306   -85.892
0069    34.2   729.1     13.24     97.2    2659   182    57.18      1.92     57.14     4     1.4    2660     0   0   0   0      24.306   -85.892
0070    34.7   729.6     13.26     97.2    2652   182    57.13      1.91     57.10     4     1.5    2653     0   0   0   0      24.307   -85.892
0071    35.2   730.2     13.28     97.3    2646   182    57.08      1.91     57.05     4     1.5    2647     0   0   0   0      24.307   -85.892
0072    35.7   730.7     13.31     97.4    2640   182    57.01      1.91     56.98     4     1.5    2640     0   0   0   0      24.307   -85.892
0073    36.2   731.3     13.33     97.4    2633   182    56.93      1.91     56.90     4     1.6    2634     0   0   0   0      24.307   -85.892
0074    36.7   731.8     13.35     97.5    2627   182    56.84      1.91     56.81     4     1.6    2628     0   0   0   0      24.308   -85.892
0075    37.2   732.4     13.37     97.5    2621   182    56.74      1.91     56.71     4     1.7    2622     0   0   0   0      24.308   -85.892
0076    37.7   732.9     13.39     97.6    2614   182    56.63      1.90     56.59     4     1.7    2615     0   0   0   0      24.308   -85.891
0077    38.2   733.4     13.41     97.7    2608   182    56.51      1.89     56.48     4     1.8    2609     0   0   0   0      24.308   -85.891
0078    38.7   734.0     13.44     97.8    2602   182    56.39      1.87     56.36     4     1.9    2603     0   0   0   0      24.309   -85.891
0079    39.2   734.5     13.46     97.8    2596   182    56.27      1.85     56.24     4     2.0    2597     0   0   0   0      24.309   -85.891
0080    39.7   735.0     13.49     97.9    2590   182    56.16      1.82     56.13     4     2.0    2591     0   0   0   0      24.309   -85.891
0081    40.2   735.5     13.51     98.0    2584   182    56.06      1.79     56.03     4     2.0    2585     0   0   0   0      24.309   -85.891
0082    40.7   736.1     13.54     98.0    2578   182    55.98      1.76     55.95     4     2.1    2579     0   0   0   0      24.310   -85.891
0083    41.2   736.6     13.57     98.1    2572   182    55.90      1.72     55.88     4     2.1    2573     0   0   0   3      24.310   -85.891
0084    41.7   737.1     13.60     98.2    2566   182    55.85      1.69     55.82     4     2.0    2567     0   0   0   0      24.310   -85.891
0085    42.2   737.6     13.63     98.2    2560   182    55.81      1.65     55.79     4     2.0    2561     0   0   0   0      24.310   -85.891
0086    42.7   738.2     13.67     98.3    2554   182    55.79      1.62     55.77     4     2.0    2555     0   0   0   0      24.311   -85.891
0087    43.2   738.7     13.70     98.3    2548   182    55.78      1.60     55.76     4     1.9    2549     0   0   0   0      24.311   -85.891
0088    43.7   739.2     13.74     98.3    2542   182    55.79      1.58     55.76     4     1.8    2543     0   0   0   0      24.311   -85.891
0089    44.2   739.8     13.77     98.4    2536   182    55.79      1.57     55.77     4     1.7    2536     0   0   0   0      24.311   -85.891
0090    44.7   740.3     13.80     98.4    2529   182    55.79      1.57     55.77     4     1.6    2530     0   0   0   0      24.312   -85.891
0091    45.2   740.9     13.83     98.4    2523   182    55.77      1.58     55.74     4     1.6    2524     0   0   0   0      24.312   -85.891
0092    45.7   741.4     13.86     98.4    2517   182    55.74      1.60     55.71     4     1.5    2518     0   0   0   0      24.312   -85.891
0093    46.2   742.0     13.89     98.5    2511   182    55.72      1.62     55.69     4     1.5    2511     3   3   3   0      24.312   -85.891
0094    46.7   742.5     13.91     98.5    2504   182    55.72      1.64     55.70     4     1.4    2505     0   0   0   0      24.313   -85.891
0095    47.2   743.1     13.93     98.5    2498   182    55.77      1.63     55.74     4     1.4    2499     0   0   0   0      24.313   -85.891
0096    47.7   743.6     13.95     98.5    2492   182    55.86      1.60     55.84     4     1.4    2492     0   0   0   0      24.313   -85.891
0097    48.2   744.2     13.96     98.6    2485   182    56.02      1.54     56.00     4     1.4    2486     0   0   0   0      24.313   -85.891
0098    48.7   744.7     13.98     98.6    2479   181    56.23      1.44     56.21     4     1.4    2480     0   0   0   0      24.314   -85.891
0099    49.2   745.3     13.99     98.6    2473   181    56.49      1.31     56.48     4     1.4    2473     0   0   0   0      24.314   -85.891
0100    49.7   745.9     14.00     98.7    2466   181    56.77      1.17     56.76     4     1.4    2467     0   0   0   0      24.314   -85.891
0101    50.2   746.4     14.01     98.7    2460   181    57.03      1.02     57.02     4     1.5    2461     0   0   0   0      24.314   -85.891
0102    50.7   747.0     14.02     98.8    2454   181    57.21       .89     57.20     4     1.5    2454     0   0   0   0      24.315   -85.891
0103    51.2   747.5     14.03     98.9    2447   181    57.27       .81     57.26     4     1.5    2448     0   0   0   0      24.315   -85.891
0104    51.7   748.1     14.04     99.0    2441   181    57.13       .79     57.13     4     1.6    2442     0   0   0   0      24.315   -85.891
0105    52.2   748.6     14.06     99.1    2435   181    56.75       .88     56.75     4     1.6    2436     0   0   0   0      24.316   -85.891
0106    52.7   749.2     14.07     99.2    2429   181    56.08      1.09     56.07     4     1.6    2430     0   0   0   3      24.316   -85.891
0107    53.2   749.7     14.09     99.3    2423   181    55.10      1.44     55.08     4     1.7    2423     0   0   0   3      24.316   -85.891
0108    53.7   750.2     14.12     99.4    2416   182    53.78      1.95     53.75     4     1.7    2417     0   0   0   3      24.316   -85.891
0109    54.2   750.8     14.14     99.5    2410   183    52.16      2.62     52.09     4     1.8    2411     0   0   0   0      24.316   -85.891
0110    54.7   751.3     14.17     99.6    2404   184    50.27      3.44     50.16     4     1.8    2405     3   3   3   0      24.317   -85.891
0111    55.2   751.9     14.19     99.7    2398   185    48.19      4.38     47.99     4     1.8    2399     0   0   0   0      24.317   -85.891
0112    55.7   752.4     14.22     99.8    2392   187    46.00      5.42     45.68     4     1.8    2393     0   0   0   0      24.317   -85.891
0113    56.2   752.9     14.25     99.9    2386   189    43.80      6.51     43.32     4     1.8    2387     0   0   0   0      24.317   -85.891
0114    56.7   753.5     14.28     99.9    2380   191    41.69      7.60     40.99     5     1.8    2381     0   0   0   3      24.318   -85.891
0115    57.2   754.0     14.31    100.0    2374   193    39.77      8.66     38.82     5     1.8    2375     0   0   0   0      24.318   -85.891
0116    57.7   754.6     14.34    100.0    2368   195    38.11      9.62     36.87     5     1.8    2369     0   0   0   0      24.318   -85.891
0117    58.2   755.1     14.37    100.0    2362   197    36.75     10.45     35.24     5     1.7    2363     0   0   0   0      24.318   -85.891
0118    58.7   755.6     14.40    100.0    2356   198    35.73     11.11     33.96     5     1.7    2356     0   0   0   0      24.318   -85.891
0119    59.2   756.2     14.42    100.0    2349   199    35.04     11.59     33.07     5     1.6    2350     0   0   0   0      24.318   -85.891
0120    59.7   756.7     14.44    100.0    2343   200    34.67     11.85     32.58     5     1.5    2344     0   0   0   0      24.318   -85.891
0121    60.2   757.3     14.46    100.0    2337   200    34.57     11.92     32.45     5     1.4    2338     0   0   0   0      24.319   -85.891
0122    60.7   757.9     14.48    100.0    2331   200    34.72     11.80     32.65     5     1.4    2332     0   0   0   0      24.319   -85.891
0123    61.2   758.4     14.50    100.0    2324   199    35.06     11.52     33.12     5     1.3    2325     0   0   0   0      24.319   -85.891
0124    61.7   759.0     14.51    100.0    2318   198    35.55     11.11     33.77     5     1.2    2319     0   0   0   0      24.319   -85.891
0125    62.2   759.6     14.52    100.0    2312   197    36.13     10.62     34.53     5     1.2    2313     0   0   0   0      24.319   -85.891
0126    62.7   760.1     14.53    100.0    2305   196    36.75     10.10     35.34     5     1.1    2306     0   0   0   0      24.319   -85.890
0127    63.2   760.7     14.54    100.0    2299   195    37.36      9.58     36.11     5     1.1    2300     0   0   0   0      24.320   -85.890
0128    63.7   761.3     14.54    100.0    2292   194    37.92      9.11     36.81     5     1.1    2293     0   0   0   0      24.320   -85.890
0129    64.2   761.9     14.55    100.0    2286   193    38.39      8.73     37.39     5     1.0    2287     0   0   0   0      24.320   -85.890
0130    64.7   762.4     14.56    100.0    2280   193    38.76      8.45     37.83     5     1.0    2280     0   0   0   0      24.320   -85.890
0131    65.2   763.0     14.56    100.0    2273   192    39.02      8.29     38.13     5     1.0    2274     0   0   0   0      24.320   -85.890
0132    65.7   763.6     14.57    100.0    2267   192    39.18      8.26     38.29     5     1.0    2268     0   0   0   0      24.320   -85.890
0133    66.2   764.2     14.58    100.0    2260   192    39.23      8.36     38.33     5     1.0    2261     0   0   0   0      24.321   -85.890
0134    66.7   764.8     14.60    100.0    2254   193    39.22      8.57     38.27     5      .9    2255     0   0   0   0      24.321   -85.890
0135    67.2   765.3     14.61    100.0    2247   193    39.14      8.88     38.12     5      .9    2248     0   0   0   0      24.321   -85.890
0136    67.7   765.9     14.63    100.0    2241   194    39.03      9.26     37.92     5      .9    2242     0   0   0   0      24.321   -85.890
0137    68.2   766.5     14.65    100.0    2234   194    38.90      9.68     37.68     5      .9    2235     0   0   0   0      24.321   -85.890
0138    68.7   767.1     14.67    100.0    2228   195    38.76     10.13     37.41     5      .8    2229     0   0   0   0      24.321   -85.890
0139    69.2   767.7     14.69    100.0    2221   196    38.61     10.58     37.13     5      .8    2222     0   0   0   0      24.322   -85.890
0140    69.7   768.3     14.71    100.0    2215   197    38.45     11.01     36.84     5      .8    2216     0   0   0   0      24.322   -85.890
0141    70.2   768.9     14.74    100.0    2208   197    38.28     11.41     36.54     5      .8    2209     0   0   0   0      24.322   -85.890
0142    70.7   769.5     14.76    100.0    2202   198    38.10     11.76     36.23     5      .8    2203     0   0   0   0      24.322   -85.890
0143    71.2   770.1     14.78    100.0    2195   199    37.91     12.05     35.95     5      .8    2196     0   0   0   0      24.322   -85.890
0144    71.7   770.6     14.81    100.0    2189   199    37.74     12.28     35.68     5      .8    2189     0   0   0   0      24.322   -85.890
0145    72.2   771.2     14.83    100.0    2182   199    37.57     12.44     35.45     5      .8    2183     0   0   0   0      24.323   -85.890
0146    72.7   771.8     14.85    100.0    2176   200    37.42     12.55     35.25     5      .9    2176     0   0   0   0      24.323   -85.889
0147    73.2   772.4     14.87    100.0    2169   200    37.28     12.61     35.08     5      .9    2170     0   0   0   0      24.323   -85.889
0148    73.7   773.0     14.89    100.0    2163   200    37.16     12.63     34.95     5     1.0    2164     0   0   0   0      24.323   -85.889
0149    74.2   773.6     14.90    100.0    2156   200    37.06     12.63     34.84     5     1.1    2157     0   0   0   0      24.323   -85.889
0150    74.7   774.2     14.92    100.0    2150   200    36.98     12.61     34.76     5     1.2    2151     0   0   0   3      24.323   -85.889
0151    75.2   774.7     14.94    100.0    2144   200    36.92     12.59     34.71     5     1.2    2144     0   0   0   0      24.324   -85.889
0152    75.7   775.3     14.96    100.0    2137   200    36.88     12.58     34.67     5     1.3    2138     0   0   0   0      24.324   -85.889
0153    76.2   775.9     14.98    100.0    2131   200    36.86     12.57     34.65     5     1.4    2132     0   0   0   0      24.324   -85.889
0154    76.7   776.4     15.00    100.0    2125   200    36.85     12.57     34.64     5     1.4    2126     0   0   0   0      24.324   -85.889
0155    77.2   777.0     15.02    100.0    2119   200    36.86     12.57     34.65     5     1.5    2120     0   0   0   3      24.324   -85.889
0156    77.7   777.6     15.04    100.0    2113   200    36.88     12.59     34.66     5     1.5    2114     0   0   0   0      24.324   -85.889
0157    78.2   778.1     15.06    100.0    2107   200    36.91     12.61     34.69     5     1.5    2108     0   0   0   3      24.324   -85.889
0158    78.7   778.7     15.08    100.0    2101   200    36.95     12.63     34.72     5     1.5    2101     0   0   0   0      24.325   -85.889
0159    79.2   779.2     15.11    100.0    2095   200    36.99     12.65     34.76     5     1.5    2095     0   0   0   0      24.325   -85.889
0160    79.7   779.8     15.13    100.0    2088   200    37.04     12.66     34.81     5     1.5    2089     0   0   0   0      24.325   -85.889
0161    80.2   780.3     15.16    100.0    2082   200    37.09     12.66     34.86     5     1.4    2083     0   0   0   0      24.325   -85.889
0162    80.7   780.9     15.19    100.0    2076   200    37.14     12.65     34.92     5     1.3    2077     0   0   0   0      24.325   -85.888
0163    81.2   781.5     15.22    100.0    2070   200    37.19     12.63     34.98     5     1.2    2071     0   0   0   0      24.325   -85.888
0164    81.7   782.1     15.25    100.0    2064   200    37.24     12.61     35.05     5     1.1    2064     0   0   0   0      24.326   -85.888
0165    82.2   782.6     15.29    100.0    2057   200    37.29     12.58     35.11     5     1.0    2058     3   3   3   0      24.326   -85.888
0166    82.7   783.2     15.32    100.0    2051   200    37.34     12.55     35.17     5      .9    2052     0   0   0   0      24.326   -85.888
0167    83.2   783.8     15.36    100.0    2044   200    37.38     12.52     35.22     5      .8    2045     0   0   0   3      24.326   -85.888
0168    83.7   784.4     15.40    100.0    2038   200    37.42     12.50     35.27     5      .7    2039     0   0   0   3      24.326   -85.888
0169    84.2   785.0     15.44    100.0    2031   199    37.45     12.49     35.30     5      .6    2032     0   0   0   3      24.326   -85.888
0170    84.7   785.6     15.48    100.0    2025   199    37.47     12.49     35.33     5      .6    2026     0   0   0   3      24.326   -85.888
0171    85.2   786.2     15.52    100.0    2018   199    37.49     12.51     35.35     5      .5    2019     0   0   0   3      24.327   -85.888
0172    85.7   786.9     15.57    100.0    2012   200    37.51     12.53     35.36     5      .5    2012     0   0   0   3      24.327   -85.888
0173    86.2   787.5     15.61    100.0    2005   200    37.52     12.57     35.36     5      .6    2006     0   0   0   3      24.327   -85.888
0174    86.7   788.1     15.65    100.0    1998   200    37.53     12.61     35.35     5      .6    1999     0   0   0   3      24.327   -85.888
0175    87.2   788.7     15.69    100.0    1992   200    37.54     12.67     35.34     5      .6    1993     0   0   0   3      24.327   -85.888
0176    87.7   789.3     15.74    100.0    1985   200    37.55     12.72     35.33     5      .7    1986     0   0   0   3      24.327   -85.888
0177    88.2   789.9     15.78    100.0    1979   200    37.55     12.78     35.31     5      .7    1980     0   0   0   0      24.328   -85.888
0178    88.7   790.5     15.82    100.0    1972   200    37.56     12.84     35.30     5      .8    1973     3   3   3   0      24.328   -85.888
0179    89.2   791.1     15.86    100.0    1966   200    37.57     12.89     35.29     5      .8    1967     0   0   0   0      24.328   -85.887
0180    89.7   791.7     15.90    100.0    1960   200    37.58     12.93     35.29     5      .9    1960     0   0   0   0      24.328   -85.887
0181    90.2   792.3     15.93    100.0    1953   200    37.59     12.95     35.29     5      .9    1954     0   0   0   0      24.328   -85.887
0182    90.7   792.8     15.97    100.0    1947   200    37.60     12.94     35.31     5      .9    1948     0   0   0   0      24.328   -85.887
0183    91.2   793.4     16.00    100.0    1940   200    37.62     12.92     35.33     5      .9    1941     0   0   0   0      24.329   -85.887
0184    91.7   794.0     16.04    100.0    1934   200    37.64     12.87     35.37     5      .9    1935     0   0   0   0      24.329   -85.887
0185    92.2   794.6     16.07    100.0    1928   200    37.67     12.79     35.43     5      .8    1929     0   0   0   3      24.329   -85.887
0186    92.7   795.2     16.10    100.0    1921   200    37.70     12.69     35.50     5      .8    1922     0   0   0   3      24.329   -85.887
0187    93.2   795.8     16.13    100.0    1915   199    37.73     12.55     35.58     5      .7    1916     0   0   0   0      24.329   -85.887
0188    93.7   796.4     16.16     99.9    1908   199    37.77     12.40     35.68     5      .7    1909     0   0   0   0      24.329   -85.887
0189    94.2   797.0     16.19     99.8    1902   199    37.82     12.22     35.79     5      .7    1903     0   0   0   3      24.330   -85.887
0190    94.7   797.6     16.21     99.6    1895   199    37.87     12.02     35.92     5      .6    1896     0   0   0   3      24.330   -85.887
0191    95.2   798.2     16.24     99.4    1889   198    37.93     11.81     36.05     5      .6    1890     0   0   0   3      24.330   -85.887
0192    95.7   798.8     16.27     99.1    1882   198    38.00     11.60     36.19     5      .6    1883     0   0   0   3      24.330   -85.887
0193    96.2   799.5     16.29     98.8    1876   197    38.07     11.37     36.33     5      .6    1877     0   0   0   3      24.330   -85.887
0194    96.7   800.1     16.32     98.5    1869   197    38.14     11.15     36.48     5      .6    1870     0   0   0   3      24.330   -85.887
0195    97.2   800.7     16.35     98.2    1863   197    38.22     10.93     36.62     5      .6    1864     0   0   0   3      24.331   -85.887
0196    97.7   801.3     16.38     97.8    1856   196    38.30     10.71     36.77     5      .6    1857     0   0   0   3      24.331   -85.886
0197    98.2   801.9     16.41     97.5    1850   196    38.38     10.49     36.91     5      .6    1851     0   0   0   3      24.331   -85.886
0198    98.7   802.5     16.44     97.2    1843   196    38.46     10.29     37.05     5      .7    1844     0   0   0   3      24.331   -85.886
0199    99.2   803.1     16.47     96.9    1837   195    38.53     10.08     37.19     5      .7    1838     0   0   0   3      24.331   -85.886
0200    99.7   803.7     16.51     96.7    1830   195    38.61      9.89     37.33     5      .7    1831     0   0   0   3      24.331   -85.886
0201   100.2   804.3     16.54     96.5    1824   195    38.69      9.69     37.46     5      .7    1825     0   0   0   3      24.332   -85.886
0202   100.7   804.9     16.58     96.3    1818   194    38.77      9.50     37.59     5      .7    1818     0   0   0   3      24.332   -85.886
0203   101.2   805.5     16.62     96.1    1811   194    38.85      9.31     37.72     5      .8    1812     0   0   0   3      24.332   -85.886
0204   101.7   806.1     16.66     95.9    1805   194    38.93      9.13     37.84     5      .8    1806     0   0   0   3      24.332   -85.886
0205   102.2   806.7     16.70     95.8    1798   193    39.01      8.94     37.97     5      .8    1799     0   0   0   3      24.332   -85.886
0206   102.7   807.3     16.75     95.7    1792   193    39.09      8.75     38.09     5      .8    1793     0   0   0   3      24.332   -85.886
0207   103.2   807.9     16.79     95.6    1786   193    39.17      8.57     38.22     5      .9    1786     0   0   0   3      24.333   -85.886
0208   103.7   808.5     16.83     95.4    1779   192    39.25      8.38     38.35     6      .9    1780     0   0   0   3      24.333   -85.886
0209   104.2   809.1     16.88     95.3    1773   192    39.34      8.18     38.47     6      .9    1774     0   0   0   3      24.333   -85.886
0210   104.7   809.7     16.92     95.3    1767   192    39.42      7.99     38.60     6     1.0    1767     0   0   0   3      24.333   -85.886
0211   105.2   810.3     16.96     95.2    1760   191    39.51      7.79     38.74     6     1.0    1761     0   0   0   3      24.333   -85.886
0212   105.7   810.9     17.00     95.1    1754   191    39.60      7.59     38.87     6     1.0    1755     0   0   0   3      24.333   -85.886
0213   106.2   811.5     17.03     95.0    1748   191    39.70      7.39     39.01     6     1.0    1749     0   0   0   3      24.334   -85.886
0214   106.7   812.1     17.07     94.9    1742   190    39.80      7.18     39.14     6     1.1    1742     0   0   0   3      24.334   -85.886
0215   107.2   812.7     17.10     94.9    1735   190    39.90      6.97     39.29     6     1.1    1736     0   0   0   3      24.334   -85.886
0216   107.7   813.3     17.13     94.8    1729   190    40.00      6.76     39.43     6     1.1    1730     0   0   0   3      24.334   -85.886
0217   108.2   813.9     17.16     94.8    1723   189    40.11      6.55     39.57     6     1.1    1724     0   0   0   3      24.334   -85.886
0218   108.7   814.4     17.19     94.8    1717   189    40.22      6.35     39.71     6     1.0    1718     0   0   0   3      24.334   -85.886
0219   109.2   815.0     17.22     94.8    1711   189    40.32      6.15     39.85     6     1.0    1711     0   0   0   3      24.335   -85.885
0220   109.7   815.6     17.24     94.8    1704   188    40.42      5.95     39.98     6     1.0    1705     0   0   0   3      24.335   -85.885
0221   110.2   816.2     17.27     94.8    1698   188    40.51      5.78     40.10     6      .9    1699     0   0   0   3      24.335   -85.885
0222   110.7   816.8     17.29     94.8    1692   188    40.59      5.62     40.20     6      .8    1693     0   0   0   3      24.335   -85.885
0223   111.2   817.4     17.32     94.8    1685   188    40.66      5.48     40.29     6      .8    1686     0   0   0   3      24.335   -85.885
0224   111.7   818.0     17.34     94.8    1679   188    40.72      5.36     40.37     6      .7    1680     0   0   0   3      24.336   -85.885
0225   112.2   818.6     17.37     94.9    1673   187    40.77      5.27     40.43     6      .7    1674     0   0   0   3      24.336   -85.885
0226   112.7   819.3     17.40     94.9    1666   187    40.81      5.20     40.47     6      .6    1667     0   0   0   3      24.336   -85.885
0227   113.2   819.9     17.42     95.0    1660   187    40.83      5.16     40.50     6      .6    1661     0   0   0   0      24.336   -85.885
0228   113.7   820.5     17.45     95.0    1653   187    40.85      5.13     40.53     6      .6    1654     0   0   0   0      24.336   -85.885
0229   114.2   821.1     17.48     95.1    1647   187    40.86      5.12     40.54     6      .5    1648     0   0   0   0      24.336   -85.885
0230   114.7   821.7     17.51     95.2    1640   187    40.87      5.13     40.55     6      .5    1641     0   0   0   0      24.337   -85.885
0231   115.2   822.4     17.54     95.2    1634   187    40.89      5.14     40.56     6      .6    1635     0   0   0   0      24.337   -85.885
0232   115.7   823.0     17.57     95.3    1627   187    40.91      5.16     40.58     6      .6    1628     0   0   0   3      24.337   -85.885
0233   116.2   823.6     17.60     95.4    1621   187    40.93      5.17     40.61     6      .6    1622     0   0   0   0      24.337   -85.885
0234   116.7   824.2     17.63     95.6    1615   187    40.97      5.18     40.64     6      .7    1615     3   3   3   0      24.337   -85.885
0235   117.2   824.8     17.66     95.7    1608   187    41.01      5.18     40.69     6      .7    1609     0   0   0   0      24.338   -85.885
0236   117.7   825.4     17.70     95.8    1602   187    41.07      5.17     40.74     6      .8    1603     0   0   0   0      24.338   -85.885
0237   118.2   826.0     17.73     95.9    1596   187    41.13      5.16     40.80     6      .8    1596     0   0   0   0      24.338   -85.885
0238   118.7   826.6     17.76     96.0    1589   187    41.19      5.13     40.87     6      .9    1590     0   0   0   0      24.338   -85.885
0239   119.2   827.2     17.79     96.1    1583   187    41.26      5.10     40.94     6     1.0    1584     0   0   0   0      24.338   -85.885
0240   119.7   827.8     17.83     96.2    1577   187    41.32      5.06     41.01     6     1.0    1578     0   0   0   0      24.339   -85.885
0241   120.2   828.4     17.86     96.3    1571   187    41.38      5.01     41.08     6     1.1    1572     0   0   0   0      24.339   -85.885
0242   120.7   829.0     17.89     96.4    1565   187    41.43      4.97     41.13     6     1.1    1565     0   0   0   0      24.339   -85.885
0243   121.2   829.6     17.92     96.4    1558   187    41.47      4.93     41.18     6     1.2    1559     0   0   0   0      24.339   -85.885
0244   121.7   830.2     17.95     96.4    1552   187    41.50      4.89     41.21     6     1.2    1553     0   0   0   0      24.339   -85.885
0245   122.2   830.8     17.99     96.4    1546   187    41.52      4.86     41.23     6     1.2    1547     0   0   0   0      24.339   -85.885
0246   122.7   831.4     18.02     96.4    1540   187    41.53      4.84     41.24     6     1.2    1541     0   0   0   0      24.340   -85.885
0247   123.2   832.0     18.05     96.4    1534   187    41.52      4.82     41.24     6     1.2    1535     0   0   0   0      24.340   -85.885
0248   123.7   832.5     18.08     96.3    1528   187    41.51      4.81     41.23     6     1.2    1529     3   3   3   0      24.340   -85.885
0249   124.2   833.1     18.12     96.2    1522   187    41.50      4.80     41.22     6     1.2    1523     0   0   0   0      24.340   -85.885
0250   124.7   833.7     18.15     96.1    1516   187    41.48      4.80     41.20     6     1.2    1517     0   0   0   0      24.340   -85.885
0251   125.2   834.3     18.18     96.1    1510   187    41.46      4.80     41.18     6     1.2    1511     0   0   0   3      24.341   -85.885
0252   125.7   834.9     18.21     96.0    1504   187    41.45      4.81     41.16     6     1.2    1505     0   0   0   0      24.341   -85.885
0253   126.2   835.5     18.24     95.9    1498   187    41.43      4.82     41.15     7     1.1    1499     0   0   0   0      24.341   -85.885
0254   126.7   836.1     18.27     95.8    1492   187    41.42      4.83     41.14     7     1.1    1492     0   0   0   0      24.341   -85.885
0255   127.2   836.7     18.29     95.7    1485   187    41.42      4.83     41.14     7     1.1    1486     0   0   0   0      24.341   -85.885
0256   127.7   837.3     18.32     95.6    1479   187    41.43      4.84     41.14     7     1.0    1480     0   0   0   0      24.341   -85.885
0257   128.2   837.9     18.35     95.6    1473   187    41.43      4.84     41.15     7     1.0    1474     0   0   0   0      24.342   -85.885
0258   128.7   838.5     18.37     95.6    1467   187    41.45      4.84     41.17     7     1.0    1468     0   0   0   0      24.342   -85.885
0259   129.2   839.1     18.40     95.6    1461   187    41.47      4.83     41.19     7      .9    1462     0   0   0   0      24.342   -85.885
0260   129.7   839.7     18.42     95.7    1455   187    41.49      4.82     41.21     7      .9    1455     0   0   0   0      24.342   -85.885
0261   130.2   840.3     18.45     95.8    1448   187    41.52      4.80     41.24     7      .8    1449     0   0   0   0      24.342   -85.885
0262   130.7   840.9     18.47     95.9    1442   187    41.56      4.78     41.28     7      .8    1443     0   0   0   0      24.343   -85.884
0263   131.2   841.5     18.49     96.0    1436   187    41.59      4.75     41.32     7      .7    1437     0   0   0   0      24.343   -85.884
0264   131.7   842.1     18.52     96.1    1429   187    41.63      4.72     41.36     7      .7    1430     0   0   0   0      24.343   -85.884
0265   132.2   842.7     18.54     96.3    1423   186    41.68      4.68     41.41     7      .6    1424     0   0   0   0      24.343   -85.884
0266   132.7   843.4     18.57     96.4    1417   186    41.72      4.64     41.46     7      .6    1418     0   0   0   0      24.343   -85.884
0267   133.2   844.0     18.59     96.5    1410   186    41.76      4.59     41.51     7      .6    1411     0   0   0   0      24.344   -85.884
0268   133.7   844.6     18.62     96.7    1404   186    41.81      4.54     41.56     7      .5    1405     0   0   0   0      24.344   -85.884
0269   134.2   845.2     18.65     96.7    1398   186    41.84      4.50     41.60     7      .5    1398     0   0   0   0      24.344   -85.884
0270   134.7   845.9     18.68     96.8    1391   186    41.87      4.45     41.64     7      .5    1392     0   0   0   0      24.344   -85.884
0271   135.2   846.5     18.71     96.8    1385   186    41.90      4.40     41.67     7      .5    1386     0   0   0   0      24.344   -85.884
0272   135.7   847.1     18.74     96.8    1378   186    41.92      4.36     41.69     7      .5    1379     0   0   0   0      24.344   -85.884
0273   136.2   847.8     18.78     96.8    1372   186    41.93      4.32     41.71     7      .6    1373     0   0   0   0      24.345   -85.884
0274   136.7   848.4     18.81     96.7    1366   186    41.93      4.28     41.72     6      .6    1367     0   0   0   0      24.345   -85.884
0275   137.2   849.0     18.85     96.6    1359   186    41.94      4.25     41.72     6      .6    1360     0   0   0   0      24.345   -85.884
0276   137.7   849.6     18.88     96.5    1353   186    41.94      4.23     41.72     7      .6    1354     0   0   0   0      24.345   -85.884
0277   138.2   850.2     18.92     96.4    1347   186    41.94      4.20     41.73     7      .6    1348     0   0   0   0      24.345   -85.884
0278   138.7   850.9     18.96     96.3    1340   186    41.94      4.18     41.73     7      .6    1341     0   0   0   3      24.346   -85.884
0279   139.2   851.5     18.99     96.2    1334   186    41.95      4.16     41.74     7      .6    1335     0   0   0   3      24.346   -85.884
0280   139.7   852.1     19.03     96.0    1328   186    41.97      4.14     41.76     7      .6    1329     0   0   0   0      24.346   -85.884
0281   140.2   852.7     19.07     95.9    1322   186    41.99      4.13     41.79     7      .6    1322     0   0   0   0      24.346   -85.884
0282   140.7   853.3     19.11     95.8    1315   186    42.03      4.12     41.83     6      .6    1316     0   0   0   0      24.346   -85.884
0283   141.2   854.0     19.15     95.7    1309   186    42.08      4.11     41.88     7      .6    1310     0   0   0   0      24.347   -85.884
0284   141.7   854.6     19.18     95.6    1303   186    42.13      4.10     41.93     7      .6    1304     0   0   0   0      24.347   -85.884
0285   142.2   855.2     19.22     95.6    1296   186    42.20      4.09     42.00     7      .5    1297     0   0   0   0      24.347   -85.884
0286   142.7   855.8     19.25     95.5    1290   186    42.27      4.08     42.07     7      .5    1291     3   3   3   0      24.347   -85.884
0287   143.2   856.5     19.29     95.5    1284   186    42.34      4.08     42.14     7      .5    1285     0   0   0   3      24.347   -85.884
0288   143.7   857.1     19.32     95.5    1277   186    42.41      4.08     42.21     7      .4    1278     0   0   0   0      24.348   -85.884
0289   144.2   857.7     19.36     95.5    1271   186    42.47      4.09     42.27     8      .4    1272     0   0   0   0      24.348   -85.884
0290   144.7   858.4     19.39     95.5    1265   186    42.51      4.10     42.31     8      .3    1265     0   0   0   0      24.348   -85.884
0291   145.2   859.0     19.42     95.5    1258   186    42.54      4.12     42.34     8      .3    1259     0   0   0   0      24.348   -85.884
0292   145.7   859.7     19.45     95.5    1252   186    42.55      4.15     42.35     8      .3    1252     0   0   0   3      24.348   -85.884
0293   146.2   860.3     19.48     95.6    1245   186    42.54      4.19     42.34     8      .2    1246     0   0   0   0      24.348   -85.884
0294   146.7   861.0     19.51     95.6    1239   186    42.51      4.22     42.30     8      .2    1239     0   0   0   0      24.349   -85.884
0295   147.2   861.6     19.54     95.6    1232   186    42.47      4.26     42.25     8      .1    1233     0   0   0   0      24.349   -85.884
0296   147.7   862.3     19.57     95.7    1226   186    42.40      4.30     42.18     8      .1    1226     0   0   0   0      24.349   -85.884
0297   148.2   862.9     19.60     95.7    1219   186    42.32      4.32     42.10     8      .1    1220     0   0   0   0      24.349   -85.884
0298   148.7   863.6     19.63     95.7    1212   186    42.23      4.34     42.00     8      .1    1213     0   0   0   0      24.349   -85.884
0299   149.2   864.2     19.67     95.7    1206   186    42.13      4.33     41.90     8      .1    1207     0   0   0   0      24.350   -85.884
0300   149.7   864.9     19.70     95.7    1199   186    42.02      4.31     41.80     8      .1    1200     3   3   3   0      24.350   -85.884
0301   150.2   865.5     19.74     95.7    1193   186    41.91      4.28     41.69     8      .1    1194     0   0   0   3      24.350   -85.884
0302   150.7   866.2     19.77     95.6    1186   186    41.80      4.22     41.59     8      .1    1187     0   0   0   0      24.350   -85.884
0303   151.2   866.8     19.81     95.5    1180   186    41.69      4.16     41.48     8      .1    1181     0   0   0   0      24.350   -85.884
0304   151.7   867.5     19.85     95.4    1173   186    41.58      4.09     41.38     8      .2    1174     0   0   0   0      24.351   -85.884
0305   152.2   868.1     19.89     95.3    1167   186    41.47      4.02     41.28     8      .2    1168     0   0   0   0      24.351   -85.883
0306   152.7   868.8     19.93     95.2    1160   185    41.36      3.95     41.17     8      .3    1161     0   0   0   0      24.351   -85.883
0307   153.2   869.4     19.98     95.0    1154   185    41.25      3.90     41.07     8      .3    1155     0   0   0   0      24.351   -85.883
0308   153.7   870.1     20.02     94.9    1147   185    41.14      3.88     40.96     8      .4    1148     0   0   0   0      24.351   -85.883
0309   154.2   870.7     20.06     94.7    1141   185    41.03      3.88     40.84     8      .5    1142     0   0   0   0      24.351   -85.883
0310   154.7   871.3     20.11     94.6    1135   185    40.91      3.91     40.73     8      .5    1136     0   0   0   0      24.352   -85.883
0311   155.2   872.0     20.15     94.4    1128   186    40.80      3.96     40.61     8      .6    1129     0   0   0   0      24.352   -85.883
0312   155.7   872.6     20.19     94.3    1122   186    40.69      4.05     40.49     8      .7    1123     0   0   0   0      24.352   -85.883
0313   156.2   873.2     20.23     94.2    1116   186    40.58      4.15     40.37     8      .7    1117     0   0   0   0      24.352   -85.883
0314   156.7   873.8     20.28     94.1    1110   186    40.48      4.28     40.26     8      .8    1111     0   0   0   0      24.352   -85.883
0315   157.2   874.5     20.32     93.9    1104   186    40.40      4.41     40.16     7      .8    1105     0   0   0   0      24.353   -85.883
0316   157.7   875.1     20.35     93.8    1098   186    40.34      4.54     40.08     8      .8    1099     0   0   0   0      24.353   -85.883
0317   158.2   875.7     20.39     93.7    1092   187    40.29      4.66     40.02     8      .9    1092     0   0   0   0      24.353   -85.883
0318   158.7   876.3     20.43     93.6    1085   187    40.28      4.77     39.99     8      .9    1086     0   0   0   0      24.353   -85.883
0319   159.2   876.9     20.46     93.5    1079   187    40.29      4.86     39.99     8      .8    1080     0   0   0   0      24.353   -85.883
0320   159.7   877.5     20.50     93.4    1073   187    40.32      4.93     40.02     8      .8    1074     0   0   0   0      24.353   -85.883
0321   160.2   878.2     20.54     93.3    1067   187    40.38      4.97     40.08     8      .8    1068     0   0   0   0      24.354   -85.883
0322   160.7   878.8     20.57     93.2    1061   187    40.47      4.99     40.16     8      .7    1062     0   0   0   0      24.354   -85.883
0323   161.2   879.4     20.61     93.1    1055   187    40.56      4.99     40.26     8      .6    1056     0   0   0   0      24.354   -85.883
0324   161.7   880.0     20.65     93.0    1049   187    40.67      4.97     40.36     8      .6    1049     0   0   0   0      24.354   -85.883
0325   162.2   880.7     20.68     93.0    1042   187    40.77      4.94     40.47     8      .5    1043     0   0   0   0      24.354   -85.883
0326   162.7   881.3     20.72     92.9    1036   187    40.86      4.91     40.57     8      .4    1037     0   0   0   0      24.355   -85.883
0327   163.2   882.0     20.76     92.9    1030   187    40.93      4.89     40.64     8      .3    1030     0   0   0   3      24.355   -85.883
0328   163.7   882.6     20.80     92.9    1023   187    40.98      4.87     40.69     8      .2    1024     0   0   0   0      24.355   -85.883
0329   164.2   883.3     20.83     92.9    1017   187    40.99      4.86     40.70     8      .2    1018     0   0   0   0      24.355   -85.883
0330   164.7   883.9     20.87     93.0    1010   187    40.96      4.86     40.67     8      .1    1011     0   0   0   0      24.355   -85.883
0331   165.2   884.6     20.91     93.1    1004   187    40.90      4.88     40.61     8      .0    1005     0   0   0   0      24.355   -85.883
0332   165.7   885.2     20.95     93.2     997   187    40.82      4.90     40.52     8      .0     998     0   0   0   0      24.356   -85.883
0333   166.2   885.9     20.98     93.4     991   187    40.71      4.93     40.41     8     -.1     992     0   0   0   0      24.356   -85.883
0334   166.7   886.6     21.02     93.6     984   187    40.59      4.96     40.28     8     -.1     985     0   0   0   0      24.356   -85.883
0335   167.2   887.3     21.05     93.8     978   187    40.47      4.97     40.16     7     -.2     978     0   0   0   0      24.356   -85.883
0336   167.7   887.9     21.08     94.0     971   187    40.35      4.97     40.04     7     -.2     972     0   0   0   0      24.356   -85.883
0337   168.2   888.6     21.11     94.3     964   187    40.25      4.95     39.94     7     -.2     965     0   0   0   0      24.357   -85.883
0338   168.7   889.3     21.13     94.6     958   187    40.17      4.91     39.87     8     -.2     959     0   0   0   0      24.357   -85.883
0339   169.2   890.0     21.16     94.8     951   187    40.13      4.83     39.83     8     -.2     952     0   0   0   0      24.357   -85.883
0340   169.7   890.6     21.18     95.1     945   187    40.11      4.74     39.83     8     -.1     945     0   0   0   0      24.357   -85.883
0341   170.2   891.3     21.20     95.3     938   187    40.12      4.61     39.86     8     -.1     939     0   0   0   0      24.357   -85.883
0342   170.7   892.0     21.22     95.6     931   186    40.16      4.46     39.91     8     -.1     932     0   0   0   0      24.357   -85.883
0343   171.2   892.6     21.24     95.8     925   186    40.22      4.30     39.99     8      .0     926     0   0   0   0      24.358   -85.883
0344   171.7   893.3     21.26     96.0     918   186    40.30      4.12     40.09     8      .0     919     0   0   0   0      24.358   -85.883
0345   172.2   894.0     21.27     96.2     912   186    40.38      3.93     40.19     8      .1     913     0   0   0   0      24.358   -85.883
0346   172.7   894.6     21.29     96.3     906   185    40.47      3.74     40.30     8      .1     906     0   0   0   0      24.358   -85.883
0347   173.2   895.3     21.31     96.5     899   185    40.55      3.55     40.39     8      .1     900     0   0   0   0      24.358   -85.883
0348   173.7   895.9     21.32     96.6     893   185    40.61      3.38     40.47     8      .1     894     0   0   0   0      24.359   -85.883
0349   174.2   896.6     21.34     96.7     886   185    40.67      3.21     40.54     8      .1     887     0   0   0   0      24.359   -85.883
0350   174.7   897.3     21.36     96.8     880   184    40.71      3.07     40.59     7      .1     881     0   0   0   0      24.359   -85.883
0351   175.2   897.9     21.38     96.8     873   184    40.73      2.94     40.62     8      .0     874     0   0   0   0      24.359   -85.882
0352   175.7   898.6     21.40     96.8     867   184    40.74      2.83     40.64     8      .0     868     0   0   0   0      24.359   -85.882
0353   176.2   899.3     21.43     96.8     860   184    40.75      2.75     40.65     8     -.1     861     0   0   0   0      24.359   -85.882
0354   176.7   899.9     21.45     96.8     854   184    40.75      2.68     40.66     8     -.1     855     0   0   0   0      24.360   -85.882
0355   177.2   900.6     21.48     96.8     847   184    40.75      2.62     40.67     8     -.2     848     0   0   0   0      24.360   -85.882
0356   177.7   901.3     21.50     96.8     841   184    40.76      2.59     40.67     8     -.2     842     0   0   0   0      24.360   -85.882
0357   178.2   902.0     21.53     96.8     834   184    40.77      2.56     40.69     8     -.3     835     0   0   0   0      24.360   -85.882
0358   178.7   902.7     21.57     96.7     828   184    40.79      2.55     40.71     8     -.3     828     0   0   0   0      24.360   -85.882
0359   179.2   903.3     21.60     96.6     821   184    40.82      2.54     40.74     8     -.4     822     0   0   0   0      24.361   -85.882
0360   179.7   904.0     21.63     96.6     814   184    40.86      2.54     40.78     8     -.4     815     0   0   0   0      24.361   -85.882
0361   180.2   904.7     21.67     96.5     808   184    40.90      2.53     40.82     8     -.4     809     0   0   0   0      24.361   -85.882
0362   180.7   905.4     21.70     96.4     801   184    40.94      2.53     40.86     8     -.4     802     0   0   0   3      24.361   -85.882
0363   181.2   906.1     21.73     96.4     794   184    40.98      2.52     40.90     8     -.4     795     0   0   0   0      24.361   -85.882
0364   181.7   906.8     21.77     96.3     788   183    41.00      2.49     40.93     8     -.4     788     0   0   0   0      24.361   -85.882
0365   182.2   907.5     21.80     96.2     781   183    41.02      2.46     40.95     8     -.4     782     0   0   0   0      24.362   -85.882
0366   182.7   908.2     21.84     96.2     774   183    41.03      2.41     40.96     8     -.4     775     0   0   0   0      24.362   -85.882
0367   183.2   908.9     21.87     96.2     768   183    41.03      2.34     40.96     8     -.4     769     0   0   0   0      24.362   -85.882
0368   183.7   909.6     21.90     96.3     761   183    41.02      2.26     40.96     8     -.4     762     0   0   0   0      24.362   -85.882
0369   184.2   910.3     21.94     96.4     754   183    41.01      2.15     40.95     8     -.4     755     0   0   0   0      24.362   -85.882
0370   184.7   911.0     21.96     96.5     748   183    40.99      2.02     40.94     8     -.4     749     0   0   0   0      24.363   -85.882
0371   185.2   911.6     21.99     96.7     741   183    40.97      1.87     40.92     8     -.4     742     0   0   0   0      24.363   -85.882
0372   185.7   912.3     22.01     96.9     735   182    40.94      1.71     40.91     8     -.4     735     0   0   0   0      24.363   -85.882
0373   186.2   913.0     22.04     97.2     728   182    40.92      1.53     40.89     8     -.4     729     0   0   0   0      24.363   -85.882
0374   186.7   913.7     22.06     97.5     721   182    40.90      1.35     40.88     8     -.4     722     0   0   0   0      24.363   -85.882
0375   187.2   914.4     22.07     97.8     715   182    40.88      1.16     40.86     8     -.4     716     0   0   0   0      24.364   -85.882
0376   187.7   915.1     22.09     98.1     708   181    40.86       .97     40.85     8     -.4     709     0   0   0   0      24.364   -85.882
0377   188.2   915.8     22.11     98.3     702   181    40.85       .80     40.84     8     -.4     702     0   0   0   0      24.364   -85.882
0378   188.7   916.5     22.13     98.6     695   181    40.83       .63     40.83     7     -.4     696     0   0   0   0      24.364   -85.882
0379   189.2   917.2     22.15     98.8     688   181    40.82       .49     40.81     8     -.4     689     0   0   0   0      24.364   -85.882
0380   189.7   917.9     22.17     98.9     682   181    40.80       .37     40.80     8     -.4     683     0   0   0   0      24.364   -85.882
0381   190.2   918.6     22.19     99.0     675   180    40.79       .27     40.79     8     -.4     676     0   0   0   0      24.365   -85.882
0382   190.7   919.3     22.21     99.1     668   180    40.79       .20     40.79     8     -.5     669     0   0   0   0      24.365   -85.882
0383   191.2   920.0     22.24     99.1     662   180    40.79       .15     40.79     8     -.5     663     0   0   0   0      24.365   -85.882
0384   191.7   920.7     22.27     99.0     655   180    40.80       .11     40.80     7     -.5     656     0   0   0   0      24.365   -85.882
0385   192.2   921.4     22.31     98.9     649   180    40.82       .09     40.82     8     -.5     649     0   0   0   0      24.365   -85.882
0386   192.7   922.1     22.34     98.8     642   180    40.85       .07     40.85     8     -.5     643     0   0   0   0      24.366   -85.882
0387   193.2   922.8     22.38     98.6     635   180    40.89       .06     40.89     8     -.5     636     0   0   0   0      24.366   -85.882
0388   193.7   923.5     22.42     98.5     629   180    40.95       .04     40.95     8     -.6     629     0   0   0   0      24.366   -85.882
0389   194.2   924.2     22.46     98.3     622   180    41.02       .02     41.02     8     -.6     623     0   0   0   0      24.366   -85.882
0390   194.7   924.9     22.50     98.2     615   180    41.10      -.01     41.10     8     -.6     616     0   0   0   0      24.366   -85.882
0391   195.2   925.6     22.53     98.2     608   180    41.18      -.05     41.18     8     -.6     609     0   0   0   0      24.366   -85.882
0392   195.7   926.3     22.57     98.1     602   180    41.26      -.11     41.26     8     -.5     603     0   0   0   0      24.367   -85.882
0393   196.2   927.0     22.60     98.1     595   180    41.33      -.18     41.33     8     -.5     596     0   0   0   3      24.367   -85.882
0394   196.7   927.7     22.63     98.2     588   180    41.40      -.26     41.40     8     -.5     589     0   0   0   0      24.367   -85.882
0395   197.2   928.4     22.66     98.3     582   179    41.45      -.36     41.45     8     -.4     583     0   0   0   0      24.367   -85.882
0396   197.7   929.1     22.69     98.4     575   179    41.48      -.48     41.48     8     -.4     576     0   0   0   0      24.367   -85.882
0397   198.2   929.8     22.71     98.5     569   179    41.50      -.62     41.49     8     -.3     570     0   0   0   0      24.368   -85.882
0398   198.7   930.5     22.73     98.6     562   179    41.49      -.77     41.49     7     -.2     563     0   0   0   0      24.368   -85.882
0399   199.2   931.2     22.75     98.8     556   179    41.47      -.96     41.46     8     -.2     557     0   0   0   0      24.368   -85.882
0400   199.7   931.9     22.76     98.9     549   178    41.43     -1.16     41.41     8     -.1     550     0   0   0   0      24.368   -85.882
0401   200.2   932.5     22.78     99.0     543   178    41.37     -1.39     41.34     8      .0     544     0   0   0   0      24.368   -85.882
0402   200.7   933.2     22.80     99.0     537   178    41.30     -1.64     41.27     8      .0     537     0   0   0   0      24.369   -85.882
0403   201.2   933.9     22.82     99.0     530   177    41.23     -1.92     41.19     8      .1     531     0   0   0   0      24.369   -85.882
0404   201.7   934.6     22.84     99.0     524   177    41.16     -2.21     41.10     8      .1     525     0   0   0   0      24.369   -85.882
0405   202.2   935.2     22.87     99.0     518   177    41.10     -2.51     41.03     8      .1     518     0   0   0   0      24.369   -85.882
0406   202.7   935.9     22.90     98.9     511   176    41.05     -2.81     40.96     8      .0     512     0   0   0   0      24.369   -85.882
0407   203.2   936.6     22.93     98.8     505   176    41.02     -3.12     40.90     8      .0     506     0   0   0   0      24.369   -85.882
0408   203.7   937.3     22.96     98.6     499   175    41.01     -3.41     40.87     8     -.1     499     0   0   0   0      24.370   -85.882
0409   204.2   938.0     23.00     98.5     492   175    41.02     -3.70     40.85     8     -.2     493     0   0   0   0      24.370   -85.882
0410   204.7   938.6     23.03     98.3     486   174    41.04     -3.97     40.85     8     -.3     487     0   0   0   0      24.370   -85.882
0411   205.2   939.3     23.07     98.1     479   174    41.08     -4.22     40.86     8     -.4     480     0   0   0   0      24.370   -85.882
0412   205.7   940.1     23.11     98.0     473   174    41.13     -4.45     40.89     7     -.5     473     0   0   0   0      24.370   -85.882
0413   206.2   940.8     23.16     97.8     466   173    41.18     -4.66     40.91     7     -.6     467     0   0   0   0      24.371   -85.882
0414   206.7   941.5     23.20     97.6     459   173    41.22     -4.87     40.94     7     -.7     460     0   0   0   0      24.371   -85.882
0415   207.2   942.2     23.24     97.5     452   173    41.26     -5.06     40.95     7     -.8     453     0   0   0   0      24.371   -85.882
0416   207.7   942.9     23.28     97.3     446   173    41.29     -5.25     40.95     7     -.8     447     0   0   0   0      24.371   -85.882
0417   208.2   943.7     23.32     97.2     439   172    41.29     -5.43     40.93     7     -.8     440     0   0   0   0      24.371   -85.882
0418   208.7   944.4     23.36     97.1     432   172    41.27     -5.62     40.89     7     -.7     433     0   0   0   0      24.372   -85.883
0419   209.2   945.1     23.40     96.9     425   172    41.23     -5.81     40.82     7     -.6     426     0   0   0   0      24.372   -85.883
0420   209.7   945.8     23.44     96.8     419   172    41.16     -6.01     40.72     7     -.5     420     0   0   0   0      24.372   -85.883
0421   210.2   946.6     23.48     96.7     412   171    41.06     -6.21     40.59     7     -.4     413     0   0   0   0      24.372   -85.883
0422   210.7   947.3     23.52     96.6     406   171    40.94     -6.40     40.44     8     -.2     406     0   0   0   0      24.372   -85.883
0423   211.2   947.9     23.55     96.5     399   171    40.80     -6.59     40.26     8     -.1     400     0   0   0   0      24.372   -85.883
0424   211.7   948.6     23.59     96.3     393   170    40.65     -6.77     40.08     8      .1     394     0   0   0   0      24.373   -85.883
0425   212.2   949.3     23.63     96.2     387   170    40.48     -6.93     39.89     8      .2     388     0   0   0   0      24.373   -85.883
0426   212.7   950.0     23.67     96.1     381   170    40.32     -7.06     39.70     8      .4     381     0   0   0   0      24.373   -85.883
0427   213.2   950.6     23.70     95.9     374   170    40.18     -7.17     39.53     8      .5     375     0   0   0   0      24.373   -85.883
0428   213.7   951.3     23.74     95.8     369   170    40.05     -7.25     39.39     8      .6     369     0   0   0   0      24.373   -85.883
0429   214.2   951.9     23.78     95.6     363   169    39.95     -7.29     39.28     8      .7     363     0   0   0   0      24.373   -85.883
0430   214.7   952.5     23.81     95.4     357   169    39.89     -7.32     39.21     8      .8     358     0   0   0   0      24.374   -85.883
0431   215.2   953.2     23.85     95.3     351   169    39.87     -7.32     39.19     8      .8     352     0   0   0   0      24.374   -85.883
0432   215.7   953.8     23.89     95.1     345   169    39.90     -7.30     39.23     8      .9     346     0   0   0   0      24.374   -85.883
0433   216.2   954.5     23.93     94.9     339   170    39.98     -7.28     39.31     8      .9     340     0   0   0   0      24.374   -85.883
0434   216.7   955.1     23.97     94.8     333   170    40.12     -7.26     39.46     8      .8     334     0   0   0   0      24.374   -85.883
0435   217.2   955.7     24.01     94.6     327   170    40.30     -7.24     39.64     8      .8     328     0   0   0   0      24.375   -85.883
0436   217.7   956.4     24.05     94.4     321   170    40.51     -7.24     39.86     8      .8     322     0   0   0   0      24.375   -85.883
0437   218.2   957.0     24.09     94.3     316   170    40.75     -7.26     40.10     8      .8     316     0   0   0   0      24.375   -85.883
0438   218.7   957.7     24.14     94.1     310   170    41.00     -7.31     40.35     7      .7     310     0   0   0   0      24.375   -85.883
0439   219.2   958.3     24.18     94.0     304   170    41.24     -7.37     40.58     7      .7     304     0   0   0   0      24.375   -85.883
0440   219.7   959.0     24.22     93.9     298   170    41.46     -7.45     40.79     7      .7     299     0   0   0   0      24.375   -85.883
0441   220.2   959.6     24.27     93.8     292   170    41.63     -7.55     40.94     7      .6     293     0   0   0   0      24.376   -85.883
0442   220.7   960.3     24.31     93.7     286   169    41.75     -7.65     41.04     7      .6     287     0   0   0   0      24.376   -85.883
0443   221.2   960.9     24.35     93.7     280   169    41.79     -7.76     41.06     7      .5     281     0   0   0   0      24.376   -85.883
0444   221.7   961.6     24.40     93.6     274   169    41.75     -7.86     41.00     6      .4     275     0   0   0   0      24.376   -85.883
0445   222.2   962.2     24.44     93.7     268   169    41.62     -7.96     40.85     7      .3     268     0   0   0   0      24.376   -85.883
0446   222.7   962.9     24.48     93.7     262   169    41.41     -8.05     40.62     7      .3     262     0   0   0   0      24.377   -85.884
0447   223.2   963.6     24.53     93.8     255   169    41.12     -8.14     40.31     7      .1     256     0   0   0   0      24.377   -85.884
0448   223.7   964.3     24.57     93.8     249   168    40.77     -8.22     39.93     7      .0     250     0   0   0   0      24.377   -85.884
0449   224.2   964.9     24.61     93.9     243   168    40.35     -8.30     39.49     8     -.1     244     0   0   0   0      24.377   -85.884
0450   224.7   965.6     24.65     94.0     236   168    39.91     -8.39     39.01     8     -.2     237     0   0   0   0      24.377   -85.884
0451   225.2   966.3     24.69     94.1     230   168    39.44     -8.49     38.52     8     -.3     231     0   0   0   0      24.377   -85.884
0452   225.7   967.1     24.73     94.2     224   167    38.98     -8.61     38.01     8     -.4     224     0   0   0   0      24.378   -85.884
0453   226.2   967.8     24.77     94.3     217   167    38.54     -8.74     37.53     8     -.4     218     0   0   0   0      24.378   -85.884
0454   226.7   968.5     24.81     94.4     211   167    38.13     -8.90     37.08     8     -.4     211     0   0   0   0      24.378   -85.884
0455   227.2   969.2     24.85     94.4     204   166    37.78     -9.08     36.67     7     -.4     205     0   0   0   0      24.378   -85.884
0456   227.7   969.9     24.89     94.5     197   166    37.48     -9.27     36.32     8     -.3     198     0   0   0   0      24.378   -85.884
0457   228.2   970.6     24.93     94.5     191   165    37.25     -9.48     36.02     8     -.2     192     0   0   0   0      24.378   -85.884
0458   228.7   971.3     24.97     94.5     185   165    37.07     -9.71     35.78     8     -.1     185     0   0   0   0      24.379   -85.884
0459   229.2   972.0     25.01     94.4     178   164    36.95     -9.93     35.59     8      .0     179     0   0   0   0      24.379   -85.884
0460   229.7   972.7     25.05     94.4     172   164    36.88    -10.16     35.46     8      .2     173     0   0   0   0      24.379   -85.884
0461   230.2   973.4     25.09     94.3     166   164    36.86    -10.38     35.37     8      .4     167     0   0   0   0      24.379   -85.884
0462   230.7   974.0     25.13     94.1     160   163    36.88    -10.60     35.32     8      .6     161     0   0   0   0      24.379   -85.884
0463   231.2   974.7     25.18     93.9     154   163    36.97    -10.81     35.36     8      .7     155     0   0   0   0      24.379   -85.884
0464   231.7   975.3     25.22     93.7     148   163    37.08    -10.99     35.42     8      .9     149     0   0   0   0      24.380   -85.884
0465   232.2   976.0     25.26     93.5     143   163    37.18    -11.14     35.47     8     1.0     143     0   0   0   0      24.380   -85.884
0466   232.7   976.6     25.31     93.2     137   162    37.27    -11.26     35.53     8     1.0     138     0   0   0   0      24.380   -85.884
0467   233.2   977.2     25.35     92.9     131   162    37.35    -11.34     35.59     8     1.0     132     0   0   0   0      24.380   -85.885
0468   233.7   977.8     25.40     92.7     126   162    37.41    -11.41     35.63     8     1.0     126     0   0   0   0      24.380   -85.885
0469   234.2   978.5     25.44     92.4     120   162    37.45    -11.46     35.65     8      .9     121     0   0   0   0      24.380   -85.885
0470   234.7   979.1     25.49     92.1     114   162    37.45    -11.49     35.65     8      .8     115     0   0   0   0      24.381   -85.885
0471   235.2   979.8     25.54     91.8     108   162    37.43    -11.52     35.61     7      .6     109     0   0   0   0      24.381   -85.885
0472   235.7   980.4     25.59     91.6     102   162    37.38    -11.54     35.56     8      .5     103     0   0   0   0      24.381   -85.885
0473   236.2   981.1     25.64     91.4      96   162    37.31    -11.56     35.47     8      .3      97     0   0   0   0      24.381   -85.885
0474   236.7   981.8     25.69     91.2      90   162    37.21    -11.57     35.36     8      .2      91     0   0   0   0      24.381   -85.885
0475   237.2   982.5     25.74     91.1      84   162    37.07    -11.55     35.23     8      .0      85     0   0   0   0      24.381   -85.885
0476   237.7   983.2     25.79     91.0      78   162    36.89    -11.49     35.05     8     -.1      78     0   0   0   0      24.382   -85.885
0477   238.2   983.9     25.85     91.0      71   162    36.64    -11.39     34.83     8     -.3      72     0   0   0   0      24.382   -85.885
0478   238.7   984.6     25.90     91.0      65   162    36.32    -11.25     34.54     8     -.4      66     0   0   0   0      24.382   -85.885
0479   239.2   985.3     25.95     91.1      58   162    35.91    -11.05     34.17     8     -.6      59     0   0   0   0      24.382   -85.885
0480   239.7   986.0     26.00     91.3      52   162    35.39    -10.79     33.70     8     -.7      53     0   0   0   0      24.382   -85.885
0481   240.2   986.8     26.05     91.6      45   162    34.70    -10.48     33.08     8     -.7      46     0   0   0   0      24.382   -85.885
0482   240.7   987.5     26.10     92.0      38   162    33.79    -10.17     32.23     8     -.6      39     0   0   0   0      24.382   -85.885
0483   241.2   988.3     26.15     92.6      32   162    32.63     -9.92     31.08     8     -.2      32     0   0   0   0      24.383   -85.885
0484   241.7   989.0     26.19     93.4      25   162    31.25     -9.74     29.70     7     -.1      26     0   0   0   0      24.383   -85.885
0485   242.2   989.7     26.23     93.8      18   162    30.04     -9.41     28.52     7      .0      19     0   0   0   0      24.383   -85.885
0486   242.7   990.4     26.27     93.5      13   163    29.53     -8.77     28.19     7      .2      13     0   0   0   0      24.383   -85.885
0487   243.2   990.9     26.30     93.5       8   164    28.93     -7.81     27.85     8      .5       9     0   0   0   0      24.383   -85.886
