 ===========================================================================
 DROPWINDSONDE PROCESSING RECORD                            Sonde: 013635261
 PDS file written Sep 14, 2004.                             Format:    V5.12
 Aircraft: N43RF                             Date: 040915   Time: 002356 UTC
 ---------------------------------------------------------------------------
 Bias corrections:  PR =    .0 mb  TE =    .0 C  RH =    .0 %  PRB =   .0 mb
 Filters (LPF):     PTH =  10 s    WIND =  10 s       Hyd anchor =       FLT
 Dyn RH correction =  N     WSHR COR =      Y         Splash PR  =  976.1 mb
 Estimated PR used =  N     GPS VERR =    .83 m/s     HYD SFCP   =  993.6 mb
 Dyn T correction  =  Y     WGACORR  =     .0 m       AC GA ADJ  =     .0 m
 ---------------------------------------------------------------------------
 COMMENTS: rb north 80 miles                                           
 ===========================================================================

 ===========================================================================
 Date: 040915   Lat:  26.04 N   TA:   10.7 C   PS:  696.8 mb   WD:   101 deg
 Time: 002356   Lon:  87.00 W   TD: -999.0 C   GA:   3044 m    WS:  47.7 m/s
 SID:  013635261                RH: -999.0 %   Navaid:   GP          
 ===========================================================================

IX      t (s)  P (mb)    T (C)    RH (%)  Z (m)   WD    WS (m/s)   U (m/s)   V (m/s)  NS  WZ (m/s)  ZW (m)   FP  FT  FH  FW    LAT (N)   LON (E)
0001      .2   697.4     10.73   -999.0    3036  -999  -999.00   -999.00   -999.00  -999  -999.0    3036     3   3   0   0      26.041   -87.000
0002      .7   698.0     10.77   -999.0    3029  -999  -999.00   -999.00   -999.00  -999  -999.0    3029     3   3   0   0      26.041   -87.000
0003     1.2   698.6     10.80   -999.0    3022  -999  -999.00   -999.00   -999.00  -999  -999.0    3022     3   3   0   0      26.041   -87.001
0004     1.7   699.1     10.84   -999.0    3015  -999  -999.00   -999.00   -999.00  -999  -999.0    3015     3   3   0   0      26.041   -87.001
0005     2.2   699.7     10.87   -999.0    3008  -999  -999.00   -999.00   -999.00  -999  -999.0    3008     3   3   0   0      26.041   -87.001
0006     2.7   700.3     10.91   -999.0    3001  -999  -999.00   -999.00   -999.00  -999  -999.0    3001     3   3   0   0      26.041   -87.001
0007     3.2   700.9     10.94   -999.0    2994  -999  -999.00   -999.00   -999.00  -999  -999.0    2994     3   3   0   0      26.041   -87.002
0008     3.7   701.5     10.98   -999.0    2987  -999  -999.00   -999.00   -999.00  -999  -999.0    2987     3   3   0   0      26.041   -87.002
0009     4.2   702.1     11.01   -999.0    2980  -999  -999.00   -999.00   -999.00  -999  -999.0    2980     3   3   0   0      26.041   -87.002
0010     4.7   702.7     11.04   -999.0    2973  -999  -999.00   -999.00   -999.00  -999  -999.0    2973     3   3   0   0      26.041   -87.002
0011     5.2   703.3     11.08   -999.0    2966  -999  -999.00   -999.00   -999.00  -999  -999.0    2966     3   3   0   0      26.042   -87.003
0012     5.7   703.8     11.11   -999.0    2959  -999  -999.00   -999.00   -999.00  -999  -999.0    2959     3   3   0   0      26.042   -87.003
0013     6.2   704.4     11.15   -999.0    2952  -999  -999.00   -999.00   -999.00  -999  -999.0    2952     3   3   0   0      26.042   -87.003
0014     6.7   705.0     11.18   -999.0    2945  -999  -999.00   -999.00   -999.00  -999  -999.0    2945     3   3   0   0      26.042   -87.003
0015     7.2   705.6     11.22   -999.0    2939  -999  -999.00   -999.00   -999.00  -999  -999.0    2939     3   3   0   0      26.042   -87.004
0016     7.7   706.2     11.25   -999.0    2932  -999  -999.00   -999.00   -999.00  -999  -999.0    2932     3   3   0   0      26.042   -87.004
0017     8.2   706.8     11.28   -999.0    2925  -999  -999.00   -999.00   -999.00  -999  -999.0    2925     3   3   0   0      26.042   -87.004
0018     8.7   707.4     11.32   -999.0    2918  -999  -999.00   -999.00   -999.00  -999  -999.0    2918     3   3   0   0      26.042   -87.004
0019     9.2   708.0     11.35   -999.0    2911  -999  -999.00   -999.00   -999.00  -999  -999.0    2911     3   3   0   0      26.042   -87.004
0020     9.7   708.5     11.39   -999.0    2904  -999  -999.00   -999.00   -999.00  -999  -999.0    2904     3   3   0   0      26.042   -87.005
0021    10.2   709.1     11.42   -999.0    2897  -999  -999.00   -999.00   -999.00  -999  -999.0    2897     3   3   0   0      26.042   -87.005
0022    10.7   709.7     11.46   -999.0    2890  -999  -999.00   -999.00   -999.00  -999  -999.0    2890     3   3   0   0      26.042   -87.005
0023    11.2   710.3     11.49   -999.0    2883  -999  -999.00   -999.00   -999.00  -999  -999.0    2883     3   3   0   0      26.042   -87.005
0024    11.7   710.9     11.53   -999.0    2876  -999  -999.00   -999.00   -999.00  -999  -999.0    2876     3   3   0   0      26.042   -87.006
0025    12.2   711.5     11.56   -999.0    2869  -999  -999.00   -999.00   -999.00  -999  -999.0    2869     3   3   0   0      26.042   -87.006
0026    12.7   712.1     11.60   -999.0    2862  -999  -999.00   -999.00   -999.00  -999  -999.0    2862     3   3   0   0      26.042   -87.006
0027    13.2   712.6     11.63   -999.0    2855  -999  -999.00   -999.00   -999.00  -999  -999.0    2855     3   3   0   0      26.042   -87.006
0028    13.7   713.2     11.66   -999.0    2849  -999  -999.00   -999.00   -999.00  -999  -999.0    2849     3   3   0   0      26.042   -87.007
0029    14.2   713.8     11.69   -999.0    2842  -999  -999.00   -999.00   -999.00  -999  -999.0    2842     3   3   0   0      26.042   -87.007
0030    14.7   714.4     11.73   -999.0    2835  -999  -999.00   -999.00   -999.00  -999  -999.0    2835     3   3   0   0      26.042   -87.007
0031    15.2   715.0     11.76   -999.0    2828  -999  -999.00   -999.00   -999.00  -999  -999.0    2828     0   0   0   0      26.042   -87.007
0032    15.7   715.6     11.79   -999.0    2821  -999  -999.00   -999.00   -999.00  -999      .4    2821     0   0   0   0      26.042   -87.007
0033    16.2   716.2     11.83   -999.0    2814  -999  -999.00   -999.00   -999.00  -999      .4    2814     0   0   0   0      26.042   -87.008
0034    16.7   716.8     11.86   -999.0    2807  -999  -999.00   -999.00   -999.00  -999      .3    2807     0   0   0   0      26.042   -87.008
0035    17.2   717.4     11.90   -999.0    2800  -999  -999.00   -999.00   -999.00  -999      .3    2800     0   0   0   0      26.042   -87.008
0036    17.7   718.0     11.93     90.0    2793  -999  -999.00   -999.00   -999.00  -999      .3    2793     0   0   0   0      26.042   -87.008
0037    18.2   718.6     11.97     90.0    2786  -999  -999.00   -999.00   -999.00  -999      .2    2786     0   0   0   0      26.042   -87.009
0038    18.7   719.2     12.01     89.8    2779  -999  -999.00   -999.00   -999.00  -999      .2    2779     0   0   0   0      26.042   -87.009
0039    19.2   719.8     12.05     89.7    2772  -999  -999.00   -999.00   -999.00  -999      .2    2772     0   0   0   0      26.042   -87.009
0040    19.7   720.4     12.10     89.6    2765  -999  -999.00   -999.00   -999.00  -999      .2    2765     0   0   0   0      26.042   -87.009
0041    20.2   721.0     12.14     89.5    2758  -999  -999.00   -999.00   -999.00  -999      .2    2758     0   0   0   0      26.043   -87.009
0042    20.7   721.6     12.18     89.4    2751  -999  -999.00   -999.00   -999.00  -999      .1    2751     0   0   0   0      26.043   -87.010
0043    21.2   722.2     12.23     89.3    2744  -999  -999.00   -999.00   -999.00  -999      .1    2744     0   0   0   0      26.043   -87.010
0044    21.7   722.8     12.27     89.1    2737  -999  -999.00   -999.00   -999.00  -999      .1    2737     0   0   0   0      26.043   -87.010
0045    22.2   723.4     12.31     89.0    2730  -999  -999.00   -999.00   -999.00  -999      .1    2730     0   0   0   0      26.043   -87.010
0046    22.7   724.0     12.35     88.9    2723  -999  -999.00   -999.00   -999.00  -999      .1    2723     0   0   0   0      26.043   -87.011
0047    23.2   724.6     12.40     88.8    2716  -999  -999.00   -999.00   -999.00  -999      .1    2716     0   0   0   0      26.043   -87.011
0048    23.7   725.2     12.43     88.7    2709  -999  -999.00   -999.00   -999.00  -999      .1    2709     0   0   0   0      26.043   -87.011
0049    24.2   725.8     12.47     88.6    2702  -999  -999.00   -999.00   -999.00  -999      .1    2702     0   0   0   0      26.043   -87.011
0050    24.7   726.4     12.51     88.6    2695  -999  -999.00   -999.00   -999.00  -999      .1    2695     0   0   0   0      26.043   -87.012
0051    25.2   727.0     12.54     88.5    2687  -999  -999.00   -999.00   -999.00  -999      .1    2687     0   0   0   0      26.043   -87.012
0052    25.7   727.6     12.57     88.4    2680  -999  -999.00   -999.00   -999.00  -999      .1    2680     0   0   0   0      26.043   -87.012
0053    26.2   728.3     12.60     88.4    2673  -999  -999.00   -999.00   -999.00  -999      .0    2673     0   0   0   0      26.043   -87.012
0054    26.7   728.9     12.63     88.3    2666  -999  -999.00   -999.00   -999.00  -999      .0    2666     0   0   0   0      26.043   -87.012
0055    27.2   729.5     12.65     88.2    2659  -999  -999.00   -999.00   -999.00  -999      .0    2659     0   0   0   0      26.043   -87.013
0056    27.7   730.1     12.67     88.1    2652  -999  -999.00   -999.00   -999.00  -999      .0    2652     0   0   0   0      26.043   -87.013
0057    28.2   730.7     12.69     88.0    2645  -999  -999.00   -999.00   -999.00  -999      .0    2645     0   0   0   0      26.043   -87.013
0058    28.7   731.3     12.71     87.9    2638  -999  -999.00   -999.00   -999.00  -999      .0    2638     0   0   0   0      26.043   -87.013
0059    29.2   731.9     12.73     87.7    2631  -999  -999.00   -999.00   -999.00  -999     -.1    2631     0   0   0   0      26.043   -87.014
0060    29.7   732.6     12.75     87.5    2624  -999  -999.00   -999.00   -999.00  -999     -.1    2624     0   0   0   0      26.043   -87.014
0061    30.2   733.2     12.76     87.4    2617  -999  -999.00   -999.00   -999.00  -999     -.1    2617     0   0   0   0      26.043   -87.014
0062    30.7   733.8     12.78     87.2    2610  -999  -999.00   -999.00   -999.00  -999     -.2    2610     0   0   0   0      26.043   -87.014
0063    31.2   734.4     12.79     87.0    2602  -999  -999.00   -999.00   -999.00  -999     -.3    2602     0   0   0   0      26.043   -87.015
0064    31.7   735.0     12.81     86.8    2595  -999  -999.00   -999.00   -999.00  -999     -.3    2595     0   0   0   0      26.043   -87.015
0065    32.2   735.7     12.83     86.6    2588  -999  -999.00   -999.00   -999.00  -999     -.4    2588     0   0   0   0      26.043   -87.015
0066    32.7   736.3     12.84     86.4    2581  -999  -999.00   -999.00   -999.00  -999     -.5    2581     0   0   0   0      26.043   -87.015
0067    33.2   736.9     12.86     86.3    2573  -999  -999.00   -999.00   -999.00  -999     -.6    2573     0   0   0   0      26.043   -87.015
0068    33.7   737.6     12.87     86.2    2566  -999  -999.00   -999.00   -999.00  -999     -.7    2566     0   0   0   0      26.043   -87.016
0069    34.2   738.2     12.89     86.1    2559  -999  -999.00   -999.00   -999.00  -999     -.8    2559     0   0   0   0      26.043   -87.016
0070    34.7   738.9     12.90     86.0    2551  -999  -999.00   -999.00   -999.00  -999    -1.0    2551     0   0   0   0      26.043   -87.016
0071    35.2   739.6     12.92     86.0    2544  -999  -999.00   -999.00   -999.00  -999    -1.1    2544     0   0   0   0      26.043   -87.016
0072    35.7   740.2     12.93     86.0    2536  -999  -999.00   -999.00   -999.00  -999    -1.2    2536     0   0   0   0      26.043   -87.017
0073    36.2   740.9     12.94     86.1    2528  -999  -999.00   -999.00   -999.00  -999    -1.3    2528     0   0   0   0      26.043   -87.017
0074    36.7   741.6     12.95     86.2    2521  -999  -999.00   -999.00   -999.00  -999    -1.4    2521     0   0   0   0      26.043   -87.017
0075    37.2   742.3     12.96     86.3    2513  -999  -999.00   -999.00   -999.00  -999    -1.5    2513     0   0   0   0      26.043   -87.017
0076    37.7   742.9     12.97     86.4    2505  -999  -999.00   -999.00   -999.00  -999    -1.6    2505     0   0   0   0      26.043   -87.018
0077    38.2   743.6     12.99     86.6    2497  -999  -999.00   -999.00   -999.00  -999    -1.6    2497     0   0   0   0      26.043   -87.018
0078    38.7   744.3     13.00     86.7    2489  -999  -999.00   -999.00   -999.00  -999    -1.6    2489     0   0   0   0      26.043   -87.018
0079    39.2   745.0     13.01     86.8    2481  -999  -999.00   -999.00   -999.00  -999    -1.7    2481     0   0   0   0      26.043   -87.018
0080    39.7   745.7     13.03     86.8    2474  -999  -999.00   -999.00   -999.00  -999    -1.7    2474     0   0   0   0      26.043   -87.018
0081    40.2   746.4     13.05     86.8    2466  -999  -999.00   -999.00   -999.00  -999    -1.6    2466     0   0   0   0      26.043   -87.019
0082    40.7   747.1     13.08     86.8    2458  -999  -999.00   -999.00   -999.00  -999    -1.6    2458     0   0   0   0      26.043   -87.019
0083    41.2   747.8     13.10     86.7    2450  -999  -999.00   -999.00   -999.00  -999    -1.5    2450     0   0   0   0      26.043   -87.019
0084    41.7   748.5     13.13     86.6    2442  -999  -999.00   -999.00   -999.00  -999    -1.4    2442     0   0   0   0      26.043   -87.019
0085    42.2   749.2     13.17     86.4    2435  -999  -999.00   -999.00   -999.00  -999    -1.4    2435     0   0   0   0      26.043   -87.020
0086    42.7   749.9     13.21     86.2    2427  -999  -999.00   -999.00   -999.00  -999    -1.3    2427     0   0   0   0      26.043   -87.020
0087    43.2   750.5     13.25     86.0    2419  -999  -999.00   -999.00   -999.00  -999    -1.2    2419     0   0   0   0      26.043   -87.020
0088    43.7   751.2     13.29     85.7    2412  -999  -999.00   -999.00   -999.00  -999    -1.1    2412     3   3   3   0      26.044   -87.020
0089    44.2   751.9     13.33     85.4    2404  -999  -999.00   -999.00   -999.00  -999    -1.1    2404     0   0   0   0      26.044   -87.020
0090    44.7   752.5     13.38     85.1    2397  -999  -999.00   -999.00   -999.00  -999    -1.0    2397     0   0   0   0      26.044   -87.021
0091    45.2   753.2     13.42     84.7    2389  -999  -999.00   -999.00   -999.00  -999     -.9    2389     0   0   0   0      26.044   -87.021
0092    45.7   753.9     13.47     84.4    2382  -999  -999.00   -999.00   -999.00  -999     -.9    2382     0   0   0   0      26.044   -87.021
0093    46.2   754.5     13.51     84.1    2375  -999  -999.00   -999.00   -999.00  -999     -.8    2375     0   0   0   0      26.044   -87.021
0094    46.7   755.2     13.55     83.8    2367  -999  -999.00   -999.00   -999.00  -999     -.8    2367     0   0   0   0      26.044   -87.022
0095    47.2   755.8     13.59     83.5    2360  -999  -999.00   -999.00   -999.00  -999     -.8    2360     0   0   0   0      26.044   -87.022
0096    47.7   756.5     13.63     83.3    2353  -999  -999.00   -999.00   -999.00  -999     -.8    2353     0   0   0   0      26.044   -87.022
0097    48.2   757.2     13.67     83.1    2345  -999  -999.00   -999.00   -999.00  -999     -.8    2345     0   0   0   0      26.044   -87.022
0098    48.7   757.8     13.71     82.8    2338  -999  -999.00   -999.00   -999.00  -999     -.8    2338     0   0   0   0      26.044   -87.023
0099    49.2   758.5     13.75     82.6    2330  -999  -999.00   -999.00   -999.00  -999     -.8    2330     0   0   0   0      26.044   -87.023
0100    49.7   759.1     13.79     82.5    2323  -999  -999.00   -999.00   -999.00  -999     -.8    2323     0   0   0   0      26.044   -87.023
0101    50.2   759.8     13.82     82.3    2316  -999  -999.00   -999.00   -999.00  -999     -.8    2316     0   0   0   0      26.044   -87.023
0102    50.7   760.5     13.86     82.1    2308  -999  -999.00   -999.00   -999.00  -999     -.9    2308     0   0   0   0      26.044   -87.023
0103    51.2   761.1     13.90     81.9    2301  -999  -999.00   -999.00   -999.00  -999     -.9    2301     0   0   0   0      26.044   -87.024
0104    51.7   761.8     13.93     81.7    2294  -999  -999.00   -999.00   -999.00  -999     -.9    2294     0   0   0   0      26.044   -87.024
0105    52.2   762.4     13.97     81.6    2286  -999  -999.00   -999.00   -999.00  -999     -.9    2286     0   0   0   0      26.044   -87.024
0106    52.7   763.1     14.01     81.4    2279  -999  -999.00   -999.00   -999.00  -999     -.9    2279     0   0   0   0      26.044   -87.024
0107    53.2   763.8     14.04     81.2    2271  -999  -999.00   -999.00   -999.00  -999     -.9    2271     0   0   0   0      26.044   -87.025
0108    53.7   764.5     14.08     81.0    2264  -999  -999.00   -999.00   -999.00  -999     -.9    2264     0   0   0   0      26.044   -87.025
0109    54.2   765.1     14.11     80.8    2257  -999  -999.00   -999.00   -999.00  -999     -.9    2257     0   0   0   0      26.044   -87.025
0110    54.7   765.8     14.14     80.6    2249  -999  -999.00   -999.00   -999.00  -999     -.9    2249     0   0   0   0      26.044   -87.025
0111    55.2   766.5     14.17     80.3    2242  -999  -999.00   -999.00   -999.00  -999     -.9    2242     0   0   0   0      26.044   -87.025
0112    55.7   767.1     14.20     80.1    2234  -999  -999.00   -999.00   -999.00  -999     -.9    2234     0   0   0   0      26.044   -87.026
0113    56.2   767.8     14.23     79.8    2227  -999  -999.00   -999.00   -999.00  -999     -.9    2227     3   3   3   0      26.044   -87.026
0114    56.7   768.5     14.26     79.5    2220  -999  -999.00   -999.00   -999.00  -999     -.9    2220     0   0   0   0      26.044   -87.026
0115    57.2   769.1     14.28     79.2    2212  -999  -999.00   -999.00   -999.00  -999     -.9    2212     0   0   0   0      26.044   -87.026
0116    57.7   769.8     14.31     79.0    2205  -999  -999.00   -999.00   -999.00  -999     -.9    2205     0   0   0   0      26.044   -87.027
0117    58.2   770.5     14.34     78.7    2198  -999  -999.00   -999.00   -999.00  -999     -.9    2198     0   0   0   0      26.044   -87.027
0118    58.7   771.1     14.37     78.4    2190  -999  -999.00   -999.00   -999.00  -999     -.9    2190     0   0   0   0      26.044   -87.027
0119    59.2   771.8     14.39     78.2    2183  -999  -999.00   -999.00   -999.00  -999     -.9    2183     0   0   0   0      26.044   -87.027
0120    59.7   772.5     14.42     78.1    2175  -999  -999.00   -999.00   -999.00  -999    -1.0    2175     0   0   0   0      26.044   -87.027
0121    60.2   773.2     14.45     78.1    2168  -999  -999.00   -999.00   -999.00  -999    -1.0    2168     0   0   0   0      26.044   -87.028
0122    60.7   773.8     14.48     78.2    2161  -999  -999.00   -999.00   -999.00  -999    -1.0    2161     0   0   0   0      26.044   -87.028
0123    61.2   774.5     14.51     78.5    2153  -999  -999.00   -999.00   -999.00  -999    -1.0    2153     3   3   3   0      26.044   -87.028
0124    61.7   775.2     14.53     78.9    2146  -999  -999.00   -999.00   -999.00  -999    -1.0    2146     0   0   0   0      26.044   -87.028
0125    62.2   775.9     14.56     79.4    2139  -999  -999.00   -999.00   -999.00  -999    -1.0    2139     0   0   0   0      26.044   -87.028
0126    62.7   776.5     14.57     80.2    2131  -999  -999.00   -999.00   -999.00  -999    -1.0    2131     0   0   0   0      26.044   -87.029
0127    63.2   777.2     14.59     81.0    2124  -999  -999.00   -999.00   -999.00  -999    -1.0    2124     0   0   0   0      26.044   -87.029
0128    63.7   777.9     14.60     82.0    2116  -999  -999.00   -999.00   -999.00  -999    -1.0    2116     0   0   0   0      26.044   -87.029
0129    64.2   778.6     14.60     83.1    2109  -999  -999.00   -999.00   -999.00  -999    -1.0    2109     0   0   0   0      26.044   -87.029
0130    64.7   779.2     14.60     84.2    2102  -999  -999.00   -999.00   -999.00  -999    -1.0    2102     0   0   0   0      26.044   -87.030
0131    65.2   779.9     14.60     85.4    2094  -999  -999.00   -999.00   -999.00  -999    -1.0    2094     0   0   0   0      26.044   -87.030
0132    65.7   780.6     14.59     86.5    2087  -999  -999.00   -999.00   -999.00  -999    -1.1    2087     0   0   0   0      26.044   -87.030
0133    66.2   781.3     14.58     87.5    2080  -999  -999.00   -999.00   -999.00  -999    -1.1    2080     0   0   0   0      26.044   -87.030
0134    66.7   782.0     14.58     88.5    2072  -999  -999.00   -999.00   -999.00  -999    -1.1    2072     0   0   0   0      26.044   -87.030
0135    67.2   782.6     14.57     89.4    2065  -999  -999.00   -999.00   -999.00  -999    -1.1    2065     0   0   0   0      26.044   -87.031
0136    67.7   783.3     14.56     90.1    2057  -999  -999.00   -999.00   -999.00  -999    -1.1    2057     0   0   0   0      26.044   -87.031
0137    68.2   784.0     14.56     90.6    2050  -999  -999.00   -999.00   -999.00  -999    -1.1    2050     0   0   0   0      26.044   -87.031
0138    68.7   784.7     14.56     91.0    2043  -999  -999.00   -999.00   -999.00  -999    -1.1    2043     0   0   0   0      26.044   -87.031
0139    69.2   785.4     14.57     91.3    2035  -999  -999.00   -999.00   -999.00  -999    -1.1    2035     0   0   0   0      26.044   -87.032
0140    69.7   786.1     14.59     91.5    2028  -999  -999.00   -999.00   -999.00  -999    -1.1    2028     0   0   0   0      26.044   -87.032
0141    70.2   786.7     14.61     91.5    2020  -999  -999.00   -999.00   -999.00  -999    -1.0    2020     0   0   0   0      26.044   -87.032
0142    70.7   787.4     14.64     91.5    2013  -999  -999.00   -999.00   -999.00  -999    -1.0    2013     0   0   0   0      26.044   -87.032
0143    71.2   788.1     14.68     91.4    2006  -999  -999.00   -999.00   -999.00  -999    -1.0    2006     0   0   0   0      26.044   -87.032
0144    71.7   788.8     14.72     91.2    1998  -999  -999.00   -999.00   -999.00  -999    -1.0    1998     0   0   0   0      26.044   -87.033
0145    72.2   789.5     14.77     91.0    1991  -999  -999.00   -999.00   -999.00  -999     -.9    1991     0   0   0   0      26.044   -87.033
0146    72.7   790.1     14.83     90.9    1984  -999  -999.00   -999.00   -999.00  -999     -.9    1984     0   0   0   0      26.044   -87.033
0147    73.2   790.8     14.88     90.7    1977  -999  -999.00   -999.00   -999.00  -999     -.8    1977     0   0   0   0      26.044   -87.033
0148    73.7   791.5     14.94     90.4    1969  -999  -999.00   -999.00   -999.00  -999     -.8    1969     0   0   0   0      26.044   -87.034
0149    74.2   792.2     15.01     90.2    1962  -999  -999.00   -999.00   -999.00  -999     -.7    1962     0   0   0   0      26.044   -87.034
0150    74.7   792.8     15.07     89.9    1955  -999  -999.00   -999.00   -999.00  -999     -.7    1955     0   0   0   0      26.044   -87.034
0151    75.2   793.5     15.14     89.6    1948  -999  -999.00   -999.00   -999.00  -999     -.7    1948     0   0   0   0      26.044   -87.034
0152    75.7   794.2     15.20     89.2    1941  -999  -999.00   -999.00   -999.00  -999     -.6    1941     0   0   0   0      26.044   -87.034
0153    76.2   794.8     15.27     88.8    1934  -999  -999.00   -999.00   -999.00  -999     -.6    1934     0   0   0   0      26.044   -87.035
0154    76.7   795.5     15.33     88.3    1926  -999  -999.00   -999.00   -999.00  -999     -.6    1926     0   0   0   0      26.044   -87.035
0155    77.2   796.2     15.39     87.7    1919  -999  -999.00   -999.00   -999.00  -999     -.6    1919     0   0   0   0      26.044   -87.035
0156    77.7   796.8     15.45     87.2    1912  -999  -999.00   -999.00   -999.00  -999     -.6    1912     0   0   0   0      26.044   -87.035
0157    78.2   797.5     15.50     86.6    1905  -999  -999.00   -999.00   -999.00  -999     -.6    1905     0   0   0   0      26.044   -87.036
0158    78.7   798.1     15.55     86.1    1898  -999  -999.00   -999.00   -999.00  -999     -.6    1898     0   0   0   0      26.044   -87.036
0159    79.2   798.8     15.59     85.7    1891  -999  -999.00   -999.00   -999.00  -999     -.6    1891     0   0   0   0      26.044   -87.036
0160    79.7   799.5     15.63     85.4    1884  -999  -999.00   -999.00   -999.00  -999     -.6    1884     0   0   0   0      26.044   -87.036
0161    80.2   800.2     15.67     85.2    1877  -999  -999.00   -999.00   -999.00  -999     -.6    1877     0   0   0   0      26.044   -87.036
0162    80.7   800.8     15.70     85.2    1870  -999  -999.00   -999.00   -999.00  -999     -.6    1870     0   0   0   0      26.044   -87.037
0163    81.2   801.5     15.73     85.4    1862  -999  -999.00   -999.00   -999.00  -999     -.6    1862     3   3   3   0      26.044   -87.037
0164    81.7   802.2     15.75     85.9    1855  -999  -999.00   -999.00   -999.00  -999     -.5    1855     0   0   0   0      26.044   -87.037
0165    82.2   802.8     15.76     86.5    1848  -999  -999.00   -999.00   -999.00  -999     -.4    1848     0   0   0   0      26.044   -87.037
0166    82.7   803.5     15.78     87.2    1841  -999  -999.00   -999.00   -999.00  -999     -.2    1841     0   0   0   0      26.044   -87.038
0167    83.2   804.1     15.79     88.2    1834  -999  -999.00   -999.00   -999.00  -999      .0    1834     0   0   0   0      26.044   -87.038
0168    83.7   804.8     15.80     89.2    1828  -999  -999.00   -999.00   -999.00  -999      .2    1828     0   0   0   0      26.044   -87.038
0169    84.2   805.4     15.81     90.3    1821  -999  -999.00   -999.00   -999.00  -999      .5    1821     0   0   0   0      26.044   -87.038
0170    84.7   806.0     15.81     91.5    1814  -999  -999.00   -999.00   -999.00  -999      .9    1814     0   0   0   0      26.044   -87.038
0171    85.2   806.6     15.82     92.6    1808  -999  -999.00   -999.00   -999.00  -999     1.2    1808     0   0   0   0      26.044   -87.039
0172    85.7   807.2     15.82     93.6    1802  -999  -999.00   -999.00   -999.00  -999     1.6    1802     0   0   0   0      26.044   -87.039
0173    86.2   807.8     15.83     94.5    1796  -999  -999.00   -999.00   -999.00  -999     2.0    1796     0   0   0   0      26.043   -87.039
0174    86.7   808.3     15.83     95.4    1791  -999  -999.00   -999.00   -999.00  -999     2.3    1791     0   0   0   0      26.043   -87.039
0175    87.2   808.8     15.84     96.1    1785  -999  -999.00   -999.00   -999.00  -999     2.7    1785     0   0   0   0      26.043   -87.040
0176    87.7   809.3     15.85     96.6    1780  -999  -999.00   -999.00   -999.00  -999     3.0    1780     0   0   0   0      26.043   -87.040
0177    88.2   809.8     15.86     97.1    1775  -999  -999.00   -999.00   -999.00  -999     3.3    1775     0   0   0   0      26.043   -87.040
0178    88.7   810.3     15.87     97.4    1770  -999  -999.00   -999.00   -999.00  -999     3.5    1770     0   0   0   0      26.043   -87.040
0179    89.2   810.7     15.88     97.6    1765  -999  -999.00   -999.00   -999.00  -999     3.6    1765     0   0   0   0      26.043   -87.040
0180    89.7   811.2     15.90     97.8    1760  -999  -999.00   -999.00   -999.00  -999     3.8    1760     0   0   0   0      26.043   -87.041
0181    90.2   811.6     15.92     97.8    1755  -999  -999.00   -999.00   -999.00  -999     3.8    1755     0   0   0   0      26.043   -87.041
0182    90.7   812.1     15.94     97.9    1750  -999  -999.00   -999.00   -999.00  -999     3.8    1750     0   0   0   0      26.043   -87.041
0183    91.2   812.6     15.96     98.0    1746  -999  -999.00   -999.00   -999.00  -999     3.8    1746     0   0   0   0      26.043   -87.041
0184    91.7   813.0     15.98     98.0    1741  -999  -999.00   -999.00   -999.00  -999     3.8    1741     0   0   0   0      26.043   -87.042
0185    92.2   813.5     16.01     98.1    1736  -999  -999.00   -999.00   -999.00  -999     3.7    1736     0   0   0   0      26.043   -87.042
0186    92.7   813.9     16.04     98.1    1731  -999  -999.00   -999.00   -999.00  -999     3.6    1731     0   0   0   0      26.043   -87.042
0187    93.2   814.4     16.07     98.2    1726  -999  -999.00   -999.00   -999.00  -999     3.5    1726     0   0   0   0      26.043   -87.042
0188    93.7   814.9     16.10     98.3    1721  -999  -999.00   -999.00   -999.00  -999     3.4    1721     0   0   0   0      26.043   -87.042
0189    94.2   815.4     16.13     98.4    1716  -999  -999.00   -999.00   -999.00  -999     3.4    1716     0   0   0   0      26.043   -87.043
0190    94.7   815.9     16.16     98.5    1711  -999  -999.00   -999.00   -999.00  -999     3.3    1711     0   0   0   0      26.043   -87.043
0191    95.2   816.4     16.19     98.5    1706  -999  -999.00   -999.00   -999.00  -999     3.3    1706     0   0   0   0      26.043   -87.043
0192    95.7   816.8     16.23     98.6    1701  -999  -999.00   -999.00   -999.00  -999     3.2    1701     0   0   0   0      26.043   -87.043
0193    96.2   817.3     16.26     98.7    1696  -999  -999.00   -999.00   -999.00  -999     3.2    1696     0   0   0   0      26.043   -87.043
0194    96.7   817.8     16.29     98.8    1690  -999  -999.00   -999.00   -999.00  -999     3.2    1690     0   0   0   0      26.043   -87.044
0195    97.2   818.3     16.32     98.8    1685  -999  -999.00   -999.00   -999.00  -999     3.1    1685     0   0   0   0      26.043   -87.044
0196    97.7   818.8     16.36     98.9    1680  -999  -999.00   -999.00   -999.00  -999     3.1    1680     0   0   0   0      26.043   -87.044
0197    98.2   819.3     16.39     99.0    1675  -999  -999.00   -999.00   -999.00  -999     3.1    1675     0   0   0   0      26.043   -87.044
0198    98.7   819.8     16.42     99.1    1670  -999  -999.00   -999.00   -999.00  -999     3.0    1670     0   0   0   0      26.043   -87.044
0199    99.2   820.3     16.46     99.1    1665  -999  -999.00   -999.00   -999.00  -999     2.9    1665     0   0   0   0      26.043   -87.045
0200    99.7   820.8     16.49     99.2    1659  -999  -999.00   -999.00   -999.00  -999     2.8    1659     0   0   0   0      26.043   -87.045
0201   100.2   821.3     16.52     99.3    1654  -999  -999.00   -999.00   -999.00  -999     2.7    1654     0   0   0   0      26.043   -87.045
0202   100.7   821.8     16.56     99.4    1649  -999  -999.00   -999.00   -999.00  -999     2.6    1649     0   0   0   0      26.043   -87.045
0203   101.2   822.3     16.59     99.5    1643  -999  -999.00   -999.00   -999.00  -999     2.5    1643     0   0   0   0      26.043   -87.046
0204   101.7   822.9     16.62     99.5    1638  -999  -999.00   -999.00   -999.00  -999     2.3    1638     0   0   0   0      26.043   -87.046
0205   102.2   823.4     16.65     99.6    1632  -999  -999.00   -999.00   -999.00  -999     2.2    1632     0   0   0   0      26.043   -87.046
0206   102.7   824.0     16.67     99.7    1626  -999  -999.00   -999.00   -999.00  -999     2.0    1626     0   0   0   0      26.043   -87.046
0207   103.2   824.5     16.69     99.7    1621  -999  -999.00   -999.00   -999.00  -999     1.9    1621     0   0   0   0      26.043   -87.046
0208   103.7   825.1     16.72     99.8    1615  -999  -999.00   -999.00   -999.00  -999     1.8    1615     0   0   0   0      26.043   -87.047
0209   104.2   825.6     16.74     99.8    1609  -999  -999.00   -999.00   -999.00  -999     1.7    1609     0   0   0   0      26.043   -87.047
0210   104.7   826.2     16.75     99.9    1603  -999  -999.00   -999.00   -999.00  -999     1.6    1603     0   0   0   0      26.043   -87.047
0211   105.2   826.8     16.77     99.9    1597  -999  -999.00   -999.00   -999.00  -999     1.6    1597     3   3   3   0      26.043   -87.047
0212   105.7   827.4     16.78     99.9    1591  -999  -999.00   -999.00   -999.00  -999     1.6    1591     0   0   0   0      26.043   -87.047
0213   106.2   827.9     16.79    100.0    1585  -999  -999.00   -999.00   -999.00  -999     1.7    1585     0   0   0   0      26.043   -87.048
0214   106.7   828.5     16.81    100.0    1579  -999  -999.00   -999.00   -999.00  -999     1.8    1579     0   0   0   0      26.043   -87.048
0215   107.2   829.1     16.81    100.0    1573  -999  -999.00   -999.00   -999.00  -999     1.9    1573     0   0   0   0      26.043   -87.048
0216   107.7   829.6     16.82    100.0    1568  -999  -999.00   -999.00   -999.00  -999     2.0    1568     0   0   0   0      26.043   -87.048
0217   108.2   830.2     16.83    100.0    1562  -999  -999.00   -999.00   -999.00  -999     2.2    1562     0   0   0   0      26.043   -87.049
0218   108.7   830.7     16.84    100.0    1557  -999  -999.00   -999.00   -999.00  -999     2.4    1557     3   3   3   0      26.043   -87.049
0219   109.2   831.2     16.84    100.0    1551  -999  -999.00   -999.00   -999.00  -999     2.6    1551     0   0   0   0      26.043   -87.049
0220   109.7   831.8     16.85    100.0    1546  -999  -999.00   -999.00   -999.00  -999     2.8    1546     0   0   0   0      26.042   -87.049
0221   110.2   832.3     16.85    100.0    1541  -999  -999.00   -999.00   -999.00  -999     3.0    1541     0   0   0   0      26.042   -87.049
0222   110.7   832.8     16.86    100.0    1535  -999  -999.00   -999.00   -999.00  -999     3.1    1535     0   0   0   0      26.042   -87.050
0223   111.2   833.3     16.86    100.0    1530  -999  -999.00   -999.00   -999.00  -999     3.3    1530     0   0   0   0      26.042   -87.050
0224   111.7   833.7     16.87    100.0    1525  -999  -999.00   -999.00   -999.00  -999     3.3    1525     0   0   0   0      26.042   -87.050
0225   112.2   834.2     16.88    100.0    1521  -999  -999.00   -999.00   -999.00  -999     3.4    1521     0   0   0   0      26.042   -87.050
0226   112.7   834.7     16.89    100.0    1516  -999  -999.00   -999.00   -999.00  -999     3.4    1516     0   0   0   0      26.042   -87.050
0227   113.2   835.2     16.90    100.0    1511  -999  -999.00   -999.00   -999.00  -999     3.3    1511     0   0   0   0      26.042   -87.051
0228   113.7   835.7     16.91    100.0    1506  -999  -999.00   -999.00   -999.00  -999     3.2    1506     0   0   0   0      26.042   -87.051
0229   114.2   836.1     16.92    100.0    1501  -999  -999.00   -999.00   -999.00  -999     3.0    1501     0   0   0   0      26.042   -87.051
0230   114.7   836.6     16.94    100.0    1496  -999  -999.00   -999.00   -999.00  -999     2.8    1496     0   0   0   0      26.042   -87.051
0231   115.2   837.2     16.96    100.0    1490  -999  -999.00   -999.00   -999.00  -999     2.6    1490     0   0   0   0      26.042   -87.052
0232   115.7   837.7     16.98    100.0    1485  -999  -999.00   -999.00   -999.00  -999     2.3    1485     0   0   0   0      26.042   -87.052
0233   116.2   838.2     17.00     99.8    1479  -999  -999.00   -999.00   -999.00  -999     2.0    1479     0   0   0   0      26.042   -87.052
0234   116.7   838.8     17.02     99.5    1474  -999  -999.00   -999.00   -999.00  -999     1.7    1474     0   0   0   0      26.042   -87.052
0235   117.2   839.4     17.04     99.2    1468  -999  -999.00   -999.00   -999.00  -999     1.4    1468     0   0   0   0      26.042   -87.052
0236   117.7   840.0     17.06     98.8    1462    80    43.10    -42.46     -7.41     4     1.1    1462     0   0   0   0      26.042   -87.053
0237   118.2   840.6     17.08     98.3    1456    81    43.90    -43.35     -6.95     5      .8    1456     0   0   0   0      26.042   -87.053
0238   118.7   841.2     17.10     97.9    1449    82    42.80    -42.40     -5.83     5      .5    1449     0   0   0   3      26.042   -87.053
0239   119.2   841.8     17.12     97.5    1443    84    42.31    -42.07     -4.55     4      .3    1443     0   0   0   0      26.042   -87.053
0240   119.7   842.5     17.15     97.2    1436    85    42.78    -42.60     -3.91     5      .1    1436     0   0   0   0      26.042   -87.053
0241   120.2   843.1     17.17     96.9    1429    85    42.99    -42.85     -3.49     5     -.1    1429     0   0   0   0      26.042   -87.054
0242   120.7   843.8     17.19     96.7    1423    86    43.23    -43.11     -3.34     5     -.2    1423     0   0   0   0      26.042   -87.054
0243   121.2   844.5     17.22     96.7    1416    86    43.56    -43.42     -3.41     5     -.3    1416     0   0   0   0      26.042   -87.054
0244   121.7   845.1     17.25     96.8    1409    85    43.83    -43.68     -3.54     5     -.3    1409     0   0   0   0      26.042   -87.054
0245   122.2   845.8     17.29     96.9    1402    85    44.00    -43.85     -3.60     5     -.3    1402     0   0   0   0      26.042   -87.055
0246   122.7   846.5     17.32     97.2    1395    85    44.09    -43.94     -3.62     5     -.3    1395     0   0   0   0      26.042   -87.055
0247   123.2   847.2     17.36     97.5    1389    85    44.13    -43.98     -3.60     5     -.3    1389     0   0   0   0      26.042   -87.055
0248   123.7   847.8     17.40     97.9    1382    85    44.13    -43.99     -3.59     5     -.2    1382     0   0   0   0      26.042   -87.055
0249   124.2   848.5     17.44     98.3    1375    85    44.13    -43.98     -3.59     5     -.2    1375     0   0   0   0      26.042   -87.055
0250   124.7   849.2     17.49     98.8    1368    85    44.12    -43.97     -3.61     4     -.1    1368     0   0   0   0      26.042   -87.056
0251   125.2   849.8     17.53     99.1    1362    85    44.09    -43.94     -3.62     5      .0    1362     0   0   3   0      26.042   -87.056
0252   125.7   850.5     17.57     99.5    1355    85    44.04    -43.90     -3.57     5      .0    1355     0   0   0   0      26.042   -87.056
0253   126.2   851.1     17.62     99.8    1349    85    43.98    -43.84     -3.46     4      .1    1349     0   0   0   0      26.042   -87.056
0254   126.7   851.8     17.66    100.0    1342    86    43.91    -43.79     -3.27     4      .1    1342     0   0   0   0      26.042   -87.057
0255   127.2   852.4     17.71    100.0    1335    86    43.84    -43.74     -3.00     4      .2    1335     0   0   0   3      26.042   -87.057
0256   127.7   853.1     17.76    100.0    1329    86    43.79    -43.71     -2.68     4      .2    1329     0   0   0   0      26.042   -87.057
0257   128.2   853.7     17.80    100.0    1323    87    43.76    -43.70     -2.32     4      .2    1323     0   0   0   0      26.042   -87.057
0258   128.7   854.3     17.85    100.0    1316    87    43.76    -43.71     -1.94     4      .2    1316     0   0   0   0      26.042   -87.057
0259   129.2   855.0     17.90    100.0    1310    88    43.78    -43.76     -1.58     4      .2    1310     0   0   0   0      26.042   -87.058
0260   129.7   855.6     17.95    100.0    1303    88    43.84    -43.82     -1.26     4      .2    1303     0   0   0   0      26.042   -87.058
0261   130.2   856.3     18.01    100.0    1297    89    43.93    -43.91     -1.00     4      .2    1297     0   0   0   0      26.042   -87.058
0262   130.7   856.9     18.06    100.0    1290    89    44.04    -44.03      -.82     4      .1    1290     0   0   0   3      26.042   -87.058
0263   131.2   857.6     18.12    100.0    1284    89    44.17    -44.16      -.72     4      .1    1284     0   0   0   0      26.042   -87.059
0264   131.7   858.2     18.17    100.0    1277    89    44.30    -44.29      -.71     5      .0    1277     0   0   0   0      26.042   -87.059
0265   132.2   858.9     18.22    100.0    1271    89    44.43    -44.43      -.80     5     -.1    1271     0   0   0   0      26.042   -87.059
0266   132.7   859.5     18.27    100.0    1264    89    44.56    -44.55      -.96     5     -.2    1264     0   0   0   0      26.042   -87.059
0267   133.2   860.2     18.32    100.0    1257    88    44.69    -44.68     -1.18     5     -.3    1257     0   0   0   0      26.042   -87.059
0268   133.7   860.9     18.37    100.0    1250    88    44.82    -44.79     -1.44     5     -.4    1250     0   0   0   0      26.042   -87.060
0269   134.2   861.6     18.41    100.0    1244    88    44.93    -44.90     -1.73     5     -.5    1244     0   0   0   3      26.042   -87.060
0270   134.7   862.3     18.44    100.0    1237    87    45.04    -44.99     -2.02     5     -.5    1237     0   0   0   0      26.042   -87.060
0271   135.2   862.9     18.47    100.0    1230    87    45.14    -45.08     -2.30     5     -.6    1230     0   0   0   0      26.042   -87.060
0272   135.7   863.6     18.50    100.0    1223    87    45.22    -45.15     -2.56     5     -.6    1223     0   0   0   0      26.042   -87.061
0273   136.2   864.3     18.52    100.0    1216    86    45.29    -45.21     -2.78     5     -.6    1216     0   0   0   0      26.042   -87.061
0274   136.7   865.0     18.54    100.0    1209    86    45.35    -45.25     -2.97     5     -.5    1209     0   0   0   0      26.042   -87.061
0275   137.2   865.7     18.56    100.0    1202    86    45.39    -45.28     -3.14     5     -.5    1202     0   0   0   0      26.042   -87.061
0276   137.7   866.4     18.57    100.0    1195    86    45.41    -45.29     -3.29     5     -.4    1195     0   0   0   0      26.041   -87.061
0277   138.2   867.1     18.58    100.0    1189    86    45.41    -45.28     -3.42     5     -.3    1189     0   0   0   0      26.041   -87.062
0278   138.7   867.7     18.59    100.0    1182    86    45.39    -45.25     -3.56     5     -.2    1182     0   0   0   0      26.041   -87.062
0279   139.2   868.4     18.60    100.0    1175    85    45.34    -45.19     -3.70     5     -.1    1175     0   0   0   0      26.041   -87.062
0280   139.7   869.1     18.62    100.0    1169    85    45.28    -45.11     -3.86     5      .0    1169     0   0   0   0      26.041   -87.062
0281   140.2   869.7     18.63    100.0    1162    85    45.20    -45.01     -4.04     5      .1    1162     0   0   0   0      26.041   -87.063
0282   140.7   870.4     18.64    100.0    1156    85    45.10    -44.90     -4.23     5      .2    1156     0   0   0   0      26.041   -87.063
0283   141.2   871.0     18.66    100.0    1149    84    45.00    -44.78     -4.44     5      .3    1149     0   0   0   0      26.041   -87.063
0284   141.7   871.7     18.68    100.0    1143    84    44.90    -44.66     -4.63     5      .4    1143     0   0   0   0      26.041   -87.063
0285   142.2   872.3     18.70    100.0    1137    84    44.80    -44.54     -4.81     5      .5    1137     0   0   0   0      26.041   -87.063
0286   142.7   872.9     18.72    100.0    1130    84    44.70    -44.42     -4.95     5      .6    1130     0   0   0   0      26.041   -87.064
0287   143.2   873.6     18.75    100.0    1124    84    44.60    -44.31     -5.04     5      .6    1124     0   0   0   0      26.041   -87.064
0288   143.7   874.2     18.78    100.0    1118    83    44.50    -44.21     -5.07     5      .8    1118     0   0   0   0      26.041   -87.064
0289   144.2   874.8     18.81    100.0    1112    83    44.41    -44.12     -5.05     5      .9    1112     0   0   0   0      26.041   -87.064
0290   144.7   875.5     18.84    100.0    1106    84    44.33    -44.05     -4.96     5     1.0    1106     0   0   0   0      26.041   -87.065
0291   145.2   876.1     18.87    100.0    1100    84    44.25    -43.98     -4.83     5     1.2    1100     0   0   0   0      26.041   -87.065
0292   145.7   876.7     18.91    100.0    1094    84    44.18    -43.93     -4.66     5     1.3    1094     0   0   0   0      26.041   -87.065
0293   146.2   877.3     18.94    100.0    1088    84    44.11    -43.89     -4.47     5     1.5    1088     0   0   0   0      26.041   -87.065
0294   146.7   877.8     18.98    100.0    1082    84    44.06    -43.85     -4.27     5     1.7    1082     0   0   0   0      26.041   -87.065
0295   147.2   878.4     19.01    100.0    1077    85    44.01    -43.82     -4.09     5     1.8    1077     0   0   0   0      26.041   -87.066
0296   147.7   879.0     19.04    100.0    1071    85    43.97    -43.79     -3.95     5     2.0    1071     0   0   0   0      26.041   -87.066
0297   148.2   879.5     19.08    100.0    1066    85    43.95    -43.78     -3.86     5     2.1    1066     0   0   0   0      26.041   -87.066
0298   148.7   880.1     19.11    100.0    1060    85    43.93    -43.77     -3.83     5     2.3    1060     0   0   0   0      26.041   -87.066
0299   149.2   880.6     19.14    100.0    1055    85    43.94    -43.77     -3.87     4     2.4    1055     0   0   0   0      26.041   -87.067
0300   149.7   881.2     19.18    100.0    1050    85    43.97    -43.79     -3.99     5     2.4    1050     0   0   0   0      26.041   -87.067
0301   150.2   881.7     19.21    100.0    1044    85    44.02    -43.83     -4.18     5     2.5    1044     0   0   0   0      26.041   -87.067
0302   150.7   882.2     19.24    100.0    1039    84    44.11    -43.89     -4.41     4     2.5    1039     0   0   0   0      26.041   -87.067
0303   151.2   882.8     19.28    100.0    1034    84    44.23    -43.98     -4.69     4     2.6    1034     0   0   0   0      26.041   -87.067
0304   151.7   883.3     19.31    100.0    1029    84    44.37    -44.09     -4.97     4     2.6    1029     0   0   0   0      26.041   -87.068
0305   152.2   883.8     19.35    100.0    1023    83    44.54    -44.23     -5.24     4     2.6    1023     0   0   0   0      26.041   -87.068
0306   152.7   884.4     19.39    100.0    1018    83    44.72    -44.39     -5.48     4     2.6    1018     0   0   0   0      26.041   -87.068
0307   153.2   884.9     19.43    100.0    1013    83    44.91    -44.55     -5.67     4     2.6    1013     0   0   0   0      26.041   -87.068
0308   153.7   885.4     19.47    100.0    1008    83    45.10    -44.72     -5.79     4     2.6    1008     0   0   0   0      26.041   -87.069
0309   154.2   886.0     19.51    100.0    1003    83    45.26    -44.89     -5.83     4     2.7    1003     0   0   0   0      26.041   -87.069
0310   154.7   886.5     19.55    100.0     998    83    45.40    -45.03     -5.79     4     2.7     998     0   0   0   0      26.041   -87.069
0311   155.2   887.0     19.59    100.0     992    83    45.49    -45.13     -5.66     4     2.7     992     0   0   0   0      26.041   -87.069
0312   155.7   887.5     19.63    100.0     987    83    45.53    -45.20     -5.46     5     2.7     987     0   0   0   0      26.041   -87.069
0313   156.2   888.1     19.66    100.0     982    83    45.51    -45.21     -5.20     5     2.8     982     0   0   0   0      26.041   -87.070
0314   156.7   888.6     19.69    100.0     977    84    45.42    -45.16     -4.90     5     2.8     977     0   0   0   0      26.041   -87.070
0315   157.2   889.1     19.72    100.0     972    84    45.27    -45.04     -4.59     5     2.7     972     0   0   0   0      26.041   -87.070
0316   157.7   889.6     19.74    100.0     967    85    45.06    -44.86     -4.29     5     2.7     967     0   0   0   0      26.041   -87.070
0317   158.2   890.2     19.76    100.0     962    85    44.79    -44.61     -4.04     5     2.6     962     0   0   0   0      26.041   -87.071
0318   158.7   890.7     19.78    100.0     957    85    44.47    -44.31     -3.86     5     2.5     957     0   0   0   0      26.041   -87.071
0319   159.2   891.2     19.80    100.0     951    85    44.13    -43.96     -3.77     5     2.4     951     0   0   0   0      26.041   -87.071
0320   159.7   891.8     19.81    100.0     946    85    43.76    -43.59     -3.79     5     2.2     946     0   0   0   0      26.041   -87.071
0321   160.2   892.3     19.82    100.0     941    85    43.40    -43.22     -3.91     5     2.0     941     0   0   0   3      26.041   -87.071
0322   160.7   892.9     19.83    100.0     935    84    43.06    -42.86     -4.15     5     1.7     935     0   0   0   0      26.041   -87.072
0323   161.2   893.5     19.84    100.0     930    84    42.78    -42.54     -4.49     5     1.4     930     0   0   0   0      26.041   -87.072
0324   161.7   894.1     19.85    100.0     924    83    42.57    -42.28     -4.91     6     1.1     924     0   0   0   0      26.041   -87.072
0325   162.2   894.7     19.87    100.0     918    83    42.44    -42.10     -5.40     5      .7     918     0   0   0   0      26.040   -87.072
0326   162.7   895.3     19.88    100.0     912    82    42.43    -42.01     -5.93     5      .4     912     0   0   0   0      26.040   -87.073
0327   163.2   896.0     19.90    100.0     905    81    42.53    -42.03     -6.48     5      .0     905     0   0   0   0      26.040   -87.073
0328   163.7   896.7     19.93    100.0     899    81    42.74    -42.16     -7.03     5     -.3     899     0   0   0   0      26.040   -87.073
0329   164.2   897.4     19.96    100.0     892    80    43.05    -42.38     -7.55     5     -.6     892     0   0   0   0      26.040   -87.073
0330   164.7   898.1     19.99    100.0     885    79    43.44    -42.69     -8.02     5     -.9     885     0   0   0   0      26.040   -87.073
0331   165.2   898.8     20.02    100.0     878    79    43.88    -43.06     -8.44     5    -1.2     878     0   0   0   0      26.040   -87.074
0332   165.7   899.5     20.06    100.0     871    79    44.36    -43.48     -8.81     5    -1.4     871     0   0   0   0      26.040   -87.074
0333   166.2   900.3     20.11    100.0     864    78    44.85    -43.91     -9.13     5    -1.6     864     0   0   0   0      26.040   -87.074
0334   166.7   901.1     20.16    100.0     856    78    45.31    -44.33     -9.40     5    -1.7     856     0   0   0   0      26.040   -87.074
0335   167.2   901.8     20.20    100.0     849    78    45.73    -44.71     -9.64     5    -1.8     849     0   0   0   0      26.040   -87.074
0336   167.7   902.6     20.26    100.0     841    78    46.09    -45.03     -9.86     5    -1.8     841     0   0   0   0      26.040   -87.075
0337   168.2   903.4     20.31    100.0     834    77    46.38    -45.27    -10.07     5    -1.8     834     0   0   0   0      26.040   -87.075
0338   168.7   904.2     20.36    100.0     827    77    46.59    -45.44    -10.28     5    -1.8     827     0   0   0   0      26.040   -87.075
0339   169.2   904.9     20.41    100.0     819    77    46.72    -45.52    -10.50     5    -1.7     819     0   0   0   0      26.040   -87.075
0340   169.7   905.7     20.46    100.0     812    77    46.78    -45.53    -10.74     5    -1.6     812     0   0   0   0      26.040   -87.076
0341   170.2   906.4     20.51    100.0     805    76    46.79    -45.48    -10.99     5    -1.5     805     0   0   0   0      26.040   -87.076
0342   170.7   907.2     20.55    100.0     798    76    46.75    -45.38    -11.25     5    -1.4     798     0   0   0   0      26.040   -87.076
0343   171.2   907.9     20.59    100.0     791    76    46.68    -45.24    -11.53     5    -1.3     791     0   0   0   0      26.040   -87.076
0344   171.7   908.6     20.63    100.0     783    75    46.59    -45.07    -11.80     5    -1.2     783     0   0   0   0      26.040   -87.077
0345   172.2   909.4     20.67    100.0     777    75    46.49    -44.90    -12.08     5    -1.1     777     0   0   0   0      26.040   -87.077
0346   172.7   910.1     20.71    100.0     770    75    46.40    -44.73    -12.35     5    -1.1     770     0   0   0   0      26.040   -87.077
0347   173.2   910.8     20.74    100.0     763    74    46.31    -44.56    -12.60     5    -1.0     763     0   0   0   0      26.040   -87.077
0348   173.7   911.6     20.77    100.0     756    74    46.23    -44.41    -12.84     5    -1.0     756     0   0   0   0      26.039   -87.077
0349   174.2   912.3     20.80    100.0     749    74    46.16    -44.27    -13.06     5    -1.1     749     0   0   0   0      26.039   -87.078
0350   174.7   913.0     20.82    100.0     742    73    46.09    -44.14    -13.25     5    -1.1     742     0   0   0   0      26.039   -87.078
0351   175.2   913.7     20.85    100.0     735    73    46.03    -44.03    -13.42     5    -1.1     735     0   0   0   0      26.039   -87.078
0352   175.7   914.5     20.88    100.0     728    73    45.96    -43.91    -13.56     5    -1.2     728     0   0   0   0      26.039   -87.078
0353   176.2   915.2     20.90    100.0     721    73    45.88    -43.80    -13.67     5    -1.3     721     0   0   0   0      26.039   -87.079
0354   176.7   915.9     20.93    100.0     714    73    45.79    -43.68    -13.74     5    -1.4     714     0   0   0   0      26.039   -87.079
0355   177.2   916.7     20.96    100.0     707    72    45.68    -43.56    -13.77     6    -1.5     707     0   0   0   0      26.039   -87.079
0356   177.7   917.5     20.99    100.0     700    72    45.56    -43.42    -13.78     7    -1.6     700     0   0   0   0      26.039   -87.079
0357   178.2   918.2     21.02    100.0     692    72    45.42    -43.28    -13.76     7    -1.7     692     0   0   0   0      26.039   -87.079
0358   178.7   919.0     21.05    100.0     685    72    45.27    -43.15    -13.71     7    -1.8     685     0   0   0   0      26.039   -87.080
0359   179.2   919.7     21.08    100.0     678    72    45.13    -43.02    -13.64     7    -1.9     678     0   0   0   0      26.039   -87.080
0360   179.7   920.5     21.12    100.0     671    72    44.99    -42.90    -13.55     7    -2.0     671     0   0   0   0      26.039   -87.080
0361   180.2   921.3     21.15    100.0     663    73    44.87    -42.81    -13.45     7    -2.1     663     0   0   0   0      26.039   -87.080
0362   180.7   922.1     21.19    100.0     656    73    44.77    -42.74    -13.33     7    -2.2     656     0   0   0   0      26.039   -87.080
0363   181.2   922.9     21.23    100.0     648    73    44.70    -42.71    -13.19     7    -2.3     648     0   0   0   0      26.039   -87.081
0364   181.7   923.7     21.27    100.0     641    73    44.66    -42.70    -13.06     7    -2.3     641     0   0   0   0      26.038   -87.081
0365   182.2   924.5     21.31    100.0     633    73    44.63    -42.72    -12.92     7    -2.4     633     0   0   0   0      26.038   -87.081
0366   182.7   925.3     21.35    100.0     625    73    44.61    -42.73    -12.80     7    -2.4     625     0   0   0   0      26.038   -87.081
0367   183.2   926.1     21.40    100.0     618    73    44.59    -42.75    -12.68     7    -2.4     618     0   0   0   0      26.038   -87.082
0368   183.7   926.9     21.44    100.0     610    74    44.56    -42.74    -12.59     7    -2.4     610     0   0   0   0      26.038   -87.082
0369   184.2   927.7     21.49    100.0     603    74    44.50    -42.70    -12.51     6    -2.3     603     0   0   0   0      26.038   -87.082
0370   184.7   928.5     21.54    100.0     595    74    44.40    -42.62    -12.45     6    -2.3     595     0   0   0   0      26.038   -87.082
0371   185.2   929.3     21.59    100.0     587    74    44.27    -42.49    -12.42     6    -2.2     587     0   0   0   0      26.038   -87.082
0372   185.7   930.1     21.64    100.0     580    74    44.09    -42.30    -12.42     6    -2.1     580     0   0   0   0      26.038   -87.083
0373   186.2   930.9     21.69    100.0     573    73    43.87    -42.06    -12.46     6    -2.0     573     0   0   0   0      26.038   -87.083
0374   186.7   931.7     21.74    100.0     565    73    43.61    -41.76    -12.54     6    -1.8     565     0   0   0   0      26.038   -87.083
0375   187.2   932.5     21.79    100.0     558    73    43.32    -41.43    -12.67     7    -1.7     558     0   0   0   0      26.038   -87.083
0376   187.7   933.3     21.84    100.0     551    73    43.03    -41.07    -12.84     7    -1.5     551     0   0   0   0      26.038   -87.083
0377   188.2   934.0     21.89    100.0     544    72    42.74    -40.69    -13.07     7    -1.3     544     0   0   0   0      26.038   -87.084
0378   188.7   934.8     21.95    100.0     537    72    42.47    -40.32    -13.35     7    -1.1     537     0   0   0   0      26.038   -87.084
0379   189.2   935.5     22.00    100.0     530    71    42.25    -39.98    -13.67     7     -.9     530     0   0   0   0      26.038   -87.084
0380   189.7   936.2     22.05    100.0     523    71    42.07    -39.67    -14.02     7     -.7     523     0   0   0   0      26.038   -87.084
0381   190.2   936.9     22.11    100.0     516    70    41.95    -39.41    -14.40     7     -.4     516     0   0   0   0      26.037   -87.084
0382   190.7   937.6     22.16    100.0     510    69    41.90    -39.20    -14.78     7     -.2     510     0   0   0   0      26.037   -87.085
0383   191.2   938.3     22.22     99.7     504    69    41.89    -39.05    -15.17     7      .1     504     0   0   0   0      26.037   -87.085
0384   191.7   939.0     22.28     99.4     497    68    41.94    -38.95    -15.55     7      .4     497     0   0   0   0      26.037   -87.085
0385   192.2   939.6     22.33     99.0     491    68    42.02    -38.90    -15.91     7      .6     491     0   0   0   0      26.037   -87.085
0386   192.7   940.3     22.39     98.6     485    67    42.13    -38.88    -16.24     7      .8     485     0   0   0   0      26.037   -87.085
0387   193.2   940.9     22.45     98.1     480    67    42.25    -38.88    -16.54     7     1.0     480     0   0   0   0      26.037   -87.086
0388   193.7   941.5     22.51     97.5     474    67    42.37    -38.90    -16.80     6     1.2     474     0   0   0   0      26.037   -87.086
0389   194.2   942.1     22.56     97.0     468    66    42.48    -38.91    -17.03     6     1.4     468     0   0   0   0      26.037   -87.086
0390   194.7   942.7     22.62     96.4     463    66    42.56    -38.91    -17.23     7     1.5     463     0   0   0   0      26.037   -87.086
0391   195.2   943.3     22.67     95.9     457    66    42.61    -38.89    -17.40     7     1.5     457     0   0   0   0      26.037   -87.086
0392   195.7   943.9     22.72     95.5     452    66    42.63    -38.85    -17.55     6     1.6     452     0   0   0   0      26.037   -87.087
0393   196.2   944.5     22.76     95.1     446    65    42.61    -38.77    -17.68     6     1.6     446     0   0   0   0      26.037   -87.087
0394   196.7   945.1     22.80     94.9     441    65    42.56    -38.66    -17.80     6     1.5     441     0   0   0   0      26.037   -87.087
0395   197.2   945.7     22.84     94.8     435    65    42.49    -38.53    -17.91     6     1.4     435     0   0   0   0      26.036   -87.087
0396   197.7   946.3     22.86     94.7     429    65    42.39    -38.37    -18.03     6     1.3     429     0   0   0   0      26.036   -87.087
0397   198.2   946.9     22.89     94.8     424    65    42.29    -38.19    -18.15     6     1.2     424     0   0   0   0      26.036   -87.088
0398   198.7   947.5     22.91     95.0     418    64    42.18    -38.01    -18.28     6     1.1     418     0   0   0   0      26.036   -87.088
0399   199.2   948.2     22.92     95.2     412    64    42.06    -37.82    -18.40     6     1.0     412     0   0   0   0      26.036   -87.088
0400   199.7   948.8     22.94     95.5     406    64    41.95    -37.64    -18.52     6      .8     406     0   0   0   0      26.036   -87.088
0401   200.2   949.4     22.94     95.9     400    64    41.85    -37.47    -18.64     6      .7     400     0   0   0   0      26.036   -87.088
0402   200.7   950.1     22.95     96.2     394    63    41.75    -37.31    -18.74     6      .6     394     0   0   0   0      26.036   -87.088
0403   201.2   950.8     22.96     96.6     388    63    41.67    -37.17    -18.83     6      .4     388     0   0   0   0      26.036   -87.089
0404   201.7   951.4     22.96     97.0     382    63    41.59    -37.05    -18.90     6      .4     382     0   0   0   0      26.036   -87.089
0405   202.2   952.1     22.97     97.4     376    63    41.52    -36.94    -18.96     6      .3     376     0   0   0   0      26.036   -87.089
0406   202.7   952.8     22.98     97.7     370    63    41.47    -36.86    -19.00     6      .2     370     0   0   0   0      26.036   -87.089
0407   203.2   953.4     22.99     98.0     364    63    41.44    -36.81    -19.02     6      .2     364     0   0   0   0      26.035   -87.089
0408   203.7   954.1     23.01     98.3     357    63    41.42    -36.80    -19.03     6      .1     357     0   0   0   0      26.035   -87.090
0409   204.2   954.8     23.02     98.6     351    63    41.44    -36.82    -19.01     6      .1     351     0   0   0   0      26.035   -87.090
0410   204.7   955.5     23.04     98.8     345    63    41.48    -36.88    -18.99     6      .1     345     0   0   0   0      26.035   -87.090
0411   205.2   956.2     23.07     98.9     339    63    41.55    -36.98    -18.94     6      .1     339     0   0   0   0      26.035   -87.090
0412   205.7   956.8     23.10     99.0     332    63    41.65    -37.12    -18.89     6      .1     332     0   0   0   0      26.035   -87.090
0413   206.2   957.5     23.13     99.0     326    63    41.78    -37.30    -18.83     6      .1     326     0   0   0   0      26.035   -87.090
0414   206.7   958.2     23.16     99.0     320    63    41.94    -37.50    -18.77     6      .1     320     0   0   0   0      26.035   -87.091
0415   207.2   958.9     23.20     98.9     314    64    42.10    -37.71    -18.72     6      .1     314     0   0   0   0      26.035   -87.091
0416   207.7   959.6     23.24     98.7     307    64    42.27    -37.92    -18.68     6      .1     307     0   0   0   0      26.035   -87.091
0417   208.2   960.3     23.29     98.6     301    64    42.43    -38.11    -18.65     6      .1     301     0   0   0   0      26.035   -87.091
0418   208.7   960.9     23.33     98.4     295    64    42.57    -38.28    -18.64     6      .1     295     0   0   0   0      26.034   -87.091
0419   209.2   961.6     23.38     98.1     289    64    42.70    -38.41    -18.64     6      .1     289     0   0   0   0      26.034   -87.092
0420   209.7   962.3     23.43     97.9     282    64    42.80    -38.51    -18.67     6      .2     282     0   0   0   0      26.034   -87.092
0421   210.2   963.0     23.49     97.7     276    64    42.87    -38.57    -18.72     6      .2     276     0   0   0   0      26.034   -87.092
0422   210.7   963.7     23.54     97.4     270    64    42.93    -38.60    -18.80     6      .3     270     0   0   0   0      26.034   -87.092
0423   211.2   964.3     23.60     97.2     264    64    42.97    -38.60    -18.89     6      .4     264     0   0   0   0      26.034   -87.092
0424   211.7   965.0     23.66     97.1     258    64    43.01    -38.58    -19.02     6      .4     258     0   0   0   0      26.034   -87.093
0425   212.2   965.7     23.72     96.9     252    64    43.04    -38.54    -19.16     6      .5     252     0   0   0   0      26.034   -87.093
0426   212.7   966.3     23.78     96.8     246    63    43.07    -38.50    -19.32     6      .6     246     0   0   0   0      26.034   -87.093
0427   213.2   967.0     23.84     96.8     240    63    43.10    -38.45    -19.49     6      .7     240     0   0   0   0      26.034   -87.093
0428   213.7   967.6     23.91     96.7     234    63    43.14    -38.40    -19.66     6      .7     234     0   0   0   0      26.034   -87.093
0429   214.2   968.3     23.97     96.7     228    63    43.17    -38.34    -19.83     6      .7     228     0   0   0   0      26.034   -87.094
0430   214.7   968.9     24.03     96.7     222    62    43.19    -38.28    -19.99     6      .7     222     0   0   0   0      26.033   -87.094
0431   215.2   969.6     24.09     96.6     216    62    43.20    -38.21    -20.14     6      .7     216     0   0   0   0      26.033   -87.094
0432   215.7   970.2     24.15     96.6     210    62    43.18    -38.13    -20.26     6      .6     210     0   0   0   0      26.033   -87.094
0433   216.2   970.9     24.21     96.5     205    62    43.13    -38.02    -20.37     7      .6     205     0   0   0   0      26.033   -87.094
0434   216.7   971.5     24.26     96.4     199    62    43.04    -37.88    -20.44     7      .5     199     0   0   0   0      26.033   -87.094
0435   217.2   972.2     24.32     96.3     193    61    42.91    -37.70    -20.50     7      .3     193     0   0   0   0      26.033   -87.095
0436   217.7   972.9     24.37     96.2     186    61    42.75    -37.49    -20.54     6      .2     186     0   0   0   0      26.033   -87.095
0437   218.2   973.5     24.41     96.1     180    61    42.55    -37.24    -20.57     7      .1     180     0   0   0   0      26.033   -87.095
0438   218.7   974.2     24.46     96.0     174    61    42.33    -36.97    -20.61     7      .0     174     0   0   0   0      26.033   -87.095
0439   219.2   974.9     24.50     95.8     168    61    42.09    -36.68    -20.64     7     -.1     168     0   0   0   0      26.033   -87.095
0440   219.7   975.6     24.54     95.7     161    60    41.86    -36.39    -20.70     7     -.2     161     0   0   0   0      26.033   -87.096
0441   220.2   976.4     24.58     95.6     155    60    41.65    -36.10    -20.77     7     -.2     155     0   0   0   0      26.032   -87.096
0442   220.7   977.1     24.61     95.5     148    60    41.47    -35.84    -20.87     7     -.2     148     0   0   0   0      26.032   -87.096
0443   221.2   977.8     24.65     95.4     142    59    41.32    -35.60    -20.98     7     -.1     142     0   0   0   0      26.032   -87.096
0444   221.7   978.5     24.68     95.4     136    59    41.21    -35.40    -21.10     7      .0     136     0   0   0   0      26.032   -87.096
0445   222.2   979.2     24.72     95.4     129    59    41.12    -35.23    -21.21     7      .2     129     0   0   0   0      26.032   -87.096
0446   222.7   979.9     24.75     95.4     123    59    41.08    -35.11    -21.32     7      .4     123     0   0   0   0      26.032   -87.097
0447   223.2   980.5     24.79     95.4     117    59    41.06    -35.03    -21.41     6      .6     117     0   0   0   0      26.032   -87.097
0448   223.7   981.2     24.82     95.4     111    58    41.06    -34.99    -21.48     6      .9     111     0   0   0   0      26.032   -87.097
0449   224.2   981.8     24.86     95.4     106    58    41.06    -34.97    -21.53     6     1.2     106     0   0   0   3      26.032   -87.097
0450   224.7   982.4     24.89     95.5     100    58    41.05    -34.93    -21.55     6     1.5     100     0   0   0   0      26.032   -87.097
0451   225.2   983.0     24.93     95.5      95    58    41.00    -34.87    -21.55     6     1.8      95     0   0   0   0      26.031   -87.098
0452   225.7   983.6     24.97     95.6      89    58    40.90    -34.77    -21.53     6     2.0      89     0   0   0   0      26.031   -87.098
0453   226.2   984.2     25.00     95.6      84    58    40.75    -34.63    -21.48     6     2.3      84     0   0   0   0      26.031   -87.098
0454   226.7   984.8     25.04     95.7      79    58    40.55    -34.45    -21.38     6     2.5      79     0   0   0   0      26.031   -87.098
0455   227.2   985.3     25.07     95.7      74    58    40.31    -34.26    -21.24     6     2.7      74     0   0   0   0      26.031   -87.098
0456   227.7   985.8     25.11     95.7      69    58    40.06    -34.08    -21.06     6     2.8      69     0   0   0   0      26.031   -87.098
0457   228.2   986.4     25.14     95.7      65    58    39.82    -33.92    -20.86     6     3.0      65     0   0   0   0      26.031   -87.099
0458   228.7   986.9     25.17     95.7      60    59    39.60    -33.77    -20.67     6     3.0      60     0   0   0   3      26.031   -87.099
0459   229.2   987.4     25.19     95.6      55    59    39.38    -33.63    -20.50     6     3.0      55     0   0   0   0      26.031   -87.099
0460   229.7   987.9     25.22     95.5      51    59    39.18    -33.46    -20.37     7     2.8      51     0   0   0   0      26.031   -87.099
0461   230.2   988.4     25.25     95.3      46    59    38.98    -33.26    -20.31     7     2.6      46     0   0   0   0      26.031   -87.099
0462   230.7   989.0     25.28     95.0      42    58    38.84    -33.05    -20.40     6     2.2      42     0   0   0   0      26.030   -87.099
0463   231.2   989.5     25.32     94.6      37    58    38.79    -32.82    -20.68     6     1.9      37     0   0   0   0      26.030   -87.100
0464   231.7   990.1     25.36     94.3      31    57    38.87    -32.61    -21.15     6     1.5      31     0   0   0   0      26.030   -87.100
0465   232.2   990.8     25.40     94.2      25    56    39.25    -32.64    -21.79     6     1.3      25     0   0   0   0      26.030   -87.100
0466   232.7   991.5     25.45     94.3      19    55    39.82    -32.70    -22.72     6     1.0      19     0   0   0   0      26.030   -87.100
0467   233.2   992.1     25.49     94.6      13    54    40.31    -32.42    -23.96     6      .8      13     0   0   0   0      26.030   -87.100
0468   233.7   992.8     25.52     94.3       7    52    40.52    -31.72    -25.21     6      .5       7     0   0   0   0      26.030   -87.100
