 ===========================================================================
 DROPWINDSONDE PROCESSING RECORD                            Sonde: 033415304
 PDS file written Sep 12, 2004.                             Format:    V5.12
 Aircraft: N43RF                             Date: 040912   Time: 124404 UTC
 ---------------------------------------------------------------------------
 Bias corrections:  PR =    .0 mb  TE =    .0 C  RH =    .0 %  PRB =  1.6 mb
 Filters (LPF):     PTH =  10 s    WIND =  10 s       Hyd anchor =       SFC
 Dyn RH correction =  N     WSHR COR =      Y         Splash PR  = 1004.4 mb
 Estimated PR used =  N     GPS VERR =    .44 m/s     HYD SFCP   = 1006.0 mb
 Dyn T correction  =  Y     WGACORR  =     .9 m       AC GA ADJ  =     .0 m
 ---------------------------------------------------------------------------
 COMMENTS: NE quadrant, 64 kt radius, tracking inbound 240 deg.        
 ===========================================================================

 ===========================================================================
 Date: 040912   Lat:  19.69 N   TA:   10.8 C   PS:  755.4 mb   WD:   139 deg
 Time: 124404   Lon:  79.38 W   TD: -999.0 C   GA:   2465 m    WS:  40.2 m/s
 SID:  033415304                RH: -999.0 %   Navaid:   GP          
 ===========================================================================

IX      t (s)  P (mb)    T (C)    RH (%)  Z (m)   WD    WS (m/s)   U (m/s)   V (m/s)  NS  WZ (m/s)  ZW (m)   FP  FT  FH  FW    LAT (N)   LON (E)
0001      .2   756.3     10.88   -999.0    2455  -999  -999.00   -999.00   -999.00  -999  -999.0    2456     3   3   0   0      19.694   -79.378
0002      .7   757.2     10.99   -999.0    2445  -999  -999.00   -999.00   -999.00  -999  -999.0    2446     3   3   0   0      19.694   -79.378
0003     1.2   758.0     11.09   -999.0    2435  -999  -999.00   -999.00   -999.00  -999  -999.0    2436     3   3   0   0      19.694   -79.378
0004     1.7   758.9     11.18   -999.0    2426  -999  -999.00   -999.00   -999.00  -999  -999.0    2427     3   3   0   0      19.694   -79.378
0005     2.2   759.8     11.28   -999.0    2416  -999  -999.00   -999.00   -999.00  -999  -999.0    2417     3   3   0   0      19.695   -79.378
0006     2.7   760.7     11.38   -999.0    2406  -999  -999.00   -999.00   -999.00  -999  -999.0    2407     3   3   0   0      19.695   -79.378
0007     3.2   761.6     11.47   -999.0    2397  -999  -999.00   -999.00   -999.00  -999  -999.0    2398     3   3   0   0      19.695   -79.378
0008     3.7   762.4     11.57   -999.0    2387  -999  -999.00   -999.00   -999.00  -999  -999.0    2388     3   3   0   0      19.695   -79.378
0009     4.2   763.3     11.66   -999.0    2377  -999  -999.00   -999.00   -999.00  -999  -999.0    2378     3   3   0   0      19.695   -79.379
0010     4.7   764.2     11.76   -999.0    2368  -999  -999.00   -999.00   -999.00  -999  -999.0    2369     3   3   0   0      19.695   -79.379
0011     5.2   765.1     11.85   -999.0    2358  -999  -999.00   -999.00   -999.00  -999  -999.0    2359     3   3   0   0      19.695   -79.379
0012     5.7   765.9     11.95   -999.0    2348  -999  -999.00   -999.00   -999.00  -999  -999.0    2349     3   3   0   0      19.696   -79.379
0013     6.2   766.8     12.04   -999.0    2339  -999  -999.00   -999.00   -999.00  -999  -999.0    2340     3   3   0   0      19.696   -79.379
0014     6.7   767.7     12.14   -999.0    2329  -999  -999.00   -999.00   -999.00  -999  -999.0    2330     3   3   0   0      19.696   -79.379
0015     7.2   768.6     12.23   -999.0    2320  -999  -999.00   -999.00   -999.00  -999  -999.0    2321     3   3   0   0      19.696   -79.379
0016     7.7   769.5     12.32   -999.0    2310  -999  -999.00   -999.00   -999.00  -999  -999.0    2311     3   3   0   0      19.696   -79.379
0017     8.2   770.3     12.42   -999.0    2300  -999  -999.00   -999.00   -999.00  -999  -999.0    2301     3   3   0   0      19.696   -79.380
0018     8.7   771.2     12.51   -999.0    2291  -999  -999.00   -999.00   -999.00  -999  -999.0    2292     3   3   0   0      19.696   -79.380
0019     9.2   772.1     12.61   -999.0    2281  -999  -999.00   -999.00   -999.00  -999  -999.0    2282     3   3   0   0      19.697   -79.380
0020     9.7   773.0     12.70   -999.0    2272  -999  -999.00   -999.00   -999.00  -999  -999.0    2273     3   3   0   0      19.697   -79.380
0021    10.2   773.9     12.80   -999.0    2262  -999  -999.00   -999.00   -999.00  -999  -999.0    2263     3   3   0   0      19.697   -79.380
0022    10.7   774.7     12.89     94.3    2253  -999  -999.00   -999.00   -999.00  -999  -999.0    2254     3   3   0   0      19.697   -79.380
0023    11.2   775.6     12.98     94.3    2243  -999  -999.00   -999.00   -999.00  -999  -999.0    2244     3   3   0   0      19.697   -79.380
0024    11.7   776.5     13.07     94.6    2233  -999  -999.00   -999.00   -999.00  -999  -999.0    2234     3   3   0   0      19.697   -79.380
0025    12.2   777.4     13.16     94.6    2224  -999  -999.00   -999.00   -999.00  -999  -999.0    2225     3   3   0   0      19.697   -79.381
0026    12.7   778.3     13.24     94.3    2214  -999  -999.00   -999.00   -999.00  -999  -999.0    2215     3   3   0   0      19.697   -79.381
0027    13.2   779.2     13.31     94.1    2205  -999  -999.00   -999.00   -999.00  -999  -999.0    2205     3   3   0   0      19.698   -79.381
0028    13.7   780.1     13.39     94.1    2195  -999  -999.00   -999.00   -999.00  -999  -999.0    2196     3   3   0   0      19.698   -79.381
0029    14.2   780.9     13.45     94.0    2185  -999  -999.00   -999.00   -999.00  -999  -999.0    2186     3   3   0   0      19.698   -79.381
0030    14.7   781.8     13.51     94.0    2176  -999  -999.00   -999.00   -999.00  -999  -999.0    2177     0   0   0   0      19.698   -79.381
0031    15.2   782.7     13.56     93.9    2166  -999  -999.00   -999.00   -999.00  -999  -999.0    2167     0   0   0   0      19.698   -79.381
0032    15.7   783.6     13.61     93.9    2157  -999  -999.00   -999.00   -999.00  -999    -5.2    2158     3   3   3   0      19.698   -79.381
0033    16.2   784.5     13.65     93.8    2147  -999  -999.00   -999.00   -999.00  -999    -5.2    2148     0   0   0   0      19.698   -79.382
0034    16.7   785.3     13.69     93.7    2138  -999  -999.00   -999.00   -999.00  -999    -5.1    2139     3   3   3   0      19.699   -79.382
0035    17.2   786.2     13.73     93.6    2129  -999  -999.00   -999.00   -999.00  -999    -5.1    2130     0   0   0   0      19.699   -79.382
0036    17.7   787.1     13.76     93.5    2119  -999  -999.00   -999.00   -999.00  -999    -5.1    2120     0   0   0   0      19.699   -79.382
0037    18.2   787.9     13.80     93.3    2110  -999  -999.00   -999.00   -999.00  -999    -5.1    2111     0   0   0   0      19.699   -79.382
0038    18.7   788.8     13.84     93.0    2101  -999  -999.00   -999.00   -999.00  -999    -5.2    2101     0   0   0   0      19.699   -79.382
0039    19.2   789.7     13.89     92.7    2091  -999  -999.00   -999.00   -999.00  -999    -5.3    2092     0   0   0   0      19.699   -79.382
0040    19.7   790.6     13.94     92.4    2082  -999  -999.00   -999.00   -999.00  -999    -5.5    2083     0   0   0   0      19.699   -79.382
0041    20.2   791.5     13.99     92.1    2072  -999  -999.00   -999.00   -999.00  -999    -5.6    2073     0   0   0   0      19.700   -79.383
0042    20.7   792.4     14.05     91.9    2063  -999  -999.00   -999.00   -999.00  -999    -5.8    2063     0   0   0   0      19.700   -79.383
0043    21.2   793.3     14.11     91.7    2053  -999  -999.00   -999.00   -999.00  -999    -6.0    2054     0   0   0   0      19.700   -79.383
0044    21.7   794.2     14.18     91.6    2043  -999  -999.00   -999.00   -999.00  -999    -6.2    2044     0   0   0   0      19.700   -79.383
0045    22.2   795.1     14.25     91.5    2033  -999  -999.00   -999.00   -999.00  -999    -6.4    2034     0   0   0   0      19.700   -79.383
0046    22.7   796.1     14.33     91.6    2023  -999  -999.00   -999.00   -999.00  -999    -6.6    2024     0   0   0   0      19.700   -79.383
0047    23.2   797.0     14.40     91.8    2013  -999  -999.00   -999.00   -999.00  -999    -6.7    2014     0   0   0   0      19.700   -79.383
0048    23.7   798.0     14.47     92.0    2002  -999  -999.00   -999.00   -999.00  -999    -6.8    2003     0   0   0   0      19.700   -79.383
0049    24.2   799.0     14.54     92.3    1992  -999  -999.00   -999.00   -999.00  -999    -6.8    1993     0   0   0   0      19.701   -79.383
0050    24.7   799.9     14.60     92.6    1982  -999  -999.00   -999.00   -999.00  -999    -6.8    1983     0   0   0   0      19.701   -79.384
0051    25.2   800.9     14.66     92.9    1972  -999  -999.00   -999.00   -999.00  -999    -6.7    1973     0   0   0   0      19.701   -79.384
0052    25.7   801.9     14.71     93.1    1962  -999  -999.00   -999.00   -999.00  -999    -6.6    1962     0   0   0   0      19.701   -79.384
0053    26.2   802.8     14.76     93.4    1951  -999  -999.00   -999.00   -999.00  -999    -6.5    1952     0   0   0   0      19.701   -79.384
0054    26.7   803.8     14.80     93.5    1941  -999  -999.00   -999.00   -999.00  -999    -6.3    1942     3   3   3   0      19.701   -79.384
0055    27.2   804.7     14.85     93.6    1932  -999  -999.00   -999.00   -999.00  -999    -6.1    1932     3   3   3   0      19.701   -79.384
0056    27.7   805.6     14.89     93.5    1922  -999  -999.00   -999.00   -999.00  -999    -6.0    1923     0   0   0   0      19.702   -79.384
0057    28.2   806.5     14.93     93.4    1912  -999  -999.00   -999.00   -999.00  -999    -5.8    1913     0   0   0   0      19.702   -79.384
0058    28.7   807.4     14.98     93.2    1903  -999  -999.00   -999.00   -999.00  -999    -5.7    1903     0   0   0   0      19.702   -79.385
0059    29.2   808.3     15.03     92.9    1893  -999  -999.00   -999.00   -999.00  -999    -5.5    1894     0   0   0   0      19.702   -79.385
0060    29.7   809.2     15.09     92.5    1884  -999  -999.00   -999.00   -999.00  -999    -5.5    1884     3   3   3   0      19.702   -79.385
0061    30.2   810.1     15.15     92.0    1874  -999  -999.00   -999.00   -999.00  -999    -5.4    1875     0   0   0   0      19.702   -79.385
0062    30.7   811.0     15.22     91.6    1865  -999  -999.00   -999.00   -999.00  -999    -5.4    1866     0   0   0   0      19.702   -79.385
0063    31.2   811.9     15.29     91.1    1855  -999  -999.00   -999.00   -999.00  -999    -5.4    1856     0   0   0   0      19.703   -79.385
0064    31.7   812.8     15.36     90.6    1846  -999  -999.00   -999.00   -999.00  -999    -5.4    1847     0   0   0   0      19.703   -79.385
0065    32.2   813.7     15.44     90.2    1837  -999  -999.00   -999.00   -999.00  -999    -5.4    1837     0   0   0   0      19.703   -79.385
0066    32.7   814.6     15.52     89.9    1827  -999  -999.00   -999.00   -999.00  -999    -5.5    1828     0   0   0   0      19.703   -79.386
0067    33.2   815.5     15.60     89.6    1818  -999  -999.00   -999.00   -999.00  -999    -5.5    1818     3   3   3   0      19.703   -79.386
0068    33.7   816.5     15.67     89.4    1808  -999  -999.00   -999.00   -999.00  -999    -5.5    1809     0   0   0   0      19.703   -79.386
0069    34.2   817.4     15.74     89.3    1799  -999  -999.00   -999.00   -999.00  -999    -5.5    1799     0   0   0   0      19.703   -79.386
0070    34.7   818.3     15.81     89.3    1789  -999  -999.00   -999.00   -999.00  -999    -5.5    1790     0   0   0   0      19.703   -79.386
0071    35.2   819.2     15.87     89.4    1780  -999  -999.00   -999.00   -999.00  -999    -5.4    1780     0   0   0   0      19.704   -79.386
0072    35.7   820.1     15.93     89.6    1770  -999  -999.00   -999.00   -999.00  -999    -5.3    1771     0   0   0   0      19.704   -79.386
0073    36.2   821.0     15.98     89.9    1761  -999  -999.00   -999.00   -999.00  -999    -5.3    1762     0   0   0   0      19.704   -79.386
0074    36.7   821.9     16.03     90.2    1751  -999  -999.00   -999.00   -999.00  -999    -5.2    1752     0   0   0   0      19.704   -79.387
0075    37.2   822.8     16.07     90.6    1742  -999  -999.00   -999.00   -999.00  -999    -5.1    1743     0   0   0   0      19.704   -79.387
0076    37.7   823.7     16.11     91.0    1733  -999  -999.00   -999.00   -999.00  -999    -5.0    1734     0   0   0   0      19.704   -79.387
0077    38.2   824.6     16.14     91.3    1724  -999  -999.00   -999.00   -999.00  -999    -5.0    1725     0   0   0   0      19.704   -79.387
0078    38.7   825.4     16.18     91.7    1715  -999  -999.00   -999.00   -999.00  -999    -4.9    1716     0   0   0   0      19.705   -79.387
0079    39.2   826.3     16.21     92.0    1706  -999  -999.00   -999.00   -999.00  -999    -4.9    1706     0   0   0   0      19.705   -79.387
0080    39.7   827.2     16.24     92.2    1696  -999  -999.00   -999.00   -999.00  -999    -4.9    1697     0   0   0   0      19.705   -79.387
0081    40.2   828.1     16.28     92.4    1687  -999  -999.00   -999.00   -999.00  -999    -4.9    1688     0   0   0   0      19.705   -79.387
0082    40.7   829.0     16.31     92.6    1678  -999  -999.00   -999.00   -999.00  -999    -5.0    1679     0   0   0   0      19.705   -79.388
0083    41.2   829.9     16.35     92.6    1669  -999  -999.00   -999.00   -999.00  -999    -5.0    1670     0   0   0   0      19.705   -79.388
0084    41.7   830.8     16.39     92.7    1660  -999  -999.00   -999.00   -999.00  -999    -5.0    1661     0   0   0   0      19.705   -79.388
0085    42.2   831.7     16.43     92.7    1651  -999  -999.00   -999.00   -999.00  -999    -5.1    1652     0   0   0   0      19.705   -79.388
0086    42.7   832.6     16.48     92.6    1641  -999  -999.00   -999.00   -999.00  -999    -5.1    1642     0   0   0   0      19.706   -79.388
0087    43.2   833.5     16.52     92.5    1632  -999  -999.00   -999.00   -999.00  -999    -5.1    1633     0   0   0   0      19.706   -79.388
0088    43.7   834.4     16.57     92.5    1623  -999  -999.00   -999.00   -999.00  -999    -5.1    1624     0   0   0   0      19.706   -79.388
0089    44.2   835.3     16.61     92.4    1614  -999  -999.00   -999.00   -999.00  -999    -5.0    1615     0   0   0   0      19.706   -79.388
0090    44.7   836.2     16.66     92.3    1604  -999  -999.00   -999.00   -999.00  -999    -4.9    1605     0   0   0   0      19.706   -79.388
0091    45.2   837.1     16.70     92.3    1595  -999  -999.00   -999.00   -999.00  -999    -4.8    1596     0   0   0   0      19.706   -79.389
0092    45.7   837.9     16.74     92.2    1586  -999  -999.00   -999.00   -999.00  -999    -4.6    1587     0   0   0   0      19.706   -79.389
0093    46.2   838.8     16.78     92.2    1577  -999  -999.00   -999.00   -999.00  -999    -4.4    1578     0   0   0   0      19.707   -79.389
0094    46.7   839.7     16.82     92.2    1569  -999  -999.00   -999.00   -999.00  -999    -4.2    1569     0   0   0   0      19.707   -79.389
0095    47.2   840.5     16.86     92.3    1560  -999  -999.00   -999.00   -999.00  -999    -4.0    1561     0   0   0   0      19.707   -79.389
0096    47.7   841.4     16.90     92.3    1551  -999  -999.00   -999.00   -999.00  -999    -3.8    1552     0   0   0   0      19.707   -79.389
0097    48.2   842.2     16.93     92.4    1543  -999  -999.00   -999.00   -999.00  -999    -3.6    1544     0   0   0   0      19.707   -79.389
0098    48.7   843.0     16.96     92.5    1534  -999  -999.00   -999.00   -999.00  -999    -3.4    1535     0   0   0   0      19.707   -79.389
0099    49.2   843.8     16.99     92.7    1526  -999  -999.00   -999.00   -999.00  -999    -3.2    1527     0   0   0   0      19.707   -79.389
0100    49.7   844.7     17.02     92.9    1518  -999  -999.00   -999.00   -999.00  -999    -3.1    1519     0   0   0   0      19.708   -79.390
0101    50.2   845.4     17.05     93.1    1510  -999  -999.00   -999.00   -999.00  -999    -2.9    1511     0   0   0   0      19.708   -79.390
0102    50.7   846.2     17.07     93.4    1502  -999  -999.00   -999.00   -999.00  -999    -2.8    1503     0   0   0   0      19.708   -79.390
0103    51.2   847.0     17.10     93.6    1494  -999  -999.00   -999.00   -999.00  -999    -2.7    1495     0   0   0   0      19.708   -79.390
0104    51.7   847.8     17.12     93.9    1486  -999  -999.00   -999.00   -999.00  -999    -2.6    1487     0   0   0   0      19.708   -79.390
0105    52.2   848.6     17.15     94.2    1478  -999  -999.00   -999.00   -999.00  -999    -2.5    1479     0   0   0   0      19.708   -79.390
0106    52.7   849.4     17.17     94.5    1470  -999  -999.00   -999.00   -999.00  -999    -2.4    1471     0   0   0   0      19.708   -79.390
0107    53.2   850.1     17.19     94.8    1462  -999  -999.00   -999.00   -999.00  -999    -2.4    1463     0   0   0   0      19.708   -79.390
0108    53.7   850.9     17.22     95.1    1455  -999  -999.00   -999.00   -999.00  -999    -2.3    1456     0   0   0   0      19.709   -79.391
0109    54.2   851.7     17.24     95.3    1447  -999  -999.00   -999.00   -999.00  -999    -2.2    1448     0   0   0   0      19.709   -79.391
0110    54.7   852.5     17.27     95.5    1439  -999  -999.00   -999.00   -999.00  -999    -2.1    1440     0   0   0   0      19.709   -79.391
0111    55.2   853.2     17.29     95.7    1432  -999  -999.00   -999.00   -999.00  -999    -2.0    1432     0   0   0   0      19.709   -79.391
0112    55.7   854.0     17.32     95.9    1424  -999  -999.00   -999.00   -999.00  -999    -2.0    1425     3   3   3   0      19.709   -79.391
0113    56.2   854.7     17.34     96.0    1416  -999  -999.00   -999.00   -999.00  -999    -1.9    1417     0   0   0   0      19.709   -79.391
0114    56.7   855.5     17.37     96.0    1409  -999  -999.00   -999.00   -999.00  -999    -1.8    1410     3   3   3   0      19.709   -79.391
0115    57.2   856.2     17.40     96.1    1402  -999  -999.00   -999.00   -999.00  -999    -1.7    1402     3   3   3   0      19.710   -79.391
0116    57.7   857.0     17.42     96.1    1394  -999  -999.00   -999.00   -999.00  -999    -1.6    1395     0   0   0   0      19.710   -79.391
0117    58.2   857.7     17.45     96.1    1387  -999  -999.00   -999.00   -999.00  -999    -1.5    1388     0   0   0   0      19.710   -79.392
0118    58.7   858.4     17.49     96.1    1379  -999  -999.00   -999.00   -999.00  -999    -1.4    1380     3   3   3   0      19.710   -79.392
0119    59.2   859.1     17.52     96.2    1372  -999  -999.00   -999.00   -999.00  -999    -1.3    1373     0   0   0   0      19.710   -79.392
0120    59.7   859.9     17.56     96.2    1365  -999  -999.00   -999.00   -999.00  -999    -1.2    1366     0   0   0   0      19.710   -79.392
0121    60.2   860.6     17.60     96.2    1358  -999  -999.00   -999.00   -999.00  -999    -1.1    1359     0   0   0   0      19.710   -79.392
0122    60.7   861.3     17.64     96.3    1351  -999  -999.00   -999.00   -999.00  -999    -1.0    1352     0   0   0   0      19.710   -79.392
0123    61.2   862.0     17.69     96.4    1344  -999  -999.00   -999.00   -999.00  -999     -.9    1345     0   0   0   0      19.711   -79.392
0124    61.7   862.7     17.74     96.4    1337  -999  -999.00   -999.00   -999.00  -999     -.8    1338     0   0   0   0      19.711   -79.392
0125    62.2   863.4     17.80     96.5    1330  -999  -999.00   -999.00   -999.00  -999     -.7    1331     0   0   0   0      19.711   -79.392
0126    62.7   864.1     17.87     96.6    1323  -999  -999.00   -999.00   -999.00  -999     -.6    1324     0   0   0   0      19.711   -79.393
0127    63.2   864.8     17.93     96.6    1316  -999  -999.00   -999.00   -999.00  -999     -.5    1317     0   0   0   0      19.711   -79.393
0128    63.7   865.5     18.00     96.7    1309  -999  -999.00   -999.00   -999.00  -999     -.4    1310     0   0   0   0      19.711   -79.393
0129    64.2   866.1     18.07     96.7    1303  -999  -999.00   -999.00   -999.00  -999     -.2    1303     0   0   0   0      19.711   -79.393
0130    64.7   866.8     18.15     96.7    1296  -999  -999.00   -999.00   -999.00  -999     -.1    1297     0   0   0   0      19.712   -79.393
0131    65.2   867.5     18.22     96.8    1289  -999  -999.00   -999.00   -999.00  -999      .0    1290     0   0   0   0      19.712   -79.393
0132    65.7   868.1     18.28     96.8    1283  -999  -999.00   -999.00   -999.00  -999      .1    1284     0   0   0   0      19.712   -79.393
0133    66.2   868.8     18.35     96.8    1276  -999  -999.00   -999.00   -999.00  -999      .2    1277     0   0   0   0      19.712   -79.393
0134    66.7   869.4     18.41     96.8    1270  -999  -999.00   -999.00   -999.00  -999      .4    1271     0   0   0   0      19.712   -79.394
0135    67.2   870.1     18.46     96.8    1264  -999  -999.00   -999.00   -999.00  -999      .5    1265     0   0   0   0      19.712   -79.394
0136    67.7   870.7     18.51     96.8    1257  -999  -999.00   -999.00   -999.00  -999      .6    1258     0   0   0   0      19.712   -79.394
0137    68.2   871.3     18.55     96.7    1251  -999  -999.00   -999.00   -999.00  -999      .7    1252     0   0   0   0      19.713   -79.394
0138    68.7   871.9     18.59     96.7    1245  -999  -999.00   -999.00   -999.00  -999      .8    1246     3   3   3   0      19.713   -79.394
0139    69.2   872.6     18.62     96.8    1239  -999  -999.00   -999.00   -999.00  -999      .8    1240     0   0   0   0      19.713   -79.394
0140    69.7   873.2     18.64     96.8    1233  -999  -999.00   -999.00   -999.00  -999      .9    1234     0   0   0   0      19.713   -79.394
0141    70.2   873.8     18.66     96.8    1227  -999  -999.00   -999.00   -999.00  -999     1.0    1228     0   0   0   0      19.713   -79.394
0142    70.7   874.4     18.68     96.8    1221  -999  -999.00   -999.00   -999.00  -999     1.0    1222     0   0   0   0      19.713   -79.394
0143    71.2   875.0     18.70     96.8    1215  -999  -999.00   -999.00   -999.00  -999     1.1    1216     0   0   0   0      19.713   -79.395
0144    71.7   875.6     18.71     96.8    1209  -999  -999.00   -999.00   -999.00  -999     1.1    1210     0   0   0   0      19.713   -79.395
0145    72.2   876.2     18.73     96.8    1203   141    38.11    -23.75     29.81     4     1.1    1204     0   0   0   0      19.714   -79.395
0146    72.7   876.8     18.74     96.8    1197   140    37.88    -24.46     28.92     5     1.0    1198     0   0   0   0      19.714   -79.395
0147    73.2   877.4     18.76     96.8    1191   141    38.01    -23.93     29.53     5     1.0    1192     0   0   0   0      19.714   -79.395
0148    73.7   878.1     18.77     96.8    1185   141    38.18    -23.92     29.76     5      .9    1186     0   0   0   0      19.714   -79.395
0149    74.2   878.7     18.79     96.8    1179   140    38.20    -24.32     29.46     5      .8    1180     0   0   0   0      19.714   -79.395
0150    74.7   879.3     18.81     96.8    1173   140    38.15    -24.33     29.38     5      .6    1174     0   0   0   0      19.714   -79.395
0151    75.2   879.9     18.83     96.8    1166   140    38.17    -24.33     29.42     5      .5    1167     0   0   0   0      19.714   -79.395
0152    75.7   880.6     18.85     96.8    1160   140    38.36    -24.42     29.58     5      .3    1161     0   0   0   0      19.715   -79.396
0153    76.2   881.2     18.88     96.8    1154   141    38.57    -24.52     29.78     5      .1    1155     0   0   0   0      19.715   -79.396
0154    76.7   881.9     18.90     96.8    1147   141    38.69    -24.54     29.92     5      .0    1148     0   0   0   0      19.715   -79.396
0155    77.2   882.6     18.93     96.8    1141   141    38.72    -24.49     29.99     5     -.1    1141     0   0   0   3      19.715   -79.396
0156    77.7   883.2     18.96     96.8    1134   141    38.69    -24.40     30.03     5     -.2    1135     0   0   0   0      19.715   -79.396
0157    78.2   883.9     18.98     96.9    1127   141    38.63    -24.28     30.04     5     -.3    1128     0   0   0   0      19.715   -79.396
0158    78.7   884.6     19.01     96.9    1121   141    38.55    -24.13     30.06     5     -.3    1121     0   0   0   0      19.715   -79.396
0159    79.2   885.3     19.04     96.9    1114   141    38.45    -23.95     30.07     5     -.3    1115     0   0   0   0      19.715   -79.396
0160    79.7   886.0     19.07     96.9    1107   142    38.31    -23.74     30.07     5     -.2    1108     0   0   0   0      19.716   -79.396
0161    80.2   886.7     19.10     96.9    1101   142    38.15    -23.50     30.05     5     -.2    1101     0   0   0   0      19.716   -79.397
0162    80.7   887.3     19.13     97.0    1094   142    37.95    -23.25     30.00     5     -.1    1095     0   0   0   0      19.716   -79.397
0163    81.2   888.0     19.16     97.0    1088   142    37.74    -22.99     29.93     5      .0    1088     0   0   0   0      19.716   -79.397
0164    81.7   888.7     19.19     97.0    1081   143    37.53    -22.74     29.85     5      .1    1082     0   0   0   0      19.716   -79.397
0165    82.2   889.3     19.22     97.0    1075   143    37.32    -22.51     29.77     5      .2    1076     0   0   0   0      19.716   -79.397
0166    82.7   890.0     19.25     97.0    1068   143    37.14    -22.31     29.69     5      .3    1069     0   0   0   0      19.716   -79.397
0167    83.2   890.6     19.28     97.0    1062   143    36.98    -22.14     29.63     5      .4    1063     0   0   0   0      19.717   -79.397
0168    83.7   891.3     19.31     97.0    1056   143    36.87    -22.01     29.58     5      .4    1057     3   3   3   0      19.717   -79.397
0169    84.2   891.9     19.34     97.0    1050   143    36.79    -21.92     29.55     5      .3    1051     0   0   0   0      19.717   -79.397
0170    84.7   892.6     19.37     97.0    1043   143    36.76    -21.87     29.55     5      .3    1044     0   0   0   0      19.717   -79.398
0171    85.2   893.2     19.40     97.0    1037   144    36.79    -21.86     29.59     5      .2    1038     0   0   0   0      19.717   -79.398
0172    85.7   893.9     19.43     97.0    1031   144    36.86    -21.89     29.66     5      .1    1032     0   0   0   0      19.717   -79.398
0173    86.2   894.5     19.46     97.0    1024   144    36.97    -21.94     29.76     5     -.1    1025     0   0   0   0      19.717   -79.398
0174    86.7   895.2     19.49     97.0    1018   144    37.12    -22.01     29.89     5     -.3    1019     0   0   0   0      19.718   -79.398
0175    87.2   895.9     19.52     97.0    1011   144    37.30    -22.09     30.05     5     -.5    1012     0   0   0   0      19.718   -79.398
0176    87.7   896.6     19.55     97.0    1004   144    37.49    -22.18     30.23     5     -.7    1005     0   0   0   3      19.718   -79.398
0177    88.2   897.3     19.58     97.0     998   144    37.70    -22.27     30.42     5     -.9     998     3   3   3   0      19.718   -79.398
0178    88.7   898.0     19.61     97.0     991   144    37.90    -22.36     30.61     5    -1.2     991     0   0   0   0      19.718   -79.398
0179    89.2   898.8     19.64     97.0     983   144    38.09    -22.44     30.79     5    -1.4     984     0   0   0   0      19.718   -79.399
0180    89.7   899.5     19.67     97.0     976   144    38.26    -22.51     30.94     5    -1.6     977     0   0   0   0      19.718   -79.399
0181    90.2   900.3     19.70     97.0     969   144    38.38    -22.57     31.05     5    -1.9     970     0   0   0   3      19.718   -79.399
0182    90.7   901.1     19.73     97.0     961   144    38.46    -22.62     31.11     5    -2.1     962     0   0   0   0      19.719   -79.399
0183    91.2   901.8     19.76     97.0     954   144    38.48    -22.67     31.10     5    -2.4     955     0   0   0   3      19.719   -79.399
0184    91.7   902.6     19.79     97.0     946   144    38.44    -22.72     31.01     5    -2.6     947     0   0   0   3      19.719   -79.399
0185    92.2   903.5     19.82     96.9     938   144    38.34    -22.77     30.84     5    -2.8     939     0   0   0   0      19.719   -79.399
0186    92.7   904.3     19.85     96.9     930   143    38.16    -22.82     30.58     5    -3.0     931     0   0   0   0      19.719   -79.399
0187    93.2   905.1     19.88     96.9     922   143    37.92    -22.88     30.24     5    -3.2     923     0   0   0   0      19.719   -79.399
0188    93.7   906.0     19.91     96.9     914   142    37.62    -22.95     29.81     5    -3.3     915     0   0   0   0      19.719   -79.399
0189    94.2   906.8     19.94     96.9     906   142    37.27    -23.04     29.30     5    -3.4     907     0   0   0   3      19.720   -79.400
0190    94.7   907.7     19.97     96.9     898   141    36.89    -23.14     28.73     5    -3.5     899     0   0   0   0      19.720   -79.400
0191    95.2   908.6     20.00     96.9     890   140    36.49    -23.26     28.11     5    -3.5     891     0   0   0   3      19.720   -79.400
0192    95.7   909.4     20.04     96.9     881   140    36.08    -23.40     27.46     5    -3.4     882     0   0   0   0      19.720   -79.400
0193    96.2   910.3     20.07     96.9     873   139    35.67    -23.54     26.80     5    -3.4     874     0   0   0   0      19.720   -79.400
0194    96.7   911.1     20.10     96.9     865   138    35.28    -23.70     26.13     5    -3.2     866     0   0   0   3      19.720   -79.400
0195    97.2   912.0     20.13     97.0     857   137    34.91    -23.86     25.48     5    -3.1     858     0   0   0   0      19.720   -79.400
0196    97.7   912.8     20.17     97.0     849   136    34.57    -24.01     24.87     5    -2.9     850     0   0   0   0      19.720   -79.400
0197    98.2   913.6     20.20     97.0     841   135    34.26    -24.14     24.31     5    -2.7     842     0   0   0   0      19.721   -79.400
0198    98.7   914.4     20.23     97.1     834   134    34.00    -24.25     23.83     5    -2.4     835     0   0   0   0      19.721   -79.401
0199    99.2   915.2     20.27     97.1     826   134    33.77    -24.33     23.42     5    -2.2     827     0   0   0   0      19.721   -79.401
0200    99.7   916.0     20.30     97.1     819   133    33.58    -24.37     23.11     5    -2.0     820     0   0   0   0      19.721   -79.401
0201   100.2   916.8     20.34     97.2     811   133    33.43    -24.36     22.90     5    -1.7     812     0   0   0   0      19.721   -79.401
0202   100.7   917.6     20.37     97.2     804   133    33.31    -24.31     22.78     5    -1.5     805     0   0   0   0      19.721   -79.401
0203   101.2   918.3     20.40     97.2     797   133    33.21    -24.20     22.74     5    -1.3     798     3   3   3   3      19.721   -79.401
0204   101.7   919.0     20.43     97.1     790   133    33.14    -24.06     22.79     5    -1.1     791     0   0   0   0      19.721   -79.401
0205   102.2   919.8     20.46     97.1     783   134    33.08    -23.87     22.90     5     -.9     784     3   3   3   0      19.721   -79.401
0206   102.7   920.5     20.49     97.1     777   134    33.02    -23.64     23.05     5     -.7     777     3   3   3   0      19.721   -79.402
0207   103.2   921.2     20.51     97.0     770   135    32.96    -23.39     23.22     5     -.5     771     0   0   0   0      19.722   -79.402
0208   103.7   921.9     20.54     97.0     763   135    32.89    -23.13     23.39     5     -.3     764     0   0   0   0      19.722   -79.402
0209   104.2   922.6     20.56     97.0     757   136    32.80    -22.85     23.53     5     -.1     758     3   3   3   0      19.722   -79.402
0210   104.7   923.3     20.58     96.9     750   136    32.69    -22.58     23.64     5      .1     751     0   0   0   0      19.722   -79.402
0211   105.2   923.9     20.60     96.9     744   137    32.55    -22.32     23.69     5      .3     745     0   0   0   0      19.722   -79.402
0212   105.7   924.6     20.61     96.8     738   137    32.37    -22.08     23.68     5      .5     739     0   0   0   0      19.722   -79.402
0213   106.2   925.2     20.63     96.8     732   137    32.16    -21.85     23.60     6      .6     733     0   0   0   0      19.722   -79.402
0214   106.7   925.9     20.65     96.8     726   137    31.92    -21.66     23.45     6      .8     727     0   0   0   0      19.722   -79.402
0215   107.2   926.5     20.66     96.8     720   137    31.65    -21.49     23.24     6      .9     721     0   0   0   0      19.722   -79.402
0216   107.7   927.1     20.68     96.8     714   137    31.37    -21.35     22.97     6     1.0     715     0   0   0   0      19.723   -79.403
0217   108.2   927.7     20.69     96.8     708   137    31.07    -21.24     22.67     5     1.1     709     0   0   0   0      19.723   -79.403
0218   108.7   928.4     20.71     96.8     703   137    30.78    -21.16     22.35     5     1.1     703     0   0   0   0      19.723   -79.403
0219   109.2   929.0     20.73     96.9     697   136    30.50    -21.09     22.03     5     1.1     698     0   0   0   0      19.723   -79.403
0220   109.7   929.6     20.74     96.9     691   136    30.24    -21.05     21.72     5     1.1     692     0   0   0   0      19.723   -79.403
0221   110.2   930.2     20.76     97.0     685   136    30.03    -21.02     21.44     5     1.0     686     0   0   0   0      19.723   -79.403
0222   110.7   930.8     20.78     97.0     679   135    29.85    -21.01     21.20     5     1.0     680     3   3   3   0      19.723   -79.403
0223   111.2   931.5     20.80     97.1     673   135    29.71    -21.00     21.02     5      .9     674     0   0   0   0      19.723   -79.403
0224   111.7   932.1     20.82     97.1     668   135    29.62    -21.01     20.88     5      .8     668     0   0   0   0      19.723   -79.403
0225   112.2   932.7     20.84     97.1     662   135    29.57    -21.02     20.80     5      .7     662     0   0   0   0      19.723   -79.403
0226   112.7   933.4     20.86     97.2     656   135    29.55    -21.03     20.77     5      .7     656     0   0   0   0      19.723   -79.404
0227   113.2   934.0     20.88     97.2     650   135    29.56    -21.04     20.76     5      .6     650     0   0   0   0      19.724   -79.404
0228   113.7   934.7     20.90     97.2     643   135    29.58    -21.05     20.78     5      .6     644     0   0   0   0      19.724   -79.404
0229   114.2   935.3     20.92     97.3     637   135    29.60    -21.07     20.80     6      .5     638     0   0   0   0      19.724   -79.404
0230   114.7   936.0     20.95     97.3     631   135    29.62    -21.09     20.80     6      .5     632     0   0   0   0      19.724   -79.404
0231   115.2   936.7     20.97     97.3     625   135    29.63    -21.12     20.78     6      .4     626     0   0   0   0      19.724   -79.404
0232   115.7   937.3     20.99     97.3     619   134    29.63    -21.17     20.73     6      .4     620     0   0   0   0      19.724   -79.404
0233   116.2   938.0     21.02     97.3     613   134    29.60    -21.22     20.64     6      .4     614     0   0   0   0      19.724   -79.404
0234   116.7   938.6     21.04     97.3     607   134    29.57    -21.30     20.51     6      .3     608     0   0   0   0      19.724   -79.404
0235   117.2   939.3     21.06     97.3     601   134    29.52    -21.39     20.35     6      .3     601     0   0   0   0      19.724   -79.404
0236   117.7   940.0     21.08     97.3     594   133    29.47    -21.49     20.17     6      .2     595     0   0   0   0      19.724   -79.405
0237   118.2   940.6     21.11     97.3     588   133    29.42    -21.60     19.98     6      .2     589     0   0   0   0      19.725   -79.405
0238   118.7   941.3     21.13     97.3     582   132    29.38    -21.70     19.80     5      .1     583     0   0   0   0      19.725   -79.405
0239   119.2   942.0     21.16     97.3     576   132    29.34    -21.79     19.65     6     -.1     577     0   0   0   0      19.725   -79.405
0240   119.7   942.7     21.18     97.3     569   132    29.33    -21.87     19.54     6     -.2     570     0   0   0   0      19.725   -79.405
0241   120.2   943.4     21.21     97.3     563   132    29.32    -21.92     19.48     6     -.3     564     0   0   0   0      19.725   -79.405
0242   120.7   944.1     21.24     97.3     556   132    29.34    -21.93     19.50     6     -.5     557     0   0   0   0      19.725   -79.405
0243   121.2   944.8     21.27     97.3     550   132    29.38    -21.90     19.58     6     -.7     551     0   0   0   3      19.725   -79.405
0244   121.7   945.5     21.30     97.4     543   132    29.43    -21.84     19.73     6     -.9     544     0   0   0   0      19.725   -79.405
0245   122.2   946.3     21.33     97.4     536   133    29.49    -21.74     19.93     7    -1.0     537     0   0   0   0      19.725   -79.406
0246   122.7   947.0     21.36     97.4     529   133    29.56    -21.61     20.18     7    -1.2     530     0   0   0   0      19.725   -79.406
0247   123.2   947.8     21.39     97.4     523   134    29.64    -21.47     20.44     7    -1.4     523     0   0   0   0      19.725   -79.406
0248   123.7   948.5     21.43     97.4     515   134    29.71    -21.31     20.70     7    -1.6     516     0   0   0   0      19.726   -79.406
0249   124.2   949.3     21.46     97.4     508   135    29.75    -21.16     20.92     7    -1.7     509     0   0   0   0      19.726   -79.406
0250   124.7   950.1     21.49     97.4     501   135    29.77    -21.02     21.07     7    -1.9     502     0   0   0   0      19.726   -79.406
0251   125.2   950.9     21.53     97.4     494   135    29.73    -20.91     21.13     7    -2.1     495     0   0   0   0      19.726   -79.406
0252   125.7   951.7     21.56     97.4     486   135    29.63    -20.82     21.09     7    -2.3     487     0   0   0   0      19.726   -79.406
0253   126.2   952.5     21.60     97.4     479   135    29.46    -20.75     20.92     7    -2.4     480     0   0   0   0      19.726   -79.406
0254   126.7   953.3     21.63     97.4     471   135    29.22    -20.71     20.62     7    -2.6     472     0   0   0   0      19.726   -79.406
0255   127.2   954.2     21.66     97.5     464   134    28.91    -20.68     20.21     7    -2.8     465     0   0   0   0      19.726   -79.407
0256   127.7   955.0     21.70     97.5     456   134    28.55    -20.65     19.70     7    -3.0     457     0   0   0   0      19.726   -79.407
0257   128.2   955.9     21.73     97.5     448   133    28.13    -20.63     19.12     7    -3.2     449     0   0   0   3      19.726   -79.407
0258   128.7   956.7     21.77     97.4     440   132    27.69    -20.59     18.50     7    -3.4     441     0   0   0   0      19.726   -79.407
0259   129.2   957.6     21.80     97.4     432   131    27.23    -20.54     17.88     7    -3.6     433     0   0   0   0      19.727   -79.407
0260   129.7   958.5     21.84     97.4     424   130    26.80    -20.47     17.29     6    -3.8     425     0   0   0   0      19.727   -79.407
0261   130.2   959.4     21.88     97.4     416   129    26.40    -20.39     16.77     6    -4.1     417     0   0   0   3      19.727   -79.407
0262   130.7   960.3     21.92     97.3     408   129    26.05    -20.29     16.34     6    -4.4     409     0   0   0   0      19.727   -79.407
0263   131.2   961.3     21.97     97.2     399   128    25.79    -20.21     16.02     6    -4.7     400     0   0   0   0      19.727   -79.407
0264   131.7   962.2     22.01     97.1     391   128    25.62    -20.15     15.82     6    -5.1     391     0   0   0   0      19.727   -79.407
0265   132.2   963.2     22.06     97.0     382   128    25.55    -20.13     15.74     6    -5.4     383     0   0   0   3      19.727   -79.408
0266   132.7   964.2     22.11     96.8     373   128    25.60    -20.18     15.74     6    -5.7     373     0   0   0   0      19.727   -79.408
0267   133.2   965.2     22.17     96.7     363   128    25.75    -20.32     15.82     6    -6.0     364     0   0   0   0      19.727   -79.408
0268   133.7   966.3     22.22     96.5     354   128    26.01    -20.55     15.93     6    -6.3     355     0   0   0   3      19.727   -79.408
0269   134.2   967.3     22.28     96.3     344   128    26.34    -20.89     16.05     6    -6.6     345     0   0   0   0      19.727   -79.408
0270   134.7   968.4     22.34     96.1     335   127    26.74    -21.32     16.14     6    -6.8     336     0   0   0   0      19.727   -79.408
0271   135.2   969.5     22.40     95.8     325   127    27.20    -21.85     16.20     6    -7.0     326     0   0   0   0      19.727   -79.408
0272   135.7   970.6     22.46     95.6     315   126    27.66    -22.43     16.20     6    -7.0     316     0   0   0   0      19.727   -79.408
0273   136.2   971.7     22.53     95.3     305   125    28.07    -22.99     16.11     6    -7.0     306     0   0   0   0      19.728   -79.408
0274   136.7   972.8     22.60     95.1     295   124    28.41    -23.51     15.95     6    -7.0     296     0   0   0   0      19.728   -79.408
0275   137.2   973.8     22.67     94.8     286   123    28.66    -23.95     15.74     4    -6.8     287     0   0   0   0      19.728   -79.409
0276   137.7   974.9     22.74     94.5     276   123    28.81    -24.28     15.51     6    -6.6     277     0   0   0   0      19.728   -79.409
0277   138.2   976.0     22.82     94.3     266   122    28.85    -24.48     15.27     6    -6.4     267     0   0   0   0      19.728   -79.409
0278   138.7   977.0     22.91     94.0     257   122    28.78    -24.54     15.04     6    -6.1     258     3   3   3   3      19.728   -79.409
0279   139.2   978.1     22.99     93.7     248   121    28.63    -24.47     14.86     6    -5.8     249     0   0   0   3      19.728   -79.409
0280   139.7   979.1     23.08     93.4     239   121    28.41    -24.29     14.74     6    -5.4     240     0   0   0   3      19.728   -79.409
0281   140.2   980.1     23.17     93.1     230   121    28.15    -24.00     14.70     5    -5.1     231     0   0   0   3      19.728   -79.409
0282   140.7   981.0     23.27     92.8     221   122    27.86    -23.65     14.74     5    -4.9     222     0   0   0   3      19.728   -79.409
0283   141.2   982.0     23.37     92.5     213   123    27.56    -23.23     14.84     5    -4.6     214     3   0   0   0      19.728   -79.409
0284   141.7   982.9     23.47     92.2     204   123    27.23    -22.73     15.00     5    -4.4     205     0   0   0   3      19.728   -79.410
0285   142.2   983.8     23.57     91.9     196   125    26.87    -22.14     15.22     5    -4.3     197     0   0   0   3      19.728   -79.410
0286   142.7   984.8     23.67     91.5     188   126    26.48    -21.46     15.51     5    -4.2     189     0   0   0   3      19.728   -79.410
0287   143.2   985.7     23.77     91.2     180   127    26.08    -20.70     15.87     5    -4.2     181     0   0   0   3      19.728   -79.410
0288   143.7   986.6     23.87     90.9     171   129    25.70    -19.86     16.30     5    -4.2     172     0   0   0   3      19.729   -79.410
0289   144.2   987.5     23.97     90.5     163   131    25.33    -19.01     16.75     4    -4.2     164     0   0   0   3      19.729   -79.410
0290   144.7   988.5     24.06     90.2     155   133    25.01    -18.23     17.12     4    -4.2     156     0   0   0   3      19.729   -79.410
0291   145.2   989.4     24.16     89.9     147   135    24.72    -17.57     17.39     4    -4.2     147     0   0   0   3      19.729   -79.410
0292   145.7   990.4     24.25     89.5     138   136    24.41    -16.94     17.58     4    -4.3     139     0   0   0   3      19.729   -79.410
0293   146.2   991.3     24.34     89.2     130   137    24.00    -16.31     17.61     4    -4.3     131     3   3   3   3      19.729   -79.410
0294   146.7   992.2     24.42     88.9     121   137    23.03    -15.69     16.86     4    -4.2     122     0   0   0   0      19.729   -79.410
0295   147.2   993.2     24.50     88.6     113   127    19.04    -15.12     11.56     4    -4.1     114     0   0   0   0      19.729   -79.411
0296   147.7   994.1     24.59     88.4     105  -999  -999.00   -999.00   -999.00  -999    -4.0     106     0   0   0   0      19.729   -79.411
0297   148.2   995.0     24.67     88.1      97  -999  -999.00   -999.00   -999.00  -999    -3.9      97     0   0   0   0      19.729   -79.411
0298   148.7   996.0     24.75     87.9      88  -999  -999.00   -999.00   -999.00  -999    -3.9      89     0   0   0   0      19.729   -79.411
0299   149.2   996.9     24.83     87.8      80  -999  -999.00   -999.00   -999.00  -999    -4.2      81     0   0   0   0      19.729   -79.411
0300   149.7   997.8     24.90     87.7      73  -999  -999.00   -999.00   -999.00  -999    -4.3      73     0   0   0   0      19.729   -79.411
0301   150.2   998.6     24.98     87.8      65  -999  -999.00   -999.00   -999.00  -999    -5.1      66     0   0   0   0      19.729   -79.411
0302   150.7   999.6     25.07     88.0      56  -999  -999.00   -999.00   -999.00  -999    -6.3      57     0   0   0   0      19.729   -79.411
0303   151.2  1000.7     25.15     88.5      47  -999  -999.00   -999.00   -999.00  -999    -6.7      48     0   0   0   0      19.729   -79.411
0304   151.7  1001.7     25.22     89.1      38  -999  -999.00   -999.00   -999.00  -999    -7.2      39     0   0   0   0      19.730   -79.411
0305   152.2  1002.9     25.30     89.5      27  -999  -999.00   -999.00   -999.00  -999    -8.0      28     0   0   0   0      19.730   -79.411
0306   152.7  1004.4     25.41     88.6      14  -999  -999.00   -999.00   -999.00  -999    -9.0      15     0   0   0   0      19.730   -79.411
