 ===========================================================================
 DROPWINDSONDE PROCESSING RECORD                            Sonde: 102145044
 FDR file written by Aspen Version 3.1.0.0, 23 Jul 2011 22:38 UTC
 Aircraft: NOAA P3, N43RF                    Date: 110723   Time: 195802 UTC
 ---------------------------------------------------------------------------
 Bias corrections:  PR =   0.0 mb  TE =   0.0 C  RH =   0.0 %  PRB =  0.0 mb
 Filters (LPF):     PTH = 
 Dyn RH correction = 
 Estimated PR used = 
 Dyn T correction  = 
 ---------------------------------------------------------------------------
 COMMENT: none, Good Drop
 ===========================================================================

 ===========================================================================
 Date: 110723   Lat:  21.62 N   TA:   18.2 C   PS:  846.1 mb   WD:   183 deg
 Time: 195802   Lon: 112.24 W   TD:   17.9 C   GA:   1488 m    WS:  17.5 m/s
 SID:  102145044                RH:   98.1 %   Navaid:   GP
 ===========================================================================

IX      t (s)  P (mb)    T (C)    RH (%)  Z (m)   WD    WS (m/s)   U (m/s)   V (m/s)  NS  WZ (m/s)  ZW (m)   FP  FT  FH  FW    LAT (N)   LON (E)
0001     0.0  -999.0   -999.00   -999.0    1456  -999  -999.00   -999.00   -999.00    12  -999.0    1456     0   0   0   0      21.615  -112.238
0002     0.2  -999.0   -999.00   -999.0    -999  -999  -999.00   -999.00   -999.00    11  -999.0    -999     0   0   0   0    -999.000  -999.000
0003     0.5  -999.0   -999.00   -999.0    1454  -999  -999.00   -999.00   -999.00    10  -999.0    1454     0   0   0   0      21.615  -112.237
0004     0.8  -999.0   -999.00   -999.0    -999  -999  -999.00   -999.00   -999.00    10  -999.0    -999     0   0   0   0    -999.000  -999.000
0005     1.0  -999.0   -999.00   -999.0    1455  -999  -999.00   -999.00   -999.00     8  -999.0    1455     0   0   0   0      21.615  -112.237
0006     1.2  -999.0   -999.00   -999.0    -999  -999  -999.00   -999.00   -999.00     5  -999.0    -999     0   0   0   0    -999.000  -999.000
0007     1.5  -999.0   -999.00   -999.0    1457  -999  -999.00   -999.00   -999.00     7  -999.0    1457     0   0   0   0      21.615  -112.237
0008     1.8  -999.0   -999.00   -999.0    -999  -999  -999.00   -999.00   -999.00     8  -999.0    -999     0   0   0   0    -999.000  -999.000
0009     2.0  -999.0   -999.00   -999.0    1452  -999  -999.00   -999.00   -999.00    10  -999.0    1452     0   0   0   0      21.615  -112.237
0010     2.2  -999.0   -999.00   -999.0    -999  -999  -999.00   -999.00   -999.00    11  -999.0    -999     0   0   0   0    -999.000  -999.000
0011     2.5  -999.0   -999.00   -999.0    1444  -999  -999.00   -999.00   -999.00    10  -999.0    1444     0   0   0   0      21.616  -112.237
0012     2.8  -999.0   -999.00   -999.0    -999  -999  -999.00   -999.00   -999.00    10  -999.0    -999     0   0   0   0    -999.000  -999.000
0013     3.0  -999.0   -999.00   -999.0    1437  -999  -999.00   -999.00   -999.00    10  -999.0    1437     0   0   0   0      21.616  -112.237
0014     3.2  -999.0   -999.00   -999.0    -999  -999  -999.00   -999.00   -999.00    10  -999.0    -999     0   0   0   0    -999.000  -999.000
0015     3.5  -999.0   -999.00   -999.0    1428  -999  -999.00   -999.00   -999.00    10  -999.0    1428     0   0   0   0      21.616  -112.237
0016     3.8  -999.0   -999.00   -999.0    -999  -999  -999.00   -999.00   -999.00     7  -999.0    -999     0   0   0   0    -999.000  -999.000
0017     4.0  -999.0   -999.00   -999.0    1423  -999  -999.00   -999.00   -999.00     9  -999.0    1423     0   0   0   0      21.616  -112.237
0018     4.2  -999.0   -999.00   -999.0    -999  -999  -999.00   -999.00   -999.00     7  -999.0    -999     0   0   0   0    -999.000  -999.000
0019     4.5  -999.0   -999.00   -999.0    1416  -999  -999.00   -999.00   -999.00     8  -999.0    1416     0   0   0   0      21.616  -112.237
0020     4.8  -999.0   -999.00   -999.0    -999  -999  -999.00   -999.00   -999.00     9  -999.0    -999     0   0   0   0    -999.000  -999.000
0021     5.0  -999.0   -999.00   -999.0    1410  -999  -999.00   -999.00   -999.00    11  -999.0    1410     0   0   0   0      21.616  -112.237
0022     5.2  -999.0   -999.00   -999.0    -999  -999  -999.00   -999.00   -999.00    10  -999.0    -999     0   0   0   0    -999.000  -999.000
0023     5.5  -999.0   -999.00   -999.0    1404  -999  -999.00   -999.00   -999.00    11  -999.0    1404     0   0   0   0      21.616  -112.237
0024     5.8  -999.0   -999.00   -999.0    -999  -999  -999.00   -999.00   -999.00     9  -999.0    -999     0   0   0   0    -999.000  -999.000
0025     6.0  -999.0   -999.00   -999.0    1399  -999  -999.00   -999.00   -999.00    10  -999.0    1399     0   0   0   0      21.616  -112.237
0026     6.2  -999.0   -999.00   -999.0    -999  -999  -999.00   -999.00   -999.00    10  -999.0    -999     0   0   0   0    -999.000  -999.000
0027     6.5  -999.0   -999.00   -999.0    1394  -999  -999.00   -999.00   -999.00     9  -999.0    1394     0   0   0   0      21.616  -112.237
0028     6.8  -999.0   -999.00   -999.0    -999  -999  -999.00   -999.00   -999.00     9  -999.0    -999     0   0   0   0    -999.000  -999.000
0029     7.0  -999.0   -999.00   -999.0    1390  -999  -999.00   -999.00   -999.00    10  -999.0    1390     0   0   0   0      21.616  -112.237
0030     7.2  -999.0   -999.00   -999.0    -999  -999  -999.00   -999.00   -999.00     8  -999.0    -999     0   0   0   0    -999.000  -999.000
0031     7.5  -999.0   -999.00   -999.0    1385  -999  -999.00   -999.00   -999.00     9  -999.0    1385     0   0   0   0      21.616  -112.237
0032     7.8  -999.0   -999.00   -999.0    -999  -999  -999.00   -999.00   -999.00     8  -999.0    -999     0   0   0   0    -999.000  -999.000
0033     8.0  -999.0   -999.00   -999.0    1380  -999  -999.00   -999.00   -999.00     8  -999.0    1380     0   0   0   0      21.616  -112.237
0034     8.2  -999.0   -999.00   -999.0    -999  -999  -999.00   -999.00   -999.00     9  -999.0    -999     0   0   0   0    -999.000  -999.000
0035     8.5  -999.0   -999.00   -999.0    1375  -999  -999.00   -999.00   -999.00     8  -999.0    1375     0   0   0   0      21.617  -112.237
0036     8.8  -999.0   -999.00   -999.0    -999  -999  -999.00   -999.00   -999.00     8  -999.0    -999     0   0   0   0    -999.000  -999.000
0037     9.0  -999.0   -999.00   -999.0    1370  -999  -999.00   -999.00   -999.00     8  -999.0    1370     0   0   0   0      21.617  -112.237
0038     9.2  -999.0   -999.00   -999.0    -999  -999  -999.00   -999.00   -999.00     9  -999.0    -999     0   0   0   0    -999.000  -999.000
0039     9.5  -999.0   -999.00   -999.0    1364  -999  -999.00   -999.00   -999.00    10  -999.0    1364     0   0   0   0      21.617  -112.237
0040     9.8  -999.0   -999.00   -999.0    -999  -999  -999.00   -999.00   -999.00    10  -999.0    -999     0   0   0   0    -999.000  -999.000
0041    10.0   856.5     19.18   -999.0    1356   179    17.22     -0.35     17.22    12   -10.1    1356     0   0   0   0      21.617  -112.237
0042    10.2  -999.0   -999.00   -999.0    -999   179    17.22     -0.39     17.21    12  -999.0    -999     0   0   0   0    -999.000  -999.000
0043    10.5   857.0     19.17   -999.0    1350   179    17.21     -0.43     17.20    10   -10.1    1350     0   0   0   0      21.617  -112.237
0044    10.8  -999.0   -999.00   -999.0    -999   178    17.20     -0.47     17.19    10  -999.0    -999     0   0   0   0    -999.000  -999.000
0045    11.0   857.5     19.16   -999.0    1344   178    17.19     -0.51     17.18    10   -10.2    1344     0   0   0   0      21.617  -112.237
0046    11.2  -999.0   -999.00   -999.0    -999   178    17.18     -0.54     17.17     9  -999.0    -999     0   0   0   0    -999.000  -999.000
0047    11.5   858.0     19.14   -999.0    1339   178    17.17     -0.58     17.16    11   -10.3    1339     0   0   0   0      21.617  -112.237
0048    11.8  -999.0   -999.00   -999.0    -999   178    17.16     -0.62     17.15    10  -999.0    -999     0   0   0   0    -999.000  -999.000
0049    12.0   858.5     19.12   -999.0    1333   178    17.14     -0.65     17.13    10   -10.3    1333     0   0   0   0      21.617  -112.237
0050    12.2  -999.0   -999.00   -999.0    -999   178    17.13     -0.68     17.11    10  -999.0    -999     0   0   0   0    -999.000  -999.000
0051    12.5   859.0     19.11   -999.0    1328   178    17.11     -0.71     17.09    11   -10.4    1328     0   0   0   0      21.617  -112.237
0052    12.8  -999.0   -999.00   -999.0    -999   178    17.09     -0.74     17.07     9  -999.0    -999     0   0   0   0    -999.000  -999.000
0053    13.0   859.6     19.09   -999.0    1322   177    17.07     -0.76     17.05    10   -10.4    1322     0   0   0   0      21.617  -112.237
0054    13.2  -999.0   -999.00   -999.0    -999   177    17.04     -0.77     17.03    11  -999.0    -999     0   0   0   0    -999.000  -999.000
0055    13.5   860.1     19.08   -999.0    1317   177    17.02     -0.79     17.00    10   -10.5    1317     0   0   0   0      21.617  -112.237
0056    13.8  -999.0   -999.00   -999.0    -999   177    16.99     -0.79     16.97     9  -999.0    -999     0   0   0   0    -999.000  -999.000
0057    14.0   860.6     19.07   -999.0    1311   177    16.96     -0.80     16.94    10   -10.5    1311     0   0   0   0      21.617  -112.237
0058    14.2  -999.0   -999.00   -999.0    -999   177    16.93     -0.80     16.91    11  -999.0    -999     0   0   0   0    -999.000  -999.000
0059    14.5   861.1     19.06   -999.0    1306   177    16.90     -0.79     16.88    11   -10.5    1306     0   0   0   0      21.617  -112.237
0060    14.8  -999.0   -999.00   -999.0    -999   177    16.86     -0.79     16.84    12  -999.0    -999     0   0   0   0    -999.000  -999.000
0061    15.0   861.6     19.06   -999.0    1299   177    16.82     -0.78     16.81    12   -10.5    1299     0   0   0   0      21.618  -112.237
0062    15.2  -999.0   -999.00   -999.0    -999   177    16.79     -0.77     16.77    11  -999.0    -999     0   0   0   0    -999.000  -999.000
0063    15.5   862.2     19.07   -999.0    1293   177    16.75     -0.76     16.73    12   -10.5    1293     0   0   0   0      21.618  -112.237
0064    15.8  -999.0   -999.00   -999.0    -999   177    16.71     -0.74     16.69    12  -999.0    -999     0   0   0   0    -999.000  -999.000
0065    16.0   862.7     19.07   -999.0    1287   177    16.67     -0.73     16.65    12   -10.5    1287     0   0   0   0      21.618  -112.237
0066    16.2  -999.0   -999.00   -999.0    -999   178    16.63     -0.72     16.61    11  -999.0    -999     0   0   0   0    -999.000  -999.000
0067    16.5   863.2     19.08   -999.0    1282   178    16.59     -0.71     16.58    11   -10.5    1282     0   0   0   0      21.618  -112.237
0068    16.8  -999.0   -999.00   -999.0    -999   178    16.56     -0.70     16.54    11  -999.0    -999     0   0   0   0    -999.000  -999.000
0069    17.0   863.7     19.10   -999.0    1277   178    16.52     -0.69     16.51    12   -10.5    1277     0   0   0   0      21.618  -112.237
0070    17.2  -999.0   -999.00   -999.0    -999   178    16.49     -0.68     16.47    11  -999.0    -999     0   0   0   0    -999.000  -999.000
0071    17.5   864.3     19.11   -999.0    1271   178    16.46     -0.67     16.44    11   -10.6    1271     0   0   0   0      21.618  -112.237
0072    17.8  -999.0   -999.00   -999.0    -999   178    16.43     -0.67     16.42    12  -999.0    -999     0   0   0   0    -999.000  -999.000
0073    18.0   864.8     19.13   -999.0    1266   178    16.41     -0.66     16.39    12   -10.6    1266     0   0   0   0      21.618  -112.237
0074    18.2  -999.0   -999.00   -999.0    -999   178    16.38     -0.66     16.37    12  -999.0    -999     0   0   0   0    -999.000  -999.000
0075    18.5   865.3     19.15   -999.0    1260   178    16.37     -0.66     16.35    12   -10.6    1260     0   0   0   0      21.618  -112.237
0076    18.8  -999.0   -999.00   -999.0    -999   178    16.35     -0.67     16.34    12  -999.0    -999     0   0   0   0    -999.000  -999.000
0077    19.0   865.9     19.17     92.6    1255   178    16.34     -0.67     16.32    12   -10.5    1255     0   0   0   0      21.618  -112.237
0078    19.2  -999.0   -999.00   -999.0    -999   178    16.32     -0.68     16.31    12  -999.0    -999     0   0   0   0    -999.000  -999.000
0079    19.5   866.4     19.19     92.7    1250   178    16.32     -0.69     16.30    12   -10.5    1250     0   0   0   0      21.618  -112.237
0080    19.8  -999.0   -999.00   -999.0    -999   178    16.31     -0.70     16.30    12  -999.0    -999     0   0   0   0    -999.000  -999.000
0081    20.0   866.9     19.21     92.7    1244   178    16.31     -0.71     16.29    12   -10.5    1244     0   0   0   0      21.618  -112.237
0082    20.2  -999.0   -999.00   -999.0    -999   177    16.30     -0.72     16.29    12  -999.0    -999     0   0   0   0    -999.000  -999.000
0083    20.5   867.4     19.24     92.7    1239   177    16.30     -0.73     16.28    12   -10.5    1239     0   0   0   0      21.618  -112.237
0084    20.8  -999.0   -999.00   -999.0    -999   177    16.30     -0.74     16.28    12  -999.0    -999     0   0   0   0    -999.000  -999.000
0085    21.0   868.0     19.26     92.8    1234   177    16.29     -0.75     16.28    12   -10.5    1234     0   0   0   0      21.618  -112.237
0086    21.2  -999.0   -999.00   -999.0    -999   177    16.29     -0.77     16.27    12  -999.0    -999     0   0   0   0    -999.000  -999.000
0087    21.5   868.5     19.28     92.8    1228   177    16.28     -0.78     16.27    12   -10.5    1228     0   0   0   0      21.619  -112.237
0088    21.8  -999.0   -999.00   -999.0    -999   177    16.28     -0.80     16.26    12  -999.0    -999     0   0   0   0    -999.000  -999.000
0089    22.0   869.0     19.30     92.9    1223   177    16.27     -0.81     16.25    12   -10.5    1223     0   0   0   0      21.619  -112.237
0090    22.2  -999.0   -999.00   -999.0    -999   177    16.26     -0.82     16.24    12  -999.0    -999     0   0   0   0    -999.000  -999.000
0091    22.5   869.5     19.33     92.9    1218   177    16.25     -0.83     16.23    12   -10.4    1218     0   0   0   0      21.619  -112.237
0092    22.8  -999.0   -999.00   -999.0    -999   177    16.24     -0.83     16.22    12  -999.0    -999     0   0   0   0    -999.000  -999.000
0093    23.0   870.1     19.35     93.0    1213   177    16.23     -0.84     16.21    12   -10.4    1213     0   0   0   0      21.619  -112.237
0094    23.2  -999.0   -999.00   -999.0    -999   177    16.22     -0.84     16.20    12  -999.0    -999     0   0   0   0    -999.000  -999.000
0095    23.5   870.6     19.37     93.0    1208   177    16.21     -0.84     16.19    12   -10.4    1208     0   0   0   0      21.619  -112.237
0096    23.8  -999.0   -999.00   -999.0    -999   177    16.20     -0.84     16.18    12  -999.0    -999     0   0   0   0    -999.000  -999.000
0097    24.0   871.1     19.39     93.1    1203   177    16.19     -0.83     16.17    12   -10.3    1203     0   0   0   0      21.619  -112.237
0098    24.2  -999.0   -999.00   -999.0    -999   177    16.17     -0.82     16.15    12  -999.0    -999     0   0   0   0    -999.000  -999.000
0099    24.5   871.6     19.41     93.1    1197   177    16.16     -0.81     16.14    12   -10.3    1197     0   0   0   0      21.619  -112.237
0100    24.8  -999.0   -999.00   -999.0    -999   177    16.14     -0.79     16.12    12  -999.0    -999     0   0   0   0    -999.000  -999.000
0101    25.0   872.2     19.43     93.1    1192   177    16.13     -0.78     16.11    12   -10.2    1192     0   0   0   0      21.619  -112.237
0102    25.2  -999.0   -999.00   -999.0    -999   177    16.11     -0.76     16.09    12  -999.0    -999     0   0   0   0    -999.000  -999.000
0103    25.5   872.7     19.45     93.2    1187   177    16.10     -0.74     16.08    12   -10.2    1187     0   0   0   0      21.619  -112.237
0104    25.8  -999.0   -999.00   -999.0    -999   177    16.08     -0.72     16.06    12  -999.0    -999     0   0   0   0    -999.000  -999.000
0105    26.0   873.2     19.47     93.2    1182   177    16.06     -0.71     16.05    12   -10.1    1182     0   0   0   0      21.619  -112.237
0106    26.2  -999.0   -999.00   -999.0    -999   178    16.04     -0.69     16.03    12  -999.0    -999     0   0   0   0    -999.000  -999.000
0107    26.5   873.7     19.49     93.2    1177   178    16.03     -0.67     16.01    12   -10.1    1177     0   0   0   0      21.619  -112.237
0108    26.8  -999.0   -999.00   -999.0    -999   178    16.01     -0.65     15.99    12  -999.0    -999     0   0   0   0    -999.000  -999.000
0109    27.0   874.2     19.51     93.3    1172   178    15.99     -0.64     15.98    12   -10.1    1172     0   0   0   0      21.619  -112.237
0110    27.2  -999.0   -999.00   -999.0    -999   178    15.97     -0.63     15.96    12  -999.0    -999     0   0   0   0    -999.000  -999.000
0111    27.5   874.7     19.53     93.3    1167   178    15.95     -0.62     15.94    12   -10.1    1167     0   0   0   0      21.619  -112.237
0112    27.8  -999.0   -999.00   -999.0    -999   178    15.94     -0.61     15.92    12  -999.0    -999     0   0   0   0    -999.000  -999.000
0113    28.0   875.2     19.55     93.3    1161   178    15.92     -0.61     15.91    12   -10.1    1161     0   0   0   0      21.619  -112.237
0114    28.2  -999.0   -999.00   -999.0    -999   178    15.91     -0.60     15.90    12  -999.0    -999     0   0   0   0    -999.000  -999.000
0115    28.5   875.7     19.57     93.4    1156   178    15.90     -0.60     15.88    12   -10.1    1156     0   0   0   0      21.620  -112.237
0116    28.8  -999.0   -999.00   -999.0    -999   178    15.89     -0.60     15.87    12  -999.0    -999     0   0   0   0    -999.000  -999.000
0117    29.0   876.2     19.59     93.4    1151   178    15.88     -0.60     15.87    12   -10.2    1151     0   0   0   0      21.620  -112.237
0118    29.2  -999.0   -999.00   -999.0    -999   178    15.87     -0.60     15.86    12  -999.0    -999     0   0   0   0    -999.000  -999.000
0119    29.5   876.8     19.61     93.4    1146   178    15.86     -0.60     15.85    12   -10.2    1146     0   0   0   0      21.620  -112.237
0120    29.8  -999.0   -999.00   -999.0    -999   178    15.86     -0.60     15.85    12  -999.0    -999     0   0   0   0    -999.000  -999.000
0121    30.0   877.3     19.63     93.4    -999  -999  -999.00   -999.00   -999.00     0   -10.2    -999     0   0   0   0    -999.000  -999.000
0122  9999.0  -999.0   -999.00   -999.0    -999  -999  -999.00   -999.00   -999.00     0  -999.0    -999     0   0   0   0    -999.000  -999.000
0123  9999.0  -999.0   -999.00   -999.0    -999  -999  -999.00   -999.00   -999.00     0  -999.0    -999     0   0   0   0    -999.000  -999.000
0124  9999.0  -999.0   -999.00   -999.0    -999  -999  -999.00   -999.00   -999.00     0  -999.0    -999     0   0   0   0    -999.000  -999.000
0125    31.0   878.3     19.67     93.5    -999  -999  -999.00   -999.00   -999.00     0   -10.3    -999     0   0   0   0    -999.000  -999.000
0126  9999.0  -999.0   -999.00   -999.0    -999  -999  -999.00   -999.00   -999.00     0  -999.0    -999     0   0   0   0    -999.000  -999.000
0127  9999.0  -999.0   -999.00   -999.0    -999  -999  -999.00   -999.00   -999.00     0  -999.0    -999     0   0   0   0    -999.000  -999.000
0128  9999.0  -999.0   -999.00   -999.0    -999  -999  -999.00   -999.00   -999.00     0  -999.0    -999     0   0   0   0    -999.000  -999.000
0129  9999.0  -999.0   -999.00   -999.0    -999  -999  -999.00   -999.00   -999.00     0  -999.0    -999     0   0   0   0    -999.000  -999.000
0130  9999.0  -999.0   -999.00   -999.0    -999  -999  -999.00   -999.00   -999.00     0  -999.0    -999     0   0   0   0    -999.000  -999.000
0131    32.5   879.9     19.73     93.5    -999  -999  -999.00   -999.00   -999.00     0   -10.4    -999     0   0   0   0    -999.000  -999.000
0132  9999.0  -999.0   -999.00   -999.0    -999  -999  -999.00   -999.00   -999.00     0  -999.0    -999     0   0   0   0    -999.000  -999.000
0133  9999.0  -999.0   -999.00   -999.0    -999  -999  -999.00   -999.00   -999.00     0  -999.0    -999     0   0   0   0    -999.000  -999.000
0134  9999.0  -999.0   -999.00   -999.0    -999  -999  -999.00   -999.00   -999.00     0  -999.0    -999     0   0   0   0    -999.000  -999.000
0135    33.5   881.0     19.78     93.6    1104   178    15.76     -0.66     15.75    12   -10.4    1104     0   0   0   0      21.620  -112.237
0136    33.8  -999.0   -999.00   -999.0    -999   178    15.76     -0.66     15.74    12  -999.0    -999     0   0   0   0    -999.000  -999.000
0137    34.0   881.5     19.80     93.6    1099   178    15.75     -0.67     15.73    12   -10.5    1099     0   0   0   0      21.620  -112.237
0138    34.2  -999.0   -999.00   -999.0    -999   178    15.74     -0.68     15.73    12  -999.0    -999     0   0   0   0    -999.000  -999.000
0139    34.5   882.0     19.82     93.6    1094   178    15.73     -0.68     15.72    12   -10.5    1094     0   0   0   0      21.620  -112.237
0140    34.8  -999.0   -999.00   -999.0    -999   177    15.73     -0.69     15.71    12  -999.0    -999     0   0   0   0    -999.000  -999.000
0141    35.0   882.6     19.84     93.6    1089   177    15.72     -0.69     15.71    12   -10.4    1089     0   0   0   0      21.620  -112.237
0142    35.2  -999.0   -999.00   -999.0    -999   177    15.71     -0.70     15.70    12  -999.0    -999     0   0   0   0    -999.000  -999.000
0143    35.5   883.1     19.86     93.6    1083   177    15.71     -0.71     15.69    12   -10.4    1083     0   0   0   0      21.621  -112.237
0144    35.8  -999.0   -999.00   -999.0    -999   177    15.70     -0.71     15.69    12  -999.0    -999     0   0   0   0    -999.000  -999.000
0145    36.0   883.6     19.89     93.6    1078   177    15.70     -0.72     15.68    12   -10.4    1078     0   0   0   0      21.621  -112.237
0146    36.2  -999.0   -999.00   -999.0    -999   177    15.70     -0.72     15.68    12  -999.0    -999     0   0   0   0    -999.000  -999.000
0147    36.5   884.2     19.91     93.7    1073   177    15.70     -0.72     15.68    12   -10.4    1073     0   0   0   0      21.621  -112.237
0148    36.8  -999.0   -999.00   -999.0    -999   177    15.70     -0.73     15.68    12  -999.0    -999     0   0   0   0    -999.000  -999.000
0149    37.0   884.7     19.93     93.7    1068   177    15.70     -0.73     15.68    12   -10.4    1068     0   0   0   0      21.621  -112.237
0150    37.2  -999.0   -999.00   -999.0    -999   177    15.70     -0.73     15.69    12  -999.0    -999     0   0   0   0    -999.000  -999.000
0151    37.5   885.2     19.95     93.7    1063   177    15.71     -0.73     15.69    12   -10.4    1063     0   0   0   0      21.621  -112.237
0152    37.8  -999.0   -999.00   -999.0    -999   177    15.72     -0.73     15.70    12  -999.0    -999     0   0   0   0    -999.000  -999.000
0153    38.0   885.8     19.98     93.7    1057   177    15.72     -0.73     15.71    12   -10.3    1057     0   0   0   0      21.621  -112.237
0154    38.2  -999.0   -999.00   -999.0    -999   177    15.73     -0.73     15.72    12  -999.0    -999     0   0   0   0    -999.000  -999.000
0155    38.5   886.3     20.00     93.7    1052   177    15.74     -0.72     15.73    12   -10.3    1052     0   0   0   0      21.621  -112.237
0156    38.8  -999.0   -999.00   -999.0    -999   177    15.75     -0.72     15.73    12  -999.0    -999     0   0   0   0    -999.000  -999.000
0157    39.0   886.8     20.02     93.7    1047   177    15.76     -0.71     15.74    12   -10.3    1047     0   0   0   0      21.621  -112.237
0158    39.2  -999.0   -999.00   -999.0    -999   177    15.77     -0.71     15.75    12  -999.0    -999     0   0   0   0    -999.000  -999.000
0159    39.5   887.3     20.04     93.8    1042   177    15.78     -0.70     15.76    12   -10.3    1042     0   0   0   0      21.621  -112.237
0160    39.8  -999.0   -999.00   -999.0    -999   177    15.78     -0.70     15.77    12  -999.0    -999     0   0   0   0    -999.000  -999.000
0161    40.0   887.9     20.06     93.8    1037   177    15.79     -0.69     15.77    12   -10.3    1037     0   0   0   0      21.621  -112.237
0162    40.2  -999.0   -999.00   -999.0    -999   178    15.79     -0.69     15.78    12  -999.0    -999     0   0   0   0    -999.000  -999.000
0163    40.5   888.4     20.08     93.8    1031   178    15.80     -0.68     15.79    12   -10.4    1031     0   0   0   0      21.621  -112.237
0164    40.8  -999.0   -999.00   -999.0    -999   178    15.80     -0.68     15.79    12  -999.0    -999     0   0   0   0    -999.000  -999.000
0165    41.0   888.9     20.10     93.8    1026   178    15.81     -0.68     15.79    12   -10.4    1026     0   0   0   0      21.621  -112.237
0166    41.2  -999.0   -999.00   -999.0    -999   178    15.81     -0.68     15.80    12  -999.0    -999     0   0   0   0    -999.000  -999.000
0167    41.5   889.5     20.12     93.8    1021   178    15.82     -0.68     15.80    12   -10.4    1021     0   0   0   0      21.621  -112.237
0168    41.8  -999.0   -999.00   -999.0    -999   178    15.82     -0.68     15.81    12  -999.0    -999     0   0   0   0    -999.000  -999.000
0169    42.0   890.0     20.14     93.8    1016   178    15.83     -0.69     15.81    12   -10.5    1016     0   0   0   0      21.621  -112.237
0170    42.2  -999.0   -999.00   -999.0    -999   178    15.83     -0.69     15.82    12  -999.0    -999     0   0   0   0    -999.000  -999.000
0171    42.5   890.5     20.16     93.8    1011   177    15.84     -0.69     15.82    12   -10.5    1011     0   0   0   0      21.622  -112.237
0172    42.8  -999.0   -999.00   -999.0    -999   177    15.84     -0.70     15.83    12  -999.0    -999     0   0   0   0    -999.000  -999.000
0173    43.0   891.1     20.18     93.8    1005   177    15.85     -0.70     15.83    12   -10.5    1005     0   0   0   0      21.622  -112.237
0174    43.2  -999.0   -999.00   -999.0    -999   177    15.85     -0.71     15.84    12  -999.0    -999     0   0   0   0    -999.000  -999.000
0175    43.5   891.6     20.20     93.8    1000   177    15.86     -0.71     15.84    12   -10.6    1000     0   0   0   0      21.622  -112.237
0176    43.8  -999.0   -999.00   -999.0    -999   177    15.86     -0.72     15.85    12  -999.0    -999     0   0   0   0    -999.000  -999.000
0177    44.0   892.2     20.22     93.9     995   177    15.87     -0.72     15.85    12   -10.6     995     0   0   0   0      21.622  -112.237
0178    44.2  -999.0   -999.00   -999.0    -999   177    15.87     -0.72     15.85    12  -999.0    -999     0   0   0   0    -999.000  -999.000
0179    44.5   892.7     20.25     93.9     989   177    15.88     -0.73     15.86    12   -10.6     989     0   0   0   0      21.622  -112.237
0180    44.8  -999.0   -999.00   -999.0    -999   177    15.88     -0.73     15.86    12  -999.0    -999     0   0   0   0    -999.000  -999.000
0181    45.0   893.3     20.27     93.9     984   177    15.88     -0.74     15.87    12   -10.6     984     0   0   0   0      21.622  -112.237
0182    45.2  -999.0   -999.00   -999.0    -999   177    15.89     -0.74     15.87    12  -999.0    -999     0   0   0   0    -999.000  -999.000
0183    45.5   893.8     20.29     93.9     979   177    15.89     -0.75     15.87    12   -10.5     979     0   0   0   0      21.622  -112.237
0184    45.8  -999.0   -999.00   -999.0    -999   177    15.89     -0.75     15.88    12  -999.0    -999     0   0   0   0    -999.000  -999.000
0185    46.0   894.4     20.31     93.9     974   177    15.90     -0.76     15.88    12   -10.5     974     0   0   0   0      21.622  -112.237
0186    46.2  -999.0   -999.00   -999.0    -999   177    15.90     -0.76     15.88    12  -999.0    -999     0   0   0   0    -999.000  -999.000
0187    46.5   894.9     20.33     93.9     968   177    15.90     -0.77     15.89    12   -10.5     968     0   0   0   0      21.622  -112.237
0188    46.8  -999.0   -999.00   -999.0    -999   177    15.91     -0.77     15.89    12  -999.0    -999     0   0   0   0    -999.000  -999.000
0189    47.0   895.4     20.35     93.9     963   177    15.91     -0.78     15.89    12   -10.5     963     0   0   0   0      21.622  -112.237
0190    47.2  -999.0   -999.00   -999.0    -999   177    15.91     -0.78     15.89    12  -999.0    -999     0   0   0   0    -999.000  -999.000
0191    47.5   896.0     20.38     93.9     958   177    15.91     -0.78     15.89    12   -10.4     958     0   0   0   0      21.622  -112.237
0192    47.8  -999.0   -999.00   -999.0    -999   177    15.91     -0.78     15.89    12  -999.0    -999     0   0   0   0    -999.000  -999.000
0193    48.0   896.5     20.40     93.9     953   177    15.91     -0.78     15.89    12   -10.4     953     0   0   0   0      21.622  -112.237
0194    48.2  -999.0   -999.00   -999.0    -999  -999  -999.00   -999.00   -999.00     0  -999.0    -999     0   0   0   0    -999.000  -999.000
0195    48.5   897.0     20.42     93.9     947   177    15.91     -0.78     15.89    12   -10.4     947     0   0   0   0      21.622  -112.237
0196    48.8  -999.0   -999.00   -999.0    -999   177    15.90     -0.78     15.88    12  -999.0    -999     0   0   0   0    -999.000  -999.000
0197    49.0   897.6     20.44     93.9     942   177    15.90     -0.77     15.88    12   -10.4     942     0   0   0   0      21.622  -112.237
0198    49.2  -999.0   -999.00   -999.0    -999   177    15.89     -0.76     15.88    12  -999.0    -999     0   0   0   0    -999.000  -999.000
0199    49.5   898.1     20.46     93.9     937   177    15.89     -0.75     15.87    12   -10.4     937     0   0   0   0      21.623  -112.237
0200    49.8  -999.0   -999.00   -999.0    -999   177    15.89     -0.74     15.87    12  -999.0    -999     0   0   0   0    -999.000  -999.000
0201    50.0   898.7     20.48     93.9     932   177    15.88     -0.72     15.86    12   -10.4     932     0   0   0   0      21.623  -112.237
0202    50.2  -999.0   -999.00   -999.0    -999   177    15.88     -0.70     15.86    12  -999.0    -999     0   0   0   0    -999.000  -999.000
0203    50.5   899.2     20.50     93.9     926   178    15.87     -0.69     15.86    12   -10.4     926     0   0   0   0      21.623  -112.237
0204    50.8  -999.0   -999.00   -999.0    -999   178    15.87     -0.67     15.85    12  -999.0    -999     0   0   0   0    -999.000  -999.000
0205    51.0   899.7     20.52     94.0     921   178    15.86     -0.64     15.85    12   -10.4     921     0   0   0   0      21.623  -112.237
0206    51.2  -999.0   -999.00   -999.0    -999   178    15.86     -0.62     15.85    12  -999.0    -999     0   0   0   0    -999.000  -999.000
0207    51.5   900.3     20.54     94.0     916   178    15.85     -0.60     15.84    12   -10.4     916     0   0   0   0      21.623  -112.237
0208    51.8  -999.0   -999.00   -999.0    -999   178    15.85     -0.58     15.84    12  -999.0    -999     0   0   0   0    -999.000  -999.000
0209    52.0   900.8     20.56     94.0     911   178    15.85     -0.56     15.84    12   -10.4     911     0   0   0   0      21.623  -112.237
0210    52.2  -999.0   -999.00   -999.0    -999   178    15.85     -0.54     15.84    12  -999.0    -999     0   0   0   0    -999.000  -999.000
0211    52.5   901.4     20.58     94.0     906   178    15.85     -0.52     15.84    12   -10.3     906     0   0   0   0      21.623  -112.237
0212    52.8  -999.0   -999.00   -999.0    -999   178    15.85     -0.50     15.84    12  -999.0    -999     0   0   0   0    -999.000  -999.000
0213    53.0   901.9     20.59     94.0     901   178    15.85     -0.49     15.84    12   -10.3     901     0   0   0   0      21.623  -112.237
0214    53.2  -999.0   -999.00   -999.0    -999   178    15.86     -0.48     15.85    12  -999.0    -999     0   0   0   0    -999.000  -999.000
0215    53.5   902.4     20.61     94.0     895   178    15.86     -0.47     15.85    12   -10.2     895     0   0   0   0      21.623  -112.237
0216    53.8  -999.0   -999.00   -999.0    -999   178    15.87     -0.47     15.86    12  -999.0    -999     0   0   0   0    -999.000  -999.000
0217    54.0   903.0     20.62     94.0     890   178    15.87     -0.46     15.87    12   -10.2     890     0   0   0   0      21.623  -112.237
0218    54.2  -999.0   -999.00   -999.0    -999   178    15.88     -0.46     15.88    12  -999.0    -999     0   0   0   0    -999.000  -999.000
0219    54.5   903.5     20.64     93.9     885   178    15.89     -0.46     15.89    12   -10.1     885     0   0   0   0      21.623  -112.237
0220    54.8  -999.0   -999.00   -999.0    -999   178    15.90     -0.46     15.90    12  -999.0    -999     0   0   0   0    -999.000  -999.000
0221    55.0   904.0     20.65     93.9     880   178    15.91     -0.46     15.91    12   -10.1     880     0   0   0   0      21.623  -112.237
0222    55.2  -999.0   -999.00   -999.0    -999   178    15.93     -0.47     15.92    12  -999.0    -999     0   0   0   0    -999.000  -999.000
0223    55.5   904.5     20.67     93.9     875   178    15.94     -0.47     15.93    12   -10.1     875     0   0   0   0      21.623  -112.237
0224    55.8  -999.0   -999.00   -999.0    -999   178    15.95     -0.47     15.94    12  -999.0    -999     0   0   0   0    -999.000  -999.000
0225    56.0   905.1     20.68     93.9     870   178    15.96     -0.47     15.95    12   -10.1     870     0   0   0   0      21.623  -112.237
0226    56.2  -999.0   -999.00   -999.0    -999   178    15.97     -0.48     15.96    12  -999.0    -999     0   0   0   0    -999.000  -999.000
0227    56.5   905.6     20.70     93.9     865   178    15.98     -0.48     15.97    12   -10.1     865     0   0   0   0      21.624  -112.237
0228    56.8  -999.0   -999.00   -999.0    -999   178    15.99     -0.48     15.98    12  -999.0    -999     0   0   0   0    -999.000  -999.000
0229    57.0   906.1     20.71     93.9     860   178    15.99     -0.48     15.98    12   -10.1     860     0   0   0   0      21.624  -112.237
0230    57.2  -999.0   -999.00   -999.0    -999   178    16.00     -0.48     15.99    12  -999.0    -999     0   0   0   0    -999.000  -999.000
0231    57.5   906.6     20.72     94.0    -999  -999  -999.00   -999.00   -999.00    12   -10.2    -999     0   0   0   0    -999.000  -999.000
0232    57.8  -999.0   -999.00   -999.0    -999   178    16.00     -0.48     15.99    12  -999.0    -999     0   0   0   0    -999.000  -999.000
0233    58.0   907.2     20.74     94.0     849   178    16.00     -0.48     15.99    12   -10.2     849     0   0   0   0      21.624  -112.237
0234    58.2  -999.0   -999.00   -999.0    -999   178    16.00     -0.48     15.99    12  -999.0    -999     0   0   0   0    -999.000  -999.000
0235    58.5   907.7     20.76     94.0     844   178    15.99     -0.48     15.98    12   -10.3     844     0   0   0   0      21.624  -112.237
0236    58.8  -999.0   -999.00   -999.0    -999   178    15.98     -0.49     15.98    12  -999.0    -999     0   0   0   0    -999.000  -999.000
0237    59.0   908.2     20.77     94.0     839  -999  -999.00   -999.00   -999.00    12   -10.3     839     0   0   0   0      21.624  -112.237
0238    59.2  -999.0   -999.00   -999.0    -999   178    15.97     -0.49     15.96    12  -999.0    -999     0   0   0   0    -999.000  -999.000
0239    59.5   908.8     20.79     94.0     834   178    15.95     -0.50     15.95    12   -10.4     834     0   0   0   0      21.624  -112.238
0240    59.8  -999.0   -999.00   -999.0    -999   178    15.94     -0.50     15.94    12  -999.0    -999     0   0   0   0    -999.000  -999.000
0241    60.0   909.3     20.81     94.0     828   178    15.93     -0.51     15.92    12   -10.4     828     0   0   0   0      21.624  -112.238
0242    60.2  -999.0   -999.00   -999.0    -999   178    15.92     -0.52     15.91    12  -999.0    -999     0   0   0   0    -999.000  -999.000
0243    60.5   909.9     20.82     94.0     823   178    15.91     -0.53     15.91    12   -10.5     823     0   0   0   0      21.624  -112.238
0244    60.8  -999.0   -999.00   -999.0    -999   178    15.91     -0.54     15.90    12  -999.0    -999     0   0   0   0    -999.000  -999.000
0245    61.0   910.4     20.84     94.0     818   178    15.90     -0.55     15.89    12   -10.5     818     0   0   0   0      21.624  -112.238
0246    61.2  -999.0   -999.00   -999.0    -999   178    15.90     -0.56     15.89    12  -999.0    -999     0   0   0   0    -999.000  -999.000
0247    61.5   911.0     20.86     94.0     812   178    15.90     -0.57     15.89    12   -10.6     812     0   0   0   0      21.624  -112.238
0248    61.8  -999.0   -999.00   -999.0    -999   178    15.91     -0.58     15.90    12  -999.0    -999     0   0   0   0    -999.000  -999.000
0249    62.0   911.5     20.88     94.1     807   178    15.91     -0.58     15.90    12   -10.6     807     0   0   0   0      21.624  -112.238
0250    62.2  -999.0   -999.00   -999.0    -999   178    15.92     -0.59     15.91    12  -999.0    -999     0   0   0   0    -999.000  -999.000
0251    62.5   912.1     20.90     94.1     802   178    15.94     -0.60     15.93    12   -10.6     802     0   0   0   0      21.624  -112.238
0252    62.8  -999.0   -999.00   -999.0    -999   178    15.95     -0.61     15.94    12  -999.0    -999     0   0   0   0    -999.000  -999.000
0253    63.0   912.6     20.92     94.1     797   178    15.97     -0.62     15.95    12   -10.6     797     0   0   0   0      21.624  -112.238
0254    63.2  -999.0   -999.00   -999.0    -999   178    15.98     -0.62     15.97    12  -999.0    -999     0   0   0   0    -999.000  -999.000
0255    63.5   913.2     20.94     94.1     792   178    16.00     -0.62     15.99    12   -10.6     792     0   0   0   0      21.625  -112.238
0256    63.8  -999.0   -999.00   -999.0    -999   178    16.02     -0.63     16.01    12  -999.0    -999     0   0   0   0    -999.000  -999.000
0257    64.0   913.8     20.96     94.1     786   178    16.04     -0.63     16.02    12   -10.6     786     0   0   0   0      21.625  -112.238
0258    64.2  -999.0   -999.00   -999.0    -999   178    16.05     -0.63     16.04    12  -999.0    -999     0   0   0   0    -999.000  -999.000
0259    64.5   914.3     20.98     94.1     781   178    16.07     -0.64     16.06    12   -10.6     781     0   0   0   0      21.625  -112.238
0260    64.8  -999.0   -999.00   -999.0    -999   178    16.09     -0.64     16.07    12  -999.0    -999     0   0   0   0    -999.000  -999.000
0261    65.0   914.9     21.00     94.1     776   178    16.10     -0.64     16.09    12   -10.5     776     0   0   0   0      21.625  -112.238
0262    65.2  -999.0   -999.00   -999.0    -999   178    16.11     -0.64     16.10    12  -999.0    -999     0   0   0   0    -999.000  -999.000
0263    65.5   915.4     21.02     94.1     771   178    16.12     -0.65     16.11    12   -10.5     771     0   0   0   0      21.625  -112.238
0264    65.8  -999.0   -999.00   -999.0    -999   178    16.13     -0.65     16.12    12  -999.0    -999     0   0   0   0    -999.000  -999.000
0265    66.0   916.0     21.05     94.1     765   178    16.14     -0.65     16.13    12   -10.5     765     0   0   0   0      21.625  -112.238
0266    66.2  -999.0   -999.00   -999.0    -999   178    16.15     -0.66     16.13    12  -999.0    -999     0   0   0   0    -999.000  -999.000
0267    66.5   916.5     21.07     94.2     760   178    16.15     -0.66     16.14    12   -10.5     760     0   0   0   0      21.625  -112.238
0268    66.8  -999.0   -999.00   -999.0    -999   178    16.16     -0.66     16.14    12  -999.0    -999     0   0   0   0    -999.000  -999.000
0269    67.0   917.1     21.09     94.2     755   178    16.16     -0.67     16.14    12   -10.4     755     0   0   0   0      21.625  -112.238
0270    67.2  -999.0   -999.00   -999.0    -999   178    16.16     -0.67     16.15    12  -999.0    -999     0   0   0   0    -999.000  -999.000
0271    67.5   917.6     21.11     94.2     750   178    16.16     -0.67     16.15    12   -10.4     750     0   0   0   0      21.625  -112.238
0272    67.8  -999.0   -999.00   -999.0    -999   178    16.16     -0.67     16.15    12  -999.0    -999     0   0   0   0    -999.000  -999.000
0273    68.0   918.2     21.13     94.2     745   178    16.17     -0.67     16.15    12   -10.4     745     0   0   0   0      21.625  -112.238
0274    68.2  -999.0   -999.00   -999.0    -999   178    16.17     -0.67     16.16    12  -999.0    -999     0   0   0   0    -999.000  -999.000
0275    68.5   918.7     21.15     94.2     739   178    16.18     -0.67     16.16    12   -10.4     739     0   0   0   0      21.625  -112.238
0276    68.8  -999.0   -999.00   -999.0    -999   178    16.18     -0.67     16.17    12  -999.0    -999     0   0   0   0    -999.000  -999.000
0277    69.0   919.3     21.17     94.2     734   178    16.20     -0.67     16.18    12   -10.4     734     0   0   0   0      21.625  -112.238
0278    69.2  -999.0   -999.00   -999.0    -999   178    16.21     -0.66     16.19    12  -999.0    -999     0   0   0   0    -999.000  -999.000
0279    69.5   919.8     21.19     94.2     729   178    16.22     -0.65     16.21    12   -10.3     729     0   0   0   0      21.625  -112.238
0280    69.8  -999.0   -999.00   -999.0    -999   178    16.23     -0.64     16.22    12  -999.0    -999     0   0   0   0    -999.000  -999.000
0281    70.0   920.4     21.21     94.2     724   178    16.25     -0.63     16.23    12   -10.3     724     0   0   0   0      21.625  -112.238
0282    70.2  -999.0   -999.00   -999.0    -999   178    16.26     -0.62     16.25    12  -999.0    -999     0   0   0   0    -999.000  -999.000
0283    70.5   920.9     21.23     94.2     719   178    16.27     -0.60     16.26    12   -10.3     719     0   0   0   0      21.626  -112.238
0284    70.8  -999.0   -999.00   -999.0    -999   178    16.29     -0.59     16.28    12  -999.0    -999     0   0   0   0    -999.000  -999.000
0285    71.0   921.5     21.25     94.2     713   178    16.30     -0.57     16.29    12   -10.3     713     0   0   0   0      21.626  -112.238
0286    71.2  -999.0   -999.00   -999.0    -999   178    16.31     -0.55     16.30    12  -999.0    -999     0   0   0   0    -999.000  -999.000
0287    71.5   922.0     21.27     94.2     708   178    16.32     -0.53     16.32    12   -10.3     708     0   0   0   0      21.626  -112.238
0288    71.8  -999.0   -999.00   -999.0    -999   178    16.34     -0.52     16.33    12  -999.0    -999     0   0   0   0    -999.000  -999.000
0289    72.0   922.5     21.29     94.2     703   178    16.35     -0.50     16.34    12   -10.3     703     0   0   0   0      21.626  -112.238
0290    72.2  -999.0   -999.00   -999.0    -999   178    16.36     -0.48     16.35    12  -999.0    -999     0   0   0   0    -999.000  -999.000
0291    72.5   923.1     21.31     94.2     698   178    16.36     -0.47     16.36    12   -10.3     698     0   0   0   0      21.626  -112.238
0292    72.8  -999.0   -999.00   -999.0    -999   178    16.37     -0.45     16.36    12  -999.0    -999     0   0   0   0    -999.000  -999.000
0293    73.0   923.6     21.33     94.2     693   178    16.38     -0.44     16.37    12   -10.3     693     0   0   0   0      21.626  -112.238
0294    73.2  -999.0   -999.00   -999.0    -999   179    16.38     -0.43     16.38    12  -999.0    -999     0   0   0   0    -999.000  -999.000
0295    73.5   924.2     21.35     94.2     688   179    16.39     -0.42     16.38    12   -10.3     688     0   0   0   0      21.626  -112.238
0296    73.8  -999.0   -999.00   -999.0    -999   179    16.39     -0.41     16.39    12  -999.0    -999     0   0   0   0    -999.000  -999.000
0297    74.0   924.7     21.36     94.2     683   179    16.40     -0.40     16.39    12   -10.3     683     0   0   0   0      21.626  -112.238
0298    74.2  -999.0   -999.00   -999.0    -999   179    16.40     -0.40     16.39    12  -999.0    -999     0   0   0   0    -999.000  -999.000
0299    74.5   925.3     21.38     94.2     677   179    16.40     -0.40     16.39    12   -10.3     677     0   0   0   0      21.626  -112.238
0300    74.8  -999.0   -999.00   -999.0    -999   179    16.40     -0.40     16.39    12  -999.0    -999     0   0   0   0    -999.000  -999.000
0301    75.0   925.8     21.40     94.2     672   179    16.40     -0.40     16.39    12   -10.3     672     0   0   0   0      21.626  -112.238
0302    75.2  -999.0   -999.00   -999.0    -999   179    16.39     -0.40     16.39    12  -999.0    -999     0   0   0   0    -999.000  -999.000
0303    75.5   926.4     21.42     94.2     667   179    16.39     -0.41     16.39    12   -10.2     667     0   0   0   0      21.626  -112.238
0304    75.8  -999.0   -999.00   -999.0    -999   179    16.39     -0.42     16.38    12  -999.0    -999     0   0   0   0    -999.000  -999.000
0305    76.0   926.9     21.44     94.2     662   179    16.38     -0.43     16.37    12   -10.2     662     0   0   0   0      21.626  -112.238
0306    76.2  -999.0   -999.00   -999.0    -999   178    16.37     -0.44     16.37    12  -999.0    -999     0   0   0   0    -999.000  -999.000
0307    76.5   927.5     21.46     94.2     657   178    16.36     -0.45     16.36    12   -10.1     657     0   0   0   0      21.626  -112.238
0308    76.8  -999.0   -999.00   -999.0    -999   178    16.36     -0.46     16.35    12  -999.0    -999     0   0   0   0    -999.000  -999.000
0309    77.0   928.0     21.48     94.2     652   178    16.35     -0.47     16.34    12   -10.1     652     0   0   0   0      21.627  -112.238
0310    77.2  -999.0   -999.00   -999.0    -999   178    16.34     -0.48     16.33    12  -999.0    -999     0   0   0   0    -999.000  -999.000
0311    77.5   928.5     21.50     94.3     647   178    16.33     -0.50     16.32    12   -10.1     647     0   0   0   0      21.627  -112.238
0312    77.8  -999.0   -999.00   -999.0    -999   178    16.32     -0.51     16.31    12  -999.0    -999     0   0   0   0    -999.000  -999.000
0313    78.0   929.1     21.52     94.3     642   178    16.31     -0.51     16.30    12   -10.0     642     0   0   0   0      21.627  -112.238
0314    78.2  -999.0   -999.00   -999.0    -999   178    16.31     -0.52     16.30    12  -999.0    -999     0   0   0   0    -999.000  -999.000
0315    78.5   929.6     21.54     94.3     637   178    16.30     -0.53     16.29    12   -10.0     637     0   0   0   0      21.627  -112.238
0316    78.8  -999.0   -999.00   -999.0    -999   178    16.29     -0.53     16.29    12  -999.0    -999     0   0   0   0    -999.000  -999.000
0317    79.0   930.1     21.56     94.3     631   178    16.29     -0.54     16.28    12   -10.0     631     0   0   0   0      21.627  -112.238
0318    79.2  -999.0   -999.00   -999.0    -999   178    16.29     -0.54     16.28    12  -999.0    -999     0   0   0   0    -999.000  -999.000
0319    79.5   930.7     21.57     94.3     626   178    16.29     -0.54     16.28    12   -10.0     626     0   0   0   0      21.627  -112.238
0320    79.8  -999.0   -999.00   -999.0    -999   178    16.29     -0.55     16.28    12  -999.0    -999     0   0   0   0    -999.000  -999.000
0321    80.0   931.2     21.59     94.3     621   178    16.29     -0.55     16.28    12   -10.1     621     0   0   0   0      21.627  -112.238
0322    80.2  -999.0   -999.00   -999.0    -999  -999  -999.00   -999.00   -999.00    12  -999.0    -999     0   0   0   0    -999.000  -999.000
0323    80.5   931.7     21.61     94.3     616   178    16.30     -0.55     16.29    12   -10.1     616     0   0   0   0      21.627  -112.238
0324    80.8  -999.0   -999.00   -999.0    -999   178    16.30     -0.55     16.29    12  -999.0    -999     0   0   0   0    -999.000  -999.000
0325    81.0   932.3     21.63     94.3     611   178    16.31     -0.56     16.30    12   -10.1     611     0   0   0   0      21.627  -112.238
0326    81.2  -999.0   -999.00   -999.0    -999   178    16.32     -0.56     16.31    12  -999.0    -999     0   0   0   0    -999.000  -999.000
0327    81.5   932.8     21.65     94.3     606   178    16.34     -0.56     16.33    12   -10.1     606     0   0   0   0      21.627  -112.238
0328    81.8  -999.0   -999.00   -999.0    -999   178    16.35     -0.57     16.34    12  -999.0    -999     0   0   0   0    -999.000  -999.000
0329    82.0   933.4     21.67     94.3     601   178    16.36     -0.57     16.35    12   -10.2     601     0   0   0   0      21.627  -112.238
0330    82.2  -999.0   -999.00   -999.0    -999   178    16.38     -0.57     16.37    12  -999.0    -999     0   0   0   0    -999.000  -999.000
0331    82.5   933.9     21.68     94.3     596   178    16.39     -0.57     16.38    12   -10.2     596     0   0   0   0      21.627  -112.238
0332    82.8  -999.0   -999.00   -999.0    -999   178    16.41     -0.57     16.40    12  -999.0    -999     0   0   0   0    -999.000  -999.000
0333    83.0   934.5     21.70     94.3     591   178    16.42     -0.57     16.41    12   -10.2     591     0   0   0   0      21.627  -112.238
0334    83.2  -999.0   -999.00   -999.0    -999   178    16.43     -0.56     16.42    12  -999.0    -999     0   0   0   0    -999.000  -999.000
0335    83.5   935.0     21.72     94.3     586   178    16.45     -0.56     16.44    12   -10.1     586     0   0   0   0      21.627  -112.238
0336    83.8  -999.0   -999.00   -999.0    -999   178    16.46     -0.55     16.45    12  -999.0    -999     0   0   0   0    -999.000  -999.000
0337    84.0   935.6     21.74     94.3     581   178    16.46     -0.54     16.45    12   -10.1     581     0   0   0   0      21.628  -112.238
0338    84.2  -999.0   -999.00   -999.0    -999   178    16.47     -0.53     16.46    12  -999.0    -999     0   0   0   0    -999.000  -999.000
0339    84.5   936.1     21.75     94.3     576   178    16.47     -0.52     16.46    12   -10.1     576     0   0   0   0      21.628  -112.238
0340    84.8  -999.0   -999.00   -999.0    -999   178    16.47     -0.50     16.46    12  -999.0    -999     0   0   0   0    -999.000  -999.000
0341    85.0   936.7     21.77     94.3     570   178    16.47     -0.49     16.46    12   -10.1     570     0   0   0   0      21.628  -112.238
0342    85.2  -999.0   -999.00   -999.0    -999   178    16.46     -0.47     16.46    12  -999.0    -999     0   0   0   0    -999.000  -999.000
0343    85.5   937.2     21.78     94.3     566   178    16.46     -0.45     16.45    12   -10.0     566     0   0   0   0      21.628  -112.238
0344    85.8  -999.0   -999.00   -999.0    -999   179    16.45     -0.42     16.44    12  -999.0    -999     0   0   0   0    -999.000  -999.000
0345    86.0   937.7     21.80     94.3     560   179    16.43     -0.40     16.43    12   -10.0     560     0   0   0   0      21.628  -112.238
0346    86.2  -999.0   -999.00   -999.0    -999   179    16.42     -0.37     16.41    12  -999.0    -999     0   0   0   0    -999.000  -999.000
0347    86.5   938.3     21.81     94.3     555   179    16.40     -0.34     16.40    12   -10.1     555     0   0   0   0      21.628  -112.238
0348    86.8  -999.0   -999.00   -999.0    -999   179    16.38     -0.31     16.38    12  -999.0    -999     0   0   0   0    -999.000  -999.000
0349    87.0   938.8     21.82     94.3     550   179    16.36     -0.29     16.35    12   -10.1     550     0   0   0   0      21.628  -112.238
0350    87.2  -999.0   -999.00   -999.0    -999   179    16.33     -0.26     16.33    12  -999.0    -999     0   0   0   0    -999.000  -999.000
0351    87.5   939.3     21.84     94.3     545   179    16.31     -0.23     16.31    12   -10.1     545     0   0   0   0      21.628  -112.238
0352    87.8  -999.0   -999.00   -999.0    -999   179    16.29     -0.20     16.29    12  -999.0    -999     0   0   0   0    -999.000  -999.000
0353    88.0   939.9     21.86     94.3     540   179    16.27     -0.18     16.26    12   -10.2     540     0   0   0   0      21.628  -112.238
0354    88.2  -999.0   -999.00   -999.0    -999   179    16.24     -0.15     16.24    12  -999.0    -999     0   0   0   0    -999.000  -999.000
0355    88.5   940.4     21.87     94.3     535   180    16.22     -0.13     16.22    12   -10.3     535     0   0   0   0      21.628  -112.238
0356    88.8  -999.0   -999.00   -999.0    -999   180    16.20     -0.11     16.20    12  -999.0    -999     0   0   0   0    -999.000  -999.000
0357    89.0   941.0     21.89     94.3     530   180    16.18     -0.09     16.18    12   -10.3     530     0   0   0   0      21.628  -112.238
0358    89.2  -999.0   -999.00   -999.0    -999   180    16.16     -0.07     16.16    12  -999.0    -999     0   0   0   0    -999.000  -999.000
0359    89.5   941.5     21.91     94.3     525   180    16.14     -0.05     16.14    12   -10.3     525     0   0   0   0      21.628  -112.238
0360    89.8  -999.0   -999.00   -999.0    -999   180    16.12     -0.03     16.12    12  -999.0    -999     0   0   0   0    -999.000  -999.000
0361    90.0   942.1     21.92     94.4     519   180    16.11     -0.02     16.11    12   -10.4     519     0   0   0   0      21.628  -112.238
0362    90.2  -999.0   -999.00   -999.0    -999   180    16.09      0.00     16.09    12  -999.0    -999     0   0   0   0    -999.000  -999.000
0363    90.5   942.7     21.94     94.4     514   180    16.08      0.02     16.08    12   -10.4     514     0   0   0   0      21.629  -112.238
0364    90.8  -999.0   -999.00   -999.0    -999   180    16.07      0.04     16.07    12  -999.0    -999     0   0   0   0    -999.000  -999.000
0365    91.0   943.2     21.96     94.4     509   180    16.06      0.06     16.06    12   -10.4     509     0   0   0   0      21.629  -112.238
0366    91.2  -999.0   -999.00   -999.0    -999   180    16.05      0.08     16.05    12  -999.0    -999     0   0   0   0    -999.000  -999.000
0367    91.5   943.8     21.98     94.4     504   180    16.04      0.11     16.04    12   -10.4     504     0   0   0   0      21.629  -112.238
0368    91.8  -999.0   -999.00   -999.0    -999   180    16.03      0.14     16.03    12  -999.0    -999     0   0   0   0    -999.000  -999.000
0369    92.0   944.4     22.00     94.4     498   181    16.03      0.17     16.03    12   -10.4     498     0   0   0   0      21.629  -112.238
0370    92.2  -999.0   -999.00   -999.0    -999   181    16.02      0.20     16.02    12  -999.0    -999     0   0   0   0    -999.000  -999.000
0371    92.5   944.9     22.02     94.4     493   181    16.01      0.24     16.01    12   -10.4     493     0   0   0   0      21.629  -112.238
0372    92.8  -999.0   -999.00   -999.0    -999  -999  -999.00   -999.00   -999.00    12  -999.0    -999     0   0   0   0    -999.000  -999.000
0373    93.0   945.5     22.04     94.4     488   181    16.00      0.32     16.00    12   -10.4     488     0   0   0   0      21.629  -112.238
0374    93.2  -999.0   -999.00   -999.0    -999   181    15.99      0.37     15.99    12  -999.0    -999     0   0   0   0    -999.000  -999.000
0375    93.5   946.0     22.05     94.4     483   181    15.98      0.42     15.98    12   -10.3     483     0   0   0   0      21.629  -112.238
0376    93.8  -999.0   -999.00   -999.0    -999   182    15.97      0.47     15.96    12  -999.0    -999     0   0   0   0    -999.000  -999.000
0377    94.0   946.6     22.07     94.4     478   182    15.96      0.52     15.95    12   -10.3     478     0   0   0   0      21.629  -112.238
0378    94.2  -999.0   -999.00   -999.0    -999   182    15.95      0.57     15.94    12  -999.0    -999     0   0   0   0    -999.000  -999.000
0379    94.5   947.2     22.09     94.4     473   182    15.93      0.62     15.92    12   -10.3     473     0   0   0   0      21.629  -112.238
0380    94.8  -999.0   -999.00   -999.0    -999   182    15.92      0.67     15.91    11  -999.0    -999     0   0   0   0    -999.000  -999.000
0381    95.0   947.7     22.10     94.4     467   183    15.91      0.72     15.89    11   -10.3     467     0   0   0   0      21.629  -112.238
0382    95.2  -999.0   -999.00   -999.0    -999   183    15.89      0.77     15.88    12  -999.0    -999     0   0   0   0    -999.000  -999.000
0383    95.5   948.3     22.12     94.4     462   183    15.88      0.81     15.86    12   -10.3     462     0   0   0   0      21.629  -112.238
0384    95.8  -999.0   -999.00   -999.0    -999   183    15.87      0.86     15.85    12  -999.0    -999     0   0   0   0    -999.000  -999.000
0385    96.0   948.8     22.13     94.4     457   183    15.86      0.90     15.83    11   -10.2     457     0   0   0   0      21.629  -112.238
0386    96.2  -999.0   -999.00   -999.0    -999   183    15.84      0.94     15.82    12  -999.0    -999     0   0   0   0    -999.000  -999.000
0387    96.5   949.4     22.15     94.4     452   184    15.83      0.97     15.80    12   -10.2     452     0   0   0   0      21.629  -112.238
0388    96.8  -999.0   -999.00   -999.0    -999   184    15.82      1.01     15.79    11  -999.0    -999     0   0   0   0    -999.000  -999.000
0389    97.0   949.9     22.16     94.4     447   184    15.81      1.04     15.78    12   -10.2     447     0   0   0   0      21.629  -112.238
0390    97.2  -999.0   -999.00   -999.0    -999   184    15.80      1.07     15.76    12  -999.0    -999     0   0   0   0    -999.000  -999.000
0391    97.5   950.5     22.17     94.4     442   184    15.79      1.10     15.75    12   -10.2     442     0   0   0   0      21.630  -112.238
0392    97.8  -999.0   -999.00   -999.0    -999   184    15.78      1.13     15.74    12  -999.0    -999     0   0   0   0    -999.000  -999.000
0393    98.0   951.1     22.19     94.4     436   184    15.77      1.15     15.73    12   -10.2     436     0   0   0   0      21.630  -112.238
0394    98.2  -999.0   -999.00   -999.0    -999   184    15.77      1.18     15.72    12  -999.0    -999     0   0   0   0    -999.000  -999.000
0395    98.5   951.6     22.20     94.5     431   184    15.76      1.20     15.71    12   -10.2     431     0   0   0   0      21.630  -112.238
0396    98.8  -999.0   -999.00   -999.0    -999   184    15.75      1.22     15.71    12  -999.0    -999     0   0   0   0    -999.000  -999.000
0397    99.0   952.2     22.22     94.5     426   185    15.75      1.25     15.70    12   -10.2     426     0   0   0   0      21.630  -112.238
0398    99.2  -999.0   -999.00   -999.0    -999   185    15.75      1.27     15.70    12  -999.0    -999     0   0   0   0    -999.000  -999.000
0399    99.5   952.7     22.23     94.5     421   185    15.75      1.29     15.69    12   -10.3     421     0   0   0   0      21.630  -112.238
0400    99.8  -999.0   -999.00   -999.0    -999   185    15.74      1.31     15.69    12  -999.0    -999     0   0   0   0    -999.000  -999.000
0401   100.0   953.3     22.24     94.5     415   185    15.75      1.34     15.69    11   -10.3     415     0   0   0   0      21.630  -112.238
0402   100.2  -999.0   -999.00   -999.0    -999   185    15.75      1.36     15.69    12  -999.0    -999     0   0   0   0    -999.000  -999.000
0403   100.5   953.8     22.25     94.5     410   185    15.75      1.38     15.69    12   -10.3     410     0   0   0   0      21.630  -112.238
0404   100.8  -999.0   -999.00   -999.0    -999   185    15.76      1.41     15.70    11  -999.0    -999     0   0   0   0    -999.000  -999.000
0405   101.0   954.4     22.26     94.5     405   185    15.77      1.43     15.71    12   -10.4     405     0   0   0   0      21.630  -112.238
0406   101.2  -999.0   -999.00   -999.0    -999  -999  -999.00   -999.00   -999.00    12  -999.0    -999     0   0   0   0    -999.000  -999.000
0407   101.5   955.0     22.28     94.4     400   185    15.80      1.46     15.73    12   -10.4     400     0   0   0   0      21.630  -112.238
0408   101.8  -999.0   -999.00   -999.0    -999   185    15.81      1.48     15.74    12  -999.0    -999     0   0   0   0    -999.000  -999.000
0409   102.0   955.6     22.29     94.4     395   185    15.83      1.49     15.76    12   -10.4     395     0   0   0   0      21.630  -112.238
0410   102.2  -999.0   -999.00   -999.0    -999   185    15.85      1.50     15.78    12  -999.0    -999     0   0   0   0    -999.000  -999.000
0411   102.5   956.1     22.30     94.4     390   185    15.88      1.51     15.80    12   -10.4     390     0   0   0   0      21.630  -112.238
0412   102.8  -999.0   -999.00   -999.0    -999   185    15.90      1.51     15.83    12  -999.0    -999     0   0   0   0    -999.000  -999.000
0413   103.0   956.7     22.31     94.4     384   185    15.92      1.51     15.85    12   -10.4     384     0   0   0   0      21.630  -112.238
0414   103.2  -999.0   -999.00   -999.0    -999   185    15.94      1.50     15.87    12  -999.0    -999     0   0   0   0    -999.000  -999.000
0415   103.5   957.3     22.31     94.4     379   185    15.97      1.49     15.90    12   -10.4     379     0   0   0   0      21.630  -112.238
0416   103.8  -999.0   -999.00   -999.0    -999   185    15.99      1.48     15.92    12  -999.0    -999     0   0   0   0    -999.000  -999.000
0417   104.0   957.8     22.32     94.4     374   185    16.02      1.46     15.95    12   -10.3     374     0   0   0   0      21.630  -112.238
0418   104.2  -999.0   -999.00   -999.0    -999   185    16.04      1.43     15.97    12  -999.0    -999     0   0   0   0    -999.000  -999.000
0419   104.5   958.4     22.33     94.4     369   185    16.06      1.40     16.00    12   -10.3     369     0   0   0   0      21.631  -112.238
0420   104.8  -999.0   -999.00   -999.0    -999   185    16.08      1.37     16.02    12  -999.0    -999     0   0   0   0    -999.000  -999.000
0421   105.0   959.0     22.33     94.4     364   185    16.10      1.32     16.04    12   -10.3     364     0   0   0   0      21.631  -112.238
0422   105.2  -999.0   -999.00   -999.0    -999   185    16.12      1.28     16.07    12  -999.0    -999     0   0   0   0    -999.000  -999.000
0423   105.5   959.5     22.34     94.3     359   184    16.14      1.23     16.09    12   -10.2     359     0   0   0   0      21.631  -112.238
0424   105.8  -999.0   -999.00   -999.0    -999   184    16.15      1.17     16.11    12  -999.0    -999     0   0   0   0    -999.000  -999.000
0425   106.0   960.1     22.34     94.3     354   184    16.17      1.11     16.13    12   -10.2     354     0   0   0   0      21.631  -112.238
0426   106.2  -999.0   -999.00   -999.0    -999   184    16.19      1.05     16.15    12  -999.0    -999     0   0   0   0    -999.000  -999.000
0427   106.5   960.6     22.35     94.3     349   183    16.20      0.99     16.17    12   -10.1     349     0   0   0   0      21.631  -112.238
0428   106.8  -999.0   -999.00   -999.0    -999   183    16.22      0.92     16.19    12  -999.0    -999     0   0   0   0    -999.000  -999.000
0429   107.0   961.2     22.35     94.3     344   183    16.24      0.85     16.21    12   -10.1     344     0   0   0   0      21.631  -112.238
0430   107.2  -999.0   -999.00   -999.0    -999   183    16.25      0.78     16.23    12  -999.0    -999     0   0   0   0    -999.000  -999.000
0431   107.5   961.8     22.36     94.3     339   183    16.27      0.71     16.26    12   -10.1     339     0   0   0   0      21.631  -112.237
0432   107.8  -999.0   -999.00   -999.0    -999   182    16.29      0.64     16.28    12  -999.0    -999     0   0   0   0    -999.000  -999.000
0433   108.0   962.3     22.36     94.3     334   182    16.32      0.58     16.31    12   -10.1     334     0   0   0   0      21.631  -112.237
0434   108.2  -999.0   -999.00   -999.0    -999   182    16.34      0.51     16.34    12  -999.0    -999     0   0   0   0    -999.000  -999.000
0435   108.5   962.9     22.37     94.3     329   182    16.37      0.44     16.37    12   -10.1     329     0   0   0   0      21.631  -112.237
0436   108.8  -999.0   -999.00   -999.0    -999   181    16.40      0.37     16.40    11  -999.0    -999     0   0   0   0    -999.000  -999.000
0437   109.0   963.4     22.37     94.4     323   181    16.44      0.31     16.44    12   -10.1     323     0   0   0   0      21.631  -112.237
0438   109.2  -999.0   -999.00   -999.0    -999   181    16.48      0.25     16.47    12  -999.0    -999     0   0   0   0    -999.000  -999.000
0439   109.5   964.0     22.38     94.4     318   181    16.52      0.18     16.52    11   -10.1     318     0   0   0   0      21.631  -112.237
0440   109.8  -999.0   -999.00   -999.0    -999  -999  -999.00   -999.00   -999.00    11  -999.0    -999     0   0   0   0    -999.000  -999.000
0441   110.0   964.5     22.39     94.4     313   180    16.61      0.07     16.61    12   -10.1     313     0   0   0   0      21.631  -112.237
0442   110.2  -999.0   -999.00   -999.0    -999   180    16.66      0.01     16.66    12  -999.0    -999     0   0   0   0    -999.000  -999.000
0443   110.5   965.1     22.40     94.4     308   180    16.72     -0.04     16.72    12   -10.1     308     0   0   0   0      21.631  -112.237
0444   110.8  -999.0   -999.00   -999.0    -999   180    16.78     -0.08     16.78    12  -999.0    -999     0   0   0   0    -999.000  -999.000
0445   111.0   965.6     22.41     94.5     303   180    16.84     -0.12     16.84    12   -10.2     303     0   0   0   0      21.631  -112.237
0446   111.2  -999.0   -999.00   -999.0    -999   179    16.90     -0.16     16.90    12  -999.0    -999     0   0   0   0    -999.000  -999.000
0447   111.5   966.2     22.43     94.5     298   179    16.96     -0.19     16.96    11   -10.2     298     0   0   0   0      21.632  -112.237
0448   111.8  -999.0   -999.00   -999.0    -999   179    17.03     -0.21     17.03    12  -999.0    -999     0   0   0   0    -999.000  -999.000
0449   112.0   966.8     22.45     94.5     293   179    17.09     -0.23     17.09    12   -10.2     293     0   0   0   0      21.632  -112.237
0450   112.2  -999.0   -999.00   -999.0    -999   179    17.15     -0.24     17.15    12  -999.0    -999     0   0   0   0    -999.000  -999.000
0451   112.5   967.3     22.47     94.6     288   179    17.21     -0.25     17.21    12   -10.2     288     0   0   0   0      21.632  -112.237
0452   112.8  -999.0   -999.00   -999.0    -999   179    17.26     -0.25     17.26    12  -999.0    -999     0   0   0   0    -999.000  -999.000
0453   113.0   967.9     22.49     94.6     283   179    17.31     -0.25     17.31    12   -10.2     283     0   0   0   0      21.632  -112.237
0454   113.2  -999.0   -999.00   -999.0    -999   179    17.36     -0.25     17.36    12  -999.0    -999     0   0   0   0    -999.000  -999.000
0455   113.5   968.5     22.51     94.6    -999  -999  -999.00   -999.00   -999.00    12   -10.3    -999     0   0   0   0    -999.000  -999.000
0456   113.8  -999.0   -999.00   -999.0    -999   179    17.44     -0.25     17.44    12  -999.0    -999     0   0   0   0    -999.000  -999.000
0457   114.0   969.0     22.53     94.6     273   179    17.47     -0.24     17.47    12   -10.2     273     0   0   0   0      21.632  -112.237
0458   114.2  -999.0   -999.00   -999.0    -999   179    17.50     -0.25     17.50    12  -999.0    -999     0   0   0   0    -999.000  -999.000
0459   114.5   969.6     22.54     94.6     268   179    17.53     -0.24     17.52    11   -10.2     268     0   0   0   0      21.632  -112.237
0460   114.8  -999.0   -999.00   -999.0    -999   179    17.55     -0.24     17.54    11  -999.0    -999     0   0   0   0    -999.000  -999.000
0461   115.0   970.2     22.56     94.6     263   179    17.56     -0.24     17.56    12   -10.2     263     0   0   0   0      21.632  -112.237
0462   115.2  -999.0   -999.00   -999.0    -999   179    17.57     -0.25     17.57    11  -999.0    -999     0   0   0   0    -999.000  -999.000
0463   115.5   970.7     22.57     94.6     257   179    17.58     -0.28     17.58    11   -10.2     257     0   0   0   0      21.632  -112.237
0464   115.8  -999.0   -999.00   -999.0    -999   179    17.58     -0.31     17.58    11  -999.0    -999     0   0   0   0    -999.000  -999.000
0465   116.0   971.3     22.58     94.6     252   179    17.59     -0.35     17.59    12   -10.1     252     0   0   0   0      21.632  -112.237
0466   116.2  -999.0   -999.00   -999.0    -999   179    17.59     -0.40     17.59    12  -999.0    -999     0   0   0   0    -999.000  -999.000
0467   116.5   971.9     22.59     94.6     247   179    17.60     -0.45     17.59    11   -10.1     247     0   0   0   0      21.632  -112.237
0468   116.8  -999.0   -999.00   -999.0    -999   178    17.59     -0.50     17.59    11  -999.0    -999     0   0   0   0    -999.000  -999.000
0469   117.0   972.4     22.59     94.6     242   178    17.59     -0.55     17.58    12   -10.1     242     0   0   0   0      21.632  -112.237
0470   117.2  -999.0   -999.00   -999.0    -999   178    17.57     -0.58     17.56    12  -999.0    -999     0   0   0   0    -999.000  -999.000
0471   117.5   973.0     22.60     94.6     237   178    17.55     -0.61     17.54    11   -10.0     237     0   0   0   0      21.632  -112.237
0472   117.8  -999.0   -999.00   -999.0    -999   178    17.51     -0.62     17.50    11  -999.0    -999     0   0   0   0    -999.000  -999.000
0473   118.0   973.5     22.61     94.6     231   178    17.46     -0.62     17.45    11   -10.0     231     0   0   0   0      21.633  -112.237
0474   118.2  -999.0   -999.00   -999.0    -999   178    17.40     -0.61     17.39    12  -999.0    -999     0   0   0   0    -999.000  -999.000
0475   118.5   974.1     22.61     94.6    -999  -999  -999.00   -999.00   -999.00     0   -10.0    -999     0   0   0   0    -999.000  -999.000
0476  9999.0  -999.0   -999.00   -999.0    -999  -999  -999.00   -999.00   -999.00     2  -999.0    -999     0   0   0   0    -999.000  -999.000
0477  9999.0  -999.0   -999.00   -999.0    -999  -999  -999.00   -999.00   -999.00     0  -999.0    -999     0   0   0   0    -999.000  -999.000
0478  9999.0  -999.0   -999.00   -999.0    -999  -999  -999.00   -999.00   -999.00     0  -999.0    -999     0   0   0   0    -999.000  -999.000
0479  9999.0  -999.0   -999.00   -999.0    -999  -999  -999.00   -999.00   -999.00     0  -999.0    -999     0   0   0   0    -999.000  -999.000
0480  9999.0  -999.0   -999.00   -999.0    -999  -999  -999.00   -999.00   -999.00     0  -999.0    -999     0   0   0   0    -999.000  -999.000
0481  9999.0  -999.0   -999.00   -999.0    -999  -999  -999.00   -999.00   -999.00     0  -999.0    -999     0   0   0   0    -999.000  -999.000
0482  9999.0  -999.0   -999.00   -999.0    -999  -999  -999.00   -999.00   -999.00     0  -999.0    -999     0   0   0   0    -999.000  -999.000
0483  9999.0  -999.0   -999.00   -999.0    -999  -999  -999.00   -999.00   -999.00     0  -999.0    -999     0   0   0   0    -999.000  -999.000
0484  9999.0  -999.0   -999.00   -999.0    -999  -999  -999.00   -999.00   -999.00     0  -999.0    -999     0   0   0   0    -999.000  -999.000
0485  9999.0  -999.0   -999.00   -999.0    -999  -999  -999.00   -999.00   -999.00     0  -999.0    -999     0   0   0   0    -999.000  -999.000
0486  9999.0  -999.0   -999.00   -999.0    -999  -999  -999.00   -999.00   -999.00     0  -999.0    -999     0   0   0   0    -999.000  -999.000
0487  9999.0  -999.0   -999.00   -999.0    -999  -999  -999.00   -999.00   -999.00     0  -999.0    -999     0   0   0   0    -999.000  -999.000
0488  9999.0  -999.0   -999.00   -999.0    -999  -999  -999.00   -999.00   -999.00     0  -999.0    -999     0   0   0   0    -999.000  -999.000
0489  9999.0  -999.0   -999.00   -999.0    -999  -999  -999.00   -999.00   -999.00     0  -999.0    -999     0   0   0   0    -999.000  -999.000
0490  9999.0  -999.0   -999.00   -999.0    -999  -999  -999.00   -999.00   -999.00     0  -999.0    -999     0   0   0   0    -999.000  -999.000
0491  9999.0  -999.0   -999.00   -999.0    -999  -999  -999.00   -999.00   -999.00     0  -999.0    -999     0   0   0   0    -999.000  -999.000
0492  9999.0  -999.0   -999.00   -999.0    -999  -999  -999.00   -999.00   -999.00     0  -999.0    -999     0   0   0   0    -999.000  -999.000
0493  9999.0  -999.0   -999.00   -999.0    -999  -999  -999.00   -999.00   -999.00     0  -999.0    -999     0   0   0   0    -999.000  -999.000
0494  9999.0  -999.0   -999.00   -999.0    -999  -999  -999.00   -999.00   -999.00     0  -999.0    -999     0   0   0   0    -999.000  -999.000
0495  9999.0  -999.0   -999.00   -999.0    -999  -999  -999.00   -999.00   -999.00     0  -999.0    -999     0   0   0   0    -999.000  -999.000
0496  9999.0  -999.0   -999.00   -999.0    -999  -999  -999.00   -999.00   -999.00     0  -999.0    -999     0   0   0   0    -999.000  -999.000
0497   124.0  -999.0   -999.00     94.6    -999  -999  -999.00   -999.00   -999.00     3  -999.0    -999     0   0   0   0       0.392    47.010
