 ===========================================================================
 DROPWINDSONDE PROCESSING RECORD                            Sonde: 044415227
 PDS file written Sep 23, 2005.                             Format:    V6.03
 Aircraft: N42RF                             Date: 050923   Time: 172450 UTC
 ---------------------------------------------------------------------------
 Bias corrections:  PR =    .0 mb  TE =    .0 C  RH =    .0 %  PRB =   .0 mb
 Filters (LPF):     PTH =  10 s    WIND =  10 s       Hyd anchor =       SFC
 Dyn RH correction =  N     WSHR COR =      Y         Splash PR  =  973.8 mb
 Estimated PR used =  N     GPS VERR =    .19 m/s     HYD SFCP   =  976.1 mb
 Dyn T correction  =  Y     WGACORR  =   -5.0 m       AC GA ADJ  =     .0 m
 ---------------------------------------------------------------------------
 COMMENTS: rb 50 sw                                                    
 ===========================================================================

 ==============================================================================
 Date: 050923   Lat:  27.15 N   TA:   16.8 C   PS:  764.1 mb   WD:   308 deg
 Time: 172450   Lon:  92.63 W   TD:   -9.7 C   GA:   2132 m    WS:  31.1 m/s
 SID:  044415227                RH:   15.2 %   Navaid:   GP          
 ===========================================================================

IX      t (s)  P (mb)    T (C)    RH (%)  Z (m)   WD    WS (m/s)   U (m/s)   V (m/s)  NS  WZ (m/s)  ZW (m)   FP  FT  FH  FW   LAT (N)    LON (E)  ZW (ft)  WS (kt)  WS (mph)  THETAE (K)
0001      .0   765.1     16.86   -999.0    2106   308    31.05     24.39    -19.22  -999  -999.0    2101     3   3   0   3    27.1513   -92.6279     6893    60.24     69.56     -999.00
0002      .5   766.1     16.94   -999.0    2095   308    30.80     24.12    -19.16  -999  -999.0    2090     3   3   0   3    27.1512   -92.6278     6857    59.75     68.99     -999.00
0003     1.0   767.1     17.02   -999.0    2084   308    30.75     24.07    -19.14  -999  -999.0    2079     3   3   0   3    27.1511   -92.6276     6820    59.66     68.89     -999.00
0004     1.5   768.1     17.09   -999.0    2073   309    30.71     24.02    -19.13  -999  -999.0    2068     3   3   0   3    27.1511   -92.6275     6784    59.57     68.78     -999.00
0005     2.0   769.1     17.17   -999.0    2062   309    30.66     23.97    -19.12  -999  -999.0    2057     3   3   0   3    27.1510   -92.6274     6748    59.48     68.68     -999.00
0006     2.5   770.1     17.24   -999.0    2051   309    30.61     23.92    -19.11  -999  -999.0    2046     3   3   0   3    27.1509   -92.6273     6711    59.39     68.58     -999.00
0007     3.0   771.1     17.31   -999.0    2040   309    30.57     23.87    -19.10  -999  -999.0    2035     3   3   0   3    27.1508   -92.6271     6675    59.30     68.47     -999.00
0008     3.5   772.0     17.39   -999.0    2029   309    30.52     23.82    -19.08  -999  -999.0    2024     3   3   0   3    27.1507   -92.6270     6639    59.21     68.37     -999.00
0009     4.0   773.0     17.46   -999.0    2018   309    30.48     23.77    -19.07  -999  -999.0    2013     3   3   0   3    27.1506   -92.6269     6603    59.12     68.27     -999.00
0010     4.5   774.0     17.53   -999.0    2007   309    30.43     23.72    -19.06  -999  -999.0    2002     3   3   0   3    27.1505   -92.6268     6567    59.03     68.16     -999.00
0011     5.0   775.0     17.60   -999.0    1996   309    30.38     23.67    -19.05  -999  -999.0    1991     3   3   0   3    27.1505   -92.6267     6531    58.94     68.06     -999.00
0012     5.5   776.0     17.67   -999.0    1985   309    30.34     23.62    -19.03  -999  -999.0    1980     3   3   0   3    27.1504   -92.6265     6495    58.86     67.96     -999.00
0013     6.0   777.0     17.74   -999.0    1974   309    30.29     23.57    -19.02  -999  -999.0    1969     3   3   0   3    27.1503   -92.6264     6459    58.77     67.85     -999.00
0014     6.5   778.0     17.81   -999.0    1963   309    30.25     23.52    -19.01  -999  -999.0    1958     3   3   0   3    27.1502   -92.6263     6423    58.68     67.75     -999.00
0015     7.0   779.0     17.88   -999.0    1952   309    30.20     23.47    -19.00  -999  -999.0    1947     3   3   0   3    27.1501   -92.6262     6387    58.59     67.65     -999.00
0016     7.5   780.0     17.95   -999.0    1941   309    30.15     23.42    -18.99  -999  -999.0    1936     3   3   0   3    27.1500   -92.6261     6351    58.50     67.54     -999.00
0017     8.0   781.0     18.02   -999.0    1930   309    30.11     23.38    -18.97  -999  -999.0    1925     3   3   0   3    27.1499   -92.6259     6315    58.41     67.44     -999.00
0018     8.5   782.0     18.09   -999.0    1919   309    30.06     23.33    -18.96  -999  -999.0    1914     3   3   0   3    27.1499   -92.6258     6279    58.32     67.34     -999.00
0019     9.0   783.0     18.16   -999.0    1908   309    30.02     23.28    -18.95  -999  -999.0    1903     3   3   0   3    27.1498   -92.6257     6243    58.23     67.23     -999.00
0020     9.5   784.0     18.23   -999.0    1897   309    29.97     23.23    -18.94  -999  -999.0    1892     3   3   0   3    27.1497   -92.6256     6206    58.14     67.13     -999.00
0021    10.0   785.0     18.30   -999.0    1885   309    29.93     23.18    -18.93  -999  -999.0    1880     3   3   0   3    27.1496   -92.6255     6170    58.06     67.03     -999.00
0022    10.5   786.1     18.37   -999.0    1874   309    29.88     23.13    -18.91  -999  -999.0    1869     3   3   0   3    27.1495   -92.6254     6133    57.97     66.93     -999.00
0023    11.0   787.1     18.43   -999.0    1863   309    29.84     23.09    -18.90  -999  -999.0    1858     3   3   0   3    27.1494   -92.6253     6096    57.88     66.84     -999.00
0024    11.5   788.1     18.49   -999.0    1852   309    29.79     23.04    -18.89  -999  -999.0    1847     3   3   0   3    27.1493   -92.6251     6060    57.80     66.74     -999.00
0025    12.0   789.1     18.54   -999.0    1841   309    29.75     22.99    -18.88  -999  -999.0    1836     3   3   0   3    27.1493   -92.6250     6024    57.72     66.64     -999.00
0026    12.5   790.1     18.59   -999.0    1830   309    29.71     22.95    -18.87  -999  -999.0    1825     3   3   0   3    27.1492   -92.6249     5989    57.64     66.55     -999.00
0027    13.0   791.0     18.62   -999.0    1820   309    29.67     22.90    -18.86  -999  -999.0    1815     3   3   0   3    27.1491   -92.6248     5955    57.56     66.46     -999.00
0028    13.5   792.0     18.65   -999.0    1810   310    29.63     22.86    -18.85  -999  -999.0    1805     3   3   0   3    27.1490   -92.6247     5922    57.48     66.37     -999.00
0029    14.0   792.8     18.67   -999.0    1800   310    29.59     22.82    -18.83  -999  -999.0    1795     3   3   0   3    27.1489   -92.6246     5890    57.40     66.28     -999.00
0030    14.5   793.7     18.68   -999.0    1791   310    29.55     22.78    -18.82  -999  -999.0    1786     0   0   0   3    27.1488   -92.6245     5860    57.32     66.19     -999.00
0031    15.0   794.5     18.69   -999.0    1782   310    29.51     22.74    -18.80  -999  -999.0    1777     0   0   0   3    27.1487   -92.6243     5830    57.25     66.10     -999.00
0032    15.5   795.3     18.69   -999.0    1774   310    29.47     22.71    -18.78  -999    -2.8    1769     0   0   0   3    27.1487   -92.6242     5803    57.17     66.01     -999.00
0033    16.0   796.1     18.68   -999.0    1766   310    29.43     22.67    -18.77  -999    -2.1    1761     0   0   0   3    27.1486   -92.6241     5776    57.09     65.92     -999.00
0034    16.5   796.8     18.66   -999.0    1758   310    29.39     22.62    -18.75  -999    -1.4    1753     0   0   0   3    27.1485   -92.6240     5751    57.01     65.82     -999.00
0035    17.0   797.4     18.64   -999.0    1751   310    29.34     22.58    -18.74  -999     -.7    1746     0   0   0   3    27.1484   -92.6239     5728    56.92     65.73     -999.00
0036    17.5   798.1     18.62   -999.0    1744   310    29.30     22.53    -18.73  -999     -.2    1739     0   0   0   3    27.1483   -92.6238     5705    56.84     65.63     -999.00
0037    18.0   798.7     18.59   -999.0    1737   310    29.25     22.48    -18.73  -999      .3    1732     0   0   0   3    27.1482   -92.6236     5683    56.75     65.53     -999.00
0038    18.5   799.3     18.57   -999.0    1731   310    29.21     22.42    -18.72  -999      .7    1726     0   0   0   3    27.1482   -92.6235     5662    56.67     65.43     -999.00
0039    19.0   799.9     18.54   -999.0    1724   310    29.16     22.35    -18.73  -999      .9    1719     0   0   0   3    27.1481   -92.6234     5641    56.58     65.33     -999.00
0040    19.5   800.4     18.52   -999.0    1718   310    29.12     22.29    -18.74  -999     1.1    1713     0   0   0   3    27.1480   -92.6233     5621    56.49     65.22     -999.00
0041    20.0   801.0     18.50   -999.0    1712   310    29.07     22.22    -18.75  -999     1.2    1707     0   0   0   3    27.1479   -92.6232     5601    56.40     65.12     -999.00
0042    20.5   801.6     18.48   -999.0    1706   310    29.03     22.14    -18.77  -999     1.2    1701     0   0   0   3    27.1478   -92.6231     5581    56.31     65.02     -999.00
0043    21.0   802.2     18.47   -999.0    1700   310    28.98     22.07    -18.79  -999     1.2    1695     0   0   0   3    27.1477   -92.6230     5561    56.23     64.92     -999.00
0044    21.5   802.7     18.46   -999.0    1694   311    28.95     22.00    -18.81  -999     1.1    1689     0   0   0   3    27.1476   -92.6228     5540    56.15     64.84     -999.00
0045    22.0   803.3     18.45   -999.0    1687   311    28.91     21.93    -18.84     7     1.0    1682     0   0   0   0    27.1476   -92.6227     5520    56.09     64.76     -999.00
0046    22.5   803.9     18.45   -999.0    1681   311    28.88     21.86    -18.87     7      .9    1676     0   0   0   0    27.1475   -92.6226     5499    56.03     64.70     -999.00
0047    23.0   804.5     18.45   -999.0    1675   311    28.86     21.81    -18.90     7      .9    1670     0   0   0   0    27.1474   -92.6225     5478    55.99     64.65     -999.00
0048    23.5   805.1     18.46   -999.0    1668   311    28.84     21.76    -18.93     7      .8    1663     0   0   0   0    27.1473   -92.6224     5457    55.96     64.61     -999.00
0049    24.0   805.7     18.47   -999.0    1662   311    28.84     21.72    -18.97     7      .7    1657     0   0   0   0    27.1472   -92.6223     5436    55.94     64.59     -999.00
0050    24.5   806.3     18.48   -999.0    1655   311    28.84     21.69    -19.00     8      .7    1650     0   0   0   0    27.1471   -92.6222     5414    55.94     64.59     -999.00
0051    25.0   806.9     18.50   -999.0    1649   311    28.84     21.67    -19.04     8      .7    1644     0   0   0   0    27.1470   -92.6221     5393    55.96     64.61     -999.00
0052    25.5   807.5     18.52     89.8    1642   311    28.86     21.66    -19.07     8      .7    1637     0   0   0   0    27.1470   -92.6220     5372    55.99     64.65      356.53
0053    26.0   808.1     18.54     89.6    1636   311    28.88     21.65    -19.11     8      .7    1631     0   0   0   0    27.1469   -92.6219     5351    56.03     64.69      356.38
0054    26.5   808.8     18.57     89.4    1629   311    28.91     21.65    -19.15     7      .7    1624     0   0   0   0    27.1468   -92.6218     5330    56.08     64.76      356.29
0055    27.0   809.4     18.60     89.6    1623   312    28.94     21.66    -19.19     7      .7    1618     0   0   0   0    27.1467   -92.6217     5309    56.14     64.82      356.41
0056    27.5   810.0     18.63     89.7    1617   312    28.97     21.67    -19.23     7      .7    1612     0   0   0   0    27.1466   -92.6216     5287    56.21     64.90      356.51
0057    28.0   810.6     18.67     89.9    1610   312    29.01     21.68    -19.27     8      .7    1605     0   0   0   0    27.1465   -92.6215     5266    56.27     64.97      356.61
0058    28.5   811.2     18.70     90.0    1604   312    29.04     21.69    -19.31     8      .7    1599     0   0   0   3    27.1464   -92.6214     5245    56.33     65.04      356.72
0059    29.0   811.8     18.75     90.0    1597   312    29.06     21.69    -19.34     8      .6    1592     0   0   0   0    27.1464   -92.6212     5224    56.39     65.11      356.82
0060    29.5   812.4     18.79     90.1    1591   312    29.09     21.70    -19.37     8      .6    1586     0   0   0   0    27.1463   -92.6211     5203    56.43     65.16      356.90
0061    30.0   813.0     18.83     90.1    1584   312    29.10     21.70    -19.39     8      .5    1579     0   0   0   0    27.1462   -92.6210     5182    56.46     65.19      356.97
0062    30.5   813.6     18.88     90.0    1578   312    29.11     21.70    -19.41     8      .5    1573     0   0   0   0    27.1461   -92.6209     5160    56.48     65.21      357.03
0063    31.0   814.2     18.92     90.0    1571   312    29.11     21.70    -19.41     8      .5    1566     0   0   0   0    27.1460   -92.6208     5139    56.48     65.21      357.09
0064    31.5   814.8     18.97     89.9    1565   312    29.10     21.69    -19.41     8      .4    1560     0   0   0   0    27.1459   -92.6207     5117    56.46     65.19      357.14
0065    32.0   815.5     19.01     89.9    1558   312    29.09     21.68    -19.39     8      .4    1553     0   0   0   0    27.1458   -92.6206     5096    56.43     65.15      357.19
0066    32.5   816.1     19.06     89.8    1552   312    29.06     21.66    -19.37     8      .4    1547     0   0   0   0    27.1457   -92.6205     5074    56.38     65.10      357.23
0067    33.0   816.7     19.11     89.7    1545   312    29.03     21.64    -19.35     8      .4    1540     0   0   0   0    27.1457   -92.6204     5052    56.32     65.03      357.26
0068    33.5   817.3     19.15     89.6    1538   312    28.99     21.62    -19.32     8      .4    1533     0   0   0   0    27.1456   -92.6203     5031    56.24     64.94      357.28
0069    34.0   818.0     19.20     89.4    1532   312    28.95     21.59    -19.29     8      .4    1527     0   0   0   0    27.1455   -92.6202     5009    56.16     64.84      357.27
0070    34.5   818.6     19.25     89.2    1525   312    28.90     21.55    -19.26     8      .4    1520     0   0   0   0    27.1454   -92.6201     4987    56.07     64.74      357.25
0071    35.0   819.2     19.29     89.0    1519   312    28.85     21.51    -19.23     8      .5    1514     0   0   0   0    27.1453   -92.6200     4966    55.97     64.62      357.20
0072    35.5   819.8     19.34     88.7    1512   312    28.80     21.46    -19.20     8      .5    1507     0   0   0   3    27.1452   -92.6199     4945    55.86     64.50      357.12
0073    36.0   820.4     19.38     88.4    1506   312    28.74     21.40    -19.19     8      .6    1501     0   0   0   0    27.1451   -92.6198     4923    55.76     64.38      357.03
0074    36.5   821.0     19.42     88.1    1499   312    28.68     21.33    -19.17     8      .7    1494     0   0   0   0    27.1450   -92.6196     4902    55.65     64.25      356.92
0075    37.0   821.7     19.46     87.8    1493   312    28.63     21.26    -19.17     8      .7    1488     0   0   0   3    27.1450   -92.6195     4881    55.54     64.13      356.81
0076    37.5   822.3     19.50     87.5    1486   312    28.57     21.18    -19.17     8      .7    1481     0   0   0   0    27.1449   -92.6194     4860    55.43     64.00      356.70
0077    38.0   822.9     19.54     87.2    1480   312    28.52     21.10    -19.19     8      .8    1475     0   0   0   0    27.1448   -92.6193     4840    55.33     63.89      356.60
0078    38.5   823.5     19.57     87.0    1474   312    28.47     21.02    -19.21     8      .8    1469     0   0   0   0    27.1447   -92.6192     4819    55.24     63.78      356.52
0079    39.0   824.1     19.60     86.9    1467   313    28.44     20.93    -19.24     8      .8    1462     0   0   0   0    27.1446   -92.6191     4798    55.16     63.70      356.46
0080    39.5   824.7     19.62     86.8    1461   313    28.40     20.85    -19.29     8      .8    1456     0   0   0   0    27.1445   -92.6190     4777    55.10     63.63      356.41
0081    40.0   825.3     19.65     86.8    1455   313    28.38     20.77    -19.34     8      .8    1450     0   0   0   3    27.1444   -92.6189     4757    55.06     63.58      356.40
0082    40.5   825.9     19.67     86.9    1448   313    28.37     20.70    -19.40     8      .7    1443     0   0   0   0    27.1444   -92.6188     4736    55.05     63.56      356.40
0083    41.0   826.5     19.68     87.0    1442   313    28.38     20.64    -19.47     8      .7    1437     0   0   0   0    27.1443   -92.6187     4715    55.05     63.56      356.43
0084    41.5   827.1     19.70     87.2    1436   314    28.39     20.59    -19.55     8      .7    1431     0   0   0   0    27.1442   -92.6186     4694    55.08     63.60      356.48
0085    42.0   827.7     19.71     87.4    1429   314    28.42     20.55    -19.63     8      .6    1424     0   0   0   3    27.1441   -92.6185     4673    55.13     63.66      356.55
0086    42.5   828.3     19.72     87.7    1423   314    28.46     20.53    -19.71     8      .6    1418     0   0   0   0    27.1440   -92.6184     4652    55.21     63.74      356.63
0087    43.0   829.0     19.73     88.0    1416   314    28.50     20.51    -19.79     8      .6    1411     0   0   0   0    27.1439   -92.6183     4631    55.30     63.85      356.73
0088    43.5   829.6     19.74     88.3    1410   314    28.56     20.51    -19.87     8      .5    1405     0   0   0   3    27.1438   -92.6181     4609    55.40     63.97      356.83
0089    44.0   830.2     19.75     88.7    1403   314    28.61     20.51    -19.95     8      .5    1398     0   0   0   0    27.1437   -92.6180     4588    55.51     64.10      356.93
0090    44.5   830.8     19.76     89.0    1397   314    28.67     20.52    -20.03     8      .5    1392     0   0   0   0    27.1436   -92.6179     4567    55.62     64.23      357.03
0091    45.0   831.4     19.77     89.3    1391   314    28.73     20.53    -20.09     8      .5    1386     0   0   0   0    27.1435   -92.6178     4546    55.73     64.35      357.13
0092    45.5   832.0     19.78     89.6    1384   314    28.78     20.54    -20.15     9      .5    1379     0   0   0   0    27.1435   -92.6177     4525    55.83     64.46      357.23
0093    46.0   832.7     19.79     89.8    1378   315    28.82     20.55    -20.20     9      .6    1373     0   0   0   3    27.1434   -92.6176     4504    55.91     64.56      357.32
0094    46.5   833.3     19.81     90.1    1371   315    28.86     20.56    -20.25     9      .6    1366     0   0   0   0    27.1433   -92.6175     4482    55.98     64.64      357.41
0095    47.0   833.9     19.83     90.3    1365   315    28.88     20.56    -20.28     9      .6    1360     0   0   0   3    27.1432   -92.6174     4461    56.03     64.70      357.49
0096    47.5   834.5     19.84     90.5    1358   315    28.90     20.56    -20.31     9      .6    1353     0   0   0   0    27.1431   -92.6173     4440    56.07     64.74      357.57
0097    48.0   835.1     19.86     90.7    1352   315    28.91     20.56    -20.33     9      .6    1347     0   0   0   0    27.1430   -92.6172     4419    56.09     64.77      357.64
0098    48.5   835.7     19.89     90.9    1346   315    28.92     20.55    -20.35     9      .6    1341     0   0   0   0    27.1429   -92.6171     4398    56.11     64.78      357.72
0099    49.0   836.4     19.91     91.0    1339   315    28.93     20.54    -20.37     9      .6    1334     0   0   0   0    27.1428   -92.6170     4378    56.12     64.79      357.79
0100    49.5   837.0     19.93     91.2    1333   315    28.93     20.52    -20.39     9      .6    1328     0   0   0   0    27.1427   -92.6169     4357    56.12     64.80      357.87
0101    50.0   837.6     19.96     91.4    1326   315    28.93     20.50    -20.41     9      .6    1322     0   0   0   0    27.1426   -92.6168     4336    56.13     64.81      357.94
0102    50.5   838.2     19.98     91.5    1320   315    28.94     20.49    -20.44     9      .6    1315     0   0   0   0    27.1425   -92.6167     4315    56.14     64.82      358.02
0103    51.0   838.8     20.01     91.7    1314   315    28.95     20.47    -20.48     9      .6    1309     0   0   0   0    27.1424   -92.6165     4294    56.17     64.85      358.11
0104    51.5   839.5     20.03     91.8    1307   315    28.97     20.45    -20.52     9      .6    1302     0   0   0   0    27.1424   -92.6164     4273    56.21     64.90      358.19
0105    52.0   840.1     20.06     92.0    1301   315    29.00     20.44    -20.58     9      .5    1296     0   0   0   0    27.1423   -92.6163     4252    56.27     64.97      358.28
0106    52.5   840.7     20.09     92.1    1294   315    29.04     20.42    -20.65     9      .5    1289     0   0   0   0    27.1422   -92.6162     4231    56.35     65.06      358.37
0107    53.0   841.3     20.11     92.3    1288   315    29.10     20.41    -20.73     9      .6    1283     0   0   0   0    27.1421   -92.6161     4209    56.45     65.17      358.47
0108    53.5   841.9     20.14     92.5    1282   316    29.16     20.40    -20.83     9      .6    1277     0   0   0   3    27.1420   -92.6160     4188    56.57     65.31      358.57
0109    54.0   842.6     20.17     92.6    1275   316    29.23     20.39    -20.94     9      .6    1270     0   0   0   0    27.1419   -92.6159     4167    56.70     65.47      358.66
0110    54.5   843.2     20.19     92.8    1269   316    29.31     20.39    -21.06     9      .6    1264     0   0   0   0    27.1418   -92.6158     4147    56.86     65.65      358.76
0111    55.0   843.8     20.22     93.0    1262   316    29.39     20.38    -21.18     9      .7    1258     0   0   0   3    27.1417   -92.6157     4126    57.02     65.84      358.85
0112    55.5   844.4     20.24     93.1    1256   316    29.48     20.37    -21.31     8      .7    1251     0   0   0   0    27.1416   -92.6156     4105    57.19     66.04      358.94
0113    56.0   845.0     20.27     93.3    1250   316    29.57     20.37    -21.43     8      .7    1245     0   0   0   0    27.1415   -92.6155     4084    57.36     66.23      359.02
0114    56.5   845.6     20.29     93.4    1244   317    29.65     20.36    -21.56     8      .8    1239     0   0   0   0    27.1414   -92.6154     4064    57.53     66.42      359.09
0115    57.0   846.3     20.32     93.5    1237   317    29.73     20.36    -21.67     8      .8    1232     0   0   0   0    27.1413   -92.6153     4043    57.68     66.60      359.16
0116    57.5   846.9     20.34     93.6    1231   317    29.80     20.35    -21.77     9      .8    1226     0   0   0   0    27.1412   -92.6152     4023    57.81     66.75      359.21
0117    58.0   847.5     20.37     93.7    1225   317    29.85     20.34    -21.85     9      .8    1220     0   0   0   0    27.1411   -92.6151     4002    57.91     66.87      359.26
0118    58.5   848.1     20.40     93.7    1219   317    29.89     20.34    -21.91     9      .8    1214     0   0   0   0    27.1410   -92.6150     3982    57.99     66.96      359.29
0119    59.0   848.7     20.43     93.8    1212   317    29.91     20.33    -21.95     9      .8    1207     0   0   0   0    27.1409   -92.6149     3961    58.03     67.00      359.32
0120    59.5   849.3     20.46     93.8    1206   317    29.92     20.32    -21.96     9      .8    1201     0   0   0   0    27.1408   -92.6148     3941    58.04     67.02      359.34
0121    60.0   849.9     20.49     93.7    1200   317    29.91     20.30    -21.96     9      .7    1195     0   0   0   0    27.1407   -92.6147     3920    58.02     66.99      359.36
0122    60.5   850.5     20.52     93.7    1194   317    29.88     20.29    -21.94     9      .7    1189     0   0   0   0    27.1406   -92.6146     3900    57.97     66.93      359.38
0123    61.0   851.1     20.55     93.7    1187   317    29.85     20.28    -21.90     9      .7    1182     0   0   0   3    27.1405   -92.6145     3879    57.90     66.85      359.39
0124    61.5   851.8     20.59     93.7    1181   317    29.80     20.27    -21.85     9      .6    1176     0   0   0   0    27.1404   -92.6144     3858    57.82     66.76      359.42
0125    62.0   852.4     20.62     93.6    1175   317    29.76     20.26    -21.80     9      .6    1170     0   0   0   0    27.1403   -92.6143     3837    57.73     66.66      359.44
0126    62.5   853.0     20.65     93.6    1168   317    29.72     20.25    -21.75     9      .6    1163     0   0   0   0    27.1402   -92.6142     3817    57.65     66.57      359.48
0127    63.0   853.6     20.69     93.6    1162   317    29.68     20.25    -21.70     9      .5    1157     0   0   0   0    27.1401   -92.6141     3796    57.59     66.49      359.51
0128    63.5   854.3     20.72     93.7    1156   317    29.66     20.26    -21.67     9      .5    1151     0   0   0   0    27.1400   -92.6140     3775    57.54     66.44      359.56
0129    64.0   854.9     20.75     93.7    1149   317    29.65     20.26    -21.64     9      .5    1144     0   0   0   0    27.1399   -92.6139     3754    57.52     66.41      359.61
0130    64.5   855.5     20.78     93.8    1143   317    29.65     20.27    -21.64     9      .5    1138     0   0   0   3    27.1398   -92.6138     3733    57.52     66.42      359.66
0131    65.0   856.1     20.80     93.9    1136   317    29.66     20.28    -21.65     9      .5    1131     0   0   0   0    27.1397   -92.6137     3712    57.55     66.45      359.71
0132    65.5   856.8     20.83     93.9    1130   317    29.69     20.29    -21.68     9      .5    1125     0   0   0   0    27.1396   -92.6136     3691    57.60     66.50      359.76
0133    66.0   857.4     20.85     94.0    1124   317    29.72     20.29    -21.72     9      .6    1119     0   0   0   0    27.1395   -92.6135     3670    57.66     66.58      359.79
0134    66.5   858.0     20.88     94.1    1117   317    29.76     20.29    -21.76     9      .6    1112     0   0   0   3    27.1394   -92.6134     3649    57.73     66.66      359.82
0135    67.0   858.6     20.90     94.2    1111   317    29.79     20.29    -21.82     9      .6    1106     0   0   0   0    27.1393   -92.6133     3629    57.80     66.74      359.84
0136    67.5   859.3     20.92     94.2    1105   317    29.83     20.27    -21.88     9      .6    1100     0   0   0   0    27.1392   -92.6133     3608    57.86     66.81      359.84
0137    68.0   859.9     20.94     94.2    1098   317    29.85     20.24    -21.94     9      .7    1093     0   0   0   3    27.1391   -92.6132     3587    57.91     66.86      359.83
0138    68.5   860.5     20.96     94.2    1092   317    29.87     20.21    -21.99     9      .7    1087     0   0   0   0    27.1390   -92.6131     3567    57.94     66.90      359.80
0139    69.0   861.1     20.99     94.1    1086   318    29.87     20.16    -22.04     9      .7    1081     0   0   0   0    27.1389   -92.6130     3546    57.95     66.91      359.77
0140    69.5   861.7     21.01     94.1    1080   318    29.86     20.10    -22.08     9      .7    1075     0   0   0   3    27.1388   -92.6129     3526    57.94     66.90      359.72
0141    70.0   862.4     21.04     94.0    1073   318    29.85     20.04    -22.12     9      .8    1068     0   0   0   0    27.1387   -92.6128     3505    57.91     66.87      359.68
0142    70.5   863.0     21.07     93.9    1067   318    29.83     19.97    -22.16     8      .8    1062     0   0   0   0    27.1386   -92.6127     3485    57.87     66.82      359.63
0143    71.0   863.6     21.10     93.7    1061   318    29.81     19.90    -22.20     8      .8    1056     0   0   0   0    27.1385   -92.6126     3465    57.83     66.78      359.59
0144    71.5   864.2     21.13     93.6    1055   318    29.79     19.82    -22.24     8      .8    1050     0   0   0   0    27.1384   -92.6125     3444    57.80     66.73      359.55
0145    72.0   864.8     21.16     93.5    1049   318    29.78     19.75    -22.29     8      .8    1044     0   0   0   0    27.1383   -92.6124     3424    57.78     66.71      359.53
0146    72.5   865.4     21.20     93.4    1042   319    29.78     19.68    -22.35     8      .8    1037     0   0   0   0    27.1382   -92.6123     3404    57.78     66.71      359.51
0147    73.0   866.1     21.23     93.3    1036   319    29.80     19.61    -22.43     8      .7    1031     0   0   0   0    27.1381   -92.6122     3383    57.80     66.74      359.52
0148    73.5   866.7     21.27     93.3    1030   319    29.83     19.55    -22.53     8      .7    1025     0   0   0   3    27.1380   -92.6121     3363    57.87     66.81      359.54
0149    74.0   867.3     21.30     93.3    1024   319    29.88     19.50    -22.64     8      .7    1019     0   0   0   0    27.1379   -92.6120     3342    57.96     66.92      359.57
0150    74.5   867.9     21.33     93.3    1018   319    29.94     19.45    -22.77     8      .7    1013     0   0   0   0    27.1378   -92.6119     3322    58.09     67.07      359.62
0151    75.0   868.5     21.36     93.4    1011   320    30.02     19.41    -22.91     9      .6    1006     0   0   0   0    27.1377   -92.6118     3301    58.25     67.25      359.67
0152    75.5   869.2     21.39     93.5    1005   320    30.12     19.38    -23.05     9      .6    1000     0   0   0   0    27.1376   -92.6117     3281    58.43     67.46      359.74
0153    76.0   869.8     21.41     93.6     999   320    30.22     19.35    -23.20     9      .6     994     0   0   0   0    27.1375   -92.6116     3260    58.62     67.68      359.81
0154    76.5   870.4     21.43     93.8     992   320    30.32     19.34    -23.35     8      .6     987     0   0   0   0    27.1374   -92.6115     3239    58.81     67.91      359.88
0155    77.0   871.1     21.45     93.9     986   321    30.42     19.33    -23.48     8      .5     981     0   0   0   3    27.1373   -92.6114     3219    59.01     68.13      359.95
0156    77.5   871.7     21.46     94.2     980   321    30.51     19.34    -23.59     8      .5     975     0   0   0   0    27.1372   -92.6113     3198    59.18     68.33      360.01
0157    78.0   872.3     21.47     94.4     973   321    30.58     19.34    -23.69     8      .5     968     0   0   0   3    27.1371   -92.6112     3177    59.33     68.51      360.06
0158    78.5   873.0     21.48     94.6     967   321    30.65     19.36    -23.76     8      .5     962     0   0   0   0    27.1370   -92.6111     3156    59.46     68.65      360.11
0159    79.0   873.6     21.49     94.8     961   321    30.70     19.38    -23.81     8      .6     956     0   0   0   0    27.1369   -92.6110     3136    59.55     68.76      360.15
0160    79.5   874.2     21.50     94.9     954   321    30.73     19.40    -23.83     9      .6     950     0   0   0   3    27.1368   -92.6109     3115    59.61     68.83      360.17
0161    80.0   874.9     21.51     95.1     948   321    30.74     19.42    -23.83     9      .6     943     0   0   0   0    27.1367   -92.6108     3095    59.64     68.86      360.19
0162    80.5   875.5     21.52     95.3     942   321    30.74     19.45    -23.81     9      .6     937     0   0   0   0    27.1366   -92.6107     3074    59.64     68.87      360.21
0163    81.0   876.1     21.53     95.4     936   321    30.73     19.47    -23.78     9      .7     931     0   0   0   0    27.1365   -92.6106     3054    59.63     68.85      360.22
0164    81.5   876.7     21.54     95.5     930   321    30.72     19.50    -23.73     9      .7     925     0   0   0   0    27.1364   -92.6105     3033    59.60     68.81      360.23
0165    82.0   877.4     21.55     95.6     923   320    30.70     19.54    -23.68     9      .7     918     0   0   0   0    27.1362   -92.6104     3013    59.57     68.78      360.24
0166    82.5   878.0     21.57     95.7     917   320    30.69     19.58    -23.64     9      .8     912     0   0   0   0    27.1361   -92.6103     2993    59.54     68.75      360.25
0167    83.0   878.6     21.59     95.8     911   320    30.69     19.62    -23.59     9      .8     906     0   0   0   3    27.1360   -92.6102     2973    59.53     68.74      360.27
0168    83.5   879.2     21.61     95.9     905   320    30.69     19.67    -23.56     9      .8     900     0   0   0   3    27.1359   -92.6101     2952    59.55     68.76      360.29
0169    84.0   879.8     21.63     95.9     899   320    30.72     19.73    -23.54     9      .9     894     0   0   0   0    27.1358   -92.6100     2932    59.59     68.81      360.31
0170    84.5   880.4     21.65     96.0     893   320    30.76     19.80    -23.54     9      .9     888     0   0   0   3    27.1357   -92.6099     2912    59.67     68.90      360.33
0171    85.0   881.1     21.67     96.1     887   320    30.82     19.87    -23.56     9      .9     882     0   0   0   0    27.1356   -92.6098     2892    59.79     69.04      360.36
0172    85.5   881.7     21.69     96.1     880   320    30.90     19.95    -23.60     9      .9     875     0   0   0   3    27.1355   -92.6097     2872    59.95     69.22      360.38
0173    86.0   882.3     21.71     96.2     874   320    31.00     20.03    -23.66     9      .9     869     0   0   0   0    27.1354   -92.6096     2852    60.14     69.44      360.41
0174    86.5   882.9     21.73     96.2     868   320    31.12     20.12    -23.73     9      .9     863     0   0   0   0    27.1353   -92.6095     2832    60.37     69.70      360.43
0175    87.0   883.5     21.76     96.3     862   320    31.24     20.21    -23.82     9      .9     857     0   0   0   0    27.1352   -92.6094     2812    60.61     69.98      360.45
0176    87.5   884.1     21.78     96.3     856   320    31.38     20.30    -23.92     9      .9     851     0   0   0   0    27.1351   -92.6093     2792    60.87     70.28      360.47
0177    88.0   884.8     21.80     96.3     850   320    31.52     20.39    -24.03     9      .8     845     0   0   0   3    27.1350   -92.6092     2772    61.14     70.59      360.48
0178    88.5   885.4     21.83     96.3     844   320    31.65     20.47    -24.14     9      .8     839     0   0   0   0    27.1348   -92.6091     2752    61.41     70.90      360.49
0179    89.0   886.0     21.86     96.3     838   320    31.79     20.55    -24.25     9      .8     833     0   0   0   0    27.1347   -92.6090     2732    61.67     71.21      360.50
0180    89.5   886.6     21.89     96.3     832   320    31.92     20.62    -24.36     9      .8     827     0   0   0   0    27.1346   -92.6089     2712    61.92     71.49      360.50
0181    90.0   887.2     21.92     96.2     826   320    32.04     20.68    -24.47     9      .8     821     0   0   0   3    27.1345   -92.6088     2692    62.15     71.76      360.51
0182    90.5   887.9     21.95     96.2     819   320    32.15     20.74    -24.56     9      .8     814     0   0   0   0    27.1344   -92.6087     2672    62.36     72.01      360.51
0183    91.0   888.5     21.99     96.1     813   320    32.24     20.79    -24.65     9      .8     808     0   0   0   0    27.1343   -92.6085     2652    62.55     72.23      360.52
0184    91.5   889.1     22.02     96.0     807   320    32.33     20.84    -24.72     9      .7     802     0   0   0   3    27.1342   -92.6084     2632    62.72     72.42      360.53
0185    92.0   889.7     22.06     95.9     801   320    32.41     20.89    -24.78     9      .7     796     0   0   0   0    27.1341   -92.6083     2612    62.87     72.59      360.54
0186    92.5   890.4     22.10     95.8     795   320    32.47     20.93    -24.82     9      .7     790     0   0   0   0    27.1340   -92.6082     2591    62.99     72.73      360.55
0187    93.0   891.0     22.14     95.7     789   320    32.53     20.98    -24.85     9      .7     784     0   0   0   0    27.1339   -92.6081     2571    63.10     72.86      360.57
0188    93.5   891.6     22.18     95.6     783   320    32.57     21.04    -24.87     9      .7     778     0   0   0   0    27.1337   -92.6080     2551    63.19     72.97      360.59
0189    94.0   892.2     22.22     95.5     776   320    32.61     21.09    -24.87     9      .7     771     0   0   0   0    27.1336   -92.6079     2531    63.27     73.06      360.62
0190    94.5   892.9     22.26     95.5     770   320    32.65     21.15    -24.87     9      .7     765     0   0   0   3    27.1335   -92.6078     2511    63.34     73.13      360.65
0191    95.0   893.5     22.30     95.4     764   320    32.68     21.21    -24.86     9      .6     759     0   0   0   0    27.1334   -92.6077     2490    63.39     73.20      360.68
0192    95.5   894.1     22.34     95.4     758   319    32.70     21.27    -24.84     9      .6     753     0   0   0   0    27.1333   -92.6076     2470    63.44     73.25      360.72
0193    96.0   894.8     22.37     95.3     752   319    32.72     21.33    -24.81     9      .6     747     0   0   0   0    27.1332   -92.6075     2450    63.48     73.29      360.76
0194    96.5   895.4     22.41     95.3     745   319    32.73     21.39    -24.78     9      .5     740     0   0   0   0    27.1331   -92.6074     2429    63.50     73.32      360.80
0195    97.0   896.0     22.44     95.3     739   319    32.74     21.44    -24.74     9      .4     734     0   0   0   3    27.1329   -92.6073     2409    63.52     73.34      360.84
0196    97.5   896.7     22.47     95.4     733   319    32.74     21.49    -24.70     9      .4     728     0   0   0   0    27.1328   -92.6072     2388    63.52     73.34      360.89
0197    98.0   897.3     22.50     95.4     727   319    32.74     21.53    -24.66     9      .3     722     0   0   0   0    27.1327   -92.6070     2368    63.51     73.33      360.94
0198    98.5   898.0     22.53     95.5     720   319    32.72     21.56    -24.62     9      .2     715     0   0   0   3    27.1326   -92.6069     2347    63.49     73.30      360.99
0199    99.0   898.6     22.55     95.6     714   319    32.71     21.58    -24.57     8      .1     709     0   0   0   0    27.1325   -92.6068     2326    63.45     73.26      361.05
0200    99.5   899.3     22.58     95.7     707   319    32.69     21.61    -24.52     8      .0     702     0   0   0   0    27.1324   -92.6067     2305    63.41     73.22      361.11
0201   100.0   900.0     22.60     95.8     701   319    32.66     21.63    -24.47     8      .0     696     0   0   0   0    27.1323   -92.6066     2283    63.36     73.16      361.16
0202   100.5   900.6     22.62     95.9     694   318    32.64     21.65    -24.42     8     -.1     689     0   0   0   0    27.1322   -92.6065     2262    63.31     73.10      361.22
0203   101.0   901.3     22.64     96.0     688   318    32.61     21.68    -24.36     8     -.1     683     0   0   0   0    27.1321   -92.6064     2240    63.27     73.05      361.27
0204   101.5   902.0     22.67     96.1     681   318    32.59     21.71    -24.31     9     -.2     676     0   0   0   0    27.1320   -92.6063     2219    63.23     73.01      361.31
0205   102.0   902.7     22.69     96.2     675   318    32.58     21.75    -24.26     9     -.2     670     0   0   0   3    27.1318   -92.6062     2197    63.21     72.98      361.35
0206   102.5   903.4     22.71     96.3     668   318    32.58     21.80    -24.21     9     -.2     663     0   0   0   0    27.1317   -92.6061     2175    63.20     72.98      361.38
0207   103.0   904.0     22.73     96.3     661   318    32.59     21.86    -24.17     9     -.2     656     0   0   0   0    27.1316   -92.6060     2154    63.22     73.00      361.40
0208   103.5   904.7     22.76     96.4     655   318    32.61     21.93    -24.13     9     -.2     650     0   0   0   3    27.1315   -92.6059     2132    63.26     73.05      361.40
0209   104.0   905.4     22.78     96.4     648   318    32.64     22.02    -24.10     8     -.2     643     0   0   0   0    27.1314   -92.6058     2111    63.33     73.12      361.40
0210   104.5   906.1     22.81     96.3     642   317    32.68     22.11    -24.07     8     -.1     637     0   0   0   0    27.1313   -92.6056     2089    63.41     73.21      361.39
0211   105.0   906.7     22.84     96.2     635   317    32.73     22.22    -24.04     8     -.1     630     0   0   0   0    27.1312   -92.6055     2068    63.50     73.32      361.38
0212   105.5   907.4     22.88     96.2     629   317    32.78     22.33    -24.01     8      .0     624     0   0   0   0    27.1311   -92.6054     2046    63.60     73.44      361.36
0213   106.0   908.1     22.91     96.0     622   317    32.84     22.45    -23.97     8      .0     617     0   0   0   0    27.1310   -92.6053     2025    63.70     73.55      361.34
0214   106.5   908.8     22.95     95.9     616   317    32.89     22.57    -23.92     8      .1     611     0   0   0   0    27.1309   -92.6052     2004    63.80     73.67      361.33
0215   107.0   909.4     22.99     95.8     609   316    32.93     22.69    -23.87     8      .1     604     0   0   0   0    27.1308   -92.6051     1983    63.89     73.76      361.32
0216   107.5   910.1     23.03     95.7     603   316    32.97     22.81    -23.81     9      .2     598     0   0   0   3    27.1307   -92.6050     1962    63.96     73.85      361.33
0217   108.0   910.7     23.07     95.6     597   316    33.00     22.92    -23.74     9      .2     592     0   0   0   0    27.1305   -92.6048     1941    64.02     73.92      361.35
0218   108.5   911.4     23.11     95.5     590   316    33.02     23.03    -23.67     9      .2     585     0   0   0   0    27.1304   -92.6047     1921    64.07     73.97      361.38
0219   109.0   912.0     23.15     95.5     584   316    33.04     23.13    -23.60     9      .2     579     0   0   0   0    27.1303   -92.6046     1900    64.10     74.01      361.43
0220   109.5   912.7     23.18     95.5     578   315    33.06     23.22    -23.53     9      .3     573     0   0   0   0    27.1302   -92.6045     1879    64.13     74.05      361.48
0221   110.0   913.4     23.21     95.6     571   315    33.07     23.31    -23.46     9      .3     566     0   0   0   0    27.1301   -92.6044     1859    64.16     74.09      361.54
0222   110.5   914.0     23.24     95.6     565   315    33.09     23.39    -23.41     9      .3     560     0   0   0   3    27.1300   -92.6043     1838    64.20     74.13      361.61
0223   111.0   914.7     23.27     95.7     559   315    33.12     23.46    -23.37     9      .3     554     0   0   0   3    27.1299   -92.6041     1817    64.24     74.18      361.68
0224   111.5   915.3     23.29     95.8     553   315    33.15     23.53    -23.34     9      .3     548     0   0   0   3    27.1298   -92.6040     1797    64.30     74.25      361.75
0225   112.0   916.0     23.32     95.9     546   315    33.19     23.60    -23.33     9      .4     541     0   0   0   0    27.1297   -92.6039     1776    64.38     74.34      361.81
0226   112.5   916.6     23.34     96.1     540   315    33.24     23.67    -23.33     9      .4     535     0   0   0   3    27.1296   -92.6038     1755    64.48     74.45      361.86
0227   113.0   917.3     23.36     96.2     534   315    33.30     23.75    -23.35     9      .4     529     0   0   0   0    27.1295   -92.6037     1735    64.61     74.60      361.91
0228   113.5   917.9     23.38     96.2     528   314    33.38     23.82    -23.38     9      .5     523     0   0   0   0    27.1294   -92.6035     1715    64.75     74.76      361.94
0229   114.0   918.6     23.40     96.3     521   314    33.46     23.90    -23.42     8      .6     516     0   0   0   0    27.1293   -92.6034     1694    64.92     74.95      361.96
0230   114.5   919.2     23.42     96.3     515   314    33.55     23.98    -23.47     8      .6     510     0   0   0   0    27.1292   -92.6033     1674    65.10     75.16      361.98
0231   115.0   919.9     23.44     96.4     509   314    33.65     24.06    -23.53     8      .7     504     0   0   0   0    27.1291   -92.6032     1654    65.29     75.38      361.98
0232   115.5   920.5     23.47     96.3     503   314    33.76     24.14    -23.60     8      .8     498     0   0   0   0    27.1290   -92.6031     1634    65.49     75.62      361.98
0233   116.0   921.1     23.50     96.3     497   314    33.86     24.22    -23.66     8      .9     492     0   0   0   0    27.1289   -92.6029     1615    65.69     75.85      361.98
0234   116.5   921.8     23.53     96.2     491   314    33.97     24.31    -23.73     8      .9     486     0   0   0   0    27.1287   -92.6028     1595    65.90     76.09      361.98
0235   117.0   922.4     23.57     96.1     485   314    34.08     24.39    -23.80     8     1.0     480     0   0   0   0    27.1286   -92.6027     1576    66.11     76.34      361.98
0236   117.5   923.0     23.60     96.0     479   314    34.19     24.48    -23.87     8     1.0     474     0   0   0   0    27.1285   -92.6026     1556    66.33     76.58      361.98
0237   118.0   923.6     23.64     95.9     473   314    34.30     24.57    -23.93     9     1.1     469     0   0   0   0    27.1284   -92.6024     1537    66.54     76.83      361.99
0238   118.5   924.2     23.68     95.8     468   314    34.41     24.67    -23.99     9     1.1     463     0   0   0   0    27.1283   -92.6023     1518    66.76     77.08      362.01
0239   119.0   924.8     23.72     95.7     462   314    34.52     24.77    -24.05     9     1.1     457     0   0   0   3    27.1282   -92.6022     1499    66.97     77.33      362.03
0240   119.5   925.4     23.77     95.5     456   314    34.63     24.87    -24.10     9     1.1     451     3   3   3   0    27.1281   -92.6021     1480    67.19     77.58      362.06
0241   120.0   926.1     23.81     95.4     450   314    34.74     24.98    -24.14     9     1.1     445     0   0   0   3    27.1280   -92.6019     1461    67.39     77.81      362.08
0242   120.5   926.7     23.86     95.3     444   314    34.84     25.10    -24.17     9     1.0     439     0   0   0   0    27.1279   -92.6018     1441    67.59     78.04      362.10
0243   121.0   927.3     23.90     95.1     438   314    34.93     25.21    -24.18     9      .9     433     0   0   0   0    27.1278   -92.6017     1422    67.77     78.25      362.12
0244   121.5   927.9     23.95     95.0     432   314    35.02     25.32    -24.18     9      .8     428     0   0   0   0    27.1277   -92.6016     1403    67.93     78.43      362.13
0245   122.0   928.6     23.99     94.8     427   314    35.09     25.44    -24.16     9      .7     422     0   0   0   0    27.1276   -92.6014     1383    68.07     78.59      362.14
0246   122.5   929.2     24.04     94.6     420   313    35.14     25.56    -24.12     9      .6     415     0   0   0   0    27.1274   -92.6013     1363    68.18     78.72      362.15
0247   123.0   929.8     24.09     94.4     414   313    35.18     25.68    -24.06     9      .5     409     0   0   0   0    27.1273   -92.6012     1343    68.26     78.81      362.15
0248   123.5   930.5     24.14     94.2     408   313    35.21     25.80    -23.96     9      .4     403     0   0   0   0    27.1272   -92.6010     1323    68.30     78.86      362.14
0249   124.0   931.2     24.19     94.0     402   313    35.21     25.92    -23.84     9      .3     397     0   0   0   0    27.1271   -92.6009     1302    68.31     78.87      362.14
0250   124.5   931.8     24.24     93.8     396   312    35.20     26.04    -23.68     8      .2     391     0   0   0   0    27.1270   -92.6008     1282    68.28     78.84      362.14
0251   125.0   932.5     24.29     93.6     389   312    35.16     26.15    -23.50     8      .1     384     0   0   0   0    27.1269   -92.6006     1261    68.21     78.76      362.15
0252   125.5   933.2     24.34     93.5     383   312    35.10     26.26    -23.29     8      .0     378     0   0   0   0    27.1268   -92.6005     1240    68.10     78.63      362.16
0253   126.0   933.9     24.39     93.3     376   311    35.02     26.36    -23.06     9      .0     371     0   0   0   3    27.1267   -92.6004     1219    67.94     78.45      362.19
0254   126.5   934.5     24.43     93.2     370   311    34.92     26.44    -22.81     9     -.1     365     0   0   0   0    27.1266   -92.6003     1197    67.75     78.22      362.23
0255   127.0   935.2     24.48     93.2     364   310    34.80     26.50    -22.56     9     -.1     359     0   0   0   0    27.1265   -92.6001     1176    67.51     77.95      362.28
0256   127.5   935.9     24.52     93.1     357   310    34.65     26.52    -22.30     9      .0     352     0   0   0   0    27.1264   -92.6000     1155    67.23     77.63      362.34
0257   128.0   936.6     24.55     93.2     351   310    34.49     26.52    -22.05     9      .0     346     0   0   0   0    27.1263   -92.5998     1134    66.91     77.26      362.42
0258   128.5   937.3     24.58     93.3     344   309    34.31     26.48    -21.82     8      .1     339     0   0   0   0    27.1262   -92.5997     1113    66.56     76.85      362.51
0259   129.0   937.9     24.61     93.4     338   309    34.11     26.40    -21.60     8      .2     333     0   0   0   0    27.1261   -92.5996     1093    66.18     76.41      362.61
0260   129.5   938.6     24.64     93.6     332   309    33.90     26.30    -21.40     8      .3     327     0   0   0   0    27.1260   -92.5994     1072    65.77     75.94      362.72
0261   130.0   939.3     24.66     93.8     326   309    33.69     26.16    -21.22     8      .4     321     0   0   0   0    27.1259   -92.5993     1052    65.35     75.46      362.83
0262   130.5   939.9     24.67     94.0     319   309    33.47     26.01    -21.06     8      .5     314     0   0   0   0    27.1258   -92.5992     1031    64.93     74.97      362.95
0263   131.0   940.6     24.69     94.2     313   309    33.26     25.85    -20.93     8      .5     308     0   0   0   0    27.1257   -92.5991     1011    64.52     74.50      363.07
0264   131.5   941.2     24.70     94.5     307   309    33.06     25.70    -20.80     8      .6     302     0   0   0   0    27.1256   -92.5989      992    64.14     74.06      363.19
0265   132.0   941.8     24.71     94.7     301   309    32.89     25.56    -20.70     8      .7     296     0   0   0   0    27.1255   -92.5988      972    63.81     73.68      363.30
0266   132.5   942.5     24.73     95.0     295   309    32.75     25.47    -20.60     9      .7     290     0   0   0   0    27.1254   -92.5987      952    63.54     73.37      363.41
0267   133.0   943.1     24.74     95.2     289   309    32.65     25.42    -20.50     9      .8     284     0   0   0   0    27.1253   -92.5985      933    63.35     73.15      363.52
0268   133.5   943.8     24.75     95.5     283   309    32.60     25.43    -20.40     9      .8     278     0   0   0   0    27.1252   -92.5984      913    63.24     73.01      363.62
0269   134.0   944.4     24.77     95.7     277   309    32.58     25.49    -20.29     9      .8     272     0   0   0   0    27.1252   -92.5983      894    63.20     72.98      363.71
0270   134.5   945.0     24.79     95.8     271   308    32.60     25.61    -20.18     8      .9     266     0   0   0   0    27.1251   -92.5982      874    63.25     73.03      363.80
0271   135.0   945.7     24.81     96.0     266   308    32.66     25.78    -20.06     8      .9     261     0   0   0   3    27.1250   -92.5980      855    63.37     73.17      363.89
0272   135.5   946.3     24.83     96.1     260   308    32.75     25.98    -19.95     8      .9     255     0   0   0   0    27.1249   -92.5979      836    63.54     73.37      363.97
0273   136.0   946.9     24.85     96.2     254   307    32.86     26.21    -19.83     8     1.0     249     0   0   0   0    27.1248   -92.5978      816    63.76     73.62      364.05
0274   136.5   947.5     24.88     96.3     248   307    32.99     26.45    -19.72     8     1.0     243     0   0   0   0    27.1247   -92.5976      797    64.00     73.89      364.13
0275   137.0   948.2     24.91     96.3     242   306    33.11     26.68    -19.61     8     1.1     237     0   0   0   0    27.1246   -92.5975      778    64.24     74.17      364.20
0276   137.5   948.8     24.94     96.4     236   306    33.23     26.91    -19.50     8     1.2     231     0   0   0   0    27.1245   -92.5974      759    64.47     74.43      364.26
0277   138.0   949.4     24.97     96.4     231   306    33.33     27.10    -19.40     8     1.3     226     0   0   0   0    27.1244   -92.5972      740    64.66     74.66      364.33
0278   138.5   950.0     25.01     96.4     225   305    33.40     27.27    -19.29     8     1.3     220     0   0   0   0    27.1244   -92.5971      722    64.80     74.82      364.39
0279   139.0   950.6     25.05     96.3     219   305    33.44     27.40    -19.17     8     1.4     214     0   0   0   3    27.1243   -92.5969      703    64.87     74.90      364.45
0280   139.5   951.2     25.09     96.3     214   305    33.44     27.49    -19.04     8     1.5     209     0   0   0   0    27.1242   -92.5968      685    64.88     74.91      364.51
0281   140.0   951.8     25.13     96.2     208   304    33.41     27.56    -18.89     8     1.5     203     0   0   0   0    27.1241   -92.5967      666    64.81     74.84      364.56
0282   140.5   952.4     25.17     96.1     203   304    33.34     27.60    -18.71     8     1.5     198     0   0   0   0    27.1240   -92.5965      648    64.68     74.68      364.62
0283   141.0   953.0     25.22     96.0     197   304    33.24     27.62    -18.50     8     1.5     192     0   0   0   0    27.1239   -92.5964      630    64.48     74.45      364.67
0284   141.5   953.6     25.27     95.9     192   303    33.11     27.62    -18.26     7     1.4     187     0   0   0   0    27.1238   -92.5963      612    64.24     74.18      364.73
0285   142.0   954.2     25.32     95.7     186   303    32.98     27.62    -18.01     7     1.4     181     0   0   0   0    27.1238   -92.5961      594    63.97     73.87      364.78
0286   142.5   954.8     25.37     95.6     180   303    32.83     27.62    -17.76     7     1.3     175     0   0   0   0    27.1237   -92.5960      575    63.70     73.55      364.84
0287   143.0   955.4     25.42     95.4     175   302    32.71     27.61    -17.55     7     1.1     170     0   0   0   0    27.1236   -92.5958      557    63.46     73.27      364.89
0288   143.5   956.1     25.48     95.2     169   302    32.61     27.60    -17.37     7     1.0     164     0   0   0   0    27.1235   -92.5957      538    63.26     73.04      364.95
0289   144.0   956.7     25.53     95.1     163   302    32.52     27.60    -17.19     8      .8     158     0   0   0   0    27.1235   -92.5956      518    63.08     72.84      365.00
0290   144.5   957.3     25.59     94.9     157   302    32.44     27.60    -17.05     8      .6     152     0   0   0   0    27.1234   -92.5954      499    62.93     72.66      365.06
0291   145.0   958.0     25.65     94.7     151   302    32.37     27.58    -16.95     7      .4     146     0   0   0   0    27.1233   -92.5953      479    62.80     72.51      365.11
0292   145.5   958.7     25.71     94.5     145   302    32.32     27.54    -16.91     7      .3     140     0   0   0   0    27.1232   -92.5952      459    62.69     72.39      365.17
0293   146.0   959.3     25.77     94.3     139   302    32.27     27.48    -16.92     7      .1     134     0   0   0   0    27.1231   -92.5950      438    62.60     72.28      365.23
0294   146.5   960.0     25.84     94.1     132   302    32.22     27.39    -16.97     7      .0     127     0   0   0   0    27.1231   -92.5949      418    62.52     72.18      365.30
0295   147.0   960.7     25.90     93.9     126   302    32.18     27.27    -17.08     6     -.1     121     0   0   0   3    27.1230   -92.5947      397    62.43     72.08      365.37
0296   147.5   961.4     25.96     93.7     119   302    32.13     27.13    -17.21     5     -.2     114     0   0   0   0    27.1229   -92.5946      376    62.33     71.96      365.45
0297   148.0   962.1     26.03     93.5     113   303    32.06     26.95    -17.36     5     -.2     108     0   0   0   0    27.1228   -92.5945      355    62.20     71.81      365.54
0298   148.5   962.8     26.10     93.3     107   303    31.98     26.77    -17.48     8     -.2     102     0   0   0   0    27.1228   -92.5943      333    62.03     71.63      365.63
0299   149.0   963.5     26.16     93.2     100   303    31.88     26.61    -17.55     8     -.3      95     0   0   0   0    27.1227   -92.5942      312    61.85     71.41      365.73
0300   149.5   964.2     26.23     93.0      94   303    31.76     26.49    -17.53     8     -.3      89     0   0   0   0    27.1226   -92.5941      291    61.62     71.15      365.84
0301   150.0   964.9     26.29     92.9      87   303    31.61     26.40    -17.38     8     -.3      82     0   0   0   0    27.1225   -92.5939      270    61.32     70.81      365.96
0302   150.5   965.6     26.36     92.7      81   303    31.38     26.34    -17.06     8     -.3      76     0   0   0   0    27.1224   -92.5938      249    60.88     70.30      366.10
0303   151.0   966.3     26.43     92.6      74   302    31.03     26.28    -16.51     7     -.4      69     0   0   0   0    27.1224   -92.5937      228    60.21     69.52      366.25
0304   151.5   967.0     26.50     92.5      68   301    30.51     26.16    -15.70     7     -.5      63     0   0   0   0    27.1223   -92.5935      206    59.20     68.35      366.43
0305   152.0   967.7     26.57     92.5      61   299    29.79     25.95    -14.62     7     -.7      56     0   0   0   0    27.1222   -92.5934      185    57.78     66.72      366.62
0306   152.5   968.4     26.65     92.4      55   297    28.87     25.63    -13.29     5    -1.0      50     0   0   0   0    27.1222   -92.5933      164    56.02     64.68      366.84
0307   153.0   969.1     26.72     92.3      48   295    27.77     25.19    -11.70     6    -1.4      43     0   0   0   0    27.1221   -92.5932      142    53.88     62.21      367.06
0308   153.5   969.9     26.80     92.2      41   292    26.55     24.58    -10.04     7    -1.6      36     0   0   0   0    27.1221   -92.5930      120    51.51     59.48      367.28
0309   154.0   970.7     26.89     92.1      34   291    25.33     23.61     -9.19     7    -1.4      29     0   0   0   0    27.1220   -92.5929       96    49.14     56.74      367.49
0310   154.5   971.5     26.97     92.0      26   295    24.05     21.80    -10.16     6    -1.5      21     0   0   0   0    27.1220   -92.5928       70    46.66     53.87      367.68
0311   155.0   972.4     27.05     91.6      18   300    23.74     20.50    -11.96     6    -1.6      13     0   0   0   0    27.1219   -92.5927       44    46.05     53.17      367.70
0312   155.5   973.2     27.11     91.1      11  -999  -999.00   -999.00   -999.00  -999    -1.7       6     0   0   0   0    27.1219   -92.5926       20  -999.00   -999.00      367.50
0313   156.0   973.8     27.18     90.8       6  -999  -999.00   -999.00   -999.00  -999    -1.7       1     0   0   0   0    27.1218   -92.5925        2  -999.00   -999.00      367.55
