 ===========================================================================
 DROPWINDSONDE PROCESSING RECORD                            Sonde: 044535350
 PDS file written Sep 23, 2005.                             Format:    V6.03
 Aircraft: N42RF                             Date: 050923   Time: 165531 UTC
 ---------------------------------------------------------------------------
 Bias corrections:  PR =    .0 mb  TE =    .0 C  RH =    .0 %  PRB =   .0 mb
 Filters (LPF):     PTH =  10 s    WIND =  10 s       Hyd anchor =       SFC
 Dyn RH correction =  N     WSHR COR =      Y         Splash PR  = -999.0 mb
 Estimated PR used =  Y     GPS VERR =    .96 m/s     HYD SFCP   = -999.0 mb
 Dyn T correction  =  Y     WGACORR  =    2.5 m       AC GA ADJ  =     .0 m
 ---------------------------------------------------------------------------
 COMMENTS: eyewall east                                                
 ===========================================================================

 ==============================================================================
 Date: 050923   Lat:  27.64 N   TA:   17.2 C   PS:  743.6 mb   WD:   181 deg
 Time: 165531   Lon:  91.81 W   TD:   14.7 C   GA:   2108 m    WS:  62.0 m/s
 SID:  044535350                RH:   85.2 %   Navaid:   GP          
 ===========================================================================

IX      t (s)  P (mb)    T (C)    RH (%)  Z (m)   WD    WS (m/s)   U (m/s)   V (m/s)  NS  WZ (m/s)  ZW (m)   FP  FT  FH  FW   LAT (N)    LON (E)  ZW (ft)  WS (kt)  WS (mph)  THETAE (K)
0001      .2   744.1     17.23   -999.0    -999   181    61.96      1.52     61.94  -999  -999.0    -999     3   3   0   3    27.6390   -91.8094     -999   120.21    138.80     -999.00
0002      .7   744.6     17.28   -999.0    -999   181    61.84      1.53     61.82  -999  -999.0    -999     3   3   0   3    27.6393   -91.8094     -999   119.97    138.52     -999.00
0003     1.2   745.1     17.32   -999.0    -999   181    61.80      1.54     61.78  -999  -999.0    -999     3   3   0   3    27.6395   -91.8094     -999   119.89    138.43     -999.00
0004     1.7   745.6     17.36   -999.0    -999   181    61.76      1.54     61.74  -999  -999.0    -999     3   3   0   3    27.6398   -91.8094     -999   119.82    138.35     -999.00
0005     2.2   746.1     17.40   -999.0    -999   181    61.74      1.56     61.72  -999  -999.0    -999     3   3   0   3    27.6401   -91.8094     -999   119.77    138.29     -999.00
0006     2.7   746.5     17.44   -999.0    -999   182    61.80      1.67     61.78  -999  -999.0    -999     3   3   0   3    27.6404   -91.8094     -999   119.90    138.44     -999.00
0007     3.2   747.0     17.48   -999.0    -999   182    61.95      1.85     61.92  -999  -999.0    -999     3   3   0   3    27.6407   -91.8093     -999   120.19    138.77     -999.00
0008     3.7   747.5     17.52   -999.0    -999   182    62.10      2.02     62.07     5  -999.0    -999     3   3   0   0    27.6409   -91.8093     -999   120.48    139.11     -999.00
0009     4.2   748.0     17.56   -999.0    -999   182    62.23      2.13     62.19     5  -999.0    -999     3   3   0   0    27.6412   -91.8093     -999   120.72    139.39     -999.00
0010     4.7   748.5     17.60   -999.0    -999   182    62.33      2.19     62.29     5  -999.0    -999     3   3   0   0    27.6415   -91.8093     -999   120.93    139.63     -999.00
0011     5.2   749.0     17.64   -999.0    -999   182    62.42      2.22     62.38     5  -999.0    -999     3   3   0   0    27.6418   -91.8093     -999   121.09    139.81     -999.00
0012     5.7   749.5     17.68   -999.0    -999   182    62.48      2.23     62.44     5  -999.0    -999     3   3   0   0    27.6421   -91.8093     -999   121.21    139.95     -999.00
0013     6.2   750.0     17.72   -999.0    -999   182    62.52      2.23     62.48     6  -999.0    -999     3   3   0   0    27.6423   -91.8093     -999   121.29    140.05     -999.00
0014     6.7   750.5     17.76   -999.0    -999   182    62.55      2.21     62.51     6  -999.0    -999     3   3   0   0    27.6426   -91.8093     -999   121.35    140.11     -999.00
0015     7.2   751.0     17.79   -999.0    -999   182    62.57      2.19     62.53     6  -999.0    -999     3   3   0   0    27.6429   -91.8093     -999   121.38    140.15     -999.00
0016     7.7   751.5     17.83   -999.0    -999   182    62.58      2.14     62.54     6  -999.0    -999     3   3   0   0    27.6432   -91.8093     -999   121.40    140.18     -999.00
0017     8.2   752.0     17.87   -999.0    -999   182    62.59      2.08     62.55     6  -999.0    -999     3   3   0   0    27.6435   -91.8093     -999   121.42    140.19     -999.00
0018     8.7   752.4     17.91   -999.0    -999   182    62.59      2.00     62.56     6  -999.0    -999     3   3   0   0    27.6438   -91.8093     -999   121.43    140.21     -999.00
0019     9.2   752.9     17.95   -999.0    -999   182    62.61      1.90     62.58     6  -999.0    -999     3   3   0   0    27.6440   -91.8093     -999   121.46    140.24     -999.00
0020     9.7   753.4     17.99   -999.0    -999   182    62.63      1.79     62.61     6  -999.0    -999     3   3   0   0    27.6443   -91.8092     -999   121.51    140.30     -999.00
0021    10.2   753.9     18.03   -999.0    -999   182    62.68      1.68     62.65     6  -999.0    -999     3   3   0   0    27.6446   -91.8092     -999   121.59    140.40     -999.00
0022    10.7   754.4     18.07   -999.0    -999   181    62.74      1.56     62.72     6  -999.0    -999     3   3   0   0    27.6449   -91.8092     -999   121.71    140.53     -999.00
0023    11.2   754.9     18.11   -999.0    -999   181    62.82      1.45     62.80     6  -999.0    -999     3   3   0   0    27.6452   -91.8092     -999   121.86    140.71     -999.00
0024    11.7   755.4     18.15   -999.0    -999   181    62.91      1.34     62.89     6  -999.0    -999     3   3   0   0    27.6454   -91.8092     -999   122.04    140.91     -999.00
0025    12.2   755.9     18.19   -999.0    -999   181    63.01      1.26     63.00     6  -999.0    -999     3   3   0   0    27.6457   -91.8092     -999   122.24    141.14     -999.00
0026    12.7   756.4     18.23   -999.0    -999   181    63.11      1.19     63.10     6  -999.0    -999     3   3   0   0    27.6460   -91.8092     -999   122.44    141.38     -999.00
0027    13.2   756.9     18.26   -999.0    -999   181    63.22      1.13     63.21     6  -999.0    -999     3   3   0   0    27.6463   -91.8092     -999   122.64    141.60     -999.00
0028    13.7   757.3     18.30   -999.0    -999   181    63.31      1.10     63.30     6  -999.0    -999     3   3   0   0    27.6466   -91.8092     -999   122.82    141.81     -999.00
0029    14.2   757.8     18.33   -999.0    -999   181    63.39      1.06     63.38     6  -999.0    -999     3   3   0   0    27.6469   -91.8092     -999   122.98    142.00     -999.00
0030    14.7   758.3     18.36   -999.0    -999   181    63.46      1.04     63.45     6  -999.0    -999     0   0   0   0    27.6472   -91.8092     -999   123.11    142.15     -999.00
0031    15.2   758.8     18.40   -999.0    -999   181    63.50      1.01     63.49     6  -999.0    -999     0   0   0   0    27.6474   -91.8092     -999   123.19    142.24     -999.00
0032    15.7   759.2     18.43   -999.0    -999   181    63.52       .97     63.51     6     3.5    -999     0   0   0   0    27.6477   -91.8092     -999   123.23    142.28     -999.00
0033    16.2   759.7     18.46   -999.0    -999   181    63.51       .92     63.51     6     3.5    -999     0   0   0   0    27.6480   -91.8092     -999   123.22    142.27     -999.00
0034    16.7   760.1     18.48   -999.0    -999   181    63.48       .86     63.48     6     3.6    -999     0   0   0   0    27.6483   -91.8091     -999   123.16    142.20     -999.00
0035    17.2   760.6     18.51   -999.0    -999   181    63.44       .79     63.43     6     3.6    -999     0   0   0   0    27.6486   -91.8091     -999   123.07    142.10     -999.00
0036    17.7   761.1     18.53   -999.0    -999   181    63.37       .70     63.37     6     3.6    -999     0   0   0   0    27.6489   -91.8091     -999   122.95    141.96     -999.00
0037    18.2   761.5     18.56   -999.0    -999   181    63.30       .60     63.30     6     3.5    -999     0   0   0   0    27.6492   -91.8091     -999   122.81    141.80     -999.00
0038    18.7   762.0     18.58   -999.0    -999   180    63.23       .49     63.23     6     3.5    -999     0   0   0   0    27.6495   -91.8091     -999   122.67    141.64     -999.00
0039    19.2   762.4     18.61   -999.0    -999   180    63.17       .38     63.17     6     3.5    -999     0   0   0   0    27.6497   -91.8091     -999   122.54    141.49     -999.00
0040    19.7   762.9     18.63     97.2    -999   180    63.11       .26     63.11     6     3.4    -999     0   0   0   0    27.6500   -91.8091     -999   122.43    141.37      370.19
0041    20.2   763.4     18.65     97.1    -999   180    63.07       .14     63.07     6     3.4    -999     0   0   0   0    27.6503   -91.8091     -999   122.35    141.27      370.12
0042    20.7   763.9     18.67     97.1    -999   180    63.04       .04     63.04     6     3.3    -999     0   0   0   0    27.6506   -91.8091     -999   122.30    141.22      370.11
0043    21.2   764.3     18.69     97.1    -999   180    63.04      -.06     63.04     6     3.3    -999     0   0   0   0    27.6509   -91.8091     -999   122.30    141.21      370.12
0044    21.7   764.8     18.71     97.1    -999   180    63.06      -.15     63.06     6     3.3    -999     0   0   0   0    27.6512   -91.8091     -999   122.33    141.25      370.12
0045    22.2   765.3     18.73     97.1    -999   180    63.10      -.23     63.10     6     3.3    -999     0   0   0   0    27.6514   -91.8091     -999   122.41    141.33      370.12
0046    22.7   765.8     18.75     97.1    -999   180    63.16      -.29     63.16     6     3.3    -999     0   0   0   0    27.6517   -91.8091     -999   122.52    141.47      370.12
0047    23.2   766.2     18.77     97.1    -999   180    63.24      -.34     63.24     6     3.3    -999     0   0   0   0    27.6520   -91.8091     -999   122.68    141.65      370.13
0048    23.7   766.7     18.80     97.1    -999   180    63.34      -.39     63.34     7     3.3    -999     0   0   0   0    27.6523   -91.8091     -999   122.87    141.88      370.14
0049    24.2   767.2     18.82     97.2    -999   180    63.46      -.42     63.45     7     3.3    -999     0   0   0   0    27.6526   -91.8091     -999   123.10    142.14      370.15
0050    24.7   767.7     18.84     97.2    -999   180    63.59      -.46     63.59     7     3.3    -999     0   0   0   0    27.6529   -91.8091     -999   123.37    142.44      370.16
0051    25.2   768.1     18.86     97.2    -999   180    63.74      -.49     63.74     7     3.4    -999     0   0   0   0    27.6532   -91.8091     -999   123.66    142.78      370.17
0052    25.7   768.6     18.88     97.2    -999   180    63.90      -.52     63.90     7     3.4    -999     0   0   0   0    27.6534   -91.8091     -999   123.97    143.14      370.18
0053    26.2   769.1     18.90     97.2    -999   180    64.07      -.56     64.07     7     3.4    -999     0   0   0   0    27.6537   -91.8091     -999   124.30    143.52      370.19
0054    26.7   769.5     18.92     97.2    -999   179    64.25      -.60     64.24     7     3.4    -999     0   0   0   0    27.6540   -91.8091     -999   124.64    143.91      370.20
0055    27.2   770.0     18.94     97.2    -999   179    64.43      -.65     64.42     7     3.4    -999     0   0   0   0    27.6543   -91.8091     -999   124.99    144.31      370.21
0056    27.7   770.5     18.97     97.2    -999   179    64.60      -.70     64.60     7     3.4    -999     0   0   0   0    27.6546   -91.8091     -999   125.33    144.71      370.22
0057    28.2   770.9     18.99     97.3    -999   179    64.77      -.76     64.77     7     3.4    -999     0   0   0   0    27.6549   -91.8091     -999   125.65    145.09      370.23
0058    28.7   771.4     19.01     97.3    -999   179    64.93      -.82     64.92     7     3.4    -999     0   0   0   0    27.6552   -91.8092     -999   125.96    145.44      370.24
0059    29.2   771.9     19.03     97.3    -999   179    65.07      -.88     65.07     7     3.4    -999     0   0   0   0    27.6555   -91.8092     -999   126.24    145.76      370.24
0060    29.7   772.3     19.05     97.3    -999   179    65.20      -.95     65.19     7     3.4    -999     0   0   0   0    27.6558   -91.8092     -999   126.48    146.04      370.24
0061    30.2   772.8     19.07     97.3    -999   179    65.30     -1.02     65.29     7     3.4    -999     0   0   0   0    27.6561   -91.8092     -999   126.68    146.27      370.24
0062    30.7   773.3     19.09     97.3    -999   179    65.38     -1.09     65.37     7     3.4    -999     0   0   0   0    27.6564   -91.8092     -999   126.84    146.45      370.23
0063    31.2   773.7     19.11     97.3    -999   179    65.44     -1.16     65.43     7     3.3    -999     0   0   0   0    27.6567   -91.8092     -999   126.95    146.58      370.23
0064    31.7   774.2     19.13     97.3    -999   179    65.48     -1.23     65.46     7     3.3    -999     0   0   0   0    27.6570   -91.8092     -999   127.02    146.67      370.22
0065    32.2   774.7     19.15     97.3    -999   179    65.50     -1.30     65.48     7     3.3    -999     0   0   0   0    27.6573   -91.8092     -999   127.06    146.71      370.21
0066    32.7   775.2     19.16     97.3    -999   179    65.50     -1.36     65.49     7     3.3    -999     0   0   0   0    27.6576   -91.8092     -999   127.08    146.73      370.20
0067    33.2   775.6     19.18     97.3    -999   179    65.50     -1.42     65.48     7     3.4    -999     0   0   0   0    27.6578   -91.8092     -999   127.07    146.72      370.19
0068    33.7   776.1     19.20     97.3    -999   179    65.49     -1.47     65.47     7     3.4    -999     0   0   0   0    27.6581   -91.8092     -999   127.05    146.70      370.19
0069    34.2   776.6     19.22     97.3    -999   179    65.48     -1.52     65.46     7     3.4    -999     0   0   0   0    27.6584   -91.8092     -999   127.03    146.68      370.18
0070    34.7   777.1     19.24     97.3    -999   179    65.47     -1.57     65.45     7     3.4    -999     0   0   0   0    27.6587   -91.8092     -999   127.01    146.66      370.18
0071    35.2   777.5     19.26     97.3    -999   179    65.47     -1.61     65.45     7     3.4    -999     0   0   0   0    27.6590   -91.8092     -999   127.00    146.64      370.18
0072    35.7   778.0     19.28     97.4    -999   179    65.46     -1.64     65.44     7     3.5    -999     0   0   0   0    27.6593   -91.8093     -999   127.00    146.64      370.18
0073    36.2   778.5     19.30     97.4    -999   179    65.47     -1.68     65.44     7     3.5    -999     0   0   0   0    27.6596   -91.8093     -999   127.00    146.64      370.18
0074    36.7   778.9     19.32     97.4    -999   179    65.47     -1.71     65.45     7     3.5    -999     0   0   0   0    27.6599   -91.8093     -999   127.01    146.65      370.19
0075    37.2   779.4     19.34     97.4    -999   178    65.47     -1.75     65.45     7     3.6    -999     0   0   0   0    27.6602   -91.8093     -999   127.01    146.65      370.20
0076    37.7   779.8     19.36     97.4    -999   178    65.47     -1.79     65.44     7     3.6    -999     0   0   0   0    27.6605   -91.8093     -999   127.01    146.65      370.21
0077    38.2   780.3     19.38     97.4    -999   178    65.46     -1.83     65.44     7     3.6    -999     0   0   0   0    27.6608   -91.8093     -999   126.99    146.63      370.22
0078    38.7   780.8     19.40     97.4    -999   178    65.44     -1.89     65.42     7     3.6    -999     0   0   0   3    27.6611   -91.8093     -999   126.96    146.59      370.24
0079    39.2   781.2     19.42     97.5    -999   178    65.42     -1.95     65.39     7     3.6    -999     0   0   0   0    27.6614   -91.8093     -999   126.91    146.53      370.25
0080    39.7   781.7     19.44     97.5    -999   178    65.38     -2.02     65.35     7     3.6    -999     0   0   0   0    27.6617   -91.8093     -999   126.84    146.45      370.27
0081    40.2   782.1     19.46     97.5    -999   178    65.33     -2.11     65.30     7     3.6    -999     0   0   0   0    27.6620   -91.8093     -999   126.75    146.34      370.28
0082    40.7   782.6     19.48     97.5    -999   178    65.28     -2.21     65.24     7     3.5    -999     0   0   0   3    27.6623   -91.8093     -999   126.64    146.22      370.30
0083    41.2   783.1     19.50     97.5    -999   178    65.22     -2.32     65.18     7     3.5    -999     0   0   0   0    27.6626   -91.8093     -999   126.52    146.09      370.31
0084    41.7   783.5     19.53     97.5    -999   178    65.16     -2.44     65.11     7     3.4    -999     0   0   0   0    27.6629   -91.8094     -999   126.40    145.95      370.33
0085    42.2   784.0     19.55     97.5    -999   178    65.09     -2.57     65.04     7     3.3    -999     0   0   0   0    27.6632   -91.8094     -999   126.28    145.81      370.34
0086    42.7   784.5     19.57     97.5    -999   178    65.03     -2.69     64.97     7     3.3    -999     0   0   0   3    27.6635   -91.8094     -999   126.16    145.67      370.36
0087    43.2   785.0     19.59     97.6    -999   178    64.97     -2.82     64.91     7     3.2    -999     0   0   0   0    27.6637   -91.8094     -999   126.04    145.53      370.38
0088    43.7   785.5     19.62     97.6    -999   177    64.90     -2.95     64.84     7     3.1    -999     0   0   0   0    27.6640   -91.8094     -999   125.91    145.38      370.40
0089    44.2   785.9     19.64     97.6    -999   177    64.84     -3.06     64.76     7     3.0    -999     0   0   0   0    27.6643   -91.8094     -999   125.78    145.23      370.42
0090    44.7   786.4     19.67     97.6    -999   177    64.76     -3.17     64.69     7     2.9    -999     0   0   0   3    27.6646   -91.8095     -999   125.64    145.07      370.44
0091    45.2   786.9     19.69     97.6    -999   177    64.68     -3.26     64.60     7     2.8    -999     0   0   0   0    27.6649   -91.8095     -999   125.49    144.89      370.47
0092    45.7   787.4     19.72     97.6    -999   177    64.59     -3.34     64.51     7     2.8    -999     0   0   0   0    27.6652   -91.8095     -999   125.31    144.69      370.49
0093    46.2   787.9     19.75     97.6    -999   177    64.49     -3.40     64.40     7     2.7    -999     0   0   0   0    27.6655   -91.8095     -999   125.11    144.46      370.51
0094    46.7   788.4     19.77     97.6    -999   177    64.38     -3.46     64.29     7     2.7    -999     0   0   0   0    27.6658   -91.8095     -999   124.90    144.21      370.54
0095    47.2   788.9     19.80     97.6    -999   177    64.26     -3.50     64.16     7     2.7    -999     0   0   0   0    27.6661   -91.8095     -999   124.66    143.94      370.56
0096    47.7   789.5     19.82     97.6    -999   177    64.13     -3.53     64.04     7     2.6    -999     0   0   0   0    27.6664   -91.8095     -999   124.42    143.66      370.57
0097    48.2   790.0     19.85     97.6    -999   177    64.01     -3.55     63.91     7     2.6    -999     0   0   0   0    27.6667   -91.8096     -999   124.17    143.37      370.59
0098    48.7   790.5     19.87     97.6    -999   177    63.88     -3.57     63.78     7     2.6    -999     0   0   0   3    27.6669   -91.8096     -999   123.93    143.10      370.60
0099    49.2   791.0     19.89     97.6    -999   177    63.77     -3.59     63.67     7     2.6    -999     0   0   0   0    27.6672   -91.8096     -999   123.72    142.85      370.60
0100    49.7   791.5     19.91     97.6    -999   177    63.67     -3.60     63.57     7     2.6    -999     0   0   0   3    27.6675   -91.8096     -999   123.53    142.63      370.60
0101    50.2   792.0     19.94     97.6    -999   177    63.59     -3.63     63.49     7     2.6    -999     0   0   0   3    27.6678   -91.8096     -999   123.37    142.45      370.60
0102    50.7   792.5     19.96     97.6    -999   177    63.54     -3.66     63.43     7     2.6    -999     0   0   0   0    27.6681   -91.8096     -999   123.26    142.33      370.60
0103    51.2   793.0     19.98     97.6    -999   177    63.50     -3.69     63.40     7     2.6    -999     0   0   0   0    27.6684   -91.8097     -999   123.20    142.25      370.59
0104    51.7   793.5     19.99     97.6    -999   177    63.49     -3.74     63.38     7     2.6    -999     0   0   0   0    27.6687   -91.8097     -999   123.17    142.22      370.58
0105    52.2   794.0     20.01     97.6    -999   177    63.49     -3.80     63.38     7     2.6    -999     0   0   0   0    27.6689   -91.8097     -999   123.18    142.23      370.57
0106    52.7   794.5     20.03     97.6    -999   177    63.51     -3.87     63.39     7     2.6    -999     0   0   0   0    27.6692   -91.8097     -999   123.21    142.26      370.56
0107    53.2   795.1     20.05     97.6    -999   176    63.54     -3.96     63.41     7     2.6    -999     0   0   0   0    27.6695   -91.8097     -999   123.26    142.32      370.55
0108    53.7   795.6     20.07     97.6    -999   176    63.56     -4.05     63.43     7     2.6    -999     0   0   0   0    27.6698   -91.8098     -999   123.31    142.38      370.54
0109    54.2   796.1     20.09     97.6    -999   176    63.59     -4.15     63.45     7     2.6    -999     0   0   0   0    27.6701   -91.8098     -999   123.36    142.44      370.54
0110    54.7   796.6     20.11     97.6    -999   176    63.61     -4.26     63.46     7     2.6    -999     0   0   0   0    27.6704   -91.8098     -999   123.40    142.48      370.53
0111    55.2   797.1     20.13     97.6    -999   176    63.62     -4.38     63.46     7     2.5    -999     0   0   0   0    27.6707   -91.8098     -999   123.41    142.50      370.53
0112    55.7   797.6     20.15     97.7    -999   176    63.61     -4.50     63.45     7     2.5    -999     0   0   0   0    27.6709   -91.8099     -999   123.41    142.49      370.53
0113    56.2   798.1     20.18     97.7    -999   176    63.60     -4.62     63.43     7     2.5    -999     0   0   0   0    27.6712   -91.8099     -999   123.38    142.46      370.54
0114    56.7   798.6     20.20     97.7    -999   176    63.57     -4.74     63.40     7     2.5    -999     0   0   0   0    27.6715   -91.8099     -999   123.33    142.40      370.54
0115    57.2   799.2     20.22     97.7    -999   176    63.54     -4.85     63.35     7     2.5    -999     0   0   0   0    27.6718   -91.8099     -999   123.26    142.32      370.55
0116    57.7   799.7     20.24     97.7    -999   176    63.49     -4.95     63.30     7     2.5    -999     0   0   0   0    27.6721   -91.8099     -999   123.17    142.22      370.56
0117    58.2   800.2     20.27     97.7    -999   175    63.44     -5.04     63.23     7     2.5    -999     0   0   0   0    27.6724   -91.8100     -999   123.06    142.10      370.58
0118    58.7   800.7     20.29     97.7    -999   175    63.37     -5.12     63.17     7     2.5    -999     0   0   0   0    27.6727   -91.8100     -999   122.94    141.95      370.59
0119    59.2   801.2     20.31     97.7    -999   175    63.30     -5.18     63.09     7     2.5    -999     0   0   0   0    27.6729   -91.8100     -999   122.80    141.79      370.61
0120    59.7   801.8     20.34     97.8    -999   175    63.22     -5.23     63.00     7     2.5    -999     0   0   0   0    27.6732   -91.8100     -999   122.65    141.61      370.64
0121    60.2   802.3     20.36     97.8    -999   175    63.13     -5.26     62.91     7     2.5    -999     0   0   0   0    27.6735   -91.8101     -999   122.48    141.42      370.66
0122    60.7   802.8     20.39     97.8    -999   175    63.03     -5.28     62.81     7     2.6    -999     0   0   0   0    27.6738   -91.8101     -999   122.28    141.19      370.69
0123    61.2   803.3     20.41     97.8    -999   175    62.92     -5.29     62.70     7     2.6    -999     0   0   0   3    27.6741   -91.8101     -999   122.07    140.95      370.71
0124    61.7   803.8     20.44     97.8    -999   175    62.80     -5.29     62.58     7     2.7    -999     0   0   0   0    27.6744   -91.8102     -999   121.84    140.68      370.74
0125    62.2   804.3     20.46     97.8    -999   175    62.67     -5.30     62.45     7     2.8    -999     0   0   0   0    27.6746   -91.8102     -999   121.59    140.39      370.76
0126    62.7   804.8     20.49     97.8    -999   175    62.54     -5.30     62.31     7     2.9    -999     0   0   0   0    27.6749   -91.8102     -999   121.32    140.08      370.78
0127    63.2   805.3     20.51     97.9    -999   175    62.39     -5.30     62.16     7     3.0    -999     0   0   0   3    27.6752   -91.8102     -999   121.04    139.75      370.80
0128    63.7   805.8     20.53     97.9    -999   175    62.24     -5.31     62.02     7     3.0    -999     0   0   0   0    27.6755   -91.8103     -999   120.75    139.43      370.82
0129    64.2   806.3     20.55     97.9    -999   175    62.10     -5.32     61.87     7     3.1    -999     0   0   0   0    27.6758   -91.8103     -999   120.48    139.11      370.83
0130    64.7   806.8     20.58     97.9    -999   175    61.97     -5.33     61.74     7     3.2    -999     0   0   0   3    27.6760   -91.8103     -999   120.22    138.81      370.84
0131    65.2   807.3     20.60     97.9    -999   175    61.85     -5.35     61.62     7     3.2    -999     0   0   0   3    27.6763   -91.8104     -999   119.99    138.55      370.85
0132    65.7   807.7     20.62     97.9    -999   175    61.76     -5.36     61.53     7     3.3    -999     0   0   0   0    27.6766   -91.8104     -999   119.81    138.34      370.85
0133    66.2   808.2     20.64     97.9    -999   175    61.69     -5.37     61.46     7     3.3    -999     0   0   0   0    27.6769   -91.8104     -999   119.68    138.19      370.85
0134    66.7   808.7     20.66     97.9    -999   175    61.65     -5.36     61.42     7     3.3    -999     0   0   0   3    27.6772   -91.8105     -999   119.61    138.10      370.85
0135    67.2   809.2     20.68     97.9    -999   175    61.65     -5.35     61.41     7     3.3    -999     0   0   0   0    27.6774   -91.8105     -999   119.59    138.09      370.85
0136    67.7   809.7     20.70     97.9    -999   175    61.67     -5.32     61.44     7     3.2    -999     0   0   0   0    27.6777   -91.8105     -999   119.64    138.14      370.85
0137    68.2   810.2     20.72     97.9    -999   175    61.72     -5.28     61.49     7     3.2    -999     0   0   0   0    27.6780   -91.8105     -999   119.74    138.25      370.85
0138    68.7   810.6     20.74     97.9    -999   175    61.79     -5.22     61.57     7     3.2    -999     0   0   0   0    27.6783   -91.8106     -999   119.88    138.42      370.85
0139    69.2   811.1     20.76     97.9    -999   175    61.88     -5.16     61.67     7     3.1    -999     0   0   0   0    27.6785   -91.8106     -999   120.06    138.62      370.85
0140    69.7   811.6     20.78     97.9    -999   175    61.98     -5.10     61.77     7     3.0    -999     0   0   0   0    27.6788   -91.8106     -999   120.25    138.85      370.86
0141    70.2   812.1     20.80     97.9    -999   175    62.09     -5.05     61.88     7     3.0    -999     0   0   0   3    27.6791   -91.8106     -999   120.45    139.08      370.87
0142    70.7   812.6     20.82     97.9    -999   175    62.19     -5.01     61.99     7     2.9    -999     0   0   0   3    27.6794   -91.8107     -999   120.64    139.30      370.88
0143    71.2   813.1     20.84     97.9    -999   175    62.28     -4.99     62.08     7     2.8    -999     0   0   0   0    27.6797   -91.8107     -999   120.81    139.50      370.89
0144    71.7   813.6     20.87     97.9    -999   175    62.35     -5.00     62.15     6     2.7    -999     0   0   0   0    27.6799   -91.8107     -999   120.95    139.66      370.91
0145    72.2   814.1     20.89     97.9    -999   175    62.40     -5.05     62.20     6     2.6    -999     0   0   0   0    27.6802   -91.8107     -999   121.06    139.78      370.92
0146    72.7   814.6     20.91     97.9    -999   175    62.43     -5.14     62.22     7     2.5    -999     0   0   0   0    27.6805   -91.8108     -999   121.11    139.84      370.95
0147    73.2   815.2     20.94     97.9    -999   175    62.44     -5.26     62.21     7     2.4    -999     0   0   0   0    27.6808   -91.8108     -999   121.13    139.86      370.97
0148    73.7   815.7     20.97     97.9    -999   175    62.42     -5.42     62.19     7     2.3    -999     0   0   0   0    27.6811   -91.8108     -999   121.10    139.82      370.99
0149    74.2   816.2     20.99     98.0    -999   175    62.38     -5.59     62.13     7     2.2    -999     0   0   0   0    27.6813   -91.8108     -999   121.02    139.74      371.02
0150    74.7   816.8     21.02     98.0    -999   175    62.33     -5.78     62.06     7     2.1    -999     0   0   0   0    27.6816   -91.8109     -999   120.92    139.61      371.04
0151    75.2   817.3     21.04     98.0    -999   175    62.26     -5.96     61.97     7     2.1    -999     0   0   0   0    27.6819   -91.8109     -999   120.78    139.45      371.07
0152    75.7   817.8     21.07     98.0    -999   174    62.17     -6.13     61.87     7     2.1    -999     0   0   0   3    27.6822   -91.8109     -999   120.61    139.26      371.10
0153    76.2   818.4     21.10     98.0    -999   174    62.07     -6.28     61.75     6     2.1    -999     0   0   0   0    27.6825   -91.8110     -999   120.42    139.04      371.12
0154    76.7   818.9     21.12     98.0    -999   174    61.96     -6.39     61.63     6     2.1    -999     0   0   0   3    27.6827   -91.8110     -999   120.21    138.80      371.14
0155    77.2   819.5     21.15     98.0    -999   174    61.84     -6.46     61.51     6     2.1    -999     0   0   0   0    27.6830   -91.8110     -999   119.98    138.53      371.16
0156    77.7   820.0     21.17     98.0    -999   174    61.71     -6.48     61.37     7     2.2    -999     0   0   0   0    27.6833   -91.8111     -999   119.72    138.24      371.17
0157    78.2   820.5     21.19     98.0    -999   174    61.57     -6.46     61.23     7     2.3    -999     0   0   0   0    27.6836   -91.8111     -999   119.45    137.92      371.18
0158    78.7   821.1     21.22     98.0    -999   174    61.42     -6.41     61.09     7     2.4    -999     0   0   0   0    27.6838   -91.8111     -999   119.16    137.59      371.19
0159    79.2   821.6     21.24     98.0    -999   174    61.26     -6.32     60.94     7     2.5    -999     0   0   0   3    27.6841   -91.8111     -999   118.85    137.23      371.19
0160    79.7   822.1     21.26     98.0    -999   174    61.10     -6.21     60.78     7     2.6    -999     0   0   0   0    27.6844   -91.8112     -999   118.53    136.86      371.20
0161    80.2   822.6     21.28     98.0    -999   174    60.92     -6.09     60.62     7     2.7    -999     0   0   0   0    27.6847   -91.8112     -999   118.19    136.47      371.20
0162    80.7   823.1     21.30     98.0    -999   174    60.75     -5.97     60.45     7     2.9    -999     0   0   0   0    27.6849   -91.8112     -999   117.85    136.08      371.20
0163    81.2   823.6     21.32     98.0    -999   174    60.57     -5.86     60.29     7     2.9    -999     0   0   0   0    27.6852   -91.8113     -999   117.51    135.68      371.19
0164    81.7   824.1     21.34     98.0    -999   175    60.39     -5.77     60.12     7     3.0    -999     0   0   0   0    27.6855   -91.8113     -999   117.16    135.28      371.19
0165    82.2   824.6     21.36     98.0    -999   175    60.22     -5.70     59.95     7     3.1    -999     0   0   0   0    27.6858   -91.8113     -999   116.83    134.90      371.19
0166    82.7   825.1     21.38     98.0    -999   175    60.06     -5.66     59.79     7     3.1    -999     0   0   0   0    27.6860   -91.8114     -999   116.51    134.53      371.20
0167    83.2   825.6     21.40     98.0    -999   175    59.91     -5.65     59.64     7     3.2    -999     0   0   0   0    27.6863   -91.8114     -999   116.22    134.19      371.20
0168    83.7   826.1     21.42     98.0    -999   175    59.77     -5.66     59.50     7     3.2    -999     0   0   0   3    27.6866   -91.8114     -999   115.96    133.89      371.20
0169    84.2   826.6     21.44     98.0    -999   175    59.66     -5.69     59.38     7     3.2    -999     0   0   0   0    27.6868   -91.8114     -999   115.73    133.63      371.21
0170    84.7   827.1     21.46     98.0    -999   174    59.56     -5.73     59.28     7     3.2    -999     0   0   0   3    27.6871   -91.8115     -999   115.54    133.41      371.21
0171    85.2   827.5     21.48     98.1    -999   174    59.48     -5.78     59.20     7     3.2    -999     0   0   0   0    27.6874   -91.8115     -999   115.40    133.25      371.21
0172    85.7   828.0     21.50     98.1    -999   174    59.43     -5.83     59.15     7     3.2    -999     0   0   0   3    27.6876   -91.8115     -999   115.30    133.13      371.21
0173    86.2   828.5     21.52     98.1    -999   174    59.40     -5.89     59.11     7     3.2    -999     0   0   0   3    27.6879   -91.8116     -999   115.24    133.07      371.21
0174    86.7   829.0     21.53     98.1    -999   174    59.39     -5.93     59.10     7     3.2    -999     0   0   0   0    27.6882   -91.8116     -999   115.23    133.04      371.20
0175    87.2   829.5     21.55     98.1    -999   174    59.40     -5.97     59.10     7     3.3    -999     0   0   0   3    27.6884   -91.8116     -999   115.24    133.06      371.19
0176    87.7   830.0     21.57     98.1    -999   174    59.42     -6.00     59.12     7     3.3    -999     0   0   0   0    27.6887   -91.8117     -999   115.28    133.11      371.18
0177    88.2   830.5     21.58     98.1    -999   174    59.45     -6.03     59.15     7     3.3    -999     0   0   0   0    27.6890   -91.8117     -999   115.34    133.18      371.16
0178    88.7   830.9     21.60     98.1    -999   174    59.49     -6.04     59.18     7     3.3    -999     0   0   0   3    27.6892   -91.8117     -999   115.41    133.26      371.13
0179    89.2   831.4     21.61     98.1    -999   174    59.53     -6.06     59.22     7     3.3    -999     0   0   0   0    27.6895   -91.8118     -999   115.49    133.35      371.11
0180    89.7   831.9     21.63     98.1    -999   174    59.57     -6.08     59.26     7     3.3    -999     0   0   0   0    27.6898   -91.8118     -999   115.57    133.44      371.09
0181    90.2   832.4     21.64     98.1    -999   174    59.61     -6.09     59.29     7     3.4    -999     0   0   0   0    27.6900   -91.8118     -999   115.64    133.52      371.06
0182    90.7   832.9     21.66     98.1    -999   174    59.63     -6.12     59.32     7     3.4    -999     0   0   0   0    27.6903   -91.8118     -999   115.69    133.58      371.04
0183    91.2   833.4     21.67     98.1    -999   174    59.65     -6.15     59.33     7     3.4    -999     0   0   0   0    27.6906   -91.8119     -999   115.72    133.62      371.02
0184    91.7   833.8     21.69     98.1    -999   174    59.66     -6.18     59.34     7     3.4    -999     0   0   0   0    27.6908   -91.8119     -999   115.73    133.63      371.01
0185    92.2   834.3     21.71     98.1    -999   174    59.65     -6.22     59.32     7     3.4    -999     0   0   0   0    27.6911   -91.8119     -999   115.72    133.61      371.00
0186    92.7   834.8     21.73     98.1    -999   174    59.63     -6.25     59.30     7     3.4    -999     0   0   0   0    27.6914   -91.8120     -999   115.67    133.56      371.00
0187    93.2   835.3     21.74     98.1    -999   174    59.59     -6.29     59.26     7     3.4    -999     0   0   0   3    27.6916   -91.8120     -999   115.60    133.48      371.00
0188    93.7   835.7     21.76     98.1    -999   174    59.54     -6.32     59.21     7     3.4    -999     0   0   0   0    27.6919   -91.8120     -999   115.51    133.38      371.00
0189    94.2   836.2     21.78     98.1    -999   174    59.49     -6.34     59.15     7     3.4    -999     0   0   0   3    27.6922   -91.8121     -999   115.41    133.25      371.01
0190    94.7   836.7     21.80     98.1    -999   174    59.43     -6.35     59.09     7     3.4    -999     0   0   0   0    27.6924   -91.8121     -999   115.29    133.12      371.02
0191    95.2   837.2     21.82     98.1    -999   174    59.37     -6.33     59.03     7     3.3    -999     0   0   0   0    27.6927   -91.8121     -999   115.18    132.99      371.03
0192    95.7   837.7     21.85     98.1    -999   174    59.32     -6.29     58.98     7     3.3    -999     0   0   0   0    27.6930   -91.8121     -999   115.07    132.87      371.04
0193    96.2   838.2     21.87     98.1    -999   174    59.27     -6.22     58.94     7     3.2    -999     0   0   0   3    27.6932   -91.8122     -999   114.99    132.77      371.05
0194    96.7   838.6     21.88     98.1    -999   174    59.24     -6.12     58.92     7     3.2    -999     0   0   0   0    27.6935   -91.8122     -999   114.93    132.70      371.05
0195    97.2   839.1     21.90     98.1    -999   174    59.22     -6.00     58.92     7     3.2    -999     0   0   0   0    27.6938   -91.8122     -999   114.89    132.66      371.05
0196    97.7   839.6     21.92     98.1    -999   174    59.22     -5.85     58.93     7     3.1    -999     0   0   0   3    27.6940   -91.8123     -999   114.90    132.66      371.04
0197    98.2   840.1     21.94     98.1    -999   174    59.24     -5.69     58.97     7     3.1    -999     0   0   0   0    27.6943   -91.8123     -999   114.93    132.70      371.03
0198    98.7   840.6     21.95     98.1    -999   175    59.28     -5.52     59.02     7     3.1    -999     0   0   0   3    27.6946   -91.8123     -999   114.99    132.78      371.01
0199    99.2   841.1     21.97     98.2    -999   175    59.32     -5.35     59.07     7     3.0    -999     0   0   0   0    27.6948   -91.8124     -999   115.07    132.87      370.99
0200    99.7   841.6     21.98     98.2    -999   175    59.36     -5.20     59.13     7     3.0    -999     0   0   0   3    27.6951   -91.8124     -999   115.16    132.97      370.97
0201   100.2   842.1     22.00     98.2    -999   175    59.40     -5.08     59.18     7     3.0    -999     0   0   0   3    27.6954   -91.8124     -999   115.24    133.05      370.95
0202   100.7   842.6     22.01     98.2    -999   175    59.43     -4.99     59.21     7     3.1    -999     0   0   0   3    27.6956   -91.8124     -999   115.28    133.11      370.92
0203   101.2   843.1     22.03     98.2    -999   175    59.43     -4.96     59.22     7     3.1    -999     0   0   0   3    27.6959   -91.8125     -999   115.29    133.12      370.89
0204   101.7   843.6     22.04     98.2    -999   175    59.41     -4.98     59.20     7     3.1    -999     0   0   0   0    27.6962   -91.8125     -999   115.25    133.08      370.87
0205   102.2   844.1     22.06     98.2    -999   175    59.36     -5.05     59.14     7     3.1    -999     0   0   0   0    27.6964   -91.8125     -999   115.16    132.96      370.84
0206   102.7   844.6     22.07     98.2    -999   175    59.28     -5.18     59.05     7     3.2    -999     0   0   0   0    27.6967   -91.8125     -999   115.00    132.79      370.81
0207   103.2   845.1     22.08     98.2    -999   175    59.18     -5.36     58.93     6     3.2    -999     0   0   0   0    27.6970   -91.8126     -999   114.80    132.55      370.78
0208   103.7   845.6     22.10     98.2    -999   175    59.05     -5.59     58.79     6     3.2    -999     0   0   0   0    27.6972   -91.8126     -999   114.56    132.28      370.75
0209   104.2   846.1     22.11     98.1    -999   174    58.92     -5.85     58.63     6     3.2    -999     0   0   0   0    27.6975   -91.8126     -999   114.30    131.98      370.71
0210   104.7   846.6     22.13     98.1    -999   174    58.78     -6.13     58.46     6     3.2    -999     0   0   0   0    27.6978   -91.8126     -999   114.04    131.67      370.67
0211   105.2   847.1     22.14     98.1    -999   174    58.66     -6.42     58.31     7     3.2    -999     0   0   0   0    27.6980   -91.8127     -999   113.80    131.40      370.62
0212   105.7   847.5     22.15     98.1    -999   173    58.56     -6.72     58.17     7     3.1    -999     0   0   0   0    27.6983   -91.8127     -999   113.61    131.18      370.57
0213   106.2   848.0     22.16     98.1    -999   173    58.50     -7.00     58.08     7     3.1    -999     0   0   0   3    27.6985   -91.8127     -999   113.48    131.03      370.51
0214   106.7   848.5     22.17     98.1    -999   173    58.48     -7.26     58.02     7     3.0    -999     0   0   0   0    27.6988   -91.8128     -999   113.44    130.98      370.46
0215   107.2   849.0     22.18     98.0    -999   173    58.51     -7.49     58.03     7     2.9    -999     0   0   0   0    27.6991   -91.8128     -999   113.51    131.06      370.40
0216   107.7   849.5     22.19     98.0    -999   172    58.60     -7.70     58.09     6     2.9    -999     0   0   0   0    27.6993   -91.8129     -999   113.69    131.27      370.35
0217   108.2   850.0     22.20     98.1    -999   172    58.76     -7.89     58.23     6     2.8    -999     0   0   0   0    27.6996   -91.8129     -999   113.99    131.62      370.31
0218   108.7   850.6     22.21     98.1    -999   172    58.98     -8.05     58.42     6     2.7    -999     0   0   0   0    27.6999   -91.8129     -999   114.41    132.11      370.27
0219   109.2   851.1     22.23     98.1    -999   172    59.25     -8.20     58.68     6     2.6    -999     0   0   0   0    27.7001   -91.8130     -999   114.95    132.73      370.23
0220   109.7   851.6     22.24     98.1    -999   172    59.58     -8.34     58.99     7     2.5    -999     0   0   0   3    27.7004   -91.8130     -999   115.58    133.46      370.21
0221   110.2   852.1     22.25     98.1    -999   172    59.95     -8.49     59.34     7     2.4    -999     0   0   0   0    27.7007   -91.8131     -999   116.30    134.28      370.20
0222   110.7   852.7     22.27     98.2    -999   172    60.34     -8.63     59.72     7     2.3    -999     0   0   0   0    27.7009   -91.8131     -999   117.06    135.16      370.20
0223   111.2   853.2     22.29     98.2    -999   172    60.75     -8.78     60.11     5     2.3    -999     0   0   0   0    27.7012   -91.8132     -999   117.85    136.07      370.21
0224   111.7   853.8     22.31     98.3    -999   172    61.15     -8.94     60.49     5     2.3    -999     0   0   0   0    27.7015   -91.8132     -999   118.63    136.97      370.23
0225   112.2   854.3     22.33     98.3    -999   172    61.54     -9.09     60.86     5     2.3    -999     0   0   0   3    27.7017   -91.8132     -999   119.38    137.84      370.25
0226   112.7   854.8     22.35     98.3    -999   171    61.89     -9.25     61.20     6     2.3    -999     0   0   0   3    27.7020   -91.8133     -999   120.07    138.64      370.28
0227   113.2   855.4     22.38     98.3    -999   171    62.20     -9.40     61.49     6     2.4    -999     0   0   0   0    27.7023   -91.8133     -999   120.68    139.34      370.30
0228   113.7   855.9     22.40     98.4    -999   171    62.47     -9.54     61.73     6     2.5    -999     0   0   0   0    27.7026   -91.8134     -999   121.19    139.93      370.32
0229   114.2   856.4     22.42     98.4    -999   171    62.67     -9.68     61.92     6     2.6    -999     0   0   0   0    27.7029   -91.8134     -999   121.59    140.39      370.33
0230   114.7   857.0     22.44     98.4    -999   171    62.82     -9.80     62.05     7     2.8    -999     0   0   0   0    27.7031   -91.8135     -999   121.87    140.72      370.34
0231   115.2   857.5     22.46     98.4    -999   171    62.91     -9.91     62.13     7     3.0    -999     3   3   3   3    27.7034   -91.8135     -999   122.05    140.92      370.35
0232   115.7   858.0     22.48     98.4    -999   171    62.95    -10.01     62.15     7     3.1    -999     0   0   0   0    27.7037   -91.8136     -999   122.12    141.01      370.34
0233   116.2   858.5     22.50     98.4    -999   171    62.94    -10.10     62.13     7     3.3    -999     0   0   0   0    27.7040   -91.8136     -999   122.11    140.99      370.33
0234   116.7   858.9     22.52     98.3    -999   171    62.90    -10.19     62.07     7     3.5    -999     0   0   0   0    27.7043   -91.8137     -999   122.03    140.90      370.32
0235   117.2   859.4     22.53     98.3    -999   171    62.83    -10.28     61.99     7     3.7    -999     0   0   0   0    27.7045   -91.8138     -999   121.90    140.75      370.30
0236   117.7   859.9     22.55     98.3    -999   170    62.76    -10.38     61.89     7     3.8    -999     0   0   0   3    27.7048   -91.8138     -999   121.75    140.58      370.27
0237   118.2   860.3     22.56     98.3    -999   170    62.68    -10.50     61.80     7     4.0    -999     0   0   0   0    27.7051   -91.8139     -999   121.60    140.41      370.25
0238   118.7   860.8     22.57     98.3    -999   170    62.61    -10.65     61.70     7     4.1    -999     0   0   0   0    27.7054   -91.8139     -999   121.47    140.26      370.23
0239   119.2   861.2     22.59     98.3    -999   170    62.56    -10.81     61.62     7     4.2    -999     0   0   0   0    27.7056   -91.8140     -999   121.37    140.14      370.21
0240   119.7   861.7     22.60     98.3    -999   170    62.54    -11.01     61.56     7     4.3    -999     0   0   0   0    27.7059   -91.8140     -999   121.32    140.08      370.20
0241   120.2   862.1     22.62     98.3    -999   170    62.53    -11.23     61.52     7     4.3    -999     0   0   0   3    27.7062   -91.8141     -999   121.31    140.07      370.18
0242   120.7   862.5     22.63     98.3    -999   169    62.56    -11.48     61.50     7     4.4    -999     0   0   0   0    27.7065   -91.8141     -999   121.36    140.13      370.17
0243   121.2   863.0     22.65     98.3    -999   169    62.61    -11.74     61.50     7     4.4    -999     0   0   0   0    27.7068   -91.8142     -999   121.47    140.25      370.17
0244   121.7   863.4     22.66     98.3    -999   169    62.69    -12.02     61.53     7     4.4    -999     0   0   0   0    27.7070   -91.8143     -999   121.62    140.43      370.16
0245   122.2   863.8     22.68     98.4    -999   169    62.79    -12.31     61.58     7     4.3    -999     0   0   0   0    27.7073   -91.8143     -999   121.82    140.66      370.16
0246   122.7   864.3     22.69     98.4    -999   168    62.92    -12.59     61.64     7     4.3    -999     0   0   0   0    27.7076   -91.8144     -999   122.06    140.93      370.16
0247   123.2   864.7     22.71     98.4    -999   168    63.06    -12.86     61.73     7     4.3    -999     0   0   0   0    27.7079   -91.8144     -999   122.33    141.25      370.16
0248   123.7   865.2     22.73     98.4    -999   168    63.21    -13.10     61.84     7     4.2    -999     0   0   0   3    27.7082   -91.8145     -999   122.64    141.60      370.16
0249   124.2   865.6     22.74     98.4    -999   168    63.39    -13.32     61.97     7     4.1    -999     0   0   0   0    27.7084   -91.8146     -999   122.97    141.99      370.16
0250   124.7   866.1     22.76     98.4    -999   168    63.57    -13.49     62.12     7     4.0    -999     0   0   0   0    27.7087   -91.8147     -999   123.33    142.40      370.16
0251   125.2   866.5     22.78     98.4    -999   168    63.77    -13.60     62.30     7     3.8    -999     0   0   0   0    27.7090   -91.8147     -999   123.71    142.85      370.16
0252   125.7   867.0     22.80     98.4    -999   168    63.98    -13.66     62.51     7     3.7    -999     0   0   0   0    27.7093   -91.8148     -999   124.13    143.32      370.16
0253   126.2   867.5     22.81     98.4    -999   168    64.21    -13.65     62.75     6     3.5    -999     0   0   0   0    27.7096   -91.8149     -999   124.57    143.84      370.16
0254   126.7   867.9     22.83     98.4    -999   168    64.46    -13.57     63.01     7     3.3    -999     0   0   0   0    27.7098   -91.8149     -999   125.05    144.39      370.16
0255   127.2   868.4     22.85     98.4    -999   168    64.73    -13.43     63.32     7     3.0    -999     0   0   0   0    27.7101   -91.8150     -999   125.57    144.99      370.17
0256   127.7   868.9     22.87     98.4    -999   168    65.02    -13.22     63.66     7     2.8    -999     0   0   0   0    27.7104   -91.8151     -999   126.13    145.64      370.17
0257   128.2   869.5     22.89     98.4    -999   169    65.33    -12.96     64.03     7     2.5    -999     0   0   0   3    27.7107   -91.8151     -999   126.74    146.34      370.17
0258   128.7   870.0     22.91     98.4    -999   169    65.67    -12.67     64.44     6     2.2    -999     0   0   0   0    27.7110   -91.8152     -999   127.41    147.11      370.18
0259   129.2   870.6     22.93     98.4    -999   169    66.04    -12.37     64.87     6     1.9    -999     0   0   0   0    27.7113   -91.8153     -999   128.12    147.94      370.18
0260   129.7   871.1     22.95     98.4    -999   170    66.43    -12.07     65.33     6     1.6    -999     0   0   0   0    27.7116   -91.8153     -999   128.88    148.81      370.19
0261   130.2   871.7     22.97     98.5    -999   170    66.85    -11.81     65.80     6     1.4    -999     0   0   0   0    27.7119   -91.8154     -999   129.68    149.74      370.19
0262   130.7   872.3     22.99     98.5    -999   170    67.27    -11.60     66.27     6     1.2    -999     0   0   0   0    27.7122   -91.8154     -999   130.51    150.69      370.19
0263   131.2   872.9     23.01     98.5    -999   170    67.71    -11.47     66.73     6     1.1    -999     0   0   0   0    27.7125   -91.8155     -999   131.35    151.67      370.19
0264   131.7   873.5     23.04     98.5    -999   170    68.15    -11.44     67.18     7     1.0    -999     0   0   0   0    27.7128   -91.8156     -999   132.20    152.65      370.18
0265   132.2   874.1     23.06     98.5    -999   170    68.58    -11.52     67.61     7     1.0    -999     3   3   3   0    27.7131   -91.8156     -999   133.05    153.62      370.17
0266   132.7   874.8     23.08     98.5    -999   170    69.00    -11.70     68.00     7     1.1    -999     0   0   0   0    27.7134   -91.8157     -999   133.87    154.57      370.15
0267   133.2   875.4     23.10     98.5    -999   170    69.41    -11.99     68.36     7     1.2    -999     0   0   0   0    27.7137   -91.8157     -999   134.65    155.47      370.13
0268   133.7   876.0     23.12     98.5    -999   170    69.78    -12.37     68.68     7     1.4    -999     0   0   0   0    27.7140   -91.8158     -999   135.38    156.31      370.11
0269   134.2   876.6     23.13     98.5    -999   169    70.12    -12.83     68.94     7     1.7    -999     0   0   0   0    27.7143   -91.8159     -999   136.03    157.07      370.08
0270   134.7   877.1     23.15     98.5    -999   169    70.42    -13.33     69.14     7     2.1    -999     0   0   0   0    27.7146   -91.8159     -999   136.61    157.73      370.05
0271   135.2   877.7     23.17     98.5    -999   169    70.66    -13.86     69.28     7     2.6    -999     0   0   0   0    27.7149   -91.8160     -999   137.07    158.27      370.02
0272   135.7   878.2     23.18     98.4    -999   168    70.84    -14.40     69.36     7     3.0    -999     0   0   0   0    27.7153   -91.8161     -999   137.43    158.68      369.98
0273   136.2   878.7     23.19     98.4    -999   168    70.95    -14.92     69.37     6     3.6    -999     0   0   0   0    27.7156   -91.8162     -999   137.65    158.94      369.95
0274   136.7   879.2     23.21     98.4    -999   167    71.00    -15.41     69.31     6     4.1    -999     0   0   0   3    27.7159   -91.8162     -999   137.74    159.04      369.92
0275   137.2   879.6     23.22     98.4    -999   167    70.98    -15.85     69.19     6     4.7    -999     0   0   0   3    27.7162   -91.8163     -999   137.70    159.00      369.89
0276   137.7   880.0     23.23     98.4    -999   167    70.89    -16.24     69.01     5     5.2    -999     3   3   3   3    27.7165   -91.8164     -999   137.53    158.80      369.86
0277   138.2   880.4     23.24     98.5    -999   166    70.74    -16.58     68.77     5     5.7    -999     0   0   0   0    27.7168   -91.8165     -999   137.24    158.46      369.84
0278   138.7   880.7     23.25     98.5    -999   166    70.54    -16.85     68.50     6     6.2    -999     0   0   0   3    27.7171   -91.8166     -999   136.85    158.01      369.83
0279   139.2   881.1     23.25     98.5    -999   166    70.30    -17.08     68.19     6     6.6    -999     0   0   0   3    27.7174   -91.8167     -999   136.37    157.46      369.81
0280   139.7   881.4     23.26     98.5    -999   166    70.03    -17.26     67.86     7     7.0    -999     0   0   0   0    27.7177   -91.8167     -999   135.85    156.86      369.81
0281   140.2   881.7     23.27     98.5    -999   166    69.74    -17.40     67.54     7     7.3    -999     0   0   0   0    27.7181   -91.8168     -999   135.30    156.22      369.80
0282   140.7   881.9     23.28     98.5    -999   165    69.47    -17.52     67.22     6     7.5    -999     0   0   0   0    27.7184   -91.8169     -999   134.76    155.60      369.80
0283   141.2   882.2     23.29     98.5    -999   165    69.21    -17.61     66.93     7     7.6    -999     0   0   0   0    27.7187   -91.8170     -999   134.27    155.03      369.80
0284   141.7   882.5     23.30     98.5    -999   165    69.00    -17.70     66.69     5     7.6    -999     0   0   0   0    27.7190   -91.8171     -999   133.85    154.55      369.80
0285   142.2   882.7     23.31     98.5    -999   165    68.83    -17.80     66.49     5     7.5    -999     0   0   0   3    27.7193   -91.8172     -999   133.53    154.18      369.79
0286   142.7   883.0     23.31     98.5    -999   165    68.73    -17.93     66.35     6     7.3    -999     3   3   3   3    27.7196   -91.8173     -999   133.33    153.95      369.78
0287   143.2   883.3     23.32     98.5    -999   165    68.70    -18.09     66.27     6     7.0    -999     0   0   0   0    27.7199   -91.8174     -999   133.27    153.88      369.77
0288   143.7   883.6     23.33     98.5    -999   165    68.73    -18.31     66.25     6     6.6    -999     3   3   3   0    27.7202   -91.8175     -999   133.34    153.96      369.75
0289   144.2   883.9     23.34     98.5    -999   164    68.83    -18.60     66.27     6     6.1    -999     0   0   0   0    27.7205   -91.8176     -999   133.53    154.18      369.73
0290   144.7   884.3     23.35     98.5    -999   164    68.97    -18.87     66.34     7     5.5    -999     0   0   0   0    27.7208   -91.8177     -999   133.80    154.49      369.70
0291   145.2   884.7     23.35     98.5    -999   164    69.15    -19.28     66.41     7     4.9    -999     0   0   0   0    27.7211   -91.8178     -999   134.15    154.89      369.67
0292   145.7   885.1     23.36     98.6    -999   163    69.38    -19.84     66.49     7     4.3    -999     0   0   0   3    27.7214   -91.8179     -999   134.61    155.42      369.64
0293   146.2   885.6     23.38     98.6    -999   163    69.65    -20.50     66.57     6  -999.0    -999     0   0   0   3    27.7217   -91.8180     -999   135.13    156.02      369.63
0294   146.7   886.1     23.39     98.6    -999   162    69.94    -21.27     66.62     6  -999.0    -999     0   0   0   0    27.7220   -91.8181     -999   135.68    156.66      369.60
0295   147.2   886.6     23.38     98.6    -999   162    70.22    -22.12     66.65     6  -999.0    -999     0   0   0   3    27.7223   -91.8182     -999   136.23    157.30      369.49
0296   147.7   887.2     23.41     98.6    -999   161    70.50    -23.06     66.63     6  -999.0    -999     0   0   0   0    27.7226   -91.8183     -999   136.78    157.93      369.51
0297   148.2   887.7   -999.00   -999.0    -999   162    70.16    -22.17     66.56     6  -999.0    -999     5   0   0   0    27.7229   -91.8184     -999   136.10    157.15     -999.00
0298   148.7   888.4   -999.00   -999.0    -999   161    70.36    -22.90     66.53     6  -999.0    -999     5   0   0   0    27.7232   -91.8185     -999   136.49    157.60     -999.00
0299   149.2   889.0   -999.00   -999.0    -999   160    70.56    -23.67     66.47     5  -999.0    -999     5   0   0   0    27.7235   -91.8187     -999   136.88    158.05     -999.00
0300   149.7   889.7   -999.00   -999.0    -999   160    70.76    -24.46     66.39     5  -999.0    -999     5   0   0   3    27.7238   -91.8188     -999   137.27    158.49     -999.00
0301   150.2   890.3   -999.00   -999.0    -999   159    70.95    -25.26     66.30     6  -999.0    -999     5   0   0   3    27.7241   -91.8189     -999   137.64    158.93     -999.00
0302   150.7   891.0   -999.00   -999.0    -999   159    71.13    -26.06     66.19     6  -999.0    -999     5   0   0   0    27.7244   -91.8190     -999   138.00    159.34     -999.00
0303   151.2   891.7   -999.00   -999.0    -999   158    71.31    -26.84     66.07     7  -999.0    -999     5   0   0   0    27.7246   -91.8192     -999   138.34    159.73     -999.00
0304   151.7   892.4   -999.00   -999.0    -999   157    71.46    -27.58     65.93     7  -999.0    -999     5   0   0   0    27.7249   -91.8193     -999   138.64    160.08     -999.00
0305   152.2   893.1   -999.00   -999.0    -999   157    71.59    -28.27     65.77     6  -999.0    -999     5   0   0   3    27.7252   -91.8195     -999   138.89    160.37     -999.00
0306   152.7   893.8   -999.00   -999.0    -999   156    71.69    -28.89     65.61     6  -999.0    -999     5   0   0   3    27.7255   -91.8196     -999   139.07    160.58     -999.00
0307   153.2   894.4   -999.00   -999.0    -999   156    71.74    -29.43     65.42     5  -999.0    -999     5   0   0   0    27.7258   -91.8198     -999   139.17    160.69     -999.00
0308   153.7   895.1   -999.00   -999.0    -999   155    71.73    -29.87     65.22     6  -999.0    -999     5   0   0   0    27.7261   -91.8199     -999   139.17    160.69     -999.00
0309   154.2   895.8   -999.00   -999.0    -999   155    71.67    -30.21     65.00     6  -999.0    -999     5   0   0   3    27.7264   -91.8201     -999   139.05    160.55     -999.00
0310   154.7   896.5   -999.00   -999.0    -999   155    71.55    -30.43     64.76     7  -999.0    -999     5   0   0   3    27.7267   -91.8202     -999   138.80    160.27     -999.00
0311   155.2   897.1   -999.00   -999.0    -999   155    71.36    -30.54     64.50     7  -999.0    -999     5   0   0   3    27.7270   -91.8204     -999   138.44    159.85     -999.00
0312   155.7   897.8   -999.00   -999.0    -999   155    71.11    -30.53     64.23     7  -999.0    -999     5   0   0   0    27.7273   -91.8205     -999   137.96    159.29     -999.00
0313   156.2   898.5   -999.00   -999.0    -999   155    70.81    -30.41     63.95     7  -999.0    -999     5   0   0   0    27.7276   -91.8207     -999   137.38    158.62     -999.00
0314   156.7   899.1   -999.00   -999.0    -999   155    70.48    -30.20     63.68     7  -999.0    -999     5   0   0   0    27.7279   -91.8208     -999   136.73    157.88     -999.00
0315   157.2   899.8   -999.00   -999.0    -999   155    70.13    -29.89     63.44     6  -999.0    -999     5   0   0   3    27.7282   -91.8210     -999   136.05    157.08     -999.00
0316   157.7   900.5   -999.00   -999.0    -999   155    69.77    -29.50     63.22     5  -999.0    -999     5   0   0   0    27.7284   -91.8211     -999   135.35    156.28     -999.00
0317   158.2   901.1   -999.00   -999.0    -999   155    69.42    -29.05     63.05     5  -999.0    -999     5   0   0   0    27.7287   -91.8213     -999   134.67    155.50     -999.00
0318   158.7   901.8   -999.00   -999.0    -999   156    69.09    -28.55     62.91     6  -999.0    -999     5   0   0   3    27.7290   -91.8214     -999   134.04    154.76     -999.00
0319   159.2   902.5   -999.00   -999.0    -999   156    68.79    -28.02     62.83     7  -999.0    -999     5   0   0   0    27.7293   -91.8216     -999   133.45    154.09     -999.00
0320   159.7   903.2   -999.00   -999.0    -999   156    68.51    -27.46     62.77     7  -999.0    -999     5   0   0   0    27.7296   -91.8217     -999   132.92    153.47     -999.00
0321   160.2   903.8   -999.00   -999.0    -999   157    68.26    -26.90     62.74     7  -999.0    -999     5   0   0   0    27.7299   -91.8218     -999   132.43    152.91     -999.00
0322   160.7   904.5   -999.00   -999.0    -999   157    68.03    -26.35     62.72     7  -999.0    -999     5   0   0   0    27.7301   -91.8220     -999   131.97    152.38     -999.00
0323   161.2   905.2   -999.00   -999.0    -999   158    67.79    -25.84     62.67     7  -999.0    -999     5   0   0   0    27.7304   -91.8221     -999   131.52    151.85     -999.00
0324   161.7   905.8   -999.00   -999.0    -999   158    67.54    -25.38     62.59     7  -999.0    -999     5   0   0   0    27.7307   -91.8222     -999   131.03    151.30     -999.00
0325   162.2   906.5   -999.00   -999.0    -999   158    67.27    -24.99     62.45     7  -999.0    -999     5   0   0   0    27.7310   -91.8224     -999   130.50    150.67     -999.00
0326   162.7   907.2   -999.00   -999.0    -999   158    66.95    -24.69     62.23     7  -999.0    -999     5   0   0   0    27.7313   -91.8225     -999   129.88    149.96     -999.00
0327   163.2   907.9   -999.00   -999.0    -999   158    66.58    -24.51     61.90     6  -999.0    -999     5   0   0   0    27.7316   -91.8226     -999   129.16    149.14     -999.00
0328   163.7   908.5   -999.00   -999.0    -999   158    66.16    -24.45     61.48     6  -999.0    -999     5   0   0   0    27.7318   -91.8227     -999   128.35    148.20     -999.00
0329   164.2   909.2   -999.00   -999.0    -999   158    65.71    -24.55     60.95     7  -999.0    -999     5   0   0   3    27.7321   -91.8229     -999   127.47    147.18     -999.00
0330   164.7   909.9   -999.00   -999.0    -999   158    65.23    -24.80     60.33     7  -999.0    -999     5   0   0   0    27.7324   -91.8230     -999   126.54    146.10     -999.00
0331   165.2   910.5   -999.00   -999.0    -999   157    64.75    -25.22     59.64     7  -999.0    -999     5   0   0   0    27.7326   -91.8231     -999   125.61    145.04     -999.00
0332   165.7   911.2   -999.00   -999.0    -999   156    64.31    -25.81     58.90     7  -999.0    -999     5   0   0   0    27.7329   -91.8232     -999   124.75    144.05     -999.00
0333   166.2   911.9   -999.00   -999.0    -999   155    63.94    -26.57     58.15     7  -999.0    -999     5   0   0   0    27.7332   -91.8234     -999   124.03    143.21     -999.00
0334   166.7   912.6   -999.00   -999.0    -999   154    63.67    -27.49     57.43     7  -999.0    -999     5   0   0   0    27.7334   -91.8235     -999   123.52    142.62     -999.00
0335   167.2   913.2   -999.00   -999.0    -999   153    63.54    -28.56     56.76     7  -999.0    -999     5   0   0   0    27.7337   -91.8237     -999   123.26    142.32     -999.00
0336   167.7   913.9   -999.00   -999.0    -999   152    63.56    -29.75     56.17     7  -999.0    -999     5   0   0   0    27.7339   -91.8238     -999   123.31    142.38     -999.00
0337   168.2   914.6   -999.00   -999.0    -999   151    63.76    -31.04     55.69     5  -999.0    -999     5   0   0   0    27.7342   -91.8240     -999   123.69    142.81     -999.00
0338   168.7   915.3   -999.00   -999.0    -999   150    64.11    -32.38     55.33     5  -999.0    -999     5   0   0   0    27.7344   -91.8241     -999   124.38    143.61     -999.00
0339   169.2   915.9   -999.00   -999.0    -999   149    64.62    -33.75     55.10     6  -999.0    -999     5   0   0   3    27.7347   -91.8243     -999   125.36    144.75     -999.00
0340   169.7   916.6   -999.00   -999.0    -999   147    65.24    -35.11     54.99     6  -999.0    -999     5   0   0   0    27.7349   -91.8245     -999   126.57    146.15     -999.00
0341   170.2   917.3   -999.00   -999.0    -999   146    65.95    -36.41     54.99     7  -999.0    -999     5   0   0   3    27.7352   -91.8247     -999   127.95    147.73     -999.00
0342   170.7   918.0   -999.00   -999.0    -999   146    66.70    -37.64     55.07     7  -999.0    -999     5   0   0   0    27.7354   -91.8249     -999   129.40    149.41     -999.00
0343   171.2   918.6   -999.00   -999.0    -999   145    67.44    -38.74     55.20     7  -999.0    -999     5   0   0   3    27.7357   -91.8251     -999   130.84    151.07     -999.00
0344   171.7   919.3   -999.00   -999.0    -999   144    68.13    -39.72     55.36     6  -999.0    -999     5   0   0   0    27.7359   -91.8252     -999   132.18    152.62     -999.00
0345   172.2   920.0   -999.00   -999.0    -999   144    68.74    -40.54     55.51     6  -999.0    -999     5   0   0   3    27.7362   -91.8255     -999   133.35    153.97     -999.00
0346   172.7   920.7   -999.00   -999.0    -999   143    69.22    -41.21     55.62     6  -999.0    -999     5   0   0   0    27.7364   -91.8257     -999   134.29    155.06     -999.00
0347   173.2   921.3   -999.00   -999.0    -999   143    69.57    -41.72     55.67     6  -999.0    -999     5   0   0   0    27.7367   -91.8259     -999   134.96    155.83     -999.00
0348   173.7   922.0   -999.00   -999.0    -999   143    69.76    -42.09     55.64     6  -999.0    -999     5   0   0   0    27.7369   -91.8261     -999   135.34    156.27     -999.00
0349   174.2   922.7   -999.00   -999.0    -999   143    69.81    -42.33     55.52     7  -999.0    -999     5   0   0   0    27.7372   -91.8263     -999   135.44    156.38     -999.00
0350   174.7   923.4   -999.00   -999.0    -999   142    69.72    -42.46     55.30     7  -999.0    -999     5   0   0   0    27.7374   -91.8265     -999   135.26    156.18     -999.00
0351   175.2   924.1   -999.00   -999.0    -999   142    69.51    -42.51     55.00     7  -999.0    -999     5   0   0   3    27.7377   -91.8267     -999   134.86    155.71     -999.00
0352   175.7   924.7   -999.00   -999.0    -999   142    69.21    -42.50     54.62     7  -999.0    -999     5   0   0   3    27.7379   -91.8269     -999   134.26    155.02     -999.00
0353   176.2   925.4   -999.00   -999.0    -999   142    68.83    -42.45     54.18     7  -999.0    -999     5   0   0   0    27.7382   -91.8272     -999   133.53    154.18     -999.00
0354   176.7   926.1   -999.00   -999.0    -999   142    68.40    -42.38     53.69     6  -999.0    -999     5   0   0   0    27.7384   -91.8274     -999   132.71    153.23     -999.00
0355   177.2   926.8   -999.00   -999.0    -999   141    67.96    -42.31     53.19     6  -999.0    -999     5   0   0   0    27.7387   -91.8276     -999   131.85    152.24     -999.00
0356   177.7   927.5   -999.00   -999.0    -999   141    67.52    -42.25     52.68     6  -999.0    -999     5   0   0   0    27.7389   -91.8278     -999   131.00    151.25     -999.00
0357   178.2   928.1   -999.00   -999.0    -999   141    67.11    -42.19     52.18     6  -999.0    -999     5   0   0   3    27.7391   -91.8280     -999   130.19    150.32     -999.00
0358   178.7   928.8   -999.00   -999.0    -999   141    66.73    -42.16     51.72     6  -999.0    -999     5   0   0   0    27.7394   -91.8282     -999   129.45    149.47     -999.00
0359   179.2   929.5   -999.00   -999.0    -999   141    66.39    -42.15     51.30     7  -999.0    -999     5   0   0   0    27.7396   -91.8284     -999   128.80    148.71     -999.00
0360   179.7   930.2   -999.00   -999.0    -999   140    66.11    -42.15     50.92     7  -999.0    -999     5   0   0   0    27.7398   -91.8287     -999   128.25    148.08     -999.00
0361   180.2   930.9   -999.00   -999.0    -999   140    65.91    -42.20     50.62     7  -999.0    -999     5   0   0   0    27.7401   -91.8289     -999   127.86    147.63     -999.00
0362   180.7   931.5   -999.00   -999.0    -999   140    65.75    -42.27     50.35     6  -999.0    -999     5   0   0   0    27.7403   -91.8291     -999   127.55    147.27     -999.00
0363   181.2   932.2   -999.00   -999.0    -999   140    65.62    -42.36     50.11     6  -999.0    -999     5   0   0   0    27.7405   -91.8293     -999   127.30    146.98     -999.00
0364   181.7   932.9   -999.00   -999.0    -999   140    65.51    -42.46     49.89     6  -999.0    -999     5   0   0   0    27.7407   -91.8295     -999   127.09    146.74     -999.00
0365   182.2   933.6   -999.00   -999.0    -999   139    65.41    -42.57     49.66     6  -999.0    -999     5   0   0   0    27.7410   -91.8297     -999   126.90    146.52     -999.00
0366   182.7   934.3   -999.00   -999.0    -999   139    65.30    -42.70     49.41     7  -999.0    -999     5   0   0   0    27.7412   -91.8299     -999   126.69    146.28     -999.00
0367   183.2   935.0   -999.00   -999.0    -999   139    65.18    -42.83     49.13     7  -999.0    -999     5   0   0   3    27.7414   -91.8301     -999   126.44    145.99     -999.00
0368   183.7   935.6   -999.00   -999.0    -999   139    65.02    -42.97     48.80     7  -999.0    -999     5   0   0   0    27.7416   -91.8304     -999   126.14    145.64     -999.00
0369   184.2   936.3   -999.00   -999.0    -999   138    64.83    -43.13     48.40     7  -999.0    -999     5   0   0   0    27.7418   -91.8306     -999   125.77    145.22     -999.00
0370   184.7   937.0   -999.00   -999.0    -999   138    64.61    -43.31     47.95     7  -999.0    -999     5   0   0   0    27.7421   -91.8308     -999   125.34    144.73     -999.00
0371   185.2   937.7   -999.00   -999.0    -999   137    64.36    -43.51     47.42     7  -999.0    -999     5   0   0   0    27.7423   -91.8310     -999   124.85    144.16     -999.00
0372   185.7   938.4   -999.00   -999.0    -999   137    64.07    -43.74     46.82     7  -999.0    -999     5   0   0   0    27.7425   -91.8313     -999   124.30    143.52     -999.00
0373   186.2   939.1   -999.00   -999.0    -999   136    63.75    -43.99     46.13     7  -999.0    -999     5   0   0   0    27.7427   -91.8315     -999   123.67    142.79     -999.00
0374   186.7   939.7   -999.00   -999.0    -999   136    63.37    -44.26     45.35     7  -999.0    -999     5   0   0   0    27.7429   -91.8317     -999   122.93    141.94     -999.00
0375   187.2   940.4   -999.00   -999.0    -999   135    62.92    -44.54     44.45     6  -999.0    -999     5   0   0   0    27.7431   -91.8319     -999   122.07    140.95     -999.00
0376   187.7   941.1   -999.00   -999.0    -999   134    62.40    -44.81     43.42     6  -999.0    -999     5   0   0   3    27.7433   -91.8322     -999   121.05    139.77     -999.00
0377   188.2   941.8   -999.00   -999.0    -999   133    61.77    -45.07     42.25     6  -999.0    -999     5   0   0   0    27.7435   -91.8324     -999   119.84    138.37     -999.00
0378   188.7   942.5   -999.00   -999.0    -999   132    61.02    -45.26     40.93     5  -999.0    -999     5   0   0   0    27.7437   -91.8326     -999   118.39    136.69     -999.00
0379   189.2   943.2   -999.00   -999.0    -999   131    60.12    -45.33     39.49     7  -999.0    -999     5   0   0   0    27.7438   -91.8328     -999   116.64    134.67     -999.00
0380   189.7   943.9   -999.00   -999.0    -999   130    59.01    -45.20     37.95     7  -999.0    -999     5   0   0   0    27.7440   -91.8331     -999   114.49    132.19     -999.00
0381   190.2   944.6   -999.00   -999.0    -999   129    57.58    -44.77     36.21     7  -999.0    -999     5   0   0   0    27.7442   -91.8333     -999   111.70    128.98     -999.00
0382   190.7   945.2   -999.00   -999.0    -999   128    55.80    -44.06     34.24     7  -999.0    -999     5   0   0   0    27.7443   -91.8335     -999   108.25    124.99     -999.00
0383   191.2   945.9   -999.00   -999.0    -999   126    54.02    -43.46     32.08     7  -999.0    -999     5   0   0   0    27.7445   -91.8337     -999   104.79    121.00     -999.00
0384   191.7   946.6   -999.00   -999.0    -999   126    52.71    -42.70     30.90     7  -999.0    -999     5   0   0   0    27.7446   -91.8340     -999   102.26    118.08     -999.00
0385   192.2   947.3   -999.00   -999.0       5   127    52.85    -42.24     31.77     7  -999.0       7     5   0   0   0    27.7448   -91.8342       24   102.53    118.38     -999.00
