 ===========================================================================
 DROPWINDSONDE PROCESSING RECORD                            Sonde: 144625079
 FRD file written by Aspen V3.3-304, 07 Oct 2017 04:57 UTC
 Aircraft: AFRC C-130J, ---                  Date: 171007   Time: 045557 UTC
 ---------------------------------------------------------------------------
 Bias corrections:  PR =   0.0 mb  TE =   0.0 C  RH =   0.0 %  PRB =  0.0 mb
 Filters (LPF):     PTH = 
 Dyn RH correction = 
 Estimated PR used = 
 Dyn T correction  = 
 ---------------------------------------------------------------------------
 COMMENT: none, Fast Fall; TDDryBiasCorrApplied
 ===========================================================================

 ===========================================================================
 Date: 171007   Lat:  23.38 N   TA:   18.3 C   PS:  843.2 mb   WD:    73 deg
 Time: 045557   Lon:  86.82 W   TD:   18.3 C   GA:   1469 m    WS:  28.5 m/s
 SID:  144625079                RH:  100.0 %   Navaid:   GP
 ===========================================================================

IX      t (s)  P (mb)    T (C)    RH (%)  Z (m)   WD    WS (m/s)   U (m/s)   V (m/s)  NS  WZ (m/s)  ZW (m)   FP  FT  FH  FW    LAT (N)   LON (E)
0001     0.0  -999.0   -999.00   -999.0    -999  -999  -999.00   -999.00   -999.00    11  -999.0    -999     0   0   0   0      23.353   -86.804
0002     0.2  -999.0   -999.00   -999.0    -999  -999  -999.00   -999.00   -999.00    11  -999.0    -999     0   0   0   0    -999.000  -999.000
0003     0.5  -999.0   -999.00   -999.0    -999  -999  -999.00   -999.00   -999.00    11  -999.0    -999     0   0   0   0      23.353   -86.804
0004     0.8  -999.0   -999.00   -999.0    -999  -999  -999.00   -999.00   -999.00    11  -999.0    -999     0   0   0   0    -999.000  -999.000
0005     1.0  -999.0   -999.00   -999.0    -999  -999  -999.00   -999.00   -999.00    11  -999.0    -999     0   0   0   0      23.353   -86.804
0006     1.2  -999.0   -999.00   -999.0    -999  -999  -999.00   -999.00   -999.00    11  -999.0    -999     0   0   0   0    -999.000  -999.000
0007     1.5  -999.0   -999.00   -999.0    -999  -999  -999.00   -999.00   -999.00    11  -999.0    -999     0   0   0   0      23.353   -86.804
0008     1.8  -999.0   -999.00   -999.0    -999  -999  -999.00   -999.00   -999.00    11  -999.0    -999     0   0   0   0    -999.000  -999.000
0009     2.0  -999.0   -999.00   -999.0    -999  -999  -999.00   -999.00   -999.00     0  -999.0    -999     0   0   0   0    -999.000  -999.000
0010     2.2  -999.0   -999.00   -999.0    -999  -999  -999.00   -999.00   -999.00     0  -999.0    -999     0   0   0   0    -999.000  -999.000
0011     2.5  -999.0   -999.00   -999.0    -999  -999  -999.00   -999.00   -999.00    11  -999.0    -999     0   0   0   0      23.353   -86.805
0012     2.8  -999.0   -999.00   -999.0    -999  -999  -999.00   -999.00   -999.00    11  -999.0    -999     0   0   0   0    -999.000  -999.000
0013     3.0  -999.0   -999.00   -999.0    -999  -999  -999.00   -999.00   -999.00    11  -999.0    -999     0   0   0   0      23.353   -86.805
0014     3.2  -999.0   -999.00   -999.0    -999  -999  -999.00   -999.00   -999.00    11  -999.0    -999     0   0   0   0    -999.000  -999.000
0015     3.5  -999.0   -999.00   -999.0    -999  -999  -999.00   -999.00   -999.00    11  -999.0    -999     0   0   0   0      23.353   -86.805
0016     3.8  -999.0   -999.00   -999.0    -999  -999  -999.00   -999.00   -999.00    11  -999.0    -999     0   0   0   0    -999.000  -999.000
0017     4.0  -999.0   -999.00   -999.0    -999  -999  -999.00   -999.00   -999.00    11  -999.0    -999     0   0   0   0      23.353   -86.805
0018     4.2  -999.0   -999.00   -999.0    -999  -999  -999.00   -999.00   -999.00    11  -999.0    -999     0   0   0   0    -999.000  -999.000
0019     4.5  -999.0   -999.00   -999.0    -999  -999  -999.00   -999.00   -999.00    11  -999.0    -999     0   0   0   0      23.353   -86.805
0020     4.8  -999.0   -999.00   -999.0    -999  -999  -999.00   -999.00   -999.00    11  -999.0    -999     0   0   0   0    -999.000  -999.000
0021     5.0  -999.0   -999.00   -999.0    -999  -999  -999.00   -999.00   -999.00    11  -999.0    -999     0   0   0   0      23.353   -86.805
0022     5.2  -999.0   -999.00   -999.0    -999  -999  -999.00   -999.00   -999.00    11  -999.0    -999     0   0   0   0    -999.000  -999.000
0023     5.5  -999.0   -999.00   -999.0    -999  -999  -999.00   -999.00   -999.00    11  -999.0    -999     0   0   0   0      23.353   -86.805
0024     5.8  -999.0   -999.00   -999.0    -999  -999  -999.00   -999.00   -999.00    11  -999.0    -999     0   0   0   0    -999.000  -999.000
0025     6.0  -999.0   -999.00   -999.0    -999  -999  -999.00   -999.00   -999.00    11  -999.0    -999     0   0   0   0      23.352   -86.805
0026     6.2  -999.0   -999.00   -999.0    -999  -999  -999.00   -999.00   -999.00    11  -999.0    -999     0   0   0   0    -999.000  -999.000
0027     6.5  -999.0   -999.00   -999.0    -999  -999  -999.00   -999.00   -999.00    11  -999.0    -999     0   0   0   0      23.352   -86.805
0028     6.8  -999.0   -999.00   -999.0    -999  -999  -999.00   -999.00   -999.00    11  -999.0    -999     0   0   0   0    -999.000  -999.000
0029     7.0  -999.0   -999.00   -999.0    -999  -999  -999.00   -999.00   -999.00    11  -999.0    -999     0   0   0   0      23.352   -86.806
0030     7.2  -999.0   -999.00   -999.0    -999  -999  -999.00   -999.00   -999.00    11  -999.0    -999     0   0   0   0    -999.000  -999.000
0031     7.5  -999.0   -999.00   -999.0    -999  -999  -999.00   -999.00   -999.00    11  -999.0    -999     0   0   0   0      23.352   -86.806
0032     7.8  -999.0   -999.00   -999.0    -999  -999  -999.00   -999.00   -999.00    11  -999.0    -999     0   0   0   0    -999.000  -999.000
0033     8.0  -999.0   -999.00   -999.0    -999  -999  -999.00   -999.00   -999.00    11  -999.0    -999     0   0   0   0      23.352   -86.806
0034     8.2  -999.0   -999.00   -999.0    -999  -999  -999.00   -999.00   -999.00    11  -999.0    -999     0   0   0   0    -999.000  -999.000
0035     8.5  -999.0   -999.00   -999.0    -999  -999  -999.00   -999.00   -999.00    11  -999.0    -999     0   0   0   0      23.352   -86.806
0036     8.8  -999.0   -999.00   -999.0    -999  -999  -999.00   -999.00   -999.00    11  -999.0    -999     0   0   0   0    -999.000  -999.000
0037     9.0  -999.0   -999.00   -999.0    -999  -999  -999.00   -999.00   -999.00    11  -999.0    -999     0   0   0   0      23.352   -86.806
0038     9.2  -999.0   -999.00   -999.0    -999  -999  -999.00   -999.00   -999.00    11  -999.0    -999     0   0   0   0    -999.000  -999.000
0039     9.5  -999.0   -999.00   -999.0    -999  -999  -999.00   -999.00   -999.00    11  -999.0    -999     0   0   0   0      23.352   -86.806
0040     9.8  -999.0   -999.00   -999.0    -999  -999  -999.00   -999.00   -999.00    11  -999.0    -999     0   0   0   0    -999.000  -999.000
0041    10.0  -999.0   -999.00   -999.0    -999    58    23.01    -19.56    -12.11    11  -999.0    -999     0   0   0   0      23.352   -86.806
0042    10.2  -999.0   -999.00   -999.0    -999    58    23.01    -19.55    -12.15    11  -999.0    -999     0   0   0   0    -999.000  -999.000
0043    10.5  -999.0   -999.00   -999.0    -999    58    23.03    -19.54    -12.19    11  -999.0    -999     0   0   0   0      23.352   -86.806
0044    10.8  -999.0   -999.00   -999.0    -999    58    23.06    -19.55    -12.22    11  -999.0    -999     0   0   0   0    -999.000  -999.000
0045    11.0  -999.0   -999.00   -999.0    -999    58    23.09    -19.57    -12.25    11  -999.0    -999     0   0   0   0      23.352   -86.806
0046    11.2  -999.0   -999.00   -999.0    -999    58    23.13    -19.60    -12.29    11  -999.0    -999     0   0   0   0    -999.000  -999.000
0047    11.5  -999.0     22.18   -999.0    -999    58    23.18    -19.64    -12.32    11  -999.0    -999     0   0   0   0      23.352   -86.806
0048    11.8  -999.0   -999.00   -999.0    -999    58    23.24    -19.69    -12.36    11  -999.0    -999     0   0   0   0    -999.000  -999.000
0049    12.0  -999.0     22.23   -999.0    -999    58    23.31    -19.74    -12.40    11  -999.0    -999     0   0   0   0      23.352   -86.807
0050    12.2  -999.0   -999.00   -999.0    -999    58    23.39    -19.81    -12.44    11  -999.0    -999     0   0   0   0    -999.000  -999.000
0051    12.5  -999.0     22.26   -999.0    -999    58    23.48    -19.88    -12.49    11  -999.0    -999     0   0   0   0      23.352   -86.807
0052    12.8  -999.0   -999.00   -999.0    -999    58    23.57    -19.95    -12.55    11  -999.0    -999     0   0   0   0    -999.000  -999.000
0053    13.0  -999.0     22.29   -999.0    -999    58    23.66    -20.03    -12.60    11  -999.0    -999     0   0   0   0      23.352   -86.807
0054    13.2  -999.0   -999.00   -999.0    -999    58    23.76    -20.10    -12.66    11  -999.0    -999     0   0   0   0    -999.000  -999.000
0055    13.5  -999.0     22.31   -999.0    -999    58    23.86    -20.18    -12.72    11  -999.0    -999     0   0   0   0      23.352   -86.807
0056    13.8  -999.0   -999.00   -999.0    -999    58    23.95    -20.25    -12.79    11  -999.0    -999     0   0   0   0    -999.000  -999.000
0057    14.0  -999.0     22.32   -999.0    -999    58    24.05    -20.32    -12.85    11  -999.0    -999     0   0   0   0      23.352   -86.807
0058    14.2  -999.0   -999.00   -999.0    -999    58    24.14    -20.39    -12.92    11  -999.0    -999     0   0   0   0    -999.000  -999.000
0059    14.5   924.4     22.33   -999.0     660    57    24.92    -20.93    -13.53    11   -12.4     660     0   0   0   0      23.352   -86.807
0060    14.8  -999.0   -999.00   -999.0    -999    57    24.92    -20.90    -13.57    11  -999.0    -999     0   0   0   0    -999.000  -999.000
0061    15.0   925.4     22.34   -999.0     650    57    24.91    -20.87    -13.60    11   -10.0     650     0   0   0   0      23.352   -86.807
0062    15.2  -999.0   -999.00   -999.0    -999    57    24.89    -20.83    -13.63    11  -999.0    -999     0   0   0   0    -999.000  -999.000
0063    15.5   926.3     22.36   -999.0     642    57    24.87    -20.79    -13.65    11    -7.6     642     0   0   0   0      23.351   -86.807
0064    15.8  -999.0   -999.00   -999.0    -999    57    24.84    -20.74    -13.68    11  -999.0    -999     0   0   0   0    -999.000  -999.000
0065    16.0   927.1     22.37   -999.0     634    56    24.80    -20.68    -13.70    11    -5.6     634     0   0   0   0      23.351   -86.807
0066    16.2  -999.0   -999.00   -999.0    -999    56    24.76    -20.61    -13.72    11  -999.0    -999     0   0   0   0    -999.000  -999.000
0067    16.5   927.8     22.38   -999.0     628    56    24.71    -20.54    -13.74    11    -3.9     628     0   0   0   0      23.351   -86.807
0068    16.8  -999.0   -999.00   -999.0    -999    56    24.66    -20.46    -13.76    11  -999.0    -999     0   0   0   0    -999.000  -999.000
0069    17.0   928.5     22.40   -999.0     622    56    24.59    -20.37    -13.77    11    -2.6     622     0   0   0   0      23.351   -86.808
0070    17.2  -999.0   -999.00   -999.0    -999    56    24.52    -20.28    -13.79    11  -999.0    -999     0   0   0   0    -999.000  -999.000
0071    17.5   929.1     22.42   -999.0     616    56    24.44    -20.17    -13.80    11    -1.6     616     0   0   0   0      23.351   -86.808
0072    17.8  -999.0   -999.00   -999.0    -999    55    24.35    -20.06    -13.80    11  -999.0    -999     0   0   0   0    -999.000  -999.000
0073    18.0   929.7     22.44   -999.0     610    55    24.26    -19.95    -13.81    11    -1.0     610     0   0   0   0      23.351   -86.808
0074    18.2  -999.0   -999.00   -999.0    -999    55    24.16    -19.82    -13.81    11  -999.0    -999     0   0   0   0    -999.000  -999.000
0075    18.5   930.3     22.46   -999.0     605    55    24.06    -19.70    -13.81    11    -0.6     605     0   0   0   0      23.351   -86.808
0076    18.8  -999.0   -999.00   -999.0    -999    55    23.95    -19.56    -13.81    11  -999.0    -999     0   0   0   0    -999.000  -999.000
0077    19.0   930.8     22.49     92.1     599    55    23.83    -19.42    -13.82    11    -0.4     599     0   0   0   0      23.351   -86.808
0078    19.2  -999.0   -999.00   -999.0    -999    54    23.71    -19.27    -13.82    11  -999.0    -999     0   0   0   0    -999.000  -999.000
0079    19.5   931.4     22.52     92.3     594    54    23.59    -19.11    -13.83    11    -0.3     594     0   0   0   0      23.351   -86.808
0080    19.8  -999.0   -999.00   -999.0    -999    54    23.47    -18.95    -13.85    11  -999.0    -999     0   0   0   0    -999.000  -999.000
0081    20.0   932.0     22.54     92.6     589    54    23.35    -18.79    -13.87    11    -0.4     589     0   0   0   0      23.351   -86.808
0082    20.2  -999.0   -999.00   -999.0    -999    53    23.23    -18.61    -13.90    11  -999.0    -999     0   0   0   0    -999.000  -999.000
0083    20.5   932.6     22.57     92.9     583    53    23.11    -18.44    -13.93    11    -0.4     583     0   0   0   0      23.351   -86.808
0084    20.8  -999.0   -999.00   -999.0    -999    53    22.99    -18.26    -13.97    11  -999.0    -999     0   0   0   0    -999.000  -999.000
0085    21.0   933.2     22.59     93.2     577  -999  -999.00   -999.00   -999.00    11    -0.5     577     0   0   0   0    -999.000  -999.000
0086    21.2  -999.0   -999.00   -999.0    -999    52    22.77    -17.90    -14.07    11  -999.0    -999     0   0   0   0    -999.000  -999.000
0087    21.5   933.8     22.62     93.5     572    51    22.66    -17.72    -14.13    11    -0.6     572     0   0   0   0      23.351   -86.808
0088    21.8  -999.0   -999.00   -999.0    -999    51    22.56    -17.54    -14.19    11  -999.0    -999     0   0   0   0    -999.000  -999.000
0089    22.0   934.4     22.64     93.9     566    51    22.46    -17.36    -14.26    11    -0.7     566     0   0   0   0      23.351   -86.809
0090    22.2  -999.0   -999.00   -999.0    -999    50    22.37    -17.19    -14.32    11  -999.0    -999     0   0   0   0    -999.000  -999.000
0091    22.5   934.9     22.66     94.2     561    50    22.29    -17.02    -14.39    11    -0.7     561     0   0   0   0      23.351   -86.809
0092    22.8  -999.0   -999.00   -999.0    -999    49    22.22    -16.87    -14.46    11  -999.0    -999     0   0   0   0    -999.000  -999.000
0093    23.0   935.5     22.68     94.4     555    49    22.15    -16.72    -14.53    11    -0.8     555     0   0   0   0      23.351   -86.809
0094    23.2  -999.0   -999.00   -999.0    -999    49    22.09    -16.57    -14.60    11  -999.0    -999     0   0   0   0    -999.000  -999.000
0095    23.5   936.1     22.70     94.6     550    48    22.04    -16.44    -14.67    11    -0.8     550     0   0   0   0      23.350   -86.809
0096    23.8  -999.0   -999.00   -999.0    -999    48    22.00    -16.32    -14.75    11  -999.0    -999     0   0   0   0    -999.000  -999.000
0097    24.0  -999.0   -999.00   -999.0    -999  -999  -999.00   -999.00   -999.00     0  -999.0    -999     0   0   0   0    -999.000  -999.000
0098    24.2  -999.0   -999.00   -999.0    -999  -999  -999.00   -999.00   -999.00     0  -999.0    -999     0   0   0   0    -999.000  -999.000
0099    24.5   937.3     22.75     94.7     539    47    21.94    -16.00    -15.00    11    -0.7     539     0   0   0   0      23.350   -86.809
0100    24.8  -999.0   -999.00   -999.0    -999    47    21.94    -15.92    -15.10    11  -999.0    -999     0   0   0   0    -999.000  -999.000
0101    25.0   937.9     22.77     94.7     534    46    21.96    -15.85    -15.20    11    -0.7     534     0   0   0   0      23.350   -86.809
0102    25.2  -999.0   -999.00   -999.0    -999  -999  -999.00   -999.00   -999.00    11  -999.0    -999     0   0   0   0    -999.000  -999.000
0103    25.5   938.5     22.79     94.6     528    46    22.03    -15.74    -15.42    11    -0.6     528     0   0   0   0      23.350   -86.809
0104    25.8  -999.0   -999.00   -999.0    -999    45    22.09    -15.70    -15.54    11  -999.0    -999     0   0   0   0    -999.000  -999.000
0105    26.0   939.0     22.81     94.6     523    45    22.17    -15.68    -15.67    11    -0.5     523     0   0   0   0      23.350   -86.809
0106    26.2  -999.0   -999.00   -999.0    -999    45    22.25    -15.67    -15.81    11  -999.0    -999     0   0   0   0    -999.000  -999.000
0107    26.5   939.6     22.84     94.5     517    45    22.35    -15.67    -15.94    11    -0.4     517     0   0   0   0      23.350   -86.809
0108    26.8  -999.0   -999.00   -999.0    -999    44    22.46    -15.69    -16.08    11  -999.0    -999     0   0   0   0    -999.000  -999.000
0109    27.0   940.2     22.87     94.3     512    44    22.58    -15.72    -16.21    11    -0.4     512     0   0   0   0      23.350   -86.809
0110    27.2  -999.0   -999.00   -999.0    -999    44    22.70    -15.76    -16.34    11  -999.0    -999     0   0   0   0    -999.000  -999.000
0111    27.5   940.7     22.90     94.2     507    44    22.83    -15.81    -16.46    11    -0.3     507     0   0   0   0      23.350   -86.809
0112    27.8  -999.0   -999.00   -999.0    -999    44    22.95    -15.87    -16.58    11  -999.0    -999     0   0   0   0    -999.000  -999.000
0113    28.0   941.3     22.93     94.0     502    44    23.07    -15.94    -16.68    11    -0.2     502     0   0   0   0      23.350   -86.809
0114    28.2  -999.0   -999.00   -999.0    -999    44    23.19    -16.01    -16.78    11  -999.0    -999     0   0   0   0    -999.000  -999.000
0115    28.5   941.8     22.96     93.8     497    44    23.30    -16.08    -16.86    10    -0.2     497     0   0   0   0      23.350   -86.810
0116    28.8  -999.0   -999.00   -999.0    -999    44    23.40    -16.15    -16.93    10  -999.0    -999     0   0   0   0    -999.000  -999.000
0117    29.0   942.4     23.00     93.7     491    44    23.49    -16.22    -16.99    10    -0.2     491     0   0   0   0      23.350   -86.810
0118    29.2  -999.0   -999.00   -999.0    -999    44    23.56    -16.28    -17.03    10  -999.0    -999     0   0   0   0    -999.000  -999.000
0119    29.5   942.9     23.03     93.5     486    44    23.63    -16.34    -17.07    10    -0.2     486     0   0   0   0      23.350   -86.810
0120    29.8  -999.0   -999.00   -999.0    -999    44    23.68    -16.38    -17.09    11  -999.0    -999     0   0   0   0    -999.000  -999.000
0121    30.0   943.5     23.07     93.4     481    44    23.72    -16.42    -17.11    11    -0.2     481     0   0   0   0      23.350   -86.810
0122    30.2  -999.0   -999.00   -999.0    -999    44    23.74    -16.45    -17.12    10  -999.0    -999     0   0   0   0    -999.000  -999.000
0123    30.5   944.1     23.11     93.3     476    44    23.75    -16.47    -17.12    10    -0.2     476     0   0   0   0      23.349   -86.810
0124    30.8  -999.0   -999.00   -999.0    -999    44    23.76    -16.48    -17.12    11  -999.0    -999     0   0   0   0    -999.000  -999.000
0125    31.0   944.6     23.14     93.3     471    44    23.75    -16.48    -17.11    11    -0.3     471     0   0   0   0      23.349   -86.810
0126    31.2  -999.0   -999.00   -999.0    -999    44    23.74    -16.47    -17.10    11  -999.0    -999     0   0   0   0    -999.000  -999.000
0127    31.5   945.2     23.18     93.3     466    44    23.72    -16.45    -17.08    11    -0.3     466     0   0   0   0      23.349   -86.810
0128    31.8  -999.0   -999.00   -999.0    -999    44    23.69    -16.43    -17.07    11  -999.0    -999     0   0   0   0    -999.000  -999.000
0129    32.0   945.7     23.21     93.4     460    44    23.66    -16.39    -17.06    11    -0.3     460     0   0   0   0      23.349   -86.810
0130    32.2  -999.0   -999.00   -999.0    -999    44    23.63    -16.35    -17.05    11  -999.0    -999     0   0   0   0    -999.000  -999.000
0131    32.5   946.3     23.25     93.5     455    44    23.59    -16.31    -17.04    11    -0.3     455     0   0   0   0      23.349   -86.810
0132    32.8  -999.0   -999.00   -999.0    -999  -999  -999.00   -999.00   -999.00    11  -999.0    -999     0   0   0   0    -999.000  -999.000
0133    33.0   946.9     23.28     93.6     450    44    23.52    -16.21    -17.04    11    -0.3     450     0   0   0   0      23.349   -86.810
0134    33.2  -999.0   -999.00   -999.0    -999    43    23.48    -16.15    -17.04    11  -999.0    -999     0   0   0   0    -999.000  -999.000
0135    33.5   947.4     23.31     93.8     445    43    23.45    -16.10    -17.05    11    -0.3     445     0   0   0   0      23.349   -86.810
0136    33.8  -999.0   -999.00   -999.0    -999    43    23.41    -16.04    -17.06    11  -999.0    -999     0   0   0   0    -999.000  -999.000
0137    34.0   948.0     23.33     94.0     439    43    23.38    -15.97    -17.08    11    -0.2     439     0   0   0   0      23.349   -86.810
0138    34.2  -999.0   -999.00   -999.0    -999    43    23.35    -15.91    -17.10    11  -999.0    -999     0   0   0   0    -999.000  -999.000
0139    34.5   948.6     23.36     94.2     434    43    23.32    -15.85    -17.11    11    -0.1     434     0   0   0   0      23.349   -86.811
0140    34.8  -999.0   -999.00   -999.0    -999    43    23.29    -15.79    -17.13    11  -999.0    -999     0   0   0   0    -999.000  -999.000
0141    35.0   949.1     23.39     94.4     429    43    23.26    -15.73    -17.14    11    -0.0     429     0   0   0   0      23.349   -86.811
0142    35.2  -999.0   -999.00   -999.0    -999    42    23.23    -15.66    -17.15    11  -999.0    -999     0   0   0   0    -999.000  -999.000
0143    35.5   949.7     23.42     94.5     424    42    23.18    -15.60    -17.15    11     0.1     424     0   0   0   0      23.349   -86.811
0144    35.8  -999.0   -999.00   -999.0    -999    42    23.14    -15.54    -17.14    11  -999.0    -999     0   0   0   0    -999.000  -999.000
0145    36.0   950.2     23.46     94.7     419    42    23.08    -15.48    -17.12    11     0.2     419     0   0   0   0      23.349   -86.811
0146    36.2  -999.0   -999.00   -999.0    -999    42    23.02    -15.41    -17.09    11  -999.0    -999     0   0   0   0    -999.000  -999.000
0147    36.5   950.7     23.49     94.8     414    42    22.94    -15.34    -17.06    11     0.3     414     0   0   0   0      23.349   -86.811
0148    36.8  -999.0   -999.00   -999.0    -999    42    22.86    -15.27    -17.01    11  -999.0    -999     0   0   0   0    -999.000  -999.000
0149    37.0   951.3     23.52     94.9     409    42    22.76    -15.19    -16.95    11     0.5     409     0   0   0   0      23.348   -86.811
0150    37.2  -999.0   -999.00   -999.0    -999    42    22.66    -15.11    -16.89    11  -999.0    -999     0   0   0   0    -999.000  -999.000
0151    37.5   951.8     23.56     94.9     404    42    22.55    -15.02    -16.82    11     0.6     404     0   0   0   0      23.348   -86.811
0152    37.8  -999.0   -999.00   -999.0    -999    42    22.44    -14.93    -16.75    11  -999.0    -999     0   0   0   0    -999.000  -999.000
0153    38.0   952.3     23.59     94.9     400    42    22.32    -14.83    -16.68    11     0.7     400     0   0   0   0      23.348   -86.811
0154    38.2  -999.0   -999.00   -999.0    -999    42    22.20    -14.74    -16.60    11  -999.0    -999     0   0   0   0    -999.000  -999.000
0155    38.5   952.8     23.62     95.0     395    42    22.09    -14.66    -16.53    11     0.7     395     0   0   0   0      23.348   -86.811
0156    38.8  -999.0   -999.00   -999.0    -999    42    21.99    -14.58    -16.46    11  -999.0    -999     0   0   0   0    -999.000  -999.000
0157    39.0   953.3     23.65     95.0     390    42    21.89    -14.51    -16.39    11     0.7     390     0   0   0   0      23.348   -86.811
0158    39.2  -999.0   -999.00   -999.0    -999    42    21.80    -14.45    -16.32    11  -999.0    -999     0   0   0   0    -999.000  -999.000
0159    39.5   953.8     23.68     95.0     386    42    21.72    -14.40    -16.27    11     0.7     386     0   0   0   0      23.348   -86.811
0160    39.8  -999.0   -999.00   -999.0    -999    42    21.66    -14.36    -16.22    11  -999.0    -999     0   0   0   0    -999.000  -999.000
0161    40.0   954.3     23.71     95.0     381    42    21.61    -14.34    -16.18    11     0.7     381     0   0   0   0      23.348   -86.811
0162    40.2  -999.0   -999.00   -999.0    -999    42    21.58    -14.32    -16.14    11  -999.0    -999     0   0   0   0    -999.000  -999.000
0163    40.5   954.8     23.73     95.0     376    42    21.57    -14.33    -16.13    11     0.6     376     0   0   0   0      23.348   -86.811
0164    40.8  -999.0   -999.00   -999.0    -999    42    21.58    -14.34    -16.12    11  -999.0    -999     0   0   0   0    -999.000  -999.000
0165    41.0   955.3     23.76     95.0     372    42    21.60    -14.37    -16.13    11     0.5     372     0   0   0   0      23.348   -86.811
0166    41.2  -999.0   -999.00   -999.0    -999    42    21.65    -14.41    -16.15    11  -999.0    -999     0   0   0   0    -999.000  -999.000
0167    41.5   955.9     23.77     95.0     367    42    21.71    -14.46    -16.19    11     0.4     367     0   0   0   0      23.348   -86.812
0168    41.8  -999.0   -999.00   -999.0    -999    42    21.78    -14.51    -16.24    11  -999.0    -999     0   0   0   0    -999.000  -999.000
0169    42.0   956.4     23.79     94.9     362    42    21.87    -14.57    -16.31    11     0.2     362     0   0   0   0      23.348   -86.812
0170    42.2  -999.0   -999.00   -999.0    -999    42    21.97    -14.63    -16.40    11  -999.0    -999     0   0   0   0    -999.000  -999.000
0171    42.5   956.9     23.80     94.9     357    42    22.08    -14.68    -16.49    11     0.1     357     0   0   0   0      23.348   -86.812
0172    42.8  -999.0   -999.00   -999.0    -999    42    22.19    -14.73    -16.60    11  -999.0    -999     0   0   0   0    -999.000  -999.000
0173    43.0   957.5     23.81     94.9     352    41    22.31    -14.78    -16.71    11     0.0     352     0   0   0   0      23.348   -86.812
0174    43.2  -999.0   -999.00   -999.0    -999    41    22.42    -14.82    -16.83    11  -999.0    -999     0   0   0   0    -999.000  -999.000
0175    43.5   958.0     23.82     94.9     347    41    22.53    -14.86    -16.94    11    -0.1     347     0   0   0   0      23.347   -86.812
0176    43.8  -999.0   -999.00   -999.0    -999    41    22.64    -14.89    -17.06    11  -999.0    -999     0   0   0   0    -999.000  -999.000
0177    44.0   958.6     23.83     94.8     342    41    22.74    -14.91    -17.17    11    -0.2     342     0   0   0   0      23.347   -86.812
0178    44.2  -999.0   -999.00   -999.0    -999    41    22.84    -14.94    -17.28    11  -999.0    -999     0   0   0   0    -999.000  -999.000
0179    44.5   959.2     23.84     94.8     336    41    22.93    -14.96    -17.38    11    -0.3     336     0   0   0   0      23.347   -86.812
0180    44.8  -999.0   -999.00   -999.0    -999    41    23.02    -14.98    -17.47    11  -999.0    -999     0   0   0   0    -999.000  -999.000
0181    45.0   959.7     23.84     94.7     331    41    23.09    -15.00    -17.55    11    -0.3     331     0   0   0   0      23.347   -86.812
0182    45.2  -999.0   -999.00   -999.0    -999    40    23.16    -15.02    -17.62    11  -999.0    -999     0   0   0   0    -999.000  -999.000
0183    45.5   960.3     23.85     94.6     326    40    23.22    -15.04    -17.68    11    -0.4     326     0   0   0   0      23.347   -86.812
0184    45.8  -999.0   -999.00   -999.0    -999    40    23.26    -15.06    -17.73    11  -999.0    -999     0   0   0   0    -999.000  -999.000
0185    46.0   960.9     23.86     94.4     321    40    23.31    -15.08    -17.77    11    -0.4     321     0   0   0   0      23.347   -86.812
0186    46.2  -999.0   -999.00   -999.0    -999    40    23.34    -15.11    -17.79    11  -999.0    -999     0   0   0   0    -999.000  -999.000
0187    46.5   961.5     23.88     94.2     316    40    23.36    -15.13    -17.80    11    -0.5     316     0   0   0   0      23.347   -86.812
0188    46.8  -999.0   -999.00   -999.0    -999    40    23.38    -15.16    -17.80    11  -999.0    -999     0   0   0   0    -999.000  -999.000
0189    47.0   962.0     23.90     94.0     310    41    23.39    -15.20    -17.78    11    -0.5     310     0   0   0   0      23.347   -86.812
0190    47.2  -999.0   -999.00   -999.0    -999    41    23.40    -15.23    -17.76    11  -999.0    -999     0   0   0   0    -999.000  -999.000
0191    47.5   962.6     23.94     93.8     305    41    23.40    -15.27    -17.73    11    -0.6     305     0   0   0   0      23.347   -86.812
0192    47.8  -999.0   -999.00   -999.0    -999    41    23.40    -15.31    -17.70    11  -999.0    -999     0   0   0   0    -999.000  -999.000
0193    48.0   963.2     23.98     93.5     300    41    23.40    -15.35    -17.65    11    -0.7     300     0   0   0   0      23.347   -86.812
0194    48.2  -999.0   -999.00   -999.0    -999    41    23.39    -15.40    -17.61    10  -999.0    -999     0   0   0   0    -999.000  -999.000
0195    48.5   963.8     24.02     93.2     294    41    23.38    -15.44    -17.56     9    -0.8     294     0   0   0   0      23.347   -86.813
0196    48.8  -999.0   -999.00   -999.0    -999    41    23.38    -15.49    -17.51     9  -999.0    -999     0   0   0   0    -999.000  -999.000
0197    49.0   964.4     24.08     92.9     289    42    23.37    -15.53    -17.46     9    -0.9     289     0   0   0   0      23.347   -86.813
0198    49.2  -999.0   -999.00   -999.0    -999    42    23.36    -15.57    -17.41     9  -999.0    -999     0   0   0   0    -999.000  -999.000
0199    49.5   965.0     24.14     92.6     284    42    23.35    -15.61    -17.36    10    -1.0     284     0   0   0   0      23.347   -86.813
0200    49.8  -999.0   -999.00   -999.0    -999    42    23.33    -15.63    -17.32    10  -999.0    -999     0   0   0   0    -999.000  -999.000
0201    50.0   965.6     24.20     92.3     278    42    23.32    -15.66    -17.28    10    -1.1     278     0   0   0   0      23.346   -86.813
0202    50.2  -999.0   -999.00   -999.0    -999    42    23.31    -15.68    -17.25    10  -999.0    -999     0   0   0   0    -999.000  -999.000
0203    50.5   966.2     24.26     92.1     272    42    23.30    -15.69    -17.22    10    -1.1     272     0   0   0   0      23.346   -86.813
0204    50.8  -999.0   -999.00   -999.0    -999    42    23.28    -15.69    -17.20    10  -999.0    -999     0   0   0   0    -999.000  -999.000
0205    51.0   966.8     24.32     91.8     267    42    23.27    -15.69    -17.18    10    -1.1     267     0   0   0   0      23.346   -86.813
0206    51.2  -999.0   -999.00   -999.0    -999    42    23.25    -15.69    -17.16    11  -999.0    -999     0   0   0   0    -999.000  -999.000
0207    51.5   967.4     24.38     91.6     261    42    23.23    -15.67    -17.14    11    -1.1     261     0   0   0   0      23.346   -86.813
0208    51.8  -999.0   -999.00   -999.0    -999    42    23.20    -15.65    -17.13    11  -999.0    -999     0   0   0   0    -999.000  -999.000
0209    52.0   968.1     24.43     91.5     255    42    23.17    -15.63    -17.11    11    -1.0     255     0   0   0   0      23.346   -86.813
0210    52.2  -999.0   -999.00   -999.0    -999    42    23.14    -15.60    -17.09    11  -999.0    -999     0   0   0   0    -999.000  -999.000
0211    52.5   968.7     24.49     91.4     250    42    23.10    -15.56    -17.07    10    -0.9     250     0   0   0   0      23.346   -86.813
0212    52.8  -999.0   -999.00   -999.0    -999    42    23.05    -15.53    -17.04    10  -999.0    -999     0   0   0   0    -999.000  -999.000
0213    53.0   969.3     24.54     91.4     244    42    23.00    -15.48    -17.00    10    -0.8     244     0   0   0   0      23.346   -86.813
0214    53.2  -999.0   -999.00   -999.0    -999    42    22.94    -15.44    -16.97    10  -999.0    -999     0   0   0   0    -999.000  -999.000
0215    53.5   969.9     24.58     91.5     239    42    22.88    -15.40    -16.92    10    -0.6     239     0   0   0   0      23.346   -86.813
0216    53.8  -999.0   -999.00   -999.0    -999    42    22.81    -15.35    -16.88    11  -999.0    -999     0   0   0   0    -999.000  -999.000
0217    54.0   970.4     24.62     91.5     234    42    22.74    -15.30    -16.82    11    -0.5     234     0   0   0   0      23.346   -86.813
0218    54.2  -999.0   -999.00   -999.0    -999    42    22.67    -15.25    -16.77    11  -999.0    -999     0   0   0   0    -999.000  -999.000
0219    54.5   971.0     24.66     91.7     228    42    22.59    -15.20    -16.71    11    -0.4     228     0   0   0   0      23.346   -86.813
0220    54.8  -999.0   -999.00   -999.0    -999    42    22.51    -15.16    -16.64    11  -999.0    -999     0   0   0   0    -999.000  -999.000
0221    55.0   971.6     24.70     91.8     223    42    22.43    -15.11    -16.58    11    -0.3     223     0   0   0   0      23.346   -86.814
0222    55.2  -999.0   -999.00   -999.0    -999    42    22.35    -15.07    -16.51    11  -999.0    -999     0   0   0   0    -999.000  -999.000
0223    55.5   972.1     24.73     92.0     218    42    22.28    -15.03    -16.45    11    -0.2     218     0   0   0   0      23.346   -86.814
0224    55.8  -999.0   -999.00   -999.0    -999    42    22.21    -14.99    -16.39    11  -999.0    -999     0   0   0   0    -999.000  -999.000
0225    56.0   972.7     24.77     92.2     213    42    22.14    -14.95    -16.33    11    -0.2     213     0   0   0   0      23.346   -86.814
0226    56.2  -999.0   -999.00   -999.0    -999    43    22.08    -14.92    -16.27    11  -999.0    -999     0   0   0   0    -999.000  -999.000
0227    56.5   973.2     24.80     92.3     208    43    22.02    -14.89    -16.22    11    -0.2     208     0   0   0   0      23.345   -86.814
0228    56.8  -999.0   -999.00   -999.0    -999    43    21.97    -14.87    -16.18    11  -999.0    -999     0   0   0   0    -999.000  -999.000
0229    57.0   973.8     24.84     92.4     203    43    21.93    -14.85    -16.14    11    -0.3     203     0   0   0   0      23.345   -86.814
0230    57.2  -999.0   -999.00   -999.0    -999    43    21.89    -14.83    -16.11    11  -999.0    -999     0   0   0   0    -999.000  -999.000
0231    57.5   974.4     24.87     92.4     198    43    21.86    -14.81    -16.08    14    -0.4     198     0   0   0   0      23.345   -86.814
0232    57.8  -999.0   -999.00   -999.0    -999    43    21.84    -14.80    -16.05    14  -999.0    -999     0   0   0   0    -999.000  -999.000
0233    58.0   974.9     24.91     92.3     193    43    21.81    -14.79    -16.03    14    -0.5     193     0   0   0   0      23.345   -86.814
0234    58.2  -999.0   -999.00   -999.0    -999    43    21.79    -14.78    -16.01    14  -999.0    -999     0   0   0   0    -999.000  -999.000
0235    58.5   975.5     24.94     92.2     187    43    21.76    -14.77    -15.98    14    -0.7     187     0   0   0   0      23.345   -86.814
0236    58.8  -999.0   -999.00   -999.0    -999    43    21.73    -14.75    -15.95    14  -999.0    -999     0   0   0   0    -999.000  -999.000
0237    59.0   976.1     24.98     92.1     182    43    21.69    -14.72    -15.92    14    -0.8     182     0   0   0   0      23.345   -86.814
0238    59.2  -999.0   -999.00   -999.0    -999    43    21.63    -14.69    -15.88    14  -999.0    -999     0   0   0   0    -999.000  -999.000
0239    59.5   976.7     25.02     91.9     177    43    21.56    -14.64    -15.83    14    -1.0     177     0   0   0   0      23.345   -86.814
0240    59.8  -999.0   -999.00   -999.0    -999  -999  -999.00   -999.00   -999.00    14  -999.0    -999     0   0   0   0    -999.000  -999.000
0241    60.0   977.3     25.06     91.7     171    43    21.38    -14.50    -15.72    14    -1.1     171     0   0   0   0      23.345   -86.814
0242    60.2  -999.0   -999.00   -999.0    -999    43    21.27    -14.40    -15.65    14  -999.0    -999     0   0   0   0    -999.000  -999.000
0243    60.5   978.0     25.10     91.6     165    43    21.14    -14.29    -15.58    14    -1.2     165     0   0   0   0      23.345   -86.814
0244    60.8  -999.0   -999.00   -999.0    -999    42    21.00    -14.17    -15.50    14  -999.0    -999     0   0   0   0    -999.000  -999.000
0245    61.0   978.6     25.14     91.4     160    42    20.84    -14.03    -15.42    14    -1.3     160     0   0   0   0      23.345   -86.814
0246    61.2  -999.0   -999.00   -999.0    -999    42    20.68    -13.88    -15.33    13  -999.0    -999     0   0   0   0    -999.000  -999.000
0247    61.5   979.2     25.18     91.4     154    42    20.51    -13.73    -15.25    14    -1.3     154     0   0   0   0      23.345   -86.815
0248    61.8  -999.0   -999.00   -999.0    -999  -999  -999.00   -999.00   -999.00    14  -999.0    -999     0   0   0   0    -999.000  -999.000
0249    62.0   979.9     25.23     91.4     148  -999  -999.00   -999.00   -999.00    14    -1.2     148     0   0   0   0      23.345   -86.815
0250    62.2  -999.0   -999.00   -999.0    -999    42    19.99    -13.26    -14.97    14  -999.0    -999     0   0   0   0    -999.000  -999.000
0251    62.5   980.5     25.27     91.5     143    41    19.82    -13.11    -14.87    13    -1.1     143     0   0   0   0      23.345   -86.815
0252    62.8  -999.0   -999.00   -999.0    -999    41    19.65    -12.97    -14.76    13  -999.0    -999     0   0   0   0    -999.000  -999.000
0253    63.0   981.1     25.31     91.6     137    41    19.49    -12.84    -14.66    13    -1.0     137     0   0   0   0      23.345   -86.815
0254    63.2  -999.0   -999.00   -999.0    -999    41    19.33    -12.73    -14.55    14  -999.0    -999     0   0   0   0    -999.000  -999.000
0255    63.5   981.7     25.36     91.8     132    41    19.19    -12.62    -14.45    14    -0.8     132     0   0   0   0      23.344   -86.815
0256    63.8  -999.0   -999.00   -999.0    -999    41    19.05    -12.53    -14.35    14  -999.0    -999     0   0   0   0    -999.000  -999.000
0257    64.0   982.3     25.40     91.9     126    41    18.92    -12.45    -14.25    13    -0.7     126     0   0   0   0      23.344   -86.815
0258    64.2  -999.0   -999.00   -999.0    -999    41    18.81    -12.39    -14.16    13  -999.0    -999     0   0   0   0    -999.000  -999.000
0259    64.5   982.9     25.44     92.0     121    41    18.71    -12.34    -14.07    14    -0.4     121     0   0   0   0      23.344   -86.815
0260    64.8  -999.0   -999.00   -999.0    -999    41    18.63    -12.29    -14.00    14  -999.0    -999     0   0   0   0    -999.000  -999.000
0261    65.0   983.5     25.49     92.1     116    41    18.56    -12.26    -13.93    14    -0.2     116     0   0   0   0      23.344   -86.815
0262    65.2  -999.0   -999.00   -999.0    -999    41    18.51    -12.23    -13.88    14  -999.0    -999     0   0   0   0    -999.000  -999.000
0263    65.5   984.0     25.53     92.1     111    41    18.46    -12.21    -13.85    14    -0.0     111     0   0   0   0      23.344   -86.815
0264    65.8  -999.0   -999.00   -999.0    -999    41    18.44    -12.20    -13.82    14  -999.0    -999     0   0   0   0    -999.000  -999.000
0265    66.0   984.6     25.57     92.1     106    41    18.42    -12.18    -13.81    13     0.2     106     0   0   0   0      23.344   -86.815
0266    66.2  -999.0   -999.00   -999.0    -999    41    18.41    -12.17    -13.81    13  -999.0    -999     0   0   0   0    -999.000  -999.000
0267    66.5   985.1     25.61     92.0     101    41    18.41    -12.16    -13.83    13     0.3     101     0   0   0   0      23.344   -86.815
0268    66.8  -999.0   -999.00   -999.0    -999    41    18.42    -12.14    -13.85    13  -999.0    -999     0   0   0   0    -999.000  -999.000
0269    67.0   985.6     25.65     91.9      96    41    18.44    -12.13    -13.89    13     0.5      96     0   0   0   0      23.344   -86.815
0270    67.2  -999.0   -999.00   -999.0    -999    41    18.46    -12.11    -13.94    13  -999.0    -999     0   0   0   0    -999.000  -999.000
0271    67.5   986.2     25.70     91.7      92    41    18.49    -12.09    -13.99    14     0.6      92     0   0   0   0      23.344   -86.815
0272    67.8  -999.0   -999.00   -999.0    -999    41    18.53    -12.06    -14.06    14  -999.0    -999     0   0   0   0    -999.000  -999.000
0273    68.0   986.7     25.74     91.6      87    40    18.56    -12.04    -14.13    14     0.7      87     0   0   0   0      23.344   -86.815
0274    68.2  -999.0   -999.00   -999.0    -999    40    18.60    -12.00    -14.21    14  -999.0    -999     0   0   0   0    -999.000  -999.000
0275    68.5   987.2     25.79     91.4      82    40    18.64    -11.96    -14.29    14     0.7      82     0   0   0   0      23.344   -86.815
0276    68.8  -999.0   -999.00   -999.0    -999    40    18.67    -11.92    -14.38    14  -999.0    -999     0   0   0   0    -999.000  -999.000
0277    69.0   987.7     25.83     91.1      78  -999  -999.00   -999.00   -999.00    14     0.8      78     0   0   0   0      23.344   -86.815
0278    69.2  -999.0   -999.00   -999.0    -999  -999  -999.00   -999.00   -999.00    13  -999.0    -999     0   0   0   0    -999.000  -999.000
0279    69.5   988.2     25.88     90.9      73    39    18.78    -11.73    -14.67    13     0.8      73     0   0   0   0      23.344   -86.816
0280    69.8  -999.0   -999.00   -999.0    -999    38    18.82    -11.67    -14.77    13  -999.0    -999     0   0   0   0    -999.000  -999.000
0281    70.0   988.7     25.92     90.7      69    38    18.87    -11.60    -14.88    13     0.8      69     0   0   0   0      23.344   -86.816
0282    70.2  -999.0   -999.00   -999.0    -999    38    18.91    -11.53    -14.99    14  -999.0    -999     0   0   0   0    -999.000  -999.000
0283    70.5   989.3     25.97     90.5      64  -999  -999.00   -999.00   -999.00    14     0.8      64     0   0   0   0      23.344   -86.816
0284    70.8  -999.0   -999.00   -999.0    -999    37    19.03    -11.41    -15.23    14  -999.0    -999     0   0   0   0    -999.000  -999.000
0285    71.0   989.8     26.02     90.2      59    36    19.09    -11.35    -15.35    14     0.8      59     0   0   0   0      23.343   -86.816
0286    71.2  -999.0   -999.00   -999.0    -999    36    19.17    -11.30    -15.48    13  -999.0    -999     0   0   0   0    -999.000  -999.000
0287    71.5   990.3     26.06     90.0      55    36    19.24    -11.26    -15.60    14     0.7      55     0   0   0   0      23.343   -86.816
0288    71.8  -999.0   -999.00   -999.0    -999    36    19.32    -11.22    -15.72    14  -999.0    -999     0   0   0   0    -999.000  -999.000
0289    72.0   990.8     26.11     89.8      50    35    19.39    -11.20    -15.84    14     0.6      50     0   0   0   0      23.343   -86.816
0290    72.2  -999.0   -999.00   -999.0    -999    35    19.47    -11.17    -15.94    13  -999.0    -999     0   0   0   0    -999.000  -999.000
0291    72.5   991.3     26.16     89.6      45    35    19.55    -11.15    -16.05    13     0.5      45     0   0   0   0      23.343   -86.816
0292    72.8  -999.0   -999.00   -999.0    -999    35    19.63    -11.14    -16.16    14  -999.0    -999     0   0   0   0    -999.000  -999.000
0293    73.0   991.8     26.20     89.3      41    34    19.72    -11.14    -16.27    14     0.4      41     0   0   0   0      23.343   -86.816
0294    73.2  -999.0   -999.00   -999.0    -999    34    19.80    -11.15    -16.36    14  -999.0    -999     0   0   0   0    -999.000  -999.000
0295    73.5   992.3     26.25     89.2      36    34    19.88    -11.17    -16.45    14     0.1      36     0   0   0   0      23.343   -86.816
0296    73.8  -999.0   -999.00   -999.0    -999  -999  -999.00   -999.00   -999.00    13  -999.0    -999     0   0   0   0    -999.000  -999.000
0297    74.0   992.9     26.30     89.1      32  -999  -999.00   -999.00   -999.00    13    -0.1      32     0   0   0   0      23.343   -86.816
0298    74.2  -999.0   -999.00   -999.0    -999    34    19.98    -11.25    -16.52    14  -999.0    -999     0   0   0   0    -999.000  -999.000
0299    74.5   993.4     26.35     89.0      27    34    19.92    -11.28    -16.42    14    -0.3      27     0   0   0   0      23.343   -86.816
0300    74.8  -999.0   -999.00   -999.0    -999    35    19.81    -11.31    -16.26    14  -999.0    -999     0   0   0   0    -999.000  -999.000
0301    75.0   994.0     26.40     88.9      21  -999  -999.00   -999.00   -999.00    14    -0.5      21     0   0   0   0      23.343   -86.816
0302    75.2  -999.0   -999.00   -999.0    -999  -999  -999.00   -999.00   -999.00    14  -999.0    -999     0   0   0   0    -999.000  -999.000
0303    75.5   994.7     26.45     88.9      15    37    19.16    -11.46    -15.36    14    -0.6      15     0   0   0   0      23.343   -86.816
0304    75.8  -999.0   -999.00   -999.0    -999    38    18.89    -11.51    -14.97    14  -999.0    -999     0   0   0   0    -999.000  -999.000
0305    76.0   995.4     26.50     88.9       9    38    18.60    -11.56    -14.57    14    -0.6       9     0   0   0   0      23.343   -86.816
0306    76.2  -999.0   -999.00   -999.0    -999    37    18.99    -11.45    -15.16    14  -999.0    -999     0   0   0   0    -999.000  -999.000
0307    76.8   996.4     26.52     88.9       0  -999  -999.00   -999.00   -999.00  -999  -999.0       0     0   0   0   0    -999.000  -999.000
