 ===========================================================================
 DROPWINDSONDE PROCESSING RECORD                            Sonde: 142835085
 FRD file written by Aspen V3.3-236, 31 Aug 2016 23:04 UTC
 Aircraft: WP-3D, N43RF                      Date: 160831   Time: 225738 UTC
 ---------------------------------------------------------------------------
 Bias corrections:  PR =   0.0 mb  TE =   0.0 C  RH =   0.0 %  PRB =  0.0 mb
 Filters (LPF):     PTH = 
 Dyn RH correction = 
 Estimated PR used = 
 Dyn T correction  = 
 ---------------------------------------------------------------------------
 COMMENT: West End Point, Good Drop; TDDryBiasCorrApplied
 ===========================================================================

 ===========================================================================
 Date: 160831   Lat:  25.06 N   TA:   19.3 C   PS:  840.7 mb   WD:    10 deg
 Time: 225738   Lon:  88.17 W   TD:   18.1 C   GA:   1557 m    WS:   4.4 m/s
 SID:  142835085                RH:   92.6 %   Navaid:   GP
 ===========================================================================

IX      t (s)  P (mb)    T (C)    RH (%)  Z (m)   WD    WS (m/s)   U (m/s)   V (m/s)  NS  WZ (m/s)  ZW (m)   FP  FT  FH  FW    LAT (N)   LON (E)
0001     0.0  -999.0   -999.00   -999.0    -999  -999  -999.00   -999.00   -999.00    10  -999.0    -999     0   0   0   0      25.063   -88.166
0002     0.2  -999.0   -999.00   -999.0    -999  -999  -999.00   -999.00   -999.00     9  -999.0    -999     0   0   0   0    -999.000  -999.000
0003     0.5  -999.0   -999.00   -999.0    -999  -999  -999.00   -999.00   -999.00     9  -999.0    -999     0   0   0   0      25.063   -88.165
0004     0.8  -999.0   -999.00   -999.0    -999  -999  -999.00   -999.00   -999.00     6  -999.0    -999     0   0   0   0    -999.000  -999.000
0005     1.0  -999.0   -999.00   -999.0    -999  -999  -999.00   -999.00   -999.00     6  -999.0    -999     0   0   0   0      25.063   -88.165
0006     1.2  -999.0   -999.00   -999.0    -999  -999  -999.00   -999.00   -999.00     7  -999.0    -999     0   0   0   0    -999.000  -999.000
0007     1.5  -999.0   -999.00   -999.0    -999  -999  -999.00   -999.00   -999.00     7  -999.0    -999     0   0   0   0      25.062   -88.165
0008     1.8  -999.0   -999.00   -999.0    -999  -999  -999.00   -999.00   -999.00     6  -999.0    -999     0   0   0   0    -999.000  -999.000
0009     2.0  -999.0   -999.00   -999.0    -999  -999  -999.00   -999.00   -999.00     8  -999.0    -999     0   0   0   0      25.062   -88.165
0010     2.2  -999.0   -999.00   -999.0    -999  -999  -999.00   -999.00   -999.00     7  -999.0    -999     0   0   0   0    -999.000  -999.000
0011     2.5  -999.0   -999.00   -999.0    -999  -999  -999.00   -999.00   -999.00     8  -999.0    -999     0   0   0   0      25.062   -88.165
0012     2.8  -999.0   -999.00   -999.0    -999  -999  -999.00   -999.00   -999.00     8  -999.0    -999     0   0   0   0    -999.000  -999.000
0013     3.0  -999.0   -999.00   -999.0    -999  -999  -999.00   -999.00   -999.00     8  -999.0    -999     0   0   0   0      25.062   -88.165
0014     3.2  -999.0   -999.00   -999.0    -999  -999  -999.00   -999.00   -999.00     8  -999.0    -999     0   0   0   0    -999.000  -999.000
0015     3.5  -999.0   -999.00   -999.0    -999  -999  -999.00   -999.00   -999.00     8  -999.0    -999     0   0   0   0      25.062   -88.165
0016     3.8  -999.0   -999.00   -999.0    -999  -999  -999.00   -999.00   -999.00    10  -999.0    -999     0   0   0   0    -999.000  -999.000
0017     4.0  -999.0   -999.00   -999.0    -999  -999  -999.00   -999.00   -999.00    10  -999.0    -999     0   0   0   0      25.062   -88.165
0018     4.2  -999.0   -999.00   -999.0    -999  -999  -999.00   -999.00   -999.00     9  -999.0    -999     0   0   0   0    -999.000  -999.000
0019     4.5  -999.0   -999.00   -999.0    -999  -999  -999.00   -999.00   -999.00     9  -999.0    -999     0   0   0   0      25.062   -88.165
0020     4.8  -999.0   -999.00   -999.0    -999  -999  -999.00   -999.00   -999.00     8  -999.0    -999     0   0   0   0    -999.000  -999.000
0021     5.0  -999.0   -999.00   -999.0    -999  -999  -999.00   -999.00   -999.00     9  -999.0    -999     0   0   0   0      25.062   -88.165
0022     5.2  -999.0   -999.00   -999.0    -999  -999  -999.00   -999.00   -999.00    10  -999.0    -999     0   0   0   0    -999.000  -999.000
0023     5.5  -999.0   -999.00   -999.0    -999  -999  -999.00   -999.00   -999.00     9  -999.0    -999     0   0   0   0      25.062   -88.165
0024     5.8  -999.0   -999.00   -999.0    -999  -999  -999.00   -999.00   -999.00     9  -999.0    -999     0   0   0   0    -999.000  -999.000
0025     6.0  -999.0   -999.00   -999.0    -999  -999  -999.00   -999.00   -999.00     9  -999.0    -999     0   0   0   0      25.062   -88.165
0026     6.2  -999.0   -999.00   -999.0    -999  -999  -999.00   -999.00   -999.00     9  -999.0    -999     0   0   0   0    -999.000  -999.000
0027     6.5  -999.0   -999.00   -999.0    -999  -999  -999.00   -999.00   -999.00    10  -999.0    -999     0   0   0   0      25.062   -88.165
0028     6.8  -999.0   -999.00   -999.0    -999  -999  -999.00   -999.00   -999.00    10  -999.0    -999     0   0   0   0    -999.000  -999.000
0029     7.0  -999.0   -999.00   -999.0    -999  -999  -999.00   -999.00   -999.00    10  -999.0    -999     0   0   0   0      25.062   -88.165
0030     7.2  -999.0   -999.00   -999.0    -999  -999  -999.00   -999.00   -999.00    10  -999.0    -999     0   0   0   0    -999.000  -999.000
0031     7.5  -999.0   -999.00   -999.0    -999  -999  -999.00   -999.00   -999.00     9  -999.0    -999     0   0   0   0      25.062   -88.165
0032     7.8  -999.0   -999.00   -999.0    -999  -999  -999.00   -999.00   -999.00    10  -999.0    -999     0   0   0   0    -999.000  -999.000
0033     8.0  -999.0   -999.00   -999.0    -999  -999  -999.00   -999.00   -999.00    10  -999.0    -999     0   0   0   0      25.062   -88.165
0034     8.2  -999.0   -999.00   -999.0    -999  -999  -999.00   -999.00   -999.00     9  -999.0    -999     0   0   0   0    -999.000  -999.000
0035     8.5  -999.0   -999.00   -999.0    -999  -999  -999.00   -999.00   -999.00     9  -999.0    -999     0   0   0   0      25.062   -88.165
0036     8.8  -999.0   -999.00   -999.0    -999  -999  -999.00   -999.00   -999.00     9  -999.0    -999     0   0   0   0    -999.000  -999.000
0037     9.0  -999.0   -999.00   -999.0    -999  -999  -999.00   -999.00   -999.00    10  -999.0    -999     0   0   0   0      25.062   -88.165
0038     9.2  -999.0   -999.00   -999.0    -999  -999  -999.00   -999.00   -999.00     9  -999.0    -999     0   0   0   0    -999.000  -999.000
0039     9.5  -999.0   -999.00   -999.0    -999  -999  -999.00   -999.00   -999.00     9  -999.0    -999     0   0   0   0      25.062   -88.165
0040     9.8  -999.0   -999.00   -999.0    -999  -999  -999.00   -999.00   -999.00     9  -999.0    -999     0   0   0   0    -999.000  -999.000
0041    10.0  -999.0   -999.00   -999.0    -999    14     4.07     -1.01     -3.94    10  -999.0    -999     0   0   0   0      25.062   -88.165
0042    10.2  -999.0   -999.00   -999.0    -999    15     4.04     -1.02     -3.91    10  -999.0    -999     0   0   0   0    -999.000  -999.000
0043    10.5  -999.0   -999.00   -999.0    -999    15     4.01     -1.03     -3.87    10  -999.0    -999     0   0   0   0      25.062   -88.165
0044    10.8  -999.0   -999.00   -999.0    -999    15     3.97     -1.04     -3.83    10  -999.0    -999     0   0   0   0    -999.000  -999.000
0045    11.0   852.3     20.18   -999.0    1426    16     3.80     -1.08     -3.65    10     0.1    1426     0   0   0   0      25.062   -88.165
0046    11.2  -999.0   -999.00   -999.0    -999    17     3.77     -1.09     -3.61    10  -999.0    -999     0   0   0   0    -999.000  -999.000
0047    11.5   852.8     20.21   -999.0    1421    17     3.73     -1.09     -3.56    10    -0.0    1421     0   0   0   0      25.062   -88.165
0048    11.8  -999.0   -999.00   -999.0    -999    17     3.69     -1.10     -3.52    10  -999.0    -999     0   0   0   0    -999.000  -999.000
0049    12.0   853.4     20.25   -999.0    1415    18     3.66     -1.11     -3.49    10    -0.1    1415     0   0   0   0      25.062   -88.165
0050    12.2  -999.0   -999.00   -999.0    -999    18     3.63     -1.11     -3.45    10  -999.0    -999     0   0   0   0    -999.000  -999.000
0051    12.5   853.9     20.29   -999.0    1410    18     3.60     -1.12     -3.42    10    -0.2    1410     0   0   0   0      25.062   -88.165
0052    12.8  -999.0   -999.00   -999.0    -999    18     3.58     -1.13     -3.39    10  -999.0    -999     0   0   0   0    -999.000  -999.000
0053    13.0   854.4     20.33   -999.0    1404    19     3.56     -1.14     -3.37    10    -0.2    1404     0   0   0   0      25.062   -88.165
0054    13.2  -999.0   -999.00   -999.0    -999    19     3.54     -1.15     -3.35    10  -999.0    -999     0   0   0   0    -999.000  -999.000
0055    13.5   855.0     20.36   -999.0    1399    19     3.53     -1.16     -3.33    10    -0.3    1399     0   0   0   0      25.062   -88.165
0056    13.8  -999.0   -999.00   -999.0    -999    20     3.52     -1.18     -3.32    10  -999.0    -999     0   0   0   0    -999.000  -999.000
0057    14.0   855.5     20.40   -999.0    1394    20     3.52     -1.19     -3.31    10    -0.3    1394     0   0   0   0      25.062   -88.165
0058    14.2  -999.0   -999.00   -999.0    -999    20     3.52     -1.21     -3.30    10  -999.0    -999     0   0   0   0    -999.000  -999.000
0059    14.5   856.1     20.44   -999.0    1388    20     3.52     -1.23     -3.30    10    -0.4    1388     0   0   0   0      25.062   -88.165
0060    14.8  -999.0   -999.00   -999.0    -999    21     3.53     -1.25     -3.30    10  -999.0    -999     0   0   0   0    -999.000  -999.000
0061    15.0   856.6     20.49   -999.0    1383    21     3.54     -1.26     -3.31    10    -0.4    1383     0   0   0   0      25.062   -88.165
0062    15.2  -999.0   -999.00   -999.0    -999    21     3.56     -1.28     -3.32    10  -999.0    -999     0   0   0   0    -999.000  -999.000
0063    15.5   857.1     20.53   -999.0    1377    21     3.58     -1.29     -3.33    10    -0.4    1377     0   0   0   0      25.062   -88.165
0064    15.8  -999.0   -999.00   -999.0    -999    21     3.60     -1.31     -3.35    10  -999.0    -999     0   0   0   0    -999.000  -999.000
0065    16.0   857.7     20.57   -999.0    1371    21     3.62     -1.33     -3.37    10    -0.4    1371     0   0   0   0      25.062   -88.165
0066    16.2  -999.0   -999.00   -999.0    -999    22     3.64     -1.34     -3.39    10  -999.0    -999     0   0   0   0    -999.000  -999.000
0067    16.5   858.2     20.62   -999.0    1366    22     3.67     -1.36     -3.41    10    -0.4    1366     0   0   0   0      25.062   -88.165
0068    16.8  -999.0   -999.00   -999.0    -999    22     3.69     -1.38     -3.43    10  -999.0    -999     0   0   0   0    -999.000  -999.000
0069    17.0   858.8     20.66     85.1    1360    22     3.72     -1.40     -3.44    10    -0.4    1360     0   0   0   0      25.062   -88.165
0070    17.2  -999.0   -999.00   -999.0    -999    22     3.74     -1.42     -3.46    10  -999.0    -999     0   0   0   0    -999.000  -999.000
0071    17.5   859.3     20.70     84.9    1355    23     3.76     -1.44     -3.47    10    -0.4    1355     0   0   0   0      25.062   -88.165
0072    17.8  -999.0   -999.00   -999.0    -999    23     3.77     -1.47     -3.48    10  -999.0    -999     0   0   0   0    -999.000  -999.000
0073    18.0   859.9     20.74     84.8    1350    23     3.78     -1.49     -3.48    10    -0.4    1350     0   0   0   0      25.062   -88.165
0074    18.2  -999.0   -999.00   -999.0    -999    24     3.79     -1.51     -3.47    10  -999.0    -999     0   0   0   0    -999.000  -999.000
0075    18.5   860.4     20.78     84.7    1344    24     3.79     -1.53     -3.46    10    -0.3    1344     0   0   0   0      25.062   -88.165
0076    18.8  -999.0   -999.00   -999.0    -999    24     3.78     -1.56     -3.44    10  -999.0    -999     0   0   0   0    -999.000  -999.000
0077    19.0   860.9     20.82     84.6    1339    25     3.77     -1.57     -3.42    10    -0.3    1339     0   0   0   0      25.062   -88.165
0078    19.2  -999.0   -999.00   -999.0    -999    25     3.74     -1.59     -3.39    10  -999.0    -999     0   0   0   0    -999.000  -999.000
0079    19.5   861.5     20.86     84.5    1333    26     3.72     -1.61     -3.35    10    -0.3    1333     0   0   0   0      25.062   -88.165
0080    19.8  -999.0   -999.00   -999.0    -999    26     3.69     -1.62     -3.31    10  -999.0    -999     0   0   0   0    -999.000  -999.000
0081    20.0   862.0     20.89     84.4    1328    27     3.65     -1.64     -3.27    10    -0.3    1328     0   0   0   0      25.062   -88.165
0082    20.2  -999.0   -999.00   -999.0    -999    27     3.62     -1.66     -3.22    10  -999.0    -999     0   0   0   0    -999.000  -999.000
0083    20.5   862.6     20.92     84.3    1322    28     3.59     -1.68     -3.17    10    -0.3    1322     0   0   0   0      25.062   -88.165
0084    20.8  -999.0   -999.00   -999.0    -999    29     3.55     -1.71     -3.12    10  -999.0    -999     0   0   0   0    -999.000  -999.000
0085    21.0   863.1     20.96     84.2    1317    30     3.52     -1.73     -3.06    10    -0.3    1317     0   0   0   0      25.062   -88.165
0086    21.2  -999.0   -999.00   -999.0    -999    30     3.49     -1.77     -3.01    10  -999.0    -999     0   0   0   0    -999.000  -999.000
0087    21.5   863.6     20.98     84.1    1311    31     3.46     -1.80     -2.96    10    -0.4    1311     0   0   0   0      25.062   -88.165
0088    21.8  -999.0   -999.00   -999.0    -999    32     3.44     -1.84     -2.91    10  -999.0    -999     0   0   0   0    -999.000  -999.000
0089    22.0   864.2     21.01     84.1    1306    33     3.42     -1.88     -2.86    10    -0.4    1306     0   0   0   0      25.062   -88.165
0090    22.2  -999.0   -999.00   -999.0    -999    34     3.41     -1.92     -2.82    10  -999.0    -999     0   0   0   0    -999.000  -999.000
0091    22.5   864.7     21.03     84.1    1300    35     3.40     -1.96     -2.78    10    -0.4    1300     0   0   0   0      25.062   -88.165
0092    22.8  -999.0   -999.00   -999.0    -999    36     3.40     -2.01     -2.75    10  -999.0    -999     0   0   0   0    -999.000  -999.000
0093    23.0   865.3     21.05     84.1    1295    37     3.40     -2.05     -2.72    10    -0.4    1295     0   0   0   0      25.062   -88.165
0094    23.2  -999.0   -999.00   -999.0    -999    38     3.41     -2.08     -2.70    10  -999.0    -999     0   0   0   0    -999.000  -999.000
0095    23.5   865.8     21.07     84.2    1289    38     3.41     -2.12     -2.68    10    -0.4    1289     0   0   0   0      25.062   -88.165
0096    23.8  -999.0   -999.00   -999.0    -999    39     3.42     -2.14     -2.66    10  -999.0    -999     0   0   0   0    -999.000  -999.000
0097    24.0   866.4     21.08     84.2    1284    39     3.43     -2.17     -2.66    10    -0.4    1284     0   0   0   0      25.062   -88.165
0098    24.2  -999.0   -999.00   -999.0    -999    40     3.44     -2.19     -2.65    10  -999.0    -999     0   0   0   0    -999.000  -999.000
0099    24.5   866.9     21.09     84.3    1279    40     3.44     -2.20     -2.65    10    -0.4    1279     0   0   0   0      25.062   -88.166
0100    24.8  -999.0   -999.00   -999.0    -999    40     3.45     -2.21     -2.64    10  -999.0    -999     0   0   0   0    -999.000  -999.000
0101    25.0   867.5     21.10     84.4    1273    40     3.45     -2.22     -2.64    10    -0.4    1273     0   0   0   0      25.062   -88.166
0102    25.2  -999.0   -999.00   -999.0    -999    40     3.45     -2.23     -2.64    10  -999.0    -999     0   0   0   0    -999.000  -999.000
0103    25.5   868.0     21.11     84.4    1268    40     3.45     -2.23     -2.64    10    -0.4    1268     0   0   0   0      25.062   -88.166
0104    25.8  -999.0   -999.00   -999.0    -999    40     3.45     -2.22     -2.64    10  -999.0    -999     0   0   0   0    -999.000  -999.000
0105    26.0   868.5     21.11     84.6    1262    40     3.44     -2.22     -2.63    10    -0.4    1262     0   0   0   0      25.062   -88.166
0106    26.2  -999.0   -999.00   -999.0    -999    40     3.43     -2.21     -2.62    10  -999.0    -999     0   0   0   0    -999.000  -999.000
0107    26.5   869.1     21.11     84.7    1257    40     3.42     -2.21     -2.61    10    -0.4    1257     0   0   0   0      25.062   -88.166
0108    26.8  -999.0   -999.00   -999.0    -999    40     3.40     -2.20     -2.59    10  -999.0    -999     0   0   0   0    -999.000  -999.000
0109    27.0   869.6     21.11     84.9    1251    40     3.38     -2.19     -2.58    10    -0.4    1251     0   0   0   0      25.062   -88.166
0110    27.2  -999.0   -999.00   -999.0    -999    40     3.35     -2.17     -2.55    10  -999.0    -999     0   0   0   0    -999.000  -999.000
0111    27.5   870.2     21.10     85.1    1246    41     3.32     -2.17     -2.52    10    -0.5    1246     0   0   0   0      25.062   -88.166
0112    27.8  -999.0   -999.00   -999.0    -999    41     3.29     -2.16     -2.48    10  -999.0    -999     0   0   0   0    -999.000  -999.000
0113    28.0   870.7     21.09     85.4    1240    41     3.25     -2.15     -2.44    10    -0.5    1240     0   0   0   0      25.062   -88.166
0114    28.2  -999.0   -999.00   -999.0    -999    42     3.21     -2.15     -2.38    10  -999.0    -999     0   0   0   0    -999.000  -999.000
0115    28.5   871.3     21.08     85.7    1235    43     3.16     -2.15     -2.32    10    -0.5    1235     0   0   0   0      25.062   -88.166
0116    28.8  -999.0   -999.00   -999.0    -999    44     3.12     -2.15     -2.26    10  -999.0    -999     0   0   0   0    -999.000  -999.000
0117    29.0   871.8     21.06     86.1    1229    44     3.07     -2.15     -2.19    10    -0.5    1229     0   0   0   0      25.062   -88.166
0118    29.2  -999.0   -999.00   -999.0    -999    46     3.02     -2.16     -2.12    10  -999.0    -999     0   0   0   0    -999.000  -999.000
0119    29.5   872.4     21.04     86.4    1224    47     2.97     -2.16     -2.04    10    -0.5    1224     0   0   0   0      25.062   -88.166
0120    29.8  -999.0   -999.00   -999.0    -999    48     2.93     -2.17     -1.97    10  -999.0    -999     0   0   0   0    -999.000  -999.000
0121    30.0   873.0     21.02     86.7    1218    49     2.88     -2.18     -1.89    10    -0.5    1218     0   0   0   0      25.062   -88.166
0122    30.2  -999.0   -999.00   -999.0    -999    50     2.84     -2.18     -1.82    10  -999.0    -999     0   0   0   0    -999.000  -999.000
0123    30.5   873.5     20.99     87.0    1213    51     2.80     -2.19     -1.75    10    -0.5    1213     0   0   0   0      25.062   -88.166
0124    30.8  -999.0   -999.00   -999.0    -999    53     2.77     -2.20     -1.68    10  -999.0    -999     0   0   0   0    -999.000  -999.000
0125    31.0   874.1     20.97     87.3    1207  -999  -999.00   -999.00   -999.00    10    -0.5    1207     0   0   0   0      25.062   -88.166
0126    31.2  -999.0   -999.00   -999.0    -999    55     2.71     -2.22     -1.56    10  -999.0    -999     0   0   0   0    -999.000  -999.000
0127    31.5   874.6     20.96     87.5    1202    56     2.69     -2.23     -1.50    10    -0.5    1202     0   0   0   0      25.062   -88.166
0128    31.8  -999.0   -999.00   -999.0    -999    57     2.67     -2.23     -1.46    10  -999.0    -999     0   0   0   0    -999.000  -999.000
0129    32.0   875.2     20.94     87.7    1196    58     2.65     -2.24     -1.41    10    -0.5    1196     0   0   0   0      25.062   -88.166
0130    32.2  -999.0   -999.00   -999.0    -999    58     2.63     -2.25     -1.38    10  -999.0    -999     0   0   0   0    -999.000  -999.000
0131    32.5   875.7     20.93     87.8    1191  -999  -999.00   -999.00   -999.00    10    -0.5    1191     0   0   0   0    -999.000  -999.000
0132    32.8  -999.0   -999.00   -999.0    -999    59     2.61     -2.25     -1.33    10  -999.0    -999     0   0   0   0    -999.000  -999.000
0133    33.0   876.3     20.93     88.0    1185    60     2.60     -2.24     -1.32    10    -0.5    1185     0   0   0   0      25.062   -88.166
0134    33.2  -999.0   -999.00   -999.0    -999  -999  -999.00   -999.00   -999.00    10  -999.0    -999     0   0   0   0    -999.000  -999.000
0135    33.5   876.8     20.93     88.0    1180    60     2.58     -2.23     -1.31    10    -0.5    1180     0   0   0   0      25.062   -88.166
0136    33.8  -999.0   -999.00   -999.0    -999    59     2.58     -2.21     -1.32    10  -999.0    -999     0   0   0   0    -999.000  -999.000
0137    34.0   877.4     20.93     88.1    1174    59     2.57     -2.19     -1.33    10    -0.5    1174     0   0   0   0      25.062   -88.166
0138    34.2  -999.0   -999.00   -999.0    -999    58     2.56     -2.17     -1.35    10  -999.0    -999     0   0   0   0    -999.000  -999.000
0139    34.5   878.0     20.93     88.2    1168    57     2.55     -2.15     -1.38    10    -0.5    1168     0   0   0   0      25.062   -88.166
0140    34.8  -999.0   -999.00   -999.0    -999    56     2.55     -2.12     -1.42    10  -999.0    -999     0   0   0   0    -999.000  -999.000
0141    35.0   878.5     20.94     88.3    1163  -999  -999.00   -999.00   -999.00    10    -0.5    1163     0   0   0   0    -999.000  -999.000
0142    35.2  -999.0   -999.00   -999.0    -999    53     2.54     -2.04     -1.51    10  -999.0    -999     0   0   0   0    -999.000  -999.000
0143    35.5   879.1     20.94     88.3    1157    52     2.54     -1.99     -1.57    10    -0.5    1157     0   0   0   0      25.062   -88.166
0144    35.8  -999.0   -999.00   -999.0    -999  -999  -999.00   -999.00   -999.00    10  -999.0    -999     0   0   0   0    -999.000  -999.000
0145    36.0   879.6     20.95     88.4    1152    48     2.55     -1.88     -1.71    10    -0.5    1152     0   0   0   0      25.062   -88.166
0146    36.2  -999.0   -999.00   -999.0    -999    45     2.55     -1.82     -1.79    10  -999.0    -999     0   0   0   0    -999.000  -999.000
0147    36.5   880.2     20.95     88.5    1147    43     2.57     -1.75     -1.88    10    -0.5    1147     0   0   0   0      25.062   -88.166
0148    36.8  -999.0   -999.00   -999.0    -999    40     2.59     -1.68     -1.97    10  -999.0    -999     0   0   0   0    -999.000  -999.000
0149    37.0   880.7     20.95     88.6    1141    38     2.61     -1.60     -2.07     9    -0.5    1141     0   0   0   0      25.062   -88.166
0150    37.2  -999.0   -999.00   -999.0    -999    35     2.65     -1.52     -2.17    10  -999.0    -999     0   0   0   0    -999.000  -999.000
0151    37.5   881.3     20.95     88.7    1136    32     2.69     -1.44     -2.27    10    -0.5    1136     0   0   0   0      25.062   -88.166
0152    37.8  -999.0   -999.00   -999.0    -999    30     2.73     -1.37     -2.37    10  -999.0    -999     0   0   0   0    -999.000  -999.000
0153    38.0   881.8     20.95     88.8    1130    28     2.78     -1.29     -2.46    10    -0.5    1130     0   0   0   0      25.062   -88.166
0154    38.2  -999.0   -999.00   -999.0    -999    26     2.83     -1.22     -2.55    10  -999.0    -999     0   0   0   0    -999.000  -999.000
0155    38.5   882.4     20.95     88.9    1125    24     2.88     -1.16     -2.64    10    -0.5    1125     0   0   0   0      25.062   -88.166
0156    38.8  -999.0   -999.00   -999.0    -999    22     2.93     -1.10     -2.71    10  -999.0    -999     0   0   0   0    -999.000  -999.000
0157    39.0   882.9     20.94     89.0    1119    21     2.97     -1.05     -2.78    10    -0.5    1119     0   0   0   0      25.062   -88.166
0158    39.2  -999.0   -999.00   -999.0    -999    19     3.01     -1.00     -2.84    10  -999.0    -999     0   0   0   0    -999.000  -999.000
0159    39.5   883.5     20.94     89.1    1114    18     3.05     -0.96     -2.89    10    -0.6    1114     0   0   0   0      25.062   -88.166
0160    39.8  -999.0   -999.00   -999.0    -999    18     3.08     -0.93     -2.94    10  -999.0    -999     0   0   0   0    -999.000  -999.000
0161    40.0   884.1     20.93     89.2    1108    17     3.11     -0.91     -2.97    10    -0.6    1108     0   0   0   0      25.062   -88.166
0162    40.2  -999.0   -999.00   -999.0    -999    17     3.13     -0.90     -3.00    10  -999.0    -999     0   0   0   0    -999.000  -999.000
0163    40.5   884.6     20.93     89.3    1103    16     3.15     -0.89     -3.02    10    -0.6    1103     0   0   0   0      25.062   -88.166
0164    40.8  -999.0   -999.00   -999.0    -999    16     3.17     -0.89     -3.04    10  -999.0    -999     0   0   0   0    -999.000  -999.000
0165    41.0   885.2     20.93     89.5    1097    16     3.19     -0.89     -3.06    10    -0.6    1097     0   0   0   0      25.062   -88.166
0166    41.2  -999.0   -999.00   -999.0    -999    16     3.21     -0.90     -3.08    10  -999.0    -999     0   0   0   0    -999.000  -999.000
0167    41.5   885.8     20.94     89.6    1092    16     3.23     -0.91     -3.09    10    -0.6    1092     0   0   0   0      25.062   -88.166
0168    41.8  -999.0   -999.00   -999.0    -999    17     3.24     -0.93     -3.11    10  -999.0    -999     0   0   0   0    -999.000  -999.000
0169    42.0   886.3     20.95     89.8    1086    17     3.26     -0.94     -3.12    10    -0.7    1086     0   0   0   0      25.062   -88.166
0170    42.2  -999.0   -999.00   -999.0    -999    17     3.28     -0.95     -3.14    10  -999.0    -999     0   0   0   0    -999.000  -999.000
0171    42.5   886.9     20.97     90.0    1080    17     3.30     -0.97     -3.15    10    -0.7    1080     0   0   0   0      25.062   -88.166
0172    42.8  -999.0   -999.00   -999.0    -999    17     3.31     -0.98     -3.17    10  -999.0    -999     0   0   0   0    -999.000  -999.000
0173    43.0   887.5     20.99     90.3    1075    17     3.33     -0.98     -3.18    10    -0.7    1075     0   0   0   0      25.062   -88.166
0174    43.2  -999.0   -999.00   -999.0    -999    17     3.34     -0.99     -3.19    10  -999.0    -999     0   0   0   0    -999.000  -999.000
0175    43.5   888.0     21.02     90.5    1069    17     3.36     -1.00     -3.21    10    -0.6    1069     0   0   0   0      25.062   -88.166
0176    43.8  -999.0   -999.00   -999.0    -999    17     3.37     -1.00     -3.22    10  -999.0    -999     0   0   0   0    -999.000  -999.000
0177    44.0   888.6     21.05     90.7    1064    17     3.38     -1.00     -3.23    10    -0.6    1064     0   0   0   0      25.062   -88.166
0178    44.2  -999.0   -999.00   -999.0    -999    17     3.39     -1.00     -3.24    10  -999.0    -999     0   0   0   0    -999.000  -999.000
0179    44.5   889.1     21.08     90.8    1058    17     3.40     -1.00     -3.25    10    -0.6    1058     0   0   0   0      25.062   -88.166
0180    44.8  -999.0   -999.00   -999.0    -999    17     3.42     -1.00     -3.27    10  -999.0    -999     0   0   0   0    -999.000  -999.000
0181    45.0   889.7     21.12     91.0    1053    17     3.43     -1.00     -3.28    10    -0.6    1053     0   0   0   0      25.062   -88.166
0182    45.2  -999.0   -999.00   -999.0    -999    17     3.44     -0.99     -3.30    10  -999.0    -999     0   0   0   0    -999.000  -999.000
0183    45.5   890.3     21.16     91.2    1047    17     3.46     -0.99     -3.31    10    -0.5    1047     0   0   0   0      25.062   -88.166
0184    45.8  -999.0   -999.00   -999.0    -999    16     3.47     -0.98     -3.33    10  -999.0    -999     0   0   0   0    -999.000  -999.000
0185    46.0   890.8     21.20     91.3    1042    16     3.49     -0.98     -3.35    10    -0.5    1042     0   0   0   0      25.061   -88.166
0186    46.2  -999.0   -999.00   -999.0    -999    16     3.51     -0.97     -3.37    10  -999.0    -999     0   0   0   0    -999.000  -999.000
0187    46.5   891.4     21.24     91.4    1036    16     3.52     -0.95     -3.39    10    -0.4    1036     0   0   0   0      25.061   -88.166
0188    46.8  -999.0   -999.00   -999.0    -999    15     3.54     -0.94     -3.41    10  -999.0    -999     0   0   0   0    -999.000  -999.000
0189    47.0   892.0     21.28     91.4    1031    15     3.55     -0.92     -3.43    10    -0.4    1031     0   0   0   0      25.061   -88.166
0190    47.2  -999.0   -999.00   -999.0    -999    15     3.57     -0.90     -3.46    10  -999.0    -999     0   0   0   0    -999.000  -999.000
0191    47.5   892.5     21.32     91.5    1026    14     3.59     -0.88     -3.48    10    -0.3    1026     0   0   0   0      25.061   -88.166
0192    47.8  -999.0   -999.00   -999.0    -999    14     3.61     -0.86     -3.50    10  -999.0    -999     0   0   0   0    -999.000  -999.000
0193    48.0   893.1     21.36     91.5    1020    13     3.63     -0.84     -3.53    10    -0.3    1020     0   0   0   0      25.061   -88.166
0194    48.2  -999.0   -999.00   -999.0    -999    13     3.65     -0.82     -3.56    10  -999.0    -999     0   0   0   0    -999.000  -999.000
0195    48.5   893.6     21.39     91.5    1015    13     3.67     -0.80     -3.58    10    -0.3    1015     0   0   0   0      25.061   -88.166
0196    48.8  -999.0   -999.00   -999.0    -999    12     3.69     -0.78     -3.61    10  -999.0    -999     0   0   0   0    -999.000  -999.000
0197    49.0   894.1     21.42     91.6    1010    12     3.72     -0.76     -3.64    10    -0.2    1010     0   0   0   0      25.061   -88.166
0198    49.2  -999.0   -999.00   -999.0    -999    12     3.74     -0.75     -3.66    10  -999.0    -999     0   0   0   0    -999.000  -999.000
0199    49.5   894.7     21.45     91.6    1004  -999  -999.00   -999.00   -999.00    10    -0.2    1004     0   0   0   0      25.061   -88.166
0200    49.8  -999.0   -999.00   -999.0    -999    11     3.79     -0.72     -3.72    10  -999.0    -999     0   0   0   0    -999.000  -999.000
0201    50.0   895.2     21.48     91.6     999    11     3.81     -0.71     -3.74    10    -0.2     999     0   0   0   0      25.061   -88.166
0202    50.2  -999.0   -999.00   -999.0    -999    11     3.84     -0.70     -3.77    10  -999.0    -999     0   0   0   0    -999.000  -999.000
0203    50.5   895.8     21.51     91.6     994    10     3.87     -0.70     -3.80    10    -0.3     994     0   0   0   0      25.061   -88.166
0204    50.8  -999.0   -999.00   -999.0    -999    10     3.89     -0.70     -3.83    10  -999.0    -999     0   0   0   0    -999.000  -999.000
0205    51.0   896.3     21.53     91.6     988    10     3.93     -0.69     -3.86    10    -0.3     988     0   0   0   0      25.061   -88.166
0206    51.2  -999.0   -999.00   -999.0    -999    10     3.96     -0.69     -3.90    10  -999.0    -999     0   0   0   0    -999.000  -999.000
0207    51.5   896.9     21.55     91.6     983    10     3.99     -0.69     -3.93    10    -0.3     983     0   0   0   0      25.061   -88.166
0208    51.8  -999.0   -999.00   -999.0    -999    10     4.03     -0.69     -3.97    10  -999.0    -999     0   0   0   0    -999.000  -999.000
0209    52.0   897.4     21.57     91.5     978    10     4.07     -0.69     -4.01    10    -0.3     978     0   0   0   0      25.061   -88.166
0210    52.2  -999.0   -999.00   -999.0    -999    10     4.11     -0.69     -4.05    10  -999.0    -999     0   0   0   0    -999.000  -999.000
0211    52.5   898.0     21.59     91.5     972    10     4.14     -0.69     -4.09    10    -0.3     972     0   0   0   0      25.061   -88.166
0212    52.8  -999.0   -999.00   -999.0    -999    10     4.18     -0.70     -4.12    10  -999.0    -999     0   0   0   0    -999.000  -999.000
0213    53.0   898.5     21.61     91.5     967    10     4.22     -0.70     -4.16    10    -0.3     967     0   0   0   0      25.061   -88.166
0214    53.2  -999.0   -999.00   -999.0    -999    10     4.25     -0.70     -4.20    10  -999.0    -999     0   0   0   0    -999.000  -999.000
0215    53.5   899.1     21.63     91.5     962    10     4.29     -0.71     -4.23    10    -0.3     962     0   0   0   0      25.061   -88.166
0216    53.8  -999.0   -999.00   -999.0    -999     9     4.31     -0.71     -4.25    10  -999.0    -999     0   0   0   0    -999.000  -999.000
0217    54.0   899.6     21.65     91.5     956     9     4.34     -0.71     -4.28    10    -0.3     956     0   0   0   0      25.061   -88.166
0218    54.2  -999.0   -999.00   -999.0    -999     9     4.36     -0.71     -4.30    10  -999.0    -999     0   0   0   0    -999.000  -999.000
0219    54.5   900.2     21.67     91.5     951     9     4.37     -0.71     -4.31    10    -0.3     951     0   0   0   0      25.061   -88.166
0220    54.8  -999.0   -999.00   -999.0    -999     9     4.38     -0.71     -4.32    10  -999.0    -999     0   0   0   0    -999.000  -999.000
0221    55.0   900.7     21.69     91.5     946     9     4.38     -0.71     -4.32    10    -0.2     946     0   0   0   0      25.061   -88.166
0222    55.2  -999.0   -999.00   -999.0    -999     9     4.38     -0.71     -4.32    10  -999.0    -999     0   0   0   0    -999.000  -999.000
0223    55.5   901.3     21.70     91.6     940     9     4.37     -0.71     -4.32    10    -0.2     940     0   0   0   0      25.061   -88.166
0224    55.8  -999.0   -999.00   -999.0    -999     9     4.36     -0.70     -4.30    10  -999.0    -999     0   0   0   0    -999.000  -999.000
0225    56.0   901.8     21.72     91.6     935     9     4.34     -0.70     -4.29    10    -0.2     935     0   0   0   0      25.061   -88.166
0226    56.2  -999.0   -999.00   -999.0    -999     9     4.32     -0.69     -4.27    10  -999.0    -999     0   0   0   0    -999.000  -999.000
0227    56.5   902.4     21.74     91.6     930  -999  -999.00   -999.00   -999.00    10    -0.2     930     0   0   0   0    -999.000  -999.000
0228    56.8  -999.0   -999.00   -999.0    -999     9     4.28     -0.68     -4.22    10  -999.0    -999     0   0   0   0    -999.000  -999.000
0229    57.0   902.9     21.76     91.7     925     9     4.25     -0.68     -4.19    10    -0.2     925     0   0   0   0      25.061   -88.166
0230    57.2  -999.0   -999.00   -999.0    -999     9     4.22     -0.68     -4.17    10  -999.0    -999     0   0   0   0    -999.000  -999.000
0231    57.5   903.5     21.78     91.7     919     9     4.20     -0.67     -4.14    10    -0.2     919     0   0   0   0      25.061   -88.166
0232    57.8  -999.0   -999.00   -999.0    -999     9     4.17     -0.67     -4.12    10  -999.0    -999     0   0   0   0    -999.000  -999.000
0233    58.0   904.0     21.80     91.7     914     9     4.15     -0.66     -4.10    10    -0.2     914     0   0   0   0      25.061   -88.166
0234    58.2  -999.0   -999.00   -999.0    -999     9     4.13     -0.65     -4.08    10  -999.0    -999     0   0   0   0    -999.000  -999.000
0235    58.5   904.5     21.82     91.7     909     9     4.12     -0.64     -4.07    10    -0.2     909     0   0   0   0      25.061   -88.166
0236    58.8  -999.0   -999.00   -999.0    -999     9     4.11     -0.63     -4.06    13  -999.0    -999     0   0   0   0    -999.000  -999.000
0237    59.0   905.1     21.85     91.7     904     9     4.10     -0.61     -4.05    13    -0.3     904     0   0   0   0      25.061   -88.166
0238    59.2  -999.0   -999.00   -999.0    -999     8     4.10     -0.59     -4.05    13  -999.0    -999     0   0   0   0    -999.000  -999.000
0239    59.5   905.6     21.87     91.7     898     8     4.09     -0.57     -4.05    13    -0.3     898     0   0   0   0      25.061   -88.166
0240    59.8  -999.0   -999.00   -999.0    -999     8     4.10     -0.55     -4.06    13  -999.0    -999     0   0   0   0    -999.000  -999.000
0241    60.0   906.2     21.89     91.7     893     7     4.10     -0.53     -4.06    13    -0.3     893     0   0   0   0      25.061   -88.166
0242    60.2  -999.0   -999.00   -999.0    -999     7     4.10     -0.50     -4.07    13  -999.0    -999     0   0   0   0    -999.000  -999.000
0243    60.5   906.7     21.91     91.7     888     7     4.11     -0.48     -4.08    13    -0.4     888     0   0   0   0      25.061   -88.166
0244    60.8  -999.0   -999.00   -999.0    -999     6     4.12     -0.46     -4.09    13  -999.0    -999     0   0   0   0    -999.000  -999.000
0245    61.0   907.3     21.93     91.7     882     6     4.12     -0.43     -4.10    13    -0.4     882     0   0   0   0      25.061   -88.166
0246    61.2  -999.0   -999.00   -999.0    -999     6     4.13     -0.41     -4.11    13  -999.0    -999     0   0   0   0    -999.000  -999.000
0247    61.5   907.9     21.95     91.7     877     5     4.14     -0.39     -4.12    13    -0.4     877     0   0   0   0      25.061   -88.166
0248    61.8  -999.0   -999.00   -999.0    -999     5     4.14     -0.37     -4.12    13  -999.0    -999     0   0   0   0    -999.000  -999.000
0249    62.0   908.4     21.97     91.7     871     5     4.14     -0.36     -4.13    13    -0.4     871     0   0   0   0      25.061   -88.166
0250    62.2  -999.0   -999.00   -999.0    -999     5     4.14     -0.34     -4.13    13  -999.0    -999     0   0   0   0    -999.000  -999.000
0251    62.5   909.0     21.99     91.7     866     5     4.14     -0.33     -4.13    13    -0.4     866     0   0   0   0      25.061   -88.166
0252    62.8  -999.0   -999.00   -999.0    -999     4     4.14     -0.31     -4.12    13  -999.0    -999     0   0   0   0    -999.000  -999.000
0253    63.0  -999.0   -999.00   -999.0    -999     4     4.13     -0.30     -4.12    13  -999.0    -999     0   0   0   0      25.061   -88.166
0254    63.2  -999.0   -999.00   -999.0    -999     4     4.11     -0.29     -4.10    13  -999.0    -999     0   0   0   0    -999.000  -999.000
0255    63.5   910.1     22.03     91.7     855     4     4.10     -0.27     -4.09    13    -0.4     855     0   0   0   0      25.061   -88.166
0256    63.8  -999.0   -999.00   -999.0    -999     4     4.08     -0.26     -4.07    13  -999.0    -999     0   0   0   0    -999.000  -999.000
0257    64.0   910.7     22.05     91.7     850     3     4.06     -0.25     -4.05    13    -0.4     850     0   0   0   0      25.061   -88.166
0258    64.2  -999.0   -999.00   -999.0    -999     3     4.04     -0.23     -4.03    13  -999.0    -999     0   0   0   0    -999.000  -999.000
0259    64.5   911.2     22.08     91.6     845     3     4.02     -0.22     -4.01    13    -0.3     845     0   0   0   0      25.061   -88.166
0260    64.8  -999.0   -999.00   -999.0    -999     3     3.99     -0.20     -3.99    13  -999.0    -999     0   0   0   0    -999.000  -999.000
0261    65.0   911.8     22.10     91.6     839     3     3.97     -0.19     -3.96    13    -0.3     839     0   0   0   0      25.061   -88.166
0262    65.2  -999.0   -999.00   -999.0    -999     3     3.94     -0.18     -3.94    13  -999.0    -999     0   0   0   0    -999.000  -999.000
0263    65.5   912.3     22.13     91.6     834     2     3.92     -0.16     -3.92    13    -0.3     834     0   0   0   0      25.061   -88.166
0264    65.8  -999.0   -999.00   -999.0    -999     2     3.89     -0.15     -3.89    13  -999.0    -999     0   0   0   0    -999.000  -999.000
0265    66.0   912.9     22.15     91.6     829     2     3.87     -0.14     -3.87    13    -0.3     829     0   0   0   0      25.061   -88.166
0266    66.2  -999.0   -999.00   -999.0    -999     2     3.84     -0.12     -3.84    13  -999.0    -999     0   0   0   0    -999.000  -999.000
0267    66.5   913.4     22.18     91.6     823     2     3.81     -0.11     -3.81    13    -0.3     823     0   0   0   0      25.061   -88.166
0268    66.8  -999.0   -999.00   -999.0    -999     2     3.79     -0.10     -3.79    13  -999.0    -999     0   0   0   0    -999.000  -999.000
0269    67.0   914.0     22.21     91.6     818     1     3.76     -0.10     -3.76    13    -0.3     818     0   0   0   0      25.061   -88.166
0270    67.2  -999.0   -999.00   -999.0    -999     1     3.73     -0.09     -3.73    13  -999.0    -999     0   0   0   0    -999.000  -999.000
0271    67.5   914.5     22.24     91.6     813     1     3.71     -0.09     -3.71    13    -0.4     813     0   0   0   0      25.061   -88.166
0272    67.8  -999.0   -999.00   -999.0    -999     1     3.68     -0.09     -3.68    13  -999.0    -999     0   0   0   0    -999.000  -999.000
0273    68.0  -999.0   -999.00   -999.0    -999     2     3.66     -0.10     -3.66    13  -999.0    -999     0   0   0   0      25.061   -88.166
0274    68.2  -999.0   -999.00   -999.0    -999     2     3.63     -0.11     -3.63    13  -999.0    -999     0   0   0   0    -999.000  -999.000
0275    68.5   915.7     22.31     91.5     802     2     3.61     -0.12     -3.61    13    -0.4     802     0   0   0   0      25.061   -88.166
0276    68.8  -999.0   -999.00   -999.0    -999     2     3.59     -0.13     -3.59    13  -999.0    -999     0   0   0   0    -999.000  -999.000
0277    69.0   916.2     22.34     91.5     797     2     3.58     -0.15     -3.57    13    -0.4     797     0   0   0   0      25.061   -88.166
0278    69.2  -999.0   -999.00   -999.0    -999     3     3.56     -0.17     -3.56    13  -999.0    -999     0   0   0   0    -999.000  -999.000
0279    69.5   916.8     22.37     91.5     791     3     3.55     -0.19     -3.54    13    -0.4     791     0   0   0   0      25.061   -88.166
0280    69.8  -999.0   -999.00   -999.0    -999     3     3.53     -0.21     -3.53    13  -999.0    -999     0   0   0   0    -999.000  -999.000
0281    70.0  -999.0   -999.00   -999.0    -999  -999  -999.00   -999.00   -999.00     0  -999.0    -999     0   0   0   0    -999.000  -999.000
0282    70.2  -999.0   -999.00   -999.0    -999  -999  -999.00   -999.00   -999.00     0  -999.0    -999     0   0   0   0    -999.000  -999.000
0283    70.5   917.9     22.44     91.6     781     5     3.52     -0.28     -3.51    13    -0.4     781     0   0   0   0      25.061   -88.166
0284    70.8  -999.0   -999.00   -999.0    -999     5     3.52     -0.30     -3.50    13  -999.0    -999     0   0   0   0    -999.000  -999.000
0285    71.0   918.5     22.47     91.6     775     5     3.52     -0.33     -3.50    13    -0.4     775     0   0   0   0      25.061   -88.166
0286    71.2  -999.0   -999.00   -999.0    -999     6     3.52     -0.35     -3.51    13  -999.0    -999     0   0   0   0    -999.000  -999.000
0287    71.5   919.0     22.50     91.6     770     6     3.53     -0.36     -3.51    13    -0.4     770     0   0   0   0      25.061   -88.166
0288    71.8  -999.0   -999.00   -999.0    -999     6     3.54     -0.38     -3.52    13  -999.0    -999     0   0   0   0    -999.000  -999.000
0289    72.0   919.6     22.54     91.7     765  -999  -999.00   -999.00   -999.00    13    -0.4     765     0   0   0   0    -999.000  -999.000
0290    72.2  -999.0   -999.00   -999.0    -999     7     3.56     -0.41     -3.54    13  -999.0    -999     0   0   0   0    -999.000  -999.000
0291    72.5   920.1     22.57     91.7     759     7     3.58     -0.43     -3.55    13    -0.4     759     0   0   0   0      25.061   -88.166
0292    72.8  -999.0   -999.00   -999.0    -999     7     3.59     -0.44     -3.56    13  -999.0    -999     0   0   0   0    -999.000  -999.000
0293    73.0   920.7     22.60     91.8     754     7     3.60     -0.45     -3.57    13    -0.4     754     0   0   0   0      25.061   -88.166
0294    73.2  -999.0   -999.00   -999.0    -999     7     3.61     -0.46     -3.58    13  -999.0    -999     0   0   0   0    -999.000  -999.000
0295    73.5   921.2     22.63     91.9     749     8     3.62     -0.47     -3.59    13    -0.4     749     0   0   0   0      25.061   -88.166
0296    73.8  -999.0   -999.00   -999.0    -999     8     3.63     -0.48     -3.59    13  -999.0    -999     0   0   0   0    -999.000  -999.000
0297    74.0   921.8     22.66     91.9     744     8     3.63     -0.49     -3.60    13    -0.4     744     0   0   0   0      25.061   -88.166
0298    74.2  -999.0   -999.00   -999.0    -999     8     3.63     -0.50     -3.60    13  -999.0    -999     0   0   0   0    -999.000  -999.000
0299    74.5   922.4     22.69     92.0     738     8     3.63     -0.51     -3.59    13    -0.5     738     0   0   0   0      25.061   -88.166
0300    74.8  -999.0   -999.00   -999.0    -999     8     3.63     -0.52     -3.59    13  -999.0    -999     0   0   0   0    -999.000  -999.000
0301    75.0   922.9     22.72     92.0     733     9     3.63     -0.54     -3.59    13    -0.5     733     0   0   0   0      25.060   -88.166
0302    75.2  -999.0   -999.00   -999.0    -999     9     3.62     -0.55     -3.58    13  -999.0    -999     0   0   0   0    -999.000  -999.000
0303    75.5   923.5     22.75     92.0     727     9     3.62     -0.56     -3.57    13    -0.5     727     0   0   0   0      25.060   -88.166
0304    75.8  -999.0   -999.00   -999.0    -999     9     3.61     -0.57     -3.56    13  -999.0    -999     0   0   0   0    -999.000  -999.000
0305    76.0   924.1     22.78     92.0     722     9     3.60     -0.58     -3.56    13    -0.5     722     0   0   0   0      25.060   -88.166
0306    76.2  -999.0   -999.00   -999.0    -999    10     3.60     -0.60     -3.55    13  -999.0    -999     0   0   0   0    -999.000  -999.000
0307    76.5   924.7     22.80     92.1     717    10     3.59     -0.61     -3.54    13    -0.5     717     0   0   0   0      25.060   -88.166
0308    76.8  -999.0   -999.00   -999.0    -999    10     3.59     -0.62     -3.54    13  -999.0    -999     0   0   0   0    -999.000  -999.000
0309    77.0   925.2     22.83     92.1     711    10     3.59     -0.63     -3.53    13    -0.5     711     0   0   0   0      25.060   -88.166
0310    77.2  -999.0   -999.00   -999.0    -999    10     3.58     -0.64     -3.53    13  -999.0    -999     0   0   0   0    -999.000  -999.000
0311    77.5   925.8     22.85     92.1     706    11     3.58     -0.66     -3.52    13    -0.5     706     0   0   0   0      25.060   -88.166
0312    77.8  -999.0   -999.00   -999.0    -999    11     3.58     -0.67     -3.52    13  -999.0    -999     0   0   0   0    -999.000  -999.000
0313    78.0   926.4     22.88     92.1     700    11     3.58     -0.68     -3.52    13    -0.5     700     0   0   0   0      25.060   -88.166
0314    78.2  -999.0   -999.00   -999.0    -999    11     3.58     -0.70     -3.51    13  -999.0    -999     0   0   0   0    -999.000  -999.000
0315    78.5   926.9     22.90     92.1     695    11     3.58     -0.71     -3.51    13    -0.5     695     0   0   0   0      25.060   -88.166
0316    78.8  -999.0   -999.00   -999.0    -999    12     3.59     -0.72     -3.51    13  -999.0    -999     0   0   0   0    -999.000  -999.000
0317    79.0   927.5     22.92     92.1     690    12     3.59     -0.74     -3.51    13    -0.5     690     0   0   0   0      25.060   -88.166
0318    79.2  -999.0   -999.00   -999.0    -999    12     3.59     -0.75     -3.51    13  -999.0    -999     0   0   0   0    -999.000  -999.000
0319    79.5   928.1     22.94     92.1     684    12     3.59     -0.77     -3.51    13    -0.5     684     0   0   0   0      25.060   -88.166
0320    79.8  -999.0   -999.00   -999.0    -999    13     3.60     -0.79     -3.51    13  -999.0    -999     0   0   0   0    -999.000  -999.000
0321    80.0   928.6     22.97     92.1     679    13     3.60     -0.80     -3.51    13    -0.5     679     0   0   0   0      25.060   -88.166
0322    80.2  -999.0   -999.00   -999.0    -999    13     3.60     -0.82     -3.51    13  -999.0    -999     0   0   0   0    -999.000  -999.000
0323    80.5   929.2     22.99     92.0     674    13     3.60     -0.83     -3.50    13    -0.5     674     0   0   0   0      25.060   -88.166
0324    80.8  -999.0   -999.00   -999.0    -999    14     3.60     -0.84     -3.50    13  -999.0    -999     0   0   0   0    -999.000  -999.000
0325    81.0   929.8     23.01     92.0     668    14     3.60     -0.85     -3.50    13    -0.5     668     0   0   0   0      25.060   -88.166
0326    81.2  -999.0   -999.00   -999.0    -999    14     3.60     -0.86     -3.49    13  -999.0    -999     0   0   0   0    -999.000  -999.000
0327    81.5   930.3     23.03     92.0     663    14     3.60     -0.87     -3.49    13    -0.5     663     0   0   0   0      25.060   -88.166
0328    81.8  -999.0   -999.00   -999.0    -999    14     3.59     -0.88     -3.48    13  -999.0    -999     0   0   0   0    -999.000  -999.000
0329    82.0   930.9     23.05     92.0     658    14     3.59     -0.88     -3.48    13    -0.5     658     0   0   0   0      25.060   -88.166
0330    82.2  -999.0   -999.00   -999.0    -999    14     3.58     -0.89     -3.47    13  -999.0    -999     0   0   0   0    -999.000  -999.000
0331    82.5   931.5     23.07     92.0     652    14     3.58     -0.89     -3.46    13    -0.5     652     0   0   0   0      25.060   -88.166
0332    82.8  -999.0   -999.00   -999.0    -999    15     3.57     -0.89     -3.45    13  -999.0    -999     0   0   0   0    -999.000  -999.000
0333    83.0   932.0     23.09     91.9     647    15     3.55     -0.89     -3.44    13    -0.5     647     0   0   0   0      25.060   -88.166
0334    83.2  -999.0   -999.00   -999.0    -999    15     3.54     -0.89     -3.43    13  -999.0    -999     0   0   0   0    -999.000  -999.000
0335    83.5   932.6     23.12     91.9     642    15     3.53     -0.89     -3.41    13    -0.5     642     0   0   0   0      25.060   -88.166
0336    83.8  -999.0   -999.00   -999.0    -999    15     3.51     -0.89     -3.39    13  -999.0    -999     0   0   0   0    -999.000  -999.000
0337    84.0   933.2     23.14     91.9     636    15     3.49     -0.88     -3.37    13    -0.5     636     0   0   0   0      25.060   -88.166
0338    84.2  -999.0   -999.00   -999.0    -999    15     3.46     -0.88     -3.35    13  -999.0    -999     0   0   0   0    -999.000  -999.000
0339    84.5   933.7     23.16     91.9     631  -999  -999.00   -999.00   -999.00    13    -0.5     631     0   0   0   0    -999.000  -999.000
0340    84.8  -999.0   -999.00   -999.0    -999    15     3.41     -0.86     -3.30    13  -999.0    -999     0   0   0   0    -999.000  -999.000
0341    85.0   934.3     23.19     91.9     626    14     3.38     -0.85     -3.28    13    -0.5     626     0   0   0   0      25.060   -88.166
0342    85.2  -999.0   -999.00   -999.0    -999    14     3.35     -0.83     -3.25    13  -999.0    -999     0   0   0   0    -999.000  -999.000
0343    85.5   934.9     23.22     91.9     620    14     3.32     -0.81     -3.22    13    -0.5     620     0   0   0   0      25.060   -88.166
0344    85.8  -999.0   -999.00   -999.0    -999    14     3.29     -0.79     -3.19    13  -999.0    -999     0   0   0   0    -999.000  -999.000
0345    86.0   935.5     23.25     91.9     615    14     3.25     -0.77     -3.16    13    -0.5     615     0   0   0   0      25.060   -88.166
0346    86.2  -999.0   -999.00   -999.0    -999    13     3.22     -0.74     -3.13    13  -999.0    -999     0   0   0   0    -999.000  -999.000
0347    86.5   936.0     23.28     91.9     609    13     3.18     -0.72     -3.10    13    -0.5     609     0   0   0   0      25.060   -88.166
0348    86.8  -999.0   -999.00   -999.0    -999    13     3.14     -0.69     -3.06    13  -999.0    -999     0   0   0   0    -999.000  -999.000
0349    87.0   936.6     23.31     91.9     604    12     3.10     -0.66     -3.03    13    -0.5     604     0   0   0   0      25.060   -88.166
0350    87.2  -999.0   -999.00   -999.0    -999    12     3.06     -0.64     -2.99    13  -999.0    -999     0   0   0   0    -999.000  -999.000
0351    87.5   937.2     23.35     92.0     599    12     3.02     -0.61     -2.96    13    -0.5     599     0   0   0   0      25.060   -88.166
0352    87.8  -999.0   -999.00   -999.0    -999    11     2.98     -0.58     -2.93    13  -999.0    -999     0   0   0   0    -999.000  -999.000
0353    88.0   937.8     23.38     92.0     593    11     2.95     -0.55     -2.89    13    -0.5     593     0   0   0   0      25.060   -88.166
0354    88.2  -999.0   -999.00   -999.0    -999    10     2.91     -0.53     -2.86    13  -999.0    -999     0   0   0   0    -999.000  -999.000
0355    88.5   938.3     23.42     92.0     588    10     2.88     -0.50     -2.83    13    -0.5     588     0   0   0   0      25.060   -88.166
0356    88.8  -999.0   -999.00   -999.0    -999    10     2.85     -0.47     -2.81    13  -999.0    -999     0   0   0   0    -999.000  -999.000
0357    89.0   938.9     23.45     92.0     583     9     2.82     -0.45     -2.78    13    -0.5     583     0   0   0   0      25.060   -88.166
0358    89.2  -999.0   -999.00   -999.0    -999     9     2.79     -0.42     -2.76    13  -999.0    -999     0   0   0   0    -999.000  -999.000
0359    89.5   939.5     23.48     92.0     577     8     2.77     -0.40     -2.74    13    -0.5     577     0   0   0   0      25.060   -88.166
0360    89.8  -999.0   -999.00   -999.0    -999     8     2.75     -0.37     -2.73    13  -999.0    -999     0   0   0   0    -999.000  -999.000
0361    90.0   940.0     23.51     92.0     572     7     2.74     -0.35     -2.71    13    -0.6     572     0   0   0   0      25.060   -88.166
0362    90.2  -999.0   -999.00   -999.0    -999     7     2.72     -0.33     -2.70    13  -999.0    -999     0   0   0   0    -999.000  -999.000
0363    90.5   940.6     23.54     92.0     567     7     2.71     -0.31     -2.69    13    -0.6     567     0   0   0   0      25.060   -88.166
0364    90.8  -999.0   -999.00   -999.0    -999     6     2.70     -0.29     -2.68    13  -999.0    -999     0   0   0   0    -999.000  -999.000
0365    91.0   941.2     23.57     91.9     561     6     2.69     -0.28     -2.68    13    -0.6     561     0   0   0   0      25.060   -88.166
0366    91.2  -999.0   -999.00   -999.0    -999     6     2.69     -0.27     -2.68    13  -999.0    -999     0   0   0   0    -999.000  -999.000
0367    91.5   941.8     23.59     91.9     556     6     2.69     -0.26     -2.68    13    -0.7     556     0   0   0   0      25.060   -88.166
0368    91.8  -999.0   -999.00   -999.0    -999     5     2.69     -0.25     -2.68    13  -999.0    -999     0   0   0   0    -999.000  -999.000
0369    92.0   942.4     23.62     91.8     550     5     2.69     -0.25     -2.68    13    -0.7     550     0   0   0   0      25.060   -88.166
0370    92.2  -999.0   -999.00   -999.0    -999     5     2.70     -0.25     -2.68    13  -999.0    -999     0   0   0   0    -999.000  -999.000
0371    92.5   942.9     23.64     91.7     545     5     2.70     -0.25     -2.69    13    -0.7     545     0   0   0   0      25.060   -88.166
0372    92.8  -999.0   -999.00   -999.0    -999     5     2.71     -0.25     -2.70    13  -999.0    -999     0   0   0   0    -999.000  -999.000
0373    93.0   943.5     23.67     91.6     539     5     2.72     -0.25     -2.71    13    -0.7     539     0   0   0   0      25.060   -88.166
0374    93.2  -999.0   -999.00   -999.0    -999  -999  -999.00   -999.00   -999.00    13  -999.0    -999     0   0   0   0    -999.000  -999.000
0375    93.5   944.1     23.69     91.5     534     6     2.75     -0.26     -2.74    13    -0.7     534     0   0   0   0      25.060   -88.166
0376    93.8  -999.0   -999.00   -999.0    -999     6     2.77     -0.27     -2.75    13  -999.0    -999     0   0   0   0    -999.000  -999.000
0377    94.0   944.7     23.72     91.4     529     6     2.79     -0.27     -2.77    13    -0.7     529     0   0   0   0      25.060   -88.166
0378    94.2  -999.0   -999.00   -999.0    -999     6     2.81     -0.28     -2.79    13  -999.0    -999     0   0   0   0    -999.000  -999.000
0379    94.5   945.3     23.75     91.3     523     6     2.83     -0.28     -2.82    13    -0.7     523     0   0   0   0      25.060   -88.166
0380    94.8  -999.0   -999.00   -999.0    -999     6     2.85     -0.28     -2.84    13  -999.0    -999     0   0   0   0    -999.000  -999.000
0381    95.0   945.9     23.78     91.1     518     6     2.87     -0.28     -2.86    13    -0.7     518     0   0   0   0      25.060   -88.166
0382    95.2  -999.0   -999.00   -999.0    -999     5     2.90     -0.27     -2.89    13  -999.0    -999     0   0   0   0    -999.000  -999.000
0383    95.5   946.4     23.81     90.9     512     5     2.92     -0.27     -2.91    13    -0.7     512     0   0   0   0      25.060   -88.166
0384    95.8  -999.0   -999.00   -999.0    -999     5     2.95     -0.26     -2.94    13  -999.0    -999     0   0   0   0    -999.000  -999.000
0385    96.0   947.0     23.85     90.7     507     5     2.97     -0.25     -2.96    13    -0.7     507     0   0   0   0      25.060   -88.166
0386    96.2  -999.0   -999.00   -999.0    -999     5     3.00     -0.25     -2.99    13  -999.0    -999     0   0   0   0    -999.000  -999.000
0387    96.5   947.6     23.89     90.4     501     4     3.02     -0.24     -3.01    13    -0.7     501     0   0   0   0      25.060   -88.166
0388    96.8  -999.0   -999.00   -999.0    -999     4     3.04     -0.23     -3.04    13  -999.0    -999     0   0   0   0    -999.000  -999.000
0389    97.0   948.2     23.93     90.1     496     4     3.07     -0.22     -3.06    13    -0.7     496     0   0   0   0      25.060   -88.166
0390    97.2  -999.0   -999.00   -999.0    -999     4     3.09     -0.22     -3.08    13  -999.0    -999     0   0   0   0    -999.000  -999.000
0391    97.5   948.8     23.98     89.8     491     4     3.10     -0.21     -3.10    13    -0.7     491     0   0   0   0      25.060   -88.166
0392    97.8  -999.0   -999.00   -999.0    -999     4     3.12     -0.21     -3.12    13  -999.0    -999     0   0   0   0    -999.000  -999.000
0393    98.0   949.4     24.03     89.4     485     4     3.14     -0.21     -3.13    13    -0.7     485     0   0   0   0      25.060   -88.166
0394    98.2  -999.0   -999.00   -999.0    -999     4     3.15     -0.20     -3.14    13  -999.0    -999     0   0   0   0    -999.000  -999.000
0395    98.5   950.0     24.08     89.1     480     4     3.16     -0.21     -3.15    13    -0.7     480     0   0   0   0      25.060   -88.166
0396    98.8  -999.0   -999.00   -999.0    -999     4     3.16     -0.21     -3.16    13  -999.0    -999     0   0   0   0    -999.000  -999.000
0397    99.0   950.5     24.14     88.7     474     4     3.17     -0.21     -3.16    13    -0.7     474     0   0   0   0      25.060   -88.166
0398    99.2  -999.0   -999.00   -999.0    -999     4     3.16     -0.21     -3.16    13  -999.0    -999     0   0   0   0    -999.000  -999.000
0399    99.5   951.1     24.20     88.4     469     4     3.16     -0.21     -3.15    13    -0.6     469     0   0   0   0      25.060   -88.166
0400    99.8  -999.0   -999.00   -999.0    -999     4     3.15     -0.21     -3.15    13  -999.0    -999     0   0   0   0    -999.000  -999.000
0401   100.0   951.7     24.26     88.0     464     4     3.15     -0.21     -3.14    13    -0.6     464     0   0   0   0      25.060   -88.166
0402   100.2  -999.0   -999.00   -999.0    -999     4     3.14     -0.21     -3.13    13  -999.0    -999     0   0   0   0    -999.000  -999.000
0403   100.5   952.3     24.32     87.7     458     4     3.13     -0.21     -3.12    13    -0.6     458     0   0   0   0      25.060   -88.166
0404   100.8  -999.0   -999.00   -999.0    -999     4     3.11     -0.21     -3.11    13  -999.0    -999     0   0   0   0    -999.000  -999.000
0405   101.0   952.9     24.37     87.4     453     4     3.10     -0.21     -3.09    13    -0.6     453     0   0   0   0      25.060   -88.166
0406   101.2  -999.0   -999.00   -999.0    -999     4     3.09     -0.20     -3.08    13  -999.0    -999     0   0   0   0    -999.000  -999.000
0407   101.5   953.4     24.43     87.1     448     4     3.07     -0.20     -3.07    13    -0.5     448     0   0   0   0      25.060   -88.166
0408   101.8  -999.0   -999.00   -999.0    -999     4     3.06     -0.20     -3.05    13  -999.0    -999     0   0   0   0    -999.000  -999.000
0409   102.0   954.0     24.49     86.8     442     4     3.04     -0.19     -3.03    13    -0.5     442     0   0   0   0      25.060   -88.166
0410   102.2  -999.0   -999.00   -999.0    -999     4     3.02     -0.19     -3.02    13  -999.0    -999     0   0   0   0    -999.000  -999.000
0411   102.5   954.6     24.54     86.6     437     4     3.01     -0.19     -3.00    12    -0.5     437     0   0   0   0      25.060   -88.166
0412   102.8  -999.0   -999.00   -999.0    -999     4     2.99     -0.18     -2.98    12  -999.0    -999     0   0   0   0    -999.000  -999.000
0413   103.0   955.2     24.60     86.4     432     4     2.97     -0.18     -2.96    12    -0.5     432     0   0   0   0      25.060   -88.166
0414   103.2  -999.0   -999.00   -999.0    -999     4     2.95     -0.18     -2.95    12  -999.0    -999     0   0   0   0    -999.000  -999.000
0415   103.5   955.7     24.65     86.2     426     4     2.93     -0.19     -2.93    13    -0.4     426     0   0   0   0      25.060   -88.166
0416   103.8  -999.0   -999.00   -999.0    -999     4     2.92     -0.19     -2.91    13  -999.0    -999     0   0   0   0    -999.000  -999.000
0417   104.0   956.3     24.70     86.1     421     4     2.90     -0.19     -2.89    13    -0.4     421     0   0   0   0      25.060   -88.166
0418   104.2  -999.0   -999.00   -999.0    -999     4     2.88     -0.19     -2.87    13  -999.0    -999     0   0   0   0    -999.000  -999.000
0419   104.5   956.9     24.75     86.0     416     4     2.86     -0.19     -2.86    13    -0.4     416     0   0   0   0      25.060   -88.166
0420   104.8  -999.0   -999.00   -999.0    -999     4     2.85     -0.19     -2.84    13  -999.0    -999     0   0   0   0    -999.000  -999.000
0421   105.0   957.4     24.80     85.9     411     4     2.83     -0.19     -2.83    13    -0.4     411     0   0   0   0      25.060   -88.166
0422   105.2  -999.0   -999.00   -999.0    -999     4     2.82     -0.19     -2.81    13  -999.0    -999     0   0   0   0    -999.000  -999.000
0423   105.5   958.0     24.85     85.8     405     4     2.80     -0.19     -2.80    13    -0.5     405     0   0   0   0      25.060   -88.166
0424   105.8  -999.0   -999.00   -999.0    -999     4     2.79     -0.19     -2.79    13  -999.0    -999     0   0   0   0    -999.000  -999.000
0425   106.0   958.6     24.89     85.7     400     4     2.78     -0.19     -2.77    13    -0.5     400     0   0   0   0      25.060   -88.166
0426   106.2  -999.0   -999.00   -999.0    -999     4     2.77     -0.19     -2.76    13  -999.0    -999     0   0   0   0    -999.000  -999.000
0427   106.5   959.2     24.94     85.7     395     4     2.76     -0.19     -2.76    13    -0.5     395     0   0   0   0      25.060   -88.166
0428   106.8  -999.0   -999.00   -999.0    -999     4     2.75     -0.19     -2.75    13  -999.0    -999     0   0   0   0    -999.000  -999.000
0429   107.0   959.7     24.98     85.6     389     4     2.75     -0.19     -2.74    13    -0.6     389     0   0   0   0      25.060   -88.166
0430   107.2  -999.0   -999.00   -999.0    -999     4     2.74     -0.18     -2.73    13  -999.0    -999     0   0   0   0    -999.000  -999.000
0431   107.5   960.3     25.02     85.6     384     4     2.73     -0.17     -2.72    13    -0.6     384     0   0   0   0      25.060   -88.166
0432   107.8  -999.0   -999.00   -999.0    -999     3     2.72     -0.16     -2.71    13  -999.0    -999     0   0   0   0    -999.000  -999.000
0433   108.0   960.9     25.06     85.6     379     3     2.71     -0.15     -2.70    13    -0.6     379     0   0   0   0      25.060   -88.166
0434   108.2  -999.0   -999.00   -999.0    -999     3     2.69     -0.13     -2.69    13  -999.0    -999     0   0   0   0    -999.000  -999.000
0435   108.5   961.5     25.10     85.6     373     2     2.68     -0.11     -2.68    13    -0.6     373     0   0   0   0      25.060   -88.166
0436   108.8  -999.0   -999.00   -999.0    -999     2     2.66     -0.08     -2.66    13  -999.0    -999     0   0   0   0    -999.000  -999.000
0437   109.0   962.1     25.14     85.6     368     1     2.64     -0.05     -2.64    13    -0.6     368     0   0   0   0      25.060   -88.166
0438   109.2  -999.0   -999.00   -999.0    -999  -999  -999.00   -999.00   -999.00    13  -999.0    -999     0   0   0   0    -999.000  -999.000
0439   109.5   962.7     25.17     85.6     363   360     2.59      0.02     -2.59    13    -0.7     363     0   0   0   0      25.060   -88.166
0440   109.8  -999.0   -999.00   -999.0    -999   359     2.56      0.06     -2.56    13  -999.0    -999     0   0   0   0    -999.000  -999.000
0441   110.0   963.3     25.20     85.7     357   358     2.52      0.10     -2.52    13    -0.7     357     0   0   0   0      25.060   -88.166
0442   110.2  -999.0   -999.00   -999.0    -999   357     2.49      0.14     -2.48    13  -999.0    -999     0   0   0   0    -999.000  -999.000
0443   110.5   963.8     25.23     85.7     352   356     2.44      0.18     -2.44    13    -0.7     352     0   0   0   0      25.059   -88.166
0444   110.8  -999.0   -999.00   -999.0    -999   355     2.40      0.22     -2.39    13  -999.0    -999     0   0   0   0    -999.000  -999.000
0445   111.0   964.4     25.25     85.7     346   354     2.35      0.26     -2.33    13    -0.7     346     0   0   0   0      25.059   -88.166
0446   111.2  -999.0   -999.00   -999.0    -999   353     2.30      0.30     -2.28    13  -999.0    -999     0   0   0   0    -999.000  -999.000
0447   111.5   965.0     25.28     85.7     341   352     2.24      0.33     -2.22    13    -0.6     341     0   0   0   0      25.059   -88.166
0448   111.8  -999.0   -999.00   -999.0    -999   350     2.18      0.36     -2.15    13  -999.0    -999     0   0   0   0    -999.000  -999.000
0449   112.0   965.6     25.30     85.7     336   349     2.12      0.39     -2.09    13    -0.6     336     0   0   0   0      25.059   -88.166
0450   112.2  -999.0   -999.00   -999.0    -999   348     2.06      0.41     -2.02    13  -999.0    -999     0   0   0   0    -999.000  -999.000
0451   112.5   966.2     25.32     85.6     330   347     2.00      0.43     -1.95    13    -0.6     330     0   0   0   0      25.059   -88.166
0452   112.8  -999.0   -999.00   -999.0    -999   346     1.94      0.45     -1.88    13  -999.0    -999     0   0   0   0    -999.000  -999.000
0453   113.0   966.8     25.34     85.5     325   345     1.88      0.47     -1.82    13    -0.6     325     0   0   0   0      25.059   -88.166
0454   113.2  -999.0   -999.00   -999.0    -999   344     1.82      0.49     -1.75    13  -999.0    -999     0   0   0   0    -999.000  -999.000
0455   113.5   967.3     25.36     85.4     320   343     1.76      0.50     -1.69    13    -0.6     320     0   0   0   0      25.059   -88.166
0456   113.8  -999.0   -999.00   -999.0    -999   342     1.70      0.51     -1.62    13  -999.0    -999     0   0   0   0    -999.000  -999.000
0457   114.0   967.9     25.38     85.3     314   341     1.65      0.53     -1.56    13    -0.6     314     0   0   0   0      25.059   -88.166
0458   114.2  -999.0   -999.00   -999.0    -999   340     1.60      0.54     -1.51    13  -999.0    -999     0   0   0   0    -999.000  -999.000
0459   114.5   968.5     25.41     85.2     309   339     1.55      0.55     -1.45    13    -0.6     309     0   0   0   0      25.059   -88.166
0460   114.8  -999.0   -999.00   -999.0    -999   338     1.51      0.56     -1.40    13  -999.0    -999     0   0   0   0    -999.000  -999.000
0461   115.0   969.1     25.43     85.0     304   337     1.47      0.57     -1.35    13    -0.6     304     0   0   0   0      25.059   -88.166
0462   115.2  -999.0   -999.00   -999.0    -999   336     1.43      0.58     -1.31    13  -999.0    -999     0   0   0   0    -999.000  -999.000
0463   115.5   969.7     25.45     84.9     298   335     1.39      0.60     -1.26    13    -0.6     298     0   0   0   0      25.059   -88.166
0464   115.8  -999.0   -999.00   -999.0    -999   334     1.36      0.61     -1.22    13  -999.0    -999     0   0   0   0    -999.000  -999.000
0465   116.0   970.3     25.48     84.8     293   332     1.33      0.62     -1.18    13    -0.6     293     0   0   0   0      25.059   -88.166
0466   116.2  -999.0   -999.00   -999.0    -999   331     1.30      0.62     -1.14    13  -999.0    -999     0   0   0   0    -999.000  -999.000
0467   116.5   970.9     25.51     84.6     288   330     1.28      0.63     -1.11    13    -0.6     288     0   0   0   0      25.059   -88.166
0468   116.8  -999.0   -999.00   -999.0    -999   329     1.25      0.64     -1.08    13  -999.0    -999     0   0   0   0    -999.000  -999.000
0469   117.0   971.4     25.54     84.4     282   329     1.23      0.64     -1.05    13    -0.6     282     0   0   0   0      25.059   -88.166
0470   117.2  -999.0   -999.00   -999.0    -999   328     1.21      0.64     -1.02    13  -999.0    -999     0   0   0   0    -999.000  -999.000
0471   117.5   972.0     25.57     84.3     277   327     1.19      0.64     -1.00    13    -0.6     277     0   0   0   0      25.059   -88.166
0472   117.8  -999.0   -999.00   -999.0    -999   326     1.17      0.65     -0.97    13  -999.0    -999     0   0   0   0    -999.000  -999.000
0473   118.0   972.6     25.60     84.1     272   326     1.15      0.65     -0.95    13    -0.6     272     0   0   0   0      25.059   -88.166
0474   118.2  -999.0   -999.00   -999.0    -999   325     1.13      0.64     -0.93    13  -999.0    -999     0   0   0   0    -999.000  -999.000
0475   118.5   973.2     25.64     83.9     266   325     1.12      0.64     -0.91    13    -0.7     266     0   0   0   0      25.059   -88.166
0476   118.8  -999.0   -999.00   -999.0    -999   324     1.10      0.64     -0.90    13  -999.0    -999     0   0   0   0    -999.000  -999.000
0477   119.0   973.8     25.67     83.8     261   324     1.09      0.64     -0.88    13    -0.7     261     0   0   0   0      25.059   -88.166
0478   119.2  -999.0   -999.00   -999.0    -999   324     1.07      0.64     -0.86    12  -999.0    -999     0   0   0   0    -999.000  -999.000
0479   119.5   974.4     25.71     83.6     256   323     1.05      0.63     -0.84    13    -0.7     256     0   0   0   0      25.059   -88.166
0480   119.8  -999.0   -999.00   -999.0    -999   323     1.04      0.63     -0.82    13  -999.0    -999     0   0   0   0    -999.000  -999.000
0481   120.0   975.0     25.75     83.4     250   322     1.02      0.63     -0.81    13    -0.7     250     0   0   0   0      25.059   -88.166
0482   120.2  -999.0   -999.00   -999.0    -999   321     1.01      0.63     -0.79    13  -999.0    -999     0   0   0   0    -999.000  -999.000
0483   120.5   975.6     25.79     83.3     245   320     0.99      0.63     -0.77    13    -0.7     245     0   0   0   0      25.059   -88.166
0484   120.8  -999.0   -999.00   -999.0    -999   319     0.98      0.64     -0.75    13  -999.0    -999     0   0   0   0    -999.000  -999.000
0485   121.0   976.1     25.83     83.1     240   318     0.97      0.64     -0.72    13    -0.7     240     0   0   0   0      25.059   -88.166
0486   121.2  -999.0   -999.00   -999.0    -999   317     0.95      0.65     -0.70    13  -999.0    -999     0   0   0   0    -999.000  -999.000
0487   121.5   976.7     25.87     82.9     234   316     0.94      0.65     -0.68    13    -0.7     234     0   0   0   0      25.059   -88.166
0488   121.8  -999.0   -999.00   -999.0    -999   315     0.93      0.66     -0.66    13  -999.0    -999     0   0   0   0    -999.000  -999.000
0489   122.0   977.3     25.91     82.8     229   314     0.92      0.67     -0.63    13    -0.7     229     0   0   0   0      25.059   -88.166
0490   122.2  -999.0   -999.00   -999.0    -999   312     0.91      0.67     -0.61    13  -999.0    -999     0   0   0   0    -999.000  -999.000
0491   122.5   977.9     25.95     82.6     224   311     0.90      0.68     -0.59    13    -0.6     224     0   0   0   0      25.059   -88.166
0492   122.8  -999.0   -999.00   -999.0    -999   309     0.90      0.69     -0.57    13  -999.0    -999     0   0   0   0    -999.000  -999.000
0493   123.0   978.5     25.99     82.3     218  -999  -999.00   -999.00   -999.00    13    -0.6     218     0   0   0   0    -999.000  -999.000
0494   123.2  -999.0   -999.00   -999.0    -999   307     0.88      0.71     -0.53    13  -999.0    -999     0   0   0   0    -999.000  -999.000
0495   123.5   979.1     26.03     82.1     213   305     0.87      0.71     -0.50    13    -0.6     213     0   0   0   0      25.059   -88.166
0496   123.8  -999.0   -999.00   -999.0    -999   304     0.86      0.72     -0.48    13  -999.0    -999     0   0   0   0    -999.000  -999.000
0497   124.0   979.7     26.07     81.9     208   302     0.85      0.72     -0.45    13    -0.5     208     0   0   0   0      25.059   -88.166
0498   124.2  -999.0   -999.00   -999.0    -999   301     0.83      0.72     -0.43    13  -999.0    -999     0   0   0   0    -999.000  -999.000
0499   124.5   980.3     26.10     81.6     202   299     0.81      0.71     -0.40    13    -0.5     202     0   0   0   0      25.059   -88.166
0500   124.8  -999.0   -999.00   -999.0    -999   298     0.79      0.70     -0.37    13  -999.0    -999     0   0   0   0    -999.000  -999.000
0501   125.0   980.8     26.14     81.3     197   297     0.76      0.68     -0.34    13    -0.5     197     0   0   0   0      25.059   -88.166
0502   125.2  -999.0   -999.00   -999.0    -999   295     0.73      0.66     -0.31    13  -999.0    -999     0   0   0   0    -999.000  -999.000
0503   125.5   981.4     26.17     81.0     192   294     0.69      0.63     -0.28    13    -0.5     192     0   0   0   0      25.059   -88.166
0504   125.8  -999.0   -999.00   -999.0    -999   293     0.66      0.60     -0.26    13  -999.0    -999     0   0   0   0    -999.000  -999.000
0505   126.0   982.0     26.20     80.7     187   292     0.62      0.57     -0.24    13    -0.4     187     0   0   0   0      25.059   -88.166
0506   126.2  -999.0   -999.00   -999.0    -999   292     0.58      0.54     -0.22    13  -999.0    -999     0   0   0   0    -999.000  -999.000
0507   126.5   982.6     26.23     80.3     182   292     0.54      0.50     -0.20    13    -0.4     182     0   0   0   0      25.059   -88.166
0508   126.8  -999.0   -999.00   -999.0    -999   292     0.50      0.46     -0.18    13  -999.0    -999     0   0   0   0    -999.000  -999.000
0509   127.0   983.2     26.26     80.0     176   292     0.46      0.42     -0.17    13    -0.5     176     0   0   0   0      25.059   -88.166
0510   127.2  -999.0   -999.00   -999.0    -999   293     0.42      0.38     -0.16    12  -999.0    -999     0   0   0   0    -999.000  -999.000
0511   127.5   983.7     26.29     79.7     171   294     0.38      0.34     -0.16    12    -0.5     171     0   0   0   0      25.059   -88.166
0512   127.8  -999.0   -999.00   -999.0    -999   296     0.34      0.31     -0.15    11  -999.0    -999     0   0   0   0    -999.000  -999.000
0513   128.0   984.3     26.32     79.4     166   299     0.31      0.27     -0.15    12    -0.5     166     0   0   0   0      25.059   -88.166
0514   128.2  -999.0   -999.00   -999.0    -999   302     0.29      0.24     -0.15    13  -999.0    -999     0   0   0   0    -999.000  -999.000
0515   128.5   984.9     26.35     79.3     161   306     0.27      0.22     -0.16    13    -0.6     161     0   0   0   0      25.059   -88.166
0516   128.8  -999.0   -999.00   -999.0    -999   310     0.25      0.19     -0.16    13  -999.0    -999     0   0   0   0    -999.000  -999.000
0517   129.0   985.5     26.38     79.2     155   314     0.24      0.17     -0.17    13    -0.6     155     0   0   0   0      25.059   -88.166
0518   129.2  -999.0   -999.00   -999.0    -999   319     0.24      0.16     -0.18    13  -999.0    -999     0   0   0   0    -999.000  -999.000
0519   129.5   986.1     26.41     79.1     150   323     0.24      0.14     -0.19    13    -0.6     150     0   0   0   0      25.059   -88.166
0520   129.8  -999.0   -999.00   -999.0    -999   327     0.24      0.13     -0.20    13  -999.0    -999     0   0   0   0    -999.000  -999.000
0521   130.0   986.7     26.44     78.9     145   331     0.25      0.12     -0.22    13    -0.7     145     0   0   0   0      25.059   -88.166
0522   130.2  -999.0   -999.00   -999.0    -999   335     0.25      0.11     -0.23    13  -999.0    -999     0   0   0   0    -999.000  -999.000
0523   130.5   987.3     26.48     78.8     139   339     0.26      0.10     -0.24    13    -0.7     139     0   0   0   0      25.059   -88.166
0524   130.8  -999.0   -999.00   -999.0    -999   342     0.27      0.08     -0.26    13  -999.0    -999     0   0   0   0    -999.000  -999.000
0525   131.0   987.9     26.51     78.6     134   346     0.28      0.07     -0.27    13    -0.7     134     0   0   0   0      25.059   -88.166
0526   131.2  -999.0   -999.00   -999.0    -999   350     0.29      0.05     -0.29    13  -999.0    -999     0   0   0   0    -999.000  -999.000
0527   131.5   988.5     26.54     78.4     129   353     0.30      0.03     -0.30    13    -0.7     129     0   0   0   0      25.059   -88.166
0528   131.8  -999.0   -999.00   -999.0    -999   357     0.31      0.02     -0.31    13  -999.0    -999     0   0   0   0    -999.000  -999.000
0529   132.0   989.1     26.58     78.3     123  -999  -999.00   -999.00   -999.00    13    -0.7     123     0   0   0   0      25.059   -88.166
0530   132.2  -999.0   -999.00   -999.0    -999     5     0.32     -0.03     -0.32    13  -999.0    -999     0   0   0   0    -999.000  -999.000
0531   132.5   989.7     26.62     78.2     118     8     0.32     -0.05     -0.31    13    -0.7     118     0   0   0   0      25.059   -88.166
0532   132.8  -999.0   -999.00   -999.0    -999    12     0.32     -0.07     -0.31    13  -999.0    -999     0   0   0   0    -999.000  -999.000
0533   133.0   990.3     26.66     78.2     113    16     0.31     -0.09     -0.30    13    -0.7     113     0   0   0   0      25.059   -88.166
0534   133.2  -999.0   -999.00   -999.0    -999    21     0.31     -0.11     -0.29    13  -999.0    -999     0   0   0   0    -999.000  -999.000
0535   133.5   990.8     26.70     78.2     107    25     0.30     -0.13     -0.27    13    -0.7     107     0   0   0   0      25.059   -88.166
0536   133.8  -999.0   -999.00   -999.0    -999    30     0.30     -0.15     -0.26    13  -999.0    -999     0   0   0   0    -999.000  -999.000
0537   134.0   991.4     26.73     78.2     102    34     0.29     -0.17     -0.24    13    -0.7     102     0   0   0   0      25.059   -88.166
0538   134.2  -999.0   -999.00   -999.0    -999    39     0.29     -0.18     -0.23    13  -999.0    -999     0   0   0   0    -999.000  -999.000
0539   134.5   992.0     26.77     78.3      97    43     0.29     -0.19     -0.21    13    -0.6      97     0   0   0   0      25.059   -88.166
0540   134.8  -999.0   -999.00   -999.0    -999    47     0.28     -0.21     -0.19    13  -999.0    -999     0   0   0   0    -999.000  -999.000
0541   135.0   992.6     26.81     78.3      91    51     0.28     -0.22     -0.18    13    -0.6      91     0   0   0   0      25.059   -88.166
0542   135.2  -999.0   -999.00   -999.0    -999    54     0.28     -0.22     -0.16    13  -999.0    -999     0   0   0   0    -999.000  -999.000
0543   135.5   993.2     26.85     78.3      86    56     0.28     -0.23     -0.15    13    -0.6      86     0   0   0   0      25.059   -88.166
0544   135.8  -999.0   -999.00   -999.0    -999    59     0.27     -0.23     -0.14    13  -999.0    -999     0   0   0   0    -999.000  -999.000
0545   136.0   993.8     26.89     78.4      81    60     0.27     -0.24     -0.14    13    -0.6      81     0   0   0   0      25.059   -88.166
0546   136.2  -999.0   -999.00   -999.0    -999    60     0.27     -0.24     -0.14    13  -999.0    -999     0   0   0   0    -999.000  -999.000
0547   136.5   994.4     26.93     78.4      76    59     0.27     -0.23     -0.14    13    -0.6      76     0   0   0   0      25.059   -88.166
0548   136.8  -999.0   -999.00   -999.0    -999    57     0.27     -0.23     -0.15    13  -999.0    -999     0   0   0   0    -999.000  -999.000
0549   137.0   995.0     26.97     78.4      70    55     0.27     -0.22     -0.16    13    -0.5      70     0   0   0   0      25.059   -88.166
0550   137.2  -999.0   -999.00   -999.0    -999    51     0.27     -0.21     -0.17    13  -999.0    -999     0   0   0   0    -999.000  -999.000
0551   137.5   995.6     27.02     78.3      65    46     0.28     -0.20     -0.19    13    -0.5      65     0   0   0   0      25.059   -88.166
0552   137.8  -999.0   -999.00   -999.0    -999    41     0.29     -0.19     -0.22    13  -999.0    -999     0   0   0   0    -999.000  -999.000
0553   138.0   996.1     27.06     78.3      60    35     0.30     -0.17     -0.24    13    -0.5      60     0   0   0   0      25.059   -88.166
0554   138.2  -999.0   -999.00   -999.0    -999    30     0.32     -0.16     -0.27    13  -999.0    -999     0   0   0   0    -999.000  -999.000
0555   138.5   996.7     27.10     78.2      55    25     0.34     -0.14     -0.31    13    -0.5      55     0   0   0   0      25.059   -88.166
0556   138.8  -999.0   -999.00   -999.0    -999    21     0.36     -0.13     -0.34    13  -999.0    -999     0   0   0   0    -999.000  -999.000
0557   139.0   997.3     27.14     78.1      50    17     0.39     -0.11     -0.37    13    -0.5      50     0   0   0   0      25.059   -88.166
0558   139.2  -999.0   -999.00   -999.0    -999    14     0.42     -0.10     -0.41    13  -999.0    -999     0   0   0   0    -999.000  -999.000
0559   139.5   997.9     27.18     78.0      44    11     0.45     -0.08     -0.44    13    -0.4      44     0   0   0   0      25.059   -88.166
0560   139.8  -999.0   -999.00   -999.0    -999     8     0.48     -0.07     -0.48    13  -999.0    -999     0   0   0   0    -999.000  -999.000
0561   140.0   998.5     27.23     77.8      39     6     0.52     -0.05     -0.52    13    -0.4      39     0   0   0   0      25.059   -88.166
0562   140.2  -999.0   -999.00   -999.0    -999     4     0.55     -0.04     -0.55    13  -999.0    -999     0   0   0   0    -999.000  -999.000
0563   140.5   999.1     27.27     77.7      34     3     0.58     -0.03     -0.58    13    -0.4      34     0   0   0   0      25.059   -88.166
0564   140.8  -999.0   -999.00   -999.0    -999     2     0.60     -0.02     -0.60    13  -999.0    -999     0   0   0   0    -999.000  -999.000
0565   141.0   999.6     27.31     77.6      29     1     0.61     -0.01     -0.61    13    -0.4      29     0   0   0   0      25.059   -88.166
0566   141.2  -999.0   -999.00   -999.0    -999     1     0.63     -0.01     -0.63    13  -999.0    -999     0   0   0   0    -999.000  -999.000
0567   141.5  1000.2     27.36     77.4      24     1     0.64     -0.01     -0.64    13    -0.3      24     0   0   0   0      25.059   -88.166
0568   141.8  -999.0   -999.00   -999.0    -999     1     0.64     -0.01     -0.64    13  -999.0    -999     0   0   0   0    -999.000  -999.000
0569   142.0  1000.8     27.41     77.3      19     0     0.64     -0.00     -0.64    13    -0.3      19     0   0   0   0      25.059   -88.166
0570   142.2  -999.0   -999.00   -999.0    -999   360     0.63      0.00     -0.63    13  -999.0    -999     0   0   0   0    -999.000  -999.000
0571   142.5  1001.4     27.45     77.1      14   359     0.60      0.01     -0.60    13    -0.3      14     0   0   0   0      25.059   -88.166
0572   142.8  -999.0   -999.00   -999.0    -999  -999  -999.00   -999.00   -999.00    13  -999.0    -999     0   0   0   0    -999.000  -999.000
0573   143.0  1002.0     27.50     77.0       8   354     0.52      0.06     -0.52    13    -0.3       8     0   0   0   0      25.059   -88.166
0574   143.2  -999.0   -999.00   -999.0    -999   357     0.53      0.03     -0.53    13  -999.0    -999     0   0   0   0    -999.000  -999.000
0575   143.8  1002.9     27.52     77.0       0  -999  -999.00   -999.00   -999.00  -999  -999.0       0     0   0   0   0    -999.000  -999.000
