 ===========================================================================
 DROPWINDSONDE PROCESSING RECORD                            Sonde: 142835096
 FRD file written by Aspen V3.3-236, 31 Aug 2016 20:19 UTC
 Aircraft: WP-3D, N43RF                      Date: 160831   Time: 201311 UTC
 ---------------------------------------------------------------------------
 Bias corrections:  PR =   0.0 mb  TE =   0.0 C  RH =   0.0 %  PRB =  0.0 mb
 Filters (LPF):     PTH = 
 Dyn RH correction = 
 Estimated PR used = 
 Dyn T correction  = 
 ---------------------------------------------------------------------------
 COMMENT: N end point, Good Drop; TDDryBiasCorrApplied
 ===========================================================================

 ===========================================================================
 Date: 160831   Lat:  27.18 N   TA:   19.4 C   PS:  841.5 mb   WD:    98 deg
 Time: 201311   Lon:  87.40 W   TD:   16.7 C   GA:   1572 m    WS:   9.2 m/s
 SID:  142835096                RH:   84.1 %   Navaid:   GP
 ===========================================================================

IX      t (s)  P (mb)    T (C)    RH (%)  Z (m)   WD    WS (m/s)   U (m/s)   V (m/s)  NS  WZ (m/s)  ZW (m)   FP  FT  FH  FW    LAT (N)   LON (E)
0001     0.0  -999.0   -999.00   -999.0    -999  -999  -999.00   -999.00   -999.00     0  -999.0    -999     0   0   0   0    -999.000  -999.000
0002     0.3  -999.0   -999.00   -999.0    -999  -999  -999.00   -999.00   -999.00     0  -999.0    -999     0   0   0   0    -999.000  -999.000
0003     0.5  -999.0   -999.00   -999.0    -999  -999  -999.00   -999.00   -999.00     9  -999.0    -999     0   0   0   0      27.180   -87.400
0004     0.8  -999.0   -999.00   -999.0    -999  -999  -999.00   -999.00   -999.00    10  -999.0    -999     0   0   0   0    -999.000  -999.000
0005     1.0  -999.0   -999.00   -999.0    -999  -999  -999.00   -999.00   -999.00     9  -999.0    -999     0   0   0   0      27.180   -87.401
0006     1.3  -999.0   -999.00   -999.0    -999  -999  -999.00   -999.00   -999.00     9  -999.0    -999     0   0   0   0    -999.000  -999.000
0007     1.5  -999.0   -999.00   -999.0    -999  -999  -999.00   -999.00   -999.00     8  -999.0    -999     0   0   0   0      27.180   -87.401
0008     1.8  -999.0   -999.00   -999.0    -999  -999  -999.00   -999.00   -999.00     6  -999.0    -999     0   0   0   0    -999.000  -999.000
0009     2.0  -999.0   -999.00   -999.0    -999  -999  -999.00   -999.00   -999.00     6  -999.0    -999     0   0   0   0      27.181   -87.401
0010     2.3  -999.0   -999.00   -999.0    -999  -999  -999.00   -999.00   -999.00     8  -999.0    -999     0   0   0   0    -999.000  -999.000
0011     2.5  -999.0   -999.00   -999.0    -999  -999  -999.00   -999.00   -999.00     8  -999.0    -999     0   0   0   0      27.181   -87.401
0012     2.8  -999.0   -999.00   -999.0    -999  -999  -999.00   -999.00   -999.00     8  -999.0    -999     0   0   0   0    -999.000  -999.000
0013     3.0  -999.0   -999.00   -999.0    -999  -999  -999.00   -999.00   -999.00     9  -999.0    -999     0   0   0   0      27.181   -87.401
0014     3.3  -999.0   -999.00   -999.0    -999  -999  -999.00   -999.00   -999.00     9  -999.0    -999     0   0   0   0    -999.000  -999.000
0015     3.5  -999.0   -999.00   -999.0    -999  -999  -999.00   -999.00   -999.00    10  -999.0    -999     0   0   0   0      27.180   -87.401
0016     3.8  -999.0   -999.00   -999.0    -999  -999  -999.00   -999.00   -999.00    10  -999.0    -999     0   0   0   0    -999.000  -999.000
0017     4.0  -999.0   -999.00   -999.0    -999  -999  -999.00   -999.00   -999.00    10  -999.0    -999     0   0   0   0      27.180   -87.401
0018     4.3  -999.0   -999.00   -999.0    -999  -999  -999.00   -999.00   -999.00    10  -999.0    -999     0   0   0   0    -999.000  -999.000
0019     4.5  -999.0   -999.00   -999.0    -999  -999  -999.00   -999.00   -999.00     9  -999.0    -999     0   0   0   0      27.180   -87.401
0020     4.8  -999.0   -999.00   -999.0    -999  -999  -999.00   -999.00   -999.00     9  -999.0    -999     0   0   0   0    -999.000  -999.000
0021     5.0  -999.0   -999.00   -999.0    -999  -999  -999.00   -999.00   -999.00     9  -999.0    -999     0   0   0   0      27.180   -87.401
0022     5.3  -999.0   -999.00   -999.0    -999  -999  -999.00   -999.00   -999.00    10  -999.0    -999     0   0   0   0    -999.000  -999.000
0023     5.5  -999.0   -999.00   -999.0    -999  -999  -999.00   -999.00   -999.00    10  -999.0    -999     0   0   0   0      27.180   -87.401
0024     5.8  -999.0   -999.00   -999.0    -999  -999  -999.00   -999.00   -999.00    10  -999.0    -999     0   0   0   0    -999.000  -999.000
0025     6.0  -999.0   -999.00   -999.0    -999  -999  -999.00   -999.00   -999.00    10  -999.0    -999     0   0   0   0      27.180   -87.401
0026     6.3  -999.0   -999.00   -999.0    -999  -999  -999.00   -999.00   -999.00    10  -999.0    -999     0   0   0   0    -999.000  -999.000
0027     6.5  -999.0   -999.00   -999.0    -999  -999  -999.00   -999.00   -999.00    10  -999.0    -999     0   0   0   0      27.180   -87.401
0028     6.8  -999.0   -999.00   -999.0    -999  -999  -999.00   -999.00   -999.00    10  -999.0    -999     0   0   0   0    -999.000  -999.000
0029     7.0  -999.0   -999.00   -999.0    -999  -999  -999.00   -999.00   -999.00     9  -999.0    -999     0   0   0   0      27.180   -87.401
0030     7.3  -999.0   -999.00   -999.0    -999  -999  -999.00   -999.00   -999.00    10  -999.0    -999     0   0   0   0    -999.000  -999.000
0031     7.5  -999.0   -999.00   -999.0    -999  -999  -999.00   -999.00   -999.00    10  -999.0    -999     0   0   0   0      27.180   -87.401
0032     7.8  -999.0   -999.00   -999.0    -999  -999  -999.00   -999.00   -999.00    10  -999.0    -999     0   0   0   0    -999.000  -999.000
0033     8.0  -999.0   -999.00   -999.0    -999  -999  -999.00   -999.00   -999.00    10  -999.0    -999     0   0   0   0      27.180   -87.401
0034     8.3  -999.0   -999.00   -999.0    -999  -999  -999.00   -999.00   -999.00    10  -999.0    -999     0   0   0   0    -999.000  -999.000
0035     8.5  -999.0   -999.00   -999.0    -999  -999  -999.00   -999.00   -999.00    10  -999.0    -999     0   0   0   0      27.180   -87.401
0036     8.8  -999.0   -999.00   -999.0    -999  -999  -999.00   -999.00   -999.00    10  -999.0    -999     0   0   0   0    -999.000  -999.000
0037     9.0  -999.0   -999.00   -999.0    -999  -999  -999.00   -999.00   -999.00    10  -999.0    -999     0   0   0   0      27.180   -87.401
0038     9.3  -999.0   -999.00   -999.0    -999  -999  -999.00   -999.00   -999.00    10  -999.0    -999     0   0   0   0    -999.000  -999.000
0039     9.5  -999.0   -999.00   -999.0    -999  -999  -999.00   -999.00   -999.00    10  -999.0    -999     0   0   0   0      27.180   -87.401
0040     9.8  -999.0   -999.00   -999.0    -999  -999  -999.00   -999.00   -999.00    10  -999.0    -999     0   0   0   0    -999.000  -999.000
0041    10.0  -999.0   -999.00   -999.0    -999   100     7.89     -7.76      1.42    10  -999.0    -999     0   0   0   0      27.180   -87.401
0042    10.3  -999.0   -999.00   -999.0    -999   100     7.87     -7.74      1.43    10  -999.0    -999     0   0   0   0    -999.000  -999.000
0043    10.5  -999.0   -999.00   -999.0    -999   101     7.85     -7.72      1.44    10  -999.0    -999     0   0   0   0      27.180   -87.401
0044    10.8  -999.0   -999.00   -999.0    -999   101     7.83     -7.69      1.45    10  -999.0    -999     0   0   0   0    -999.000  -999.000
0045    11.0   853.5     19.98   -999.0    1441   101     7.72     -7.57      1.49    10    -0.1    1441     0   0   0   0      27.180   -87.401
0046    11.3  -999.0   -999.00   -999.0    -999   101     7.70     -7.55      1.50    10  -999.0    -999     0   0   0   0    -999.000  -999.000
0047    11.5   854.1     19.99   -999.0    1435   101     7.68     -7.53      1.51    10    -0.2    1435     0   0   0   0      27.180   -87.401
0048    11.8  -999.0   -999.00   -999.0    -999   101     7.67     -7.51      1.52    10  -999.0    -999     0   0   0   0    -999.000  -999.000
0049    12.0   854.6     20.01   -999.0    1430   102     7.65     -7.50      1.53    10    -0.2    1430     0   0   0   0      27.180   -87.401
0050    12.3  -999.0   -999.00   -999.0    -999   102     7.64     -7.48      1.54    10  -999.0    -999     0   0   0   0    -999.000  -999.000
0051    12.5   855.2     20.02   -999.0    1425   102     7.62     -7.46      1.55    10    -0.3    1425     0   0   0   0      27.180   -87.401
0052    12.8  -999.0   -999.00   -999.0    -999   102     7.60     -7.44      1.56    10  -999.0    -999     0   0   0   0    -999.000  -999.000
0053    13.0   855.7     20.03   -999.0    1419   102     7.59     -7.42      1.57    10    -0.3    1419     0   0   0   0      27.180   -87.401
0054    13.3  -999.0   -999.00   -999.0    -999   102     7.57     -7.41      1.58    10  -999.0    -999     0   0   0   0    -999.000  -999.000
0055    13.5   856.3     20.04   -999.0    1413   102     7.55     -7.39      1.58    10    -0.3    1413     0   0   0   0      27.180   -87.401
0056    13.8  -999.0   -999.00   -999.0    -999   102     7.54     -7.37      1.59    10  -999.0    -999     0   0   0   0    -999.000  -999.000
0057    14.0   856.8     20.05   -999.0    1408   102     7.52     -7.34      1.61    10    -0.3    1408     0   0   0   0      27.180   -87.402
0058    14.3  -999.0   -999.00   -999.0    -999   102     7.50     -7.32      1.62    10  -999.0    -999     0   0   0   0    -999.000  -999.000
0059    14.5   857.3     20.06   -999.0    1403   103     7.48     -7.30      1.64    10    -0.2    1403     0   0   0   0      27.180   -87.402
0060    14.8  -999.0   -999.00   -999.0    -999   103     7.47     -7.28      1.66    10  -999.0    -999     0   0   0   0    -999.000  -999.000
0061    15.0   857.9     20.07   -999.0    1397   103     7.45     -7.26      1.69    10    -0.1    1397     0   0   0   0      27.180   -87.402
0062    15.3  -999.0   -999.00   -999.0    -999   103     7.44     -7.24      1.72    10  -999.0    -999     0   0   0   0    -999.000  -999.000
0063    15.5   858.4     20.07   -999.0    1392   104     7.43     -7.22      1.76    10    -0.1    1392     0   0   0   0      27.180   -87.402
0064    15.8  -999.0   -999.00   -999.0    -999   104     7.42     -7.20      1.79    10  -999.0    -999     0   0   0   0    -999.000  -999.000
0065    16.0   858.9     20.08     78.6    1387   104     7.42     -7.19      1.83    10    -0.0    1387     0   0   0   0      27.180   -87.402
0066    16.3  -999.0   -999.00   -999.0    -999   105     7.42     -7.18      1.87    10  -999.0    -999     0   0   0   0    -999.000  -999.000
0067    16.5   859.4     20.08     78.7    1381   105     7.42     -7.17      1.90    10     0.1    1381     0   0   0   0      27.180   -87.402
0068    16.8  -999.0   -999.00   -999.0    -999   105     7.42     -7.16      1.94    10  -999.0    -999     0   0   0   0    -999.000  -999.000
0069    17.0   860.0     20.08     78.9    1376   105     7.42     -7.16      1.97    10     0.1    1376     0   0   0   0      27.180   -87.402
0070    17.3  -999.0   -999.00   -999.0    -999   106     7.43     -7.16      2.01    10  -999.0    -999     0   0   0   0    -999.000  -999.000
0071    17.5   860.5     20.08     79.0    1371   106     7.44     -7.16      2.04    10     0.2    1371     0   0   0   0      27.180   -87.402
0072    17.8  -999.0   -999.00   -999.0    -999   106     7.46     -7.16      2.07    10  -999.0    -999     0   0   0   0    -999.000  -999.000
0073    18.0   861.0     20.07     79.2    1366   106     7.47     -7.17      2.10    10     0.3    1366     0   0   0   0      27.180   -87.402
0074    18.3  -999.0   -999.00   -999.0    -999   107     7.49     -7.18      2.13    10  -999.0    -999     0   0   0   0    -999.000  -999.000
0075    18.5   861.5     20.07     79.4    1361   107     7.51     -7.19      2.17    10     0.3    1361     0   0   0   0      27.180   -87.402
0076    18.8  -999.0   -999.00   -999.0    -999   107     7.54     -7.21      2.20    10  -999.0    -999     0   0   0   0    -999.000  -999.000
0077    19.0   862.0     20.07     79.7    1355   107     7.56     -7.23      2.24    10     0.4    1355     0   0   0   0      27.180   -87.402
0078    19.3  -999.0   -999.00   -999.0    -999   107     7.60     -7.25      2.28    10  -999.0    -999     0   0   0   0    -999.000  -999.000
0079    19.5   862.5     20.06     79.9    1350   108     7.63     -7.27      2.31    10     0.4    1350     0   0   0   0      27.180   -87.402
0080    19.8  -999.0   -999.00   -999.0    -999   108     7.67     -7.30      2.35    10  -999.0    -999     0   0   0   0    -999.000  -999.000
0081    20.0   863.0     20.06     80.2    1345   108     7.71     -7.33      2.39    10     0.4    1345     0   0   0   0      27.180   -87.402
0082    20.3  -999.0   -999.00   -999.0    -999   108     7.76     -7.37      2.43    10  -999.0    -999     0   0   0   0    -999.000  -999.000
0083    20.5   863.5     20.05     80.5    1340   108     7.81     -7.41      2.47    10     0.4    1340     0   0   0   0      27.180   -87.402
0084    20.8  -999.0   -999.00   -999.0    -999   109     7.86     -7.45      2.51    10  -999.0    -999     0   0   0   0    -999.000  -999.000
0085    21.0   864.0     20.05     80.8    1335   109     7.92     -7.50      2.55    10     0.4    1335     0   0   0   0      27.180   -87.402
0086    21.3  -999.0   -999.00   -999.0    -999   109     7.98     -7.55      2.58    10  -999.0    -999     0   0   0   0    -999.000  -999.000
0087    21.5   864.5     20.04     81.1    1330   109     8.04     -7.60      2.62    10     0.3    1330     0   0   0   0      27.180   -87.402
0088    21.8  -999.0   -999.00   -999.0    -999   109     8.10     -7.65      2.65    10  -999.0    -999     0   0   0   0    -999.000  -999.000
0089    22.0   865.0     20.04     81.5    1325   109     8.16     -7.70      2.68    10     0.3    1325     0   0   0   0      27.180   -87.402
0090    22.3  -999.0   -999.00   -999.0    -999   109     8.22     -7.75      2.72    10  -999.0    -999     0   0   0   0    -999.000  -999.000
0091    22.5   865.6     20.03     81.8    1320   109     8.27     -7.80      2.75    10     0.2    1320     0   0   0   0      27.180   -87.402
0092    22.8  -999.0   -999.00   -999.0    -999   109     8.32     -7.84      2.78    10  -999.0    -999     0   0   0   0    -999.000  -999.000
0093    23.0   866.1     20.02     82.2    1315   110     8.37     -7.89      2.80    10     0.1    1315     0   0   0   0      27.180   -87.402
0094    23.3  -999.0   -999.00   -999.0    -999   110     8.41     -7.92      2.83    10  -999.0    -999     0   0   0   0    -999.000  -999.000
0095    23.5   866.6     20.02     82.5    1309   110     8.45     -7.96      2.86    10     0.1    1309     0   0   0   0      27.180   -87.402
0096    23.8  -999.0   -999.00   -999.0    -999   110     8.49     -7.98      2.88    10  -999.0    -999     0   0   0   0    -999.000  -999.000
0097    24.0   867.1     20.01     82.8    1304   110     8.52     -8.01      2.90    10     0.0    1304     0   0   0   0      27.180   -87.402
0098    24.3  -999.0   -999.00   -999.0    -999   110     8.54     -8.03      2.92    10  -999.0    -999     0   0   0   0    -999.000  -999.000
0099    24.5   867.7     20.01     83.0    1299   110     8.56     -8.04      2.94    10    -0.1    1299     0   0   0   0      27.180   -87.402
0100    24.8  -999.0   -999.00   -999.0    -999   110     8.58     -8.05      2.96    10  -999.0    -999     0   0   0   0    -999.000  -999.000
0101    25.0   868.2     20.01     83.1    1294   110     8.59     -8.06      2.97    10    -0.1    1294     0   0   0   0      27.180   -87.402
0102    25.3  -999.0   -999.00   -999.0    -999   110     8.59     -8.06      2.97    10  -999.0    -999     0   0   0   0    -999.000  -999.000
0103    25.5   868.7     20.01     83.2    1288   110     8.59     -8.06      2.98    10    -0.2    1288     0   0   0   0      27.180   -87.402
0104    25.8  -999.0   -999.00   -999.0    -999   110     8.59     -8.06      2.98    10  -999.0    -999     0   0   0   0    -999.000  -999.000
0105    26.0   869.3     20.01     83.2    1283   110     8.58     -8.05      2.98    10    -0.2    1283     0   0   0   0      27.181   -87.402
0106    26.3  -999.0   -999.00   -999.0    -999   110     8.57     -8.04      2.98    10  -999.0    -999     0   0   0   0    -999.000  -999.000
0107    26.5   869.8     20.02     83.1    1278  -999  -999.00   -999.00   -999.00     9    -0.3    1278     0   0   0   0    -999.000  -999.000
0108    26.8  -999.0   -999.00   -999.0    -999   110     8.54     -8.01      2.96    10  -999.0    -999     0   0   0   0    -999.000  -999.000
0109    27.0   870.3     20.02     83.0    1272  -999  -999.00   -999.00   -999.00    10    -0.3    1272     0   0   0   0    -999.000  -999.000
0110    27.3  -999.0   -999.00   -999.0    -999   110     8.51     -7.99      2.92    10  -999.0    -999     0   0   0   0    -999.000  -999.000
0111    27.5   870.9     20.03     82.8    1267   110     8.49     -7.98      2.90    10    -0.4    1267     0   0   0   0      27.181   -87.402
0112    27.8  -999.0   -999.00   -999.0    -999   110     8.47     -7.97      2.87    10  -999.0    -999     0   0   0   0    -999.000  -999.000
0113    28.0   871.4     20.04     82.6    1261   110     8.45     -7.96      2.84    10    -0.4    1261     0   0   0   0      27.181   -87.403
0114    28.3  -999.0   -999.00   -999.0    -999   109     8.44     -7.96      2.80    10  -999.0    -999     0   0   0   0    -999.000  -999.000
0115    28.5   872.0     20.05     82.5    1256   109     8.43     -7.96      2.76    10    -0.4    1256     0   0   0   0      27.181   -87.403
0116    28.8  -999.0   -999.00   -999.0    -999   109     8.42     -7.97      2.71    10  -999.0    -999     0   0   0   0    -999.000  -999.000
0117    29.0   872.5     20.06     82.4    1250   108     8.41     -7.98      2.66    10    -0.4    1250     0   0   0   0      27.181   -87.403
0118    29.3  -999.0   -999.00   -999.0    -999   108     8.41     -7.99      2.61    10  -999.0    -999     0   0   0   0    -999.000  -999.000
0119    29.5   873.1     20.08     82.4    1245   108     8.41     -8.01      2.56    10    -0.4    1245     0   0   0   0      27.181   -87.403
0120    29.8  -999.0   -999.00   -999.0    -999   107     8.41     -8.03      2.51    10  -999.0    -999     0   0   0   0    -999.000  -999.000
0121    30.0   873.7     20.09     82.5    1239   107     8.42     -8.06      2.45    10    -0.3    1239     0   0   0   0      27.181   -87.403
0122    30.3  -999.0   -999.00   -999.0    -999   107     8.43     -8.08      2.40    10  -999.0    -999     0   0   0   0    -999.000  -999.000
0123    30.5   874.2     20.10     82.6    1234   106     8.45     -8.12      2.34    10    -0.3    1234     0   0   0   0      27.181   -87.403
0124    30.8  -999.0   -999.00   -999.0    -999   106     8.46     -8.15      2.28    10  -999.0    -999     0   0   0   0    -999.000  -999.000
0125    31.0   874.7     20.10     82.9    1229   105     8.48     -8.18      2.23    10    -0.2    1229     0   0   0   0      27.181   -87.403
0126    31.3  -999.0   -999.00   -999.0    -999   105     8.50     -8.22      2.17    10  -999.0    -999     0   0   0   0    -999.000  -999.000
0127    31.5   875.3     20.11     83.1    1223   104     8.52     -8.26      2.11    10    -0.1    1223     0   0   0   0      27.181   -87.403
0128    31.8  -999.0   -999.00   -999.0    -999   104     8.55     -8.30      2.06    10  -999.0    -999     0   0   0   0    -999.000  -999.000
0129    32.0   875.8     20.12     83.4    1218   104     8.57     -8.33      2.01    10    -0.1    1218     0   0   0   0      27.181   -87.403
0130    32.3  -999.0   -999.00   -999.0    -999   103     8.59     -8.37      1.96    10  -999.0    -999     0   0   0   0    -999.000  -999.000
0131    32.5   876.3     20.12     83.7    1213   103     8.62     -8.40      1.92    10    -0.0    1213     0   0   0   0      27.181   -87.403
0132    32.8  -999.0   -999.00   -999.0    -999   103     8.64     -8.43      1.88    10  -999.0    -999     0   0   0   0    -999.000  -999.000
0133    33.0   876.9     20.13     83.8    1208   102     8.66     -8.46      1.84    10    -0.0    1208     0   0   0   0      27.181   -87.403
0134    33.3  -999.0   -999.00   -999.0    -999   102     8.67     -8.48      1.81    10  -999.0    -999     0   0   0   0    -999.000  -999.000
0135    33.5   877.4     20.13     84.0    1202   102     8.68     -8.50      1.79    10    -0.0    1202     0   0   0   0      27.181   -87.403
0136    33.8  -999.0   -999.00   -999.0    -999   102     8.69     -8.51      1.77    10  -999.0    -999     0   0   0   0    -999.000  -999.000
0137    34.0   877.9     20.14     84.0    1197   102     8.70     -8.52      1.75    10    -0.0    1197     0   0   0   0      27.181   -87.403
0138    34.3  -999.0   -999.00   -999.0    -999   102     8.70     -8.52      1.74    10  -999.0    -999     0   0   0   0    -999.000  -999.000
0139    34.5   878.4     20.15     84.0    1192   102     8.70     -8.52      1.73    10    -0.0    1192     0   0   0   0      27.181   -87.403
0140    34.8  -999.0   -999.00   -999.0    -999   101     8.69     -8.51      1.73    10  -999.0    -999     0   0   0   0    -999.000  -999.000
0141    35.0   879.0     20.16     83.9    1187   102     8.68     -8.50      1.73    10    -0.1    1187     0   0   0   0      27.181   -87.403
0142    35.3  -999.0   -999.00   -999.0    -999   102     8.66     -8.49      1.73    10  -999.0    -999     0   0   0   0    -999.000  -999.000
0143    35.5   879.5     20.18     83.8    1181   102     8.65     -8.47      1.73    10    -0.1    1181     0   0   0   0      27.181   -87.403
0144    35.8  -999.0   -999.00   -999.0    -999   102     8.62     -8.45      1.74    10  -999.0    -999     0   0   0   0    -999.000  -999.000
0145    36.0   880.1     20.19     83.8    1176   102     8.60     -8.42      1.74    10    -0.1    1176     0   0   0   0      27.181   -87.403
0146    36.3  -999.0   -999.00   -999.0    -999   102     8.57     -8.39      1.74    10  -999.0    -999     0   0   0   0    -999.000  -999.000
0147    36.5   880.6     20.21     83.7    1171   102     8.54     -8.36      1.73    10    -0.2    1171     0   0   0   0      27.181   -87.403
0148    36.8  -999.0   -999.00   -999.0    -999   102     8.51     -8.33      1.73    10  -999.0    -999     0   0   0   0    -999.000  -999.000
0149    37.0   881.1     20.23     83.7    1165   102     8.47     -8.30      1.72    10    -0.2    1165     0   0   0   0      27.181   -87.403
0150    37.3  -999.0   -999.00   -999.0    -999   102     8.44     -8.27      1.70    10  -999.0    -999     0   0   0   0    -999.000  -999.000
0151    37.5   881.7     20.25     83.6    1160   102     8.41     -8.23      1.69    10    -0.2    1160     0   0   0   0      27.181   -87.403
0152    37.8  -999.0   -999.00   -999.0    -999   101     8.37     -8.20      1.67    10  -999.0    -999     0   0   0   0    -999.000  -999.000
0153    38.0   882.2     20.27     83.6    1155   101     8.34     -8.18      1.65    10    -0.1    1155     0   0   0   0      27.181   -87.403
0154    38.3  -999.0   -999.00   -999.0    -999   101     8.31     -8.15      1.62    10  -999.0    -999     0   0   0   0    -999.000  -999.000
0155    38.5   882.8     20.29     83.6    1149   101     8.29     -8.13      1.60    10    -0.1    1149     0   0   0   0      27.181   -87.403
0156    38.8  -999.0   -999.00   -999.0    -999   101     8.27     -8.12      1.57    10  -999.0    -999     0   0   0   0    -999.000  -999.000
0157    39.0   883.3     20.31     83.6    1144   101     8.25     -8.11      1.54    10    -0.1    1144     0   0   0   0      27.181   -87.403
0158    39.3  -999.0   -999.00   -999.0    -999   101     8.24     -8.10      1.51    10  -999.0    -999     0   0   0   0    -999.000  -999.000
0159    39.5   883.8     20.33     83.6    1139   100     8.23     -8.10      1.48    10    -0.0    1139     0   0   0   0      27.181   -87.403
0160    39.8  -999.0   -999.00   -999.0    -999   100     8.23     -8.10      1.44    10  -999.0    -999     0   0   0   0    -999.000  -999.000
0161    40.0   884.4     20.35     83.6    1134   100     8.23     -8.10      1.41    10     0.0    1134     0   0   0   0      27.181   -87.403
0162    40.3  -999.0   -999.00   -999.0    -999   100     8.23     -8.11      1.38    10  -999.0    -999     0   0   0   0    -999.000  -999.000
0163    40.5   884.9     20.37     83.6    1128    99     8.24     -8.13      1.35    10     0.1    1128     0   0   0   0      27.181   -87.404
0164    40.8  -999.0   -999.00   -999.0    -999    99     8.25     -8.14      1.33    10  -999.0    -999     0   0   0   0    -999.000  -999.000
0165    41.0   885.4     20.40     83.6    1123    99     8.26     -8.15      1.31    10     0.1    1123     0   0   0   0      27.181   -87.404
0166    41.3  -999.0   -999.00   -999.0    -999    99     8.27     -8.17      1.29    10  -999.0    -999     0   0   0   0    -999.000  -999.000
0167    41.5   886.0     20.42     83.7    1118    99     8.28     -8.18      1.28    10     0.2    1118     0   0   0   0      27.181   -87.404
0168    41.8  -999.0   -999.00   -999.0    -999    99     8.29     -8.19      1.26    10  -999.0    -999     0   0   0   0    -999.000  -999.000
0169    42.0   886.5     20.45     83.7    1113    99     8.29     -8.20      1.26    10     0.2    1113     0   0   0   0      27.181   -87.404
0170    42.3  -999.0   -999.00   -999.0    -999    99     8.30     -8.21      1.25    10  -999.0    -999     0   0   0   0    -999.000  -999.000
0171    42.5   887.0     20.48     83.7    1108    99     8.31     -8.21      1.25    10     0.2    1108     0   0   0   0      27.181   -87.404
0172    42.8  -999.0   -999.00   -999.0    -999    99     8.31     -8.22      1.25    10  -999.0    -999     0   0   0   0    -999.000  -999.000
0173    43.0   887.5     20.51     83.7    1103    99     8.31     -8.22      1.25    10     0.1    1103     0   0   0   0      27.181   -87.404
0174    43.3  -999.0   -999.00   -999.0    -999    99     8.31     -8.22      1.25    10  -999.0    -999     0   0   0   0    -999.000  -999.000
0175    43.5   888.0     20.54     83.7    1098    99     8.31     -8.21      1.24    10     0.1    1098     0   0   0   0      27.181   -87.404
0176    43.8  -999.0   -999.00   -999.0    -999    99     8.30     -8.21      1.24    10  -999.0    -999     0   0   0   0    -999.000  -999.000
0177    44.0   888.6     20.57     83.6    1093    99     8.29     -8.20      1.23    10     0.0    1093     0   0   0   0      27.181   -87.404
0178    44.3  -999.0   -999.00   -999.0    -999    99     8.27     -8.18      1.22    10  -999.0    -999     0   0   0   0    -999.000  -999.000
0179    44.5   889.1     20.60     83.5    1088    98     8.25     -8.16      1.21    10    -0.0    1088     0   0   0   0      27.181   -87.404
0180    44.8  -999.0   -999.00   -999.0    -999    98     8.23     -8.14      1.20    10  -999.0    -999     0   0   0   0    -999.000  -999.000
0181    45.0   889.6     20.64     83.3    1082    98     8.21     -8.12      1.18    10    -0.1    1082     0   0   0   0      27.181   -87.404
0182    45.3  -999.0   -999.00   -999.0    -999    98     8.18     -8.10      1.15    10  -999.0    -999     0   0   0   0    -999.000  -999.000
0183    45.5   890.2     20.68     83.2    1077    98     8.15     -8.07      1.13    10    -0.2    1077     0   0   0   0      27.181   -87.404
0184    45.8  -999.0   -999.00   -999.0    -999    98     8.12     -8.04      1.10    10  -999.0    -999     0   0   0   0    -999.000  -999.000
0185    46.0   890.7     20.71     83.0    1072    98     8.09     -8.02      1.07    10    -0.2    1072     0   0   0   0      27.181   -87.404
0186    46.3  -999.0   -999.00   -999.0    -999    97     8.05     -7.99      1.03    10  -999.0    -999     0   0   0   0    -999.000  -999.000
0187    46.5   891.3     20.75     82.9    1066    97     8.02     -7.96      0.99    10    -0.2    1066     0   0   0   0      27.181   -87.404
0188    46.8  -999.0   -999.00   -999.0    -999    97     7.99     -7.93      0.95    10  -999.0    -999     0   0   0   0    -999.000  -999.000
0189    47.0   891.8     20.79     82.7    1061  -999  -999.00   -999.00   -999.00    10    -0.2    1061     0   0   0   0    -999.000  -999.000
0190    47.3  -999.0   -999.00   -999.0    -999    96     7.92     -7.87      0.85    10  -999.0    -999     0   0   0   0    -999.000  -999.000
0191    47.5   892.4     20.82     82.6    1056  -999  -999.00   -999.00   -999.00    10    -0.2    1056     0   0   0   0    -999.000  -999.000
0192    47.8  -999.0   -999.00   -999.0    -999    95     7.85     -7.82      0.75    10  -999.0    -999     0   0   0   0    -999.000  -999.000
0193    48.0   892.9     20.86     82.5    1050    95     7.82     -7.79      0.70    10    -0.2    1050     0   0   0   0      27.181   -87.404
0194    48.3  -999.0   -999.00   -999.0    -999    95     7.79     -7.76      0.65    10  -999.0    -999     0   0   0   0    -999.000  -999.000
0195    48.5   893.5     20.90     82.4    1045    94     7.76     -7.74      0.60    10    -0.2    1045     0   0   0   0      27.181   -87.404
0196    48.8  -999.0   -999.00   -999.0    -999    94     7.74     -7.72      0.55    10  -999.0    -999     0   0   0   0    -999.000  -999.000
0197    49.0   894.0     20.93     82.3    1040    94     7.71     -7.70      0.50    10    -0.1    1040     0   0   0   0      27.181   -87.404
0198    49.3  -999.0   -999.00   -999.0    -999    93     7.69     -7.68      0.46    10  -999.0    -999     0   0   0   0    -999.000  -999.000
0199    49.5   894.5     20.97     82.3    1034    93     7.67     -7.66      0.42    10    -0.1    1034     0   0   0   0      27.181   -87.404
0200    49.8  -999.0   -999.00   -999.0    -999    93     7.66     -7.65      0.38    10  -999.0    -999     0   0   0   0    -999.000  -999.000
0201    50.0   895.1     21.01     82.2    1029    93     7.64     -7.63      0.34    10    -0.0    1029     0   0   0   0      27.181   -87.404
0202    50.3  -999.0   -999.00   -999.0    -999    92     7.63     -7.62      0.31    10  -999.0    -999     0   0   0   0    -999.000  -999.000
0203    50.5   895.6     21.04     82.1    1024    92     7.61     -7.61      0.28    10     0.0    1024     0   0   0   0      27.181   -87.404
0204    50.8  -999.0   -999.00   -999.0    -999    92     7.60     -7.60      0.25    10  -999.0    -999     0   0   0   0    -999.000  -999.000
0205    51.0   896.1     21.07     82.1    1019    92     7.59     -7.58      0.23    10     0.0    1019     0   0   0   0      27.181   -87.404
0206    51.3  -999.0   -999.00   -999.0    -999    92     7.57     -7.57      0.20    10  -999.0    -999     0   0   0   0    -999.000  -999.000
0207    51.5   896.7     21.11     82.0    1014    91     7.56     -7.56      0.18    10     0.0    1014     0   0   0   0      27.181   -87.404
0208    51.8  -999.0   -999.00   -999.0    -999    91     7.54     -7.54      0.15    10  -999.0    -999     0   0   0   0    -999.000  -999.000
0209    52.0   897.2     21.14     81.9    1009    91     7.53     -7.53      0.13    10     0.0    1009     0   0   0   0      27.181   -87.404
0210    52.3  -999.0   -999.00   -999.0    -999    91     7.52     -7.52      0.10    10  -999.0    -999     0   0   0   0    -999.000  -999.000
0211    52.5   897.7     21.17     81.8    1004    91     7.51     -7.51      0.08    10     0.0    1004     0   0   0   0      27.181   -87.404
0212    52.8  -999.0   -999.00   -999.0    -999    90     7.49     -7.49      0.06    10  -999.0    -999     0   0   0   0    -999.000  -999.000
0213    53.0   898.3     21.20     81.7     998    90     7.48     -7.48      0.03    10     0.0     998     0   0   0   0      27.181   -87.405
0214    53.3  -999.0   -999.00   -999.0    -999    90     7.47     -7.47      0.01    10  -999.0    -999     0   0   0   0    -999.000  -999.000
0215    53.5   898.8     21.23     81.6     993    90     7.46     -7.46     -0.01    10    -0.0     993     0   0   0   0      27.181   -87.405
0216    53.8  -999.0   -999.00   -999.0    -999    90     7.45     -7.45     -0.04    10  -999.0    -999     0   0   0   0    -999.000  -999.000
0217    54.0   899.3     21.25     81.6     988    90     7.44     -7.44     -0.06    10    -0.0     988     0   0   0   0      27.181   -87.405
0218    54.3  -999.0   -999.00   -999.0    -999    89     7.43     -7.43     -0.08    10  -999.0    -999     0   0   0   0    -999.000  -999.000
0219    54.5   899.9     21.28     81.5     983    89     7.42     -7.42     -0.10    10    -0.1     983     0   0   0   0      27.181   -87.405
0220    54.8  -999.0   -999.00   -999.0    -999    89     7.41     -7.41     -0.12    10  -999.0    -999     0   0   0   0    -999.000  -999.000
0221    55.0   900.4     21.31     81.4     978    89     7.40     -7.40     -0.14    10    -0.1     978     0   0   0   0      27.181   -87.405
0222    55.3  -999.0   -999.00   -999.0    -999    89     7.39     -7.39     -0.15    10  -999.0    -999     0   0   0   0    -999.000  -999.000
0223    55.5   901.0     21.33     81.3     972    89     7.38     -7.38     -0.16    10    -0.1     972     0   0   0   0      27.181   -87.405
0224    55.8  -999.0   -999.00   -999.0    -999    89     7.37     -7.37     -0.17    10  -999.0    -999     0   0   0   0    -999.000  -999.000
0225    56.0   901.5     21.35     81.1     967    89     7.36     -7.36     -0.17    10    -0.1     967     0   0   0   0      27.181   -87.405
0226    56.3  -999.0   -999.00   -999.0    -999    89     7.35     -7.35     -0.17    10  -999.0    -999     0   0   0   0    -999.000  -999.000
0227    56.5   902.0     21.38     81.0     962    89     7.34     -7.34     -0.16    10    -0.1     962     0   0   0   0      27.181   -87.405
0228    56.8  -999.0   -999.00   -999.0    -999    89     7.33     -7.33     -0.15    10  -999.0    -999     0   0   0   0    -999.000  -999.000
0229    57.0   902.6     21.40     80.9     957    89     7.32     -7.32     -0.14    10    -0.0     957     0   0   0   0      27.181   -87.405
0230    57.3  -999.0   -999.00   -999.0    -999    89     7.31     -7.31     -0.12    10  -999.0    -999     0   0   0   0    -999.000  -999.000
0231    57.5   903.1     21.43     80.8     951    89     7.29     -7.29     -0.10    10     0.0     951     0   0   0   0      27.181   -87.405
0232    57.8  -999.0   -999.00   -999.0    -999    89     7.27     -7.27     -0.08    10  -999.0    -999     0   0   0   0    -999.000  -999.000
0233    58.0   903.7     21.45     80.8     946    89     7.26     -7.25     -0.06    10     0.1     946     0   0   0   0      27.181   -87.405
0234    58.3  -999.0   -999.00   -999.0    -999    90     7.24     -7.24     -0.04    10  -999.0    -999     0   0   0   0    -999.000  -999.000
0235    58.5   904.2     21.47     80.9     941    90     7.22     -7.22     -0.02    10     0.2     941     0   0   0   0      27.181   -87.405
0236    58.8  -999.0   -999.00   -999.0    -999    90     7.20     -7.20     -0.00    10  -999.0    -999     0   0   0   0    -999.000  -999.000
0237    59.0   904.7     21.49     81.0     936    90     7.18     -7.18      0.02    10     0.2     936     0   0   0   0      27.181   -87.405
0238    59.3  -999.0   -999.00   -999.0    -999    90     7.16     -7.16      0.04    10  -999.0    -999     0   0   0   0    -999.000  -999.000
0239    59.5   905.2     21.51     81.2     931    90     7.14     -7.14      0.05    10     0.2     931     0   0   0   0      27.181   -87.405
0240    59.8  -999.0   -999.00   -999.0    -999    91     7.12     -7.11      0.07    10  -999.0    -999     0   0   0   0    -999.000  -999.000
0241    60.0   905.8     21.52     81.5     926    91     7.09     -7.09      0.09    10     0.3     926     0   0   0   0      27.181   -87.405
0242    60.3  -999.0   -999.00   -999.0    -999    91     7.07     -7.07      0.10    10  -999.0    -999     0   0   0   0    -999.000  -999.000
0243    60.5   906.3     21.53     81.8     921    91     7.05     -7.04      0.12    10     0.3     921     0   0   0   0      27.181   -87.405
0244    60.8  -999.0   -999.00   -999.0    -999    91     7.02     -7.02      0.13    10  -999.0    -999     0   0   0   0    -999.000  -999.000
0245    61.0   906.8     21.55     82.2     916    91     6.99     -6.99      0.15    10     0.2     916     0   0   0   0      27.181   -87.405
0246    61.3  -999.0   -999.00   -999.0    -999    91     6.96     -6.96      0.16    10  -999.0    -999     0   0   0   0    -999.000  -999.000
0247    61.5  -999.0   -999.00   -999.0    -999    91     6.93     -6.93      0.18    10  -999.0    -999     0   0   0   0      27.181   -87.405
0248    61.8  -999.0   -999.00   -999.0    -999    92     6.90     -6.89      0.19    10  -999.0    -999     0   0   0   0    -999.000  -999.000
0249    62.0   907.8     21.56     83.1     906    92     6.87     -6.86      0.20    10     0.2     906     0   0   0   0      27.181   -87.405
0250    62.3  -999.0   -999.00   -999.0    -999    92     6.83     -6.83      0.22    10  -999.0    -999     0   0   0   0    -999.000  -999.000
0251    62.5   908.4     21.57     83.6     901    92     6.80     -6.80      0.23    10     0.1     901     0   0   0   0      27.181   -87.405
0252    62.8  -999.0   -999.00   -999.0    -999    92     6.78     -6.77      0.25    10  -999.0    -999     0   0   0   0    -999.000  -999.000
0253    63.0   908.9     21.58     84.1     896    92     6.75     -6.74      0.26    10     0.1     896     0   0   0   0      27.181   -87.405
0254    63.3  -999.0   -999.00   -999.0    -999    92     6.72     -6.72      0.28    10  -999.0    -999     0   0   0   0    -999.000  -999.000
0255    63.5   909.5     21.58     84.5     891    93     6.70     -6.69      0.30    10     0.1     891     0   0   0   0      27.181   -87.405
0256    63.8  -999.0   -999.00   -999.0    -999    93     6.67     -6.67      0.32    10  -999.0    -999     0   0   0   0    -999.000  -999.000
0257    64.0   910.0     21.59     85.0     886    93     6.65     -6.64      0.35    10     0.1     886     0   0   0   0      27.181   -87.405
0258    64.3  -999.0   -999.00   -999.0    -999    93     6.63     -6.62      0.38    10  -999.0    -999     0   0   0   0    -999.000  -999.000
0259    64.5   910.5     21.59     85.5     880    94     6.61     -6.59      0.41    10     0.1     880     0   0   0   0      27.181   -87.405
0260    64.8  -999.0   -999.00   -999.0    -999    94     6.59     -6.57      0.44    10  -999.0    -999     0   0   0   0    -999.000  -999.000
0261    65.0   911.1     21.60     85.9     875    94     6.57     -6.55      0.48    10     0.0     875     0   0   0   0      27.181   -87.405
0262    65.3  -999.0   -999.00   -999.0    -999    95     6.55     -6.53      0.52    10  -999.0    -999     0   0   0   0    -999.000  -999.000
0263    65.5   911.6     21.61     86.2     870    95     6.53     -6.50      0.56    10     0.1     870     0   0   0   0      27.181   -87.405
0264    65.8  -999.0   -999.00   -999.0    -999    95     6.51     -6.48      0.60    10  -999.0    -999     0   0   0   0    -999.000  -999.000
0265    66.0   912.1     21.61     86.5     865    96     6.49     -6.46      0.65    10     0.1     865     0   0   0   0      27.181   -87.405
0266    66.3  -999.0   -999.00   -999.0    -999  -999  -999.00   -999.00   -999.00    10  -999.0    -999     0   0   0   0    -999.000  -999.000
0267    66.5  -999.0   -999.00   -999.0    -999    97     6.46     -6.41      0.74    10  -999.0    -999     0   0   0   0      27.181   -87.405
0268    66.8  -999.0   -999.00   -999.0    -999    97     6.44     -6.39      0.78    10  -999.0    -999     0   0   0   0    -999.000  -999.000
0269    67.0   913.2     21.63     87.1     855    97     6.42     -6.37      0.82    10     0.1     855     0   0   0   0      27.181   -87.406
0270    67.3  -999.0   -999.00   -999.0    -999    98     6.40     -6.35      0.86    10  -999.0    -999     0   0   0   0    -999.000  -999.000
0271    67.5   913.7     21.64     87.2     850    98     6.39     -6.32      0.90    10     0.1     850     0   0   0   0      27.181   -87.406
0272    67.8  -999.0   -999.00   -999.0    -999    99     6.37     -6.30      0.94    10  -999.0    -999     0   0   0   0    -999.000  -999.000
0273    68.0   914.3     21.65     87.4     845    99     6.35     -6.28      0.98    10     0.1     845     0   0   0   0      27.181   -87.406
0274    68.3  -999.0   -999.00   -999.0    -999    99     6.34     -6.26      1.02    10  -999.0    -999     0   0   0   0    -999.000  -999.000
0275    68.5   914.8     21.67     87.4     839   100     6.33     -6.24      1.06    10     0.1     839     0   0   0   0      27.181   -87.406
0276    68.8  -999.0   -999.00   -999.0    -999   100     6.31     -6.22      1.09    10  -999.0    -999     0   0   0   0    -999.000  -999.000
0277    69.0   915.4     21.68     87.5     834   100     6.30     -6.20      1.12    10     0.1     834     0   0   0   0      27.181   -87.406
0278    69.3  -999.0   -999.00   -999.0    -999   101     6.29     -6.18      1.16    10  -999.0    -999     0   0   0   0    -999.000  -999.000
0279    69.5   915.9     21.70     87.5     829   101     6.28     -6.17      1.18    10     0.1     829     0   0   0   0      27.181   -87.406
0280    69.8  -999.0   -999.00   -999.0    -999   101     6.27     -6.15      1.21    10  -999.0    -999     0   0   0   0    -999.000  -999.000
0281    70.0   916.4     21.72     87.5     824   101     6.26     -6.14      1.23    10     0.1     824     0   0   0   0      27.181   -87.406
0282    70.3  -999.0   -999.00   -999.0    -999   102     6.26     -6.13      1.26    10  -999.0    -999     0   0   0   0    -999.000  -999.000
0283    70.5   917.0     21.74     87.5     819   102     6.25     -6.12      1.28    10     0.1     819     0   0   0   0      27.181   -87.406
0284    70.8  -999.0   -999.00   -999.0    -999   102     6.25     -6.12      1.30    10  -999.0    -999     0   0   0   0    -999.000  -999.000
0285    71.0   917.5     21.77     87.4     814   102     6.25     -6.11      1.32    10     0.1     814     0   0   0   0      27.181   -87.406
0286    71.3  -999.0   -999.00   -999.0    -999   102     6.25     -6.11      1.33    10  -999.0    -999     0   0   0   0    -999.000  -999.000
0287    71.5   918.0     21.80     87.4     809  -999  -999.00   -999.00   -999.00    10     0.1     809     0   0   0   0    -999.000  -999.000
0288    71.8  -999.0   -999.00   -999.0    -999   103     6.26     -6.11      1.36    10  -999.0    -999     0   0   0   0    -999.000  -999.000
0289    72.0   918.6     21.82     87.3     804   103     6.26     -6.11      1.38    10     0.1     804     0   0   0   0      27.181   -87.406
0290    72.3  -999.0   -999.00   -999.0    -999   103     6.27     -6.11      1.40    10  -999.0    -999     0   0   0   0    -999.000  -999.000
0291    72.5   919.1     21.85     87.3     799   103     6.28     -6.12      1.41    10     0.1     799     0   0   0   0      27.181   -87.406
0292    72.8  -999.0   -999.00   -999.0    -999   103     6.29     -6.12      1.43    10  -999.0    -999     0   0   0   0    -999.000  -999.000
0293    73.0   919.6     21.89     87.2     794   103     6.30     -6.13      1.45    10     0.1     794     0   0   0   0      27.181   -87.406
0294    73.3  -999.0   -999.00   -999.0    -999   103     6.31     -6.13      1.46    10  -999.0    -999     0   0   0   0    -999.000  -999.000
0295    73.5   920.2     21.92     87.1     789   104     6.32     -6.14      1.48    10     0.1     789     0   0   0   0      27.181   -87.406
0296    73.8  -999.0   -999.00   -999.0    -999   104     6.32     -6.15      1.49    10  -999.0    -999     0   0   0   0    -999.000  -999.000
0297    74.0   920.7     21.95     87.0     784   104     6.33     -6.15      1.51    10     0.1     784     0   0   0   0      27.181   -87.406
0298    74.3  -999.0   -999.00   -999.0    -999   104     6.34     -6.16      1.53    10  -999.0    -999     0   0   0   0    -999.000  -999.000
0299    74.5   921.2     21.98     86.9     779   104     6.35     -6.16      1.54    10     0.0     779     0   0   0   0      27.181   -87.406
0300    74.8  -999.0   -999.00   -999.0    -999   104     6.36     -6.16      1.56    10  -999.0    -999     0   0   0   0    -999.000  -999.000
0301    75.0   921.8     22.02     86.9     774   104     6.36     -6.16      1.57    10     0.0     774     0   0   0   0      27.181   -87.406
0302    75.3  -999.0   -999.00   -999.0    -999   104     6.36     -6.16      1.59    10  -999.0    -999     0   0   0   0    -999.000  -999.000
0303    75.5   922.3     22.05     86.8     768   105     6.37     -6.16      1.61    10    -0.0     768     0   0   0   0      27.181   -87.406
0304    75.8  -999.0   -999.00   -999.0    -999   105     6.37     -6.15      1.63    10  -999.0    -999     0   0   0   0    -999.000  -999.000
0305    76.0   922.9     22.08     86.7     763   105     6.36     -6.15      1.65    10    -0.1     763     0   0   0   0      27.181   -87.406
0306    76.3  -999.0   -999.00   -999.0    -999   105     6.36     -6.14      1.67    10  -999.0    -999     0   0   0   0    -999.000  -999.000
0307    76.5   923.4     22.12     86.6     758   105     6.36     -6.13      1.70    10    -0.1     758     0   0   0   0      27.181   -87.406
0308    76.8  -999.0   -999.00   -999.0    -999   106     6.35     -6.11      1.72    10  -999.0    -999     0   0   0   0    -999.000  -999.000
0309    77.0   924.0     22.15     86.5     753   106     6.34     -6.10      1.74    10    -0.1     753     0   0   0   0      27.181   -87.406
0310    77.3  -999.0   -999.00   -999.0    -999   106     6.34     -6.08      1.77    10  -999.0    -999     0   0   0   0    -999.000  -999.000
0311    77.5   924.5     22.18     86.4     748   106     6.33     -6.07      1.79    10    -0.1     748     0   0   0   0      27.181   -87.406
0312    77.8  -999.0   -999.00   -999.0    -999   107     6.32     -6.05      1.82    10  -999.0    -999     0   0   0   0    -999.000  -999.000
0313    78.0   925.1     22.22     86.3     742   107     6.31     -6.03      1.84    10    -0.1     742     0   0   0   0      27.181   -87.406
0314    78.3  -999.0   -999.00   -999.0    -999   107     6.30     -6.01      1.87    10  -999.0    -999     0   0   0   0    -999.000  -999.000
0315    78.5   925.6     22.25     86.2     737   108     6.29     -6.00      1.89    10    -0.1     737     0   0   0   0      27.181   -87.406
0316    78.8  -999.0   -999.00   -999.0    -999   108     6.28     -5.98      1.92    10  -999.0    -999     0   0   0   0    -999.000  -999.000
0317    79.0   926.1     22.29     86.1     732   108     6.28     -5.97      1.94    10    -0.1     732     0   0   0   0      27.181   -87.406
0318    79.3  -999.0   -999.00   -999.0    -999   108     6.27     -5.96      1.96    10  -999.0    -999     0   0   0   0    -999.000  -999.000
0319    79.5   926.7     22.32     86.0     727   108     6.27     -5.95      1.98    10    -0.0     727     0   0   0   0      27.181   -87.406
0320    79.8  -999.0   -999.00   -999.0    -999   109     6.27     -5.94      2.00    10  -999.0    -999     0   0   0   0    -999.000  -999.000
0321    80.0   927.2     22.35     85.8     722   109     6.26     -5.93      2.01    10    -0.0     722     0   0   0   0      27.181   -87.406
0322    80.3  -999.0   -999.00   -999.0    -999   109     6.26     -5.92      2.03    10  -999.0    -999     0   0   0   0    -999.000  -999.000
0323    80.5   927.8     22.39     85.7     717   109     6.25     -5.91      2.04    10     0.0     717     0   0   0   0      27.181   -87.406
0324    80.8  -999.0   -999.00   -999.0    -999   109     6.25     -5.90      2.05    10  -999.0    -999     0   0   0   0    -999.000  -999.000
0325    81.0   928.3     22.43     85.6     712   109     6.24     -5.89      2.05    10     0.0     712     0   0   0   0      27.181   -87.406
0326    81.3  -999.0   -999.00   -999.0    -999   109     6.24     -5.89      2.06    10  -999.0    -999     0   0   0   0    -999.000  -999.000
0327    81.5   928.9     22.46     85.4     707   109     6.23     -5.88      2.06    10     0.1     707     0   0   0   0      27.181   -87.406
0328    81.8  -999.0   -999.00   -999.0    -999   109     6.22     -5.87      2.07    10  -999.0    -999     0   0   0   0    -999.000  -999.000
0329    82.0   929.4     22.50     85.3     702   109     6.21     -5.86      2.07    10     0.1     702     0   0   0   0      27.181   -87.406
0330    82.3  -999.0   -999.00   -999.0    -999   110     6.20     -5.85      2.07    10  -999.0    -999     0   0   0   0    -999.000  -999.000
0331    82.5   929.9     22.54     85.1     696   110     6.19     -5.83      2.07    10     0.1     696     0   0   0   0      27.181   -87.406
0332    82.8  -999.0   -999.00   -999.0    -999   110     6.18     -5.82      2.07    10  -999.0    -999     0   0   0   0    -999.000  -999.000
0333    83.0   930.5     22.58     85.0     691   110     6.17     -5.81      2.07    10     0.2     691     0   0   0   0      27.181   -87.406
0334    83.3  -999.0   -999.00   -999.0    -999   110     6.15     -5.79      2.07    10  -999.0    -999     0   0   0   0    -999.000  -999.000
0335    83.5   931.0     22.62     84.9     686   110     6.14     -5.78      2.08    10     0.2     686     0   0   0   0      27.181   -87.407
0336    83.8  -999.0   -999.00   -999.0    -999   110     6.13     -5.77      2.08    10  -999.0    -999     0   0   0   0    -999.000  -999.000
0337    84.0   931.5     22.67     84.7     681   110     6.12     -5.76      2.08    10     0.2     681     0   0   0   0      27.181   -87.407
0338    84.3  -999.0   -999.00   -999.0    -999   110     6.11     -5.75      2.08    10  -999.0    -999     0   0   0   0    -999.000  -999.000
0339    84.5   932.1     22.71     84.6     676   110     6.10     -5.74      2.08    10     0.3     676     0   0   0   0      27.181   -87.407
0340    84.8  -999.0   -999.00   -999.0    -999   110     6.10     -5.73      2.09    10  -999.0    -999     0   0   0   0    -999.000  -999.000
0341    85.0   932.6     22.75     84.4     671   110     6.09     -5.72      2.09    10     0.3     671     0   0   0   0      27.181   -87.407
0342    85.3  -999.0   -999.00   -999.0    -999   110     6.08     -5.71      2.10    10  -999.0    -999     0   0   0   0    -999.000  -999.000
0343    85.5   933.1     22.79     84.2     667   110     6.08     -5.70      2.11    10     0.3     667     0   0   0   0      27.181   -87.407
0344    85.8  -999.0   -999.00   -999.0    -999   110     6.07     -5.69      2.12    10  -999.0    -999     0   0   0   0    -999.000  -999.000
0345    86.0   933.6     22.84     84.1     662   111     6.07     -5.68      2.13    10     0.2     662     0   0   0   0      27.181   -87.407
0346    86.3  -999.0   -999.00   -999.0    -999   111     6.07     -5.68      2.14    10  -999.0    -999     0   0   0   0    -999.000  -999.000
0347    86.5   934.2     22.88     83.9     657   111     6.07     -5.67      2.15    10     0.2     657     0   0   0   0      27.181   -87.407
0348    86.8  -999.0   -999.00   -999.0    -999   111     6.07     -5.68      2.16    10  -999.0    -999     0   0   0   0    -999.000  -999.000
0349    87.0   934.7     22.93     83.7     652   111     6.08     -5.68      2.16    10     0.2     652     0   0   0   0      27.181   -87.407
0350    87.3  -999.0   -999.00   -999.0    -999   111     6.09     -5.69      2.17    10  -999.0    -999     0   0   0   0    -999.000  -999.000
0351    87.5   935.2     22.97     83.5     647   111     6.10     -5.70      2.17    10     0.1     647     0   0   0   0      27.181   -87.407
0352    87.8  -999.0   -999.00   -999.0    -999   111     6.12     -5.72      2.18    10  -999.0    -999     0   0   0   0    -999.000  -999.000
0353    88.0   935.8     23.01     83.3     642   111     6.14     -5.74      2.18    10     0.0     642     0   0   0   0      27.181   -87.407
0354    88.3  -999.0   -999.00   -999.0    -999   111     6.16     -5.76      2.18    10  -999.0    -999     0   0   0   0    -999.000  -999.000
0355    88.5   936.3     23.06     83.1     636   111     6.19     -5.79      2.17    10    -0.0     636     0   0   0   0      27.181   -87.407
0356    88.8  -999.0   -999.00   -999.0    -999   110     6.22     -5.83      2.17    10  -999.0    -999     0   0   0   0    -999.000  -999.000
0357    89.0   936.9     23.10     82.9     631   110     6.25     -5.86      2.16    10    -0.1     631     0   0   0   0      27.181   -87.407
0358    89.3  -999.0   -999.00   -999.0    -999   110     6.28     -5.90      2.16    10  -999.0    -999     0   0   0   0    -999.000  -999.000
0359    89.5   937.4     23.14     82.8     626   110     6.32     -5.95      2.15    10    -0.1     626     0   0   0   0      27.181   -87.407
0360    89.8  -999.0   -999.00   -999.0    -999   110     6.36     -6.00      2.14    10  -999.0    -999     0   0   0   0    -999.000  -999.000
0361    90.0   938.0     23.17     82.6     621   109     6.41     -6.05      2.13    10    -0.1     621     0   0   0   0      27.181   -87.407
0362    90.3  -999.0   -999.00   -999.0    -999   109     6.46     -6.10      2.11    10  -999.0    -999     0   0   0   0    -999.000  -999.000
0363    90.5   938.5     23.21     82.5     616   109     6.51     -6.16      2.10    10    -0.1     616     0   0   0   0      27.181   -87.407
0364    90.8  -999.0   -999.00   -999.0    -999   109     6.56     -6.22      2.09    10  -999.0    -999     0   0   0   0    -999.000  -999.000
0365    91.0   939.1     23.24     82.4     611   108     6.62     -6.28      2.08    10    -0.1     611     0   0   0   0      27.181   -87.407
0366    91.3  -999.0   -999.00   -999.0    -999   108     6.67     -6.34      2.07    10  -999.0    -999     0   0   0   0    -999.000  -999.000
0367    91.5   939.6     23.27     82.4     606   108     6.72     -6.40      2.06    10    -0.1     606     0   0   0   0      27.181   -87.407
0368    91.8  -999.0   -999.00   -999.0    -999   108     6.77     -6.45      2.06    10  -999.0    -999     0   0   0   0    -999.000  -999.000
0369    92.0   940.2     23.30     82.3     600   108     6.82     -6.50      2.06    10    -0.1     600     0   0   0   0      27.181   -87.407
0370    92.3  -999.0   -999.00   -999.0    -999   107     6.87     -6.55      2.06    10  -999.0    -999     0   0   0   0    -999.000  -999.000
0371    92.5   940.7     23.33     82.3     595   107     6.91     -6.60      2.07    10    -0.1     595     0   0   0   0      27.181   -87.407
0372    92.8  -999.0   -999.00   -999.0    -999   107     6.95     -6.64      2.08    10  -999.0    -999     0   0   0   0    -999.000  -999.000
0373    93.0   941.3     23.36     82.4     590   107     6.99     -6.67      2.09    10    -0.1     590     0   0   0   0      27.181   -87.407
0374    93.3  -999.0   -999.00   -999.0    -999   107     7.03     -6.71      2.10    10  -999.0    -999     0   0   0   0    -999.000  -999.000
0375    93.5   941.9     23.38     82.5     585   107     7.06     -6.74      2.12    10    -0.1     585     0   0   0   0      27.181   -87.407
0376    93.8  -999.0   -999.00   -999.0    -999   107     7.09     -6.77      2.13    10  -999.0    -999     0   0   0   0    -999.000  -999.000
0377    94.0   942.4     23.41     82.8     580   108     7.12     -6.79      2.15     9    -0.1     580     0   0   0   0      27.181   -87.407
0378    94.3  -999.0   -999.00   -999.0    -999   108     7.15     -6.81      2.18     9  -999.0    -999     0   0   0   0    -999.000  -999.000
0379    94.5   943.0     23.43     83.1     575   108     7.18     -6.83      2.20     9    -0.1     575     0   0   0   0      27.181   -87.407
0380    94.8  -999.0   -999.00   -999.0    -999   108     7.21     -6.85      2.23     9  -999.0    -999     0   0   0   0    -999.000  -999.000
0381    95.0   943.5     23.45     83.7     570   108     7.23     -6.87      2.25     9    -0.1     570     0   0   0   0      27.181   -87.407
0382    95.3  -999.0   -999.00   -999.0    -999   108     7.26     -6.89      2.28    10  -999.0    -999     0   0   0   0    -999.000  -999.000
0383    95.5   944.1     23.47     84.4     564   108     7.28     -6.91      2.31    10    -0.1     564     0   0   0   0      27.181   -87.407
0384    95.8  -999.0   -999.00   -999.0    -999   109     7.31     -6.92      2.34    10  -999.0    -999     0   0   0   0    -999.000  -999.000
0385    96.0   944.6     23.49     85.2     559   109     7.34     -6.94      2.37    10    -0.1     559     0   0   0   0      27.181   -87.407
0386    96.3  -999.0   -999.00   -999.0    -999   109     7.36     -6.96      2.40    10  -999.0    -999     0   0   0   0    -999.000  -999.000
0387    96.5   945.2     23.50     86.3     554   109     7.39     -6.98      2.44    10    -0.1     554     0   0   0   0      27.181   -87.407
0388    96.8  -999.0   -999.00   -999.0    -999   109     7.42     -6.99      2.47    10  -999.0    -999     0   0   0   0    -999.000  -999.000
0389    97.0   945.7     23.51     87.4     549   110     7.45     -7.01      2.50    10    -0.1     549     0   0   0   0      27.181   -87.407
0390    97.3  -999.0   -999.00   -999.0    -999   110     7.47     -7.03      2.53    10  -999.0    -999     0   0   0   0    -999.000  -999.000
0391    97.5   946.3     23.52     88.3     544   110     7.50     -7.05      2.56     9    -0.1     544     0   0   0   0      27.181   -87.407
0392    97.8  -999.0   -999.00   -999.0    -999   110     7.52     -7.06      2.59    10  -999.0    -999     0   0   0   0    -999.000  -999.000
0393    98.0   946.8     23.53     89.2     539   110     7.54     -7.08      2.61    10    -0.1     539     0   0   0   0      27.181   -87.407
0394    98.3  -999.0   -999.00   -999.0    -999   110     7.56     -7.09      2.63    10  -999.0    -999     0   0   0   0    -999.000  -999.000
0395    98.5   947.4     23.54     89.8     534   110     7.58     -7.11      2.64    10    -0.1     534     0   0   0   0      27.181   -87.407
0396    98.8  -999.0   -999.00   -999.0    -999   110     7.60     -7.12      2.65    10  -999.0    -999     0   0   0   0    -999.000  -999.000
0397    99.0   947.9     23.55     90.3     529   110     7.61     -7.13      2.65    10    -0.0     529     0   0   0   0      27.181   -87.407
0398    99.3  -999.0   -999.00   -999.0    -999   110     7.62     -7.14      2.64    10  -999.0    -999     0   0   0   0    -999.000  -999.000
0399    99.5   948.5     23.56     90.5     524   110     7.62     -7.15      2.63    10    -0.0     524     0   0   0   0      27.181   -87.408
0400    99.8  -999.0   -999.00   -999.0    -999   110     7.62     -7.16      2.62    10  -999.0    -999     0   0   0   0    -999.000  -999.000
0401   100.0   949.0     23.57     90.6     518   110     7.62     -7.16      2.60    10    -0.0     518     0   0   0   0      27.181   -87.408
0402   100.3  -999.0   -999.00   -999.0    -999   110     7.61     -7.17      2.57    10  -999.0    -999     0   0   0   0    -999.000  -999.000
0403   100.5   949.6     23.59     90.7     513   110     7.60     -7.17      2.54    10     0.0     513     0   0   0   0      27.181   -87.408
0404   100.8  -999.0   -999.00   -999.0    -999   109     7.59     -7.16      2.51    10  -999.0    -999     0   0   0   0    -999.000  -999.000
0405   101.0   950.1     23.62     90.6     508   109     7.57     -7.16      2.48    10     0.0     508     0   0   0   0      27.181   -87.408
0406   101.3  -999.0   -999.00   -999.0    -999   109     7.56     -7.15      2.44    10  -999.0    -999     0   0   0   0    -999.000  -999.000
0407   101.5   950.7     23.64     90.5     503   109     7.53     -7.14      2.41    10     0.0     503     0   0   0   0      27.181   -87.408
0408   101.8  -999.0   -999.00   -999.0    -999   108     7.51     -7.13      2.37    10  -999.0    -999     0   0   0   0    -999.000  -999.000
0409   102.0   951.2     23.68     90.5     498   108     7.49     -7.12      2.34    10     0.1     498     0   0   0   0      27.181   -87.408
0410   102.3  -999.0   -999.00   -999.0    -999   108     7.47     -7.10      2.31    10  -999.0    -999     0   0   0   0    -999.000  -999.000
0411   102.5   951.8     23.71     90.4     493   108     7.44     -7.09      2.27    10     0.1     493     0   0   0   0      27.181   -87.408
0412   102.8  -999.0   -999.00   -999.0    -999   108     7.42     -7.08      2.24    10  -999.0    -999     0   0   0   0    -999.000  -999.000
0413   103.0   952.3     23.75     90.3     488  -999  -999.00   -999.00   -999.00    10     0.1     488     0   0   0   0    -999.000  -999.000
0414   103.3  -999.0   -999.00   -999.0    -999   107     7.38     -7.05      2.19    10  -999.0    -999     0   0   0   0    -999.000  -999.000
0415   103.5   952.8     23.78     90.2     483   107     7.37     -7.04      2.17    10     0.2     483     0   0   0   0      27.182   -87.408
0416   103.8  -999.0   -999.00   -999.0    -999   107     7.35     -7.03      2.15    10  -999.0    -999     0   0   0   0    -999.000  -999.000
0417   104.0   953.4     23.83     90.1     478   107     7.34     -7.02      2.14    10     0.2     478     0   0   0   0      27.182   -87.408
0418   104.3  -999.0   -999.00   -999.0    -999   107     7.33     -7.02      2.13    10  -999.0    -999     0   0   0   0    -999.000  -999.000
0419   104.5   953.9     23.87     90.0     473   107     7.32     -7.01      2.12    10     0.3     473     0   0   0   0      27.182   -87.408
0420   104.8  -999.0   -999.00   -999.0    -999   107     7.32     -7.01      2.12    10  -999.0    -999     0   0   0   0    -999.000  -999.000
0421   105.0   954.5     23.91     89.9     468   107     7.32     -7.00      2.12    10     0.3     468     0   0   0   0      27.182   -87.408
0422   105.3  -999.0   -999.00   -999.0    -999   107     7.31     -7.00      2.12    10  -999.0    -999     0   0   0   0    -999.000  -999.000
0423   105.5   955.0     23.96     89.8     463   107     7.31     -7.00      2.12    10     0.4     463     0   0   0   0      27.182   -87.408
0424   105.8  -999.0   -999.00   -999.0    -999   107     7.32     -7.00      2.13    10  -999.0    -999     0   0   0   0    -999.000  -999.000
0425   106.0   955.5     24.00     89.7     459   107     7.32     -7.00      2.13    10     0.4     459     0   0   0   0      27.182   -87.408
0426   106.3  -999.0   -999.00   -999.0    -999   107     7.32     -7.00      2.14    10  -999.0    -999     0   0   0   0    -999.000  -999.000
0427   106.5   956.0     24.04     89.6     454   107     7.33     -7.01      2.15    10     0.5     454     0   0   0   0      27.182   -87.408
0428   106.8  -999.0   -999.00   -999.0    -999   107     7.33     -7.01      2.16    10  -999.0    -999     0   0   0   0    -999.000  -999.000
0429   107.0   956.5     24.09     89.5     449   107     7.34     -7.01      2.16    10     0.5     449     0   0   0   0      27.182   -87.408
0430   107.3  -999.0   -999.00   -999.0    -999   107     7.35     -7.02      2.17    10  -999.0    -999     0   0   0   0    -999.000  -999.000
0431   107.5   957.1     24.13     89.4     444   107     7.35     -7.02      2.17    10     0.4     444     0   0   0   0      27.182   -87.408
0432   107.8  -999.0   -999.00   -999.0    -999   107     7.35     -7.02      2.18    10  -999.0    -999     0   0   0   0    -999.000  -999.000
0433   108.0   957.6     24.18     89.2     440   107     7.36     -7.03      2.18    10     0.4     440     0   0   0   0      27.182   -87.408
0434   108.3  -999.0   -999.00   -999.0    -999   107     7.36     -7.03      2.19    10  -999.0    -999     0   0   0   0    -999.000  -999.000
0435   108.5   958.1     24.22     89.1     435   107     7.37     -7.03      2.20    10     0.4     435     0   0   0   0      27.182   -87.408
0436   108.8  -999.0   -999.00   -999.0    -999  -999  -999.00   -999.00   -999.00    10  -999.0    -999     0   0   0   0    -999.000  -999.000
0437   109.0   958.6     24.27     88.9     430   107     7.37     -7.04      2.21    10     0.3     430     0   0   0   0      27.182   -87.408
0438   109.3  -999.0   -999.00   -999.0    -999   107     7.38     -7.04      2.21    10  -999.0    -999     0   0   0   0    -999.000  -999.000
0439   109.5   959.2     24.31     88.8     425   107     7.38     -7.04      2.22    10     0.2     425     0   0   0   0      27.182   -87.408
0440   109.8  -999.0   -999.00   -999.0    -999   108     7.38     -7.04      2.22    10  -999.0    -999     0   0   0   0    -999.000  -999.000
0441   110.0   959.7     24.36     88.6     420   108     7.38     -7.03      2.22    10     0.2     420     0   0   0   0      27.182   -87.408
0442   110.3  -999.0   -999.00   -999.0    -999   108     7.37     -7.03      2.23    10  -999.0    -999     0   0   0   0    -999.000  -999.000
0443   110.5   960.3     24.40     88.4     415   108     7.37     -7.03      2.23    10     0.1     415     0   0   0   0      27.182   -87.408
0444   110.8  -999.0   -999.00   -999.0    -999   108     7.36     -7.02      2.23    10  -999.0    -999     0   0   0   0    -999.000  -999.000
0445   111.0   960.8     24.45     88.3     410   108     7.36     -7.01      2.22    10     0.1     410     0   0   0   0      27.182   -87.408
0446   111.3  -999.0   -999.00   -999.0    -999   108     7.35     -7.00      2.22    10  -999.0    -999     0   0   0   0    -999.000  -999.000
0447   111.5   961.4     24.50     88.1     405   108     7.34     -6.99      2.22    10     0.0     405     0   0   0   0      27.182   -87.408
0448   111.8  -999.0   -999.00   -999.0    -999   108     7.33     -6.98      2.22    10  -999.0    -999     0   0   0   0    -999.000  -999.000
0449   112.0   961.9     24.54     87.9     400   108     7.32     -6.97      2.22    10    -0.0     400     0   0   0   0      27.182   -87.408
0450   112.3  -999.0   -999.00   -999.0    -999   108     7.30     -6.96      2.23    10  -999.0    -999     0   0   0   0    -999.000  -999.000
0451   112.5   962.5     24.59     87.8     395  -999  -999.00   -999.00   -999.00    10    -0.0     395     0   0   0   0    -999.000  -999.000
0452   112.8  -999.0   -999.00   -999.0    -999   108     7.29     -6.94      2.23    10  -999.0    -999     0   0   0   0    -999.000  -999.000
0453   113.0   963.0     24.63     87.6     390   108     7.28     -6.93      2.24    10    -0.1     390     0   0   0   0      27.182   -87.408
0454   113.3  -999.0   -999.00   -999.0    -999   108     7.27     -6.92      2.25    10  -999.0    -999     0   0   0   0    -999.000  -999.000
0455   113.5   963.6     24.68     87.4     385   108     7.27     -6.91      2.26    10    -0.1     385     0   0   0   0      27.182   -87.409
0456   113.8  -999.0   -999.00   -999.0    -999   108     7.27     -6.91      2.27    10  -999.0    -999     0   0   0   0    -999.000  -999.000
0457   114.0   964.1     24.73     87.1     380   108     7.27     -6.91      2.28    10    -0.1     380     0   0   0   0      27.182   -87.409
0458   114.3  -999.0   -999.00   -999.0    -999   108     7.28     -6.91      2.29    10  -999.0    -999     0   0   0   0    -999.000  -999.000
0459   114.5   964.7     24.78     86.9     375   108     7.28     -6.91      2.30    10    -0.1     375     0   0   0   0      27.182   -87.409
0460   114.8  -999.0   -999.00   -999.0    -999   108     7.29     -6.92      2.31     9  -999.0    -999     0   0   0   0    -999.000  -999.000
0461   115.0   965.2     24.82     86.6     370   109     7.30     -6.93      2.32     9    -0.0     370     0   0   0   0      27.182   -87.409
0462   115.3  -999.0   -999.00   -999.0    -999   109     7.32     -6.94      2.32    10  -999.0    -999     0   0   0   0    -999.000  -999.000
0463   115.5   965.8     24.87     86.4     365   109     7.33     -6.95      2.33    10    -0.0     365     0   0   0   0      27.182   -87.409
0464   115.8  -999.0   -999.00   -999.0    -999   108     7.34     -6.96      2.33    10  -999.0    -999     0   0   0   0    -999.000  -999.000
0465   116.0   966.3     24.92     86.1     360   108     7.36     -6.98      2.33    10     0.0     360     0   0   0   0      27.182   -87.409
0466   116.3  -999.0   -999.00   -999.0    -999   108     7.37     -7.00      2.32    10  -999.0    -999     0   0   0   0    -999.000  -999.000
0467   116.5   966.9     24.97     85.8     354   108     7.39     -7.02      2.31    10     0.1     354     0   0   0   0      27.182   -87.409
0468   116.8  -999.0   -999.00   -999.0    -999   108     7.40     -7.04      2.29    10  -999.0    -999     0   0   0   0    -999.000  -999.000
0469   117.0   967.4     25.01     85.5     350   108     7.42     -7.06      2.27    10     0.1     350     0   0   0   0      27.182   -87.409
0470   117.3  -999.0   -999.00   -999.0    -999   108     7.43     -7.08      2.25    10  -999.0    -999     0   0   0   0    -999.000  -999.000
0471   117.5   968.0     25.06     85.3     345   107     7.44     -7.10      2.22    10     0.2     345     0   0   0   0      27.182   -87.409
0472   117.8  -999.0   -999.00   -999.0    -999   107     7.44     -7.12      2.19    10  -999.0    -999     0   0   0   0    -999.000  -999.000
0473   118.0   968.5     25.11     85.1     340   107     7.45     -7.13      2.15    10     0.3     340     0   0   0   0      27.182   -87.409
0474   118.3  -999.0   -999.00   -999.0    -999   106     7.45     -7.14      2.11    10  -999.0    -999     0   0   0   0    -999.000  -999.000
0475   118.5   969.0     25.15     84.9     335   106     7.45     -7.15      2.06    10     0.3     335     0   0   0   0      27.182   -87.409
0476   118.8  -999.0   -999.00   -999.0    -999   106     7.44     -7.16      2.01    10  -999.0    -999     0   0   0   0    -999.000  -999.000
0477   119.0   969.6     25.20     84.7     330   105     7.43     -7.16      1.96    10     0.4     330     0   0   0   0      27.182   -87.409
0478   119.3  -999.0   -999.00   -999.0    -999   105     7.41     -7.16      1.91    10  -999.0    -999     0   0   0   0    -999.000  -999.000
0479   119.5   970.1     25.24     84.6     325   105     7.39     -7.15      1.86    10     0.5     325     0   0   0   0      27.182   -87.409
0480   119.8  -999.0   -999.00   -999.0    -999   104     7.36     -7.14      1.81    10  -999.0    -999     0   0   0   0    -999.000  -999.000
0481   120.0   970.6     25.29     84.5     320   104     7.34     -7.12      1.76    10     0.5     320     0   0   0   0      27.182   -87.409
0482   120.3  -999.0   -999.00   -999.0    -999   104     7.31     -7.10      1.72    10  -999.0    -999     0   0   0   0    -999.000  -999.000
0483   120.5   971.1     25.33     84.5     316   103     7.28     -7.08      1.69    10     0.6     316     0   0   0   0      27.182   -87.409
0484   120.8  -999.0   -999.00   -999.0    -999   103     7.25     -7.06      1.66    10  -999.0    -999     0   0   0   0    -999.000  -999.000
0485   121.0   971.7     25.37     84.4     311   103     7.23     -7.04      1.64    10     0.6     311     0   0   0   0      27.182   -87.409
0486   121.3  -999.0   -999.00   -999.0    -999   103     7.20     -7.02      1.63    10  -999.0    -999     0   0   0   0    -999.000  -999.000
0487   121.5   972.2     25.41     84.3     306   103     7.19     -7.00      1.64    10     0.7     306     0   0   0   0      27.182   -87.409
0488   121.8  -999.0   -999.00   -999.0    -999   103     7.18     -6.99      1.65    10  -999.0    -999     0   0   0   0    -999.000  -999.000
0489   122.0   972.7     25.45     84.2     302   103     7.18     -6.98      1.67    10     0.7     302     0   0   0   0      27.182   -87.409
0490   122.3  -999.0   -999.00   -999.0    -999   104     7.18     -6.98      1.69    10  -999.0    -999     0   0   0   0    -999.000  -999.000
0491   122.5   973.2     25.50     84.1     297   104     7.19     -6.98      1.72    10     0.7     297     0   0   0   0      27.182   -87.409
0492   122.8  -999.0   -999.00   -999.0    -999   104     7.21     -6.99      1.75    10  -999.0    -999     0   0   0   0    -999.000  -999.000
0493   123.0   973.7     25.54     84.0     292   104     7.22     -7.00      1.78    10     0.7     292     0   0   0   0      27.182   -87.409
0494   123.3  -999.0   -999.00   -999.0    -999   104     7.25     -7.02      1.81    10  -999.0    -999     0   0   0   0    -999.000  -999.000
0495   123.5   974.2     25.58     83.9     288   105     7.27     -7.03      1.84    10     0.7     288     0   0   0   0      27.182   -87.409
0496   123.8  -999.0   -999.00   -999.0    -999   105     7.29     -7.05      1.85    10  -999.0    -999     0   0   0   0    -999.000  -999.000
0497   124.0   974.7     25.62     83.8     283   105     7.31     -7.07      1.87    10     0.8     283     0   0   0   0      27.182   -87.409
0498   124.3  -999.0   -999.00   -999.0    -999   105     7.33     -7.09      1.88    10  -999.0    -999     0   0   0   0    -999.000  -999.000
0499   124.5   975.3     25.66     83.7     278   105     7.35     -7.10      1.89    10     0.8     278     0   0   0   0      27.182   -87.409
0500   124.8  -999.0   -999.00   -999.0    -999   105     7.36     -7.12      1.89    10  -999.0    -999     0   0   0   0    -999.000  -999.000
0501   125.0   975.8     25.71     83.5     274   105     7.37     -7.12      1.88    10     0.8     274     0   0   0   0      27.182   -87.409
0502   125.3  -999.0   -999.00   -999.0    -999   105     7.38     -7.13      1.88    10  -999.0    -999     0   0   0   0    -999.000  -999.000
0503   125.5   976.3     25.75     83.4     269   105     7.38     -7.14      1.87    10     0.8     269     0   0   0   0      27.182   -87.409
0504   125.8  -999.0   -999.00   -999.0    -999   105     7.38     -7.14      1.86    10  -999.0    -999     0   0   0   0    -999.000  -999.000
0505   126.0   976.8     25.79     83.3     264   105     7.38     -7.15      1.85    10     0.8     264     0   0   0   0      27.182   -87.409
0506   126.3  -999.0   -999.00   -999.0    -999   104     7.38     -7.15      1.84    10  -999.0    -999     0   0   0   0    -999.000  -999.000
0507   126.5   977.3     25.84     83.1     260   104     7.38     -7.15      1.84    10     0.8     260     0   0   0   0      27.182   -87.409
0508   126.8  -999.0   -999.00   -999.0    -999   104     7.38     -7.15      1.83    10  -999.0    -999     0   0   0   0    -999.000  -999.000
0509   127.0   977.8     25.88     82.9     255   104     7.37     -7.15      1.82    10     0.8     255     0   0   0   0      27.182   -87.409
0510   127.3  -999.0   -999.00   -999.0    -999   104     7.37     -7.14      1.81    10  -999.0    -999     0   0   0   0    -999.000  -999.000
0511   127.5   978.3     25.93     82.7     251   104     7.36     -7.13      1.81    13     0.8     251     0   0   0   0      27.182   -87.410
0512   127.8  -999.0   -999.00   -999.0    -999   104     7.35     -7.12      1.80    13  -999.0    -999     0   0   0   0    -999.000  -999.000
0513   128.0   978.8     25.97     82.5     246   104     7.33     -7.11      1.80    13     0.8     246     0   0   0   0      27.182   -87.410
0514   128.3  -999.0   -999.00   -999.0    -999   104     7.31     -7.09      1.79    13  -999.0    -999     0   0   0   0    -999.000  -999.000
0515   128.5   979.3     26.02     82.3     241   104     7.29     -7.07      1.79    13     0.7     241     0   0   0   0      27.182   -87.410
0516   128.8  -999.0   -999.00   -999.0    -999   104     7.26     -7.04      1.78    13  -999.0    -999     0   0   0   0    -999.000  -999.000
0517   129.0   979.8     26.06     82.1     237   104     7.23     -7.01      1.78    13     0.7     237     0   0   0   0      27.182   -87.410
0518   129.3  -999.0   -999.00   -999.0    -999   104     7.20     -6.98      1.77    13  -999.0    -999     0   0   0   0    -999.000  -999.000
0519   129.5   980.3     26.11     81.9     232   104     7.17     -6.95      1.76    13     0.6     232     0   0   0   0      27.182   -87.410
0520   129.8  -999.0   -999.00   -999.0    -999   104     7.13     -6.91      1.75    13  -999.0    -999     0   0   0   0    -999.000  -999.000
0521   130.0   980.9     26.16     81.8     228   104     7.10     -6.88      1.73    13     0.6     228     0   0   0   0      27.182   -87.410
0522   130.3  -999.0   -999.00   -999.0    -999   104     7.06     -6.85      1.71    13  -999.0    -999     0   0   0   0    -999.000  -999.000
0523   130.5   981.4     26.20     81.6     223   104     7.02     -6.82      1.69    13     0.5     223     0   0   0   0      27.182   -87.410
0524   130.8  -999.0   -999.00   -999.0    -999   104     6.99     -6.79      1.66    13  -999.0    -999     0   0   0   0    -999.000  -999.000
0525   131.0   981.9     26.25     81.4     218   104     6.95     -6.76      1.63    13     0.5     218     0   0   0   0      27.182   -87.410
0526   131.3  -999.0   -999.00   -999.0    -999   103     6.91     -6.72      1.60    13  -999.0    -999     0   0   0   0    -999.000  -999.000
0527   131.5   982.4     26.29     81.2     213   103     6.87     -6.69      1.57    13     0.4     213     0   0   0   0      27.182   -87.410
0528   131.8  -999.0   -999.00   -999.0    -999   103     6.83     -6.66      1.54    13  -999.0    -999     0   0   0   0    -999.000  -999.000
0529   132.0   983.0     26.34     81.0     208   103     6.79     -6.62      1.51    13     0.4     208     0   0   0   0      27.182   -87.410
0530   132.3  -999.0   -999.00   -999.0    -999   103     6.75     -6.58      1.48    13  -999.0    -999     0   0   0   0    -999.000  -999.000
0531   132.5   983.5     26.39     80.9     204   102     6.70     -6.54      1.45    13     0.4     204     0   0   0   0      27.182   -87.410
0532   132.8  -999.0   -999.00   -999.0    -999   102     6.65     -6.50      1.42    12  -999.0    -999     0   0   0   0    -999.000  -999.000
0533   133.0   984.1     26.43     80.7     199   102     6.60     -6.45      1.39    13     0.4     199     0   0   0   0      27.182   -87.410
0534   133.3  -999.0   -999.00   -999.0    -999   102     6.55     -6.41      1.36    13  -999.0    -999     0   0   0   0    -999.000  -999.000
0535   133.5   984.6     26.48     80.5     194   102     6.49     -6.36      1.34    12     0.4     194     0   0   0   0      27.182   -87.410
0536   133.8  -999.0   -999.00   -999.0    -999   102     6.44     -6.31      1.31    12  -999.0    -999     0   0   0   0    -999.000  -999.000
0537   134.0   985.1     26.53     80.4     189   102     6.38     -6.25      1.28    12     0.4     189     0   0   0   0      27.182   -87.410
0538   134.3  -999.0   -999.00   -999.0    -999   101     6.33     -6.20      1.26    13  -999.0    -999     0   0   0   0    -999.000  -999.000
0539   134.5   985.7     26.57     80.3     184   101     6.27     -6.15      1.24    13     0.5     184     0   0   0   0      27.182   -87.410
0540   134.8  -999.0   -999.00   -999.0    -999   101     6.22     -6.10      1.21    13  -999.0    -999     0   0   0   0    -999.000  -999.000
0541   135.0   986.2     26.62     80.2     180   101     6.17     -6.06      1.19    12     0.5     180     0   0   0   0      27.182   -87.410
0542   135.3  -999.0   -999.00   -999.0    -999   101     6.13     -6.01      1.17    13  -999.0    -999     0   0   0   0    -999.000  -999.000
0543   135.5   986.7     26.67     80.1     175   101     6.09     -5.98      1.15    11     0.5     175     0   0   0   0      27.182   -87.410
0544   135.8  -999.0   -999.00   -999.0    -999   101     6.05     -5.94      1.14    11  -999.0    -999     0   0   0   0    -999.000  -999.000
0545   136.0   987.2     26.72     80.0     170   101     6.02     -5.91      1.12    12     0.6     170     0   0   0   0      27.182   -87.410
0546   136.3  -999.0   -999.00   -999.0    -999   101     5.98     -5.88      1.11    12  -999.0    -999     0   0   0   0    -999.000  -999.000
0547   136.5   987.7     26.77     79.8     165   101     5.96     -5.86      1.10    12     0.6     165     0   0   0   0      27.182   -87.410
0548   136.8  -999.0   -999.00   -999.0    -999   101     5.93     -5.83      1.09    13  -999.0    -999     0   0   0   0    -999.000  -999.000
0549   137.0   988.3     26.81     79.7     161   100     5.91     -5.81      1.08    13     0.6     161     0   0   0   0      27.182   -87.410
0550   137.3  -999.0   -999.00   -999.0    -999   100     5.89     -5.80      1.07    12  -999.0    -999     0   0   0   0    -999.000  -999.000
0551   137.5   988.8     26.86     79.6     156   100     5.88     -5.78      1.06    13     0.6     156     0   0   0   0      27.182   -87.410
0552   137.8  -999.0   -999.00   -999.0    -999   100     5.87     -5.77      1.05    12  -999.0    -999     0   0   0   0    -999.000  -999.000
0553   138.0   989.3     26.91     79.5     151   100     5.85     -5.76      1.04    13     0.6     151     0   0   0   0      27.182   -87.410
0554   138.3  -999.0   -999.00   -999.0    -999   100     5.84     -5.75      1.03    13  -999.0    -999     0   0   0   0    -999.000  -999.000
0555   138.5   989.8     26.95     79.4     147   100     5.83     -5.74      1.02    13     0.5     147     0   0   0   0      27.182   -87.410
0556   138.8  -999.0   -999.00   -999.0    -999   100     5.82     -5.73      1.01    13  -999.0    -999     0   0   0   0    -999.000  -999.000
0557   139.0   990.4     27.00     79.2     142   100     5.80     -5.72      1.00    13     0.5     142     0   0   0   0      27.182   -87.410
0558   139.3  -999.0   -999.00   -999.0    -999   100     5.79     -5.70      0.99    13  -999.0    -999     0   0   0   0    -999.000  -999.000
0559   139.5   990.9     27.04     79.1     137   100     5.77     -5.69      0.99    13     0.5     137     0   0   0   0      27.182   -87.410
0560   139.8  -999.0   -999.00   -999.0    -999   100     5.75     -5.67      0.98    13  -999.0    -999     0   0   0   0    -999.000  -999.000
0561   140.0   991.4     27.08     78.9     132   100     5.73     -5.64      0.98    13     0.4     132     0   0   0   0      27.182   -87.410
0562   140.3  -999.0   -999.00   -999.0    -999   100     5.70     -5.62      0.98    13  -999.0    -999     0   0   0   0    -999.000  -999.000
0563   140.5   992.0     27.13     78.8     128   100     5.68     -5.59      0.99    12     0.4     128     0   0   0   0      27.182   -87.410
0564   140.8  -999.0   -999.00   -999.0    -999   100     5.65     -5.56      1.00    12  -999.0    -999     0   0   0   0    -999.000  -999.000
0565   141.0   992.5     27.17     78.6     123   100     5.62     -5.53      1.02    12     0.3     123     0   0   0   0      27.182   -87.410
0566   141.3  -999.0   -999.00   -999.0    -999   101     5.60     -5.50      1.03    13  -999.0    -999     0   0   0   0    -999.000  -999.000
0567   141.5   993.0     27.22     78.5     118   101     5.57     -5.47      1.06    13     0.2     118     0   0   0   0      27.182   -87.410
0568   141.8  -999.0   -999.00   -999.0    -999   101     5.54     -5.43      1.08    13  -999.0    -999     0   0   0   0    -999.000  -999.000
0569   142.0   993.6     27.26     78.3     113   102     5.51     -5.40      1.11    13     0.1     113     0   0   0   0      27.182   -87.410
0570   142.3  -999.0   -999.00   -999.0    -999   102     5.49     -5.37      1.14    13  -999.0    -999     0   0   0   0    -999.000  -999.000
0571   142.5   994.1     27.31     78.0     108   102     5.47     -5.34      1.17    12     0.0     108     0   0   0   0      27.182   -87.410
0572   142.8  -999.0   -999.00   -999.0    -999   103     5.46     -5.32      1.21    12  -999.0    -999     0   0   0   0    -999.000  -999.000
0573   143.0   994.7     27.35     77.8     103   103     5.45     -5.30      1.25    12    -0.0     103     0   0   0   0      27.182   -87.410
0574   143.3  -999.0   -999.00   -999.0    -999   104     5.44     -5.29      1.28    13  -999.0    -999     0   0   0   0    -999.000  -999.000
0575   143.5   995.2     27.40     77.5      98   104     5.44     -5.28      1.33    13    -0.1      98     0   0   0   0      27.182   -87.411
0576   143.8  -999.0   -999.00   -999.0    -999   105     5.45     -5.28      1.37    13  -999.0    -999     0   0   0   0    -999.000  -999.000
0577   144.0   995.8     27.44     77.2      93   105     5.47     -5.28      1.41    12    -0.2      93     0   0   0   0      27.182   -87.411
0578   144.3  -999.0   -999.00   -999.0    -999   105     5.49     -5.30      1.46    13  -999.0    -999     0   0   0   0    -999.000  -999.000
0579   144.5   996.4     27.49     77.0      88   106     5.52     -5.31      1.50    13    -0.2      88     0   0   0   0      27.182   -87.411
0580   144.8  -999.0   -999.00   -999.0    -999   106     5.56     -5.34      1.55    12  -999.0    -999     0   0   0   0    -999.000  -999.000
0581   145.0   997.0     27.54     76.7      83   107     5.60     -5.37      1.60    13    -0.2      83     0   0   0   0      27.182   -87.411
0582   145.3  -999.0   -999.00   -999.0    -999   107     5.65     -5.40      1.64    13  -999.0    -999     0   0   0   0    -999.000  -999.000
0583   145.5   997.5     27.58     76.4      78  -999  -999.00   -999.00   -999.00    12    -0.2      78     0   0   0   0      27.182   -87.411
0584   145.8  -999.0   -999.00   -999.0    -999  -999  -999.00   -999.00   -999.00    12  -999.0    -999     0   0   0   0    -999.000  -999.000
0585   146.0   998.1     27.63     76.2      73   108     5.80     -5.52      1.78    12    -0.2      73     0   0   0   0      27.182   -87.411
0586   146.3  -999.0   -999.00   -999.0    -999   108     5.85     -5.56      1.81    11  -999.0    -999     0   0   0   0    -999.000  -999.000
0587   146.5   998.7     27.67     76.0      68   108     5.89     -5.60      1.85    12    -0.1      68     0   0   0   0      27.182   -87.411
0588   146.8  -999.0   -999.00   -999.0    -999   108     5.93     -5.63      1.88    11  -999.0    -999     0   0   0   0    -999.000  -999.000
0589   147.0   999.3     27.72     75.8      63   109     5.97     -5.66      1.90    11    -0.0      63     0   0   0   0      27.182   -87.411
0590   147.3  -999.0   -999.00   -999.0    -999   109     6.00     -5.69      1.92    12  -999.0    -999     0   0   0   0    -999.000  -999.000
0591   147.5   999.8     27.77     75.6      58   109     6.03     -5.71      1.93    12     0.1      58     0   0   0   0      27.182   -87.411
0592   147.8  -999.0   -999.00   -999.0    -999   109     6.05     -5.73      1.94    13  -999.0    -999     0   0   0   0    -999.000  -999.000
0593   148.0  1000.3     27.81     75.5      53   109     6.07     -5.75      1.94    13     0.1      53     0   0   0   0      27.182   -87.411
0594   148.3  -999.0   -999.00   -999.0    -999   109     6.08     -5.76      1.94    13  -999.0    -999     0   0   0   0    -999.000  -999.000
0595   148.5  1000.9     27.86     75.4      48   109     6.09     -5.77      1.93    13     0.2      48     0   0   0   0      27.182   -87.411
0596   148.8  -999.0   -999.00   -999.0    -999   108     6.09     -5.78      1.92    12  -999.0    -999     0   0   0   0    -999.000  -999.000
0597   149.0  1001.4     27.90     75.3      43   108     6.09     -5.78      1.91    12     0.2      43     0   0   0   0      27.182   -87.411
0598   149.3  -999.0   -999.00   -999.0    -999   108     6.09     -5.79      1.89    13  -999.0    -999     0   0   0   0    -999.000  -999.000
0599   149.5  1002.0     27.95     75.3      38   108     6.08     -5.79      1.87    13     0.2      38     0   0   0   0      27.182   -87.411
0600   149.8  -999.0   -999.00   -999.0    -999   108     6.08     -5.79      1.85    13  -999.0    -999     0   0   0   0    -999.000  -999.000
0601   150.0  1002.5     28.00     75.2      34   108     6.08     -5.80      1.83    13     0.2      34     0   0   0   0      27.182   -87.411
0602   150.3  -999.0   -999.00   -999.0    -999   107     6.08     -5.80      1.81    13  -999.0    -999     0   0   0   0    -999.000  -999.000
0603   150.5  1003.0     28.04     75.2      29   107     6.07     -5.80      1.79    13     0.1      29     0   0   0   0      27.182   -87.411
0604   150.8  -999.0   -999.00   -999.0    -999   107     6.06     -5.79      1.77    13  -999.0    -999     0   0   0   0    -999.000  -999.000
0605   151.0  1003.6     28.09     75.2      24   107     6.05     -5.79      1.75    13     0.1      24     0   0   0   0      27.182   -87.411
0606   151.3  -999.0   -999.00   -999.0    -999   106     6.03     -5.78      1.71    12  -999.0    -999     0   0   0   0    -999.000  -999.000
0607   151.5  1004.1     28.14     75.2      19   106     6.00     -5.77      1.66    13     0.0      19     0   0   0   0      27.182   -87.411
0608   151.8  -999.0   -999.00   -999.0    -999   105     5.95     -5.73      1.59    13  -999.0    -999     0   0   0   0    -999.000  -999.000
0609   152.0  1004.7     28.19     75.3      14   105     5.88     -5.69      1.49    13    -0.0      14     0   0   0   0      27.182   -87.411
0610   152.3  -999.0   -999.00   -999.0    -999   104     5.79     -5.62      1.39    12  -999.0    -999     0   0   0   0    -999.000  -999.000
0611   152.5  1005.4     28.24     75.3       8   103     5.69     -5.55      1.28    13    -0.0       8     0   0   0   0      27.182   -87.411
0612   152.8  -999.0   -999.00   -999.0    -999   104     5.79     -5.61      1.44    13  -999.0    -999     0   0   0   0    -999.000  -999.000
0613   153.3  1006.3     28.27     75.4       0  -999  -999.00   -999.00   -999.00  -999  -999.0       0     0   0   0   0    -999.000  -999.000
