 ===========================================================================
 DROPWINDSONDE PROCESSING RECORD                            Sonde: 983340017
 PDS file written Aug 23, 2005.                             Format:    V6.03
 Aircraft: AFRES C-130                       Date: 990830   Time: 022155 UTC
 ---------------------------------------------------------------------------
 Bias corrections:  PR =    .0 mb  TE =    .0 C  RH =    .0 %  PRB =   .0 mb
 Filters (LPF):     PTH =   5 s    WIND =   5 s       Hyd anchor =       SFC
 Dyn RH correction =  N     WSHR COR =      Y         Splash PR  =  962.0 mb
 Estimated PR used =  N     GPS VERR =    .54 m/s     HYD SFCP   =  961.8 mb
 Dyn T correction  =  Y     WGACORR  =   -1.9 m       AC GA ADJ  =     .0 m
 ---------------------------------------------------------------------------
 COMMENTS: Eye. rmvd fl t,td. rh2. rh doubtful.                        
 ===========================================================================

 ==============================================================================
 Date: 990830   Lat:  32.26 N   TA: -999.0 C   PS:  694.0 mb   WD:    35 deg
 Time: 022155   Lon:  77.89 W   TD: -999.0 C   GA:   2841 m    WS:   1.0 m/s
 SID:  983340017                RH: -999.0 %   Navaid:   GP          
 ===========================================================================

IX      t (s)  P (mb)    T (C)    RH (%)  Z (m)   WD    WS (m/s)   U (m/s)   V (m/s)  NS  WZ (m/s)  ZW (m)   FP  FT  FH  FW   LAT (N)    LON (E)  ZW (ft)  WS (kt)  WS (mph)  THETAE (K)
0001      .2   694.6   -999.00   -999.0    -999    37      .99      -.60      -.78  -999  -999.0    -999     3   0   0   4    32.2600   -77.8900     -999     1.91      2.21     -999.00
0002      .7   695.2   -999.00   -999.0    -999    40      .97      -.62      -.75  -999  -999.0    -999     3   0   0   4    32.2600   -77.8900     -999     1.89      2.18     -999.00
0003     1.2   695.8   -999.00   -999.0    -999    42      .96      -.64      -.71  -999  -999.0    -999     3   0   0   4    32.2600   -77.8900     -999     1.87      2.16     -999.00
0004     1.7   696.5   -999.00   -999.0    -999    45      .95      -.67      -.68  -999  -999.0    -999     3   0   0   4    32.2600   -77.8900     -999     1.85      2.13     -999.00
0005     2.2   697.1   -999.00   -999.0    -999    47      .95      -.69      -.64  -999  -999.0    -999     3   0   0   4    32.2600   -77.8900     -999     1.83      2.12     -999.00
0006     2.7   697.7   -999.00   -999.0    -999    50      .94      -.72      -.61  -999  -999.0    -999     3   0   0   4    32.2600   -77.8900     -999     1.82      2.11     -999.00
0007     3.2   698.3   -999.00   -999.0    -999    52      .94      -.74      -.57  -999  -999.0    -999     3   0   0   4    32.2600   -77.8900     -999     1.82      2.10     -999.00
0008     3.7   698.9   -999.00   -999.0    -999    55      .94      -.77      -.54  -999  -999.0    -999     3   0   0   4    32.2600   -77.8900     -999     1.82      2.10     -999.00
0009     4.2   699.5   -999.00   -999.0    -999    58      .94      -.79      -.50  -999  -999.0    -999     3   0   0   4    32.2600   -77.8900     -999     1.82      2.10     -999.00
0010     4.7   700.1   -999.00   -999.0    -999    60      .94      -.82      -.47  -999  -999.0    -999     3   0   0   4    32.2600   -77.8900     -999     1.82      2.10     -999.00
0011     5.2   700.8   -999.00   -999.0    -999    63      .94      -.84      -.43  -999  -999.0    -999     3   0   0   4    32.2600   -77.8900     -999     1.83      2.11     -999.00
0012     5.7   701.4   -999.00   -999.0    -999    65      .95      -.86      -.40  -999  -999.0    -999     3   0   0   4    32.2600   -77.8900     -999     1.84      2.13     -999.00
0013     6.2   702.0   -999.00   -999.0    -999    68      .96      -.89      -.36  -999  -999.0    -999     3   0   0   4    32.2600   -77.8901     -999     1.86      2.15     -999.00
0014     6.7   702.6   -999.00   -999.0    -999    70      .97      -.91      -.32  -999  -999.0    -999     3   0   0   4    32.2600   -77.8901     -999     1.88      2.17     -999.00
0015     7.2   703.2   -999.00   -999.0    -999    73      .98      -.94      -.29  -999  -999.0    -999     3   0   0   4    32.2600   -77.8901     -999     1.90      2.20     -999.00
0016     7.7   703.8   -999.00   -999.0    -999    75      .99      -.96      -.25  -999  -999.0    -999     3   0   0   4    32.2600   -77.8901     -999     1.93      2.23     -999.00
0017     8.2   704.4   -999.00   -999.0    -999    78     1.01      -.99      -.22  -999  -999.0    -999     3   0   0   4    32.2600   -77.8901     -999     1.96      2.26     -999.00
0018     8.7   705.1   -999.00   -999.0    -999    80     1.03     -1.01      -.18  -999  -999.0    -999     3   0   0   4    32.2600   -77.8901     -999     1.99      2.30     -999.00
0019     9.2   705.7   -999.00   -999.0    -999    82     1.05     -1.03      -.15  -999  -999.0    -999     3   0   0   4    32.2600   -77.8901     -999     2.03      2.34     -999.00
0020     9.7   706.3   -999.00   -999.0    -999    84     1.07     -1.06      -.11  -999  -999.0    -999     3   0   0   4    32.2600   -77.8901     -999     2.07      2.39     -999.00
0021    10.2   706.9   -999.00   -999.0    -999    86     1.09     -1.08      -.08  -999  -999.0    -999     3   0   0   4    32.2600   -77.8901     -999     2.11      2.43     -999.00
0022    10.7   707.5   -999.00   -999.0    -999    88     1.11     -1.11      -.04  -999  -999.0    -999     3   0   0   4    32.2600   -77.8901     -999     2.15      2.48     -999.00
0023    11.2   708.1   -999.00   -999.0    -999    90     1.13     -1.13       .00  -999  -999.0    -999     3   0   0   4    32.2600   -77.8901     -999     2.20      2.54     -999.00
0024    11.7   708.7   -999.00   -999.0    -999    92     1.16     -1.16       .03  -999  -999.0    -999     3   0   0   4    32.2600   -77.8901     -999     2.25      2.59     -999.00
0025    12.2   709.4   -999.00   -999.0    -999    93     1.18     -1.18       .07  -999  -999.0    -999     3   0   0   4    32.2600   -77.8901     -999     2.30      2.65     -999.00
0026    12.7   710.0   -999.00     72.4    -999    95     1.21     -1.21       .10  -999  -999.0    -999     3   0   4   4    32.2600   -77.8902     -999     2.35      2.71     -999.00
0027    13.2   710.6   -999.00     72.1    -999    96     1.24     -1.23       .14  -999  -999.0    -999     3   0   4   4    32.2600   -77.8902     -999     2.40      2.77     -999.00
0028    13.7   711.2   -999.00     72.0    -999    98     1.27     -1.25       .17  -999  -999.0    -999     3   0   4   4    32.2600   -77.8902     -999     2.46      2.84     -999.00
0029    14.2   711.8   -999.00     71.9    -999    99     1.30     -1.28       .21  -999  -999.0    -999     3   0   4   4    32.2600   -77.8902     -999     2.51      2.90     -999.00
0030    14.7   712.4   -999.00     71.8    -999   101     1.33     -1.30       .24  -999  -999.0    -999     3   0   4   4    32.2600   -77.8902     -999     2.57      2.97     -999.00
0031    15.2   713.0   -999.00     71.7    -999   102     1.36     -1.33       .28  -999  -999.0    -999     3   0   4   4    32.2600   -77.8902     -999     2.63      3.04     -999.00
0032    15.7   713.7   -999.00     71.6    -999   103     1.39     -1.35       .32  -999  -999.0    -999     3   0   4   4    32.2600   -77.8902     -999     2.69      3.11     -999.00
0033    16.2   714.3   -999.00     71.4    -999   104     1.42     -1.38       .35  -999  -999.0    -999     3   0   4   4    32.2600   -77.8902     -999     2.76      3.18     -999.00
0034    16.7   714.9   -999.00     71.3    -999   105     1.45     -1.40       .39  -999  -999.0    -999     3   0   4   4    32.2600   -77.8902     -999     2.82      3.25     -999.00
0035    17.2   715.5     16.84     71.1    2592   106     1.49     -1.42       .42  -999  -999.0    2590     0   0   4   4    32.2600   -77.8902     8497     2.88      3.33      357.85
0036    17.7   716.1     16.86     71.0    2584   108     1.52     -1.45       .46  -999  -999.0    2583     0   0   4   4    32.2600   -77.8902     8473     2.95      3.40      357.70
0037    18.2   716.7     16.90     70.9    2577   109     1.55     -1.47       .49  -999  -999.0    2575     0   0   4   4    32.2600   -77.8902     8449     3.01      3.48      357.67
0038    18.7   717.3     16.94     70.8    2570   109     1.59     -1.50       .53  -999  -999.0    2568     0   0   4   4    32.2600   -77.8902     8426     3.08      3.56      357.66
0039    19.2   717.9     16.98     70.7    2563   110     1.62     -1.52       .56  -999     -.3    2561     0   0   4   4    32.2600   -77.8903     8402     3.15      3.63      357.64
0040    19.7   718.5     17.01     70.7    2555   111     1.66     -1.55       .60  -999     -.4    2553     0   0   4   4    32.2600   -77.8903     8377     3.21      3.71      357.61
0041    20.2   719.1     17.03     70.7    2548   112     1.69     -1.57       .63  -999     -.5    2546     0   0   4   4    32.2600   -77.8903     8353     3.28      3.79      357.58
0042    20.7   719.8     17.06     70.7    2540   115     1.84     -1.67       .77  -999     -.6    2538     0   0   4   4    32.2600   -77.8903     8328     3.57      4.12      357.53
0043    21.2   720.4     17.08     70.6    2533   116     1.88     -1.70       .81  -999     -.7    2531     0   0   4   4    32.2600   -77.8903     8303     3.65      4.22      357.47
0044    21.7   721.1     17.11     70.5    2525   116     1.93     -1.73       .85  -999     -.7    2523     0   0   4   4    32.2600   -77.8903     8279     3.74      4.32      357.39
0045    22.2   721.7     17.14     70.4    2518   117     1.97     -1.75       .89  -999     -.7    2516     0   0   4   4    32.2600   -77.8903     8254     3.82      4.41      357.30
0046    22.7   722.3     17.17     70.2    2510   118     2.01     -1.78       .93  -999     -.7    2508     0   0   4   4    32.2600   -77.8903     8229     3.89      4.50      357.23
0047    23.2   723.0     17.21     70.2    2503   118     2.04     -1.79       .97  -999     -.7    2501     0   0   4   4    32.2600   -77.8903     8204     3.95      4.57      357.22
0048    23.7   723.6     17.25     70.3    2495   119     2.06     -1.80      1.00  -999     -.6    2493     0   0   4   4    32.2600   -77.8903     8180     4.00      4.62      357.28
0049    24.2   724.2     17.28     70.6    2488   120     2.08     -1.81      1.03  -999     -.6    2486     0   0   4   4    32.2600   -77.8903     8155     4.04      4.67      357.43
0050    24.7   724.9     17.31     71.0    2480   120     2.11     -1.83      1.05  -999     -.5    2478     0   0   4   4    32.2600   -77.8903     8131     4.09      4.73      357.67
0051    25.2   725.5     17.33     71.6    2473   120     2.15     -1.86      1.08  -999     -.5    2471     0   0   4   4    32.2600   -77.8903     8107     4.17      4.81      357.96
0052    25.7   726.1     17.35     72.3    2465   120     2.20     -1.91      1.11  -999     -.4    2463     0   0   4   4    32.2600   -77.8904     8082     4.28      4.94      358.28
0053    26.2   726.7     17.36     73.0    2458   120     2.28     -1.96      1.15  -999     -.4    2456     0   0   4   4    32.2600   -77.8904     8058     4.42      5.10      358.57
0054    26.7   727.3     17.37     73.6    2451   121     2.35     -2.02      1.21  -999     -.3    2449     0   0   4   4    32.2600   -77.8904     8034     4.57      5.27      358.81
0055    27.2   728.0     17.37     74.1    2443   122     2.42     -2.06      1.27  -999     -.3    2442     0   0   4   4    32.2600   -77.8904     8010     4.69      5.42      358.96
0056    27.7   728.6     17.37     74.4    2436   123     2.45     -2.06      1.33  -999     -.3    2434     0   0   4   4    32.2600   -77.8904     7987     4.76      5.50      359.03
0057    28.2   729.2     17.38     74.6    2429   124     2.44     -2.02      1.38  -999     -.3    2427     0   0   4   4    32.2601   -77.8904     7963     4.74      5.47      359.03
0058    28.7   729.8     17.39     74.7    2422   126     2.37     -1.93      1.39     4     -.3    2420     0   0   4   0    32.2601   -77.8904     7939     4.61      5.32      358.98
0059    29.2   730.4     17.40     74.7    2414   127     2.26     -1.80      1.36     4     -.3    2413     0   0   4   0    32.2601   -77.8904     7915     4.38      5.06      358.93
0060    29.7   731.1     17.42     74.7    2407   127     2.10     -1.68      1.26     4     -.4    2405     0   0   4   0    32.2601   -77.8904     7891     4.08      4.71      358.88
0061    30.2   731.7     17.44     74.8    2400   125     1.94     -1.59      1.11     4     -.4    2398     0   0   4   0    32.2601   -77.8904     7867     3.77      4.35      358.87
0062    30.7   732.3     17.46     74.9    2392   120     1.81     -1.57       .91     4     -.5    2391     0   0   4   0    32.2601   -77.8904     7843     3.52      4.06      358.88
0063    31.2   732.9     17.48     75.0    2385   112     1.76     -1.63       .66     4     -.5    2383     0   0   4   0    32.2601   -77.8904     7819     3.40      3.93      358.92
0064    31.7   733.6     17.50     75.2    2378   103     1.80     -1.76       .40     4     -.6    2376     0   0   4   0    32.2601   -77.8904     7794     3.50      4.04      358.96
0065    32.2   734.2     17.52     75.4    2370    94     1.95     -1.94       .15     4     -.6    2368     0   0   4   0    32.2601   -77.8904     7770     3.77      4.36      359.00
0066    32.7   734.8     17.54     75.5    2363    88     2.13     -2.13      -.06     4     -.7    2361     0   0   4   0    32.2601   -77.8905     7746     4.14      4.78      359.02
0067    33.2   735.5     17.56     75.6    2355    85     2.31     -2.30      -.21     5     -.7    2353     0   0   4   0    32.2601   -77.8905     7721     4.47      5.16      359.02
0068    33.7   736.1     17.58     75.6    2348    83     2.42     -2.40      -.29     5     -.7    2346     0   0   4   0    32.2601   -77.8905     7697     4.69      5.41      358.99
0069    34.2   736.8     17.60     75.6    2340    83     2.45     -2.43      -.29     5     -.7    2338     0   0   4   0    32.2601   -77.8905     7672     4.75      5.48      358.95
0070    34.7   737.4     17.63     75.5    2333    85     2.41     -2.40      -.22     5     -.7    2331     0   0   4   0    32.2601   -77.8905     7648     4.67      5.40      358.88
0071    35.2   738.1     17.67     75.3    2325    88     2.33     -2.33      -.10     5     -.8    2324     0   0   4   0    32.2601   -77.8905     7623     4.52      5.22      358.79
0072    35.7   738.7     17.71     75.1    2318    92     2.25     -2.25       .07     5     -.8    2316     0   0   4   0    32.2601   -77.8905     7599     4.36      5.03      358.68
0073    36.2   739.3     17.75     74.8    2310    96     2.20     -2.18       .25     5     -.8    2309     0   0   4   0    32.2601   -77.8906     7574     4.26      4.92      358.57
0074    36.7   740.0     17.80     74.5    2303   101     2.19     -2.15       .42     5     -.8    2301     0   0   4   0    32.2601   -77.8906     7550     4.26      4.92      358.44
0075    37.2   740.6     17.85     74.1    2296   105     2.23     -2.16       .58     5     -.9    2294     0   0   4   0    32.2601   -77.8906     7525     4.33      5.00      358.33
0076    37.7   741.3     17.90     73.8    2288   108     2.29     -2.18       .71     5     -.9    2286     0   0   4   0    32.2601   -77.8906     7500     4.45      5.13      358.23
0077    38.2   741.9     17.95     73.6    2280   110     2.35     -2.21       .81     5     -.9    2279     0   0   4   0    32.2601   -77.8906     7476     4.56      5.26      358.16
0078    38.7   742.6     18.00     73.4    2273   112     2.39     -2.22       .88     5    -1.0    2271     0   0   4   0    32.2601   -77.8906     7451     4.64      5.36      358.12
0079    39.2   743.2     18.04     73.3    2265   113     2.42     -2.23       .93     5    -1.0    2263     0   0   4   0    32.2601   -77.8906     7426     4.69      5.41      358.12
0080    39.7   743.9     18.09     73.3    2258   114     2.42     -2.22       .97     5    -1.0    2256     0   0   4   0    32.2601   -77.8907     7401     4.70      5.43      358.13
0081    40.2   744.6     18.14     73.2    2250   114     2.43     -2.21      1.00     5    -1.0    2248     0   0   4   0    32.2601   -77.8907     7376     4.71      5.44      358.16
0082    40.7   745.2     18.18     73.2    2242   115     2.44     -2.21      1.02     5     -.9    2241     0   0   4   0    32.2601   -77.8907     7351     4.72      5.45      358.18
0083    41.2   745.9     18.23     73.1    2235   115     2.45     -2.22      1.05     5     -.9    2233     0   0   4   0    32.2601   -77.8907     7326     4.76      5.49      358.19
0084    41.7   746.5     18.28     73.0    2227   115     2.47     -2.23      1.06     5     -.9    2226     0   0   4   0    32.2601   -77.8907     7302     4.79      5.54      358.21
0085    42.2   747.2     18.33     73.0    2220   115     2.49     -2.25      1.06     5     -.9    2218     0   0   4   0    32.2601   -77.8907     7277     4.82      5.57      358.23
0086    42.7   747.8     18.37     72.9    2213   115     2.48     -2.26      1.04     5     -.9    2211     0   0   4   0    32.2601   -77.8907     7253     4.82      5.57      358.27
0087    43.2   748.5     18.41     73.0    2205   114     2.46     -2.25      1.00     5    -1.0    2203     0   0   4   0    32.2601   -77.8908     7228     4.77      5.51      358.35
0088    43.7   749.1     18.45     73.2    2198   113     2.41     -2.21       .94     5    -1.1    2196     0   0   4   0    32.2601   -77.8908     7204     4.67      5.39      358.47
0089    44.2   749.8     18.49     73.4    2190   112     2.34     -2.17       .87     5    -1.2    2188     0   0   4   0    32.2601   -77.8908     7179     4.54      5.24      358.62
0090    44.7   750.5     18.51     73.8    2182   110     2.26     -2.12       .79     5    -1.2    2180     0   0   4   0    32.2601   -77.8908     7153     4.38      5.06      358.78
0091    45.2   751.1     18.54     74.1    2174   109     2.19     -2.07       .70     5    -1.3    2173     0   0   4   0    32.2602   -77.8908     7128     4.24      4.90      358.94
0092    45.7   751.8     18.56     74.5    2167   107     2.13     -2.04       .61     5    -1.3    2165     0   0   4   0    32.2602   -77.8908     7102     4.13      4.76      359.08
0093    46.2   752.5     18.57     74.8    2159   105     2.08     -2.01       .54     5    -1.3    2157     0   0   4   0    32.2602   -77.8908     7077     4.04      4.67      359.20
0094    46.7   753.2     18.59     75.1    2151   103     2.06     -2.00       .48     5    -1.3    2149     0   0   4   0    32.2602   -77.8908     7051     4.00      4.61      359.27
0095    47.2   753.8     18.60     75.3    2143   102     2.05     -2.00       .44     5    -1.2    2142     0   0   4   0    32.2602   -77.8908     7026     3.98      4.59      359.31
0096    47.7   754.5     18.61     75.4    2136   102     2.05     -2.01       .42     5    -1.2    2134     0   0   4   0    32.2602   -77.8908     7001     3.99      4.60      359.31
0097    48.2   755.2     18.63     75.5    2128   101     2.07     -2.03       .40     5    -1.2    2126     0   0   4   0    32.2602   -77.8909     6977     4.02      4.64      359.30
0098    48.7   755.8     18.66     75.5    2121   101     2.10     -2.06       .39     5    -1.2    2119     0   0   4   0    32.2602   -77.8909     6952     4.07      4.70      359.27
0099    49.2   756.5     18.69     75.4    2113   100     2.14     -2.10       .37     5    -1.2    2111     0   0   4   0    32.2602   -77.8909     6927     4.14      4.79      359.23
0100    49.7   757.2     18.72     75.3    2106    99     2.18     -2.16       .33     5    -1.2    2104     0   0   4   0    32.2602   -77.8909     6902     4.23      4.89      359.19
0101    50.2   757.8     18.77     75.2    2098    96     2.23     -2.21       .25     5    -1.2    2096     0   0   4   0    32.2602   -77.8909     6877     4.32      4.99      359.15
0102    50.7   758.5     18.81     75.1    2090    93     2.27     -2.26       .12     5    -1.2    2088     0   0   4   0    32.2602   -77.8909     6852     4.40      5.08      359.13
0103    51.2   759.2     18.86     74.9    2083    89     2.30     -2.30      -.05     5    -1.1    2081     0   0   4   0    32.2602   -77.8909     6827     4.46      5.15      359.11
0104    51.7   759.9     18.91     74.8    2075    83     2.32     -2.30      -.27     5    -1.1    2073     0   0   4   3    32.2602   -77.8909     6802     4.50      5.20      359.12
0105    52.2   760.5     18.96     74.8    2067    78     2.34     -2.29      -.50     5    -1.1    2066     0   0   4   0    32.2602   -77.8910     6777     4.54      5.24      359.16
0106    52.7   761.2     19.00     74.8    2060    72     2.37     -2.25      -.74     5    -1.0    2058     0   0   4   0    32.2602   -77.8910     6752     4.59      5.30      359.21
0107    53.2   761.8     19.03     74.9    2053    67     2.40     -2.20      -.94     5    -1.0    2051     0   0   4   0    32.2602   -77.8910     6728     4.65      5.37      359.28
0108    53.7   762.5     19.06     75.1    2045    63     2.42     -2.16     -1.09     5     -.9    2043     0   0   4   0    32.2602   -77.8910     6703     4.70      5.42      359.35
0109    54.2   763.2     19.07     75.3    2038    61     2.43     -2.13     -1.17     5     -.9    2036     0   0   4   0    32.2601   -77.8910     6679     4.72      5.45      359.42
0110    54.7   763.8     19.09     75.5    2030    61     2.42     -2.12     -1.18     5     -.9    2028     0   0   4   0    32.2601   -77.8910     6655     4.70      5.43      359.48
0111    55.2   764.5     19.10     75.7    2023    62     2.39     -2.11     -1.13     5    -1.0    2021     0   0   4   0    32.2601   -77.8910     6630     4.64      5.36      359.51
0112    55.7   765.1     19.11     75.9    2015    64     2.34     -2.10     -1.04     5    -1.0    2013     0   0   4   0    32.2601   -77.8910     6606     4.54      5.24      359.53
0113    56.2   765.8     19.13     76.0    2008    66     2.26     -2.07      -.92     5    -1.0    2006     0   0   4   0    32.2601   -77.8910     6581     4.39      5.07      359.54
0114    56.7   766.5     19.15     76.1    2000    68     2.17     -2.01      -.81     5    -1.0    1998     0   0   4   0    32.2601   -77.8910     6556     4.21      4.86      359.53
0115    57.2   767.1     19.18     76.1    1993    70     2.06     -1.93      -.72     5    -1.1    1991     0   0   4   0    32.2601   -77.8911     6532     3.99      4.61      359.52
0116    57.7   767.8     19.21     76.1    1985    71     1.94     -1.83      -.64     5    -1.1    1983     0   0   4   0    32.2601   -77.8911     6507     3.76      4.34      359.52
0117    58.2   768.5     19.24     76.1    1978    71     1.83     -1.74      -.58     5    -1.1    1976     0   0   4   0    32.2601   -77.8911     6482     3.55      4.10      359.52
0118    58.7   769.1     19.28     76.1    1970    73     1.75     -1.67      -.52     5    -1.1    1968     0   0   4   0    32.2601   -77.8911     6458     3.39      3.92      359.52
0119    59.2   769.8     19.32     76.0    1963    75     1.71     -1.65      -.45     5    -1.1    1961     0   0   4   0    32.2601   -77.8911     6433     3.31      3.83      359.52
0120    59.7   770.5     19.36     75.9    1955    78     1.72     -1.68      -.36     5    -1.1    1953     0   0   4   0    32.2601   -77.8911     6408     3.33      3.85      359.50
0121    60.2   771.2     19.40     75.8    1948    82     1.78     -1.76      -.25     5    -1.0    1946     0   0   4   0    32.2601   -77.8911     6384     3.46      3.99      359.47
0122    60.7   771.8     19.44     75.7    1940    86     1.89     -1.89      -.14     5    -1.0    1938     0   0   4   0    32.2601   -77.8911     6359     3.67      4.24      359.42
0123    61.2   772.5     19.48     75.5    1933    89     2.03     -2.03      -.04     5     -.9    1931     0   0   4   3    32.2601   -77.8911     6334     3.93      4.54      359.35
0124    61.7   773.2     19.53     75.2    1925    91     2.16     -2.16       .04     5     -.9    1923     0   0   4   0    32.2601   -77.8911     6310     4.20      4.84      359.25
0125    62.2   773.8     19.58     74.9    1918    93     2.28     -2.27       .10     5     -.8    1916     0   0   4   0    32.2601   -77.8911     6286     4.41      5.10      359.13
0126    62.7   774.5     19.63     74.5    1910    93     2.35     -2.35       .13     5     -.8    1909     0   0   4   0    32.2601   -77.8912     6262     4.56      5.26      359.00
0127    63.2   775.1     19.69     74.2    1903    93     2.37     -2.37       .13     5     -.8    1901     0   0   4   3    32.2601   -77.8912     6238     4.61      5.32      358.87
0128    63.7   775.8     19.74     73.8    1896    93     2.35     -2.35       .12     5     -.8    1894     0   0   4   3    32.2601   -77.8912     6214     4.56      5.27      358.76
0129    64.2   776.4     19.80     73.5    1889    92     2.29     -2.29       .10     5     -.8    1887     0   0   4   3    32.2601   -77.8912     6190     4.44      5.13      358.69
0130    64.7   777.1     19.86     73.3    1881    92     2.20     -2.20       .09     5     -.8    1879     0   0   4   0    32.2601   -77.8912     6166     4.27      4.93      358.66
0131    65.2   777.8     19.91     73.1    1874    92     2.10     -2.09       .08     5     -.8    1872     0   0   4   0    32.2601   -77.8912     6142     4.07      4.70      358.66
0132    65.7   778.4     19.96     73.1    1866    92     1.99     -1.99       .08     5     -.9    1865     0   0   4   0    32.2601   -77.8912     6117     3.86      4.46      358.70
0133    66.2   779.1     20.01     73.0    1859    93     1.89     -1.89       .09     5     -.9    1857     0   0   4   0    32.2601   -77.8912     6093     3.68      4.24      358.76
0134    66.7   779.8     20.06     73.0    1852    93     1.82     -1.82       .09     5     -.9    1850     0   0   4   0    32.2601   -77.8913     6069     3.53      4.08      358.81
0135    67.2   780.4     20.11     73.0    1844    93     1.78     -1.78       .08     5     -.9    1842     0   0   4   3    32.2601   -77.8913     6045     3.45      3.98      358.85
0136    67.7   781.1     20.15     72.9    1837    92     1.77     -1.77       .05     5     -.9    1835     0   0   4   0    32.2601   -77.8913     6021     3.43      3.96      358.87
0137    68.2   781.8     20.20     72.8    1830    90     1.79     -1.79       .00     5     -.9    1828     0   0   4   0    32.2601   -77.8913     5996     3.48      4.02      358.87
0138    68.7   782.4     20.24     72.7    1822    88     1.85     -1.85      -.07     5     -.9    1820     0   0   4   0    32.2601   -77.8913     5972     3.59      4.14      358.86
0139    69.2   783.1     20.28     72.7    1815    86     1.93     -1.93      -.15     5     -.9    1813     0   0   4   0    32.2601   -77.8913     5948     3.75      4.33      358.85
0140    69.7   783.8     20.32     72.7    1807    83     2.03     -2.02      -.23     5     -.8    1806     0   0   4   0    32.2601   -77.8913     5924     3.95      4.56      358.87
0141    70.2   784.4     20.35     72.7    1800    82     2.14     -2.12      -.31     5     -.8    1798     0   0   4   0    32.2601   -77.8913     5900     4.15      4.79      358.93
0142    70.7   785.1     20.38     72.9    1793    80     2.24     -2.20      -.38     5     -.8    1791     0   0   4   0    32.2601   -77.8913     5876     4.34      5.01      359.02
0143    71.2   785.7     20.40     73.1    1785    79     2.31     -2.27      -.44     5     -.7    1784     0   0   4   0    32.2601   -77.8913     5852     4.49      5.18      359.14
0144    71.7   786.4     20.43     73.4    1778    78     2.37     -2.32      -.48     5     -.7    1776     0   0   4   3    32.2601   -77.8913     5828     4.59      5.30      359.27
0145    72.2   787.1     20.45     73.7    1771    78     2.39     -2.33      -.51     5     -.7    1769     0   0   4   3    32.2601   -77.8914     5804     4.63      5.35      359.41
0146    72.7   787.7     20.47     74.0    1764    77     2.38     -2.32      -.53     5     -.6    1762     0   0   4   3    32.2601   -77.8914     5780     4.62      5.34      359.54
0147    73.2   788.4     20.49     74.2    1757    77     2.36     -2.29      -.54     5     -.6    1755     0   0   4   0    32.2601   -77.8914     5757     4.57      5.28      359.64
0148    73.7   789.0     20.51     74.4    1749    76     2.32     -2.25      -.56     5     -.7    1748     0   0   4   0    32.2601   -77.8914     5733     4.50      5.20      359.73
0149    74.2   789.7     20.53     74.6    1742    75     2.29     -2.21      -.60     5     -.7    1740     0   0   4   0    32.2601   -77.8914     5710     4.44      5.12      359.80
0150    74.7   790.3     20.55     74.7    1735    73     2.27     -2.18      -.65     5     -.7    1733     0   0   4   0    32.2601   -77.8914     5686     4.41      5.09      359.85
0151    75.2   791.0     20.58     74.9    1728    72     2.28     -2.16      -.72     5     -.7    1726     0   0   4   0    32.2601   -77.8915     5662     4.42      5.11      359.89
0152    75.7   791.7     20.60     74.9    1720    70     2.32     -2.18      -.79     5     -.8    1719     0   0   4   0    32.2601   -77.8915     5638     4.50      5.20      359.92
0153    76.2   792.3     20.63     75.0    1713    69     2.39     -2.23      -.87     5     -.7    1711     0   0   4   0    32.2601   -77.8915     5614     4.64      5.36      359.95
0154    76.7   793.0     20.66     75.0    1706    68     2.49     -2.30      -.94     5     -.7    1704     0   0   4   0    32.2601   -77.8915     5590     4.82      5.57      359.96
0155    77.2   793.7     20.70     75.0    1699    68     2.59     -2.39      -.98     5     -.7    1697     0   0   4   0    32.2601   -77.8915     5566     5.02      5.79      359.97
0156    77.7   794.3     20.73     74.9    1691    68     2.68     -2.48     -1.01     5     -.7    1689     0   0   4   0    32.2601   -77.8915     5543     5.19      6.00      359.96
0157    78.2   795.0     20.78     74.8    1684    69     2.74     -2.55     -1.00     5     -.6    1682     0   0   4   0    32.2601   -77.8915     5519     5.32      6.15      359.94
0158    78.7   795.6     20.82     74.7    1677    69     2.78     -2.60      -.98     5     -.6    1675     0   0   4   3    32.2600   -77.8916     5496     5.39      6.22      359.92
0159    79.2   796.3     20.87     74.5    1670    70     2.77     -2.60      -.96     5     -.6    1668     0   0   4   0    32.2600   -77.8916     5472     5.38      6.21      359.89
0160    79.7   796.9     20.92     74.4    1663    70     2.73     -2.57      -.94     5     -.6    1661     0   0   4   0    32.2600   -77.8916     5449     5.30      6.12      359.88
0161    80.2   797.6     20.97     74.2    1656    70     2.66     -2.50      -.93     5     -.6    1654     0   0   4   3    32.2600   -77.8916     5425     5.17      5.97      359.87
0162    80.7   798.3     21.03     74.1    1648    69     2.58     -2.41      -.94     5     -.7    1646     0   0   4   0    32.2600   -77.8916     5402     5.01      5.79      359.87
0163    81.2   798.9     21.08     73.9    1641    68     2.51     -2.32      -.96     5     -.7    1639     0   0   4   0    32.2600   -77.8916     5378     4.86      5.61      359.86
0164    81.7   799.6     21.13     73.7    1634    66     2.44     -2.23      -.99     5     -.7    1632     0   0   4   0    32.2600   -77.8917     5354     4.74      5.47      359.85
0165    82.2   800.3     21.18     73.6    1627    65     2.40     -2.18     -1.01     5     -.8    1625     0   0   4   0    32.2600   -77.8917     5330     4.66      5.38      359.83
0166    82.7   800.9     21.24     73.4    1619    64     2.38     -2.15     -1.03     5     -.8    1617     0   0   4   0    32.2600   -77.8917     5307     4.62      5.34      359.80
0167    83.2   801.6     21.29     73.2    1612    65     2.38     -2.15     -1.02     5     -.8    1610     0   0   4   0    32.2600   -77.8917     5283     4.63      5.34      359.77
0168    83.7   802.3     21.34     73.0    1605    66     2.40     -2.19     -1.00     5     -.8    1603     0   0   4   0    32.2600   -77.8917     5259     4.66      5.38      359.75
0169    84.2   802.9     21.40     72.8    1598    67     2.43     -2.24      -.95     5     -.8    1596     0   0   4   0    32.2600   -77.8917     5236     4.72      5.45      359.74
0170    84.7   803.6     21.45     72.7    1590    69     2.46     -2.29      -.90     5     -.8    1589     0   0   4   0    32.2600   -77.8917     5212     4.78      5.51      359.76
0171    85.2   804.3     21.50     72.6    1583    70     2.49     -2.34      -.85     5     -.8    1581     0   0   4   0    32.2600   -77.8917     5188     4.83      5.57      359.77
0172    85.7   804.9     21.56     72.5    1576    71     2.50     -2.37      -.80     5     -.8    1574     0   0   4   0    32.2600   -77.8918     5165     4.86      5.61      359.78
0173    86.2   805.6     21.61     72.3    1569    72     2.50     -2.38      -.76     5     -.8    1567     0   0   4   3    32.2600   -77.8918     5141     4.85      5.60      359.74
0174    86.7   806.3     21.66     72.0    1562    73     2.49     -2.38      -.73     5     -.8    1560     0   0   4   0    32.2600   -77.8918     5117     4.82      5.57      359.66
0175    87.2   806.9     21.71     71.7    1554    74     2.46     -2.36      -.70     5     -.8    1552     0   0   4   3    32.2600   -77.8918     5093     4.77      5.51      359.53
0176    87.7   807.6     21.76     71.3    1547    74     2.43     -2.34      -.66     5     -.8    1545     0   0   4   0    32.2600   -77.8918     5069     4.72      5.45      359.36
0177    88.2   808.3     21.80     70.9    1540    75     2.41     -2.33      -.62     5     -.8    1538     0   0   4   0    32.2600   -77.8918     5046     4.67      5.39      359.18
0178    88.7   808.9     21.84     70.7    1533    76     2.40     -2.33      -.57     5     -.7    1531     0   0   4   0    32.2600   -77.8919     5022     4.65      5.37      359.04
0179    89.2   809.6     21.88     70.5    1525    78     2.40     -2.35      -.52     5     -.7    1524     0   0   4   0    32.2600   -77.8919     4999     4.66      5.39      358.98
0180    89.7   810.3     21.92     70.5    1518    79     2.43     -2.38      -.47     5     -.7    1516     0   0   4   0    32.2600   -77.8919     4975     4.71      5.44      359.00
0181    90.2   810.9     21.94     70.7    1511    80     2.47     -2.43      -.43     5     -.8    1509     0   0   4   0    32.2600   -77.8919     4952     4.79      5.54      359.11
0182    90.7   811.6     21.96     71.0    1504    81     2.53     -2.49      -.40     5     -.8    1502     0   0   4   0    32.2600   -77.8919     4928     4.90      5.66      359.29
0183    91.2   812.3     21.98     71.5    1497    81     2.59     -2.56      -.39     5     -.8    1495     0   0   4   3    32.2600   -77.8919     4904     5.03      5.81      359.50
0184    91.7   813.0     21.99     71.9    1490    82     2.67     -2.64      -.39     5     -.9    1488     0   0   4   0    32.2600   -77.8919     4881     5.18      5.98      359.69
0185    92.2   813.6     22.00     72.2    1482    82     2.75     -2.72      -.40     5    -1.0    1480     0   0   4   0    32.2600   -77.8920     4857     5.34      6.17      359.81
0186    92.7   814.3     22.00     72.5    1475    82     2.84     -2.81      -.42     5    -1.0    1473     0   0   4   0    32.2600   -77.8920     4833     5.52      6.37      359.86
0187    93.2   815.0     22.01     72.5    1468    82     2.93     -2.90      -.43     5    -1.0    1466     0   0   4   0    32.2600   -77.8920     4809     5.69      6.57      359.82
0188    93.7   815.7     22.02     72.5    1460    82     3.01     -2.98      -.44     5    -1.0    1458     0   0   4   0    32.2600   -77.8920     4784     5.84      6.74      359.71
0189    94.2   816.4     22.03     72.4    1453    81     3.05     -3.01      -.45     5    -1.0    1451     0   0   4   0    32.2599   -77.8920     4760     5.91      6.83      359.57
0190    94.7   817.1     22.05     72.3    1445    81     3.04     -3.00      -.45     5     -.9    1444     0   0   4   0    32.2599   -77.8920     4736     5.89      6.80      359.43
0191    95.2   817.8     22.07     72.2    1438    81     2.96     -2.93      -.45     5     -.8    1436     0   0   4   0    32.2599   -77.8921     4712     5.74      6.63      359.33
0192    95.7   818.4     22.09     72.2    1431    81     2.82     -2.79      -.45     5     -.7    1429     0   0   4   0    32.2599   -77.8921     4689     5.48      6.33      359.29
0193    96.2   819.1     22.11     72.3    1424    80     2.64     -2.61      -.45     5     -.7    1422     0   0   4   0    32.2599   -77.8921     4666     5.13      5.92      359.31
0194    96.7   819.8     22.13     72.5    1417    79     2.45     -2.41      -.46     5     -.6    1415     0   0   4   0    32.2599   -77.8921     4642     4.76      5.50      359.38
0195    97.2   820.4     22.14     72.7    1410    77     2.29     -2.24      -.50     5     -.6    1408     0   0   4   0    32.2599   -77.8921     4619     4.44      5.13      359.49
0196    97.7   821.1     22.15     73.1    1403    76     2.19     -2.12      -.55     5     -.5    1401     0   0   4   0    32.2599   -77.8921     4596     4.24      4.90      359.62
0197    98.2   821.7     22.15     73.5    1396    74     2.16     -2.07      -.61     5     -.5    1394     0   0   4   0    32.2599   -77.8921     4573     4.19      4.84      359.75
0198    98.7   822.4     22.14     73.9    1389    72     2.21     -2.11      -.68     5     -.5    1387     0   0   4   0    32.2599   -77.8921     4550     4.29      4.96      359.87
0199    99.2   823.1     22.13     74.4    1382    72     2.32     -2.20      -.73     5     -.5    1380     0   0   4   0    32.2599   -77.8922     4527     4.50      5.19      359.96
0200    99.7   823.7     22.11     74.8    1375    72     2.44     -2.32      -.76     5     -.5    1373     0   0   4   0    32.2599   -77.8922     4504     4.73      5.47      360.03
0201   100.2   824.4     22.09     75.1    1368    73     2.55     -2.44      -.73     5     -.5    1366     0   0   4   3    32.2599   -77.8922     4481     4.94      5.70      360.06
0202   100.7   825.1     22.07     75.5    1360    75     2.61     -2.52      -.66     5     -.5    1359     0   0   4   0    32.2599   -77.8922     4457     5.06      5.85      360.07
0203   101.2   825.7     22.06     75.7    1353    78     2.63     -2.57      -.56     5     -.4    1352     0   0   4   0    32.2599   -77.8922     4434     5.10      5.89      360.06
0204   101.7   826.4     22.06     75.9    1347    81     2.61     -2.58      -.43     5     -.4    1345     0   0   4   0    32.2599   -77.8922     4412     5.07      5.85      360.03
0205   102.2   827.1     22.06     76.0    1340    83     2.59     -2.57      -.31     5     -.3    1338     0   0   4   0    32.2599   -77.8922     4389     5.02      5.80      359.99
0206   102.7   827.7     22.08     76.0    1333    85     2.58     -2.57      -.22     5     -.2    1331     0   0   4   0    32.2599   -77.8923     4366     5.01      5.78      359.94
0207   103.2   828.4     22.10     76.0    1326    86     2.61     -2.60      -.18     5     -.2    1324     3   3   4   0    32.2599   -77.8923     4344     5.06      5.84      359.89
0208   103.7   829.0     22.12     75.9    1319    86     2.67     -2.67      -.19     5     -.1    1317     0   0   4   0    32.2599   -77.8923     4321     5.18      5.99      359.84
0209   104.2   829.7     22.15     75.8    1312    85     2.77     -2.76      -.22     5      .0    1310     0   0   4   0    32.2599   -77.8923     4299     5.38      6.21      359.80
0210   104.7   830.3     22.19     75.7    1305    85     2.89     -2.87      -.26     5      .0    1304     0   0   4   0    32.2599   -77.8923     4277     5.60      6.47      359.76
0211   105.2   830.9     22.22     75.6    1299    85     3.00     -2.98      -.28     5      .1    1297     0   0   4   0    32.2599   -77.8923     4255     5.81      6.71      359.72
0212   105.7   831.6     22.26     75.5    1292    85     3.08     -3.07      -.26     5      .1    1290     0   0   4   0    32.2599   -77.8923     4233     5.98      6.91      359.69
0213   106.2   832.2     22.30     75.4    1285    86     3.14     -3.13      -.20     5      .1    1284     0   0   4   0    32.2599   -77.8924     4211     6.09      7.03      359.66
0214   106.7   832.8     22.34     75.3    1279    88     3.17     -3.17      -.10     5      .1    1277     0   0   4   0    32.2599   -77.8924     4190     6.15      7.10      359.64
0215   107.2   833.5     22.38     75.2    1272    90     3.19     -3.19       .02     5      .0    1270     0   0   4   0    32.2599   -77.8924     4168     6.18      7.14      359.62
0216   107.7   834.1     22.43     75.0    1265    92     3.20     -3.20       .14     5     -.1    1264     0   0   4   0    32.2599   -77.8924     4146     6.21      7.17      359.61
0217   108.2   834.8     22.47     74.9    1259    94     3.22     -3.21       .23     5     -.2    1257     0   0   4   0    32.2599   -77.8924     4123     6.24      7.21      359.60
0218   108.7   835.4     22.52     74.7    1252    95     3.23     -3.22       .29     5     -.3    1250     0   0   4   0    32.2599   -77.8924     4101     6.27      7.24      359.59
0219   109.2   836.1     22.58     74.6    1245    95     3.24     -3.23       .31     5     -.4    1243     0   0   4   0    32.2599   -77.8925     4078     6.29      7.26      359.58
0220   109.7   836.7     22.62     74.4    1238    96     3.25     -3.23       .31     5     -.4    1236     0   0   4   0    32.2599   -77.8925     4055     6.30      7.27      359.59
0221   110.2   837.4     22.67     74.3    1231    96     3.25     -3.23       .31     5     -.5    1229     0   0   4   0    32.2599   -77.8925     4032     6.30      7.27      359.60
0222   110.7   838.1     22.72     74.3    1224    96     3.25     -3.23       .33     5     -.5    1222     0   0   4   0    32.2599   -77.8925     4009     6.30      7.27      359.63
0223   111.2   838.8     22.76     74.2    1217    96     3.26     -3.24       .37     5     -.4    1215     0   0   4   0    32.2599   -77.8925     3986     6.32      7.30      359.67
0224   111.7   839.4     22.80     74.2    1210    98     3.29     -3.26       .44     5     -.4    1208     0   0   4   0    32.2599   -77.8925     3963     6.38      7.36      359.72
0225   112.2   840.1     22.84     74.2    1203    99     3.34     -3.29       .53     5     -.3    1201     0   0   4   0    32.2599   -77.8925     3941     6.47      7.47      359.76
0226   112.7   840.7     22.88     74.2    1196   101     3.40     -3.34       .64     5     -.3    1194     0   0   4   3    32.2599   -77.8926     3919     6.59      7.61      359.78
0227   113.2   841.4     22.92     74.1    1189   102     3.46     -3.38       .74     5     -.3    1188     0   0   4   0    32.2599   -77.8926     3896     6.72      7.76      359.79
0228   113.7   842.0     22.96     74.0    1183   104     3.51     -3.41       .82     5     -.3    1181     0   0   4   0    32.2599   -77.8926     3874     6.82      7.87      359.77
0229   114.2   842.7     22.99     74.0    1176   104     3.53     -3.42       .88     5     -.3    1174     0   0   4   3    32.2599   -77.8926     3852     6.85      7.91      359.74
0230   114.7   843.4     23.03     73.9    1169   105     3.52     -3.40       .90     5     -.3    1167     0   0   4   0    32.2599   -77.8926     3829     6.83      7.88      359.70
0231   115.2   844.0     23.06     73.8    1162   105     3.47     -3.36       .89     5     -.4    1160     0   0   4   0    32.2599   -77.8926     3806     6.74      7.78      359.65
0232   115.7   844.7     23.08     73.8    1155   104     3.41     -3.30       .84     5     -.4    1153     0   0   4   0    32.2599   -77.8927     3784     6.61      7.64      359.62
0233   116.2   845.4     23.11     73.8    1148   103     3.33     -3.24       .76     5     -.4    1146     0   0   4   0    32.2599   -77.8927     3761     6.47      7.47      359.61
0234   116.7   846.0     23.13     73.8    1141   102     3.26     -3.19       .68     5     -.4    1139     0   0   4   0    32.2599   -77.8927     3738     6.32      7.30      359.61
0235   117.2   846.7     23.15     73.9    1134   101     3.18     -3.13       .58     5     -.3    1132     0   0   4   0    32.2599   -77.8927     3716     6.17      7.13      359.63
0236   117.7   847.4     23.18     73.9    1128    99     3.10     -3.06       .50     5     -.2    1126     0   0   4   0    32.2599   -77.8927     3693     6.02      6.95      359.66
0237   118.2   848.0     23.20     74.0    1121    99     3.01     -2.98       .45     5     -.2    1119     0   0   4   0    32.2599   -77.8927     3671     5.84      6.74      359.70
0238   118.7   848.7     23.22     74.1    1114    98     2.90     -2.87       .42     5     -.1    1112     0   0   4   0    32.2599   -77.8927     3649     5.63      6.50      359.74
0239   119.2   849.3     23.24     74.2    1107    99     2.78     -2.75       .43     5     -.1    1106     0   0   4   3    32.2599   -77.8928     3627     5.40      6.24      359.79
0240   119.7   850.0     23.26     74.4    1101   100     2.68     -2.63       .47     5     -.1    1099     0   0   4   0    32.2600   -77.8928     3605     5.19      5.99      359.84
0241   120.2   850.6     23.28     74.6    1094   102     2.59     -2.54       .53     5     -.1    1092     0   0   4   0    32.2600   -77.8928     3583     5.03      5.81      359.90
0242   120.7   851.3     23.28     74.8    1087   103     2.56     -2.49       .59     5     -.1    1085     0   0   4   0    32.2600   -77.8928     3561     4.97      5.74      359.97
0243   121.2   851.9     23.28     75.0    1081   105     2.58     -2.50       .65     5     -.1    1079     0   0   4   0    32.2600   -77.8928     3539     5.01      5.78      360.02
0244   121.7   852.6     23.28     75.3    1074   105     2.65     -2.56       .68     5     -.1    1072     0   0   4   0    32.2600   -77.8928     3517     5.13      5.93      360.06
0245   122.2   853.2     23.28     75.5    1067   104     2.73     -2.65       .68     5     -.1    1065     0   0   4   3    32.2600   -77.8929     3495     5.30      6.12      360.07
0246   122.7   853.9     23.28     75.7    1060   103     2.82     -2.74       .64     5     -.2    1058     0   0   4   0    32.2600   -77.8929     3473     5.46      6.31      360.05
0247   123.2   854.5     23.27     75.8    1054   101     2.87     -2.81       .57     5     -.2    1052     0   0   4   0    32.2600   -77.8929     3451     5.56      6.42      360.01
0248   123.7   855.2     23.28     75.9    1047    99     2.87     -2.83       .47     5     -.2    1045     0   0   4   0    32.2600   -77.8929     3428     5.56      6.42      359.96
0249   124.2   855.9     23.29     75.9    1040    98     2.81     -2.78       .37     5     -.1    1038     3   3   4   0    32.2600   -77.8929     3406     5.44      6.28      359.90
0250   124.7   856.5     23.30     76.0    1033    96     2.69     -2.68       .29     5     -.1    1032     0   0   4   0    32.2600   -77.8929     3384     5.23      6.03      359.85
0251   125.2   857.2     23.31     76.0    1027    95     2.56     -2.55       .22     5     -.1    1025     0   0   4   0    32.2600   -77.8929     3362     4.96      5.72      359.79
0252   125.7   857.8     23.33     76.0    1020    94     2.42     -2.41       .19     5     -.1    1018     0   0   4   0    32.2600   -77.8930     3340     4.70      5.42      359.74
0253   126.2   858.5     23.34     76.0    1013    94     2.32     -2.31       .18     5     -.1    1011     0   0   4   0    32.2600   -77.8930     3318     4.49      5.19      359.68
0254   126.7   859.1     23.36     75.9    1007    95     2.26     -2.25       .18     5     -.1    1005     0   0   4   0    32.2600   -77.8930     3296     4.38      5.06      359.59
0255   127.2   859.8     23.37     75.8    1000    95     2.26     -2.25       .19     6     -.1     998     0   0   4   3    32.2600   -77.8930     3274     4.38      5.05      359.49
0256   127.7   860.5     23.39     75.7     993    95     2.29     -2.28       .20     6     -.1     991     0   0   4   0    32.2600   -77.8930     3252     4.44      5.13      359.37
0257   128.2   861.1     23.41     75.6     987    95     2.34     -2.33       .21     5     -.1     985     0   0   4   0    32.2600   -77.8930     3230     4.54      5.25      359.26
0258   128.7   861.8     23.43     75.5     980    95     2.39     -2.38       .21     5     -.1     978     3   3   4   3    32.2600   -77.8931     3209     4.63      5.35      359.16
0259   129.2   862.4     23.46     75.4     973    95     2.41     -2.40       .23     5     -.1     971     0   0   4   0    32.2600   -77.8931     3187     4.67      5.39      359.10
0260   129.7   863.1     23.48     75.4     967    96     2.39     -2.37       .25     5     -.1     965     0   0   4   0    32.2600   -77.8931     3165     4.63      5.35      359.10
0261   130.2   863.7     23.50     75.6     960    97     2.33     -2.32       .28     5     -.1     958     0   0   4   0    32.2600   -77.8931     3143     4.53      5.23      359.15
0262   130.7   864.4     23.52     75.8     953    98     2.26     -2.23       .32     5      .0     951     0   0   4   3    32.2600   -77.8931     3121     4.38      5.05      359.27
0263   131.2   865.0     23.53     76.1     947    99     2.17     -2.14       .35     5      .0     945     0   0   4   3    32.2600   -77.8931     3099     4.20      4.85      359.43
0264   131.7   865.7     23.54     76.6     940   100     2.08     -2.05       .36     5      .0     938     0   0   4   0    32.2600   -77.8931     3078     4.03      4.66      359.64
0265   132.2   866.4     23.53     77.2     933   100     2.00     -1.97       .33     5      .0     931     0   0   4   0    32.2600   -77.8931     3056     3.88      4.48      359.90
0266   132.7   867.0     23.52     77.9     927    98     1.94     -1.92       .26     5      .0     925     0   0   4   3    32.2600   -77.8931     3034     3.75      4.34      360.19
0267   133.2   867.7     23.50     78.7     920    94     1.88     -1.88       .14     5      .0     918     0   0   4   0    32.2600   -77.8932     3012     3.65      4.22      360.51
0268   133.7   868.3     23.48     79.5     913    90     1.84     -1.84      -.01     5      .0     911     0   0   4   0    32.2600   -77.8932     2990     3.57      4.13      360.85
0269   134.2   869.0     23.44     80.5     907    84     1.81     -1.80      -.18     5      .0     905     0   0   4   0    32.2600   -77.8932     2969     3.52      4.06      361.18
0270   134.7   869.6     23.40     81.4     900    79     1.79     -1.75      -.35     5      .0     898     0   0   4   0    32.2600   -77.8932     2947     3.47      4.01      361.47
0271   135.2   870.3     23.36     82.2     893    74     1.76     -1.69      -.50     5      .0     892     0   0   4   0    32.2600   -77.8932     2925     3.42      3.95      361.71
0272   135.7   870.9     23.30     83.0     887    69     1.73     -1.62      -.61     6      .0     885     0   0   4   0    32.2600   -77.8932     2904     3.36      3.88      361.86
0273   136.2   871.6     23.25     83.7     880    66     1.70     -1.55      -.68     5      .1     878     0   0   4   0    32.2600   -77.8932     2882     3.29      3.80      361.93
0274   136.7   872.2     23.20     84.2     874    65     1.65     -1.50      -.70     6      .1     872     0   0   4   0    32.2600   -77.8932     2861     3.21      3.71      361.90
0275   137.2   872.9     23.16     84.6     867    65     1.61     -1.46      -.68     6      .1     865     0   0   4   0    32.2600   -77.8932     2839     3.13      3.61      361.81
0276   137.7   873.5     23.12     84.8     861    67     1.58     -1.45      -.63     6      .1     859     0   0   4   0    32.2600   -77.8932     2818     3.06      3.54      361.69
0277   138.2   874.2     23.10     85.0     854    70     1.56     -1.46      -.54     6      .1     852     0   0   4   3    32.2600   -77.8932     2797     3.02      3.49      361.55
0278   138.7   874.8     23.08     85.1     848    73     1.56     -1.49      -.44     5      .1     846     0   0   4   0    32.2600   -77.8932     2775     3.02      3.49      361.43
0279   139.2   875.5     23.08     85.1     841    78     1.57     -1.53      -.34     5      .1     839     0   0   4   0    32.2600   -77.8932     2754     3.04      3.52      361.33
0280   139.7   876.1     23.08     85.2     835    81     1.59     -1.57      -.24     5      .1     833     0   0   4   0    32.2600   -77.8932     2732     3.09      3.56      361.26
0281   140.2   876.8     23.09     85.2     828    84     1.61     -1.60      -.17     5      .1     826     0   0   4   0    32.2600   -77.8933     2711     3.12      3.61      361.22
0282   140.7   877.5     23.11     85.2     822    86     1.62     -1.61      -.12     5      .1     820     0   0   4   0    32.2600   -77.8933     2690     3.14      3.62      361.18
0283   141.2   878.1     23.13     85.2     815    86     1.61     -1.61      -.12     5      .1     813     0   0   4   0    32.2600   -77.8933     2668     3.12      3.61      361.15
0284   141.7   878.8     23.15     85.2     809    85     1.58     -1.58      -.14     5      .1     807     0   0   4   0    32.2600   -77.8933     2647     3.07      3.55      361.12
0285   142.2   879.4     23.18     85.2     802    83     1.54     -1.53      -.18     5      .1     800     0   0   4   0    32.2600   -77.8933     2625     3.00      3.46      361.10
0286   142.7   880.1     23.21     85.1     796    81     1.49     -1.48      -.23     5      .1     794     3   3   4   3    32.2600   -77.8933     2604     2.90      3.35      361.09
0287   143.2   880.7     23.24     85.1     789    80     1.44     -1.41      -.25     5      .1     787     0   0   4   0    32.2600   -77.8933     2582     2.79      3.22      361.10
0288   143.7   881.4     23.27     85.1     782    80     1.37     -1.35      -.24     6      .2     781     0   0   4   0    32.2600   -77.8933     2561     2.66      3.07      361.13
0289   144.2   882.0     23.30     85.2     776    81     1.30     -1.29      -.20     5      .2     774     0   0   4   0    32.2600   -77.8933     2540     2.53      2.92      361.17
0290   144.7   882.7     23.33     85.3     770    84     1.24     -1.23      -.13     6      .3     768     0   0   4   0    32.2600   -77.8933     2519     2.40      2.77      361.23
0291   145.2   883.3     23.35     85.3     763    88     1.17     -1.17      -.04     6      .3     761     0   0   4   0    32.2600   -77.8933     2498     2.27      2.62      361.30
0292   145.7   884.0     23.38     85.5     757    92     1.11     -1.11       .03     6      .3     755     0   0   4   0    32.2600   -77.8933     2477     2.15      2.48      361.38
0293   146.2   884.6     23.40     85.6     750    94     1.04     -1.04       .08     6      .3     749     0   0   4   0    32.2600   -77.8933     2456     2.01      2.33      361.45
0294   146.7   885.2     23.42     85.7     744    95      .95      -.95       .09     6      .3     742     0   0   4   0    32.2600   -77.8934     2435     1.85      2.14      361.53
0295   147.2   885.9     23.44     85.9     738    94      .85      -.85       .06     6      .2     736     0   0   4   0    32.2600   -77.8934     2414     1.66      1.91      361.62
0296   147.7   886.5     23.47     86.1     731    89      .75      -.75      -.01     6      .1     729     0   0   4   0    32.2600   -77.8934     2393     1.45      1.67      361.71
0297   148.2   887.2     23.49     86.2     725    81      .65      -.64      -.10     6      .1     723     0   0   4   0    32.2600   -77.8934     2372     1.26      1.46      361.80
0298   148.7   887.9     23.52     86.3     718    71      .58      -.55      -.19     7      .0     716     0   0   4   0    32.2600   -77.8934     2350     1.13      1.31      361.87
0299   149.2   888.5     23.56     86.3     712    62      .55      -.48      -.26     7      .0     710     0   0   4   0    32.2600   -77.8934     2329     1.06      1.23      361.92
0300   149.7   889.2     23.59     86.3     705    56      .53      -.44      -.30     7      .0     703     0   0   4   0    32.2600   -77.8934     2307     1.04      1.20      361.94
0301   150.2   889.9     23.63     86.2     699    56      .53      -.44      -.30     7      .0     697     0   0   4   3    32.2600   -77.8934     2286     1.02      1.18      361.92
0302   150.7   890.5     23.66     86.0     692    60      .52      -.45      -.26     7      .0     690     0   0   4   0    32.2600   -77.8934     2264     1.01      1.17      361.88
0303   151.2   891.2     23.70     85.9     685    68      .52      -.48      -.20     7      .0     684     0   0   4   0    32.2600   -77.8934     2243     1.01      1.17      361.82
0304   151.7   891.8     23.74     85.7     679    78      .54      -.52      -.11     7      .0     677     0   0   4   0    32.2600   -77.8934     2221     1.04      1.20      361.76
0305   152.2   892.5     23.78     85.5     672    88      .57      -.57      -.02     7      .0     671     0   0   4   0    32.2600   -77.8934     2200     1.10      1.27      361.73
0306   152.7   893.2     23.82     85.4     666    96      .61      -.61       .07     7      .0     664     0   0   4   0    32.2600   -77.8934     2179     1.19      1.37      361.72
0307   153.2   893.8     23.87     85.3     659   102      .67      -.66       .15     7      .0     657     0   0   4   0    32.2600   -77.8934     2157     1.31      1.51      361.74
0308   153.7   894.5     23.92     85.1     653   106      .75      -.72       .21     7      .0     651     0   0   4   0    32.2600   -77.8934     2136     1.45      1.67      361.78
0309   154.2   895.2     23.98     85.0     646   108      .83      -.79       .26     7      .0     644     0   0   4   0    32.2600   -77.8934     2114     1.62      1.87      361.83
0310   154.7   895.8     24.04     84.8     640   108      .93      -.88       .29     7      .0     638     0   0   4   0    32.2600   -77.8934     2093     1.80      2.08      361.86
0311   155.2   896.5     24.10     84.6     633   107     1.02      -.98       .30     7      .0     631     0   0   4   0    32.2600   -77.8934     2072     1.98      2.29      361.86
0312   155.7   897.1     24.15     84.3     627   106     1.11     -1.07       .30     7      .0     625     3   0   4   0    32.2600   -77.8934     2050     2.15      2.48      361.83
0313   156.2   897.8     24.20     84.1     620   104     1.17     -1.13       .29     6      .0     619     0   0   4   0    32.2600   -77.8934     2029     2.27      2.62      361.78
0314   156.7   898.5     24.24     83.9     614   103     1.20     -1.17       .27     6     -.1     612     0   0   4   0    32.2600   -77.8934     2008     2.33      2.69      361.70
0315   157.2   899.1     24.28     83.7     607   102     1.20     -1.17       .25     6     -.1     605     0   0   4   0    32.2600   -77.8934     1986     2.32      2.68      361.61
0316   157.7   899.8     24.31     83.5     601   102     1.17     -1.14       .23     6     -.2     599     0   0   4   0    32.2600   -77.8934     1965     2.26      2.61      361.52
0317   158.2   900.5     24.35     83.3     594   101     1.13     -1.11       .21     6     -.2     592     0   0   4   0    32.2600   -77.8934     1943     2.19      2.53      361.44
0318   158.7   901.2     24.39     83.1     587    99     1.10     -1.08       .18     6     -.2     586     0   0   4   0    32.2600   -77.8934     1921     2.13      2.46      361.37
0319   159.2   901.8     24.43     82.9     581    97     1.09     -1.08       .14     6     -.2     579     0   0   4   3    32.2600   -77.8935     1899     2.12      2.45      361.31
0320   159.7   902.5     24.48     82.6     574    95     1.13     -1.12       .10     6     -.2     572     0   0   4   0    32.2600   -77.8935     1878     2.18      2.52      361.26
0321   160.2   903.2     24.53     82.4     568    92     1.20     -1.20       .05     5     -.2     566     0   0   4   0    32.2600   -77.8935     1856     2.32      2.68      361.22
0322   160.7   903.9     24.59     82.2     561    91     1.30     -1.30       .01     5     -.2     559     0   0   4   0    32.2600   -77.8935     1835     2.52      2.91      361.18
0323   161.2   904.5     24.63     82.0     555    90     1.41     -1.41      -.01     6     -.2     553     0   0   4   0    32.2600   -77.8935     1813     2.74      3.17      361.14
0324   161.7   905.2     24.67     81.8     548    90     1.52     -1.52       .00     6     -.2     546     0   0   4   0    32.2600   -77.8935     1792     2.95      3.41      361.12
0325   162.2   905.9     24.71     81.7     541    91     1.61     -1.60       .03     7     -.3     539     0   0   4   0    32.2600   -77.8935     1770     3.11      3.60      361.09
0326   162.7   906.6     24.73     81.7     535    93     1.66     -1.66       .10     7     -.3     533     0   0   4   0    32.2600   -77.8935     1748     3.22      3.72      361.07
0327   163.2   907.3     24.76     81.7     528    97     1.69     -1.68       .19     7     -.3     526     0   0   4   0    32.2600   -77.8935     1726     3.28      3.79      361.06
0328   163.7   907.9     24.78     81.8     521   100     1.70     -1.68       .30     6     -.3     519     0   0   4   0    32.2600   -77.8935     1704     3.30      3.81      361.06
0329   164.2   908.6     24.79     81.8     515   104     1.70     -1.65       .40     7     -.2     513     0   0   4   0    32.2600   -77.8935     1683     3.30      3.81      361.07
0330   164.7   909.3     24.81     82.0     508   107     1.70     -1.62       .49     7     -.2     506     0   0   4   0    32.2600   -77.8935     1661     3.29      3.80      361.09
0331   165.2   910.0     24.82     82.1     502   109     1.69     -1.60       .55     7     -.1     500     0   0   4   0    32.2600   -77.8935     1639     3.27      3.78      361.13
0332   165.7   910.7     24.84     82.3     495   110     1.68     -1.58       .57     7     -.1     493     0   0   4   0    32.2600   -77.8936     1618     3.26      3.76      361.18
0333   166.2   911.3     24.85     82.4     489   109     1.68     -1.58       .56     6      .0     487     0   0   4   0    32.2600   -77.8936     1597     3.25      3.76      361.25
0334   166.7   912.0     24.86     82.6     482   108     1.69     -1.60       .53     7      .0     480     0   0   4   0    32.2600   -77.8936     1576     3.28      3.78      361.32
0335   167.2   912.7     24.87     82.8     476   107     1.72     -1.65       .50     7      .1     474     0   0   4   0    32.2600   -77.8936     1555     3.34      3.86      361.39
0336   167.7   913.3     24.88     83.0     469   106     1.78     -1.71       .48     7      .1     467     0   0   4   0    32.2600   -77.8936     1534     3.45      3.98      361.45
0337   168.2   914.0     24.89     83.2     463   106     1.86     -1.79       .50     7      .1     461     0   0   4   0    32.2600   -77.8936     1513     3.61      4.16      361.51
0338   168.7   914.6     24.90     83.4     457   107     1.96     -1.87       .57     7      .1     455     0   0   4   0    32.2600   -77.8936     1492     3.80      4.38      361.57
0339   169.2   915.3     24.91     83.6     450   109     2.06     -1.95       .68     7      .0     448     0   0   4   0    32.2600   -77.8936     1471     4.00      4.62      361.62
0340   169.7   916.0     24.92     83.8     444   113     2.16     -2.00       .83     7      .0     442     0   0   4   0    32.2600   -77.8936     1450     4.20      4.85      361.66
0341   170.2   916.6     24.93     84.0     437   116     2.26     -2.02      1.00     7     -.1     436     0   0   4   0    32.2600   -77.8936     1429     4.38      5.06      361.71
0342   170.7   917.3     24.94     84.2     431   120     2.33     -2.02      1.17     6     -.2     429     0   0   4   0    32.2600   -77.8936     1407     4.53      5.22      361.77
0343   171.2   918.0     24.94     84.4     424   124     2.38     -1.98      1.33     7     -.3     422     0   0   4   0    32.2600   -77.8936     1386     4.62      5.33      361.82
0344   171.7   918.7     24.95     84.6     418   127     2.40     -1.91      1.45     7     -.4     416     0   0   4   0    32.2600   -77.8936     1364     4.66      5.38      361.88
0345   172.2   919.4     24.96     84.8     411   130     2.39     -1.84      1.53     7     -.5     409     0   0   4   0    32.2600   -77.8937     1342     4.64      5.36      361.93
0346   172.7   920.1     24.98     85.0     404   131     2.36     -1.77      1.56     7     -.5     402     0   0   4   0    32.2600   -77.8937     1319     4.58      5.29      362.00
0347   173.2   920.8     25.00     85.1     397   133     2.31     -1.70      1.56     6     -.4     395     0   0   4   0    32.2600   -77.8937     1297     4.48      5.17      362.07
0348   173.7   921.5     25.02     85.3     391   133     2.25     -1.65      1.53     7     -.3     389     0   0   4   0    32.2600   -77.8937     1275     4.36      5.04      362.17
0349   174.2   922.2     25.04     85.5     384   133     2.18     -1.60      1.49     6     -.2     382     0   0   4   0    32.2601   -77.8937     1254     4.24      4.89      362.30
0350   174.7   922.9     25.07     85.7     378   133     2.12     -1.56      1.44     7     -.2     376     0   0   4   0    32.2601   -77.8937     1233     4.12      4.75      362.45
0351   175.2   923.5     25.10     85.9     371   132     2.06     -1.53      1.39     7     -.1     369     0   0   4   0    32.2601   -77.8937     1212     4.00      4.62      362.62
0352   175.7   924.2     25.12     86.2     365   132     2.01     -1.50      1.34     7     -.1     363     0   0   4   0    32.2601   -77.8937     1191     3.90      4.50      362.79
0353   176.2   924.9     25.15     86.4     358   132     1.97     -1.47      1.31     7     -.1     357     0   0   4   0    32.2601   -77.8937     1170     3.82      4.41      362.95
0354   176.7   925.5     25.17     86.6     352   131     1.94     -1.47      1.28     7     -.1     350     0   0   4   0    32.2601   -77.8937     1149     3.77      4.35      363.08
0355   177.2   926.2     25.20     86.8     345   130     1.94     -1.49      1.25     7     -.1     344     0   0   4   0    32.2601   -77.8937     1127     3.76      4.35      363.19
0356   177.7   926.9     25.22     86.9     339   129     1.96     -1.53      1.23     7     -.2     337     0   0   4   0    32.2601   -77.8937     1106     3.81      4.40      363.27
0357   178.2   927.6     25.25     86.9     332   127     2.01     -1.61      1.21     7     -.2     331     0   0   4   0    32.2601   -77.8937     1084     3.90      4.51      363.32
0358   178.7   928.3     25.29     86.9     326   125     2.08     -1.70      1.20     7     -.3     324     0   0   4   0    32.2601   -77.8938     1063     4.04      4.66      363.36
0359   179.2   929.0     25.32     86.9     319   124     2.16     -1.80      1.20     7     -.3     317     0   0   4   0    32.2601   -77.8938     1041     4.19      4.84      363.41
0360   179.7   929.7     25.36     86.9     313   123     2.23     -1.88      1.21     7     -.3     311     0   0   4   0    32.2601   -77.8938     1020     4.33      5.01      363.45
0361   180.2   930.4     25.40     86.8     306   122     2.29     -1.94      1.21     6     -.3     304     0   0   4   0    32.2601   -77.8938      998     4.44      5.12      363.50
0362   180.7   931.0     25.45     86.8     300   122     2.31     -1.96      1.21     5     -.3     298     0   0   4   0    32.2601   -77.8938      977     4.48      5.17      363.55
0363   181.2   931.7     25.49     86.7     293   121     2.30     -1.96      1.20     6     -.3     291     0   0   4   3    32.2601   -77.8938      955     4.45      5.14      363.59
0364   181.7   932.4     25.54     86.6     286   121     2.26     -1.93      1.17     6     -.3     285     0   0   4   0    32.2601   -77.8938      934     4.39      5.06      363.64
0365   182.2   933.1     25.59     86.5     280   120     2.21     -1.91      1.12     6     -.4     278     0   0   4   0    32.2601   -77.8938      912     4.30      4.96      363.71
0366   182.7   933.8     25.64     86.5     273   119     2.17     -1.90      1.06     6     -.4     271     0   0   4   0    32.2601   -77.8938      891     4.22      4.87      363.80
0367   183.2   934.5     25.69     86.5     267   117     2.15     -1.91       .99     6     -.4     265     0   0   4   0    32.2601   -77.8938      869     4.18      4.83      363.93
0368   183.7   935.2     25.74     86.6     260   115     2.17     -1.96       .92     6     -.4     258     0   0   4   0    32.2601   -77.8938      847     4.20      4.85      364.11
0369   184.2   935.9     25.79     86.7     254   113     2.21     -2.03       .87     6     -.5     252     0   0   4   0    32.2602   -77.8938      826     4.29      4.96      364.35
0370   184.7   936.6     25.84     86.9     247   112     2.28     -2.12       .84     6     -.5     245     0   0   4   0    32.2602   -77.8938      804     4.43      5.11      364.61
0371   185.2   937.3     25.88     87.2     240   111     2.36     -2.20       .84     6     -.6     238     0   0   4   0    32.2602   -77.8939      782     4.58      5.28      364.89
0372   185.7   938.0     25.93     87.4     234   111     2.42     -2.26       .87     6     -.6     232     0   0   4   0    32.2602   -77.8939      760     4.70      5.43      365.14
0373   186.2   938.7     25.97     87.6     227   112     2.46     -2.28       .93     6     -.6     225     0   0   4   0    32.2602   -77.8939      738     4.78      5.51      365.35
0374   186.7   939.4     26.01     87.8     220   114     2.47     -2.25      1.01     7     -.5     218     0   0   4   0    32.2602   -77.8939      716     4.79      5.53      365.51
0375   187.2   940.1     26.05     87.8     213   116     2.44     -2.19      1.08     7     -.5     212     0   0   4   0    32.2602   -77.8939      694     4.74      5.48      365.62
0376   187.7   940.9     26.09     87.8     207   118     2.39     -2.11      1.13     7     -.5     205     0   0   4   0    32.2602   -77.8939      672     4.64      5.36      365.69
0377   188.2   941.5     26.14     87.7     200   120     2.32     -2.02      1.15     7     -.4     198     0   0   4   0    32.2602   -77.8939      651     4.50      5.20      365.73
0378   188.7   942.2     26.19     87.5     194   120     2.23     -1.94      1.12     7     -.4     192     0   0   4   0    32.2602   -77.8939      629     4.34      5.01      365.77
0379   189.2   942.9     26.24     87.4     187   119     2.14     -1.87      1.04     7     -.4     185     0   0   4   0    32.2602   -77.8940      608     4.15      4.79      365.81
0380   189.7   943.6     26.30     87.2     181   117     2.04     -1.81       .93     7     -.4     179     0   0   4   0    32.2602   -77.8940      586     3.95      4.56      365.86
0381   190.2   944.3     26.36     87.1     174   115     1.94     -1.76       .81     7     -.4     172     0   0   4   0    32.2602   -77.8940      565     3.75      4.34      365.90
0382   190.7   945.0     26.42     86.9     168   112     1.84     -1.70       .69     7     -.4     166     0   0   4   0    32.2602   -77.8940      543     3.56      4.12      365.94
0383   191.2   945.7     26.48     86.7     161   110     1.74     -1.63       .60     7     -.4     159     0   0   4   0    32.2602   -77.8940      522     3.38      3.90      365.96
0384   191.7   946.4     26.53     86.4     154   110     1.65     -1.56       .56     6     -.5     152     0   0   4   0    32.2602   -77.8940      500     3.21      3.70      365.95
0385   192.2   947.1     26.59     86.2     148   110     1.58     -1.48       .55     6     -.5     146     0   0   4   0    32.2602   -77.8940      479     3.07      3.55      365.94
0386   192.7   947.8     26.65     85.9     141   112     1.54     -1.43       .58     6     -.5     139     0   0   4   0    32.2602   -77.8940      457     3.00      3.46      365.92
0387   193.2   948.5     26.71     85.7     134   114     1.55     -1.41       .63     6     -.5     133     0   0   4   0    32.2602   -77.8940      435     3.00      3.47      365.92
0388   193.7   949.3     26.77     85.5     128   115     1.59     -1.44       .67     6     -.5     126     0   0   4   0    32.2602   -77.8940      413     3.09      3.57      365.93
0389   194.2   950.0     26.83     85.3     121   115     1.67     -1.51       .71     6     -.4     119     0   0   4   0    32.2602   -77.8940      392     3.24      3.74      365.97
0390   194.7   950.7     26.89     85.1     115   114     1.77     -1.61       .73     6     -.4     113     0   0   4   0    32.2602   -77.8940      370     3.44      3.97      366.00
0391   195.2   951.4     26.95     84.9     108   114     1.88     -1.72       .75     6     -.4     106     0   0   4   0    32.2602   -77.8940      349     3.64      4.20      366.02
0392   195.7   952.1     27.01     84.7     102   113     1.96     -1.81       .78     5     -.3     100     0   0   4   0    32.2602   -77.8941      327     3.81      4.40      366.03
0393   196.2   952.8     27.07     84.4      95   114     2.02     -1.85       .81     5     -.3      93     0   0   4   0    32.2602   -77.8941      306     3.93      4.54      366.01
0394   196.7   953.4     27.13     84.1      89   115     2.05     -1.85       .87     6     -.4      87     0   0   4   0    32.2602   -77.8941      285     3.97      4.59      365.98
0395   197.2   954.1     27.19     83.8      82   118     2.03     -1.80       .95     6     -.4      80     0   0   4   0    32.2603   -77.8941      264     3.94      4.55      365.93
0396   197.7   954.8     27.26     83.5      76   121     2.00     -1.71      1.03     5     -.5      74     0   0   4   0    32.2603   -77.8941      242     3.88      4.47      365.89
0397   198.2   955.5     27.32     83.2      69   124     1.97     -1.62      1.11     6     -.6      67     0   0   4   0    32.2603   -77.8941      220     3.82      4.41      365.85
0398   198.7   956.3     27.38     82.9      62   127     1.97     -1.57      1.19     6     -.6      61     0   0   4   0    32.2603   -77.8941      199     3.82      4.41      365.84
0399   199.2   957.0     27.44     82.7      56   129     2.01     -1.57      1.25     6     -.7      54     0   0   4   0    32.2603   -77.8941      176     3.89      4.49      365.84
0400   199.7   957.7     27.51     82.5      49   129     2.06     -1.59      1.30     6     -.6      47     0   0   4   0    32.2603   -77.8941      154     3.99      4.61      365.85
0401   200.2   958.4     27.57     82.2      42   129     2.08     -1.61      1.32     6     -.7      40     0   0   4   0    32.2603   -77.8941      132     4.03      4.66      365.85
0402   200.7   959.2     27.63     82.0      35   130     2.06     -1.59      1.31     6     -.8      34     0   0   4   0    32.2603   -77.8941      110     4.00      4.62      365.86
0403   201.2   959.9     27.69     81.8      29   129     2.03     -1.58      1.28     7     -.8      27     0   0   4   0    32.2603   -77.8941       89     3.94      4.54      365.87
0404   201.7   960.6     27.75     81.5      22   128     2.00     -1.58      1.22     7     -.8      21     0   0   4   0    32.2603   -77.8941       67     3.87      4.47      365.87
0405   202.2   961.3     27.83     81.3      16   125     1.92     -1.57      1.11     7     -.7      14     0   0   4   0    32.2603   -77.8941       45     3.72      4.29      365.94
0406   202.7   962.0     27.91     81.1       9   125     1.87     -1.53      1.08     7     -.7       7     0   0   4   0    32.2603   -77.8942       22     3.63      4.19      366.04
