 ===========================================================================
 DROPWINDSONDE PROCESSING RECORD                            Sonde: 983410071
 PDS file written Aug 23, 2005.                             Format:    V6.03
 Aircraft: AFRES C-130                       Date: 990830   Time: 035112 UTC
 ---------------------------------------------------------------------------
 Bias corrections:  PR =    .0 mb  TE =    .0 C  RH =    .0 %  PRB =   .0 mb
 Filters (LPF):     PTH =   5 s    WIND =   5 s       Hyd anchor =       SFC
 Dyn RH correction =  N     WSHR COR =      Y         Splash PR  =  961.0 mb
 Estimated PR used =  N     GPS VERR =    .34 m/s     HYD SFCP   = -999.0 mb
 Dyn T correction  =  Y     WGACORR  =    1.8 m       AC GA ADJ  =     .0 m
 ---------------------------------------------------------------------------
 COMMENTS: Eye. rmvd fl data. rh2. rh doubtful.                        
 ===========================================================================

 ==============================================================================
 Date: 990830   Lat:  32.38 N   TA: -999.0 C   PS: -999.0 mb   WD:  -999 deg
 Time: 035112   Lon:  77.94 W   TD: -999.0 C   GA:   -999 m    WS:-999.0 m/s
 SID:  983410071                RH: -999.0 %   Navaid:   GP          
 ===========================================================================

IX      t (s)  P (mb)    T (C)    RH (%)  Z (m)   WD    WS (m/s)   U (m/s)   V (m/s)  NS  WZ (m/s)  ZW (m)   FP  FT  FH  FW   LAT (N)    LON (E)  ZW (ft)  WS (kt)  WS (mph)  THETAE (K)
0001      .2  -999.0   -999.00   -999.0    -999  -999  -999.00   -999.00   -999.00  -999  -999.0    -999     0   0   0   0    32.3800   -77.9400     -999  -999.00   -999.00     -999.00
0002      .7  -999.0   -999.00   -999.0    -999  -999  -999.00   -999.00   -999.00  -999  -999.0    -999     0   0   0   0    32.3800   -77.9400     -999  -999.00   -999.00     -999.00
0003     1.2  -999.0   -999.00   -999.0    -999  -999  -999.00   -999.00   -999.00  -999  -999.0    -999     0   0   0   0    32.3800   -77.9400     -999  -999.00   -999.00     -999.00
0004     1.7  -999.0   -999.00   -999.0    -999  -999  -999.00   -999.00   -999.00  -999  -999.0    -999     0   0   0   0    32.3800   -77.9400     -999  -999.00   -999.00     -999.00
0005     2.2  -999.0   -999.00   -999.0    -999  -999  -999.00   -999.00   -999.00  -999  -999.0    -999     0   0   0   0    32.3800   -77.9400     -999  -999.00   -999.00     -999.00
0006     2.7  -999.0   -999.00   -999.0    -999  -999  -999.00   -999.00   -999.00  -999  -999.0    -999     0   0   0   0    32.3800   -77.9400     -999  -999.00   -999.00     -999.00
0007     3.2  -999.0   -999.00   -999.0    -999  -999  -999.00   -999.00   -999.00  -999  -999.0    -999     0   0   0   0    32.3800   -77.9399     -999  -999.00   -999.00     -999.00
0008     3.7  -999.0   -999.00   -999.0    -999  -999  -999.00   -999.00   -999.00  -999  -999.0    -999     0   0   0   0    32.3800   -77.9399     -999  -999.00   -999.00     -999.00
0009     4.2  -999.0   -999.00   -999.0    -999  -999  -999.00   -999.00   -999.00  -999  -999.0    -999     0   0   0   0    32.3800   -77.9399     -999  -999.00   -999.00     -999.00
0010     4.7  -999.0   -999.00   -999.0    -999  -999  -999.00   -999.00   -999.00  -999  -999.0    -999     0   0   0   0    32.3800   -77.9399     -999  -999.00   -999.00     -999.00
0011     5.2  -999.0   -999.00   -999.0    -999  -999  -999.00   -999.00   -999.00  -999  -999.0    -999     0   0   0   0    32.3800   -77.9399     -999  -999.00   -999.00     -999.00
0012     5.7  -999.0   -999.00   -999.0    -999  -999  -999.00   -999.00   -999.00  -999  -999.0    -999     0   0   0   0    32.3800   -77.9399     -999  -999.00   -999.00     -999.00
0013     6.2  -999.0   -999.00   -999.0    -999  -999  -999.00   -999.00   -999.00  -999  -999.0    -999     0   0   0   0    32.3800   -77.9399     -999  -999.00   -999.00     -999.00
0014     6.7  -999.0   -999.00   -999.0    -999  -999  -999.00   -999.00   -999.00  -999  -999.0    -999     0   0   0   0    32.3800   -77.9399     -999  -999.00   -999.00     -999.00
0015     7.2  -999.0   -999.00   -999.0    -999  -999  -999.00   -999.00   -999.00  -999  -999.0    -999     0   0   0   0    32.3800   -77.9399     -999  -999.00   -999.00     -999.00
0016     7.7  -999.0   -999.00   -999.0    -999  -999  -999.00   -999.00   -999.00  -999  -999.0    -999     0   0   0   0    32.3800   -77.9399     -999  -999.00   -999.00     -999.00
0017     8.2  -999.0   -999.00   -999.0    -999  -999  -999.00   -999.00   -999.00  -999  -999.0    -999     0   0   0   0    32.3800   -77.9399     -999  -999.00   -999.00     -999.00
0018     8.7   707.8     16.86   -999.0    2670  -999  -999.00   -999.00   -999.00  -999  -999.0    2672     0   0   0   0    32.3800   -77.9399     8767  -999.00   -999.00     -999.00
0019     9.2   708.4     16.83   -999.0    2663  -999  -999.00   -999.00   -999.00  -999  -999.0    2664     0   0   0   0    32.3800   -77.9399     8741  -999.00   -999.00     -999.00
0020     9.7   709.1     16.82   -999.0    2655  -999  -999.00   -999.00   -999.00  -999  -999.0    2656     0   0   0   0    32.3800   -77.9398     8715  -999.00   -999.00     -999.00
0021    10.2   709.7     16.83   -999.0    2647  -999  -999.00   -999.00   -999.00  -999  -999.0    2648     0   0   0   0    32.3800   -77.9398     8689  -999.00   -999.00     -999.00
0022    10.7   710.4     16.84   -999.0    2639  -999  -999.00   -999.00   -999.00  -999  -999.0    2641     0   0   0   0    32.3800   -77.9398     8663  -999.00   -999.00     -999.00
0023    11.2   711.0     16.85   -999.0    2631  -999  -999.00   -999.00   -999.00  -999  -999.0    2633     0   0   0   0    32.3800   -77.9398     8638  -999.00   -999.00     -999.00
0024    11.7   711.7     16.87   -999.0    2623  -999  -999.00   -999.00   -999.00  -999  -999.0    2625     0   0   0   0    32.3800   -77.9398     8612  -999.00   -999.00     -999.00
0025    12.2   712.3     16.89   -999.0    2615  -999  -999.00   -999.00   -999.00  -999  -999.0    2617     0   0   0   0    32.3800   -77.9398     8586  -999.00   -999.00     -999.00
0026    12.7   713.0     16.91   -999.0    2607  -999  -999.00   -999.00   -999.00  -999  -999.0    2609     0   0   0   0    32.3800   -77.9398     8560  -999.00   -999.00     -999.00
0027    13.2   713.6     16.94   -999.0    2599  -999  -999.00   -999.00   -999.00  -999  -999.0    2601     0   0   0   0    32.3800   -77.9398     8534  -999.00   -999.00     -999.00
0028    13.7   714.3     16.97     67.4    2592  -999  -999.00   -999.00   -999.00  -999  -999.0    2593     0   0   4   0    32.3800   -77.9398     8508  -999.00   -999.00      356.55
0029    14.2   715.0     17.00     67.7    2584  -999  -999.00   -999.00   -999.00  -999  -999.0    2586     0   0   4   0    32.3800   -77.9398     8483  -999.00   -999.00      356.65
0030    14.7   715.6     17.02     68.1    2576  -999  -999.00   -999.00   -999.00  -999  -999.0    2578     0   0   4   0    32.3800   -77.9398     8457  -999.00   -999.00      356.81
0031    15.2   716.3     17.04     68.3    2568  -999  -999.00   -999.00   -999.00  -999  -999.0    2570     0   0   4   0    32.3800   -77.9398     8431  -999.00   -999.00      356.91
0032    15.7   716.9     17.07     68.5    2560  -999  -999.00   -999.00   -999.00  -999    -1.5    2562     0   0   4   0    32.3800   -77.9398     8406  -999.00   -999.00      356.95
0033    16.2   717.6     17.09     68.6    2552  -999  -999.00   -999.00   -999.00  -999    -1.6    2554     0   0   4   0    32.3800   -77.9398     8380  -999.00   -999.00      356.96
0034    16.7   718.3     17.12     68.6    2544  -999  -999.00   -999.00   -999.00  -999    -1.7    2546     0   0   4   0    32.3800   -77.9397     8353  -999.00   -999.00      356.95
0035    17.2   718.9     17.15     68.6    2536  -999  -999.00   -999.00   -999.00  -999    -1.8    2538     0   0   4   0    32.3800   -77.9397     8327  -999.00   -999.00      356.93
0036    17.7   719.6     17.18     68.6    2528  -999  -999.00   -999.00   -999.00  -999    -1.9    2530     0   0   4   0    32.3800   -77.9397     8300  -999.00   -999.00      356.90
0037    18.2   720.3     17.22     68.6    2520  -999  -999.00   -999.00   -999.00  -999    -1.9    2522     0   0   4   0    32.3800   -77.9397     8273  -999.00   -999.00      356.87
0038    18.7   721.0     17.26     68.5    2512  -999  -999.00   -999.00   -999.00  -999    -2.0    2513     0   0   4   0    32.3800   -77.9397     8246  -999.00   -999.00      356.83
0039    19.2   721.7     17.30     68.4    2503  -999  -999.00   -999.00   -999.00  -999    -1.9    2505     0   0   4   0    32.3800   -77.9397     8219  -999.00   -999.00      356.79
0040    19.7   722.4     17.34     68.3    2495  -999  -999.00   -999.00   -999.00  -999    -1.9    2497     0   0   4   0    32.3800   -77.9397     8192  -999.00   -999.00      356.75
0041    20.2   723.1     17.38     68.2    2487  -999  -999.00   -999.00   -999.00  -999    -1.8    2489     0   0   4   0    32.3800   -77.9397     8166  -999.00   -999.00      356.71
0042    20.7   723.7     17.42     68.1    2479  -999  -999.00   -999.00   -999.00  -999    -1.7    2481     0   0   4   0    32.3800   -77.9397     8139  -999.00   -999.00      356.66
0043    21.2   724.4     17.46     68.0    2471  -999  -999.00   -999.00   -999.00  -999    -1.6    2473     0   0   4   0    32.3800   -77.9397     8113  -999.00   -999.00      356.62
0044    21.7   725.1     17.49     67.9    2463  -999  -999.00   -999.00   -999.00  -999    -1.6    2465     0   0   4   0    32.3800   -77.9397     8088  -999.00   -999.00      356.57
0045    22.2   725.7     17.53     67.8    2455  -999  -999.00   -999.00   -999.00  -999    -1.6    2457     0   0   4   0    32.3800   -77.9397     8062  -999.00   -999.00      356.52
0046    22.7   726.4     17.57     67.7    2448  -999  -999.00   -999.00   -999.00  -999    -1.6    2449     0   0   4   0    32.3800   -77.9397     8036  -999.00   -999.00      356.47
0047    23.2   727.1     17.60     67.6    2440  -999  -999.00   -999.00   -999.00  -999    -1.7    2441     0   0   4   0    32.3800   -77.9396     8010  -999.00   -999.00      356.42
0048    23.7   727.8     17.64     67.5    2432  -999  -999.00   -999.00   -999.00  -999    -1.7    2433     0   0   4   0    32.3800   -77.9396     7983  -999.00   -999.00      356.37
0049    24.2   728.5     17.68     67.4    2424  -999  -999.00   -999.00   -999.00  -999    -1.7    2425     0   0   4   0    32.3800   -77.9396     7957  -999.00   -999.00      356.33
0050    24.7   729.1     17.73     67.2    2415  -999  -999.00   -999.00   -999.00  -999    -1.8    2417     0   0   4   0    32.3800   -77.9396     7931  -999.00   -999.00      356.29
0051    25.2   729.8     17.78     67.1    2407  -999  -999.00   -999.00   -999.00  -999    -1.8    2409     0   0   4   0    32.3800   -77.9396     7904  -999.00   -999.00      356.25
0052    25.7   730.5     17.83     66.9    2399  -999  -999.00   -999.00   -999.00  -999    -1.7    2401     0   0   4   0    32.3800   -77.9396     7878  -999.00   -999.00      356.22
0053    26.2   731.2     17.89     66.8    2391  -999  -999.00   -999.00   -999.00  -999    -1.7    2393     0   0   4   0    32.3800   -77.9396     7851  -999.00   -999.00      356.19
0054    26.7   731.9     17.94     66.6    2383  -999  -999.00   -999.00   -999.00  -999    -1.6    2385     0   0   4   0    32.3800   -77.9396     7825  -999.00   -999.00      356.17
0055    27.2   732.6     17.99     66.5    2375  -999  -999.00   -999.00   -999.00  -999    -1.6    2377     0   0   4   0    32.3800   -77.9396     7799  -999.00   -999.00      356.16
0056    27.7   733.2     18.03     66.5    2368  -999  -999.00   -999.00   -999.00  -999    -1.6    2369     0   0   4   0    32.3800   -77.9396     7773  -999.00   -999.00      356.16
0057    28.2   733.9     18.07     66.5    2360  -999  -999.00   -999.00   -999.00  -999    -1.6    2361     0   0   4   0    32.3800   -77.9396     7748  -999.00   -999.00      356.18
0058    28.7   734.6     18.10     66.6    2352  -999  -999.00   -999.00   -999.00  -999    -1.6    2354     0   0   4   0    32.3800   -77.9396     7722  -999.00   -999.00      356.22
0059    29.2   735.2     18.13     66.7    2344  -999  -999.00   -999.00   -999.00  -999    -1.6    2346     0   0   4   0    32.3800   -77.9396     7696  -999.00   -999.00      356.27
0060    29.7   735.9     18.15     66.9    2336  -999  -999.00   -999.00   -999.00  -999    -1.7    2338     0   0   4   0    32.3800   -77.9395     7670  -999.00   -999.00      356.33
0061    30.2   736.6     18.17     67.1    2328  -999  -999.00   -999.00   -999.00  -999    -1.7    2330     0   0   4   0    32.3800   -77.9395     7643  -999.00   -999.00      356.39
0062    30.7   737.3     18.18     67.4    2320  -999  -999.00   -999.00   -999.00  -999    -1.7    2322     0   0   4   0    32.3800   -77.9395     7617  -999.00   -999.00      356.44
0063    31.2   738.0     18.20     67.6    2312  -999  -999.00   -999.00   -999.00  -999    -1.7    2314     0   0   4   0    32.3800   -77.9395     7591  -999.00   -999.00      356.49
0064    31.7   738.7     18.22     67.8    2304  -999  -999.00   -999.00   -999.00  -999    -1.7    2306     0   0   4   0    32.3800   -77.9395     7565  -999.00   -999.00      356.53
0065    32.2   739.4     18.23     68.0    2296  -999  -999.00   -999.00   -999.00  -999    -1.6    2298     0   0   4   0    32.3800   -77.9395     7538  -999.00   -999.00      356.56
0066    32.7   740.0     18.24     68.1    2288  -999  -999.00   -999.00   -999.00  -999    -1.5    2290     0   0   4   0    32.3800   -77.9395     7513  -999.00   -999.00      356.57
0067    33.2   740.7     18.26     68.3    2280   294      .94       .86      -.38     5    -1.4    2282     0   0   4   0    32.3800   -77.9395     7487     1.82      2.11      356.57
0068    33.7   741.4     18.27     68.4    2273   277      .47       .47      -.05     5    -1.3    2274     0   0   4   0    32.3800   -77.9395     7462      .92      1.06      356.56
0069    34.2   742.0     18.28     68.5    2265   245      .16       .15       .07     5    -1.2    2267     0   0   4   0    32.3800   -77.9395     7436      .32       .37      356.54
0070    34.7   742.7     18.29     68.6    2257   154      .19      -.08       .17     5    -1.2    2259     0   0   4   0    32.3800   -77.9395     7411      .37       .43      356.52
0071    35.2   743.4     18.31     68.7    2250   168      .22      -.05       .22     5    -1.1    2251     0   0   4   0    32.3800   -77.9395     7386      .43       .50      356.49
0072    35.7   744.0     18.33     68.7    2242   184      .24       .02       .24     5    -1.1    2244     0   0   4   0    32.3800   -77.9395     7361      .47       .54      356.47
0073    36.2   744.7     18.36     68.7    2234   193      .27       .06       .26     5    -1.1    2236     0   0   4   0    32.3800   -77.9395     7336      .52       .60      356.45
0074    36.7   745.3     18.39     68.7    2227   200      .29       .10       .27     5    -1.2    2229     0   0   4   0    32.3800   -77.9395     7312      .56       .64      356.44
0075    37.2   746.0     18.43     68.7    2219   211      .29       .15       .25     5    -1.2    2221     0   0   4   0    32.3800   -77.9395     7287      .57       .66      356.45
0076    37.7   746.7     18.47     68.8    2211   230      .30       .23       .19     5    -1.3    2213     0   0   4   0    32.3800   -77.9395     7261      .58       .67      356.47
0077    38.2   747.3     18.50     68.8    2204   253      .35       .33       .10     5    -1.4    2206     0   0   4   0    32.3800   -77.9395     7236      .68       .78      356.51
0078    38.7   748.0     18.53     68.9    2196   272      .45       .45      -.02     5    -1.4    2198     0   0   4   0    32.3800   -77.9395     7210      .88      1.01      356.55
0079    39.2   748.7     18.56     69.0    2188   283      .58       .57      -.13     5    -1.4    2190     0   0   4   0    32.3800   -77.9395     7185     1.13      1.30      356.59
0080    39.7   749.4     18.58     69.2    2180   288      .70       .66      -.21     5    -1.4    2182     0   0   4   0    32.3800   -77.9395     7159     1.35      1.56      356.62
0081    40.2   750.1     18.59     69.4    2172   289      .77       .72      -.25     5    -1.4    2174     0   0   4   0    32.3800   -77.9395     7133     1.49      1.72      356.64
0082    40.7   750.7     18.60     69.5    2165   289      .79       .74      -.26     5    -1.3    2166     0   0   4   0    32.3800   -77.9395     7108     1.53      1.77      356.64
0083    41.2   751.4     18.62     69.6    2157   290      .77       .72      -.27     5    -1.2    2159     0   0   4   0    32.3800   -77.9395     7082     1.49      1.72      356.62
0084    41.7   752.1     18.63     69.7    2149   294      .71       .65      -.29     5    -1.2    2151     0   0   4   0    32.3800   -77.9395     7058     1.38      1.59      356.60
0085    42.2   752.7     18.65     69.7    2142   301      .64       .55      -.33     5    -1.2    2144     0   0   4   0    32.3800   -77.9395     7033     1.24      1.44      356.58
0086    42.7   753.4     18.68     69.8    2134   311      .58       .44      -.38     5    -1.2    2136     0   0   4   0    32.3800   -77.9395     7008     1.12      1.30      356.57
0087    43.2   754.0     18.71     69.8    2127   323      .53       .32      -.43     4    -1.2    2129     0   0   4   0    32.3800   -77.9395     6983     1.04      1.20      356.57
0088    43.7   754.7     18.74     69.9    2119   333      .50       .23      -.45     5    -1.2    2121     0   0   4   3    32.3800   -77.9395     6958      .98      1.13      356.60
0089    44.2   755.4     18.76     70.0    2111   336      .47       .19      -.43     5    -1.3    2113     0   0   4   0    32.3800   -77.9395     6933      .92      1.06      356.64
0090    44.7   756.1     18.79     70.1    2104   331      .43       .21      -.38     5    -1.3    2105     0   0   4   0    32.3800   -77.9395     6908      .83       .96      356.68
0091    45.2   756.8     18.82     70.3    2096   315      .40       .28      -.28     5    -1.3    2098     0   0   4   0    32.3800   -77.9395     6882      .77       .89      356.72
0092    45.7   757.4     18.84     70.4    2088   292      .43       .40      -.16     5    -1.2    2090     0   0   4   0    32.3800   -77.9395     6857      .83       .96      356.75
0093    46.2   758.1     18.87     70.5    2080   272      .53       .53      -.02     5    -1.1    2082     0   0   4   0    32.3800   -77.9395     6831     1.04      1.20      356.77
0094    46.7   758.8     18.89     70.5    2073   259      .68       .67       .13     5    -1.0    2075     0   0   4   0    32.3800   -77.9395     6807     1.31      1.52      356.76
0095    47.2   759.4     18.92     70.5    2065   252      .81       .77       .25     5     -.9    2067     0   0   4   0    32.3800   -77.9395     6782     1.57      1.82      356.75
0096    47.7   760.1     18.96     70.5    2058   248      .90       .84       .33     5     -.8    2060     0   0   4   0    32.3800   -77.9395     6758     1.75      2.02      356.73
0097    48.2   760.7     18.99     70.4    2051   246      .95       .87       .38     5     -.7    2052     0   0   4   0    32.3800   -77.9394     6734     1.83      2.12      356.71
0098    48.7   761.4     19.03     70.3    2043   246      .94       .86       .38     5     -.6    2045     0   0   4   3    32.3800   -77.9394     6710     1.83      2.12      356.69
0099    49.2   762.0     19.07     70.2    2036   247      .92       .85       .35     5     -.6    2038     0   0   4   0    32.3800   -77.9394     6686     1.78      2.05      356.67
0100    49.7   762.7     19.11     70.2    2029   249      .88       .82       .31     5     -.7    2031     0   0   4   0    32.3800   -77.9394     6662     1.71      1.97      356.65
0101    50.2   763.3     19.14     70.1    2022   251      .85       .80       .27     5     -.7    2023     0   0   4   0    32.3800   -77.9394     6638     1.65      1.90      356.64
0102    50.7   764.0     19.18     70.1    2014   251      .83       .79       .26     5     -.8    2016     0   0   4   3    32.3800   -77.9394     6614     1.61      1.86      356.64
0103    51.2   764.6     19.22     70.0    2007   249      .82       .77       .30     5     -.9    2009     0   0   4   0    32.3800   -77.9394     6590     1.60      1.84      356.63
0104    51.7   765.3     19.25     70.0    1999   242      .82       .73       .39     5    -1.0    2001     0   0   4   0    32.3800   -77.9394     6566     1.60      1.85      356.63
0105    52.2   765.9     19.29     70.0    1992   231      .85       .66       .53     6    -1.2    1994     0   0   4   0    32.3800   -77.9394     6541     1.64      1.89      356.64
0106    52.7   766.6     19.33     70.0    1984   219      .90       .57       .70     6    -1.3    1986     0   0   4   0    32.3800   -77.9394     6516     1.75      2.02      356.64
0107    53.2   767.3     19.36     70.0    1977   207      .99       .45       .88     6    -1.3    1978     0   0   4   3    32.3800   -77.9394     6491     1.91      2.21      356.65
0108    53.7   768.0     19.39     70.0    1969   198     1.08       .33      1.03     6    -1.3    1971     0   0   4   0    32.3800   -77.9394     6465     2.09      2.42      356.65
0109    54.2   768.7     19.42     70.0    1961   191     1.15       .22      1.12     6    -1.3    1963     0   0   4   0    32.3800   -77.9394     6440     2.22      2.57      356.65
0110    54.7   769.4     19.45     70.1    1953   186     1.15       .12      1.14     6    -1.2    1955     0   0   4   0    32.3800   -77.9394     6414     2.23      2.58      356.63
0111    55.2   770.0     19.48     70.1    1946   183     1.08       .05      1.08     5    -1.1    1947     0   0   4   3    32.3800   -77.9394     6389     2.09      2.41      356.60
0112    55.7   770.7     19.50     70.1    1938   179      .93      -.01       .93     4     -.9    1940     0   0   4   0    32.3800   -77.9394     6365     1.79      2.07      356.58
0113    56.2   771.4     19.52     70.1    1931   174      .71      -.07       .71     5     -.8    1933     0   0   4   0    32.3800   -77.9394     6341     1.37      1.59      356.57
0114    56.7   772.0     19.54     70.2    1924   162      .46      -.14       .44     6     -.7    1925     0   0   4   0    32.3800   -77.9394     6317      .90      1.04      356.58
0115    57.2   772.7     19.56     70.4    1916   125      .29      -.23       .16     6     -.7    1918     0   0   4   3    32.3800   -77.9394     6294      .55       .64      356.62
0116    57.7   773.3     19.57     70.6    1909    74      .37      -.35      -.10     5     -.7    1911     0   0   4   0    32.3800   -77.9394     6270      .71       .82      356.68
0117    58.2   773.9     19.58     70.9    1902    55      .59      -.49      -.34     5     -.7    1904     0   0   4   3    32.3800   -77.9394     6246     1.15      1.33      356.76
0118    58.7   774.6     19.59     71.2    1895    50      .83      -.63      -.54     5     -.8    1897     0   0   4   0    32.3800   -77.9394     6222     1.61      1.86      356.84
0119    59.2   775.3     19.59     71.5    1887    47     1.03      -.76      -.70     5     -.8    1889     0   0   4   0    32.3800   -77.9394     6198     2.00      2.31      356.89
0120    59.7   775.9     19.59     71.7    1880    46     1.19      -.85      -.82     5     -.8    1882     0   0   4   0    32.3800   -77.9394     6173     2.30      2.66      356.89
0121    60.2   776.6     19.59     71.8    1872    44     1.29      -.89      -.93     5     -.8    1874     0   0   4   3    32.3800   -77.9394     6149     2.49      2.88      356.84
0122    60.7   777.3     19.59     71.9    1865    41     1.33      -.86     -1.01     5     -.7    1867     0   0   4   0    32.3800   -77.9394     6125     2.57      2.97      356.74
0123    61.2   777.9     19.60     71.8    1858    35     1.31      -.76     -1.07     5     -.6    1860     0   0   4   0    32.3800   -77.9394     6101     2.54      2.93      356.60
0124    61.7   778.6     19.61     71.7    1851    28     1.25      -.59     -1.10     5     -.6    1852     0   0   4   3    32.3800   -77.9394     6077     2.42      2.79      356.45
0125    62.2   779.2     19.62     71.6    1843    18     1.16      -.36     -1.10     5     -.5    1845     0   0   4   3    32.3800   -77.9394     6054     2.25      2.60      356.32
0126    62.7   779.9     19.64     71.5    1836     6     1.07      -.11     -1.06     5     -.5    1838     0   0   4   3    32.3800   -77.9394     6031     2.07      2.40      356.23
0127    63.2   780.5     19.65     71.5    1829   351     1.00       .15      -.99     5     -.6    1831     0   0   4   3    32.3800   -77.9394     6007     1.94      2.24      356.19
0128    63.7   781.1     19.67     71.7    1822   336      .97       .39      -.88     5     -.6    1824     0   0   4   0    32.3800   -77.9394     5984     1.88      2.17      356.19
0129    64.2   781.8     19.68     71.9    1815   322      .96       .59      -.76     6     -.7    1817     0   0   4   3    32.3800   -77.9394     5960     1.87      2.15      356.24
0130    64.7   782.5     19.70     72.1    1807   310      .97       .74      -.62     6     -.8    1809     0   0   4   0    32.3800   -77.9394     5936     1.88      2.17      356.29
0131    65.2   783.1     19.71     72.3    1800   302      .96       .82      -.50     6     -.8    1802     0   0   4   3    32.3800   -77.9394     5912     1.87      2.16      356.32
0132    65.7   783.8     19.72     72.4    1793   296      .94       .84      -.41     5     -.8    1794     0   0   4   0    32.3800   -77.9394     5887     1.82      2.11      356.31
0133    66.2   784.5     19.73     72.4    1785   294      .90       .82      -.36     5     -.8    1787     0   0   4   0    32.3800   -77.9394     5863     1.74      2.01      356.26
0134    66.7   785.1     19.75     72.4    1778   294      .85       .77      -.35     5     -.8    1780     3   3   4   0    32.3800   -77.9394     5839     1.64      1.90      356.16
0135    67.2   785.8     19.77     72.2    1771   298      .80       .71      -.37     6     -.7    1773     0   0   4   0    32.3800   -77.9394     5815     1.55      1.79      356.04
0136    67.7   786.5     19.80     72.1    1763   302      .77       .65      -.40     6     -.6    1765     0   0   4   0    32.3800   -77.9394     5792     1.49      1.72      355.93
0137    68.2   787.1     19.83     72.0    1756   305      .74       .61      -.42     6     -.6    1758     0   0   4   0    32.3800   -77.9394     5768     1.43      1.66      355.86
0138    68.7   787.8     19.86     71.9    1749   305      .71       .58      -.41     6     -.6    1751     0   0   4   0    32.3800   -77.9394     5745     1.37      1.59      355.85
0139    69.2   788.4     19.90     72.0    1742   301      .66       .57      -.34     6     -.6    1744     0   0   4   0    32.3800   -77.9394     5721     1.29      1.48      355.93
0140    69.7   789.1     19.93     72.3    1735   291      .61       .57      -.22     7     -.6    1737     0   0   4   3    32.3800   -77.9394     5698     1.19      1.37      356.07
0141    70.2   789.7     19.96     72.6    1728   275      .59       .58      -.05     7     -.6    1730     0   0   4   0    32.3800   -77.9394     5674     1.14      1.31      356.26
0142    70.7   790.4     19.99     73.0    1721   255      .63       .61       .16     7     -.7    1722     0   0   4   3    32.3800   -77.9394     5651     1.22      1.41      356.48
0143    71.2   791.0     20.02     73.3    1713   239      .75       .64       .39     7     -.8    1715     0   0   4   3    32.3800   -77.9394     5627     1.45      1.68      356.67
0144    71.7   791.7     20.04     73.6    1706   228      .92       .68       .61     7     -.8    1708     0   0   4   0    32.3800   -77.9394     5603     1.78      2.05      356.82
0145    72.2   792.4     20.06     73.9    1699   221     1.09       .72       .82     7     -.9    1700     0   0   4   0    32.3800   -77.9394     5579     2.11      2.44      356.90
0146    72.7   793.0     20.07     74.0    1691   217     1.24       .75       .99     7     -.9    1693     0   0   4   0    32.3800   -77.9394     5555     2.41      2.78      356.90
0147    73.2   793.7     20.09     74.0    1684   214     1.36       .76      1.12     6     -.9    1686     0   0   4   0    32.3800   -77.9394     5531     2.63      3.04      356.85
0148    73.7   794.4     20.11     73.9    1677   212     1.43       .75      1.21     6     -.9    1678     0   0   4   0    32.3800   -77.9394     5507     2.77      3.20      356.76
0149    74.2   795.1     20.13     73.8    1669   210     1.45       .72      1.26     6     -.9    1671     0   0   4   0    32.3800   -77.9394     5483     2.81      3.25      356.64
0150    74.7   795.7     20.15     73.7    1662   208     1.43       .67      1.26     7     -.9    1664     0   0   4   3    32.3800   -77.9394     5459     2.77      3.19      356.53
0151    75.2   796.4     20.18     73.5    1655   206     1.37       .60      1.23     7     -.9    1656     0   0   4   0    32.3800   -77.9394     5435     2.66      3.07      356.43
0152    75.7   797.1     20.21     73.4    1647   205     1.29       .54      1.17     6     -.9    1649     0   0   4   0    32.3800   -77.9394     5411     2.50      2.89      356.35
0153    76.2   797.8     20.24     73.3    1640   205     1.20       .50      1.09     7     -.9    1642     0   0   4   0    32.3800   -77.9394     5387     2.33      2.69      356.30
0154    76.7   798.4     20.28     73.2    1633   206     1.12       .49      1.00     7     -.9    1635     0   0   4   0    32.3800   -77.9394     5363     2.16      2.50      356.26
0155    77.2   799.1     20.31     73.1    1625   210     1.05       .52       .91     7     -.9    1627     0   0   4   0    32.3800   -77.9394     5338     2.04      2.35      356.25
0156    77.7   799.8     20.35     73.1    1618   215     1.01       .58       .84     7     -.9    1620     0   0   4   3    32.3800   -77.9394     5314     1.97      2.27      356.25
0157    78.2   800.5     20.38     73.2    1611   220     1.01       .65       .77     7     -.8    1613     0   0   4   3    32.3800   -77.9394     5290     1.96      2.26      356.29
0158    78.7   801.1     20.41     73.3    1603   224     1.02       .72       .73     7     -.8    1605     0   0   4   0    32.3800   -77.9394     5267     1.98      2.29      356.34
0159    79.2   801.8     20.44     73.4    1596   228     1.04       .77       .70     7     -.7    1598     0   0   4   0    32.3800   -77.9393     5243     2.01      2.32      356.42
0160    79.7   802.5     20.47     73.6    1589   230     1.03       .79       .67     7     -.7    1591     0   0   4   0    32.3800   -77.9393     5220     2.01      2.32      356.51
0161    80.2   803.1     20.49     73.9    1582   230     1.01       .77       .65     7     -.6    1584     0   0   4   0    32.3800   -77.9393     5196     1.96      2.26      356.61
0162    80.7   803.8     20.51     74.1    1575   230      .96       .73       .62     7     -.6    1577     0   0   4   0    32.3800   -77.9393     5173     1.85      2.14      356.70
0163    81.2   804.4     20.53     74.3    1568   229      .89       .67       .58     7     -.6    1570     0   0   4   3    32.3801   -77.9393     5150     1.72      1.98      356.77
0164    81.7   805.1     20.55     74.4    1561   227      .81       .59       .55     7     -.6    1562     0   0   4   3    32.3801   -77.9393     5126     1.57      1.81      356.80
0165    82.2   805.8     20.57     74.4    1553   225      .74       .53       .53     7     -.6    1555     0   0   4   0    32.3801   -77.9393     5103     1.44      1.66      356.79
0166    82.7   806.4     20.60     74.4    1546   222      .70       .47       .52     7     -.6    1548     0   0   4   3    32.3801   -77.9393     5079     1.36      1.57      356.74
0167    83.2   807.1     20.62     74.3    1539   218      .69       .42       .55     7     -.6    1541     0   0   4   0    32.3801   -77.9393     5056     1.34      1.55      356.66
0168    83.7   807.8     20.65     74.1    1532   212      .72       .38       .61     7     -.5    1534     0   0   4   0    32.3801   -77.9393     5032     1.40      1.62      356.57
0169    84.2   808.4     20.69     74.0    1525   205      .78       .33       .71     7     -.5    1527     0   0   4   0    32.3801   -77.9393     5009     1.52      1.75      356.49
0170    84.7   809.1     20.72     73.8    1518   198      .86       .27       .82     7     -.4    1520     0   0   4   0    32.3801   -77.9393     4986     1.67      1.93      356.43
0171    85.2   809.7     20.75     73.8    1511   192      .95       .19       .93     7     -.3    1513     0   0   4   3    32.3801   -77.9393     4963     1.83      2.12      356.41
0172    85.7   810.4     20.78     73.8    1504   185     1.01       .09      1.01     6     -.3    1506     0   0   4   0    32.3801   -77.9393     4940     1.97      2.27      356.43
0173    86.2   811.0     20.81     73.9    1497   179     1.05      -.01      1.05     6     -.3    1499     0   0   4   0    32.3801   -77.9393     4918     2.03      2.35      356.47
0174    86.7   811.7     20.83     74.1    1490   174     1.04      -.11      1.03     7     -.3    1492     0   0   4   3    32.3801   -77.9393     4895     2.02      2.33      356.52
0175    87.2   812.3     20.85     74.2    1483   170      .99      -.17       .97     7     -.3    1485     0   0   4   0    32.3801   -77.9393     4872     1.91      2.21      356.56
0176    87.7   813.0     20.87     74.3    1476   168      .89      -.19       .87     7     -.3    1478     0   0   4   0    32.3801   -77.9393     4850     1.73      1.99      356.56
0177    88.2   813.6     20.89     74.3    1469   169      .77      -.14       .75     7     -.4    1471     0   0   4   0    32.3801   -77.9393     4827     1.49      1.72      356.52
0178    88.7   814.3     20.91     74.2    1462   176      .64      -.05       .64     7     -.4    1464     0   0   4   0    32.3801   -77.9393     4804     1.24      1.44      356.43
0179    89.2   814.9     20.94     74.0    1455   190      .55       .09       .54     7     -.5    1457     0   0   4   0    32.3801   -77.9393     4781     1.07      1.24      356.30
0180    89.7   815.6     20.97     73.7    1448   208      .54       .26       .48     7     -.5    1450     0   0   4   0    32.3801   -77.9393     4757     1.05      1.21      356.16
0181    90.2   816.3     21.00     73.5    1441   224      .60       .42       .43     7     -.5    1443     0   0   4   0    32.3801   -77.9393     4734     1.17      1.35      356.03
0182    90.7   816.9     21.03     73.4    1434   235      .69       .56       .40     7     -.5    1436     0   0   4   0    32.3801   -77.9393     4711     1.34      1.55      355.95
0183    91.2   817.6     21.06     73.3    1427   241      .76       .67       .37     7     -.5    1429     0   0   4   3    32.3801   -77.9393     4688     1.48      1.71      355.91
0184    91.7   818.3     21.09     73.3    1420   245      .79       .72       .33     6     -.5    1422     0   0   4   0    32.3801   -77.9393     4665     1.54      1.77      355.93
0185    92.2   818.9     21.12     73.4    1413   249      .78       .73       .27     6     -.5    1415     0   0   4   0    32.3801   -77.9393     4642     1.50      1.74      356.01
0186    92.7   819.6     21.15     73.6    1406   254      .72       .69       .20     5     -.4    1408     0   0   4   0    32.3801   -77.9393     4619     1.40      1.61      356.11
0187    93.2   820.2     21.18     73.8    1399   260      .64       .63       .12     7     -.4    1401     0   0   4   0    32.3801   -77.9393     4596     1.24      1.44      356.22
0188    93.7   820.9     21.20     74.0    1392   266      .56       .56       .04     7     -.4    1394     0   0   4   0    32.3801   -77.9393     4573     1.08      1.25      356.32
0189    94.2   821.5     21.23     74.2    1385   273      .49       .49      -.03     7     -.4    1387     0   0   4   0    32.3801   -77.9393     4550      .94      1.09      356.39
0190    94.7   822.2     21.26     74.3    1378   280      .44       .43      -.07     7     -.4    1380     0   0   4   0    32.3801   -77.9393     4527      .85       .98      356.43
0191    95.2   822.9     21.28     74.3    1371   284      .41       .40      -.10     7     -.3    1373     0   0   4   0    32.3801   -77.9393     4504      .80       .93      356.44
0192    95.7   823.5     21.31     74.3    1364   287      .42       .40      -.12     7     -.3    1366     0   0   4   0    32.3801   -77.9393     4482      .81       .93      356.44
0193    96.2   824.2     21.33     74.4    1357   287      .45       .43      -.13     7     -.3    1359     0   0   4   3    32.3801   -77.9393     4459      .87      1.01      356.43
0194    96.7   824.8     21.35     74.5    1350   287      .51       .48      -.15     7     -.3    1352     0   0   4   0    32.3801   -77.9393     4436      .98      1.13      356.45
0195    97.2   825.5     21.36     74.7    1343   287      .58       .55      -.17     6     -.3    1345     0   0   4   0    32.3801   -77.9393     4414     1.12      1.30      356.50
0196    97.7   826.1     21.37     74.9    1337   288      .66       .63      -.20     7     -.3    1338     0   0   4   0    32.3801   -77.9393     4391     1.28      1.48      356.60
0197    98.2   826.8     21.38     75.3    1330   288      .74       .70      -.23     7     -.3    1331     0   0   4   0    32.3801   -77.9393     4368     1.43      1.65      356.74
0198    98.7   827.5     21.38     75.8    1323   289      .80       .76      -.25     7     -.3    1325     0   0   4   0    32.3801   -77.9393     4346     1.55      1.79      356.91
0199    99.2   828.1     21.38     76.3    1316   289      .84       .80      -.27     7     -.3    1318     0   0   4   0    32.3801   -77.9393     4323     1.64      1.89      357.10
0200    99.7   828.8     21.38     76.8    1309   289      .87       .82      -.28     7     -.3    1311     0   0   4   0    32.3801   -77.9393     4300     1.69      1.95      357.28
0201   100.2   829.4     21.37     77.3    1302   289      .88       .84      -.28     7     -.3    1304     0   0   4   0    32.3801   -77.9393     4278     1.71      1.98      357.43
0202   100.7   830.1     21.36     77.7    1295   289      .89       .84      -.29     7     -.3    1297     0   0   4   0    32.3801   -77.9393     4255     1.73      2.00      357.54
0203   101.2   830.7     21.35     78.1    1288   289      .90       .85      -.30     6     -.3    1290     0   0   4   0    32.3801   -77.9393     4233     1.75      2.02      357.58
0204   101.7   831.4     21.35     78.3    1281   290      .92       .86      -.32     6     -.4    1283     0   0   4   3    32.3801   -77.9393     4210     1.78      2.06      357.58
0205   102.2   832.0     21.36     78.4    1275   291      .94       .88      -.34     6     -.4    1276     0   0   4   0    32.3801   -77.9392     4188     1.83      2.11      357.54
0206   102.7   832.7     21.37     78.4    1268   291      .97       .91      -.35     6     -.4    1269     0   0   4   0    32.3801   -77.9392     4165     1.89      2.18      357.49
0207   103.2   833.4     21.39     78.4    1261   291     1.01       .94      -.36     6     -.5    1262     0   0   4   0    32.3801   -77.9392     4142     1.95      2.26      357.46
0208   103.7   834.1     21.41     78.5    1254   290     1.04       .98      -.35     5     -.5    1255     0   0   4   0    32.3801   -77.9392     4119     2.01      2.32      357.45
0209   104.2   834.7     21.43     78.5    1247   287     1.06      1.01      -.32     5     -.5    1248     0   0   4   0    32.3801   -77.9392     4096     2.06      2.38      357.48
0210   104.7   835.4     21.46     78.7    1240   284     1.09      1.05      -.27     5     -.4    1241     0   0   4   0    32.3801   -77.9392     4073     2.11      2.43      357.55
0211   105.2   836.1     21.48     78.9    1233   281     1.11      1.09      -.21     5     -.3    1235     0   0   4   0    32.3801   -77.9392     4050     2.16      2.49      357.65
0212   105.7   836.7     21.50     79.2    1226   277     1.14      1.13      -.13     6     -.2    1228     0   0   4   0    32.3801   -77.9392     4028     2.21      2.56      357.76
0213   106.2   837.4     21.51     79.4    1219   272     1.18      1.17      -.05     6     -.2    1221     0   0   4   0    32.3801   -77.9392     4005     2.28      2.63      357.87
0214   106.7   838.0     21.52     79.7    1212   268     1.21      1.21       .04     6     -.1    1214     0   0   4   0    32.3801   -77.9392     3983     2.35      2.71      357.96
0215   107.2   838.7     21.53     80.0    1206   264     1.25      1.24       .14     6      .0    1207     0   0   4   0    32.3801   -77.9392     3961     2.42      2.79      358.03
0216   107.7   839.3     21.55     80.1    1199   260     1.27      1.25       .23     6      .0    1201     0   0   4   0    32.3801   -77.9392     3940     2.47      2.85      358.08
0217   108.2   839.9     21.57     80.2    1192   256     1.29      1.25       .32     6      .0    1194     0   0   4   0    32.3801   -77.9392     3918     2.50      2.88      358.09
0218   108.7   840.6     21.59     80.2    1186   252     1.29      1.22       .40     6      .0    1187     0   0   4   0    32.3801   -77.9391     3896     2.50      2.89      358.08
0219   109.2   841.2     21.62     80.1    1179   248     1.28      1.19       .47     5      .0    1181     0   0   4   0    32.3801   -77.9391     3874     2.48      2.86      358.05
0220   109.7   841.9     21.66     80.0    1172   246     1.25      1.14       .51     6      .0    1174     0   0   4   0    32.3801   -77.9391     3852     2.42      2.80      358.00
0221   110.2   842.5     21.70     79.9    1166   244     1.21      1.09       .54     6      .0    1167     0   0   4   3    32.3801   -77.9391     3830     2.35      2.71      357.96
0222   110.7   843.2     21.74     79.7    1159   242     1.17      1.03       .55     6      .0    1161     0   0   4   0    32.3801   -77.9391     3808     2.27      2.62      357.95
0223   111.2   843.8     21.78     79.7    1152   240     1.13       .98       .56     6      .0    1154     0   0   4   0    32.3801   -77.9391     3786     2.19      2.53      357.98
0224   111.7   844.5     21.81     79.8    1145   238     1.10       .93       .58     6      .0    1147     0   0   4   0    32.3801   -77.9391     3764     2.13      2.46      358.07
0225   112.2   845.1     21.83     80.1    1139   234     1.09       .88       .63     5      .0    1141     0   0   4   0    32.3801   -77.9391     3742     2.11      2.43      358.23
0226   112.7   845.8     21.85     80.6    1132   229     1.09       .82       .72     5      .0    1134     0   0   4   0    32.3801   -77.9391     3720     2.12      2.45      358.46
0227   113.2   846.4     21.86     81.1    1125   222     1.13       .75       .84     6      .0    1127     0   0   4   3    32.3802   -77.9391     3698     2.19      2.52      358.72
0228   113.7   847.1     21.86     81.8    1119   215     1.18       .67       .97     6      .0    1121     0   0   4   0    32.3802   -77.9391     3676     2.29      2.64      359.00
0229   114.2   847.7     21.85     82.4    1112   208     1.24       .58      1.09     6      .0    1114     0   0   4   0    32.3802   -77.9391     3655     2.40      2.77      359.25
0230   114.7   848.4     21.84     83.0    1105   202     1.28       .48      1.18     6      .0    1107     0   0   4   0    32.3802   -77.9391     3633     2.48      2.86      359.44
0231   115.2   849.0     21.83     83.5    1099   197     1.28       .38      1.23     6      .0    1101     0   0   4   3    32.3802   -77.9391     3611     2.49      2.88      359.55
0232   115.7   849.7     21.82     83.8    1092   193     1.25       .29      1.22     5     -.1    1094     0   0   4   0    32.3802   -77.9391     3589     2.42      2.80      359.57
0233   116.2   850.3     21.81     84.0    1085   190     1.18       .20      1.16     5     -.1    1087     0   0   4   0    32.3802   -77.9391     3567     2.28      2.63      359.53
0234   116.7   851.0     21.81     84.1    1079   187     1.08       .13      1.07     5     -.1    1080     0   0   4   0    32.3802   -77.9391     3545     2.09      2.42      359.45
0235   117.2   851.6     21.81     84.1    1072   184      .98       .06       .98     5     -.1    1074     0   0   4   0    32.3802   -77.9391     3523     1.90      2.20      359.37
0236   117.7   852.3     21.82     84.1    1065   180      .90       .00       .90     5     -.1    1067     0   0   4   0    32.3802   -77.9391     3501     1.75      2.02      359.32
0237   118.2   852.9     21.84     84.2    1059   176      .86      -.06       .85     5     -.1    1060     0   0   4   0    32.3802   -77.9391     3479     1.66      1.92      359.30
0238   118.7   853.6     21.85     84.3    1052   172      .85      -.12       .84     5     -.1    1054     0   0   4   0    32.3802   -77.9391     3457     1.65      1.90      359.32
0239   119.2   854.2     21.87     84.4    1045   169      .88      -.17       .86     6     -.1    1047     0   0   4   0    32.3802   -77.9391     3435     1.70      1.96      359.37
0240   119.7   854.9     21.89     84.6    1039   167      .92      -.21       .89     6     -.1    1040     0   0   4   0    32.3802   -77.9391     3413     1.78      2.06      359.42
0241   120.2   855.6     21.91     84.7    1032   166      .96      -.24       .93     6     -.1    1034     0   0   4   0    32.3802   -77.9391     3391     1.87      2.16      359.45
0242   120.7   856.2     21.94     84.7    1025   166      .99      -.25       .96     6     -.1    1027     0   0   4   0    32.3802   -77.9391     3369     1.93      2.23      359.46
0243   121.2   856.9     21.96     84.7    1018   166     1.01      -.24       .98     6      .0    1020     0   0   4   0    32.3802   -77.9391     3347     1.96      2.26      359.44
0244   121.7   857.5     21.98     84.7    1012   166     1.01      -.24       .98     6      .1    1014     0   0   4   0    32.3802   -77.9391     3325     1.95      2.26      359.40
0245   122.2   858.2     22.01     84.6    1005   166     1.00      -.25       .97     6      .1    1007     0   0   4   0    32.3802   -77.9391     3303     1.93      2.23      359.37
0246   122.7   858.8     22.04     84.6     999   164      .99      -.28       .95     6      .2    1000     0   0   4   0    32.3802   -77.9391     3282     1.92      2.22      359.34
0247   123.2   859.5     22.07     84.6     992   160     1.01      -.34       .95     6      .2     994     0   0   4   0    32.3802   -77.9391     3261     1.95      2.25      359.35
0248   123.7   860.1     22.10     84.6     986   155     1.05      -.44       .96     6      .3     988     0   0   4   0    32.3802   -77.9391     3240     2.04      2.36      359.38
0249   124.2   860.7     22.13     84.6     979   150     1.14      -.57       .98     6      .2     981     0   0   4   0    32.3802   -77.9391     3219     2.21      2.55      359.43
0250   124.7   861.4     22.16     84.7     973   145     1.25      -.72      1.02     6      .2     975     0   0   4   0    32.3802   -77.9391     3198     2.43      2.80      359.50
0251   125.2   862.0     22.19     84.8     966   141     1.38      -.88      1.07     6      .2     968     0   0   4   0    32.3802   -77.9391     3176     2.68      3.10      359.57
0252   125.7   862.6     22.22     84.9     960   137     1.51     -1.03      1.10     6      .1     962     3   3   4   0    32.3802   -77.9391     3155     2.93      3.39      359.63
0253   126.2   863.3     22.25     84.9     953   134     1.62     -1.17      1.12     5      .1     955     0   0   4   0    32.3803   -77.9391     3133     3.13      3.62      359.68
0254   126.7   864.0     22.28     84.9     946   131     1.68     -1.26      1.11     6      .0     948     0   0   4   3    32.3803   -77.9391     3111     3.26      3.77      359.71
0255   127.2   864.6     22.32     84.9     940   129     1.70     -1.32      1.08     6      .0     942     3   3   4   0    32.3803   -77.9391     3089     3.31      3.82      359.73
0256   127.7   865.3     22.35     84.8     933   128     1.68     -1.32      1.03     6      .0     935     0   0   4   3    32.3803   -77.9391     3068     3.25      3.76      359.74
0257   128.2   865.9     22.39     84.8     927   128     1.61     -1.27       .98     6      .0     928     0   0   4   0    32.3803   -77.9391     3046     3.12      3.60      359.73
0258   128.7   866.6     22.43     84.7     920   128     1.50     -1.18       .92     6      .0     922     0   0   4   0    32.3803   -77.9391     3024     2.91      3.36      359.73
0259   129.2   867.2     22.46     84.6     913   130     1.36     -1.05       .87     5     -.1     915     0   0   4   0    32.3803   -77.9392     3003     2.65      3.05      359.73
0260   129.7   867.9     22.50     84.6     907   133     1.22      -.89       .83     6     -.2     909     0   0   4   0    32.3803   -77.9392     2981     2.37      2.73      359.73
0261   130.2   868.5     22.53     84.5     900   138     1.09      -.73       .80     6     -.2     902     0   0   4   0    32.3803   -77.9392     2959     2.11      2.43      359.75
0262   130.7   869.2     22.57     84.5     893   143      .98      -.58       .78     5     -.3     895     0   0   4   0    32.3803   -77.9392     2937     1.89      2.18      359.78
0263   131.2   869.9     22.61     84.5     887   148      .90      -.47       .77     6     -.3     888     0   0   4   0    32.3803   -77.9392     2915     1.75      2.02      359.82
0264   131.7   870.6     22.65     84.5     880   152      .87      -.40       .77     6     -.3     882     0   0   4   0    32.3803   -77.9392     2892     1.68      1.94      359.88
0265   132.2   871.3     22.69     84.5     873   154      .87      -.38       .78     6     -.3     875     0   0   4   0    32.3803   -77.9392     2870     1.68      1.94      359.96
0266   132.7   871.9     22.73     84.6     866   154      .90      -.39       .81     6     -.3     868     0   0   4   0    32.3803   -77.9392     2848     1.75      2.02      360.04
0267   133.2   872.6     22.77     84.6     859   153      .96      -.43       .86     6     -.2     861     0   0   4   0    32.3803   -77.9392     2826     1.86      2.15      360.11
0268   133.7   873.3     22.81     84.6     853   152     1.03      -.48       .91     6     -.2     855     0   0   4   0    32.3803   -77.9392     2804     2.00      2.30      360.18
0269   134.2   873.9     22.84     84.6     846   153     1.09      -.50       .97     6     -.1     848     0   0   4   0    32.3803   -77.9392     2782     2.12      2.44      360.23
0270   134.7   874.6     22.88     84.6     840   154     1.13      -.49      1.02     5     -.1     841     0   0   4   0    32.3803   -77.9392     2761     2.19      2.53      360.25
0271   135.2   875.2     22.91     84.6     833   158     1.14      -.43      1.05     6     -.2     835     0   0   4   0    32.3803   -77.9392     2739     2.21      2.55      360.25
0272   135.7   875.9     22.94     84.5     826   162     1.13      -.34      1.07     6     -.2     828     0   0   4   0    32.3803   -77.9392     2717     2.19      2.52      360.24
0273   136.2   876.6     22.97     84.4     820   168     1.11      -.23      1.09     6     -.3     822     0   0   4   0    32.3803   -77.9392     2695     2.15      2.48      360.21
0274   136.7   877.2     23.01     84.3     813   174     1.10      -.12      1.10     5     -.3     815     3   3   4   0    32.3803   -77.9392     2673     2.14      2.47      360.19
0275   137.2   877.9     23.05     84.2     806   178     1.12      -.03      1.12     5     -.3     808     0   0   4   3    32.3803   -77.9392     2651     2.17      2.51      360.16
0276   137.7   878.6     23.09     84.1     799   181     1.16       .02      1.16     5     -.3     801     0   0   4   0    32.3803   -77.9392     2629     2.25      2.60      360.14
0277   138.2   879.3     23.14     83.9     793   180     1.22       .01      1.22     6     -.3     794     0   0   4   0    32.3803   -77.9392     2607     2.36      2.73      360.13
0278   138.7   880.0     23.19     83.7     786   178     1.28      -.05      1.28     5     -.2     788     0   0   4   0    32.3804   -77.9392     2584     2.48      2.87      360.11
0279   139.2   880.6     23.24     83.5     779   173     1.34      -.15      1.33     5     -.2     781     0   0   4   3    32.3804   -77.9392     2563     2.59      2.99      360.09
0280   139.7   881.3     23.30     83.3     773   168     1.38      -.28      1.35     5     -.1     774     0   0   4   0    32.3804   -77.9392     2541     2.67      3.08      360.07
0281   140.2   882.0     23.35     83.0     766   163     1.39      -.42      1.33     5     -.1     768     0   0   4   0    32.3804   -77.9392     2519     2.70      3.11      360.04
0282   140.7   882.6     23.40     82.8     759   157     1.37      -.54      1.26     5     -.1     761     3   3   4   3    32.3804   -77.9392     2498     2.65      3.07      360.03
0283   141.2   883.3     23.45     82.7     753   152     1.32      -.63      1.16     5      .0     755     0   0   4   3    32.3804   -77.9392     2476     2.56      2.95      360.03
0284   141.7   883.9     23.49     82.6     746   147     1.24      -.67      1.05     5      .0     748     0   0   4   0    32.3804   -77.9392     2455     2.41      2.79      360.05
0285   142.2   884.6     23.54     82.6     740   145     1.16      -.66       .95     5      .0     742     0   0   4   0    32.3804   -77.9392     2433     2.25      2.60      360.11
0286   142.7   885.2     23.58     82.6     733   146     1.07      -.60       .89     5      .0     735     0   0   4   0    32.3804   -77.9392     2412     2.08      2.40      360.21
0287   143.2   885.9     23.61     82.7     727   151     1.00      -.49       .87     5      .0     729     0   0   4   0    32.3804   -77.9392     2390     1.93      2.23      360.33
0288   143.7   886.6     23.64     82.9     720   160      .95      -.33       .89     6     -.1     722     0   0   4   0    32.3804   -77.9392     2369     1.84      2.13      360.45
0289   144.2   887.2     23.66     83.1     714   171      .95      -.15       .94     6     -.1     715     0   0   4   0    32.3804   -77.9392     2347     1.84      2.12      360.57
0290   144.7   887.9     23.68     83.3     707   183      .99       .05       .98     5     -.2     709     0   0   4   0    32.3804   -77.9392     2326     1.91      2.21      360.65
0291   145.2   888.6     23.69     83.5     700   193     1.04       .23      1.01     5     -.2     702     0   0   4   0    32.3804   -77.9392     2304     2.02      2.33      360.68
0292   145.7   889.2     23.70     83.6     694   201     1.08       .38      1.01     6     -.3     696     0   0   4   0    32.3804   -77.9392     2282     2.09      2.41      360.67
0293   146.2   889.9     23.71     83.6     687   206     1.08       .48       .97     5     -.3     689     0   0   4   0    32.3804   -77.9392     2260     2.09      2.41      360.62
0294   146.7   890.6     23.72     83.6     680   210     1.03       .51       .90     6     -.4     682     0   0   4   0    32.3804   -77.9392     2238     2.01      2.32      360.54
0295   147.2   891.3     23.73     83.6     674   210      .95       .48       .83     6     -.4     675     0   0   4   0    32.3804   -77.9392     2216     1.85      2.14      360.48
0296   147.7   892.0     23.75     83.6     667   207      .86       .39       .76     6     -.4     669     0   0   4   3    32.3804   -77.9392     2194     1.66      1.92      360.43
0297   148.2   892.7     23.77     83.7     660   200      .77       .27       .73     5     -.4     662     0   0   4   3    32.3804   -77.9392     2171     1.50      1.74      360.44
0298   148.7   893.4     23.79     83.8     653   190      .74       .13       .73     5     -.4     655     0   0   4   0    32.3804   -77.9392     2149     1.43      1.65      360.48
0299   149.2   894.0     23.82     83.9     647   179      .76      -.01       .76     5     -.3     648     0   0   4   0    32.3804   -77.9392     2127     1.47      1.70      360.57
0300   149.7   894.7     23.84     84.1     640   171      .83      -.13       .82     5     -.2     642     0   0   4   0    32.3804   -77.9392     2105     1.61      1.85      360.67
0301   150.2   895.4     23.87     84.3     633   166      .91      -.23       .88     5     -.2     635     0   0   4   0    32.3805   -77.9392     2084     1.77      2.04      360.78
0302   150.7   896.1     23.89     84.4     627   162      .99      -.30       .95     5     -.1     628     0   0   4   0    32.3805   -77.9392     2062     1.92      2.22      360.87
0303   151.2   896.7     23.91     84.6     620   160     1.05      -.35       .99     5      .0     622     0   0   4   0    32.3805   -77.9392     2041     2.04      2.36      360.94
0304   151.7   897.4     23.93     84.6     614   158     1.09      -.40      1.02     5      .0     615     0   0   4   0    32.3805   -77.9392     2019     2.12      2.45      360.97
0305   152.2   898.0     23.96     84.7     607   156     1.11      -.45      1.02     5      .0     609     0   0   4   0    32.3805   -77.9392     1998     2.16      2.49      360.99
0306   152.7   898.7     23.98     84.7     601   153     1.12      -.50      1.00     5      .1     603     0   0   4   0    32.3805   -77.9392     1977     2.17      2.51      360.98
0307   153.2   899.4     24.00     84.7     594   150     1.12      -.56       .97     5      .0     596     0   0   4   0    32.3805   -77.9392     1956     2.17      2.51      360.97
0308   153.7   900.0     24.03     84.7     588   147     1.12      -.61       .94     5      .0     590     0   0   4   0    32.3805   -77.9392     1935     2.18      2.51      360.96
0309   154.2   900.7     24.06     84.7     581   144     1.13      -.66       .92     5      .0     583     0   0   4   0    32.3805   -77.9392     1913     2.18      2.52      360.95
0310   154.7   901.4     24.09     84.6     575   143     1.13      -.69       .90     5      .0     577     0   0   4   0    32.3805   -77.9392     1892     2.20      2.54      360.93
0311   155.2   902.0     24.12     84.5     568   143     1.14      -.70       .91     5     -.1     570     0   0   4   0    32.3805   -77.9392     1871     2.22      2.56      360.91
0312   155.7   902.7     24.16     84.3     562   143     1.15      -.69       .93     5     -.1     564     0   0   4   0    32.3805   -77.9392     1849     2.24      2.58      360.86
0313   156.2   903.4     24.20     84.2     555   145     1.16      -.66       .95     5     -.1     557     0   0   4   0    32.3805   -77.9392     1828     2.25      2.60      360.80
0314   156.7   904.0     24.24     83.9     549   147     1.17      -.63       .98     5     -.1     550     0   0   4   0    32.3805   -77.9392     1806     2.27      2.62      360.72
0315   157.2   904.7     24.28     83.7     542   149     1.17      -.60      1.01     5     -.2     544     0   0   4   0    32.3805   -77.9392     1784     2.27      2.63      360.62
0316   157.7   905.4     24.31     83.5     536   151     1.17      -.57      1.02     5     -.1     537     0   0   4   3    32.3805   -77.9392     1763     2.27      2.62      360.54
0317   158.2   906.1     24.35     83.3     529   151     1.16      -.57      1.01     5     -.1     531     0   0   4   0    32.3805   -77.9392     1741     2.25      2.60      360.46
0318   158.7   906.7     24.39     83.2     522   149     1.15      -.60       .98     6     -.1     524     0   0   4   0    32.3805   -77.9392     1720     2.23      2.57      360.43
0319   159.2   907.4     24.42     83.1     516   145     1.13      -.65       .93     5     -.1     518     3   3   4   0    32.3805   -77.9392     1698     2.20      2.54      360.43
0320   159.7   908.1     24.46     83.1     509   139     1.13      -.74       .86     6      .0     511     0   0   4   0    32.3805   -77.9392     1677     2.19      2.53      360.47
0321   160.2   908.8     24.49     83.2     503   133     1.15      -.84       .78     6      .0     505     0   0   4   0    32.3805   -77.9392     1656     2.22      2.57      360.54
0322   160.7   909.4     24.52     83.3     496   126     1.18      -.96       .69     6      .1     498     0   0   4   0    32.3805   -77.9392     1635     2.29      2.64      360.64
0323   161.2   910.1     24.55     83.4     490   120     1.22     -1.06       .60     6      .1     492     0   0   4   0    32.3805   -77.9392     1614     2.37      2.74      360.73
0324   161.7   910.7     24.58     83.5     484   115     1.26     -1.14       .52     6      .2     485     0   0   4   0    32.3805   -77.9392     1593     2.44      2.82      360.81
0325   162.2   911.4     24.61     83.5     477   111     1.27     -1.19       .46     6      .3     479     0   0   4   0    32.3805   -77.9392     1572     2.47      2.85      360.85
0326   162.7   912.1     24.64     83.5     471   109     1.25     -1.18       .41     6      .3     473     0   0   4   0    32.3805   -77.9392     1551     2.43      2.81      360.85
0327   163.2   912.7     24.66     83.4     465   109     1.21     -1.14       .39     6      .3     467     0   0   4   0    32.3805   -77.9392     1531     2.34      2.71      360.79
0328   163.7   913.3     24.69     83.3     458   110     1.14     -1.08       .39     6      .3     460     0   0   4   3    32.3805   -77.9392     1510     2.22      2.56      360.70
0329   164.2   914.0     24.72     83.0     452   113     1.09     -1.00       .42     6      .3     454     0   0   4   0    32.3805   -77.9392     1490     2.11      2.43      360.57
0330   164.7   914.6     24.75     82.8     446   117     1.05      -.94       .48     6      .3     448     0   0   4   3    32.3805   -77.9393     1469     2.04      2.36      360.42
0331   165.2   915.3     24.78     82.6     440   122     1.06      -.90       .56     6      .2     441     0   0   4   0    32.3806   -77.9393     1448     2.05      2.37      360.29
0332   165.7   916.0     24.81     82.4     433   126     1.10      -.89       .66     5      .2     435     0   0   4   0    32.3806   -77.9393     1427     2.14      2.47      360.19
0333   166.2   916.6     24.84     82.3     427   130     1.18      -.90       .76     5      .1     429     0   0   4   0    32.3806   -77.9393     1406     2.29      2.64      360.15
0334   166.7   917.3     24.86     82.3     420   133     1.26      -.93       .85     5      .1     422     0   0   4   0    32.3806   -77.9393     1385     2.45      2.83      360.17
0335   167.2   918.0     24.89     82.5     414   135     1.34      -.95       .94     5      .1     416     0   0   4   0    32.3806   -77.9393     1364     2.60      3.00      360.27
0336   167.7   918.6     24.91     82.8     407   137     1.39      -.95      1.01     5      .2     409     0   0   4   0    32.3806   -77.9393     1343     2.70      3.11      360.43
0337   168.2   919.3     24.93     83.1     401   139     1.42      -.93      1.07     5      .2     403     0   0   4   0    32.3806   -77.9393     1322     2.75      3.18      360.64
0338   168.7   920.0     24.95     83.5     395   142     1.43      -.88      1.12     5      .3     397     0   0   4   0    32.3806   -77.9393     1301     2.77      3.20      360.88
0339   169.2   920.6     24.96     83.9     389   144     1.43      -.83      1.17     5      .3     390     0   0   4   3    32.3806   -77.9393     1281     2.78      3.21      361.12
0340   169.7   921.3     24.98     84.2     382   147     1.45      -.79      1.21     5      .3     384     0   0   4   0    32.3806   -77.9393     1261     2.81      3.24      361.34
0341   170.2   921.9     25.01     84.5     376   148     1.48      -.79      1.26     5      .3     378     0   0   4   0    32.3806   -77.9393     1240     2.88      3.33      361.51
0342   170.7   922.6     25.03     84.7     370   148     1.54      -.81      1.31     5      .2     372     0   0   4   0    32.3806   -77.9393     1220     3.00      3.46      361.63
0343   171.2   923.2     25.05     84.8     364   147     1.62      -.87      1.37     5      .2     365     0   0   4   0    32.3806   -77.9394     1199     3.15      3.64      361.70
0344   171.7   923.9     25.08     84.8     357   146     1.71      -.95      1.42     5      .1     359     0   0   4   0    32.3806   -77.9394     1178     3.32      3.83      361.73
0345   172.2   924.6     25.11     84.8     351   145     1.79     -1.04      1.46     5      .1     353     0   0   4   0    32.3806   -77.9394     1157     3.48      4.02      361.72
0346   172.7   925.2     25.14     84.7     344   143     1.85     -1.11      1.48     5      .0     346     0   0   4   0    32.3806   -77.9394     1136     3.59      4.15      361.69
0347   173.2   925.9     25.17     84.6     338   142     1.88     -1.15      1.49     5      .0     340     0   0   4   0    32.3806   -77.9394     1115     3.64      4.21      361.64
0348   173.7   926.6     25.21     84.4     331   142     1.86     -1.15      1.46     5      .0     333     0   0   4   0    32.3806   -77.9394     1093     3.61      4.17      361.60
0349   174.2   927.3     25.25     84.3     325   141     1.80     -1.13      1.41     5      .0     327     0   0   4   0    32.3806   -77.9394     1072     3.50      4.04      361.56
0350   174.7   927.9     25.30     84.1     319   141     1.71     -1.07      1.34     5      .0     320     0   0   4   0    32.3807   -77.9394     1051     3.32      3.84      361.53
0351   175.2   928.6     25.35     83.9     312   141     1.60     -1.01      1.24     5      .0     314     0   0   4   0    32.3807   -77.9394     1030     3.10      3.58      361.51
0352   175.7   929.3     25.40     83.7     306   140     1.47      -.94      1.13     5     -.1     308     0   0   4   0    32.3807   -77.9394     1009     2.85      3.29      361.49
0353   176.2   930.0     25.46     83.4     299   139     1.35      -.88      1.02     5     -.1     301     0   0   4   0    32.3807   -77.9394      988     2.61      3.02      361.48
0354   176.7   930.6     25.51     83.2     293   138     1.24      -.83       .92     5     -.1     295     0   0   4   0    32.3807   -77.9394      967     2.40      2.77      361.47
0355   177.2   931.3     25.57     83.0     286   136     1.15      -.79       .83     5     -.1     288     0   0   4   0    32.3807   -77.9394      946     2.23      2.58      361.45
0356   177.7   932.0     25.62     82.8     280   135     1.09      -.77       .77     5      .0     282     0   0   4   0    32.3807   -77.9395      925     2.12      2.45      361.43
0357   178.2   932.7     25.67     82.6     274   135     1.07      -.76       .75     5      .0     275     0   0   4   0    32.3807   -77.9395      903     2.07      2.39      361.40
0358   178.7   933.4     25.72     82.4     267   135     1.07      -.75       .76     5      .1     269     0   0   4   0    32.3807   -77.9395      882     2.08      2.40      361.37
0359   179.2   934.0     25.77     82.1     261   137     1.11      -.75       .81     5      .1     263     0   0   4   0    32.3807   -77.9395      862     2.14      2.48      361.33
0360   179.7   934.7     25.82     82.0     255   140     1.17      -.76       .89     5      .2     256     0   0   4   0    32.3807   -77.9395      841     2.26      2.61      361.31
0361   180.2   935.3     25.87     81.8     248   143     1.25      -.75      1.00     5      .2     250     0   0   4   0    32.3807   -77.9395      820     2.43      2.80      361.32
0362   180.7   936.0     25.92     81.6     242   146     1.35      -.75      1.13     5      .2     244     0   0   4   0    32.3807   -77.9395      800     2.63      3.03      361.35
0363   181.2   936.7     25.98     81.5     236   150     1.47      -.74      1.27     5      .2     238     0   0   4   0    32.3807   -77.9395      780     2.84      3.28      361.40
0364   181.7   937.3     26.03     81.4     230   153     1.58      -.72      1.41     5      .2     231     0   0   4   0    32.3807   -77.9395      759     3.07      3.55      361.47
0365   182.2   938.0     26.08     81.3     223   156     1.70      -.70      1.54     5      .2     225     0   0   4   0    32.3807   -77.9395      739     3.29      3.80      361.55
0366   182.7   938.7     26.13     81.3     217   158     1.80      -.68      1.66     5      .2     219     0   0   4   0    32.3807   -77.9395      718     3.48      4.02      361.63
0367   183.2   939.3     26.18     81.2     211   159     1.88      -.68      1.75     5      .2     212     0   0   4   0    32.3807   -77.9395      697     3.65      4.21      361.72
0368   183.7   940.0     26.23     81.3     204   160     1.94      -.67      1.82     5      .1     206     0   0   4   0    32.3807   -77.9395      676     3.77      4.35      361.82
0369   184.2   940.7     26.27     81.3     198   160     1.98      -.67      1.87     5      .1     200     0   0   4   0    32.3808   -77.9395      655     3.85      4.44      361.94
0370   184.7   941.3     26.30     81.5     192   160     2.01      -.67      1.89     5      .1     193     0   0   4   3    32.3808   -77.9395      635     3.90      4.50      362.09
0371   185.2   942.0     26.34     81.6     185   161     2.02      -.66      1.91     5      .1     187     0   0   4   3    32.3808   -77.9395      614     3.92      4.53      362.26
0372   185.7   942.7     26.37     81.8     179   162     2.03      -.63      1.93     5      .0     181     0   0   4   0    32.3808   -77.9395      594     3.93      4.54      362.44
0373   186.2   943.3     26.40     82.0     173   163     2.03      -.58      1.95     5      .0     175     0   0   4   0    32.3808   -77.9395      573     3.95      4.56      362.61
0374   186.7   944.0     26.44     82.1     166   165     2.05      -.52      1.98     5     -.1     168     0   0   4   0    32.3808   -77.9395      552     3.97      4.59      362.72
0375   187.2   944.7     26.48     82.0     160   167     2.07      -.45      2.02     5     -.2     162     0   0   4   0    32.3808   -77.9395      531     4.02      4.64      362.75
0376   187.7   945.4     26.51     81.9     153   169     2.10      -.41      2.06     5     -.2     155     0   0   4   0    32.3808   -77.9395      509     4.07      4.70      362.71
0377   188.2   946.1     26.55     81.7     147   169     2.12      -.39      2.08     5     -.3     149     0   0   4   0    32.3808   -77.9395      488     4.11      4.74      362.60
0378   188.7   946.8     26.58     81.5     140   169     2.12      -.42      2.08     5     -.3     142     0   0   4   0    32.3808   -77.9395      466     4.12      4.76      362.46
0379   189.2   947.5     26.61     81.2     134   167     2.12      -.48      2.06     5     -.2     135     0   0   4   3    32.3808   -77.9395      444     4.11      4.74      362.34
0380   189.7   948.2     26.64     81.1     127   164     2.10      -.58      2.02     5     -.2     129     0   0   4   0    32.3808   -77.9395      423     4.08      4.71      362.27
0381   190.2   948.9     26.67     81.1     121   161     2.10      -.69      1.98     5     -.2     123     0   0   4   0    32.3808   -77.9395      402     4.07      4.70      362.29
0382   190.7   949.6     26.69     81.3     114   157     2.11      -.82      1.95     5     -.2     116     0   0   4   0    32.3809   -77.9395      381     4.10      4.73      362.40
0383   191.2   950.2     26.72     81.5     108   154     2.15      -.96      1.93     5     -.2     110     0   0   4   0    32.3809   -77.9395      361     4.18      4.83      362.57
0384   191.7   950.9     26.74     81.8     102   150     2.23     -1.11      1.93     5     -.2     104     0   0   4   0    32.3809   -77.9395      340     4.33      5.00      362.77
0385   192.2   951.6     26.76     82.1      95   146     2.34     -1.30      1.95     5     -.2      97     0   0   4   0    32.3809   -77.9395      319     4.55      5.25      362.95
0386   192.7   952.3     26.79     82.2      89   142     2.48     -1.52      1.96     5     -.2      91     0   0   4   0    32.3809   -77.9396      297     4.82      5.56      363.07
0387   193.2   953.0     26.81     82.3      82   138     2.64     -1.76      1.97     5     -.2      84     0   0   4   0    32.3809   -77.9396      276     5.12      5.91      363.14
0388   193.7   953.7     26.84     82.4      76   134     2.79     -2.00      1.95     5     -.2      77     0   0   4   3    32.3809   -77.9396      254     5.42      6.26      363.19
0389   194.2   954.4     26.87     82.5      69   131     2.91     -2.21      1.90     5     -.2      71     0   0   4   0    32.3809   -77.9396      233     5.65      6.53      363.27
0390   194.7   955.1     26.90     82.6      63   128     2.98     -2.35      1.83     5     -.1      64     0   0   4   0    32.3809   -77.9396      212     5.78      6.67      363.39
0391   195.2   955.8     26.92     82.8      56   126     2.98     -2.42      1.74     5      .1      58     0   0   4   0    32.3809   -77.9396      191     5.78      6.67      363.55
0392   195.7   956.5     26.95     83.1      50   124     2.92     -2.43      1.63     5      .2      52     0   0   4   0    32.3809   -77.9396      170     5.67      6.55      363.72
0393   196.2   957.1     26.97     83.3      44   122     2.83     -2.39      1.50     5      .4      46     0   0   4   0    32.3809   -77.9396      150     5.48      6.33      363.88
0394   196.7   957.8     26.99     83.5      38   121     2.69     -2.31      1.36     5      .5      40     0   0   4   0    32.3809   -77.9397      130     5.21      6.02      364.01
0395   197.2   958.4     27.01     83.6      32   119     2.47     -2.16      1.20     5      .5      34     0   0   4   0    32.3809   -77.9397      110     4.80      5.54      364.09
0396   197.7   959.1     27.03     83.7      26   118     2.15     -1.90      1.01     5      .6      28     0   0   4   0    32.3810   -77.9397       90     4.17      4.82      364.12
0397   198.2   959.7     27.06     83.6      20   119     1.71     -1.50       .83     5      .6      22     0   0   4   0    32.3810   -77.9397       71     3.32      3.84      364.09
0398   198.7   960.3     27.08     83.5      14   127     1.30     -1.03       .79     5      .6      16     0   0   4   0    32.3810   -77.9397       52     2.52      2.91      364.02
0399   199.2   961.0     27.11     83.5       8   148      .67      -.35       .57     5      .6      10     0   0   4   0    32.3810   -77.9397       31     1.29      1.49      364.08
