 ===========================================================================
 DROPWINDSONDE PROCESSING RECORD                            Sonde: 984325110
 PDS file written Aug 29, 2005.                             Format:    V6.03
 Aircraft: AFRES C-130                       Date: 990903   Time: 172301 UTC
 ---------------------------------------------------------------------------
 Bias corrections:  PR =    .0 mb  TE =    .0 C  RH =    .0 %  PRB =   .0 mb
 Filters (LPF):     PTH =   5 s    WIND =   5 s       Hyd anchor =       SFC
 Dyn RH correction =  N     WSHR COR =      Y         Splash PR  =  985.1 mb
 Estimated PR used =  N     GPS VERR =    .13 m/s     HYD SFCP   =  983.8 mb
 Dyn T correction  =  Y     WGACORR  =   -4.3 m       AC GA ADJ  =     .0 m
 ---------------------------------------------------------------------------
 COMMENTS: Eye. rh doubtful.                                           
 ===========================================================================

 ==============================================================================
 Date: 990903   Lat:  32.96 N   TA:   20.0 C   PS:  844.0 mb   WD:    32 deg
 Time: 172301   Lon:  73.76 W   TD:   18.4 C   GA:   1339 m    WS:   2.0 m/s
 SID:  984325110                RH:   90.4 %   Navaid:   GP          
 ===========================================================================

IX      t (s)  P (mb)    T (C)    RH (%)  Z (m)   WD    WS (m/s)   U (m/s)   V (m/s)  NS  WZ (m/s)  ZW (m)   FP  FT  FH  FW   LAT (N)    LON (E)  ZW (ft)  WS (kt)  WS (mph)  THETAE (K)
0001      .2   844.7     20.01     90.4    1352    34     2.00     -1.13     -1.65  -999  -999.0    1348     3   3   4   3    32.9600   -73.7600     4422     3.87      4.47      356.35
0002      .7   845.3     20.02     90.4    1345    43     2.01     -1.37     -1.46  -999  -999.0    1341     3   3   4   3    32.9600   -73.7600     4399     3.89      4.50      356.28
0003     1.2   846.0     20.04     90.4    1339    46     2.02     -1.44     -1.41  -999  -999.0    1334     3   3   4   3    32.9600   -73.7600     4377     3.92      4.52      356.21
0004     1.7   846.6     20.05     90.3    1332    48     2.03     -1.51     -1.36  -999  -999.0    1327     3   3   4   3    32.9600   -73.7600     4355     3.94      4.55      356.13
0005     2.2   847.3     20.06     90.3    1325    50     2.05     -1.57     -1.31  -999  -999.0    1321     3   3   4   3    32.9600   -73.7600     4333     3.98      4.59      356.05
0006     2.7   848.0     20.08     90.3    1318    52     2.07     -1.64     -1.27  -999  -999.0    1314     3   3   4   3    32.9600   -73.7600     4311     4.02      4.64      355.97
0007     3.2   848.6     20.09     90.3    1312    55     2.10     -1.71     -1.22  -999  -999.0    1307     3   3   4   3    32.9600   -73.7601     4289     4.07      4.69      355.90
0008     3.7   849.3     20.10     90.3    1305    57     2.12     -1.77     -1.17  -999  -999.0    1301     3   3   4   3    32.9599   -73.7601     4267     4.12      4.76      355.82
0009     4.2   849.9     20.11     90.2    1298    59     2.15     -1.84     -1.12  -999  -999.0    1294     3   3   4   3    32.9599   -73.7601     4245     4.18      4.82      355.74
0010     4.7   850.6     20.13     90.2    1291    61     2.19     -1.91     -1.07  -999  -999.0    1287     3   3   4   3    32.9599   -73.7601     4223     4.24      4.90      355.66
0011     5.2   851.2     20.14     90.2    1285    63     2.22     -1.97     -1.02  -999  -999.0    1280     3   3   4   3    32.9599   -73.7601     4201     4.31      4.97      355.58
0012     5.7   851.9     20.15     90.2    1278    65     2.26     -2.04      -.97  -999  -999.0    1274     3   3   4   3    32.9599   -73.7601     4179     4.38      5.06      355.51
0013     6.2   852.6     20.16     90.1    1271    66     2.30     -2.11      -.92  -999  -999.0    1267     3   3   4   3    32.9599   -73.7601     4157     4.46      5.15      355.43
0014     6.7   853.2     20.17     90.1    1265    68     2.34     -2.17      -.87  -999  -999.0    1260     3   3   4   3    32.9599   -73.7601     4135     4.54      5.24      355.35
0015     7.2   853.9     20.19     90.1    1258    70     2.39     -2.24      -.82  -999  -999.0    1254     3   3   4   3    32.9599   -73.7601     4113     4.63      5.34      355.27
0016     7.7   854.5     20.20     90.1    1251    71     2.43     -2.31      -.77  -999  -999.0    1247     3   3   4   3    32.9599   -73.7601     4091     4.72      5.45      355.18
0017     8.2   855.2     20.21     90.1    1245    73     2.48     -2.37      -.72  -999  -999.0    1240     3   3   4   3    32.9599   -73.7602     4069     4.81      5.56      355.10
0018     8.7   855.9     20.22     90.0    1238    75     2.53     -2.44      -.67  -999  -999.0    1234     3   3   4   3    32.9599   -73.7602     4047     4.91      5.67      355.02
0019     9.2   856.5     20.23     90.0    1231    76     2.58     -2.51      -.62  -999  -999.0    1227     3   3   4   3    32.9599   -73.7602     4025     5.01      5.78      354.93
0020     9.7   857.2     20.24     90.0    1225    77     2.64     -2.57      -.57  -999  -999.0    1220     3   3   4   3    32.9599   -73.7602     4003     5.11      5.90      354.85
0021    10.2   857.8     20.25     90.0    1218    79     2.69     -2.64      -.53  -999  -999.0    1214     3   3   4   3    32.9599   -73.7602     3982     5.22      6.03      354.76
0022    10.7   858.5     20.26     90.0    1211    80     2.75     -2.71      -.48  -999  -999.0    1207     3   3   4   3    32.9599   -73.7602     3960     5.33      6.15      354.68
0023    11.2   859.1     20.27     89.9    1205    81     2.80     -2.77      -.43  -999  -999.0    1200     3   3   4   3    32.9599   -73.7603     3938     5.44      6.28      354.60
0024    11.7   859.8     20.29     89.9    1198    82     2.86     -2.84      -.38  -999  -999.0    1194     3   3   4   3    32.9599   -73.7603     3916     5.55      6.41      354.53
0025    12.2   860.5     20.30     89.9    1191    84     2.92     -2.91      -.33  -999  -999.0    1187     3   3   4   3    32.9599   -73.7603     3894     5.67      6.55      354.45
0026    12.7   861.1     20.31     89.9    1185    85     2.98     -2.97      -.28  -999  -999.0    1180     3   3   4   3    32.9599   -73.7603     3873     5.79      6.69      354.37
0027    13.2   861.8     20.32     89.8    1178    86     3.05     -3.04      -.23  -999  -999.0    1174     3   3   4   3    32.9599   -73.7603     3851     5.91      6.82      354.27
0028    13.7   862.4     20.32     89.8    1171    87     3.11     -3.10      -.18  -999  -999.0    1167     3   3   4   3    32.9599   -73.7603     3829     6.03      6.97      354.16
0029    14.2   863.1     20.32     89.8    1165    88     3.17     -3.17      -.13  -999  -999.0    1160     0   0   4   3    32.9599   -73.7603     3807     6.16      7.11      354.04
0030    14.7   863.8     20.32     89.8    1158    89     3.24     -3.24      -.08  -999  -999.0    1154     0   0   4   3    32.9599   -73.7604     3785     6.28      7.25      353.91
0031    15.2   864.4     20.32     89.8    1151    89     3.30     -3.30      -.03  -999  -999.0    1147     0   0   4   3    32.9599   -73.7604     3763     6.41      7.40      353.77
0032    15.7   865.1     20.32     89.7    1145    90     3.37     -3.37       .02  -999     -.3    1140     0   0   4   3    32.9599   -73.7604     3741     6.54      7.55      353.63
0033    16.2   865.8     20.32     89.7    1138    91     3.44     -3.44       .07  -999     -.3    1134     0   0   4   3    32.9599   -73.7604     3719     6.67      7.71      353.50
0034    16.7   866.4     20.32     89.7    1131    92     3.51     -3.51       .13  -999     -.3    1127     0   0   4   3    32.9599   -73.7604     3697     6.81      7.86      353.38
0035    17.2   867.1     20.33     89.7    1124    93     3.58     -3.58       .18  -999     -.4    1120     0   0   4   3    32.9599   -73.7604     3675     6.95      8.02      353.27
0036    17.7   867.8     20.33     89.7    1118    93     3.65     -3.65       .22  -999     -.4    1113     0   0   4   3    32.9599   -73.7605     3653     7.09      8.18      353.16
0037    18.2   868.5     20.34     89.6    1111    94     3.72     -3.71       .27  -999     -.4    1107     0   0   4   3    32.9599   -73.7605     3631     7.22      8.34      353.07
0038    18.7   869.2     20.35     89.6    1104    95     3.79     -3.78       .31  -999     -.5    1100     0   0   4   3    32.9599   -73.7605     3608     7.35      8.49      352.98
0039    19.2   869.8     20.36     89.6    1097    95     3.85     -3.84       .35  -999     -.5    1093     0   0   4   3    32.9599   -73.7605     3586     7.48      8.63      352.90
0040    19.7   870.5     20.37     89.6    1090    96     3.92     -3.90       .40  -999     -.5    1086     0   0   4   3    32.9599   -73.7606     3564     7.60      8.78      352.82
0041    20.2   871.2     20.39     89.5    1084    97     3.99     -3.96       .46  -999     -.5    1079     0   0   4   3    32.9599   -73.7606     3541     7.73      8.93      352.74
0042    20.7   871.9     20.40     89.5    1077    97     4.06     -4.03       .52  -999     -.5    1073     0   0   4   3    32.9599   -73.7606     3519     7.88      9.09      352.66
0043    21.2   872.6     20.41     89.5    1070    98     4.14     -4.10       .59  -999     -.5    1066     0   0   4   3    32.9599   -73.7606     3496     8.03      9.28      352.58
0044    21.7   873.3     20.43     89.5    1063    99     4.23     -4.18       .65  -999     -.4    1059     0   0   4   3    32.9599   -73.7607     3474     8.20      9.47      352.51
0045    22.2   873.9     20.44     89.5    1056    99     4.32     -4.26       .69  -999     -.4    1052     0   0   4   3    32.9599   -73.7607     3452     8.38      9.67      352.44
0046    22.7   874.6     20.46     89.4    1050    99     4.40     -4.34       .72  -999     -.4    1045     0   0   4   3    32.9599   -73.7607     3430     8.53      9.85      352.38
0047    23.2   875.3     20.47     89.4    1043    99     4.46     -4.40       .72  -999     -.4    1039     0   0   4   3    32.9599   -73.7607     3408     8.64      9.98      352.32
0048    23.7   876.0     20.49     89.4    1036    99     4.49     -4.43       .70     4     -.4    1032     0   0   4   0    32.9599   -73.7607     3386     8.70     10.05      352.27
0049    24.2   876.7     20.51     89.4    1029    98     4.48     -4.44       .66     4     -.4    1025     0   0   4   0    32.9599   -73.7608     3364     8.70     10.04      352.23
0050    24.7   877.3     20.54     89.3    1023    98     4.45     -4.41       .59     4     -.3    1018     0   0   4   0    32.9599   -73.7608     3342     8.64      9.98      352.20
0051    25.2   878.0     20.56     89.3    1016    97     4.41     -4.37       .53     4     -.4    1012     0   0   4   0    32.9599   -73.7608     3320     8.55      9.87      352.18
0052    25.7   878.7     20.59     89.3    1009    96     4.35     -4.33       .46     4     -.4    1005     0   0   4   0    32.9599   -73.7608     3297     8.45      9.75      352.17
0053    26.2   879.4     20.62     89.3    1003    95     4.31     -4.29       .40     4     -.4     998     0   0   4   0    32.9599   -73.7609     3275     8.37      9.66      352.17
0054    26.7   880.1     20.65     89.3     996    95     4.29     -4.27       .35     4     -.4     992     0   0   4   0    32.9599   -73.7609     3253     8.32      9.61      352.17
0055    27.2   880.7     20.68     89.3     989    94     4.29     -4.28       .31     4     -.4     985     0   0   4   0    32.9599   -73.7609     3231     8.32      9.60      352.18
0056    27.7   881.4     20.70     89.3     982    94     4.30     -4.29       .29     4     -.4     978     0   0   4   0    32.9599   -73.7609     3209     8.34      9.64      352.19
0057    28.2   882.1     20.73     89.4     976    94     4.32     -4.32       .28     4     -.5     971     0   0   4   0    32.9599   -73.7609     3187     8.39      9.69      352.21
0058    28.7   882.8     20.75     89.4     969    94     4.35     -4.34       .27     4     -.5     965     0   0   4   0    32.9599   -73.7610     3165     8.43      9.73      352.22
0059    29.2   883.5     20.78     89.5     962    93     4.36     -4.35       .26     4     -.5     958     0   0   4   0    32.9599   -73.7610     3143     8.45      9.76      352.25
0060    29.7   884.2     20.81     89.6     955    93     4.36     -4.35       .25     4     -.5     951     0   0   4   0    32.9599   -73.7610     3120     8.45      9.76      352.28
0061    30.2   884.9     20.84     89.6     949    93     4.34     -4.34       .23     4     -.6     944     0   0   4   0    32.9599   -73.7610     3098     8.43      9.73      352.32
0062    30.7   885.6     20.87     89.6     942    93     4.32     -4.32       .20     4     -.6     937     0   0   4   0    32.9599   -73.7611     3076     8.38      9.68      352.36
0063    31.2   886.3     20.91     89.7     935    92     4.29     -4.29       .16     4     -.6     931     0   0   4   0    32.9599   -73.7611     3053     8.32      9.61      352.40
0064    31.7   887.0     20.94     89.7     928    91     4.25     -4.25       .11     4     -.7     924     0   0   4   0    32.9599   -73.7611     3031     8.24      9.52      352.44
0065    32.2   887.7     20.97     89.7     921    91     4.20     -4.20       .05     4     -.7     917     0   0   4   0    32.9599   -73.7611     3009     8.15      9.41      352.48
0066    32.7   888.4     21.01     89.7     914    90     4.14     -4.14      -.01     4     -.7     910     0   0   4   0    32.9599   -73.7612     2986     8.04      9.28      352.50
0067    33.2   889.1     21.04     89.7     907    89     4.07     -4.07      -.07     4     -.7     903     0   0   4   0    32.9599   -73.7612     2963     7.90      9.12      352.52
0068    33.7   889.8     21.07     89.8     901    88     4.00     -3.99      -.12     4     -.7     896     0   0   4   0    32.9599   -73.7612     2941     7.75      8.95      352.53
0069    34.2   890.5     21.10     89.7     894    88     3.92     -3.92      -.16     4     -.7     889     0   0   4   0    32.9599   -73.7612     2918     7.60      8.78      352.54
0070    34.7   891.2     21.13     89.7     887    87     3.85     -3.85      -.19     4     -.6     883     0   0   4   0    32.9599   -73.7612     2895     7.47      8.63      352.54
0071    35.2   891.9     21.16     89.7     880    87     3.80     -3.80      -.21     4     -.5     876     0   0   4   0    32.9599   -73.7613     2873     7.38      8.52      352.55
0072    35.7   892.6     21.19     89.7     873    87     3.77     -3.77      -.22     4     -.4     869     0   0   4   0    32.9599   -73.7613     2851     7.32      8.45      352.55
0073    36.2   893.2     21.23     89.7     867    87     3.76     -3.75      -.23     4     -.3     862     0   0   4   0    32.9599   -73.7613     2829     7.29      8.42      352.56
0074    36.7   893.9     21.26     89.7     860    86     3.75     -3.74      -.23     4     -.3     856     0   0   4   0    32.9599   -73.7613     2808     7.28      8.40      352.58
0075    37.2   894.6     21.29     89.6     854    86     3.74     -3.73      -.23     4     -.3     849     0   0   4   0    32.9599   -73.7614     2786     7.25      8.37      352.60
0076    37.7   895.3     21.33     89.6     847    86     3.71     -3.70      -.23     4     -.3     843     0   0   4   0    32.9599   -73.7614     2765     7.20      8.31      352.63
0077    38.2   895.9     21.37     89.6     840    87     3.67     -3.66      -.22     4     -.4     836     0   0   4   0    32.9599   -73.7614     2743     7.12      8.22      352.67
0078    38.7   896.6     21.41     89.6     834    87     3.62     -3.62      -.18     4     -.5     829     0   0   4   0    32.9599   -73.7614     2721     7.03      8.11      352.71
0079    39.2   897.3     21.45     89.6     827    88     3.58     -3.58      -.12     4     -.6     823     0   0   4   0    32.9599   -73.7615     2699     6.95      8.03      352.75
0080    39.7   898.0     21.49     89.5     820    90     3.57     -3.57      -.02     4     -.7     816     0   0   4   0    32.9599   -73.7615     2677     6.92      7.99      352.78
0081    40.2   898.7     21.53     89.5     813    92     3.59     -3.59       .10     5     -.7     809     0   0   4   0    32.9599   -73.7615     2654     6.96      8.04      352.80
0082    40.7   899.5     21.57     89.4     806    94     3.65     -3.64       .24     5     -.7     802     0   0   4   0    32.9599   -73.7615     2631     7.08      8.18      352.80
0083    41.2   900.2     21.61     89.3     799    96     3.74     -3.72       .39     5     -.7     795     0   0   4   0    32.9599   -73.7615     2609     7.25      8.38      352.80
0084    41.7   900.9     21.65     89.2     793    98     3.84     -3.80       .53     5     -.6     788     0   0   4   0    32.9599   -73.7616     2586     7.44      8.59      352.79
0085    42.2   901.6     21.68     89.1     786   100     3.92     -3.86       .65     5     -.5     781     0   0   4   0    32.9599   -73.7616     2564     7.60      8.78      352.78
0086    42.7   902.3     21.72     89.0     779   101     3.96     -3.89       .73     5     -.4     775     0   0   4   0    32.9599   -73.7616     2542     7.69      8.87      352.78
0087    43.2   903.0     21.75     89.0     772   101     3.96     -3.88       .77     5     -.4     768     0   0   4   0    32.9600   -73.7616     2520     7.68      8.87      352.78
0088    43.7   903.6     21.78     89.0     766   101     3.91     -3.83       .78     5     -.3     762     0   0   4   0    32.9600   -73.7617     2499     7.59      8.76      352.80
0089    44.2   904.3     21.81     89.0     759   101     3.84     -3.76       .75     5     -.2     755     0   0   4   0    32.9600   -73.7617     2477     7.45      8.60      352.81
0090    44.7   905.0     21.83     89.0     753   101     3.76     -3.69       .69     5     -.2     749     0   0   4   0    32.9600   -73.7617     2456     7.29      8.41      352.82
0091    45.2   905.7     21.86     89.0     746   100     3.68     -3.63       .62     5     -.2     742     0   0   4   0    32.9600   -73.7617     2434     7.15      8.25      352.82
0092    45.7   906.4     21.89     89.0     740    98     3.64     -3.60       .53     5     -.2     735     0   0   4   0    32.9600   -73.7617     2413     7.06      8.16      352.82
0093    46.2   907.0     21.92     89.0     733    97     3.63     -3.61       .43     5     -.2     729     0   0   4   0    32.9600   -73.7618     2391     7.05      8.14      352.81
0094    46.7   907.7     21.95     89.0     727    95     3.66     -3.64       .34     5     -.2     722     0   0   4   0    32.9600   -73.7618     2370     7.10      8.19      352.81
0095    47.2   908.4     21.98     89.0     720    94     3.71     -3.70       .25     5     -.2     716     0   0   4   0    32.9600   -73.7618     2348     7.20      8.31      352.84
0096    47.7   909.1     22.01     89.0     713    93     3.78     -3.78       .17     5     -.3     709     0   0   4   0    32.9600   -73.7618     2327     7.33      8.47      352.88
0097    48.2   909.8     22.04     89.2     707    92     3.86     -3.86       .11     5     -.3     703     0   0   4   0    32.9600   -73.7619     2305     7.49      8.64      352.96
0098    48.7   910.5     22.06     89.3     700    91     3.94     -3.94       .07     5     -.4     696     0   0   4   0    32.9600   -73.7619     2284     7.64      8.82      353.05
0099    49.2   911.1     22.08     89.6     694    91     4.01     -4.01       .07     5     -.4     689     0   0   4   0    32.9600   -73.7619     2262     7.78      8.99      353.15
0100    49.7   911.8     22.10     89.8     687    91     4.07     -4.07       .09     5     -.5     683     0   0   4   0    32.9600   -73.7619     2240     7.91      9.13      353.24
0101    50.2   912.5     22.11     90.0     680    92     4.12     -4.12       .14     5     -.5     676     0   0   4   0    32.9600   -73.7620     2218     8.00      9.23      353.31
0102    50.7   913.2     22.12     90.2     674    93     4.15     -4.15       .21     5     -.5     669     0   0   4   0    32.9600   -73.7620     2196     8.05      9.30      353.33
0103    51.2   914.0     22.13     90.3     667    94     4.16     -4.15       .28     5     -.5     663     0   0   4   0    32.9600   -73.7620     2174     8.07      9.32      353.32
0104    51.7   914.7     22.14     90.4     660    95     4.15     -4.14       .34     5     -.5     656     0   0   4   0    32.9600   -73.7620     2152     8.05      9.30      353.28
0105    52.2   915.4     22.15     90.4     653    95     4.12     -4.11       .37     5     -.4     649     0   0   4   0    32.9600   -73.7620     2130     8.00      9.24      353.23
0106    52.7   916.1     22.17     90.4     647    95     4.08     -4.07       .37     5     -.3     643     0   0   4   0    32.9600   -73.7621     2108     7.92      9.14      353.17
0107    53.2   916.7     22.19     90.4     640    95     4.04     -4.02       .32     5     -.3     636     0   0   4   0    32.9600   -73.7621     2087     7.83      9.04      353.14
0108    53.7   917.4     22.21     90.4     634    93     3.99     -3.98       .24     5     -.2     630     0   0   4   0    32.9600   -73.7621     2065     7.74      8.94      353.13
0109    54.2   918.1     22.23     90.5     627    92     3.96     -3.96       .14     5     -.2     623     0   0   4   0    32.9600   -73.7621     2044     7.68      8.87      353.14
0110    54.7   918.8     22.26     90.5     621    90     3.94     -3.94       .03     5     -.3     617     0   0   4   0    32.9600   -73.7622     2023     7.65      8.84      353.18
0111    55.2   919.5     22.29     90.6     614    89     3.95     -3.95      -.05     5     -.3     610     0   0   4   0    32.9600   -73.7622     2002     7.66      8.85      353.23
0112    55.7   920.2     22.33     90.6     608    88     3.97     -3.97      -.11     5     -.4     604     0   0   4   0    32.9600   -73.7622     1980     7.70      8.89      353.28
0113    56.2   920.9     22.36     90.7     601    88     4.00     -4.00      -.12     5     -.5     597     0   0   4   0    32.9600   -73.7622     1958     7.77      8.97      353.33
0114    56.7   921.6     22.39     90.7     594    89     4.04     -4.04      -.09     5     -.5     590     0   0   4   0    32.9600   -73.7623     1936     7.84      9.05      353.37
0115    57.2   922.3     22.43     90.7     588    89     4.08     -4.08      -.04     5     -.6     583     0   0   4   0    32.9600   -73.7623     1914     7.92      9.15      353.41
0116    57.7   923.0     22.46     90.7     581    90     4.12     -4.12       .01     5     -.5     577     0   0   4   0    32.9600   -73.7623     1892     7.99      9.23      353.44
0117    58.2   923.7     22.49     90.7     574    91     4.15     -4.15       .04     5     -.5     570     0   0   4   0    32.9600   -73.7623     1870     8.05      9.29      353.48
0118    58.7   924.4     22.52     90.8     568    91     4.16     -4.16       .04     5     -.4     563     0   0   4   0    32.9600   -73.7623     1848     8.08      9.33      353.51
0119    59.2   925.1     22.55     90.8     561    90     4.17     -4.17       .00     5     -.4     557     0   0   4   0    32.9600   -73.7624     1826     8.08      9.33      353.55
0120    59.7   925.8     22.58     90.9     554    89     4.16     -4.16      -.08     5     -.3     550     0   0   4   0    32.9600   -73.7624     1805     8.08      9.32      353.57
0121    60.2   926.5     22.60     90.9     548    88     4.16     -4.16      -.17     5     -.2     544     0   0   4   0    32.9600   -73.7624     1784     8.07      9.32      353.58
0122    60.7   927.2     22.63     90.9     542    86     4.16     -4.15      -.26     5     -.2     537     0   0   4   0    32.9600   -73.7624     1763     8.07      9.32      353.58
0123    61.2   927.8     22.66     90.8     535    85     4.17     -4.16      -.33     5     -.2     531     0   0   4   0    32.9600   -73.7625     1741     8.09      9.34      353.57
0124    61.7   928.5     22.69     90.7     529    85     4.19     -4.17      -.36     5     -.2     524     0   0   4   0    32.9600   -73.7625     1720     8.13      9.38      353.55
0125    62.2   929.2     22.73     90.6     522    85     4.21     -4.19      -.35     5     -.2     518     0   0   4   0    32.9600   -73.7625     1699     8.16      9.42      353.54
0126    62.7   929.9     22.77     90.5     516    86     4.22     -4.21      -.32     5     -.3     511     0   0   4   0    32.9600   -73.7625     1678     8.18      9.45      353.53
0127    63.2   930.6     22.81     90.4     509    86     4.22     -4.21      -.28     5     -.3     505     0   0   4   0    32.9600   -73.7626     1656     8.18      9.45      353.55
0128    63.7   931.3     22.85     90.4     503    87     4.20     -4.19      -.25     5     -.3     498     0   0   4   0    32.9600   -73.7626     1635     8.15      9.41      353.58
0129    64.2   932.0     22.89     90.4     496    87     4.16     -4.16      -.23     5     -.4     492     0   0   4   0    32.9600   -73.7626     1613     8.08      9.33      353.62
0130    64.7   932.7     22.93     90.4     489    87     4.12     -4.11      -.23     5     -.4     485     0   0   4   0    32.9600   -73.7626     1592     7.99      9.22      353.69
0131    65.2   933.4     22.96     90.4     483    87     4.06     -4.06      -.24     5     -.4     479     0   0   4   0    32.9600   -73.7626     1570     7.88      9.10      353.75
0132    65.7   934.1     22.99     90.5     476    87     4.02     -4.01      -.24     5     -.4     472     0   0   4   0    32.9600   -73.7627     1548     7.79      9.00      353.82
0133    66.2   934.8     23.02     90.5     470    87     3.98     -3.98      -.22     5     -.4     465     0   0   4   0    32.9600   -73.7627     1527     7.73      8.92      353.86
0134    66.7   935.5     23.05     90.5     463    87     3.97     -3.96      -.18     5     -.3     459     0   0   4   0    32.9600   -73.7627     1505     7.70      8.89      353.88
0135    67.2   936.2     23.08     90.5     457    88     3.97     -3.97      -.11     5     -.3     452     0   0   4   0    32.9600   -73.7627     1484     7.70      8.89      353.86
0136    67.7   936.9     23.12     90.4     450    90     3.98     -3.98      -.02     5     -.2     446     0   0   4   0    32.9600   -73.7628     1463     7.73      8.92      353.82
0137    68.2   937.6     23.15     90.2     444    91     4.01     -4.01       .06     5     -.2     439     0   0   4   0    32.9600   -73.7628     1441     7.77      8.97      353.77
0138    68.7   938.3     23.19     90.0     437    92     4.03     -4.03       .13     5     -.2     433     0   0   4   0    32.9600   -73.7628     1420     7.82      9.03      353.71
0139    69.2   938.9     23.24     89.8     431    92     4.06     -4.05       .17     5     -.2     427     0   0   4   0    32.9600   -73.7628     1399     7.87      9.09      353.67
0140    69.7   939.6     23.28     89.6     424    92     4.08     -4.08       .18     5     -.2     420     0   0   4   0    32.9600   -73.7628     1379     7.92      9.15      353.66
0141    70.2   940.3     23.32     89.6     418    92     4.12     -4.12       .15     5     -.3     414     0   0   4   0    32.9600   -73.7629     1358     7.99      9.23      353.69
0142    70.7   941.0     23.36     89.6     412    91     4.17     -4.16       .10     5     -.4     407     0   0   4   0    32.9600   -73.7629     1336     8.08      9.33      353.77
0143    71.2   941.7     23.40     89.7     405    90     4.22     -4.22       .04     5     -.5     401     0   0   4   0    32.9600   -73.7629     1315     8.19      9.46      353.87
0144    71.7   942.4     23.43     89.8     398    90     4.28     -4.28      -.03     5     -.7     394     0   0   4   0    32.9600   -73.7629     1293     8.31      9.60      353.99
0145    72.2   943.2     23.46     90.0     392    89     4.34     -4.34      -.10     5     -.7     387     0   0   4   0    32.9600   -73.7630     1271     8.42      9.72      354.10
0146    72.7   943.9     23.48     90.2     385    88     4.38     -4.38      -.14     5     -.8     380     0   0   4   0    32.9600   -73.7630     1248     8.51      9.82      354.18
0147    73.2   944.6     23.50     90.3     378    88     4.41     -4.40      -.17     5     -.8     374     0   0   4   0    32.9600   -73.7630     1226     8.55      9.87      354.22
0148    73.7   945.4     23.52     90.4     371    88     4.41     -4.41      -.18     5     -.8     367     0   0   4   0    32.9600   -73.7630     1203     8.56      9.88      354.22
0149    74.2   946.1     23.54     90.4     364    88     4.40     -4.40      -.16     5     -.7     360     0   0   4   0    32.9600   -73.7631     1181     8.54      9.87      354.19
0150    74.7   946.8     23.57     90.3     358    88     4.40     -4.39      -.13     5     -.6     353     0   0   4   0    32.9600   -73.7631     1159     8.53      9.85      354.13
0151    75.2   947.5     23.59     90.2     351    89     4.40     -4.40      -.07     5     -.5     347     0   0   4   0    32.9600   -73.7631     1138     8.53      9.85      354.08
0152    75.7   948.2     23.62     90.1     345    90     4.42     -4.42      -.02     5     -.4     340     0   0   4   0    32.9600   -73.7631     1117     8.57      9.90      354.04
0153    76.2   948.9     23.65     90.1     338    90     4.45     -4.45       .03     5     -.3     334     0   0   4   0    32.9600   -73.7631     1096     8.64      9.97      354.03
0154    76.7   949.6     23.68     90.1     332    91     4.49     -4.49       .07     5     -.3     328     0   0   4   0    32.9600   -73.7632     1075     8.71     10.06      354.05
0155    77.2   950.3     23.71     90.1     325    91     4.52     -4.52       .08     5     -.3     321     0   0   4   0    32.9600   -73.7632     1053     8.77     10.13      354.10
0156    77.7   951.0     23.74     90.2     319    91     4.54     -4.54       .06     5     -.3     315     0   0   4   0    32.9600   -73.7632     1032     8.80     10.16      354.17
0157    78.2   951.7     23.76     90.3     312    90     4.52     -4.52       .02     5     -.4     308     0   0   4   0    32.9600   -73.7632     1011     8.77     10.13      354.24
0158    78.7   952.4     23.79     90.4     306    90     4.49     -4.49      -.04     5     -.4     302     0   0   4   0    32.9600   -73.7633      989     8.71     10.05      354.30
0159    79.2   953.1     23.82     90.5     299    89     4.44     -4.44      -.10     5     -.4     295     0   0   4   0    32.9600   -73.7633      968     8.61      9.94      354.36
0160    79.7   953.8     23.85     90.6     293    88     4.38     -4.38      -.15     6     -.4     288     0   0   4   0    32.9600   -73.7633      946     8.50      9.82      354.40
0161    80.2   954.5     23.87     90.6     286    87     4.34     -4.34      -.19     6     -.3     282     0   0   4   0    32.9600   -73.7633      925     8.42      9.72      354.44
0162    80.7   955.2     23.90     90.7     280    87     4.31     -4.31      -.21     6     -.3     276     0   0   4   0    32.9600   -73.7634      904     8.36      9.66      354.48
0163    81.2   955.9     23.93     90.7     273    87     4.30     -4.29      -.20     6     -.3     269     0   0   4   0    32.9600   -73.7634      883     8.34      9.63      354.53
0164    81.7   956.6     23.97     90.8     267    88     4.30     -4.29      -.17     6     -.3     263     0   0   4   0    32.9600   -73.7634      862     8.34      9.63      354.59
0165    82.2   957.3     24.00     90.8     261    88     4.30     -4.29      -.14     6     -.4     256     0   0   4   0    32.9600   -73.7634      841     8.33      9.62      354.66
0166    82.7   958.0     24.04     90.9     254    89     4.29     -4.29      -.10     6     -.4     250     0   0   4   0    32.9600   -73.7634      819     8.32      9.60      354.74
0167    83.2   958.8     24.07     90.9     248    89     4.27     -4.27      -.06     5     -.5     243     0   0   4   0    32.9600   -73.7635      798     8.28      9.56      354.82
0168    83.7   959.5     24.11     90.9     241    90     4.24     -4.24      -.03     6     -.5     237     0   0   4   0    32.9600   -73.7635      776     8.22      9.49      354.89
0169    84.2   960.2     24.15     90.9     234    90     4.20     -4.20      -.01     6     -.5     230     0   0   4   0    32.9600   -73.7635      755     8.16      9.42      354.95
0170    84.7   960.9     24.19     90.9     228    90     4.19     -4.19       .00     6     -.5     223     0   0   4   0    32.9600   -73.7635      733     8.12      9.38      355.01
0171    85.2   961.6     24.23     90.9     221    90     4.19     -4.19       .01     6     -.5     217     0   0   4   0    32.9600   -73.7636      712     8.13      9.39      355.06
0172    85.7   962.3     24.26     91.0     215    90     4.22     -4.22       .01     6     -.5     210     0   0   4   0    32.9600   -73.7636      690     8.18      9.45      355.11
0173    86.2   963.0     24.29     91.0     208    90     4.27     -4.27       .01     6     -.4     204     0   0   4   0    32.9600   -73.7636      669     8.28      9.56      355.16
0174    86.7   963.8     24.33     91.1     202    90     4.33     -4.33       .01     6     -.4     197     0   0   4   0    32.9600   -73.7636      648     8.40      9.70      355.23
0175    87.2   964.5     24.36     91.2     195    90     4.39     -4.39      -.01     6     -.4     191     0   0   4   0    32.9600   -73.7636      626     8.51      9.82      355.30
0176    87.7   965.2     24.38     91.3     189    90     4.42     -4.42      -.03     6     -.4     184     0   0   4   0    32.9600   -73.7637      605     8.58      9.91      355.38
0177    88.2   965.9     24.41     91.4     182    89     4.44     -4.44      -.06     6     -.4     178     0   0   4   0    32.9600   -73.7637      584     8.61      9.94      355.46
0178    88.7   966.6     24.44     91.5     176    89     4.43     -4.43      -.11     6     -.4     172     0   0   4   0    32.9600   -73.7637      563     8.60      9.93      355.53
0179    89.2   967.3     24.47     91.5     169    88     4.41     -4.41      -.16     6     -.4     165     0   0   4   0    32.9600   -73.7637      542     8.56      9.88      355.59
0180    89.7   968.0     24.50     91.6     163    87     4.39     -4.39      -.21     6     -.4     159     0   0   4   0    32.9600   -73.7638      520     8.52      9.84      355.65
0181    90.2   968.7     24.53     91.7     156    87     4.38     -4.38      -.25     5     -.5     152     0   0   4   0    32.9600   -73.7638      499     8.50      9.82      355.73
0182    90.7   969.4     24.57     91.8     150    86     4.40     -4.39      -.28     6     -.5     146     0   0   4   0    32.9600   -73.7638      478     8.53      9.85      355.83
0183    91.2   970.2     24.60     91.9     143    86     4.42     -4.41      -.29     6     -.5     139     0   0   4   0    32.9600   -73.7638      456     8.58      9.91      355.97
0184    91.7   970.9     24.64     92.1     137    86     4.46     -4.45      -.28     6     -.6     133     0   0   4   0    32.9600   -73.7639      435     8.65      9.98      356.14
0185    92.2   971.6     24.68     92.3     130    87     4.48     -4.47      -.25     6     -.6     126     0   0   4   0    32.9600   -73.7639      413     8.69     10.03      356.35
0186    92.7   972.3     24.72     92.5     124    87     4.48     -4.48      -.21     6     -.6     119     0   0   4   0    32.9600   -73.7639      392     8.69     10.04      356.56
0187    93.2   973.0     24.76     92.8     117    88     4.45     -4.45      -.16     6     -.6     113     0   0   4   0    32.9600   -73.7639      370     8.63      9.97      356.76
0188    93.7   973.8     24.79     93.0     111    89     4.39     -4.39      -.11     6     -.5     106     0   0   4   0    32.9600   -73.7639      349     8.52      9.84      356.92
0189    94.2   974.5     24.82     93.1     104    89     4.32     -4.32      -.04     6     -.5     100     0   0   4   0    32.9600   -73.7640      327     8.39      9.68      357.02
0190    94.7   975.2     24.84     93.2      98    91     4.26     -4.26       .04     6     -.4      93     0   0   4   0    32.9600   -73.7640      306     8.27      9.55      357.04
0191    95.2   975.9     24.85     93.2      91    92     4.24     -4.24       .13     6     -.4      87     0   0   4   0    32.9600   -73.7640      285     8.23      9.50      357.00
0192    95.7   976.6     24.87     93.2      85    93     4.28     -4.27       .23     5     -.4      80     0   0   4   0    32.9600   -73.7640      264     8.29      9.58      356.90
0193    96.2   977.3     24.88     93.0      78    95     4.37     -4.36       .34     5     -.4      74     0   0   4   0    32.9600   -73.7641      243     8.48      9.79      356.78
0194    96.7   978.0     24.90     92.9      72    96     4.51     -4.49       .45     5     -.4      68     0   0   4   0    32.9600   -73.7641      222     8.76     10.11      356.67
0195    97.2   978.8     24.92     92.8      66    97     4.67     -4.64       .54     6     -.4      61     0   0   4   0    32.9600   -73.7641      201     9.05     10.45      356.56
0196    97.7   979.5     24.94     92.7      59    97     4.81     -4.77       .60     6     -.4      55     0   0   4   0    32.9600   -73.7641      180     9.33     10.77      356.48
0197    98.2   980.2     24.97     92.5      53    97     4.93     -4.89       .64     6     -.3      48     0   0   4   0    32.9600   -73.7642      159     9.57     11.04      356.41
0198    98.7   980.9     24.99     92.4      46    98     5.04     -4.99       .66     6     -.3      42     0   0   4   0    32.9600   -73.7642      137     9.77     11.28      356.33
0199    99.2   981.6     25.02     92.3      40    97     5.13     -5.08       .65     6     -.3      35     0   0   4   0    32.9600   -73.7642      116     9.94     11.48      356.25
0200    99.7   982.3     25.05     92.1      33    96     5.17     -5.13       .58     6     -.3      29     0   0   4   0    32.9600   -73.7642       95    10.02     11.57      356.16
0201   100.2   983.0     25.07     92.0      27    95     5.13     -5.11       .44     6     -.2      23     0   0   4   0    32.9600   -73.7643       75     9.95     11.49      356.07
0202   100.7   983.7     25.10     91.8      21    92     5.01     -5.01       .19     6     -.2      16     0   0   4   0    32.9600   -73.7643       54     9.72     11.22      355.96
0203   101.2   984.4     25.12     91.5      14    88     4.75     -4.74      -.19     6     -.2      10     0   0   4   0    32.9600   -73.7643       33     9.21     10.63      355.78
0204   101.7   985.1     25.16     91.4       8    83     4.22     -4.19      -.49     6     -.2       4     0   0   4   0    32.9600   -73.7644       13     8.18      9.44      355.75
