 ===========================================================================
 DROPWINDSONDE PROCESSING RECORD                            Sonde: 984925092
 PDS file written Aug 23, 2005.                             Format:    V6.03
 Aircraft: AFRES C-130                       Date: 990828   Time: 082419 UTC
 ---------------------------------------------------------------------------
 Bias corrections:  PR =    .0 mb  TE =    .0 C  RH =    .0 %  PRB =   .0 mb
 Filters (LPF):     PTH =   5 s    WIND =   5 s       Hyd anchor =       SFC
 Dyn RH correction =  N     WSHR COR =      Y         Splash PR  =  974.1 mb
 Estimated PR used =  N     GPS VERR =    .68 m/s     HYD SFCP   =  975.2 mb
 Dyn T correction  =  Y     WGACORR  =    2.1 m       AC GA ADJ  =     .0 m
 ---------------------------------------------------------------------------
 COMMENTS: Eye.                                                        
 ===========================================================================

 ==============================================================================
 Date: 990828   Lat:  26.78 N   TA:   16.4 C   PS:  698.0 mb   WD:    40 deg
 Time: 082419   Lon:  76.81 W   TD:   10.2 C   GA:   2911 m    WS:   1.0 m/s
 SID:  984925092                RH:   66.0 %   Navaid:   GP          
 ===========================================================================

IX      t (s)  P (mb)    T (C)    RH (%)  Z (m)   WD    WS (m/s)   U (m/s)   V (m/s)  NS  WZ (m/s)  ZW (m)   FP  FT  FH  FW   LAT (N)    LON (E)  ZW (ft)  WS (kt)  WS (mph)  THETAE (K)
0001      .2   698.6     16.42     66.0    2898    41      .99      -.65      -.75  -999  -999.0    2900     3   3   3   4    26.7800   -76.8100     9515     1.93      2.23      356.92
0002      .7   699.2     16.44     66.0    2891    43      .97      -.67      -.71  -999  -999.0    2893     3   3   3   4    26.7800   -76.8100     9492     1.89      2.18      356.90
0003     1.2   699.8     16.46     66.1    2884    44      .97      -.67      -.69  -999  -999.0    2886     3   3   3   4    26.7800   -76.8100     9468     1.88      2.17      356.87
0004     1.7   700.4     16.48     66.1    2877    45      .96      -.68      -.68  -999  -999.0    2879     3   3   3   4    26.7800   -76.8100     9444     1.87      2.16      356.83
0005     2.2   701.0     16.50     66.1    2869    46      .96      -.69      -.67  -999  -999.0    2871     3   3   3   4    26.7800   -76.8100     9420     1.86      2.14      356.80
0006     2.7   701.6     16.52     66.1    2862    47      .95      -.69      -.66  -999  -999.0    2864     3   3   3   4    26.7800   -76.8100     9397     1.85      2.13      356.77
0007     3.2   702.2     16.55     66.2    2855    47      .95      -.70      -.64  -999  -999.0    2857     3   3   3   4    26.7800   -76.8100     9373     1.84      2.12      356.74
0008     3.7   702.8     16.57     66.2    2848    48      .94      -.70      -.63  -999  -999.0    2850     3   3   3   4    26.7800   -76.8100     9349     1.83      2.11      356.71
0009     4.2   703.3     16.59     66.2    2840    49      .94      -.71      -.62  -999  -999.0    2842     3   3   3   4    26.7800   -76.8100     9326     1.82      2.11      356.68
0010     4.7   703.9     16.61     66.2    2833    50      .94      -.71      -.61  -999  -999.0    2835     3   3   3   4    26.7800   -76.8100     9302     1.82      2.10      356.64
0011     5.2   704.5     16.63     66.3    2826    50      .93      -.72      -.59  -999  -999.0    2828     3   3   3   4    26.7800   -76.8100     9278     1.81      2.09      356.61
0012     5.7   705.1     16.65     66.3    2819    51      .93      -.72      -.58  -999  -999.0    2821     3   3   3   4    26.7800   -76.8100     9255     1.80      2.08      356.58
0013     6.2   705.7     16.67     66.3    2812    52      .93      -.73      -.57  -999  -999.0    2814     3   3   3   4    26.7800   -76.8100     9231     1.80      2.07      356.55
0014     6.7   706.3     16.69     66.3    2804    53      .92      -.74      -.56  -999  -999.0    2806     3   3   3   4    26.7800   -76.8100     9208     1.79      2.07      356.52
0015     7.2   706.9     16.71     66.4    2797    54      .92      -.74      -.54  -999  -999.0    2799     3   3   3   4    26.7800   -76.8100     9184     1.78      2.06      356.48
0016     7.7   707.5     16.73     66.4    2790    55      .92      -.75      -.53  -999  -999.0    2792     3   3   3   4    26.7800   -76.8100     9160     1.78      2.05      356.45
0017     8.2   708.1     16.75     66.4    2783    55      .91      -.75      -.52  -999  -999.0    2785     3   3   3   4    26.7800   -76.8100     9137     1.77      2.05      356.42
0018     8.7   708.7     16.77     66.4    2776    56      .91      -.76      -.51  -999  -999.0    2778     3   3   3   4    26.7800   -76.8100     9113     1.77      2.04      356.38
0019     9.2   709.3     16.79     66.5    2769    57      .91      -.76      -.49  -999  -999.0    2771     3   3   3   4    26.7800   -76.8100     9090     1.77      2.04      356.35
0020     9.7   709.9     16.81     66.5    2761    58      .91      -.77      -.48  -999  -999.0    2763     3   3   3   4    26.7799   -76.8100     9066     1.76      2.03      356.31
0021    10.2   710.5     16.83     66.5    2754    59      .91      -.78      -.47  -999  -999.0    2756     3   3   3   4    26.7799   -76.8100     9043     1.76      2.03      356.27
0022    10.7   711.1     16.84     66.5    2747    60      .90      -.78      -.46  -999  -999.0    2749     3   3   3   4    26.7799   -76.8100     9019     1.75      2.03      356.23
0023    11.2   711.7     16.86     66.6    2740    61      .90      -.79      -.44  -999  -999.0    2742     3   3   3   4    26.7799   -76.8100     8996     1.75      2.02      356.20
0024    11.7   712.3     16.89     66.6    2733    61      .90      -.79      -.43  -999  -999.0    2735     3   3   3   4    26.7799   -76.8100     8973     1.75      2.02      356.17
0025    12.2   712.8     16.91     66.6    2726    62      .90      -.80      -.42  -999  -999.0    2728     3   3   3   4    26.7799   -76.8101     8949     1.75      2.02      356.15
0026    12.7   713.4     16.93     66.6    2719    63      .90      -.80      -.41  -999  -999.0    2721     3   3   3   4    26.7799   -76.8101     8926     1.75      2.02      356.12
0027    13.2   714.0     16.95     66.7    2712    64      .90      -.81      -.39  -999  -999.0    2714     3   3   3   4    26.7799   -76.8101     8903     1.75      2.02      356.10
0028    13.7   714.6     16.97     66.7    2705    65      .90      -.82      -.38  -999  -999.0    2707     3   3   3   4    26.7799   -76.8101     8880     1.75      2.02      356.07
0029    14.2   715.2     16.98     66.7    2697    66      .90      -.82      -.37  -999  -999.0    2699     3   3   3   4    26.7799   -76.8101     8856     1.75      2.02      356.02
0030    14.7   715.8     16.99     66.7    2690    67      .90      -.83      -.36  -999  -999.0    2692     3   3   3   4    26.7799   -76.8101     8833     1.75      2.02      355.95
0031    15.2   716.4     17.01     66.7    2683    68      .90      -.83      -.34  -999  -999.0    2685     0   0   3   4    26.7799   -76.8101     8808     1.75      2.02      355.87
0032    15.7   717.1     17.02     66.7    2675    69      .90      -.84      -.33  -999     -.8    2677     0   0   0   4    26.7799   -76.8101     8783     1.75      2.02      355.78
0033    16.2   717.7     17.04     66.7    2667    69      .90      -.84      -.32  -999    -1.0    2669     0   0   0   4    26.7799   -76.8101     8758     1.75      2.02      355.70
0034    16.7   718.4     17.06     66.7    2660    70      .90      -.85      -.30  -999    -1.1    2662     0   0   0   4    26.7799   -76.8101     8732     1.75      2.02      355.64
0035    17.2   719.0     17.09     66.7    2652    71      .90      -.86      -.29  -999    -1.2    2654     0   0   0   4    26.7799   -76.8101     8706     1.75      2.02      355.62
0036    17.7   719.7     17.12     66.7    2644    72      .91      -.86      -.28  -999    -1.2    2646     0   0   0   4    26.7799   -76.8101     8681     1.76      2.03      355.63
0037    18.2   720.4     17.15     66.8    2636    73      .91      -.87      -.27  -999    -1.2    2638     0   0   0   4    26.7799   -76.8101     8655     1.76      2.03      355.67
0038    18.7   721.0     17.18     67.0    2628    74      .91      -.87      -.25  -999    -1.2    2630     0   0   0   4    26.7799   -76.8102     8630     1.76      2.04      355.74
0039    19.2   721.7     17.21     67.1    2621    75      .91      -.88      -.24  -999    -1.2    2623     0   0   0   4    26.7799   -76.8102     8604     1.77      2.04      355.80
0040    19.7   722.3     17.24     67.3    2613    75      .91      -.88      -.23  -999    -1.3    2615     0   0   0   4    26.7799   -76.8102     8579     1.77      2.04      355.85
0041    20.2   723.0     17.25     67.4    2605    76      .91      -.89      -.22  -999    -1.3    2607     0   0   0   4    26.7799   -76.8102     8553     1.77      2.05      355.85
0042    20.7   723.6     17.27     67.5    2597    77      .92      -.89      -.21  -999    -1.3    2599     0   0   0   4    26.7799   -76.8102     8528     1.78      2.05      355.80
0043    21.2   724.3     17.28     67.4    2589    78      .91      -.89      -.19  -999    -1.3    2591     0   0   0   4    26.7799   -76.8102     8502     1.77      2.05      355.71
0044    21.7   725.0     17.30     67.3    2581    79      .91      -.90      -.18  -999    -1.4    2584     0   0   0   4    26.7799   -76.8102     8476     1.77      2.05      355.57
0045    22.2   725.6     17.32     67.1    2574    79      .92      -.90      -.17  -999    -1.4    2576     0   0   0   4    26.7799   -76.8102     8450     1.78      2.06      355.41
0046    22.7   726.3     17.34     66.9    2566    81      .93      -.92      -.15  -999    -1.4    2568     0   0   0   4    26.7799   -76.8102     8424     1.80      2.08      355.25
0047    23.2   727.0     17.38     66.7    2558    82      .94      -.94      -.13  -999    -1.3    2560     0   0   0   4    26.7799   -76.8102     8399     1.83      2.12      355.10
0048    23.7   727.6     17.41     66.4    2550    83      .96      -.95      -.12  -999    -1.3    2552     0   0   0   4    26.7799   -76.8102     8373     1.87      2.15      354.98
0049    24.2   728.3     17.46     66.2    2542    84      .97      -.97      -.10  -999    -1.3    2544     0   0   0   4    26.7799   -76.8102     8348     1.89      2.18      354.89
0050    24.7   728.9     17.50     66.1    2535    84      .97      -.97      -.10  -999    -1.3    2537     0   0   0   4    26.7799   -76.8102     8322     1.88      2.17      354.85
0051    25.2   729.6     17.55     66.0    2527    84      .96      -.95      -.10  -999    -1.3    2529     0   0   0   4    26.7799   -76.8102     8297     1.85      2.14      354.85
0052    25.7   730.3     17.59     66.0    2519    84      .93      -.93      -.10  -999    -1.3    2521     0   0   0   4    26.7799   -76.8103     8271     1.81      2.09      354.87
0053    26.2   730.9     17.64     66.0    2511    84      .91      -.90      -.09  -999    -1.3    2513     0   0   0   4    26.7799   -76.8103     8246     1.76      2.03      354.91
0054    26.7   731.6     17.68     66.0    2503    85      .90      -.90      -.08  -999    -1.3    2505     0   0   0   4    26.7799   -76.8103     8220     1.75      2.02      354.94
0055    27.2   732.3     17.73     66.0    2496    87      .92      -.92      -.05  -999    -1.3    2498     0   0   0   4    26.7799   -76.8103     8194     1.78      2.06      354.96
0056    27.7   732.9     17.77     65.8    2488    89      .97      -.97      -.01  -999    -1.2    2490     0   0   0   4    26.7799   -76.8103     8169     1.88      2.17      354.94
0057    28.2   733.6     17.83     65.7    2480    92     1.03     -1.03       .03  -999    -1.2    2482     0   0   0   4    26.7799   -76.8103     8144     2.01      2.32      354.89
0058    28.7   734.3     17.88     65.4    2472    93     1.10     -1.10       .06  -999    -1.1    2474     0   0   0   4    26.7799   -76.8103     8118     2.14      2.47      354.82
0059    29.2   734.9     17.93     65.2    2465    93     1.14     -1.14       .07  -999    -1.1    2467     0   0   0   4    26.7799   -76.8103     8093     2.21      2.56      354.77
0060    29.7   735.6     17.99     65.0    2457    92     1.12     -1.12       .04  -999    -1.1    2459     0   0   0   4    26.7799   -76.8103     8068     2.18      2.51      354.75
0061    30.2   736.2     18.04     65.0    2450    89     1.02     -1.02      -.03  -999    -1.1    2452     0   0   0   4    26.7799   -76.8103     8043     1.98      2.29      354.79
0062    30.7   736.9     18.08     65.2    2442    82      .84      -.83      -.12     4    -1.1    2444     0   0   0   0    26.7799   -76.8103     8018     1.63      1.88      354.93
0063    31.2   737.5     18.12     65.6    2434    68      .61      -.57      -.23     4    -1.1    2436     0   0   0   0    26.7799   -76.8103     7993     1.19      1.37      355.13
0064    31.7   738.2     18.14     66.1    2427    38      .43      -.26      -.34     4    -1.1    2429     0   0   0   0    26.7799   -76.8103     7968      .82       .95      355.38
0065    32.2   738.9     18.15     66.7    2419   355      .42       .04      -.42     4    -1.2    2421     0   0   0   0    26.7799   -76.8103     7942      .82       .94      355.64
0066    32.7   739.5     18.16     67.2    2411   329      .54       .28      -.47     5    -1.2    2413     0   0   0   0    26.7799   -76.8103     7917     1.05      1.21      355.85
0067    33.2   740.2     18.16     67.7    2403   319      .62       .41      -.47     5    -1.2    2405     0   0   0   0    26.7799   -76.8103     7892     1.21      1.40      355.98
0068    33.7   740.8     18.17     68.0    2396   317      .61       .42      -.44     5    -1.2    2398     0   0   0   0    26.7799   -76.8103     7867     1.18      1.36      356.04
0069    34.2   741.5     18.17     68.2    2388   322      .50       .31      -.39     5    -1.3    2390     0   0   0   0    26.7799   -76.8103     7841      .97      1.12      356.06
0070    34.7   742.2     18.17     68.5    2380   340      .36       .12      -.34     4    -1.3    2382     0   0   0   0    26.7799   -76.8103     7816      .70       .81      356.10
0071    35.2   742.8     18.17     69.0    2373    16      .32      -.09      -.30     5    -1.3    2375     0   0   0   0    26.7799   -76.8103     7791      .62       .71      356.25
0072    35.7   743.5     18.17     69.8    2365    42      .40      -.27      -.30     5    -1.3    2367     0   0   0   0    26.7799   -76.8103     7766      .78       .91      356.56
0073    36.2   744.2     18.16     71.0    2357    50      .51      -.39      -.33     5    -1.3    2359     0   0   0   0    26.7799   -76.8103     7740      .99      1.14      357.07
0074    36.7   744.9     18.13     72.7    2349    50      .58      -.45      -.37     5    -1.3    2351     0   0   0   0    26.7799   -76.8103     7714     1.13      1.31      357.75
0075    37.2   745.5     18.08     74.6    2342    48      .64      -.48      -.43     5    -1.3    2344     0   0   0   0    26.7799   -76.8103     7689     1.24      1.44      358.56
0076    37.7   746.2     18.02     76.8    2334    48      .71      -.53      -.47     5    -1.2    2336     0   0   0   0    26.7799   -76.8103     7664     1.39      1.60      359.39
0077    38.2   746.9     17.95     79.0    2326    54      .84      -.68      -.50     5    -1.2    2328     0   0   0   0    26.7799   -76.8103     7639     1.64      1.89      360.16
0078    38.7   747.5     17.86     81.0    2319    62     1.08      -.96      -.50     5    -1.1    2321     0   0   0   0    26.7799   -76.8103     7614     2.10      2.43      360.79
0079    39.2   748.2     17.78     82.6    2311    70     1.46     -1.37      -.49     5    -1.1    2313     0   0   0   3    26.7799   -76.8103     7589     2.83      3.27      361.22
0080    39.7   748.8     17.70     84.0    2303    75     1.94     -1.87      -.49     5    -1.1    2306     0   0   0   0    26.7799   -76.8104     7564     3.75      4.34      361.47
0081    40.2   749.5     17.63     84.9    2296    78     2.43     -2.38      -.50     5    -1.1    2298     0   0   0   3    26.7799   -76.8104     7539     4.72      5.45      361.55
0082    40.7   750.2     17.57     85.5    2288    79     2.85     -2.80      -.55     4    -1.1    2290     3   3   3   0    26.7799   -76.8104     7514     5.53      6.39      361.51
0083    41.2   750.8     17.53     85.9    2281    78     3.10     -3.04      -.63     4    -1.2    2283     0   0   0   0    26.7799   -76.8104     7489     6.02      6.95      361.40
0084    41.7   751.5     17.51     86.0    2273    77     3.15     -3.06      -.73     4    -1.2    2275     0   0   0   0    26.7799   -76.8104     7464     6.10      7.05      361.24
0085    42.2   752.2     17.49     86.1    2265    74     2.98     -2.86      -.85     4    -1.2    2267     0   0   0   0    26.7799   -76.8104     7439     5.79      6.68      361.07
0086    42.7   752.8     17.49     86.0    2258    69     2.67     -2.50      -.94     4    -1.1    2260     0   0   0   0    26.7799   -76.8104     7414     5.18      5.98      360.89
0087    43.2   753.5     17.49     86.0    2250    65     2.29     -2.07      -.99     4    -1.1    2252     0   0   0   0    26.7799   -76.8105     7389     4.45      5.14      360.72
0088    43.7   754.2     17.49     85.9    2243    60     1.94     -1.67      -.98     4    -1.1    2245     0   0   0   0    26.7799   -76.8105     7364     3.76      4.34      360.57
0089    44.2   754.8     17.49     86.0    2235    57     1.66     -1.38      -.91     5    -1.0    2237     0   0   0   0    26.7798   -76.8105     7339     3.21      3.71      360.47
0090    44.7   755.5     17.50     86.1    2228    57     1.48     -1.24      -.81     5    -1.0    2230     0   0   0   0    26.7798   -76.8105     7315     2.88      3.32      360.44
0091    45.2   756.1     17.50     86.4    2220    61     1.43     -1.25      -.69     5    -1.0    2222     0   0   0   0    26.7798   -76.8105     7291     2.77      3.19      360.51
0092    45.7   756.8     17.51     86.9    2213    67     1.47     -1.35      -.58     5    -1.0    2215     0   0   0   0    26.7798   -76.8105     7266     2.86      3.30      360.68
0093    46.2   757.5     17.52     87.6    2205    71     1.58     -1.49      -.51     4    -1.0    2207     0   0   0   0    26.7798   -76.8105     7242     3.06      3.53      360.94
0094    46.7   758.1     17.54     88.3    2198    74     1.68     -1.61      -.47     5    -1.1    2200     0   0   0   0    26.7798   -76.8105     7217     3.26      3.76      361.25
0095    47.2   758.8     17.55     89.0    2190    74     1.73     -1.66      -.47     4    -1.2    2192     0   0   0   0    26.7798   -76.8105     7192     3.35      3.87      361.55
0096    47.7   759.5     17.57     89.6    2182    73     1.72     -1.64      -.50     5    -1.2    2185     0   0   0   3    26.7798   -76.8105     7167     3.33      3.85      361.80
0097    48.2   760.1     17.59     90.0    2175    71     1.66     -1.57      -.54     5    -1.2    2177     0   0   0   0    26.7798   -76.8105     7142     3.21      3.71      361.95
0098    48.7   760.8     17.60     90.2    2167    69     1.58     -1.47      -.57     5    -1.2    2169     0   0   0   3    26.7798   -76.8105     7117     3.06      3.53      361.99
0099    49.2   761.5     17.62     90.3    2160    67     1.51     -1.39      -.59     5    -1.2    2162     0   0   0   0    26.7798   -76.8105     7092     2.93      3.39      361.94
0100    49.7   762.2     17.63     90.2    2152    66     1.49     -1.36      -.61     5    -1.1    2154     0   0   0   3    26.7798   -76.8106     7067     2.88      3.33      361.81
0101    50.2   762.8     17.65     90.0    2144    66     1.51     -1.38      -.61     5    -1.1    2147     0   0   0   0    26.7798   -76.8106     7042     2.93      3.38      361.64
0102    50.7   763.5     17.66     89.8    2137    67     1.58     -1.46      -.62     5    -1.1    2139     0   0   0   0    26.7798   -76.8106     7018     3.07      3.55      361.48
0103    51.2   764.2     17.69     89.6    2130    68     1.70     -1.58      -.63     5    -1.1    2132     0   0   0   0    26.7798   -76.8106     6994     3.30      3.81      361.34
0104    51.7   764.8     17.71     89.4    2122    70     1.85     -1.73      -.64     5    -1.1    2124     0   0   0   0    26.7798   -76.8106     6969     3.58      4.14      361.24
0105    52.2   765.5     17.73     89.4    2115    71     2.01     -1.90      -.65     5    -1.1    2117     0   0   0   0    26.7798   -76.8106     6945     3.90      4.51      361.17
0106    52.7   766.2     17.76     89.3    2107    72     2.19     -2.08      -.66     4    -1.2    2109     0   0   0   0    26.7798   -76.8106     6920     4.24      4.90      361.12
0107    53.2   766.8     17.79     89.3    2099    74     2.37     -2.28      -.66     5    -1.2    2102     0   0   0   0    26.7798   -76.8106     6895     4.60      5.31      361.07
0108    53.7   767.5     17.82     89.2    2092    75     2.55     -2.47      -.66     5    -1.3    2094     0   0   0   0    26.7798   -76.8106     6870     4.95      5.72      361.01
0109    54.2   768.2     17.84     89.1    2084    76     2.73     -2.65      -.65     5    -1.3    2086     0   0   0   0    26.7798   -76.8106     6844     5.30      6.12      360.94
0110    54.7   768.9     17.87     88.9    2076    77     2.90     -2.82      -.67     5    -1.2    2079     3   3   3   0    26.7798   -76.8107     6819     5.63      6.50      360.85
0111    55.2   769.6     17.90     88.8    2069    76     3.06     -2.97      -.73     5    -1.2    2071     0   0   0   0    26.7798   -76.8107     6794     5.93      6.85      360.75
0112    55.7   770.2     17.93     88.6    2061    75     3.20     -3.09      -.82     5    -1.1    2063     0   0   0   0    26.7798   -76.8107     6770     6.20      7.16      360.65
0113    56.2   770.9     17.96     88.4    2054    73     3.32     -3.18      -.96     5    -1.0    2056     0   0   0   0    26.7798   -76.8107     6745     6.44      7.44      360.55
0114    56.7   771.6     17.99     88.2    2047    71     3.43     -3.24     -1.12     5    -1.0    2049     0   0   0   0    26.7798   -76.8107     6721     6.65      7.68      360.45
0115    57.2   772.2     18.02     88.0    2039    69     3.52     -3.28     -1.28     5    -1.0    2041     0   0   0   0    26.7798   -76.8107     6697     6.83      7.88      360.34
0116    57.7   772.9     18.06     87.8    2032    67     3.60     -3.30     -1.43     5    -1.0    2034     0   0   0   0    26.7798   -76.8107     6673     6.98      8.06      360.24
0117    58.2   773.6     18.09     87.6    2024    65     3.65     -3.32     -1.53     5    -1.1    2026     3   3   3   0    26.7798   -76.8108     6648     7.09      8.18      360.15
0118    58.7   774.2     18.13     87.4    2017    64     3.69     -3.33     -1.59     5    -1.1    2019     0   0   0   0    26.7797   -76.8108     6624     7.15      8.26      360.07
0119    59.2   774.9     18.17     87.2    2009    64     3.70     -3.33     -1.61     5    -1.1    2011     0   0   0   0    26.7797   -76.8108     6599     7.17      8.28      360.01
0120    59.7   775.6     18.21     87.1    2002    64     3.69     -3.32     -1.60     5    -1.2    2004     0   0   0   0    26.7797   -76.8108     6574     7.16      8.26      360.00
0121    60.2   776.3     18.25     87.1    1994    64     3.67     -3.31     -1.58     6    -1.2    1996     0   0   0   0    26.7797   -76.8108     6549     7.11      8.21      360.03
0122    60.7   777.0     18.30     87.1    1987    64     3.64     -3.28     -1.58     6    -1.2    1989     0   0   0   0    26.7797   -76.8108     6525     7.05      8.14      360.10
0123    61.2   777.6     18.34     87.3    1979    64     3.60     -3.23     -1.60     5    -1.1    1981     0   0   0   0    26.7797   -76.8109     6500     6.99      8.07      360.20
0124    61.7   778.3     18.38     87.4    1972    62     3.57     -3.16     -1.65     6    -1.0    1974     0   0   0   0    26.7797   -76.8109     6475     6.92      7.99      360.31
0125    62.2   779.0     18.41     87.5    1964    61     3.53     -3.08     -1.73     6    -1.0    1966     0   0   0   0    26.7797   -76.8109     6451     6.85      7.91      360.41
0126    62.7   779.7     18.45     87.6    1957    58     3.49     -2.98     -1.83     6     -.9    1959     0   0   0   0    26.7797   -76.8109     6427     6.78      7.83      360.47
0127    63.2   780.3     18.48     87.6    1949    56     3.46     -2.87     -1.92     6     -.9    1952     0   0   0   0    26.7797   -76.8109     6403     6.70      7.74      360.49
0128    63.7   781.0     18.52     87.6    1942    54     3.41     -2.77     -1.99     6     -.8    1944     0   0   0   0    26.7797   -76.8109     6379     6.62      7.65      360.47
0129    64.2   781.6     18.55     87.4    1935    53     3.37     -2.68     -2.04     6     -.9    1937     0   0   0   0    26.7797   -76.8109     6355     6.53      7.54      360.43
0130    64.7   782.3     18.60     87.3    1928    52     3.31     -2.61     -2.05     5     -.9    1930     0   0   0   0    26.7796   -76.8110     6331     6.43      7.42      360.39
0131    65.2   783.0     18.64     87.1    1920    52     3.26     -2.56     -2.02     6    -1.0    1922     0   0   0   0    26.7796   -76.8110     6307     6.33      7.30      360.37
0132    65.7   783.6     18.69     87.0    1913    52     3.21     -2.54     -1.97     6    -1.0    1915     0   0   0   0    26.7796   -76.8110     6283     6.23      7.19      360.39
0133    66.2   784.3     18.73     87.0    1905    53     3.17     -2.55     -1.90     4    -1.1    1908     0   0   0   0    26.7796   -76.8110     6258     6.16      7.11      360.45
0134    66.7   785.0     18.78     87.1    1898    55     3.16     -2.59     -1.81     6    -1.1    1900     0   0   0   0    26.7796   -76.8110     6234     6.12      7.07      360.55
0135    67.2   785.7     18.82     87.2    1890    57     3.16     -2.65     -1.72     6    -1.1    1892     0   0   0   0    26.7796   -76.8110     6209     6.14      7.09      360.66
0136    67.7   786.4     18.87     87.3    1883    59     3.19     -2.74     -1.63     6    -1.0    1885     0   0   0   0    26.7796   -76.8111     6184     6.20      7.15      360.76
0137    68.2   787.0     18.90     87.3    1876    61     3.24     -2.85     -1.55     6    -1.0    1878     0   0   0   0    26.7796   -76.8111     6160     6.29      7.27      360.84
0138    68.7   787.7     18.94     87.3    1868    64     3.30     -2.96     -1.46     6     -.9    1870     0   0   0   0    26.7796   -76.8111     6136     6.41      7.40      360.88
0139    69.2   788.4     18.99     87.3    1861    66     3.36     -3.07     -1.38     6     -.8    1863     3   3   3   0    26.7796   -76.8111     6112     6.53      7.53      360.89
0140    69.7   789.0     19.03     87.1    1854    68     3.41     -3.16     -1.29     6     -.8    1856     0   0   0   0    26.7796   -76.8111     6088     6.62      7.64      360.87
0141    70.2   789.7     19.08     86.9    1847    70     3.44     -3.22     -1.20     6     -.8    1849     0   0   0   0    26.7796   -76.8111     6065     6.67      7.70      360.85
0142    70.7   790.4     19.13     86.7    1839    71     3.44     -3.25     -1.12     5     -.8    1841     0   0   0   0    26.7796   -76.8111     6041     6.67      7.70      360.83
0143    71.2   791.0     19.19     86.5    1832    72     3.42     -3.26     -1.03     6     -.8    1834     0   0   0   0    26.7796   -76.8112     6017     6.63      7.65      360.83
0144    71.7   791.7     19.25     86.3    1825    73     3.39     -3.25      -.97     6     -.9    1827     3   3   3   0    26.7796   -76.8112     5993     6.57      7.58      360.83
0145    72.2   792.4     19.31     86.0    1817    74     3.36     -3.23      -.91     6     -.9    1819     0   0   0   0    26.7795   -76.8112     5969     6.51      7.52      360.83
0146    72.7   793.0     19.37     85.8    1810    75     3.34     -3.22      -.88     6     -.9    1812     0   0   0   0    26.7795   -76.8112     5945     6.48      7.48      360.82
0147    73.2   793.7     19.43     85.5    1803    75     3.35     -3.24      -.86     6     -.9    1805     0   0   0   0    26.7795   -76.8112     5921     6.50      7.50      360.79
0148    73.7   794.4     19.49     85.2    1795    75     3.38     -3.27      -.85     6     -.8    1797     0   0   0   3    26.7795   -76.8112     5897     6.57      7.58      360.74
0149    74.2   795.1     19.54     84.9    1788    76     3.44     -3.33      -.86     6     -.7    1790     0   0   0   0    26.7795   -76.8112     5873     6.68      7.71      360.69
0150    74.7   795.7     19.60     84.7    1781    76     3.51     -3.40      -.87     6     -.7    1783     0   0   0   0    26.7795   -76.8113     5849     6.80      7.86      360.65
0151    75.2   796.4     19.65     84.5    1774    76     3.56     -3.45      -.88     7     -.7    1776     0   0   0   0    26.7795   -76.8113     5826     6.91      7.98      360.65
0152    75.7   797.0     19.70     84.5    1767    76     3.59     -3.48      -.89     7     -.7    1769     0   0   0   0    26.7795   -76.8113     5803     6.97      8.05      360.70
0153    76.2   797.7     19.74     84.5    1759    75     3.58     -3.47      -.90     7     -.7    1762     0   0   0   0    26.7795   -76.8113     5779     6.95      8.03      360.79
0154    76.7   798.4     19.79     84.6    1752    75     3.53     -3.40      -.93     7     -.7    1754     0   0   0   0    26.7795   -76.8113     5756     6.84      7.90      360.90
0155    77.2   799.0     19.82     84.7    1745    74     3.43     -3.29      -.97     7     -.7    1747     3   3   3   0    26.7795   -76.8113     5732     6.65      7.68      361.02
0156    77.7   799.7     19.86     84.9    1738    72     3.29     -3.13     -1.03     7     -.7    1740     0   0   0   3    26.7795   -76.8114     5708     6.39      7.38      361.10
0157    78.2   800.4     19.89     84.9    1730    70     3.15     -2.95     -1.09     7     -.6    1733     0   0   0   3    26.7795   -76.8114     5684     6.10      7.05      361.13
0158    78.7   801.0     19.91     84.9    1723    68     3.00     -2.77     -1.15     7     -.6    1725     0   0   0   0    26.7795   -76.8114     5661     5.82      6.72      361.09
0159    79.2   801.7     19.94     84.7    1716    66     2.88     -2.63     -1.17     7     -.5    1718     0   0   0   0    26.7795   -76.8114     5637     5.58      6.44      360.99
0160    79.7   802.3     19.96     84.6    1709    66     2.78     -2.54     -1.14     7     -.4    1711     0   0   0   0    26.7795   -76.8114     5614     5.39      6.23      360.87
0161    80.2   803.0     19.98     84.4    1702    68     2.72     -2.52     -1.04     7     -.4    1704     0   0   0   0    26.7795   -76.8114     5591     5.28      6.10      360.74
0162    80.7   803.6     20.00     84.3    1695    71     2.71     -2.56      -.89     7     -.3    1697     0   0   0   0    26.7795   -76.8114     5569     5.27      6.08      360.65
0163    81.2   804.3     20.02     84.3    1688    75     2.76     -2.67      -.70     6     -.3    1690     0   0   0   0    26.7795   -76.8115     5546     5.35      6.18      360.61
0164    81.7   804.9     20.03     84.5    1681    80     2.85     -2.80      -.51     6     -.4    1683     0   0   0   0    26.7795   -76.8115     5523     5.52      6.38      360.62
0165    82.2   805.6     20.04     84.7    1674    83     2.96     -2.94      -.34     5     -.4    1676     0   0   0   0    26.7795   -76.8115     5500     5.74      6.62      360.68
0166    82.7   806.2     20.05     85.0    1667    86     3.05     -3.05      -.23     5     -.5    1669     0   0   0   0    26.7795   -76.8115     5477     5.93      6.84      360.76
0167    83.2   806.9     20.06     85.3    1660    86     3.12     -3.11      -.20     6     -.5    1662     0   0   0   0    26.7795   -76.8115     5454     6.04      6.98      360.83
0168    83.7   807.5     20.06     85.5    1653    85     3.13     -3.12      -.25     6     -.5    1655     0   0   0   0    26.7795   -76.8115     5430     6.07      7.01      360.87
0169    84.2   808.2     20.07     85.7    1646    83     3.11     -3.09      -.37     6     -.5    1648     0   0   0   0    26.7795   -76.8116     5407     6.03      6.96      360.88
0170    84.7   808.9     20.09     85.8    1639    80     3.07     -3.02      -.52     6     -.5    1641     0   0   0   0    26.7795   -76.8116     5384     5.95      6.87      360.86
0171    85.2   809.5     20.11     85.8    1632    77     3.03     -2.96      -.67     6     -.5    1634     0   0   0   0    26.7795   -76.8116     5360     5.89      6.80      360.83
0172    85.7   810.2     20.13     85.8    1625    74     3.02     -2.91      -.81     5     -.5    1627     0   0   0   0    26.7795   -76.8116     5337     5.86      6.77      360.83
0173    86.2   810.8     20.16     85.9    1618    72     3.04     -2.90      -.91     5     -.4    1620     0   0   0   0    26.7794   -76.8116     5314     5.89      6.80      360.86
0174    86.7   811.5     20.20     85.9    1611    71     3.08     -2.92      -.98     5     -.4    1613     0   0   0   0    26.7794   -76.8116     5291     5.97      6.89      360.93
0175    87.2   812.1     20.23     86.1    1604    71     3.14     -2.97     -1.01     5     -.3    1606     0   0   0   0    26.7794   -76.8116     5269     6.09      7.03      361.05
0176    87.7   812.8     20.27     86.2    1597    72     3.21     -3.04     -1.01     5     -.3    1599     0   0   0   0    26.7794   -76.8117     5246     6.22      7.18      361.18
0177    88.2   813.4     20.31     86.4    1590    72     3.27     -3.12     -1.00     6     -.2    1592     0   0   0   0    26.7794   -76.8117     5223     6.35      7.33      361.30
0178    88.7   814.1     20.35     86.4    1583    73     3.32     -3.17     -1.00     6     -.2    1585     0   0   0   0    26.7794   -76.8117     5200     6.45      7.45      361.40
0179    89.2   814.7     20.39     86.4    1576    73     3.35     -3.20     -1.00     6     -.2    1578     0   0   0   3    26.7794   -76.8117     5178     6.50      7.51      361.44
0180    89.7   815.4     20.43     86.3    1569    73     3.35     -3.20     -1.01     6     -.2    1571     0   0   0   0    26.7794   -76.8117     5155     6.50      7.50      361.45
0181    90.2   816.0     20.48     86.2    1562    72     3.32     -3.16     -1.02     6     -.2    1565     0   0   0   0    26.7794   -76.8117     5133     6.45      7.44      361.42
0182    90.7   816.7     20.52     85.9    1556    71     3.28     -3.11     -1.04     6     -.2    1558     0   0   0   0    26.7794   -76.8118     5110     6.36      7.34      361.37
0183    91.2   817.3     20.58     85.7    1549    71     3.22     -3.04     -1.07     6     -.2    1551     0   0   0   0    26.7794   -76.8118     5088     6.25      7.22      361.34
0184    91.7   818.0     20.63     85.4    1542    70     3.18     -2.98     -1.10     6     -.3    1544     0   0   0   0    26.7794   -76.8118     5065     6.16      7.12      361.31
0185    92.2   818.6     20.69     85.2    1535    69     3.15     -2.94     -1.13     5     -.3    1537     0   0   0   0    26.7794   -76.8118     5042     6.11      7.05      361.31
0186    92.7   819.3     20.75     85.0    1528    68     3.15     -2.93     -1.16     6     -.3    1530     0   0   0   0    26.7794   -76.8118     5020     6.11      7.06      361.33
0187    93.2   819.9     20.81     84.8    1521    68     3.18     -2.95     -1.19     6     -.3    1523     0   0   0   0    26.7794   -76.8118     4997     6.17      7.13      361.36
0188    93.7   820.6     20.87     84.6    1514    68     3.24     -3.00     -1.22     6     -.3    1516     0   0   0   0    26.7794   -76.8118     4974     6.29      7.26      361.38
0189    94.2   821.2     20.93     84.4    1507    68     3.32     -3.07     -1.25     6     -.3    1509     0   0   0   0    26.7794   -76.8119     4952     6.44      7.44      361.39
0190    94.7   821.9     20.99     84.2    1500    68     3.40     -3.15     -1.28     6     -.3    1502     0   0   0   0    26.7794   -76.8119     4929     6.60      7.62      361.38
0191    95.2   822.5     21.05     83.9    1493    68     3.47     -3.22     -1.32     6     -.4    1495     0   0   0   0    26.7794   -76.8119     4906     6.74      7.78      361.37
0192    95.7   823.2     21.11     83.7    1486    67     3.52     -3.25     -1.35     6     -.4    1489     0   0   0   0    26.7794   -76.8119     4884     6.84      7.89      361.36
0193    96.2   823.9     21.17     83.5    1479    67     3.54     -3.26     -1.39     6     -.5    1482     0   0   0   0    26.7794   -76.8119     4861     6.88      7.94      361.36
0194    96.7   824.5     21.23     83.3    1472    66     3.54     -3.24     -1.43     6     -.6    1474     0   0   0   0    26.7793   -76.8119     4838     6.87      7.93      361.39
0195    97.2   825.2     21.29     83.2    1465    65     3.52     -3.20     -1.46     6     -.6    1467     0   0   0   0    26.7793   -76.8120     4814     6.83      7.88      361.46
0196    97.7   825.9     21.34     83.1    1458    65     3.49     -3.16     -1.49     6     -.7    1460     0   0   0   0    26.7793   -76.8120     4791     6.78      7.83      361.55
0197    98.2   826.5     21.40     83.1    1451    65     3.47     -3.13     -1.49     6     -.7    1453     0   0   0   3    26.7793   -76.8120     4768     6.74      7.78      361.65
0198    98.7   827.2     21.45     83.1    1444    65     3.46     -3.12     -1.48     6     -.7    1446     0   0   0   0    26.7793   -76.8120     4744     6.71      7.75      361.76
0199    99.2   827.9     21.49     83.2    1437    65     3.45     -3.13     -1.45     6     -.7    1439     0   0   0   0    26.7793   -76.8120     4721     6.70      7.74      361.86
0200    99.7   828.6     21.52     83.3    1430    66     3.45     -3.16     -1.41     6     -.7    1432     0   0   0   0    26.7793   -76.8120     4698     6.70      7.74      361.93
0201   100.2   829.2     21.55     83.3    1423    67     3.46     -3.18     -1.36     6     -.7    1425     0   0   0   0    26.7793   -76.8120     4674     6.70      7.74      361.95
0202   100.7   829.9     21.58     83.3    1416    68     3.45     -3.19     -1.32     6     -.7    1418     0   0   0   0    26.7793   -76.8121     4651     6.70      7.73      361.94
0203   101.2   830.6     21.61     83.2    1409    68     3.45     -3.19     -1.29     6     -.7    1411     0   0   0   0    26.7793   -76.8121     4628     6.68      7.72      361.89
0204   101.7   831.3     21.64     83.1    1402    68     3.44     -3.19     -1.29     6     -.7    1404     0   0   0   3    26.7793   -76.8121     4605     6.68      7.71      361.83
0205   102.2   831.9     21.68     82.9    1394    68     3.45     -3.19     -1.31     6     -.6    1397     0   0   0   0    26.7793   -76.8121     4582     6.69      7.72      361.78
0206   102.7   832.6     21.72     82.9    1387    67     3.47     -3.19     -1.37     6     -.6    1389     0   0   0   3    26.7793   -76.8121     4559     6.73      7.77      361.77
0207   103.2   833.3     21.75     82.9    1380    66     3.51     -3.20     -1.44     6     -.6    1382     0   0   0   0    26.7793   -76.8121     4535     6.82      7.87      361.81
0208   103.7   834.0     21.79     82.9    1373    65     3.58     -3.23     -1.54     6     -.5    1375     0   0   0   0    26.7793   -76.8121     4512     6.94      8.02      361.90
0209   104.2   834.6     21.83     83.1    1366    63     3.65     -3.26     -1.65     6     -.5    1368     0   0   0   0    26.7793   -76.8122     4489     7.09      8.19      362.04
0210   104.7   835.3     21.86     83.3    1359    62     3.73     -3.29     -1.76     6     -.5    1361     0   0   0   0    26.7792   -76.8122     4467     7.24      8.36      362.20
0211   105.2   836.0     21.89     83.5    1352    60     3.81     -3.31     -1.88     6     -.5    1355     0   0   0   0    26.7792   -76.8122     4444     7.38      8.52      362.33
0212   105.7   836.6     21.92     83.7    1346    59     3.86     -3.32     -1.98     6     -.5    1348     0   0   0   0    26.7792   -76.8122     4421     7.50      8.66      362.43
0213   106.2   837.3     21.94     83.7    1339    58     3.91     -3.32     -2.06     5     -.6    1341     0   0   0   0    26.7792   -76.8122     4399     7.58      8.75      362.45
0214   106.7   838.0     21.97     83.7    1332    57     3.93     -3.31     -2.12     5     -.7    1334     0   0   0   0    26.7792   -76.8122     4376     7.63      8.81      362.40
0215   107.2   838.6     22.00     83.5    1325    57     3.94     -3.31     -2.14     6     -.8    1327     0   0   0   0    26.7792   -76.8123     4352     7.65      8.83      362.31
0216   107.7   839.3     22.03     83.3    1317    57     3.94     -3.31     -2.15     5     -.8    1319     0   0   0   0    26.7792   -76.8123     4329     7.64      8.83      362.19
0217   108.2   840.0     22.07     83.1    1310    57     3.93     -3.30     -2.13     5     -.9    1312     0   0   0   0    26.7792   -76.8123     4305     7.62      8.80      362.10
0218   108.7   840.7     22.11     83.0    1303    57     3.91     -3.28     -2.13     5     -.8    1305     0   0   0   0    26.7792   -76.8123     4281     7.59      8.77      362.07
0219   109.2   841.4     22.15     83.0    1296    57     3.90     -3.25     -2.15     5     -.8    1298     0   0   0   0    26.7792   -76.8123     4258     7.56      8.73      362.13
0220   109.7   842.1     22.19     83.1    1289    55     3.89     -3.20     -2.21     5     -.7    1291     0   0   0   0    26.7792   -76.8123     4234     7.55      8.71      362.26
0221   110.2   842.8     22.23     83.3    1282    54     3.89     -3.14     -2.31     5     -.6    1284     0   0   0   0    26.7791   -76.8123     4211     7.56      8.72      362.45
0222   110.7   843.4     22.27     83.6    1275    51     3.92     -3.07     -2.44     5     -.5    1277     0   0   0   0    26.7791   -76.8124     4189     7.61      8.78      362.66
0223   111.2   844.1     22.31     83.8    1268    49     3.97     -3.01     -2.59     5     -.4    1270     0   0   0   0    26.7791   -76.8124     4166     7.70      8.90      362.85
0224   111.7   844.7     22.35     83.9    1261    47     4.04     -2.98     -2.73     6     -.3    1263     0   0   0   0    26.7791   -76.8124     4144     7.83      9.04      362.98
0225   112.2   845.4     22.38     83.9    1254    46     4.11     -2.97     -2.83     5     -.3    1256     0   0   0   0    26.7791   -76.8124     4122     7.96      9.20      363.04
0226   112.7   846.1     22.43     83.8    1248    46     4.16     -3.00     -2.88     5     -.4    1250     0   0   0   0    26.7791   -76.8124     4100     8.08      9.32      363.03
0227   113.2   846.7     22.47     83.5    1241    47     4.20     -3.05     -2.89     5     -.4    1243     0   0   0   0    26.7791   -76.8124     4077     8.15      9.41      362.96
0228   113.7   847.4     22.53     83.2    1234    47     4.21     -3.10     -2.85     5     -.5    1236     0   0   0   0    26.7791   -76.8125     4055     8.18      9.44      362.87
0229   114.2   848.1     22.58     82.9    1227    48     4.21     -3.15     -2.79     5     -.5    1229     0   0   0   0    26.7790   -76.8125     4032     8.16      9.43      362.78
0230   114.7   848.7     22.64     82.6    1220    49     4.18     -3.17     -2.73     5     -.5    1222     0   0   0   0    26.7790   -76.8125     4009     8.12      9.37      362.72
0231   115.2   849.4     22.70     82.4    1213    50     4.15     -3.16     -2.69     5     -.5    1215     0   0   0   0    26.7790   -76.8125     3986     8.05      9.29      362.69
0232   115.7   850.1     22.75     82.2    1206    49     4.11     -3.12     -2.67     7     -.5    1208     0   0   0   0    26.7790   -76.8125     3963     7.97      9.20      362.70
0233   116.2   850.8     22.80     82.1    1199    49     4.06     -3.06     -2.67     7     -.4    1201     0   0   0   0    26.7790   -76.8125     3940     7.88      9.10      362.73
0234   116.7   851.4     22.85     82.0    1192    48     4.01     -2.99     -2.68     7     -.4    1194     0   0   0   0    26.7790   -76.8125     3917     7.79      8.99      362.78
0235   117.2   852.1     22.89     82.0    1185    47     3.96     -2.91     -2.69     7     -.4    1187     0   0   0   0    26.7790   -76.8126     3895     7.69      8.88      362.83
0236   117.7   852.8     22.94     81.9    1178    47     3.91     -2.85     -2.68     7     -.3    1180     0   0   0   0    26.7790   -76.8126     3873     7.59      8.76      362.88
0237   118.2   853.4     22.98     81.9    1172    47     3.86     -2.82     -2.64     7     -.3    1174     0   0   0   0    26.7789   -76.8126     3851     7.49      8.65      362.91
0238   118.7   854.1     23.03     81.8    1165    47     3.82     -2.81     -2.59     6     -.4    1167     0   0   0   0    26.7789   -76.8126     3828     7.42      8.57      362.94
0239   119.2   854.8     23.08     81.6    1158    48     3.81     -2.85     -2.53     7     -.4    1160     0   0   0   0    26.7789   -76.8126     3806     7.40      8.54      362.97
0240   119.7   855.4     23.13     81.5    1151    50     3.84     -2.93     -2.49     7     -.4    1153     0   0   0   0    26.7789   -76.8126     3783     7.46      8.61      362.99
0241   120.2   856.1     23.18     81.5    1144    51     3.93     -3.06     -2.46     6     -.5    1146     0   0   0   0    26.7789   -76.8127     3761     7.62      8.80      363.03
0242   120.7   856.8     23.22     81.4    1137    52     4.06     -3.22     -2.48     7     -.4    1139     0   0   0   0    26.7789   -76.8127     3738     7.88      9.10      363.06
0243   121.2   857.5     23.26     81.4    1130    54     4.24     -3.42     -2.52     6     -.4    1132     0   0   0   0    26.7789   -76.8127     3715     8.23      9.51      363.10
0244   121.7   858.1     23.29     81.4    1123    54     4.45     -3.62     -2.59     7     -.4    1125     0   0   0   0    26.7789   -76.8127     3692     8.63      9.96      363.13
0245   122.2   858.8     23.31     81.4    1117    55     4.65     -3.80     -2.67     7     -.3    1119     0   0   0   0    26.7789   -76.8127     3670     9.02     10.41      363.13
0246   122.7   859.5     23.33     81.5    1110    55     4.82     -3.95     -2.75     7     -.2    1112     0   0   0   0    26.7788   -76.8127     3648     9.35     10.79      363.11
0247   123.2   860.1     23.35     81.4    1103    55     4.93     -4.05     -2.81     6     -.2    1105     0   0   0   0    26.7788   -76.8128     3626     9.57     11.05      363.05
0248   123.7   860.8     23.37     81.4    1096    55     4.98     -4.10     -2.84     7     -.2    1099     0   0   0   0    26.7788   -76.8128     3604     9.66     11.16      362.96
0249   124.2   861.4     23.39     81.2    1090    55     4.97     -4.08     -2.83     6     -.2    1092     0   0   0   0    26.7788   -76.8128     3582     9.64     11.13      362.84
0250   124.7   862.1     23.41     81.0    1083    55     4.90     -4.02     -2.80     7     -.2    1085     3   3   3   0    26.7788   -76.8128     3560     9.50     10.97      362.71
0251   125.2   862.7     23.44     80.8    1076    55     4.80     -3.94     -2.74     6     -.2    1078     0   0   0   0    26.7788   -76.8129     3538     9.31     10.75      362.57
0252   125.7   863.4     23.48     80.5    1070    55     4.69     -3.85     -2.68     6     -.2    1072     0   0   0   0    26.7788   -76.8129     3516     9.10     10.50      362.44
0253   126.2   864.1     23.52     80.3    1063    55     4.59     -3.77     -2.62     6     -.2    1065     0   0   0   0    26.7788   -76.8129     3494     8.91     10.29      362.33
0254   126.7   864.7     23.57     80.0    1056    55     4.53     -3.71     -2.59     6     -.2    1058     0   0   0   0    26.7787   -76.8129     3472     8.78     10.14      362.26
0255   127.2   865.4     23.61     79.8    1049    55     4.50     -3.68     -2.58     6     -.1    1051     0   0   0   0    26.7787   -76.8129     3449     8.72     10.07      362.21
0256   127.7   866.1     23.66     79.7    1043    55     4.51     -3.68     -2.60     6     -.1    1045     0   0   0   0    26.7787   -76.8129     3427     8.74     10.10      362.18
0257   128.2   866.7     23.70     79.5    1036    55     4.55     -3.70     -2.64     7      .0    1038     0   0   0   0    26.7787   -76.8130     3406     8.82     10.18      362.17
0258   128.7   867.4     23.75     79.4    1029    54     4.60     -3.74     -2.69     7      .1    1031     0   0   0   0    26.7787   -76.8130     3384     8.93     10.31      362.17
0259   129.2   868.0     23.79     79.4    1023    54     4.66     -3.76     -2.74     6      .1    1025     0   0   0   0    26.7787   -76.8130     3363     9.03     10.43      362.18
0260   129.7   868.7     23.83     79.3    1016    54     4.69     -3.78     -2.78     7      .1    1018     0   0   0   0    26.7787   -76.8130     3341     9.10     10.51      362.21
0261   130.2   869.3     23.87     79.3    1010    53     4.69     -3.77     -2.80     7      .1    1012     0   0   0   0    26.7787   -76.8130     3320     9.11     10.51      362.25
0262   130.7   870.0     23.91     79.3    1003    53     4.66     -3.73     -2.79     7      .1    1005     0   0   0   0    26.7786   -76.8130     3299     9.04     10.44      362.30
0263   131.2   870.6     23.95     79.3     997    53     4.60     -3.67     -2.77     6      .0     999     0   0   0   0    26.7786   -76.8130     3277     8.92     10.30      362.36
0264   131.7   871.3     23.99     79.3     990    53     4.51     -3.59     -2.73     6     -.1     992     0   0   0   0    26.7786   -76.8131     3256     8.75     10.11      362.43
0265   132.2   871.9     24.03     79.2     984    53     4.42     -3.51     -2.69     6     -.1     986     0   0   0   3    26.7786   -76.8131     3234     8.58      9.91      362.48
0266   132.7   872.6     24.07     79.2     977    52     4.35     -3.44     -2.66     6     -.2     979     0   0   0   0    26.7786   -76.8131     3212     8.43      9.74      362.52
0267   133.2   873.3     24.11     79.1     970    52     4.30     -3.39     -2.64     6     -.2     972     0   0   0   0    26.7786   -76.8131     3190     8.34      9.62      362.55
0268   133.7   873.9     24.15     79.1     963    52     4.28     -3.36     -2.65     6     -.2     965     0   0   0   3    26.7786   -76.8131     3167     8.30      9.58      362.56
0269   134.2   874.6     24.19     79.0     957    51     4.29     -3.35     -2.68     6     -.2     959     0   0   0   0    26.7786   -76.8131     3145     8.32      9.61      362.56
0270   134.7   875.3     24.22     79.0     950    51     4.33     -3.37     -2.72     6     -.2     952     0   0   0   0    26.7786   -76.8132     3123     8.40      9.70      362.55
0271   135.2   875.9     24.25     79.0     943    50     4.40     -3.39     -2.80     6     -.2     945     0   0   0   0    26.7785   -76.8132     3101     8.53      9.85      362.54
0272   135.7   876.6     24.27     79.0     937    50     4.49     -3.43     -2.91     6     -.2     939     0   0   0   0    26.7785   -76.8132     3079     8.72     10.06      362.52
0273   136.2   877.3     24.28     79.0     930    49     4.63     -3.48     -3.05     6     -.2     932     0   0   0   0    26.7785   -76.8132     3058     8.97     10.36      362.48
0274   136.7   877.9     24.30     79.0     923    48     4.81     -3.55     -3.24     6     -.2     925     0   0   0   0    26.7785   -76.8132     3036     9.32     10.76      362.40
0275   137.2   878.6     24.30     78.9     917    47     5.04     -3.65     -3.47     6     -.3     919     0   0   0   0    26.7785   -76.8132     3014     9.77     11.28      362.27
0276   137.7   879.3     24.31     78.8     910    46     5.32     -3.80     -3.72     6     -.3     912     0   0   0   0    26.7785   -76.8133     2992    10.32     11.92      362.09
0277   138.2   879.9     24.32     78.6     903    45     5.64     -4.00     -3.98     6     -.3     905     0   0   0   0    26.7784   -76.8133     2970    10.94     12.64      361.87
0278   138.7   880.6     24.32     78.4     896    45     5.97     -4.22     -4.22     6     -.4     898     0   0   0   0    26.7784   -76.8133     2948    11.58     13.37      361.62
0279   139.2   881.3     24.32     78.2     890    45     6.28     -4.46     -4.42     6     -.4     892     0   0   0   0    26.7784   -76.8133     2925    12.18     14.06      361.37
0280   139.7   882.0     24.33     78.0     883    46     6.53     -4.67     -4.56     7     -.4     885     0   0   0   0    26.7784   -76.8133     2903    12.66     14.62      361.13
0281   140.2   882.6     24.33     77.9     876    46     6.69     -4.83     -4.63     7     -.4     878     0   0   0   0    26.7784   -76.8134     2881    12.98     14.98      360.94
0282   140.7   883.3     24.33     77.8     869    47     6.75     -4.90     -4.64     7     -.4     871     0   0   0   0    26.7783   -76.8134     2858    13.10     15.12      360.80
0283   141.2   884.0     24.34     77.9     862    47     6.72     -4.89     -4.60     7     -.4     864     0   0   0   3    26.7783   -76.8134     2836    13.03     15.04      360.72
0284   141.7   884.7     24.34     78.0     856    47     6.60     -4.80     -4.53     6     -.4     858     0   0   0   0    26.7783   -76.8134     2814    12.80     14.78      360.68
0285   142.2   885.4     24.35     78.1     849    46     6.43     -4.65     -4.45     7     -.3     851     0   0   0   0    26.7783   -76.8135     2792    12.48     14.41      360.68
0286   142.7   886.0     24.36     78.2     842    46     6.26     -4.48     -4.37     6     -.3     844     0   0   0   0    26.7783   -76.8135     2770    12.14     14.01      360.69
0287   143.2   886.7     24.37     78.3     835    45     6.10     -4.32     -4.30     6     -.2     838     0   0   0   0    26.7782   -76.8135     2748    11.83     13.66      360.70
0288   143.7   887.4     24.38     78.4     829    45     5.98     -4.21     -4.25     7     -.2     831     0   0   0   0    26.7782   -76.8135     2726    11.60     13.40      360.70
0289   144.2   888.1     24.39     78.5     822    45     5.91     -4.15     -4.21     7     -.2     824     0   0   0   0    26.7782   -76.8136     2704    11.47     13.25      360.68
0290   144.7   888.7     24.39     78.6     816    45     5.89     -4.16     -4.17     6     -.2     818     0   0   0   0    26.7782   -76.8136     2683    11.43     13.19      360.64
0291   145.2   889.4     24.39     78.7     809    46     5.90     -4.23     -4.11     7     -.2     811     0   0   0   0    26.7782   -76.8136     2661    11.44     13.21      360.60
0292   145.7   890.1     24.39     78.9     802    47     5.92     -4.32     -4.05     7     -.2     804     0   0   0   0    26.7782   -76.8136     2639    11.48     13.26      360.56
0293   146.2   890.7     24.39     79.1     796    48     5.94     -4.42     -3.96     7     -.3     798     0   0   0   0    26.7781   -76.8136     2617    11.52     13.30      360.56
0294   146.7   891.4     24.39     79.3     789    49     5.93     -4.50     -3.86     7     -.3     791     0   0   0   3    26.7781   -76.8137     2595    11.51     13.29      360.60
0295   147.2   892.1     24.39     79.6     782    50     5.90     -4.55     -3.75     7     -.4     784     0   0   0   0    26.7781   -76.8137     2573    11.44     13.21      360.70
0296   147.7   892.8     24.39     80.0     776    51     5.82     -4.54     -3.64     6     -.4     778     0   0   0   0    26.7781   -76.8137     2551    11.30     13.04      360.85
0297   148.2   893.5     24.40     80.5     769    52     5.72     -4.49     -3.54     7     -.5     771     0   0   0   0    26.7781   -76.8137     2529    11.09     12.80      361.04
0298   148.7   894.2     24.40     81.0     762    52     5.58     -4.39     -3.44     7     -.5     764     0   0   0   0    26.7781   -76.8138     2507    10.83     12.50      361.25
0299   149.2   894.8     24.39     81.5     755    52     5.43     -4.27     -3.35     6     -.5     757     0   0   0   0    26.7780   -76.8138     2484    10.53     12.16      361.45
0300   149.7   895.5     24.39     82.0     748    52     5.27     -4.14     -3.26     6     -.5     750     0   0   0   0    26.7780   -76.8138     2462    10.22     11.81      361.64
0301   150.2   896.2     24.37     82.5     742    52     5.12     -4.03     -3.16     6     -.5     744     0   0   0   0    26.7780   -76.8138     2440     9.93     11.46      361.80
0302   150.7   896.9     24.35     83.0     735    53     4.98     -3.95     -3.02     7     -.5     737     0   0   0   0    26.7780   -76.8139     2418     9.65     11.15      361.94
0303   151.2   897.6     24.32     83.6     728    54     4.86     -3.93     -2.85     7     -.5     730     0   0   0   0    26.7780   -76.8139     2396     9.42     10.88      362.07
0304   151.7   898.3     24.29     84.2     721    56     4.77     -3.97     -2.64     7     -.4     723     0   0   0   0    26.7780   -76.8139     2373     9.25     10.69      362.21
0305   152.2   899.0     24.25     84.9     715    59     4.73     -4.07     -2.41     7     -.4     717     0   0   0   0    26.7780   -76.8139     2351     9.17     10.59      362.38
0306   152.7   899.7     24.22     85.7     708    63     4.73     -4.20     -2.17     7     -.4     710     0   0   0   0    26.7779   -76.8139     2329     9.17     10.59      362.57
0307   153.2   900.3     24.18     86.4     701    66     4.77     -4.35     -1.95     7     -.4     703     0   0   0   0    26.7779   -76.8140     2307     9.25     10.68      362.77
0308   153.7   901.0     24.14     87.2     695    68     4.83     -4.49     -1.79     6     -.4     697     0   0   0   0    26.7779   -76.8140     2285     9.37     10.82      362.95
0309   154.2   901.7     24.11     87.8     688    70     4.90     -4.59     -1.70     6     -.4     690     0   0   0   0    26.7779   -76.8140     2263     9.50     10.97      363.11
0310   154.7   902.4     24.08     88.4     681    70     4.95     -4.66     -1.68     6     -.5     683     0   0   0   0    26.7779   -76.8140     2241     9.60     11.09      363.23
0311   155.2   903.1     24.05     88.9     674    70     4.98     -4.67     -1.72     6     -.5     676     0   0   0   0    26.7779   -76.8141     2219     9.65     11.15      363.30
0312   155.7   903.8     24.04     89.3     668    69     4.98     -4.64     -1.80     6     -.5     670     0   0   0   0    26.7779   -76.8141     2197     9.66     11.15      363.35
0313   156.2   904.5     24.03     89.6     661    68     4.95     -4.59     -1.87     6     -.5     663     0   0   0   0    26.7779   -76.8141     2175     9.61     11.10      363.39
0314   156.7   905.2     24.03     89.8     654    67     4.91     -4.53     -1.91     6     -.5     656     0   0   0   0    26.7779   -76.8141     2153     9.53     11.00      363.43
0315   157.2   905.9     24.04     90.0     647    67     4.86     -4.47     -1.90     6     -.5     650     0   0   0   0    26.7779   -76.8141     2131     9.43     10.88      363.49
0316   157.7   906.5     24.06     90.2     641    67     4.80     -4.43     -1.85     6     -.5     643     0   0   0   0    26.7779   -76.8142     2109     9.32     10.76      363.56
0317   158.2   907.2     24.08     90.4     634    68     4.76     -4.42     -1.75     6     -.5     636     0   0   0   0    26.7779   -76.8142     2087     9.23     10.65      363.64
0318   158.7   907.9     24.10     90.5     627    70     4.72     -4.43     -1.64     6     -.5     629     0   0   0   0    26.7779   -76.8142     2065     9.16     10.58      363.70
0319   159.2   908.6     24.12     90.6     621    71     4.71     -4.45     -1.55     6     -.5     623     0   0   0   0    26.7778   -76.8142     2043     9.14     10.56      363.75
0320   159.7   909.3     24.15     90.6     614    72     4.72     -4.48     -1.47     6     -.5     616     0   0   0   0    26.7778   -76.8143     2021     9.15     10.57      363.77
0321   160.2   910.0     24.19     90.6     607    72     4.74     -4.52     -1.43     6     -.5     609     0   0   0   0    26.7778   -76.8143     1999     9.19     10.61      363.78
0322   160.7   910.7     24.22     90.5     601    73     4.76     -4.55     -1.41     6     -.4     603     0   0   0   0    26.7778   -76.8143     1977     9.23     10.66      363.77
0323   161.2   911.4     24.27     90.4     594    73     4.78     -4.57     -1.40     6     -.4     596     0   0   0   0    26.7778   -76.8143     1955     9.27     10.70      363.78
0324   161.7   912.1     24.31     90.3     587    73     4.78     -4.58     -1.39     6     -.4     589     0   0   0   0    26.7778   -76.8144     1933     9.28     10.72      363.81
0325   162.2   912.8     24.36     90.2     581    73     4.77     -4.58     -1.36     6     -.3     583     0   0   0   0    26.7778   -76.8144     1911     9.26     10.69      363.86
0326   162.7   913.5     24.41     90.2     574    74     4.74     -4.56     -1.31     7     -.3     576     0   0   0   0    26.7778   -76.8144     1890     9.20     10.63      363.95
0327   163.2   914.1     24.45     90.2     567    75     4.70     -4.53     -1.24     7     -.2     569     0   0   0   0    26.7778   -76.8144     1868     9.11     10.52      364.07
0328   163.7   914.8     24.50     90.2     561    76     4.63     -4.48     -1.16     7     -.2     563     0   0   0   0    26.7778   -76.8144     1847     8.98     10.37      364.19
0329   164.2   915.5     24.54     90.2     554    76     4.56     -4.43     -1.08     7     -.2     556     0   0   0   0    26.7778   -76.8145     1826     8.84     10.21      364.31
0330   164.7   916.2     24.58     90.3     548    77     4.49     -4.37     -1.01     6     -.2     550     0   0   0   0    26.7778   -76.8145     1804     8.70     10.05      364.41
0331   165.2   916.8     24.62     90.3     541    78     4.42     -4.32      -.95     7     -.2     543     0   0   0   0    26.7778   -76.8145     1783     8.58      9.90      364.49
0332   165.7   917.5     24.66     90.3     535    78     4.37     -4.27      -.91     7     -.2     537     0   0   0   0    26.7778   -76.8145     1761     8.48      9.79      364.54
0333   166.2   918.2     24.70     90.2     528    78     4.34     -4.25      -.89     7     -.3     530     0   0   0   0    26.7778   -76.8146     1740     8.43      9.73      364.56
0334   166.7   918.9     24.73     90.2     522    78     4.34     -4.25      -.88     7     -.3     524     0   0   0   0    26.7778   -76.8146     1718     8.42      9.72      364.57
0335   167.2   919.6     24.77     90.1     515    78     4.36     -4.27      -.89     7     -.3     517     0   0   0   0    26.7778   -76.8146     1696     8.45      9.76      364.56
0336   167.7   920.3     24.81     90.0     508    78     4.39     -4.30      -.92     7     -.3     510     0   0   0   0    26.7778   -76.8146     1675     8.52      9.84      364.56
0337   168.2   921.0     24.85     89.9     502    77     4.43     -4.33      -.96     7     -.3     504     0   0   0   0    26.7778   -76.8147     1653     8.60      9.93      364.58
0338   168.7   921.6     24.89     89.8     495    77     4.47     -4.35     -1.03     6     -.3     497     0   0   0   0    26.7778   -76.8147     1631     8.67     10.01      364.62
0339   169.2   922.3     24.94     89.8     489    76     4.49     -4.35     -1.10     7     -.3     491     0   0   0   0    26.7777   -76.8147     1610     8.71     10.06      364.69
0340   169.7   923.0     24.98     89.8     482    75     4.50     -4.34     -1.18     7     -.3     484     0   0   0   0    26.7777   -76.8147     1588     8.73     10.08      364.80
0341   170.2   923.7     25.02     89.9     475    74     4.49     -4.31     -1.26     7     -.3     477     0   0   0   0    26.7777   -76.8147     1567     8.70     10.05      364.92
0342   170.7   924.4     25.06     90.0     469    73     4.46     -4.26     -1.31     6     -.2     471     0   0   0   0    26.7777   -76.8148     1545     8.64      9.98      365.05
0343   171.2   925.1     25.09     90.1     462    72     4.41     -4.20     -1.35     6     -.2     464     0   0   0   0    26.7777   -76.8148     1524     8.56      9.88      365.16
0344   171.7   925.8     25.12     90.2     456    72     4.36     -4.15     -1.35     6     -.2     458     0   0   0   0    26.7777   -76.8148     1502     8.47      9.78      365.24
0345   172.2   926.4     25.14     90.3     449    72     4.32     -4.10     -1.35     6     -.2     451     0   0   0   0    26.7777   -76.8148     1481     8.38      9.67      365.28
0346   172.7   927.1     25.16     90.3     443    72     4.28     -4.07     -1.33     6     -.2     445     0   0   0   0    26.7777   -76.8149     1460     8.30      9.59      365.28
0347   173.2   927.8     25.18     90.3     436    72     4.26     -4.05     -1.33     6     -.2     438     0   0   0   0    26.7777   -76.8149     1438     8.26      9.54      365.26
0348   173.7   928.5     25.19     90.3     430    72     4.25     -4.03     -1.35     6     -.3     432     0   0   0   0    26.7777   -76.8149     1417     8.24      9.52      365.22
0349   174.2   929.2     25.21     90.4     423    71     4.25     -4.02     -1.39     6     -.3     425     0   0   0   0    26.7777   -76.8149     1395     8.25      9.53      365.19
0350   174.7   929.9     25.22     90.4     417    70     4.27     -4.01     -1.46     6     -.3     419     0   0   0   0    26.7777   -76.8149     1374     8.27      9.55      365.19
0351   175.2   930.6     25.24     90.6     410    69     4.28     -3.99     -1.55     6     -.3     412     0   0   0   0    26.7777   -76.8150     1352     8.30      9.59      365.24
0352   175.7   931.3     25.26     90.8     404    68     4.29     -3.97     -1.64     6     -.3     406     0   0   0   0    26.7777   -76.8150     1331     8.33      9.61      365.34
0353   176.2   931.9     25.27     91.1     397    66     4.29     -3.94     -1.72     6     -.2     399     0   0   0   0    26.7777   -76.8150     1309     8.33      9.62      365.49
0354   176.7   932.6     25.28     91.4     391    66     4.29     -3.91     -1.77     6     -.2     393     0   0   0   0    26.7777   -76.8150     1288     8.31      9.60      365.67
0355   177.2   933.3     25.29     91.8     384    65     4.26     -3.88     -1.78     6     -.2     386     0   0   0   0    26.7776   -76.8151     1267     8.27      9.55      365.85
0356   177.7   934.0     25.29     92.3     378    66     4.23     -3.86     -1.75     6     -.2     380     0   0   0   0    26.7776   -76.8151     1245     8.22      9.49      366.02
0357   178.2   934.7     25.29     92.6     371    66     4.20     -3.85     -1.69     6     -.2     373     0   0   0   0    26.7776   -76.8151     1224     8.15      9.41      366.17
0358   178.7   935.4     25.29     93.0     365    67     4.18     -3.85     -1.61     6     -.2     367     0   0   0   0    26.7776   -76.8151     1203     8.10      9.36      366.28
0359   179.2   936.1     25.29     93.3     358    68     4.16     -3.87     -1.54     6     -.2     360     0   0   0   0    26.7776   -76.8152     1181     8.07      9.32      366.35
0360   179.7   936.7     25.30     93.5     352    69     4.16     -3.89     -1.48     6     -.2     354     0   0   0   0    26.7776   -76.8152     1160     8.07      9.32      366.41
0361   180.2   937.4     25.31     93.7     345    70     4.18     -3.91     -1.46     6     -.2     347     0   0   0   0    26.7776   -76.8152     1139     8.10      9.36      366.45
0362   180.7   938.1     25.33     93.8     338    70     4.21     -3.94     -1.47     6     -.2     341     0   0   0   0    26.7776   -76.8152     1117     8.17      9.43      366.51
0363   181.2   938.8     25.35     93.9     332    69     4.26     -3.98     -1.52     6     -.2     334     0   0   0   0    26.7776   -76.8152     1096     8.26      9.54      366.58
0364   181.7   939.5     25.38     94.0     326    68     4.32     -4.02     -1.59     6     -.1     328     0   0   0   0    26.7776   -76.8153     1075     8.39      9.69      366.67
0365   182.2   940.2     25.41     94.2     319    68     4.40     -4.07     -1.67     6      .0     321     0   0   0   0    26.7776   -76.8153     1054     8.54      9.86      366.79
0366   182.7   940.9     25.43     94.3     313    67     4.48     -4.13     -1.75     6      .1     315     0   0   0   0    26.7776   -76.8153     1033     8.69     10.03      366.92
0367   183.2   941.5     25.46     94.5     306    67     4.55     -4.18     -1.80     6      .1     309     0   0   0   0    26.7776   -76.8153     1012     8.83     10.19      367.05
0368   183.7   942.2     25.48     94.7     300    67     4.60     -4.23     -1.83     6      .2     302     0   0   0   0    26.7775   -76.8154      992     8.93     10.31      367.17
0369   184.2   942.9     25.50     94.8     294    67     4.63     -4.25     -1.83     6      .2     296     0   0   0   0    26.7775   -76.8154      971     8.98     10.37      367.26
0370   184.7   943.5     25.53     94.9     288    67     4.63     -4.25     -1.82     6      .2     290     0   0   0   0    26.7775   -76.8154      951     8.97     10.36      367.34
0371   185.2   944.2     25.55     95.0     282    67     4.60     -4.23     -1.81     6      .2     284     0   0   0   0    26.7775   -76.8154      931     8.92     10.30      367.39
0372   185.7   944.8     25.58     95.1     275    67     4.55     -4.18     -1.79     6      .1     277     0   0   0   0    26.7775   -76.8155      910     8.83     10.20      367.43
0373   186.2   945.5     25.60     95.1     269    67     4.51     -4.14     -1.79     6      .1     271     0   0   0   0    26.7775   -76.8155      889     8.74     10.10      367.48
0374   186.7   946.2     25.63     95.1     263    66     4.48     -4.10     -1.80     7      .1     265     0   0   0   0    26.7775   -76.8155      868     8.69     10.04      367.53
0375   187.2   946.9     25.66     95.2     256    66     4.49     -4.10     -1.82     6      .1     258     0   0   0   0    26.7775   -76.8155      848     8.70     10.05      367.61
0376   187.7   947.6     25.70     95.3     250    66     4.53     -4.14     -1.84     6      .1     252     0   0   0   0    26.7775   -76.8155      827     8.79     10.15      367.70
0377   188.2   948.2     25.73     95.3     244    66     4.61     -4.22     -1.86     7      .1     246     0   0   0   0    26.7775   -76.8156      806     8.94     10.33      367.79
0378   188.7   948.9     25.77     95.3     237    66     4.72     -4.32     -1.88     7      .1     239     0   0   0   0    26.7775   -76.8156      785     9.15     10.56      367.85
0379   189.2   949.6     25.80     95.2     231    67     4.83     -4.44     -1.91     6      .1     233     0   0   0   0    26.7775   -76.8156      765     9.37     10.82      367.87
0380   189.7   950.3     25.84     95.1     225    67     4.94     -4.54     -1.93     6      .1     227     0   0   0   0    26.7775   -76.8156      744     9.58     11.06      367.82
0381   190.2   950.9     25.88     94.8     219    67     5.02     -4.63     -1.95     6      .1     221     0   0   0   0    26.7774   -76.8157      724     9.74     11.25      367.74
0382   190.7   951.6     25.91     94.6     212    67     5.08     -4.68     -1.97     6      .1     214     0   0   0   0    26.7774   -76.8157      703     9.85     11.38      367.65
0383   191.2   952.3     25.95     94.5     206    67     5.10     -4.71     -1.97     6      .1     208     0   0   0   0    26.7774   -76.8157      683     9.90     11.43      367.61
0384   191.7   952.9     25.99     94.5     200    68     5.11     -4.72     -1.95     6      .1     202     0   0   0   0    26.7774   -76.8157      662     9.91     11.44      367.69
0385   192.2   953.6     26.02     94.7     193    68     5.10     -4.73     -1.90     6      .1     195     0   0   0   0    26.7774   -76.8158      641     9.90     11.43      367.95
0386   192.7   954.3     26.06     95.3     187    69     5.09     -4.75     -1.83     7      .1     189     0   0   0   0    26.7774   -76.8158      620     9.88     11.41      368.40
0387   193.2   955.0     26.10     96.1     181    70     5.09     -4.79     -1.74     7      .1     183     0   0   0   0    26.7774   -76.8158      599     9.88     11.41      369.02
0388   193.7   955.7     26.13     97.0     174    71     5.10     -4.83     -1.65     6      .1     176     0   0   0   0    26.7774   -76.8158      579     9.90     11.43      369.77
0389   194.2   956.3     26.17     98.0     168    72     5.12     -4.87     -1.57     6      .2     170     0   0   0   0    26.7774   -76.8158      558     9.93     11.46      370.56
0390   194.7   957.0     26.20     98.9     162    73     5.13     -4.90     -1.52     6      .2     164     0   0   0   0    26.7774   -76.8159      538     9.95     11.49      371.29
0391   195.2   957.7     26.24     99.7     156    73     5.13     -4.91     -1.49     6      .2     158     0   0   0   0    26.7774   -76.8159      518     9.95     11.49      371.88
0392   195.7   958.3     26.27    100.0     150    73     5.10     -4.88     -1.49     6      .3     152     0   0   0   0    26.7774   -76.8159      498     9.90     11.43      372.18
0393   196.2   959.0     26.30    100.0     143    73     5.05     -4.82     -1.50     6      .2     145     0   0   0   0    26.7773   -76.8159      477     9.80     11.31      372.21
0394   196.7   959.7     26.32    100.0     137    72     4.97     -4.74     -1.51     7      .2     139     0   0   0   0    26.7773   -76.8160      457     9.65     11.14      372.23
0395   197.2   960.3     26.35    100.0     131    72     4.88     -4.65     -1.50     7      .2     133     0   0   0   0    26.7773   -76.8160      437     9.48     10.94      372.24
0396   197.7   961.0     26.37    100.0     125    72     4.80     -4.57     -1.48     5      .1     127     0   0   0   0    26.7773   -76.8160      416     9.31     10.75      372.24
0397   198.2   961.7     26.39     99.9     119    72     4.73     -4.50     -1.45     7      .1     121     0   0   0   0    26.7773   -76.8160      396     9.18     10.60      372.18
0398   198.7   962.4     26.41     99.9     112    72     4.69     -4.46     -1.43     7      .0     114     0   0   0   0    26.7773   -76.8160      375     9.09     10.50      372.11
0399   199.2   963.0     26.43     99.9     106    72     4.67     -4.44     -1.44     7      .0     108     0   0   0   0    26.7773   -76.8161      354     9.06     10.46      372.09
0400   199.7   963.7     26.44     99.9     100    71     4.68     -4.43     -1.50     7     -.1     102     0   0   0   0    26.7773   -76.8161      334     9.08     10.49      372.08
0401   200.2   964.4     26.46    100.0      93    70     4.72     -4.44     -1.60     7     -.2      95     0   0   0   0    26.7773   -76.8161      313     9.16     10.58      372.07
0402   200.7   965.1     26.48    100.0      87    69     4.78     -4.45     -1.75     7     -.2      89     0   0   0   0    26.7773   -76.8161      292     9.27     10.71      372.06
0403   201.2   965.8     26.50    100.0      80    67     4.84     -4.45     -1.90     7     -.2      82     0   0   0   0    26.7773   -76.8162      271     9.39     10.84      372.04
0404   201.7   966.5     26.53    100.0      74    66     4.88     -4.44     -2.02     7     -.3      76     0   0   0   0    26.7773   -76.8162      249     9.47     10.93      372.06
0405   202.2   967.2     26.56    100.0      67    65     4.88     -4.41     -2.09     7     -.3      70     0   0   0   0    26.7773   -76.8162      228     9.47     10.93      372.12
0406   202.7   967.9     26.60    100.0      61    64     4.83     -4.35     -2.10     7     -.3      63     0   0   0   0    26.7772   -76.8162      207     9.37     10.82      372.22
0407   203.2   968.6     26.65    100.0      55    64     4.75     -4.27     -2.08     5     -.2      57     3   3   3   0    26.7772   -76.8163      186     9.21     10.63      372.36
0408   203.7   969.3     26.70    100.0      48    64     4.65     -4.16     -2.07     6     -.2      50     0   0   0   3    26.7772   -76.8163      165     9.02     10.42      372.53
0409   204.2   970.0     26.76    100.0      42    63     4.56     -4.06     -2.08     6     -.1      44     0   0   0   0    26.7772   -76.8163      144     8.85     10.22      372.73
0410   204.7   970.7     26.82    100.0      35    62     4.48     -3.96     -2.10     6      .0      37     0   0   0   0    26.7772   -76.8163      123     8.70     10.05      372.94
0411   205.2   971.4     26.88    100.0      29    62     4.42     -3.89     -2.09     6      .1      31     0   0   0   0    26.7772   -76.8163      102     8.57      9.89      373.15
0412   205.7   972.1     26.94    100.0      23    62     4.37     -3.87     -2.03     6      .2      25     0   0   0   0    26.7772   -76.8164       82     8.47      9.78      373.37
0413   206.2   972.8     27.01    100.0      17    64     4.41     -3.98     -1.90     6      .2      19     0   0   0   0    26.7772   -76.8164       62     8.56      9.88      373.61
0414   206.7   973.4     27.07    100.0      11    66     4.68     -4.28     -1.88     6      .3      13     0   0   0   0    26.7772   -76.8164       42     9.08     10.48      373.86
0415   207.2   974.1     27.11    100.0       5    66     5.05     -4.62     -2.02     6      .4       7     0   0   0   0    26.7772   -76.8164       23     9.79     11.31      373.96
