 ===========================================================================
 DROPWINDSONDE PROCESSING RECORD                            Sonde: 984925056
 PDS file written Aug 23, 2005.                             Format:    V6.03
 Aircraft: AFRES C-130                       Date: 990829   Time: 061107 UTC
 ---------------------------------------------------------------------------
 Bias corrections:  PR =    .0 mb  TE =    .0 C  RH =    .0 %  PRB =   .0 mb
 Filters (LPF):     PTH =   5 s    WIND =   5 s       Hyd anchor =       SFC
 Dyn RH correction =  N     WSHR COR =      Y         Splash PR  =  968.9 mb
 Estimated PR used =  N     GPS VERR =    .18 m/s     HYD SFCP   =  969.6 mb
 Dyn T correction  =  Y     WGACORR  =    1.1 m       AC GA ADJ  =     .0 m
 ---------------------------------------------------------------------------
 COMMENTS: Eye.                                                        
 ===========================================================================

 ==============================================================================
 Date: 990829   Lat:  28.99 N   TA:   15.7 C   PS:  697.0 mb   WD:   275 deg
 Time: 061107   Lon:  77.94 W   TD:    9.2 C   GA:   2872 m    WS:   1.0 m/s
 SID:  984925056                RH:   64.5 %   Navaid:   GP          
 ===========================================================================

IX      t (s)  P (mb)    T (C)    RH (%)  Z (m)   WD    WS (m/s)   U (m/s)   V (m/s)  NS  WZ (m/s)  ZW (m)   FP  FT  FH  FW   LAT (N)    LON (E)  ZW (ft)  WS (kt)  WS (mph)  THETAE (K)
0001      .1   697.5     15.74     64.8    2867   273      .99       .99      -.05  -999  -999.0    2868     3   3   3   3    28.9900   -77.9400     9410     1.93      2.22      354.10
0002      .6   698.1     15.79     65.1    2860   265      .98       .98       .08  -999  -999.0    2861     3   3   3   3    28.9900   -77.9400     9388     1.90      2.20      354.30
0003     1.1   698.6     15.83     65.3    2854   263      .98       .97       .12  -999  -999.0    2855     3   3   3   3    28.9900   -77.9400     9367     1.90      2.19      354.49
0004     1.6   699.1     15.87     65.6    2847   261      .98       .97       .16  -999  -999.0    2848     3   3   3   3    28.9900   -77.9400     9345     1.90      2.20      354.67
0005     2.1   699.7     15.92     65.9    2841   259      .98       .96       .19  -999  -999.0    2842     3   3   3   3    28.9900   -77.9400     9324     1.91      2.20      354.86
0006     2.6   700.2     15.96     66.2    2834   257      .99       .96       .23  -999  -999.0    2835     3   3   3   3    28.9900   -77.9400     9302     1.92      2.21      355.04
0007     3.1   700.8     16.00     66.4    2828   254      .99       .96       .27  -999  -999.0    2829     3   3   3   3    28.9900   -77.9399     9281     1.93      2.22      355.23
0008     3.6   701.3     16.05     66.7    2821   252     1.00       .95       .30  -999  -999.0    2822     3   3   3   3    28.9900   -77.9399     9259     1.94      2.24      355.42
0009     4.1   701.8     16.09     67.0    2815   250     1.01       .95       .34  -999  -999.0    2816     3   3   3   3    28.9900   -77.9399     9238     1.95      2.26      355.61
0010     4.6   702.4     16.13     67.2    2808   248     1.02       .94       .38  -999  -999.0    2809     3   3   3   3    28.9900   -77.9399     9217     1.97      2.28      355.80
0011     5.1   702.9     16.18     67.5    2802   246     1.03       .94       .41  -999  -999.0    2803     3   3   3   3    28.9900   -77.9399     9195     1.99      2.30      355.99
0012     5.6   703.4     16.22     67.8    2795   244     1.04       .94       .45  -999  -999.0    2796     3   3   3   3    28.9900   -77.9399     9174     2.01      2.33      356.17
0013     6.1   704.0     16.26     68.1    2789   242     1.05       .93       .49  -999  -999.0    2790     3   3   3   3    28.9900   -77.9399     9153     2.04      2.36      356.36
0014     6.6   704.5     16.30     68.3    2782   240     1.07       .93       .53  -999  -999.0    2783     3   3   3   3    28.9900   -77.9399     9131     2.07      2.39      356.55
0015     7.1   705.1     16.35     68.6    2776   239     1.08       .92       .56  -999  -999.0    2777     3   3   3   3    28.9900   -77.9399     9110     2.10      2.42      356.74
0016     7.6   705.6     16.39     68.9    2769   237     1.10       .92       .60  -999  -999.0    2770     3   3   3   3    28.9900   -77.9399     9089     2.13      2.46      356.93
0017     8.1   706.1     16.43     69.1    2763   235     1.11       .91       .64  -999  -999.0    2764     3   3   3   3    28.9900   -77.9399     9067     2.16      2.50      357.11
0018     8.6   706.7     16.47     69.4    2756   234     1.13       .91       .67  -999  -999.0    2757     3   3   3   3    28.9900   -77.9399     9046     2.20      2.54      357.30
0019     9.1   707.2     16.51     69.7    2750   232     1.15       .91       .71  -999  -999.0    2751     3   3   3   3    28.9900   -77.9399     9025     2.23      2.58      357.48
0020     9.6   707.7     16.55     69.9    2743   230     1.17       .90       .75  -999  -999.0    2744     3   3   3   3    28.9900   -77.9398     9003     2.27      2.62      357.66
0021    10.1   708.3     16.58     70.2    2737   229     1.19       .90       .78  -999  -999.0    2738     3   3   3   3    28.9900   -77.9398     8982     2.32      2.67      357.84
0022    10.6   708.8     16.62     70.5    2730   228     1.22       .90       .82  -999  -999.0    2731     3   3   3   3    28.9900   -77.9398     8961     2.36      2.72      358.00
0023    11.1   709.3     16.66     70.7    2724   226     1.24       .90       .86  -999  -999.0    2725     3   3   3   3    28.9900   -77.9398     8940     2.40      2.78      358.17
0024    11.6   709.9     16.70     71.0    2717   225     1.26       .89       .89  -999  -999.0    2718     3   3   3   3    28.9901   -77.9398     8918     2.45      2.83      358.33
0025    12.1   710.4     16.73     71.3    2711   224     1.28       .89       .93  -999  -999.0    2712     3   3   3   3    28.9901   -77.9398     8897     2.49      2.88      358.51
0026    12.6   711.0     16.77     71.6    2704   222     1.30       .87       .97  -999  -999.0    2705     3   3   3   3    28.9901   -77.9398     8876     2.53      2.92      358.71
0027    13.1   711.5     16.80     71.9    2698   221     1.32       .86      1.00  -999  -999.0    2699     3   3   3   3    28.9901   -77.9398     8855     2.56      2.96      358.92
0028    13.6   712.0     16.84     72.2    2692   219     1.34       .85      1.04  -999  -999.0    2693     3   3   3   3    28.9901   -77.9398     8834     2.61      3.01      359.12
0029    14.1   712.6     16.87     72.5    2685   218     1.37       .84      1.08  -999  -999.0    2686     3   3   3   3    28.9901   -77.9398     8813     2.66      3.08      359.29
0030    14.6   713.1     16.89     72.7    2679   217     1.41       .85      1.12  -999  -999.0    2680     3   3   3   3    28.9901   -77.9398     8792     2.73      3.16      359.39
0031    15.1   713.6     16.91     72.9    2672   217     1.45       .86      1.16  -999  -999.0    2673     0   0   3   3    28.9901   -77.9398     8770     2.81      3.25      359.42
0032    15.6   714.2     16.92     73.0    2665   216     1.49       .88      1.20  -999     1.0    2666     0   0   3   3    28.9901   -77.9398     8748     2.89      3.34      359.38
0033    16.1   714.8     16.92     73.0    2659   216     1.52       .89      1.23  -999      .9    2660     0   0   0   3    28.9901   -77.9398     8726     2.96      3.41      359.29
0034    16.6   715.3     16.91     73.0    2652   215     1.54       .89      1.26  -999      .8    2653     0   0   0   3    28.9901   -77.9397     8704     3.00      3.46      359.18
0035    17.1   715.9     16.91     73.1    2645   213     1.55       .85      1.29  -999      .7    2646     0   0   0   3    28.9901   -77.9397     8681     3.00      3.47      359.09
0036    17.6   716.5     16.90     73.3    2638   211     1.54       .79      1.32  -999      .6    2639     0   0   0   3    28.9901   -77.9397     8659     2.98      3.44      359.04
0037    18.1   717.1     16.89     73.7    2631   207     1.52       .69      1.35     4      .5    2632     0   0   0   0    28.9901   -77.9397     8636     2.95      3.40      359.06
0038    18.6   717.7     16.88     74.1    2624   203     1.51       .60      1.39     4      .4    2625     0   0   0   0    28.9901   -77.9397     8613     2.94      3.39      359.14
0039    19.1   718.2     16.87     74.6    2617   199     1.53       .51      1.45     4      .4    2618     0   0   0   0    28.9901   -77.9397     8590     2.97      3.43      359.26
0040    19.6   718.8     16.87     75.1    2610   197     1.59       .46      1.52     4      .4    2611     0   0   0   0    28.9901   -77.9397     8567     3.08      3.56      359.40
0041    20.1   719.4     16.87     75.5    2603   196     1.68       .45      1.62     4      .4    2604     0   0   0   0    28.9901   -77.9397     8544     3.26      3.77      359.53
0042    20.6   720.0     16.87     75.9    2596   196     1.81       .50      1.74     4      .4    2597     0   0   0   0    28.9902   -77.9397     8521     3.52      4.06      359.63
0043    21.1   720.6     16.88     76.2    2589   198     1.97       .60      1.88     4      .5    2590     0   0   0   0    28.9902   -77.9397     8498     3.83      4.42      359.69
0044    21.6   721.2     16.89     76.4    2582   200     2.15       .73      2.03     4      .5    2583     0   0   0   0    28.9902   -77.9397     8475     4.18      4.83      359.70
0045    22.1   721.8     16.90     76.5    2575   202     2.34       .89      2.16     4      .5    2576     0   0   0   0    28.9902   -77.9397     8453     4.54      5.24      359.69
0046    22.6   722.3     16.91     76.6    2568   204     2.51      1.04      2.29     4      .5    2569     0   0   0   0    28.9902   -77.9397     8430     4.87      5.62      359.65
0047    23.1   722.9     16.92     76.6    2562   206     2.66      1.18      2.38     4      .6    2563     0   0   0   0    28.9902   -77.9397     8407     5.15      5.95      359.61
0048    23.6   723.5     16.94     76.6    2555   208     2.77      1.30      2.45     4      .6    2556     0   0   0   0    28.9902   -77.9397     8385     5.38      6.21      359.56
0049    24.1   724.1     16.96     76.6    2548   210     2.87      1.41      2.49     4      .6    2549     0   0   0   0    28.9902   -77.9397     8362     5.56      6.42      359.51
0050    24.6   724.7     16.99     76.5    2541   211     2.95      1.51      2.53     4      .6    2542     0   0   0   0    28.9902   -77.9397     8340     5.71      6.60      359.46
0051    25.1   725.3     17.02     76.4    2534   212     3.03      1.59      2.58     4      .5    2535     0   0   0   0    28.9902   -77.9397     8317     5.87      6.78      359.40
0052    25.6   725.8     17.05     76.3    2527   212     3.12      1.66      2.64     4      .5    2528     0   0   0   0    28.9903   -77.9397     8295     6.06      6.99      359.35
0053    26.1   726.4     17.08     76.2    2520   212     3.23      1.72      2.73     4      .6    2521     0   0   0   0    28.9903   -77.9397     8272     6.27      7.24      359.29
0054    26.6   727.0     17.11     76.1    2513   212     3.35      1.76      2.85     4      .6    2514     0   0   0   0    28.9903   -77.9397     8249     6.50      7.50      359.24
0055    27.1   727.6     17.14     76.0    2507   211     3.46      1.78      2.97     4      .6    2508     0   0   0   0    28.9903   -77.9396     8227     6.72      7.75      359.21
0056    27.6   728.2     17.17     76.0    2500   210     3.55      1.77      3.08     4      .6    2501     0   0   0   0    28.9903   -77.9396     8204     6.89      7.96      359.18
0057    28.1   728.8     17.21     75.9    2493   209     3.61      1.75      3.15     5      .6    2494     0   0   0   0    28.9903   -77.9396     8182     7.00      8.08      359.17
0058    28.6   729.3     17.24     75.9    2486   208     3.61      1.71      3.18     5      .7    2487     0   0   0   0    28.9903   -77.9396     8160     7.00      8.09      359.18
0059    29.1   729.9     17.28     75.9    2479   208     3.56      1.67      3.15     5      .7    2480     0   0   0   0    28.9904   -77.9396     8138     6.91      7.98      359.22
0060    29.6   730.5     17.31     76.0    2472   208     3.47      1.64      3.06     5      .7    2474     0   0   0   0    28.9904   -77.9396     8115     6.74      7.78      359.28
0061    30.1   731.1     17.35     76.1    2466   209     3.36      1.65      2.93     5      .6    2467     0   0   0   0    28.9904   -77.9396     8093     6.53      7.53      359.38
0062    30.6   731.6     17.39     76.3    2459   211     3.25      1.68      2.78     5      .6    2460     0   0   0   0    28.9904   -77.9396     8071     6.31      7.29      359.53
0063    31.1   732.2     17.43     76.6    2452   213     3.16      1.74      2.64     5      .6    2453     0   0   0   0    28.9904   -77.9396     8048     6.14      7.08      359.73
0064    31.6   732.8     17.47     77.0    2445   216     3.11      1.83      2.51     5      .6    2446     0   0   0   0    28.9904   -77.9396     8026     6.03      6.96      359.98
0065    32.1   733.4     17.50     77.5    2438   218     3.09      1.92      2.42     5      .6    2439     0   0   0   0    28.9904   -77.9396     8004     5.99      6.92      360.25
0066    32.6   734.0     17.53     77.9    2432   220     3.10      2.01      2.36     5      .6    2433     0   0   0   0    28.9904   -77.9396     7981     6.02      6.95      360.52
0067    33.1   734.6     17.56     78.4    2425   222     3.13      2.09      2.33     5      .5    2426     0   0   0   0    28.9904   -77.9396     7959     6.07      7.01      360.78
0068    33.6   735.1     17.59     78.8    2418   223     3.16      2.14      2.32     5      .5    2419     0   0   0   0    28.9905   -77.9395     7936     6.12      7.07      360.98
0069    34.1   735.7     17.61     79.1    2411   223     3.17      2.17      2.31     5      .5    2412     0   0   0   0    28.9905   -77.9395     7914     6.15      7.10      361.13
0070    34.6   736.3     17.63     79.3    2404   223     3.16      2.17      2.30     5      .5    2405     0   0   0   0    28.9905   -77.9395     7891     6.14      7.09      361.22
0071    35.1   736.9     17.66     79.4    2397   223     3.14      2.14      2.29     5      .5    2398     0   0   0   0    28.9905   -77.9395     7869     6.08      7.03      361.26
0072    35.6   737.5     17.68     79.5    2390   223     3.09      2.09      2.27     5      .4    2391     0   0   0   0    28.9905   -77.9395     7846     5.99      6.92      361.26
0073    36.1   738.1     17.71     79.5    2384   222     3.03      2.03      2.25     5      .4    2385     0   0   0   0    28.9905   -77.9395     7823     5.88      6.79      361.24
0074    36.6   738.7     17.74     79.4    2377   222     2.98      1.98      2.22     5      .4    2378     0   0   0   0    28.9905   -77.9395     7801     5.77      6.67      361.21
0075    37.1   739.3     17.76     79.4    2370   221     2.93      1.93      2.20     5      .4    2371     0   0   0   0    28.9905   -77.9395     7778     5.68      6.56      361.18
0076    37.6   739.9     17.80     79.3    2363   221     2.89      1.89      2.19     5      .4    2364     0   0   0   0    28.9905   -77.9395     7756     5.61      6.48      361.16
0077    38.1   740.5     17.83     79.3    2356   221     2.88      1.87      2.18     5      .4    2357     0   0   0   0    28.9905   -77.9395     7733     5.58      6.44      361.14
0078    38.6   741.1     17.86     79.2    2349   221     2.87      1.87      2.18     5      .5    2350     0   0   0   0    28.9906   -77.9395     7710     5.57      6.43      361.13
0079    39.1   741.7     17.90     79.2    2342   221     2.87      1.87      2.18     5      .5    2343     0   0   0   0    28.9906   -77.9395     7688     5.58      6.44      361.13
0080    39.6   742.2     17.93     79.2    2335   220     2.88      1.87      2.19     5      .5    2336     0   0   0   0    28.9906   -77.9395     7665     5.59      6.45      361.16
0081    40.1   742.8     17.97     79.2    2329   220     2.89      1.87      2.20     5      .5    2330     0   0   0   0    28.9906   -77.9394     7643     5.61      6.47      361.20
0082    40.6   743.4     18.00     79.3    2322   220     2.90      1.86      2.22     5      .5    2323     0   0   0   0    28.9906   -77.9394     7621     5.63      6.50      361.25
0083    41.1   744.0     18.03     79.4    2315   219     2.91      1.85      2.25     4      .5    2316     0   0   0   0    28.9906   -77.9394     7598     5.65      6.53      361.31
0084    41.6   744.6     18.06     79.4    2308   219     2.93      1.83      2.29     5      .5    2309     0   0   0   0    28.9906   -77.9394     7576     5.69      6.57      361.35
0085    42.1   745.2     18.09     79.5    2301   218     2.96      1.82      2.34     5      .5    2302     0   0   0   0    28.9906   -77.9394     7554     5.75      6.64      361.38
0086    42.6   745.8     18.11     79.5    2294   217     3.00      1.81      2.40     5      .5    2296     0   0   0   0    28.9906   -77.9394     7531     5.82      6.72      361.37
0087    43.1   746.4     18.14     79.5    2288   216     3.05      1.80      2.45     5      .5    2289     0   0   0   0    28.9906   -77.9394     7509     5.91      6.82      361.34
0088    43.6   747.0     18.16     79.5    2281   216     3.09      1.81      2.51     5      .5    2282     0   0   0   0    28.9907   -77.9394     7486     6.00      6.93      361.30
0089    44.1   747.6     18.18     79.4    2274   215     3.14      1.82      2.56     5      .5    2275     0   0   0   0    28.9907   -77.9394     7464     6.09      7.03      361.25
0090    44.6   748.2     18.21     79.4    2267   215     3.19      1.84      2.60     5      .5    2268     0   0   0   0    28.9907   -77.9394     7442     6.18      7.14      361.21
0091    45.1   748.7     18.24     79.3    2260   215     3.23      1.86      2.64     5      .5    2261     0   0   0   0    28.9907   -77.9394     7420     6.28      7.25      361.19
0092    45.6   749.3     18.27     79.3    2254   215     3.29      1.90      2.69     5      .5    2255     0   0   0   0    28.9907   -77.9394     7397     6.38      7.37      361.18
0093    46.1   749.9     18.31     79.2    2247   215     3.36      1.94      2.73     4      .5    2248     0   0   0   0    28.9907   -77.9394     7375     6.51      7.52      361.17
0094    46.6   750.5     18.35     79.1    2240   216     3.43      2.01      2.78     5      .5    2241     0   0   0   0    28.9907   -77.9393     7353     6.66      7.69      361.13
0095    47.1   751.1     18.39     78.9    2233   216     3.52      2.09      2.83     5      .5    2234     0   0   0   0    28.9907   -77.9393     7330     6.84      7.89      361.07
0096    47.6   751.7     18.43     78.6    2226   217     3.62      2.20      2.87     5      .5    2228     0   0   0   0    28.9908   -77.9393     7308     7.02      8.11      360.96
0097    48.1   752.3     18.46     78.4    2220   219     3.71      2.32      2.90     5      .5    2221     0   0   0   3    28.9908   -77.9393     7286     7.20      8.32      360.83
0098    48.6   752.9     18.49     78.1    2213   220     3.80      2.46      2.90     5      .5    2214     0   0   0   0    28.9908   -77.9393     7263     7.37      8.51      360.69
0099    49.1   753.5     18.52     77.9    2206   222     3.87      2.59      2.88     5      .5    2207     0   0   0   0    28.9908   -77.9393     7241     7.50      8.66      360.56
0100    49.6   754.1     18.55     77.7    2199   224     3.92      2.70      2.84     5      .6    2200     0   0   0   0    28.9908   -77.9393     7219     7.61      8.78      360.46
0101    50.1   754.7     18.57     77.7    2192   225     3.96      2.80      2.80     5      .6    2193     0   0   0   0    28.9908   -77.9393     7196     7.68      8.87      360.40
0102    50.6   755.3     18.59     77.7    2186   226     3.99      2.88      2.77     5      .6    2187     0   0   0   0    28.9908   -77.9392     7174     7.74      8.94      360.38
0103    51.1   755.9     18.61     77.8    2179   227     4.03      2.92      2.77     5      .6    2180     0   0   0   0    28.9908   -77.9392     7153     7.81      9.02      360.38
0104    51.6   756.4     18.63     77.9    2172   227     4.07      2.95      2.80     5      .7    2173     0   0   0   0    28.9909   -77.9392     7131     7.89      9.11      360.39
0105    52.1   757.0     18.65     77.9    2166   226     4.13      2.97      2.87     5      .6    2167     0   0   0   0    28.9909   -77.9392     7109     8.01      9.25      360.38
0106    52.6   757.6     18.67     77.9    2159   225     4.20      2.97      2.98     5      .6    2160     0   0   0   0    28.9909   -77.9392     7087     8.16      9.42      360.34
0107    53.1   758.2     18.69     77.8    2152   224     4.29      2.97      3.10     5      .6    2153     0   0   0   0    28.9909   -77.9392     7065     8.32      9.61      360.27
0108    53.6   758.8     18.71     77.7    2146   223     4.37      2.96      3.22     5      .6    2147     0   0   0   0    28.9909   -77.9391     7043     8.49      9.80      360.17
0109    54.1   759.4     18.73     77.5    2139   221     4.45      2.94      3.34     5      .5    2140     0   0   0   0    28.9909   -77.9391     7021     8.63      9.96      360.05
0110    54.6   760.0     18.76     77.3    2132   221     4.50      2.92      3.42     5      .5    2133     0   0   0   0    28.9909   -77.9391     6999     8.73     10.08      359.93
0111    55.1   760.6     18.79     77.1    2125   220     4.52      2.91      3.47     5      .5    2126     0   0   0   0    28.9910   -77.9391     6976     8.77     10.13      359.82
0112    55.6   761.2     18.82     77.0    2119   220     4.52      2.89      3.48     4      .5    2120     0   0   0   0    28.9910   -77.9391     6954     8.77     10.13      359.74
0113    56.1   761.8     18.86     76.8    2112   220     4.51      2.89      3.46     5      .5    2113     0   0   0   0    28.9910   -77.9391     6932     8.75     10.10      359.69
0114    56.6   762.4     18.90     76.7    2105   220     4.50      2.90      3.43     5      .5    2106     0   0   0   0    28.9910   -77.9391     6910     8.72     10.07      359.68
0115    57.1   763.0     18.95     76.7    2098   221     4.49      2.93      3.41     5      .5    2099     0   0   0   0    28.9910   -77.9390     6888     8.72     10.07      359.72
0116    57.6   763.6     18.99     76.7    2092   221     4.51      2.97      3.40     5      .5    2093     0   0   0   0    28.9910   -77.9390     6866     8.76     10.11      359.80
0117    58.1   764.2     19.04     76.7    2085   221     4.56      3.01      3.42     5      .5    2086     0   0   0   3    28.9911   -77.9390     6843     8.84     10.21      359.91
0118    58.6   764.8     19.09     76.8    2078   221     4.62      3.04      3.47     5      .5    2079     0   0   0   0    28.9911   -77.9390     6821     8.96     10.34      360.02
0119    59.1   765.4     19.13     76.8    2071   221     4.69      3.06      3.55     5      .5    2072     0   0   0   0    28.9911   -77.9390     6799     9.10     10.50      360.09
0120    59.6   766.0     19.18     76.7    2065   220     4.76      3.07      3.63     5      .5    2066     0   0   0   0    28.9911   -77.9390     6777     9.23     10.66      360.10
0121    60.1   766.5     19.22     76.5    2058   220     4.81      3.08      3.70     5      .6    2059     0   0   0   0    28.9911   -77.9389     6755     9.33     10.78      360.01
0122    60.6   767.1     19.26     76.0    2051   220     4.84      3.09      3.73     5      .6    2052     0   0   0   0    28.9911   -77.9389     6733     9.39     10.84      359.83
0123    61.1   767.7     19.31     75.5    2045   220     4.84      3.11      3.71     5      .5    2046     0   0   0   0    28.9912   -77.9389     6711     9.39     10.84      359.57
0124    61.6   768.3     19.36     74.9    2038   221     4.81      3.13      3.65     5      .5    2039     0   0   0   0    28.9912   -77.9389     6689     9.33     10.77      359.29
0125    62.1   768.9     19.41     74.3    2031   222     4.76      3.16      3.55     5      .5    2032     0   0   0   0    28.9912   -77.9389     6667     9.23     10.65      359.03
0126    62.6   769.5     19.47     73.8    2024   223     4.69      3.18      3.45     5      .5    2026     0   0   0   3    28.9912   -77.9389     6645     9.10     10.51      358.84
0127    63.1   770.1     19.52     73.4    2018   223     4.63      3.17      3.37     5      .5    2019     0   0   0   3    28.9912   -77.9389     6623     8.98     10.37      358.75
0128    63.6   770.7     19.58     73.3    2011   223     4.58      3.12      3.34     5      .5    2012     0   0   0   0    28.9912   -77.9388     6601     8.88     10.25      358.78
0129    64.1   771.3     19.63     73.3    2004   222     4.54      3.04      3.37     6      .5    2005     0   0   0   0    28.9912   -77.9388     6579     8.80     10.16      358.89
0130    64.6   771.9     19.67     73.5    1997   220     4.52      2.93      3.44     6      .5    1999     0   0   0   0    28.9913   -77.9388     6557     8.77     10.13      359.04
0131    65.1   772.5     19.71     73.6    1991   218     4.53      2.81      3.55     6      .6    1992     0   0   0   0    28.9913   -77.9388     6535     8.78     10.14      359.18
0132    65.6   773.1     19.75     73.8    1984   217     4.55      2.71      3.65     6      .6    1985     0   0   0   0    28.9913   -77.9388     6513     8.82     10.19      359.27
0133    66.1   773.7     19.78     73.8    1977   215     4.56      2.64      3.72     6      .7    1978     0   0   0   0    28.9913   -77.9388     6491     8.86     10.22      359.29
0134    66.6   774.3     19.81     73.7    1971   215     4.56      2.61      3.74     6      .7    1972     0   0   0   0    28.9913   -77.9388     6469     8.85     10.22      359.26
0135    67.1   774.9     19.84     73.6    1964   215     4.53      2.63      3.68     6      .8    1965     0   0   0   0    28.9913   -77.9387     6448     8.78     10.14      359.19
0136    67.6   775.5     19.88     73.4    1958   217     4.45      2.66      3.57     6      .8    1959     0   0   0   0    28.9914   -77.9387     6426     8.64      9.97      359.14
0137    68.1   776.1     19.92     73.3    1951   218     4.35      2.70      3.41     6      .8    1952     0   0   0   0    28.9914   -77.9387     6405     8.44      9.74      359.11
0138    68.6   776.7     19.97     73.2    1945   220     4.22      2.71      3.24     6      .9    1946     0   0   0   0    28.9914   -77.9387     6384     8.19      9.46      359.12
0139    69.1   777.2     20.02     73.1    1938   221     4.09      2.68      3.09     6      .9    1939     0   0   0   0    28.9914   -77.9387     6362     7.93      9.16      359.15
0140    69.6   777.8     20.07     72.9    1932   221     3.96      2.62      2.98     6      .9    1933     0   0   0   0    28.9914   -77.9387     6341     7.69      8.88      359.15
0141    70.1   778.4     20.12     72.6    1925   221     3.87      2.54      2.92     6      .9    1926     0   0   0   3    28.9914   -77.9386     6320     7.50      8.66      359.08
0142    70.6   779.0     20.17     72.2    1919   220     3.81      2.46      2.91     6      .8    1920     0   0   0   0    28.9914   -77.9386     6298     7.40      8.54      358.91
0143    71.1   779.6     20.22     71.6    1912   219     3.81      2.42      2.95     6      .8    1913     0   0   0   3    28.9915   -77.9386     6277     7.40      8.54      358.62
0144    71.6   780.2     20.26     70.8    1906   219     3.87      2.42      3.02     6      .8    1907     0   0   0   3    28.9915   -77.9386     6256     7.50      8.66      358.23
0145    72.1   780.8     20.31     70.0    1899   219     3.96      2.48      3.09     6      .8    1900     0   0   0   0    28.9915   -77.9386     6234     7.68      8.87      357.77
0146    72.6   781.4     20.37     69.1    1893   219     4.07      2.58      3.15     6      .7    1894     0   0   0   0    28.9915   -77.9386     6213     7.90      9.12      357.31
0147    73.1   781.9     20.42     68.2    1886   220     4.18      2.70      3.19     6      .7    1887     0   0   0   0    28.9915   -77.9386     6191     8.12      9.37      356.88
0148    73.6   782.5     20.48     67.4    1879   221     4.28      2.82      3.21     6      .7    1880     0   0   0   0    28.9915   -77.9385     6169     8.29      9.58      356.53
0149    74.1   783.1     20.54     66.9    1873   222     4.33      2.91      3.21     6      .7    1874     0   0   0   0    28.9915   -77.9385     6148     8.41      9.71      356.29
0150    74.6   783.7     20.60     66.4    1866   223     4.35      2.96      3.19     6      .8    1867     0   0   0   0    28.9916   -77.9385     6126     8.45      9.75      356.16
0151    75.1   784.3     20.66     66.2    1860   223     4.34      2.97      3.16     6      .8    1861     0   0   0   3    28.9916   -77.9385     6105     8.42      9.72      356.11
0152    75.6   784.9     20.71     66.0    1853   223     4.31      2.95      3.14     6      .8    1854     0   0   0   0    28.9916   -77.9385     6083     8.35      9.65      356.11
0153    76.1   785.5     20.76     66.0    1847   223     4.27      2.92      3.12     6      .8    1848     0   0   0   0    28.9916   -77.9385     6062     8.29      9.57      356.14
0154    76.6   786.1     20.80     65.9    1840   223     4.25      2.89      3.12     6      .8    1841     0   0   0   0    28.9916   -77.9384     6041     8.25      9.53      356.17
0155    77.1   786.7     20.85     65.8    1834   222     4.27      2.88      3.15     6      .8    1835     0   0   0   0    28.9916   -77.9384     6020     8.28      9.56      356.16
0156    77.6   787.3     20.88     65.7    1827   222     4.33      2.90      3.22     6      .8    1828     0   0   0   0    28.9916   -77.9384     5998     8.40      9.70      356.12
0157    78.1   787.8     20.92     65.5    1821   222     4.43      2.94      3.31     6      .8    1822     0   0   0   0    28.9917   -77.9384     5977     8.59      9.92      356.05
0158    78.6   788.4     20.95     65.4    1814   221     4.56      3.00      3.43     6      .7    1815     0   0   0   0    28.9917   -77.9384     5956     8.84     10.21      355.95
0159    79.1   789.0     20.98     65.2    1808   221     4.70      3.05      3.57     6      .6    1809     0   0   0   0    28.9917   -77.9384     5934     9.11     10.52      355.86
0160    79.6   789.6     21.00     65.1    1801   220     4.82      3.09      3.70     5      .6    1802     0   0   0   0    28.9917   -77.9384     5912     9.35     10.80      355.78
0161    80.1   790.2     21.02     65.1    1794   219     4.90      3.08      3.81     6      .6    1795     0   0   0   0    28.9917   -77.9383     5890     9.51     10.98      355.75
0162    80.6   790.9     21.04     65.2    1788   218     4.92      3.03      3.87     6      .6    1789     0   0   0   0    28.9917   -77.9383     5869     9.55     11.02      355.76
0163    81.1   791.5     21.05     65.5    1781   217     4.86      2.93      3.88     6      .6    1782     0   0   0   0    28.9918   -77.9383     5847     9.44     10.89      355.82
0164    81.6   792.1     21.05     65.8    1774   216     4.73      2.79      3.82     6      .6    1776     0   0   0   0    28.9918   -77.9383     5825     9.17     10.59      355.95
0165    82.1   792.7     21.06     66.3    1768   215     4.53      2.60      3.71     6      .5    1769     0   0   0   0    28.9918   -77.9383     5804     8.79     10.15      356.15
0166    82.6   793.3     21.06     66.8    1761   214     4.30      2.40      3.56     6      .5    1762     0   0   0   0    28.9918   -77.9383     5782     8.34      9.63      356.40
0167    83.1   793.9     21.06     67.5    1755   213     4.06      2.20      3.41     6      .5    1756     0   0   0   0    28.9918   -77.9383     5760     7.88      9.09      356.69
0168    83.6   794.5     21.06     68.2    1748   212     3.85      2.03      3.27     6      .4    1749     0   0   0   0    28.9918   -77.9382     5739     7.47      8.62      357.03
0169    84.1   795.1     21.06     68.9    1741   211     3.69      1.88      3.18     6      .3    1742     0   0   0   0    28.9918   -77.9382     5717     7.16      8.26      357.38
0170    84.6   795.7     21.05     69.7    1735   209     3.59      1.76      3.13     6      .3    1736     0   0   0   0    28.9919   -77.9382     5695     6.97      8.04      357.72
0171    85.1   796.3     21.04     70.4    1728   208     3.55      1.67      3.13     6      .2    1729     0   0   0   0    28.9919   -77.9382     5673     6.89      7.95      358.02
0172    85.6   796.9     21.04     71.1    1721   207     3.55      1.61      3.16     5      .2    1722     0   0   0   0    28.9919   -77.9382     5650     6.88      7.95      358.27
0173    86.1   797.6     21.03     71.6    1714   206     3.56      1.54      3.21     6      .2    1715     0   0   0   0    28.9919   -77.9382     5628     6.91      7.97      358.46
0174    86.6   798.2     21.02     72.1    1707   204     3.57      1.47      3.25     6      .2    1708     0   0   0   0    28.9919   -77.9382     5605     6.92      7.99      358.60
0175    87.1   798.8     21.01     72.5    1701   203     3.55      1.38      3.27     6      .2    1702     0   0   0   0    28.9919   -77.9382     5583     6.89      7.95      358.70
0176    87.6   799.4     21.01     72.8    1694   201     3.51      1.28      3.27     6      .3    1695     0   0   0   0    28.9920   -77.9382     5561     6.82      7.87      358.80
0177    88.1   800.1     21.02     73.2    1687   200     3.46      1.18      3.26     6      .3    1688     0   0   0   0    28.9920   -77.9382     5539     6.72      7.76      358.92
0178    88.6   800.7     21.03     73.5    1681   198     3.42      1.08      3.24     6      .3    1682     0   0   0   0    28.9920   -77.9382     5517     6.63      7.66      359.07
0179    89.1   801.3     21.05     73.8    1674   197     3.40      1.00      3.25     6      .3    1675     0   0   0   0    28.9920   -77.9382     5496     6.60      7.62      359.25
0180    89.6   801.9     21.07     74.1    1667   196     3.43       .96      3.29     6      .3    1668     0   0   0   0    28.9920   -77.9382     5474     6.65      7.67      359.42
0181    90.1   802.5     21.10     74.4    1661   196     3.51       .95      3.37     6      .3    1662     0   0   0   0    28.9920   -77.9381     5452     6.80      7.85      359.55
0182    90.6   803.1     21.12     74.5    1654   196     3.64       .98      3.50     6      .2    1655     0   0   0   3    28.9920   -77.9381     5430     7.06      8.15      359.60
0183    91.1   803.8     21.13     74.5    1647   196     3.82      1.05      3.67     6      .2    1648     0   0   0   0    28.9921   -77.9381     5407     7.41      8.55      359.54
0184    91.6   804.4     21.15     74.3    1640   196     4.03      1.13      3.86     6      .2    1641     0   0   0   0    28.9921   -77.9381     5385     7.81      9.02      359.38
0185    92.1   805.0     21.16     74.0    1633   197     4.24      1.22      4.06     6      .2    1635     0   0   0   0    28.9921   -77.9381     5363     8.23      9.50      359.12
0186    92.6   805.6     21.17     73.7    1627   197     4.45      1.32      4.24     6      .2    1628     0   0   0   0    28.9921   -77.9381     5340     8.62      9.96      358.81
0187    93.1   806.3     21.19     73.3    1620   198     4.62      1.41      4.40     6      .3    1621     0   0   0   0    28.9921   -77.9381     5318     8.96     10.34      358.52
0188    93.6   806.9     21.20     73.0    1613   198     4.75      1.50      4.50     6      .3    1614     0   0   0   0    28.9922   -77.9381     5297     9.21     10.63      358.29
0189    94.1   807.5     21.22     72.9    1607   199     4.83      1.58      4.56     6      .4    1608     0   0   0   0    28.9922   -77.9381     5275     9.37     10.82      358.16
0190    94.6   808.1     21.24     72.9    1600   200     4.87      1.66      4.58     6      .4    1601     0   0   0   0    28.9922   -77.9381     5253     9.44     10.90      358.16
0191    95.1   808.7     21.25     73.2    1594   201     4.87      1.72      4.56     6      .4    1595     0   0   0   0    28.9922   -77.9381     5232     9.46     10.92      358.28
0192    95.6   809.3     21.26     73.6    1587   201     4.86      1.76      4.53     6      .4    1588     0   0   0   0    28.9922   -77.9381     5210     9.44     10.90      358.47
0193    96.1   810.0     21.27     74.1    1580   202     4.86      1.79      4.52     6      .4    1581     0   0   0   0    28.9923   -77.9381     5188     9.42     10.88      358.69
0194    96.6   810.6     21.28     74.6    1574   202     4.87      1.79      4.53     6      .4    1575     0   0   0   0    28.9923   -77.9380     5166     9.44     10.90      358.87
0195    97.1   811.2     21.28     74.9    1567   201     4.90      1.76      4.58     6      .4    1568     0   0   0   0    28.9923   -77.9380     5144     9.51     10.99      358.97
0196    97.6   811.8     21.28     75.1    1560   200     4.98      1.72      4.67     6      .4    1561     0   0   0   3    28.9923   -77.9380     5123     9.65     11.15      358.94
0197    98.1   812.4     21.27     75.0    1554   199     5.08      1.67      4.80     6      .4    1555     0   0   0   3    28.9923   -77.9380     5101     9.85     11.37      358.78
0198    98.6   813.1     21.27     74.8    1547   198     5.20      1.61      4.94     6      .4    1548     0   0   0   0    28.9924   -77.9380     5079    10.08     11.64      358.52
0199    99.1   813.7     21.27     74.4    1541   197     5.32      1.55      5.09     6      .4    1542     0   0   0   0    28.9924   -77.9380     5058    10.31     11.91      358.18
0200    99.6   814.3     21.26     74.1    1534   196     5.42      1.49      5.21     6      .4    1535     0   0   0   0    28.9924   -77.9380     5036    10.51     12.13      357.84
0201   100.1   814.9     21.25     73.9    1527   195     5.48      1.43      5.29     6      .4    1529     0   0   0   0    28.9924   -77.9380     5015    10.63     12.28      357.55
0202   100.6   815.5     21.24     73.9    1521   194     5.51      1.36      5.34     6      .4    1522     0   0   0   0    28.9925   -77.9380     4993    10.68     12.34      357.36
0203   101.1   816.1     21.21     74.1    1514   194     5.49      1.30      5.33     6      .4    1515     0   0   0   0    28.9925   -77.9380     4971    10.65     12.30      357.29
0204   101.6   816.8     21.18     74.6    1508   193     5.43      1.23      5.29     6      .4    1509     0   0   0   0    28.9925   -77.9380     4950    10.54     12.16      357.35
0205   102.1   817.4     21.14     75.4    1501   192     5.34      1.15      5.21     6      .4    1502     0   0   0   0    28.9925   -77.9380     4928    10.35     11.95      357.54
0206   102.6   818.0     21.10     76.4    1494   192     5.21      1.09      5.10     6      .4    1495     0   0   0   3    28.9926   -77.9380     4906    10.12     11.68      357.84
0207   103.1   818.6     21.05     77.5    1488   192     5.07      1.04      4.96     6      .5    1489     0   0   0   0    28.9926   -77.9380     4885     9.83     11.35      358.22
0208   103.6   819.2     21.00     78.8    1481   192     4.90      1.02      4.79     6      .5    1482     0   0   0   0    28.9926   -77.9379     4864     9.50     10.97      358.67
0209   104.1   819.8     20.95     80.2    1475   193     4.71      1.02      4.60     6      .5    1476     0   0   0   0    28.9926   -77.9379     4842     9.14     10.55      359.17
0210   104.6   820.5     20.90     81.6    1468   194     4.51      1.06      4.39     6      .5    1469     0   0   0   0    28.9926   -77.9379     4821     8.76     10.11      359.73
0211   105.1   821.1     20.85     83.2    1462   195     4.31      1.14      4.16     6      .5    1463     0   0   0   0    28.9927   -77.9379     4800     8.37      9.66      360.32
0212   105.6   821.7     20.80     84.8    1455   197     4.11      1.23      3.93     6      .4    1456     0   0   0   0    28.9927   -77.9379     4778     7.98      9.22      360.92
0213   106.1   822.3     20.75     86.3    1449   200     3.93      1.32      3.70     6      .4    1450     0   0   0   0    28.9927   -77.9379     4757     7.62      8.80      361.53
0214   106.6   822.9     20.70     87.9    1442   202     3.75      1.41      3.48     6      .3    1443     0   0   0   0    28.9927   -77.9379     4735     7.28      8.41      362.09
0215   107.1   823.5     20.65     89.3    1436   204     3.60      1.48      3.28     6      .3    1437     0   0   0   3    28.9927   -77.9379     4714     6.98      8.06      362.58
0216   107.6   824.2     20.61     90.5    1429   206     3.46      1.52      3.10     6      .2    1430     0   0   0   0    28.9927   -77.9379     4692     6.71      7.74      362.98
0217   108.1   824.8     20.57     91.4    1422   207     3.34      1.54      2.96     6      .2    1423     0   0   0   0    28.9928   -77.9379     4670     6.47      7.47      363.26
0218   108.6   825.4     20.54     92.2    1416   208     3.24      1.53      2.85     6      .1    1417     0   0   0   0    28.9928   -77.9379     4648     6.28      7.26      363.44
0219   109.1   826.1     20.52     92.8    1409   209     3.17      1.52      2.79     6      .1    1410     0   0   0   0    28.9928   -77.9379     4626     6.15      7.11      363.55
0220   109.6   826.7     20.51     93.2    1402   208     3.14      1.50      2.76     6      .1    1403     0   0   0   0    28.9928   -77.9379     4604     6.10      7.04      363.61
0221   110.1   827.4     20.50     93.5    1396   208     3.16      1.50      2.78     6      .1    1397     0   0   0   0    28.9928   -77.9378     4582     6.13      7.08      363.66
0222   110.6   828.0     20.50     93.9    1389   208     3.22      1.52      2.84     6      .1    1390     0   0   0   3    28.9928   -77.9378     4560     6.26      7.22      363.73
0223   111.1   828.6     20.51     94.2    1382   208     3.33      1.57      2.93     5      .1    1383     0   0   0   0    28.9928   -77.9378     4538     6.45      7.45      363.83
0224   111.6   829.3     20.52     94.6    1376   208     3.45      1.64      3.04     5      .1    1377     0   0   0   0    28.9928   -77.9378     4516     6.69      7.73      363.97
0225   112.1   829.9     20.54     94.9    1369   209     3.58      1.73      3.14     5      .1    1370     0   0   0   0    28.9929   -77.9378     4494     6.95      8.03      364.14
0226   112.6   830.5     20.55     95.3    1362   209     3.70      1.82      3.23     5      .2    1363     0   0   0   0    28.9929   -77.9378     4473     7.18      8.30      364.32
0227   113.1   831.2     20.57     95.7    1355   210     3.80      1.91      3.29     5      .2    1357     0   0   0   0    28.9929   -77.9378     4451     7.37      8.51      364.51
0228   113.6   831.8     20.59     96.1    1349   211     3.86      1.98      3.32     5      .2    1350     0   0   0   0    28.9929   -77.9378     4429     7.49      8.65      364.69
0229   114.1   832.5     20.61     96.4    1342   212     3.89      2.03      3.32     5      .3    1343     0   0   0   0    28.9929   -77.9378     4407     7.55      8.72      364.85
0230   114.6   833.1     20.63     96.7    1336   212     3.90      2.07      3.31     5      .3    1337     0   0   0   0    28.9929   -77.9378     4386     7.57      8.74      365.01
0231   115.1   833.7     20.65     97.0    1329   212     3.90      2.09      3.29     5      .4    1330     0   0   0   0    28.9930   -77.9378     4364     7.56      8.73      365.15
0232   115.6   834.3     20.67     97.3    1323   213     3.90      2.11      3.28     5      .4    1324     0   0   0   0    28.9930   -77.9378     4343     7.56      8.72      365.31
0233   116.1   834.9     20.70     97.6    1316   213     3.90      2.11      3.28     5      .4    1317     0   0   0   0    28.9930   -77.9378     4322     7.57      8.74      365.46
0234   116.6   835.6     20.72     97.9    1310   213     3.92      2.12      3.30     5      .3    1311     0   0   0   0    28.9930   -77.9377     4301     7.61      8.78      365.63
0235   117.1   836.2     20.75     98.1    1303   213     3.95      2.13      3.33     5      .2    1304     0   0   0   0    28.9930   -77.9377     4279     7.66      8.85      365.82
0236   117.6   836.8     20.78     98.4    1297   212     3.98      2.13      3.36     5      .1    1298     0   0   0   0    28.9930   -77.9377     4258     7.72      8.92      366.02
0237   118.1   837.5     20.82     98.7    1290   212     4.00      2.13      3.39     6      .1    1291     0   0   0   0    28.9930   -77.9377     4236     7.77      8.97      366.23
0238   118.6   838.1     20.85     99.0    1283   212     4.01      2.11      3.40     6      .0    1284     0   0   0   3    28.9931   -77.9377     4214     7.77      8.97      366.45
0239   119.1   838.8     20.89     99.3    1277   211     3.99      2.08      3.40     6      .0    1278     0   0   0   0    28.9931   -77.9377     4191     7.73      8.93      366.66
0240   119.6   839.4     20.92     99.6    1270   211     3.94      2.03      3.37     6      .0    1271     0   0   0   0    28.9931   -77.9377     4169     7.64      8.82      366.84
0241   120.1   840.1     20.95     99.8    1263   211     3.88      1.97      3.33     6      .0    1264     0   0   0   0    28.9931   -77.9377     4147     7.52      8.68      366.99
0242   120.6   840.7     20.98     99.9    1256   210     3.80      1.91      3.29     6      .1    1257     0   0   0   0    28.9931   -77.9377     4125     7.38      8.52      367.10
0243   121.1   841.4     21.01    100.0    1250   210     3.73      1.85      3.24     6      .1    1251     0   0   0   0    28.9931   -77.9377     4103     7.24      8.36      367.17
0244   121.6   842.0     21.04    100.0    1243   209     3.68      1.80      3.20     6      .2    1244     0   0   0   0    28.9931   -77.9377     4081     7.13      8.23      367.17
0245   122.1   842.6     21.06    100.0    1236   209     3.64      1.77      3.18     6      .3    1238     0   0   0   0    28.9932   -77.9377     4060     7.06      8.15      367.17
0246   122.6   843.3     21.09    100.0    1230   209     3.63      1.77      3.17     6      .3    1231     0   0   0   0    28.9932   -77.9377     4039     7.04      8.12      367.17
0247   123.1   843.9     21.11    100.0    1224   209     3.64      1.79      3.17     6      .3    1225     0   0   0   0    28.9932   -77.9376     4018     7.06      8.15      367.17
0248   123.6   844.5     21.14    100.0    1217   210     3.66      1.81      3.18     6      .3    1218     0   0   0   0    28.9932   -77.9376     3996     7.11      8.21      367.16
0249   124.1   845.1     21.16    100.0    1211   210     3.70      1.84      3.21     6      .2    1212     0   0   0   0    28.9932   -77.9376     3975     7.18      8.29      367.14
0250   124.6   845.8     21.19    100.0    1204   210     3.74      1.85      3.25     6      .1    1205     0   0   0   0    28.9932   -77.9376     3953     7.25      8.38      367.14
0251   125.1   846.4     21.21    100.0    1197   209     3.78      1.85      3.29     6      .1    1198     0   0   0   0    28.9933   -77.9376     3932     7.33      8.46      367.14
0252   125.6   847.1     21.24    100.0    1191   209     3.81      1.84      3.34     6      .0    1192     0   0   0   0    28.9933   -77.9376     3910     7.40      8.54      367.15
0253   126.1   847.7     21.26    100.0    1184   208     3.84      1.82      3.39     6      .0    1185     0   0   0   0    28.9933   -77.9376     3888     7.46      8.61      367.15
0254   126.6   848.4     21.29    100.0    1177   208     3.87      1.80      3.43     6      .0    1178     0   0   0   0    28.9933   -77.9376     3866     7.51      8.68      367.16
0255   127.1   849.0     21.32    100.0    1170   208     3.90      1.80      3.46     6      .0    1172     0   0   0   0    28.9933   -77.9376     3844     7.57      8.74      367.17
0256   127.6   849.7     21.35    100.0    1164   208     3.93      1.83      3.48     6      .0    1165     0   0   0   0    28.9933   -77.9376     3822     7.62      8.80      367.19
0257   128.1   850.3     21.38    100.0    1157   208     3.95      1.88      3.48     6      .1    1158     0   0   0   0    28.9933   -77.9376     3800     7.67      8.86      367.21
0258   128.6   851.0     21.41    100.0    1151   209     3.97      1.93      3.47     6      .1    1152     0   0   0   0    28.9934   -77.9376     3778     7.70      8.90      367.23
0259   129.1   851.6     21.44    100.0    1144   210     3.98      1.99      3.45     6      .2    1145     0   0   0   3    28.9934   -77.9376     3757     7.71      8.91      367.25
0260   129.6   852.2     21.46    100.0    1138   210     3.96      2.01      3.42     6      .2    1139     0   0   0   0    28.9934   -77.9375     3736     7.69      8.88      367.27
0261   130.1   852.9     21.49    100.0    1131   210     3.93      1.98      3.40     6      .2    1132     0   0   0   0    28.9934   -77.9375     3714     7.63      8.81      367.28
0262   130.6   853.5     21.52    100.0    1124   209     3.88      1.90      3.39     6      .2    1126     0   0   0   0    28.9934   -77.9375     3693     7.53      8.69      367.28
0263   131.1   854.2     21.54    100.0    1118   207     3.82      1.76      3.39     6      .2    1119     0   0   0   0    28.9934   -77.9375     3671     7.42      8.56      367.28
0264   131.6   854.8     21.57    100.0    1111   205     3.78      1.58      3.43     6      .2    1112     0   0   0   0    28.9935   -77.9375     3650     7.33      8.46      367.28
0265   132.1   855.5     21.59    100.0    1105   202     3.75      1.40      3.48     6      .2    1106     0   0   0   0    28.9935   -77.9375     3628     7.28      8.41      367.28
0266   132.6   856.1     21.62    100.0    1098   199     3.77      1.23      3.56     6      .2    1099     0   0   0   0    28.9935   -77.9375     3606     7.30      8.43      367.29
0267   133.1   856.8     21.65    100.0    1092   197     3.81      1.12      3.64     6      .2    1093     0   0   0   0    28.9935   -77.9375     3585     7.38      8.53      367.32
0268   133.6   857.4     21.68    100.0    1085   196     3.86      1.07      3.71     6      .2    1086     0   0   0   0    28.9935   -77.9375     3563     7.50      8.65      367.35
0269   134.1   858.0     21.72    100.0    1079   196     3.92      1.10      3.77     6      .3    1080     0   0   0   0    28.9935   -77.9375     3542     7.61      8.79      367.40
0270   134.6   858.7     21.75    100.0    1072   197     3.97      1.17      3.79     6      .3    1073     0   0   0   0    28.9935   -77.9375     3521     7.69      8.88      367.45
0271   135.1   859.3     21.79    100.0    1066   199     3.98      1.27      3.77     6      .2    1067     0   0   0   0    28.9936   -77.9375     3500     7.72      8.92      367.51
0272   135.6   859.9     21.83    100.0    1059   200     3.96      1.36      3.72     6      .2    1060     0   0   0   0    28.9936   -77.9375     3479     7.67      8.86      367.57
0273   136.1   860.6     21.86    100.0    1053   201     3.88      1.42      3.61     6      .2    1054     0   0   0   0    28.9936   -77.9374     3457     7.53      8.69      367.63
0274   136.6   861.2     21.90    100.0    1046   202     3.76      1.42      3.48     6      .1    1047     0   0   0   0    28.9936   -77.9374     3436     7.29      8.41      367.68
0275   137.1   861.9     21.93    100.0    1039   203     3.59      1.38      3.31     6      .1    1041     0   0   0   0    28.9936   -77.9374     3414     6.96      8.04      367.71
0276   137.6   862.5     21.96    100.0    1033   203     3.39      1.31      3.13     6      .1    1034     0   0   0   0    28.9936   -77.9374     3392     6.58      7.60      367.73
0277   138.1   863.2     21.98    100.0    1026   202     3.19      1.21      2.95     5      .1    1027     0   0   0   0    28.9937   -77.9374     3370     6.18      7.14      367.73
0278   138.6   863.8     22.01    100.0    1020   202     3.00      1.12      2.78     6      .1    1021     0   0   0   0    28.9937   -77.9374     3349     5.82      6.72      367.71
0279   139.1   864.5     22.02    100.0    1013   202     2.84      1.04      2.64     6      .2    1014     0   0   0   0    28.9937   -77.9374     3327     5.51      6.37      367.68
0280   139.6   865.1     22.04    100.0    1007   201     2.73       .99      2.55     6      .2    1008     0   0   0   0    28.9937   -77.9374     3306     5.30      6.12      367.62
0281   140.1   865.8     22.05    100.0    1000   201     2.68       .96      2.50     6      .3    1001     0   0   0   0    28.9937   -77.9374     3285     5.19      5.99      367.56
0282   140.6   866.4     22.06    100.0     994   201     2.67       .94      2.50     6      .3     995     0   0   0   0    28.9937   -77.9374     3264     5.18      5.98      367.50
0283   141.1   867.0     22.08    100.0     987   201     2.71       .95      2.53     6      .4     988     0   0   0   0    28.9937   -77.9374     3243     5.25      6.06      367.46
0284   141.6   867.7     22.10    100.0     981   200     2.77       .96      2.60     6      .4     982     0   0   0   0    28.9937   -77.9374     3222     5.37      6.20      367.43
0285   142.1   868.3     22.12    100.0     975   200     2.84       .99      2.66     6      .4     976     0   0   0   3    28.9938   -77.9374     3201     5.51      6.37      367.43
0286   142.6   868.9     22.15    100.0     968   201     2.91      1.04      2.72     6      .3     969     0   0   0   0    28.9938   -77.9373     3180     5.64      6.51      367.43
0287   143.1   869.6     22.17    100.0     962   202     2.95      1.10      2.74     6      .3     963     0   0   0   0    28.9938   -77.9373     3159     5.73      6.62      367.44
0288   143.6   870.2     22.20    100.0     955   203     2.97      1.17      2.73     6      .3     956     0   0   0   0    28.9938   -77.9373     3138     5.77      6.66      367.45
0289   144.1   870.9     22.22    100.0     949   205     2.97      1.24      2.70     7      .2     950     0   0   0   0    28.9938   -77.9373     3116     5.76      6.65      367.43
0290   144.6   871.5     22.24    100.0     942   206     2.94      1.29      2.65     7      .2     943     0   0   0   0    28.9938   -77.9373     3095     5.71      6.59      367.40
0291   145.1   872.2     22.26    100.0     936   207     2.91      1.30      2.60     7      .2     937     0   0   0   0    28.9938   -77.9373     3074     5.64      6.51      367.35
0292   145.6   872.8     22.27    100.0     929   206     2.87      1.28      2.57     7      .2     930     0   0   0   0    28.9938   -77.9373     3052     5.57      6.43      367.31
0293   146.1   873.4     22.29    100.0     923   205     2.85      1.21      2.58     7      .1     924     0   0   0   0    28.9938   -77.9373     3031     5.52      6.38      367.29
0294   146.6   874.1     22.32    100.0     916   203     2.84      1.12      2.61     6      .1     917     0   0   0   0    28.9939   -77.9373     3010     5.51      6.37      367.30
0295   147.1   874.7     22.36    100.0     910   201     2.86      1.02      2.67     7      .1     911     0   0   0   0    28.9939   -77.9373     2988     5.54      6.40      367.35
0296   147.6   875.4     22.40    100.0     903   199     2.88       .94      2.72     7      .1     904     0   0   0   0    28.9939   -77.9373     2967     5.58      6.45      367.44
0297   148.1   876.0     22.44    100.0     897   198     2.89       .90      2.75     7      .0     898     0   0   0   0    28.9939   -77.9373     2946     5.61      6.47      367.55
0298   148.6   876.7     22.49    100.0     890   198     2.87       .91      2.72     7      .0     891     0   0   0   0    28.9939   -77.9373     2924     5.57      6.44      367.66
0299   149.1   877.4     22.54    100.0     884   200     2.82       .97      2.64     7      .0     885     0   0   0   0    28.9939   -77.9372     2902     5.47      6.31      367.77
0300   149.6   878.0     22.58    100.0     877   203     2.73      1.07      2.51     7      .0     878     0   0   0   0    28.9939   -77.9372     2881     5.29      6.11      367.85
0301   150.1   878.7     22.61    100.0     870   207     2.62      1.20      2.33     7      .0     871     0   0   0   0    28.9939   -77.9372     2859     5.08      5.87      367.90
0302   150.6   879.4     22.64    100.0     864   212     2.52      1.32      2.14     7      .0     865     0   0   0   0    28.9939   -77.9372     2837     4.88      5.64      367.93
0303   151.1   880.0     22.67    100.0     857   215     2.43      1.41      1.98     7      .0     858     0   0   0   0    28.9940   -77.9372     2816     4.72      5.45      367.94
0304   151.6   880.7     22.70    100.0     851   218     2.37      1.46      1.87     7      .0     852     0   0   0   0    28.9940   -77.9372     2794     4.60      5.31      367.96
0305   152.1   881.3     22.73    100.0     844   219     2.34      1.47      1.82     7      .0     845     0   0   0   0    28.9940   -77.9372     2773     4.53      5.23      367.99
0306   152.6   882.0     22.77    100.0     838   218     2.32      1.42      1.84     7      .0     839     0   0   0   0    28.9940   -77.9372     2752     4.51      5.21      368.06
0307   153.1   882.6     22.81    100.0     831   215     2.34      1.34      1.92     7      .0     832     0   0   0   0    28.9940   -77.9372     2731     4.53      5.24      368.16
0308   153.6   883.3     22.86    100.0     825   211     2.37      1.24      2.02     7     -.1     826     0   0   0   0    28.9940   -77.9372     2709     4.60      5.32      368.28
0309   154.1   883.9     22.91    100.0     818   208     2.43      1.14      2.14     7     -.1     819     0   0   0   0    28.9940   -77.9372     2687     4.71      5.43      368.41
0310   154.6   884.6     22.96    100.0     811   205     2.48      1.05      2.25     7     -.2     812     0   0   0   0    28.9940   -77.9372     2666     4.82      5.56      368.52
0311   155.1   885.3     23.00    100.0     805   203     2.54       .99      2.34     7     -.2     806     0   0   0   0    28.9940   -77.9372     2644     4.92      5.68      368.61
0312   155.6   886.0     23.03    100.0     798   202     2.59       .96      2.40     7     -.2     799     0   0   0   0    28.9940   -77.9371     2622     5.02      5.80      368.66
0313   156.1   886.6     23.06    100.0     791   202     2.64       .98      2.45     7     -.2     792     0   0   0   3    28.9940   -77.9371     2600     5.12      5.91      368.67
0314   156.6   887.3     23.08    100.0     785   202     2.70      1.03      2.50     6     -.1     786     0   0   0   0    28.9941   -77.9371     2578     5.24      6.06      368.65
0315   157.1   888.0     23.10    100.0     778   204     2.79      1.12      2.55     6     -.1     779     0   0   0   0    28.9941   -77.9371     2557     5.41      6.24      368.60
0316   157.6   888.6     23.11    100.0     772   205     2.90      1.24      2.62     7     -.1     773     0   0   0   0    28.9941   -77.9371     2535     5.62      6.49      368.55
0317   158.1   889.3     23.12    100.0     765   207     3.02      1.38      2.69     7     -.1     766     0   0   0   0    28.9941   -77.9371     2514     5.87      6.77      368.48
0318   158.6   890.0     23.14    100.0     759   209     3.16      1.52      2.77     7     -.1     760     0   0   0   0    28.9941   -77.9371     2492     6.13      7.08      368.41
0319   159.1   890.6     23.14    100.0     752   210     3.30      1.65      2.85     7     -.1     753     0   0   0   0    28.9941   -77.9371     2471     6.39      7.38      368.32
0320   159.6   891.3     23.15    100.0     745   211     3.41      1.77      2.91     7     -.2     747     0   0   0   0    28.9941   -77.9371     2449     6.62      7.64      368.21
0321   160.1   892.0     23.15    100.0     739   212     3.50      1.88      2.95     7     -.2     740     0   0   0   0    28.9941   -77.9371     2427     6.79      7.84      368.07
0322   160.6   892.6     23.14    100.0     732   213     3.56      1.95      2.97     7     -.3     733     0   0   0   0    28.9942   -77.9371     2406     6.90      7.97      367.91
0323   161.1   893.3     23.13    100.0     725   214     3.59      2.01      2.97     7     -.4     727     0   0   0   0    28.9942   -77.9371     2384     6.96      8.03      367.74
0324   161.6   894.0     23.13    100.0     719   215     3.59      2.04      2.96     7     -.4     720     0   0   0   0    28.9942   -77.9371     2362     6.97      8.05      367.57
0325   162.1   894.7     23.12    100.0     712   215     3.59      2.06      2.94     7     -.5     713     0   0   0   0    28.9942   -77.9370     2339     6.96      8.04      367.42
0326   162.6   895.4     23.13    100.0     705   215     3.58      2.08      2.92     7     -.5     706     0   0   0   0    28.9942   -77.9370     2317     6.95      8.02      367.31
0327   163.1   896.1     23.14    100.0     698   216     3.57      2.09      2.90     7     -.5     700     0   0   0   0    28.9942   -77.9370     2295     6.93      8.00      367.24
0328   163.6   896.8     23.16    100.0     692   216     3.57      2.11      2.88     7     -.5     693     0   0   0   0    28.9942   -77.9370     2273     6.92      7.99      367.21
0329   164.1   897.5     23.19    100.0     685   217     3.56      2.13      2.86     7     -.4     686     0   0   0   0    28.9943   -77.9370     2251     6.91      7.98      367.22
0330   164.6   898.1     23.22    100.0     678   217     3.55      2.14      2.84     7     -.4     679     0   0   0   0    28.9943   -77.9370     2229     6.90      7.96      367.25
0331   165.1   898.8     23.25    100.0     672   217     3.55      2.15      2.82     7     -.3     673     0   0   0   0    28.9943   -77.9370     2207     6.88      7.94      367.28
0332   165.6   899.5     23.28    100.0     665   218     3.54      2.16      2.80     7     -.2     666     0   0   0   0    28.9943   -77.9370     2185     6.86      7.92      367.32
0333   166.1   900.2     23.31    100.0     658   217     3.53      2.15      2.80     7     -.1     659     0   0   0   0    28.9943   -77.9370     2163     6.85      7.91      367.34
0334   166.6   900.8     23.34    100.0     652   217     3.54      2.14      2.82     7     -.1     653     0   0   0   0    28.9943   -77.9370     2142     6.86      7.92      367.35
0335   167.1   901.5     23.37    100.0     645   217     3.56      2.12      2.86     7      .0     646     0   0   0   0    28.9943   -77.9370     2121     6.90      7.97      367.37
0336   167.6   902.2     23.40    100.0     639   216     3.60      2.10      2.92     7      .0     640     0   0   0   0    28.9943   -77.9370     2100     6.98      8.06      367.39
0337   168.1   902.8     23.43    100.0     633   215     3.66      2.09      3.01     7     -.1     634     0   0   0   0    28.9944   -77.9370     2079     7.10      8.20      367.43
0338   168.6   903.5     23.46    100.0     626   214     3.74      2.10      3.10     7     -.1     627     0   0   0   0    28.9944   -77.9370     2057     7.26      8.38      367.48
0339   169.1   904.2     23.50    100.0     620   213     3.83      2.11      3.19     7     -.2     621     0   0   0   0    28.9944   -77.9369     2036     7.43      8.57      367.54
0340   169.6   904.8     23.54    100.0     613   213     3.90      2.13      3.27     7     -.3     614     0   0   0   0    28.9944   -77.9369     2014     7.58      8.75      367.62
0341   170.1   905.5     23.58    100.0     606   213     3.96      2.15      3.32     7     -.4     607     0   0   0   0    28.9944   -77.9369     1992     7.68      8.87      367.70
0342   170.6   906.2     23.62    100.0     599   213     3.98      2.16      3.34     7     -.5     601     0   0   0   0    28.9944   -77.9369     1970     7.72      8.91      367.77
0343   171.1   906.9     23.66    100.0     593   213     3.96      2.15      3.32     7     -.5     594     0   0   0   0    28.9945   -77.9369     1948     7.68      8.86      367.85
0344   171.6   907.6     23.70    100.0     586   213     3.90      2.11      3.28     7     -.5     587     0   0   0   0    28.9945   -77.9369     1926     7.56      8.73      367.93
0345   172.1   908.3     23.74    100.0     579   212     3.81      2.04      3.22     7     -.5     580     0   0   0   0    28.9945   -77.9369     1903     7.39      8.54      368.01
0346   172.6   909.0     23.78    100.0     572   212     3.72      1.96      3.16     7     -.5     573     0   0   0   0    28.9945   -77.9369     1881     7.21      8.32      368.10
0347   173.1   909.7     23.83    100.0     566   211     3.63      1.87      3.11     7     -.5     567     0   0   0   0    28.9945   -77.9369     1859     7.05      8.14      368.20
0348   173.6   910.4     23.87    100.0     559   210     3.58      1.80      3.10     7     -.4     560     0   0   0   0    28.9945   -77.9369     1838     6.95      8.03      368.30
0349   174.1   911.1     23.91    100.0     552   209     3.58      1.74      3.13     7     -.4     553     0   0   0   0    28.9945   -77.9369     1816     6.94      8.02      368.40
0350   174.6   911.8     23.96    100.0     546   208     3.63      1.72      3.19     7     -.4     547     0   0   0   0    28.9946   -77.9369     1794     7.04      8.13      368.48
0351   175.1   912.5     23.99    100.0     539   208     3.72      1.74      3.29     7     -.4     540     0   0   0   0    28.9946   -77.9369     1772     7.22      8.33      368.55
0352   175.6   913.2     24.03    100.0     532   208     3.84      1.79      3.40     7     -.4     533     0   0   0   0    28.9946   -77.9368     1750     7.45      8.60      368.60
0353   176.1   913.8     24.06    100.0     526   208     3.97      1.86      3.50     7     -.4     527     0   0   0   0    28.9946   -77.9368     1728     7.69      8.88      368.63
0354   176.6   914.5     24.09    100.0     519   209     4.08      1.95      3.58     7     -.4     520     0   0   0   0    28.9946   -77.9368     1706     7.91      9.13      368.64
0355   177.1   915.2     24.11    100.0     512   209     4.15      2.03      3.62     7     -.4     513     0   0   0   0    28.9946   -77.9368     1684     8.05      9.30      368.65
0356   177.6   915.9     24.14    100.0     506   210     4.18      2.10      3.61     7     -.4     507     0   0   0   0    28.9946   -77.9368     1663     8.11      9.37      368.66
0357   178.1   916.6     24.17    100.0     499   211     4.17      2.16      3.57     7     -.4     500     0   0   0   0    28.9947   -77.9368     1641     8.09      9.34      368.66
0358   178.6   917.3     24.19    100.0     492   212     4.12      2.19      3.49     7     -.3     493     0   0   0   0    28.9947   -77.9368     1619     8.00      9.23      368.68
0359   179.1   918.0     24.22    100.0     486   213     4.06      2.22      3.40     7     -.3     487     0   0   0   0    28.9947   -77.9368     1598     7.88      9.10      368.69
0360   179.6   918.7     24.25    100.0     479   214     4.00      2.23      3.32     7     -.2     480     0   0   0   0    28.9947   -77.9368     1576     7.76      8.97      368.70
0361   180.1   919.4     24.27    100.0     473   215     3.97      2.25      3.27     7     -.2     474     0   0   0   0    28.9947   -77.9368     1555     7.69      8.88      368.70
0362   180.6   920.0     24.30    100.0     466   215     3.96      2.27      3.25     7     -.2     467     0   0   0   0    28.9947   -77.9367     1533     7.69      8.88      368.70
0363   181.1   920.7     24.32    100.0     460   215     4.00      2.30      3.27     7     -.2     461     0   0   0   0    28.9948   -77.9367     1512     7.75      8.95      368.68
0364   181.6   921.4     24.34    100.0     453   215     4.06      2.35      3.31     7     -.2     454     0   0   0   0    28.9948   -77.9367     1491     7.88      9.09      368.66
0365   182.1   922.1     24.36    100.0     447   215     4.14      2.39      3.38     7     -.2     448     0   0   0   0    28.9948   -77.9367     1469     8.03      9.27      368.63
0366   182.6   922.8     24.38    100.0     440   215     4.22      2.44      3.44     7     -.3     441     0   0   0   0    28.9948   -77.9367     1448     8.18      9.45      368.61
0367   183.1   923.4     24.40    100.0     434   215     4.29      2.48      3.50     7     -.3     435     0   0   0   0    28.9948   -77.9367     1426     8.31      9.60      368.60
0368   183.6   924.1     24.42    100.0     427   216     4.33      2.52      3.53     7     -.4     428     0   0   0   0    28.9948   -77.9367     1405     8.41      9.71      368.60
0369   184.1   924.8     24.45    100.0     420   216     4.36      2.55      3.54     7     -.4     422     0   0   0   0    28.9948   -77.9366     1383     8.46      9.77      368.60
0370   184.6   925.5     24.48    100.0     414   216     4.38      2.58      3.53     7     -.5     415     0   0   0   0    28.9949   -77.9366     1361     8.49      9.80      368.62
0371   185.1   926.2     24.51    100.0     407   217     4.38      2.61      3.51     7     -.5     408     0   0   0   0    28.9949   -77.9366     1339     8.50      9.81      368.65
0372   185.6   926.9     24.54    100.0     400   217     4.38      2.65      3.49     7     -.5     401     0   0   0   0    28.9949   -77.9366     1317     8.50      9.82      368.68
0373   186.1   927.6     24.57    100.0     394   218     4.39      2.69      3.47     7     -.4     395     0   0   0   0    28.9949   -77.9366     1295     8.52      9.84      368.72
0374   186.6   928.3     24.60    100.0     387   218     4.40      2.73      3.46     7     -.4     388     0   0   0   0    28.9949   -77.9366     1274     8.54      9.87      368.76
0375   187.1   929.0     24.64    100.0     381   219     4.42      2.77      3.44     7     -.4     382     0   0   0   0    28.9949   -77.9365     1252     8.57      9.90      368.80
0376   187.6   929.7     24.67    100.0     374   219     4.43      2.81      3.42     7     -.4     375     0   0   0   0    28.9950   -77.9365     1230     8.60      9.93      368.83
0377   188.1   930.4     24.70    100.0     367   220     4.44      2.85      3.40     7     -.3     368     0   0   0   0    28.9950   -77.9365     1209     8.61      9.94      368.85
0378   188.6   931.1     24.72    100.0     361   220     4.44      2.88      3.38     7     -.3     362     0   0   0   0    28.9950   -77.9365     1187     8.61      9.94      368.86
0379   189.1   931.8     24.74    100.0     354   221     4.43      2.91      3.34     7     -.4     355     0   0   0   0    28.9950   -77.9365     1166     8.59      9.92      368.84
0380   189.6   932.5     24.76    100.0     348   222     4.42      2.95      3.30     7     -.4     349     0   0   0   0    28.9950   -77.9365     1144     8.58      9.91      368.80
0381   190.1   933.2     24.77    100.0     341   222     4.43      2.99      3.27     7     -.5     342     0   0   0   0    28.9950   -77.9365     1123     8.59      9.91      368.74
0382   190.6   933.9     24.78    100.0     335   223     4.44      3.04      3.24     7     -.5     336     0   0   0   0    28.9950   -77.9364     1101     8.61      9.94      368.67
0383   191.1   934.6     24.80    100.0     328   224     4.47      3.09      3.22     7     -.6     329     0   0   0   0    28.9951   -77.9364     1079     8.66     10.00      368.60
0384   191.6   935.3     24.81    100.0     321   224     4.50      3.14      3.22     7     -.6     322     0   0   0   0    28.9951   -77.9364     1057     8.73     10.08      368.55
0385   192.1   936.0     24.83    100.0     315   224     4.54      3.18      3.24     7     -.7     316     0   0   0   0    28.9951   -77.9364     1035     8.81     10.17      368.52
0386   192.6   936.7     24.86    100.0     308   224     4.58      3.20      3.27     7     -.7     309     0   0   0   0    28.9951   -77.9364     1013     8.88     10.25      368.51
0387   193.1   937.4     24.89    100.0     301   224     4.61      3.20      3.32     7     -.7     302     0   0   0   0    28.9951   -77.9364      991     8.93     10.32      368.54
0388   193.6   938.1     24.92    100.0     294   223     4.63      3.17      3.37     7     -.7     295     0   0   0   0    28.9951   -77.9363      969     8.98     10.37      368.59
0389   194.1   938.9     24.96    100.0     287   223     4.64      3.14      3.42     7     -.7     288     0   0   0   0    28.9951   -77.9363      946     9.01     10.40      368.66
0390   194.6   939.6     25.00    100.0     281   222     4.66      3.12      3.46     7     -.7     282     0   0   0   0    28.9952   -77.9363      924     9.04     10.44      368.73
0391   195.1   940.3     25.04    100.0     274   222     4.67      3.11      3.49     7     -.6     275     0   0   0   0    28.9952   -77.9363      903     9.07     10.47      368.80
0392   195.6   941.0     25.07    100.0     267   222     4.69      3.12      3.49     7     -.6     268     0   0   0   0    28.9952   -77.9363      881     9.09     10.50      368.86
0393   196.1   941.7     25.10    100.0     261   222     4.70      3.17      3.47     7     -.6     262     0   0   0   0    28.9952   -77.9363      859     9.11     10.52      368.90
0394   196.6   942.4     25.13    100.0     254   223     4.70      3.23      3.42     7     -.6     255     0   0   0   0    28.9952   -77.9363      837     9.13     10.54      368.93
0395   197.1   943.1     25.16    100.0     247   224     4.71      3.30      3.36     7     -.6     249     0   0   0   0    28.9952   -77.9362      815     9.14     10.55      368.95
0396   197.6   943.8     25.19    100.0     241   226     4.72      3.37      3.30     7     -.6     242     0   0   0   0    28.9953   -77.9362      794     9.15     10.56      368.96
0397   198.1   944.5     25.21    100.0     234   227     4.73      3.44      3.25     7     -.6     235     0   0   0   0    28.9953   -77.9362      772     9.17     10.59      368.96
0398   198.6   945.2     25.24    100.0     227   227     4.75      3.49      3.22     7     -.6     229     0   0   0   0    28.9953   -77.9362      750     9.21     10.63      368.96
0399   199.1   946.0     25.27    100.0     221   228     4.78      3.53      3.22     7     -.6     222     0   0   0   0    28.9953   -77.9362      728     9.27     10.71      368.97
0400   199.6   946.7     25.29    100.0     214   228     4.82      3.56      3.25     7     -.5     215     0   0   0   0    28.9953   -77.9362      706     9.36     10.80      368.97
0401   200.1   947.4     25.32    100.0     208   227     4.87      3.59      3.30     7     -.5     209     0   0   0   0    28.9953   -77.9361      684     9.45     10.91      368.99
0402   200.6   948.1     25.35    100.0     201   227     4.92      3.60      3.35     7     -.5     202     0   0   0   0    28.9953   -77.9361      663     9.54     11.02      369.02
0403   201.1   948.8     25.38    100.0     194   227     4.95      3.62      3.39     7     -.5     195     0   0   0   0    28.9954   -77.9361      641     9.61     11.10      369.05
0404   201.6   949.5     25.41    100.0     188   227     4.97      3.62      3.40     7     -.6     189     0   0   0   0    28.9954   -77.9361      620     9.64     11.13      369.09
0405   202.1   950.2     25.44    100.0     181   227     4.96      3.61      3.40     7     -.6     182     0   0   0   0    28.9954   -77.9361      598     9.62     11.11      369.13
0406   202.6   950.9     25.47    100.0     175   227     4.93      3.59      3.37     6     -.6     176     0   0   0   0    28.9954   -77.9361      576     9.56     11.04      369.16
0407   203.1   951.6     25.50    100.0     168   227     4.89      3.56      3.35     6     -.7     169     0   0   0   0    28.9954   -77.9361      554     9.49     10.96      369.19
0408   203.6   952.3     25.53    100.0     161   227     4.86      3.53      3.33     7     -.7     162     0   0   0   0    28.9954   -77.9360      532     9.42     10.88      369.21
0409   204.1   953.1     25.56    100.0     154   226     4.84      3.50      3.34     7     -.7     156     0   0   0   0    28.9955   -77.9360      510     9.39     10.84      369.23
0410   204.6   953.8     25.59    100.0     148   226     4.85      3.49      3.36     7     -.7     149     0   0   0   0    28.9955   -77.9360      488     9.40     10.86      369.25
0411   205.1   954.5     25.62    100.0     141   226     4.88      3.51      3.39     7     -.6     142     0   0   0   0    28.9955   -77.9360      466     9.47     10.93      369.29
0412   205.6   955.2     25.66    100.0     134   226     4.93      3.54      3.43     6     -.6     135     0   0   0   0    28.9955   -77.9360      444     9.56     11.04      369.35
0413   206.1   955.9     25.69    100.0     128   226     4.98      3.59      3.46     7     -.5     129     0   0   0   0    28.9955   -77.9360      423     9.67     11.17      369.41
0414   206.6   956.6     25.73    100.0     121   226     5.03      3.65      3.46     7     -.5     122     0   0   0   0    28.9955   -77.9360      401     9.76     11.27      369.49
0415   207.1   957.3     25.77    100.0     115   227     5.06      3.70      3.45     7     -.5     116     0   0   0   0    28.9955   -77.9359      380     9.81     11.33      369.57
0416   207.6   958.0     25.81    100.0     108   227     5.06      3.73      3.43     6     -.6     109     0   0   0   0    28.9956   -77.9359      359     9.82     11.34      369.64
0417   208.1   958.8     25.84    100.0     102   228     5.05      3.73      3.40     7     -.7     103     0   0   0   0    28.9956   -77.9359      337     9.80     11.31      369.71
0418   208.6   959.5     25.88    100.0      95   228     5.03      3.71      3.40     7     -.7      96     0   0   0   0    28.9956   -77.9359      315     9.75     11.26      369.77
0419   209.1   960.2     25.91    100.0      88   227     5.00      3.65      3.42     7     -.8      89     0   0   0   0    28.9956   -77.9359      293     9.70     11.20      369.82
0420   209.6   960.9     25.95    100.0      81   226     4.98      3.57      3.47     7     -.8      83     0   0   0   0    28.9956   -77.9358      271     9.65     11.14      369.87
0421   210.1   961.7     25.98    100.0      75   225     4.95      3.48      3.52     7     -.8      76     0   0   0   0    28.9956   -77.9358      248     9.60     11.09      369.92
0422   210.6   962.4     26.02    100.0      68   224     4.92      3.39      3.57     7     -.8      69     0   0   0   0    28.9957   -77.9358      226     9.55     11.03      369.97
0423   211.1   963.1     26.05    100.0      61   223     4.89      3.32      3.59     7     -.7      62     0   0   0   0    28.9957   -77.9358      204     9.49     10.96      370.02
0424   211.6   963.9     26.09    100.0      55   222     4.87      3.28      3.59     6     -.7      56     0   0   0   0    28.9957   -77.9358      183     9.44     10.90      370.08
0425   212.1   964.6     26.12    100.0      48   222     4.84      3.26      3.58     6     -.6      49     0   0   0   0    28.9957   -77.9358      161     9.39     10.85      370.15
0426   212.6   965.3     26.16    100.0      42   222     4.83      3.25      3.57     7     -.5      43     0   0   0   0    28.9957   -77.9358      140     9.36     10.81      370.24
0427   213.1   966.0     26.20    100.0      35   222     4.83      3.24      3.57     7     -.6      36     0   0   0   0    28.9957   -77.9357      118     9.36     10.81      370.34
0428   213.6   966.7     26.25    100.0      28   222     4.84      3.21      3.62     7     -.6      30     0   0   0   0    28.9957   -77.9357       97     9.39     10.84      370.47
0429   214.1   967.4     26.30    100.0      22   220     4.85      3.14      3.70     7     -.6      23     0   0   0   0    28.9958   -77.9357       75     9.42     10.87      370.59
0430   214.6   968.1     26.35    100.0      15   219     4.83      3.03      3.76     7     -.6      16     0   0   0   0    28.9958   -77.9357       54     9.36     10.81      370.74
0431   215.1   968.9     26.40    100.0       9   218     4.70      2.91      3.69     7     -.6      10     0   0   0   0    28.9958   -77.9357       32     9.12     10.53      370.87
