 ===========================================================================
 DROPWINDSONDE PROCESSING RECORD                            Sonde: 194941030
 FRD file written by Aspen V3.4.4, 22 Aug 2020 00:21 UTC
 Aircraft: WP-3D, N43RF                      Date: 200822   Time: 000745 UTC
 ---------------------------------------------------------------------------
 Bias corrections:  PR =   0.0 mb  TE =   0.0 C  RH =   0.0 %  PRB =  0.0 mb
 Filters (LPF):     PTH = 
 Dyn RH correction = 
 Estimated PR used = 
 Dyn T correction  = 
 ---------------------------------------------------------------------------
 COMMENT: Drop 11, Good Drop
 ===========================================================================

 ===========================================================================
 Date: 200822   Lat:  15.84 N   TA:   18.5 C   PS:  841.6 mb   WD:   166 deg
 Time: 000745   Lon:  62.44 W   TD:   14.7 C   GA:   1609 m    WS:   5.5 m/s
 SID:  194941030                RH:   78.5 %   Navaid:   GP
 ===========================================================================

IX      t (s)  P (mb)    T (C)    RH (%)  Z (m)   WD    WS (m/s)   U (m/s)   V (m/s)  NS  WZ (m/s)  ZW (m)   FP  FT  FH  FW    LAT (N)   LON (E)
0001    0.00  -999.0   -999.00   -999.0    -999  -999  -999.00   -999.00   -999.00     9  -999.0    -999     0   0   0   0      15.838   -62.444
0002    0.25  -999.0   -999.00   -999.0    -999  -999  -999.00   -999.00   -999.00     8  -999.0    -999     0   0   0   0    -999.000  -999.000
0003    0.50  -999.0   -999.00     75.0    -999  -999  -999.00   -999.00   -999.00     9  -999.0    -999     0   0   0   0      15.838   -62.444
0004    0.75  -999.0   -999.00   -999.0    -999  -999  -999.00   -999.00   -999.00     8  -999.0    -999     0   0   0   0    -999.000  -999.000
0005    1.00  -999.0   -999.00     75.6    -999  -999  -999.00   -999.00   -999.00     7  -999.0    -999     0   0   0   0      15.838   -62.444
0006    1.25  -999.0   -999.00   -999.0    -999  -999  -999.00   -999.00   -999.00     7  -999.0    -999     0   0   0   0    -999.000  -999.000
0007    1.50  -999.0   -999.00     76.5    -999  -999  -999.00   -999.00   -999.00     8  -999.0    -999     0   0   0   0      15.838   -62.444
0008    1.75  -999.0   -999.00   -999.0    -999  -999  -999.00   -999.00   -999.00     9  -999.0    -999     0   0   0   0    -999.000  -999.000
0009    2.00  -999.0   -999.00     77.5    -999  -999  -999.00   -999.00   -999.00     8  -999.0    -999     0   0   0   0      15.838   -62.444
0010    2.25  -999.0   -999.00   -999.0    -999  -999  -999.00   -999.00   -999.00     9  -999.0    -999     0   0   0   0    -999.000  -999.000
0011    2.50  -999.0   -999.00     78.6    -999  -999  -999.00   -999.00   -999.00     9  -999.0    -999     0   0   0   0      15.838   -62.444
0012    2.75  -999.0   -999.00   -999.0    -999  -999  -999.00   -999.00   -999.00     9  -999.0    -999     0   0   0   0    -999.000  -999.000
0013    3.00   846.1     18.43     79.7    1556  -999  -999.00   -999.00   -999.00    11    -0.8    1556     0   0   0   0      15.838   -62.444
0014    3.25  -999.0   -999.00   -999.0    -999  -999  -999.00   -999.00   -999.00     7  -999.0    -999     0   0   0   0    -999.000  -999.000
0015    3.50   846.6     18.42     80.8    1550  -999  -999.00   -999.00   -999.00    10    -0.8    1550     0   0   0   0      15.838   -62.444
0016    3.75  -999.0   -999.00   -999.0    -999  -999  -999.00   -999.00   -999.00     8  -999.0    -999     0   0   0   0    -999.000  -999.000
0017    4.00   847.2     18.41     81.7    1544  -999  -999.00   -999.00   -999.00     9    -0.7    1544     0   0   0   0      15.839   -62.444
0018    4.25  -999.0   -999.00   -999.0    -999  -999  -999.00   -999.00   -999.00    10  -999.0    -999     0   0   0   0    -999.000  -999.000
0019    4.50   847.8     18.40     82.6    1538  -999  -999.00   -999.00   -999.00    10    -0.7    1538     0   0   0   0      15.839   -62.444
0020    4.75  -999.0   -999.00   -999.0    -999  -999  -999.00   -999.00   -999.00     9  -999.0    -999     0   0   0   0    -999.000  -999.000
0021    5.00   848.3     18.40     83.4    1533  -999  -999.00   -999.00   -999.00     8    -0.7    1533     0   0   0   0      15.839   -62.444
0022    5.25  -999.0   -999.00   -999.0    -999  -999  -999.00   -999.00   -999.00     9  -999.0    -999     0   0   0   0    -999.000  -999.000
0023    5.50   848.9     18.39     84.0    1527  -999  -999.00   -999.00   -999.00     9    -0.7    1527     0   0   0   0      15.839   -62.444
0024    5.75  -999.0   -999.00   -999.0    -999  -999  -999.00   -999.00   -999.00     8  -999.0    -999     0   0   0   0    -999.000  -999.000
0025    6.00   849.4     18.39     84.5    1522  -999  -999.00   -999.00   -999.00    11    -0.6    1522     0   0   0   0      15.839   -62.444
0026    6.25  -999.0   -999.00   -999.0    -999  -999  -999.00   -999.00   -999.00    12  -999.0    -999     0   0   0   0    -999.000  -999.000
0027    6.50   850.0     18.39     85.0    1516  -999  -999.00   -999.00   -999.00    11    -0.6    1516     0   0   0   0      15.840   -62.444
0028    6.75  -999.0   -999.00   -999.0    -999  -999  -999.00   -999.00   -999.00    11  -999.0    -999     0   0   0   0    -999.000  -999.000
0029    7.00   850.5     18.39     85.4    1510  -999  -999.00   -999.00   -999.00    10    -0.6    1510     0   0   0   0      15.840   -62.444
0030    7.25  -999.0   -999.00   -999.0    -999  -999  -999.00   -999.00   -999.00    11  -999.0    -999     0   0   0   0    -999.000  -999.000
0031    7.50   851.1     18.40     85.7    1505  -999  -999.00   -999.00   -999.00    11    -0.6    1505     0   0   0   0      15.840   -62.444
0032    7.75  -999.0   -999.00   -999.0    -999  -999  -999.00   -999.00   -999.00    12  -999.0    -999     0   0   0   0    -999.000  -999.000
0033    8.00   851.6     18.41     86.1    1499  -999  -999.00   -999.00   -999.00    11    -0.6    1499     0   0   0   0      15.840   -62.444
0034    8.25  -999.0   -999.00   -999.0    -999  -999  -999.00   -999.00   -999.00    11  -999.0    -999     0   0   0   0    -999.000  -999.000
0035    8.50   852.2     18.42     86.4    1494  -999  -999.00   -999.00   -999.00    11    -0.6    1494     0   0   0   0      15.840   -62.444
0036    8.75  -999.0   -999.00   -999.0    -999  -999  -999.00   -999.00   -999.00    12  -999.0    -999     0   0   0   0    -999.000  -999.000
0037    9.00   852.7     18.43     86.7    1488  -999  -999.00   -999.00   -999.00    12    -0.6    1488     0   0   0   0      15.840   -62.444
0038    9.25  -999.0   -999.00   -999.0    -999  -999  -999.00   -999.00   -999.00    11  -999.0    -999     0   0   0   0    -999.000  -999.000
0039    9.50   853.3     18.44     87.1    1483  -999  -999.00   -999.00   -999.00    11    -0.6    1483     0   0   0   0      15.840   -62.444
0040    9.75  -999.0   -999.00   -999.0    -999  -999  -999.00   -999.00   -999.00    11  -999.0    -999     0   0   0   0    -999.000  -999.000
0041   10.00   853.8     18.45     87.4    1477  -999  -999.00   -999.00   -999.00    11    -0.6    1477     0   0   0   0      15.840   -62.444
0042   10.25  -999.0   -999.00   -999.0    -999  -999  -999.00   -999.00   -999.00    12  -999.0    -999     0   0   0   0    -999.000  -999.000
0043   10.50   854.4     18.46     87.7    1471  -999  -999.00   -999.00   -999.00    11    -0.6    1471     0   0   0   0      15.840   -62.444
0044   10.75  -999.0   -999.00   -999.0    -999  -999  -999.00   -999.00   -999.00    11  -999.0    -999     0   0   0   0    -999.000  -999.000
0045   11.00   855.0     18.48     87.9    1466  -999  -999.00   -999.00   -999.00    10    -0.7    1466     0   0   0   0      15.840   -62.444
0046   11.25  -999.0   -999.00   -999.0    -999  -999  -999.00   -999.00   -999.00    11  -999.0    -999     0   0   0   0    -999.000  -999.000
0047   11.50   855.5     18.50     88.0    1460  -999  -999.00   -999.00   -999.00    11    -0.7    1460     0   0   0   0      15.840   -62.444
0048   11.75  -999.0   -999.00   -999.0    -999  -999  -999.00   -999.00   -999.00    11  -999.0    -999     0   0   0   0    -999.000  -999.000
0049   12.00   856.1     18.52     88.1    1454  -999  -999.00   -999.00   -999.00    10    -0.7    1454     0   0   0   0      15.840   -62.444
0050   12.25  -999.0   -999.00   -999.0    -999  -999  -999.00   -999.00   -999.00    10  -999.0    -999     0   0   0   0    -999.000  -999.000
0051   12.50   856.6     18.55     88.2    1449  -999  -999.00   -999.00   -999.00    10    -0.7    1449     0   0   0   0      15.840   -62.444
0052   12.75  -999.0   -999.00   -999.0    -999  -999  -999.00   -999.00   -999.00    10  -999.0    -999     0   0   0   0    -999.000  -999.000
0053   13.00   857.2     18.58     88.2    1443  -999  -999.00   -999.00   -999.00    11    -0.7    1443     0   0   0   0      15.840   -62.444
0054   13.25  -999.0   -999.00   -999.0    -999  -999  -999.00   -999.00   -999.00    11  -999.0    -999     0   0   0   0    -999.000  -999.000
0055   13.50   857.8     18.61     88.1    1438  -999  -999.00   -999.00   -999.00    11    -0.7    1438     0   0   0   0      15.840   -62.444
0056   13.75  -999.0   -999.00   -999.0    -999  -999  -999.00   -999.00   -999.00    11  -999.0    -999     0   0   0   0    -999.000  -999.000
0057   14.00   858.3     18.65     88.1    1432  -999  -999.00   -999.00   -999.00    11    -0.6    1432     0   0   0   0      15.840   -62.444
0058   14.25  -999.0   -999.00   -999.0    -999  -999  -999.00   -999.00   -999.00    11  -999.0    -999     0   0   0   0    -999.000  -999.000
0059   14.50   858.9     18.68     88.0    1426   167     6.48     -1.41      6.32    11    -0.6    1426     0   0   0   0      15.840   -62.444
0060   14.75  -999.0   -999.00   -999.0    -999   167     6.47     -1.41      6.32    11  -999.0    -999     0   0   0   0    -999.000  -999.000
0061   15.00   859.4     18.72     88.0    1421  -999  -999.00   -999.00   -999.00    11    -0.6    1421     0   0   0   0      15.840   -62.444
0062   15.25  -999.0   -999.00   -999.0    -999  -999  -999.00   -999.00   -999.00    11  -999.0    -999     0   0   0   0    -999.000  -999.000
0063   15.50   860.0     18.76     88.0    1415  -999  -999.00   -999.00   -999.00    11    -0.6    1415     0   0   0   0      15.840   -62.444
0064   15.75  -999.0   -999.00   -999.0    -999  -999  -999.00   -999.00   -999.00    11  -999.0    -999     0   0   0   0    -999.000  -999.000
0065   16.00   860.5     18.80     88.0    1410  -999  -999.00   -999.00   -999.00    11    -0.6    1410     0   0   0   0      15.840   -62.444
0066   16.25  -999.0   -999.00   -999.0    -999   167     6.43     -1.42      6.27    11  -999.0    -999     0   0   0   0    -999.000  -999.000
0067   16.50   861.1     18.84     87.9    1404   167     6.42     -1.41      6.26    11    -0.6    1404     0   0   0   0      15.840   -62.444
0068   16.75  -999.0   -999.00   -999.0    -999  -999  -999.00   -999.00   -999.00    11  -999.0    -999     0   0   0   0    -999.000  -999.000
0069   17.00   861.7     18.87     87.9    1398  -999  -999.00   -999.00   -999.00    11    -0.5    1398     0   0   0   0      15.840   -62.444
0070   17.25  -999.0   -999.00   -999.0    -999  -999  -999.00   -999.00   -999.00    11  -999.0    -999     0   0   0   0    -999.000  -999.000
0071   17.50   862.2     18.91     87.7    1393  -999  -999.00   -999.00   -999.00    11    -0.5    1393     0   0   0   0      15.840   -62.444
0072   17.75  -999.0   -999.00   -999.0    -999  -999  -999.00   -999.00   -999.00    11  -999.0    -999     0   0   0   0    -999.000  -999.000
0073   18.00   862.8     18.95     87.6    1387  -999  -999.00   -999.00   -999.00    11    -0.5    1387     0   0   0   0      15.840   -62.444
0074   18.25  -999.0   -999.00   -999.0    -999  -999  -999.00   -999.00   -999.00    11  -999.0    -999     0   0   0   0    -999.000  -999.000
0075   18.50   863.3     18.99     87.4    1382   167     6.37     -1.39      6.21    11    -0.5    1382     0   0   0   0      15.840   -62.444
0076   18.75  -999.0   -999.00   -999.0    -999  -999  -999.00   -999.00   -999.00    11  -999.0    -999     0   0   0   0    -999.000  -999.000
0077   19.00   863.9     19.03     87.2    1376  -999  -999.00   -999.00   -999.00    11    -0.5    1376     0   0   0   0      15.840   -62.444
0078   19.25  -999.0   -999.00   -999.0    -999   167     6.35     -1.39      6.20    11  -999.0    -999     0   0   0   0    -999.000  -999.000
0079   19.50   864.4     19.07     87.0    1371   167     6.34     -1.39      6.19    11    -0.5    1371     0   0   0   0      15.840   -62.444
0080   19.75  -999.0   -999.00   -999.0    -999   167     6.34     -1.39      6.19    11  -999.0    -999     0   0   0   0    -999.000  -999.000
0081   20.00   865.0     19.11     86.8    1366  -999  -999.00   -999.00   -999.00    11    -0.5    1366     0   0   0   0      15.840   -62.444
0082   20.25  -999.0   -999.00   -999.0    -999  -999  -999.00   -999.00   -999.00    11  -999.0    -999     0   0   0   0    -999.000  -999.000
0083   20.50   865.5     19.16     86.7    1360  -999  -999.00   -999.00   -999.00    11    -0.5    1360     0   0   0   0      15.841   -62.444
0084   20.75  -999.0   -999.00   -999.0    -999  -999  -999.00   -999.00   -999.00    11  -999.0    -999     0   0   0   0    -999.000  -999.000
0085   21.00   866.1     19.20     86.6    1355  -999  -999.00   -999.00   -999.00    11    -0.5    1355     0   0   0   0      15.841   -62.444
0086   21.25  -999.0   -999.00   -999.0    -999  -999  -999.00   -999.00   -999.00    11  -999.0    -999     0   0   0   0    -999.000  -999.000
0087   21.50   866.6     19.24     86.5    1349  -999  -999.00   -999.00   -999.00    11    -0.5    1349     0   0   0   0      15.841   -62.444
0088   21.75  -999.0   -999.00   -999.0    -999  -999  -999.00   -999.00   -999.00    11  -999.0    -999     0   0   0   0    -999.000  -999.000
0089   22.00   867.2     19.28     86.5    1343   167     6.30     -1.42      6.14    11    -0.4    1343     0   0   0   0      15.841   -62.444
0090   22.25  -999.0   -999.00   -999.0    -999  -999  -999.00   -999.00   -999.00    11  -999.0    -999     0   0   0   0    -999.000  -999.000
0091   22.50   867.7     19.32     86.5    1338  -999  -999.00   -999.00   -999.00    11    -0.4    1338     0   0   0   0      15.841   -62.444
0092   22.75  -999.0   -999.00   -999.0    -999  -999  -999.00   -999.00   -999.00    11  -999.0    -999     0   0   0   0    -999.000  -999.000
0093   23.00   868.3     19.36     86.5    1333  -999  -999.00   -999.00   -999.00    11    -0.4    1333     0   0   0   0      15.841   -62.444
0094   23.25  -999.0   -999.00   -999.0    -999  -999  -999.00   -999.00   -999.00    11  -999.0    -999     0   0   0   0    -999.000  -999.000
0095   23.50   868.8     19.40     86.6    1327  -999  -999.00   -999.00   -999.00    11    -0.4    1327     0   0   0   0      15.841   -62.444
0096   23.75  -999.0   -999.00   -999.0    -999  -999  -999.00   -999.00   -999.00    11  -999.0    -999     0   0   0   0    -999.000  -999.000
0097   24.00   869.4     19.43     86.7    1322  -999  -999.00   -999.00   -999.00    11    -0.4    1322     0   0   0   0      15.841   -62.444
0098   24.25  -999.0   -999.00   -999.0    -999  -999  -999.00   -999.00   -999.00    11  -999.0    -999     0   0   0   0    -999.000  -999.000
0099   24.50   869.9     19.47     86.8    1316  -999  -999.00   -999.00   -999.00    11    -0.4    1316     0   0   0   0      15.841   -62.444
0100   24.75  -999.0   -999.00   -999.0    -999  -999  -999.00   -999.00   -999.00    11  -999.0    -999     0   0   0   0    -999.000  -999.000
0101   25.00   870.5     19.50     86.9    1311  -999  -999.00   -999.00   -999.00    11    -0.4    1311     0   0   0   0      15.841   -62.444
0102   25.25  -999.0   -999.00   -999.0    -999  -999  -999.00   -999.00   -999.00    10  -999.0    -999     0   0   0   0    -999.000  -999.000
0103   25.50   871.0     19.54     87.0    1305  -999  -999.00   -999.00   -999.00    11    -0.4    1305     0   0   0   0      15.841   -62.444
0104   25.75  -999.0   -999.00   -999.0    -999   167     6.33     -1.45      6.16    12  -999.0    -999     0   0   0   0    -999.000  -999.000
0105   26.00   871.6     19.57     87.0    1300   167     6.34     -1.44      6.17    12    -0.4    1300     0   0   0   0      15.841   -62.444
0106   26.25  -999.0   -999.00   -999.0    -999   167     6.35     -1.42      6.19    12  -999.0    -999     0   0   0   0    -999.000  -999.000
0107   26.50   872.1     19.61     87.0    1294   167     6.36     -1.41      6.20    12    -0.4    1294     0   0   0   0      15.841   -62.444
0108   26.75  -999.0   -999.00   -999.0    -999   167     6.37     -1.39      6.22    12  -999.0    -999     0   0   0   0    -999.000  -999.000
0109   27.00   872.7     19.64     87.0    1289   168     6.38     -1.38      6.23    12    -0.4    1289     0   0   0   0      15.841   -62.444
0110   27.25  -999.0   -999.00   -999.0    -999   168     6.39     -1.36      6.24    12  -999.0    -999     0   0   0   0    -999.000  -999.000
0111   27.50   873.2     19.68     86.9    1283   168     6.40     -1.35      6.26    12    -0.4    1283     0   0   0   0      15.841   -62.444
0112   27.75  -999.0   -999.00   -999.0    -999   168     6.41     -1.33      6.27    12  -999.0    -999     0   0   0   0    -999.000  -999.000
0113   28.00   873.8     19.72     86.8    1278   168     6.42     -1.31      6.28    12    -0.4    1278     0   0   0   0      15.841   -62.444
0114   28.25  -999.0   -999.00   -999.0    -999   168     6.43     -1.30      6.29    12  -999.0    -999     0   0   0   0    -999.000  -999.000
0115   28.50   874.3     19.76     86.6    1273   168     6.43     -1.28      6.30    12    -0.4    1273     0   0   0   0      15.841   -62.444
0116   28.75  -999.0   -999.00   -999.0    -999   169     6.44     -1.27      6.31    12  -999.0    -999     0   0   0   0    -999.000  -999.000
0117   29.00   874.9     19.81     86.4    1267   169     6.45     -1.26      6.32    12    -0.4    1267     0   0   0   0      15.841   -62.444
0118   29.25  -999.0   -999.00   -999.0    -999   169     6.45     -1.25      6.33    12  -999.0    -999     0   0   0   0    -999.000  -999.000
0119   29.50   875.4     19.85     86.2    1262   169     6.46     -1.24      6.34    11    -0.4    1262     0   0   0   0      15.841   -62.444
0120   29.75  -999.0   -999.00   -999.0    -999   169     6.47     -1.23      6.35    11  -999.0    -999     0   0   0   0    -999.000  -999.000
0121   30.00   876.0     19.90     86.1    1256   169     6.47     -1.23      6.36    12    -0.4    1256     0   0   0   0      15.841   -62.444
0122   30.25  -999.0   -999.00   -999.0    -999   169     6.48     -1.22      6.37    12  -999.0    -999     0   0   0   0    -999.000  -999.000
0123   30.50   876.5     19.95     85.9    1251   169     6.49     -1.22      6.37    12    -0.4    1251     0   0   0   0      15.841   -62.444
0124   30.75  -999.0   -999.00   -999.0    -999   169     6.50     -1.22      6.38    12  -999.0    -999     0   0   0   0    -999.000  -999.000
0125   31.00   877.1     19.99     85.8    1245   169     6.51     -1.22      6.40    12    -0.4    1245     0   0   0   0      15.841   -62.444
0126   31.25  -999.0   -999.00   -999.0    -999   169     6.52     -1.22      6.41    12  -999.0    -999     0   0   0   0    -999.000  -999.000
0127   31.50   877.6     20.04     85.7    1240   169     6.54     -1.23      6.42    12    -0.4    1240     0   0   0   0      15.841   -62.444
0128   31.75  -999.0   -999.00   -999.0    -999   169     6.55     -1.23      6.43    11  -999.0    -999     0   0   0   0    -999.000  -999.000
0129   32.00   878.2     20.08     85.7    1234   169     6.56     -1.24      6.45    12    -0.3    1234     0   0   0   0      15.841   -62.444
0130   32.25  -999.0   -999.00   -999.0    -999   169     6.58     -1.25      6.46    12  -999.0    -999     0   0   0   0    -999.000  -999.000
0131   32.50   878.7     20.12     85.8    1229   169     6.59     -1.26      6.47    13    -0.3    1229     0   0   0   0      15.841   -62.444
0132   32.75  -999.0   -999.00   -999.0    -999   169     6.61     -1.28      6.48    12  -999.0    -999     0   0   0   0    -999.000  -999.000
0133   33.00   879.3     20.15     85.8    1224   169     6.62     -1.29      6.50    12    -0.3    1224     0   0   0   0      15.841   -62.444
0134   33.25  -999.0   -999.00   -999.0    -999   169     6.64     -1.30      6.51    12  -999.0    -999     0   0   0   0    -999.000  -999.000
0135   33.50   879.8     20.19     85.9    1218   169     6.65     -1.31      6.52    12    -0.3    1218     0   0   0   0      15.841   -62.444
0136   33.75  -999.0   -999.00   -999.0    -999   169     6.66     -1.33      6.53    12  -999.0    -999     0   0   0   0    -999.000  -999.000
0137   34.00   880.4     20.22     85.8    1213   168     6.67     -1.34      6.54    12    -0.3    1213     0   0   0   0      15.841   -62.444
0138   34.25  -999.0   -999.00   -999.0    -999   168     6.68     -1.35      6.54    12  -999.0    -999     0   0   0   0    -999.000  -999.000
0139   34.50   880.9     20.25     85.7    1208   168     6.68     -1.36      6.54    12    -0.3    1208     0   0   0   0      15.841   -62.444
0140   34.75  -999.0   -999.00   -999.0    -999   168     6.69     -1.37      6.54    12  -999.0    -999     0   0   0   0    -999.000  -999.000
0141   35.00   881.4     20.28     85.4    1202   168     6.68     -1.38      6.54    11    -0.3    1202     0   0   0   0      15.841   -62.444
0142   35.25  -999.0   -999.00   -999.0    -999   168     6.68     -1.39      6.53    11  -999.0    -999     0   0   0   0    -999.000  -999.000
0143   35.50   882.0     20.32     85.1    1197   168     6.67     -1.39      6.52    11    -0.3    1197     0   0   0   0      15.841   -62.444
0144   35.75  -999.0   -999.00   -999.0    -999   168     6.65     -1.39      6.51    11  -999.0    -999     0   0   0   0    -999.000  -999.000
0145   36.00   882.5     20.35     84.7    1191   168     6.63     -1.39      6.49    11    -0.4    1191     0   0   0   0      15.841   -62.444
0146   36.25  -999.0   -999.00   -999.0    -999   168     6.61     -1.40      6.46    11  -999.0    -999     0   0   0   0    -999.000  -999.000
0147   36.50   883.1     20.38     84.3    1186   168     6.58     -1.39      6.43    12    -0.4    1186     0   0   0   0      15.841   -62.444
0148   36.75  -999.0   -999.00   -999.0    -999   168     6.55     -1.39      6.40    12  -999.0    -999     0   0   0   0    -999.000  -999.000
0149   37.00   883.6     20.42     84.0    1181   168     6.51     -1.39      6.36    12    -0.4    1181     0   0   0   0      15.841   -62.444
0150   37.25  -999.0   -999.00   -999.0    -999   168     6.47     -1.39      6.32    12  -999.0    -999     0   0   0   0    -999.000  -999.000
0151   37.50   884.2     20.45     83.8    1175   168     6.43     -1.39      6.28    12    -0.5    1175     0   0   0   0      15.841   -62.444
0152   37.75  -999.0   -999.00   -999.0    -999   167     6.38     -1.39      6.23    12  -999.0    -999     0   0   0   0    -999.000  -999.000
0153   38.00   884.8     20.47     83.7    1170   167     6.33     -1.39      6.18    12    -0.5    1170     0   0   0   0      15.842   -62.444
0154   38.25  -999.0   -999.00   -999.0    -999   167     6.28     -1.39      6.12    12  -999.0    -999     0   0   0   0    -999.000  -999.000
0155   38.50   885.3     20.50     83.7    1164   167     6.22     -1.39      6.07    12    -0.5    1164     0   0   0   0      15.842   -62.444
0156   38.75  -999.0   -999.00   -999.0    -999   167     6.17     -1.39      6.01    12  -999.0    -999     0   0   0   0    -999.000  -999.000
0157   39.00   885.9     20.52     83.8    1159   167     6.11     -1.39      5.95    12    -0.6    1159     0   0   0   0      15.842   -62.444
0158   39.25  -999.0   -999.00   -999.0    -999   167     6.06     -1.39      5.89    12  -999.0    -999     0   0   0   0    -999.000  -999.000
0159   39.50   886.5     20.55     83.9    1153   167     6.00     -1.38      5.84    12    -0.6    1153     0   0   0   0      15.842   -62.444
0160   39.75  -999.0   -999.00   -999.0    -999   167     5.94     -1.38      5.78    12  -999.0    -999     0   0   0   0    -999.000  -999.000
0161   40.00   887.0     20.57     84.0    1148   167     5.89     -1.38      5.73    12    -0.6    1148     0   0   0   0      15.842   -62.444
0162   40.25  -999.0   -999.00   -999.0    -999   166     5.84     -1.37      5.68    12  -999.0    -999     0   0   0   0    -999.000  -999.000
0163   40.50   887.6     20.60     84.0    1142   166     5.80     -1.36      5.63    12    -0.6    1142     0   0   0   0      15.842   -62.444
0164   40.75  -999.0   -999.00   -999.0    -999   166     5.75     -1.36      5.59    12  -999.0    -999     0   0   0   0    -999.000  -999.000
0165   41.00   888.1     20.62     84.0    1137   166     5.71     -1.35      5.55    12    -0.5    1137     0   0   0   0      15.842   -62.444
0166   41.25  -999.0   -999.00   -999.0    -999   166     5.68     -1.34      5.52    12  -999.0    -999     0   0   0   0    -999.000  -999.000
0167   41.50   888.7     20.66     84.0    1131   166     5.65     -1.33      5.49    12    -0.5    1131     0   0   0   0      15.842   -62.444
0168   41.75  -999.0   -999.00   -999.0    -999   166     5.62     -1.33      5.46    12  -999.0    -999     0   0   0   0    -999.000  -999.000
0169   42.00   889.3     20.69     83.9    1126   166     5.60     -1.32      5.44    12    -0.5    1126     0   0   0   0      15.842   -62.444
0170   42.25  -999.0   -999.00   -999.0    -999   166     5.58     -1.31      5.42    12  -999.0    -999     0   0   0   0    -999.000  -999.000
0171   42.50   889.8     20.73     83.9    1120   166     5.56     -1.31      5.40    12    -0.5    1120     0   0   0   0      15.842   -62.444
0172   42.75  -999.0   -999.00   -999.0    -999   166     5.54     -1.31      5.39    12  -999.0    -999     0   0   0   0    -999.000  -999.000
0173   43.00   890.4     20.77     83.7    1115   166     5.53     -1.31      5.38    11    -0.5    1115     0   0   0   0      15.842   -62.444
0174   43.25  -999.0   -999.00   -999.0    -999   166     5.52     -1.31      5.37    11  -999.0    -999     0   0   0   0    -999.000  -999.000
0175   43.50   890.9     20.81     83.6    1109   166     5.52     -1.31      5.36    12    -0.4    1109     0   0   0   0      15.842   -62.444
0176   43.75  -999.0   -999.00   -999.0    -999   166     5.51     -1.31      5.35    12  -999.0    -999     0   0   0   0    -999.000  -999.000
0177   44.00   891.5     20.85     83.6    1104   166     5.51     -1.31      5.35    12    -0.4    1104     0   0   0   0      15.842   -62.444
0178   44.25  -999.0   -999.00   -999.0    -999   166     5.51     -1.31      5.35    12  -999.0    -999     0   0   0   0    -999.000  -999.000
0179   44.50   892.0     20.89     83.5    1099   166     5.51     -1.32      5.35    12    -0.4    1099     0   0   0   0      15.842   -62.444
0180   44.75  -999.0   -999.00   -999.0    -999   166     5.51     -1.33      5.35    12  -999.0    -999     0   0   0   0    -999.000  -999.000
0181   45.00   892.6     20.93     83.5    1093   166     5.51     -1.33      5.35    12    -0.4    1093     0   0   0   0      15.842   -62.444
0182   45.25  -999.0   -999.00   -999.0    -999   166     5.52     -1.34      5.35    12  -999.0    -999     0   0   0   0    -999.000  -999.000
0183   45.50   893.1     20.97     83.5    1088   166     5.52     -1.35      5.36    12    -0.4    1088     0   0   0   0      15.842   -62.444
0184   45.75  -999.0   -999.00   -999.0    -999   166     5.53     -1.36      5.36    12  -999.0    -999     0   0   0   0    -999.000  -999.000
0185   46.00   893.7     21.01     83.6    1082   166     5.54     -1.36      5.37    12    -0.4    1082     0   0   0   0      15.842   -62.444
0186   46.25  -999.0   -999.00   -999.0    -999   166     5.55     -1.37      5.37    12  -999.0    -999     0   0   0   0    -999.000  -999.000
0187   46.50   894.3     21.05     83.6    1077   166     5.56     -1.38      5.38    12    -0.4    1077     0   0   0   0      15.842   -62.444
0188   46.75  -999.0   -999.00   -999.0    -999   166     5.56     -1.39      5.39    12  -999.0    -999     0   0   0   0    -999.000  -999.000
0189   47.00   894.8     21.09     83.6    1072   165     5.57     -1.40      5.40    12    -0.3    1072     0   0   0   0      15.842   -62.444
0190   47.25  -999.0   -999.00   -999.0    -999   165     5.58     -1.41      5.40    12  -999.0    -999     0   0   0   0    -999.000  -999.000
0191   47.50   895.4     21.13     83.5    1066   165     5.59     -1.41      5.41    12    -0.3    1066     0   0   0   0      15.842   -62.444
0192   47.75  -999.0   -999.00   -999.0    -999   165     5.60     -1.42      5.42    12  -999.0    -999     0   0   0   0    -999.000  -999.000
0193   48.00   895.9     21.16     83.3    1061   165     5.61     -1.43      5.42    12    -0.3    1061     0   0   0   0      15.842   -62.444
0194   48.25  -999.0   -999.00   -999.0    -999   165     5.61     -1.43      5.42    12  -999.0    -999     0   0   0   0    -999.000  -999.000
0195   48.50   896.5     21.20     83.1    1056   165     5.61     -1.44      5.43    12    -0.3    1056     0   0   0   0      15.842   -62.444
0196   48.75  -999.0   -999.00   -999.0    -999   165     5.61     -1.44      5.43    12  -999.0    -999     0   0   0   0    -999.000  -999.000
0197   49.00   897.0     21.24     82.8    1050   165     5.61     -1.45      5.42    12    -0.3    1050     0   0   0   0      15.842   -62.444
0198   49.25  -999.0   -999.00   -999.0    -999   165     5.61     -1.45      5.42    12  -999.0    -999     0   0   0   0    -999.000  -999.000
0199   49.50   897.6     21.28     82.4    1045   165     5.61     -1.45      5.42    12    -0.3    1045     0   0   0   0      15.842   -62.444
0200   49.75  -999.0   -999.00   -999.0    -999   165     5.61     -1.46      5.42    12  -999.0    -999     0   0   0   0    -999.000  -999.000
0201   50.00   898.1     21.32     82.0    1040   165     5.60     -1.46      5.41    12    -0.3    1040     0   0   0   0      15.842   -62.444
0202   50.25  -999.0   -999.00   -999.0    -999   165     5.60     -1.46      5.41    12  -999.0    -999     0   0   0   0    -999.000  -999.000
0203   50.50   898.7     21.36     81.6    1034   165     5.59     -1.46      5.40    12    -0.3    1034     0   0   0   0      15.842   -62.444
0204   50.75  -999.0   -999.00   -999.0    -999   165     5.59     -1.45      5.40    12  -999.0    -999     0   0   0   0    -999.000  -999.000
0205   51.00   899.2     21.40     81.3    1029   165     5.58     -1.45      5.39    12    -0.4    1029     0   0   0   0      15.842   -62.444
0206   51.25  -999.0   -999.00   -999.0    -999   165     5.57     -1.45      5.38    12  -999.0    -999     0   0   0   0    -999.000  -999.000
0207   51.50   899.8     21.43     81.0    1024   165     5.56     -1.44      5.37    12    -0.4    1024     0   0   0   0      15.842   -62.444
0208   51.75  -999.0   -999.00   -999.0    -999   165     5.55     -1.43      5.36    12  -999.0    -999     0   0   0   0    -999.000  -999.000
0209   52.00   900.3     21.47     80.7    1018   165     5.54     -1.42      5.35    11    -0.4    1018     0   0   0   0      15.842   -62.444
0210   52.25  -999.0   -999.00   -999.0    -999   165     5.52     -1.40      5.34    11  -999.0    -999     0   0   0   0    -999.000  -999.000
0211   52.50   900.9     21.51     80.5    1013   165     5.51     -1.39      5.33    11    -0.4    1013     0   0   0   0      15.842   -62.444
0212   52.75  -999.0   -999.00   -999.0    -999   166     5.50     -1.37      5.32    11  -999.0    -999     0   0   0   0    -999.000  -999.000
0213   53.00   901.4     21.54     80.4    1007   166     5.48     -1.35      5.31    11    -0.4    1007     0   0   0   0      15.842   -62.444
0214   53.25  -999.0   -999.00   -999.0    -999   166     5.46     -1.33      5.30    11  -999.0    -999     0   0   0   0    -999.000  -999.000
0215   53.50   902.0     21.58     80.4    1002   166     5.45     -1.31      5.29    11    -0.4    1002     0   0   0   0      15.842   -62.445
0216   53.75  -999.0   -999.00   -999.0    -999   166     5.43     -1.28      5.27    11  -999.0    -999     0   0   0   0    -999.000  -999.000
0217   54.00   902.6     21.61     80.5     997   167     5.41     -1.26      5.26    11    -0.4     997     0   0   0   0      15.842   -62.445
0218   54.25  -999.0   -999.00   -999.0    -999   167     5.39     -1.24      5.25    11  -999.0    -999     0   0   0   0    -999.000  -999.000
0219   54.50   903.1     21.64     80.6     991   167     5.37     -1.21      5.23    11    -0.4     991     0   0   0   0      15.842   -62.445
0220   54.75  -999.0   -999.00   -999.0    -999   167     5.35     -1.18      5.22    11  -999.0    -999     0   0   0   0    -999.000  -999.000
0221   55.00   903.7     21.68     80.6     986   167     5.33     -1.16      5.21    11    -0.4     986     0   0   0   0      15.842   -62.445
0222   55.25  -999.0   -999.00   -999.0    -999   168     5.31     -1.13      5.19    11  -999.0    -999     0   0   0   0    -999.000  -999.000
0223   55.50   904.2     21.71     80.7     980   168     5.30     -1.10      5.18    11    -0.4     980     0   0   0   0      15.842   -62.445
0224   55.75  -999.0   -999.00   -999.0    -999   168     5.28     -1.08      5.17    11  -999.0    -999     0   0   0   0    -999.000  -999.000
0225   56.00   904.8     21.75     80.7     975   168     5.26     -1.06      5.15    11    -0.3     975     0   0   0   0      15.842   -62.445
0226   56.25  -999.0   -999.00   -999.0    -999   169     5.25     -1.04      5.14    11  -999.0    -999     0   0   0   0    -999.000  -999.000
0227   56.50   905.3     21.78     80.6     970   169     5.24     -1.02      5.14    11    -0.3     970     0   0   0   0      15.842   -62.445
0228   56.75  -999.0   -999.00   -999.0    -999   169     5.23     -1.00      5.13    11  -999.0    -999     0   0   0   0    -999.000  -999.000
0229   57.00   905.9     21.82     80.6     964   169     5.22     -0.99      5.12    11    -0.3     964     0   0   0   0      15.842   -62.445
0230   57.25  -999.0   -999.00   -999.0    -999   169     5.22     -0.97      5.12    11  -999.0    -999     0   0   0   0    -999.000  -999.000
0231   57.50   906.5     21.86     80.5     959   169     5.21     -0.96      5.12    11    -0.3     959     0   0   0   0      15.842   -62.445
0232   57.75  -999.0   -999.00   -999.0    -999   169     5.22     -0.96      5.13    11  -999.0    -999     0   0   0   0    -999.000  -999.000
0233   58.00   907.0     21.90     80.4     954   169     5.22     -0.95      5.13    11    -0.3     954     0   0   0   0      15.843   -62.445
0234   58.25  -999.0   -999.00   -999.0    -999   170     5.22     -0.95      5.14    11  -999.0    -999     0   0   0   0    -999.000  -999.000
0235   58.50   907.6     21.95     80.3     949   170     5.23     -0.95      5.14    11    -0.3     949     0   0   0   0      15.843   -62.445
0236   58.75  -999.0   -999.00   -999.0    -999   170     5.24     -0.95      5.15    11  -999.0    -999     0   0   0   0    -999.000  -999.000
0237   59.00   908.1     21.99     80.1     943   169     5.25     -0.96      5.16    11    -0.3     943     0   0   0   0      15.843   -62.445
0238   59.25  -999.0   -999.00   -999.0    -999   169     5.25     -0.97      5.17    11  -999.0    -999     0   0   0   0    -999.000  -999.000
0239   59.50   908.7     22.04     79.8     938   169     5.26     -0.98      5.17    11    -0.3     938     0   0   0   0      15.843   -62.445
0240   59.75  -999.0   -999.00   -999.0    -999   169     5.27     -0.99      5.18    11  -999.0    -999     0   0   0   0    -999.000  -999.000
0241   60.00   909.2     22.09     79.4     933   169     5.28     -1.00      5.18    11    -0.3     933     0   0   0   0      15.843   -62.445
0242   60.25  -999.0   -999.00   -999.0    -999   169     5.29     -1.02      5.19    11  -999.0    -999     0   0   0   0    -999.000  -999.000
0243   60.50   909.8     22.14     78.9     927   169     5.30     -1.04      5.19    11    -0.3     927     0   0   0   0      15.843   -62.445
0244   60.75  -999.0   -999.00   -999.0    -999   169     5.30     -1.06      5.20    11  -999.0    -999     0   0   0   0    -999.000  -999.000
0245   61.00   910.3     22.19     78.4     922   168     5.31     -1.08      5.20    11    -0.3     922     0   0   0   0      15.843   -62.445
0246   61.25  -999.0   -999.00   -999.0    -999   168     5.31     -1.10      5.20    11  -999.0    -999     0   0   0   0    -999.000  -999.000
0247   61.50   910.9     22.25     77.8     917   168     5.32     -1.12      5.20    11    -0.3     917     0   0   0   0      15.843   -62.445
0248   61.75  -999.0   -999.00   -999.0    -999   168     5.32     -1.13      5.20    11  -999.0    -999     0   0   0   0    -999.000  -999.000
0249   62.00   911.4     22.30     77.3     911   167     5.32     -1.15      5.20    11    -0.3     911     0   0   0   0      15.843   -62.445
0250   62.25  -999.0   -999.00   -999.0    -999   167     5.33     -1.17      5.20    11  -999.0    -999     0   0   0   0    -999.000  -999.000
0251   62.50   912.0     22.35     76.9     906   167     5.33     -1.18      5.20    11    -0.3     906     0   0   0   0      15.843   -62.445
0252   62.75  -999.0   -999.00   -999.0    -999   167     5.33     -1.19      5.19    11  -999.0    -999     0   0   0   0    -999.000  -999.000
0253   63.00   912.6     22.40     76.5     901   167     5.33     -1.20      5.19    11    -0.3     901     0   0   0   0      15.843   -62.445
0254   63.25  -999.0   -999.00   -999.0    -999   167     5.33     -1.21      5.19    11  -999.0    -999     0   0   0   0    -999.000  -999.000
0255   63.50   913.1     22.45     76.3     895   167     5.33     -1.21      5.19    11    -0.3     895     0   0   0   0      15.843   -62.445
0256   63.75  -999.0   -999.00   -999.0    -999   167     5.32     -1.22      5.18    11  -999.0    -999     0   0   0   0    -999.000  -999.000
0257   64.00   913.7     22.50     76.2     890   167     5.32     -1.22      5.18    11    -0.3     890     0   0   0   0      15.843   -62.445
0258   64.25  -999.0   -999.00   -999.0    -999   167     5.32     -1.22      5.18    11  -999.0    -999     0   0   0   0    -999.000  -999.000
0259   64.50   914.2     22.54     76.1     885   167     5.32     -1.21      5.18    11    -0.3     885     0   0   0   0      15.843   -62.445
0260   64.75  -999.0   -999.00   -999.0    -999   167     5.32     -1.21      5.18    11  -999.0    -999     0   0   0   0    -999.000  -999.000
0261   65.00   914.8     22.58     76.1     879   167     5.32     -1.21      5.18    11    -0.3     879     0   0   0   0      15.843   -62.445
0262   65.25  -999.0   -999.00   -999.0    -999   167     5.33     -1.21      5.19    11  -999.0    -999     0   0   0   0    -999.000  -999.000
0263   65.50   915.3     22.62     76.1     874   167     5.33     -1.21      5.19    11    -0.3     874     0   0   0   0      15.843   -62.445
0264   65.75  -999.0   -999.00   -999.0    -999   167     5.33     -1.21      5.19    11  -999.0    -999     0   0   0   0    -999.000  -999.000
0265   66.00   915.9     22.65     76.3     869   167     5.34     -1.21      5.20    11    -0.3     869     0   0   0   0      15.843   -62.445
0266   66.25  -999.0   -999.00   -999.0    -999   167     5.35     -1.22      5.21    11  -999.0    -999     0   0   0   0    -999.000  -999.000
0267   66.50   916.4     22.69     76.4     863   167     5.36     -1.22      5.21    11    -0.3     863     0   0   0   0      15.843   -62.445
0268   66.75  -999.0   -999.00   -999.0    -999   167     5.36     -1.22      5.22    11  -999.0    -999     0   0   0   0    -999.000  -999.000
0269   67.00   917.0     22.72     76.6     858   167     5.37     -1.22      5.23    11    -0.3     858     0   0   0   0      15.843   -62.445
0270   67.25  -999.0   -999.00   -999.0    -999   167     5.38     -1.22      5.24    11  -999.0    -999     0   0   0   0    -999.000  -999.000
0271   67.50   917.6     22.76     76.8     853   167     5.39     -1.23      5.25    11    -0.3     853     0   0   0   0      15.843   -62.445
0272   67.75  -999.0   -999.00   -999.0    -999   167     5.40     -1.23      5.26    11  -999.0    -999     0   0   0   0    -999.000  -999.000
0273   68.00   918.1     22.79     77.0     848   167     5.41     -1.23      5.27    11    -0.3     848     0   0   0   0      15.843   -62.445
0274   68.25  -999.0   -999.00   -999.0    -999   167     5.42     -1.23      5.28    10  -999.0    -999     0   0   0   0    -999.000  -999.000
0275   68.50  -999.0   -999.00   -999.0    -999   167     5.43     -1.23      5.29    10  -999.0    -999     0   0   0   0      15.843   -62.445
0276   68.75  -999.0   -999.00   -999.0    -999   167     5.44     -1.23      5.30    10  -999.0    -999     0   0   0   0    -999.000  -999.000
0277   69.00   919.2     22.85     77.4     837   167     5.44     -1.23      5.30    11    -0.4     837     0   0   0   0      15.843   -62.445
0278   69.25  -999.0   -999.00   -999.0    -999   167     5.45     -1.23      5.31    11  -999.0    -999     0   0   0   0    -999.000  -999.000
0279   69.50   919.8     22.88     77.6     832   167     5.46     -1.23      5.32    11    -0.4     832     0   0   0   0      15.843   -62.445
0280   69.75  -999.0   -999.00   -999.0    -999   167     5.46     -1.22      5.32    11  -999.0    -999     0   0   0   0    -999.000  -999.000
0281   70.00   920.3     22.91     77.8     826   167     5.46     -1.22      5.32    11    -0.4     826     0   0   0   0      15.843   -62.445
0282   70.25  -999.0   -999.00   -999.0    -999   167     5.46     -1.22      5.33    11  -999.0    -999     0   0   0   0    -999.000  -999.000
0283   70.50   920.9     22.93     78.0     821   167     5.47     -1.22      5.33    11    -0.5     821     0   0   0   0      15.843   -62.445
0284   70.75  -999.0   -999.00   -999.0    -999   167     5.46     -1.22      5.33    11  -999.0    -999     0   0   0   0    -999.000  -999.000
0285   71.00   921.5     22.96     78.0     816   167     5.46     -1.22      5.32    11    -0.5     816     0   0   0   0      15.843   -62.445
0286   71.25  -999.0   -999.00   -999.0    -999   167     5.46     -1.23      5.32    11  -999.0    -999     0   0   0   0    -999.000  -999.000
0287   71.50   922.0     22.99     78.1     810   167     5.45     -1.23      5.31    11    -0.5     810     0   0   0   0      15.843   -62.445
0288   71.75  -999.0   -999.00   -999.0    -999   167     5.45     -1.23      5.31    11  -999.0    -999     0   0   0   0    -999.000  -999.000
0289   72.00   922.6     23.02     78.0     805   167     5.44     -1.23      5.30    11    -0.5     805     0   0   0   0      15.843   -62.445
0290   72.25  -999.0   -999.00   -999.0    -999   167     5.43     -1.23      5.29    11  -999.0    -999     0   0   0   0    -999.000  -999.000
0291   72.50   923.2     23.05     77.8     799   167     5.42     -1.24      5.27    11    -0.5     799     0   0   0   0      15.843   -62.445
0292   72.75  -999.0   -999.00   -999.0    -999   167     5.40     -1.24      5.26    11  -999.0    -999     0   0   0   0    -999.000  -999.000
0293   73.00   923.8     23.08     77.5     794   167     5.39     -1.24      5.24    11    -0.5     794     0   0   0   0      15.843   -62.445
0294   73.25  -999.0   -999.00   -999.0    -999   167     5.37     -1.24      5.22    11  -999.0    -999     0   0   0   0    -999.000  -999.000
0295   73.50   924.3     23.12     77.2     788   167     5.35     -1.24      5.20    11    -0.5     788     0   0   0   0      15.843   -62.445
0296   73.75  -999.0   -999.00   -999.0    -999   167     5.33     -1.24      5.18    11  -999.0    -999     0   0   0   0    -999.000  -999.000
0297   74.00   924.9     23.16     76.9     783   167     5.31     -1.24      5.16    11    -0.5     783     0   0   0   0      15.843   -62.445
0298   74.25  -999.0   -999.00   -999.0    -999   166     5.28     -1.23      5.14    11  -999.0    -999     0   0   0   0    -999.000  -999.000
0299   74.50   925.5     23.20     76.5     778   166     5.26     -1.23      5.11    11    -0.5     778     0   0   0   0      15.843   -62.445
0300   74.75  -999.0   -999.00   -999.0    -999   166     5.24     -1.23      5.09    11  -999.0    -999     0   0   0   0    -999.000  -999.000
0301   75.00   926.0     23.24     76.2     772   166     5.21     -1.22      5.07    11    -0.5     772     0   0   0   0      15.843   -62.445
0302   75.25  -999.0   -999.00   -999.0    -999   166     5.19     -1.21      5.04    11  -999.0    -999     0   0   0   0    -999.000  -999.000
0303   75.50   926.6     23.29     76.0     767   166     5.16     -1.21      5.02    11    -0.4     767     0   0   0   0      15.843   -62.445
0304   75.75  -999.0   -999.00   -999.0    -999   166     5.14     -1.20      5.00    11  -999.0    -999     0   0   0   0    -999.000  -999.000
0305   76.00   927.2     23.33     75.8     762   166     5.12     -1.20      4.98    11    -0.4     762     0   0   0   0      15.843   -62.445
0306   76.25  -999.0   -999.00   -999.0    -999   166     5.10     -1.20      4.96    11  -999.0    -999     0   0   0   0    -999.000  -999.000
0307   76.50   927.7     23.38     75.6     756   166     5.08     -1.19      4.94    11    -0.4     756     0   0   0   0      15.843   -62.445
0308   76.75  -999.0   -999.00   -999.0    -999   166     5.06     -1.19      4.92    11  -999.0    -999     0   0   0   0    -999.000  -999.000
0309   77.00   928.3     23.42     75.5     751   166     5.04     -1.19      4.90    12    -0.4     751     0   0   0   0      15.843   -62.445
0310   77.25  -999.0   -999.00   -999.0    -999   166     5.03     -1.19      4.89    11  -999.0    -999     0   0   0   0    -999.000  -999.000
0311   77.50   928.8     23.46     75.4     746   166     5.02     -1.19      4.87    12    -0.4     746     0   0   0   0      15.843   -62.445
0312   77.75  -999.0   -999.00   -999.0    -999   166     5.01     -1.19      4.86    12  -999.0    -999     0   0   0   0    -999.000  -999.000
0313   78.00   929.4     23.50     75.3     741   166     5.00     -1.20      4.85    12    -0.4     741     0   0   0   0      15.843   -62.445
0314   78.25  -999.0   -999.00   -999.0    -999   166     4.99     -1.20      4.84    12  -999.0    -999     0   0   0   0    -999.000  -999.000
0315   78.50   930.0     23.54     75.2     735   166     4.99     -1.21      4.84    12    -0.4     735     0   0   0   0      15.843   -62.445
0316   78.75  -999.0   -999.00   -999.0    -999   166     4.98     -1.22      4.83    12  -999.0    -999     0   0   0   0    -999.000  -999.000
0317   79.00   930.5     23.58     75.3     730   166     4.98     -1.23      4.83    12    -0.4     730     0   0   0   0      15.843   -62.445
0318   79.25  -999.0   -999.00   -999.0    -999   166     4.98     -1.23      4.83    12  -999.0    -999     0   0   0   0    -999.000  -999.000
0319   79.50   931.1     23.61     75.4     725   166     4.98     -1.24      4.83    11    -0.4     725     0   0   0   0      15.844   -62.445
0320   79.75  -999.0   -999.00   -999.0    -999   165     4.99     -1.25      4.83    12  -999.0    -999     0   0   0   0    -999.000  -999.000
0321   80.00   931.7     23.64     75.6     719   165     4.99     -1.26      4.83    12    -0.4     719     0   0   0   0      15.844   -62.445
0322   80.25  -999.0   -999.00   -999.0    -999   165     5.00     -1.27      4.84    12  -999.0    -999     0   0   0   0    -999.000  -999.000
0323   80.50   932.2     23.67     75.9     714   165     5.01     -1.28      4.84    12    -0.4     714     0   0   0   0      15.844   -62.445
0324   80.75  -999.0   -999.00   -999.0    -999   165     5.02     -1.29      4.85    11  -999.0    -999     0   0   0   0    -999.000  -999.000
0325   81.00   932.8     23.69     76.4     709   165     5.03     -1.30      4.86    12    -0.4     709     0   0   0   0      15.844   -62.445
0326   81.25  -999.0   -999.00   -999.0    -999   165     5.05     -1.31      4.87    12  -999.0    -999     0   0   0   0    -999.000  -999.000
0327   81.50   933.4     23.70     76.9     703   165     5.06     -1.32      4.88    12    -0.4     703     0   0   0   0      15.844   -62.445
0328   81.75  -999.0   -999.00   -999.0    -999   165     5.07     -1.33      4.90    12  -999.0    -999     0   0   0   0    -999.000  -999.000
0329   82.00   933.9     23.72     77.5     698   165     5.09     -1.33      4.91    12    -0.4     698     0   0   0   0      15.844   -62.445
0330   82.25  -999.0   -999.00   -999.0    -999   165     5.10     -1.34      4.92    12  -999.0    -999     0   0   0   0    -999.000  -999.000
0331   82.50   934.5     23.73     78.2     693   165     5.12     -1.35      4.93    12    -0.4     693     0   0   0   0      15.844   -62.445
0332   82.75  -999.0   -999.00   -999.0    -999   165     5.13     -1.36      4.95    12  -999.0    -999     0   0   0   0    -999.000  -999.000
0333   83.00   935.1     23.73     78.8     687   165     5.15     -1.37      4.96    12    -0.4     687     0   0   0   0      15.844   -62.445
0334   83.25  -999.0   -999.00   -999.0    -999   164     5.16     -1.38      4.97    12  -999.0    -999     0   0   0   0    -999.000  -999.000
0335   83.50   935.6     23.74     79.4     682   164     5.18     -1.39      4.99    12    -0.4     682     0   0   0   0      15.844   -62.445
0336   83.75  -999.0   -999.00   -999.0    -999   164     5.19     -1.41      5.00    12  -999.0    -999     0   0   0   0    -999.000  -999.000
0337   84.00   936.2     23.75     79.9     677   164     5.20     -1.42      5.01    12    -0.4     677     0   0   0   0      15.844   -62.445
0338   84.25  -999.0   -999.00   -999.0    -999   164     5.22     -1.43      5.02    12  -999.0    -999     0   0   0   0    -999.000  -999.000
0339   84.50   936.7     23.76     80.4     672   164     5.23     -1.44      5.03    12    -0.4     672     0   0   0   0      15.844   -62.445
0340   84.75  -999.0   -999.00   -999.0    -999   164     5.24     -1.46      5.03    12  -999.0    -999     0   0   0   0    -999.000  -999.000
0341   85.00   937.3     23.77     80.9     666   164     5.25     -1.47      5.04    12    -0.4     666     0   0   0   0      15.844   -62.445
0342   85.25  -999.0   -999.00   -999.0    -999   164     5.26     -1.48      5.05    12  -999.0    -999     0   0   0   0    -999.000  -999.000
0343   85.50   937.9     23.79     81.2     661   164     5.26     -1.48      5.05    11    -0.4     661     0   0   0   0      15.844   -62.445
0344   85.75  -999.0   -999.00   -999.0    -999   164     5.27     -1.49      5.06    11  -999.0    -999     0   0   0   0    -999.000  -999.000
0345   86.00   938.4     23.81     81.5     656   164     5.28     -1.50      5.06    10    -0.4     656     0   0   0   0      15.844   -62.445
0346   86.25  -999.0   -999.00   -999.0    -999   163     5.28     -1.50      5.07    11  -999.0    -999     0   0   0   0    -999.000  -999.000
0347   86.50   939.0     23.83     81.8     650   163     5.29     -1.51      5.07    11    -0.4     650     0   0   0   0      15.844   -62.445
0348   86.75  -999.0   -999.00   -999.0    -999   163     5.30     -1.51      5.08    10  -999.0    -999     0   0   0   0    -999.000  -999.000
0349   87.00   939.6     23.86     82.0     645   163     5.30     -1.51      5.09    10    -0.4     645     0   0   0   0      15.844   -62.445
0350   87.25  -999.0   -999.00   -999.0    -999   164     5.31     -1.51      5.09    10  -999.0    -999     0   0   0   0    -999.000  -999.000
0351   87.50   940.1     23.89     82.1     640   164     5.32     -1.51      5.10    11    -0.4     640     0   0   0   0      15.844   -62.445
0352   87.75  -999.0   -999.00   -999.0    -999   164     5.33     -1.51      5.12    11  -999.0    -999     0   0   0   0    -999.000  -999.000
0353   88.00   940.7     23.92     82.2     634   164     5.35     -1.51      5.13    11    -0.5     634     0   0   0   0      15.844   -62.445
0354   88.25  -999.0   -999.00   -999.0    -999   164     5.36     -1.51      5.14    10  -999.0    -999     0   0   0   0    -999.000  -999.000
0355   88.50   941.3     23.96     82.3     629   164     5.38     -1.51      5.16    11    -0.5     629     0   0   0   0      15.844   -62.445
0356   88.75  -999.0   -999.00   -999.0    -999   164     5.39     -1.51      5.18    11  -999.0    -999     0   0   0   0    -999.000  -999.000
0357   89.00   941.9     23.99     82.3     624   164     5.41     -1.51      5.20    11    -0.5     624     0   0   0   0      15.844   -62.445
0358   89.25  -999.0   -999.00   -999.0    -999   164     5.43     -1.51      5.22    11  -999.0    -999     0   0   0   0    -999.000  -999.000
0359   89.50   942.4     24.02     82.4     619   164     5.45     -1.52      5.24    11    -0.5     619     0   0   0   0      15.844   -62.445
0360   89.75  -999.0   -999.00   -999.0    -999   164     5.47     -1.52      5.25    11  -999.0    -999     0   0   0   0    -999.000  -999.000
0361   90.00   943.0     24.06     82.4     613   164     5.49     -1.52      5.27    11    -0.5     613     0   0   0   0      15.844   -62.445
0362   90.25  -999.0   -999.00   -999.0    -999   164     5.50     -1.53      5.29    11  -999.0    -999     0   0   0   0    -999.000  -999.000
0363   90.50   943.6     24.09     82.5     608   164     5.52     -1.54      5.30    11    -0.5     608     0   0   0   0      15.844   -62.445
0364   90.75  -999.0   -999.00   -999.0    -999   164     5.53     -1.55      5.31    11  -999.0    -999     0   0   0   0    -999.000  -999.000
0365   91.00   944.2     24.12     82.6     602   164     5.54     -1.56      5.32    11    -0.5     602     0   0   0   0      15.844   -62.445
0366   91.25  -999.0   -999.00   -999.0    -999   164     5.55     -1.57      5.32    11  -999.0    -999     0   0   0   0    -999.000  -999.000
0367   91.50   944.7     24.16     82.8     597   163     5.56     -1.59      5.32    11    -0.5     597     0   0   0   0      15.844   -62.445
0368   91.75  -999.0   -999.00   -999.0    -999   163     5.56     -1.60      5.32    11  -999.0    -999     0   0   0   0    -999.000  -999.000
0369   92.00   945.3     24.19     82.9     592   163     5.56     -1.62      5.32    11    -0.5     592     0   0   0   0      15.844   -62.445
0370   92.25  -999.0   -999.00   -999.0    -999   163     5.56     -1.64      5.31    11  -999.0    -999     0   0   0   0    -999.000  -999.000
0371   92.50   945.9     24.22     83.2     586   163     5.55     -1.65      5.30    11    -0.5     586     0   0   0   0      15.844   -62.445
0372   92.75  -999.0   -999.00   -999.0    -999   162     5.55     -1.67      5.29    11  -999.0    -999     0   0   0   0    -999.000  -999.000
0373   93.00   946.5     24.24     83.5     581   162     5.54     -1.69      5.27    11    -0.5     581     0   0   0   0      15.844   -62.445
0374   93.25  -999.0   -999.00   -999.0    -999   162     5.52     -1.71      5.25    11  -999.0    -999     0   0   0   0    -999.000  -999.000
0375   93.50   947.0     24.27     83.9     576   162     5.51     -1.73      5.23    11    -0.5     576     0   0   0   0      15.844   -62.445
0376   93.75  -999.0   -999.00   -999.0    -999   161     5.50     -1.75      5.21    11  -999.0    -999     0   0   0   0    -999.000  -999.000
0377   94.00   947.6     24.29     84.4     570   161     5.48     -1.77      5.19    11    -0.5     570     0   0   0   0      15.844   -62.445
0378   94.25  -999.0   -999.00   -999.0    -999   161     5.47     -1.79      5.17    12  -999.0    -999     0   0   0   0    -999.000  -999.000
0379   94.50   948.2     24.31     85.1     565   161     5.46     -1.81      5.15    11    -0.5     565     0   0   0   0      15.844   -62.445
0380   94.75  -999.0   -999.00   -999.0    -999   160     5.45     -1.82      5.13    11  -999.0    -999     0   0   0   0    -999.000  -999.000
0381   95.00   948.7     24.33     85.9     560   160     5.44     -1.84      5.11    11    -0.5     560     0   0   0   0      15.844   -62.445
0382   95.25  -999.0   -999.00   -999.0    -999   160     5.43     -1.86      5.10    11  -999.0    -999     0   0   0   0    -999.000  -999.000
0383   95.50   949.3     24.34     86.8     555   160     5.42     -1.87      5.09    11    -0.5     555     0   0   0   0      15.844   -62.445
0384   95.75  -999.0   -999.00   -999.0    -999   160     5.41     -1.88      5.08    11  -999.0    -999     0   0   0   0    -999.000  -999.000
0385   96.00   949.9     24.35     87.6     549   160     5.41     -1.89      5.07    11    -0.4     549     0   0   0   0      15.844   -62.445
0386   96.25  -999.0   -999.00   -999.0    -999   159     5.41     -1.90      5.07    11  -999.0    -999     0   0   0   0    -999.000  -999.000
0387   96.50   950.5     24.37     88.4     544   159     5.41     -1.91      5.07    11    -0.4     544     0   0   0   0      15.844   -62.445
0388   96.75  -999.0   -999.00   -999.0    -999   159     5.42     -1.92      5.07    11  -999.0    -999     0   0   0   0    -999.000  -999.000
0389   97.00   951.0     24.38     89.1     539   159     5.42     -1.92      5.07    11    -0.4     539     0   0   0   0      15.844   -62.445
0390   97.25  -999.0   -999.00   -999.0    -999   159     5.43     -1.93      5.08    11  -999.0    -999     0   0   0   0    -999.000  -999.000
0391   97.50   951.6     24.40     89.6     533   159     5.44     -1.93      5.09    11    -0.4     533     0   0   0   0      15.844   -62.445
0392   97.75  -999.0   -999.00   -999.0    -999   159     5.45     -1.94      5.10    11  -999.0    -999     0   0   0   0    -999.000  -999.000
0393   98.00   952.2     24.42     90.0     528   159     5.46     -1.95      5.11    11    -0.3     528     0   0   0   0      15.844   -62.445
0394   98.25  -999.0   -999.00   -999.0    -999   159     5.48     -1.95      5.12    11  -999.0    -999     0   0   0   0    -999.000  -999.000
0395   98.50   952.7     24.44     90.2     523   159     5.49     -1.96      5.13    11    -0.3     523     0   0   0   0      15.844   -62.445
0396   98.75  -999.0   -999.00   -999.0    -999   159     5.50     -1.97      5.14    11  -999.0    -999     0   0   0   0    -999.000  -999.000
0397   99.00   953.3     24.47     90.4     518   159     5.51     -1.97      5.14    11    -0.3     518     0   0   0   0      15.844   -62.445
0398   99.25  -999.0   -999.00   -999.0    -999   159     5.52     -1.98      5.15    11  -999.0    -999     0   0   0   0    -999.000  -999.000
0399   99.50   953.9     24.51     90.4     512   159     5.53     -1.98      5.16    11    -0.3     512     0   0   0   0      15.844   -62.445
0400   99.75  -999.0   -999.00   -999.0    -999   159     5.53     -1.98      5.17    11  -999.0    -999     0   0   0   0    -999.000  -999.000
0401  100.00   954.4     24.55     90.4     507   159     5.54     -1.99      5.17    11    -0.2     507     0   0   0   0      15.844   -62.445
0402  100.25  -999.0   -999.00   -999.0    -999   159     5.54     -1.99      5.17    11  -999.0    -999     0   0   0   0    -999.000  -999.000
0403  100.50   955.0     24.59     90.4     502   159     5.54     -1.99      5.17    11    -0.2     502     0   0   0   0      15.844   -62.445
0404  100.75  -999.0   -999.00   -999.0    -999   159     5.54     -1.99      5.17    11  -999.0    -999     0   0   0   0    -999.000  -999.000
0405  101.00   955.5     24.63     90.4     497   159     5.54     -1.99      5.17    11    -0.2     497     0   0   0   0      15.845   -62.445
0406  101.25  -999.0   -999.00   -999.0    -999   159     5.53     -1.99      5.16    11  -999.0    -999     0   0   0   0    -999.000  -999.000
0407  101.50   956.1     24.68     90.4     492   159     5.53     -1.99      5.16    11    -0.2     492     0   0   0   0      15.845   -62.445
0408  101.75  -999.0   -999.00   -999.0    -999   159     5.52     -1.99      5.15    11  -999.0    -999     0   0   0   0    -999.000  -999.000
0409  102.00   956.6     24.72     90.3     487   159     5.51     -2.00      5.13    11    -0.2     487     0   0   0   0      15.845   -62.445
0410  102.25  -999.0   -999.00   -999.0    -999   159     5.50     -2.00      5.12    11  -999.0    -999     0   0   0   0    -999.000  -999.000
0411  102.50   957.2     24.77     90.2     482   159     5.48     -2.00      5.10    11    -0.3     482     0   0   0   0      15.845   -62.445
0412  102.75  -999.0   -999.00   -999.0    -999   159     5.47     -2.00      5.09    11  -999.0    -999     0   0   0   0    -999.000  -999.000
0413  103.00   957.8     24.82     90.2     476   158     5.45     -2.01      5.07    11    -0.3     476     0   0   0   0      15.845   -62.445
0414  103.25  -999.0   -999.00   -999.0    -999   158     5.44     -2.01      5.05    11  -999.0    -999     0   0   0   0    -999.000  -999.000
0415  103.50   958.3     24.86     90.1     471   158     5.42     -2.02      5.03    11    -0.3     471     0   0   0   0      15.845   -62.445
0416  103.75  -999.0   -999.00   -999.0    -999   158     5.40     -2.02      5.01    11  -999.0    -999     0   0   0   0    -999.000  -999.000
0417  104.00   958.9     24.91     90.0     466   158     5.39     -2.03      4.99    11    -0.4     466     0   0   0   0      15.845   -62.445
0418  104.25  -999.0   -999.00   -999.0    -999   158     5.37     -2.04      4.97    11  -999.0    -999     0   0   0   0    -999.000  -999.000
0419  104.50   959.5     24.95     90.0     461   158     5.35     -2.04      4.95    11    -0.4     461     0   0   0   0      15.845   -62.445
0420  104.75  -999.0   -999.00   -999.0    -999   157     5.34     -2.05      4.93    11  -999.0    -999     0   0   0   0    -999.000  -999.000
0421  105.00   960.0     25.00     90.0     455   157     5.32     -2.05      4.91    10    -0.4     455     0   0   0   0      15.845   -62.445
0422  105.25  -999.0   -999.00   -999.0    -999   157     5.31     -2.06      4.89    11  -999.0    -999     0   0   0   0    -999.000  -999.000
0423  105.50   960.6     25.04     90.0     450   157     5.29     -2.06      4.88    11    -0.5     450     0   0   0   0      15.845   -62.445
0424  105.75  -999.0   -999.00   -999.0    -999   157     5.28     -2.06      4.86    11  -999.0    -999     0   0   0   0    -999.000  -999.000
0425  106.00   961.2     25.09     90.1     445   157     5.27     -2.06      4.85    11    -0.5     445     0   0   0   0      15.845   -62.445
0426  106.25  -999.0   -999.00   -999.0    -999   157     5.26     -2.05      4.84    11  -999.0    -999     0   0   0   0    -999.000  -999.000
0427  106.50   961.8     25.13     90.2     440   157     5.25     -2.05      4.84    11    -0.5     440     0   0   0   0      15.845   -62.445
0428  106.75  -999.0   -999.00   -999.0    -999   157     5.25     -2.04      4.84    11  -999.0    -999     0   0   0   0    -999.000  -999.000
0429  107.00   962.3     25.17     90.3     434   157     5.25     -2.03      4.84    11    -0.5     434     0   0   0   0      15.845   -62.445
0430  107.25  -999.0   -999.00   -999.0    -999   157     5.24     -2.02      4.84    11  -999.0    -999     0   0   0   0    -999.000  -999.000
0431  107.50   962.9     25.21     90.4     429   158     5.24     -2.00      4.84    11    -0.6     429     0   0   0   0      15.845   -62.445
0432  107.75  -999.0   -999.00   -999.0    -999   158     5.24     -1.99      4.85    11  -999.0    -999     0   0   0   0    -999.000  -999.000
0433  108.00   963.5     25.25     90.4     424   158     5.24     -1.97      4.85    11    -0.6     424     0   0   0   0      15.845   -62.445
0434  108.25  -999.0   -999.00   -999.0    -999   158     5.23     -1.95      4.86    11  -999.0    -999     0   0   0   0    -999.000  -999.000
0435  108.50   964.1     25.30     90.4     418   158     5.23     -1.94      4.86    11    -0.6     418     0   0   0   0      15.845   -62.445
0436  108.75  -999.0   -999.00   -999.0    -999   158     5.22     -1.92      4.86    11  -999.0    -999     0   0   0   0    -999.000  -999.000
0437  109.00   964.7     25.34     90.3     413   159     5.22     -1.90      4.86    11    -0.6     413     0   0   0   0      15.845   -62.445
0438  109.25  -999.0   -999.00   -999.0    -999   159     5.21     -1.89      4.85    11  -999.0    -999     0   0   0   0    -999.000  -999.000
0439  109.50   965.2     25.39     90.1     408   159     5.20     -1.88      4.84    11    -0.5     408     0   0   0   0      15.845   -62.445
0440  109.75  -999.0   -999.00   -999.0    -999   159     5.18     -1.88      4.83    11  -999.0    -999     0   0   0   0    -999.000  -999.000
0441  110.00   965.8     25.44     89.8     402   159     5.17     -1.87      4.82    11    -0.5     402     0   0   0   0      15.845   -62.445
0442  110.25  -999.0   -999.00   -999.0    -999   159     5.15     -1.87      4.80    11  -999.0    -999     0   0   0   0    -999.000  -999.000
0443  110.50   966.4     25.49     89.6     397   159     5.14     -1.87      4.78    11    -0.5     397     0   0   0   0      15.845   -62.445
0444  110.75  -999.0   -999.00   -999.0    -999   158     5.12     -1.88      4.76    11  -999.0    -999     0   0   0   0    -999.000  -999.000
0445  111.00   967.0     25.54     89.3     392   158     5.10     -1.89      4.74    12    -0.4     392     0   0   0   0      15.845   -62.445
0446  111.25  -999.0   -999.00   -999.0    -999   158     5.08     -1.89      4.71    12  -999.0    -999     0   0   0   0    -999.000  -999.000
0447  111.50   967.6     25.59     89.0     387   158     5.06     -1.90      4.68    12    -0.4     387     0   0   0   0      15.845   -62.445
0448  111.75  -999.0   -999.00   -999.0    -999   158     5.03     -1.91      4.66    12  -999.0    -999     0   0   0   0    -999.000  -999.000
0449  112.00   968.1     25.64     88.8     381   157     5.01     -1.93      4.63    12    -0.3     381     0   0   0   0      15.845   -62.445
0450  112.25  -999.0   -999.00   -999.0    -999   157     4.99     -1.94      4.59    12  -999.0    -999     0   0   0   0    -999.000  -999.000
0451  112.50   968.7     25.69     88.6     376   157     4.96     -1.94      4.56    12    -0.3     376     0   0   0   0      15.845   -62.445
0452  112.75  -999.0   -999.00   -999.0    -999   157     4.94     -1.95      4.53    12  -999.0    -999     0   0   0   0    -999.000  -999.000
0453  113.00   969.3     25.74     88.5     371   157     4.91     -1.96      4.50    12    -0.2     371     0   0   0   0      15.845   -62.445
0454  113.25  -999.0   -999.00   -999.0    -999   156     4.89     -1.96      4.48    12  -999.0    -999     0   0   0   0    -999.000  -999.000
0455  113.50   969.8     25.79     88.4     366   156     4.86     -1.96      4.45    12    -0.2     366     0   0   0   0      15.845   -62.445
0456  113.75  -999.0   -999.00   -999.0    -999   156     4.83     -1.95      4.42    12  -999.0    -999     0   0   0   0    -999.000  -999.000
0457  114.00   970.4     25.84     88.3     361   156     4.81     -1.95      4.40    12    -0.2     361     0   0   0   0      15.845   -62.445
0458  114.25  -999.0   -999.00   -999.0    -999   156     4.78     -1.94      4.37    11  -999.0    -999     0   0   0   0    -999.000  -999.000
0459  114.50   970.9     25.88     88.3     356   156     4.76     -1.93      4.35    11    -0.1     356     0   0   0   0      15.845   -62.445
0460  114.75  -999.0   -999.00   -999.0    -999   156     4.73     -1.92      4.33    11  -999.0    -999     0   0   0   0    -999.000  -999.000
0461  115.00   971.5     25.93     88.2     351   156     4.71     -1.91      4.31    11    -0.1     351     0   0   0   0      15.845   -62.445
0462  115.25  -999.0   -999.00   -999.0    -999   156     4.69     -1.90      4.28    11  -999.0    -999     0   0   0   0    -999.000  -999.000
0463  115.50   972.0     25.97     88.0     346   156     4.66     -1.88      4.26    11    -0.1     346     0   0   0   0      15.845   -62.445
0464  115.75  -999.0   -999.00   -999.0    -999   156     4.64     -1.87      4.25    10  -999.0    -999     0   0   0   0    -999.000  -999.000
0465  116.00   972.6     26.02     87.9     341   156     4.62     -1.86      4.23    11    -0.2     341     0   0   0   0      15.845   -62.445
0466  116.25  -999.0   -999.00   -999.0    -999   156     4.60     -1.86      4.21    11  -999.0    -999     0   0   0   0    -999.000  -999.000
0467  116.50   973.2     26.06     87.7     335   156     4.59     -1.85      4.20    11    -0.2     335     0   0   0   0      15.845   -62.445
0468  116.75  -999.0   -999.00   -999.0    -999   156     4.57     -1.85      4.18    11  -999.0    -999     0   0   0   0    -999.000  -999.000
0469  117.00   973.7     26.11     87.5     330   156     4.56     -1.85      4.17    11    -0.2     330     0   0   0   0      15.845   -62.445
0470  117.25  -999.0   -999.00   -999.0    -999   156     4.55     -1.85      4.16    11  -999.0    -999     0   0   0   0    -999.000  -999.000
0471  117.50   974.3     26.16     87.3     325   156     4.54     -1.85      4.15    11    -0.2     325     0   0   0   0      15.845   -62.445
0472  117.75  -999.0   -999.00   -999.0    -999   156     4.54     -1.86      4.14    11  -999.0    -999     0   0   0   0    -999.000  -999.000
0473  118.00   974.8     26.20     87.1     320   156     4.53     -1.86      4.13    11    -0.2     320     0   0   0   0      15.845   -62.445
0474  118.25  -999.0   -999.00   -999.0    -999   156     4.53     -1.87      4.12    10  -999.0    -999     0   0   0   0    -999.000  -999.000
0475  118.50   975.4     26.25     86.8     315   155     4.52     -1.88      4.11    11    -0.2     315     0   0   0   0      15.845   -62.445
0476  118.75  -999.0   -999.00   -999.0    -999   155     4.52     -1.88      4.11    11  -999.0    -999     0   0   0   0    -999.000  -999.000
0477  119.00   976.0     26.30     86.6     310   155     4.52     -1.89      4.10    11    -0.2     310     0   0   0   0      15.845   -62.445
0478  119.25  -999.0   -999.00   -999.0    -999   155     4.51     -1.89      4.10    11  -999.0    -999     0   0   0   0    -999.000  -999.000
0479  119.50   976.5     26.35     86.4     305   155     4.51     -1.89      4.09    11    -0.2     305     0   0   0   0      15.845   -62.445
0480  119.75  -999.0   -999.00   -999.0    -999   155     4.51     -1.90      4.09    11  -999.0    -999     0   0   0   0    -999.000  -999.000
0481  120.00   977.1     26.40     86.2     300   155     4.51     -1.90      4.09    11    -0.2     300     0   0   0   0      15.845   -62.445
0482  120.25  -999.0   -999.00   -999.0    -999   155     4.51     -1.90      4.09    11  -999.0    -999     0   0   0   0    -999.000  -999.000
0483  120.50   977.7     26.45     86.0     294   155     4.51     -1.90      4.08    11    -0.2     294     0   0   0   0      15.845   -62.445
0484  120.75  -999.0   -999.00   -999.0    -999   155     4.51     -1.90      4.08    11  -999.0    -999     0   0   0   0    -999.000  -999.000
0485  121.00   978.2     26.50     85.8     289   155     4.51     -1.90      4.09    11    -0.2     289     0   0   0   0      15.845   -62.445
0486  121.25  -999.0   -999.00   -999.0    -999   155     4.51     -1.91      4.09    11  -999.0    -999     0   0   0   0    -999.000  -999.000
0487  121.50   978.8     26.55     85.6     284   155     4.52     -1.91      4.09    11    -0.2     284     0   0   0   0      15.845   -62.445
0488  121.75  -999.0   -999.00   -999.0    -999   155     4.52     -1.92      4.09    11  -999.0    -999     0   0   0   0    -999.000  -999.000
0489  122.00   979.3     26.60     85.5     279   155     4.53     -1.92      4.10    11    -0.2     279     0   0   0   0      15.845   -62.445
0490  122.25  -999.0   -999.00   -999.0    -999   155     4.53     -1.93      4.10    11  -999.0    -999     0   0   0   0    -999.000  -999.000
0491  122.50   979.9     26.65     85.3     274   155     4.54     -1.93      4.11    11    -0.2     274     0   0   0   0      15.845   -62.445
0492  122.75  -999.0   -999.00   -999.0    -999   155     4.54     -1.94      4.11    11  -999.0    -999     0   0   0   0    -999.000  -999.000
0493  123.00   980.5     26.70     85.2     269   155     4.55     -1.94      4.11    11    -0.2     269     0   0   0   0      15.845   -62.446
0494  123.25  -999.0   -999.00   -999.0    -999   155     4.55     -1.94      4.11    11  -999.0    -999     0   0   0   0    -999.000  -999.000
0495  123.50   981.0     26.75     85.0     264   155     4.54     -1.94      4.11    11    -0.2     264     0   0   0   0      15.845   -62.446
0496  123.75  -999.0   -999.00   -999.0    -999   155     4.54     -1.94      4.11    11  -999.0    -999     0   0   0   0    -999.000  -999.000
0497  124.00   981.6     26.79     84.9     259   155     4.53     -1.93      4.10    11    -0.2     259     0   0   0   0      15.845   -62.446
0498  124.25  -999.0   -999.00   -999.0    -999   155     4.52     -1.92      4.09    11  -999.0    -999     0   0   0   0    -999.000  -999.000
0499  124.50   982.2     26.84     84.7     253   155     4.51     -1.92      4.09    11    -0.2     253     0   0   0   0      15.845   -62.446
0500  124.75  -999.0   -999.00   -999.0    -999   155     4.50     -1.90      4.08    11  -999.0    -999     0   0   0   0    -999.000  -999.000
0501  125.00   982.7     26.89     84.6     248   155     4.48     -1.89      4.07    11    -0.2     248     0   0   0   0      15.845   -62.446
0502  125.25  -999.0   -999.00   -999.0    -999   155     4.47     -1.88      4.05    11  -999.0    -999     0   0   0   0    -999.000  -999.000
0503  125.50   983.3     26.94     84.4     243   155     4.45     -1.86      4.04    11    -0.2     243     0   0   0   0      15.846   -62.446
0504  125.75  -999.0   -999.00   -999.0    -999   155     4.43     -1.84      4.03    11  -999.0    -999     0   0   0   0    -999.000  -999.000
0505  126.00   983.9     26.99     84.2     238   156     4.42     -1.83      4.02    11    -0.2     238     0   0   0   0      15.846   -62.446
0506  126.25  -999.0   -999.00   -999.0    -999   156     4.40     -1.81      4.01    11  -999.0    -999     0   0   0   0    -999.000  -999.000
0507  126.50   984.4     27.04     84.0     233   156     4.39     -1.79      4.01    11    -0.1     233     0   0   0   0      15.846   -62.446
0508  126.75  -999.0   -999.00   -999.0    -999   156     4.38     -1.77      4.00    11  -999.0    -999     0   0   0   0    -999.000  -999.000
0509  127.00   985.0     27.09     83.8     228   156     4.37     -1.75      4.00    11    -0.1     228     0   0   0   0      15.846   -62.446
0510  127.25  -999.0   -999.00   -999.0    -999   157     4.36     -1.73      4.01    11  -999.0    -999     0   0   0   0    -999.000  -999.000
0511  127.50   985.6     27.14     83.5     223   157     4.37     -1.71      4.02    11    -0.0     223     0   0   0   0      15.846   -62.446
0512  127.75  -999.0   -999.00   -999.0    -999   157     4.37     -1.70      4.03    11  -999.0    -999     0   0   0   0    -999.000  -999.000
0513  128.00   986.1     27.19     83.3     218   157     4.39     -1.69      4.05    11     0.0     218     0   0   0   0      15.846   -62.446
0514  128.25  -999.0   -999.00   -999.0    -999   158     4.41     -1.67      4.08    11  -999.0    -999     0   0   0   0    -999.000  -999.000
0515  128.50   986.7     27.23     83.1     213   158     4.44     -1.66      4.11    11     0.1     213     0   0   0   0      15.846   -62.446
0516  128.75  -999.0   -999.00   -999.0    -999   158     4.47     -1.65      4.15    11  -999.0    -999     0   0   0   0    -999.000  -999.000
0517  129.00   987.2     27.28     82.9     208   159     4.51     -1.64      4.20    11     0.1     208     0   0   0   0      15.846   -62.446
0518  129.25  -999.0   -999.00   -999.0    -999   159     4.55     -1.63      4.25    11  -999.0    -999     0   0   0   0    -999.000  -999.000
0519  129.50   987.8     27.33     82.7     203   159     4.59     -1.62      4.30    11     0.2     203     0   0   0   0      15.846   -62.446
0520  129.75  -999.0   -999.00   -999.0    -999   160     4.64     -1.61      4.35    10  -999.0    -999     0   0   0   0    -999.000  -999.000
0521  130.00   988.3     27.38     82.5     198   160     4.68     -1.60      4.40    10     0.2     198     0   0   0   0      15.846   -62.446
0522  130.25  -999.0   -999.00   -999.0    -999   160     4.73     -1.59      4.45    11  -999.0    -999     0   0   0   0    -999.000  -999.000
0523  130.50   988.8     27.43     82.4     193   161     4.77     -1.58      4.50    11     0.2     193     0   0   0   0      15.846   -62.446
0524  130.75  -999.0   -999.00   -999.0    -999   161     4.81     -1.57      4.55    11  -999.0    -999     0   0   0   0    -999.000  -999.000
0525  131.00   989.4     27.47     82.2     189   161     4.84     -1.56      4.59    10     0.3     189     0   0   0   0      15.846   -62.446
0526  131.25  -999.0   -999.00   -999.0    -999   161     4.87     -1.55      4.62    11  -999.0    -999     0   0   0   0    -999.000  -999.000
0527  131.50   989.9     27.52     82.0     184   162     4.90     -1.54      4.65    11     0.3     184     0   0   0   0      15.846   -62.446
0528  131.75  -999.0   -999.00   -999.0    -999   162     4.91     -1.53      4.67    10  -999.0    -999     0   0   0   0    -999.000  -999.000
0529  132.00   990.5     27.57     81.8     179   162     4.93     -1.53      4.68    10     0.3     179     0   0   0   0      15.846   -62.446
0530  132.25  -999.0   -999.00   -999.0    -999   162     4.93     -1.53      4.69    10  -999.0    -999     0   0   0   0    -999.000  -999.000
0531  132.50   991.0     27.61     81.7     174   162     4.93     -1.53      4.69    10     0.3     174     0   0   0   0      15.846   -62.446
0532  132.75  -999.0   -999.00   -999.0    -999   162     4.93     -1.53      4.69    10  -999.0    -999     0   0   0   0    -999.000  -999.000
0533  133.00   991.5     27.66     81.5     169   162     4.92     -1.53      4.68    10     0.3     169     0   0   0   0      15.846   -62.446
0534  133.25  -999.0   -999.00   -999.0    -999   162     4.91     -1.53      4.67    10  -999.0    -999     0   0   0   0    -999.000  -999.000
0535  133.50   992.1     27.71     81.3     164   162     4.90     -1.53      4.65    10     0.3     164     0   0   0   0      15.846   -62.446
0536  133.75  -999.0   -999.00   -999.0    -999   162     4.88     -1.54      4.63    10  -999.0    -999     0   0   0   0    -999.000  -999.000
0537  134.00   992.6     27.75     81.2     160   162     4.86     -1.54      4.61    10     0.3     160     0   0   0   0      15.846   -62.446
0538  134.25  -999.0   -999.00   -999.0    -999   161     4.84     -1.54      4.58    10  -999.0    -999     0   0   0   0    -999.000  -999.000
0539  134.50   993.1     27.80     81.0     155   161     4.81     -1.54      4.56    10     0.3     155     0   0   0   0      15.846   -62.446
0540  134.75  -999.0   -999.00   -999.0    -999   161     4.79     -1.54      4.53    10  -999.0    -999     0   0   0   0    -999.000  -999.000
0541  135.00   993.7     27.85     80.9     150   161     4.77     -1.54      4.51    11     0.2     150     0   0   0   0      15.846   -62.446
0542  135.25  -999.0   -999.00   -999.0    -999   161     4.74     -1.54      4.49    11  -999.0    -999     0   0   0   0    -999.000  -999.000
0543  135.50   994.2     27.89     80.8     145   161     4.72     -1.53      4.47    11     0.2     145     0   0   0   0      15.846   -62.446
0544  135.75  -999.0   -999.00   -999.0    -999   161     4.70     -1.52      4.45    11  -999.0    -999     0   0   0   0    -999.000  -999.000
0545  136.00   994.8     27.94     80.7     140   161     4.69     -1.51      4.44    11     0.2     140     0   0   0   0      15.846   -62.446
0546  136.25  -999.0   -999.00   -999.0    -999   161     4.67     -1.49      4.43    11  -999.0    -999     0   0   0   0    -999.000  -999.000
0547  136.50   995.3     27.99     80.6     135   162     4.66     -1.47      4.42    11     0.2     135     0   0   0   0      15.846   -62.446
0548  136.75  -999.0   -999.00   -999.0    -999   162     4.64     -1.44      4.41    11  -999.0    -999     0   0   0   0    -999.000  -999.000
0549  137.00   995.9     28.04     80.6     130   162     4.63     -1.41      4.41    11     0.2     130     0   0   0   0      15.846   -62.446
0550  137.25  -999.0   -999.00   -999.0    -999   163     4.63     -1.38      4.42    11  -999.0    -999     0   0   0   0    -999.000  -999.000
0551  137.50   996.4     28.08     80.5     125   163     4.62     -1.35      4.42    11     0.2     125     0   0   0   0      15.846   -62.446
0552  137.75  -999.0   -999.00   -999.0    -999   163     4.62     -1.31      4.43    11  -999.0    -999     0   0   0   0    -999.000  -999.000
0553  138.00   997.0     28.13     80.4     120   164     4.61     -1.27      4.43    11     0.2     120     0   0   0   0      15.846   -62.446
0554  138.25  -999.0   -999.00   -999.0    -999   164     4.61     -1.24      4.44    11  -999.0    -999     0   0   0   0    -999.000  -999.000
0555  138.50   997.5     28.18     80.4     116   165     4.61     -1.20      4.45    11     0.2     116     0   0   0   0      15.846   -62.446
0556  138.75  -999.0   -999.00   -999.0    -999   165     4.60     -1.16      4.45    10  -999.0    -999     0   0   0   0    -999.000  -999.000
0557  139.00   998.0     28.23     80.3     111   166     4.60     -1.13      4.46    10     0.3     111     0   0   0   0      15.846   -62.446
0558  139.25  -999.0   -999.00   -999.0    -999   166     4.60     -1.09      4.46    10  -999.0    -999     0   0   0   0    -999.000  -999.000
0559  139.50   998.6     28.28     80.1     106   167     4.59     -1.06      4.47     9     0.3     106     0   0   0   0      15.846   -62.446
0560  139.75  -999.0   -999.00   -999.0    -999   167     4.58     -1.04      4.47     8  -999.0    -999     0   0   0   0    -999.000  -999.000
0561  140.00   999.1     28.33     80.0     101   167     4.58     -1.01      4.46    10     0.3     101     0   0   0   0      15.846   -62.446
0562  140.25  -999.0   -999.00   -999.0    -999   167     4.57     -1.00      4.46    10  -999.0    -999     0   0   0   0    -999.000  -999.000
0563  140.50   999.7     28.37     79.8      96   168     4.56     -0.98      4.45    10     0.3      96     0   0   0   0      15.846   -62.446
0564  140.75  -999.0   -999.00   -999.0    -999   168     4.55     -0.98      4.44    10  -999.0    -999     0   0   0   0    -999.000  -999.000
0565  141.00  1000.2     28.42     79.5      92   168     4.54     -0.98      4.44    10     0.3      92     0   0   0   0      15.846   -62.446
0566  141.25  -999.0   -999.00   -999.0    -999   167     4.53     -0.98      4.43    10  -999.0    -999     0   0   0   0    -999.000  -999.000
0567  141.50  1000.7     28.47     79.3      87   167     4.53     -1.00      4.42    10     0.3      87     0   0   0   0      15.846   -62.446
0568  141.75  -999.0   -999.00   -999.0    -999   167     4.52     -1.02      4.40    10  -999.0    -999     0   0   0   0    -999.000  -999.000
0569  142.00  1001.3     28.51     79.0      82   167     4.51     -1.05      4.39     9     0.3      82     0   0   0   0      15.846   -62.446
0570  142.25  -999.0   -999.00   -999.0    -999   166     4.50     -1.08      4.37    10  -999.0    -999     0   0   0   0    -999.000  -999.000
0571  142.50  1001.8     28.56     78.8      77   166     4.50     -1.12      4.35    10     0.2      77     0   0   0   0      15.846   -62.446
0572  142.75  -999.0   -999.00   -999.0    -999   165     4.49     -1.16      4.33    10  -999.0    -999     0   0   0   0    -999.000  -999.000
0573  143.00  1002.3     28.60     78.6      72   164     4.48     -1.20      4.31    10     0.2      72     0   0   0   0      15.846   -62.446
0574  143.25  -999.0   -999.00   -999.0    -999   164     4.47     -1.25      4.29     9  -999.0    -999     0   0   0   0    -999.000  -999.000
0575  143.50  1002.9     28.65     78.4      67   163     4.46     -1.29      4.26    10     0.1      67     0   0   0   0      15.846   -62.446
0576  143.75  -999.0   -999.00   -999.0    -999   162     4.44     -1.34      4.24    10  -999.0    -999     0   0   0   0    -999.000  -999.000
0577  144.00  1003.5     28.70     78.3      62   162     4.43     -1.39      4.21    10     0.0      62     0   0   0   0      15.846   -62.446
0578  144.25  -999.0   -999.00   -999.0    -999   161     4.42     -1.43      4.18     9  -999.0    -999     0   0   0   0    -999.000  -999.000
0579  144.50  1004.0     28.74     78.2      57   160     4.40     -1.48      4.15    10    -0.0      57     0   0   0   0      15.846   -62.446
0580  144.75  -999.0   -999.00   -999.0    -999   160     4.39     -1.53      4.11    10  -999.0    -999     0   0   0   0    -999.000  -999.000
0581  145.00  1004.6     28.79     78.2      52   159     4.37     -1.58      4.07    10    -0.1      52     0   0   0   0      15.846   -62.446
0582  145.25  -999.0   -999.00   -999.0    -999   158     4.35     -1.62      4.03    10  -999.0    -999     0   0   0   0    -999.000  -999.000
0583  145.50  1005.1     28.84     78.2      47   157     4.33     -1.67      3.99    10    -0.1      47     0   0   0   0      15.846   -62.446
0584  145.75  -999.0   -999.00   -999.0    -999   156     4.31     -1.72      3.95    10  -999.0    -999     0   0   0   0    -999.000  -999.000
0585  146.00  1005.7     28.89     78.2      42   156     4.29     -1.77      3.91    10    -0.1      42     0   0   0   0      15.846   -62.446
0586  146.25  -999.0   -999.00   -999.0    -999   155     4.26     -1.81      3.86    10  -999.0    -999     0   0   0   0    -999.000  -999.000
0587  146.50  1006.3     28.94     78.2      37   154     4.24     -1.86      3.81    10    -0.1      37     0   0   0   0      15.846   -62.446
0588  146.75  -999.0   -999.00   -999.0    -999   153     4.22     -1.91      3.76    10  -999.0    -999     0   0   0   0    -999.000  -999.000
0589  147.00  1006.8     28.99     78.1      32   152     4.21     -1.97      3.72    10    -0.1      32     0   0   0   0      15.846   -62.446
0590  147.25  -999.0   -999.00   -999.0    -999   151     4.22     -2.04      3.69    10  -999.0    -999     0   0   0   0    -999.000  -999.000
0591  147.50  1007.4     29.04     78.1      27   150     4.23     -2.11      3.67    10    -0.1      27     0   0   0   0      15.846   -62.446
0592  147.75  -999.0   -999.00   -999.0    -999   149     4.26     -2.19      3.65    10  -999.0    -999     0   0   0   0    -999.000  -999.000
0593  148.00  1008.0     29.08     77.9      22   148     4.28     -2.27      3.63     9    -0.1      22     0   0   0   0      15.846   -62.446
0594  148.25  -999.0   -999.00   -999.0    -999   147     4.29     -2.34      3.60     9  -999.0    -999     0   0   0   0    -999.000  -999.000
0595  148.50  1008.5     29.13     77.8      17   147     4.27     -2.35      3.56     8    -0.0      17     0   0   0   0      15.846   -62.446
0596  148.75  -999.0   -999.00   -999.0    -999   147     4.19     -2.29      3.51    10  -999.0    -999     0   0   0   0    -999.000  -999.000
0597  149.00  1009.1     29.18     77.6      12   148     4.07     -2.15      3.45     8    -0.0      12     0   0   0   0      15.846   -62.446
0598  149.25  -999.0   -999.00   -999.0    -999   151     3.90     -1.91      3.40     9  -999.0    -999     0   0   0   0    -999.000  -999.000
0599  149.50  1009.6     29.23     77.5       8   154     3.71     -1.61      3.35    11    -0.0       8     0   0   0   0      15.846   -62.446
0600  149.75  -999.0   -999.00   -999.0    -999   154     3.87     -1.70      3.48    10  -999.0    -999     0   0   0   0    -999.000  -999.000
0601  150.29  1010.5     29.25     77.4       0  -999  -999.00   -999.00   -999.00  -999  -999.0       0     0   0   0   0    -999.000  -999.000
