 ===========================================================================
 DROPWINDSONDE PROCESSING RECORD                            Sonde: 195030218
 FRD file written by Aspen V3.4.4, 21 Aug 2020 22:06 UTC
 Aircraft: WP-3D, N43RF                      Date: 200821   Time: 214831 UTC
 ---------------------------------------------------------------------------
 Bias corrections:  PR =   0.0 mb  TE =   0.0 C  RH =   0.0 %  PRB =  0.0 mb
 Filters (LPF):     PTH = 
 Dyn RH correction = 
 Estimated PR used = 
 Dyn T correction  = 
 ---------------------------------------------------------------------------
 COMMENT: Drop 2, Good Drop
 ===========================================================================

 ===========================================================================
 Date: 200821   Lat:  16.68 N   TA:   18.3 C   PS:  841.3 mb   WD:   190 deg
 Time: 214831   Lon:  61.93 W   TD:   16.7 C   GA:   1596 m    WS:   3.9 m/s
 SID:  195030218                RH:   90.1 %   Navaid:   GP
 ===========================================================================

IX      t (s)  P (mb)    T (C)    RH (%)  Z (m)   WD    WS (m/s)   U (m/s)   V (m/s)  NS  WZ (m/s)  ZW (m)   FP  FT  FH  FW    LAT (N)   LON (E)
0001    0.00  -999.0   -999.00   -999.0    -999  -999  -999.00   -999.00   -999.00     9  -999.0    -999     0   0   0   0      16.677   -61.932
0002    0.25  -999.0   -999.00   -999.0    -999  -999  -999.00   -999.00   -999.00     9  -999.0    -999     0   0   0   0    -999.000  -999.000
0003    0.50  -999.0   -999.00     86.9    -999  -999  -999.00   -999.00   -999.00     8  -999.0    -999     0   0   0   0      16.678   -61.931
0004    0.75  -999.0   -999.00   -999.0    -999  -999  -999.00   -999.00   -999.00     7  -999.0    -999     0   0   0   0    -999.000  -999.000
0005    1.00  -999.0   -999.00     86.9    -999  -999  -999.00   -999.00   -999.00     0  -999.0    -999     0   0   0   0      16.678   -61.931
0006    1.25  -999.0   -999.00   -999.0    -999  -999  -999.00   -999.00   -999.00     0  -999.0    -999     0   0   0   0    -999.000  -999.000
0007    1.50  -999.0   -999.00     86.9    -999  -999  -999.00   -999.00   -999.00     0  -999.0    -999     0   0   0   0      16.678   -61.931
0008    1.75  -999.0   -999.00   -999.0    -999  -999  -999.00   -999.00   -999.00     0  -999.0    -999     0   0   0   0    -999.000  -999.000
0009    2.00  -999.0   -999.00     87.1    -999  -999  -999.00   -999.00   -999.00     0  -999.0    -999     0   0   0   0      16.678   -61.931
0010    2.25  -999.0   -999.00   -999.0    -999  -999  -999.00   -999.00   -999.00     0  -999.0    -999     0   0   0   0    -999.000  -999.000
0011    2.50  -999.0   -999.00     87.4    -999  -999  -999.00   -999.00   -999.00     0  -999.0    -999     0   0   0   0      16.679   -61.931
0012    2.75  -999.0   -999.00   -999.0    -999  -999  -999.00   -999.00   -999.00     0  -999.0    -999     0   0   0   0    -999.000  -999.000
0013    3.00   846.2     18.62     87.8    1541  -999  -999.00   -999.00   -999.00     0    -1.6    1541     0   0   0   0      16.679   -61.931
0014    3.25  -999.0   -999.00   -999.0    -999  -999  -999.00   -999.00   -999.00     0  -999.0    -999     0   0   0   0    -999.000  -999.000
0015    3.50   846.8     18.64     88.2    1535  -999  -999.00   -999.00   -999.00     0    -1.6    1535     0   0   0   0      16.679   -61.931
0016    3.75  -999.0   -999.00   -999.0    -999  -999  -999.00   -999.00   -999.00     0  -999.0    -999     0   0   0   0    -999.000  -999.000
0017    4.00   847.4     18.65     88.7    1529  -999  -999.00   -999.00   -999.00     8    -1.5    1529     0   0   0   0      16.678   -61.931
0018    4.25  -999.0   -999.00   -999.0    -999  -999  -999.00   -999.00   -999.00     0  -999.0    -999     0   0   0   0    -999.000  -999.000
0019    4.50   848.0     18.66     89.2    1523  -999  -999.00   -999.00   -999.00     0    -1.5    1523     0   0   0   0      16.678   -61.931
0020    4.75  -999.0   -999.00   -999.0    -999  -999  -999.00   -999.00   -999.00     0  -999.0    -999     0   0   0   0    -999.000  -999.000
0021    5.00   848.6     18.67     89.7    1517  -999  -999.00   -999.00   -999.00     7    -1.5    1517     0   0   0   0      16.678   -61.932
0022    5.25  -999.0   -999.00   -999.0    -999  -999  -999.00   -999.00   -999.00     7  -999.0    -999     0   0   0   0    -999.000  -999.000
0023    5.50   849.1     18.68     90.2    1511  -999  -999.00   -999.00   -999.00     9    -1.4    1511     0   0   0   0      16.677   -61.932
0024    5.75  -999.0   -999.00   -999.0    -999  -999  -999.00   -999.00   -999.00     9  -999.0    -999     0   0   0   0    -999.000  -999.000
0025    6.00   849.7     18.68     90.7    1505  -999  -999.00   -999.00   -999.00     9    -1.4    1505     0   0   0   0      16.677   -61.932
0026    6.25  -999.0   -999.00   -999.0    -999  -999  -999.00   -999.00   -999.00     9  -999.0    -999     0   0   0   0    -999.000  -999.000
0027    6.50   850.3     18.68     91.2    1499  -999  -999.00   -999.00   -999.00    10    -1.4    1499     0   0   0   0      16.677   -61.932
0028    6.75  -999.0   -999.00   -999.0    -999  -999  -999.00   -999.00   -999.00    10  -999.0    -999     0   0   0   0    -999.000  -999.000
0029    7.00   850.9     18.69     91.5    1493  -999  -999.00   -999.00   -999.00    10    -1.5    1493     0   0   0   0      16.677   -61.932
0030    7.25  -999.0   -999.00   -999.0    -999  -999  -999.00   -999.00   -999.00    10  -999.0    -999     0   0   0   0    -999.000  -999.000
0031    7.50   851.5     18.70     91.8    1487  -999  -999.00   -999.00   -999.00    10    -1.5    1487     0   0   0   0      16.677   -61.932
0032    7.75  -999.0   -999.00   -999.0    -999  -999  -999.00   -999.00   -999.00     9  -999.0    -999     0   0   0   0    -999.000  -999.000
0033    8.00   852.1     18.72     92.0    1481  -999  -999.00   -999.00   -999.00    10    -1.6    1481     0   0   0   0      16.677   -61.932
0034    8.25  -999.0   -999.00   -999.0    -999  -999  -999.00   -999.00   -999.00    11  -999.0    -999     0   0   0   0    -999.000  -999.000
0035    8.50   852.7     18.74     92.1    1475  -999  -999.00   -999.00   -999.00    11    -1.6    1475     0   0   0   0      16.677   -61.932
0036    8.75  -999.0   -999.00   -999.0    -999  -999  -999.00   -999.00   -999.00    10  -999.0    -999     0   0   0   0    -999.000  -999.000
0037    9.00   853.3     18.76     92.2    1469  -999  -999.00   -999.00   -999.00    10    -1.7    1469     0   0   0   0      16.677   -61.932
0038    9.25  -999.0   -999.00   -999.0    -999  -999  -999.00   -999.00   -999.00    10  -999.0    -999     0   0   0   0    -999.000  -999.000
0039    9.50   853.9     18.79     92.3    1463  -999  -999.00   -999.00   -999.00    11    -1.7    1463     0   0   0   0      16.677   -61.932
0040    9.75  -999.0   -999.00   -999.0    -999  -999  -999.00   -999.00   -999.00    11  -999.0    -999     0   0   0   0    -999.000  -999.000
0041   10.00   854.5     18.82     92.5    1456   192     3.66      0.79      3.58    11    -1.8    1456     0   0   0   0      16.677   -61.932
0042   10.25  -999.0   -999.00   -999.0    -999   192     3.66      0.76      3.58    12  -999.0    -999     0   0   0   0    -999.000  -999.000
0043   10.50   855.2     18.85     92.6    1450   192     3.66      0.74      3.58    11    -1.8    1450     0   0   0   0      16.677   -61.932
0044   10.75  -999.0   -999.00   -999.0    -999   191     3.66      0.72      3.59    11  -999.0    -999     0   0   0   0    -999.000  -999.000
0045   11.00   855.8     18.89     92.7    1444  -999  -999.00   -999.00   -999.00    12    -1.8    1444     0   0   0   0      16.677   -61.932
0046   11.25  -999.0   -999.00   -999.0    -999  -999  -999.00   -999.00   -999.00    12  -999.0    -999     0   0   0   0    -999.000  -999.000
0047   11.50   856.4     18.92     92.7    1438  -999  -999.00   -999.00   -999.00    13    -1.9    1438     0   0   0   0      16.677   -61.932
0048   11.75  -999.0   -999.00   -999.0    -999  -999  -999.00   -999.00   -999.00    13  -999.0    -999     0   0   0   0    -999.000  -999.000
0049   12.00   857.0     18.96     92.7    1432  -999  -999.00   -999.00   -999.00    13    -1.9    1432     0   0   0   0      16.677   -61.932
0050   12.25  -999.0   -999.00   -999.0    -999  -999  -999.00   -999.00   -999.00    13  -999.0    -999     0   0   0   0    -999.000  -999.000
0051   12.50   857.6     19.01     92.6    1425  -999  -999.00   -999.00   -999.00    13    -1.9    1425     0   0   0   0      16.677   -61.932
0052   12.75  -999.0   -999.00   -999.0    -999  -999  -999.00   -999.00   -999.00    13  -999.0    -999     0   0   0   0    -999.000  -999.000
0053   13.00   858.2     19.06     92.4    1419  -999  -999.00   -999.00   -999.00    13    -1.8    1419     0   0   0   0      16.677   -61.932
0054   13.25  -999.0   -999.00   -999.0    -999  -999  -999.00   -999.00   -999.00    13  -999.0    -999     0   0   0   0    -999.000  -999.000
0055   13.50   858.9     19.11     92.2    1413  -999  -999.00   -999.00   -999.00    13    -1.8    1413     0   0   0   0      16.677   -61.932
0056   13.75  -999.0   -999.00   -999.0    -999  -999  -999.00   -999.00   -999.00    13  -999.0    -999     0   0   0   0    -999.000  -999.000
0057   14.00   859.5     19.16     92.0    1407  -999  -999.00   -999.00   -999.00    13    -1.8    1407     0   0   0   0      16.677   -61.932
0058   14.25  -999.0   -999.00   -999.0    -999  -999  -999.00   -999.00   -999.00    13  -999.0    -999     0   0   0   0    -999.000  -999.000
0059   14.50   860.1     19.22     91.8    1401  -999  -999.00   -999.00   -999.00    13    -1.7    1401     0   0   0   0      16.677   -61.932
0060   14.75  -999.0   -999.00   -999.0    -999  -999  -999.00   -999.00   -999.00    13  -999.0    -999     0   0   0   0    -999.000  -999.000
0061   15.00   860.7     19.28     91.6    1394   193     3.85      0.88      3.75    13    -1.6    1394     0   0   0   0      16.677   -61.932
0062   15.25  -999.0   -999.00   -999.0    -999   194     3.88      0.94      3.77    13  -999.0    -999     0   0   0   0    -999.000  -999.000
0063   15.50   861.3     19.33     91.4    1388   195     3.92      1.01      3.79    13    -1.6    1388     0   0   0   0      16.677   -61.932
0064   15.75  -999.0   -999.00   -999.0    -999   196     3.96      1.08      3.81    13  -999.0    -999     0   0   0   0    -999.000  -999.000
0065   16.00   861.9     19.39     91.3    1382   197     4.01      1.16      3.84    13    -1.5    1382     0   0   0   0      16.677   -61.932
0066   16.25  -999.0   -999.00   -999.0    -999   198     4.06      1.24      3.86    13  -999.0    -999     0   0   0   0    -999.000  -999.000
0067   16.50   862.5     19.44     91.1    1376   199     4.11      1.33      3.89    13    -1.4    1376     0   0   0   0      16.677   -61.932
0068   16.75  -999.0   -999.00   -999.0    -999   200     4.17      1.42      3.93    13  -999.0    -999     0   0   0   0    -999.000  -999.000
0069   17.00   863.1     19.48     91.0    1370   201     4.24      1.51      3.96    13    -1.4    1370     0   0   0   0      16.677   -61.932
0070   17.25  -999.0   -999.00   -999.0    -999   202     4.31      1.60      4.00    13  -999.0    -999     0   0   0   0    -999.000  -999.000
0071   17.50   863.7     19.53     90.9    1364   203     4.38      1.70      4.04    13    -1.3    1364     0   0   0   0      16.677   -61.932
0072   17.75  -999.0   -999.00   -999.0    -999   204     4.46      1.79      4.08    13  -999.0    -999     0   0   0   0    -999.000  -999.000
0073   18.00   864.3     19.57     90.9    1359   205     4.54      1.88      4.13    13    -1.3    1359     0   0   0   0      16.677   -61.932
0074   18.25  -999.0   -999.00   -999.0    -999   205     4.62      1.97      4.18    13  -999.0    -999     0   0   0   0    -999.000  -999.000
0075   18.50   864.9     19.60     90.8    1353   206     4.70      2.06      4.23    13    -1.2    1353     0   0   0   0      16.677   -61.932
0076   18.75  -999.0   -999.00   -999.0    -999   206     4.79      2.13      4.29    13  -999.0    -999     0   0   0   0    -999.000  -999.000
0077   19.00   865.5     19.63     90.8    1347   207     4.88      2.21      4.35    13    -1.2    1347     0   0   0   0      16.677   -61.932
0078   19.25  -999.0   -999.00   -999.0    -999  -999  -999.00   -999.00   -999.00    12  -999.0    -999     0   0   0   0    -999.000  -999.000
0079   19.50   866.0     19.65     90.8    1341  -999  -999.00   -999.00   -999.00    12    -1.2    1341     0   0   0   0      16.677   -61.932
0080   19.75  -999.0   -999.00   -999.0    -999   208     5.16      2.39      4.57    12  -999.0    -999     0   0   0   0    -999.000  -999.000
0081   20.00   866.6     19.67     90.8    1335   208     5.25      2.44      4.64    12    -1.1    1335     0   0   0   0      16.677   -61.932
0082   20.25  -999.0   -999.00   -999.0    -999  -999  -999.00   -999.00   -999.00    12  -999.0    -999     0   0   0   0    -999.000  -999.000
0083   20.50   867.2     19.68     90.8    1329  -999  -999.00   -999.00   -999.00    11    -1.1    1329     0   0   0   0      16.677   -61.932
0084   20.75  -999.0   -999.00   -999.0    -999  -999  -999.00   -999.00   -999.00    11  -999.0    -999     0   0   0   0    -999.000  -999.000
0085   21.00   867.8     19.70     90.8    1323  -999  -999.00   -999.00   -999.00    12    -1.1    1323     0   0   0   0      16.677   -61.932
0086   21.25  -999.0   -999.00   -999.0    -999  -999  -999.00   -999.00   -999.00    12  -999.0    -999     0   0   0   0    -999.000  -999.000
0087   21.50   868.4     19.72     90.7    1318  -999  -999.00   -999.00   -999.00    12    -1.1    1318     0   0   0   0      16.678   -61.932
0088   21.75  -999.0   -999.00   -999.0    -999  -999  -999.00   -999.00   -999.00    12  -999.0    -999     0   0   0   0    -999.000  -999.000
0089   22.00   869.0     19.74     90.6    1312  -999  -999.00   -999.00   -999.00    12    -1.0    1312     0   0   0   0      16.678   -61.932
0090   22.25  -999.0   -999.00   -999.0    -999  -999  -999.00   -999.00   -999.00    12  -999.0    -999     0   0   0   0    -999.000  -999.000
0091   22.50   869.5     19.76     90.6    1306  -999  -999.00   -999.00   -999.00    12    -1.0    1306     0   0   0   0      16.678   -61.932
0092   22.75  -999.0   -999.00   -999.0    -999   207     6.04      2.72      5.39    12  -999.0    -999     0   0   0   0    -999.000  -999.000
0093   23.00   870.1     19.79     90.5    1300  -999  -999.00   -999.00   -999.00    13    -1.0    1300     0   0   0   0      16.678   -61.932
0094   23.25  -999.0   -999.00   -999.0    -999   206     6.09      2.71      5.45    13  -999.0    -999     0   0   0   0    -999.000  -999.000
0095   23.50   870.7     19.81     90.5    1295   206     6.10      2.70      5.46    13    -1.0    1295     0   0   0   0      16.678   -61.932
0096   23.75  -999.0   -999.00   -999.0    -999  -999  -999.00   -999.00   -999.00    13  -999.0    -999     0   0   0   0    -999.000  -999.000
0097   24.00   871.3     19.84     90.4    1289  -999  -999.00   -999.00   -999.00    13    -1.0    1289     0   0   0   0      16.678   -61.932
0098   24.25  -999.0   -999.00   -999.0    -999  -999  -999.00   -999.00   -999.00    13  -999.0    -999     0   0   0   0    -999.000  -999.000
0099   24.50   871.8     19.87     90.5    1283  -999  -999.00   -999.00   -999.00    13    -1.0    1283     0   0   0   0      16.678   -61.932
0100   24.75  -999.0   -999.00   -999.0    -999  -999  -999.00   -999.00   -999.00    13  -999.0    -999     0   0   0   0    -999.000  -999.000
0101   25.00   872.4     19.89     90.6    1277   206     5.97      2.63      5.36    13    -0.9    1277     0   0   0   0      16.678   -61.932
0102   25.25  -999.0   -999.00   -999.0    -999   206     5.92      2.62      5.31    13  -999.0    -999     0   0   0   0    -999.000  -999.000
0103   25.50   873.0     19.91     90.7    1272   206     5.87      2.60      5.26    13    -0.9    1272     0   0   0   0      16.678   -61.932
0104   25.75  -999.0   -999.00   -999.0    -999   206     5.81      2.59      5.20    13  -999.0    -999     0   0   0   0    -999.000  -999.000
0105   26.00   873.6     19.92     90.9    1266   207     5.75      2.57      5.14    13    -0.9    1266     0   0   0   0      16.678   -61.932
0106   26.25  -999.0   -999.00   -999.0    -999   207     5.68      2.55      5.07    13  -999.0    -999     0   0   0   0    -999.000  -999.000
0107   26.50   874.2     19.93     91.1    1260   207     5.61      2.53      5.01    13    -0.9    1260     0   0   0   0      16.678   -61.932
0108   26.75  -999.0   -999.00   -999.0    -999   207     5.55      2.51      4.95    13  -999.0    -999     0   0   0   0    -999.000  -999.000
0109   27.00   874.7     19.93     91.5    1254   207     5.48      2.48      4.88    13    -0.9    1254     0   0   0   0      16.678   -61.932
0110   27.25  -999.0   -999.00   -999.0    -999   207     5.41      2.45      4.82    12  -999.0    -999     0   0   0   0    -999.000  -999.000
0111   27.50   875.3     19.93     91.9    1249   207     5.34      2.41      4.76    13    -0.9    1249     0   0   0   0      16.678   -61.932
0112   27.75  -999.0   -999.00   -999.0    -999   207     5.27      2.37      4.71    13  -999.0    -999     0   0   0   0    -999.000  -999.000
0113   28.00   875.9     19.92     92.4    1243   207     5.20      2.33      4.65    13    -0.9    1243     0   0   0   0      16.678   -61.932
0114   28.25  -999.0   -999.00   -999.0    -999   206     5.14      2.28      4.60    13  -999.0    -999     0   0   0   0    -999.000  -999.000
0115   28.50   876.5     19.90     93.0    1237   206     5.07      2.23      4.56    13    -1.0    1237     0   0   0   0      16.678   -61.932
0116   28.75  -999.0   -999.00   -999.0    -999   206     5.01      2.17      4.51    12  -999.0    -999     0   0   0   0    -999.000  -999.000
0117   29.00   877.0     19.88     93.6    1232   205     4.95      2.11      4.47    12    -1.0    1232     0   0   0   0      16.678   -61.932
0118   29.25  -999.0   -999.00   -999.0    -999   205     4.89      2.04      4.44    12  -999.0    -999     0   0   0   0    -999.000  -999.000
0119   29.50   877.6     19.86     94.1    1226   204     4.83      1.97      4.41    12    -1.0    1226     0   0   0   0      16.678   -61.932
0120   29.75  -999.0   -999.00   -999.0    -999   203     4.78      1.90      4.38    12  -999.0    -999     0   0   0   0    -999.000  -999.000
0121   30.00   878.2     19.84     94.7    1220   203     4.73      1.83      4.36    13    -1.1    1220     0   0   0   0      16.678   -61.932
0122   30.25  -999.0   -999.00   -999.0    -999   202     4.69      1.76      4.34    13  -999.0    -999     0   0   0   0    -999.000  -999.000
0123   30.50   878.8     19.82     95.2    1215   201     4.65      1.68      4.33    13    -1.1    1215     0   0   0   0      16.678   -61.932
0124   30.75  -999.0   -999.00   -999.0    -999   200     4.61      1.61      4.33    13  -999.0    -999     0   0   0   0    -999.000  -999.000
0125   31.00   879.4     19.81     95.6    1209   200     4.59      1.53      4.32    13    -1.1    1209     0   0   0   0      16.678   -61.932
0126   31.25  -999.0   -999.00   -999.0    -999   199     4.56      1.46      4.33    13  -999.0    -999     0   0   0   0    -999.000  -999.000
0127   31.50   880.0     19.81     95.8    1203   198     4.55      1.39      4.33    13    -1.1    1203     0   0   0   0      16.678   -61.932
0128   31.75  -999.0   -999.00   -999.0    -999   197     4.54      1.32      4.34    13  -999.0    -999     0   0   0   0    -999.000  -999.000
0129   32.00   880.5     19.82     96.0    1197   196     4.53      1.26      4.35    13    -1.1    1197     0   0   0   0      16.678   -61.932
0130   32.25  -999.0   -999.00   -999.0    -999   195     4.53      1.19      4.37    13  -999.0    -999     0   0   0   0    -999.000  -999.000
0131   32.50   881.1     19.84     96.1    1191   195     4.53      1.14      4.38    12    -1.1    1191     0   0   0   0      16.678   -61.932
0132   32.75  -999.0   -999.00   -999.0    -999   194     4.53      1.09      4.40    12  -999.0    -999     0   0   0   0    -999.000  -999.000
0133   33.00   881.7     19.87     96.1    1185   193     4.54      1.04      4.42    13    -1.0    1185     0   0   0   0      16.678   -61.932
0134   33.25  -999.0   -999.00   -999.0    -999   193     4.54      1.00      4.43    13  -999.0    -999     0   0   0   0    -999.000  -999.000
0135   33.50   882.3     19.91     95.9    1180   192     4.55      0.96      4.45    13    -1.0    1180     0   0   0   0      16.678   -61.931
0136   33.75  -999.0   -999.00   -999.0    -999   192     4.56      0.93      4.46    13  -999.0    -999     0   0   0   0    -999.000  -999.000
0137   34.00   882.9     19.95     95.8    1174   191     4.57      0.91      4.48    13    -0.9    1174     0   0   0   0      16.678   -61.931
0138   34.25  -999.0   -999.00   -999.0    -999   191     4.58      0.89      4.49    13  -999.0    -999     0   0   0   0    -999.000  -999.000
0139   34.50   883.5     20.00     95.6    1168   191     4.58      0.87      4.50    13    -0.8    1168     0   0   0   0      16.678   -61.931
0140   34.75  -999.0   -999.00   -999.0    -999   191     4.59      0.86      4.51    13  -999.0    -999     0   0   0   0    -999.000  -999.000
0141   35.00   884.0     20.05     95.4    1163   191     4.60      0.84      4.52    13    -0.8    1163     0   0   0   0      16.678   -61.931
0142   35.25  -999.0   -999.00   -999.0    -999   190     4.61      0.83      4.53    13  -999.0    -999     0   0   0   0    -999.000  -999.000
0143   35.50   884.6     20.10     95.2    1157   190     4.61      0.82      4.54    13    -0.7    1157     0   0   0   0      16.678   -61.931
0144   35.75  -999.0   -999.00   -999.0    -999   190     4.62      0.81      4.55    13  -999.0    -999     0   0   0   0    -999.000  -999.000
0145   36.00   885.2     20.15     95.0    1152   190     4.62      0.80      4.56    13    -0.7    1152     0   0   0   0      16.678   -61.931
0146   36.25  -999.0   -999.00   -999.0    -999   190     4.63      0.78      4.56    13  -999.0    -999     0   0   0   0    -999.000  -999.000
0147   36.50   885.7     20.20     94.9    1146   190     4.63      0.77      4.57    12    -0.7    1146     0   0   0   0      16.678   -61.931
0148   36.75  -999.0   -999.00   -999.0    -999   189     4.64      0.76      4.57    11  -999.0    -999     0   0   0   0    -999.000  -999.000
0149   37.00   886.3     20.25     94.7    1141   189     4.64      0.74      4.58    11    -0.7    1141     0   0   0   0      16.678   -61.931
0150   37.25  -999.0   -999.00   -999.0    -999   189     4.64      0.73      4.59    12  -999.0    -999     0   0   0   0    -999.000  -999.000
0151   37.50   886.9     20.29     94.6    1135   189     4.65      0.72      4.59    13    -0.7    1135     0   0   0   0      16.678   -61.931
0152   37.75  -999.0   -999.00   -999.0    -999   189     4.66      0.70      4.60    13  -999.0    -999     0   0   0   0    -999.000  -999.000
0153   38.00   887.4     20.33     94.5    1130   189     4.67      0.69      4.61    13    -0.7    1130     0   0   0   0      16.678   -61.931
0154   38.25  -999.0   -999.00   -999.0    -999   188     4.68      0.68      4.63    13  -999.0    -999     0   0   0   0    -999.000  -999.000
0155   38.50   888.0     20.37     94.4    1124   188     4.69      0.68      4.64    13    -0.8    1124     0   0   0   0      16.678   -61.931
0156   38.75  -999.0   -999.00   -999.0    -999   188     4.70      0.67      4.65    13  -999.0    -999     0   0   0   0    -999.000  -999.000
0157   39.00   888.6     20.41     94.3    1119   188     4.71      0.66      4.67    13    -0.8    1119     0   0   0   0      16.678   -61.931
0158   39.25  -999.0   -999.00   -999.0    -999   188     4.73      0.66      4.68    13  -999.0    -999     0   0   0   0    -999.000  -999.000
0159   39.50   889.1     20.45     94.2    1113   188     4.74      0.65      4.70    12    -0.9    1113     0   0   0   0      16.678   -61.931
0160   39.75  -999.0   -999.00   -999.0    -999   188     4.76      0.65      4.71    13  -999.0    -999     0   0   0   0    -999.000  -999.000
0161   40.00   889.7     20.49     94.1    1107   188     4.77      0.64      4.73    13    -0.9    1107     0   0   0   0      16.678   -61.931
0162   40.25  -999.0   -999.00   -999.0    -999   188     4.78      0.63      4.74    13  -999.0    -999     0   0   0   0    -999.000  -999.000
0163   40.50   890.3     20.53     94.0    1101   187     4.79      0.62      4.75    13    -0.9    1101     0   0   0   0      16.678   -61.931
0164   40.75  -999.0   -999.00   -999.0    -999   187     4.80      0.61      4.76    13  -999.0    -999     0   0   0   0    -999.000  -999.000
0165   41.00   890.9     20.57     93.9    1096   187     4.80      0.60      4.77    13    -0.9    1096     0   0   0   0      16.678   -61.931
0166   41.25  -999.0   -999.00   -999.0    -999   187     4.81      0.58      4.77    13  -999.0    -999     0   0   0   0    -999.000  -999.000
0167   41.50   891.5     20.62     93.7    1090   187     4.81      0.56      4.78    13    -0.9    1090     0   0   0   0      16.678   -61.931
0168   41.75  -999.0   -999.00   -999.0    -999   186     4.81      0.54      4.78    13  -999.0    -999     0   0   0   0    -999.000  -999.000
0169   42.00   892.1     20.66     93.6    1084   186     4.81      0.51      4.78    13    -0.9    1084     0   0   0   0      16.678   -61.931
0170   42.25  -999.0   -999.00   -999.0    -999   186     4.81      0.48      4.79    13  -999.0    -999     0   0   0   0    -999.000  -999.000
0171   42.50   892.7     20.71     93.4    1079   185     4.81      0.45      4.79    12    -0.8    1079     0   0   0   0      16.678   -61.931
0172   42.75  -999.0   -999.00   -999.0    -999   185     4.81      0.42      4.79    12  -999.0    -999     0   0   0   0    -999.000  -999.000
0173   43.00   893.2     20.75     93.2    1073   185     4.82      0.39      4.80    12    -0.8    1073     0   0   0   0      16.678   -61.931
0174   43.25  -999.0   -999.00   -999.0    -999   184     4.82      0.36      4.80    12  -999.0    -999     0   0   0   0    -999.000  -999.000
0175   43.50   893.8     20.80     93.0    1068   184     4.82      0.32      4.81    12    -0.7    1068     0   0   0   0    -999.000  -999.000
0176   43.75  -999.0   -999.00   -999.0    -999   183     4.82      0.29      4.82    12  -999.0    -999     0   0   0   0    -999.000  -999.000
0177   44.00   894.4     20.85     92.9    1062   183     4.83      0.26      4.82    12    -0.6    1062     0   0   0   0      16.678   -61.931
0178   44.25  -999.0   -999.00   -999.0    -999   183     4.83      0.22      4.83    13  -999.0    -999     0   0   0   0    -999.000  -999.000
0179   44.50   894.9     20.90     92.7    1057   182     4.83      0.19      4.83    13    -0.6    1057     0   0   0   0      16.679   -61.931
0180   44.75  -999.0   -999.00   -999.0    -999   182     4.84      0.15      4.84    13  -999.0    -999     0   0   0   0    -999.000  -999.000
0181   45.00   895.5     20.94     92.6    1051   181     4.84      0.12      4.84    13    -0.5    1051     0   0   0   0      16.679   -61.931
0182   45.25  -999.0   -999.00   -999.0    -999   181     4.85      0.09      4.85    13  -999.0    -999     0   0   0   0    -999.000  -999.000
0183   45.50   896.0     20.98     92.5    1046   181     4.85      0.06      4.85    12    -0.5    1046     0   0   0   0      16.679   -61.931
0184   45.75  -999.0   -999.00   -999.0    -999   180     4.86      0.04      4.86    13  -999.0    -999     0   0   0   0    -999.000  -999.000
0185   46.00   896.6     21.03     92.3    1040   180     4.87      0.02      4.87    13    -0.4    1040     0   0   0   0      16.679   -61.931
0186   46.25  -999.0   -999.00   -999.0    -999   180     4.88     -0.00      4.88    13  -999.0    -999     0   0   0   0    -999.000  -999.000
0187   46.50   897.2     21.07     92.2    1035   180     4.89     -0.01      4.89    13    -0.4    1035     0   0   0   0      16.679   -61.931
0188   46.75  -999.0   -999.00   -999.0    -999   180     4.90     -0.03      4.90    13  -999.0    -999     0   0   0   0    -999.000  -999.000
0189   47.00   897.7     21.11     92.1    1030   180     4.92     -0.03      4.92    13    -0.4    1030     0   0   0   0      16.679   -61.931
0190   47.25  -999.0   -999.00   -999.0    -999   180     4.93     -0.03      4.93    13  -999.0    -999     0   0   0   0    -999.000  -999.000
0191   47.50   898.3     21.15     91.9    1024   180     4.95     -0.03      4.95    13    -0.4    1024     0   0   0   0      16.679   -61.931
0192   47.75  -999.0   -999.00   -999.0    -999   180     4.96     -0.02      4.96    13  -999.0    -999     0   0   0   0    -999.000  -999.000
0193   48.00   898.8     21.19     91.8    1019   180     4.98     -0.02      4.98    13    -0.4    1019     0   0   0   0      16.679   -61.931
0194   48.25  -999.0   -999.00   -999.0    -999   180     4.99     -0.00      4.99    13  -999.0    -999     0   0   0   0    -999.000  -999.000
0195   48.50   899.4     21.23     91.6    1014   180     5.01      0.01      5.01    13    -0.5    1014     0   0   0   0      16.679   -61.931
0196   48.75  -999.0   -999.00   -999.0    -999   180     5.02      0.03      5.02    13  -999.0    -999     0   0   0   0    -999.000  -999.000
0197   49.00   899.9     21.27     91.5    1008   181     5.03      0.05      5.03    13    -0.5    1008     0   0   0   0      16.679   -61.931
0198   49.25  -999.0   -999.00   -999.0    -999   181     5.04      0.07      5.04    13  -999.0    -999     0   0   0   0    -999.000  -999.000
0199   49.50   900.5     21.31     91.3    1003   181     5.05      0.09      5.05    12    -0.5    1003     0   0   0   0      16.679   -61.931
0200   49.75  -999.0   -999.00   -999.0    -999   181     5.06      0.11      5.06    12  -999.0    -999     0   0   0   0    -999.000  -999.000
0201   50.00   901.1     21.35     91.2     997   181     5.07      0.13      5.06    12    -0.6     997     0   0   0   0      16.679   -61.931
0202   50.25  -999.0   -999.00   -999.0    -999   182     5.07      0.14      5.07    12  -999.0    -999     0   0   0   0    -999.000  -999.000
0203   50.50   901.6     21.39     91.0     992   182     5.08      0.16      5.07    12    -0.6     992     0   0   0   0      16.679   -61.931
0204   50.75  -999.0   -999.00   -999.0    -999   182     5.08      0.17      5.08    12  -999.0    -999     0   0   0   0    -999.000  -999.000
0205   51.00   902.2     21.43     90.9     986   182     5.08      0.17      5.08    12    -0.7     986     0   0   0   0      16.679   -61.931
0206   51.25  -999.0   -999.00   -999.0    -999   182     5.09      0.18      5.09    13  -999.0    -999     0   0   0   0    -999.000  -999.000
0207   51.50   902.8     21.47     90.7     981   182     5.10      0.18      5.09    13    -0.7     981     0   0   0   0      16.679   -61.931
0208   51.75  -999.0   -999.00   -999.0    -999   182     5.10      0.18      5.10    13  -999.0    -999     0   0   0   0    -999.000  -999.000
0209   52.00   903.3     21.51     90.6     975   182     5.11      0.17      5.11    13    -0.8     975     0   0   0   0      16.679   -61.931
0210   52.25  -999.0   -999.00   -999.0    -999   182     5.12      0.16      5.12    13  -999.0    -999     0   0   0   0    -999.000  -999.000
0211   52.50   903.9     21.54     90.5     970   182     5.13      0.15      5.13    13    -0.8     970     0   0   0   0      16.679   -61.931
0212   52.75  -999.0   -999.00   -999.0    -999   182     5.15      0.14      5.14    13  -999.0    -999     0   0   0   0    -999.000  -999.000
0213   53.00   904.5     21.57     90.4     964   181     5.16      0.13      5.16    13    -0.9     964     0   0   0   0      16.679   -61.931
0214   53.25  -999.0   -999.00   -999.0    -999   181     5.17      0.12      5.17    13  -999.0    -999     0   0   0   0    -999.000  -999.000
0215   53.50   905.1     21.60     90.3     958   181     5.18      0.11      5.18    13    -0.9     958     0   0   0   0      16.679   -61.931
0216   53.75  -999.0   -999.00   -999.0    -999   181     5.19      0.10      5.19    13  -999.0    -999     0   0   0   0    -999.000  -999.000
0217   54.00   905.7     21.63     90.3     953   181     5.20      0.09      5.19    13    -0.9     953     0   0   0   0      16.679   -61.931
0218   54.25  -999.0   -999.00   -999.0    -999   181     5.19      0.09      5.19    13  -999.0    -999     0   0   0   0    -999.000  -999.000
0219   54.50   906.3     21.65     90.3     947   181     5.19      0.09      5.19    13    -0.9     947     0   0   0   0      16.679   -61.931
0220   54.75  -999.0   -999.00   -999.0    -999   181     5.17      0.09      5.17    13  -999.0    -999     0   0   0   0    -999.000  -999.000
0221   55.00   906.8     21.67     90.4     941   181     5.15      0.09      5.15    13    -0.9     941     0   0   0   0      16.679   -61.931
0222   55.25  -999.0   -999.00   -999.0    -999   181     5.13      0.10      5.13    13  -999.0    -999     0   0   0   0    -999.000  -999.000
0223   55.50   907.4     21.68     90.5     936   181     5.09      0.11      5.09    13    -0.9     936     0   0   0   0      16.679   -61.931
0224   55.75  -999.0   -999.00   -999.0    -999   181     5.05      0.12      5.05    13  -999.0    -999     0   0   0   0    -999.000  -999.000
0225   56.00   908.0     21.69     90.6     930   182     5.01      0.14      5.01    13    -0.9     930     0   0   0   0      16.679   -61.931
0226   56.25  -999.0   -999.00   -999.0    -999   182     4.96      0.16      4.95    12  -999.0    -999     0   0   0   0    -999.000  -999.000
0227   56.50   908.6     21.69     90.7     925   182     4.90      0.18      4.90    11    -0.9     925     0   0   0   0      16.679   -61.931
0228   56.75  -999.0   -999.00   -999.0    -999   182     4.84      0.21      4.84    11  -999.0    -999     0   0   0   0    -999.000  -999.000
0229   57.00   909.2     21.69     90.9     919   183     4.78      0.24      4.77    11    -0.8     919     0   0   0   0      16.679   -61.931
0230   57.25  -999.0   -999.00   -999.0    -999   183     4.71      0.27      4.70    11  -999.0    -999     0   0   0   0    -999.000  -999.000
0231   57.50   909.8     21.69     91.1     913   184     4.64      0.30      4.63    11    -0.8     913     0   0   0   0      16.679   -61.931
0232   57.75  -999.0   -999.00   -999.0    -999   184     4.58      0.34      4.56    12  -999.0    -999     0   0   0   0    -999.000  -999.000
0233   58.00   910.3     21.69     91.4     908   185     4.51      0.37      4.49    12    -0.8     908     0   0   0   0      16.679   -61.931
0234   58.25  -999.0   -999.00   -999.0    -999   185     4.45      0.40      4.43    12  -999.0    -999     0   0   0   0    -999.000  -999.000
0235   58.50   910.9     21.69     91.7     902   186     4.38      0.44      4.36    12    -0.8     902     0   0   0   0      16.679   -61.931
0236   58.75  -999.0   -999.00   -999.0    -999   186     4.33      0.46      4.30    12  -999.0    -999     0   0   0   0    -999.000  -999.000
0237   59.00   911.5     21.70     92.0     897   187     4.28      0.49      4.25    12    -0.8     897     0   0   0   0      16.679   -61.931
0238   59.25  -999.0   -999.00   -999.0    -999   187     4.23      0.51      4.20    12  -999.0    -999     0   0   0   0    -999.000  -999.000
0239   59.50   912.1     21.71     92.3     891   187     4.19      0.53      4.16    12    -0.8     891     0   0   0   0      16.679   -61.931
0240   59.75  -999.0   -999.00   -999.0    -999   188     4.16      0.55      4.12    12  -999.0    -999     0   0   0   0    -999.000  -999.000
0241   60.00   912.7     21.72     92.6     886   188     4.13      0.56      4.09    12    -0.8     886     0   0   0   0      16.679   -61.931
0242   60.25  -999.0   -999.00   -999.0    -999   188     4.11      0.57      4.07    12  -999.0    -999     0   0   0   0    -999.000  -999.000
0243   60.50   913.2     21.74     92.8     880   188     4.10      0.57      4.06    13    -0.9     880     0   0   0   0      16.679   -61.931
0244   60.75  -999.0   -999.00   -999.0    -999   188     4.09      0.57      4.05    13  -999.0    -999     0   0   0   0    -999.000  -999.000
0245   61.00   913.8     21.76     92.9     875   188     4.08      0.57      4.04    13    -0.9     875     0   0   0   0      16.679   -61.931
0246   61.25  -999.0   -999.00   -999.0    -999   188     4.09      0.56      4.05    13  -999.0    -999     0   0   0   0    -999.000  -999.000
0247   61.50   914.4     21.79     93.0     869   188     4.09      0.55      4.05    13    -0.9     869     0   0   0   0      16.679   -61.931
0248   61.75  -999.0   -999.00   -999.0    -999   188     4.10      0.54      4.06    13  -999.0    -999     0   0   0   0    -999.000  -999.000
0249   62.00   915.0     21.82     93.0     863   187     4.11      0.52      4.08    13    -1.0     863     0   0   0   0      16.679   -61.931
0250   62.25  -999.0   -999.00   -999.0    -999   187     4.12      0.51      4.09    13  -999.0    -999     0   0   0   0    -999.000  -999.000
0251   62.50   915.6     21.86     93.0     858   187     4.13      0.49      4.10    13    -1.0     858     0   0   0   0      16.679   -61.931
0252   62.75  -999.0   -999.00   -999.0    -999   187     4.14      0.48      4.11    13  -999.0    -999     0   0   0   0    -999.000  -999.000
0253   63.00   916.2     21.90     92.9     852   186     4.15      0.46      4.13    13    -1.0     852     0   0   0   0      16.679   -61.931
0254   63.25  -999.0   -999.00   -999.0    -999   186     4.16      0.45      4.14    13  -999.0    -999     0   0   0   0    -999.000  -999.000
0255   63.50   916.8     21.95     92.8     846   186     4.17      0.44      4.15    13    -1.0     846     0   0   0   0    -999.000  -999.000
0256   63.75  -999.0   -999.00   -999.0    -999   186     4.18      0.43      4.15    13  -999.0    -999     0   0   0   0    -999.000  -999.000
0257   64.00   917.4     21.99     92.7     841   186     4.18      0.41      4.16    13    -1.0     841     0   0   0   0      16.679   -61.931
0258   64.25  -999.0   -999.00   -999.0    -999   186     4.18      0.40      4.16    13  -999.0    -999     0   0   0   0    -999.000  -999.000
0259   64.50   918.0     22.04     92.6     835   185     4.18      0.40      4.16    13    -1.0     835     0   0   0   0      16.679   -61.931
0260   64.75  -999.0   -999.00   -999.0    -999   185     4.18      0.39      4.16    13  -999.0    -999     0   0   0   0    -999.000  -999.000
0261   65.00   918.6     22.09     92.4     829   185     4.18      0.38      4.16    13    -1.0     829     0   0   0   0      16.679   -61.931
0262   65.25  -999.0   -999.00   -999.0    -999   185     4.17      0.38      4.15    13  -999.0    -999     0   0   0   0    -999.000  -999.000
0263   65.50   919.1     22.14     92.3     824   185     4.16      0.38      4.15    13    -0.9     824     0   0   0   0      16.679   -61.931
0264   65.75  -999.0   -999.00   -999.0    -999   185     4.16      0.39      4.14    13  -999.0    -999     0   0   0   0    -999.000  -999.000
0265   66.00   919.7     22.18     92.2     818   185     4.15      0.39      4.13    13    -0.9     818     0   0   0   0      16.679   -61.931
0266   66.25  -999.0   -999.00   -999.0    -999   186     4.14      0.40      4.12    13  -999.0    -999     0   0   0   0    -999.000  -999.000
0267   66.50   920.3     22.23     92.0     813   186     4.13      0.41      4.11    13    -0.9     813     0   0   0   0      16.679   -61.931
0268   66.75  -999.0   -999.00   -999.0    -999   186     4.12      0.41      4.10    13  -999.0    -999     0   0   0   0    -999.000  -999.000
0269   67.00   920.9     22.27     91.9     807   186     4.11      0.42      4.09    12    -0.9     807     0   0   0   0      16.679   -61.931
0270   67.25  -999.0   -999.00   -999.0    -999   186     4.10      0.42      4.08    12  -999.0    -999     0   0   0   0    -999.000  -999.000
0271   67.50   921.5     22.31     91.7     802   186     4.09      0.43      4.07    12    -0.9     802     0   0   0   0      16.679   -61.931
0272   67.75  -999.0   -999.00   -999.0    -999   186     4.08      0.43      4.06    12  -999.0    -999     0   0   0   0    -999.000  -999.000
0273   68.00   922.1     22.36     91.5     796   186     4.07      0.43      4.05    13    -0.9     796     0   0   0   0      16.679   -61.931
0274   68.25  -999.0   -999.00   -999.0    -999   186     4.06      0.43      4.04    13  -999.0    -999     0   0   0   0    -999.000  -999.000
0275   68.50   922.7     22.40     91.3     790   186     4.05      0.42      4.03    13    -0.8     790     0   0   0   0      16.680   -61.931
0276   68.75  -999.0   -999.00   -999.0    -999   186     4.04      0.41      4.02    13  -999.0    -999     0   0   0   0    -999.000  -999.000
0277   69.00   923.3     22.44     91.0     785   186     4.03      0.40      4.01    13    -0.8     785     0   0   0   0      16.680   -61.931
0278   69.25  -999.0   -999.00   -999.0    -999   186     4.01      0.39      4.00    12  -999.0    -999     0   0   0   0    -999.000  -999.000
0279   69.50   923.8     22.47     90.8     779   185     4.00      0.37      3.98    12    -0.8     779     0   0   0   0      16.680   -61.931
0280   69.75  -999.0   -999.00   -999.0    -999   185     3.98      0.36      3.96    12  -999.0    -999     0   0   0   0    -999.000  -999.000
0281   70.00   924.4     22.51     90.4     774   185     3.96      0.34      3.94    12    -0.8     774     0   0   0   0      16.680   -61.931
0282   70.25  -999.0   -999.00   -999.0    -999   185     3.93      0.33      3.92    12  -999.0    -999     0   0   0   0    -999.000  -999.000
0283   70.50   925.0     22.55     90.1     768   185     3.91      0.31      3.89    12    -0.8     768     0   0   0   0      16.680   -61.931
0284   70.75  -999.0   -999.00   -999.0    -999   184     3.87      0.30      3.86    12  -999.0    -999     0   0   0   0    -999.000  -999.000
0285   71.00   925.6     22.59     89.8     763   184     3.84      0.28      3.83    13    -0.8     763     0   0   0   0      16.680   -61.931
0286   71.25  -999.0   -999.00   -999.0    -999   184     3.80      0.27      3.79    13  -999.0    -999     0   0   0   0    -999.000  -999.000
0287   71.50   926.2     22.63     89.5     757   184     3.76      0.26      3.75    13    -0.8     757     0   0   0   0      16.680   -61.931
0288   71.75  -999.0   -999.00   -999.0    -999   184     3.72      0.25      3.71    13  -999.0    -999     0   0   0   0    -999.000  -999.000
0289   72.00   926.7     22.66     89.2     752   184     3.68      0.24      3.67    13    -0.8     752     0   0   0   0      16.680   -61.931
0290   72.25  -999.0   -999.00   -999.0    -999   184     3.64      0.23      3.63    13  -999.0    -999     0   0   0   0    -999.000  -999.000
0291   72.50   927.3     22.70     89.0     746   184     3.60      0.23      3.59    13    -0.8     746     0   0   0   0      16.680   -61.931
0292   72.75  -999.0   -999.00   -999.0    -999   184     3.57      0.22      3.56    13  -999.0    -999     0   0   0   0    -999.000  -999.000
0293   73.00   927.9     22.74     88.8     741   184     3.53      0.22      3.53    13    -0.8     741     0   0   0   0      16.680   -61.931
0294   73.25  -999.0   -999.00   -999.0    -999   184     3.50      0.22      3.50    13  -999.0    -999     0   0   0   0    -999.000  -999.000
0295   73.50   928.5     22.77     88.7     735   184     3.48      0.22      3.47    13    -0.8     735     0   0   0   0      16.680   -61.931
0296   73.75  -999.0   -999.00   -999.0    -999   184     3.45      0.22      3.45    13  -999.0    -999     0   0   0   0    -999.000  -999.000
0297   74.00   929.1     22.81     88.6     730   184     3.44      0.22      3.43    12    -0.8     730     0   0   0   0      16.680   -61.931
0298   74.25  -999.0   -999.00   -999.0    -999   184     3.42      0.23      3.41    12  -999.0    -999     0   0   0   0    -999.000  -999.000
0299   74.50   929.7     22.84     88.5     724   184     3.41      0.24      3.40    12    -0.8     724     0   0   0   0      16.680   -61.931
0300   74.75  -999.0   -999.00   -999.0    -999   184     3.40      0.25      3.39    12  -999.0    -999     0   0   0   0    -999.000  -999.000
0301   75.00   930.2     22.88     88.4     719   184     3.39      0.26      3.38    12    -0.9     719     0   0   0   0      16.680   -61.931
0302   75.25  -999.0   -999.00   -999.0    -999   185     3.38      0.27      3.37    13  -999.0    -999     0   0   0   0    -999.000  -999.000
0303   75.50   930.8     22.91     88.4     713   185     3.38      0.28      3.36    13    -0.9     713     0   0   0   0      16.680   -61.931
0304   75.75  -999.0   -999.00   -999.0    -999   185     3.37      0.30      3.36    13  -999.0    -999     0   0   0   0    -999.000  -999.000
0305   76.00   931.4     22.94     88.4     708   185     3.37      0.32      3.35    13    -0.9     708     0   0   0   0      16.680   -61.931
0306   76.25  -999.0   -999.00   -999.0    -999   186     3.36      0.34      3.35    13  -999.0    -999     0   0   0   0    -999.000  -999.000
0307   76.50   932.0     22.97     88.3     702   186     3.36      0.37      3.34    13    -0.8     702     0   0   0   0      16.680   -61.931
0308   76.75  -999.0   -999.00   -999.0    -999   187     3.36      0.40      3.34    13  -999.0    -999     0   0   0   0    -999.000  -999.000
0309   77.00   932.6     23.00     88.2     697   188     3.36      0.44      3.33    13    -0.8     697     0   0   0   0      16.680   -61.931
0310   77.25  -999.0   -999.00   -999.0    -999   188     3.36      0.48      3.32    13  -999.0    -999     0   0   0   0    -999.000  -999.000
0311   77.50   933.2     23.02     88.1     691   189     3.36      0.53      3.32    13    -0.8     691     0   0   0   0      16.680   -61.931
0312   77.75  -999.0   -999.00   -999.0    -999   190     3.36      0.57      3.31    13  -999.0    -999     0   0   0   0    -999.000  -999.000
0313   78.00   933.8     23.05     88.0     686   191     3.35      0.63      3.30    13    -0.8     686     0   0   0   0      16.680   -61.931
0314   78.25  -999.0   -999.00   -999.0    -999   192     3.35      0.69      3.28    13  -999.0    -999     0   0   0   0    -999.000  -999.000
0315   78.50   934.4     23.07     87.9     680   193     3.35      0.75      3.27    13    -0.7     680     0   0   0   0      16.680   -61.931
0316   78.75  -999.0   -999.00   -999.0    -999   194     3.35      0.81      3.25    13  -999.0    -999     0   0   0   0    -999.000  -999.000
0317   79.00   935.0     23.10     87.7     675   195     3.35      0.88      3.23    13    -0.7     675     0   0   0   0      16.680   -61.931
0318   79.25  -999.0   -999.00   -999.0    -999   196     3.35      0.95      3.21    13  -999.0    -999     0   0   0   0    -999.000  -999.000
0319   79.50   935.5     23.12     87.4     669   198     3.35      1.02      3.19    13    -0.7     669     0   0   0   0      16.680   -61.931
0320   79.75  -999.0   -999.00   -999.0    -999   199     3.35      1.09      3.17    13  -999.0    -999     0   0   0   0    -999.000  -999.000
0321   80.00   936.1     23.15     87.2     664   200     3.35      1.16      3.14    13    -0.7     664     0   0   0   0      16.680   -61.931
0322   80.25  -999.0   -999.00   -999.0    -999   201     3.35      1.23      3.12    13  -999.0    -999     0   0   0   0    -999.000  -999.000
0323   80.50   936.7     23.18     87.0     658   203     3.35      1.29      3.09    13    -0.7     658     0   0   0   0      16.680   -61.931
0324   80.75  -999.0   -999.00   -999.0    -999   204     3.35      1.35      3.06    13  -999.0    -999     0   0   0   0    -999.000  -999.000
0325   81.00   937.3     23.21     86.9     653   205     3.35      1.42      3.03    13    -0.8     653     0   0   0   0      16.680   -61.931
0326   81.25  -999.0   -999.00   -999.0    -999   206     3.34      1.47      3.00    13  -999.0    -999     0   0   0   0    -999.000  -999.000
0327   81.50   937.8     23.24     86.8     648   207     3.34      1.52      2.98    13    -0.8     648     0   0   0   0      16.680   -61.931
0328   81.75  -999.0   -999.00   -999.0    -999   208     3.34      1.57      2.95    13  -999.0    -999     0   0   0   0    -999.000  -999.000
0329   82.00   938.4     23.28     86.7     642   209     3.34      1.62      2.92    13    -0.9     642     0   0   0   0      16.680   -61.931
0330   82.25  -999.0   -999.00   -999.0    -999   210     3.34      1.66      2.90    13  -999.0    -999     0   0   0   0    -999.000  -999.000
0331   82.50   939.0     23.31     86.7     637   210     3.34      1.69      2.87    13    -0.9     637     0   0   0   0      16.680   -61.931
0332   82.75  -999.0   -999.00   -999.0    -999   211     3.33      1.72      2.85    13  -999.0    -999     0   0   0   0    -999.000  -999.000
0333   83.00   939.6     23.34     86.8     631   212     3.32      1.75      2.83    13    -1.0     631     0   0   0   0      16.680   -61.931
0334   83.25  -999.0   -999.00   -999.0    -999   212     3.32      1.77      2.80    13  -999.0    -999     0   0   0   0    -999.000  -999.000
0335   83.50  -999.0   -999.00   -999.0    -999  -999  -999.00   -999.00   -999.00     0  -999.0    -999     0   0   0   0    -999.000  -999.000
0336   83.75  -999.0   -999.00   -999.0    -999  -999  -999.00   -999.00   -999.00     0  -999.0    -999     0   0   0   0    -999.000  -999.000
0337   84.00   940.8     23.41     86.9     620   214     3.28      1.83      2.73    13    -1.1     620     0   0   0   0      16.680   -61.931
0338   84.25  -999.0   -999.00   -999.0    -999   214     3.27      1.84      2.70    13  -999.0    -999     0   0   0   0    -999.000  -999.000
0339   84.50   941.4     23.44     87.1     614   214     3.25      1.84      2.68    13    -1.1     614     0   0   0   0      16.680   -61.931
0340   84.75  -999.0   -999.00   -999.0    -999   215     3.24      1.84      2.66    13  -999.0    -999     0   0   0   0    -999.000  -999.000
0341   85.00   942.1     23.47     87.2     608   215     3.22      1.84      2.64    13    -1.1     608     0   0   0   0      16.680   -61.931
0342   85.25  -999.0   -999.00   -999.0    -999   215     3.20      1.83      2.63    13  -999.0    -999     0   0   0   0    -999.000  -999.000
0343   85.50   942.7     23.50     87.4     603   215     3.19      1.82      2.61    13    -1.1     603     0   0   0   0      16.680   -61.931
0344   85.75  -999.0   -999.00   -999.0    -999   215     3.17      1.81      2.60    13  -999.0    -999     0   0   0   0    -999.000  -999.000
0345   86.00   943.3     23.53     87.6     597   215     3.15      1.80      2.59    13    -1.1     597     0   0   0   0      16.680   -61.931
0346   86.25  -999.0   -999.00   -999.0    -999   215     3.13      1.78      2.58    13  -999.0    -999     0   0   0   0    -999.000  -999.000
0347   86.50   943.9     23.55     87.8     592   214     3.11      1.76      2.57    13    -1.0     592     0   0   0   0      16.680   -61.931
0348   86.75  -999.0   -999.00   -999.0    -999   214     3.09      1.74      2.56    12  -999.0    -999     0   0   0   0    -999.000  -999.000
0349   87.00   944.5     23.58     88.0     586   214     3.07      1.72      2.55    12    -1.0     586     0   0   0   0      16.680   -61.931
0350   87.25  -999.0   -999.00   -999.0    -999   214     3.05      1.70      2.54    13  -999.0    -999     0   0   0   0    -999.000  -999.000
0351   87.50   945.1     23.60     88.2     580   213     3.03      1.67      2.53    13    -1.0     580     0   0   0   0      16.680   -61.931
0352   87.75  -999.0   -999.00   -999.0    -999   213     3.01      1.65      2.52    13  -999.0    -999     0   0   0   0    -999.000  -999.000
0353   88.00   945.7     23.62     88.5     575   213     2.99      1.63      2.51    12    -1.0     575     0   0   0   0      16.680   -61.931
0354   88.25  -999.0   -999.00   -999.0    -999   213     2.97      1.61      2.50    13  -999.0    -999     0   0   0   0    -999.000  -999.000
0355   88.50   946.2     23.64     88.9     569   213     2.95      1.59      2.49    13    -1.0     569     0   0   0   0      16.680   -61.931
0356   88.75  -999.0   -999.00   -999.0    -999   212     2.93      1.56      2.47    13  -999.0    -999     0   0   0   0    -999.000  -999.000
0357   89.00   946.8     23.66     89.2     564   212     2.90      1.54      2.46    13    -1.0     564     0   0   0   0      16.680   -61.931
0358   89.25  -999.0   -999.00   -999.0    -999   212     2.88      1.52      2.45    13  -999.0    -999     0   0   0   0    -999.000  -999.000
0359   89.50   947.4     23.67     89.6     558   212     2.86      1.49      2.44    13    -1.0     558     0   0   0   0      16.680   -61.931
0360   89.75  -999.0   -999.00   -999.0    -999   211     2.84      1.47      2.43    13  -999.0    -999     0   0   0   0    -999.000  -999.000
0361   90.00   948.0     23.69     89.9     553   211     2.82      1.44      2.42    13    -1.0     553     0   0   0   0      16.680   -61.931
0362   90.25  -999.0   -999.00   -999.0    -999   210     2.80      1.42      2.41    13  -999.0    -999     0   0   0   0    -999.000  -999.000
0363   90.50   948.6     23.71     90.2     547   210     2.78      1.39      2.41    13    -1.0     547     0   0   0   0      16.680   -61.931
0364   90.75  -999.0   -999.00   -999.0    -999   209     2.76      1.36      2.41    12  -999.0    -999     0   0   0   0    -999.000  -999.000
0365   91.00   949.2     23.74     90.3     542   209     2.75      1.33      2.41    12    -1.0     542     0   0   0   0      16.680   -61.931
0366   91.25  -999.0   -999.00   -999.0    -999   209     2.74      1.31      2.41    11  -999.0    -999     0   0   0   0    -999.000  -999.000
0367   91.50   949.8     23.77     90.4     536   208     2.73      1.28      2.41    12    -1.0     536     0   0   0   0      16.680   -61.931
0368   91.75  -999.0   -999.00   -999.0    -999   208     2.72      1.26      2.41    12  -999.0    -999     0   0   0   0    -999.000  -999.000
0369   92.00   950.4     23.80     90.4     531   207     2.72      1.23      2.42    13    -1.0     531     0   0   0   0      16.680   -61.931
0370   92.25  -999.0   -999.00   -999.0    -999   207     2.71      1.21      2.42    13  -999.0    -999     0   0   0   0    -999.000  -999.000
0371   92.50   951.0     23.84     90.4     525   206     2.70      1.19      2.43    13    -0.9     525     0   0   0   0      16.680   -61.931
0372   92.75  -999.0   -999.00   -999.0    -999   206     2.70      1.17      2.43    13  -999.0    -999     0   0   0   0    -999.000  -999.000
0373   93.00   951.6     23.88     90.4     519   205     2.70      1.15      2.44    13    -0.9     519     0   0   0   0      16.680   -61.931
0374   93.25  -999.0   -999.00   -999.0    -999   205     2.69      1.13      2.45    13  -999.0    -999     0   0   0   0    -999.000  -999.000
0375   93.50   952.2     23.93     90.3     514   204     2.69      1.11      2.45    13    -0.9     514     0   0   0   0      16.680   -61.931
0376   93.75  -999.0   -999.00   -999.0    -999   204     2.69      1.09      2.46    13  -999.0    -999     0   0   0   0    -999.000  -999.000
0377   94.00   952.8     23.97     90.3     508   204     2.69      1.08      2.46    13    -0.9     508     0   0   0   0    -999.000  -999.000
0378   94.25  -999.0   -999.00   -999.0    -999   203     2.69      1.06      2.47    13  -999.0    -999     0   0   0   0    -999.000  -999.000
0379   94.50   953.4     24.01     90.3     503   203     2.69      1.04      2.48    13    -0.9     503     0   0   0   0      16.680   -61.931
0380   94.75  -999.0   -999.00   -999.0    -999   202     2.69      1.02      2.49    13  -999.0    -999     0   0   0   0    -999.000  -999.000
0381   95.00   954.0     24.05     90.4     497   202     2.69      1.01      2.50    13    -0.9     497     0   0   0   0      16.680   -61.931
0382   95.25  -999.0   -999.00   -999.0    -999   201     2.70      0.99      2.51    13  -999.0    -999     0   0   0   0    -999.000  -999.000
0383   95.50   954.6     24.09     90.6     492   201     2.70      0.96      2.52    13    -0.9     492     0   0   0   0      16.680   -61.931
0384   95.75  -999.0   -999.00   -999.0    -999   200     2.71      0.94      2.54    12  -999.0    -999     0   0   0   0    -999.000  -999.000
0385   96.00   955.2     24.12     90.8     486   200     2.72      0.92      2.56    13    -0.8     486     0   0   0   0      16.680   -61.931
0386   96.25  -999.0   -999.00   -999.0    -999   199     2.73      0.89      2.58    12  -999.0    -999     0   0   0   0    -999.000  -999.000
0387   96.50   955.8     24.16     91.0     481   198     2.74      0.87      2.60    13    -0.8     481     0   0   0   0      16.680   -61.931
0388   96.75  -999.0   -999.00   -999.0    -999   198     2.76      0.84      2.63    12  -999.0    -999     0   0   0   0    -999.000  -999.000
0389   97.00   956.4     24.19     91.3     476   197     2.78      0.82      2.65    11    -0.7     476     0   0   0   0      16.680   -61.931
0390   97.25  -999.0   -999.00   -999.0    -999   197     2.80      0.80      2.68    12  -999.0    -999     0   0   0   0    -999.000  -999.000
0391   97.50   957.0     24.21     91.6     470   196     2.82      0.77      2.71    12    -0.7     470     0   0   0   0      16.680   -61.931
0392   97.75  -999.0   -999.00   -999.0    -999   195     2.84      0.75      2.74    12  -999.0    -999     0   0   0   0    -999.000  -999.000
0393   98.00   957.6     24.24     91.9     465   195     2.87      0.72      2.78    12    -0.6     465     0   0   0   0      16.680   -61.931
0394   98.25  -999.0   -999.00   -999.0    -999   194     2.90      0.70      2.81    12  -999.0    -999     0   0   0   0    -999.000  -999.000
0395   98.50   958.2     24.27     92.1     459   193     2.93      0.67      2.85    12    -0.6     459     0   0   0   0      16.680   -61.931
0396   98.75  -999.0   -999.00   -999.0    -999   193     2.96      0.64      2.88    12  -999.0    -999     0   0   0   0    -999.000  -999.000
0397   99.00   958.7     24.29     92.3     454   192     2.99      0.61      2.92    11    -0.6     454     0   0   0   0      16.680   -61.931
0398   99.25  -999.0   -999.00   -999.0    -999   191     3.02      0.58      2.96    11  -999.0    -999     0   0   0   0    -999.000  -999.000
0399   99.50   959.3     24.32     92.4     449   190     3.05      0.54      3.00    12    -0.5     449     0   0   0   0      16.680   -61.931
0400   99.75  -999.0   -999.00   -999.0    -999   189     3.07      0.50      3.03    12  -999.0    -999     0   0   0   0    -999.000  -999.000
0401  100.00   959.9     24.36     92.4     444   189     3.10      0.46      3.07    13    -0.5     444     0   0   0   0      16.680   -61.931
0402  100.25  -999.0   -999.00   -999.0    -999   188     3.13      0.41      3.10    13  -999.0    -999     0   0   0   0    -999.000  -999.000
0403  100.50   960.5     24.40     92.3     438   187     3.16      0.37      3.14    13    -0.5     438     0   0   0   0      16.680   -61.931
0404  100.75  -999.0   -999.00   -999.0    -999   186     3.18      0.31      3.17    12  -999.0    -999     0   0   0   0    -999.000  -999.000
0405  101.00   961.0     24.44     92.1     433   185     3.21      0.26      3.20    12    -0.5     433     0   0   0   0      16.680   -61.931
0406  101.25  -999.0   -999.00   -999.0    -999   184     3.23      0.21      3.22    12  -999.0    -999     0   0   0   0    -999.000  -999.000
0407  101.50   961.6     24.48     92.0     428   183     3.25      0.15      3.25    12    -0.5     428     0   0   0   0      16.680   -61.931
0408  101.75  -999.0   -999.00   -999.0    -999   182     3.27      0.09      3.27    12  -999.0    -999     0   0   0   0    -999.000  -999.000
0409  102.00   962.2     24.52     91.9     422   181     3.29      0.04      3.29    12    -0.5     422     0   0   0   0      16.680   -61.931
0410  102.25  -999.0   -999.00   -999.0    -999   180     3.30     -0.01      3.30    13  -999.0    -999     0   0   0   0    -999.000  -999.000
0411  102.50   962.8     24.56     92.0     417   179     3.31     -0.06      3.31    13    -0.5     417     0   0   0   0      16.680   -61.931
0412  102.75  -999.0   -999.00   -999.0    -999   178     3.33     -0.11      3.32    13  -999.0    -999     0   0   0   0    -999.000  -999.000
0413  103.00   963.4     24.60     92.1     412   177     3.34     -0.16      3.33    13    -0.5     412     0   0   0   0      16.680   -61.931
0414  103.25  -999.0   -999.00   -999.0    -999   177     3.34     -0.20      3.34    13  -999.0    -999     0   0   0   0    -999.000  -999.000
0415  103.50   963.9     24.63     92.3     406   176     3.35     -0.24      3.34    13    -0.5     406     0   0   0   0      16.680   -61.931
0416  103.75  -999.0   -999.00   -999.0    -999   175     3.35     -0.28      3.34    13  -999.0    -999     0   0   0   0    -999.000  -999.000
0417  104.00   964.5     24.66     92.6     401   175     3.35     -0.32      3.34    13    -0.5     401     0   0   0   0      16.680   -61.931
0418  104.25  -999.0   -999.00   -999.0    -999   174     3.35     -0.35      3.34    13  -999.0    -999     0   0   0   0    -999.000  -999.000
0419  104.50   965.1     24.68     93.0     396   173     3.35     -0.38      3.33    13    -0.5     396     0   0   0   0      16.680   -61.931
0420  104.75  -999.0   -999.00   -999.0    -999   173     3.35     -0.41      3.33    13  -999.0    -999     0   0   0   0    -999.000  -999.000
0421  105.00   965.7     24.71     93.3     391   173     3.35     -0.44      3.33    13    -0.5     391     0   0   0   0      16.681   -61.931
0422  105.25  -999.0   -999.00   -999.0    -999   172     3.35     -0.46      3.32    13  -999.0    -999     0   0   0   0    -999.000  -999.000
0423  105.50   966.2     24.74   -999.0     386   172     3.36     -0.48      3.32    11    -0.5     386     0   0   0   0      16.681   -61.931
0424  105.75  -999.0   -999.00   -999.0    -999   171     3.36     -0.50      3.33    12  -999.0    -999     0   0   0   0    -999.000  -999.000
0425  106.00   966.8     24.77     93.7     380   171     3.37     -0.52      3.33    13    -0.5     380     0   0   0   0      16.681   -61.931
0426  106.25  -999.0   -999.00   -999.0    -999   171     3.38     -0.53      3.34    13  -999.0    -999     0   0   0   0    -999.000  -999.000
0427  106.50   967.4     24.80     93.8     375   171     3.39     -0.54      3.35    13    -0.5     375     0   0   0   0      16.681   -61.931
0428  106.75  -999.0   -999.00   -999.0    -999   171     3.41     -0.55      3.36    13  -999.0    -999     0   0   0   0    -999.000  -999.000
0429  107.00  -999.0   -999.00   -999.0    -999  -999  -999.00   -999.00   -999.00     0  -999.0    -999     0   0   0   0    -999.000  -999.000
0430  107.25  -999.0   -999.00   -999.0    -999  -999  -999.00   -999.00   -999.00     0  -999.0    -999     0   0   0   0    -999.000  -999.000
0431  107.50   968.5     24.87     93.8     364   171     3.46     -0.56      3.41    13    -0.5     364     0   0   0   0      16.681   -61.931
0432  107.75  -999.0   -999.00   -999.0    -999   171     3.48     -0.57      3.44    13  -999.0    -999     0   0   0   0    -999.000  -999.000
0433  108.00   969.1     24.91     93.8     359   171     3.51     -0.57      3.46    13    -0.5     359     0   0   0   0      16.681   -61.931
0434  108.25  -999.0   -999.00   -999.0    -999   171     3.54     -0.57      3.49    13  -999.0    -999     0   0   0   0    -999.000  -999.000
0435  108.50   969.7     24.95     93.7     354   171     3.56     -0.57      3.52    13    -0.6     354     0   0   0   0      16.681   -61.931
0436  108.75  -999.0   -999.00   -999.0    -999   171     3.59     -0.57      3.55    13  -999.0    -999     0   0   0   0    -999.000  -999.000
0437  109.00   970.3     24.99     93.6     348   171     3.62     -0.57      3.58    13    -0.6     348     0   0   0   0      16.681   -61.931
0438  109.25  -999.0   -999.00   -999.0    -999   171     3.65     -0.57      3.61    13  -999.0    -999     0   0   0   0    -999.000  -999.000
0439  109.50   970.9     25.02     93.6     343   171     3.68     -0.56      3.64    13    -0.6     343     0   0   0   0      16.681   -61.931
0440  109.75  -999.0   -999.00   -999.0    -999   171     3.71     -0.56      3.67    13  -999.0    -999     0   0   0   0    -999.000  -999.000
0441  110.00   971.5     25.06     93.5     338   171     3.74     -0.55      3.70    12    -0.6     338     0   0   0   0      16.681   -61.931
0442  110.25  -999.0   -999.00   -999.0    -999   172     3.76     -0.55      3.72    12  -999.0    -999     0   0   0   0    -999.000  -999.000
0443  110.50   972.0     25.10     93.4     333   172     3.79     -0.54      3.75    13    -0.6     333     0   0   0   0      16.681   -61.931
0444  110.75  -999.0   -999.00   -999.0    -999   172     3.81     -0.53      3.77    12  -999.0    -999     0   0   0   0    -999.000  -999.000
0445  111.00   972.6     25.14     93.3     327   172     3.83     -0.52      3.79    11    -0.6     327     0   0   0   0      16.681   -61.931
0446  111.25  -999.0   -999.00   -999.0    -999   172     3.85     -0.51      3.81    13  -999.0    -999     0   0   0   0    -999.000  -999.000
0447  111.50   973.2     25.18     93.2     322   173     3.86     -0.50      3.83    13    -0.6     322     0   0   0   0      16.681   -61.931
0448  111.75  -999.0   -999.00   -999.0    -999   173     3.88     -0.48      3.85    13  -999.0    -999     0   0   0   0    -999.000  -999.000
0449  112.00   973.8     25.22     93.1     317   173     3.90     -0.46      3.87    13    -0.6     317     0   0   0   0      16.681   -61.931
0450  112.25  -999.0   -999.00   -999.0    -999   173     3.92     -0.44      3.89    13  -999.0    -999     0   0   0   0    -999.000  -999.000
0451  112.50   974.4     25.26     93.0     311   174     3.94     -0.42      3.92    13    -0.6     311     0   0   0   0      16.681   -61.931
0452  112.75  -999.0   -999.00   -999.0    -999   174     3.96     -0.40      3.94    13  -999.0    -999     0   0   0   0    -999.000  -999.000
0453  113.00   974.9     25.30     92.9     306   175     3.99     -0.38      3.97    13    -0.6     306     0   0   0   0      16.681   -61.931
0454  113.25  -999.0   -999.00   -999.0    -999   175     4.02     -0.35      4.01    13  -999.0    -999     0   0   0   0    -999.000  -999.000
0455  113.50   975.5     25.34     92.8     301   175     4.06     -0.33      4.04    13    -0.6     301     0   0   0   0      16.681   -61.931
0456  113.75  -999.0   -999.00   -999.0    -999   176     4.09     -0.30      4.08    13  -999.0    -999     0   0   0   0    -999.000  -999.000
0457  114.00   976.1     25.38     92.7     296   176     4.13     -0.28      4.12    13    -0.6     296     0   0   0   0      16.681   -61.931
0458  114.25  -999.0   -999.00   -999.0    -999   176     4.17     -0.26      4.16    13  -999.0    -999     0   0   0   0    -999.000  -999.000
0459  114.50   976.7     25.42     92.6     290   177     4.22     -0.24      4.21    13    -0.7     290     0   0   0   0      16.681   -61.931
0460  114.75  -999.0   -999.00   -999.0    -999   177     4.26     -0.22      4.25    13  -999.0    -999     0   0   0   0    -999.000  -999.000
0461  115.00   977.3     25.46     92.5     285   177     4.30     -0.20      4.30    13    -0.7     285     0   0   0   0      16.681   -61.931
0462  115.25  -999.0   -999.00   -999.0    -999   178     4.34     -0.19      4.34    12  -999.0    -999     0   0   0   0    -999.000  -999.000
0463  115.50   977.9     25.50     92.5     280   178     4.38     -0.18      4.38    13    -0.7     280     0   0   0   0      16.681   -61.931
0464  115.75  -999.0   -999.00   -999.0    -999   178     4.42     -0.17      4.42    13  -999.0    -999     0   0   0   0    -999.000  -999.000
0465  116.00   978.5     25.54     92.4     274   178     4.46     -0.16      4.46    13    -0.7     274     0   0   0   0      16.681   -61.931
0466  116.25  -999.0   -999.00   -999.0    -999   178     4.49     -0.16      4.49    13  -999.0    -999     0   0   0   0    -999.000  -999.000
0467  116.50   979.1     25.58     92.3     269   178     4.53     -0.15      4.52    13    -0.7     269     0   0   0   0      16.681   -61.931
0468  116.75  -999.0   -999.00   -999.0    -999   178     4.55     -0.15      4.55    13  -999.0    -999     0   0   0   0    -999.000  -999.000
0469  117.00   979.7     25.63     92.2     263   178     4.58     -0.16      4.58    13    -0.7     263     0   0   0   0      16.681   -61.931
0470  117.25  -999.0   -999.00   -999.0    -999   178     4.60     -0.16      4.60    13  -999.0    -999     0   0   0   0    -999.000  -999.000
0471  117.50   980.3     25.67     92.1     258   178     4.61     -0.17      4.61    13    -0.7     258     0   0   0   0      16.681   -61.931
0472  117.75  -999.0   -999.00   -999.0    -999   178     4.62     -0.18      4.62    13  -999.0    -999     0   0   0   0    -999.000  -999.000
0473  118.00   980.9     25.72     91.9     253   178     4.63     -0.19      4.62    13    -0.7     253     0   0   0   0      16.681   -61.931
0474  118.25  -999.0   -999.00   -999.0    -999   178     4.63     -0.20      4.62    13  -999.0    -999     0   0   0   0    -999.000  -999.000
0475  118.50   981.5     25.77     91.7     247   177     4.62     -0.21      4.62    13    -0.7     247     0   0   0   0      16.681   -61.931
0476  118.75  -999.0   -999.00   -999.0    -999   177     4.61     -0.23      4.61    10  -999.0    -999     0   0   0   0    -999.000  -999.000
0477  119.00   982.0     25.82     91.5     242   177     4.60     -0.24      4.59    12    -0.7     242     0   0   0   0      16.681   -61.931
0478  119.25  -999.0   -999.00   -999.0    -999   177     4.58     -0.26      4.57    12  -999.0    -999     0   0   0   0    -999.000  -999.000
0479  119.50   982.6     25.87     91.3     237   177     4.56     -0.27      4.55    12    -0.7     237     0   0   0   0      16.681   -61.931
0480  119.75  -999.0   -999.00   -999.0    -999   176     4.53     -0.28      4.53    13  -999.0    -999     0   0   0   0    -999.000  -999.000
0481  120.00   983.2     25.92     91.0     231   176     4.51     -0.30      4.50    13    -0.7     231     0   0   0   0      16.681   -61.931
0482  120.25  -999.0   -999.00   -999.0    -999   176     4.48     -0.31      4.47    13  -999.0    -999     0   0   0   0    -999.000  -999.000
0483  120.50   983.8     25.97     90.8     226   176     4.46     -0.32      4.44    13    -0.8     226     0   0   0   0      16.681   -61.931
0484  120.75  -999.0   -999.00   -999.0    -999   176     4.43     -0.34      4.42    12  -999.0    -999     0   0   0   0    -999.000  -999.000
0485  121.00   984.4     26.03     90.6     221   175     4.40     -0.35      4.39    13    -0.8     221     0   0   0   0      16.681   -61.931
0486  121.25  -999.0   -999.00   -999.0    -999   175     4.38     -0.36      4.37    13  -999.0    -999     0   0   0   0    -999.000  -999.000
0487  121.50   985.0     26.08     90.3     215   175     4.36     -0.38      4.34    13    -0.8     215     0   0   0   0      16.681   -61.931
0488  121.75  -999.0   -999.00   -999.0    -999   175     4.34     -0.39      4.32    13  -999.0    -999     0   0   0   0    -999.000  -999.000
0489  122.00   985.6     26.13     90.1     210   175     4.33     -0.41      4.31    13    -0.8     210     0   0   0   0      16.681   -61.931
0490  122.25  -999.0   -999.00   -999.0    -999   174     4.32     -0.42      4.30    13  -999.0    -999     0   0   0   0    -999.000  -999.000
0491  122.50   986.2     26.19     89.9     204   174     4.31     -0.44      4.29    12    -0.9     204     0   0   0   0      16.681   -61.931
0492  122.75  -999.0   -999.00   -999.0    -999   174     4.31     -0.45      4.28    13  -999.0    -999     0   0   0   0    -999.000  -999.000
0493  123.00   986.8     26.24     89.7     199   174     4.31     -0.47      4.28    13    -0.9     199     0   0   0   0      16.681   -61.931
0494  123.25  -999.0   -999.00   -999.0    -999   173     4.31     -0.49      4.29    13  -999.0    -999     0   0   0   0    -999.000  -999.000
0495  123.50   987.4     26.29     89.5     193   173     4.32     -0.51      4.29    12    -0.9     193     0   0   0   0      16.681   -61.931
0496  123.75  -999.0   -999.00   -999.0    -999   173     4.33     -0.53      4.30    12  -999.0    -999     0   0   0   0    -999.000  -999.000
0497  124.00   988.0     26.34     89.4     188   173     4.34     -0.55      4.31    13    -0.9     188     0   0   0   0      16.681   -61.931
0498  124.25  -999.0   -999.00   -999.0    -999   173     4.36     -0.57      4.32    12  -999.0    -999     0   0   0   0    -999.000  -999.000
0499  124.50   988.6     26.39     89.2     183   172     4.37     -0.58      4.33    13    -0.9     183     0   0   0   0      16.681   -61.931
0500  124.75  -999.0   -999.00   -999.0    -999   172     4.39     -0.59      4.35    13  -999.0    -999     0   0   0   0    -999.000  -999.000
0501  125.00   989.3     26.44     89.0     177   172     4.41     -0.59      4.37    13    -0.9     177     0   0   0   0      16.681   -61.931
0502  125.25  -999.0   -999.00   -999.0    -999   172     4.42     -0.59      4.38    13  -999.0    -999     0   0   0   0    -999.000  -999.000
0503  125.50   989.9     26.49     88.9     172   172     4.44     -0.59      4.40    13    -0.9     172     0   0   0   0      16.681   -61.931
0504  125.75  -999.0   -999.00   -999.0    -999   173     4.46     -0.58      4.42    12  -999.0    -999     0   0   0   0    -999.000  -999.000
0505  126.00   990.5     26.53     88.8     166   173     4.48     -0.56      4.44    13    -0.9     166     0   0   0   0      16.681   -61.931
0506  126.25  -999.0   -999.00   -999.0    -999   173     4.49     -0.54      4.46    13  -999.0    -999     0   0   0   0    -999.000  -999.000
0507  126.50   991.1     26.57     88.7     161   174     4.51     -0.51      4.48    13    -0.9     161     0   0   0   0      16.681   -61.931
0508  126.75  -999.0   -999.00   -999.0    -999   174     4.52     -0.47      4.50    12  -999.0    -999     0   0   0   0    -999.000  -999.000
0509  127.00   991.7     26.61     88.7     155   175     4.53     -0.43      4.51    12    -0.9     155     0   0   0   0      16.681   -61.931
0510  127.25  -999.0   -999.00   -999.0    -999   175     4.54     -0.39      4.52    12  -999.0    -999     0   0   0   0    -999.000  -999.000
0511  127.50   992.3     26.64     88.6     150   176     4.55     -0.34      4.54    11    -0.9     150     0   0   0   0      16.681   -61.931
0512  127.75  -999.0   -999.00   -999.0    -999   176     4.55     -0.28      4.54    12  -999.0    -999     0   0   0   0    -999.000  -999.000
0513  128.00   992.9     26.67     88.6     145   177     4.55     -0.22      4.55    13    -0.9     145     0   0   0   0      16.681   -61.931
0514  128.25  -999.0   -999.00   -999.0    -999   178     4.55     -0.16      4.55    12  -999.0    -999     0   0   0   0    -999.000  -999.000
0515  128.50   993.5     26.70     88.5     139   179     4.54     -0.10      4.54    13    -0.9     139     0   0   0   0      16.681   -61.931
0516  128.75  -999.0   -999.00   -999.0    -999   180     4.53     -0.04      4.53    13  -999.0    -999     0   0   0   0    -999.000  -999.000
0517  129.00   994.1     26.73     88.5     134   180     4.52      0.02      4.52    12    -0.9     134     0   0   0   0      16.681   -61.931
0518  129.25  -999.0   -999.00   -999.0    -999   181     4.50      0.08      4.50    11  -999.0    -999     0   0   0   0    -999.000  -999.000
0519  129.50   994.7     26.76     88.4     128   182     4.49      0.14      4.49    11    -0.9     128     0   0   0   0      16.681   -61.931
0520  129.75  -999.0   -999.00   -999.0    -999   182     4.47      0.19      4.47    12  -999.0    -999     0   0   0   0    -999.000  -999.000
0521  130.00   995.3     26.80     88.3     123   183     4.46      0.25      4.45    12    -0.9     123     0   0   0   0      16.681   -61.931
0522  130.25  -999.0   -999.00   -999.0    -999   184     4.44      0.29      4.43    12  -999.0    -999     0   0   0   0    -999.000  -999.000
0523  130.50   995.9     26.83     88.1     118   184     4.43      0.34      4.42    12    -0.9     118     0   0   0   0      16.681   -61.931
0524  130.75  -999.0   -999.00   -999.0    -999   185     4.42      0.38      4.40    13  -999.0    -999     0   0   0   0    -999.000  -999.000
0525  131.00   996.5     26.87     87.9     112   185     4.41      0.42      4.39    12    -0.9     112     0   0   0   0      16.681   -61.931
0526  131.25  -999.0   -999.00   -999.0    -999   186     4.41      0.45      4.39    12  -999.0    -999     0   0   0   0    -999.000  -999.000
0527  131.50   997.1     26.91     87.7     107   186     4.42      0.49      4.39    13    -0.9     107     0   0   0   0      16.682   -61.931
0528  131.75  -999.0   -999.00   -999.0    -999   187     4.42      0.52      4.39    12  -999.0    -999     0   0   0   0    -999.000  -999.000
0529  132.00   997.7     26.95     87.4     101   187     4.44      0.54      4.40    13    -0.8     101     0   0   0   0      16.682   -61.931
0530  132.25  -999.0   -999.00   -999.0    -999   187     4.45      0.57      4.42    13  -999.0    -999     0   0   0   0    -999.000  -999.000
0531  132.50   998.3     26.99     87.1      96   188     4.48      0.59      4.44    12    -0.7      96     0   0   0   0      16.682   -61.931
0532  132.75  -999.0   -999.00   -999.0    -999   188     4.51      0.61      4.47    11  -999.0    -999     0   0   0   0    -999.000  -999.000
0533  133.00   998.9     27.03     86.8      90   188     4.54      0.63      4.50    12    -0.7      90     0   0   0   0      16.682   -61.931
0534  133.25  -999.0   -999.00   -999.0    -999   188     4.59      0.65      4.54    12  -999.0    -999     0   0   0   0    -999.000  -999.000
0535  133.50   999.5     27.07     86.5      85   188     4.63      0.66      4.58    11    -0.6      85     0   0   0   0      16.682   -61.931
0536  133.75  -999.0   -999.00   -999.0    -999   188     4.68      0.67      4.63    11  -999.0    -999     0   0   0   0    -999.000  -999.000
0537  134.00  1000.1     27.11     86.2      80   188     4.72      0.68      4.67    11    -0.5      80     0   0   0   0      16.682   -61.931
0538  134.25  -999.0   -999.00   -999.0    -999   188     4.77      0.69      4.72    10  -999.0    -999     0   0   0   0    -999.000  -999.000
0539  134.50  1000.7     27.16     86.0      75   188     4.81      0.69      4.76    10    -0.4      75     0   0   0   0      16.682   -61.931
0540  134.75  -999.0   -999.00   -999.0    -999   188     4.85      0.70      4.80    11  -999.0    -999     0   0   0   0    -999.000  -999.000
0541  135.00  1001.3     27.20     85.7      70   188     4.88      0.71      4.83    10    -0.4      70     0   0   0   0      16.682   -61.931
0542  135.25  -999.0   -999.00   -999.0    -999   188     4.91      0.72      4.86    11  -999.0    -999     0   0   0   0    -999.000  -999.000
0543  135.50  1001.9     27.25     85.6      65   189     4.94      0.73      4.88    11    -0.3      65     0   0   0   0      16.682   -61.931
0544  135.75  -999.0   -999.00   -999.0    -999   189     4.96      0.74      4.90    10  -999.0    -999     0   0   0   0    -999.000  -999.000
0545  136.00  1002.4     27.29     85.4      60   189     4.97      0.76      4.92    11    -0.3      60     0   0   0   0      16.682   -61.931
0546  136.25  -999.0   -999.00   -999.0    -999   189     4.99      0.77      4.93    11  -999.0    -999     0   0   0   0    -999.000  -999.000
0547  136.50  1003.0     27.34     85.4      54   189     4.99      0.79      4.93    11    -0.3      54     0   0   0   0      16.682   -61.931
0548  136.75  -999.0   -999.00   -999.0    -999   189     4.99      0.80      4.93    12  -999.0    -999     0   0   0   0    -999.000  -999.000
0549  137.00  1003.6     27.39     85.3      49   189     4.99      0.82      4.92    12    -0.3      49     0   0   0   0      16.682   -61.931
0550  137.25  -999.0   -999.00   -999.0    -999   190     4.98      0.84      4.91    12  -999.0    -999     0   0   0   0    -999.000  -999.000
0551  137.50  1004.1     27.44     85.3      44   190     4.97      0.85      4.89    11    -0.3      44     0   0   0   0      16.682   -61.931
0552  137.75  -999.0   -999.00   -999.0    -999   190     4.94      0.86      4.87    12  -999.0    -999     0   0   0   0    -999.000  -999.000
0553  138.00  1004.7     27.50     85.3      39   190     4.90      0.87      4.82    11    -0.3      39     0   0   0   0      16.682   -61.931
0554  138.25  -999.0   -999.00   -999.0    -999   191     4.85      0.89      4.76    11  -999.0    -999     0   0   0   0    -999.000  -999.000
0555  138.50  1005.3     27.55     85.3      34   191     4.78      0.93      4.69    12    -0.3      34     0   0   0   0      16.682   -61.931
0556  138.75  -999.0   -999.00   -999.0    -999   192     4.72      1.00      4.61    12  -999.0    -999     0   0   0   0    -999.000  -999.000
0557  139.00  1005.9     27.61     85.2      29  -999  -999.00   -999.00   -999.00    11    -0.3      29     0   0   0   0      16.682   -61.931
0558  139.25  -999.0   -999.00   -999.0    -999  -999  -999.00   -999.00   -999.00    12  -999.0    -999     0   0   0   0    -999.000  -999.000
0559  139.50  1006.4     27.66     85.2      24   195     4.68      1.25      4.51    12    -0.3      24     0   0   0   0      16.682   -61.931
0560  139.75  -999.0   -999.00   -999.0    -999   195     4.77      1.27      4.60    12  -999.0    -999     0   0   0   0    -999.000  -999.000
0561  140.00  1007.0     27.72     85.1      19   195     4.89      1.24      4.73    12    -0.3      19     0   0   0   0      16.682   -61.931
0562  140.25  -999.0   -999.00   -999.0    -999   193     5.03      1.14      4.90    11  -999.0    -999     0   0   0   0    -999.000  -999.000
0563  140.50  1007.6     27.78     84.9      14   191     5.17      1.02      5.06    12    -0.4      14     0   0   0   0      16.682   -61.931
0564  140.75  -999.0   -999.00   -999.0    -999   190     5.27      0.88      5.20    12  -999.0    -999     0   0   0   0    -999.000  -999.000
0565  141.00  1008.2     27.84     84.8       8   188     5.36      0.76      5.31    10    -0.4       8     0   0   0   0      16.682   -61.931
0566  141.25  -999.0   -999.00   -999.0    -999   190     5.12      0.88      5.04    10  -999.0    -999     0   0   0   0    -999.000  -999.000
0567  141.79  1009.1     27.86     84.7       0  -999  -999.00   -999.00   -999.00  -999  -999.0       0     0   0   0   0    -999.000  -999.000
