 ===========================================================================
 DROPWINDSONDE PROCESSING RECORD                            Sonde: 193440207
 FRD file written by Aspen V3.4.4, 21 Aug 2020 09:52 UTC
 Aircraft: WP-3D Orion, 0213A                Date: 200821   Time: 093905 UTC
 ---------------------------------------------------------------------------
 Bias corrections:  PR =   0.0 mb  TE =   0.0 C  RH =   0.0 %  PRB =  0.0 mb
 Filters (LPF):     PTH = 
 Dyn RH correction = 
 Estimated PR used = 
 Dyn T correction  = 
 ---------------------------------------------------------------------------
 COMMENT: Midpoint, Good Drop
 ===========================================================================

 ===========================================================================
 Date: 200821   Lat:  17.83 N   TA:   19.9 C   PS:  842.8 mb   WD:    41 deg
 Time: 093905   Lon:  59.66 W   TD:   16.5 C   GA:   1592 m    WS:   8.9 m/s
 SID:  193440207                RH:   80.4 %   Navaid:   GP
 ===========================================================================

IX      t (s)  P (mb)    T (C)    RH (%)  Z (m)   WD    WS (m/s)   U (m/s)   V (m/s)  NS  WZ (m/s)  ZW (m)   FP  FT  FH  FW    LAT (N)   LON (E)
0001    0.00  -999.0   -999.00   -999.0    -999  -999  -999.00   -999.00   -999.00    12  -999.0    -999     0   0   0   0      17.829   -59.659
0002    0.25  -999.0   -999.00   -999.0    -999  -999  -999.00   -999.00   -999.00    13  -999.0    -999     0   0   0   0    -999.000  -999.000
0003    0.50  -999.0   -999.00     82.2    -999  -999  -999.00   -999.00   -999.00    13  -999.0    -999     0   0   0   0      17.830   -59.658
0004    0.75  -999.0   -999.00   -999.0    -999  -999  -999.00   -999.00   -999.00    12  -999.0    -999     0   0   0   0    -999.000  -999.000
0005    1.00  -999.0   -999.00     82.7    -999  -999  -999.00   -999.00   -999.00    11  -999.0    -999     0   0   0   0      17.830   -59.658
0006    1.25  -999.0   -999.00   -999.0    -999  -999  -999.00   -999.00   -999.00     8  -999.0    -999     0   0   0   0    -999.000  -999.000
0007    1.50  -999.0   -999.00     83.2    -999  -999  -999.00   -999.00   -999.00     7  -999.0    -999     0   0   0   0      17.830   -59.658
0008    1.75  -999.0   -999.00   -999.0    -999  -999  -999.00   -999.00   -999.00     7  -999.0    -999     0   0   0   0    -999.000  -999.000
0009    2.00  -999.0   -999.00     83.6    -999  -999  -999.00   -999.00   -999.00     9  -999.0    -999     0   0   0   0      17.829   -59.658
0010    2.25  -999.0   -999.00   -999.0    -999  -999  -999.00   -999.00   -999.00    10  -999.0    -999     0   0   0   0    -999.000  -999.000
0011    2.50  -999.0   -999.00     83.9    -999  -999  -999.00   -999.00   -999.00     8  -999.0    -999     0   0   0   0      17.829   -59.658
0012    2.75  -999.0   -999.00   -999.0    -999  -999  -999.00   -999.00   -999.00     9  -999.0    -999     0   0   0   0    -999.000  -999.000
0013    3.00   845.6     19.76     84.1    1545  -999  -999.00   -999.00   -999.00    11     1.8    1545     0   0   0   0      17.829   -59.658
0014    3.25  -999.0   -999.00   -999.0    -999  -999  -999.00   -999.00   -999.00     8  -999.0    -999     0   0   0   0    -999.000  -999.000
0015    3.50   846.0     19.76     84.1    1541  -999  -999.00   -999.00   -999.00    10     1.3    1541     0   0   0   0      17.829   -59.658
0016    3.75  -999.0   -999.00   -999.0    -999  -999  -999.00   -999.00   -999.00     8  -999.0    -999     0   0   0   0    -999.000  -999.000
0017    4.00   846.5     19.77     84.2    1536  -999  -999.00   -999.00   -999.00    12     0.9    1536     0   0   0   0      17.829   -59.658
0018    4.25  -999.0   -999.00   -999.0    -999  -999  -999.00   -999.00   -999.00    11  -999.0    -999     0   0   0   0    -999.000  -999.000
0019    4.50   847.0     19.79     84.1    1530  -999  -999.00   -999.00   -999.00    13     0.4    1530     0   0   0   0      17.829   -59.658
0020    4.75  -999.0   -999.00   -999.0    -999  -999  -999.00   -999.00   -999.00    13  -999.0    -999     0   0   0   0    -999.000  -999.000
0021    5.00   847.6     19.81     84.1    1525  -999  -999.00   -999.00   -999.00    13     0.1    1525     0   0   0   0      17.829   -59.659
0022    5.25  -999.0   -999.00   -999.0    -999  -999  -999.00   -999.00   -999.00    14  -999.0    -999     0   0   0   0    -999.000  -999.000
0023    5.50   848.1     19.83     84.1    1519  -999  -999.00   -999.00   -999.00    12    -0.2    1519     0   0   0   0      17.829   -59.659
0024    5.75  -999.0   -999.00   -999.0    -999  -999  -999.00   -999.00   -999.00    13  -999.0    -999     0   0   0   0    -999.000  -999.000
0025    6.00   848.7     19.85     84.1    1514  -999  -999.00   -999.00   -999.00    12    -0.5    1514     0   0   0   0      17.829   -59.659
0026    6.25  -999.0   -999.00   -999.0    -999  -999  -999.00   -999.00   -999.00    12  -999.0    -999     0   0   0   0    -999.000  -999.000
0027    6.50   849.2     19.87     84.2    1508  -999  -999.00   -999.00   -999.00    13    -0.7    1508     0   0   0   0      17.829   -59.659
0028    6.75  -999.0   -999.00   -999.0    -999  -999  -999.00   -999.00   -999.00    13  -999.0    -999     0   0   0   0    -999.000  -999.000
0029    7.00   849.8     19.89     84.3    1502  -999  -999.00   -999.00   -999.00    13    -0.8    1502     0   0   0   0      17.829   -59.659
0030    7.25  -999.0   -999.00   -999.0    -999  -999  -999.00   -999.00   -999.00    14  -999.0    -999     0   0   0   0    -999.000  -999.000
0031    7.50   850.3     19.90     84.5    1497  -999  -999.00   -999.00   -999.00    15    -0.9    1497     0   0   0   0      17.829   -59.659
0032    7.75  -999.0   -999.00   -999.0    -999  -999  -999.00   -999.00   -999.00    15  -999.0    -999     0   0   0   0    -999.000  -999.000
0033    8.00   850.9     19.91     84.8    1491  -999  -999.00   -999.00   -999.00    15    -0.9    1491     0   0   0   0      17.829   -59.659
0034    8.25  -999.0   -999.00   -999.0    -999  -999  -999.00   -999.00   -999.00    14  -999.0    -999     0   0   0   0    -999.000  -999.000
0035    8.50   851.5     19.92     85.0    1485  -999  -999.00   -999.00   -999.00    15    -1.0    1485     0   0   0   0      17.829   -59.659
0036    8.75  -999.0   -999.00   -999.0    -999  -999  -999.00   -999.00   -999.00    15  -999.0    -999     0   0   0   0    -999.000  -999.000
0037    9.00   852.0     19.93     85.2    1480  -999  -999.00   -999.00   -999.00    15    -1.0    1480     0   0   0   0      17.829   -59.659
0038    9.25  -999.0   -999.00   -999.0    -999  -999  -999.00   -999.00   -999.00    13  -999.0    -999     0   0   0   0    -999.000  -999.000
0039    9.50   852.6     19.95     85.4    1474  -999  -999.00   -999.00   -999.00    14    -0.9    1474     0   0   0   0      17.829   -59.659
0040    9.75  -999.0   -999.00   -999.0    -999  -999  -999.00   -999.00   -999.00    13  -999.0    -999     0   0   0   0    -999.000  -999.000
0041   10.00   853.2     19.96     85.5    1468    51    10.78     -8.32     -6.85    13    -0.9    1468     0   0   0   0      17.829   -59.659
0042   10.25  -999.0   -999.00   -999.0    -999    51    10.83     -8.38     -6.85    12  -999.0    -999     0   0   0   0    -999.000  -999.000
0043   10.50   853.7     19.98     85.5    1462    51    10.87     -8.45     -6.84    13    -0.8    1462     0   0   0   0      17.829   -59.659
0044   10.75  -999.0   -999.00   -999.0    -999    51    10.92     -8.51     -6.83    14  -999.0    -999     0   0   0   0    -999.000  -999.000
0045   11.00   854.3     20.00     85.5    1456    51    10.96     -8.58     -6.83    15    -0.7    1456     0   0   0   0      17.829   -59.659
0046   11.25  -999.0   -999.00   -999.0    -999    52    11.01     -8.64     -6.82    12  -999.0    -999     0   0   0   0    -999.000  -999.000
0047   11.50   854.9     20.03     85.3    1451    52    11.05     -8.70     -6.81    13    -0.6    1451     0   0   0   0      17.829   -59.659
0048   11.75  -999.0   -999.00   -999.0    -999    52    11.10     -8.76     -6.80    15  -999.0    -999     0   0   0   0    -999.000  -999.000
0049   12.00   855.4     20.06     85.1    1445    52    11.14     -8.82     -6.80    15    -0.5    1445     0   0   0   0      17.829   -59.659
0050   12.25  -999.0   -999.00   -999.0    -999    53    11.18     -8.88     -6.79    15  -999.0    -999     0   0   0   0    -999.000  -999.000
0051   12.50   856.0     20.09     84.9    1440    53    11.21     -8.92     -6.79    15    -0.5    1440     0   0   0   0      17.829   -59.659
0052   12.75  -999.0   -999.00   -999.0    -999    53    11.25     -8.97     -6.79    14  -999.0    -999     0   0   0   0    -999.000  -999.000
0053   13.00   856.5     20.13     84.6    1434    53    11.28     -9.01     -6.78    15    -0.4    1434     0   0   0   0      17.829   -59.659
0054   13.25  -999.0   -999.00   -999.0    -999    53    11.30     -9.04     -6.78    15  -999.0    -999     0   0   0   0    -999.000  -999.000
0055   13.50   857.0     20.17     84.4    1429    53    11.33     -9.07     -6.78    15    -0.3    1429     0   0   0   0      17.829   -59.660
0056   13.75  -999.0   -999.00   -999.0    -999    53    11.35     -9.10     -6.78    14  -999.0    -999     0   0   0   0    -999.000  -999.000
0057   14.00   857.6     20.21     84.1    1423    53    11.37     -9.12     -6.78    14    -0.3    1423     0   0   0   0      17.829   -59.660
0058   14.25  -999.0   -999.00   -999.0    -999    53    11.38     -9.14     -6.78    15  -999.0    -999     0   0   0   0    -999.000  -999.000
0059   14.50   858.1     20.25     83.9    1418    53    11.39     -9.15     -6.79    15    -0.3    1418     0   0   0   0      17.829   -59.660
0060   14.75  -999.0   -999.00   -999.0    -999    53    11.41     -9.17     -6.79    14  -999.0    -999     0   0   0   0    -999.000  -999.000
0061   15.00   858.6     20.29     83.7    1413    53    11.42     -9.18     -6.79    14    -0.3    1413     0   0   0   0      17.829   -59.660
0062   15.25  -999.0   -999.00   -999.0    -999    54    11.42     -9.18     -6.79    13  -999.0    -999     0   0   0   0    -999.000  -999.000
0063   15.50   859.2     20.33     83.6    1407    54    11.43     -9.19     -6.80    15    -0.3    1407     0   0   0   0      17.828   -59.660
0064   15.75  -999.0   -999.00   -999.0    -999    54    11.44     -9.20     -6.80    15  -999.0    -999     0   0   0   0    -999.000  -999.000
0065   16.00   859.7     20.36     83.6    1402    54    11.45     -9.21     -6.80    15    -0.2    1402     0   0   0   0      17.828   -59.660
0066   16.25  -999.0   -999.00   -999.0    -999    54    11.46     -9.22     -6.80    14  -999.0    -999     0   0   0   0    -999.000  -999.000
0067   16.50   860.2     20.38     83.7    1396    54    11.47     -9.23     -6.80    15    -0.2    1396     0   0   0   0      17.828   -59.660
0068   16.75  -999.0   -999.00   -999.0    -999    54    11.47     -9.24     -6.80    15  -999.0    -999     0   0   0   0    -999.000  -999.000
0069   17.00   860.8     20.40     83.9    1391    54    11.48     -9.26     -6.79    15    -0.2    1391     0   0   0   0      17.828   -59.660
0070   17.25  -999.0   -999.00   -999.0    -999    54    11.49     -9.27     -6.79    15  -999.0    -999     0   0   0   0    -999.000  -999.000
0071   17.50   861.3     20.41     84.3    1385    54    11.50     -9.28     -6.78    15    -0.2    1385     0   0   0   0      17.828   -59.660
0072   17.75  -999.0   -999.00   -999.0    -999    54    11.51     -9.30     -6.78    15  -999.0    -999     0   0   0   0    -999.000  -999.000
0073   18.00   861.9     20.41     84.8    1380    54    11.51     -9.31     -6.77    15    -0.2    1380     0   0   0   0      17.828   -59.660
0074   18.25  -999.0   -999.00   -999.0    -999    54    11.52     -9.32     -6.77    15  -999.0    -999     0   0   0   0    -999.000  -999.000
0075   18.50   862.4     20.40     85.3    1375    54    11.52     -9.33     -6.76    15    -0.2    1375     0   0   0   0      17.828   -59.660
0076   18.75  -999.0   -999.00   -999.0    -999    54    11.53     -9.34     -6.76    15  -999.0    -999     0   0   0   0    -999.000  -999.000
0077   19.00   862.9     20.39     85.9    1369    54    11.53     -9.34     -6.76    15    -0.2    1369     0   0   0   0      17.828   -59.660
0078   19.25  -999.0   -999.00   -999.0    -999    54    11.53     -9.35     -6.75    15  -999.0    -999     0   0   0   0    -999.000  -999.000
0079   19.50   863.5     20.37     86.4    1364    54    11.53     -9.35     -6.75    14    -0.2    1364     0   0   0   0      17.828   -59.660
0080   19.75  -999.0   -999.00   -999.0    -999    54    11.53     -9.35     -6.75    14  -999.0    -999     0   0   0   0    -999.000  -999.000
0081   20.00   864.0     20.36     86.8    1359    54    11.53     -9.35     -6.75    13    -0.2    1359     0   0   0   0      17.828   -59.660
0082   20.25  -999.0   -999.00   -999.0    -999    54    11.53     -9.34     -6.75    15  -999.0    -999     0   0   0   0    -999.000  -999.000
0083   20.50   864.5     20.34     87.2    1353    54    11.53     -9.34     -6.75    15    -0.2    1353     0   0   0   0      17.828   -59.660
0084   20.75  -999.0   -999.00   -999.0    -999    54    11.52     -9.33     -6.75    15  -999.0    -999     0   0   0   0    -999.000  -999.000
0085   21.00   865.1     20.33     87.5    1348    54    11.52     -9.33     -6.75    15    -0.3    1348     0   0   0   0      17.828   -59.660
0086   21.25  -999.0   -999.00   -999.0    -999    54    11.51     -9.32     -6.75    15  -999.0    -999     0   0   0   0    -999.000  -999.000
0087   21.50   865.6     20.33     87.7    1343    54    11.51     -9.32     -6.75    15    -0.3    1343     0   0   0   0      17.828   -59.660
0088   21.75  -999.0   -999.00   -999.0    -999    54    11.50     -9.32     -6.74    15  -999.0    -999     0   0   0   0    -999.000  -999.000
0089   22.00   866.1     20.33     87.8    1337    54    11.49     -9.32     -6.73    15    -0.4    1337     0   0   0   0      17.828   -59.660
0090   22.25  -999.0   -999.00   -999.0    -999    54    11.49     -9.32     -6.71    15  -999.0    -999     0   0   0   0    -999.000  -999.000
0091   22.50   866.7     20.34     88.0    1332    54    11.48     -9.33     -6.69    15    -0.5    1332     0   0   0   0      17.828   -59.660
0092   22.75  -999.0   -999.00   -999.0    -999    54    11.48     -9.33     -6.67    15  -999.0    -999     0   0   0   0    -999.000  -999.000
0093   23.00   867.2     20.35     88.0    1326    55    11.47     -9.34     -6.65    15    -0.5    1326     0   0   0   0      17.828   -59.660
0094   23.25  -999.0   -999.00   -999.0    -999    55    11.47     -9.36     -6.63    15  -999.0    -999     0   0   0   0    -999.000  -999.000
0095   23.50   867.8     20.36     88.1    1320    55    11.46     -9.37     -6.61    15    -0.5    1320     0   0   0   0      17.828   -59.660
0096   23.75  -999.0   -999.00   -999.0    -999    55    11.46     -9.38     -6.58    15  -999.0    -999     0   0   0   0    -999.000  -999.000
0097   24.00   868.4     20.38     88.1    1315    55    11.46     -9.40     -6.56    15    -0.6    1315     0   0   0   0      17.828   -59.660
0098   24.25  -999.0   -999.00   -999.0    -999    55    11.46     -9.41     -6.53    15  -999.0    -999     0   0   0   0    -999.000  -999.000
0099   24.50   868.9     20.39     88.2    1309    55    11.46     -9.43     -6.51    15    -0.5    1309     0   0   0   0      17.828   -59.661
0100   24.75  -999.0   -999.00   -999.0    -999    56    11.46     -9.45     -6.48    15  -999.0    -999     0   0   0   0    -999.000  -999.000
0101   25.00   869.5     20.41     88.2    1304    56    11.46     -9.46     -6.46    15    -0.5    1304     0   0   0   0      17.828   -59.661
0102   25.25  -999.0   -999.00   -999.0    -999    56    11.46     -9.48     -6.44    14  -999.0    -999     0   0   0   0    -999.000  -999.000
0103   25.50   870.0     20.43     88.3    1298    56    11.46     -9.50     -6.41    15    -0.5    1298     0   0   0   0      17.828   -59.661
0104   25.75  -999.0   -999.00   -999.0    -999    56    11.47     -9.52     -6.39    16  -999.0    -999     0   0   0   0    -999.000  -999.000
0105   26.00   870.6     20.45     88.3    1293    56    11.47     -9.54     -6.37    16    -0.4    1293     0   0   0   0      17.828   -59.661
0106   26.25  -999.0   -999.00   -999.0    -999    56    11.47     -9.56     -6.35    16  -999.0    -999     0   0   0   0    -999.000  -999.000
0107   26.50   871.1     20.47     88.4    1287    57    11.48     -9.58     -6.32    16    -0.3    1287     0   0   0   0      17.828   -59.661
0108   26.75  -999.0   -999.00   -999.0    -999    57    11.48     -9.60     -6.30    16  -999.0    -999     0   0   0   0    -999.000  -999.000
0109   27.00   871.7     20.48     88.5    1282    57    11.49     -9.62     -6.28    16    -0.3    1282     0   0   0   0      17.828   -59.661
0110   27.25  -999.0   -999.00   -999.0    -999    57    11.50     -9.64     -6.26    16  -999.0    -999     0   0   0   0    -999.000  -999.000
0111   27.50   872.2     20.50     88.6    1277    57    11.51     -9.66     -6.25    16    -0.2    1277     0   0   0   0      17.828   -59.661
0112   27.75  -999.0   -999.00   -999.0    -999    57    11.52     -9.68     -6.23    16  -999.0    -999     0   0   0   0    -999.000  -999.000
0113   28.00   872.8     20.52     88.7    1271    57    11.52     -9.71     -6.21    16    -0.2    1271     0   0   0   0      17.828   -59.661
0114   28.25  -999.0   -999.00   -999.0    -999    57    11.54     -9.73     -6.20    16  -999.0    -999     0   0   0   0    -999.000  -999.000
0115   28.50   873.3     20.54     88.9    1266    58    11.55     -9.75     -6.19    16    -0.1    1266     0   0   0   0      17.828   -59.661
0116   28.75  -999.0   -999.00   -999.0    -999    58    11.56     -9.77     -6.18    16  -999.0    -999     0   0   0   0    -999.000  -999.000
0117   29.00   873.8     20.55     89.0    1261    58    11.58     -9.80     -6.16    15    -0.1    1261     0   0   0   0      17.828   -59.661
0118   29.25  -999.0   -999.00   -999.0    -999    58    11.60     -9.83     -6.16    15  -999.0    -999     0   0   0   0    -999.000  -999.000
0119   29.50   874.4     20.57     89.3    1255    58    11.61     -9.85     -6.15    16    -0.1    1255     0   0   0   0      17.828   -59.661
0120   29.75  -999.0   -999.00   -999.0    -999    58    11.64     -9.88     -6.14    16  -999.0    -999     0   0   0   0    -999.000  -999.000
0121   30.00   874.9     20.58     89.6    1250    58    11.66     -9.91     -6.14    16    -0.0    1250     0   0   0   0      17.828   -59.661
0122   30.25  -999.0   -999.00   -999.0    -999    58    11.68     -9.94     -6.13    16  -999.0    -999     0   0   0   0    -999.000  -999.000
0123   30.50   875.4     20.60     89.9    1245    58    11.71     -9.98     -6.13    15    -0.0    1245     0   0   0   0      17.828   -59.661
0124   30.75  -999.0   -999.00   -999.0    -999    59    11.74    -10.01     -6.13    15  -999.0    -999     0   0   0   0    -999.000  -999.000
0125   31.00   875.9     20.61     90.3    1240    59    11.76    -10.04     -6.13    15    -0.1    1240     0   0   0   0      17.828   -59.661
0126   31.25  -999.0   -999.00   -999.0    -999    59    11.79    -10.07     -6.14    16  -999.0    -999     0   0   0   0    -999.000  -999.000
0127   31.50   876.5     20.62     90.8    1234    59    11.82    -10.10     -6.15    16    -0.1    1234     0   0   0   0      17.828   -59.661
0128   31.75  -999.0   -999.00   -999.0    -999    59    11.85    -10.13     -6.15    15  -999.0    -999     0   0   0   0    -999.000  -999.000
0129   32.00   877.0     20.63     91.1    1229    59    11.87    -10.15     -6.16    16    -0.1    1229     0   0   0   0      17.827   -59.661
0130   32.25  -999.0   -999.00   -999.0    -999    59    11.90    -10.17     -6.17    16  -999.0    -999     0   0   0   0    -999.000  -999.000
0131   32.50   877.5     20.64     91.5    1224    59    11.91    -10.19     -6.17    15    -0.2    1224     0   0   0   0      17.827   -59.661
0132   32.75  -999.0   -999.00   -999.0    -999    59    11.93    -10.20     -6.18    16  -999.0    -999     0   0   0   0    -999.000  -999.000
0133   33.00   878.1     20.66     91.8    1218    59    11.94    -10.21     -6.19    16    -0.2    1218     0   0   0   0      17.827   -59.661
0134   33.25  -999.0   -999.00   -999.0    -999    59    11.94    -10.21     -6.19    16  -999.0    -999     0   0   0   0    -999.000  -999.000
0135   33.50   878.6     20.68     92.0    1213    59    11.94    -10.21     -6.19    16    -0.3    1213     0   0   0   0      17.827   -59.661
0136   33.75  -999.0   -999.00   -999.0    -999    59    11.94    -10.20     -6.19    16  -999.0    -999     0   0   0   0    -999.000  -999.000
0137   34.00   879.2     20.70     92.1    1208    59    11.93    -10.19     -6.19    16    -0.3    1208     0   0   0   0      17.827   -59.661
0138   34.25  -999.0   -999.00   -999.0    -999    59    11.91    -10.18     -6.19    16  -999.0    -999     0   0   0   0    -999.000  -999.000
0139   34.50   879.7     20.72     92.2    1202    59    11.90    -10.17     -6.18    16    -0.3    1202     0   0   0   0      17.827   -59.661
0140   34.75  -999.0   -999.00   -999.0    -999    59    11.88    -10.15     -6.18    16  -999.0    -999     0   0   0   0    -999.000  -999.000
0141   35.00   880.3     20.75     92.3    1197    59    11.86    -10.13     -6.17    16    -0.3    1197     0   0   0   0      17.827   -59.662
0142   35.25  -999.0   -999.00   -999.0    -999    59    11.83    -10.10     -6.16    16  -999.0    -999     0   0   0   0    -999.000  -999.000
0143   35.50   880.8     20.78     92.3    1191    59    11.81    -10.08     -6.15    16    -0.2    1191     0   0   0   0      17.827   -59.662
0144   35.75  -999.0   -999.00   -999.0    -999    59    11.78    -10.05     -6.14    16  -999.0    -999     0   0   0   0    -999.000  -999.000
0145   36.00   881.3     20.81     92.3    1186    59    11.75    -10.03     -6.12    16    -0.2    1186     0   0   0   0      17.827   -59.662
0146   36.25  -999.0   -999.00   -999.0    -999    59    11.72    -10.00     -6.11    16  -999.0    -999     0   0   0   0    -999.000  -999.000
0147   36.50   881.9     20.84     92.3    1181    59    11.69     -9.98     -6.10    15    -0.1    1181     0   0   0   0      17.827   -59.662
0148   36.75  -999.0   -999.00   -999.0    -999    59    11.66     -9.95     -6.08    16  -999.0    -999     0   0   0   0    -999.000  -999.000
0149   37.00   882.4     20.86     92.3    1176    59    11.63     -9.93     -6.06    16    -0.1    1176     0   0   0   0      17.827   -59.662
0150   37.25  -999.0   -999.00   -999.0    -999    59    11.60     -9.90     -6.04    16  -999.0    -999     0   0   0   0    -999.000  -999.000
0151   37.50   883.0     20.89     92.3    1170    59    11.57     -9.88     -6.02    16    -0.1    1170     0   0   0   0      17.827   -59.662
0152   37.75  -999.0   -999.00   -999.0    -999    59    11.54     -9.86     -6.01    16  -999.0    -999     0   0   0   0    -999.000  -999.000
0153   38.00   883.5     20.92     92.3    1165    59    11.52     -9.84     -5.99    16    -0.0    1165     0   0   0   0      17.827   -59.662
0154   38.25  -999.0   -999.00   -999.0    -999    59    11.49     -9.82     -5.97    16  -999.0    -999     0   0   0   0    -999.000  -999.000
0155   38.50   884.0     20.95     92.3    1160    59    11.47     -9.80     -5.95    16     0.0    1160     0   0   0   0      17.827   -59.662
0156   38.75  -999.0   -999.00   -999.0    -999    59    11.45     -9.79     -5.93    16  -999.0    -999     0   0   0   0    -999.000  -999.000
0157   39.00   884.5     20.98     92.3    1155    59    11.43     -9.77     -5.92    16     0.0    1155     0   0   0   0      17.827   -59.662
0158   39.25  -999.0   -999.00   -999.0    -999    59    11.41     -9.76     -5.90    16  -999.0    -999     0   0   0   0    -999.000  -999.000
0159   39.50   885.1     21.01     92.2    1149    59    11.39     -9.75     -5.89    15     0.0    1149     0   0   0   0      17.827   -59.662
0160   39.75  -999.0   -999.00   -999.0    -999    59    11.38     -9.75     -5.88    16  -999.0    -999     0   0   0   0    -999.000  -999.000
0161   40.00   885.6     21.04     92.2    1144    59    11.37     -9.74     -5.87    16     0.1    1144     0   0   0   0      17.827   -59.662
0162   40.25  -999.0   -999.00   -999.0    -999    59    11.37     -9.74     -5.86    16  -999.0    -999     0   0   0   0    -999.000  -999.000
0163   40.50   886.1     21.07     92.2    1139    59    11.37     -9.74     -5.85    16     0.1    1139     0   0   0   0      17.827   -59.662
0164   40.75  -999.0   -999.00   -999.0    -999    59    11.37     -9.75     -5.85    16  -999.0    -999     0   0   0   0    -999.000  -999.000
0165   41.00   886.7     21.10     92.2    1134    59    11.37     -9.75     -5.85    16     0.0    1134     0   0   0   0      17.827   -59.662
0166   41.25  -999.0   -999.00   -999.0    -999    59    11.38     -9.77     -5.85    16  -999.0    -999     0   0   0   0    -999.000  -999.000
0167   41.50   887.2     21.13     92.2    1129    59    11.39     -9.78     -5.85    16    -0.0    1129     0   0   0   0      17.827   -59.662
0168   41.75  -999.0   -999.00   -999.0    -999    59    11.41     -9.79     -5.86    16  -999.0    -999     0   0   0   0    -999.000  -999.000
0169   42.00   887.7     21.16     92.2    1124    59    11.43     -9.81     -5.87    16    -0.1    1124     0   0   0   0      17.827   -59.662
0170   42.25  -999.0   -999.00   -999.0    -999    59    11.45     -9.82     -5.88    16  -999.0    -999     0   0   0   0    -999.000  -999.000
0171   42.50   888.2     21.19     92.1    1118    59    11.47     -9.84     -5.89    16    -0.1    1118     0   0   0   0      17.827   -59.662
0172   42.75  -999.0   -999.00   -999.0    -999    59    11.50     -9.86     -5.91    16  -999.0    -999     0   0   0   0    -999.000  -999.000
0173   43.00   888.8     21.22     92.1    1113    59    11.52     -9.88     -5.93    16    -0.2    1113     0   0   0   0      17.827   -59.662
0174   43.25  -999.0   -999.00   -999.0    -999    59    11.54     -9.89     -5.94    16  -999.0    -999     0   0   0   0    -999.000  -999.000
0175   43.50   889.3     21.25     92.0    1108    59    11.56     -9.91     -5.96    16    -0.2    1108     0   0   0   0      17.827   -59.662
0176   43.75  -999.0   -999.00   -999.0    -999    59    11.59     -9.93     -5.97    16  -999.0    -999     0   0   0   0    -999.000  -999.000
0177   44.00   889.9     21.28     91.9    1102    59    11.61     -9.94     -5.99    16    -0.3    1102     0   0   0   0      17.827   -59.662
0178   44.25  -999.0   -999.00   -999.0    -999    59    11.62     -9.95     -6.00    16  -999.0    -999     0   0   0   0    -999.000  -999.000
0179   44.50   890.4     21.30     91.8    1097    59    11.64     -9.96     -6.01    16    -0.3    1097     0   0   0   0      17.827   -59.662
0180   44.75  -999.0   -999.00   -999.0    -999    59    11.65     -9.97     -6.02    16  -999.0    -999     0   0   0   0    -999.000  -999.000
0181   45.00   891.0     21.33     91.6    1091    59    11.66     -9.98     -6.02    16    -0.3    1091     0   0   0   0      17.827   -59.662
0182   45.25  -999.0   -999.00   -999.0    -999    59    11.66     -9.99     -6.02    16  -999.0    -999     0   0   0   0    -999.000  -999.000
0183   45.50   891.5     21.35     91.5    1086    59    11.67    -10.00     -6.02    16    -0.3    1086     0   0   0   0      17.827   -59.663
0184   45.75  -999.0   -999.00   -999.0    -999    59    11.67    -10.00     -6.01    16  -999.0    -999     0   0   0   0    -999.000  -999.000
0185   46.00   892.1     21.37     91.5    1081    59    11.67    -10.01     -6.00    16    -0.3    1081     0   0   0   0      17.827   -59.663
0186   46.25  -999.0   -999.00   -999.0    -999    59    11.67    -10.01     -5.99    16  -999.0    -999     0   0   0   0    -999.000  -999.000
0187   46.50   892.6     21.39     91.4    1075    59    11.66    -10.01     -5.98    16    -0.2    1075     0   0   0   0      17.827   -59.663
0188   46.75  -999.0   -999.00   -999.0    -999    59    11.66    -10.02     -5.97    14  -999.0    -999     0   0   0   0    -999.000  -999.000
0189   47.00   893.2     21.41     91.5    1070    59    11.66    -10.02     -5.96    14    -0.2    1070     0   0   0   0      17.827   -59.663
0190   47.25  -999.0   -999.00   -999.0    -999    59    11.65    -10.02     -5.95    14  -999.0    -999     0   0   0   0    -999.000  -999.000
0191   47.50   893.7     21.42     91.6    1065    59    11.65    -10.02     -5.94    14    -0.2    1065     0   0   0   0      17.827   -59.663
0192   47.75  -999.0   -999.00   -999.0    -999    59    11.64    -10.02     -5.93    14  -999.0    -999     0   0   0   0    -999.000  -999.000
0193   48.00   894.3     21.43     91.8    1060    59    11.64    -10.02     -5.92    14    -0.1    1060     0   0   0   0      17.827   -59.663
0194   48.25  -999.0   -999.00   -999.0    -999    59    11.63    -10.02     -5.91    15  -999.0    -999     0   0   0   0    -999.000  -999.000
0195   48.50   894.8     21.43     92.0    1054    59    11.63    -10.01     -5.91    15    -0.1    1054     0   0   0   0      17.827   -59.663
0196   48.75  -999.0   -999.00   -999.0    -999    59    11.62    -10.01     -5.90    15  -999.0    -999     0   0   0   0    -999.000  -999.000
0197   49.00   895.3     21.43     92.3    1049    59    11.62    -10.01     -5.90    15    -0.0    1049     0   0   0   0      17.827   -59.663
0198   49.25  -999.0   -999.00   -999.0    -999    59    11.61    -10.00     -5.90    15  -999.0    -999     0   0   0   0    -999.000  -999.000
0199   49.50   895.9     21.43     92.6    1044    59    11.61     -9.99     -5.91    15     0.0    1044     0   0   0   0      17.827   -59.663
0200   49.75  -999.0   -999.00   -999.0    -999    59    11.61     -9.99     -5.91    15  -999.0    -999     0   0   0   0    -999.000  -999.000
0201   50.00   896.4     21.42     93.0    1039    59    11.61     -9.98     -5.92    15     0.0    1039     0   0   0   0      17.827   -59.663
0202   50.25  -999.0   -999.00   -999.0    -999    59    11.61     -9.98     -5.93    15  -999.0    -999     0   0   0   0    -999.000  -999.000
0203   50.50   896.9     21.41     93.4    1034    59    11.61     -9.97     -5.95    15     0.1    1034     0   0   0   0      17.826   -59.663
0204   50.75  -999.0   -999.00   -999.0    -999    59    11.62     -9.97     -5.97    15  -999.0    -999     0   0   0   0    -999.000  -999.000
0205   51.00   897.4     21.39     93.9    1029    59    11.63     -9.97     -5.98    14     0.1    1029     0   0   0   0      17.826   -59.663
0206   51.25  -999.0   -999.00   -999.0    -999    59    11.65     -9.98     -6.00    15  -999.0    -999     0   0   0   0    -999.000  -999.000
0207   51.50   898.0     21.38     94.4    1023    59    11.66     -9.99     -6.02    15     0.1    1023     0   0   0   0      17.826   -59.663
0208   51.75  -999.0   -999.00   -999.0    -999    59    11.68    -10.00     -6.04    15  -999.0    -999     0   0   0   0    -999.000  -999.000
0209   52.00   898.5     21.36     94.9    1018    59    11.71    -10.02     -6.06    15     0.0    1018     0   0   0   0      17.826   -59.663
0210   52.25  -999.0   -999.00   -999.0    -999    59    11.73    -10.03     -6.08    15  -999.0    -999     0   0   0   0    -999.000  -999.000
0211   52.50   899.0     21.34     95.4    1013    59    11.76    -10.05     -6.10    15     0.0    1013     0   0   0   0      17.826   -59.663
0212   52.75  -999.0   -999.00   -999.0    -999    59    11.79    -10.08     -6.12    15  -999.0    -999     0   0   0   0    -999.000  -999.000
0213   53.00   899.6     21.32     95.8    1008    59    11.82    -10.10     -6.13    15     0.0    1008     0   0   0   0      17.826   -59.663
0214   53.25  -999.0   -999.00   -999.0    -999    59    11.85    -10.13     -6.14    15  -999.0    -999     0   0   0   0    -999.000  -999.000
0215   53.50   900.1     21.31     96.3    1003    59    11.88    -10.16     -6.15    15    -0.0    1003     0   0   0   0      17.826   -59.663
0216   53.75  -999.0   -999.00   -999.0    -999    59    11.91    -10.19     -6.15    15  -999.0    -999     0   0   0   0    -999.000  -999.000
0217   54.00   900.7     21.29     96.7     997    59    11.93    -10.23     -6.15    15    -0.0     997     0   0   0   0      17.826   -59.663
0218   54.25  -999.0   -999.00   -999.0    -999    59    11.96    -10.26     -6.14    15  -999.0    -999     0   0   0   0    -999.000  -999.000
0219   54.50   901.2     21.28     97.0     992    59    11.99    -10.30     -6.13    15    -0.0     992     0   0   0   0      17.826   -59.663
0220   54.75  -999.0   -999.00   -999.0    -999    59    12.02    -10.34     -6.12    15  -999.0    -999     0   0   0   0    -999.000  -999.000
0221   55.00   901.7     21.28     97.3     987    60    12.04    -10.39     -6.10    15    -0.0     987     0   0   0   0      17.826   -59.663
0222   55.25  -999.0   -999.00   -999.0    -999    60    12.07    -10.43     -6.07    15  -999.0    -999     0   0   0   0    -999.000  -999.000
0223   55.50   902.3     21.28     97.5     982    60    12.09    -10.47     -6.05    15    -0.0     982     0   0   0   0      17.826   -59.663
0224   55.75  -999.0   -999.00   -999.0    -999    60    12.11    -10.51     -6.02    15  -999.0    -999     0   0   0   0    -999.000  -999.000
0225   56.00   902.8     21.29     97.6     977    60    12.13    -10.56     -5.98    15    -0.1     977     0   0   0   0      17.826   -59.664
0226   56.25  -999.0   -999.00   -999.0    -999    61    12.15    -10.60     -5.95    14  -999.0    -999     0   0   0   0    -999.000  -999.000
0227   56.50   903.3     21.31     97.7     972    61    12.17    -10.63     -5.91    15    -0.1     972     0   0   0   0      17.826   -59.664
0228   56.75  -999.0   -999.00   -999.0    -999    61    12.18    -10.66     -5.88    15  -999.0    -999     0   0   0   0    -999.000  -999.000
0229   57.00   903.9     21.33     97.6     966    61    12.18    -10.69     -5.84    15    -0.1     966     0   0   0   0      17.826   -59.664
0230   57.25  -999.0   -999.00   -999.0    -999    62    12.19    -10.72     -5.80    15  -999.0    -999     0   0   0   0    -999.000  -999.000
0231   57.50   904.4     21.36     97.6     961    62    12.19    -10.74     -5.77    15    -0.1     961     0   0   0   0      17.826   -59.664
0232   57.75  -999.0   -999.00   -999.0    -999    62    12.19    -10.75     -5.73    15  -999.0    -999     0   0   0   0    -999.000  -999.000
0233   58.00   905.0     21.39     97.5     956    62    12.18    -10.77     -5.70    15    -0.1     956     0   0   0   0      17.826   -59.664
0234   58.25  -999.0   -999.00   -999.0    -999    62    12.17    -10.77     -5.67    14  -999.0    -999     0   0   0   0    -999.000  -999.000
0235   58.50   905.5     21.42     97.3     951    62    12.16    -10.78     -5.64    14    -0.1     951     0   0   0   0      17.826   -59.664
0236   58.75  -999.0   -999.00   -999.0    -999    63    12.15    -10.78     -5.61    14  -999.0    -999     0   0   0   0    -999.000  -999.000
0237   59.00   906.0     21.46     97.2     946    63    12.14    -10.78     -5.58    14    -0.2     946     0   0   0   0      17.826   -59.664
0238   59.25  -999.0   -999.00   -999.0    -999    63    12.13    -10.78     -5.56    13  -999.0    -999     0   0   0   0    -999.000  -999.000
0239   59.50   906.6     21.50     97.0     940    63    12.12    -10.78     -5.53    14    -0.2     940     0   0   0   0      17.826   -59.664
0240   59.75  -999.0   -999.00   -999.0    -999    63    12.11    -10.78     -5.51    14  -999.0    -999     0   0   0   0    -999.000  -999.000
0241   60.00   907.1     21.54     96.9     935    63    12.10    -10.78     -5.49    14    -0.2     935     0   0   0   0      17.826   -59.664
0242   60.25  -999.0   -999.00   -999.0    -999    63    12.09    -10.78     -5.48    13  -999.0    -999     0   0   0   0    -999.000  -999.000
0243   60.50   907.7     21.58     96.8     930    63    12.08    -10.78     -5.46    12    -0.2     930     0   0   0   0      17.826   -59.664
0244   60.75  -999.0   -999.00   -999.0    -999    63    12.08    -10.78     -5.45    12  -999.0    -999     0   0   0   0    -999.000  -999.000
0245   61.00   908.2     21.61     96.7     924    63    12.07    -10.78     -5.43    14    -0.2     924     0   0   0   0      17.826   -59.664
0246   61.25  -999.0   -999.00   -999.0    -999    63    12.07    -10.79     -5.42    15  -999.0    -999     0   0   0   0    -999.000  -999.000
0247   61.50   908.8     21.65     96.6     919    63    12.08    -10.79     -5.41    15    -0.2     919     0   0   0   0      17.826   -59.664
0248   61.75  -999.0   -999.00   -999.0    -999    63    12.08    -10.80     -5.41    15  -999.0    -999     0   0   0   0    -999.000  -999.000
0249   62.00   909.3     21.69     96.6     914    63    12.09    -10.82     -5.40    14    -0.1     914     0   0   0   0      17.826   -59.664
0250   62.25  -999.0   -999.00   -999.0    -999    64    12.10    -10.83     -5.39    14  -999.0    -999     0   0   0   0    -999.000  -999.000
0251   62.50   909.9     21.72     96.6     909    64    12.11    -10.85     -5.39    15    -0.1     909     0   0   0   0      17.826   -59.664
0252   62.75  -999.0   -999.00   -999.0    -999    64    12.13    -10.86     -5.39    15  -999.0    -999     0   0   0   0    -999.000  -999.000
0253   63.00   910.4     21.76     96.5     904    64    12.14    -10.88     -5.39    15    -0.1     904     0   0   0   0      17.826   -59.664
0254   63.25  -999.0   -999.00   -999.0    -999    64    12.16    -10.91     -5.38    15  -999.0    -999     0   0   0   0    -999.000  -999.000
0255   63.50   911.0     21.79     96.5     898    64    12.18    -10.93     -5.38    15    -0.1     898     0   0   0   0      17.826   -59.664
0256   63.75  -999.0   -999.00   -999.0    -999    64    12.20    -10.95     -5.38    14  -999.0    -999     0   0   0   0    -999.000  -999.000
0257   64.00   911.5     21.83     96.5     893    64    12.22    -10.98     -5.38    14    -0.1     893     0   0   0   0      17.826   -59.664
0258   64.25  -999.0   -999.00   -999.0    -999    64    12.24    -11.00     -5.38    14  -999.0    -999     0   0   0   0    -999.000  -999.000
0259   64.50   912.0     21.86     96.4     888    64    12.26    -11.02     -5.38    15    -0.1     888     0   0   0   0      17.826   -59.664
0260   64.75  -999.0   -999.00   -999.0    -999    64    12.28    -11.04     -5.38    15  -999.0    -999     0   0   0   0    -999.000  -999.000
0261   65.00   912.6     21.89     96.4     883    64    12.30    -11.06     -5.37    14    -0.0     883     0   0   0   0      17.826   -59.664
0262   65.25  -999.0   -999.00   -999.0    -999    64    12.32    -11.09     -5.37    14  -999.0    -999     0   0   0   0    -999.000  -999.000
0263   65.50   913.1     21.92     96.4     878    64    12.33    -11.11     -5.37    14    -0.1     878     0   0   0   0      17.826   -59.664
0264   65.75  -999.0   -999.00   -999.0    -999    64    12.35    -11.13     -5.36    14  -999.0    -999     0   0   0   0    -999.000  -999.000
0265   66.00   913.7     21.94     96.5     873    64    12.37    -11.15     -5.36    13    -0.1     873     0   0   0   0      17.826   -59.665
0266   66.25  -999.0   -999.00   -999.0    -999    64    12.39    -11.18     -5.35    13  -999.0    -999     0   0   0   0    -999.000  -999.000
0267   66.50   914.2     21.96     96.6     867    64    12.41    -11.20     -5.35    14    -0.1     867     0   0   0   0      17.826   -59.665
0268   66.75  -999.0   -999.00   -999.0    -999    65    12.44    -11.23     -5.35    14  -999.0    -999     0   0   0   0    -999.000  -999.000
0269   67.00   914.7     21.98     96.9     862    65    12.46    -11.25     -5.34    13    -0.1     862     0   0   0   0      17.826   -59.665
0270   67.25  -999.0   -999.00   -999.0    -999    65    12.48    -11.28     -5.34    13  -999.0    -999     0   0   0   0    -999.000  -999.000
0271   67.50   915.3     21.98     97.2     857    65    12.51    -11.31     -5.34    14    -0.1     857     0   0   0   0      17.826   -59.665
0272   67.75  -999.0   -999.00   -999.0    -999    65    12.53    -11.34     -5.33    15  -999.0    -999     0   0   0   0    -999.000  -999.000
0273   68.00   915.8     21.98     97.6     852    65    12.56    -11.37     -5.33    14    -0.1     852     0   0   0   0      17.826   -59.665
0274   68.25  -999.0   -999.00   -999.0    -999    65    12.59    -11.41     -5.32    14  -999.0    -999     0   0   0   0    -999.000  -999.000
0275   68.50   916.4     21.98     98.0     847    65    12.61    -11.44     -5.31    12    -0.1     847     0   0   0   0      17.826   -59.665
0276   68.75  -999.0   -999.00   -999.0    -999    65    12.64    -11.47     -5.30    14  -999.0    -999     0   0   0   0    -999.000  -999.000
0277   69.00   916.9     21.97     98.4     841    65    12.67    -11.51     -5.30    15    -0.1     841     0   0   0   0      17.826   -59.665
0278   69.25  -999.0   -999.00   -999.0    -999    65    12.70    -11.54     -5.28    15  -999.0    -999     0   0   0   0    -999.000  -999.000
0279   69.50   917.5     21.96     98.8     836    66    12.72    -11.58     -5.27    15    -0.0     836     0   0   0   0      17.826   -59.665
0280   69.75  -999.0   -999.00   -999.0    -999    66    12.74    -11.61     -5.26    15  -999.0    -999     0   0   0   0    -999.000  -999.000
0281   70.00   918.0     21.95     99.2     831    66    12.76    -11.63     -5.24    13    -0.0     831     0   0   0   0      17.825   -59.665
0282   70.25  -999.0   -999.00   -999.0    -999    66    12.77    -11.65     -5.23    14  -999.0    -999     0   0   0   0    -999.000  -999.000
0283   70.50   918.5     21.94     99.5     826    66    12.78    -11.67     -5.21    15     0.0     826     0   0   0   0      17.825   -59.665
0284   70.75  -999.0   -999.00   -999.0    -999    66    12.77    -11.67     -5.19    16  -999.0    -999     0   0   0   0    -999.000  -999.000
0285   71.00   919.1     21.93     99.7     821    66    12.77    -11.68     -5.17    16     0.1     821     0   0   0   0      17.825   -59.665
0286   71.25  -999.0   -999.00   -999.0    -999    66    12.75    -11.67     -5.14    14  -999.0    -999     0   0   0   0    -999.000  -999.000
0287   71.50   919.6     21.92     99.9     816    66    12.73    -11.66     -5.12    15     0.1     816     0   0   0   0      17.825   -59.665
0288   71.75  -999.0   -999.00   -999.0    -999    66    12.71    -11.64     -5.10    15  -999.0    -999     0   0   0   0    -999.000  -999.000
0289   72.00   920.2     21.92    100.0     811    66    12.68    -11.61     -5.08    15     0.1     811     0   0   0   0      17.825   -59.665
0290   72.25  -999.0   -999.00   -999.0    -999    66    12.64    -11.58     -5.07    15  -999.0    -999     0   0   0   0    -999.000  -999.000
0291   72.50   920.7     21.92    100.0     806    66    12.61    -11.55     -5.05    15     0.2     806     0   0   0   0      17.825   -59.665
0292   72.75  -999.0   -999.00   -999.0    -999    66    12.58    -11.52     -5.04    15  -999.0    -999     0   0   0   0    -999.000  -999.000
0293   73.00   921.2     21.93    100.0     801    66    12.54    -11.49     -5.03    15     0.2     801     0   0   0   0      17.825   -59.665
0294   73.25  -999.0   -999.00   -999.0    -999    66    12.51    -11.46     -5.02    15  -999.0    -999     0   0   0   0    -999.000  -999.000
0295   73.50   921.7     21.94    100.0     796    66    12.48    -11.43     -5.02    14     0.2     796     0   0   0   0      17.825   -59.665
0296   73.75  -999.0   -999.00   -999.0    -999    66    12.46    -11.40     -5.02    14  -999.0    -999     0   0   0   0    -999.000  -999.000
0297   74.00   922.3     21.95    100.0     791    66    12.44    -11.38     -5.02    14     0.2     791     0   0   0   0      17.825   -59.665
0298   74.25  -999.0   -999.00   -999.0    -999    66    12.42    -11.36     -5.02    14  -999.0    -999     0   0   0   0    -999.000  -999.000
0299   74.50   922.8     21.97    100.0     786    66    12.41    -11.34     -5.03    16     0.1     786     0   0   0   0      17.825   -59.665
0300   74.75  -999.0   -999.00   -999.0    -999    66    12.39    -11.32     -5.04    15  -999.0    -999     0   0   0   0    -999.000  -999.000
0301   75.00   923.3     21.99    100.0     781    66    12.39    -11.31     -5.04    14     0.1     781     0   0   0   0      17.825   -59.666
0302   75.25  -999.0   -999.00   -999.0    -999    66    12.38    -11.30     -5.05    13  -999.0    -999     0   0   0   0    -999.000  -999.000
0303   75.50   923.9     22.01    100.0     775    66    12.37    -11.29     -5.06    14     0.0     775     0   0   0   0      17.825   -59.666
0304   75.75  -999.0   -999.00   -999.0    -999    66    12.37    -11.29     -5.06    15  -999.0    -999     0   0   0   0    -999.000  -999.000
0305   76.00   924.4     22.04    100.0     770    66    12.37    -11.28     -5.07    14     0.0     770     0   0   0   0      17.825   -59.666
0306   76.25  -999.0   -999.00   -999.0    -999    66    12.37    -11.28     -5.08    14  -999.0    -999     0   0   0   0    -999.000  -999.000
0307   76.50   925.0     22.06    100.0     765    66    12.37    -11.28     -5.08    15    -0.0     765     0   0   0   0      17.825   -59.666
0308   76.75  -999.0   -999.00   -999.0    -999    66    12.38    -11.29     -5.08    13  -999.0    -999     0   0   0   0    -999.000  -999.000
0309   77.00   925.5     22.09    100.0     760    66    12.38    -11.29     -5.09    13    -0.1     760     0   0   0   0      17.825   -59.666
0310   77.25  -999.0   -999.00   -999.0    -999    66    12.39    -11.30     -5.09    13  -999.0    -999     0   0   0   0    -999.000  -999.000
0311   77.50   926.1     22.12    100.0     755    66    12.40    -11.31     -5.09    13    -0.1     755     0   0   0   0      17.825   -59.666
0312   77.75  -999.0   -999.00   -999.0    -999    66    12.41    -11.32     -5.10    12  -999.0    -999     0   0   0   0    -999.000  -999.000
0313   78.00   926.6     22.15    100.0     750    66    12.42    -11.33     -5.10    12    -0.1     750     0   0   0   0      17.825   -59.666
0314   78.25  -999.0   -999.00   -999.0    -999    66    12.43    -11.34     -5.10    13  -999.0    -999     0   0   0   0    -999.000  -999.000
0315   78.50   927.1     22.18    100.0     745    66    12.44    -11.35     -5.11    13    -0.1     745     0   0   0   0      17.825   -59.666
0316   78.75  -999.0   -999.00   -999.0    -999    66    12.46    -11.36     -5.11    13  -999.0    -999     0   0   0   0    -999.000  -999.000
0317   79.00   927.7     22.21    100.0     739    66    12.47    -11.37     -5.11    13    -0.1     739     0   0   0   0      17.825   -59.666
0318   79.25  -999.0   -999.00   -999.0    -999    66    12.48    -11.38     -5.11    14  -999.0    -999     0   0   0   0    -999.000  -999.000
0319   79.50   928.2     22.23    100.0     734    66    12.48    -11.39     -5.11    14    -0.1     734     0   0   0   0      17.825   -59.666
0320   79.75  -999.0   -999.00   -999.0    -999    66    12.49    -11.40     -5.11    13  -999.0    -999     0   0   0   0    -999.000  -999.000
0321   80.00   928.8     22.25    100.0     729    66    12.50    -11.40     -5.11    13    -0.1     729     0   0   0   0      17.825   -59.666
0322   80.25  -999.0   -999.00   -999.0    -999    66    12.50    -11.41     -5.11    10  -999.0    -999     0   0   0   0    -999.000  -999.000
0323   80.50   929.3     22.27     99.9     724    66    12.51    -11.42     -5.10    11    -0.1     724     0   0   0   0      17.825   -59.666
0324   80.75  -999.0   -999.00   -999.0    -999    66    12.52    -11.43     -5.10    13  -999.0    -999     0   0   0   0    -999.000  -999.000
0325   81.00   929.9     22.28     99.9     719    66    12.53    -11.44     -5.10    13    -0.1     719     0   0   0   0      17.825   -59.666
0326   81.25  -999.0   -999.00   -999.0    -999    66    12.54    -11.46     -5.09    13  -999.0    -999     0   0   0   0    -999.000  -999.000
0327   81.50   930.4     22.30     99.9     714    66    12.56    -11.48     -5.09    13    -0.1     714     0   0   0   0      17.825   -59.666
0328   81.75  -999.0   -999.00   -999.0    -999    66    12.58    -11.50     -5.09    14  -999.0    -999     0   0   0   0    -999.000  -999.000
0329   82.00   931.0     22.31     99.9     708    66    12.60    -11.53     -5.08    14    -0.1     708     0   0   0   0      17.825   -59.666
0330   82.25  -999.0   -999.00   -999.0    -999    66    12.63    -11.57     -5.08    14  -999.0    -999     0   0   0   0    -999.000  -999.000
0331   82.50   931.5     22.31     99.9     703    66    12.67    -11.60     -5.09    14    -0.1     703     0   0   0   0      17.825   -59.666
0332   82.75  -999.0   -999.00   -999.0    -999    66    12.71    -11.65     -5.09    15  -999.0    -999     0   0   0   0    -999.000  -999.000
0333   83.00   932.1     22.32     99.9     698    66    12.76    -11.70     -5.09    16    -0.1     698     0   0   0   0      17.825   -59.666
0334   83.25  -999.0   -999.00   -999.0    -999    67    12.81    -11.75     -5.10    14  -999.0    -999     0   0   0   0    -999.000  -999.000
0335   83.50   932.6     22.33     99.9     693    67    12.87    -11.81     -5.11    14    -0.1     693     0   0   0   0      17.825   -59.666
0336   83.75  -999.0   -999.00   -999.0    -999    67    12.93    -11.88     -5.13    15  -999.0    -999     0   0   0   0    -999.000  -999.000
0337   84.00   933.2     22.34     99.9     688    67    13.00    -11.94     -5.15    15    -0.2     688     0   0   0   0      17.825   -59.666
0338   84.25  -999.0   -999.00   -999.0    -999    67    13.08    -12.01     -5.17    16  -999.0    -999     0   0   0   0    -999.000  -999.000
0339   84.50   933.7     22.35     99.9     682    67    13.15    -12.08     -5.20    16    -0.2     682     0   0   0   0      17.825   -59.667
0340   84.75  -999.0   -999.00   -999.0    -999    67    13.23    -12.15     -5.24    16  -999.0    -999     0   0   0   0    -999.000  -999.000
0341   85.00   934.3     22.36    100.0     677    67    13.31    -12.22     -5.28    14    -0.2     677     0   0   0   0      17.825   -59.667
0342   85.25  -999.0   -999.00   -999.0    -999    67    13.39    -12.29     -5.32    12  -999.0    -999     0   0   0   0    -999.000  -999.000
0343   85.50   934.8     22.38    100.0     672    67    13.47    -12.36     -5.37    14    -0.2     672     0   0   0   0      17.825   -59.667
0344   85.75  -999.0   -999.00   -999.0    -999    66    13.55    -12.42     -5.42    15  -999.0    -999     0   0   0   0    -999.000  -999.000
0345   86.00   935.4     22.40    100.0     667    66    13.62    -12.48     -5.46    14    -0.3     667     0   0   0   0      17.825   -59.667
0346   86.25  -999.0   -999.00   -999.0    -999    66    13.69    -12.53     -5.51    13  -999.0    -999     0   0   0   0    -999.000  -999.000
0347   86.50   936.0     22.42     99.9     662    66    13.75    -12.58     -5.54    14    -0.3     662     0   0   0   0      17.825   -59.667
0348   86.75  -999.0   -999.00   -999.0    -999    66    13.81    -12.63     -5.57    14  -999.0    -999     0   0   0   0    -999.000  -999.000
0349   87.00   936.5     22.44     99.9     657    66    13.85    -12.68     -5.59    14    -0.3     657     0   0   0   0      17.825   -59.667
0350   87.25  -999.0   -999.00   -999.0    -999    66    13.90    -12.72     -5.60    14  -999.0    -999     0   0   0   0    -999.000  -999.000
0351   87.50   937.1     22.45     99.8     651    66    13.93    -12.76     -5.60    14    -0.4     651     0   0   0   0      17.825   -59.667
0352   87.75  -999.0   -999.00   -999.0    -999    66    13.96    -12.79     -5.59    13  -999.0    -999     0   0   0   0    -999.000  -999.000
0353   88.00   937.7     22.47     99.6     646    66    13.98    -12.82     -5.58    13    -0.4     646     0   0   0   0      17.825   -59.667
0354   88.25  -999.0   -999.00   -999.0    -999    67    14.00    -12.85     -5.56    14  -999.0    -999     0   0   0   0    -999.000  -999.000
0355   88.50   938.2     22.48     99.5     641    67    14.02    -12.88     -5.53    14    -0.4     641     0   0   0   0      17.825   -59.667
0356   88.75  -999.0   -999.00   -999.0    -999    67    14.03    -12.91     -5.49    14  -999.0    -999     0   0   0   0    -999.000  -999.000
0357   89.00   938.8     22.50     99.3     635    67    14.04    -12.94     -5.46    13    -0.5     635     0   0   0   0      17.825   -59.667
0358   89.25  -999.0   -999.00   -999.0    -999    67    14.05    -12.96     -5.42    13  -999.0    -999     0   0   0   0    -999.000  -999.000
0359   89.50   939.4     22.52     99.2     630    67    14.05    -12.98     -5.39    13    -0.5     630     0   0   0   0      17.825   -59.667
0360   89.75  -999.0   -999.00   -999.0    -999    68    14.06    -13.00     -5.35    14  -999.0    -999     0   0   0   0    -999.000  -999.000
0361   90.00   939.9     22.55     99.0     625    68    14.07    -13.02     -5.32    14    -0.5     625     0   0   0   0      17.825   -59.667
0362   90.25  -999.0   -999.00   -999.0    -999    68    14.07    -13.04     -5.30    14  -999.0    -999     0   0   0   0    -999.000  -999.000
0363   90.50   940.5     22.57     98.8     619    68    14.08    -13.06     -5.27    14    -0.5     619     0   0   0   0      17.825   -59.667
0364   90.75  -999.0   -999.00   -999.0    -999    68    14.09    -13.07     -5.25    14  -999.0    -999     0   0   0   0    -999.000  -999.000
0365   91.00   941.1     22.60     98.5     614    68    14.10    -13.09     -5.24    14    -0.5     614     0   0   0   0      17.824   -59.667
0366   91.25  -999.0   -999.00   -999.0    -999    68    14.11    -13.10     -5.23    14  -999.0    -999     0   0   0   0    -999.000  -999.000
0367   91.50   941.7     22.64     98.3     609    68    14.12    -13.12     -5.22    14    -0.6     609     0   0   0   0      17.824   -59.667
0368   91.75  -999.0   -999.00   -999.0    -999    68    14.13    -13.13     -5.22    11  -999.0    -999     0   0   0   0    -999.000  -999.000
0369   92.00   942.2     22.67     98.1     603    68    14.14    -13.14     -5.23    13    -0.6     603     0   0   0   0      17.824   -59.667
0370   92.25  -999.0   -999.00   -999.0    -999    68    14.16    -13.15     -5.23    15  -999.0    -999     0   0   0   0    -999.000  -999.000
0371   92.50   942.8     22.71     97.9     598    68    14.17    -13.16     -5.25    15    -0.6     598     0   0   0   0      17.824   -59.667
0372   92.75  -999.0   -999.00   -999.0    -999  -999  -999.00   -999.00   -999.00    15  -999.0    -999     0   0   0   0    -999.000  -999.000
0373   93.00   943.4     22.75     97.7     593    68    14.21    -13.19     -5.28    15    -0.7     593     0   0   0   0      17.824   -59.668
0374   93.25  -999.0   -999.00   -999.0    -999    68    14.23    -13.20     -5.30    15  -999.0    -999     0   0   0   0    -999.000  -999.000
0375   93.50   944.0     22.79     97.5     587    68    14.25    -13.21     -5.33    14    -0.7     587     0   0   0   0      17.824   -59.668
0376   93.75  -999.0   -999.00   -999.0    -999    68    14.27    -13.23     -5.36    13  -999.0    -999     0   0   0   0    -999.000  -999.000
0377   94.00   944.6     22.83     97.2     582    68    14.30    -13.25     -5.39    14    -0.7     582     0   0   0   0      17.824   -59.668
0378   94.25  -999.0   -999.00   -999.0    -999    68    14.33    -13.26     -5.42    14  -999.0    -999     0   0   0   0    -999.000  -999.000
0379   94.50   945.1     22.87     97.0     576    68    14.35    -13.28     -5.45    16    -0.8     576     0   0   0   0      17.824   -59.668
0380   94.75  -999.0   -999.00   -999.0    -999    68    14.38    -13.29     -5.49    16  -999.0    -999     0   0   0   0    -999.000  -999.000
0381   95.00   945.7     22.91     96.8     571    67    14.40    -13.30     -5.52    14    -0.8     571     0   0   0   0      17.824   -59.668
0382   95.25  -999.0   -999.00   -999.0    -999    67    14.42    -13.31     -5.55    16  -999.0    -999     0   0   0   0    -999.000  -999.000
0383   95.50   946.3     22.95     96.6     565    67    14.44    -13.32     -5.58    15    -0.8     565     0   0   0   0      17.824   -59.668
0384   95.75  -999.0   -999.00   -999.0    -999    67    14.46    -13.33     -5.61    16  -999.0    -999     0   0   0   0    -999.000  -999.000
0385   96.00   946.9     22.99     96.4     560    67    14.48    -13.33     -5.64    16    -0.8     560     0   0   0   0      17.824   -59.668
0386   96.25  -999.0   -999.00   -999.0    -999    67    14.49    -13.34     -5.67    16  -999.0    -999     0   0   0   0    -999.000  -999.000
0387   96.50   947.5     23.03     96.2     554    67    14.50    -13.33     -5.70    16    -0.8     554     0   0   0   0      17.824   -59.668
0388   96.75  -999.0   -999.00   -999.0    -999    67    14.51    -13.33     -5.72    16  -999.0    -999     0   0   0   0    -999.000  -999.000
0389   97.00   948.1     23.07     96.0     549    67    14.51    -13.33     -5.74    16    -0.8     549     0   0   0   0      17.824   -59.668
0390   97.25  -999.0   -999.00   -999.0    -999    67    14.51    -13.32     -5.75    16  -999.0    -999     0   0   0   0    -999.000  -999.000
0391   97.50   948.7     23.11     95.8     543    67    14.51    -13.31     -5.76    16    -0.9     543     0   0   0   0      17.824   -59.668
0392   97.75  -999.0   -999.00   -999.0    -999    67    14.50    -13.30     -5.77    15  -999.0    -999     0   0   0   0    -999.000  -999.000
0393   98.00   949.3     23.16     95.6     538    67    14.49    -13.29     -5.77    15    -0.9     538     0   0   0   0      17.824   -59.668
0394   98.25  -999.0   -999.00   -999.0    -999    66    14.47    -13.27     -5.77    15  -999.0    -999     0   0   0   0    -999.000  -999.000
0395   98.50   949.9     23.20     95.4     533    66    14.46    -13.26     -5.77    15    -0.9     533     0   0   0   0      17.824   -59.668
0396   98.75  -999.0   -999.00   -999.0    -999    66    14.44    -13.24     -5.76    16  -999.0    -999     0   0   0   0    -999.000  -999.000
0397   99.00   950.5     23.24     95.3     527    66    14.42    -13.22     -5.76    16    -1.0     527     0   0   0   0      17.824   -59.668
0398   99.25  -999.0   -999.00   -999.0    -999    66    14.40    -13.20     -5.75    16  -999.0    -999     0   0   0   0    -999.000  -999.000
0399   99.50   951.1     23.28     95.2     521    66    14.37    -13.18     -5.73    16    -1.0     521     0   0   0   0      17.824   -59.668
0400   99.75  -999.0   -999.00   -999.0    -999    66    14.35    -13.16     -5.72    16  -999.0    -999     0   0   0   0    -999.000  -999.000
0401  100.00   951.7     23.32     95.2     516    67    14.32    -13.14     -5.71    16    -1.1     516     0   0   0   0      17.824   -59.668
0402  100.25  -999.0   -999.00   -999.0    -999    67    14.30    -13.11     -5.69    16  -999.0    -999     0   0   0   0    -999.000  -999.000
0403  100.50   952.3     23.37     95.3     510    67    14.27    -13.09     -5.68    16    -1.1     510     0   0   0   0      17.824   -59.668
0404  100.75  -999.0   -999.00   -999.0    -999    67    14.24    -13.07     -5.66    16  -999.0    -999     0   0   0   0    -999.000  -999.000
0405  101.00   952.9     23.41     95.4     505    67    14.22    -13.05     -5.64    16    -1.1     505     0   0   0   0      17.824   -59.669
0406  101.25  -999.0   -999.00   -999.0    -999    67    14.19    -13.03     -5.62    16  -999.0    -999     0   0   0   0    -999.000  -999.000
0407  101.50   953.5     23.45     95.7     499    67    14.17    -13.02     -5.60    16    -1.1     499     0   0   0   0      17.824   -59.669
0408  101.75  -999.0   -999.00   -999.0    -999    67    14.14    -13.00     -5.58    16  -999.0    -999     0   0   0   0    -999.000  -999.000
0409  102.00   954.1     23.49     96.1     493    67    14.12    -12.98     -5.56    16    -1.1     493     0   0   0   0      17.824   -59.669
0410  102.25  -999.0   -999.00   -999.0    -999    67    14.10    -12.97     -5.54    16  -999.0    -999     0   0   0   0    -999.000  -999.000
0411  102.50   954.7     23.52     96.6     488    67    14.08    -12.95     -5.52    16    -1.1     488     0   0   0   0      17.824   -59.669
0412  102.75  -999.0   -999.00   -999.0    -999    67    14.05    -12.93     -5.50    16  -999.0    -999     0   0   0   0    -999.000  -999.000
0413  103.00   955.4     23.56     97.1     482    67    14.03    -12.92     -5.48    14    -1.1     482     0   0   0   0      17.824   -59.669
0414  103.25  -999.0   -999.00   -999.0    -999    67    14.01    -12.90     -5.47    14  -999.0    -999     0   0   0   0    -999.000  -999.000
0415  103.50   956.0     23.59     97.6     476    67    14.00    -12.89     -5.46    14    -1.0     476     0   0   0   0      17.824   -59.669
0416  103.75  -999.0   -999.00   -999.0    -999    67    13.98    -12.87     -5.45    14  -999.0    -999     0   0   0   0    -999.000  -999.000
0417  104.00   956.6     23.61     98.0     471    67    13.96    -12.85     -5.45    15    -1.0     471     0   0   0   0      17.824   -59.669
0418  104.25  -999.0   -999.00   -999.0    -999    67    13.94    -12.83     -5.45    15  -999.0    -999     0   0   0   0    -999.000  -999.000
0419  104.50  -999.0   -999.00   -999.0    -999    67    13.92    -12.81     -5.45    15  -999.0    -999     0   0   0   0      17.824   -59.669
0420  104.75  -999.0   -999.00   -999.0    -999    67    13.90    -12.79     -5.46    15  -999.0    -999     0   0   0   0    -999.000  -999.000
0421  105.00   957.8     23.65     98.6     460    67    13.89    -12.76     -5.47    15    -0.8     460     0   0   0   0      17.824   -59.669
0422  105.25  -999.0   -999.00   -999.0    -999    67    13.87    -12.74     -5.49    15  -999.0    -999     0   0   0   0    -999.000  -999.000
0423  105.50   958.3     23.67   -999.0     454    67    13.85    -12.71     -5.50    15    -0.7     454     0   0   0   0      17.824   -59.669
0424  105.75  -999.0   -999.00   -999.0    -999    66    13.83    -12.68     -5.52    15  -999.0    -999     0   0   0   0    -999.000  -999.000
0425  106.00   958.9     23.68     98.8     449    66    13.81    -12.65     -5.55    15    -0.7     449     0   0   0   0      17.824   -59.669
0426  106.25  -999.0   -999.00   -999.0    -999    66    13.79    -12.62     -5.57    15  -999.0    -999     0   0   0   0    -999.000  -999.000
0427  106.50   959.5     23.70     98.9     444    66    13.77    -12.58     -5.59    15    -0.6     444     0   0   0   0      17.824   -59.669
0428  106.75  -999.0   -999.00   -999.0    -999    66    13.74    -12.54     -5.62    15  -999.0    -999     0   0   0   0    -999.000  -999.000
0429  107.00   960.1     23.71     98.9     438    66    13.71    -12.49     -5.64    15    -0.5     438     0   0   0   0      17.824   -59.669
0430  107.25  -999.0   -999.00   -999.0    -999    66    13.68    -12.45     -5.66    15  -999.0    -999     0   0   0   0    -999.000  -999.000
0431  107.50   960.7     23.73     98.8     433    65    13.64    -12.40     -5.68    15    -0.4     433     0   0   0   0      17.824   -59.669
0432  107.75  -999.0   -999.00   -999.0    -999    65    13.60    -12.35     -5.70    15  -999.0    -999     0   0   0   0    -999.000  -999.000
0433  108.00   961.2     23.74     98.6     428    65    13.57    -12.30     -5.72    15    -0.4     428     0   0   0   0      17.824   -59.669
0434  108.25  -999.0   -999.00   -999.0    -999    65    13.53    -12.25     -5.74    15  -999.0    -999     0   0   0   0    -999.000  -999.000
0435  108.50   961.8     23.76     98.3     423    65    13.49    -12.20     -5.75    15    -0.3     423     0   0   0   0      17.824   -59.669
0436  108.75  -999.0   -999.00   -999.0    -999    65    13.45    -12.15     -5.77    15  -999.0    -999     0   0   0   0    -999.000  -999.000
0437  109.00   962.4     23.78     97.9     418    64    13.41    -12.10     -5.78    15    -0.3     418     0   0   0   0      17.824   -59.670
0438  109.25  -999.0   -999.00   -999.0    -999    64    13.37    -12.05     -5.80    15  -999.0    -999     0   0   0   0    -999.000  -999.000
0439  109.50   962.9     23.80     97.5     412    64    13.34    -12.01     -5.81    15    -0.2     412     0   0   0   0      17.824   -59.670
0440  109.75  -999.0   -999.00   -999.0    -999    64    13.30    -11.97     -5.81    15  -999.0    -999     0   0   0   0    -999.000  -999.000
0441  110.00   963.5     23.83     97.1     407    64    13.27    -11.93     -5.82    15    -0.1     407     0   0   0   0      17.824   -59.670
0442  110.25  -999.0   -999.00   -999.0    -999    64    13.25    -11.90     -5.82    15  -999.0    -999     0   0   0   0    -999.000  -999.000
0443  110.50   964.1     23.86     96.7     402    64    13.23    -11.88     -5.82    15    -0.1     402     0   0   0   0      17.824   -59.670
0444  110.75  -999.0   -999.00   -999.0    -999    64    13.21    -11.86     -5.82    15  -999.0    -999     0   0   0   0    -999.000  -999.000
0445  111.00   964.6     23.90     96.4     397    64    13.20    -11.85     -5.81    15    -0.0     397     0   0   0   0      17.823   -59.670
0446  111.25  -999.0   -999.00   -999.0    -999    64    13.19    -11.85     -5.80    15  -999.0    -999     0   0   0   0    -999.000  -999.000
0447  111.50   965.2     23.93     96.2     392    64    13.19    -11.86     -5.79    15    -0.0     392     0   0   0   0      17.823   -59.670
0448  111.75  -999.0   -999.00   -999.0    -999    64    13.20    -11.87     -5.77    15  -999.0    -999     0   0   0   0    -999.000  -999.000
0449  112.00   965.7     23.97     96.1     387    64    13.21    -11.89     -5.76    15     0.0     387     0   0   0   0      17.823   -59.670
0450  112.25  -999.0   -999.00   -999.0    -999    64    13.22    -11.91     -5.73    15  -999.0    -999     0   0   0   0    -999.000  -999.000
0451  112.50   966.3     24.01     96.0     382    64    13.24    -11.94     -5.71    15     0.0     382     0   0   0   0      17.823   -59.670
0452  112.75  -999.0   -999.00   -999.0    -999    65    13.26    -11.98     -5.68    15  -999.0    -999     0   0   0   0    -999.000  -999.000
0453  113.00   966.8     24.04     96.0     377    65    13.28    -12.02     -5.66    15     0.1     377     0   0   0   0      17.823   -59.670
0454  113.25  -999.0   -999.00   -999.0    -999    65    13.31    -12.06     -5.63    15  -999.0    -999     0   0   0   0    -999.000  -999.000
0455  113.50   967.4     24.08     96.0     372    65    13.33    -12.10     -5.60    15     0.1     372     0   0   0   0      17.823   -59.670
0456  113.75  -999.0   -999.00   -999.0    -999    65    13.37    -12.15     -5.57    15  -999.0    -999     0   0   0   0    -999.000  -999.000
0457  114.00   967.9     24.11     96.1     367    66    13.40    -12.20     -5.54    15     0.1     367     0   0   0   0      17.823   -59.670
0458  114.25  -999.0   -999.00   -999.0    -999    66    13.44    -12.25     -5.52    15  -999.0    -999     0   0   0   0    -999.000  -999.000
0459  114.50   968.5     24.14     96.2     362    66    13.47    -12.30     -5.50    15     0.1     362     0   0   0   0      17.823   -59.670
0460  114.75  -999.0   -999.00   -999.0    -999    66    13.51    -12.35     -5.48    15  -999.0    -999     0   0   0   0    -999.000  -999.000
0461  115.00   969.0     24.18     96.3     357    66    13.56    -12.40     -5.47    15     0.1     357     0   0   0   0      17.823   -59.670
0462  115.25  -999.0   -999.00   -999.0    -999    66    13.60    -12.45     -5.46    15  -999.0    -999     0   0   0   0    -999.000  -999.000
0463  115.50   969.5     24.21     96.3     352    66    13.64    -12.50     -5.46    15     0.2     352     0   0   0   0      17.823   -59.670
0464  115.75  -999.0   -999.00   -999.0    -999    66    13.69    -12.55     -5.47    15  -999.0    -999     0   0   0   0    -999.000  -999.000
0465  116.00   970.1     24.24     96.3     347    66    13.73    -12.59     -5.48    15     0.2     347     0   0   0   0      17.823   -59.670
0466  116.25  -999.0   -999.00   -999.0    -999    66    13.78    -12.64     -5.50    15  -999.0    -999     0   0   0   0    -999.000  -999.000
0467  116.50   970.6     24.28     96.3     342    66    13.83    -12.68     -5.53    15     0.3     342     0   0   0   0      17.823   -59.670
0468  116.75  -999.0   -999.00   -999.0    -999    66    13.87    -12.71     -5.56    15  -999.0    -999     0   0   0   0    -999.000  -999.000
0469  117.00   971.2     24.31     96.2     338    66    13.92    -12.74     -5.59    15     0.3     338     0   0   0   0      17.823   -59.670
0470  117.25  -999.0   -999.00   -999.0    -999    66    13.96    -12.77     -5.64    15  -999.0    -999     0   0   0   0    -999.000  -999.000
0471  117.50   971.7     24.35     96.0     333    66    14.00    -12.79     -5.68    15     0.3     333     0   0   0   0      17.823   -59.670
0472  117.75  -999.0   -999.00   -999.0    -999    66    14.04    -12.81     -5.73    14  -999.0    -999     0   0   0   0    -999.000  -999.000
0473  118.00   972.2     24.39     95.8     328    66    14.07    -12.83     -5.77    15     0.3     328     0   0   0   0      17.823   -59.671
0474  118.25  -999.0   -999.00   -999.0    -999    66    14.10    -12.84     -5.82    15  -999.0    -999     0   0   0   0    -999.000  -999.000
0475  118.50   972.8     24.44     95.5     323    65    14.13    -12.85     -5.87    15     0.4     323     0   0   0   0      17.823   -59.671
0476  118.75  -999.0   -999.00   -999.0    -999    65    14.15    -12.85     -5.91    15  -999.0    -999     0   0   0   0    -999.000  -999.000
0477  119.00   973.3     24.49     95.2     318    65    14.17    -12.86     -5.96    15     0.4     318     0   0   0   0      17.823   -59.671
0478  119.25  -999.0   -999.00   -999.0    -999    65    14.18    -12.86     -5.99    15  -999.0    -999     0   0   0   0    -999.000  -999.000
0479  119.50   973.8     24.53     95.0     313    65    14.19    -12.85     -6.02    15     0.4     313     0   0   0   0      17.823   -59.671
0480  119.75  -999.0   -999.00   -999.0    -999    65    14.20    -12.85     -6.05    15  -999.0    -999     0   0   0   0    -999.000  -999.000
0481  120.00   974.4     24.57     94.8     309    65    14.21    -12.85     -6.07    15     0.3     309     0   0   0   0      17.823   -59.671
0482  120.25  -999.0   -999.00   -999.0    -999    65    14.21    -12.84     -6.09    15  -999.0    -999     0   0   0   0    -999.000  -999.000
0483  120.50   974.9     24.61     94.7     304    65    14.21    -12.83     -6.10    15     0.3     304     0   0   0   0      17.823   -59.671
0484  120.75  -999.0   -999.00   -999.0    -999    65    14.21    -12.82     -6.11    15  -999.0    -999     0   0   0   0    -999.000  -999.000
0485  121.00   975.4     24.65     94.6     299    64    14.20    -12.81     -6.11    15     0.3     299     0   0   0   0      17.823   -59.671
0486  121.25  -999.0   -999.00   -999.0    -999    64    14.19    -12.80     -6.12    15  -999.0    -999     0   0   0   0    -999.000  -999.000
0487  121.50   976.0     24.68     94.7     294    64    14.17    -12.79     -6.12    15     0.2     294     0   0   0   0      17.823   -59.671
0488  121.75  -999.0   -999.00   -999.0    -999    64    14.16    -12.77     -6.12    15  -999.0    -999     0   0   0   0    -999.000  -999.000
0489  122.00   976.5     24.70     94.8     289    64    14.14    -12.75     -6.12    15     0.2     289     0   0   0   0      17.823   -59.671
0490  122.25  -999.0   -999.00   -999.0    -999    64    14.13    -12.73     -6.12    15  -999.0    -999     0   0   0   0    -999.000  -999.000
0491  122.50   977.1     24.73     94.9     284    64    14.11    -12.71     -6.12    15     0.1     284     0   0   0   0      17.823   -59.671
0492  122.75  -999.0   -999.00   -999.0    -999    64    14.09    -12.69     -6.12    15  -999.0    -999     0   0   0   0    -999.000  -999.000
0493  123.00   977.6     24.74     95.2     279    64    14.07    -12.67     -6.12    15     0.1     279     0   0   0   0      17.823   -59.671
0494  123.25  -999.0   -999.00   -999.0    -999    64    14.05    -12.64     -6.13    15  -999.0    -999     0   0   0   0    -999.000  -999.000
0495  123.50   978.2     24.76     95.4     274    64    14.02    -12.61     -6.13    15     0.0     274     0   0   0   0      17.823   -59.671
0496  123.75  -999.0   -999.00   -999.0    -999    64    14.00    -12.58     -6.14    15  -999.0    -999     0   0   0   0    -999.000  -999.000
0497  124.00   978.7     24.78     95.6     269    64    13.98    -12.55     -6.14    15    -0.1     269     0   0   0   0      17.823   -59.671
0498  124.25  -999.0   -999.00   -999.0    -999    64    13.95    -12.52     -6.15    15  -999.0    -999     0   0   0   0    -999.000  -999.000
0499  124.50   979.3     24.80     95.8     264    64    13.92    -12.49     -6.15    15    -0.1     264     0   0   0   0      17.823   -59.671
0500  124.75  -999.0   -999.00   -999.0    -999    64    13.90    -12.46     -6.16    15  -999.0    -999     0   0   0   0    -999.000  -999.000
0501  125.00   979.8     24.82     95.9     259    64    13.87    -12.42     -6.16    15    -0.2     259     0   0   0   0      17.823   -59.671
0502  125.25  -999.0   -999.00   -999.0    -999    64    13.84    -12.39     -6.16    15  -999.0    -999     0   0   0   0    -999.000  -999.000
0503  125.50   980.4     24.85     96.0     254    64    13.81    -12.36     -6.16    15    -0.2     254     0   0   0   0      17.823   -59.671
0504  125.75  -999.0   -999.00   -999.0    -999    63    13.78    -12.32     -6.16    15  -999.0    -999     0   0   0   0    -999.000  -999.000
0505  126.00   981.0     24.88     96.1     249    63    13.75    -12.29     -6.16    15    -0.3     249     0   0   0   0      17.823   -59.672
0506  126.25  -999.0   -999.00   -999.0    -999    63    13.72    -12.26     -6.16    15  -999.0    -999     0   0   0   0    -999.000  -999.000
0507  126.50   981.5     24.91     96.1     244    63    13.69    -12.22     -6.16    15    -0.4     244     0   0   0   0      17.823   -59.672
0508  126.75  -999.0   -999.00   -999.0    -999    63    13.67    -12.19     -6.17    15  -999.0    -999     0   0   0   0    -999.000  -999.000
0509  127.00   982.1     24.95     96.1     239    63    13.64    -12.17     -6.18    15    -0.4     239     0   0   0   0      17.823   -59.672
0510  127.25  -999.0   -999.00   -999.0    -999    63    13.63    -12.14     -6.19    15  -999.0    -999     0   0   0   0    -999.000  -999.000
0511  127.50   982.7     24.98     96.0     233    63    13.62    -12.12     -6.21    15    -0.5     233     0   0   0   0      17.823   -59.672
0512  127.75  -999.0   -999.00   -999.0    -999    63    13.61    -12.10     -6.23    15  -999.0    -999     0   0   0   0    -999.000  -999.000
0513  128.00   983.3     25.02     95.9     228    63    13.62    -12.09     -6.26    15    -0.6     228     0   0   0   0      17.823   -59.672
0514  128.25  -999.0   -999.00   -999.0    -999    63    13.63    -12.09     -6.29    14  -999.0    -999     0   0   0   0    -999.000  -999.000
0515  128.50   983.9     25.07     95.7     223    62    13.65    -12.09     -6.33    15    -0.6     223     0   0   0   0      17.823   -59.672
0516  128.75  -999.0   -999.00   -999.0    -999    62    13.67    -12.10     -6.37    15  -999.0    -999     0   0   0   0    -999.000  -999.000
0517  129.00   984.5     25.11     95.5     218    62    13.70    -12.11     -6.41    15    -0.7     218     0   0   0   0      17.823   -59.672
0518  129.25  -999.0   -999.00   -999.0    -999    62    13.74    -12.12     -6.46    15  -999.0    -999     0   0   0   0    -999.000  -999.000
0519  129.50   985.1     25.15     95.4     212    62    13.77    -12.14     -6.50    15    -0.7     212     0   0   0   0      17.823   -59.672
0520  129.75  -999.0   -999.00   -999.0    -999    62    13.82    -12.16     -6.55    15  -999.0    -999     0   0   0   0    -999.000  -999.000
0521  130.00   985.7     25.20     95.2     207    62    13.86    -12.18     -6.60    15    -0.8     207     0   0   0   0      17.822   -59.672
0522  130.25  -999.0   -999.00   -999.0    -999    61    13.90    -12.20     -6.65    15  -999.0    -999     0   0   0   0    -999.000  -999.000
0523  130.50   986.3     25.25     95.0     201    61    13.94    -12.22     -6.70    15    -0.8     201     0   0   0   0      17.822   -59.672
0524  130.75  -999.0   -999.00   -999.0    -999    61    13.98    -12.24     -6.75    15  -999.0    -999     0   0   0   0    -999.000  -999.000
0525  131.00   986.9     25.29     94.9     196    61    14.01    -12.25     -6.80    15    -0.8     196     0   0   0   0      17.822   -59.672
0526  131.25  -999.0   -999.00   -999.0    -999    61    14.04    -12.26     -6.84    15  -999.0    -999     0   0   0   0    -999.000  -999.000
0527  131.50   987.5     25.34     94.7     191    61    14.07    -12.27     -6.89    15    -0.8     191     0   0   0   0      17.822   -59.672
0528  131.75  -999.0   -999.00   -999.0    -999    61    14.09    -12.28     -6.92    14  -999.0    -999     0   0   0   0    -999.000  -999.000
0529  132.00   988.1     25.39     94.5     185    60    14.11    -12.28     -6.96    15    -0.8     185     0   0   0   0      17.822   -59.672
0530  132.25  -999.0   -999.00   -999.0    -999    60    14.13    -12.28     -6.99    15  -999.0    -999     0   0   0   0    -999.000  -999.000
0531  132.50   988.7     25.44     94.3     180    60    14.14    -12.27     -7.01    15    -0.8     180     0   0   0   0      17.822   -59.672
0532  132.75  -999.0   -999.00   -999.0    -999    60    14.14    -12.27     -7.03    15  -999.0    -999     0   0   0   0    -999.000  -999.000
0533  133.00   989.3     25.48     94.2     175    60    14.15    -12.27     -7.05    14    -0.8     175     0   0   0   0      17.822   -59.672
0534  133.25  -999.0   -999.00   -999.0    -999    60    14.15    -12.26     -7.06    15  -999.0    -999     0   0   0   0    -999.000  -999.000
0535  133.50   989.9     25.53     94.1     169    60    14.15    -12.26     -7.06    14    -0.7     169     0   0   0   0      17.822   -59.672
0536  133.75  -999.0   -999.00   -999.0    -999    60    14.14    -12.25     -7.06    14  -999.0    -999     0   0   0   0    -999.000  -999.000
0537  134.00   990.5     25.58     94.0     164    60    14.14    -12.25     -7.06    14    -0.7     164     0   0   0   0      17.822   -59.672
0538  134.25  -999.0   -999.00   -999.0    -999    60    14.13    -12.24     -7.05    14  -999.0    -999     0   0   0   0    -999.000  -999.000
0539  134.50   991.1     25.62     93.9     159    60    14.12    -12.23     -7.05    14    -0.7     159     0   0   0   0      17.822   -59.673
0540  134.75  -999.0   -999.00   -999.0    -999    60    14.10    -12.22     -7.04    15  -999.0    -999     0   0   0   0    -999.000  -999.000
0541  135.00   991.6     25.67     93.8     153    60    14.09    -12.20     -7.03    15    -0.6     153     0   0   0   0      17.822   -59.673
0542  135.25  -999.0   -999.00   -999.0    -999    60    14.07    -12.19     -7.03    15  -999.0    -999     0   0   0   0    -999.000  -999.000
0543  135.50   992.2     25.71     93.7     148    60    14.05    -12.17     -7.02    16    -0.6     148     0   0   0   0      17.822   -59.673
0544  135.75  -999.0   -999.00   -999.0    -999    60    14.03    -12.15     -7.02    15  -999.0    -999     0   0   0   0    -999.000  -999.000
0545  136.00   992.8     25.75     93.6     143    60    14.01    -12.12     -7.02    15    -0.5     143     0   0   0   0      17.822   -59.673
0546  136.25  -999.0   -999.00   -999.0    -999    60    13.99    -12.10     -7.02    15  -999.0    -999     0   0   0   0    -999.000  -999.000
0547  136.50   993.4     25.80     93.4     138    60    13.97    -12.08     -7.02    15    -0.5     138     0   0   0   0      17.822   -59.673
0548  136.75  -999.0   -999.00   -999.0    -999    60    13.95    -12.06     -7.03    15  -999.0    -999     0   0   0   0    -999.000  -999.000
0549  137.00   994.0     25.84     93.3     132    60    13.94    -12.03     -7.03    15    -0.5     132     0   0   0   0      17.822   -59.673
0550  137.25  -999.0   -999.00   -999.0    -999    60    13.92    -12.01     -7.04    15  -999.0    -999     0   0   0   0    -999.000  -999.000
0551  137.50   994.6     25.88     93.1     127    60    13.91    -12.00     -7.05    15    -0.5     127     0   0   0   0      17.822   -59.673
0552  137.75  -999.0   -999.00   -999.0    -999    59    13.90    -11.98     -7.06    15  -999.0    -999     0   0   0   0    -999.000  -999.000
0553  138.00   995.2     25.93     92.9     122    59    13.90    -11.97     -7.07    15    -0.4     122     0   0   0   0      17.822   -59.673
0554  138.25  -999.0   -999.00   -999.0    -999    59    13.90    -11.96     -7.08    15  -999.0    -999     0   0   0   0    -999.000  -999.000
0555  138.50   995.7     25.97     92.7     117    59    13.90    -11.95     -7.10    15    -0.4     117     0   0   0   0      17.822   -59.673
0556  138.75  -999.0   -999.00   -999.0    -999    59    13.91    -11.95     -7.12    15  -999.0    -999     0   0   0   0    -999.000  -999.000
0557  139.00   996.3     26.02     92.5     112    59    13.91    -11.95     -7.13    15    -0.4     112     0   0   0   0      17.822   -59.673
0558  139.25  -999.0   -999.00   -999.0    -999    59    13.92    -11.95     -7.15    14  -999.0    -999     0   0   0   0    -999.000  -999.000
0559  139.50   996.9     26.07     92.2     106    59    13.94    -11.95     -7.17    14    -0.4     106     0   0   0   0      17.822   -59.673
0560  139.75  -999.0   -999.00   -999.0    -999    59    13.95    -11.95     -7.19    14  -999.0    -999     0   0   0   0    -999.000  -999.000
0561  140.00   997.5     26.11     92.0     101    59    13.96    -11.96     -7.21    14    -0.4     101     0   0   0   0      17.822   -59.673
0562  140.25  -999.0   -999.00   -999.0    -999    59    13.98    -11.96     -7.23    14  -999.0    -999     0   0   0   0    -999.000  -999.000
0563  140.50   998.1     26.16     91.7      96    59    13.99    -11.96     -7.26    14    -0.4      96     0   0   0   0      17.822   -59.673
0564  140.75  -999.0   -999.00   -999.0    -999    59    14.00    -11.96     -7.28    14  -999.0    -999     0   0   0   0    -999.000  -999.000
0565  141.00   998.6     26.21     91.5      91    59    14.00    -11.95     -7.30    13    -0.4      91     0   0   0   0      17.822   -59.673
0566  141.25  -999.0   -999.00   -999.0    -999    58    14.01    -11.94     -7.32    14  -999.0    -999     0   0   0   0    -999.000  -999.000
0567  141.50   999.2     26.26     91.3      86    58    14.01    -11.93     -7.34    14    -0.4      86     0   0   0   0      17.822   -59.673
0568  141.75  -999.0   -999.00   -999.0    -999    58    14.00    -11.91     -7.36    14  -999.0    -999     0   0   0   0    -999.000  -999.000
0569  142.00   999.8     26.31     91.0      81    58    13.99    -11.89     -7.37    14    -0.4      81     0   0   0   0      17.822   -59.673
0570  142.25  -999.0   -999.00   -999.0    -999    58    13.98    -11.87     -7.39    14  -999.0    -999     0   0   0   0    -999.000  -999.000
0571  142.50  1000.4     26.35     90.8      76    58    13.97    -11.84     -7.41    14    -0.4      76     0   0   0   0      17.822   -59.673
0572  142.75  -999.0   -999.00   -999.0    -999    58    13.95    -11.81     -7.42    14  -999.0    -999     0   0   0   0    -999.000  -999.000
0573  143.00  -999.0   -999.00   -999.0    -999    58    13.93    -11.78     -7.43    13  -999.0    -999     0   0   0   0      17.822   -59.673
0574  143.25  -999.0   -999.00   -999.0    -999    58    13.91    -11.75     -7.44    13  -999.0    -999     0   0   0   0    -999.000  -999.000
0575  143.50  1001.5     26.45     90.4      65    58    13.89    -11.72     -7.45    14    -0.5      65     0   0   0   0      17.822   -59.674
0576  143.75  -999.0   -999.00   -999.0    -999    57    13.87    -11.69     -7.46    15  -999.0    -999     0   0   0   0    -999.000  -999.000
0577  144.00  1002.1     26.50     90.2      60    57    13.85    -11.66     -7.47    15    -0.5      60     0   0   0   0      17.822   -59.674
0578  144.25  -999.0   -999.00   -999.0    -999    57    13.83    -11.63     -7.48    14  -999.0    -999     0   0   0   0    -999.000  -999.000
0579  144.50  1002.7     26.55     90.0      55    57    13.81    -11.60     -7.48    14    -0.5      55     0   0   0   0      17.822   -59.674
0580  144.75  -999.0   -999.00   -999.0    -999    57    13.79    -11.58     -7.49    14  -999.0    -999     0   0   0   0    -999.000  -999.000
0581  145.00  1003.3     26.60     89.7      50    57    13.77    -11.56     -7.49    15    -0.5      50     0   0   0   0      17.822   -59.674
0582  145.25  -999.0   -999.00   -999.0    -999    57    13.75    -11.54     -7.48    15  -999.0    -999     0   0   0   0    -999.000  -999.000
0583  145.50  1003.9     26.65     89.5      44    57    13.74    -11.52     -7.48    14    -0.5      44     0   0   0   0      17.821   -59.674
0584  145.75  -999.0   -999.00   -999.0    -999    57    13.73    -11.52     -7.47    15  -999.0    -999     0   0   0   0    -999.000  -999.000
0585  146.00  1004.5     26.70     89.3      39    57    13.73    -11.52     -7.46    15    -0.5      39     0   0   0   0      17.821   -59.674
0586  146.25  -999.0   -999.00   -999.0    -999    57    13.72    -11.53     -7.45    14  -999.0    -999     0   0   0   0    -999.000  -999.000
0587  146.50  1005.1     26.75     89.2      34    57    13.71    -11.52     -7.43    14    -0.5      34     0   0   0   0      17.821   -59.674
0588  146.75  -999.0   -999.00   -999.0    -999    57    13.67    -11.49     -7.41    14  -999.0    -999     0   0   0   0    -999.000  -999.000
0589  147.00  1005.7     26.80     89.0      29    57    13.62    -11.43     -7.40    15    -0.5      29     0   0   0   0      17.821   -59.674
0590  147.25  -999.0   -999.00   -999.0    -999    57    13.56    -11.37     -7.39    15  -999.0    -999     0   0   0   0    -999.000  -999.000
0591  147.50  1006.3     26.85     88.8      23    57    13.51    -11.31     -7.40    14    -0.5      23     0   0   0   0      17.821   -59.674
0592  147.75  -999.0   -999.00   -999.0    -999    57    13.49    -11.27     -7.41    15  -999.0    -999     0   0   0   0    -999.000  -999.000
0593  148.00  1006.8     26.90     88.7      18    57    13.48    -11.26     -7.42    13    -0.5      18     0   0   0   0      17.821   -59.674
0594  148.25  -999.0   -999.00   -999.0    -999    57    13.50    -11.27     -7.43    14  -999.0    -999     0   0   0   0    -999.000  -999.000
0595  148.50  1007.4     26.95     88.6      13    57    13.55    -11.31     -7.45    12    -0.4      13     0   0   0   0      17.821   -59.674
0596  148.75  -999.0   -999.00   -999.0    -999    57    13.61    -11.38     -7.47    11  -999.0    -999     0   0   0   0    -999.000  -999.000
0597  149.00  1008.0     27.00     88.5       8    57    13.68    -11.46     -7.48    13    -0.4       8     0   0   0   0      17.821   -59.674
0598  149.25  -999.0   -999.00   -999.0    -999    57    13.67    -11.46     -7.45    12  -999.0    -999     0   0   0   0    -999.000  -999.000
0599  149.79  1008.9     27.03     88.5       0  -999  -999.00   -999.00   -999.00  -999  -999.0       0     0   0   0   0    -999.000  -999.000
