 ===========================================================================
 DROPWINDSONDE PROCESSING RECORD                            Sonde: 194940913
 FRD file written by Aspen V3.4.4, 22 Aug 2020 00:46 UTC
 Aircraft: WP-3D, N43RF                      Date: 200822   Time: 003555 UTC
 ---------------------------------------------------------------------------
 Bias corrections:  PR =   0.0 mb  TE =   0.0 C  RH =   0.0 %  PRB =  0.0 mb
 Filters (LPF):     PTH = 
 Dyn RH correction = 
 Estimated PR used = 
 Dyn T correction  = 
 ---------------------------------------------------------------------------
 COMMENT: Drop 14, Good Drop
 ===========================================================================

 ===========================================================================
 Date: 200822   Lat:  16.89 N   TA:   18.3 C   PS:  842.0 mb   WD:   167 deg
 Time: 003555   Lon:  63.07 W   TD:   17.8 C   GA:   1597 m    WS:   2.4 m/s
 SID:  194940913                RH:   96.8 %   Navaid:   GP
 ===========================================================================

IX      t (s)  P (mb)    T (C)    RH (%)  Z (m)   WD    WS (m/s)   U (m/s)   V (m/s)  NS  WZ (m/s)  ZW (m)   FP  FT  FH  FW    LAT (N)   LON (E)
0001    0.00  -999.0   -999.00   -999.0    -999  -999  -999.00   -999.00   -999.00     9  -999.0    -999     0   0   0   0      16.891   -63.065
0002    0.25  -999.0   -999.00   -999.0    -999  -999  -999.00   -999.00   -999.00    10  -999.0    -999     0   0   0   0    -999.000  -999.000
0003    0.50  -999.0   -999.00     96.4    -999  -999  -999.00   -999.00   -999.00    10  -999.0    -999     0   0   0   0      16.891   -63.065
0004    0.75  -999.0   -999.00   -999.0    -999  -999  -999.00   -999.00   -999.00    10  -999.0    -999     0   0   0   0    -999.000  -999.000
0005    1.00  -999.0   -999.00     96.4    -999  -999  -999.00   -999.00   -999.00    10  -999.0    -999     0   0   0   0      16.891   -63.065
0006    1.25  -999.0   -999.00   -999.0    -999  -999  -999.00   -999.00   -999.00    11  -999.0    -999     0   0   0   0    -999.000  -999.000
0007    1.50  -999.0   -999.00     96.5    -999  -999  -999.00   -999.00   -999.00    11  -999.0    -999     0   0   0   0      16.891   -63.065
0008    1.75  -999.0   -999.00   -999.0    -999  -999  -999.00   -999.00   -999.00    10  -999.0    -999     0   0   0   0    -999.000  -999.000
0009    2.00  -999.0   -999.00     96.5    -999  -999  -999.00   -999.00   -999.00     8  -999.0    -999     0   0   0   0      16.891   -63.065
0010    2.25  -999.0   -999.00   -999.0    -999  -999  -999.00   -999.00   -999.00    11  -999.0    -999     0   0   0   0    -999.000  -999.000
0011    2.50  -999.0   -999.00     96.6    -999  -999  -999.00   -999.00   -999.00    11  -999.0    -999     0   0   0   0      16.891   -63.065
0012    2.75  -999.0   -999.00   -999.0    -999  -999  -999.00   -999.00   -999.00    11  -999.0    -999     0   0   0   0    -999.000  -999.000
0013    3.00   846.6     18.38     96.6    1534  -999  -999.00   -999.00   -999.00    11    -0.9    1534     0   0   0   0      16.891   -63.065
0014    3.25  -999.0   -999.00   -999.0    -999  -999  -999.00   -999.00   -999.00    11  -999.0    -999     0   0   0   0    -999.000  -999.000
0015    3.50   847.1     18.40     96.6    1528  -999  -999.00   -999.00   -999.00     8    -0.9    1528     0   0   0   0      16.891   -63.065
0016    3.75  -999.0   -999.00   -999.0    -999  -999  -999.00   -999.00   -999.00    10  -999.0    -999     0   0   0   0    -999.000  -999.000
0017    4.00   847.7     18.42     96.6    1522  -999  -999.00   -999.00   -999.00     8    -0.8    1522     0   0   0   0      16.891   -63.065
0018    4.25  -999.0   -999.00   -999.0    -999  -999  -999.00   -999.00   -999.00    11  -999.0    -999     0   0   0   0    -999.000  -999.000
0019    4.50   848.3     18.45     96.5    1517  -999  -999.00   -999.00   -999.00    11    -0.7    1517     0   0   0   0      16.891   -63.065
0020    4.75  -999.0   -999.00   -999.0    -999  -999  -999.00   -999.00   -999.00    11  -999.0    -999     0   0   0   0    -999.000  -999.000
0021    5.00   848.8     18.48     96.4    1511  -999  -999.00   -999.00   -999.00     8    -0.6    1511     0   0   0   0      16.891   -63.065
0022    5.25  -999.0   -999.00   -999.0    -999  -999  -999.00   -999.00   -999.00    11  -999.0    -999     0   0   0   0    -999.000  -999.000
0023    5.50   849.4     18.51     96.3    1505  -999  -999.00   -999.00   -999.00    11    -0.6    1505     0   0   0   0      16.891   -63.065
0024    5.75  -999.0   -999.00   -999.0    -999  -999  -999.00   -999.00   -999.00    10  -999.0    -999     0   0   0   0    -999.000  -999.000
0025    6.00   849.9     18.55     96.3    1500  -999  -999.00   -999.00   -999.00    10    -0.5    1500     0   0   0   0      16.891   -63.065
0026    6.25  -999.0   -999.00   -999.0    -999  -999  -999.00   -999.00   -999.00     9  -999.0    -999     0   0   0   0    -999.000  -999.000
0027    6.50   850.5     18.58     96.2    1494  -999  -999.00   -999.00   -999.00    11    -0.4    1494     0   0   0   0      16.891   -63.065
0028    6.75  -999.0   -999.00   -999.0    -999  -999  -999.00   -999.00   -999.00    10  -999.0    -999     0   0   0   0    -999.000  -999.000
0029    7.00   851.0     18.62     96.2    1489  -999  -999.00   -999.00   -999.00    10    -0.3    1489     0   0   0   0      16.891   -63.065
0030    7.25  -999.0   -999.00   -999.0    -999  -999  -999.00   -999.00   -999.00    10  -999.0    -999     0   0   0   0    -999.000  -999.000
0031    7.50   851.6     18.66     96.2    1483  -999  -999.00   -999.00   -999.00     9    -0.3    1483     0   0   0   0      16.891   -63.065
0032    7.75  -999.0   -999.00   -999.0    -999  -999  -999.00   -999.00   -999.00    10  -999.0    -999     0   0   0   0    -999.000  -999.000
0033    8.00   852.1     18.69     96.3    1478  -999  -999.00   -999.00   -999.00     9    -0.2    1478     0   0   0   0      16.891   -63.064
0034    8.25  -999.0   -999.00   -999.0    -999  -999  -999.00   -999.00   -999.00    10  -999.0    -999     0   0   0   0    -999.000  -999.000
0035    8.50   852.6     18.72     96.4    1473  -999  -999.00   -999.00   -999.00    11    -0.2    1473     0   0   0   0      16.891   -63.064
0036    8.75  -999.0   -999.00   -999.0    -999  -999  -999.00   -999.00   -999.00    11  -999.0    -999     0   0   0   0    -999.000  -999.000
0037    9.00   853.2     18.75     96.5    1467  -999  -999.00   -999.00   -999.00    11    -0.2    1467     0   0   0   0      16.891   -63.064
0038    9.25  -999.0   -999.00   -999.0    -999  -999  -999.00   -999.00   -999.00    12  -999.0    -999     0   0   0   0    -999.000  -999.000
0039    9.50   853.7     18.77     96.7    1462  -999  -999.00   -999.00   -999.00    12    -0.1    1462     0   0   0   0      16.891   -63.064
0040    9.75  -999.0   -999.00   -999.0    -999  -999  -999.00   -999.00   -999.00    12  -999.0    -999     0   0   0   0    -999.000  -999.000
0041   10.00   854.2     18.80     96.8    1456  -999  -999.00   -999.00   -999.00    12    -0.1    1456     0   0   0   0      16.891   -63.064
0042   10.25  -999.0   -999.00   -999.0    -999  -999  -999.00   -999.00   -999.00    12  -999.0    -999     0   0   0   0    -999.000  -999.000
0043   10.50   854.7     18.82     97.0    1451   199     2.41      0.79      2.28    12    -0.1    1451     0   0   0   0      16.891   -63.064
0044   10.75  -999.0   -999.00   -999.0    -999  -999  -999.00   -999.00   -999.00    12  -999.0    -999     0   0   0   0    -999.000  -999.000
0045   11.00   855.3     18.84     97.1    1446  -999  -999.00   -999.00   -999.00    12    -0.1    1446     0   0   0   0      16.891   -63.064
0046   11.25  -999.0   -999.00   -999.0    -999  -999  -999.00   -999.00   -999.00    12  -999.0    -999     0   0   0   0    -999.000  -999.000
0047   11.50   855.8     18.86     97.2    1440  -999  -999.00   -999.00   -999.00    12    -0.2    1440     0   0   0   0      16.891   -63.064
0048   11.75  -999.0   -999.00   -999.0    -999   198     2.40      0.76      2.28    12  -999.0    -999     0   0   0   0    -999.000  -999.000
0049   12.00   856.3     18.87     97.4    1435   198     2.40      0.75      2.28    12    -0.2    1435     0   0   0   0      16.891   -63.064
0050   12.25  -999.0   -999.00   -999.0    -999   198     2.40      0.73      2.28    11  -999.0    -999     0   0   0   0    -999.000  -999.000
0051   12.50   856.9     18.89     97.5    1430  -999  -999.00   -999.00   -999.00    11    -0.2    1430     0   0   0   0      16.891   -63.064
0052   12.75  -999.0   -999.00   -999.0    -999  -999  -999.00   -999.00   -999.00    12  -999.0    -999     0   0   0   0    -999.000  -999.000
0053   13.00   857.4     18.91     97.7    1424   196     2.39      0.67      2.29    12    -0.2    1424     0   0   0   0      16.891   -63.064
0054   13.25  -999.0   -999.00   -999.0    -999   196     2.38      0.65      2.29    12  -999.0    -999     0   0   0   0    -999.000  -999.000
0055   13.50   857.9     18.92     97.8    1419  -999  -999.00   -999.00   -999.00    11    -0.3    1419     0   0   0   0      16.891   -63.064
0056   13.75  -999.0   -999.00   -999.0    -999  -999  -999.00   -999.00   -999.00    12  -999.0    -999     0   0   0   0    -999.000  -999.000
0057   14.00   858.5     18.94     97.9    1413  -999  -999.00   -999.00   -999.00    12    -0.3    1413     0   0   0   0      16.891   -63.064
0058   14.25  -999.0   -999.00   -999.0    -999   193     2.34      0.54      2.28    11  -999.0    -999     0   0   0   0    -999.000  -999.000
0059   14.50   859.0     18.96     98.0    1408   193     2.33      0.51      2.27    12    -0.3    1408     0   0   0   0      16.891   -63.064
0060   14.75  -999.0   -999.00   -999.0    -999  -999  -999.00   -999.00   -999.00    11  -999.0    -999     0   0   0   0    -999.000  -999.000
0061   15.00   859.6     18.98     98.0    1403   191     2.30      0.44      2.26    12    -0.2    1403     0   0   0   0      16.891   -63.064
0062   15.25  -999.0   -999.00   -999.0    -999   190     2.29      0.41      2.25    12  -999.0    -999     0   0   0   0    -999.000  -999.000
0063   15.50   860.1     19.00     98.0    1397   190     2.27      0.38      2.24    12    -0.2    1397     0   0   0   0      16.891   -63.064
0064   15.75  -999.0   -999.00   -999.0    -999   189     2.26      0.35      2.23    12  -999.0    -999     0   0   0   0    -999.000  -999.000
0065   16.00   860.6     19.03     98.0    1392  -999  -999.00   -999.00   -999.00    12    -0.2    1392     0   0   0   0      16.891   -63.064
0066   16.25  -999.0   -999.00   -999.0    -999  -999  -999.00   -999.00   -999.00    12  -999.0    -999     0   0   0   0    -999.000  -999.000
0067   16.50   861.2     19.07     97.9    1386  -999  -999.00   -999.00   -999.00    12    -0.1    1386     0   0   0   0      16.891   -63.064
0068   16.75  -999.0   -999.00   -999.0    -999  -999  -999.00   -999.00   -999.00    12  -999.0    -999     0   0   0   0    -999.000  -999.000
0069   17.00   861.7     19.10     97.7    1381   185     2.18      0.20      2.17    12    -0.1    1381     0   0   0   0      16.891   -63.064
0070   17.25  -999.0   -999.00   -999.0    -999   184     2.17      0.17      2.16    12  -999.0    -999     0   0   0   0    -999.000  -999.000
0071   17.50   862.2     19.14     97.5    1376  -999  -999.00   -999.00   -999.00    12    -0.0    1376     0   0   0   0      16.891   -63.064
0072   17.75  -999.0   -999.00   -999.0    -999   183     2.15      0.11      2.15    12  -999.0    -999     0   0   0   0    -999.000  -999.000
0073   18.00   862.8     19.19     97.3    1370   182     2.14      0.08      2.14    12    -0.0    1370     0   0   0   0      16.891   -63.064
0074   18.25  -999.0   -999.00   -999.0    -999  -999  -999.00   -999.00   -999.00    12  -999.0    -999     0   0   0   0    -999.000  -999.000
0075   18.50   863.3     19.23     97.1    1365  -999  -999.00   -999.00   -999.00    12     0.0    1365     0   0   0   0      16.891   -63.064
0076   18.75  -999.0   -999.00   -999.0    -999  -999  -999.00   -999.00   -999.00    12  -999.0    -999     0   0   0   0    -999.000  -999.000
0077   19.00   863.8     19.28     96.9    1360  -999  -999.00   -999.00   -999.00    12     0.0    1360     0   0   0   0      16.891   -63.064
0078   19.25  -999.0   -999.00   -999.0    -999   179     2.12     -0.04      2.12    12  -999.0    -999     0   0   0   0    -999.000  -999.000
0079   19.50   864.3     19.33     96.7    1355   178     2.12     -0.06      2.12    11     0.0    1355     0   0   0   0      16.891   -63.064
0080   19.75  -999.0   -999.00   -999.0    -999   178     2.12     -0.07      2.12    12  -999.0    -999     0   0   0   0    -999.000  -999.000
0081   20.00   864.8     19.38     96.4    1350   178     2.13     -0.09      2.12    12     0.0    1350     0   0   0   0      16.891   -63.064
0082   20.25  -999.0   -999.00   -999.0    -999   177     2.13     -0.10      2.13    12  -999.0    -999     0   0   0   0    -999.000  -999.000
0083   20.50   865.4     19.43     96.2    1344   177     2.13     -0.11      2.13    12     0.0    1344     0   0   0   0      16.891   -63.064
0084   20.75  -999.0   -999.00   -999.0    -999   177     2.13     -0.12      2.13    12  -999.0    -999     0   0   0   0    -999.000  -999.000
0085   21.00   865.9     19.48     96.0    1339   177     2.13     -0.13      2.13    12    -0.0    1339     0   0   0   0      16.891   -63.064
0086   21.25  -999.0   -999.00   -999.0    -999   176     2.14     -0.14      2.13    12  -999.0    -999     0   0   0   0    -999.000  -999.000
0087   21.50   866.4     19.53     95.8    1334   176     2.14     -0.15      2.13    12    -0.0    1334     0   0   0   0      16.891   -63.064
0088   21.75  -999.0   -999.00   -999.0    -999   176     2.13     -0.16      2.13    12  -999.0    -999     0   0   0   0    -999.000  -999.000
0089   22.00   867.0     19.57     95.6    1328  -999  -999.00   -999.00   -999.00    12    -0.0    1328     0   0   0   0      16.891   -63.064
0090   22.25  -999.0   -999.00   -999.0    -999  -999  -999.00   -999.00   -999.00    12  -999.0    -999     0   0   0   0    -999.000  -999.000
0091   22.50   867.5     19.62     95.4    1323   175     2.12     -0.19      2.11    12    -0.0    1323     0   0   0   0      16.891   -63.064
0092   22.75  -999.0   -999.00   -999.0    -999   175     2.12     -0.20      2.11    12  -999.0    -999     0   0   0   0    -999.000  -999.000
0093   23.00   868.0     19.66     95.2    1318   174     2.11     -0.21      2.10    12    -0.0    1318     0   0   0   0      16.891   -63.064
0094   23.25  -999.0   -999.00   -999.0    -999   174     2.11     -0.22      2.09    11  -999.0    -999     0   0   0   0    -999.000  -999.000
0095   23.50   868.6     19.71     95.0    1313   174     2.10     -0.24      2.09    11    -0.0    1313     0   0   0   0      16.891   -63.064
0096   23.75  -999.0   -999.00   -999.0    -999  -999  -999.00   -999.00   -999.00    11  -999.0    -999     0   0   0   0    -999.000  -999.000
0097   24.00   869.1     19.75     94.8    1307  -999  -999.00   -999.00   -999.00    11    -0.0    1307     0   0   0   0      16.891   -63.064
0098   24.25  -999.0   -999.00   -999.0    -999  -999  -999.00   -999.00   -999.00    12  -999.0    -999     0   0   0   0    -999.000  -999.000
0099   24.50   869.6     19.79     94.6    1302   172     2.07     -0.29      2.05    12     0.0    1302     0   0   0   0      16.891   -63.064
0100   24.75  -999.0   -999.00   -999.0    -999   172     2.07     -0.30      2.05    12  -999.0    -999     0   0   0   0    -999.000  -999.000
0101   25.00   870.1     19.83     94.4    1297   171     2.07     -0.32      2.04    12     0.0    1297     0   0   0   0      16.891   -63.064
0102   25.25  -999.0   -999.00   -999.0    -999   171     2.07     -0.33      2.04    12  -999.0    -999     0   0   0   0    -999.000  -999.000
0103   25.50   870.7     19.87     94.3    1292   170     2.07     -0.34      2.04    12     0.1    1292     0   0   0   0      16.891   -63.064
0104   25.75  -999.0   -999.00   -999.0    -999   170     2.07     -0.36      2.04    14  -999.0    -999     0   0   0   0    -999.000  -999.000
0105   26.00   871.2     19.91     94.1    1286   170     2.07     -0.37      2.04    14     0.1    1286     0   0   0   0      16.891   -63.064
0106   26.25  -999.0   -999.00   -999.0    -999   169     2.07     -0.38      2.04    14  -999.0    -999     0   0   0   0    -999.000  -999.000
0107   26.50   871.7     19.95     94.0    1281   169     2.08     -0.40      2.04    14     0.1    1281     0   0   0   0      16.891   -63.064
0108   26.75  -999.0   -999.00   -999.0    -999   169     2.08     -0.41      2.04    14  -999.0    -999     0   0   0   0    -999.000  -999.000
0109   27.00   872.2     19.99     93.9    1276   168     2.08     -0.42      2.04    13     0.1    1276     0   0   0   0      16.891   -63.064
0110   27.25  -999.0   -999.00   -999.0    -999   168     2.08     -0.44      2.04    13  -999.0    -999     0   0   0   0    -999.000  -999.000
0111   27.50   872.8     20.03     93.9    1271   168     2.08     -0.45      2.03    12     0.1    1271     0   0   0   0      16.891   -63.064
0112   27.75  -999.0   -999.00   -999.0    -999   167     2.08     -0.46      2.03    13  -999.0    -999     0   0   0   0    -999.000  -999.000
0113   28.00   873.3     20.06     93.8    1266   167     2.08     -0.47      2.03    13     0.0    1266     0   0   0   0      16.891   -63.064
0114   28.25  -999.0   -999.00   -999.0    -999   167     2.08     -0.48      2.02    13  -999.0    -999     0   0   0   0    -999.000  -999.000
0115   28.50   873.8     20.10     93.8    1260   167     2.07     -0.48      2.02    13     0.0    1260     0   0   0   0      16.891   -63.064
0116   28.75  -999.0   -999.00   -999.0    -999   166     2.07     -0.48      2.01    13  -999.0    -999     0   0   0   0    -999.000  -999.000
0117   29.00   874.3     20.13     93.8    1255   166     2.06     -0.49      2.01    13    -0.0    1255     0   0   0   0      16.891   -63.064
0118   29.25  -999.0   -999.00   -999.0    -999   166     2.06     -0.48      2.00    13  -999.0    -999     0   0   0   0    -999.000  -999.000
0119   29.50   874.9     20.16     93.8    1250   166     2.05     -0.48      1.99    13    -0.1    1250     0   0   0   0      16.891   -63.064
0120   29.75  -999.0   -999.00   -999.0    -999   167     2.04     -0.47      1.99    13  -999.0    -999     0   0   0   0    -999.000  -999.000
0121   30.00   875.4     20.20     93.8    1245   167     2.03     -0.46      1.98    13    -0.1    1245     0   0   0   0      16.891   -63.064
0122   30.25  -999.0   -999.00   -999.0    -999   167     2.02     -0.45      1.97    13  -999.0    -999     0   0   0   0    -999.000  -999.000
0123   30.50   875.9     20.23     93.8    1239   167     2.01     -0.44      1.96    13    -0.1    1239     0   0   0   0      16.891   -63.064
0124   30.75  -999.0   -999.00   -999.0    -999   168     1.99     -0.43      1.95    13  -999.0    -999     0   0   0   0    -999.000  -999.000
0125   31.00   876.5     20.25     93.8    1234   168     1.98     -0.41      1.94    13    -0.2    1234     0   0   0   0      16.891   -63.064
0126   31.25  -999.0   -999.00   -999.0    -999   169     1.96     -0.39      1.93    13  -999.0    -999     0   0   0   0    -999.000  -999.000
0127   31.50   877.0     20.28     93.8    1229   169     1.95     -0.37      1.91    13    -0.2    1229     0   0   0   0      16.891   -63.064
0128   31.75  -999.0   -999.00   -999.0    -999   170     1.93     -0.35      1.90    13  -999.0    -999     0   0   0   0    -999.000  -999.000
0129   32.00   877.6     20.31     93.7    1223   170     1.91     -0.32      1.88    13    -0.2    1223     0   0   0   0      16.891   -63.064
0130   32.25  -999.0   -999.00   -999.0    -999   171     1.89     -0.29      1.87    13  -999.0    -999     0   0   0   0    -999.000  -999.000
0131   32.50   878.1     20.34     93.7    1218   172     1.87     -0.27      1.85    13    -0.2    1218     0   0   0   0      16.891   -63.064
0132   32.75  -999.0   -999.00   -999.0    -999   173     1.85     -0.24      1.83    13  -999.0    -999     0   0   0   0    -999.000  -999.000
0133   33.00   878.6     20.36     93.7    1213   174     1.82     -0.21      1.81    13    -0.2    1213     0   0   0   0      16.891   -63.064
0134   33.25  -999.0   -999.00   -999.0    -999   174     1.80     -0.18      1.79    13  -999.0    -999     0   0   0   0    -999.000  -999.000
0135   33.50   879.2     20.39     93.7    1207   175     1.78     -0.14      1.78    13    -0.2    1207     0   0   0   0      16.891   -63.064
0136   33.75  -999.0   -999.00   -999.0    -999   176     1.76     -0.11      1.76    13  -999.0    -999     0   0   0   0    -999.000  -999.000
0137   34.00   879.7     20.41     93.6    1202   177     1.74     -0.08      1.74    13    -0.2    1202     0   0   0   0      16.891   -63.064
0138   34.25  -999.0   -999.00   -999.0    -999   178     1.73     -0.05      1.73    13  -999.0    -999     0   0   0   0    -999.000  -999.000
0139   34.50   880.3     20.44     93.5    1196   179     1.71     -0.02      1.71    13    -0.2    1196     0   0   0   0      16.891   -63.064
0140   34.75  -999.0   -999.00   -999.0    -999   180     1.70      0.01      1.70    13  -999.0    -999     0   0   0   0    -999.000  -999.000
0141   35.00   880.8     20.46     93.4    1191   181     1.70      0.04      1.70    13    -0.2    1191     0   0   0   0      16.891   -63.064
0142   35.25  -999.0   -999.00   -999.0    -999   182     1.70      0.07      1.69    13  -999.0    -999     0   0   0   0    -999.000  -999.000
0143   35.50   881.3     20.49     93.3    1186   183     1.70      0.09      1.70    13    -0.2    1186     0   0   0   0      16.891   -63.064
0144   35.75  -999.0   -999.00   -999.0    -999   184     1.70      0.12      1.70    13  -999.0    -999     0   0   0   0    -999.000  -999.000
0145   36.00   881.9     20.51     93.2    1181   185     1.72      0.15      1.71    13    -0.2    1181     0   0   0   0      16.891   -63.064
0146   36.25  -999.0   -999.00   -999.0    -999   186     1.73      0.17      1.72    13  -999.0    -999     0   0   0   0    -999.000  -999.000
0147   36.50   882.4     20.54     93.1    1175   187     1.75      0.20      1.74    13    -0.1    1175     0   0   0   0      16.891   -63.064
0148   36.75  -999.0   -999.00   -999.0    -999   187     1.77      0.23      1.76    13  -999.0    -999     0   0   0   0    -999.000  -999.000
0149   37.00   883.0     20.56     93.0    1170   188     1.80      0.25      1.78    13    -0.1    1170     0   0   0   0      16.891   -63.064
0150   37.25  -999.0   -999.00   -999.0    -999   189     1.83      0.28      1.81    13  -999.0    -999     0   0   0   0    -999.000  -999.000
0151   37.50   883.5     20.58     93.0    1165   190     1.87      0.31      1.84    13    -0.1    1165     0   0   0   0      16.891   -63.064
0152   37.75  -999.0   -999.00   -999.0    -999   190     1.91      0.34      1.88    13  -999.0    -999     0   0   0   0    -999.000  -999.000
0153   38.00   884.0     20.60     93.0    1159   191     1.96      0.37      1.92    13    -0.1    1159     0   0   0   0      16.891   -63.064
0154   38.25  -999.0   -999.00   -999.0    -999   192     2.01      0.40      1.97    13  -999.0    -999     0   0   0   0    -999.000  -999.000
0155   38.50   884.6     20.62     93.0    1154   192     2.07      0.44      2.02    13    -0.0    1154     0   0   0   0      16.891   -63.064
0156   38.75  -999.0   -999.00   -999.0    -999   193     2.13      0.47      2.08    13  -999.0    -999     0   0   0   0    -999.000  -999.000
0157   39.00   885.1     20.64     93.0    1149   193     2.19      0.51      2.13    12     0.0    1149     0   0   0   0      16.891   -63.064
0158   39.25  -999.0   -999.00   -999.0    -999   194     2.26      0.55      2.19    12  -999.0    -999     0   0   0   0    -999.000  -999.000
0159   39.50   885.6     20.66     93.0    1144   195     2.33      0.59      2.25    12     0.1    1144     0   0   0   0      16.891   -63.064
0160   39.75  -999.0   -999.00   -999.0    -999   195     2.40      0.63      2.31    12  -999.0    -999     0   0   0   0    -999.000  -999.000
0161   40.00   886.2     20.69     93.1    1139   196     2.47      0.68      2.37    13     0.1    1139     0   0   0   0      16.891   -63.064
0162   40.25  -999.0   -999.00   -999.0    -999   197     2.54      0.72      2.44    13  -999.0    -999     0   0   0   0    -999.000  -999.000
0163   40.50   886.7     20.71     93.1    1133   197     2.61      0.77      2.50    12     0.2    1133     0   0   0   0      16.891   -63.064
0164   40.75  -999.0   -999.00   -999.0    -999   198     2.68      0.82      2.55    12  -999.0    -999     0   0   0   0    -999.000  -999.000
0165   41.00   887.2     20.74     93.1    1128   198     2.75      0.87      2.61    13     0.2    1128     0   0   0   0      16.891   -63.064
0166   41.25  -999.0   -999.00   -999.0    -999   199     2.82      0.92      2.66    12  -999.0    -999     0   0   0   0    -999.000  -999.000
0167   41.50   887.7     20.78     93.1    1123   200     2.88      0.97      2.71    13     0.3    1123     0   0   0   0      16.892   -63.064
0168   41.75  -999.0   -999.00   -999.0    -999   200     2.94      1.02      2.76    13  -999.0    -999     0   0   0   0    -999.000  -999.000
0169   42.00   888.2     20.81     93.0    1118   201     3.00      1.07      2.80    12     0.3    1118     0   0   0   0      16.892   -63.064
0170   42.25  -999.0   -999.00   -999.0    -999   202     3.06      1.13      2.84    13  -999.0    -999     0   0   0   0    -999.000  -999.000
0171   42.50   888.8     20.85     92.9    1113   202     3.11      1.18      2.88    13     0.3    1113     0   0   0   0      16.892   -63.064
0172   42.75  -999.0   -999.00   -999.0    -999   203     3.16      1.23      2.91    13  -999.0    -999     0   0   0   0    -999.000  -999.000
0173   43.00   889.3     20.89     92.8    1108   204     3.21      1.28      2.94    13     0.4    1108     0   0   0   0      16.892   -63.064
0174   43.25  -999.0   -999.00   -999.0    -999   204     3.25      1.33      2.97    13  -999.0    -999     0   0   0   0    -999.000  -999.000
0175   43.50   889.8     20.93     92.8    1103   205     3.29      1.38      2.99    13     0.4    1103     0   0   0   0      16.892   -63.064
0176   43.75  -999.0   -999.00   -999.0    -999   205     3.33      1.42      3.01    13  -999.0    -999     0   0   0   0    -999.000  -999.000
0177   44.00   890.3     20.96     92.7    1098   206     3.36      1.46      3.03    12     0.4    1098     0   0   0   0      16.892   -63.064
0178   44.25  -999.0   -999.00   -999.0    -999   206     3.39      1.49      3.05    12  -999.0    -999     0   0   0   0    -999.000  -999.000
0179   44.50   890.8     21.00     92.6    1093   206     3.41      1.51      3.06    12     0.4    1093     0   0   0   0      16.892   -63.064
0180   44.75  -999.0   -999.00   -999.0    -999   207     3.43      1.53      3.07    12  -999.0    -999     0   0   0   0    -999.000  -999.000
0181   45.00   891.3     21.03     92.6    1088   207     3.44      1.55      3.07    12     0.4    1088     0   0   0   0      16.892   -63.064
0182   45.25  -999.0   -999.00   -999.0    -999   207     3.44      1.55      3.07    12  -999.0    -999     0   0   0   0    -999.000  -999.000
0183   45.50   891.8     21.06     92.5    1083   207     3.44      1.55      3.07    12     0.4    1083     0   0   0   0      16.892   -63.064
0184   45.75  -999.0   -999.00   -999.0    -999   207     3.43      1.54      3.06    12  -999.0    -999     0   0   0   0    -999.000  -999.000
0185   46.00   892.3     21.09     92.4    1078   207     3.42      1.53      3.05    12     0.4    1078     0   0   0   0      16.892   -63.064
0186   46.25  -999.0   -999.00   -999.0    -999   206     3.39      1.51      3.04    12  -999.0    -999     0   0   0   0    -999.000  -999.000
0187   46.50   892.8     21.13     92.3    1073   206     3.37      1.49      3.02    12     0.4    1073     0   0   0   0      16.892   -63.064
0188   46.75  -999.0   -999.00   -999.0    -999   206     3.34      1.47      3.00    12  -999.0    -999     0   0   0   0    -999.000  -999.000
0189   47.00   893.4     21.16     92.2    1068   206     3.31      1.44      2.98    12     0.4    1068     0   0   0   0      16.892   -63.064
0190   47.25  -999.0   -999.00   -999.0    -999   205     3.28      1.41      2.96    12  -999.0    -999     0   0   0   0    -999.000  -999.000
0191   47.50   893.9     21.20     92.0    1063   205     3.25      1.38      2.94    12     0.4    1063     0   0   0   0      16.892   -63.064
0192   47.75  -999.0   -999.00   -999.0    -999   205     3.21      1.34      2.92    12  -999.0    -999     0   0   0   0    -999.000  -999.000
0193   48.00   894.4     21.24     91.9    1058   204     3.18      1.31      2.90    13     0.3    1058     0   0   0   0      16.892   -63.064
0194   48.25  -999.0   -999.00   -999.0    -999   204     3.16      1.27      2.89    13  -999.0    -999     0   0   0   0    -999.000  -999.000
0195   48.50   894.9     21.28     91.7    1053   203     3.13      1.23      2.88    13     0.3    1053     0   0   0   0      16.892   -63.064
0196   48.75  -999.0   -999.00   -999.0    -999   202     3.12      1.19      2.88    13  -999.0    -999     0   0   0   0    -999.000  -999.000
0197   49.00   895.4     21.32     91.5    1048   202     3.10      1.15      2.88    13     0.3    1048     0   0   0   0      16.892   -63.064
0198   49.25  -999.0   -999.00   -999.0    -999   201     3.09      1.11      2.88    13  -999.0    -999     0   0   0   0    -999.000  -999.000
0199   49.50   896.0     21.36     91.2    1043   200     3.09      1.08      2.89    13     0.2    1043     0   0   0   0      16.892   -63.064
0200   49.75  -999.0   -999.00   -999.0    -999   200     3.08      1.04      2.90    13  -999.0    -999     0   0   0   0    -999.000  -999.000
0201   50.00   896.5     21.41     91.0    1038   199     3.08      1.00      2.92    13     0.2    1038     0   0   0   0      16.892   -63.064
0202   50.25  -999.0   -999.00   -999.0    -999   198     3.09      0.96      2.93    13  -999.0    -999     0   0   0   0    -999.000  -999.000
0203   50.50   897.0     21.45     90.8    1033   197     3.09      0.92      2.95    13     0.2    1033     0   0   0   0      16.892   -63.064
0204   50.75  -999.0   -999.00   -999.0    -999   196     3.10      0.88      2.97    13  -999.0    -999     0   0   0   0    -999.000  -999.000
0205   51.00   897.5     21.50     90.5    1028   196     3.10      0.84      2.99    13     0.1    1028     0   0   0   0      16.892   -63.064
0206   51.25  -999.0   -999.00   -999.0    -999   195     3.11      0.80      3.01    13  -999.0    -999     0   0   0   0    -999.000  -999.000
0207   51.50   898.0     21.54     90.3    1023   194     3.12      0.77      3.03    13     0.1    1023     0   0   0   0      16.892   -63.064
0208   51.75  -999.0   -999.00   -999.0    -999   194     3.13      0.73      3.05    13  -999.0    -999     0   0   0   0    -999.000  -999.000
0209   52.00   898.6     21.58     90.1    1017   193     3.14      0.70      3.06    13     0.0    1017     0   0   0   0      16.892   -63.064
0210   52.25  -999.0   -999.00   -999.0    -999   192     3.15      0.67      3.08    13  -999.0    -999     0   0   0   0    -999.000  -999.000
0211   52.50   899.1     21.62     89.8    1012   192     3.16      0.64      3.09    13     0.0    1012     0   0   0   0      16.892   -63.064
0212   52.75  -999.0   -999.00   -999.0    -999   191     3.17      0.61      3.11    13  -999.0    -999     0   0   0   0    -999.000  -999.000
0213   53.00   899.7     21.66     89.6    1007   191     3.17      0.59      3.11    13    -0.0    1007     0   0   0   0      16.892   -63.064
0214   53.25  -999.0   -999.00   -999.0    -999   190     3.17      0.56      3.12    13  -999.0    -999     0   0   0   0    -999.000  -999.000
0215   53.50   900.2     21.70     89.5    1002   190     3.17      0.55      3.13    13    -0.0    1002     0   0   0   0      16.892   -63.064
0216   53.75  -999.0   -999.00   -999.0    -999   190     3.17      0.53      3.13    13  -999.0    -999     0   0   0   0    -999.000  -999.000
0217   54.00   900.7     21.73     89.3     997   189     3.17      0.51      3.13    13    -0.1     997     0   0   0   0      16.892   -63.064
0218   54.25  -999.0   -999.00   -999.0    -999   189     3.17      0.50      3.13    13  -999.0    -999     0   0   0   0    -999.000  -999.000
0219   54.50   901.3     21.77     89.1     991   189     3.17      0.49      3.13    13    -0.1     991     0   0   0   0      16.892   -63.064
0220   54.75  -999.0   -999.00   -999.0    -999   189     3.17      0.48      3.13    13  -999.0    -999     0   0   0   0    -999.000  -999.000
0221   55.00   901.8     21.80     89.0     986   189     3.16      0.48      3.13    13    -0.1     986     0   0   0   0      16.892   -63.064
0222   55.25  -999.0   -999.00   -999.0    -999   189     3.16      0.47      3.12    13  -999.0    -999     0   0   0   0    -999.000  -999.000
0223   55.50   902.3     21.84     88.9     981   188     3.15      0.47      3.12    13    -0.1     981     0   0   0   0      16.892   -63.064
0224   55.75  -999.0   -999.00   -999.0    -999   188     3.15      0.46      3.11    13  -999.0    -999     0   0   0   0    -999.000  -999.000
0225   56.00   902.9     21.88     88.7     976   188     3.14      0.46      3.11    13    -0.1     976     0   0   0   0      16.892   -63.064
0226   56.25  -999.0   -999.00   -999.0    -999   188     3.13      0.46      3.10    13  -999.0    -999     0   0   0   0    -999.000  -999.000
0227   56.50   903.4     21.91     88.6     971   188     3.13      0.45      3.09    13    -0.1     971     0   0   0   0      16.892   -63.064
0228   56.75  -999.0   -999.00   -999.0    -999   188     3.12      0.45      3.08    13  -999.0    -999     0   0   0   0    -999.000  -999.000
0229   57.00   904.0     21.94     88.5     965   188     3.11      0.45      3.07    13    -0.1     965     0   0   0   0      16.892   -63.064
0230   57.25  -999.0   -999.00   -999.0    -999   188     3.09      0.44      3.06    13  -999.0    -999     0   0   0   0    -999.000  -999.000
0231   57.50   904.5     21.97     88.5     960   188     3.08      0.43      3.05    13    -0.0     960     0   0   0   0      16.892   -63.064
0232   57.75  -999.0   -999.00   -999.0    -999   188     3.07      0.42      3.04    13  -999.0    -999     0   0   0   0    -999.000  -999.000
0233   58.00   905.1     22.00     88.5     955   188     3.05      0.41      3.03    13     0.0     955     0   0   0   0      16.892   -63.064
0234   58.25  -999.0   -999.00   -999.0    -999   188     3.04      0.40      3.01    13  -999.0    -999     0   0   0   0    -999.000  -999.000
0235   58.50   905.6     22.03     88.5     950   187     3.02      0.38      3.00    13     0.0     950     0   0   0   0      16.892   -63.064
0236   58.75  -999.0   -999.00   -999.0    -999   187     3.01      0.36      2.99    13  -999.0    -999     0   0   0   0    -999.000  -999.000
0237   59.00   906.1     22.05     88.5     944   187     2.99      0.34      2.97    13     0.1     944     0   0   0   0      16.892   -63.064
0238   59.25  -999.0   -999.00   -999.0    -999   186     2.98      0.32      2.96    13  -999.0    -999     0   0   0   0    -999.000  -999.000
0239   59.50   906.7     22.06     88.6     939   186     2.96      0.30      2.95    13     0.1     939     0   0   0   0      16.892   -63.064
0240   59.75  -999.0   -999.00   -999.0    -999   185     2.95      0.28      2.93    13  -999.0    -999     0   0   0   0    -999.000  -999.000
0241   60.00   907.2     22.08     88.7     934   185     2.93      0.26      2.92    13     0.1     934     0   0   0   0      16.892   -63.064
0242   60.25  -999.0   -999.00   -999.0    -999   185     2.92      0.24      2.91    13  -999.0    -999     0   0   0   0    -999.000  -999.000
0243   60.50   907.7     22.10     88.8     929   184     2.91      0.23      2.90    13     0.1     929     0   0   0   0      16.892   -63.064
0244   60.75  -999.0   -999.00   -999.0    -999   184     2.90      0.22      2.90    13  -999.0    -999     0   0   0   0    -999.000  -999.000
0245   61.00   908.2     22.11     88.9     924   184     2.90      0.21      2.89    13     0.1     924     0   0   0   0      16.892   -63.064
0246   61.25  -999.0   -999.00   -999.0    -999   184     2.90      0.21      2.89    12  -999.0    -999     0   0   0   0    -999.000  -999.000
0247   61.50   908.8     22.11     89.2     919   184     2.89      0.21      2.89    12     0.0     919     0   0   0   0      16.892   -63.064
0248   61.75  -999.0   -999.00   -999.0    -999   184     2.89      0.22      2.88    12  -999.0    -999     0   0   0   0    -999.000  -999.000
0249   62.00   909.3     22.10     89.7     914   185     2.89      0.23      2.88    12    -0.0     914     0   0   0   0      16.892   -63.064
0250   62.25  -999.0   -999.00   -999.0    -999   185     2.89      0.25      2.88    12  -999.0    -999     0   0   0   0    -999.000  -999.000
0251   62.50   909.8     22.08     90.5     909   185     2.89      0.27      2.88    13    -0.1     909     0   0   0   0      16.892   -63.064
0252   62.75  -999.0   -999.00   -999.0    -999   186     2.89      0.30      2.87    13  -999.0    -999     0   0   0   0    -999.000  -999.000
0253   63.00   910.4     22.03     91.4     904   187     2.89      0.33      2.87    13    -0.1     904     0   0   0   0      16.892   -63.064
0254   63.25  -999.0   -999.00   -999.0    -999   187     2.88      0.37      2.86    13  -999.0    -999     0   0   0   0    -999.000  -999.000
0255   63.50   910.9     21.98     92.5     898   188     2.88      0.40      2.85    13    -0.2     898     0   0   0   0      16.892   -63.064
0256   63.75  -999.0   -999.00   -999.0    -999   189     2.87      0.44      2.84    12  -999.0    -999     0   0   0   0    -999.000  -999.000
0257   64.00   911.5     21.91     93.6     893   190     2.87      0.49      2.83    12    -0.2     893     0   0   0   0      16.892   -63.064
0258   64.25  -999.0   -999.00   -999.0    -999   191     2.86      0.53      2.81    11  -999.0    -999     0   0   0   0    -999.000  -999.000
0259   64.50   912.0     21.84     94.8     888   191     2.86      0.56      2.80    12    -0.3     888     0   0   0   0      16.892   -63.064
0260   64.75  -999.0   -999.00   -999.0    -999   192     2.85      0.60      2.79    12  -999.0    -999     0   0   0   0    -999.000  -999.000
0261   65.00   912.6     21.77     95.8     882   193     2.85      0.64      2.78    12    -0.3     882     0   0   0   0    -999.000  -999.000
0262   65.25  -999.0   -999.00   -999.0    -999  -999  -999.00   -999.00   -999.00     0  -999.0    -999     0   0   0   0    -999.000  -999.000
0263   65.50   913.2     21.71     96.7     877   194     2.85      0.69      2.76    12    -0.3     877     0   0   0   0      16.892   -63.064
0264   65.75  -999.0   -999.00   -999.0    -999   195     2.84      0.72      2.75    12  -999.0    -999     0   0   0   0    -999.000  -999.000
0265   66.00   913.7     21.67     97.5     872   195     2.84      0.73      2.75    13    -0.3     872     0   0   0   0      16.892   -63.064
0266   66.25  -999.0   -999.00   -999.0    -999   195     2.84      0.75      2.74    13  -999.0    -999     0   0   0   0    -999.000  -999.000
0267   66.50   914.3     21.64     98.0     866   196     2.84      0.76      2.74    13    -0.3     866     0   0   0   0      16.892   -63.064
0268   66.75  -999.0   -999.00   -999.0    -999   196     2.84      0.77      2.73    13  -999.0    -999     0   0   0   0    -999.000  -999.000
0269   67.00   914.8     21.63     98.3     861   196     2.84      0.77      2.74    13    -0.3     861     0   0   0   0      16.892   -63.064
0270   67.25  -999.0   -999.00   -999.0    -999   196     2.85      0.78      2.74    13  -999.0    -999     0   0   0   0    -999.000  -999.000
0271   67.50   915.4     21.63     98.4     856   196     2.85      0.78      2.75    13    -0.3     856     0   0   0   0      16.892   -63.064
0272   67.75  -999.0   -999.00   -999.0    -999   196     2.86      0.77      2.76    13  -999.0    -999     0   0   0   0    -999.000  -999.000
0273   68.00   915.9     21.65     98.4     851   195     2.88      0.76      2.77    13    -0.4     851     0   0   0   0      16.892   -63.064
0274   68.25  -999.0   -999.00   -999.0    -999   195     2.90      0.75      2.80    13  -999.0    -999     0   0   0   0    -999.000  -999.000
0275   68.50   916.5     21.68     98.4     846   195     2.92      0.74      2.83    13    -0.4     846     0   0   0   0      16.892   -63.064
0276   68.75  -999.0   -999.00   -999.0    -999   194     2.95      0.71      2.86    13  -999.0    -999     0   0   0   0    -999.000  -999.000
0277   69.00   917.0     21.71     98.3     840   193     2.99      0.69      2.91    13    -0.4     840     0   0   0   0      16.892   -63.064
0278   69.25  -999.0   -999.00   -999.0    -999   192     3.03      0.66      2.96    13  -999.0    -999     0   0   0   0    -999.000  -999.000
0279   69.50   917.6     21.75     98.2     835   192     3.08      0.62      3.02    13    -0.4     835     0   0   0   0      16.892   -63.064
0280   69.75  -999.0   -999.00   -999.0    -999   191     3.13      0.57      3.08    13  -999.0    -999     0   0   0   0    -999.000  -999.000
0281   70.00   918.2     21.78     98.2     829   189     3.19      0.52      3.14    13    -0.5     829     0   0   0   0      16.892   -63.064
0282   70.25  -999.0   -999.00   -999.0    -999   188     3.24      0.47      3.21    13  -999.0    -999     0   0   0   0    -999.000  -999.000
0283   70.50   918.7     21.82     98.2     824   187     3.30      0.41      3.27    13    -0.4     824     0   0   0   0      16.892   -63.064
0284   70.75  -999.0   -999.00   -999.0    -999   186     3.35      0.34      3.34    13  -999.0    -999     0   0   0   0    -999.000  -999.000
0285   71.00   919.3     21.85     98.3     819   185     3.41      0.27      3.39    13    -0.4     819     0   0   0   0      16.892   -63.064
0286   71.25  -999.0   -999.00   -999.0    -999   183     3.45      0.20      3.45    13  -999.0    -999     0   0   0   0    -999.000  -999.000
0287   71.50   919.9     21.87     98.4     813   182     3.50      0.13      3.49    13    -0.4     813     0   0   0   0      16.892   -63.064
0288   71.75  -999.0   -999.00   -999.0    -999   181     3.54      0.07      3.54    13  -999.0    -999     0   0   0   0    -999.000  -999.000
0289   72.00   920.4     21.90     98.5     808   180     3.57     -0.00      3.57    13    -0.4     808     0   0   0   0      16.892   -63.064
0290   72.25  -999.0   -999.00   -999.0    -999   179     3.60     -0.06      3.60    13  -999.0    -999     0   0   0   0    -999.000  -999.000
0291   72.50   921.0     21.92     98.6     803   178     3.63     -0.12      3.63    13    -0.3     803     0   0   0   0      16.892   -63.064
0292   72.75  -999.0   -999.00   -999.0    -999   177     3.65     -0.17      3.64    13  -999.0    -999     0   0   0   0    -999.000  -999.000
0293   73.00   921.5     21.95     98.7     797   177     3.67     -0.22      3.66    12    -0.3     797     0   0   0   0      16.892   -63.064
0294   73.25  -999.0   -999.00   -999.0    -999   176     3.68     -0.26      3.67    12  -999.0    -999     0   0   0   0    -999.000  -999.000
0295   73.50   922.1     21.98     98.7     792   175     3.69     -0.29      3.68    13    -0.3     792     0   0   0   0      16.892   -63.064
0296   73.75  -999.0   -999.00   -999.0    -999   175     3.70     -0.32      3.68    13  -999.0    -999     0   0   0   0    -999.000  -999.000
0297   74.00   922.6     22.01     98.7     787   175     3.70     -0.34      3.68    13    -0.3     787     0   0   0   0      16.892   -63.064
0298   74.25  -999.0   -999.00   -999.0    -999   174     3.70     -0.36      3.68    13  -999.0    -999     0   0   0   0    -999.000  -999.000
0299   74.50   923.2     22.04     98.6     782   174     3.70     -0.37      3.68    13    -0.3     782     0   0   0   0      16.892   -63.064
0300   74.75  -999.0   -999.00   -999.0    -999   174     3.69     -0.38      3.67    13  -999.0    -999     0   0   0   0    -999.000  -999.000
0301   75.00   923.7     22.07     98.6     776   174     3.69     -0.39      3.66    13    -0.3     776     0   0   0   0      16.892   -63.064
0302   75.25  -999.0   -999.00   -999.0    -999   174     3.67     -0.39      3.65    13  -999.0    -999     0   0   0   0    -999.000  -999.000
0303   75.50   924.3     22.10     98.5     771   174     3.66     -0.40      3.64    13    -0.3     771     0   0   0   0      16.892   -63.064
0304   75.75  -999.0   -999.00   -999.0    -999   174     3.65     -0.40      3.63    13  -999.0    -999     0   0   0   0    -999.000  -999.000
0305   76.00   924.9     22.14     98.5     766   174     3.64     -0.40      3.61    13    -0.2     766     0   0   0   0      16.892   -63.064
0306   76.25  -999.0   -999.00   -999.0    -999   174     3.62     -0.40      3.60    13  -999.0    -999     0   0   0   0    -999.000  -999.000
0307   76.50   925.4     22.17     98.5     761   173     3.61     -0.41      3.58    13    -0.2     761     0   0   0   0      16.892   -63.064
0308   76.75  -999.0   -999.00   -999.0    -999   173     3.59     -0.42      3.57    13  -999.0    -999     0   0   0   0    -999.000  -999.000
0309   77.00   926.0     22.20     98.5     755   173     3.58     -0.42      3.56    13    -0.2     755     0   0   0   0      16.892   -63.064
0310   77.25  -999.0   -999.00   -999.0    -999   173     3.57     -0.43      3.55    13  -999.0    -999     0   0   0   0    -999.000  -999.000
0311   77.50   926.5     22.23     98.6     750   173     3.57     -0.45      3.54    13    -0.2     750     0   0   0   0      16.892   -63.064
0312   77.75  -999.0   -999.00   -999.0    -999   173     3.56     -0.46      3.53    13  -999.0    -999     0   0   0   0    -999.000  -999.000
0313   78.00   927.1     22.27     98.7     745   172     3.56     -0.48      3.53    13    -0.1     745     0   0   0   0      16.893   -63.064
0314   78.25  -999.0   -999.00   -999.0    -999   172     3.57     -0.50      3.53    13  -999.0    -999     0   0   0   0    -999.000  -999.000
0315   78.50   927.6     22.30     98.8     740   172     3.58     -0.52      3.54    13    -0.1     740     0   0   0   0      16.893   -63.064
0316   78.75  -999.0   -999.00   -999.0    -999   171     3.59     -0.54      3.55    13  -999.0    -999     0   0   0   0    -999.000  -999.000
0317   79.00   928.2     22.33     98.9     735   171     3.61     -0.57      3.56    13    -0.0     735     0   0   0   0      16.893   -63.064
0318   79.25  -999.0   -999.00   -999.0    -999   170     3.62     -0.60      3.57    13  -999.0    -999     0   0   0   0    -999.000  -999.000
0319   79.50   928.7     22.37     99.1     730   170     3.65     -0.63      3.59    13     0.0     730     0   0   0   0      16.893   -63.064
0320   79.75  -999.0   -999.00   -999.0    -999   169     3.67     -0.67      3.61    13  -999.0    -999     0   0   0   0    -999.000  -999.000
0321   80.00   929.3     22.41     99.3     724   169     3.70     -0.71      3.63    13     0.1     724     0   0   0   0      16.893   -63.064
0322   80.25  -999.0   -999.00   -999.0    -999   168     3.73     -0.76      3.65    13  -999.0    -999     0   0   0   0    -999.000  -999.000
0323   80.50   929.8     22.45     99.4     719   168     3.76     -0.80      3.67    13     0.1     719     0   0   0   0      16.893   -63.064
0324   80.75  -999.0   -999.00   -999.0    -999   167     3.79     -0.85      3.69    13  -999.0    -999     0   0   0   0    -999.000  -999.000
0325   81.00   930.3     22.50     99.6     714   166     3.82     -0.91      3.71    13     0.1     714     0   0   0   0      16.893   -63.064
0326   81.25  -999.0   -999.00   -999.0    -999   166     3.85     -0.96      3.73    13  -999.0    -999     0   0   0   0    -999.000  -999.000
0327   81.50   930.9     22.54     99.7     709   165     3.88     -1.01      3.74    13     0.1     709     0   0   0   0      16.893   -63.064
0328   81.75  -999.0   -999.00   -999.0    -999   164     3.91     -1.07      3.76    13  -999.0    -999     0   0   0   0    -999.000  -999.000
0329   82.00   931.4     22.59     99.8     704   163     3.93     -1.12      3.77    13     0.2     704     0   0   0   0      16.893   -63.064
0330   82.25  -999.0   -999.00   -999.0    -999   163     3.96     -1.18      3.78    13  -999.0    -999     0   0   0   0    -999.000  -999.000
0331   82.50   931.9     22.63     99.9     699   162     3.99     -1.23      3.79    13     0.2     699     0   0   0   0      16.893   -63.064
0332   82.75  -999.0   -999.00   -999.0    -999   161     4.01     -1.28      3.80    13  -999.0    -999     0   0   0   0    -999.000  -999.000
0333   83.00   932.5     22.67     99.9     694   161     4.04     -1.33      3.81    13     0.2     694     0   0   0   0      16.893   -63.064
0334   83.25  -999.0   -999.00   -999.0    -999   160     4.06     -1.38      3.82    13  -999.0    -999     0   0   0   0    -999.000  -999.000
0335   83.50   933.0     22.71    100.0     689   160     4.09     -1.42      3.83    13     0.2     689     0   0   0   0      16.893   -63.064
0336   83.75  -999.0   -999.00   -999.0    -999   159     4.11     -1.46      3.85    13  -999.0    -999     0   0   0   0    -999.000  -999.000
0337   84.00   933.5     22.74    100.0     684   159     4.14     -1.50      3.86    13     0.2     684     0   0   0   0      16.893   -63.064
0338   84.25  -999.0   -999.00   -999.0    -999   158     4.16     -1.54      3.87    13  -999.0    -999     0   0   0   0    -999.000  -999.000
0339   84.50   934.1     22.77    100.0     679   158     4.18     -1.57      3.88    13     0.2     679     0   0   0   0      16.893   -63.064
0340   84.75  -999.0   -999.00   -999.0    -999   158     4.20     -1.60      3.88    13  -999.0    -999     0   0   0   0    -999.000  -999.000
0341   85.00   934.6     22.79     99.9     674   157     4.22     -1.63      3.89    13     0.2     674     0   0   0   0      16.893   -63.064
0342   85.25  -999.0   -999.00   -999.0    -999   157     4.24     -1.66      3.90    12  -999.0    -999     0   0   0   0    -999.000  -999.000
0343   85.50   935.1     22.81     99.9     669   157     4.25     -1.68      3.91    13     0.3     669     0   0   0   0      16.893   -63.064
0344   85.75  -999.0   -999.00   -999.0    -999   157     4.27     -1.70      3.91    13  -999.0    -999     0   0   0   0    -999.000  -999.000
0345   86.00   935.6     22.83     99.9     664   156     4.28     -1.72      3.92    13     0.2     664     0   0   0   0      16.893   -63.064
0346   86.25  -999.0   -999.00   -999.0    -999   156     4.29     -1.73      3.93    13  -999.0    -999     0   0   0   0    -999.000  -999.000
0347   86.50   936.2     22.85     99.9     659   156     4.31     -1.75      3.94    13     0.2     659     0   0   0   0      16.893   -63.064
0348   86.75  -999.0   -999.00   -999.0    -999   156     4.32     -1.76      3.94    13  -999.0    -999     0   0   0   0    -999.000  -999.000
0349   87.00   936.7     22.87     99.9     654   156     4.33     -1.77      3.95    13     0.2     654     0   0   0   0      16.893   -63.064
0350   87.25  -999.0   -999.00   -999.0    -999   156     4.34     -1.78      3.96    13  -999.0    -999     0   0   0   0    -999.000  -999.000
0351   87.50   937.2     22.89     99.9     649   156     4.35     -1.78      3.97    13     0.2     649     0   0   0   0      16.893   -63.064
0352   87.75  -999.0   -999.00   -999.0    -999   156     4.36     -1.78      3.98    13  -999.0    -999     0   0   0   0    -999.000  -999.000
0353   88.00   937.8     22.91     99.8     644   156     4.37     -1.78      3.99    12     0.2     644     0   0   0   0      16.893   -63.064
0354   88.25  -999.0   -999.00   -999.0    -999   156     4.37     -1.78      4.00    13  -999.0    -999     0   0   0   0    -999.000  -999.000
0355   88.50   938.3     22.93     99.8     640   156     4.38     -1.77      4.00    13     0.2     640     0   0   0   0      16.893   -63.064
0356   88.75  -999.0   -999.00   -999.0    -999   156     4.38     -1.76      4.01    13  -999.0    -999     0   0   0   0    -999.000  -999.000
0357   89.00   938.8     22.95     99.9     635   156     4.38     -1.75      4.01    13     0.1     635     0   0   0   0    -999.000  -999.000
0358   89.25  -999.0   -999.00   -999.0    -999   157     4.38     -1.74      4.02    13  -999.0    -999     0   0   0   0    -999.000  -999.000
0359   89.50   939.4     22.97     99.9     630   157     4.37     -1.73      4.01    13     0.1     630     0   0   0   0      16.893   -63.064
0360   89.75  -999.0   -999.00   -999.0    -999   157     4.36     -1.72      4.01    13  -999.0    -999     0   0   0   0    -999.000  -999.000
0361   90.00   939.9     23.00     99.9     624   157     4.35     -1.71      4.00    13     0.1     624     0   0   0   0      16.893   -63.064
0362   90.25  -999.0   -999.00   -999.0    -999   157     4.33     -1.69      3.99    13  -999.0    -999     0   0   0   0    -999.000  -999.000
0363   90.50   940.5     23.02     99.9     619   157     4.32     -1.68      3.97    13     0.1     619     0   0   0   0      16.893   -63.064
0364   90.75  -999.0   -999.00   -999.0    -999   157     4.29     -1.68      3.95    13  -999.0    -999     0   0   0   0    -999.000  -999.000
0365   91.00   941.0     23.04     99.9     614   157     4.27     -1.67      3.93    13     0.1     614     0   0   0   0      16.893   -63.064
0366   91.25  -999.0   -999.00   -999.0    -999   157     4.25     -1.67      3.90    13  -999.0    -999     0   0   0   0    -999.000  -999.000
0367   91.50   941.6     23.06     99.9     609   157     4.22     -1.67      3.88    13     0.1     609     0   0   0   0      16.893   -63.064
0368   91.75  -999.0   -999.00   -999.0    -999   156     4.20     -1.68      3.85    13  -999.0    -999     0   0   0   0    -999.000  -999.000
0369   92.00   942.1     23.08     99.9     604   156     4.18     -1.69      3.82    13     0.1     604     0   0   0   0      16.893   -63.064
0370   92.25  -999.0   -999.00   -999.0    -999   156     4.16     -1.71      3.79    13  -999.0    -999     0   0   0   0    -999.000  -999.000
0371   92.50   942.6     23.10     99.8     599   155     4.14     -1.73      3.76    13     0.1     599     0   0   0   0      16.893   -63.064
0372   92.75  -999.0   -999.00   -999.0    -999   155     4.13     -1.76      3.74    13  -999.0    -999     0   0   0   0    -999.000  -999.000
0373   93.00   943.2     23.12     99.8     594   154     4.13     -1.79      3.72    13     0.1     594     0   0   0   0      16.893   -63.064
0374   93.25  -999.0   -999.00   -999.0    -999   154     4.13     -1.83      3.70    13  -999.0    -999     0   0   0   0    -999.000  -999.000
0375   93.50   943.7     23.15     99.8     589   153     4.13     -1.87      3.68    13     0.2     589     0   0   0   0      16.893   -63.064
0376   93.75  -999.0   -999.00   -999.0    -999   153     4.14     -1.91      3.67    13  -999.0    -999     0   0   0   0    -999.000  -999.000
0377   94.00   944.2     23.18     99.7     584   152     4.15     -1.95      3.66    13     0.2     584     0   0   0   0      16.893   -63.064
0378   94.25  -999.0   -999.00   -999.0    -999   151     4.17     -2.00      3.66    13  -999.0    -999     0   0   0   0    -999.000  -999.000
0379   94.50   944.8     23.20     99.6     579   151     4.18     -2.04      3.65    13     0.2     579     0   0   0   0      16.893   -63.064
0380   94.75  -999.0   -999.00   -999.0    -999   150     4.20     -2.08      3.65    13  -999.0    -999     0   0   0   0    -999.000  -999.000
0381   95.00   945.3     23.24     99.5     574   150     4.22     -2.12      3.65    13     0.2     574     0   0   0   0      16.893   -63.064
0382   95.25  -999.0   -999.00   -999.0    -999   149     4.24     -2.16      3.65    13  -999.0    -999     0   0   0   0    -999.000  -999.000
0383   95.50   945.8     23.27     99.4     569   149     4.26     -2.20      3.65    13     0.1     569     0   0   0   0      16.893   -63.064
0384   95.75  -999.0   -999.00   -999.0    -999   148     4.28     -2.24      3.65    13  -999.0    -999     0   0   0   0    -999.000  -999.000
0385   96.00   946.4     23.31     99.3     564   148     4.29     -2.27      3.64    12     0.1     564     0   0   0   0      16.893   -63.064
0386   96.25  -999.0   -999.00   -999.0    -999   148     4.31     -2.30      3.64    13  -999.0    -999     0   0   0   0    -999.000  -999.000
0387   96.50   946.9     23.35     99.1     559   147     4.32     -2.33      3.64    13     0.0     559     0   0   0   0      16.893   -63.064
0388   96.75  -999.0   -999.00   -999.0    -999   147     4.34     -2.35      3.64    13  -999.0    -999     0   0   0   0    -999.000  -999.000
0389   97.00   947.5     23.39     98.9     554   147     4.35     -2.37      3.64    13    -0.0     554     0   0   0   0      16.893   -63.064
0390   97.25  -999.0   -999.00   -999.0    -999   147     4.36     -2.39      3.65    13  -999.0    -999     0   0   0   0    -999.000  -999.000
0391   97.50   948.0     23.43     98.7     549   147     4.38     -2.41      3.66    13    -0.1     549     0   0   0   0      16.893   -63.064
0392   97.75  -999.0   -999.00   -999.0    -999   147     4.40     -2.43      3.67    12  -999.0    -999     0   0   0   0    -999.000  -999.000
0393   98.00   948.6     23.48     98.5     544   146     4.42     -2.44      3.68    13    -0.2     544     0   0   0   0      16.893   -63.064
0394   98.25  -999.0   -999.00   -999.0    -999   146     4.44     -2.46      3.70    13  -999.0    -999     0   0   0   0    -999.000  -999.000
0395   98.50   949.1     23.52     98.4     539   146     4.47     -2.48      3.72    13    -0.2     539     0   0   0   0      16.893   -63.064
0396   98.75  -999.0   -999.00   -999.0    -999   146     4.49     -2.49      3.74    13  -999.0    -999     0   0   0   0    -999.000  -999.000
0397   99.00   949.7     23.56     98.2     534   146     4.52     -2.51      3.76    13    -0.2     534     0   0   0   0      16.893   -63.065
0398   99.25  -999.0   -999.00   -999.0    -999   146     4.55     -2.53      3.78    13  -999.0    -999     0   0   0   0    -999.000  -999.000
0399   99.50   950.3     23.60     98.1     528   146     4.58     -2.55      3.80    13    -0.2     528     0   0   0   0      16.893   -63.065
0400   99.75  -999.0   -999.00   -999.0    -999   146     4.61     -2.58      3.83    13  -999.0    -999     0   0   0   0    -999.000  -999.000
0401  100.00   950.8     23.64     98.0     523   146     4.65     -2.60      3.85    13    -0.2     523     0   0   0   0      16.893   -63.065
0402  100.25  -999.0   -999.00   -999.0    -999   146     4.68     -2.63      3.87    11  -999.0    -999     0   0   0   0    -999.000  -999.000
0403  100.50   951.4     23.67     97.9     518   146     4.72     -2.67      3.90    13    -0.2     518     0   0   0   0      16.893   -63.065
0404  100.75  -999.0   -999.00   -999.0    -999   145     4.76     -2.70      3.92    13  -999.0    -999     0   0   0   0    -999.000  -999.000
0405  101.00   951.9     23.70     97.8     513   145     4.80     -2.74      3.95    13    -0.1     513     0   0   0   0      16.893   -63.065
0406  101.25  -999.0   -999.00   -999.0    -999   145     4.85     -2.79      3.97    13  -999.0    -999     0   0   0   0    -999.000  -999.000
0407  101.50   952.5     23.73     97.7     508   145     4.89     -2.83      3.99    13    -0.1     508     0   0   0   0      16.893   -63.065
0408  101.75  -999.0   -999.00   -999.0    -999   144     4.94     -2.88      4.01    13  -999.0    -999     0   0   0   0    -999.000  -999.000
0409  102.00   953.0     23.76     97.7     503   144     4.99     -2.94      4.03    13    -0.1     503     0   0   0   0      16.893   -63.065
0410  102.25  -999.0   -999.00   -999.0    -999   144     5.03     -2.99      4.05    13  -999.0    -999     0   0   0   0    -999.000  -999.000
0411  102.50   953.6     23.79     97.6     498   143     5.08     -3.05      4.06    13    -0.0     498     0   0   0   0      16.893   -63.065
0412  102.75  -999.0   -999.00   -999.0    -999   143     5.12     -3.11      4.08    13  -999.0    -999     0   0   0   0    -999.000  -999.000
0413  103.00   954.1     23.82     97.6     493   142     5.17     -3.16      4.09    13    -0.0     493     0   0   0   0      16.893   -63.065
0414  103.25  -999.0   -999.00   -999.0    -999   142     5.21     -3.22      4.10    13  -999.0    -999     0   0   0   0    -999.000  -999.000
0415  103.50   954.7     23.85     97.5     488   141     5.25     -3.28      4.11    13     0.0     488     0   0   0   0      16.893   -63.065
0416  103.75  -999.0   -999.00   -999.0    -999   141     5.30     -3.33      4.12    13  -999.0    -999     0   0   0   0    -999.000  -999.000
0417  104.00   955.2     23.88     97.4     483   141     5.34     -3.38      4.13    13     0.0     483     0   0   0   0      16.893   -63.065
0418  104.25  -999.0   -999.00   -999.0    -999   140     5.38     -3.43      4.14    13  -999.0    -999     0   0   0   0    -999.000  -999.000
0419  104.50   955.8     23.91     97.3     478   140     5.42     -3.48      4.16    13     0.0     478     0   0   0   0      16.893   -63.065
0420  104.75  -999.0   -999.00   -999.0    -999   140     5.46     -3.52      4.17    13  -999.0    -999     0   0   0   0    -999.000  -999.000
0421  105.00   956.3     23.94     97.2     473   140     5.50     -3.57      4.19    13     0.0     473     0   0   0   0      16.893   -63.065
0422  105.25  -999.0   -999.00   -999.0    -999   139     5.54     -3.61      4.21    13  -999.0    -999     0   0   0   0    -999.000  -999.000
0423  105.50   956.9     23.98     97.1     467   139     5.59     -3.65      4.23    13     0.0     467     0   0   0   0      16.893   -63.065
0424  105.75  -999.0   -999.00   -999.0    -999   139     5.63     -3.69      4.24    13  -999.0    -999     0   0   0   0    -999.000  -999.000
0425  106.00   957.4     24.02     97.0     462   139     5.67     -3.74      4.26    12     0.0     462     0   0   0   0      16.893   -63.065
0426  106.25  -999.0   -999.00   -999.0    -999   139     5.71     -3.78      4.28    13  -999.0    -999     0   0   0   0    -999.000  -999.000
0427  106.50   958.0     24.06     96.8     457   138     5.76     -3.83      4.30    13     0.0     457     0   0   0   0      16.894   -63.065
0428  106.75  -999.0   -999.00   -999.0    -999   138     5.80     -3.87      4.32    13  -999.0    -999     0   0   0   0    -999.000  -999.000
0429  107.00   958.5     24.09     96.6     452   138     5.85     -3.92      4.34    13    -0.0     452     0   0   0   0      16.894   -63.065
0430  107.25  -999.0   -999.00   -999.0    -999   138     5.90     -3.97      4.37    13  -999.0    -999     0   0   0   0    -999.000  -999.000
0431  107.50   959.1     24.13     96.5     447   138     5.95     -4.02      4.39    13    -0.0     447     0   0   0   0      16.894   -63.065
0432  107.75  -999.0   -999.00   -999.0    -999   137     6.01     -4.07      4.42    13  -999.0    -999     0   0   0   0    -999.000  -999.000
0433  108.00   959.6     24.17     96.3     442   137     6.06     -4.12      4.44    13    -0.0     442     0   0   0   0      16.894   -63.065
0434  108.25  -999.0   -999.00   -999.0    -999   137     6.11     -4.17      4.47    13  -999.0    -999     0   0   0   0    -999.000  -999.000
0435  108.50   960.2     24.22     96.1     437   137     6.17     -4.22      4.50    13    -0.1     437     0   0   0   0      16.894   -63.065
0436  108.75  -999.0   -999.00   -999.0    -999   137     6.22     -4.26      4.53    13  -999.0    -999     0   0   0   0    -999.000  -999.000
0437  109.00   960.7     24.26     95.9     432   137     6.27     -4.31      4.56    12    -0.1     432     0   0   0   0      16.894   -63.065
0438  109.25  -999.0   -999.00   -999.0    -999   137     6.33     -4.35      4.59    12  -999.0    -999     0   0   0   0    -999.000  -999.000
0439  109.50   961.3     24.30     95.8     427   136     6.37     -4.39      4.62    12    -0.1     427     0   0   0   0      16.894   -63.065
0440  109.75  -999.0   -999.00   -999.0    -999   136     6.42     -4.43      4.64    13  -999.0    -999     0   0   0   0    -999.000  -999.000
0441  110.00   961.8     24.34     95.6     422   136     6.46     -4.47      4.67    13    -0.1     422     0   0   0   0      16.894   -63.065
0442  110.25  -999.0   -999.00   -999.0    -999   136     6.50     -4.50      4.69    13  -999.0    -999     0   0   0   0    -999.000  -999.000
0443  110.50   962.4     24.38     95.4     417   136     6.53     -4.53      4.70    13    -0.2     417     0   0   0   0      16.894   -63.065
0444  110.75  -999.0   -999.00   -999.0    -999   136     6.56     -4.56      4.72    13  -999.0    -999     0   0   0   0    -999.000  -999.000
0445  111.00   962.9     24.42     95.2     412   136     6.59     -4.59      4.73    13    -0.2     412     0   0   0   0      16.894   -63.065
0446  111.25  -999.0   -999.00   -999.0    -999   136     6.62     -4.62      4.74    13  -999.0    -999     0   0   0   0    -999.000  -999.000
0447  111.50   963.5     24.46     95.0     407   136     6.64     -4.64      4.75    12    -0.2     407     0   0   0   0      16.894   -63.065
0448  111.75  -999.0   -999.00   -999.0    -999   136     6.66     -4.66      4.76    12  -999.0    -999     0   0   0   0    -999.000  -999.000
0449  112.00   964.1     24.51     94.8     401   136     6.68     -4.68      4.77    12    -0.2     401     0   0   0   0      16.894   -63.065
0450  112.25  -999.0   -999.00   -999.0    -999   135     6.70     -4.70      4.77    12  -999.0    -999     0   0   0   0    -999.000  -999.000
0451  112.50   964.6     24.55     94.6     396   135     6.71     -4.72      4.77    13    -0.2     396     0   0   0   0      16.894   -63.065
0452  112.75  -999.0   -999.00   -999.0    -999   135     6.73     -4.74      4.78    12  -999.0    -999     0   0   0   0    -999.000  -999.000
0453  113.00   965.2     24.60     94.4     391   135     6.74     -4.76      4.78    13    -0.2     391     0   0   0   0      16.894   -63.065
0454  113.25  -999.0   -999.00   -999.0    -999   135     6.75     -4.77      4.78    13  -999.0    -999     0   0   0   0    -999.000  -999.000
0455  113.50   965.8     24.64     94.2     386   135     6.77     -4.79      4.78    13    -0.2     386     0   0   0   0      16.894   -63.065
0456  113.75  -999.0   -999.00   -999.0    -999   135     6.77     -4.81      4.77    13  -999.0    -999     0   0   0   0    -999.000  -999.000
0457  114.00   966.3     24.69     94.0     381   135     6.78     -4.83      4.76    13    -0.2     381     0   0   0   0      16.894   -63.065
0458  114.25  -999.0   -999.00   -999.0    -999   134     6.79     -4.84      4.75    13  -999.0    -999     0   0   0   0    -999.000  -999.000
0459  114.50   966.9     24.74     93.8     376   134     6.79     -4.86      4.74    13    -0.2     376     0   0   0   0      16.894   -63.065
0460  114.75  -999.0   -999.00   -999.0    -999   134     6.79     -4.88      4.72    13  -999.0    -999     0   0   0   0    -999.000  -999.000
0461  115.00   967.5     24.79     93.5     371   134     6.78     -4.89      4.70    13    -0.2     371     0   0   0   0      16.894   -63.065
0462  115.25  -999.0   -999.00   -999.0    -999   134     6.78     -4.91      4.67    12  -999.0    -999     0   0   0   0    -999.000  -999.000
0463  115.50   968.0     24.84     93.3     365   133     6.77     -4.92      4.65    13    -0.2     365     0   0   0   0      16.894   -63.065
0464  115.75  -999.0   -999.00   -999.0    -999   133     6.76     -4.94      4.62    13  -999.0    -999     0   0   0   0    -999.000  -999.000
0465  116.00   968.6     24.88     93.1     360   133     6.75     -4.95      4.59    13    -0.2     360     0   0   0   0      16.894   -63.065
0466  116.25  -999.0   -999.00   -999.0    -999   133     6.74     -4.97      4.56    13  -999.0    -999     0   0   0   0    -999.000  -999.000
0467  116.50   969.1     24.93     92.9     355   132     6.73     -4.98      4.53    13    -0.3     355     0   0   0   0      16.894   -63.065
0468  116.75  -999.0   -999.00   -999.0    -999   132     6.72     -4.99      4.50    13  -999.0    -999     0   0   0   0    -999.000  -999.000
0469  117.00   969.7     24.97     92.7     350   132     6.71     -5.01      4.47    13    -0.3     350     0   0   0   0      16.894   -63.065
0470  117.25  -999.0   -999.00   -999.0    -999   131     6.71     -5.02      4.44    13  -999.0    -999     0   0   0   0    -999.000  -999.000
0471  117.50   970.3     25.02     92.5     345   131     6.70     -5.04      4.42    13    -0.3     345     0   0   0   0      16.894   -63.065
0472  117.75  -999.0   -999.00   -999.0    -999   131     6.70     -5.06      4.39    13  -999.0    -999     0   0   0   0    -999.000  -999.000
0473  118.00   970.8     25.05     92.3     340   131     6.71     -5.08      4.38    13    -0.4     340     0   0   0   0      16.894   -63.065
0474  118.25  -999.0   -999.00   -999.0    -999   131     6.71     -5.10      4.36    13  -999.0    -999     0   0   0   0    -999.000  -999.000
0475  118.50   971.4     25.09     92.2     334   130     6.73     -5.13      4.36    13    -0.4     334     0   0   0   0      16.894   -63.065
0476  118.75  -999.0   -999.00   -999.0    -999   130     6.76     -5.16      4.36    13  -999.0    -999     0   0   0   0    -999.000  -999.000
0477  119.00   972.0     25.13     92.0     329   130     6.79     -5.20      4.37    13    -0.4     329     0   0   0   0      16.894   -63.065
0478  119.25  -999.0   -999.00   -999.0    -999   130     6.84     -5.25      4.38    13  -999.0    -999     0   0   0   0    -999.000  -999.000
0479  119.50   972.6     25.15     91.9     324   130     6.90     -5.30      4.41    13    -0.4     324     0   0   0   0      16.894   -63.065
0480  119.75  -999.0   -999.00   -999.0    -999   130     6.96     -5.36      4.44    13  -999.0    -999     0   0   0   0    -999.000  -999.000
0481  120.00   973.2     25.18     91.9     319   130     7.04     -5.43      4.49    13    -0.4     319     0   0   0   0      16.894   -63.065
0482  120.25  -999.0   -999.00   -999.0    -999   130     7.13     -5.50      4.54    13  -999.0    -999     0   0   0   0    -999.000  -999.000
0483  120.50   973.7     25.20     91.8     313   129     7.23     -5.58      4.60    13    -0.5     313     0   0   0   0      16.894   -63.065
0484  120.75  -999.0   -999.00   -999.0    -999   130     7.33     -5.66      4.67    13  -999.0    -999     0   0   0   0    -999.000  -999.000
0485  121.00   974.3     25.21     91.8     308   130     7.45     -5.74      4.74    13    -0.4     308     0   0   0   0      16.894   -63.065
0486  121.25  -999.0   -999.00   -999.0    -999   130     7.57     -5.83      4.82    13  -999.0    -999     0   0   0   0    -999.000  -999.000
0487  121.50   974.9     25.22     91.9     303   130     7.69     -5.92      4.91    13    -0.4     303     0   0   0   0      16.894   -63.065
0488  121.75  -999.0   -999.00   -999.0    -999   130     7.82     -6.00      5.00    13  -999.0    -999     0   0   0   0    -999.000  -999.000
0489  122.00   975.5     25.21     92.1     298   130     7.94     -6.09      5.10    13    -0.4     298     0   0   0   0      16.894   -63.065
0490  122.25  -999.0   -999.00   -999.0    -999   130     8.07     -6.18      5.19    13  -999.0    -999     0   0   0   0    -999.000  -999.000
0491  122.50   976.0     25.20     92.4     293   130     8.19     -6.26      5.28    12    -0.4     293     0   0   0   0      16.894   -63.065
0492  122.75  -999.0   -999.00   -999.0    -999   130     8.31     -6.35      5.37    13  -999.0    -999     0   0   0   0    -999.000  -999.000
0493  123.00   976.6     25.18     92.8     287   130     8.43     -6.43      5.46    13    -0.4     287     0   0   0   0      16.894   -63.065
0494  123.25  -999.0   -999.00   -999.0    -999   130     8.55     -6.50      5.55    13  -999.0    -999     0   0   0   0    -999.000  -999.000
0495  123.50   977.2     25.15   -999.0     282   131     8.66     -6.57      5.64    13    -0.3     282     0   0   0   0      16.894   -63.065
0496  123.75  -999.0   -999.00   -999.0    -999   131     8.76     -6.64      5.72    13  -999.0    -999     0   0   0   0    -999.000  -999.000
0497  124.00   977.8     25.12   -999.0     277   131     8.86     -6.70      5.80    13    -0.3     277     0   0   0   0      16.894   -63.066
0498  124.25  -999.0   -999.00   -999.0    -999   131     8.96     -6.76      5.88    13  -999.0    -999     0   0   0   0    -999.000  -999.000
0499  124.50   978.3     25.10     94.2     272   131     9.04     -6.81      5.95    13    -0.3     272     0   0   0   0      16.894   -63.066
0500  124.75  -999.0   -999.00   -999.0    -999   131     9.12     -6.85      6.02    13  -999.0    -999     0   0   0   0    -999.000  -999.000
0501  125.00   978.9     25.08     94.6     267   131     9.19     -6.89      6.08    13    -0.2     267     0   0   0   0      16.894   -63.066
0502  125.25  -999.0   -999.00   -999.0    -999   132     9.25     -6.92      6.14    13  -999.0    -999     0   0   0   0    -999.000  -999.000
0503  125.50   979.5     25.07     94.8     262   132     9.30     -6.94      6.19    13    -0.2     262     0   0   0   0      16.894   -63.066
0504  125.75  -999.0   -999.00   -999.0    -999   132     9.35     -6.96      6.24    13  -999.0    -999     0   0   0   0    -999.000  -999.000
0505  126.00   980.0     25.08     94.9     257   132     9.38     -6.97      6.28    12    -0.2     257     0   0   0   0      16.894   -63.066
0506  126.25  -999.0   -999.00   -999.0    -999   132     9.41     -6.98      6.32    12  -999.0    -999     0   0   0   0    -999.000  -999.000
0507  126.50   980.6     25.09     95.0     252   132     9.44     -6.98      6.35    13    -0.2     252     0   0   0   0      16.894   -63.066
0508  126.75  -999.0   -999.00   -999.0    -999   132     9.45     -6.98      6.37    12  -999.0    -999     0   0   0   0    -999.000  -999.000
0509  127.00   981.1     25.11     95.0     246   132     9.46     -6.98      6.39    13    -0.1     246     0   0   0   0      16.894   -63.066
0510  127.25  -999.0   -999.00   -999.0    -999   132     9.47     -6.98      6.40    12  -999.0    -999     0   0   0   0    -999.000  -999.000
0511  127.50   981.7     25.14     95.0     241   133     9.47     -6.98      6.41    13    -0.1     241     0   0   0   0      16.894   -63.066
0512  127.75  -999.0   -999.00   -999.0    -999   133     9.47     -6.98      6.41    13  -999.0    -999     0   0   0   0    -999.000  -999.000
0513  128.00   982.3     25.18     95.0     236   133     9.47     -6.97      6.41    13    -0.2     236     0   0   0   0      16.894   -63.066
0514  128.25  -999.0   -999.00   -999.0    -999   133     9.46     -6.97      6.41    13  -999.0    -999     0   0   0   0    -999.000  -999.000
0515  128.50   982.8     25.21     95.0     231   133     9.46     -6.96      6.40    13    -0.2     231     0   0   0   0      16.894   -63.066
0516  128.75  -999.0   -999.00   -999.0    -999   133     9.45     -6.96      6.40    13  -999.0    -999     0   0   0   0    -999.000  -999.000
0517  129.00   983.4     25.25     95.0     226   133     9.44     -6.95      6.39    13    -0.2     226     0   0   0   0      16.895   -63.066
0518  129.25  -999.0   -999.00   -999.0    -999   133     9.44     -6.95      6.39    12  -999.0    -999     0   0   0   0    -999.000  -999.000
0519  129.50   984.0     25.29     94.9     221   133     9.43     -6.94      6.38    13    -0.2     221     0   0   0   0      16.895   -63.066
0520  129.75  -999.0   -999.00   -999.0    -999   133     9.43     -6.94      6.38    13  -999.0    -999     0   0   0   0    -999.000  -999.000
0521  130.00   984.5     25.33     94.9     216   133     9.43     -6.94      6.38    13    -0.2     216     0   0   0   0      16.895   -63.066
0522  130.25  -999.0   -999.00   -999.0    -999   133     9.43     -6.94      6.38    13  -999.0    -999     0   0   0   0    -999.000  -999.000
0523  130.50   985.1     25.37     94.8     211   133     9.43     -6.94      6.38    12    -0.2     211     0   0   0   0      16.895   -63.066
0524  130.75  -999.0   -999.00   -999.0    -999   133     9.43     -6.94      6.39    13  -999.0    -999     0   0   0   0    -999.000  -999.000
0525  131.00   985.7     25.41     94.7     206   133     9.44     -6.95      6.39    12    -0.3     206     0   0   0   0      16.895   -63.066
0526  131.25  -999.0   -999.00   -999.0    -999   133     9.44     -6.95      6.39    13  -999.0    -999     0   0   0   0    -999.000  -999.000
0527  131.50   986.2     25.45     94.6     201   133     9.45     -6.96      6.39    13    -0.3     201     0   0   0   0      16.895   -63.066
0528  131.75  -999.0   -999.00   -999.0    -999   133     9.45     -6.97      6.39    12  -999.0    -999     0   0   0   0    -999.000  -999.000
0529  132.00   986.8     25.49     94.6     196   132     9.46     -6.97      6.39    11    -0.3     196     0   0   0   0      16.895   -63.066
0530  132.25  -999.0   -999.00   -999.0    -999   132     9.46     -6.98      6.38    12  -999.0    -999     0   0   0   0    -999.000  -999.000
0531  132.50   987.4     25.53     94.5     190   132     9.46     -6.98      6.38    13    -0.4     190     0   0   0   0      16.895   -63.066
0532  132.75  -999.0   -999.00   -999.0    -999   132     9.46     -6.99      6.37    13  -999.0    -999     0   0   0   0    -999.000  -999.000
0533  133.00   988.0     25.58     94.4     185   132     9.45     -6.99      6.36    13    -0.4     185     0   0   0   0      16.895   -63.066
0534  133.25  -999.0   -999.00   -999.0    -999   132     9.44     -7.00      6.34    13  -999.0    -999     0   0   0   0    -999.000  -999.000
0535  133.50   988.5     25.62     94.4     180   132     9.43     -7.00      6.32    13    -0.5     180     0   0   0   0      16.895   -63.066
0536  133.75  -999.0   -999.00   -999.0    -999   132     9.42     -7.00      6.30    13  -999.0    -999     0   0   0   0    -999.000  -999.000
0537  134.00   989.1     25.66     94.3     175   132     9.41     -7.00      6.28    13    -0.5     175     0   0   0   0      16.895   -63.066
0538  134.25  -999.0   -999.00   -999.0    -999   132     9.39     -7.00      6.25    13  -999.0    -999     0   0   0   0    -999.000  -999.000
0539  134.50   989.7     25.71     94.2     170   132     9.37     -7.00      6.23    13    -0.5     170     0   0   0   0      16.895   -63.066
0540  134.75  -999.0   -999.00   -999.0    -999   132     9.35     -7.00      6.20    13  -999.0    -999     0   0   0   0    -999.000  -999.000
0541  135.00   990.3     25.75     94.1     164   131     9.33     -6.99      6.18    12    -0.6     164     0   0   0   0      16.895   -63.066
0542  135.25  -999.0   -999.00   -999.0    -999   131     9.31     -6.99      6.15    13  -999.0    -999     0   0   0   0    -999.000  -999.000
0543  135.50   990.9     25.80     93.9     159   131     9.30     -6.99      6.13    12    -0.6     159     0   0   0   0      16.895   -63.066
0544  135.75  -999.0   -999.00   -999.0    -999   131     9.28     -6.98      6.11    13  -999.0    -999     0   0   0   0    -999.000  -999.000
0545  136.00   991.5     25.85     93.7     154   131     9.27     -6.98      6.10    13    -0.6     154     0   0   0   0      16.895   -63.066
0546  136.25  -999.0   -999.00   -999.0    -999   131     9.26     -6.98      6.08    13  -999.0    -999     0   0   0   0    -999.000  -999.000
0547  136.50   992.1     25.90     93.5     148   131     9.25     -6.98      6.07    13    -0.6     148     0   0   0   0      16.895   -63.066
0548  136.75  -999.0   -999.00   -999.0    -999   131     9.24     -6.98      6.05    13  -999.0    -999     0   0   0   0    -999.000  -999.000
0549  137.00   992.7     25.95     93.2     143   131     9.23     -6.98      6.04    13    -0.6     143     0   0   0   0      16.895   -63.066
0550  137.25  -999.0   -999.00   -999.0    -999   131     9.23     -6.99      6.03    13  -999.0    -999     0   0   0   0    -999.000  -999.000
0551  137.50   993.3     26.00     92.9     138   131     9.23     -6.99      6.03    13    -0.7     138     0   0   0   0      16.895   -63.066
0552  137.75  -999.0   -999.00   -999.0    -999   131     9.23     -7.00      6.02    13  -999.0    -999     0   0   0   0    -999.000  -999.000
0553  138.00   993.8     26.06     92.6     133   131     9.23     -7.01      6.01    13    -0.7     133     0   0   0   0      16.895   -63.066
0554  138.25  -999.0   -999.00   -999.0    -999   131     9.24     -7.01      6.01    13  -999.0    -999     0   0   0   0    -999.000  -999.000
0555  138.50   994.4     26.11     92.3     127   131     9.24     -7.02      6.01    12    -0.7     127     0   0   0   0      16.895   -63.066
0556  138.75  -999.0   -999.00   -999.0    -999   131     9.25     -7.03      6.01    12  -999.0    -999     0   0   0   0    -999.000  -999.000
0557  139.00   995.0     26.17     92.0     122   131     9.26     -7.04      6.02    12    -0.7     122     0   0   0   0      16.895   -63.066
0558  139.25  -999.0   -999.00   -999.0    -999   130     9.27     -7.05      6.02    11  -999.0    -999     0   0   0   0    -999.000  -999.000
0559  139.50   995.6     26.22     91.7     117   130     9.29     -7.07      6.03    11    -0.8     117     0   0   0   0      16.895   -63.067
0560  139.75  -999.0   -999.00   -999.0    -999   130     9.30     -7.08      6.03    12  -999.0    -999     0   0   0   0    -999.000  -999.000
0561  140.00   996.2     26.28     91.4     111   130     9.32     -7.09      6.04    13    -0.8     111     0   0   0   0      16.895   -63.067
0562  140.25  -999.0   -999.00   -999.0    -999   130     9.33     -7.11      6.05    13  -999.0    -999     0   0   0   0    -999.000  -999.000
0563  140.50   996.8     26.33     91.2     106   130     9.35     -7.12      6.05    13    -0.8     106     0   0   0   0      16.895   -63.067
0564  140.75  -999.0   -999.00   -999.0    -999   130     9.36     -7.14      6.06    13  -999.0    -999     0   0   0   0    -999.000  -999.000
0565  141.00   997.4     26.38     91.1     100   130     9.37     -7.15      6.06    13    -0.8     100     0   0   0   0      16.895   -63.067
0566  141.25  -999.0   -999.00   -999.0    -999   130     9.39     -7.17      6.06    13  -999.0    -999     0   0   0   0    -999.000  -999.000
0567  141.50   998.1     26.43     90.9      95   130     9.39     -7.18      6.06    13    -0.9      95     0   0   0   0      16.895   -63.067
0568  141.75  -999.0   -999.00   -999.0    -999   130     9.40     -7.19      6.05    13  -999.0    -999     0   0   0   0    -999.000  -999.000
0569  142.00   998.7     26.48     90.8      90   130     9.41     -7.21      6.05    12    -0.8      90     0   0   0   0      16.895   -63.067
0570  142.25  -999.0   -999.00   -999.0    -999   130     9.41     -7.22      6.04    13  -999.0    -999     0   0   0   0    -999.000  -999.000
0571  142.50   999.3     26.52     90.7      84   130     9.42     -7.24      6.03    13    -0.8      84     0   0   0   0      16.895   -63.067
0572  142.75  -999.0   -999.00   -999.0    -999   130     9.42     -7.25      6.01    13  -999.0    -999     0   0   0   0    -999.000  -999.000
0573  143.00   999.9     26.56     90.7      79   130     9.42     -7.27      5.99    13    -0.8      79     0   0   0   0      16.895   -63.067
0574  143.25  -999.0   -999.00   -999.0    -999   129     9.42     -7.29      5.97    13  -999.0    -999     0   0   0   0    -999.000  -999.000
0575  143.50  1000.5     26.61     90.6      73   129     9.42     -7.30      5.95    13    -0.8      73     0   0   0   0      16.895   -63.067
0576  143.75  -999.0   -999.00   -999.0    -999   129     9.42     -7.32      5.93    13  -999.0    -999     0   0   0   0    -999.000  -999.000
0577  144.00  1001.1     26.65     90.5      68   129     9.42     -7.34      5.90    12    -0.7      68     0   0   0   0      16.895   -63.067
0578  144.25  -999.0   -999.00   -999.0    -999   129     9.42     -7.36      5.87    13  -999.0    -999     0   0   0   0    -999.000  -999.000
0579  144.50  1001.7     26.69     90.4      63   128     9.42     -7.38      5.85    12    -0.7      63     0   0   0   0      16.895   -63.067
0580  144.75  -999.0   -999.00   -999.0    -999   128     9.42     -7.40      5.82    12  -999.0    -999     0   0   0   0    -999.000  -999.000
0581  145.00  1002.3     26.73     90.3      58   128     9.42     -7.42      5.80    11    -0.6      58     0   0   0   0      16.895   -63.067
0582  145.25  -999.0   -999.00   -999.0    -999   128     9.42     -7.44      5.78    11  -999.0    -999     0   0   0   0    -999.000  -999.000
0583  145.50  1002.9     26.77     90.2      52   128     9.42     -7.45      5.76    11    -0.6      52     0   0   0   0      16.895   -63.067
0584  145.75  -999.0   -999.00   -999.0    -999   128     9.42     -7.47      5.74    11  -999.0    -999     0   0   0   0    -999.000  -999.000
0585  146.00  1003.5     26.82     90.1      47   127     9.42     -7.48      5.72    11    -0.5      47     0   0   0   0      16.895   -63.067
0586  146.25  -999.0   -999.00   -999.0    -999   127     9.42     -7.49      5.70    11  -999.0    -999     0   0   0   0    -999.000  -999.000
0587  146.50  1004.0     26.86     90.0      42   127     9.41     -7.50      5.69    10    -0.5      42     0   0   0   0      16.895   -63.067
0588  146.75  -999.0   -999.00   -999.0    -999   127     9.41     -7.51      5.67    10  -999.0    -999     0   0   0   0    -999.000  -999.000
0589  147.00  1004.6     26.91     89.8      37   127     9.40     -7.51      5.66    10    -0.5      37     0   0   0   0      16.896   -63.067
0590  147.25  -999.0   -999.00   -999.0    -999   127     9.41     -7.52      5.65    10  -999.0    -999     0   0   0   0    -999.000  -999.000
0591  147.50  1005.2     26.96     89.7      32   127     9.42     -7.54      5.65    11    -0.5      32     0   0   0   0      16.896   -63.067
0592  147.75  -999.0   -999.00   -999.0    -999   127     9.43     -7.55      5.65    11  -999.0    -999     0   0   0   0    -999.000  -999.000
0593  148.00  1005.8     27.01     89.6      26   127     9.44     -7.57      5.65    11    -0.5      26     0   0   0   0      16.896   -63.067
0594  148.25  -999.0   -999.00   -999.0    -999   127     9.45     -7.57      5.65    10  -999.0    -999     0   0   0   0    -999.000  -999.000
0595  148.50  1006.4     27.07     89.6      21   127     9.44     -7.57      5.65    10    -0.5      21     0   0   0   0      16.896   -63.067
0596  148.75  -999.0   -999.00   -999.0    -999   127     9.43     -7.55      5.65    11  -999.0    -999     0   0   0   0    -999.000  -999.000
0597  149.00  1007.0     27.12     89.5      16   127     9.41     -7.51      5.67    10    -0.5      16     0   0   0   0      16.896   -63.067
0598  149.25  -999.0   -999.00   -999.0    -999   127     9.38     -7.45      5.70    10  -999.0    -999     0   0   0   0    -999.000  -999.000
0599  149.50  1007.6     27.18     89.5      11   128     9.35     -7.39      5.74    11    -0.5      11     0   0   0   0      16.896   -63.067
0600  149.75  -999.0   -999.00   -999.0    -999   128     9.34     -7.32      5.80    11  -999.0    -999     0   0   0   0    -999.000  -999.000
0601  150.00  1008.1     27.24     89.4       6   129     9.33     -7.26      5.86    12    -0.5       6     0   0   0   0      16.896   -63.067
0602  150.54  1008.8     27.24     89.4       0  -999  -999.00   -999.00   -999.00  -999  -999.0       0     0   0   0   0    -999.000  -999.000
