 ===========================================================================
 DROPWINDSONDE PROCESSING RECORD                            Sonde: 193551271
 FRD file written by Aspen V3.4.4, 21 Aug 2020 01:25 UTC
 Aircraft: WP-3D, N43RF                      Date: 200821   Time: 010955 UTC
 ---------------------------------------------------------------------------
 Bias corrections:  PR =   0.0 mb  TE =   0.0 C  RH =   0.0 %  PRB =  0.0 mb
 Filters (LPF):     PTH = 
 Dyn RH correction = 
 Estimated PR used = 
 Dyn T correction  = 
 ---------------------------------------------------------------------------
 COMMENT: DROP 9, Good Drop
 ===========================================================================

 ===========================================================================
 Date: 200821   Lat:  17.09 N   TA:   16.7 C   PS:  840.9 mb   WD:   131 deg
 Time: 010955   Lon:  54.28 W   TD:   15.7 C   GA:   1633 m    WS:  17.3 m/s
 SID:  193551271                RH:   93.5 %   Navaid:   GP
 ===========================================================================

IX      t (s)  P (mb)    T (C)    RH (%)  Z (m)   WD    WS (m/s)   U (m/s)   V (m/s)  NS  WZ (m/s)  ZW (m)   FP  FT  FH  FW    LAT (N)   LON (E)
0001    0.00  -999.0   -999.00     88.8    -999  -999  -999.00   -999.00   -999.00    11  -999.0    -999     0   0   0   0      17.095   -54.278
0002    0.25  -999.0   -999.00   -999.0    -999  -999  -999.00   -999.00   -999.00    11  -999.0    -999     0   0   0   0    -999.000  -999.000
0003    0.50  -999.0   -999.00     89.6    -999  -999  -999.00   -999.00   -999.00    10  -999.0    -999     0   0   0   0      17.095   -54.279
0004    0.75  -999.0   -999.00   -999.0    -999  -999  -999.00   -999.00   -999.00     9  -999.0    -999     0   0   0   0    -999.000  -999.000
0005    1.00  -999.0   -999.00     90.7    -999  -999  -999.00   -999.00   -999.00     8  -999.0    -999     0   0   0   0      17.095   -54.279
0006    1.25  -999.0   -999.00   -999.0    -999  -999  -999.00   -999.00   -999.00     7  -999.0    -999     0   0   0   0    -999.000  -999.000
0007    1.50  -999.0   -999.00     91.9    -999  -999  -999.00   -999.00   -999.00     8  -999.0    -999     0   0   0   0      17.095   -54.279
0008    1.75  -999.0   -999.00   -999.0    -999  -999  -999.00   -999.00   -999.00     6  -999.0    -999     0   0   0   0    -999.000  -999.000
0009    2.00  -999.0   -999.00     93.1    -999  -999  -999.00   -999.00   -999.00     9  -999.0    -999     0   0   0   0      17.095   -54.279
0010    2.25  -999.0   -999.00   -999.0    -999  -999  -999.00   -999.00   -999.00     9  -999.0    -999     0   0   0   0    -999.000  -999.000
0011    2.50  -999.0   -999.00     94.2    -999  -999  -999.00   -999.00   -999.00     9  -999.0    -999     0   0   0   0      17.095   -54.279
0012    2.75  -999.0   -999.00   -999.0    -999  -999  -999.00   -999.00   -999.00     7  -999.0    -999     0   0   0   0    -999.000  -999.000
0013    3.00   844.8     16.77     95.1    1573  -999  -999.00   -999.00   -999.00    10     0.3    1573     0   0   0   0      17.095   -54.279
0014    3.25  -999.0   -999.00   -999.0    -999  -999  -999.00   -999.00   -999.00     7  -999.0    -999     0   0   0   0    -999.000  -999.000
0015    3.50   845.3     16.79     95.9    1568  -999  -999.00   -999.00   -999.00     7     0.3    1568     0   0   0   0      17.095   -54.279
0016    3.75  -999.0   -999.00   -999.0    -999  -999  -999.00   -999.00   -999.00     9  -999.0    -999     0   0   0   0    -999.000  -999.000
0017    4.00   845.8     16.81     96.3    1563  -999  -999.00   -999.00   -999.00     9     0.2    1563     0   0   0   0      17.095   -54.279
0018    4.25  -999.0   -999.00   -999.0    -999  -999  -999.00   -999.00   -999.00     9  -999.0    -999     0   0   0   0    -999.000  -999.000
0019    4.50   846.3     16.83     96.6    1557  -999  -999.00   -999.00   -999.00     7     0.1    1557     0   0   0   0      17.095   -54.279
0020    4.75  -999.0   -999.00   -999.0    -999  -999  -999.00   -999.00   -999.00     8  -999.0    -999     0   0   0   0    -999.000  -999.000
0021    5.00   846.9     16.86     96.8    1552  -999  -999.00   -999.00   -999.00    10     0.1    1552     0   0   0   0      17.095   -54.279
0022    5.25  -999.0   -999.00   -999.0    -999  -999  -999.00   -999.00   -999.00    10  -999.0    -999     0   0   0   0    -999.000  -999.000
0023    5.50   847.4     16.89     96.8    1547  -999  -999.00   -999.00   -999.00    10     0.0    1547     0   0   0   0      17.096   -54.279
0024    5.75  -999.0   -999.00   -999.0    -999  -999  -999.00   -999.00   -999.00    10  -999.0    -999     0   0   0   0    -999.000  -999.000
0025    6.00   847.9     16.92     96.7    1541  -999  -999.00   -999.00   -999.00     9    -0.0    1541     0   0   0   0      17.096   -54.279
0026    6.25  -999.0   -999.00   -999.0    -999  -999  -999.00   -999.00   -999.00     8  -999.0    -999     0   0   0   0    -999.000  -999.000
0027    6.50   848.4     16.95     96.5    1536  -999  -999.00   -999.00   -999.00    10    -0.0    1536     0   0   0   0      17.096   -54.279
0028    6.75  -999.0   -999.00   -999.0    -999  -999  -999.00   -999.00   -999.00    10  -999.0    -999     0   0   0   0    -999.000  -999.000
0029    7.00   849.0     16.99     96.3    1531  -999  -999.00   -999.00   -999.00    11    -0.0    1531     0   0   0   0      17.096   -54.279
0030    7.25  -999.0   -999.00   -999.0    -999  -999  -999.00   -999.00   -999.00    11  -999.0    -999     0   0   0   0    -999.000  -999.000
0031    7.50   849.5     17.02     96.1    1526  -999  -999.00   -999.00   -999.00    11     0.0    1526     0   0   0   0      17.096   -54.279
0032    7.75  -999.0   -999.00   -999.0    -999  -999  -999.00   -999.00   -999.00    11  -999.0    -999     0   0   0   0    -999.000  -999.000
0033    8.00   850.0     17.06     95.9    1520  -999  -999.00   -999.00   -999.00    11     0.0    1520     0   0   0   0      17.096   -54.279
0034    8.25  -999.0   -999.00   -999.0    -999  -999  -999.00   -999.00   -999.00    11  -999.0    -999     0   0   0   0    -999.000  -999.000
0035    8.50   850.5     17.10     95.7    1515  -999  -999.00   -999.00   -999.00    12     0.1    1515     0   0   0   0      17.096   -54.279
0036    8.75  -999.0   -999.00   -999.0    -999  -999  -999.00   -999.00   -999.00    10  -999.0    -999     0   0   0   0    -999.000  -999.000
0037    9.00   851.1     17.13     95.5    1510  -999  -999.00   -999.00   -999.00    11     0.1    1510     0   0   0   0      17.096   -54.279
0038    9.25  -999.0   -999.00   -999.0    -999  -999  -999.00   -999.00   -999.00    11  -999.0    -999     0   0   0   0    -999.000  -999.000
0039    9.50   851.6     17.17     95.2    1505  -999  -999.00   -999.00   -999.00    12     0.1    1505     0   0   0   0      17.096   -54.279
0040    9.75  -999.0   -999.00   -999.0    -999  -999  -999.00   -999.00   -999.00    12  -999.0    -999     0   0   0   0    -999.000  -999.000
0041   10.00   852.1     17.21     95.0    1499   133    16.72    -12.25     11.37    12     0.2    1499     0   0   0   0      17.096   -54.280
0042   10.25  -999.0   -999.00   -999.0    -999   133    16.71    -12.23     11.39    12  -999.0    -999     0   0   0   0    -999.000  -999.000
0043   10.50   852.6     17.25     94.7    1494   133    16.70    -12.20     11.41    12     0.2    1494     0   0   0   0      17.096   -54.280
0044   10.75  -999.0   -999.00   -999.0    -999   133    16.69    -12.17     11.42    12  -999.0    -999     0   0   0   0    -999.000  -999.000
0045   11.00   853.1     17.29     94.5    1489   133    16.68    -12.14     11.44    12     0.2    1489     0   0   0   0      17.096   -54.280
0046   11.25  -999.0   -999.00   -999.0    -999   133    16.67    -12.11     11.46    12  -999.0    -999     0   0   0   0    -999.000  -999.000
0047   11.50   853.6     17.33     94.2    1484   134    16.66    -12.08     11.48    12     0.3    1484     0   0   0   0      17.096   -54.280
0048   11.75  -999.0   -999.00   -999.0    -999   134    16.65    -12.04     11.49    12  -999.0    -999     0   0   0   0    -999.000  -999.000
0049   12.00   854.1     17.37     93.9    1479   134    16.64    -12.01     11.51    12     0.3    1479     0   0   0   0      17.096   -54.280
0050   12.25  -999.0   -999.00   -999.0    -999   134    16.62    -11.98     11.53    12  -999.0    -999     0   0   0   0    -999.000  -999.000
0051   12.50   854.7     17.41     93.6    1474   134    16.61    -11.94     11.55    11     0.3    1474     0   0   0   0      17.096   -54.280
0052   12.75  -999.0   -999.00   -999.0    -999   134    16.60    -11.91     11.56    11  -999.0    -999     0   0   0   0    -999.000  -999.000
0053   13.00   855.2     17.45     93.3    1468   134    16.58    -11.88     11.57    12     0.3    1468     0   0   0   0      17.096   -54.280
0054   13.25  -999.0   -999.00   -999.0    -999   134    16.57    -11.84     11.59    11  -999.0    -999     0   0   0   0    -999.000  -999.000
0055   13.50   855.7     17.49     92.9    1463   134    16.55    -11.81     11.60    11     0.4    1463     0   0   0   0      17.096   -54.280
0056   13.75  -999.0   -999.00   -999.0    -999   135    16.54    -11.78     11.61    11  -999.0    -999     0   0   0   0    -999.000  -999.000
0057   14.00   856.2     17.53     92.6    1458   135    16.53    -11.75     11.62    11     0.4    1458     0   0   0   0      17.096   -54.280
0058   14.25  -999.0   -999.00   -999.0    -999   135    16.51    -11.72     11.63    11  -999.0    -999     0   0   0   0    -999.000  -999.000
0059   14.50   856.7     17.56     92.2    1453   135    16.50    -11.70     11.63    11     0.4    1453     0   0   0   0      17.096   -54.280
0060   14.75  -999.0   -999.00   -999.0    -999   135    16.49    -11.67     11.64    11  -999.0    -999     0   0   0   0    -999.000  -999.000
0061   15.00   857.2     17.60     91.7    1448   135    16.48    -11.65     11.65    12     0.4    1448     0   0   0   0      17.096   -54.280
0062   15.25  -999.0   -999.00   -999.0    -999   135    16.47    -11.63     11.66    11  -999.0    -999     0   0   0   0    -999.000  -999.000
0063   15.50   857.7     17.64     91.3    1443   135    16.47    -11.61     11.68    11     0.4    1443     0   0   0   0      17.096   -54.280
0064   15.75  -999.0   -999.00   -999.0    -999   135    16.47    -11.60     11.69    12  -999.0    -999     0   0   0   0    -999.000  -999.000
0065   16.00   858.2     17.68     91.0    1438   135    16.47    -11.58     11.71    12     0.4    1438     0   0   0   0      17.097   -54.280
0066   16.25  -999.0   -999.00   -999.0    -999   135    16.47    -11.57     11.72    12  -999.0    -999     0   0   0   0    -999.000  -999.000
0067   16.50   858.7     17.72     90.7    1433   135    16.47    -11.56     11.74    12     0.4    1433     0   0   0   0      17.097   -54.280
0068   16.75  -999.0   -999.00   -999.0    -999   136    16.48    -11.55     11.75    12  -999.0    -999     0   0   0   0    -999.000  -999.000
0069   17.00   859.2     17.75     90.5    1428   136    16.49    -11.54     11.77    11     0.4    1428     0   0   0   0      17.097   -54.280
0070   17.25  -999.0   -999.00   -999.0    -999   136    16.49    -11.54     11.79    12  -999.0    -999     0   0   0   0    -999.000  -999.000
0071   17.50   859.7     17.79     90.3    1423   136    16.50    -11.53     11.80    12     0.4    1423     0   0   0   0      17.097   -54.280
0072   17.75  -999.0   -999.00   -999.0    -999   136    16.51    -11.53     11.82    11  -999.0    -999     0   0   0   0    -999.000  -999.000
0073   18.00   860.2     17.83     90.1    1418   136    16.52    -11.53     11.83    12     0.5    1418     0   0   0   0      17.097   -54.280
0074   18.25  -999.0   -999.00   -999.0    -999   136    16.52    -11.53     11.84    12  -999.0    -999     0   0   0   0    -999.000  -999.000
0075   18.50   860.7     17.86     90.0    1413   136    16.53    -11.52     11.85    12     0.5    1413     0   0   0   0      17.097   -54.280
0076   18.75  -999.0   -999.00   -999.0    -999   136    16.53    -11.52     11.86    12  -999.0    -999     0   0   0   0    -999.000  -999.000
0077   19.00   861.3     17.90     89.9    1408   136    16.54    -11.52     11.86    11     0.5    1408     0   0   0   0      17.097   -54.280
0078   19.25  -999.0   -999.00   -999.0    -999   136    16.54    -11.52     11.87    11  -999.0    -999     0   0   0   0    -999.000  -999.000
0079   19.50   861.8     17.93     89.9    1403   136    16.54    -11.51     11.87    11     0.5    1403     0   0   0   0      17.097   -54.281
0080   19.75  -999.0   -999.00   -999.0    -999   136    16.54    -11.51     11.88    12  -999.0    -999     0   0   0   0    -999.000  -999.000
0081   20.00   862.2     17.97     89.8    1398   136    16.53    -11.50     11.88    11     0.6    1398     0   0   0   0      17.097   -54.281
0082   20.25  -999.0   -999.00   -999.0    -999   136    16.52    -11.48     11.88    11  -999.0    -999     0   0   0   0    -999.000  -999.000
0083   20.50   862.7     17.99     89.7    1393   136    16.51    -11.47     11.88    12     0.6    1393     0   0   0   0      17.097   -54.281
0084   20.75  -999.0   -999.00   -999.0    -999   136    16.50    -11.45     11.88    12  -999.0    -999     0   0   0   0    -999.000  -999.000
0085   21.00   863.2     18.02     89.5    1388   136    16.48    -11.42     11.88    11     0.6    1388     0   0   0   0      17.097   -54.281
0086   21.25  -999.0   -999.00   -999.0    -999   136    16.46    -11.40     11.88    12  -999.0    -999     0   0   0   0    -999.000  -999.000
0087   21.50   863.7     18.05     89.3    1383   136    16.43    -11.37     11.87    12     0.6    1383     0   0   0   0      17.097   -54.281
0088   21.75  -999.0   -999.00   -999.0    -999   136    16.41    -11.33     11.87    12  -999.0    -999     0   0   0   0    -999.000  -999.000
0089   22.00   864.2     18.07     89.1    1378   136    16.38    -11.29     11.86    12     0.6    1378     0   0   0   0      17.097   -54.281
0090   22.25  -999.0   -999.00   -999.0    -999   137    16.34    -11.25     11.85    12  -999.0    -999     0   0   0   0    -999.000  -999.000
0091   22.50   864.7     18.09     88.8    1373   137    16.31    -11.20     11.85    12     0.6    1373     0   0   0   0      17.097   -54.281
0092   22.75  -999.0   -999.00   -999.0    -999   137    16.27    -11.15     11.84    12  -999.0    -999     0   0   0   0    -999.000  -999.000
0093   23.00   865.2     18.11     88.6    1368   137    16.23    -11.11     11.84    12     0.6    1368     0   0   0   0      17.097   -54.281
0094   23.25  -999.0   -999.00   -999.0    -999   137    16.20    -11.06     11.84    12  -999.0    -999     0   0   0   0    -999.000  -999.000
0095   23.50   865.7     18.13     88.4    1363   137    16.16    -11.01     11.83    12     0.6    1363     0   0   0   0      17.097   -54.281
0096   23.75  -999.0   -999.00   -999.0    -999   137    16.13    -10.96     11.84    12  -999.0    -999     0   0   0   0    -999.000  -999.000
0097   24.00   866.2     18.14     88.3    1358   137    16.10    -10.92     11.84    12     0.6    1358     0   0   0   0      17.097   -54.281
0098   24.25  -999.0   -999.00   -999.0    -999   137    16.08    -10.88     11.84    12  -999.0    -999     0   0   0   0    -999.000  -999.000
0099   24.50   866.7     18.16     88.2    1353   138    16.06    -10.84     11.85    12     0.6    1353     0   0   0   0      17.097   -54.281
0100   24.75  -999.0   -999.00   -999.0    -999   138    16.04    -10.80     11.86    12  -999.0    -999     0   0   0   0    -999.000  -999.000
0101   25.00   867.2     18.17     88.2    1348   138    16.03    -10.78     11.87    12     0.6    1348     0   0   0   0      17.097   -54.281
0102   25.25  -999.0   -999.00   -999.0    -999   138    16.02    -10.75     11.88    12  -999.0    -999     0   0   0   0    -999.000  -999.000
0103   25.50   867.7     18.19     88.2    1343   138    16.02    -10.74     11.89    12     0.6    1343     0   0   0   0      17.098   -54.281
0104   25.75  -999.0   -999.00   -999.0    -999   138    16.02    -10.72     11.90    12  -999.0    -999     0   0   0   0    -999.000  -999.000
0105   26.00   868.2     18.21     88.3    1338   138    16.02    -10.72     11.91    12     0.6    1338     0   0   0   0      17.098   -54.281
0106   26.25  -999.0   -999.00   -999.0    -999   138    16.03    -10.71     11.92    12  -999.0    -999     0   0   0   0    -999.000  -999.000
0107   26.50   868.7     18.22     88.3    1333   138    16.03    -10.71     11.93    12     0.6    1333     0   0   0   0      17.098   -54.281
0108   26.75  -999.0   -999.00   -999.0    -999   138    16.04    -10.72     11.94    12  -999.0    -999     0   0   0   0    -999.000  -999.000
0109   27.00   869.2     18.24     88.4    1328   138    16.06    -10.72     11.95    12     0.7    1328     0   0   0   0      17.098   -54.281
0110   27.25  -999.0   -999.00   -999.0    -999   138    16.07    -10.73     11.96    12  -999.0    -999     0   0   0   0    -999.000  -999.000
0111   27.50   869.7     18.25     88.5    1323   138    16.08    -10.74     11.96    12     0.7    1323     0   0   0   0      17.098   -54.281
0112   27.75  -999.0   -999.00   -999.0    -999   138    16.09    -10.75     11.97    12  -999.0    -999     0   0   0   0    -999.000  -999.000
0113   28.00   870.2     18.26     88.6    1318   138    16.10    -10.76     11.98    11     0.7    1318     0   0   0   0      17.098   -54.281
0114   28.25  -999.0   -999.00   -999.0    -999   138    16.11    -10.77     11.98    12  -999.0    -999     0   0   0   0    -999.000  -999.000
0115   28.50   870.7     18.27     88.8    1314   138    16.12    -10.78     11.99    12     0.7    1314     0   0   0   0      17.098   -54.281
0116   28.75  -999.0   -999.00   -999.0    -999   138    16.13    -10.78     12.00    12  -999.0    -999     0   0   0   0    -999.000  -999.000
0117   29.00   871.2     18.28     89.0    1309   138    16.14    -10.79     12.01    12     0.7    1309     0   0   0   0      17.098   -54.281
0118   29.25  -999.0   -999.00   -999.0    -999   138    16.15    -10.79     12.02    12  -999.0    -999     0   0   0   0    -999.000  -999.000
0119   29.50   871.7     18.29     89.2    1304   138    16.16    -10.79     12.03    12     0.8    1304     0   0   0   0      17.098   -54.282
0120   29.75  -999.0   -999.00   -999.0    -999   138    16.16    -10.78     12.04    12  -999.0    -999     0   0   0   0    -999.000  -999.000
0121   30.00   872.2     18.29     89.5    1299   138    16.17    -10.78     12.05    12     0.8    1299     0   0   0   0      17.098   -54.282
0122   30.25  -999.0   -999.00   -999.0    -999   138    16.17    -10.77     12.06    12  -999.0    -999     0   0   0   0    -999.000  -999.000
0123   30.50   872.7     18.29     89.8    1294   138    16.17    -10.76     12.07    12     0.8    1294     0   0   0   0      17.098   -54.282
0124   30.75  -999.0   -999.00   -999.0    -999   138    16.17    -10.75     12.08    11  -999.0    -999     0   0   0   0    -999.000  -999.000
0125   31.00   873.2     18.29     90.2    1289   138    16.17    -10.73     12.09    12     0.8    1289     0   0   0   0      17.098   -54.282
0126   31.25  -999.0   -999.00   -999.0    -999   138    16.16    -10.71     12.11    12  -999.0    -999     0   0   0   0    -999.000  -999.000
0127   31.50   873.7     18.28     90.6    1284   139    16.16    -10.69     12.12    12     0.8    1284     0   0   0   0      17.098   -54.282
0128   31.75  -999.0   -999.00   -999.0    -999   139    16.14    -10.66     12.12    12  -999.0    -999     0   0   0   0    -999.000  -999.000
0129   32.00   874.2     18.27     90.9    1280   139    16.13    -10.63     12.13    12     0.8    1280     0   0   0   0      17.098   -54.282
0130   32.25  -999.0   -999.00   -999.0    -999   139    16.11    -10.59     12.14    12  -999.0    -999     0   0   0   0    -999.000  -999.000
0131   32.50   874.7     18.26     91.3    1275   139    16.08    -10.55     12.14    12     0.8    1275     0   0   0   0      17.098   -54.282
0132   32.75  -999.0   -999.00   -999.0    -999   139    16.05    -10.51     12.14    12  -999.0    -999     0   0   0   0    -999.000  -999.000
0133   33.00   875.1     18.26     91.6    1270   139    16.02    -10.46     12.13    12     0.8    1270     0   0   0   0      17.098   -54.282
0134   33.25  -999.0   -999.00   -999.0    -999   139    15.98    -10.42     12.12    12  -999.0    -999     0   0   0   0    -999.000  -999.000
0135   33.50   875.6     18.26     91.8    1265   139    15.94    -10.37     12.11    12     0.8    1265     0   0   0   0      17.098   -54.282
0136   33.75  -999.0   -999.00   -999.0    -999   140    15.89    -10.32     12.08    12  -999.0    -999     0   0   0   0    -999.000  -999.000
0137   34.00   876.1     18.26     92.0    1260   140    15.84    -10.27     12.06    12     0.8    1260     0   0   0   0      17.098   -54.282
0138   34.25  -999.0   -999.00   -999.0    -999   140    15.79    -10.23     12.03    12  -999.0    -999     0   0   0   0    -999.000  -999.000
0139   34.50   876.6     18.26     92.2    1256   140    15.74    -10.18     12.00    12     0.7    1256     0   0   0   0      17.099   -54.282
0140   34.75  -999.0   -999.00   -999.0    -999   140    15.68    -10.14     11.96    12  -999.0    -999     0   0   0   0    -999.000  -999.000
0141   35.00   877.1     18.28     92.3    1251   140    15.63    -10.10     11.93    11     0.7    1251     0   0   0   0      17.099   -54.282
0142   35.25  -999.0   -999.00   -999.0    -999   140    15.58    -10.07     11.89    11  -999.0    -999     0   0   0   0    -999.000  -999.000
0143   35.50   877.6     18.29     92.4    1246   140    15.54    -10.04     11.86    12     0.6    1246     0   0   0   0      17.099   -54.282
0144   35.75  -999.0   -999.00   -999.0    -999   140    15.50    -10.01     11.84    12  -999.0    -999     0   0   0   0    -999.000  -999.000
0145   36.00   878.1     18.32     92.5    1241   140    15.47     -9.98     11.81    12     0.5    1241     0   0   0   0      17.099   -54.282
0146   36.25  -999.0   -999.00   -999.0    -999   140    15.44     -9.96     11.80    12  -999.0    -999     0   0   0   0    -999.000  -999.000
0147   36.50   878.6     18.34     92.5    1236   140    15.42     -9.94     11.80    12     0.5    1236     0   0   0   0      17.099   -54.282
0148   36.75  -999.0   -999.00   -999.0    -999   140    15.41     -9.92     11.80    12  -999.0    -999     0   0   0   0    -999.000  -999.000
0149   37.00   879.1     18.37     92.5    1231   140    15.42     -9.91     11.81    12     0.4    1231     0   0   0   0      17.099   -54.282
0150   37.25  -999.0   -999.00   -999.0    -999   140    15.43     -9.90     11.84    12  -999.0    -999     0   0   0   0    -999.000  -999.000
0151   37.50   879.6     18.40     92.6    1226   140    15.45     -9.90     11.87    12     0.4    1226     0   0   0   0      17.099   -54.282
0152   37.75  -999.0   -999.00   -999.0    -999   140    15.48     -9.90     11.91    12  -999.0    -999     0   0   0   0    -999.000  -999.000
0153   38.00   880.1     18.43     92.6    1221   140    15.52     -9.91     11.95    12     0.3    1221     0   0   0   0      17.099   -54.282
0154   38.25  -999.0   -999.00   -999.0    -999   140    15.57     -9.92     12.00    12  -999.0    -999     0   0   0   0    -999.000  -999.000
0155   38.50   880.7     18.47     92.7    1216   140    15.62     -9.94     12.05    12     0.3    1216     0   0   0   0      17.099   -54.282
0156   38.75  -999.0   -999.00   -999.0    -999   141    15.68     -9.96     12.11    12  -999.0    -999     0   0   0   0    -999.000  -999.000
0157   39.00   881.2     18.50     92.8    1211   141    15.74     -9.99     12.16    12     0.3    1211     0   0   0   0      17.099   -54.282
0158   39.25  -999.0   -999.00   -999.0    -999   141    15.80    -10.01     12.22    12  -999.0    -999     0   0   0   0    -999.000  -999.000
0159   39.50   881.7     18.53     92.9    1206   141    15.86    -10.03     12.28    12     0.3    1206     0   0   0   0      17.099   -54.282
0160   39.75  -999.0   -999.00   -999.0    -999   141    15.91    -10.06     12.33    12  -999.0    -999     0   0   0   0    -999.000  -999.000
0161   40.00   882.2     18.57     93.0    1201   141    15.96    -10.07     12.38    11     0.3    1201     0   0   0   0      17.099   -54.283
0162   40.25  -999.0   -999.00   -999.0    -999   141    16.01    -10.09     12.43    12  -999.0    -999     0   0   0   0    -999.000  -999.000
0163   40.50   882.7     18.61     93.0    1196   141    16.05    -10.10     12.47    12     0.3    1196     0   0   0   0      17.099   -54.283
0164   40.75  -999.0   -999.00   -999.0    -999   141    16.08    -10.10     12.51    12  -999.0    -999     0   0   0   0    -999.000  -999.000
0165   41.00   883.3     18.64     93.0    1191   141    16.10    -10.10     12.54    12     0.3    1191     0   0   0   0      17.099   -54.283
0166   41.25  -999.0   -999.00   -999.0    -999   141    16.12    -10.09     12.57    12  -999.0    -999     0   0   0   0    -999.000  -999.000
0167   41.50   883.8     18.69     93.0    1185   141    16.13    -10.08     12.60    12     0.4    1185     0   0   0   0      17.099   -54.283
0168   41.75  -999.0   -999.00   -999.0    -999   141    16.14    -10.05     12.62    12  -999.0    -999     0   0   0   0    -999.000  -999.000
0169   42.00   884.3     18.73     92.8    1180   142    16.14    -10.03     12.64    12     0.4    1180     0   0   0   0      17.099   -54.283
0170   42.25  -999.0   -999.00   -999.0    -999   142    16.13    -10.00     12.66    12  -999.0    -999     0   0   0   0    -999.000  -999.000
0171   42.50   884.8     18.78     92.7    1175   142    16.12     -9.96     12.68    12     0.5    1175     0   0   0   0      17.099   -54.283
0172   42.75  -999.0   -999.00   -999.0    -999   142    16.11     -9.92     12.69    12  -999.0    -999     0   0   0   0    -999.000  -999.000
0173   43.00   885.3     18.83     92.4    1171   142    16.09     -9.88     12.70    12     0.5    1171     0   0   0   0      17.099   -54.283
0174   43.25  -999.0   -999.00   -999.0    -999   142    16.07     -9.83     12.71    12  -999.0    -999     0   0   0   0    -999.000  -999.000
0175   43.50   885.8     18.88     92.1    1166   142    16.05     -9.79     12.72    12     0.6    1166     0   0   0   0      17.099   -54.283
0176   43.75  -999.0   -999.00   -999.0    -999   143    16.02     -9.74     12.72    12  -999.0    -999     0   0   0   0    -999.000  -999.000
0177   44.00   886.3     18.93     91.8    1161   143    15.99     -9.68     12.72    12     0.6    1161     0   0   0   0      17.100   -54.283
0178   44.25  -999.0   -999.00   -999.0    -999   143    15.96     -9.63     12.72    12  -999.0    -999     0   0   0   0    -999.000  -999.000
0179   44.50   886.8     18.98     91.4    1156   143    15.93     -9.58     12.72    12     0.7    1156     0   0   0   0      17.100   -54.283
0180   44.75  -999.0   -999.00   -999.0    -999   143    15.89     -9.53     12.72    12  -999.0    -999     0   0   0   0    -999.000  -999.000
0181   45.00   887.3     19.04     91.1    1151   143    15.86     -9.48     12.71    12     0.7    1151     0   0   0   0      17.100   -54.283
0182   45.25  -999.0   -999.00   -999.0    -999   143    15.82     -9.44     12.70    12  -999.0    -999     0   0   0   0    -999.000  -999.000
0183   45.50   887.8     19.09     90.8    1146   143    15.78     -9.39     12.69    12     0.7    1146     0   0   0   0      17.100   -54.283
0184   45.75  -999.0   -999.00   -999.0    -999   144    15.74     -9.34     12.67    12  -999.0    -999     0   0   0   0    -999.000  -999.000
0185   46.00   888.3     19.13     90.6    1141   144    15.70     -9.30     12.65    12     0.7    1141     0   0   0   0      17.100   -54.283
0186   46.25  -999.0   -999.00   -999.0    -999   144    15.66     -9.26     12.64    12  -999.0    -999     0   0   0   0    -999.000  -999.000
0187   46.50   888.8     19.18     90.3    1137   144    15.62     -9.22     12.61    12     0.7    1137     0   0   0   0      17.100   -54.283
0188   46.75  -999.0   -999.00   -999.0    -999   144    15.58     -9.18     12.59    11  -999.0    -999     0   0   0   0    -999.000  -999.000
0189   47.00   889.3     19.22     90.1    1132   144    15.53     -9.14     12.56    12     0.7    1132     0   0   0   0      17.100   -54.283
0190   47.25  -999.0   -999.00   -999.0    -999   144    15.49     -9.10     12.53    12  -999.0    -999     0   0   0   0    -999.000  -999.000
0191   47.50   889.8     19.26     89.9    1127   144    15.44     -9.06     12.50    12     0.6    1127     0   0   0   0      17.100   -54.283
0192   47.75  -999.0   -999.00   -999.0    -999   144    15.40     -9.03     12.47    12  -999.0    -999     0   0   0   0    -999.000  -999.000
0193   48.00   890.3     19.30     89.7    1122   144    15.35     -8.99     12.44    12     0.6    1122     0   0   0   0      17.100   -54.283
0194   48.25  -999.0   -999.00   -999.0    -999   144    15.30     -8.96     12.40    12  -999.0    -999     0   0   0   0    -999.000  -999.000
0195   48.50   890.8     19.33     89.5    1117   144    15.25     -8.93     12.37    12     0.5    1117     0   0   0   0      17.100   -54.283
0196   48.75  -999.0   -999.00   -999.0    -999   144    15.20     -8.89     12.34    12  -999.0    -999     0   0   0   0    -999.000  -999.000
0197   49.00   891.3     19.37     89.3    1112   144    15.16     -8.85     12.30    12     0.4    1112     0   0   0   0      17.100   -54.283
0198   49.25  -999.0   -999.00   -999.0    -999   144    15.11     -8.81     12.27    12  -999.0    -999     0   0   0   0    -999.000  -999.000
0199   49.50   891.8     19.41     89.1    1107   144    15.06     -8.77     12.24    12     0.3    1107     0   0   0   0      17.100   -54.283
0200   49.75  -999.0   -999.00   -999.0    -999   144    15.01     -8.73     12.21    12  -999.0    -999     0   0   0   0    -999.000  -999.000
0201   50.00   892.4     19.44     88.9    1102   144    14.96     -8.69     12.18    12     0.2    1102     0   0   0   0      17.100   -54.283
0202   50.25  -999.0   -999.00   -999.0    -999   145    14.92     -8.65     12.15    12  -999.0    -999     0   0   0   0    -999.000  -999.000
0203   50.50   892.9     19.48     88.6    1097   145    14.87     -8.61     12.13    12     0.1    1097     0   0   0   0      17.100   -54.283
0204   50.75  -999.0   -999.00   -999.0    -999   145    14.83     -8.57     12.10    11  -999.0    -999     0   0   0   0    -999.000  -999.000
0205   51.00   893.4     19.52     88.4    1092   145    14.79     -8.53     12.08    12     0.0    1092     0   0   0   0      17.100   -54.284
0206   51.25  -999.0   -999.00   -999.0    -999   145    14.75     -8.49     12.06    12  -999.0    -999     0   0   0   0    -999.000  -999.000
0207   51.50   894.0     19.57     88.1    1087   145    14.72     -8.46     12.04    11    -0.0    1087     0   0   0   0      17.100   -54.284
0208   51.75  -999.0   -999.00   -999.0    -999   145    14.69     -8.44     12.03    12  -999.0    -999     0   0   0   0    -999.000  -999.000
0209   52.00   894.5     19.61     87.9    1081  -999  -999.00   -999.00   -999.00    12    -0.1    1081     0   0   0   0    -999.000  -999.000
0210   52.25  -999.0   -999.00   -999.0    -999   145    14.65     -8.39     12.01    12  -999.0    -999     0   0   0   0    -999.000  -999.000
0211   52.50   895.0     19.65     87.6    1076   145    14.64     -8.37     12.00    12    -0.2    1076     0   0   0   0      17.101   -54.284
0212   52.75  -999.0   -999.00   -999.0    -999   145    14.63     -8.36     12.00    12  -999.0    -999     0   0   0   0    -999.000  -999.000
0213   53.00   895.6     19.69     87.3    1071   145    14.62     -8.35     12.00    12    -0.3    1071     0   0   0   0      17.101   -54.284
0214   53.25  -999.0   -999.00   -999.0    -999   145    14.61     -8.34     12.00    12  -999.0    -999     0   0   0   0    -999.000  -999.000
0215   53.50   896.1     19.73     87.1    1066   145    14.61     -8.33     12.01    12    -0.4    1066     0   0   0   0      17.101   -54.284
0216   53.75  -999.0   -999.00   -999.0    -999   145    14.62     -8.32     12.01    12  -999.0    -999     0   0   0   0    -999.000  -999.000
0217   54.00   896.7     19.76     87.0    1060   145    14.62     -8.32     12.02    12    -0.5    1060     0   0   0   0      17.101   -54.284
0218   54.25  -999.0   -999.00   -999.0    -999   145    14.63     -8.31     12.04    12  -999.0    -999     0   0   0   0    -999.000  -999.000
0219   54.50   897.3     19.80     86.9    1055   145    14.63     -8.31     12.05    12    -0.5    1055     0   0   0   0      17.101   -54.284
0220   54.75  -999.0   -999.00   -999.0    -999   145    14.64     -8.30     12.06    12  -999.0    -999     0   0   0   0    -999.000  -999.000
0221   55.00   897.8     19.82     86.9    1049   146    14.65     -8.29     12.08    12    -0.6    1049     0   0   0   0      17.101   -54.284
0222   55.25  -999.0   -999.00   -999.0    -999   146    14.66     -8.29     12.09    11  -999.0    -999     0   0   0   0    -999.000  -999.000
0223   55.50   898.4     19.85     87.0    1044   146    14.67     -8.29     12.10    11    -0.7    1044     0   0   0   0      17.101   -54.284
0224   55.75  -999.0   -999.00   -999.0    -999   146    14.68     -8.29     12.11    11  -999.0    -999     0   0   0   0    -999.000  -999.000
0225   56.00   899.0     19.87     87.1    1038   146    14.68     -8.29     12.12    12    -0.8    1038     0   0   0   0      17.101   -54.284
0226   56.25  -999.0   -999.00   -999.0    -999   146    14.68     -8.29     12.12    12  -999.0    -999     0   0   0   0    -999.000  -999.000
0227   56.50   899.6     19.89     87.4    1033   146    14.68     -8.30     12.11    11    -0.9    1033     0   0   0   0      17.101   -54.284
0228   56.75  -999.0   -999.00   -999.0    -999   145    14.68     -8.31     12.09    11  -999.0    -999     0   0   0   0    -999.000  -999.000
0229   57.00   900.1     19.91     87.6    1027   145    14.66     -8.33     12.07    12    -0.9    1027     0   0   0   0      17.101   -54.284
0230   57.25  -999.0   -999.00   -999.0    -999   145    14.65     -8.35     12.03    12  -999.0    -999     0   0   0   0    -999.000  -999.000
0231   57.50   900.7     19.93     87.9    1021   145    14.62     -8.37     11.99    12    -1.0    1021     0   0   0   0      17.101   -54.284
0232   57.75  -999.0   -999.00   -999.0    -999   145    14.59     -8.39     11.94    12  -999.0    -999     0   0   0   0    -999.000  -999.000
0233   58.00   901.3     19.95     88.2    1016   145    14.55     -8.42     11.87    12    -1.0    1016     0   0   0   0      17.101   -54.284
0234   58.25  -999.0   -999.00   -999.0    -999   144    14.51     -8.44     11.80    12  -999.0    -999     0   0   0   0    -999.000  -999.000
0235   58.50   901.9     19.98     88.4    1010   144    14.46     -8.46     11.72    12    -1.0    1010     0   0   0   0      17.101   -54.284
0236   58.75  -999.0   -999.00   -999.0    -999   144    14.40     -8.48     11.64    12  -999.0    -999     0   0   0   0    -999.000  -999.000
0237   59.00   902.5     20.01     88.5    1004   144    14.34     -8.50     11.55    12    -1.0    1004     0   0   0   0      17.101   -54.284
0238   59.25  -999.0   -999.00   -999.0    -999   143    14.27     -8.51     11.46    12  -999.0    -999     0   0   0   0    -999.000  -999.000
0239   59.50   903.1     20.05     88.5     999   143    14.20     -8.52     11.36    12    -1.0     999     0   0   0   0      17.101   -54.284
0240   59.75  -999.0   -999.00   -999.0    -999   143    14.13     -8.52     11.27    12  -999.0    -999     0   0   0   0    -999.000  -999.000
0241   60.00   903.7     20.11     88.3     993   143    14.06     -8.53     11.18    12    -1.0     993     0   0   0   0      17.101   -54.284
0242   60.25  -999.0   -999.00   -999.0    -999   142    13.98     -8.53     11.08    12  -999.0    -999     0   0   0   0    -999.000  -999.000
0243   60.50   904.3     20.17     87.9     987   142    13.91     -8.53     11.00    12    -1.0     987     0   0   0   0      17.101   -54.284
0244   60.75  -999.0   -999.00   -999.0    -999   142    13.84     -8.52     10.91    12  -999.0    -999     0   0   0   0    -999.000  -999.000
0245   61.00   904.9     20.25     87.4     982   142    13.78     -8.52     10.83    12    -1.0     982     0   0   0   0      17.101   -54.284
0246   61.25  -999.0   -999.00   -999.0    -999   142    13.72     -8.52     10.75    12  -999.0    -999     0   0   0   0    -999.000  -999.000
0247   61.50   905.5     20.34     86.8     976   141    13.66     -8.52     10.68    11    -1.0     976     0   0   0   0      17.101   -54.284
0248   61.75  -999.0   -999.00   -999.0    -999   141    13.61     -8.52     10.61    12  -999.0    -999     0   0   0   0    -999.000  -999.000
0249   62.00   906.1     20.42     86.2     970   141    13.56     -8.51     10.56    12    -1.1     970     0   0   0   0      17.102   -54.284
0250   62.25  -999.0   -999.00   -999.0    -999   141    13.52     -8.51     10.51    12  -999.0    -999     0   0   0   0    -999.000  -999.000
0251   62.50   906.6     20.50     85.8     965   141    13.48     -8.50     10.47    12    -1.1     965     0   0   0   0      17.102   -54.284
0252   62.75  -999.0   -999.00   -999.0    -999   141    13.45     -8.49     10.43    12  -999.0    -999     0   0   0   0    -999.000  -999.000
0253   63.00   907.2     20.55     85.7     959   141    13.43     -8.48     10.41    12    -1.2     959     0   0   0   0      17.102   -54.284
0254   63.25  -999.0   -999.00   -999.0    -999   141    13.41     -8.45     10.40    12  -999.0    -999     0   0   0   0    -999.000  -999.000
0255   63.50   907.8     20.59     85.8     953   141    13.39     -8.43     10.40    12    -1.3     953     0   0   0   0      17.102   -54.284
0256   63.75  -999.0   -999.00   -999.0    -999   141    13.37     -8.39     10.41    12  -999.0    -999     0   0   0   0    -999.000  -999.000
0257   64.00   908.4     20.60     86.3     947   141    13.36     -8.36     10.43    12    -1.3     947     0   0   0   0      17.102   -54.285
0258   64.25  -999.0   -999.00   -999.0    -999   142    13.36     -8.31     10.45    12  -999.0    -999     0   0   0   0    -999.000  -999.000
0259   64.50   909.1     20.58     87.0     942   142    13.35     -8.26     10.49    12    -1.4     942     0   0   0   0      17.102   -54.285
0260   64.75  -999.0   -999.00   -999.0    -999   142    13.35     -8.21     10.52    13  -999.0    -999     0   0   0   0    -999.000  -999.000
0261   65.00   909.7     20.55     87.8     936   142    13.35     -8.16     10.56    13    -1.5     936     0   0   0   0      17.102   -54.285
0262   65.25  -999.0   -999.00   -999.0    -999   143    13.35     -8.11     10.61    13  -999.0    -999     0   0   0   0    -999.000  -999.000
0263   65.50   910.3     20.51     88.7     930   143    13.36     -8.06     10.65    13    -1.6     930     0   0   0   0      17.102   -54.285
0264   65.75  -999.0   -999.00   -999.0    -999   143    13.36     -8.02     10.69    13  -999.0    -999     0   0   0   0    -999.000  -999.000
0265   66.00   910.9     20.46     89.6     924   143    13.36     -7.98     10.72    13    -1.7     924     0   0   0   0      17.102   -54.285
0266   66.25  -999.0   -999.00   -999.0    -999   144    13.37     -7.94     10.76    13  -999.0    -999     0   0   0   0    -999.000  -999.000
0267   66.50   911.6     20.42     90.4     918   144    13.37     -7.91     10.78    13    -1.8     918     0   0   0   0      17.102   -54.285
0268   66.75  -999.0   -999.00   -999.0    -999   144    13.37     -7.88     10.80    13  -999.0    -999     0   0   0   0    -999.000  -999.000
0269   67.00   912.2     20.39     91.0     912   144    13.37     -7.86     10.81    13    -1.9     912     0   0   0   0      17.102   -54.285
0270   67.25  -999.0   -999.00   -999.0    -999   144    13.36     -7.84     10.82    13  -999.0    -999     0   0   0   0    -999.000  -999.000
0271   67.50   912.8     20.37     91.5     906   144    13.35     -7.82     10.82    13    -2.0     906     0   0   0   0      17.102   -54.285
0272   67.75  -999.0   -999.00   -999.0    -999   144    13.35     -7.81     10.82    13  -999.0    -999     0   0   0   0    -999.000  -999.000
0273   68.00   913.5     20.37     91.9     899   144    13.33     -7.80     10.81    13    -2.0     899     0   0   0   0      17.102   -54.285
0274   68.25  -999.0   -999.00   -999.0    -999   144    13.32     -7.80     10.80    13  -999.0    -999     0   0   0   0    -999.000  -999.000
0275   68.50   914.1     20.38     92.1     893   144    13.30     -7.79     10.78    13    -2.1     893     0   0   0   0      17.102   -54.285
0276   68.75  -999.0   -999.00   -999.0    -999   144    13.28     -7.78     10.76    13  -999.0    -999     0   0   0   0    -999.000  -999.000
0277   69.00   914.8     20.40     92.3     887   144    13.25     -7.77     10.74    13    -2.1     887     0   0   0   0      17.102   -54.285
0278   69.25  -999.0   -999.00   -999.0    -999   144    13.22     -7.75     10.71    13  -999.0    -999     0   0   0   0    -999.000  -999.000
0279   69.50   915.4     20.43     92.4     881   144    13.19     -7.74     10.68    13    -2.1     881     0   0   0   0      17.102   -54.285
0280   69.75  -999.0   -999.00   -999.0    -999   144    13.16     -7.72     10.66    13  -999.0    -999     0   0   0   0    -999.000  -999.000
0281   70.00   916.1     20.47     92.3     875   144    13.13     -7.70     10.63    13    -2.1     875     0   0   0   0      17.102   -54.285
0282   70.25  -999.0   -999.00   -999.0    -999   144    13.10     -7.68     10.61    13  -999.0    -999     0   0   0   0    -999.000  -999.000
0283   70.50   916.7     20.51     92.2     869   144    13.08     -7.67     10.60    13    -2.1     869     0   0   0   0      17.102   -54.285
0284   70.75  -999.0   -999.00   -999.0    -999   144    13.06     -7.65     10.58    13  -999.0    -999     0   0   0   0    -999.000  -999.000
0285   71.00   917.4     20.57     92.0     862   144    13.04     -7.63     10.57    13    -2.0     862     0   0   0   0      17.102   -54.285
0286   71.25  -999.0   -999.00   -999.0    -999   144    13.03     -7.62     10.57    13  -999.0    -999     0   0   0   0    -999.000  -999.000
0287   71.50   918.0     20.63     91.7     856   144    13.01     -7.61     10.56    13    -2.0     856     0   0   0   0      17.102   -54.285
0288   71.75  -999.0   -999.00   -999.0    -999   144    13.01     -7.60     10.56    13  -999.0    -999     0   0   0   0    -999.000  -999.000
0289   72.00   918.7     20.70     91.3     850   144    13.00     -7.59     10.55    13    -1.9     850     0   0   0   0      17.102   -54.285
0290   72.25  -999.0   -999.00   -999.0    -999   144    13.00     -7.59     10.55    13  -999.0    -999     0   0   0   0    -999.000  -999.000
0291   72.50   919.3     20.77     90.9     844   144    12.99     -7.59     10.55    13    -1.8     844     0   0   0   0      17.103   -54.285
0292   72.75  -999.0   -999.00   -999.0    -999   144    12.99     -7.59     10.54    13  -999.0    -999     0   0   0   0    -999.000  -999.000
0293   73.00   920.0     20.84     90.4     838   144    12.99     -7.60     10.53    13    -1.8     838     0   0   0   0      17.103   -54.285
0294   73.25  -999.0   -999.00   -999.0    -999   144    12.99     -7.61     10.52    13  -999.0    -999     0   0   0   0    -999.000  -999.000
0295   73.50   920.6     20.91     90.0     832   144    12.98     -7.62     10.51    13    -1.7     832     0   0   0   0      17.103   -54.285
0296   73.75  -999.0   -999.00   -999.0    -999   144    12.98     -7.64     10.49    13  -999.0    -999     0   0   0   0    -999.000  -999.000
0297   74.00   921.2     20.98     89.7     826   144    12.98     -7.66     10.48    13    -1.6     826     0   0   0   0      17.103   -54.285
0298   74.25  -999.0   -999.00   -999.0    -999   144    12.98     -7.68     10.46    13  -999.0    -999     0   0   0   0    -999.000  -999.000
0299   74.50   921.8     21.05     89.4     820   144    12.98     -7.71     10.44    13    -1.4     820     0   0   0   0      17.103   -54.285
0300   74.75  -999.0   -999.00   -999.0    -999   143    12.98     -7.74     10.42    13  -999.0    -999     0   0   0   0    -999.000  -999.000
0301   75.00   922.5     21.11     89.1     815   143    12.99     -7.78     10.40    13    -1.3     815     0   0   0   0      17.103   -54.285
0302   75.25  -999.0   -999.00   -999.0    -999   143    13.00     -7.82     10.39    13  -999.0    -999     0   0   0   0    -999.000  -999.000
0303   75.50   923.1     21.17     89.0     809   143    13.02     -7.86     10.38    13    -1.2     809     0   0   0   0      17.103   -54.285
0304   75.75  -999.0   -999.00   -999.0    -999   143    13.04     -7.91     10.37    13  -999.0    -999     0   0   0   0    -999.000  -999.000
0305   76.00   923.7     21.22     88.8     803   142    13.08     -7.97     10.37    13    -1.0     803     0   0   0   0      17.103   -54.285
0306   76.25  -999.0   -999.00   -999.0    -999   142    13.12     -8.04     10.37    13  -999.0    -999     0   0   0   0    -999.000  -999.000
0307   76.50   924.3     21.27     88.7     797   142    13.17     -8.10     10.38    13    -0.8     797     0   0   0   0      17.103   -54.285
0308   76.75  -999.0   -999.00   -999.0    -999   142    13.22     -8.18     10.39    13  -999.0    -999     0   0   0   0    -999.000  -999.000
0309   77.00   924.9     21.32     88.6     792   142    13.28     -8.26     10.41    13    -0.7     792     0   0   0   0      17.103   -54.285
0310   77.25  -999.0   -999.00   -999.0    -999   141    13.35     -8.34     10.42    13  -999.0    -999     0   0   0   0    -999.000  -999.000
0311   77.50   925.4     21.37     88.4     787   141    13.41     -8.42     10.44    13    -0.5     787     0   0   0   0      17.103   -54.286
0312   77.75  -999.0   -999.00   -999.0    -999   141    13.47     -8.51     10.45    13  -999.0    -999     0   0   0   0    -999.000  -999.000
0313   78.00   926.0     21.42     88.2     781   141    13.54     -8.59     10.46    13    -0.4     781     0   0   0   0      17.103   -54.286
0314   78.25  -999.0   -999.00   -999.0    -999   140    13.59     -8.67     10.47    13  -999.0    -999     0   0   0   0    -999.000  -999.000
0315   78.50   926.6     21.47     87.9     776   140    13.65     -8.74     10.48    13    -0.3     776     0   0   0   0      17.103   -54.286
0316   78.75  -999.0   -999.00   -999.0    -999   140    13.69     -8.80     10.48    13  -999.0    -999     0   0   0   0    -999.000  -999.000
0317   79.00   927.1     21.52     87.6     771   140    13.72     -8.86     10.48    13    -0.2     771     0   0   0   0      17.103   -54.286
0318   79.25  -999.0   -999.00   -999.0    -999   140    13.75     -8.90     10.48    13  -999.0    -999     0   0   0   0    -999.000  -999.000
0319   79.50   927.7     21.57     87.2     766   140    13.76     -8.94     10.46    13    -0.1     766     0   0   0   0      17.103   -54.286
0320   79.75  -999.0   -999.00   -999.0    -999   139    13.76     -8.95     10.45    13  -999.0    -999     0   0   0   0    -999.000  -999.000
0321   80.00   928.2     21.63     86.8     761   139    13.75     -8.96     10.43    13    -0.0     761     0   0   0   0      17.103   -54.286
0322   80.25  -999.0   -999.00   -999.0    -999   139    13.72     -8.95     10.40    13  -999.0    -999     0   0   0   0    -999.000  -999.000
0323   80.50   928.7     21.68     86.4     755   139    13.69     -8.92     10.38    13     0.0     755     0   0   0   0      17.103   -54.286
0324   80.75  -999.0   -999.00   -999.0    -999   139    13.64     -8.89     10.35    13  -999.0    -999     0   0   0   0    -999.000  -999.000
0325   81.00   929.3     21.74     85.9     750   139    13.58     -8.84     10.31    13     0.1     750     0   0   0   0      17.103   -54.286
0326   81.25  -999.0   -999.00   -999.0    -999   139    13.52     -8.78     10.28    13  -999.0    -999     0   0   0   0    -999.000  -999.000
0327   81.50   929.8     21.80     85.5     745   140    13.45     -8.71     10.25    13     0.1     745     0   0   0   0      17.103   -54.286
0328   81.75  -999.0   -999.00   -999.0    -999   140    13.38     -8.64     10.21    13  -999.0    -999     0   0   0   0    -999.000  -999.000
0329   82.00   930.4     21.86     85.2     740   140    13.30     -8.57     10.18    12     0.1     740     0   0   0   0      17.103   -54.286
0330   82.25  -999.0   -999.00   -999.0    -999   140    13.23     -8.49     10.15    13  -999.0    -999     0   0   0   0    -999.000  -999.000
0331   82.50   930.9     21.90     85.0     735   140    13.16     -8.41     10.12    12     0.1     735     0   0   0   0      17.103   -54.286
0332   82.75  -999.0   -999.00   -999.0    -999   140    13.10     -8.34     10.10    12  -999.0    -999     0   0   0   0    -999.000  -999.000
0333   83.00   931.4     21.95     84.9     730   141    13.04     -8.27     10.08    13     0.2     730     0   0   0   0      17.104   -54.286
0334   83.25  -999.0   -999.00   -999.0    -999   141    12.99     -8.21     10.07    13  -999.0    -999     0   0   0   0    -999.000  -999.000
0335   83.50   932.0     21.98     84.9     725   141    12.94     -8.15     10.05    13     0.2     725     0   0   0   0      17.104   -54.286
0336   83.75  -999.0   -999.00   -999.0    -999   141    12.90     -8.09     10.05    13  -999.0    -999     0   0   0   0    -999.000  -999.000
0337   84.00   932.5     22.02     84.9     720   141    12.87     -8.05     10.04    13     0.2     720     0   0   0   0      17.104   -54.286
0338   84.25  -999.0   -999.00   -999.0    -999   141    12.84     -8.01     10.03    13  -999.0    -999     0   0   0   0    -999.000  -999.000
0339   84.50   933.1     22.04     85.0     715   142    12.81     -7.97     10.03    13     0.2     715     0   0   0   0      17.104   -54.286
0340   84.75  -999.0   -999.00   -999.0    -999   142    12.79     -7.94     10.03    13  -999.0    -999     0   0   0   0    -999.000  -999.000
0341   85.00   933.6     22.06     85.2     710   142    12.78     -7.92     10.03    13     0.2     710     0   0   0   0      17.104   -54.286
0342   85.25  -999.0   -999.00   -999.0    -999   142    12.77     -7.90     10.03    13  -999.0    -999     0   0   0   0    -999.000  -999.000
0343   85.50   934.1     22.08     85.4     705   142    12.77     -7.89     10.03    13     0.2     705     0   0   0   0      17.104   -54.286
0344   85.75  -999.0   -999.00   -999.0    -999   142    12.76     -7.88     10.04    13  -999.0    -999     0   0   0   0    -999.000  -999.000
0345   86.00   934.7     22.10     85.5     700   142    12.76     -7.88     10.04    12     0.2     700     0   0   0   0      17.104   -54.286
0346   86.25  -999.0   -999.00   -999.0    -999   142    12.77     -7.88     10.05    12  -999.0    -999     0   0   0   0    -999.000  -999.000
0347   86.50   935.2     22.11     85.7     695   142    12.77     -7.88     10.06    12     0.2     695     0   0   0   0      17.104   -54.286
0348   86.75  -999.0   -999.00   -999.0    -999   142    12.78     -7.88     10.06    12  -999.0    -999     0   0   0   0    -999.000  -999.000
0349   87.00   935.7     22.13     85.9     690   142    12.79     -7.89     10.07    12     0.2     690     0   0   0   0      17.104   -54.286
0350   87.25  -999.0   -999.00   -999.0    -999   142    12.81     -7.89     10.09    13  -999.0    -999     0   0   0   0    -999.000  -999.000
0351   87.50   936.3     22.16     85.9     685   142    12.82     -7.90     10.10    12     0.2     685     0   0   0   0      17.104   -54.286
0352   87.75  -999.0   -999.00   -999.0    -999   142    12.84     -7.91     10.11    12  -999.0    -999     0   0   0   0    -999.000  -999.000
0353   88.00   936.8     22.18     86.0     680   142    12.86     -7.93     10.13    12     0.2     680     0   0   0   0      17.104   -54.286
0354   88.25  -999.0   -999.00   -999.0    -999   142    12.89     -7.95     10.15    12  -999.0    -999     0   0   0   0    -999.000  -999.000
0355   88.50   937.3     22.21     86.0     675   142    12.91     -7.97     10.16    13     0.1     675     0   0   0   0      17.104   -54.286
0356   88.75  -999.0   -999.00   -999.0    -999   142    12.94     -7.99     10.18    12  -999.0    -999     0   0   0   0    -999.000  -999.000
0357   89.00   937.9     22.25     85.9     670   142    12.96     -8.01     10.19    12     0.1     670     0   0   0   0      17.104   -54.286
0358   89.25  -999.0   -999.00   -999.0    -999   142    12.99     -8.03     10.21    12  -999.0    -999     0   0   0   0    -999.000  -999.000
0359   89.50   938.4     22.29     85.7     665   142    13.02     -8.06     10.23    13     0.1     665     0   0   0   0      17.104   -54.286
0360   89.75  -999.0   -999.00   -999.0    -999   142    13.05     -8.09     10.24    13  -999.0    -999     0   0   0   0    -999.000  -999.000
0361   90.00   938.9     22.33     85.5     660   142    13.09     -8.12     10.26    13     0.0     660     0   0   0   0      17.104   -54.287
0362   90.25  -999.0   -999.00   -999.0    -999   142    13.12     -8.16     10.28    13  -999.0    -999     0   0   0   0    -999.000  -999.000
0363   90.50   939.5     22.38     85.3     655   141    13.16     -8.20     10.30    12     0.0     655     0   0   0   0      17.104   -54.287
0364   90.75  -999.0   -999.00   -999.0    -999   141    13.21     -8.24     10.33    13  -999.0    -999     0   0   0   0    -999.000  -999.000
0365   91.00   940.0     22.43     85.0     650   141    13.26     -8.28     10.35    13     0.0     650     0   0   0   0      17.104   -54.287
0366   91.25  -999.0   -999.00   -999.0    -999   141    13.31     -8.32     10.38    13  -999.0    -999     0   0   0   0    -999.000  -999.000
0367   91.50   940.6     22.48     84.7     645   141    13.36     -8.37     10.42    13     0.0     645     0   0   0   0      17.104   -54.287
0368   91.75  -999.0   -999.00   -999.0    -999   141    13.42     -8.41     10.46    13  -999.0    -999     0   0   0   0    -999.000  -999.000
0369   92.00   941.1     22.53     84.4     640   141    13.48     -8.46     10.50    13     0.0     640     0   0   0   0      17.104   -54.287
0370   92.25  -999.0   -999.00   -999.0    -999   141    13.54     -8.50     10.54    13  -999.0    -999     0   0   0   0    -999.000  -999.000
0371   92.50   941.7     22.58     84.2     635   141    13.61     -8.54     10.59    13     0.0     635     0   0   0   0      17.104   -54.287
0372   92.75  -999.0   -999.00   -999.0    -999   141    13.68     -8.59     10.64    13  -999.0    -999     0   0   0   0    -999.000  -999.000
0373   93.00   942.2     22.63     84.0     630   141    13.75     -8.63     10.70    13     0.1     630     0   0   0   0      17.104   -54.287
0374   93.25  -999.0   -999.00   -999.0    -999   141    13.81     -8.68     10.75    13  -999.0    -999     0   0   0   0    -999.000  -999.000
0375   93.50   942.8     22.67     83.9     625   141    13.88     -8.72     10.80    13     0.2     625     0   0   0   0      17.104   -54.287
0376   93.75  -999.0   -999.00   -999.0    -999   141    13.95     -8.76     10.86    12  -999.0    -999     0   0   0   0    -999.000  -999.000
0377   94.00   943.3     22.70     83.8     620   141    14.02     -8.80     10.91    12     0.2     620     0   0   0   0      17.105   -54.287
0378   94.25  -999.0   -999.00   -999.0    -999   141    14.08     -8.84     10.96    12  -999.0    -999     0   0   0   0    -999.000  -999.000
0379   94.50   943.8     22.73     83.9     615   141    14.14     -8.88     11.00    12     0.3     615     0   0   0   0      17.105   -54.287
0380   94.75  -999.0   -999.00   -999.0    -999   141    14.19     -8.91     11.04    12  -999.0    -999     0   0   0   0    -999.000  -999.000
0381   95.00   944.4     22.75     84.1     610   141    14.23     -8.95     11.07    12     0.4     610     0   0   0   0      17.105   -54.287
0382   95.25  -999.0   -999.00   -999.0    -999   141    14.27     -8.97     11.10    12  -999.0    -999     0   0   0   0    -999.000  -999.000
0383   95.50   944.9     22.76     84.4     605   141    14.29     -8.99     11.11    12     0.5     605     0   0   0   0      17.105   -54.287
0384   95.75  -999.0   -999.00   -999.0    -999   141    14.30     -9.01     11.11    12  -999.0    -999     0   0   0   0    -999.000  -999.000
0385   96.00   945.4     22.76     84.8     600   141    14.30     -9.02     11.10    12     0.6     600     0   0   0   0      17.105   -54.287
0386   96.25  -999.0   -999.00   -999.0    -999   141    14.29     -9.02     11.08    13  -999.0    -999     0   0   0   0    -999.000  -999.000
0387   96.50   945.9     22.76     85.2     595   141    14.27     -9.03     11.05    13     0.7     595     0   0   0   0      17.105   -54.287
0388   96.75  -999.0   -999.00   -999.0    -999   141    14.23     -9.03     11.00    13  -999.0    -999     0   0   0   0    -999.000  -999.000
0389   97.00   946.4     22.75     85.8     591   141    14.18     -9.02     10.94    13     0.7     591     0   0   0   0      17.105   -54.287
0390   97.25  -999.0   -999.00   -999.0    -999   140    14.13     -9.02     10.87    13  -999.0    -999     0   0   0   0    -999.000  -999.000
0391   97.50   946.9     22.73     86.4     586   140    14.06     -9.01     10.79    13     0.8     586     0   0   0   0      17.105   -54.287
0392   97.75  -999.0   -999.00   -999.0    -999   140    13.98     -9.00     10.70    13  -999.0    -999     0   0   0   0    -999.000  -999.000
0393   98.00   947.4     22.71     87.1     581   140    13.89     -8.99     10.59    13     0.9     581     0   0   0   0      17.105   -54.287
0394   98.25  -999.0   -999.00   -999.0    -999   139    13.80     -8.98     10.48    13  -999.0    -999     0   0   0   0    -999.000  -999.000
0395   98.50   947.9     22.68     88.1     577   139    13.70     -8.97     10.35    13     0.9     577     0   0   0   0      17.105   -54.287
0396   98.75  -999.0   -999.00   -999.0    -999   139    13.59     -8.96     10.22    13  -999.0    -999     0   0   0   0    -999.000  -999.000
0397   99.00   948.4     22.65     89.2     572   138    13.48     -8.95     10.09    13     1.0     572     0   0   0   0      17.105   -54.287
0398   99.25  -999.0   -999.00   -999.0    -999   138    13.37     -8.93      9.96    13  -999.0    -999     0   0   0   0    -999.000  -999.000
0399   99.50   948.9     22.60     90.4     568   138    13.26     -8.90      9.83    12     1.0     568     0   0   0   0      17.105   -54.287
0400   99.75  -999.0   -999.00   -999.0    -999   138    13.14     -8.86      9.70    13  -999.0    -999     0   0   0   0    -999.000  -999.000
0401  100.00   949.4     22.55     91.8     563   137    13.03     -8.82      9.59    13     1.0     563     0   0   0   0      17.105   -54.287
0402  100.25  -999.0   -999.00   -999.0    -999   137    12.91     -8.76      9.48    13  -999.0    -999     0   0   0   0    -999.000  -999.000
0403  100.50   949.9     22.50     93.1     559   137    12.79     -8.69      9.38    13     1.0     559     0   0   0   0      17.105   -54.287
0404  100.75  -999.0   -999.00   -999.0    -999   137    12.67     -8.61      9.29    13  -999.0    -999     0   0   0   0    -999.000  -999.000
0405  101.00   950.4     22.45   -999.0     554   137    12.55     -8.51      9.22    13     1.0     554     0   0   0   0      17.105   -54.287
0406  101.25  -999.0   -999.00   -999.0    -999   137    12.42     -8.40      9.15    13  -999.0    -999     0   0   0   0    -999.000  -999.000
0407  101.50   950.9     22.40   -999.0     550   138    12.30     -8.28      9.10    13     0.9     550     0   0   0   0      17.105   -54.287
0408  101.75  -999.0   -999.00   -999.0    -999   138    12.18     -8.15      9.06    13  -999.0    -999     0   0   0   0    -999.000  -999.000
0409  102.00   951.4     22.36     96.5     545   138    12.07     -8.01      9.03    13     0.9     545     0   0   0   0      17.105   -54.287
0410  102.25  -999.0   -999.00   -999.0    -999   139    11.96     -7.87      9.01    13  -999.0    -999     0   0   0   0    -999.000  -999.000
0411  102.50   951.9     22.33     97.3     540   139    11.86     -7.73      8.99    13     0.9     540     0   0   0   0      17.105   -54.288
0412  102.75  -999.0   -999.00   -999.0    -999   140    11.77     -7.59      8.99    13  -999.0    -999     0   0   0   0    -999.000  -999.000
0413  103.00   952.4     22.32     97.9     536   140    11.68     -7.46      8.99    13     0.8     536     0   0   0   0      17.105   -54.288
0414  103.25  -999.0   -999.00   -999.0    -999   141    11.61     -7.33      9.00    13  -999.0    -999     0   0   0   0    -999.000  -999.000
0415  103.50   952.9     22.31     98.3     531   141    11.53     -7.21      9.01    13     0.8     531     0   0   0   0      17.105   -54.288
0416  103.75  -999.0   -999.00   -999.0    -999   142    11.47     -7.10      9.01    13  -999.0    -999     0   0   0   0    -999.000  -999.000
0417  104.00   953.4     22.31     98.6     526   142    11.41     -6.99      9.01    12     0.7     526     0   0   0   0      17.105   -54.288
0418  104.25  -999.0   -999.00   -999.0    -999   143    11.35     -6.90      9.01    12  -999.0    -999     0   0   0   0    -999.000  -999.000
0419  104.50   953.9     22.33     98.8     522   143    11.29     -6.82      8.99    12     0.6     522     0   0   0   0      17.105   -54.288
0420  104.75  -999.0   -999.00   -999.0    -999   143    11.22     -6.75      8.97    12  -999.0    -999     0   0   0   0    -999.000  -999.000
0421  105.00   954.5     22.35     98.9     517   143    11.16     -6.69      8.93    12     0.6     517     0   0   0   0      17.106   -54.288
0422  105.25  -999.0   -999.00   -999.0    -999   143    11.10     -6.64      8.89    12  -999.0    -999     0   0   0   0    -999.000  -999.000
0423  105.50   955.0     22.38     99.0     512   143    11.03     -6.60      8.84    12     0.5     512     0   0   0   0      17.106   -54.288
0424  105.75  -999.0   -999.00   -999.0    -999   143    10.96     -6.56      8.78    12  -999.0    -999     0   0   0   0    -999.000  -999.000
0425  106.00   955.5     22.41     99.0     507   143    10.89     -6.53      8.72    12     0.4     507     0   0   0   0      17.106   -54.288
0426  106.25  -999.0   -999.00   -999.0    -999   143    10.82     -6.51      8.64    12  -999.0    -999     0   0   0   0    -999.000  -999.000
0427  106.50   956.0     22.46     99.0     503   143    10.75     -6.49      8.57    12     0.3     503     0   0   0   0      17.106   -54.288
0428  106.75  -999.0   -999.00   -999.0    -999   143    10.68     -6.47      8.49    12  -999.0    -999     0   0   0   0    -999.000  -999.000
0429  107.00   956.6     22.50     99.0     498   143    10.60     -6.45      8.41    12     0.3     498     0   0   0   0      17.106   -54.288
0430  107.25  -999.0   -999.00   -999.0    -999   142    10.52     -6.43      8.33    11  -999.0    -999     0   0   0   0    -999.000  -999.000
0431  107.50   957.1     22.55     99.0     493   142    10.44     -6.40      8.25    12     0.2     493     0   0   0   0      17.106   -54.288
0432  107.75  -999.0   -999.00   -999.0    -999   142    10.36     -6.37      8.17    12  -999.0    -999     0   0   0   0    -999.000  -999.000
0433  108.00   957.6     22.60     98.9     488   142    10.28     -6.34      8.10    12     0.2     488     0   0   0   0      17.106   -54.288
0434  108.25  -999.0   -999.00   -999.0    -999   142    10.20     -6.30      8.03    12  -999.0    -999     0   0   0   0    -999.000  -999.000
0435  108.50   958.2     22.64     98.9     483   142    10.13     -6.25      7.97    12     0.2     483     0   0   0   0      17.106   -54.288
0436  108.75  -999.0   -999.00   -999.0    -999   142    10.05     -6.20      7.91    12  -999.0    -999     0   0   0   0    -999.000  -999.000
0437  109.00   958.7     22.68     98.9     478   142     9.98     -6.14      7.86    12     0.2     478     0   0   0   0      17.106   -54.288
0438  109.25  -999.0   -999.00   -999.0    -999   142     9.91     -6.09      7.82    12  -999.0    -999     0   0   0   0    -999.000  -999.000
0439  109.50   959.3     22.72     98.9     473   142     9.85     -6.03      7.79    12     0.2     473     0   0   0   0      17.106   -54.288
0440  109.75  -999.0   -999.00   -999.0    -999   142     9.79     -5.97      7.77    12  -999.0    -999     0   0   0   0    -999.000  -999.000
0441  110.00   959.8     22.76     98.9     468   143     9.74     -5.90      7.74    12     0.3     468     0   0   0   0      17.106   -54.288
0442  110.25  -999.0   -999.00   -999.0    -999   143     9.69     -5.85      7.73    12  -999.0    -999     0   0   0   0    -999.000  -999.000
0443  110.50   960.3     22.78     98.8     463   143     9.64     -5.79      7.71    12     0.4     463     0   0   0   0      17.106   -54.288
0444  110.75  -999.0   -999.00   -999.0    -999   143     9.60     -5.74      7.70    12  -999.0    -999     0   0   0   0    -999.000  -999.000
0445  111.00   960.9     22.81     98.8     458   143     9.56     -5.69      7.68    12     0.4     458     0   0   0   0      17.106   -54.288
0446  111.25  -999.0   -999.00   -999.0    -999   144     9.53     -5.66      7.67    11  -999.0    -999     0   0   0   0    -999.000  -999.000
0447  111.50   961.4     22.83     98.8     453   144     9.49     -5.63      7.65    11     0.5     453     0   0   0   0      17.106   -54.288
0448  111.75  -999.0   -999.00   -999.0    -999   144     9.46     -5.61      7.62    12  -999.0    -999     0   0   0   0    -999.000  -999.000
0449  112.00   961.9     22.86     98.9     449   144     9.43     -5.60      7.59    12     0.6     449     0   0   0   0      17.106   -54.288
0450  112.25  -999.0   -999.00   -999.0    -999   144     9.40     -5.59      7.56    12  -999.0    -999     0   0   0   0    -999.000  -999.000
0451  112.50   962.4     22.88     98.9     444   143     9.38     -5.59      7.53    12     0.6     444     0   0   0   0      17.106   -54.288
0452  112.75  -999.0   -999.00   -999.0    -999   143     9.35     -5.60      7.49    12  -999.0    -999     0   0   0   0    -999.000  -999.000
0453  113.00   963.0     22.91     98.9     439   143     9.32     -5.60      7.45    12     0.7     439     0   0   0   0      17.106   -54.288
0454  113.25  -999.0   -999.00   -999.0    -999   143     9.29     -5.61      7.40    12  -999.0    -999     0   0   0   0    -999.000  -999.000
0455  113.50   963.5     22.93     98.9     435   143     9.26     -5.62      7.36    12     0.7     435     0   0   0   0      17.106   -54.288
0456  113.75  -999.0   -999.00   -999.0    -999   142     9.23     -5.64      7.32    12  -999.0    -999     0   0   0   0    -999.000  -999.000
0457  114.00   964.0     22.96     98.9     430   142     9.21     -5.65      7.27    12     0.7     430     0   0   0   0      17.106   -54.288
0458  114.25  -999.0   -999.00   -999.0    -999   142     9.18     -5.66      7.23    12  -999.0    -999     0   0   0   0    -999.000  -999.000
0459  114.50   964.5     22.98     98.9     426   142     9.15     -5.67      7.18    12     0.7     426     0   0   0   0      17.106   -54.288
0460  114.75  -999.0   -999.00   -999.0    -999   142     9.13     -5.68      7.14    12  -999.0    -999     0   0   0   0    -999.000  -999.000
0461  115.00   965.0     23.00     98.9     421   141     9.10     -5.69      7.11    12     0.7     421     0   0   0   0      17.106   -54.288
0462  115.25  -999.0   -999.00   -999.0    -999   141     9.08     -5.70      7.07    12  -999.0    -999     0   0   0   0    -999.000  -999.000
0463  115.50   965.5     23.03     98.9     416   141     9.07     -5.72      7.04    12     0.6     416     0   0   0   0      17.106   -54.288
0464  115.75  -999.0   -999.00   -999.0    -999   141     9.05     -5.73      7.00    12  -999.0    -999     0   0   0   0    -999.000  -999.000
0465  116.00   966.0     23.05     98.9     412   141     9.04     -5.75      6.98    12     0.6     412     0   0   0   0      17.106   -54.288
0466  116.25  -999.0   -999.00   -999.0    -999   140     9.03     -5.76      6.95    12  -999.0    -999     0   0   0   0    -999.000  -999.000
0467  116.50   966.5     23.08     98.9     407   140     9.02     -5.78      6.93    12     0.5     407     0   0   0   0      17.106   -54.288
0468  116.75  -999.0   -999.00   -999.0    -999   140     9.02     -5.80      6.90    12  -999.0    -999     0   0   0   0    -999.000  -999.000
0469  117.00   967.1     23.11     98.9     402   140     9.02     -5.83      6.89    12     0.5     402     0   0   0   0      17.106   -54.288
0470  117.25  -999.0   -999.00   -999.0    -999   140     9.03     -5.85      6.87    12  -999.0    -999     0   0   0   0    -999.000  -999.000
0471  117.50   967.6     23.13     98.9     397   139     9.03     -5.88      6.86    12     0.5     397     0   0   0   0      17.106   -54.288
0472  117.75  -999.0   -999.00   -999.0    -999   139     9.05     -5.90      6.86    12  -999.0    -999     0   0   0   0    -999.000  -999.000
0473  118.00   968.1     23.16     98.9     392   139     9.06     -5.92      6.85    12     0.4     392     0   0   0   0      17.106   -54.288
0474  118.25  -999.0   -999.00   -999.0    -999   139     9.07     -5.94      6.85    11  -999.0    -999     0   0   0   0    -999.000  -999.000
0475  118.50   968.7     23.19     98.9     388   139     9.08     -5.96      6.85    12     0.4     388     0   0   0   0      17.106   -54.288
0476  118.75  -999.0   -999.00   -999.0    -999   139     9.09     -5.97      6.86    12  -999.0    -999     0   0   0   0    -999.000  -999.000
0477  119.00   969.2     23.21     98.8     383   139     9.10     -5.98      6.87    12     0.4     383     0   0   0   0      17.107   -54.288
0478  119.25  -999.0   -999.00   -999.0    -999   139     9.11     -5.97      6.88    12  -999.0    -999     0   0   0   0    -999.000  -999.000
0479  119.50   969.7     23.23     98.8     378   139     9.11     -5.97      6.89    12     0.3     378     0   0   0   0      17.107   -54.289
0480  119.75  -999.0   -999.00   -999.0    -999   139     9.11     -5.95      6.90    12  -999.0    -999     0   0   0   0    -999.000  -999.000
0481  120.00   970.3     23.26     98.7     373   139     9.11     -5.93      6.92    11     0.3     373     0   0   0   0      17.107   -54.289
0482  120.25  -999.0   -999.00   -999.0    -999   140     9.11     -5.91      6.94    11  -999.0    -999     0   0   0   0    -999.000  -999.000
0483  120.50   970.8     23.28     98.7     368   140     9.11     -5.88      6.96    11     0.2     368     0   0   0   0      17.107   -54.289
0484  120.75  -999.0   -999.00   -999.0    -999   140     9.10     -5.85      6.98    12  -999.0    -999     0   0   0   0    -999.000  -999.000
0485  121.00   971.3     23.31     98.6     363   140     9.10     -5.82      6.99    11     0.2     363     0   0   0   0      17.107   -54.289
0486  121.25  -999.0   -999.00   -999.0    -999   140     9.09     -5.79      7.01    11  -999.0    -999     0   0   0   0    -999.000  -999.000
0487  121.50   971.9     23.33     98.5     358   141     9.08     -5.76      7.02    12     0.1     358     0   0   0   0      17.107   -54.289
0488  121.75  -999.0   -999.00   -999.0    -999   141     9.07     -5.73      7.03    12  -999.0    -999     0   0   0   0    -999.000  -999.000
0489  122.00   972.4     23.36     98.5     354   141     9.06     -5.70      7.04    12     0.1     354     0   0   0   0      17.107   -54.289
0490  122.25  -999.0   -999.00   -999.0    -999   141     9.04     -5.68      7.04    12  -999.0    -999     0   0   0   0    -999.000  -999.000
0491  122.50   973.0     23.39     98.4     349   141     9.03     -5.66      7.04    12     0.1     349     0   0   0   0      17.107   -54.289
0492  122.75  -999.0   -999.00   -999.0    -999   141     9.01     -5.64      7.03    12  -999.0    -999     0   0   0   0    -999.000  -999.000
0493  123.00   973.5     23.42     98.2     344   141     8.99     -5.62      7.02    12     0.0     344     0   0   0   0      17.107   -54.289
0494  123.25  -999.0   -999.00   -999.0    -999   141     8.98     -5.61      7.01    12  -999.0    -999     0   0   0   0    -999.000  -999.000
0495  123.50   974.1     23.45     98.1     339   141     8.96     -5.59      7.00    12     0.0     339     0   0   0   0      17.107   -54.289
0496  123.75  -999.0   -999.00   -999.0    -999   141     8.94     -5.58      6.98    12  -999.0    -999     0   0   0   0    -999.000  -999.000
0497  124.00   974.6     23.48     98.0     334   141     8.92     -5.57      6.97    12     0.0     334     0   0   0   0      17.107   -54.289
0498  124.25  -999.0   -999.00   -999.0    -999   141     8.90     -5.56      6.95    12  -999.0    -999     0   0   0   0    -999.000  -999.000
0499  124.50   975.2     23.51     97.8     328   141     8.88     -5.55      6.93    12     0.0     328     0   0   0   0      17.107   -54.289
0500  124.75  -999.0   -999.00   -999.0    -999   141     8.86     -5.54      6.91    12  -999.0    -999     0   0   0   0    -999.000  -999.000
0501  125.00   975.8     23.54     97.7     323   141     8.83     -5.53      6.89    12     0.0     323     0   0   0   0      17.107   -54.289
0502  125.25  -999.0   -999.00   -999.0    -999   141     8.81     -5.52      6.87    12  -999.0    -999     0   0   0   0    -999.000  -999.000
0503  125.50   976.3     23.58     97.5     319   141     8.79     -5.51      6.85    12     0.1     319     0   0   0   0      17.107   -54.289
0504  125.75  -999.0   -999.00   -999.0    -999   141     8.77     -5.50      6.83    12  -999.0    -999     0   0   0   0    -999.000  -999.000
0505  126.00   976.9     23.61     97.4     314   141     8.75     -5.49      6.81    12     0.1     314     0   0   0   0      17.107   -54.289
0506  126.25  -999.0   -999.00   -999.0    -999   141     8.74     -5.49      6.80    12  -999.0    -999     0   0   0   0    -999.000  -999.000
0507  126.50   977.4     23.65     97.2     309   141     8.73     -5.49      6.79    12     0.1     309     0   0   0   0      17.107   -54.289
0508  126.75  -999.0   -999.00   -999.0    -999   141     8.73     -5.49      6.79    12  -999.0    -999     0   0   0   0    -999.000  -999.000
0509  127.00   978.0     23.68     97.0     304   141     8.73     -5.49      6.79    12     0.2     304     0   0   0   0      17.107   -54.289
0510  127.25  -999.0   -999.00   -999.0    -999   141     8.74     -5.49      6.80    12  -999.0    -999     0   0   0   0    -999.000  -999.000
0511  127.50   978.5     23.72     96.8     299   141     8.75     -5.50      6.81    12     0.2     299     0   0   0   0      17.107   -54.289
0512  127.75  -999.0   -999.00   -999.0    -999   141     8.76     -5.50      6.82    12  -999.0    -999     0   0   0   0    -999.000  -999.000
0513  128.00   979.0     23.76     96.7     294   141     8.78     -5.49      6.85    12     0.3     294     0   0   0   0      17.107   -54.289
0514  128.25  -999.0   -999.00   -999.0    -999   141     8.79     -5.49      6.87    12  -999.0    -999     0   0   0   0    -999.000  -999.000
0515  128.50   979.6     23.80     96.5     289   142     8.81     -5.48      6.90    12     0.3     289     0   0   0   0      17.107   -54.289
0516  128.75  -999.0   -999.00   -999.0    -999   142     8.83     -5.47      6.93    12  -999.0    -999     0   0   0   0    -999.000  -999.000
0517  129.00   980.1     23.85     96.3     284   142     8.85     -5.45      6.97    12     0.4     284     0   0   0   0      17.107   -54.289
0518  129.25  -999.0   -999.00   -999.0    -999   142     8.87     -5.44      7.01    12  -999.0    -999     0   0   0   0    -999.000  -999.000
0519  129.50   980.6     23.89     96.1     280   142     8.89     -5.42      7.04    12     0.4     280     0   0   0   0      17.107   -54.289
0520  129.75  -999.0   -999.00   -999.0    -999   143     8.91     -5.40      7.09    12  -999.0    -999     0   0   0   0    -999.000  -999.000
0521  130.00   981.2     23.94     95.8     275   143     8.93     -5.37      7.13    12     0.4     275     0   0   0   0      17.107   -54.289
0522  130.25  -999.0   -999.00   -999.0    -999   143     8.95     -5.35      7.18    12  -999.0    -999     0   0   0   0    -999.000  -999.000
0523  130.50   981.7     23.98     95.6     270   144     8.98     -5.32      7.23    12     0.4     270     0   0   0   0      17.107   -54.289
0524  130.75  -999.0   -999.00   -999.0    -999   144     9.01     -5.30      7.28    12  -999.0    -999     0   0   0   0    -999.000  -999.000
0525  131.00   982.2     24.03     95.4     265   144     9.03     -5.27      7.34    12     0.4     265     0   0   0   0      17.107   -54.289
0526  131.25  -999.0   -999.00   -999.0    -999   145     9.07     -5.24      7.39    12  -999.0    -999     0   0   0   0    -999.000  -999.000
0527  131.50   982.8     24.07     95.2     261   145     9.10     -5.22      7.45    12     0.5     261     0   0   0   0      17.107   -54.289
0528  131.75  -999.0   -999.00   -999.0    -999   145     9.13     -5.20      7.50    12  -999.0    -999     0   0   0   0    -999.000  -999.000
0529  132.00   983.3     24.12     94.9     256   146     9.15     -5.18      7.55    12     0.5     256     0   0   0   0      17.107   -54.289
0530  132.25  -999.0   -999.00   -999.0    -999   146     9.18     -5.16      7.59    12  -999.0    -999     0   0   0   0    -999.000  -999.000
0531  132.50   983.8     24.17     94.7     251   146     9.20     -5.14      7.63    12     0.5     251     0   0   0   0      17.107   -54.289
0532  132.75  -999.0   -999.00   -999.0    -999   146     9.21     -5.12      7.66    12  -999.0    -999     0   0   0   0    -999.000  -999.000
0533  133.00   984.4     24.21     94.5     246   146     9.22     -5.10      7.68    12     0.5     246     0   0   0   0      17.107   -54.289
0534  133.25  -999.0   -999.00   -999.0    -999   147     9.23     -5.08      7.70    12  -999.0    -999     0   0   0   0    -999.000  -999.000
0535  133.50   984.9     24.26     94.3     242   147     9.22     -5.06      7.71    12     0.6     242     0   0   0   0      17.107   -54.289
0536  133.75  -999.0   -999.00   -999.0    -999   147     9.21     -5.05      7.70    12  -999.0    -999     0   0   0   0    -999.000  -999.000
0537  134.00   985.4     24.31     94.2     237   147     9.19     -5.03      7.69    12     0.6     237     0   0   0   0      17.107   -54.289
0538  134.25  -999.0   -999.00   -999.0    -999   147     9.16     -5.01      7.67    13  -999.0    -999     0   0   0   0    -999.000  -999.000
0539  134.50   985.9     24.36     94.0     232   147     9.13     -4.99      7.64    13     0.7     232     0   0   0   0      17.108   -54.289
0540  134.75  -999.0   -999.00   -999.0    -999   147     9.08     -4.96      7.60    13  -999.0    -999     0   0   0   0    -999.000  -999.000
0541  135.00   986.5     24.40     93.8     228   147     9.03     -4.94      7.56    13     0.7     228     0   0   0   0      17.108   -54.289
0542  135.25  -999.0   -999.00   -999.0    -999   147     8.97     -4.91      7.51    13  -999.0    -999     0   0   0   0    -999.000  -999.000
0543  135.50   987.0     24.45     93.6     223   147     8.91     -4.89      7.45    13     0.8     223     0   0   0   0      17.108   -54.289
0544  135.75  -999.0   -999.00   -999.0    -999   147     8.85     -4.86      7.39    13  -999.0    -999     0   0   0   0    -999.000  -999.000
0545  136.00   987.5     24.50     93.3     218   147     8.78     -4.84      7.33    13     0.8     218     0   0   0   0      17.108   -54.289
0546  136.25  -999.0   -999.00   -999.0    -999   146     8.72     -4.83      7.26    13  -999.0    -999     0   0   0   0    -999.000  -999.000
0547  136.50   988.0     24.54     93.1     214   146     8.66     -4.82      7.19    13     0.8     214     0   0   0   0      17.108   -54.289
0548  136.75  -999.0   -999.00   -999.0    -999   146     8.60     -4.81      7.12    13  -999.0    -999     0   0   0   0    -999.000  -999.000
0549  137.00   988.5     24.59     92.9     209   146     8.54     -4.81      7.05    13     0.8     209     0   0   0   0      17.108   -54.289
0550  137.25  -999.0   -999.00   -999.0    -999   145     8.49     -4.82      6.99    13  -999.0    -999     0   0   0   0    -999.000  -999.000
0551  137.50   989.0     24.63     92.7     205   145     8.45     -4.83      6.93    13     0.8     205     0   0   0   0      17.108   -54.289
0552  137.75  -999.0   -999.00   -999.0    -999   145     8.41     -4.85      6.87    13  -999.0    -999     0   0   0   0    -999.000  -999.000
0553  138.00   989.5     24.68     92.4     200   144     8.38     -4.87      6.82    13     0.8     200     0   0   0   0      17.108   -54.289
0554  138.25  -999.0   -999.00   -999.0    -999   144     8.36     -4.90      6.78    13  -999.0    -999     0   0   0   0    -999.000  -999.000
0555  138.50   990.0     24.73     92.2     196   144     8.35     -4.93      6.74    13     0.7     196     0   0   0   0      17.108   -54.289
0556  138.75  -999.0   -999.00   -999.0    -999   144     8.34     -4.96      6.71    13  -999.0    -999     0   0   0   0    -999.000  -999.000
0557  139.00   990.6     24.78     92.0     191   143     8.35     -4.99      6.69    13     0.7     191     0   0   0   0      17.108   -54.290
0558  139.25  -999.0   -999.00   -999.0    -999   143     8.35     -5.02      6.68    13  -999.0    -999     0   0   0   0    -999.000  -999.000
0559  139.50   991.1     24.83     91.8     186   143     8.37     -5.05      6.68    13     0.7     186     0   0   0   0      17.108   -54.290
0560  139.75  -999.0   -999.00   -999.0    -999   143     8.39     -5.07      6.68    13  -999.0    -999     0   0   0   0    -999.000  -999.000
0561  140.00   991.6     24.88     91.5     182   143     8.41     -5.09      6.69    13     0.6     182     0   0   0   0      17.108   -54.290
0562  140.25  -999.0   -999.00   -999.0    -999   143     8.43     -5.11      6.71    13  -999.0    -999     0   0   0   0    -999.000  -999.000
0563  140.50   992.1     24.93     91.3     177   143     8.46     -5.12      6.73    13     0.6     177     0   0   0   0      17.108   -54.290
0564  140.75  -999.0   -999.00   -999.0    -999   143     8.48     -5.13      6.75    12  -999.0    -999     0   0   0   0    -999.000  -999.000
0565  141.00   992.7     24.98     91.1     172   143     8.51     -5.13      6.78    13     0.5     172     0   0   0   0      17.108   -54.290
0566  141.25  -999.0   -999.00   -999.0    -999   143     8.53     -5.14      6.81    13  -999.0    -999     0   0   0   0    -999.000  -999.000
0567  141.50   993.2     25.04     90.9     168   143     8.55     -5.13      6.84    13     0.4     168     0   0   0   0      17.108   -54.290
0568  141.75  -999.0   -999.00   -999.0    -999   143     8.57     -5.13      6.87    13  -999.0    -999     0   0   0   0    -999.000  -999.000
0569  142.00   993.7     25.09     90.6     163   143     8.59     -5.12      6.89    13     0.4     163     0   0   0   0      17.108   -54.290
0570  142.25  -999.0   -999.00   -999.0    -999   144     8.60     -5.11      6.92    13  -999.0    -999     0   0   0   0    -999.000  -999.000
0571  142.50   994.2     25.15     90.4     158   144     8.61     -5.10      6.93    13     0.2     158     0   0   0   0      17.108   -54.290
0572  142.75  -999.0   -999.00   -999.0    -999   144     8.61     -5.09      6.95    13  -999.0    -999     0   0   0   0    -999.000  -999.000
0573  143.00   994.8     25.21     90.2     153   144     8.61     -5.07      6.96    12     0.1     153     0   0   0   0      17.108   -54.290
0574  143.25  -999.0   -999.00   -999.0    -999   144     8.60     -5.06      6.96    12  -999.0    -999     0   0   0   0    -999.000  -999.000
0575  143.50   995.3     25.27     89.9     149   144     8.59     -5.04      6.96    13    -0.1     149     0   0   0   0      17.108   -54.290
0576  143.75  -999.0   -999.00   -999.0    -999   144     8.58     -5.03      6.96    13  -999.0    -999     0   0   0   0    -999.000  -999.000
0577  144.00   995.9     25.32     89.6     144   144     8.57     -5.01      6.95    13    -0.2     144     0   0   0   0      17.108   -54.290
0578  144.25  -999.0   -999.00   -999.0    -999   144     8.55     -5.00      6.94    13  -999.0    -999     0   0   0   0    -999.000  -999.000
0579  144.50   996.5     25.38     89.4     138   144     8.54     -4.99      6.93    13    -0.3     138     0   0   0   0      17.108   -54.290
0580  144.75  -999.0   -999.00   -999.0    -999   144     8.52     -4.98      6.91    12  -999.0    -999     0   0   0   0    -999.000  -999.000
0581  145.00   997.1     25.44     89.1     133   144     8.50     -4.98      6.90    12    -0.5     133     0   0   0   0      17.108   -54.290
0582  145.25  -999.0   -999.00   -999.0    -999   144     8.49     -4.97      6.88    13  -999.0    -999     0   0   0   0    -999.000  -999.000
0583  145.50   997.7     25.50     88.9     128   144     8.47     -4.96      6.87    13    -0.6     128     0   0   0   0      17.108   -54.290
0584  145.75  -999.0   -999.00   -999.0    -999   144     8.45     -4.96      6.85    13  -999.0    -999     0   0   0   0    -999.000  -999.000
0585  146.00   998.3     25.56     88.6     123   144     8.44     -4.95      6.83    11    -0.6     123     0   0   0   0      17.108   -54.290
0586  146.25  -999.0   -999.00   -999.0    -999   144     8.42     -4.94      6.82    11  -999.0    -999     0   0   0   0    -999.000  -999.000
0587  146.50   998.9     25.62     88.3     117   144     8.40     -4.93      6.80    13    -0.7     117     0   0   0   0      17.108   -54.290
0588  146.75  -999.0   -999.00   -999.0    -999   144     8.38     -4.92      6.79    13  -999.0    -999     0   0   0   0    -999.000  -999.000
0589  147.00   999.5     25.68     88.1     112   144     8.37     -4.91      6.77    13    -0.7     112     0   0   0   0      17.108   -54.290
0590  147.25  -999.0   -999.00   -999.0    -999   144     8.35     -4.90      6.76    13  -999.0    -999     0   0   0   0    -999.000  -999.000
0591  147.50  1000.1     25.74     87.9     106   144     8.34     -4.89      6.76    13    -0.6     106     0   0   0   0      17.108   -54.290
0592  147.75  -999.0   -999.00   -999.0    -999   144     8.33     -4.87      6.76    12  -999.0    -999     0   0   0   0    -999.000  -999.000
0593  148.00  1000.7     25.80     87.6     101   144     8.33     -4.86      6.76    12    -0.6     101     0   0   0   0      17.108   -54.290
0594  148.25  -999.0   -999.00   -999.0    -999   144     8.32     -4.84      6.77    12  -999.0    -999     0   0   0   0    -999.000  -999.000
0595  148.50  1001.3     25.85     87.4      96   145     8.32     -4.82      6.79    13    -0.5      96     0   0   0   0      17.108   -54.290
0596  148.75  -999.0   -999.00   -999.0    -999   145     8.33     -4.80      6.81    13  -999.0    -999     0   0   0   0    -999.000  -999.000
0597  149.00  1001.9     25.91     87.2      91   145     8.33     -4.77      6.83    13    -0.4      91     0   0   0   0      17.108   -54.290
0598  149.25  -999.0   -999.00   -999.0    -999   145     8.34     -4.74      6.86    11  -999.0    -999     0   0   0   0    -999.000  -999.000
0599  149.50  1002.4     25.96     87.0      86   146     8.35     -4.72      6.90    10    -0.3      86     0   0   0   0      17.108   -54.290
0600  149.75  -999.0   -999.00   -999.0    -999   146     8.37     -4.69      6.93    12  -999.0    -999     0   0   0   0    -999.000  -999.000
0601  150.00  1003.0     26.02     86.8      81   146     8.39     -4.66      6.97    12    -0.2      81     0   0   0   0      17.108   -54.290
0602  150.25  -999.0   -999.00   -999.0    -999   147     8.40     -4.63      7.02    11  -999.0    -999     0   0   0   0    -999.000  -999.000
0603  150.50  1003.6     26.07     86.6      76   147     8.43     -4.60      7.06    12    -0.2      76     0   0   0   0      17.109   -54.290
0604  150.75  -999.0   -999.00   -999.0    -999   147     8.45     -4.57      7.10    12  -999.0    -999     0   0   0   0    -999.000  -999.000
0605  151.00  1004.1     26.12     86.4      71   148     8.47     -4.55      7.15    12    -0.2      71     0   0   0   0      17.109   -54.290
0606  151.25  -999.0   -999.00   -999.0    -999   148     8.50     -4.52      7.19    12  -999.0    -999     0   0   0   0    -999.000  -999.000
0607  151.50  1004.7     26.17     86.2      66   148     8.52     -4.50      7.23    12    -0.2      66     0   0   0   0      17.109   -54.290
0608  151.75  -999.0   -999.00   -999.0    -999   148     8.54     -4.49      7.27    11  -999.0    -999     0   0   0   0    -999.000  -999.000
0609  152.00  1005.2     26.23     86.0      61   149     8.57     -4.47      7.31    10    -0.2      61     0   0   0   0      17.109   -54.290
0610  152.25  -999.0   -999.00   -999.0    -999   149     8.59     -4.47      7.34    11  -999.0    -999     0   0   0   0    -999.000  -999.000
0611  152.50  1005.8     26.28     85.9      56   149     8.61     -4.46      7.37    10    -0.3      56     0   0   0   0      17.109   -54.290
0612  152.75  -999.0   -999.00   -999.0    -999   149     8.63     -4.46      7.39    10  -999.0    -999     0   0   0   0    -999.000  -999.000
0613  153.00  1006.4     26.33     85.7      51   149     8.65     -4.46      7.42    10    -0.3      51     0   0   0   0      17.109   -54.290
0614  153.25  -999.0   -999.00   -999.0    -999   149     8.67     -4.46      7.43    11  -999.0    -999     0   0   0   0    -999.000  -999.000
0615  153.50  1007.0     26.38     85.5      46   149     8.68     -4.47      7.44    11    -0.3      46     0   0   0   0      17.109   -54.290
0616  153.75  -999.0   -999.00   -999.0    -999   149     8.70     -4.48      7.45    10  -999.0    -999     0   0   0   0    -999.000  -999.000
0617  154.00  1007.6     26.43     85.3      40   149     8.71     -4.49      7.46    12    -0.3      40     0   0   0   0      17.109   -54.290
0618  154.25  -999.0   -999.00   -999.0    -999   149     8.72     -4.50      7.47    12  -999.0    -999     0   0   0   0    -999.000  -999.000
0619  154.50  1008.2     26.48     85.1      35   149     8.73     -4.53      7.47    11    -0.3      35     0   0   0   0      17.109   -54.290
0620  154.75  -999.0   -999.00   -999.0    -999   149     8.74     -4.56      7.45    12  -999.0    -999     0   0   0   0    -999.000  -999.000
0621  155.00  1008.8     26.53     85.0      30   148     8.74     -4.61      7.43    12    -0.3      30     0   0   0   0      17.109   -54.290
0622  155.25  -999.0   -999.00   -999.0    -999   148     8.73     -4.67      7.38    12  -999.0    -999     0   0   0   0    -999.000  -999.000
0623  155.50  1009.3     26.59     84.8      25   147     8.71     -4.73      7.32    12    -0.3      25     0   0   0   0      17.109   -54.290
0624  155.75  -999.0   -999.00   -999.0    -999   147     8.68     -4.79      7.24    12  -999.0    -999     0   0   0   0    -999.000  -999.000
0625  156.00  1009.9     26.64     84.6      20   146     8.64     -4.84      7.15    11    -0.2      20     0   0   0   0      17.109   -54.290
0626  156.25  -999.0   -999.00   -999.0    -999   145     8.58     -4.89      7.05    10  -999.0    -999     0   0   0   0    -999.000  -999.000
0627  156.50  1010.5     26.69     84.5      15   145     8.52     -4.95      6.94    10    -0.2      15     0   0   0   0      17.109   -54.290
0628  156.75  -999.0   -999.00   -999.0    -999   144     8.45     -5.01      6.81    12  -999.0    -999     0   0   0   0    -999.000  -999.000
0629  157.00  1011.0     26.74     84.3      10   143     8.37     -5.07      6.66    10    -0.1      10     0   0   0   0      17.109   -54.290
0630  157.25  -999.0   -999.00   -999.0    -999   142     8.28     -5.13      6.49     9  -999.0    -999     0   0   0   0    -999.000  -999.000
0631  157.50  1011.5     26.80     84.1       5   141     8.18     -5.20      6.31    10    -0.1       5     0   0   0   0      17.109   -54.290
0632  158.04  1012.2     26.80     84.1       0  -999  -999.00   -999.00   -999.00  -999  -999.0       0     0   0   0   0    -999.000  -999.000
