 ===========================================================================
 DROPWINDSONDE PROCESSING RECORD                            Sonde: 195021063
 FRD file written by Aspen V3.4.4, 22 Aug 2020 00:02 UTC
 Aircraft: WP-3D, N43RF                      Date: 200821   Time: 234230 UTC
 ---------------------------------------------------------------------------
 Bias corrections:  PR =   0.0 mb  TE =   0.0 C  RH =   0.0 %  PRB =  0.0 mb
 Filters (LPF):     PTH = 
 Dyn RH correction = 
 Estimated PR used = 
 Dyn T correction  = 
 ---------------------------------------------------------------------------
 COMMENT: Drop 9, Good Drop
 ===========================================================================

 ===========================================================================
 Date: 200821   Lat:  16.84 N   TA:   18.4 C   PS:  841.5 mb   WD:    47 deg
 Time: 234230   Lon:  62.72 W   TD:   17.5 C   GA:   1601 m    WS:   0.8 m/s
 SID:  195021063                RH:   94.5 %   Navaid:   GP
 ===========================================================================

IX      t (s)  P (mb)    T (C)    RH (%)  Z (m)   WD    WS (m/s)   U (m/s)   V (m/s)  NS  WZ (m/s)  ZW (m)   FP  FT  FH  FW    LAT (N)   LON (E)
0001    0.00  -999.0   -999.00     94.7    -999  -999  -999.00   -999.00   -999.00     9  -999.0    -999     0   0   0   0      16.839   -62.724
0002    0.25  -999.0   -999.00   -999.0    -999  -999  -999.00   -999.00   -999.00     9  -999.0    -999     0   0   0   0    -999.000  -999.000
0003    0.50  -999.0   -999.00     94.9    -999  -999  -999.00   -999.00   -999.00     9  -999.0    -999     0   0   0   0      16.839   -62.724
0004    0.75  -999.0   -999.00   -999.0    -999  -999  -999.00   -999.00   -999.00    10  -999.0    -999     0   0   0   0    -999.000  -999.000
0005    1.00  -999.0   -999.00     95.2    -999  -999  -999.00   -999.00   -999.00    10  -999.0    -999     0   0   0   0      16.839   -62.724
0006    1.25  -999.0   -999.00   -999.0    -999  -999  -999.00   -999.00   -999.00    10  -999.0    -999     0   0   0   0    -999.000  -999.000
0007    1.50  -999.0   -999.00     95.4    -999  -999  -999.00   -999.00   -999.00     9  -999.0    -999     0   0   0   0      16.839   -62.724
0008    1.75  -999.0   -999.00   -999.0    -999  -999  -999.00   -999.00   -999.00     8  -999.0    -999     0   0   0   0    -999.000  -999.000
0009    2.00  -999.0   -999.00     95.6    -999  -999  -999.00   -999.00   -999.00    11  -999.0    -999     0   0   0   0      16.839   -62.724
0010    2.25  -999.0   -999.00   -999.0    -999  -999  -999.00   -999.00   -999.00    11  -999.0    -999     0   0   0   0    -999.000  -999.000
0011    2.50  -999.0   -999.00     95.7    -999  -999  -999.00   -999.00   -999.00    11  -999.0    -999     0   0   0   0      16.839   -62.724
0012    2.75  -999.0   -999.00   -999.0    -999  -999  -999.00   -999.00   -999.00     9  -999.0    -999     0   0   0   0    -999.000  -999.000
0013    3.00   847.9     18.52     95.9    1520  -999  -999.00   -999.00   -999.00     8    -3.5    1520     0   0   0   0      16.839   -62.724
0014    3.25  -999.0   -999.00   -999.0    -999  -999  -999.00   -999.00   -999.00     9  -999.0    -999     0   0   0   0    -999.000  -999.000
0015    3.50   848.6     18.54     96.0    1514  -999  -999.00   -999.00   -999.00    10    -2.9    1514     0   0   0   0      16.839   -62.724
0016    3.75  -999.0   -999.00   -999.0    -999  -999  -999.00   -999.00   -999.00    10  -999.0    -999     0   0   0   0    -999.000  -999.000
0017    4.00   849.2     18.55     96.2    1507  -999  -999.00   -999.00   -999.00     8    -2.4    1507     0   0   0   0      16.839   -62.724
0018    4.25  -999.0   -999.00   -999.0    -999  -999  -999.00   -999.00   -999.00     8  -999.0    -999     0   0   0   0    -999.000  -999.000
0019    4.50   849.8     18.57     96.3    1501  -999  -999.00   -999.00   -999.00     8    -1.8    1501     0   0   0   0      16.839   -62.724
0020    4.75  -999.0   -999.00   -999.0    -999  -999  -999.00   -999.00   -999.00    10  -999.0    -999     0   0   0   0    -999.000  -999.000
0021    5.00   850.4     18.59     96.4    1495  -999  -999.00   -999.00   -999.00    10    -1.3    1495     0   0   0   0      16.839   -62.724
0022    5.25  -999.0   -999.00   -999.0    -999  -999  -999.00   -999.00   -999.00    10  -999.0    -999     0   0   0   0    -999.000  -999.000
0023    5.50   851.0     18.62     96.5    1489  -999  -999.00   -999.00   -999.00    10    -0.9    1489     0   0   0   0      16.839   -62.724
0024    5.75  -999.0   -999.00   -999.0    -999  -999  -999.00   -999.00   -999.00    10  -999.0    -999     0   0   0   0    -999.000  -999.000
0025    6.00   851.5     18.64     96.6    1484  -999  -999.00   -999.00   -999.00    10    -0.6    1484     0   0   0   0      16.839   -62.724
0026    6.25  -999.0   -999.00   -999.0    -999  -999  -999.00   -999.00   -999.00    11  -999.0    -999     0   0   0   0    -999.000  -999.000
0027    6.50   852.0     18.67     96.7    1478  -999  -999.00   -999.00   -999.00    11    -0.3    1478     0   0   0   0      16.840   -62.724
0028    6.75  -999.0   -999.00   -999.0    -999  -999  -999.00   -999.00   -999.00    11  -999.0    -999     0   0   0   0    -999.000  -999.000
0029    7.00   852.6     18.69     96.7    1473  -999  -999.00   -999.00   -999.00    11    -0.1    1473     0   0   0   0      16.840   -62.724
0030    7.25  -999.0   -999.00   -999.0    -999  -999  -999.00   -999.00   -999.00    11  -999.0    -999     0   0   0   0    -999.000  -999.000
0031    7.50   853.1     18.72     96.7    1468  -999  -999.00   -999.00   -999.00    10    -0.0    1468     0   0   0   0      16.840   -62.724
0032    7.75  -999.0   -999.00   -999.0    -999  -999  -999.00   -999.00   -999.00    10  -999.0    -999     0   0   0   0    -999.000  -999.000
0033    8.00   853.6     18.75     96.7    1463  -999  -999.00   -999.00   -999.00    10     0.0    1463     0   0   0   0      16.840   -62.724
0034    8.25  -999.0   -999.00   -999.0    -999  -999  -999.00   -999.00   -999.00    11  -999.0    -999     0   0   0   0    -999.000  -999.000
0035    8.50   854.1     18.78     96.7    1457  -999  -999.00   -999.00   -999.00    11     0.1    1457     0   0   0   0      16.840   -62.724
0036    8.75  -999.0   -999.00   -999.0    -999  -999  -999.00   -999.00   -999.00    11  -999.0    -999     0   0   0   0    -999.000  -999.000
0037    9.00   854.7     18.80     96.7    1452  -999  -999.00   -999.00   -999.00    11     0.0    1452     0   0   0   0      16.840   -62.724
0038    9.25  -999.0   -999.00   -999.0    -999  -999  -999.00   -999.00   -999.00    11  -999.0    -999     0   0   0   0    -999.000  -999.000
0039    9.50   855.2     18.83     96.6    1447  -999  -999.00   -999.00   -999.00    11    -0.0    1447     0   0   0   0      16.840   -62.724
0040    9.75  -999.0   -999.00   -999.0    -999  -999  -999.00   -999.00   -999.00    10  -999.0    -999     0   0   0   0    -999.000  -999.000
0041   10.00   855.7     18.86     96.5    1441  -999  -999.00   -999.00   -999.00    10    -0.1    1441     0   0   0   0      16.840   -62.724
0042   10.25  -999.0   -999.00   -999.0    -999  -999  -999.00   -999.00   -999.00    10  -999.0    -999     0   0   0   0    -999.000  -999.000
0043   10.50   856.2     18.88     96.3    1436  -999  -999.00   -999.00   -999.00    10    -0.1    1436     0   0   0   0      16.840   -62.724
0044   10.75  -999.0   -999.00   -999.0    -999  -999  -999.00   -999.00   -999.00    10  -999.0    -999     0   0   0   0    -999.000  -999.000
0045   11.00   856.8     18.91     96.0    1431  -999  -999.00   -999.00   -999.00    10    -0.2    1431     0   0   0   0      16.840   -62.724
0046   11.25  -999.0   -999.00   -999.0    -999  -999  -999.00   -999.00   -999.00    10  -999.0    -999     0   0   0   0    -999.000  -999.000
0047   11.50   857.3     18.94     95.7    1425  -999  -999.00   -999.00   -999.00    10    -0.3    1425     0   0   0   0      16.840   -62.724
0048   11.75  -999.0   -999.00   -999.0    -999  -999  -999.00   -999.00   -999.00    10  -999.0    -999     0   0   0   0    -999.000  -999.000
0049   12.00   857.9     18.98     95.3    1420  -999  -999.00   -999.00   -999.00    10    -0.3    1420     0   0   0   0      16.840   -62.724
0050   12.25  -999.0   -999.00   -999.0    -999  -999  -999.00   -999.00   -999.00    10  -999.0    -999     0   0   0   0    -999.000  -999.000
0051   12.50   858.4     19.01     94.9    1414  -999  -999.00   -999.00   -999.00    10    -0.4    1414     0   0   0   0      16.840   -62.724
0052   12.75  -999.0   -999.00   -999.0    -999  -999  -999.00   -999.00   -999.00    10  -999.0    -999     0   0   0   0    -999.000  -999.000
0053   13.00   859.0     19.05     94.5    1409  -999  -999.00   -999.00   -999.00    11    -0.4    1409     0   0   0   0      16.840   -62.724
0054   13.25  -999.0   -999.00   -999.0    -999  -999  -999.00   -999.00   -999.00    11  -999.0    -999     0   0   0   0    -999.000  -999.000
0055   13.50   859.5     19.09     94.1    1403  -999  -999.00   -999.00   -999.00    11    -0.5    1403     0   0   0   0      16.840   -62.724
0056   13.75  -999.0   -999.00   -999.0    -999  -999  -999.00   -999.00   -999.00    11  -999.0    -999     0   0   0   0    -999.000  -999.000
0057   14.00   860.1     19.13     93.7    1398  -999  -999.00   -999.00   -999.00    11    -0.5    1398     0   0   0   0      16.840   -62.724
0058   14.25  -999.0   -999.00   -999.0    -999  -999  -999.00   -999.00   -999.00    11  -999.0    -999     0   0   0   0    -999.000  -999.000
0059   14.50   860.6     19.17     93.3    1392  -999  -999.00   -999.00   -999.00    11    -0.5    1392     0   0   0   0      16.840   -62.724
0060   14.75  -999.0   -999.00   -999.0    -999  -999  -999.00   -999.00   -999.00    10  -999.0    -999     0   0   0   0    -999.000  -999.000
0061   15.00   861.2     19.21     93.0    1387  -999  -999.00   -999.00   -999.00    10    -0.5    1387     0   0   0   0      16.840   -62.724
0062   15.25  -999.0   -999.00   -999.0    -999  -999  -999.00   -999.00   -999.00    11  -999.0    -999     0   0   0   0    -999.000  -999.000
0063   15.50   861.7     19.26     92.7    1381  -999  -999.00   -999.00   -999.00    12    -0.5    1381     0   0   0   0      16.840   -62.724
0064   15.75  -999.0   -999.00   -999.0    -999  -999  -999.00   -999.00   -999.00    12  -999.0    -999     0   0   0   0    -999.000  -999.000
0065   16.00   862.3     19.30     92.5    1376  -999  -999.00   -999.00   -999.00    12    -0.5    1376     0   0   0   0      16.840   -62.724
0066   16.25  -999.0   -999.00   -999.0    -999  -999  -999.00   -999.00   -999.00    12  -999.0    -999     0   0   0   0    -999.000  -999.000
0067   16.50   862.8     19.34     92.4    1370  -999  -999.00   -999.00   -999.00    12    -0.5    1370     0   0   0   0      16.840   -62.724
0068   16.75  -999.0   -999.00   -999.0    -999  -999  -999.00   -999.00   -999.00    12  -999.0    -999     0   0   0   0    -999.000  -999.000
0069   17.00   863.4     19.39     92.3    1364  -999  -999.00   -999.00   -999.00    12    -0.6    1364     0   0   0   0      16.840   -62.724
0070   17.25  -999.0   -999.00   -999.0    -999  -999  -999.00   -999.00   -999.00    12  -999.0    -999     0   0   0   0    -999.000  -999.000
0071   17.50   863.9     19.42     92.2    1359  -999  -999.00   -999.00   -999.00    12    -0.6    1359     0   0   0   0      16.840   -62.724
0072   17.75  -999.0   -999.00   -999.0    -999  -999  -999.00   -999.00   -999.00    12  -999.0    -999     0   0   0   0    -999.000  -999.000
0073   18.00   864.5     19.46     92.1    1353  -999  -999.00   -999.00   -999.00    12    -0.6    1353     0   0   0   0      16.840   -62.724
0074   18.25  -999.0   -999.00   -999.0    -999  -999  -999.00   -999.00   -999.00    12  -999.0    -999     0   0   0   0    -999.000  -999.000
0075   18.50   865.0     19.49     92.1    1348  -999  -999.00   -999.00   -999.00    12    -0.6    1348     0   0   0   0      16.840   -62.724
0076   18.75  -999.0   -999.00   -999.0    -999  -999  -999.00   -999.00   -999.00    12  -999.0    -999     0   0   0   0    -999.000  -999.000
0077   19.00   865.6     19.52     92.0    1342  -999  -999.00   -999.00   -999.00    12    -0.6    1342     0   0   0   0      16.840   -62.724
0078   19.25  -999.0   -999.00   -999.0    -999  -999  -999.00   -999.00   -999.00    12  -999.0    -999     0   0   0   0    -999.000  -999.000
0079   19.50   866.2     19.55     92.0    1337  -999  -999.00   -999.00   -999.00    12    -0.6    1337     0   0   0   0      16.840   -62.724
0080   19.75  -999.0   -999.00   -999.0    -999  -999  -999.00   -999.00   -999.00    12  -999.0    -999     0   0   0   0    -999.000  -999.000
0081   20.00   866.7     19.57     91.9    1331  -999  -999.00   -999.00   -999.00    12    -0.6    1331     0   0   0   0      16.840   -62.724
0082   20.25  -999.0   -999.00   -999.0    -999  -999  -999.00   -999.00   -999.00    12  -999.0    -999     0   0   0   0    -999.000  -999.000
0083   20.50   867.3     19.59     91.9    1326  -999  -999.00   -999.00   -999.00    12    -0.6    1326     0   0   0   0      16.840   -62.724
0084   20.75  -999.0   -999.00   -999.0    -999  -999  -999.00   -999.00   -999.00    12  -999.0    -999     0   0   0   0    -999.000  -999.000
0085   21.00   867.8     19.60     91.8    1320  -999  -999.00   -999.00   -999.00    12    -0.6    1320     0   0   0   0      16.840   -62.724
0086   21.25  -999.0   -999.00   -999.0    -999  -999  -999.00   -999.00   -999.00    12  -999.0    -999     0   0   0   0    -999.000  -999.000
0087   21.50   868.4     19.61     91.7    1315  -999  -999.00   -999.00   -999.00    12    -0.6    1315     0   0   0   0      16.840   -62.724
0088   21.75  -999.0   -999.00   -999.0    -999  -999  -999.00   -999.00   -999.00    12  -999.0    -999     0   0   0   0    -999.000  -999.000
0089   22.00   868.9     19.63     91.5    1309  -999  -999.00   -999.00   -999.00    12    -0.6    1309     0   0   0   0      16.840   -62.724
0090   22.25  -999.0   -999.00   -999.0    -999  -999  -999.00   -999.00   -999.00    12  -999.0    -999     0   0   0   0    -999.000  -999.000
0091   22.50   869.5     19.64     91.3    1303  -999  -999.00   -999.00   -999.00    12    -0.6    1303     0   0   0   0      16.840   -62.724
0092   22.75  -999.0   -999.00   -999.0    -999  -999  -999.00   -999.00   -999.00    12  -999.0    -999     0   0   0   0    -999.000  -999.000
0093   23.00   870.0     19.66     91.1    1298  -999  -999.00   -999.00   -999.00    12    -0.6    1298     0   0   0   0      16.840   -62.724
0094   23.25  -999.0   -999.00   -999.0    -999  -999  -999.00   -999.00   -999.00    12  -999.0    -999     0   0   0   0    -999.000  -999.000
0095   23.50   870.6     19.68     90.8    1292  -999  -999.00   -999.00   -999.00    12    -0.6    1292     0   0   0   0      16.840   -62.724
0096   23.75  -999.0   -999.00   -999.0    -999  -999  -999.00   -999.00   -999.00    12  -999.0    -999     0   0   0   0    -999.000  -999.000
0097   24.00   871.2     19.70     90.4    1287  -999  -999.00   -999.00   -999.00    12    -0.6    1287     0   0   0   0      16.840   -62.724
0098   24.25  -999.0   -999.00   -999.0    -999  -999  -999.00   -999.00   -999.00    12  -999.0    -999     0   0   0   0    -999.000  -999.000
0099   24.50   871.7     19.73     90.1    1281  -999  -999.00   -999.00   -999.00    12    -0.6    1281     0   0   0   0      16.840   -62.724
0100   24.75  -999.0   -999.00   -999.0    -999  -999  -999.00   -999.00   -999.00    12  -999.0    -999     0   0   0   0    -999.000  -999.000
0101   25.00   872.3     19.76     89.8    1276  -999  -999.00   -999.00   -999.00    12    -0.6    1276     0   0   0   0      16.840   -62.724
0102   25.25  -999.0   -999.00   -999.0    -999  -999  -999.00   -999.00   -999.00    12  -999.0    -999     0   0   0   0    -999.000  -999.000
0103   25.50   872.8     19.79     89.5    1270  -999  -999.00   -999.00   -999.00    12    -0.7    1270     0   0   0   0      16.840   -62.724
0104   25.75  -999.0   -999.00   -999.0    -999  -999  -999.00   -999.00   -999.00    12  -999.0    -999     0   0   0   0    -999.000  -999.000
0105   26.00   873.4     19.82     89.3    1265  -999  -999.00   -999.00   -999.00    12    -0.7    1265     0   0   0   0      16.840   -62.724
0106   26.25  -999.0   -999.00   -999.0    -999   151     4.14     -2.02      3.62    12  -999.0    -999     0   0   0   0    -999.000  -999.000
0107   26.50   874.0     19.86     89.1    1259   151     4.12     -1.97      3.61    12    -0.7    1259     0   0   0   0      16.840   -62.724
0108   26.75  -999.0   -999.00   -999.0    -999   152     4.09     -1.93      3.60    13  -999.0    -999     0   0   0   0    -999.000  -999.000
0109   27.00   874.5     19.89     89.0    1253   152     4.06     -1.88      3.60    13    -0.7    1253     0   0   0   0      16.840   -62.724
0110   27.25  -999.0   -999.00   -999.0    -999   153     4.02     -1.83      3.58    13  -999.0    -999     0   0   0   0    -999.000  -999.000
0111   27.50   875.1     19.93     89.0    1248   154     3.99     -1.78      3.57    13    -0.7    1248     0   0   0   0      16.840   -62.724
0112   27.75  -999.0   -999.00   -999.0    -999   154     3.95     -1.72      3.56    13  -999.0    -999     0   0   0   0    -999.000  -999.000
0113   28.00   875.7     19.96     89.1    1242   155     3.92     -1.66      3.55    13    -0.7    1242     0   0   0   0      16.840   -62.724
0114   28.25  -999.0   -999.00   -999.0    -999   156     3.88     -1.59      3.53    13  -999.0    -999     0   0   0   0    -999.000  -999.000
0115   28.50   876.2     19.98     89.3    1237   157     3.84     -1.53      3.52    13    -0.7    1237     0   0   0   0      16.840   -62.724
0116   28.75  -999.0   -999.00   -999.0    -999   157     3.80     -1.46      3.51    13  -999.0    -999     0   0   0   0    -999.000  -999.000
0117   29.00   876.8     20.01     89.5    1231   158     3.76     -1.39      3.49    13    -0.7    1231     0   0   0   0      16.840   -62.724
0118   29.25  -999.0   -999.00   -999.0    -999   159     3.72     -1.31      3.48    13  -999.0    -999     0   0   0   0    -999.000  -999.000
0119   29.50   877.4     20.02     89.9    1225   160     3.68     -1.24      3.47    13    -0.7    1225     0   0   0   0      16.840   -62.724
0120   29.75  -999.0   -999.00   -999.0    -999   161     3.65     -1.16      3.46    12  -999.0    -999     0   0   0   0    -999.000  -999.000
0121   30.00   877.9     20.04     90.4    1220   162     3.62     -1.09      3.45    12    -0.7    1220     0   0   0   0      16.840   -62.724
0122   30.25  -999.0   -999.00   -999.0    -999   164     3.59     -1.01      3.44    12  -999.0    -999     0   0   0   0    -999.000  -999.000
0123   30.50   878.5     20.04     90.9    1214   165     3.56     -0.94      3.44    12    -0.6    1214     0   0   0   0      16.840   -62.724
0124   30.75  -999.0   -999.00   -999.0    -999   166     3.54     -0.87      3.43    12  -999.0    -999     0   0   0   0    -999.000  -999.000
0125   31.00   879.1     20.05     91.4    1209   167     3.52     -0.81      3.43    12    -0.6    1209     0   0   0   0      16.840   -62.724
0126   31.25  -999.0   -999.00   -999.0    -999   168     3.51     -0.74      3.43    12  -999.0    -999     0   0   0   0    -999.000  -999.000
0127   31.50   879.6     20.06     91.8    1203   169     3.50     -0.68      3.43    12    -0.6    1203     0   0   0   0      16.840   -62.724
0128   31.75  -999.0   -999.00   -999.0    -999   170     3.49     -0.63      3.43    13  -999.0    -999     0   0   0   0    -999.000  -999.000
0129   32.00   880.2     20.07     92.1    1198   170     3.48     -0.58      3.43    13    -0.6    1198     0   0   0   0      16.840   -62.724
0130   32.25  -999.0   -999.00   -999.0    -999   171     3.48     -0.54      3.44    12  -999.0    -999     0   0   0   0    -999.000  -999.000
0131   32.50   880.7     20.08     92.3    1192   172     3.48     -0.50      3.44    12    -0.5    1192     0   0   0   0      16.840   -62.724
0132   32.75  -999.0   -999.00   -999.0    -999   172     3.48     -0.47      3.45    12  -999.0    -999     0   0   0   0    -999.000  -999.000
0133   33.00   881.3     20.10     92.4    1187   173     3.48     -0.45      3.45    12    -0.5    1187     0   0   0   0      16.840   -62.724
0134   33.25  -999.0   -999.00   -999.0    -999   173     3.48     -0.43      3.45    12  -999.0    -999     0   0   0   0    -999.000  -999.000
0135   33.50   881.8     20.13     92.4    1181   173     3.48     -0.42      3.45    12    -0.5    1181     0   0   0   0      16.840   -62.724
0136   33.75  -999.0   -999.00   -999.0    -999   173     3.47     -0.42      3.45    12  -999.0    -999     0   0   0   0    -999.000  -999.000
0137   34.00   882.4     20.16     92.3    1176   173     3.47     -0.42      3.45    12    -0.5    1176     0   0   0   0      16.840   -62.724
0138   34.25  -999.0   -999.00   -999.0    -999   173     3.47     -0.42      3.44    13  -999.0    -999     0   0   0   0    -999.000  -999.000
0139   34.50   883.0     20.20     92.2    1170   173     3.46     -0.43      3.44    13    -0.4    1170     0   0   0   0      16.840   -62.724
0140   34.75  -999.0   -999.00   -999.0    -999   173     3.46     -0.44      3.43    13  -999.0    -999     0   0   0   0    -999.000  -999.000
0141   35.00   883.5     20.24     92.1    1165   173     3.46     -0.45      3.43    13    -0.4    1165     0   0   0   0      16.840   -62.724
0142   35.25  -999.0   -999.00   -999.0    -999   172     3.45     -0.47      3.42    13  -999.0    -999     0   0   0   0    -999.000  -999.000
0143   35.50   884.1     20.29     91.9    1159   172     3.45     -0.48      3.42    13    -0.4    1159     0   0   0   0      16.840   -62.724
0144   35.75  -999.0   -999.00   -999.0    -999   172     3.45     -0.50      3.41    13  -999.0    -999     0   0   0   0    -999.000  -999.000
0145   36.00   884.6     20.33     91.7    1154   171     3.44     -0.52      3.40    13    -0.4    1154     0   0   0   0      16.840   -62.724
0146   36.25  -999.0   -999.00   -999.0    -999   171     3.44     -0.54      3.40    13  -999.0    -999     0   0   0   0    -999.000  -999.000
0147   36.50   885.2     20.38     91.5    1149   171     3.44     -0.56      3.40    13    -0.4    1149     0   0   0   0      16.840   -62.724
0148   36.75  -999.0   -999.00   -999.0    -999   170     3.44     -0.57      3.39    13  -999.0    -999     0   0   0   0    -999.000  -999.000
0149   37.00   885.7     20.43     91.2    1143   170     3.44     -0.59      3.39    13    -0.4    1143     0   0   0   0      16.840   -62.724
0150   37.25  -999.0   -999.00   -999.0    -999   170     3.44     -0.61      3.39    13  -999.0    -999     0   0   0   0    -999.000  -999.000
0151   37.50   886.3     20.48     90.9    1138   170     3.44     -0.63      3.39    12    -0.4    1138     0   0   0   0      16.840   -62.724
0152   37.75  -999.0   -999.00   -999.0    -999   169     3.45     -0.64      3.39    12  -999.0    -999     0   0   0   0    -999.000  -999.000
0153   38.00   886.8     20.53     90.6    1132   169     3.45     -0.66      3.39    12    -0.4    1132     0   0   0   0      16.840   -62.724
0154   38.25  -999.0   -999.00   -999.0    -999   169     3.46     -0.67      3.39    12  -999.0    -999     0   0   0   0    -999.000  -999.000
0155   38.50   887.4     20.58     90.3    1127   169     3.46     -0.68      3.40    12    -0.4    1127     0   0   0   0      16.840   -62.724
0156   38.75  -999.0   -999.00   -999.0    -999   168     3.47     -0.69      3.40    12  -999.0    -999     0   0   0   0    -999.000  -999.000
0157   39.00   887.9     20.63     90.0    1122   168     3.48     -0.70      3.41    12    -0.4    1122     0   0   0   0      16.840   -62.724
0158   39.25  -999.0   -999.00   -999.0    -999   168     3.49     -0.71      3.42    12  -999.0    -999     0   0   0   0    -999.000  -999.000
0159   39.50   888.5     20.68     89.6    1116   168     3.50     -0.72      3.43    12    -0.4    1116     0   0   0   0      16.840   -62.724
0160   39.75  -999.0   -999.00   -999.0    -999   168     3.51     -0.73      3.44    13  -999.0    -999     0   0   0   0    -999.000  -999.000
0161   40.00   889.0     20.73     89.3    1111   168     3.52     -0.73      3.45    13    -0.5    1111     0   0   0   0      16.840   -62.724
0162   40.25  -999.0   -999.00   -999.0    -999   168     3.53     -0.74      3.46    12  -999.0    -999     0   0   0   0    -999.000  -999.000
0163   40.50   889.6     20.78     89.1    1105   168     3.55     -0.74      3.47    12    -0.5    1105     0   0   0   0      16.840   -62.724
0164   40.75  -999.0   -999.00   -999.0    -999   168     3.56     -0.74      3.48    12  -999.0    -999     0   0   0   0    -999.000  -999.000
0165   41.00   890.1     20.83     88.8    1100   168     3.56     -0.74      3.49    12    -0.5    1100     0   0   0   0      16.840   -62.724
0166   41.25  -999.0   -999.00   -999.0    -999   168     3.57     -0.75      3.50    12  -999.0    -999     0   0   0   0    -999.000  -999.000
0167   41.50   890.7     20.88     88.7    1094   168     3.58     -0.75      3.50    12    -0.6    1094     0   0   0   0      16.840   -62.724
0168   41.75  -999.0   -999.00   -999.0    -999   168     3.59     -0.75      3.51    12  -999.0    -999     0   0   0   0    -999.000  -999.000
0169   42.00   891.3     20.92     88.5    1089   168     3.59     -0.75      3.51    12    -0.6    1089     0   0   0   0      16.840   -62.724
0170   42.25  -999.0   -999.00   -999.0    -999   168     3.60     -0.75      3.52    12  -999.0    -999     0   0   0   0    -999.000  -999.000
0171   42.50   891.8     20.96     88.5    1083   168     3.60     -0.75      3.52    12    -0.6    1083     0   0   0   0      16.840   -62.724
0172   42.75  -999.0   -999.00   -999.0    -999   168     3.60     -0.74      3.52    11  -999.0    -999     0   0   0   0    -999.000  -999.000
0173   43.00   892.4     21.00     88.5    1078   168     3.60     -0.74      3.52    11    -0.6    1078     0   0   0   0      16.840   -62.724
0174   43.25  -999.0   -999.00   -999.0    -999   168     3.59     -0.73      3.52    12  -999.0    -999     0   0   0   0    -999.000  -999.000
0175   43.50   893.0     21.03     88.6    1072   169     3.59     -0.71      3.52    12    -0.6    1072     0   0   0   0      16.840   -62.724
0176   43.75  -999.0   -999.00   -999.0    -999   169     3.58     -0.70      3.51    13  -999.0    -999     0   0   0   0    -999.000  -999.000
0177   44.00   893.5     21.05     88.9    1067   169     3.58     -0.68      3.51    12    -0.6    1067     0   0   0   0      16.840   -62.724
0178   44.25  -999.0   -999.00   -999.0    -999   170     3.57     -0.65      3.51    11  -999.0    -999     0   0   0   0    -999.000  -999.000
0179   44.50   894.1     21.07     89.2    1061   170     3.57     -0.62      3.51    12    -0.6    1061     0   0   0   0      16.840   -62.724
0180   44.75  -999.0   -999.00   -999.0    -999   171     3.56     -0.59      3.52    12  -999.0    -999     0   0   0   0    -999.000  -999.000
0181   45.00   894.7     21.08     89.7    1056   171     3.56     -0.55      3.52    12    -0.6    1056     0   0   0   0      16.840   -62.724
0182   45.25  -999.0   -999.00   -999.0    -999   172     3.56     -0.51      3.53    13  -999.0    -999     0   0   0   0    -999.000  -999.000
0183   45.50   895.2     21.08     90.1    1050   172     3.57     -0.47      3.54    13    -0.6    1050     0   0   0   0      16.840   -62.724
0184   45.75  -999.0   -999.00   -999.0    -999   173     3.57     -0.43      3.55    13  -999.0    -999     0   0   0   0    -999.000  -999.000
0185   46.00   895.8     21.08     90.6    1045   174     3.58     -0.38      3.56    13    -0.5    1045     0   0   0   0      16.840   -62.724
0186   46.25  -999.0   -999.00   -999.0    -999   175     3.59     -0.34      3.57    13  -999.0    -999     0   0   0   0    -999.000  -999.000
0187   46.50   896.4     21.07     91.0    1039   175     3.60     -0.29      3.59    13    -0.5    1039     0   0   0   0      16.841   -62.724
0188   46.75  -999.0   -999.00   -999.0    -999   176     3.61     -0.24      3.60    12  -999.0    -999     0   0   0   0    -999.000  -999.000
0189   47.00   896.9     21.07     91.3    1034   177     3.62     -0.20      3.62    12    -0.5    1034     0   0   0   0      16.841   -62.724
0190   47.25  -999.0   -999.00   -999.0    -999   178     3.63     -0.15      3.63    12  -999.0    -999     0   0   0   0    -999.000  -999.000
0191   47.50   897.5     21.07     91.5    1029   178     3.65     -0.10      3.64    12    -0.5    1029     0   0   0   0      16.841   -62.724
0192   47.75  -999.0   -999.00   -999.0    -999   179     3.66     -0.05      3.66    12  -999.0    -999     0   0   0   0    -999.000  -999.000
0193   48.00   898.0     21.06     91.7    1023   180     3.67      0.00      3.67    12    -0.5    1023     0   0   0   0      16.841   -62.724
0194   48.25  -999.0   -999.00   -999.0    -999   181     3.69      0.06      3.69    12  -999.0    -999     0   0   0   0    -999.000  -999.000
0195   48.50   898.6     21.07     91.7    1018   182     3.71      0.11      3.70    12    -0.5    1018     0   0   0   0      16.841   -62.724
0196   48.75  -999.0   -999.00   -999.0    -999   182     3.72      0.16      3.72    13  -999.0    -999     0   0   0   0    -999.000  -999.000
0197   49.00   899.2     21.08     91.6    1012   183     3.75      0.21      3.74    12    -0.6    1012     0   0   0   0      16.841   -62.724
0198   49.25  -999.0   -999.00   -999.0    -999   184     3.77      0.26      3.76    13  -999.0    -999     0   0   0   0    -999.000  -999.000
0199   49.50   899.7     21.10     91.4    1007   185     3.79      0.31      3.78    12    -0.6    1007     0   0   0   0      16.841   -62.724
0200   49.75  -999.0   -999.00   -999.0    -999   185     3.82      0.36      3.80    12  -999.0    -999     0   0   0   0    -999.000  -999.000
0201   50.00   900.3     21.12     91.1    1001   186     3.85      0.40      3.83    12    -0.6    1001     0   0   0   0      16.841   -62.724
0202   50.25  -999.0   -999.00   -999.0    -999   186     3.88      0.44      3.85    12  -999.0    -999     0   0   0   0    -999.000  -999.000
0203   50.50   900.9     21.15     90.8     996   187     3.91      0.47      3.88    12    -0.6     996     0   0   0   0      16.841   -62.724
0204   50.75  -999.0   -999.00   -999.0    -999   187     3.94      0.51      3.90    12  -999.0    -999     0   0   0   0    -999.000  -999.000
0205   51.00   901.4     21.19     90.5     990   188     3.97      0.54      3.93    12    -0.6     990     0   0   0   0      16.841   -62.724
0206   51.25  -999.0   -999.00   -999.0    -999   188     4.00      0.57      3.96    12  -999.0    -999     0   0   0   0    -999.000  -999.000
0207   51.50   902.0     21.23     90.1     985   189     4.03      0.60      3.98    12    -0.6     985     0   0   0   0      16.841   -62.724
0208   51.75  -999.0   -999.00   -999.0    -999  -999  -999.00   -999.00   -999.00    12  -999.0    -999     0   0   0   0    -999.000  -999.000
0209   52.00   902.6     21.27     89.7     979   189     4.09      0.65      4.04    13    -0.6     979     0   0   0   0      16.841   -62.724
0210   52.25  -999.0   -999.00   -999.0    -999   189     4.12      0.68      4.07    12  -999.0    -999     0   0   0   0    -999.000  -999.000
0211   52.50   903.1     21.31     89.3     974   190     4.15      0.70      4.09    12    -0.6     974     0   0   0   0      16.841   -62.724
0212   52.75  -999.0   -999.00   -999.0    -999   190     4.18      0.72      4.11    12  -999.0    -999     0   0   0   0    -999.000  -999.000
0213   53.00   903.7     21.36     89.0     968   190     4.20      0.74      4.13    11    -0.6     968     0   0   0   0      16.841   -62.724
0214   53.25  -999.0   -999.00   -999.0    -999   190     4.22      0.76      4.15    12  -999.0    -999     0   0   0   0    -999.000  -999.000
0215   53.50   904.3     21.40     88.7     963   191     4.24      0.78      4.17    12    -0.6     963     0   0   0   0      16.841   -62.724
0216   53.75  -999.0   -999.00   -999.0    -999   191     4.25      0.80      4.18    12  -999.0    -999     0   0   0   0    -999.000  -999.000
0217   54.00   904.8     21.43     88.4     957   191     4.27      0.81      4.19    12    -0.6     957     0   0   0   0      16.841   -62.724
0218   54.25  -999.0   -999.00   -999.0    -999   191     4.28      0.82      4.20    12  -999.0    -999     0   0   0   0    -999.000  -999.000
0219   54.50   905.4     21.47     88.2     952   191     4.28      0.83      4.20    12    -0.5     952     0   0   0   0      16.841   -62.724
0220   54.75  -999.0   -999.00   -999.0    -999   191     4.28      0.83      4.20    12  -999.0    -999     0   0   0   0    -999.000  -999.000
0221   55.00   906.0     21.51     88.0     947   191     4.28      0.83      4.20    12    -0.5     947     0   0   0   0      16.841   -62.724
0222   55.25  -999.0   -999.00   -999.0    -999   191     4.28      0.83      4.20    12  -999.0    -999     0   0   0   0    -999.000  -999.000
0223   55.50   906.5     21.54     87.9     941   191     4.27      0.83      4.19    12    -0.5     941     0   0   0   0      16.841   -62.724
0224   55.75  -999.0   -999.00   -999.0    -999   191     4.26      0.83      4.18    12  -999.0    -999     0   0   0   0    -999.000  -999.000
0225   56.00   907.1     21.58     87.8     936   191     4.25      0.82      4.17    12    -0.5     936     0   0   0   0      16.841   -62.724
0226   56.25  -999.0   -999.00   -999.0    -999   191     4.23      0.82      4.15    11  -999.0    -999     0   0   0   0    -999.000  -999.000
0227   56.50   907.7     21.61     87.7     930   191     4.22      0.81      4.14    11    -0.5     930     0   0   0   0      16.841   -62.724
0228   56.75  -999.0   -999.00   -999.0    -999   191     4.20      0.79      4.12    13  -999.0    -999     0   0   0   0    -999.000  -999.000
0229   57.00   908.2     21.65     87.7     925   191     4.18      0.78      4.10    13    -0.5     925     0   0   0   0      16.841   -62.724
0230   57.25  -999.0   -999.00   -999.0    -999   191     4.16      0.77      4.09    13  -999.0    -999     0   0   0   0    -999.000  -999.000
0231   57.50   908.8     21.69     87.6     920   190     4.13      0.75      4.07    13    -0.5     920     0   0   0   0      16.841   -62.724
0232   57.75  -999.0   -999.00   -999.0    -999   190     4.11      0.73      4.05    13  -999.0    -999     0   0   0   0    -999.000  -999.000
0233   58.00   909.4     21.73     87.6     914   190     4.09      0.71      4.03    13    -0.6     914     0   0   0   0      16.841   -62.724
0234   58.25  -999.0   -999.00   -999.0    -999   190     4.07      0.69      4.01    12  -999.0    -999     0   0   0   0    -999.000  -999.000
0235   58.50   909.9     21.77     87.5     909   189     4.05      0.67      3.99    13    -0.6     909     0   0   0   0      16.841   -62.724
0236   58.75  -999.0   -999.00   -999.0    -999   189     4.03      0.64      3.97    13  -999.0    -999     0   0   0   0    -999.000  -999.000
0237   59.00   910.5     21.81     87.4     903   189     4.00      0.62      3.96    13    -0.6     903     0   0   0   0      16.841   -62.724
0238   59.25  -999.0   -999.00   -999.0    -999   189     3.99      0.60      3.94    13  -999.0    -999     0   0   0   0    -999.000  -999.000
0239   59.50   911.1     21.85     87.4     898   188     3.97      0.57      3.93    13    -0.6     898     0   0   0   0      16.841   -62.724
0240   59.75  -999.0   -999.00   -999.0    -999   188     3.95      0.54      3.91    13  -999.0    -999     0   0   0   0    -999.000  -999.000
0241   60.00   911.6     21.89     87.3     892   188     3.93      0.51      3.90    13    -0.6     892     0   0   0   0      16.841   -62.724
0242   60.25  -999.0   -999.00   -999.0    -999   187     3.92      0.48      3.89    13  -999.0    -999     0   0   0   0    -999.000  -999.000
0243   60.50   912.2     21.94     87.2     887   187     3.90      0.45      3.88    13    -0.6     887     0   0   0   0      16.841   -62.724
0244   60.75  -999.0   -999.00   -999.0    -999   186     3.89      0.42      3.87    13  -999.0    -999     0   0   0   0    -999.000  -999.000
0245   61.00   912.8     21.98     87.0     881   186     3.88      0.39      3.86    13    -0.5     881     0   0   0   0      16.841   -62.724
0246   61.25  -999.0   -999.00   -999.0    -999   185     3.87      0.36      3.85    13  -999.0    -999     0   0   0   0    -999.000  -999.000
0247   61.50   913.3     22.02     86.9     876   185     3.86      0.33      3.85    13    -0.5     876     0   0   0   0      16.841   -62.724
0248   61.75  -999.0   -999.00   -999.0    -999   184     3.85      0.30      3.84    13  -999.0    -999     0   0   0   0    -999.000  -999.000
0249   62.00   913.9     22.07     86.8     871   184     3.85      0.27      3.84    13    -0.5     871     0   0   0   0      16.841   -62.724
0250   62.25  -999.0   -999.00   -999.0    -999   183     3.84      0.23      3.83    13  -999.0    -999     0   0   0   0    -999.000  -999.000
0251   62.50   914.5     22.12     86.6     865   183     3.83      0.20      3.83    13    -0.4     865     0   0   0   0      16.841   -62.724
0252   62.75  -999.0   -999.00   -999.0    -999   182     3.83      0.16      3.83    13  -999.0    -999     0   0   0   0    -999.000  -999.000
0253   63.00   915.0     22.17     86.4     860   182     3.83      0.13      3.83    13    -0.4     860     0   0   0   0      16.841   -62.724
0254   63.25  -999.0   -999.00   -999.0    -999   181     3.83      0.09      3.83    12  -999.0    -999     0   0   0   0    -999.000  -999.000
0255   63.50   915.6     22.22     86.3     855   181     3.83      0.06      3.83    13    -0.3     855     0   0   0   0      16.841   -62.724
0256   63.75  -999.0   -999.00   -999.0    -999   180     3.83      0.02      3.83    13  -999.0    -999     0   0   0   0    -999.000  -999.000
0257   64.00   916.1     22.27     86.1     849   180     3.84     -0.02      3.84    13    -0.3     849     0   0   0   0      16.841   -62.724
0258   64.25  -999.0   -999.00   -999.0    -999   179     3.85     -0.06      3.85    13  -999.0    -999     0   0   0   0    -999.000  -999.000
0259   64.50   916.7     22.32     85.9     844   179     3.87     -0.10      3.87    13    -0.3     844     0   0   0   0      16.841   -62.724
0260   64.75  -999.0   -999.00   -999.0    -999   178     3.89     -0.14      3.89    13  -999.0    -999     0   0   0   0    -999.000  -999.000
0261   65.00   917.2     22.37     85.7     839   177     3.92     -0.17      3.91    13    -0.3     839     0   0   0   0      16.841   -62.724
0262   65.25  -999.0   -999.00   -999.0    -999   177     3.95     -0.21      3.94    13  -999.0    -999     0   0   0   0    -999.000  -999.000
0263   65.50   917.8     22.42     85.4     834   176     3.98     -0.25      3.97    13    -0.4     834     0   0   0   0      16.841   -62.724
0264   65.75  -999.0   -999.00   -999.0    -999   176     4.02     -0.29      4.01    13  -999.0    -999     0   0   0   0    -999.000  -999.000
0265   66.00   918.4     22.47     85.2     828   175     4.07     -0.32      4.05    12    -0.4     828     0   0   0   0      16.841   -62.724
0266   66.25  -999.0   -999.00   -999.0    -999   175     4.11     -0.35      4.10    13  -999.0    -999     0   0   0   0    -999.000  -999.000
0267   66.50   918.9     22.52     85.0     823   175     4.16     -0.39      4.14    13    -0.4     823     0   0   0   0      16.841   -62.724
0268   66.75  -999.0   -999.00   -999.0    -999   174     4.21     -0.42      4.19    13  -999.0    -999     0   0   0   0    -999.000  -999.000
0269   67.00   919.5     22.57     84.8     817   174     4.27     -0.44      4.24    13    -0.5     817     0   0   0   0      16.841   -62.724
0270   67.25  -999.0   -999.00   -999.0    -999   174     4.32     -0.47      4.29    13  -999.0    -999     0   0   0   0    -999.000  -999.000
0271   67.50   920.1     22.62     84.6     812   174     4.37     -0.49      4.34    13    -0.5     812     0   0   0   0      16.841   -62.724
0272   67.75  -999.0   -999.00   -999.0    -999   173     4.42     -0.51      4.39    13  -999.0    -999     0   0   0   0    -999.000  -999.000
0273   68.00   920.6     22.68     84.4     807   173     4.47     -0.53      4.44    13    -0.5     807     0   0   0   0      16.841   -62.724
0274   68.25  -999.0   -999.00   -999.0    -999   173     4.52     -0.54      4.49    13  -999.0    -999     0   0   0   0    -999.000  -999.000
0275   68.50   921.2     22.73     84.2     801   173     4.57     -0.56      4.54    13    -0.6     801     0   0   0   0      16.841   -62.724
0276   68.75  -999.0   -999.00   -999.0    -999   173     4.62     -0.57      4.58    13  -999.0    -999     0   0   0   0    -999.000  -999.000
0277   69.00   921.8     22.78     83.9     796   173     4.66     -0.58      4.62    13    -0.6     796     0   0   0   0      16.841   -62.724
0278   69.25  -999.0   -999.00   -999.0    -999   173     4.70     -0.58      4.66    13  -999.0    -999     0   0   0   0    -999.000  -999.000
0279   69.50   922.3     22.83     83.7     790   173     4.73     -0.59      4.70    13    -0.6     790     0   0   0   0      16.841   -62.724
0280   69.75  -999.0   -999.00   -999.0    -999   173     4.76     -0.59      4.73    13  -999.0    -999     0   0   0   0    -999.000  -999.000
0281   70.00   922.9     22.88     83.4     785   173     4.79     -0.59      4.76    13    -0.5     785     0   0   0   0      16.841   -62.724
0282   70.25  -999.0   -999.00   -999.0    -999   173     4.82     -0.59      4.78    13  -999.0    -999     0   0   0   0    -999.000  -999.000
0283   70.50   923.5     22.92     83.1     780   173     4.84     -0.58      4.80    13    -0.5     780     0   0   0   0      16.841   -62.724
0284   70.75  -999.0   -999.00   -999.0    -999   173     4.86     -0.57      4.82    13  -999.0    -999     0   0   0   0    -999.000  -999.000
0285   71.00   924.0     22.97     82.8     774   173     4.87     -0.57      4.84    13    -0.5     774     0   0   0   0      16.841   -62.724
0286   71.25  -999.0   -999.00   -999.0    -999   173     4.89     -0.55      4.85    13  -999.0    -999     0   0   0   0    -999.000  -999.000
0287   71.50   924.6     23.01     82.5     769   174     4.90     -0.54      4.87    13    -0.5     769     0   0   0   0      16.841   -62.724
0288   71.75  -999.0   -999.00   -999.0    -999   174     4.90     -0.53      4.87    12  -999.0    -999     0   0   0   0    -999.000  -999.000
0289   72.00   925.2     23.04     82.2     763   174     4.91     -0.51      4.88    13    -0.5     763     0   0   0   0      16.841   -62.724
0290   72.25  -999.0   -999.00   -999.0    -999   174     4.91     -0.49      4.89    13  -999.0    -999     0   0   0   0    -999.000  -999.000
0291   72.50   925.8     23.08     81.9     758   175     4.91     -0.47      4.89    13    -0.4     758     0   0   0   0      16.841   -62.724
0292   72.75  -999.0   -999.00   -999.0    -999   175     4.91     -0.44      4.89    13  -999.0    -999     0   0   0   0    -999.000  -999.000
0293   73.00   926.3     23.11     81.8     753   175     4.91     -0.42      4.89    13    -0.4     753     0   0   0   0      16.841   -62.724
0294   73.25  -999.0   -999.00   -999.0    -999   175     4.90     -0.39      4.89    13  -999.0    -999     0   0   0   0    -999.000  -999.000
0295   73.50   926.9     23.14     81.6     747   176     4.90     -0.37      4.88    12    -0.4     747     0   0   0   0      16.842   -62.724
0296   73.75  -999.0   -999.00   -999.0    -999   176     4.89     -0.34      4.88    13  -999.0    -999     0   0   0   0    -999.000  -999.000
0297   74.00   927.4     23.16     81.6     742   176     4.88     -0.31      4.87    13    -0.4     742     0   0   0   0      16.842   -62.724
0298   74.25  -999.0   -999.00   -999.0    -999   177     4.88     -0.29      4.87    13  -999.0    -999     0   0   0   0    -999.000  -999.000
0299   74.50   928.0     23.18     81.6     737   177     4.87     -0.26      4.87    13    -0.4     737     0   0   0   0      16.842   -62.724
0300   74.75  -999.0   -999.00   -999.0    -999   177     4.87     -0.24      4.86    13  -999.0    -999     0   0   0   0    -999.000  -999.000
0301   75.00   928.6     23.20     81.8     732   177     4.86     -0.21      4.86    13    -0.4     732     0   0   0   0      16.842   -62.724
0302   75.25  -999.0   -999.00   -999.0    -999   178     4.86     -0.19      4.85    13  -999.0    -999     0   0   0   0    -999.000  -999.000
0303   75.50   929.1     23.23     81.9     726   178     4.85     -0.17      4.85    13    -0.4     726     0   0   0   0      16.842   -62.724
0304   75.75  -999.0   -999.00   -999.0    -999   178     4.84     -0.15      4.84    13  -999.0    -999     0   0   0   0    -999.000  -999.000
0305   76.00   929.7     23.25     82.0     721   179     4.84     -0.12      4.84    13    -0.4     721     0   0   0   0      16.842   -62.724
0306   76.25  -999.0   -999.00   -999.0    -999   179     4.84     -0.10      4.83    13  -999.0    -999     0   0   0   0    -999.000  -999.000
0307   76.50   930.2     23.27     82.1     716   179     4.83     -0.08      4.83    13    -0.5     716     0   0   0   0      16.842   -62.724
0308   76.75  -999.0   -999.00   -999.0    -999   179     4.83     -0.06      4.83    13  -999.0    -999     0   0   0   0    -999.000  -999.000
0309   77.00   930.8     23.30     82.1     710   179     4.83     -0.05      4.83    13    -0.5     710     0   0   0   0      16.842   -62.724
0310   77.25  -999.0   -999.00   -999.0    -999   180     4.82     -0.03      4.82    13  -999.0    -999     0   0   0   0    -999.000  -999.000
0311   77.50   931.4     23.34     82.1     705   180     4.83     -0.01      4.83    13    -0.6     705     0   0   0   0      16.842   -62.724
0312   77.75  -999.0   -999.00   -999.0    -999   180     4.83      0.00      4.83    13  -999.0    -999     0   0   0   0    -999.000  -999.000
0313   78.00   932.0     23.38     82.0     700   180     4.83      0.01      4.83    13    -0.6     700     0   0   0   0      16.842   -62.724
0314   78.25  -999.0   -999.00   -999.0    -999   180     4.84      0.02      4.84    13  -999.0    -999     0   0   0   0    -999.000  -999.000
0315   78.50   932.5     23.42     81.9     694   180     4.85      0.02      4.85    13    -0.7     694     0   0   0   0      16.842   -62.724
0316   78.75  -999.0   -999.00   -999.0    -999   180     4.87      0.03      4.87    13  -999.0    -999     0   0   0   0    -999.000  -999.000
0317   79.00   933.1     23.46     81.9     689   180     4.88      0.02      4.88    13    -0.7     689     0   0   0   0      16.842   -62.724
0318   79.25  -999.0   -999.00   -999.0    -999   180     4.90      0.02      4.90    13  -999.0    -999     0   0   0   0    -999.000  -999.000
0319   79.50   933.7     23.51     81.9     683   180     4.93      0.01      4.93    13    -0.7     683     0   0   0   0      16.842   -62.724
0320   79.75  -999.0   -999.00   -999.0    -999   180     4.95     -0.01      4.95    13  -999.0    -999     0   0   0   0    -999.000  -999.000
0321   80.00   934.3     23.55     82.0     678   180     4.98     -0.02      4.98    13    -0.8     678     0   0   0   0      16.842   -62.724
0322   80.25  -999.0   -999.00   -999.0    -999   180     5.00     -0.04      5.00    13  -999.0    -999     0   0   0   0    -999.000  -999.000
0323   80.50   934.9     23.59     82.3     672   179     5.03     -0.06      5.02    13    -0.8     672     0   0   0   0      16.842   -62.724
0324   80.75  -999.0   -999.00   -999.0    -999   179     5.05     -0.09      5.05    13  -999.0    -999     0   0   0   0    -999.000  -999.000
0325   81.00   935.5     23.62     82.6     667   179     5.07     -0.11      5.07    12    -0.8     667     0   0   0   0      16.842   -62.724
0326   81.25  -999.0   -999.00   -999.0    -999   178     5.10     -0.14      5.10    13  -999.0    -999     0   0   0   0    -999.000  -999.000
0327   81.50   936.0     23.66     83.0     661   178     5.12     -0.17      5.12    13    -0.8     661     0   0   0   0      16.842   -62.724
0328   81.75  -999.0   -999.00   -999.0    -999   178     5.15     -0.20      5.15    12  -999.0    -999     0   0   0   0    -999.000  -999.000
0329   82.00   936.6     23.69     83.3     656   177     5.17     -0.24      5.17    12    -0.7     656     0   0   0   0      16.842   -62.724
0330   82.25  -999.0   -999.00   -999.0    -999   177     5.20     -0.27      5.19    12  -999.0    -999     0   0   0   0    -999.000  -999.000
0331   82.50   937.2     23.72     83.7     650   177     5.22     -0.31      5.21    13    -0.7     650     0   0   0   0      16.842   -62.724
0332   82.75  -999.0   -999.00   -999.0    -999   176     5.25     -0.34      5.24    13  -999.0    -999     0   0   0   0    -999.000  -999.000
0333   83.00   937.8     23.75     83.9     645   176     5.27     -0.38      5.26    13    -0.7     645     0   0   0   0      16.842   -62.724
0334   83.25  -999.0   -999.00   -999.0    -999   176     5.30     -0.41      5.28    13  -999.0    -999     0   0   0   0    -999.000  -999.000
0335   83.50   938.4     23.78     84.0     639   175     5.32     -0.44      5.30    12    -0.6     639     0   0   0   0      16.842   -62.724
0336   83.75  -999.0   -999.00   -999.0    -999   175     5.34     -0.47      5.32    13  -999.0    -999     0   0   0   0    -999.000  -999.000
0337   84.00   939.0     23.82     84.1     634   175     5.36     -0.50      5.34    13    -0.6     634     0   0   0   0      16.842   -62.724
0338   84.25  -999.0   -999.00   -999.0    -999   174     5.38     -0.52      5.36    13  -999.0    -999     0   0   0   0    -999.000  -999.000
0339   84.50   939.5     23.85     84.1     629   174     5.40     -0.54      5.38    13    -0.5     629     0   0   0   0      16.842   -62.724
0340   84.75  -999.0   -999.00   -999.0    -999   174     5.42     -0.56      5.39    12  -999.0    -999     0   0   0   0    -999.000  -999.000
0341   85.00   940.1     23.89     84.0     623   174     5.43     -0.57      5.40    11    -0.5     623     0   0   0   0      16.842   -62.724
0342   85.25  -999.0   -999.00   -999.0    -999   174     5.45     -0.58      5.42    11  -999.0    -999     0   0   0   0    -999.000  -999.000
0343   85.50   940.7     23.94     83.9     618   174     5.46     -0.58      5.42    12    -0.4     618     0   0   0   0      16.842   -62.724
0344   85.75  -999.0   -999.00   -999.0    -999   174     5.46     -0.59      5.43    12  -999.0    -999     0   0   0   0    -999.000  -999.000
0345   86.00   941.2     23.98     83.7     613   174     5.47     -0.59      5.44    12    -0.4     613     0   0   0   0      16.842   -62.724
0346   86.25  -999.0   -999.00   -999.0    -999   174     5.47     -0.58      5.44    11  -999.0    -999     0   0   0   0    -999.000  -999.000
0347   86.50   941.8     24.02     83.6     607   174     5.47     -0.58      5.44    12    -0.4     607     0   0   0   0      16.842   -62.724
0348   86.75  -999.0   -999.00   -999.0    -999   174     5.47     -0.57      5.44    12  -999.0    -999     0   0   0   0    -999.000  -999.000
0349   87.00   942.3     24.06     83.4     602   174     5.46     -0.56      5.44    11    -0.4     602     0   0   0   0      16.842   -62.724
0350   87.25  -999.0   -999.00   -999.0    -999   174     5.46     -0.55      5.43    12  -999.0    -999     0   0   0   0    -999.000  -999.000
0351   87.50   942.9     24.10     83.3     597   174     5.45     -0.54      5.42    12    -0.4     597     0   0   0   0      16.842   -62.724
0352   87.75  -999.0   -999.00   -999.0    -999   174     5.44     -0.53      5.41    13  -999.0    -999     0   0   0   0    -999.000  -999.000
0353   88.00   943.5     24.14     83.1     592   175     5.42     -0.52      5.40    13    -0.4     592     0   0   0   0      16.842   -62.724
0354   88.25  -999.0   -999.00   -999.0    -999   175     5.41     -0.50      5.39    13  -999.0    -999     0   0   0   0    -999.000  -999.000
0355   88.50   944.0     24.18     83.0     586   175     5.39     -0.49      5.37    13    -0.4     586     0   0   0   0      16.842   -62.724
0356   88.75  -999.0   -999.00   -999.0    -999   175     5.37     -0.48      5.35    13  -999.0    -999     0   0   0   0    -999.000  -999.000
0357   89.00   944.6     24.21     82.9     581   175     5.35     -0.47      5.33    13    -0.4     581     0   0   0   0      16.842   -62.724
0358   89.25  -999.0   -999.00   -999.0    -999   175     5.32     -0.45      5.30    13  -999.0    -999     0   0   0   0    -999.000  -999.000
0359   89.50   945.2     24.24     82.9     576   175     5.30     -0.44      5.28    13    -0.4     576     0   0   0   0      16.842   -62.724
0360   89.75  -999.0   -999.00   -999.0    -999   175     5.27     -0.42      5.25    12  -999.0    -999     0   0   0   0    -999.000  -999.000
0361   90.00   945.8     24.28     82.8     570   176     5.24     -0.41      5.22    12    -0.4     570     0   0   0   0      16.842   -62.724
0362   90.25  -999.0   -999.00   -999.0    -999   176     5.21     -0.39      5.19    12  -999.0    -999     0   0   0   0    -999.000  -999.000
0363   90.50   946.3     24.31     82.7     565   176     5.18     -0.38      5.17    12    -0.4     565     0   0   0   0      16.842   -62.724
0364   90.75  -999.0   -999.00   -999.0    -999   176     5.15     -0.37      5.14    12  -999.0    -999     0   0   0   0    -999.000  -999.000
0365   91.00   946.9     24.34     82.6     560   176     5.12     -0.35      5.11    12    -0.3     560     0   0   0   0      16.842   -62.724
0366   91.25  -999.0   -999.00   -999.0    -999   176     5.09     -0.34      5.08    12  -999.0    -999     0   0   0   0    -999.000  -999.000
0367   91.50   947.5     24.37     82.5     555   176     5.06     -0.33      5.05    12    -0.3     555     0   0   0   0      16.842   -62.724
0368   91.75  -999.0   -999.00   -999.0    -999   176     5.03     -0.31      5.02    12  -999.0    -999     0   0   0   0    -999.000  -999.000
0369   92.00   948.0     24.41     82.4     549   177     5.01     -0.30      5.00    12    -0.3     549     0   0   0   0      16.842   -62.724
0370   92.25  -999.0   -999.00   -999.0    -999   177     4.98     -0.29      4.97    12  -999.0    -999     0   0   0   0    -999.000  -999.000
0371   92.50   948.6     24.44     82.4     544   177     4.95     -0.29      4.95    12    -0.3     544     0   0   0   0      16.842   -62.724
0372   92.75  -999.0   -999.00   -999.0    -999   177     4.93     -0.28      4.92    12  -999.0    -999     0   0   0   0    -999.000  -999.000
0373   93.00   949.1     24.47     82.4     539   177     4.91     -0.28      4.90    12    -0.3     539     0   0   0   0      16.842   -62.724
0374   93.25  -999.0   -999.00   -999.0    -999   177     4.89     -0.27      4.88    12  -999.0    -999     0   0   0   0    -999.000  -999.000
0375   93.50   949.7     24.50     82.5     534   177     4.87     -0.28      4.86    12    -0.3     534     0   0   0   0      16.842   -62.724
0376   93.75  -999.0   -999.00   -999.0    -999   177     4.85     -0.28      4.84    12  -999.0    -999     0   0   0   0    -999.000  -999.000
0377   94.00   950.3     24.52     82.7     529   176     4.83     -0.30      4.82    12    -0.3     529     0   0   0   0      16.842   -62.724
0378   94.25  -999.0   -999.00   -999.0    -999   176     4.81     -0.31      4.80    12  -999.0    -999     0   0   0   0    -999.000  -999.000
0379   94.50   950.8     24.55     83.0     523   176     4.79     -0.33      4.78    12    -0.3     523     0   0   0   0      16.842   -62.724
0380   94.75  -999.0   -999.00   -999.0    -999   176     4.77     -0.36      4.75    12  -999.0    -999     0   0   0   0    -999.000  -999.000
0381   95.00   951.4     24.56     83.3     518   175     4.75     -0.40      4.73    12    -0.3     518     0   0   0   0      16.843   -62.724
0382   95.25  -999.0   -999.00   -999.0    -999   175     4.72     -0.44      4.70    12  -999.0    -999     0   0   0   0    -999.000  -999.000
0383   95.50   952.0     24.57     83.7     513   174     4.70     -0.48      4.67    12    -0.3     513     0   0   0   0      16.843   -62.724
0384   95.75  -999.0   -999.00   -999.0    -999   173     4.67     -0.53      4.64    12  -999.0    -999     0   0   0   0    -999.000  -999.000
0385   96.00   952.5     24.58     84.1     508   173     4.65     -0.59      4.61    13    -0.4     508     0   0   0   0      16.843   -62.724
0386   96.25  -999.0   -999.00   -999.0    -999   172     4.62     -0.65      4.58    12  -999.0    -999     0   0   0   0    -999.000  -999.000
0387   96.50   953.1     24.59     84.5     503   171     4.60     -0.71      4.54    12    -0.4     503     0   0   0   0      16.843   -62.724
0388   96.75  -999.0   -999.00   -999.0    -999   170     4.57     -0.78      4.51    12  -999.0    -999     0   0   0   0    -999.000  -999.000
0389   97.00   953.6     24.59     84.8     497   169     4.55     -0.84      4.47    12    -0.4     497     0   0   0   0      16.843   -62.724
0390   97.25  -999.0   -999.00   -999.0    -999   168     4.52     -0.91      4.43    13  -999.0    -999     0   0   0   0    -999.000  -999.000
0391   97.50   954.2     24.60     85.0     492   167     4.50     -0.98      4.39    12    -0.5     492     0   0   0   0      16.843   -62.724
0392   97.75  -999.0   -999.00   -999.0    -999   167     4.48     -1.04      4.36    12  -999.0    -999     0   0   0   0    -999.000  -999.000
0393   98.00   954.8     24.61     85.2     487   166     4.46     -1.11      4.32    13    -0.5     487     0   0   0   0      16.843   -62.724
0394   98.25  -999.0   -999.00   -999.0    -999   165     4.44     -1.17      4.28    12  -999.0    -999     0   0   0   0    -999.000  -999.000
0395   98.50   955.4     24.63     85.2     481   164     4.42     -1.23      4.24    13    -0.6     481     0   0   0   0      16.843   -62.724
0396   98.75  -999.0   -999.00   -999.0    -999   163     4.40     -1.29      4.21    13  -999.0    -999     0   0   0   0    -999.000  -999.000
0397   99.00   956.0     24.65     85.1     476   162     4.39     -1.35      4.18    13    -0.6     476     0   0   0   0      16.843   -62.724
0398   99.25  -999.0   -999.00   -999.0    -999   161     4.38     -1.41      4.15    13  -999.0    -999     0   0   0   0    -999.000  -999.000
0399   99.50   956.5     24.68     85.0     471   160     4.37     -1.46      4.12    12    -0.6     471     0   0   0   0      16.843   -62.724
0400   99.75  -999.0   -999.00   -999.0    -999   160     4.36     -1.52      4.09    13  -999.0    -999     0   0   0   0    -999.000  -999.000
0401  100.00   957.1     24.71     84.8     465   159     4.36     -1.57      4.07    13    -0.6     465     0   0   0   0      16.843   -62.724
0402  100.25  -999.0   -999.00   -999.0    -999   158     4.36     -1.61      4.05    13  -999.0    -999     0   0   0   0    -999.000  -999.000
0403  100.50   957.7     24.75     84.6     460   158     4.36     -1.65      4.03    13    -0.6     460     0   0   0   0      16.843   -62.724
0404  100.75  -999.0   -999.00   -999.0    -999   157     4.36     -1.70      4.02    13  -999.0    -999     0   0   0   0    -999.000  -999.000
0405  101.00   958.3     24.79     84.4     454   157     4.37     -1.73      4.01    12    -0.6     454     0   0   0   0      16.843   -62.724
0406  101.25  -999.0   -999.00   -999.0    -999   156     4.37     -1.77      4.00    13  -999.0    -999     0   0   0   0    -999.000  -999.000
0407  101.50   958.9     24.84     84.2     449   156     4.38     -1.81      3.99    13    -0.6     449     0   0   0   0      16.843   -62.724
0408  101.75  -999.0   -999.00   -999.0    -999   155     4.39     -1.84      3.99    13  -999.0    -999     0   0   0   0    -999.000  -999.000
0409  102.00   959.5     24.88     84.0     444   155     4.40     -1.88      3.98    13    -0.6     444     0   0   0   0      16.843   -62.724
0410  102.25  -999.0   -999.00   -999.0    -999   154     4.41     -1.91      3.98    13  -999.0    -999     0   0   0   0    -999.000  -999.000
0411  102.50   960.0     24.93     83.8     438   154     4.43     -1.95      3.98    13    -0.6     438     0   0   0   0      16.843   -62.724
0412  102.75  -999.0   -999.00   -999.0    -999   154     4.44     -1.98      3.97    13  -999.0    -999     0   0   0   0    -999.000  -999.000
0413  103.00   960.6     24.97     83.6     433   153     4.45     -2.02      3.97    13    -0.6     433     0   0   0   0      16.843   -62.724
0414  103.25  -999.0   -999.00   -999.0    -999   153     4.46     -2.05      3.96    13  -999.0    -999     0   0   0   0    -999.000  -999.000
0415  103.50   961.2     25.02     83.3     428   152     4.47     -2.09      3.96    13    -0.7     428     0   0   0   0      16.843   -62.724
0416  103.75  -999.0   -999.00   -999.0    -999   152     4.48     -2.12      3.95    12  -999.0    -999     0   0   0   0    -999.000  -999.000
0417  104.00   961.8     25.06     83.2     422   151     4.49     -2.16      3.94    12    -0.7     422     0   0   0   0      16.843   -62.724
0418  104.25  -999.0   -999.00   -999.0    -999   151     4.50     -2.20      3.92    12  -999.0    -999     0   0   0   0    -999.000  -999.000
0419  104.50   962.4     25.09     83.0     417   150     4.50     -2.23      3.91    12    -0.7     417     0   0   0   0      16.843   -62.724
0420  104.75  -999.0   -999.00   -999.0    -999   150     4.51     -2.26      3.90    12  -999.0    -999     0   0   0   0    -999.000  -999.000
0421  105.00   963.0     25.13     82.8     412   149     4.51     -2.29      3.88    12    -0.8     412     0   0   0   0      16.843   -62.724
0422  105.25  -999.0   -999.00   -999.0    -999   149     4.51     -2.32      3.87    12  -999.0    -999     0   0   0   0    -999.000  -999.000
0423  105.50   963.6     25.17     82.7     406   149     4.52     -2.35      3.86    12    -0.8     406     0   0   0   0      16.843   -62.724
0424  105.75  -999.0   -999.00   -999.0    -999   148     4.52     -2.36      3.85    12  -999.0    -999     0   0   0   0    -999.000  -999.000
0425  106.00   964.2     25.21     82.5     401   148     4.52     -2.38      3.85    12    -0.8     401     0   0   0   0      16.843   -62.724
0426  106.25  -999.0   -999.00   -999.0    -999   148     4.53     -2.39      3.84    12  -999.0    -999     0   0   0   0    -999.000  -999.000
0427  106.50   964.7     25.24     82.4     395   148     4.53     -2.40      3.84    12    -0.8     395     0   0   0   0      16.843   -62.724
0428  106.75  -999.0   -999.00   -999.0    -999   148     4.54     -2.41      3.85    12  -999.0    -999     0   0   0   0    -999.000  -999.000
0429  107.00   965.3     25.28     82.2     390   148     4.55     -2.41      3.86    13    -0.9     390     0   0   0   0      16.843   -62.725
0430  107.25  -999.0   -999.00   -999.0    -999   148     4.56     -2.41      3.87    12  -999.0    -999     0   0   0   0    -999.000  -999.000
0431  107.50   965.9     25.33     82.1     384   148     4.57     -2.42      3.88    13    -0.9     384     0   0   0   0      16.843   -62.725
0432  107.75  -999.0   -999.00   -999.0    -999   148     4.59     -2.42      3.90    12  -999.0    -999     0   0   0   0    -999.000  -999.000
0433  108.00   966.5     25.37     81.9     379   148     4.61     -2.43      3.92    11    -0.8     379     0   0   0   0      16.843   -62.725
0434  108.25  -999.0   -999.00   -999.0    -999   148     4.64     -2.44      3.95    11  -999.0    -999     0   0   0   0    -999.000  -999.000
0435  108.50   967.1     25.41     81.8     373   148     4.67     -2.46      3.98    11    -0.8     373     0   0   0   0      16.843   -62.725
0436  108.75  -999.0   -999.00   -999.0    -999   148     4.71     -2.47      4.01    11  -999.0    -999     0   0   0   0    -999.000  -999.000
0437  109.00   967.7     25.46     81.7     368   148     4.75     -2.49      4.05    12    -0.8     368     0   0   0   0      16.843   -62.725
0438  109.25  -999.0   -999.00   -999.0    -999   148     4.80     -2.51      4.09    12  -999.0    -999     0   0   0   0    -999.000  -999.000
0439  109.50   968.3     25.50     81.6     362   148     4.84     -2.54      4.13    12    -0.8     362     0   0   0   0      16.843   -62.725
0440  109.75  -999.0   -999.00   -999.0    -999   148     4.89     -2.56      4.17    12  -999.0    -999     0   0   0   0    -999.000  -999.000
0441  110.00   968.9     25.54     81.5     357   148     4.95     -2.59      4.22    12    -0.7     357     0   0   0   0      16.843   -62.725
0442  110.25  -999.0   -999.00   -999.0    -999   148     5.00     -2.62      4.26    12  -999.0    -999     0   0   0   0    -999.000  -999.000
0443  110.50   969.5     25.57     81.4     352   148     5.06     -2.66      4.31    12    -0.7     352     0   0   0   0      16.843   -62.725
0444  110.75  -999.0   -999.00   -999.0    -999   148     5.12     -2.69      4.36    13  -999.0    -999     0   0   0   0    -999.000  -999.000
0445  111.00   970.1     25.61     81.4     346   148     5.19     -2.73      4.41    12    -0.7     346     0   0   0   0      16.843   -62.725
0446  111.25  -999.0   -999.00   -999.0    -999   148     5.25     -2.77      4.46    12  -999.0    -999     0   0   0   0    -999.000  -999.000
0447  111.50   970.7     25.63     81.4     341   148     5.31     -2.82      4.50    13    -0.6     341     0   0   0   0      16.843   -62.725
0448  111.75  -999.0   -999.00   -999.0    -999   148     5.37     -2.86      4.54    12  -999.0    -999     0   0   0   0    -999.000  -999.000
0449  112.00   971.3     25.66     81.5     336   148     5.43     -2.91      4.58    12    -0.6     336     0   0   0   0      16.843   -62.725
0450  112.25  -999.0   -999.00   -999.0    -999   147     5.49     -2.97      4.62    12  -999.0    -999     0   0   0   0    -999.000  -999.000
0451  112.50   971.9     25.68     81.5     330   147     5.54     -3.02      4.64    12    -0.6     330     0   0   0   0      16.843   -62.725
0452  112.75  -999.0   -999.00   -999.0    -999   147     5.59     -3.07      4.67    12  -999.0    -999     0   0   0   0    -999.000  -999.000
0453  113.00   972.4     25.69     81.5     325   146     5.63     -3.13      4.69    12    -0.6     325     0   0   0   0      16.843   -62.725
0454  113.25  -999.0   -999.00   -999.0    -999   146     5.68     -3.18      4.70    12  -999.0    -999     0   0   0   0    -999.000  -999.000
0455  113.50   973.0     25.71     81.6     320   146     5.71     -3.24      4.71    12    -0.6     320     0   0   0   0      16.843   -62.725
0456  113.75  -999.0   -999.00   -999.0    -999   145     5.75     -3.29      4.71    11  -999.0    -999     0   0   0   0    -999.000  -999.000
0457  114.00   973.6     25.72     81.6     314   145     5.78     -3.34      4.71    11    -0.6     314     0   0   0   0      16.843   -62.725
0458  114.25  -999.0   -999.00   -999.0    -999   144     5.81     -3.40      4.71    11  -999.0    -999     0   0   0   0    -999.000  -999.000
0459  114.50   974.2     25.74     81.5     309   144     5.83     -3.45      4.70    11    -0.6     309     0   0   0   0      16.843   -62.725
0460  114.75  -999.0   -999.00   -999.0    -999   143     5.85     -3.50      4.69    11  -999.0    -999     0   0   0   0    -999.000  -999.000
0461  115.00   974.8     25.75     81.5     304   143     5.87     -3.54      4.68    12    -0.6     304     0   0   0   0      16.843   -62.725
0462  115.25  -999.0   -999.00   -999.0    -999   142     5.88     -3.59      4.66    11  -999.0    -999     0   0   0   0    -999.000  -999.000
0463  115.50   975.4     25.77     81.4     298   142     5.89     -3.63      4.64    10    -0.6     298     0   0   0   0      16.843   -62.725
0464  115.75  -999.0   -999.00   -999.0    -999   142     5.90     -3.67      4.62    12  -999.0    -999     0   0   0   0    -999.000  -999.000
0465  116.00   976.0     25.79     81.3     293   141     5.91     -3.71      4.59    12    -0.6     293     0   0   0   0      16.843   -62.725
0466  116.25  -999.0   -999.00   -999.0    -999   141     5.91     -3.75      4.57    12  -999.0    -999     0   0   0   0    -999.000  -999.000
0467  116.50   976.5     25.81     81.1     288   140     5.91     -3.78      4.55    12    -0.6     288     0   0   0   0      16.843   -62.725
0468  116.75  -999.0   -999.00   -999.0    -999   140     5.92     -3.82      4.52    13  -999.0    -999     0   0   0   0    -999.000  -999.000
0469  117.00   977.1     25.83     81.0     283   139     5.92     -3.85      4.50    12    -0.6     283     0   0   0   0      16.843   -62.725
0470  117.25  -999.0   -999.00   -999.0    -999   139     5.92     -3.87      4.47    12  -999.0    -999     0   0   0   0    -999.000  -999.000
0471  117.50   977.7     25.85     80.8     277   139     5.91     -3.90      4.45    11    -0.6     277     0   0   0   0      16.843   -62.725
0472  117.75  -999.0   -999.00   -999.0    -999   138     5.91     -3.92      4.42    11  -999.0    -999     0   0   0   0    -999.000  -999.000
0473  118.00   978.3     25.88     80.7     272   138     5.91     -3.94      4.40    12    -0.6     272     0   0   0   0      16.843   -62.725
0474  118.25  -999.0   -999.00   -999.0    -999   138     5.90     -3.96      4.38    11  -999.0    -999     0   0   0   0    -999.000  -999.000
0475  118.50   978.9     25.90     80.6     267   138     5.90     -3.98      4.36    12    -0.6     267     0   0   0   0      16.843   -62.725
0476  118.75  -999.0   -999.00   -999.0    -999   137     5.90     -4.00      4.33    11  -999.0    -999     0   0   0   0    -999.000  -999.000
0477  119.00   979.5     25.92     80.5     261   137     5.89     -4.01      4.31    12    -0.6     261     0   0   0   0      16.843   -62.725
0478  119.25  -999.0   -999.00   -999.0    -999   137     5.89     -4.03      4.30    11  -999.0    -999     0   0   0   0    -999.000  -999.000
0479  119.50  -999.0   -999.00   -999.0    -999   137     5.89     -4.05      4.28    12  -999.0    -999     0   0   0   0      16.843   -62.725
0480  119.75  -999.0   -999.00   -999.0    -999   136     5.89     -4.07      4.26    12  -999.0    -999     0   0   0   0    -999.000  -999.000
0481  120.00   980.6     25.96     80.5     251   136     5.90     -4.09      4.25    11    -0.6     251     0   0   0   0      16.843   -62.725
0482  120.25  -999.0   -999.00   -999.0    -999   136     5.90     -4.11      4.23    12  -999.0    -999     0   0   0   0    -999.000  -999.000
0483  120.50   981.2     25.97     80.6     246   136     5.91     -4.14      4.22    12    -0.5     246     0   0   0   0      16.843   -62.725
0484  120.75  -999.0   -999.00   -999.0    -999   135     5.92     -4.16      4.21    11  -999.0    -999     0   0   0   0    -999.000  -999.000
0485  121.00   981.8     25.98     80.8     240   135     5.93     -4.19      4.19    12    -0.6     240     0   0   0   0      16.844   -62.725
0486  121.25  -999.0   -999.00   -999.0    -999   135     5.94     -4.22      4.18    12  -999.0    -999     0   0   0   0    -999.000  -999.000
0487  121.50   982.4     25.99     81.1     235   134     5.95     -4.25      4.16    13    -0.6     235     0   0   0   0      16.844   -62.725
0488  121.75  -999.0   -999.00   -999.0    -999   134     5.97     -4.29      4.15    13  -999.0    -999     0   0   0   0    -999.000  -999.000
0489  122.00   983.0     26.00     81.3     230   134     5.98     -4.32      4.14    13    -0.6     230     0   0   0   0      16.844   -62.725
0490  122.25  -999.0   -999.00   -999.0    -999   133     6.00     -4.36      4.12    13  -999.0    -999     0   0   0   0    -999.000  -999.000
0491  122.50   983.6     26.00     81.6     225   133     6.02     -4.40      4.11    12    -0.6     225     0   0   0   0      16.844   -62.725
0492  122.75  -999.0   -999.00   -999.0    -999   133     6.04     -4.44      4.09    13  -999.0    -999     0   0   0   0    -999.000  -999.000
0493  123.00   984.1     26.01     81.9     219   132     6.06     -4.48      4.08    13    -0.6     219     0   0   0   0      16.844   -62.725
0494  123.25  -999.0   -999.00   -999.0    -999   132     6.08     -4.52      4.06    12  -999.0    -999     0   0   0   0    -999.000  -999.000
0495  123.50   984.7     26.01     82.2     214   132     6.10     -4.56      4.05    13    -0.6     214     0   0   0   0      16.844   -62.725
0496  123.75  -999.0   -999.00   -999.0    -999   131     6.12     -4.60      4.04    12  -999.0    -999     0   0   0   0    -999.000  -999.000
0497  124.00   985.3     26.03     82.4     209   131     6.15     -4.64      4.03    12    -0.6     209     0   0   0   0      16.844   -62.725
0498  124.25  -999.0   -999.00   -999.0    -999   131     6.17     -4.69      4.01    12  -999.0    -999     0   0   0   0    -999.000  -999.000
0499  124.50  -999.0   -999.00   -999.0    -999  -999  -999.00   -999.00   -999.00     0  -999.0    -999     0   0   0   0    -999.000  -999.000
0500  124.75  -999.0   -999.00   -999.0    -999  -999  -999.00   -999.00   -999.00     0  -999.0    -999     0   0   0   0    -999.000  -999.000
0501  125.00   986.5     26.07     82.6     198   130     6.26     -4.83      3.99    13    -0.7     198     0   0   0   0      16.844   -62.725
0502  125.25  -999.0   -999.00   -999.0    -999   129     6.30     -4.88      3.98    12  -999.0    -999     0   0   0   0    -999.000  -999.000
0503  125.50   987.1     26.09     82.7     193   129     6.34     -4.94      3.97    12    -0.7     193     0   0   0   0      16.844   -62.725
0504  125.75  -999.0   -999.00   -999.0    -999   128     6.38     -5.00      3.97    12  -999.0    -999     0   0   0   0    -999.000  -999.000
0505  126.00   987.7     26.12     82.8     187   128     6.43     -5.06      3.97    12    -0.8     187     0   0   0   0      16.844   -62.725
0506  126.25  -999.0   -999.00   -999.0    -999   128     6.48     -5.13      3.96    12  -999.0    -999     0   0   0   0    -999.000  -999.000
0507  126.50   988.3     26.16     82.8     182   127     6.54     -5.20      3.96    12    -0.8     182     0   0   0   0      16.844   -62.725
0508  126.75  -999.0   -999.00   -999.0    -999   127     6.60     -5.28      3.96    12  -999.0    -999     0   0   0   0    -999.000  -999.000
0509  127.00   988.9     26.19     83.0     177   126     6.66     -5.36      3.96    12    -0.8     177     0   0   0   0      16.844   -62.725
0510  127.25  -999.0   -999.00   -999.0    -999   126     6.73     -5.44      3.96    11  -999.0    -999     0   0   0   0    -999.000  -999.000
0511  127.50   989.5     26.21     83.2     171   126     6.80     -5.52      3.96    11    -0.8     171     0   0   0   0      16.844   -62.725
0512  127.75  -999.0   -999.00   -999.0    -999   125     6.87     -5.61      3.97    12  -999.0    -999     0   0   0   0    -999.000  -999.000
0513  128.00   990.1     26.23     83.5     166   125     6.94     -5.69      3.97    10    -0.8     166     0   0   0   0      16.844   -62.725
0514  128.25  -999.0   -999.00   -999.0    -999   124     7.01     -5.78      3.97    10  -999.0    -999     0   0   0   0    -999.000  -999.000
0515  128.50   990.7     26.24     83.9     160   124     7.08     -5.86      3.97    11    -0.8     160     0   0   0   0      16.844   -62.725
0516  128.75  -999.0   -999.00   -999.0    -999   124     7.15     -5.94      3.97    12  -999.0    -999     0   0   0   0    -999.000  -999.000
0517  129.00   991.3     26.25     84.2     155   123     7.21     -6.02      3.97    12    -0.8     155     0   0   0   0      16.844   -62.725
0518  129.25  -999.0   -999.00   -999.0    -999   123     7.27     -6.09      3.96    13  -999.0    -999     0   0   0   0    -999.000  -999.000
0519  129.50   991.9     26.24     84.6     150   123     7.32     -6.16      3.96    13    -0.7     150     0   0   0   0      16.844   -62.725
0520  129.75  -999.0   -999.00   -999.0    -999   122     7.37     -6.22      3.95    13  -999.0    -999     0   0   0   0    -999.000  -999.000
0521  130.00   992.5     26.24     84.9     144   122     7.42     -6.28      3.94    13    -0.7     144     0   0   0   0      16.844   -62.725
0522  130.25  -999.0   -999.00   -999.0    -999   122     7.45     -6.33      3.93    13  -999.0    -999     0   0   0   0    -999.000  -999.000
0523  130.50   993.1     26.24     85.1     139   122     7.48     -6.38      3.91    13    -0.7     139     0   0   0   0      16.844   -62.725
0524  130.75  -999.0   -999.00   -999.0    -999   121     7.51     -6.42      3.89    13  -999.0    -999     0   0   0   0    -999.000  -999.000
0525  131.00   993.7     26.24     85.2     134   121     7.53     -6.46      3.87    12    -0.7     134     0   0   0   0      16.844   -62.725
0526  131.25  -999.0   -999.00   -999.0    -999   121     7.55     -6.49      3.85    12  -999.0    -999     0   0   0   0    -999.000  -999.000
0527  131.50   994.3     26.24     85.3     128   120     7.56     -6.52      3.83    13    -0.7     128     0   0   0   0      16.844   -62.725
0528  131.75  -999.0   -999.00   -999.0    -999   120     7.57     -6.55      3.80    12  -999.0    -999     0   0   0   0    -999.000  -999.000
0529  132.00   994.9     26.24     85.4     123   120     7.58     -6.57      3.77    12    -0.7     123     0   0   0   0      16.844   -62.725
0530  132.25  -999.0   -999.00   -999.0    -999   120     7.58     -6.59      3.74    12  -999.0    -999     0   0   0   0    -999.000  -999.000
0531  132.50   995.5     26.24     85.4     118   119     7.58     -6.61      3.72    12    -0.7     118     0   0   0   0      16.844   -62.725
0532  132.75  -999.0   -999.00   -999.0    -999   119     7.58     -6.63      3.68    12  -999.0    -999     0   0   0   0    -999.000  -999.000
0533  133.00   996.1     26.25     85.4     113   119     7.58     -6.64      3.65    12    -0.7     113     0   0   0   0      16.844   -62.726
0534  133.25  -999.0   -999.00   -999.0    -999   119     7.57     -6.65      3.62    12  -999.0    -999     0   0   0   0    -999.000  -999.000
0535  133.50   996.7     26.25     85.4     107   118     7.56     -6.65      3.59    12    -0.6     107     0   0   0   0      16.844   -62.726
0536  133.75  -999.0   -999.00   -999.0    -999   118     7.55     -6.66      3.55    12  -999.0    -999     0   0   0   0    -999.000  -999.000
0537  134.00   997.3     26.26     85.4     102   118     7.53     -6.66      3.52    12    -0.6     102     0   0   0   0      16.844   -62.726
0538  134.25  -999.0   -999.00   -999.0    -999   118     7.51     -6.66      3.48    12  -999.0    -999     0   0   0   0    -999.000  -999.000
0539  134.50   997.9     26.27     85.5      97   117     7.49     -6.65      3.45    12    -0.6      97     0   0   0   0      16.844   -62.726
0540  134.75  -999.0   -999.00   -999.0    -999   117     7.46     -6.64      3.41    12  -999.0    -999     0   0   0   0    -999.000  -999.000
0541  135.00   998.4     26.29     85.5      91   117     7.43     -6.62      3.37    12    -0.5      91     0   0   0   0      16.844   -62.726
0542  135.25  -999.0   -999.00   -999.0    -999   117     7.39     -6.60      3.33    12  -999.0    -999     0   0   0   0    -999.000  -999.000
0543  135.50   999.0     26.30     85.6      86   117     7.35     -6.58      3.28    12    -0.5      86     0   0   0   0      16.844   -62.726
0544  135.75  -999.0   -999.00   -999.0    -999   116     7.31     -6.56      3.24    12  -999.0    -999     0   0   0   0    -999.000  -999.000
0545  136.00   999.6     26.32     85.8      81   116     7.28     -6.54      3.20    11    -0.4      81     0   0   0   0      16.844   -62.726
0546  136.25  -999.0   -999.00   -999.0    -999   116     7.24     -6.51      3.15    11  -999.0    -999     0   0   0   0    -999.000  -999.000
0547  136.50  1000.2     26.34     86.0      76   116     7.20     -6.49      3.11    11    -0.4      76     0   0   0   0      16.844   -62.726
0548  136.75  -999.0   -999.00   -999.0    -999   115     7.16     -6.47      3.07    12  -999.0    -999     0   0   0   0    -999.000  -999.000
0549  137.00  1000.8     26.37     86.3      71   115     7.12     -6.45      3.02    12    -0.3      71     0   0   0   0      16.844   -62.726
0550  137.25  -999.0   -999.00   -999.0    -999   115     7.09     -6.43      2.98    10  -999.0    -999     0   0   0   0    -999.000  -999.000
0551  137.50  1001.3     26.40     86.6      66   115     7.05     -6.41      2.93     9    -0.3      66     0   0   0   0      16.844   -62.726
0552  137.75  -999.0   -999.00   -999.0    -999   114     7.02     -6.39      2.89    10  -999.0    -999     0   0   0   0    -999.000  -999.000
0553  138.00  1001.9     26.43     87.0      61   114     6.98     -6.38      2.84    10    -0.3      61     0   0   0   0      16.844   -62.726
0554  138.25  -999.0   -999.00   -999.0    -999   114     6.94     -6.36      2.79    11  -999.0    -999     0   0   0   0    -999.000  -999.000
0555  138.50  1002.5     26.46     87.3      56   113     6.90     -6.34      2.73    11    -0.2      56     0   0   0   0      16.844   -62.726
0556  138.75  -999.0   -999.00   -999.0    -999   113     6.86     -6.32      2.67    10  -999.0    -999     0   0   0   0    -999.000  -999.000
0557  139.00  1003.0     26.50     87.7      51   112     6.82     -6.30      2.61    10    -0.2      51     0   0   0   0      16.844   -62.726
0558  139.25  -999.0   -999.00   -999.0    -999   112     6.78     -6.29      2.54    10  -999.0    -999     0   0   0   0    -999.000  -999.000
0559  139.50  1003.6     26.55     88.0      46   112     6.74     -6.27      2.47    10    -0.2      46     0   0   0   0      16.844   -62.726
0560  139.75  -999.0   -999.00   -999.0    -999   111     6.70     -6.25      2.40     9  -999.0    -999     0   0   0   0    -999.000  -999.000
0561  140.00  1004.2     26.59     88.3      41   110     6.66     -6.24      2.31    10    -0.2      41     0   0   0   0      16.844   -62.726
0562  140.25  -999.0   -999.00   -999.0    -999   110     6.62     -6.24      2.21    11  -999.0    -999     0   0   0   0    -999.000  -999.000
0563  140.50  1004.8     26.64     88.5      35   109     6.59     -6.24      2.11    11    -0.2      35     0   0   0   0      16.844   -62.726
0564  140.75  -999.0   -999.00   -999.0    -999   108     6.57     -6.25      2.02    10  -999.0    -999     0   0   0   0    -999.000  -999.000
0565  141.00  1005.4     26.70     88.6      30   107     6.54     -6.24      1.96    12    -0.2      30     0   0   0   0      16.844   -62.726
0566  141.25  -999.0   -999.00   -999.0    -999   107     6.50     -6.21      1.94    13  -999.0    -999     0   0   0   0    -999.000  -999.000
0567  141.50  1005.9     26.75     88.7      25   108     6.46     -6.16      1.95    13    -0.1      25     0   0   0   0      16.844   -62.726
0568  141.75  -999.0   -999.00   -999.0    -999   108     6.39     -6.08      1.98    13  -999.0    -999     0   0   0   0    -999.000  -999.000
0569  142.00  1006.5     26.81     88.8      20   109     6.31     -5.98      2.00    13    -0.1      20     0   0   0   0      16.844   -62.726
0570  142.25  -999.0   -999.00   -999.0    -999   109     6.21     -5.88      2.01    12  -999.0    -999     0   0   0   0    -999.000  -999.000
0571  142.50  1007.0     26.88     88.9      15   109     6.10     -5.77      1.99    13    -0.1      15     0   0   0   0      16.844   -62.726
0572  142.75  -999.0   -999.00   -999.0    -999   109     6.00     -5.67      1.95    12  -999.0    -999     0   0   0   0    -999.000  -999.000
0573  143.00  1007.6     26.95     89.0      10   109     5.91     -5.60      1.89    13    -0.1      10     0   0   0   0      16.844   -62.726
0574  143.25  -999.0   -999.00   -999.0    -999   108     5.83     -5.54      1.83    13  -999.0    -999     0   0   0   0    -999.000  -999.000
0575  143.50  1008.2     27.02     89.0       5   108     5.76     -5.48      1.77    13    -0.1       5     0   0   0   0      16.844   -62.726
0576  144.04  1008.8     27.02     89.0       0  -999  -999.00   -999.00   -999.00  -999  -999.0       0     0   0   0   0    -999.000  -999.000
