 ===========================================================================
 DROPWINDSONDE PROCESSING RECORD                            Sonde: 154225074
 FRD file written by Aspen V3.3-236, 11 Oct 2016 17:39 UTC
 Aircraft: AFRC C-130J, ---                  Date: 161011   Time: 173219 UTC
 ---------------------------------------------------------------------------
 Bias corrections:  PR =   0.0 mb  TE =   0.0 C  RH =   0.0 %  PRB =  0.0 mb
 Filters (LPF):     PTH = 
 Dyn RH correction = 
 Estimated PR used = 
 Dyn T correction  = 
 ---------------------------------------------------------------------------
 COMMENT: none, Good Drop; TDDryBiasCorrApplied
 ===========================================================================

 ===========================================================================
 Date: 161011   Lat:  27.23 N   TA:   19.5 C   PS:  842.8 mb   WD:   193 deg
 Time: 173219   Lon:  66.22 W   TD:    8.1 C   GA:   1353 m    WS:   1.2 m/s
 SID:  154225074                RH:   47.3 %   Navaid:   GP
 ===========================================================================

IX      t (s)  P (mb)    T (C)    RH (%)  Z (m)   WD    WS (m/s)   U (m/s)   V (m/s)  NS  WZ (m/s)  ZW (m)   FP  FT  FH  FW    LAT (N)   LON (E)
0001     0.0  -999.0   -999.00   -999.0    -999  -999  -999.00   -999.00   -999.00     6  -999.0    -999     0   0   0   0      27.228   -66.224
0002     0.3  -999.0   -999.00   -999.0    -999  -999  -999.00   -999.00   -999.00     7  -999.0    -999     0   0   0   0    -999.000  -999.000
0003     0.5  -999.0   -999.00   -999.0    -999  -999  -999.00   -999.00   -999.00     7  -999.0    -999     0   0   0   0      27.228   -66.224
0004     0.8  -999.0   -999.00   -999.0    -999  -999  -999.00   -999.00   -999.00     6  -999.0    -999     0   0   0   0    -999.000  -999.000
0005     1.0  -999.0   -999.00   -999.0    -999  -999  -999.00   -999.00   -999.00     7  -999.0    -999     0   0   0   0      27.228   -66.224
0006     1.3  -999.0   -999.00   -999.0    -999  -999  -999.00   -999.00   -999.00     8  -999.0    -999     0   0   0   0    -999.000  -999.000
0007     1.5  -999.0   -999.00   -999.0    -999  -999  -999.00   -999.00   -999.00     9  -999.0    -999     0   0   0   0      27.228   -66.224
0008     1.8  -999.0   -999.00   -999.0    -999  -999  -999.00   -999.00   -999.00    10  -999.0    -999     0   0   0   0    -999.000  -999.000
0009     2.0  -999.0   -999.00   -999.0    -999  -999  -999.00   -999.00   -999.00    10  -999.0    -999     0   0   0   0      27.228   -66.224
0010     2.3  -999.0   -999.00   -999.0    -999  -999  -999.00   -999.00   -999.00    10  -999.0    -999     0   0   0   0    -999.000  -999.000
0011     2.5  -999.0   -999.00   -999.0    -999  -999  -999.00   -999.00   -999.00    10  -999.0    -999     0   0   0   0      27.228   -66.224
0012     2.8  -999.0   -999.00   -999.0    -999  -999  -999.00   -999.00   -999.00    10  -999.0    -999     0   0   0   0    -999.000  -999.000
0013     3.0  -999.0   -999.00   -999.0    -999  -999  -999.00   -999.00   -999.00    10  -999.0    -999     0   0   0   0      27.228   -66.224
0014     3.3  -999.0   -999.00   -999.0    -999  -999  -999.00   -999.00   -999.00    10  -999.0    -999     0   0   0   0    -999.000  -999.000
0015     3.5  -999.0   -999.00   -999.0    -999  -999  -999.00   -999.00   -999.00    10  -999.0    -999     0   0   0   0      27.228   -66.224
0016     3.8  -999.0   -999.00   -999.0    -999  -999  -999.00   -999.00   -999.00    10  -999.0    -999     0   0   0   0    -999.000  -999.000
0017     4.0  -999.0   -999.00   -999.0    -999  -999  -999.00   -999.00   -999.00    10  -999.0    -999     0   0   0   0      27.228   -66.224
0018     4.3  -999.0   -999.00   -999.0    -999  -999  -999.00   -999.00   -999.00    10  -999.0    -999     0   0   0   0    -999.000  -999.000
0019     4.5  -999.0   -999.00   -999.0    -999  -999  -999.00   -999.00   -999.00    10  -999.0    -999     0   0   0   0      27.228   -66.224
0020     4.8  -999.0   -999.00   -999.0    -999  -999  -999.00   -999.00   -999.00    10  -999.0    -999     0   0   0   0    -999.000  -999.000
0021     5.0  -999.0   -999.00   -999.0    -999  -999  -999.00   -999.00   -999.00    10  -999.0    -999     0   0   0   0      27.228   -66.224
0022     5.3  -999.0   -999.00   -999.0    -999  -999  -999.00   -999.00   -999.00    10  -999.0    -999     0   0   0   0    -999.000  -999.000
0023     5.5  -999.0   -999.00   -999.0    -999  -999  -999.00   -999.00   -999.00    10  -999.0    -999     0   0   0   0      27.228   -66.224
0024     5.8  -999.0   -999.00   -999.0    -999  -999  -999.00   -999.00   -999.00    10  -999.0    -999     0   0   0   0    -999.000  -999.000
0025     6.0  -999.0   -999.00   -999.0    -999  -999  -999.00   -999.00   -999.00    10  -999.0    -999     0   0   0   0      27.228   -66.224
0026     6.3  -999.0   -999.00   -999.0    -999  -999  -999.00   -999.00   -999.00    10  -999.0    -999     0   0   0   0    -999.000  -999.000
0027     6.5  -999.0   -999.00   -999.0    -999  -999  -999.00   -999.00   -999.00    10  -999.0    -999     0   0   0   0      27.228   -66.224
0028     6.8  -999.0   -999.00   -999.0    -999  -999  -999.00   -999.00   -999.00    10  -999.0    -999     0   0   0   0    -999.000  -999.000
0029     7.0  -999.0   -999.00   -999.0    -999  -999  -999.00   -999.00   -999.00    10  -999.0    -999     0   0   0   0      27.228   -66.224
0030     7.3  -999.0   -999.00   -999.0    -999  -999  -999.00   -999.00   -999.00    10  -999.0    -999     0   0   0   0    -999.000  -999.000
0031     7.5  -999.0   -999.00   -999.0    -999  -999  -999.00   -999.00   -999.00    10  -999.0    -999     0   0   0   0      27.228   -66.224
0032     7.8  -999.0   -999.00   -999.0    -999  -999  -999.00   -999.00   -999.00    10  -999.0    -999     0   0   0   0    -999.000  -999.000
0033     8.0  -999.0   -999.00   -999.0    -999  -999  -999.00   -999.00   -999.00    10  -999.0    -999     0   0   0   0      27.228   -66.224
0034     8.3  -999.0   -999.00   -999.0    -999  -999  -999.00   -999.00   -999.00    10  -999.0    -999     0   0   0   0    -999.000  -999.000
0035     8.5  -999.0   -999.00   -999.0    -999  -999  -999.00   -999.00   -999.00    10  -999.0    -999     0   0   0   0      27.228   -66.224
0036     8.8  -999.0   -999.00   -999.0    -999  -999  -999.00   -999.00   -999.00    10  -999.0    -999     0   0   0   0    -999.000  -999.000
0037     9.0  -999.0   -999.00   -999.0    -999  -999  -999.00   -999.00   -999.00    10  -999.0    -999     0   0   0   0      27.228   -66.224
0038     9.3  -999.0   -999.00   -999.0    -999  -999  -999.00   -999.00   -999.00    10  -999.0    -999     0   0   0   0    -999.000  -999.000
0039     9.5  -999.0   -999.00   -999.0    -999  -999  -999.00   -999.00   -999.00    10  -999.0    -999     0   0   0   0      27.228   -66.224
0040     9.8  -999.0   -999.00   -999.0    -999  -999  -999.00   -999.00   -999.00    10  -999.0    -999     0   0   0   0    -999.000  -999.000
0041    10.0  -999.0   -999.00   -999.0    -999   163     1.68     -0.49      1.60    10  -999.0    -999     0   0   0   0      27.228   -66.224
0042    10.3  -999.0   -999.00   -999.0    -999   163     1.66     -0.50      1.58    10  -999.0    -999     0   0   0   0    -999.000  -999.000
0043    10.5  -999.0   -999.00     89.9    -999   162     1.64     -0.50      1.57    10  -999.0    -999     0   0   0   0      27.228   -66.224
0044    10.8  -999.0   -999.00   -999.0    -999   162     1.63     -0.50      1.55    10  -999.0    -999     0   0   0   0    -999.000  -999.000
0045    11.0   854.5     21.31     90.5    1222   161     1.54     -0.49      1.46    11     0.5    1222     0   0   0   0      27.228   -66.224
0046    11.3  -999.0   -999.00   -999.0    -999   161     1.52     -0.49      1.44    11  -999.0    -999     0   0   0   0    -999.000  -999.000
0047    11.5   855.0     21.32     90.9    1217   161     1.49     -0.48      1.41    11     0.5    1217     0   0   0   0      27.228   -66.224
0048    11.8  -999.0   -999.00   -999.0    -999   161     1.47     -0.47      1.39    11  -999.0    -999     0   0   0   0    -999.000  -999.000
0049    12.0   855.5     21.32     91.2    1212   161     1.44     -0.47      1.36    11     0.4    1212     0   0   0   0      27.228   -66.224
0050    12.3  -999.0   -999.00   -999.0    -999   161     1.42     -0.46      1.34    11  -999.0    -999     0   0   0   0    -999.000  -999.000
0051    12.5   856.0     21.32     91.4    1207   162     1.40     -0.44      1.32    11     0.4    1207     0   0   0   0      27.228   -66.224
0052    12.8  -999.0   -999.00   -999.0    -999   162     1.38     -0.43      1.31    11  -999.0    -999     0   0   0   0    -999.000  -999.000
0053    13.0   856.5     21.32     91.5    1202   162     1.36     -0.41      1.30    11     0.4    1202     0   0   0   0      27.228   -66.224
0054    13.3  -999.0   -999.00   -999.0    -999   163     1.34     -0.39      1.29    11  -999.0    -999     0   0   0   0    -999.000  -999.000
0055    13.5   857.0     21.32     91.5    1197   164     1.33     -0.37      1.28    11     0.4    1197     0   0   0   0      27.228   -66.224
0056    13.8  -999.0   -999.00   -999.0    -999   165     1.32     -0.35      1.28    11  -999.0    -999     0   0   0   0    -999.000  -999.000
0057    14.0   857.5     21.32     91.6    1192   165     1.32     -0.33      1.28    11     0.4    1192     0   0   0   0      27.228   -66.224
0058    14.3  -999.0   -999.00   -999.0    -999   166     1.32     -0.31      1.28    11  -999.0    -999     0   0   0   0    -999.000  -999.000
0059    14.5   858.0     21.32     91.5    1186   167     1.32     -0.30      1.28    11     0.3    1186     0   0   0   0      27.228   -66.224
0060    14.8  -999.0   -999.00   -999.0    -999   168     1.31     -0.28      1.28    11  -999.0    -999     0   0   0   0    -999.000  -999.000
0061    15.0   858.5     21.32     91.5    1181   168     1.32     -0.27      1.29    11     0.3    1181     0   0   0   0      27.228   -66.224
0062    15.3  -999.0   -999.00   -999.0    -999   169     1.32     -0.26      1.29    11  -999.0    -999     0   0   0   0    -999.000  -999.000
0063    15.5   859.0     21.32     91.5    1176   169     1.32     -0.25      1.29    11     0.3    1176     0   0   0   0      27.228   -66.224
0064    15.8  -999.0   -999.00   -999.0    -999   169     1.32     -0.25      1.29    11  -999.0    -999     0   0   0   0    -999.000  -999.000
0065    16.0   859.5     21.33     91.5    1171   169     1.32     -0.24      1.29    11     0.3    1171     0   0   0   0      27.228   -66.224
0066    16.3  -999.0   -999.00   -999.0    -999   169     1.31     -0.25      1.29    11  -999.0    -999     0   0   0   0    -999.000  -999.000
0067    16.5   860.1     21.34     91.5    1166   169     1.31     -0.25      1.28    11     0.2    1166     0   0   0   0      27.228   -66.224
0068    16.8  -999.0   -999.00   -999.0    -999   168     1.30     -0.26      1.27    11  -999.0    -999     0   0   0   0    -999.000  -999.000
0069    17.0   860.6     21.36     91.6    1161   168     1.28     -0.27      1.26    11     0.2    1161     0   0   0   0      27.228   -66.224
0070    17.3  -999.0   -999.00   -999.0    -999   167     1.27     -0.29      1.24    11  -999.0    -999     0   0   0   0    -999.000  -999.000
0071    17.5   861.1     21.38     91.6    1156   166     1.25     -0.31      1.21    11     0.1    1156     0   0   0   0      27.228   -66.224
0072    17.8  -999.0   -999.00   -999.0    -999   165     1.23     -0.33      1.18    11  -999.0    -999     0   0   0   0    -999.000  -999.000
0073    18.0   861.6     21.39     91.7    1150   163     1.20     -0.35      1.15    11     0.1    1150     0   0   0   0      27.228   -66.224
0074    18.3  -999.0   -999.00   -999.0    -999   162     1.18     -0.37      1.12    11  -999.0    -999     0   0   0   0    -999.000  -999.000
0075    18.5   862.1     21.42     91.7    1145   160     1.15     -0.39      1.08    11     0.1    1145     0   0   0   0      27.228   -66.224
0076    18.8  -999.0   -999.00   -999.0    -999   158     1.13     -0.42      1.05    11  -999.0    -999     0   0   0   0    -999.000  -999.000
0077    19.0   862.6     21.44     91.8    1140   157     1.10     -0.44      1.01    12     0.0    1140     0   0   0   0      27.228   -66.224
0078    19.3  -999.0   -999.00   -999.0    -999   155     1.08     -0.46      0.98    12  -999.0    -999     0   0   0   0    -999.000  -999.000
0079    19.5   863.2     21.46     91.8    1135   153     1.06     -0.48      0.94    12    -0.0    1135     0   0   0   0      27.228   -66.224
0080    19.8  -999.0   -999.00   -999.0    -999   152     1.03     -0.49      0.91    12  -999.0    -999     0   0   0   0    -999.000  -999.000
0081    20.0   863.7     21.49     91.9    1129   150     1.01     -0.50      0.88    12    -0.0    1129     0   0   0   0      27.228   -66.224
0082    20.3  -999.0   -999.00   -999.0    -999   149     1.00     -0.51      0.85    12  -999.0    -999     0   0   0   0    -999.000  -999.000
0083    20.5   864.2     21.51     91.9    1124   148     0.98     -0.52      0.83    12    -0.0    1124     0   0   0   0      27.228   -66.224
0084    20.8  -999.0   -999.00   -999.0    -999   147     0.96     -0.53      0.81    12  -999.0    -999     0   0   0   0    -999.000  -999.000
0085    21.0   864.8     21.53     91.9    1119   146     0.95     -0.53      0.79    12    -0.0    1119     0   0   0   0      27.228   -66.224
0086    21.3  -999.0   -999.00   -999.0    -999   145     0.94     -0.53      0.77    12  -999.0    -999     0   0   0   0    -999.000  -999.000
0087    21.5   865.3     21.55     92.0    1113   144     0.92     -0.54      0.75    12    -0.0    1113     0   0   0   0      27.228   -66.224
0088    21.8  -999.0   -999.00   -999.0    -999   144     0.91     -0.54      0.74    12  -999.0    -999     0   0   0   0    -999.000  -999.000
0089    22.0   865.8     21.57     92.0    1108   143     0.90     -0.54      0.72    12    -0.0    1108     0   0   0   0      27.228   -66.224
0090    22.3  -999.0   -999.00   -999.0    -999   143     0.90     -0.54      0.71    12  -999.0    -999     0   0   0   0    -999.000  -999.000
0091    22.5   866.3     21.59     92.1    1103   142     0.89     -0.54      0.70    12     0.0    1103     0   0   0   0      27.228   -66.224
0092    22.8  -999.0   -999.00   -999.0    -999   142     0.88     -0.54      0.70    12  -999.0    -999     0   0   0   0    -999.000  -999.000
0093    23.0   866.9     21.60     92.2    1097   142     0.88     -0.55      0.69    12     0.0    1097     0   0   0   0      27.228   -66.224
0094    23.3  -999.0   -999.00   -999.0    -999   141     0.88     -0.55      0.68    12  -999.0    -999     0   0   0   0    -999.000  -999.000
0095    23.5   867.4     21.61     92.4    1092   140     0.87     -0.56      0.67    12     0.1    1092     0   0   0   0      27.228   -66.224
0096    23.8  -999.0   -999.00   -999.0    -999   140     0.87     -0.56      0.67    12  -999.0    -999     0   0   0   0    -999.000  -999.000
0097    24.0   867.9     21.62     92.5    1087   139     0.88     -0.57      0.66    12     0.1    1087     0   0   0   0      27.228   -66.224
0098    24.3  -999.0   -999.00   -999.0    -999   139     0.88     -0.58      0.66    12  -999.0    -999     0   0   0   0    -999.000  -999.000
0099    24.5   868.4     21.63     92.7    1082   138     0.89     -0.59      0.66    12     0.1    1082     0   0   0   0      27.228   -66.224
0100    24.8  -999.0   -999.00   -999.0    -999   138     0.90     -0.61      0.66    12  -999.0    -999     0   0   0   0    -999.000  -999.000
0101    25.0   868.9     21.64     92.8    1076   137     0.91     -0.62      0.67    12     0.1    1076     0   0   0   0      27.228   -66.224
0102    25.3  -999.0   -999.00   -999.0    -999   137     0.93     -0.64      0.67    12  -999.0    -999     0   0   0   0    -999.000  -999.000
0103    25.5   869.5     21.64     93.0    1071   136     0.94     -0.65      0.68    12     0.0    1071     0   0   0   0      27.228   -66.224
0104    25.8  -999.0   -999.00   -999.0    -999  -999  -999.00   -999.00   -999.00    12  -999.0    -999     0   0   0   0    -999.000  -999.000
0105    26.0   870.0     21.65     93.1    1066   136     0.99     -0.69      0.71    12     0.0    1066     0   0   0   0      27.228   -66.224
0106    26.3  -999.0   -999.00   -999.0    -999   136     1.01     -0.71      0.72    12  -999.0    -999     0   0   0   0    -999.000  -999.000
0107    26.5   870.5     21.66     93.2    1061   135     1.03     -0.72      0.74    12    -0.0    1061     0   0   0   0      27.228   -66.224
0108    26.8  -999.0   -999.00   -999.0    -999   135     1.06     -0.74      0.75    12  -999.0    -999     0   0   0   0    -999.000  -999.000
0109    27.0   871.0     21.67     93.3    1055   135     1.09     -0.77      0.77    12    -0.1    1055     0   0   0   0      27.228   -66.224
0110    27.3  -999.0   -999.00   -999.0    -999   135     1.11     -0.79      0.79    12  -999.0    -999     0   0   0   0    -999.000  -999.000
0111    27.5   871.6     21.68     93.4    1050   135     1.14     -0.81      0.80    12    -0.1    1050     0   0   0   0      27.228   -66.224
0112    27.8  -999.0   -999.00   -999.0    -999   135     1.17     -0.83      0.82    12  -999.0    -999     0   0   0   0    -999.000  -999.000
0113    28.0   872.1     21.69     93.4    1045   134     1.19     -0.85      0.83    12    -0.1    1045     0   0   0   0      27.228   -66.224
0114    28.3  -999.0   -999.00   -999.0    -999   134     1.21     -0.87      0.84    12  -999.0    -999     0   0   0   0    -999.000  -999.000
0115    28.5   872.6     21.71     93.5    1039   134     1.24     -0.89      0.86    12    -0.2    1039     0   0   0   0      27.228   -66.224
0116    28.8  -999.0   -999.00   -999.0    -999   134     1.26     -0.91      0.87    12  -999.0    -999     0   0   0   0    -999.000  -999.000
0117    29.0   873.2     21.73     93.5    1034   133     1.28     -0.93      0.88    12    -0.2    1034     0   0   0   0      27.228   -66.224
0118    29.3  -999.0   -999.00   -999.0    -999   133     1.30     -0.95      0.89    12  -999.0    -999     0   0   0   0    -999.000  -999.000
0119    29.5   873.7     21.75     93.4    1029   133     1.31     -0.96      0.89    12    -0.2    1029     0   0   0   0      27.228   -66.224
0120    29.8  -999.0   -999.00   -999.0    -999   133     1.33     -0.98      0.90    12  -999.0    -999     0   0   0   0    -999.000  -999.000
0121    30.0   874.2     21.77     93.4    1023   132     1.34     -0.99      0.90    12    -0.3    1023     0   0   0   0      27.228   -66.224
0122    30.3  -999.0   -999.00   -999.0    -999   132     1.35     -1.00      0.90    12  -999.0    -999     0   0   0   0    -999.000  -999.000
0123    30.5   874.8     21.80     93.4    1018   131     1.36     -1.02      0.90    12    -0.3    1018     0   0   0   0      27.228   -66.224
0124    30.8  -999.0   -999.00   -999.0    -999   131     1.37     -1.03      0.90    12  -999.0    -999     0   0   0   0    -999.000  -999.000
0125    31.0   875.3     21.82     93.3    1012   131     1.37     -1.04      0.89    12    -0.3    1012     0   0   0   0      27.228   -66.224
0126    31.3  -999.0   -999.00   -999.0    -999   130     1.38     -1.06      0.89    12  -999.0    -999     0   0   0   0    -999.000  -999.000
0127    31.5   875.9     21.85     93.3    1007   130     1.39     -1.07      0.89    12    -0.2    1007     0   0   0   0      27.228   -66.224
0128    31.8  -999.0   -999.00   -999.0    -999   129     1.40     -1.09      0.88    12  -999.0    -999     0   0   0   0    -999.000  -999.000
0129    32.0   876.4     21.88     93.3    1002   128     1.41     -1.11      0.88    12    -0.2    1002     0   0   0   0      27.228   -66.224
0130    32.3  -999.0   -999.00   -999.0    -999   128     1.42     -1.12      0.87    12  -999.0    -999     0   0   0   0    -999.000  -999.000
0131    32.5   876.9     21.90     93.3     996   127     1.44     -1.14      0.87    12    -0.2     996     0   0   0   0      27.228   -66.224
0132    32.8  -999.0   -999.00   -999.0    -999   127     1.45     -1.16      0.87    12  -999.0    -999     0   0   0   0    -999.000  -999.000
0133    33.0   877.5     21.93     93.3     991   127     1.46     -1.17      0.87    12    -0.2     991     0   0   0   0      27.228   -66.224
0134    33.3  -999.0   -999.00   -999.0    -999   126     1.48     -1.19      0.88    12  -999.0    -999     0   0   0   0    -999.000  -999.000
0135    33.5   878.0     21.95     93.3     986   126     1.49     -1.21      0.88    12    -0.1     986     0   0   0   0      27.228   -66.224
0136    33.8  -999.0   -999.00   -999.0    -999   126     1.51     -1.22      0.89    12  -999.0    -999     0   0   0   0    -999.000  -999.000
0137    34.0   878.6     21.97     93.4     980   126     1.53     -1.23      0.90    12    -0.1     980     0   0   0   0      27.228   -66.224
0138    34.3  -999.0   -999.00   -999.0    -999   127     1.55     -1.24      0.92    12  -999.0    -999     0   0   0   0    -999.000  -999.000
0139    34.5   879.1     21.99     93.4     975   127     1.57     -1.25      0.94    12    -0.1     975     0   0   0   0      27.228   -66.224
0140    34.8  -999.0   -999.00   -999.0    -999   128     1.59     -1.26      0.97    12  -999.0    -999     0   0   0   0    -999.000  -999.000
0141    35.0   879.6     22.01     93.5     970   128     1.61     -1.26      1.00    12    -0.0     970     0   0   0   0      27.228   -66.224
0142    35.3  -999.0   -999.00   -999.0    -999   129     1.63     -1.27      1.03    12  -999.0    -999     0   0   0   0    -999.000  -999.000
0143    35.5   880.1     22.02     93.5     965   130     1.65     -1.26      1.07    12    -0.0     965     0   0   0   0      27.228   -66.224
0144    35.8  -999.0   -999.00   -999.0    -999   131     1.67     -1.26      1.11    12  -999.0    -999     0   0   0   0    -999.000  -999.000
0145    36.0   880.7     22.03     93.5     959   132     1.70     -1.25      1.14    12    -0.0     959     0   0   0   0      27.228   -66.224
0146    36.3  -999.0   -999.00   -999.0    -999   134     1.72     -1.24      1.18    12  -999.0    -999     0   0   0   0    -999.000  -999.000
0147    36.5   881.2     22.04     93.5     954   135     1.73     -1.23      1.22    12     0.0     954     0   0   0   0      27.228   -66.224
0148    36.8  -999.0   -999.00   -999.0    -999   136     1.75     -1.21      1.26    12  -999.0    -999     0   0   0   0    -999.000  -999.000
0149    37.0   881.7     22.05     93.5     949   137     1.77     -1.19      1.30    12     0.0     949     0   0   0   0      27.228   -66.224
0150    37.3  -999.0   -999.00   -999.0    -999   139     1.78     -1.17      1.34    12  -999.0    -999     0   0   0   0    -999.000  -999.000
0151    37.5   882.3     22.06     93.5     944   140     1.79     -1.15      1.37    12     0.0     944     0   0   0   0      27.228   -66.224
0152    37.8  -999.0   -999.00   -999.0    -999   141     1.80     -1.13      1.40    12  -999.0    -999     0   0   0   0    -999.000  -999.000
0153    38.0   882.8     22.07     93.5     938   142     1.80     -1.10      1.43    12    -0.0     938     0   0   0   0      27.228   -66.224
0154    38.3  -999.0   -999.00   -999.0    -999   143     1.81     -1.08      1.45    12  -999.0    -999     0   0   0   0    -999.000  -999.000
0155    38.5   883.3     22.07     93.6     933   145     1.81     -1.05      1.48    12    -0.0     933     0   0   0   0      27.228   -66.224
0156    38.8  -999.0   -999.00   -999.0    -999   146     1.82     -1.03      1.50    12  -999.0    -999     0   0   0   0    -999.000  -999.000
0157    39.0   883.8     22.08     93.6     928   146     1.82     -1.01      1.52    12    -0.0     928     0   0   0   0      27.228   -66.224
0158    39.3  -999.0   -999.00   -999.0    -999   147     1.83     -0.99      1.54    12  -999.0    -999     0   0   0   0    -999.000  -999.000
0159    39.5   884.4     22.09     93.7     923   148     1.83     -0.97      1.55    12    -0.0     923     0   0   0   0      27.228   -66.224
0160    39.8  -999.0   -999.00   -999.0    -999   149     1.84     -0.96      1.57    12  -999.0    -999     0   0   0   0    -999.000  -999.000
0161    40.0   884.9     22.11     93.8     917   149     1.85     -0.95      1.58    12    -0.1     917     0   0   0   0      27.228   -66.224
0162    40.3  -999.0   -999.00   -999.0    -999   149     1.85     -0.95      1.59    12  -999.0    -999     0   0   0   0    -999.000  -999.000
0163    40.5   885.4     22.12     93.8     912   149     1.86     -0.95      1.61    12    -0.1     912     0   0   0   0      27.228   -66.224
0164    40.8  -999.0   -999.00   -999.0    -999   149     1.87     -0.95      1.61    12  -999.0    -999     0   0   0   0    -999.000  -999.000
0165    41.0   886.0     22.14     93.9     907   149     1.88     -0.96      1.62    12    -0.1     907     0   0   0   0      27.228   -66.224
0166    41.3  -999.0   -999.00   -999.0    -999   149     1.90     -0.97      1.63    12  -999.0    -999     0   0   0   0    -999.000  -999.000
0167    41.5   886.5     22.16     93.9     902   149     1.91     -0.98      1.64    12    -0.1     902     0   0   0   0      27.228   -66.224
0168    41.8  -999.0   -999.00   -999.0    -999   149     1.92     -0.99      1.64    12  -999.0    -999     0   0   0   0    -999.000  -999.000
0169    42.0   887.0     22.18     93.9     896   149     1.93     -1.00      1.64    12    -0.1     896     0   0   0   0      27.228   -66.224
0170    42.3  -999.0   -999.00   -999.0    -999   148     1.93     -1.01      1.65    12  -999.0    -999     0   0   0   0    -999.000  -999.000
0171    42.5   887.6     22.21     93.8     891   148     1.94     -1.02      1.65    12    -0.1     891     0   0   0   0      27.228   -66.224
0172    42.8  -999.0   -999.00   -999.0    -999   148     1.94     -1.03      1.65    12  -999.0    -999     0   0   0   0    -999.000  -999.000
0173    43.0   888.1     22.24     93.7     886   148     1.94     -1.03      1.64    12    -0.1     886     0   0   0   0      27.228   -66.224
0174    43.3  -999.0   -999.00   -999.0    -999   148     1.94     -1.03      1.64    12  -999.0    -999     0   0   0   0    -999.000  -999.000
0175    43.5   888.7     22.27     93.6     881   148     1.93     -1.03      1.63    12    -0.0     881     0   0   0   0      27.228   -66.224
0176    43.8  -999.0   -999.00   -999.0    -999   148     1.92     -1.02      1.63    12  -999.0    -999     0   0   0   0    -999.000  -999.000
0177    44.0   889.2     22.30     93.4     875   148     1.92     -1.01      1.62    12    -0.0     875     0   0   0   0      27.228   -66.224
0178    44.3  -999.0   -999.00   -999.0    -999   148     1.90     -1.00      1.62    12  -999.0    -999     0   0   0   0    -999.000  -999.000
0179    44.5   889.7     22.34     93.2     870   149     1.89     -0.99      1.61    12     0.0     870     0   0   0   0      27.228   -66.224
0180    44.8  -999.0   -999.00   -999.0    -999   149     1.88     -0.97      1.61    12  -999.0    -999     0   0   0   0    -999.000  -999.000
0181    45.0   890.2     22.37     92.9     865   149     1.87     -0.95      1.60    12     0.1     865     0   0   0   0      27.228   -66.224
0182    45.3  -999.0   -999.00   -999.0    -999   150     1.85     -0.93      1.60    12  -999.0    -999     0   0   0   0    -999.000  -999.000
0183    45.5   890.8     22.41     92.6     860   150     1.83     -0.91      1.59    12     0.1     860     0   0   0   0      27.228   -66.224
0184    45.8  -999.0   -999.00   -999.0    -999  -999  -999.00   -999.00   -999.00    12  -999.0    -999     0   0   0   0    -999.000  -999.000
0185    46.0   891.3     22.45     92.3     855   152     1.78     -0.84      1.57    12     0.1     855     0   0   0   0      27.228   -66.224
0186    46.3  -999.0   -999.00   -999.0    -999   153     1.75     -0.81      1.56    12  -999.0    -999     0   0   0   0    -999.000  -999.000
0187    46.5   891.8     22.48     91.9     849   154     1.72     -0.77      1.54    12     0.2     849     0   0   0   0      27.228   -66.224
0188    46.8  -999.0   -999.00   -999.0    -999   155     1.69     -0.73      1.53    12  -999.0    -999     0   0   0   0    -999.000  -999.000
0189    47.0   892.3     22.52     91.6     844   156     1.66     -0.68      1.51    12     0.2     844     0   0   0   0      27.228   -66.224
0190    47.3  -999.0   -999.00   -999.0    -999   157     1.63     -0.64      1.50    12  -999.0    -999     0   0   0   0    -999.000  -999.000
0191    47.5   892.9     22.56     91.3     839   158     1.59     -0.59      1.48    12     0.2     839     0   0   0   0      27.228   -66.224
0192    47.8  -999.0   -999.00   -999.0    -999   160     1.56     -0.54      1.46    12  -999.0    -999     0   0   0   0    -999.000  -999.000
0193    48.0   893.4     22.59     91.1     834   161     1.52     -0.50      1.44    12     0.2     834     0   0   0   0      27.228   -66.224
0194    48.3  -999.0   -999.00   -999.0    -999   162     1.48     -0.45      1.41    12  -999.0    -999     0   0   0   0    -999.000  -999.000
0195    48.5   893.9     22.62     90.9     829   163     1.45     -0.41      1.39    12     0.2     829     0   0   0   0      27.228   -66.224
0196    48.8  -999.0   -999.00   -999.0    -999   165     1.41     -0.37      1.36    12  -999.0    -999     0   0   0   0    -999.000  -999.000
0197    49.0   894.4     22.65     90.8     824   166     1.37     -0.34      1.33    12     0.2     824     0   0   0   0      27.228   -66.224
0198    49.3  -999.0   -999.00   -999.0    -999   167     1.34     -0.30      1.30    12  -999.0    -999     0   0   0   0    -999.000  -999.000
0199    49.5   894.9     22.68     90.7     819   168     1.30     -0.28      1.27    12     0.2     819     0   0   0   0      27.228   -66.224
0200    49.8  -999.0   -999.00   -999.0    -999   168     1.27     -0.25      1.24    12  -999.0    -999     0   0   0   0    -999.000  -999.000
0201    50.0   895.5     22.71     90.6     814   169     1.23     -0.23      1.21    12     0.2     814     0   0   0   0      27.228   -66.224
0202    50.3  -999.0   -999.00   -999.0    -999   170     1.19     -0.22      1.17    12  -999.0    -999     0   0   0   0    -999.000  -999.000
0203    50.5   896.0     22.73     90.6     809   170     1.16     -0.21      1.14    12     0.2     809     0   0   0   0      27.228   -66.224
0204    50.8  -999.0   -999.00   -999.0    -999   170     1.13     -0.20      1.11    12  -999.0    -999     0   0   0   0    -999.000  -999.000
0205    51.0   896.5     22.75     90.6     803   170     1.09     -0.19      1.08    12     0.1     803     0   0   0   0      27.228   -66.224
0206    51.3  -999.0   -999.00   -999.0    -999   169     1.06     -0.19      1.04    12  -999.0    -999     0   0   0   0    -999.000  -999.000
0207    51.5   897.0     22.77     90.6     798   169     1.03     -0.20      1.01    12     0.1     798     0   0   0   0      27.228   -66.224
0208    51.8  -999.0   -999.00   -999.0    -999   168     1.00     -0.20      0.98    12  -999.0    -999     0   0   0   0    -999.000  -999.000
0209    52.0   897.6     22.79     90.6     793   168     0.98     -0.21      0.95    12     0.1     793     0   0   0   0      27.228   -66.224
0210    52.3  -999.0   -999.00   -999.0    -999   167     0.95     -0.22      0.93    12  -999.0    -999     0   0   0   0    -999.000  -999.000
0211    52.5   898.1     22.80     90.7     788   166     0.93     -0.23      0.91    12     0.1     788     0   0   0   0      27.228   -66.224
0212    52.8  -999.0   -999.00   -999.0    -999   165     0.91     -0.23      0.88    12  -999.0    -999     0   0   0   0    -999.000  -999.000
0213    53.0   898.6     22.82     90.7     783   164     0.90     -0.25      0.87    12     0.1     783     0   0   0   0      27.228   -66.224
0214    53.3  -999.0   -999.00   -999.0    -999   163     0.89     -0.26      0.85    12  -999.0    -999     0   0   0   0    -999.000  -999.000
0215    53.5   899.2     22.83     90.8     778   162     0.88     -0.27      0.84    12     0.1     778     0   0   0   0      27.228   -66.224
0216    53.8  -999.0   -999.00   -999.0    -999   161     0.87     -0.28      0.83    12  -999.0    -999     0   0   0   0    -999.000  -999.000
0217    54.0   899.7     22.84     90.9     773   160     0.87     -0.30      0.82    12     0.1     773     0   0   0   0      27.228   -66.224
0218    54.3  -999.0   -999.00   -999.0    -999   159     0.87     -0.31      0.81    12  -999.0    -999     0   0   0   0    -999.000  -999.000
0219    54.5   900.2     22.84     91.0     767   158     0.88     -0.33      0.81    12     0.1     767     0   0   0   0      27.228   -66.224
0220    54.8  -999.0   -999.00   -999.0    -999   157     0.88     -0.35      0.81    12  -999.0    -999     0   0   0   0    -999.000  -999.000
0221    55.0   900.7     22.85     91.1     762   155     0.89     -0.37      0.81    12     0.1     762     0   0   0   0      27.228   -66.224
0222    55.3  -999.0   -999.00   -999.0    -999   154     0.90     -0.39      0.81    12  -999.0    -999     0   0   0   0    -999.000  -999.000
0223    55.5   901.3     22.85     91.3     757   153     0.91     -0.41      0.82    12     0.1     757     0   0   0   0      27.228   -66.224
0224    55.8  -999.0   -999.00   -999.0    -999   152     0.93     -0.43      0.82    12  -999.0    -999     0   0   0   0    -999.000  -999.000
0225    56.0   901.8     22.86     91.5     752   151     0.94     -0.45      0.83    12     0.1     752     0   0   0   0      27.228   -66.224
0226    56.3  -999.0   -999.00   -999.0    -999   150     0.96     -0.47      0.83    12  -999.0    -999     0   0   0   0    -999.000  -999.000
0227    56.5   902.3     22.86     91.8     747   150     0.97     -0.49      0.84    12     0.1     747     0   0   0   0      27.228   -66.224
0228    56.8  -999.0   -999.00   -999.0    -999   149     0.99     -0.50      0.85    12  -999.0    -999     0   0   0   0    -999.000  -999.000
0229    57.0   902.8     22.86     92.1     742   149     1.00     -0.52      0.86    12     0.1     742     0   0   0   0      27.228   -66.224
0230    57.3  -999.0   -999.00   -999.0    -999   148     1.01     -0.53      0.86    12  -999.0    -999     0   0   0   0    -999.000  -999.000
0231    57.5   903.4     22.85     92.4     737   148     1.02     -0.54      0.86    12     0.1     737     0   0   0   0      27.228   -66.224
0232    57.8  -999.0   -999.00   -999.0    -999   148     1.02     -0.55      0.86    12  -999.0    -999     0   0   0   0    -999.000  -999.000
0233    58.0   903.9     22.85     92.8     732   147     1.02     -0.55      0.86    12     0.1     732     0   0   0   0      27.228   -66.224
0234    58.3  -999.0   -999.00   -999.0    -999   147     1.02     -0.55      0.85    12  -999.0    -999     0   0   0   0    -999.000  -999.000
0235    58.5   904.4     22.84     93.2     726   147     1.00     -0.55      0.84    12     0.2     726     0   0   0   0      27.228   -66.224
0236    58.8  -999.0   -999.00   -999.0    -999   147     0.99     -0.54      0.82    12  -999.0    -999     0   0   0   0    -999.000  -999.000
0237    59.0   905.0     22.84     93.6     721   146     0.96     -0.53      0.80    12     0.2     721     0   0   0   0      27.228   -66.224
0238    59.3  -999.0   -999.00   -999.0    -999   146     0.93     -0.52      0.77    12  -999.0    -999     0   0   0   0    -999.000  -999.000
0239    59.5   905.5     22.84     94.0     716   146     0.90     -0.50      0.74    12     0.2     716     0   0   0   0      27.228   -66.224
0240    59.8  -999.0   -999.00   -999.0    -999   146     0.86     -0.49      0.71    12  -999.0    -999     0   0   0   0    -999.000  -999.000
0241    60.0   906.0     22.83     94.4     711   145     0.82     -0.47      0.68    12     0.3     711     0   0   0   0      27.228   -66.224
0242    60.3  -999.0   -999.00   -999.0    -999   145     0.78     -0.45      0.64    12  -999.0    -999     0   0   0   0    -999.000  -999.000
0243    60.5   906.5     22.83     94.8     706   144     0.74     -0.43      0.60    12     0.3     706     0   0   0   0      27.228   -66.224
0244    60.8  -999.0   -999.00   -999.0    -999   144     0.70     -0.41      0.57    12  -999.0    -999     0   0   0   0    -999.000  -999.000
0245    61.0   907.0     22.84     95.1     701   144     0.66     -0.39      0.53    12     0.3     701     0   0   0   0      27.228   -66.224
0246    61.3  -999.0   -999.00   -999.0    -999   143     0.63     -0.38      0.50    12  -999.0    -999     0   0   0   0    -999.000  -999.000
0247    61.5   907.6     22.85     95.4     696   143     0.60     -0.36      0.48    12     0.4     696     0   0   0   0      27.228   -66.224
0248    61.8  -999.0   -999.00   -999.0    -999   143     0.57     -0.34      0.45    12  -999.0    -999     0   0   0   0    -999.000  -999.000
0249    62.0   908.1     22.86     95.6     691   143     0.54     -0.32      0.43    12     0.4     691     0   0   0   0      27.228   -66.224
0250    62.3  -999.0   -999.00   -999.0    -999   144     0.52     -0.31      0.42    12  -999.0    -999     0   0   0   0    -999.000  -999.000
0251    62.5   908.6     22.87     95.7     686  -999  -999.00   -999.00   -999.00    12     0.4     686     0   0   0   0      27.228   -66.224
0252    62.8  -999.0   -999.00   -999.0    -999  -999  -999.00   -999.00   -999.00    12  -999.0    -999     0   0   0   0    -999.000  -999.000
0253    63.0   909.1     22.89     95.8     681  -999  -999.00   -999.00   -999.00    12     0.3     681     0   0   0   0      27.228   -66.224
0254    63.3  -999.0   -999.00   -999.0    -999   146     0.47     -0.27      0.39    12  -999.0    -999     0   0   0   0    -999.000  -999.000
0255    63.5   909.6     22.91     95.9     676   146     0.47     -0.26      0.39    12     0.3     676     0   0   0   0      27.228   -66.224
0256    63.8  -999.0   -999.00   -999.0    -999   147     0.48     -0.26      0.40    12  -999.0    -999     0   0   0   0    -999.000  -999.000
0257    64.0   910.1     22.93     96.0     671   148     0.49     -0.26      0.41    12     0.3     671     0   0   0   0      27.228   -66.224
0258    64.3  -999.0   -999.00   -999.0    -999   149     0.50     -0.26      0.43    12  -999.0    -999     0   0   0   0    -999.000  -999.000
0259    64.5   910.7     22.95     96.1     666   149     0.52     -0.26      0.45    12     0.2     666     0   0   0   0      27.228   -66.224
0260    64.8  -999.0   -999.00   -999.0    -999   150     0.54     -0.27      0.47    12  -999.0    -999     0   0   0   0    -999.000  -999.000
0261    65.0   911.2     22.97     96.1     661  -999  -999.00   -999.00   -999.00    12     0.2     661     0   0   0   0    -999.000  -999.000
0262    65.3  -999.0   -999.00   -999.0    -999   152     0.58     -0.27      0.51    12  -999.0    -999     0   0   0   0    -999.000  -999.000
0263    65.5   911.7     23.00     96.1     656   153     0.60     -0.28      0.54    12     0.2     656     0   0   0   0      27.228   -66.224
0264    65.8  -999.0   -999.00   -999.0    -999   154     0.63     -0.28      0.56    12  -999.0    -999     0   0   0   0    -999.000  -999.000
0265    66.0   912.2     23.02     96.2     651  -999  -999.00   -999.00   -999.00    12     0.1     651     0   0   0   0      27.228   -66.224
0266    66.3  -999.0   -999.00   -999.0    -999   156     0.67     -0.27      0.61    12  -999.0    -999     0   0   0   0    -999.000  -999.000
0267    66.5   912.8     23.05     96.2     646   156     0.68     -0.27      0.63    12     0.1     646     0   0   0   0      27.228   -66.224
0268    66.8  -999.0   -999.00   -999.0    -999   157     0.70     -0.27      0.64    12  -999.0    -999     0   0   0   0    -999.000  -999.000
0269    67.0   913.3     23.07     96.2     641   158     0.71     -0.26      0.66    12     0.1     641     0   0   0   0      27.228   -66.224
0270    67.3  -999.0   -999.00   -999.0    -999   159     0.72     -0.25      0.67    12  -999.0    -999     0   0   0   0    -999.000  -999.000
0271    67.5   913.8     23.09     96.3     636   160     0.73     -0.25      0.69    12     0.1     636     0   0   0   0      27.228   -66.224
0272    67.8  -999.0   -999.00   -999.0    -999   161     0.74     -0.24      0.70    12  -999.0    -999     0   0   0   0    -999.000  -999.000
0273    68.0   914.4     23.12     96.3     631   162     0.75     -0.23      0.72    12     0.2     631     0   0   0   0      27.228   -66.224
0274    68.3  -999.0   -999.00   -999.0    -999   163     0.76     -0.22      0.73    12  -999.0    -999     0   0   0   0    -999.000  -999.000
0275    68.5   914.9     23.14     96.3     626   164     0.78     -0.21      0.75    12     0.2     626     0   0   0   0      27.228   -66.224
0276    68.8  -999.0   -999.00   -999.0    -999   165     0.79     -0.20      0.76    12  -999.0    -999     0   0   0   0    -999.000  -999.000
0277    69.0   915.4     23.16     96.4     620   166     0.80     -0.19      0.78    12     0.2     620     0   0   0   0      27.228   -66.224
0278    69.3  -999.0   -999.00   -999.0    -999   167     0.82     -0.18      0.80    12  -999.0    -999     0   0   0   0    -999.000  -999.000
0279    69.5   916.0     23.19     96.4     615   168     0.83     -0.17      0.81    12     0.3     615     0   0   0   0      27.228   -66.224
0280    69.8  -999.0   -999.00   -999.0    -999   169     0.84     -0.17      0.83    12  -999.0    -999     0   0   0   0    -999.000  -999.000
0281    70.0   916.5     23.21     96.5     610   169     0.86     -0.16      0.84    12     0.3     610     0   0   0   0      27.228   -66.224
0282    70.3  -999.0   -999.00   -999.0    -999   170     0.87     -0.15      0.85    12  -999.0    -999     0   0   0   0    -999.000  -999.000
0283    70.5   917.0     23.23     96.5     605   170     0.88     -0.15      0.86    12     0.4     605     0   0   0   0      27.228   -66.224
0284    70.8  -999.0   -999.00   -999.0    -999   170     0.88     -0.15      0.87    12  -999.0    -999     0   0   0   0    -999.000  -999.000
0285    71.0   917.5     23.26     96.6     601   171     0.89     -0.15      0.88    12     0.4     601     0   0   0   0      27.228   -66.224
0286    71.3  -999.0   -999.00   -999.0    -999   171     0.89     -0.14      0.88    12  -999.0    -999     0   0   0   0    -999.000  -999.000
0287    71.5   918.0     23.28     96.6     596   171     0.89     -0.14      0.88    12     0.4     596     0   0   0   0      27.228   -66.224
0288    71.8  -999.0   -999.00   -999.0    -999   171     0.89     -0.15      0.88    12  -999.0    -999     0   0   0   0    -999.000  -999.000
0289    72.0   918.5     23.30     96.7     591   170     0.88     -0.15      0.87    12     0.4     591     0   0   0   0      27.228   -66.224
0290    72.3  -999.0   -999.00   -999.0    -999   170     0.88     -0.15      0.86    12  -999.0    -999     0   0   0   0    -999.000  -999.000
0291    72.5   919.0     23.32     96.7     586   170     0.87     -0.16      0.85    12     0.4     586     0   0   0   0      27.228   -66.224
0292    72.8  -999.0   -999.00   -999.0    -999   169     0.85     -0.16      0.84    12  -999.0    -999     0   0   0   0    -999.000  -999.000
0293    73.0   919.6     23.34     96.7     581   169     0.84     -0.16      0.83    12     0.4     581     0   0   0   0      27.228   -66.224
0294    73.3  -999.0   -999.00   -999.0    -999   168     0.83     -0.17      0.81    12  -999.0    -999     0   0   0   0    -999.000  -999.000
0295    73.5   920.1     23.36     96.7     576   168     0.82     -0.17      0.80    12     0.4     576     0   0   0   0      27.228   -66.224
0296    73.8  -999.0   -999.00   -999.0    -999   167     0.81     -0.18      0.79    12  -999.0    -999     0   0   0   0    -999.000  -999.000
0297    74.0   920.6     23.38     96.8     571   167     0.80     -0.18      0.78    12     0.3     571     0   0   0   0      27.228   -66.224
0298    74.3  -999.0   -999.00   -999.0    -999   166     0.79     -0.19      0.77    12  -999.0    -999     0   0   0   0    -999.000  -999.000
0299    74.5   921.1     23.40     96.8     566   166     0.79     -0.19      0.77    12     0.3     566     0   0   0   0      27.228   -66.224
0300    74.8  -999.0   -999.00   -999.0    -999   166     0.79     -0.19      0.76    12  -999.0    -999     0   0   0   0    -999.000  -999.000
0301    75.0   921.6     23.42     96.8     561   166     0.79     -0.20      0.76    12     0.2     561     0   0   0   0      27.228   -66.224
0302    75.3  -999.0   -999.00   -999.0    -999   165     0.79     -0.20      0.76    12  -999.0    -999     0   0   0   0    -999.000  -999.000
0303    75.5   922.2     23.44     96.8     556   165     0.79     -0.20      0.77    12     0.2     556     0   0   0   0      27.228   -66.224
0304    75.8  -999.0   -999.00   -999.0    -999   165     0.80     -0.21      0.77    12  -999.0    -999     0   0   0   0    -999.000  -999.000
0305    76.0   922.7     23.46     96.8     551   165     0.80     -0.21      0.78    12     0.2     551     0   0   0   0      27.228   -66.224
0306    76.3  -999.0   -999.00   -999.0    -999   165     0.81     -0.21      0.78    12  -999.0    -999     0   0   0   0    -999.000  -999.000
0307    76.5   923.2     23.48     96.9     546   165     0.82     -0.21      0.79    12     0.1     546     0   0   0   0      27.228   -66.224
0308    76.8  -999.0   -999.00   -999.0    -999   165     0.83     -0.22      0.80    12  -999.0    -999     0   0   0   0    -999.000  -999.000
0309    77.0   923.8     23.50     96.9     541   165     0.83     -0.22      0.80    12     0.1     541     0   0   0   0      27.228   -66.224
0310    77.3  -999.0   -999.00   -999.0    -999   165     0.84     -0.22      0.81    12  -999.0    -999     0   0   0   0    -999.000  -999.000
0311    77.5   924.3     23.52     96.9     536   164     0.84     -0.22      0.81    12     0.1     536     0   0   0   0      27.228   -66.224
0312    77.8  -999.0   -999.00   -999.0    -999   164     0.84     -0.23      0.81    12  -999.0    -999     0   0   0   0    -999.000  -999.000
0313    78.0   924.9     23.54     96.9     531   164     0.84     -0.23      0.81    12     0.1     531     0   0   0   0      27.228   -66.224
0314    78.3  -999.0   -999.00   -999.0    -999  -999  -999.00   -999.00   -999.00    12  -999.0    -999     0   0   0   0    -999.000  -999.000
0315    78.5   925.4     23.56     97.0     525   164     0.82     -0.22      0.79    12     0.1     525     0   0   0   0      27.228   -66.224
0316    78.8  -999.0   -999.00   -999.0    -999   164     0.81     -0.22      0.78    12  -999.0    -999     0   0   0   0    -999.000  -999.000
0317    79.0   925.9     23.58     97.0     520   164     0.79     -0.21      0.76    12     0.1     520     0   0   0   0      27.228   -66.224
0318    79.3  -999.0   -999.00   -999.0    -999   164     0.77     -0.21      0.75    12  -999.0    -999     0   0   0   0    -999.000  -999.000
0319    79.5   926.5     23.60     97.0     515   164     0.75     -0.20      0.72    12     0.1     515     0   0   0   0      27.228   -66.224
0320    79.8  -999.0   -999.00   -999.0    -999   165     0.73     -0.19      0.70    12  -999.0    -999     0   0   0   0    -999.000  -999.000
0321    80.0   927.0     23.62     97.0     510   165     0.70     -0.19      0.67    12     0.1     510     0   0   0   0      27.228   -66.224
0322    80.3  -999.0   -999.00   -999.0    -999   165     0.67     -0.18      0.65    12  -999.0    -999     0   0   0   0    -999.000  -999.000
0323    80.5   927.5     23.63     97.0     505   165     0.64     -0.17      0.62    12     0.1     505     0   0   0   0      27.228   -66.224
0324    80.8  -999.0   -999.00   -999.0    -999   164     0.61     -0.16      0.59    12  -999.0    -999     0   0   0   0    -999.000  -999.000
0325    81.0   928.1     23.65     97.1     500  -999  -999.00   -999.00   -999.00    12     0.1     500     0   0   0   0    -999.000  -999.000
0326    81.3  -999.0   -999.00   -999.0    -999   164     0.55     -0.15      0.53    12  -999.0    -999     0   0   0   0    -999.000  -999.000
0327    81.5   928.6     23.67     97.1     495   164     0.52     -0.15      0.50    12     0.1     495     0   0   0   0      27.228   -66.224
0328    81.8  -999.0   -999.00   -999.0    -999  -999  -999.00   -999.00   -999.00    12  -999.0    -999     0   0   0   0    -999.000  -999.000
0329    82.0   929.1     23.68     97.1     490   163     0.47     -0.14      0.45    12     0.1     490     0   0   0   0      27.228   -66.224
0330    82.3  -999.0   -999.00   -999.0    -999   162     0.45     -0.14      0.43    12  -999.0    -999     0   0   0   0    -999.000  -999.000
0331    82.5   929.6     23.70     97.1     485  -999  -999.00   -999.00   -999.00    12     0.1     485     0   0   0   0    -999.000  -999.000
0332    82.8  -999.0   -999.00   -999.0    -999   160     0.41     -0.14      0.39    12  -999.0    -999     0   0   0   0    -999.000  -999.000
0333    83.0   930.2     23.72     97.1     480   160     0.40     -0.14      0.37    12     0.1     480     0   0   0   0      27.228   -66.224
0334    83.3  -999.0   -999.00   -999.0    -999   159     0.38     -0.14      0.36    12  -999.0    -999     0   0   0   0    -999.000  -999.000
0335    83.5   930.7     23.73     97.2     475   158     0.37     -0.14      0.34    12     0.0     475     0   0   0   0      27.228   -66.224
0336    83.8  -999.0   -999.00   -999.0    -999   157     0.36     -0.14      0.33    12  -999.0    -999     0   0   0   0    -999.000  -999.000
0337    84.0   931.3     23.75     97.2     470   156     0.35     -0.14      0.32    12     0.0     470     0   0   0   0      27.228   -66.224
0338    84.3  -999.0   -999.00   -999.0    -999   155     0.34     -0.14      0.31    12  -999.0    -999     0   0   0   0    -999.000  -999.000
0339    84.5   931.8     23.77     97.2     465   154     0.33     -0.15      0.30    12     0.0     465     0   0   0   0      27.228   -66.224
0340    84.8  -999.0   -999.00   -999.0    -999   153     0.32     -0.15      0.29    12  -999.0    -999     0   0   0   0    -999.000  -999.000
0341    85.0   932.4     23.79     97.2     459   152     0.32     -0.15      0.28    12     0.0     459     0   0   0   0      27.228   -66.224
0342    85.3  -999.0   -999.00   -999.0    -999   151     0.32     -0.15      0.28    12  -999.0    -999     0   0   0   0    -999.000  -999.000
0343    85.5   932.9     23.81     97.3     454   151     0.32     -0.16      0.28    12     0.0     454     0   0   0   0      27.228   -66.224
0344    85.8  -999.0   -999.00   -999.0    -999   150     0.32     -0.16      0.28    12  -999.0    -999     0   0   0   0    -999.000  -999.000
0345    86.0   933.4     23.83     97.3     449   149     0.32     -0.17      0.28    12     0.0     449     0   0   0   0      27.228   -66.224
0346    86.3  -999.0   -999.00   -999.0    -999   148     0.33     -0.17      0.28    12  -999.0    -999     0   0   0   0    -999.000  -999.000
0347    86.5   934.0     23.85     97.3     444   148     0.34     -0.18      0.28    12     0.1     444     0   0   0   0      27.228   -66.224
0348    86.8  -999.0   -999.00   -999.0    -999   147     0.34     -0.19      0.29    12  -999.0    -999     0   0   0   0    -999.000  -999.000
0349    87.0   934.5     23.87     97.4     439   146     0.35     -0.20      0.29    12     0.1     439     0   0   0   0      27.228   -66.224
0350    87.3  -999.0   -999.00   -999.0    -999   145     0.37     -0.21      0.30    12  -999.0    -999     0   0   0   0    -999.000  -999.000
0351    87.5   935.1     23.89     97.4     434   144     0.38     -0.22      0.31    12     0.1     434     0   0   0   0      27.228   -66.224
0352    87.8  -999.0   -999.00   -999.0    -999   143     0.39     -0.24      0.31    12  -999.0    -999     0   0   0   0    -999.000  -999.000
0353    88.0   935.6     23.91     97.4     429   142     0.41     -0.26      0.32    12     0.1     429     0   0   0   0      27.228   -66.224
0354    88.3  -999.0   -999.00   -999.0    -999   140     0.43     -0.27      0.33    12  -999.0    -999     0   0   0   0    -999.000  -999.000
0355    88.5   936.1     23.93     97.4     424   139     0.45     -0.29      0.34    12     0.2     424     0   0   0   0      27.228   -66.224
0356    88.8  -999.0   -999.00   -999.0    -999   138     0.47     -0.31      0.35    12  -999.0    -999     0   0   0   0    -999.000  -999.000
0357    89.0   936.7     23.95     97.5     419   137     0.49     -0.34      0.36    12     0.2     419     0   0   0   0      27.228   -66.224
0358    89.3  -999.0   -999.00   -999.0    -999   136     0.51     -0.36      0.37    12  -999.0    -999     0   0   0   0    -999.000  -999.000
0359    89.5   937.2     23.97     97.5     414   135     0.54     -0.38      0.38    12     0.2     414     0   0   0   0      27.228   -66.224
0360    89.8  -999.0   -999.00   -999.0    -999   134     0.56     -0.41      0.39    12  -999.0    -999     0   0   0   0    -999.000  -999.000
0361    90.0   937.7     23.99     97.5     409   133     0.59     -0.43      0.40    12     0.2     409     0   0   0   0      27.228   -66.224
0362    90.3  -999.0   -999.00   -999.0    -999   132     0.61     -0.46      0.41    12  -999.0    -999     0   0   0   0    -999.000  -999.000
0363    90.5   938.3     24.00     97.5     404   131     0.64     -0.48      0.42    12     0.2     404     0   0   0   0      27.228   -66.224
0364    90.8  -999.0   -999.00   -999.0    -999   130     0.66     -0.50      0.43    12  -999.0    -999     0   0   0   0    -999.000  -999.000
0365    91.0   938.8     24.02     97.6     399   129     0.68     -0.53      0.43    12     0.2     399     0   0   0   0      27.228   -66.224
0366    91.3  -999.0   -999.00   -999.0    -999   128     0.70     -0.55      0.43    12  -999.0    -999     0   0   0   0    -999.000  -999.000
0367    91.5   939.3     24.04     97.6     394   127     0.72     -0.58      0.43    12     0.2     394     0   0   0   0      27.228   -66.224
0368    91.8  -999.0   -999.00   -999.0    -999   126     0.74     -0.60      0.43    12  -999.0    -999     0   0   0   0    -999.000  -999.000
0369    92.0   939.9     24.06     97.6     389   124     0.75     -0.62      0.42    12     0.1     389     0   0   0   0      27.228   -66.225
0370    92.3  -999.0   -999.00   -999.0    -999   123     0.77     -0.65      0.42    12  -999.0    -999     0   0   0   0    -999.000  -999.000
0371    92.5   940.4     24.08     97.6     384   121     0.79     -0.67      0.41    12     0.1     384     0   0   0   0      27.228   -66.225
0372    92.8  -999.0   -999.00   -999.0    -999   120     0.80     -0.70      0.40    12  -999.0    -999     0   0   0   0    -999.000  -999.000
0373    93.0   940.9     24.09     97.6     379  -999  -999.00   -999.00   -999.00    12     0.1     379     0   0   0   0      27.228   -66.225
0374    93.3  -999.0   -999.00   -999.0    -999   117     0.84     -0.75      0.38    12  -999.0    -999     0   0   0   0    -999.000  -999.000
0375    93.5   941.5     24.11     97.7     374   116     0.86     -0.77      0.37    12     0.1     374     0   0   0   0      27.228   -66.225
0376    93.8  -999.0   -999.00   -999.0    -999   115     0.87     -0.80      0.36    12  -999.0    -999     0   0   0   0    -999.000  -999.000
0377    94.0   942.0     24.13     97.7     369   113     0.89     -0.82      0.35    12     0.0     369     0   0   0   0      27.228   -66.225
0378    94.3  -999.0   -999.00   -999.0    -999   112     0.90     -0.83      0.34    12  -999.0    -999     0   0   0   0    -999.000  -999.000
0379    94.5   942.6     24.15     97.7     364   111     0.91     -0.85      0.33    12    -0.0     364     0   0   0   0      27.228   -66.225
0380    94.8  -999.0   -999.00   -999.0    -999   111     0.92     -0.86      0.32    12  -999.0    -999     0   0   0   0    -999.000  -999.000
0381    95.0   943.1     24.16     97.7     359   110     0.92     -0.87      0.31    12    -0.1     359     0   0   0   0      27.228   -66.225
0382    95.3  -999.0   -999.00   -999.0    -999   109     0.92     -0.87      0.30    12  -999.0    -999     0   0   0   0    -999.000  -999.000
0383    95.5   943.7     24.18     97.7     353   108     0.92     -0.87      0.29    12    -0.2     353     0   0   0   0      27.228   -66.225
0384    95.8  -999.0   -999.00   -999.0    -999   108     0.92     -0.87      0.28    12  -999.0    -999     0   0   0   0    -999.000  -999.000
0385    96.0   944.2     24.20     97.7     348   107     0.91     -0.87      0.27    12    -0.2     348     0   0   0   0      27.228   -66.225
0386    96.3  -999.0   -999.00   -999.0    -999   106     0.91     -0.87      0.26    12  -999.0    -999     0   0   0   0    -999.000  -999.000
0387    96.5   944.8     24.21     97.7     343   106     0.90     -0.87      0.24    12    -0.3     343     0   0   0   0      27.228   -66.225
0388    96.8  -999.0   -999.00   -999.0    -999   105     0.90     -0.87      0.23    12  -999.0    -999     0   0   0   0    -999.000  -999.000
0389    97.0   945.3     24.23     97.7     338   104     0.90     -0.87      0.22    12    -0.3     338     0   0   0   0      27.228   -66.225
0390    97.3  -999.0   -999.00   -999.0    -999   104     0.89     -0.87      0.21    12  -999.0    -999     0   0   0   0    -999.000  -999.000
0391    97.5   945.9     24.24     97.7     333   103     0.89     -0.87      0.20    12    -0.4     333     0   0   0   0      27.228   -66.225
0392    97.8  -999.0   -999.00   -999.0    -999  -999  -999.00   -999.00   -999.00    12  -999.0    -999     0   0   0   0    -999.000  -999.000
0393    98.0   946.5     24.26     97.8     327   101     0.90     -0.88      0.18    12    -0.4     327     0   0   0   0      27.228   -66.225
0394    98.3  -999.0   -999.00   -999.0    -999   100     0.90     -0.89      0.16    12  -999.0    -999     0   0   0   0    -999.000  -999.000
0395    98.5   947.0     24.27     97.8     322   100     0.91     -0.90      0.15    12    -0.5     322     0   0   0   0      27.228   -66.225
0396    98.8  -999.0   -999.00   -999.0    -999    99     0.92     -0.91      0.15    12  -999.0    -999     0   0   0   0    -999.000  -999.000
0397    99.0   947.6     24.29     97.8     317    98     0.93     -0.92      0.14    12    -0.5     317     0   0   0   0      27.228   -66.225
0398    99.3  -999.0   -999.00   -999.0    -999    98     0.94     -0.93      0.13    12  -999.0    -999     0   0   0   0    -999.000  -999.000
0399    99.5   948.2     24.30     97.8     311    98     0.95     -0.94      0.12    12    -0.5     311     0   0   0   0      27.228   -66.225
0400    99.8  -999.0   -999.00   -999.0    -999    97     0.96     -0.95      0.12    12  -999.0    -999     0   0   0   0    -999.000  -999.000
0401   100.0   948.8     24.32     97.8     306    97     0.97     -0.96      0.12    12    -0.6     306     0   0   0   0      27.228   -66.225
0402   100.3  -999.0   -999.00   -999.0    -999    97     0.98     -0.97      0.12    12  -999.0    -999     0   0   0   0    -999.000  -999.000
0403   100.5   949.3     24.34     97.8     301    97     0.99     -0.98      0.12    12    -0.6     301     0   0   0   0      27.228   -66.225
0404   100.8  -999.0   -999.00   -999.0    -999    97     1.00     -0.99      0.12    12  -999.0    -999     0   0   0   0    -999.000  -999.000
0405   101.0   949.9     24.35     97.8     295    97     1.01     -1.00      0.12    12    -0.6     295     0   0   0   0      27.228   -66.225
0406   101.3  -999.0   -999.00   -999.0    -999    97     1.01     -1.01      0.12    12  -999.0    -999     0   0   0   0    -999.000  -999.000
0407   101.5   950.5     24.37     97.8     290    97     1.02     -1.01      0.13    12    -0.6     290     0   0   0   0      27.228   -66.225
0408   101.8  -999.0   -999.00   -999.0    -999    97     1.02     -1.01      0.13    12  -999.0    -999     0   0   0   0    -999.000  -999.000
0409   102.0   951.1     24.39     97.8     284    97     1.02     -1.01      0.13    12    -0.7     284     0   0   0   0      27.228   -66.225
0410   102.3  -999.0   -999.00   -999.0    -999    98     1.01     -1.00      0.13    12  -999.0    -999     0   0   0   0    -999.000  -999.000
0411   102.5   951.7     24.41     97.8     279    98     1.00     -1.00      0.13    12    -0.7     279     0   0   0   0      27.228   -66.225
0412   102.8  -999.0   -999.00   -999.0    -999    98     0.99     -0.99      0.13    12  -999.0    -999     0   0   0   0    -999.000  -999.000
0413   103.0   952.2     24.43     97.8     274    98     0.98     -0.97      0.13    12    -0.7     274     0   0   0   0      27.228   -66.225
0414   103.3  -999.0   -999.00   -999.0    -999    98     0.97     -0.96      0.13    12  -999.0    -999     0   0   0   0    -999.000  -999.000
0415   103.5   952.8     24.45     97.8     268    97     0.96     -0.95      0.12    12    -0.7     268     0   0   0   0      27.228   -66.225
0416   103.8  -999.0   -999.00   -999.0    -999    97     0.94     -0.94      0.12    12  -999.0    -999     0   0   0   0    -999.000  -999.000
0417   104.0   953.4     24.46     97.8     263    97     0.93     -0.92      0.12    12    -0.7     263     0   0   0   0      27.228   -66.225
0418   104.3  -999.0   -999.00   -999.0    -999    97     0.92     -0.91      0.11    12  -999.0    -999     0   0   0   0    -999.000  -999.000
0419   104.5   954.0     24.48     97.7     257    97     0.91     -0.90      0.11    12    -0.7     257     0   0   0   0      27.228   -66.225
0420   104.8  -999.0   -999.00   -999.0    -999    97     0.90     -0.90      0.11    12  -999.0    -999     0   0   0   0    -999.000  -999.000
0421   105.0   954.6     24.50     97.7     252    97     0.90     -0.89      0.11    12    -0.6     252     0   0   0   0      27.228   -66.225
0422   105.3  -999.0   -999.00   -999.0    -999    97     0.89     -0.88      0.11    12  -999.0    -999     0   0   0   0    -999.000  -999.000
0423   105.5   955.1     24.52     97.7     247    97     0.88     -0.88      0.11    12    -0.6     247     0   0   0   0      27.228   -66.225
0424   105.8  -999.0   -999.00   -999.0    -999    97     0.88     -0.87      0.11    12  -999.0    -999     0   0   0   0    -999.000  -999.000
0425   106.0   955.7     24.54     97.7     241    97     0.88     -0.87      0.11    12    -0.6     241     0   0   0   0      27.228   -66.225
0426   106.3  -999.0   -999.00   -999.0    -999    98     0.88     -0.87      0.12    12  -999.0    -999     0   0   0   0    -999.000  -999.000
0427   106.5   956.3     24.57     97.8     236    98     0.88     -0.87      0.12    12    -0.6     236     0   0   0   0      27.228   -66.225
0428   106.8  -999.0   -999.00   -999.0    -999    99     0.88     -0.87      0.13    12  -999.0    -999     0   0   0   0    -999.000  -999.000
0429   107.0   956.9     24.59     97.8     231    99     0.88     -0.87      0.14    12    -0.6     231     0   0   0   0      27.228   -66.225
0430   107.3  -999.0   -999.00   -999.0    -999   100     0.88     -0.87      0.15    12  -999.0    -999     0   0   0   0    -999.000  -999.000
0431   107.5   957.5     24.62     97.9     225   101     0.88     -0.86      0.17    12    -0.6     225     0   0   0   0      27.228   -66.225
0432   107.8  -999.0   -999.00   -999.0    -999   102     0.88     -0.86      0.19    12  -999.0    -999     0   0   0   0    -999.000  -999.000
0433   108.0   958.0     24.65     97.9     220   104     0.88     -0.86      0.21    12    -0.6     220     0   0   0   0      27.228   -66.225
0434   108.3  -999.0   -999.00   -999.0    -999   105     0.89     -0.86      0.23    12  -999.0    -999     0   0   0   0    -999.000  -999.000
0435   108.5   958.6     24.68     98.0     215   107     0.89     -0.86      0.26    12    -0.5     215     0   0   0   0      27.228   -66.225
0436   108.8  -999.0   -999.00   -999.0    -999   109     0.90     -0.86      0.29    12  -999.0    -999     0   0   0   0    -999.000  -999.000
0437   109.0   959.2     24.72     98.1     209   110     0.91     -0.86      0.32    12    -0.5     209     0   0   0   0      27.228   -66.225
0438   109.3  -999.0   -999.00   -999.0    -999   112     0.93     -0.86      0.35    12  -999.0    -999     0   0   0   0    -999.000  -999.000
0439   109.5   959.8     24.75     98.1     204   114     0.95     -0.87      0.39    12    -0.5     204     0   0   0   0      27.228   -66.225
0440   109.8  -999.0   -999.00   -999.0    -999   116     0.97     -0.87      0.42    12  -999.0    -999     0   0   0   0    -999.000  -999.000
0441   110.0   960.4     24.78     98.1     199   117     0.99     -0.88      0.46    12    -0.5     199     0   0   0   0      27.228   -66.225
0442   110.3  -999.0   -999.00   -999.0    -999   119     1.02     -0.90      0.49    12  -999.0    -999     0   0   0   0    -999.000  -999.000
0443   110.5   960.9     24.80     98.1     193   120     1.05     -0.91      0.52    12    -0.5     193     0   0   0   0      27.228   -66.225
0444   110.8  -999.0   -999.00   -999.0    -999   121     1.08     -0.93      0.56    12  -999.0    -999     0   0   0   0    -999.000  -999.000
0445   111.0   961.5     24.83     98.1     188   122     1.11     -0.94      0.59    12    -0.4     188     0   0   0   0      27.228   -66.225
0446   111.3  -999.0   -999.00   -999.0    -999   123     1.14     -0.96      0.62    12  -999.0    -999     0   0   0   0    -999.000  -999.000
0447   111.5   962.1     24.85     98.1     183   124     1.18     -0.98      0.65    12    -0.4     183     0   0   0   0      27.228   -66.225
0448   111.8  -999.0   -999.00   -999.0    -999   124     1.21     -1.00      0.68    12  -999.0    -999     0   0   0   0    -999.000  -999.000
0449   112.0   962.6     24.87     98.1     178   125     1.24     -1.02      0.71    12    -0.4     178     0   0   0   0      27.228   -66.225
0450   112.3  -999.0   -999.00   -999.0    -999   125     1.27     -1.04      0.74    12  -999.0    -999     0   0   0   0    -999.000  -999.000
0451   112.5   963.2     24.89     98.1     173   126     1.31     -1.06      0.76    12    -0.5     173     0   0   0   0      27.228   -66.225
0452   112.8  -999.0   -999.00   -999.0    -999  -999  -999.00   -999.00   -999.00    12  -999.0    -999     0   0   0   0    -999.000  -999.000
0453   113.0   963.8     24.91     98.1     167   126     1.37     -1.11      0.80    12    -0.5     167     0   0   0   0      27.228   -66.225
0454   113.3  -999.0   -999.00   -999.0    -999   126     1.39     -1.13      0.82    12  -999.0    -999     0   0   0   0    -999.000  -999.000
0455   113.5   964.4     24.94     98.1     162   126     1.42     -1.15      0.83    12    -0.5     162     0   0   0   0      27.228   -66.225
0456   113.8  -999.0   -999.00   -999.0    -999   126     1.44     -1.17      0.84    12  -999.0    -999     0   0   0   0    -999.000  -999.000
0457   114.0   964.9     24.96     98.1     157   126     1.47     -1.19      0.85    12    -0.5     157     0   0   0   0      27.228   -66.225
0458   114.3  -999.0   -999.00   -999.0    -999   125     1.49     -1.21      0.86    12  -999.0    -999     0   0   0   0    -999.000  -999.000
0459   114.5   965.5     24.98     98.2     151   125     1.51     -1.23      0.87    12    -0.5     151     0   0   0   0      27.228   -66.225
0460   114.8  -999.0   -999.00   -999.0    -999  -999  -999.00   -999.00   -999.00    12  -999.0    -999     0   0   0   0    -999.000  -999.000
0461   115.0   966.1     25.01     98.2     146   125     1.54     -1.27      0.88    13    -0.5     146     0   0   0   0      27.228   -66.225
0462   115.3  -999.0   -999.00   -999.0    -999   125     1.56     -1.28      0.89    13  -999.0    -999     0   0   0   0    -999.000  -999.000
0463   115.5   966.7     25.04     98.3     141   124     1.57     -1.29      0.89    13    -0.5     141     0   0   0   0      27.228   -66.225
0464   115.8  -999.0   -999.00   -999.0    -999   124     1.58     -1.31      0.89    13  -999.0    -999     0   0   0   0    -999.000  -999.000
0465   116.0   967.3     25.07     98.3     135   124     1.59     -1.32      0.89    13    -0.5     135     0   0   0   0      27.228   -66.225
0466   116.3  -999.0   -999.00   -999.0    -999   124     1.60     -1.33      0.89    13  -999.0    -999     0   0   0   0    -999.000  -999.000
0467   116.5   967.8     25.10     98.3     130   124     1.60     -1.33      0.89    13    -0.5     130     0   0   0   0      27.228   -66.225
0468   116.8  -999.0   -999.00   -999.0    -999   124     1.61     -1.34      0.89    13  -999.0    -999     0   0   0   0    -999.000  -999.000
0469   117.0   968.4     25.13     98.4     125   124     1.61     -1.34      0.89    13    -0.5     125     0   0   0   0      27.228   -66.225
0470   117.3  -999.0   -999.00   -999.0    -999   124     1.61     -1.34      0.90    13  -999.0    -999     0   0   0   0    -999.000  -999.000
0471   117.5   969.0     25.16     98.4     120   124     1.61     -1.34      0.90    13    -0.5     120     0   0   0   0      27.228   -66.225
0472   117.8  -999.0   -999.00   -999.0    -999   124     1.61     -1.34      0.90    13  -999.0    -999     0   0   0   0    -999.000  -999.000
0473   118.0   969.6     25.19     98.4     114   124     1.61     -1.34      0.91    13    -0.4     114     0   0   0   0      27.228   -66.225
0474   118.3  -999.0   -999.00   -999.0    -999   124     1.62     -1.33      0.91    12  -999.0    -999     0   0   0   0    -999.000  -999.000
0475   118.5   970.2     25.21     98.3     109   125     1.62     -1.33      0.92    13    -0.4     109     0   0   0   0      27.228   -66.225
0476   118.8  -999.0   -999.00   -999.0    -999   125     1.61     -1.32      0.93    13  -999.0    -999     0   0   0   0    -999.000  -999.000
0477   119.0   970.7     25.24     98.3     104   125     1.61     -1.32      0.93    13    -0.3     104     0   0   0   0      27.228   -66.225
0478   119.3  -999.0   -999.00   -999.0    -999   126     1.61     -1.31      0.94    13  -999.0    -999     0   0   0   0    -999.000  -999.000
0479   119.5   971.3     25.26     98.2      99   126     1.61     -1.30      0.95    13    -0.3      99     0   0   0   0      27.228   -66.225
0480   119.8  -999.0   -999.00   -999.0    -999   126     1.61     -1.30      0.96    13  -999.0    -999     0   0   0   0    -999.000  -999.000
0481   120.0   971.9     25.28     98.2      94   127     1.61     -1.29      0.96    13    -0.3      94     0   0   0   0      27.228   -66.225
0482   120.3  -999.0   -999.00   -999.0    -999   127     1.61     -1.29      0.97    13  -999.0    -999     0   0   0   0    -999.000  -999.000
0483   120.5   972.4     25.30     98.2      88   128     1.61     -1.28      0.98    13    -0.2      88     0   0   0   0      27.228   -66.225
0484   120.8  -999.0   -999.00   -999.0    -999   128     1.62     -1.27      0.99    13  -999.0    -999     0   0   0   0    -999.000  -999.000
0485   121.0   973.0     25.33     98.1      83   128     1.62     -1.27      1.01    13    -0.2      83     0   0   0   0      27.228   -66.225
0486   121.3  -999.0   -999.00   -999.0    -999   129     1.62     -1.26      1.02    13  -999.0    -999     0   0   0   0    -999.000  -999.000
0487   121.5   973.5     25.35     98.1      78   129     1.63     -1.26      1.03    13    -0.2      78     0   0   0   0      27.228   -66.225
0488   121.8  -999.0   -999.00   -999.0    -999   130     1.63     -1.25      1.05    12  -999.0    -999     0   0   0   0    -999.000  -999.000
0489   122.0   974.1     25.37     98.1      73   130     1.64     -1.25      1.06    13    -0.3      73     0   0   0   0      27.228   -66.225
0490   122.3  -999.0   -999.00   -999.0    -999   131     1.64     -1.24      1.07    13  -999.0    -999     0   0   0   0    -999.000  -999.000
0491   122.5   974.7     25.40     98.0      68  -999  -999.00   -999.00   -999.00    13    -0.3      68     0   0   0   0      27.228   -66.225
0492   122.8  -999.0   -999.00   -999.0    -999   132     1.63     -1.21      1.09    13  -999.0    -999     0   0   0   0    -999.000  -999.000
0493   123.0   975.2     25.43     98.0      63   133     1.62     -1.19      1.10    13    -0.4      63     0   0   0   0      27.228   -66.225
0494   123.3  -999.0   -999.00   -999.0    -999   133     1.61     -1.17      1.10    13  -999.0    -999     0   0   0   0    -999.000  -999.000
0495   123.5   975.8     25.46     98.0      58   134     1.59     -1.15      1.10    13    -0.5      58     0   0   0   0      27.228   -66.225
0496   123.8  -999.0   -999.00   -999.0    -999   134     1.57     -1.13      1.10    13  -999.0    -999     0   0   0   0    -999.000  -999.000
0497   124.0   976.4     25.49     98.0      52   135     1.55     -1.10      1.09    13    -0.5      52     0   0   0   0      27.228   -66.225
0498   124.3  -999.0   -999.00   -999.0    -999   135     1.52     -1.07      1.08    13  -999.0    -999     0   0   0   0    -999.000  -999.000
0499   124.5   977.0     25.53     97.9      47   136     1.50     -1.05      1.07    13    -0.6      47     0   0   0   0      27.228   -66.225
0500   124.8  -999.0   -999.00   -999.0    -999   136     1.46     -1.02      1.06    13  -999.0    -999     0   0   0   0    -999.000  -999.000
0501   125.0   977.6     25.56     97.9      42   137     1.43     -0.98      1.04    13    -0.7      42     0   0   0   0      27.228   -66.225
0502   125.3  -999.0   -999.00   -999.0    -999  -999  -999.00   -999.00   -999.00    13  -999.0    -999     0   0   0   0    -999.000  -999.000
0503   125.5   978.2     25.60     97.8      36   138     1.33     -0.89      1.00    13    -0.8      36     0   0   0   0      27.228   -66.225
0504   125.8  -999.0   -999.00   -999.0    -999   139     1.28     -0.83      0.97    13  -999.0    -999     0   0   0   0    -999.000  -999.000
0505   126.0   978.8     25.64     97.8      31   140     1.22     -0.78      0.93    13    -0.8      31     0   0   0   0      27.228   -66.225
0506   126.3  -999.0   -999.00   -999.0    -999   140     1.16     -0.75      0.89    13  -999.0    -999     0   0   0   0    -999.000  -999.000
0507   126.5   979.4     25.68     97.8      25   139     1.11     -0.73      0.84    13    -0.9      25     0   0   0   0      27.228   -66.225
0508   126.8  -999.0   -999.00   -999.0    -999   137     1.07     -0.72      0.79    13  -999.0    -999     0   0   0   0    -999.000  -999.000
0509   127.0   980.0     25.72     97.7      20   134     1.03     -0.74      0.72    13    -0.9      20     0   0   0   0      27.228   -66.225
0510   127.3  -999.0   -999.00   -999.0    -999   130     1.00     -0.76      0.65    13  -999.0    -999     0   0   0   0    -999.000  -999.000
0511   127.5   980.6     25.76     97.6      14   126     0.99     -0.80      0.58    13    -0.9      14     0   0   0   0      27.228   -66.225
0512   127.8  -999.0   -999.00   -999.0    -999   121     1.00     -0.86      0.51    13  -999.0    -999     0   0   0   0    -999.000  -999.000
0513   128.0   981.2     25.80     97.6       9   116     1.02     -0.91      0.45    13    -0.9       9     0   0   0   0      27.228   -66.225
0514   128.3  -999.0   -999.00   -999.0    -999  -999  -999.00   -999.00   -999.00    13  -999.0    -999     0   0   0   0    -999.000  -999.000
0515   128.8   982.2     25.82     97.5       0  -999  -999.00   -999.00   -999.00  -999  -999.0       0     0   0   0   0    -999.000  -999.000
