 ===========================================================================
 DROPWINDSONDE PROCESSING RECORD                            Sonde: 053416368
 PDS file written Aug 31, 2006.                             Format:    V6.05
 Aircraft: N42RF                             Date: 060831   Time: 173433 UTC
 ---------------------------------------------------------------------------
 Bias corrections:  PR =    .0 mb  TE =    .0 C  RH =    .0 %  PRB =   .0 mb
 Filters (LPF):     PTH =  10 s    WIND =  10 s       Hyd anchor =       SFC
 Dyn RH correction =  N     WSHR COR =      Y         Splash PR  =  999.6 mb
 Estimated PR used =  N     GPS VERR =    .27 m/s     HYD SFCP   = 1001.6 mb
 Dyn T correction  =  Y     WGACORR  =    1.3 m       AC GA ADJ  =     .0 m
 ---------------------------------------------------------------------------
 COMMENTS: None                                                        
 ===========================================================================

 ==============================================================================
 Date: 060831   Lat:  31.14 N   TA:   15.4 C   PS:  781.4 mb   WD:   257 deg
 Time: 173433   Lon:  78.91 W   TD:   14.1 C   GA:   2154 m    WS:  30.2 m/s
 SID:  053416368                RH:   92.0 %   Navaid:   GP          
 ===========================================================================

IX      t (s)  P (mb)    T (C)    RH (%)  Z (m)   WD    WS (m/s)   U (m/s)   V (m/s)  NS  WZ (m/s)  ZW (m)   FP  FT  FH  FW   LAT (N)    LON (E)  ZW (ft)  WS (kt)  WS (mph)  THETAE (K)
0001      .5   781.9     15.41   -999.0    2135   257    29.97     29.15      6.95  -999  -999.0    2137     3   3   0   3    31.1371   -78.9068     7010    58.14     67.14     -999.00
0002     1.0   782.4     15.42   -999.0    2130   254    29.28     28.08      8.31  -999  -999.0    2131     3   3   0   3    31.1372   -78.9067     6992    56.81     65.60     -999.00
0003     1.5   782.9     15.43   -999.0    2124   253    29.09     27.75      8.73  -999  -999.0    2126     3   3   0   3    31.1372   -78.9066     6974    56.44     65.16     -999.00
0004     2.0   783.4     15.44   -999.0    2119   252    28.90     27.42      9.15  -999  -999.0    2120     3   3   0   3    31.1373   -78.9064     6956    56.08     64.75     -999.00
0005     2.5   783.9     15.45   -999.0    2113   251    28.74     27.12      9.53  -999  -999.0    2115     3   3   0   3    31.1373   -78.9063     6938    55.76     64.38     -999.00
0006     3.0   784.4     15.46   -999.0    2108   251    28.72     27.07      9.58  -999  -999.0    2109     3   3   0   3    31.1373   -78.9061     6920    55.71     64.33     -999.00
0007     3.5   785.0     15.47   -999.0    2102   251    28.82     27.28      9.29  -999  -999.0    2104     3   3   0   3    31.1374   -78.9060     6902    55.91     64.55     -999.00
0008     4.0   785.5     15.48   -999.0    2097   252    28.92     27.50      8.92     5  -999.0    2098     3   3   0   0    31.1374   -78.9058     6884    56.10     64.77     -999.00
0009     4.5   786.0     15.49   -999.0    2091   253    28.99     27.68      8.61     5  -999.0    2093     3   3   0   0    31.1375   -78.9057     6866    56.24     64.94     -999.00
0010     5.0   786.5     15.50   -999.0    2086   253    29.06     27.83      8.34     6  -999.0    2087     3   3   0   0    31.1375   -78.9055     6848    56.37     65.09     -999.00
0011     5.5   787.0     15.51   -999.0    2080   254    29.10     27.95      8.12     6  -999.0    2082     3   3   0   0    31.1375   -78.9054     6830    56.46     65.19     -999.00
0012     6.0   787.5     15.52   -999.0    2075   254    29.12     28.02      7.92     6  -999.0    2076     3   3   0   0    31.1376   -78.9053     6812    56.49     65.23     -999.00
0013     6.5   788.0     15.53   -999.0    2070   255    29.11     28.06      7.73     7  -999.0    2071     3   3   0   0    31.1376   -78.9051     6794    56.47     65.20     -999.00
0014     7.0   788.5     15.54   -999.0    2064   255    29.06     28.06      7.55     7  -999.0    2065     3   3   0   0    31.1376   -78.9050     6776    56.37     65.09     -999.00
0015     7.5   789.0     15.55   -999.0    2059   255    28.97     28.02      7.36     7  -999.0    2060     3   3   0   0    31.1377   -78.9048     6758    56.21     64.90     -999.00
0016     8.0   789.5     15.56   -999.0    2053   256    28.86     27.96      7.16     7  -999.0    2054     3   3   0   0    31.1377   -78.9047     6740    55.99     64.65     -999.00
0017     8.5   790.0     15.57   -999.0    2048   256    28.74     27.89      6.95     7  -999.0    2049     3   3   0   0    31.1377   -78.9045     6722    55.75     64.37     -999.00
0018     9.0   790.5     15.58   -999.0    2042   256    28.61     27.81      6.72     7  -999.0    2044     3   3   0   0    31.1378   -78.9044     6705    55.51     64.09     -999.00
0019     9.5   791.0     15.59   -999.0    2037   257    28.49     27.74      6.48     7  -999.0    2038     3   3   0   0    31.1378   -78.9042     6687    55.27     63.82     -999.00
0020    10.0   791.5     15.60   -999.0    2031   257    28.38     27.69      6.24     7  -999.0    2033     3   3   0   0    31.1378   -78.9041     6669    55.06     63.58     -999.00
0021    10.5   792.0     15.61   -999.0    2026   258    28.30     27.66      5.99     7  -999.0    2027     3   3   0   0    31.1378   -78.9039     6651    54.90     63.38     -999.00
0022    11.0   792.6     15.62   -999.0    2021   258    28.24     27.65      5.74     7  -999.0    2022     3   3   0   0    31.1379   -78.9038     6633    54.78     63.25     -999.00
0023    11.5   793.1     15.63   -999.0    2015   259    28.20     27.66      5.50     7  -999.0    2016     3   3   0   0    31.1379   -78.9037     6616    54.71     63.17     -999.00
0024    12.0   793.6     15.64   -999.0    2010   259    28.19     27.69      5.28     7  -999.0    2011     3   3   0   0    31.1379   -78.9035     6598    54.69     63.15     -999.00
0025    12.5   794.1     15.66   -999.0    2004   260    28.20     27.74      5.08     7  -999.0    2006     3   3   0   0    31.1379   -78.9034     6580    54.71     63.17     -999.00
0026    13.0   794.6     15.67   -999.0    1999   260    28.22     27.79      4.91     7  -999.0    2000     3   3   0   3    31.1380   -78.9032     6562    54.76     63.22     -999.00
0027    13.5   795.1     15.69   -999.0    1993   260    28.25     27.84      4.78     7  -999.0    1995     3   3   0   0    31.1380   -78.9031     6544    54.80     63.28     -999.00
0028    14.0   795.6     15.71   -999.0    1988   261    28.27     27.89      4.67     7  -999.0    1989     3   3   0   0    31.1380   -78.9029     6526    54.85     63.33     -999.00
0029    14.5   796.1     15.72   -999.0    1982   261    28.29     27.92      4.57     7  -999.0    1984     3   3   0   0    31.1380   -78.9028     6508    54.89     63.38     -999.00
0030    15.0   796.6     15.74   -999.0    1977   261    28.30     27.94      4.51     8  -999.0    1978     0   0   0   0    31.1381   -78.9026     6490    54.90     63.38     -999.00
0031    15.5   797.2     15.75   -999.0    1971   261    28.27     27.92      4.46     8  -999.0    1973     0   0   0   0    31.1381   -78.9025     6472    54.85     63.34     -999.00
0032    16.0   797.7     15.77   -999.0    1966   261    28.22     27.87      4.44     8     2.3    1967     0   0   0   0    31.1381   -78.9024     6453    54.76     63.22     -999.00
0033    16.5   798.2     15.79   -999.0    1960   261    28.15     27.80      4.43     8     2.3    1961     0   0   0   0    31.1381   -78.9022     6435    54.60     63.05     -999.00
0034    17.0   798.7     15.81   -999.0    1954   261    28.04     27.69      4.43     8     2.2    1956     0   0   0   0    31.1381   -78.9021     6416    54.40     62.81     -999.00
0035    17.5   799.3     15.84   -999.0    1949   261    27.92     27.56      4.43     8     2.1    1950     0   0   0   0    31.1381   -78.9019     6397    54.16     62.53     -999.00
0036    18.0   799.8     15.87   -999.0    1943   261    27.78     27.42      4.44     8     2.1    1944     0   0   0   0    31.1382   -78.9018     6378    53.89     62.22     -999.00
0037    18.5   800.4     15.90   -999.0    1937   261    27.64     27.28      4.44     8     2.1    1938     0   0   0   0    31.1382   -78.9016     6359    53.62     61.91     -999.00
0038    19.0   800.9     15.95   -999.0    1931   261    27.50     27.14      4.44     8     2.1    1932     0   0   0   0    31.1382   -78.9015     6340    53.35     61.60     -999.00
0039    19.5   801.5     16.00   -999.0    1925   261    27.38     27.02      4.44     8     2.1    1927     0   0   0   0    31.1382   -78.9013     6321    53.11     61.33     -999.00
0040    20.0   802.0     16.06   -999.0    1920   261    27.27     26.91      4.44     8     2.2    1921     0   0   0   0    31.1382   -78.9012     6302    52.91     61.09     -999.00
0041    20.5   802.5     16.13   -999.0    1914   261    27.19     26.82      4.45     8     2.2    1915     0   0   0   0    31.1383   -78.9011     6284    52.74     60.90     -999.00
0042    21.0   803.1     16.20   -999.0    1908   260    27.12     26.75      4.48     8     2.3    1910     0   0   0   0    31.1383   -78.9009     6265    52.62     60.75     -999.00
0043    21.5   803.6     16.29   -999.0    1903   260    27.08     26.70      4.52     8     2.4    1904     0   0   0   0    31.1383   -78.9008     6247    52.53     60.66     -999.00
0044    22.0   804.1     16.37   -999.0    1897   260    27.05     26.66      4.58     8     2.4    1898     0   0   0   0    31.1383   -78.9007     6228    52.48     60.60     -999.00
0045    22.5   804.7     16.46   -999.0    1892   260    27.04     26.64      4.66     8     2.5    1893     0   0   0   0    31.1384   -78.9005     6210    52.46     60.58     -999.00
0046    23.0   805.2     16.56   -999.0    1886   260    27.05     26.62      4.77     8     2.5    1887     0   0   0   0    31.1384   -78.9004     6192    52.47     60.58     -999.00
0047    23.5   805.7     16.65   -999.0    1881   260    27.06     26.61      4.89     8     2.5    1882     0   0   0   0    31.1384   -78.9002     6174    52.49     60.61     -999.00
0048    24.0   806.2     16.74   -999.0    1875   259    27.08     26.60      5.04     8     2.5    1876     0   0   0   0    31.1384   -78.9001     6156    52.53     60.65     -999.00
0049    24.5   806.7     16.83   -999.0    1870   259    27.10     26.60      5.20     8     2.5    1871     0   0   0   0    31.1384   -78.9000     6138    52.58     60.71     -999.00
0050    25.0   807.2     16.91   -999.0    1864   259    27.14     26.61      5.36     8     2.4    1865     0   0   0   0    31.1385   -78.8998     6120    52.65     60.79     -999.00
0051    25.5   807.8     16.98   -999.0    1858   258    27.18     26.62      5.52     8     2.3    1860     0   0   0   0    31.1385   -78.8997     6102    52.74     60.89     -999.00
0052    26.0   808.3     17.04   -999.0    1853   258    27.24     26.64      5.67     8     2.2    1854     0   0   0   0    31.1385   -78.8996     6083    52.84     61.02     -999.00
0053    26.5   808.8     17.10   -999.0    1847   258    27.30     26.68      5.80     8     2.0    1848     0   0   0   0    31.1385   -78.8994     6065    52.97     61.16     -999.00
0054    27.0   809.4     17.15   -999.0    1841   258    27.37     26.73      5.91     8     1.9    1843     0   0   0   0    31.1386   -78.8993     6046    53.10     61.32     -999.00
0055    27.5   809.9     17.19   -999.0    1835   257    27.45     26.79      5.98     8     1.7    1837     0   0   0   0    31.1386   -78.8991     6026    53.25     61.49     -999.00
0056    28.0   810.5     17.23     96.7    1830   257    27.53     26.87      6.00     8     1.6    1831     0   0   0   0    31.1386   -78.8990     6007    53.41     61.67      353.96
0057    28.5   811.1     17.26     96.8    1824   257    27.61     26.95      5.99     8     1.5    1825     0   0   0   0    31.1386   -78.8989     5987    53.56     61.84      354.04
0058    29.0   811.7     17.29     96.8    1817   258    27.68     27.04      5.92     8     1.3    1819     0   0   0   0    31.1387   -78.8987     5967    53.71     62.01      354.06
0059    29.5   812.2     17.32     96.8    1811   258    27.75     27.14      5.81     8     1.2    1813     0   0   0   0    31.1387   -78.8986     5947    53.84     62.16      354.06
0060    30.0   812.8     17.34     96.8    1805   258    27.81     27.22      5.67     8     1.1    1806     0   0   0   0    31.1387   -78.8984     5926    53.95     62.29      354.05
0061    30.5   813.4     17.37     96.8    1799   259    27.85     27.31      5.49     8     1.1    1800     0   0   0   0    31.1388   -78.8983     5906    54.04     62.39      354.05
0062    31.0   814.0     17.39     96.8    1793   259    27.89     27.38      5.29     8     1.0    1794     0   0   0   0    31.1388   -78.8981     5886    54.10     62.47      354.05
0063    31.5   814.6     17.42     96.8    1786   260    27.91     27.45      5.08     8     1.0    1788     0   0   0   0    31.1388   -78.8980     5865    54.15     62.53      354.06
0064    32.0   815.2     17.45     96.8    1780   260    27.93     27.50      4.86     8      .9    1781     0   0   0   0    31.1388   -78.8978     5844    54.19     62.57      354.09
0065    32.5   815.8     17.49     96.8    1774   260    27.95     27.55      4.66     8      .9    1775     0   0   0   0    31.1388   -78.8977     5824    54.22     62.60      354.13
0066    33.0   816.4     17.52     96.9    1767   261    27.97     27.60      4.48     8      .8    1769     0   0   0   0    31.1389   -78.8976     5803    54.25     62.64      354.18
0067    33.5   817.0     17.56     96.9    1761   261    27.99     27.66      4.33     8      .8    1762     0   0   0   0    31.1389   -78.8974     5782    54.31     62.71      354.24
0068    34.0   817.6     17.60     96.9    1755   261    28.04     27.72      4.22     8      .8    1756     0   0   0   0    31.1389   -78.8973     5761    54.40     62.81      354.31
0069    34.5   818.2     17.65     96.9    1748   261    28.10     27.79      4.16     8      .8    1750     0   0   0   0    31.1389   -78.8971     5740    54.52     62.95      354.39
0070    35.0   818.8     17.69     96.9    1742   262    28.19     27.88      4.15     8      .8    1743     0   0   0   0    31.1389   -78.8970     5719    54.69     63.15      354.47
0071    35.5   819.4     17.74     96.9    1736   261    28.30     27.99      4.19     8      .9    1737     0   0   0   0    31.1390   -78.8968     5699    54.90     63.39      354.55
0072    36.0   820.0     17.78     96.9    1729   261    28.42     28.10      4.27     8     1.0    1731     0   0   0   0    31.1390   -78.8967     5678    55.14     63.67      354.64
0073    36.5   820.6     17.82     96.9    1723   261    28.56     28.22      4.40     8     1.1    1724     0   0   0   0    31.1390   -78.8965     5657    55.40     63.97      354.72
0074    37.0   821.2     17.87     97.0    1717   261    28.70     28.33      4.57     8     1.2    1718     0   0   0   0    31.1390   -78.8964     5637    55.68     64.29      354.80
0075    37.5   821.8     17.91     97.0    1711   260    28.84     28.44      4.77     8     1.3    1712     0   0   0   0    31.1390   -78.8962     5617    55.95     64.60      354.87
0076    38.0   822.4     17.95     97.0    1705   260    28.97     28.54      4.99     8     1.5    1706     0   0   0   0    31.1391   -78.8961     5597    56.20     64.89      354.94
0077    38.5   823.0     17.98     97.0    1699   260    29.08     28.61      5.23     8     1.6    1700     0   0   0   0    31.1391   -78.8959     5577    56.41     65.14      355.00
0078    39.0   823.5     18.02     97.0    1693   259    29.17     28.65      5.48     8     1.8    1694     0   0   0   0    31.1391   -78.8958     5558    56.58     65.33      355.05
0079    39.5   824.1     18.04     97.0    1687   259    29.23     28.66      5.73     8     1.9    1688     0   0   0   0    31.1391   -78.8956     5539    56.70     65.47      355.08
0080    40.0   824.6     18.07     97.1    1681   258    29.26     28.64      5.98     8     2.0    1683     0   0   0   0    31.1392   -78.8955     5520    56.77     65.54      355.09
0081    40.5   825.2     18.09     97.1    1676   258    29.27     28.60      6.21     8     2.1    1677     0   0   0   0    31.1392   -78.8953     5502    56.79     65.57      355.08
0082    41.0   825.7     18.11     97.0    1670   257    29.27     28.55      6.44     8     2.2    1671     0   0   0   0    31.1392   -78.8952     5484    56.78     65.56      355.04
0083    41.5   826.2     18.12     97.0    1665   257    29.26     28.49      6.65     8     2.2    1666     0   0   0   0    31.1392   -78.8950     5465    56.76     65.54      354.99
0084    42.0   826.8     18.13     97.0    1659   256    29.25     28.44      6.85     8     2.2    1660     0   0   0   0    31.1393   -78.8949     5447    56.75     65.53      354.90
0085    42.5   827.3     18.13     97.0    1653   256    29.27     28.41      7.04     8     2.2    1655     0   0   0   3    31.1393   -78.8947     5429    56.78     65.56      354.79
0086    43.0   827.8     18.12     96.9    1648   256    29.31     28.41      7.22     8     2.1    1649     0   0   0   0    31.1393   -78.8946     5411    56.87     65.66      354.65
0087    43.5   828.4     18.11     96.9    1642   255    29.40     28.45      7.40     8     2.0    1644     0   0   0   0    31.1394   -78.8944     5392    57.03     65.85      354.48
0088    44.0   828.9     18.10     96.8    1637   255    29.53     28.54      7.58     8     1.9    1638     0   0   0   0    31.1394   -78.8943     5374    57.29     66.15      354.28
0089    44.5   829.5     18.08     96.7    1631   255    29.71     28.68      7.77     8     1.7    1632     0   0   0   0    31.1394   -78.8941     5355    57.64     66.56      354.05
0090    45.0   830.0     18.05     96.6    1625   255    29.95     28.87      7.96     8     1.5    1626     0   0   0   0    31.1395   -78.8940     5335    58.09     67.08      353.81
0091    45.5   830.6     18.02     96.6    1619   254    30.22     29.10      8.15     8     1.3    1620     0   0   0   0    31.1395   -78.8938     5316    58.63     67.69      353.55
0092    46.0   831.2     17.99     96.5    1613   254    30.53     29.36      8.36     8     1.1    1614     0   0   0   0    31.1396   -78.8936     5296    59.23     68.39      353.28
0093    46.5   831.8     17.96     96.5    1607   254    30.87     29.65      8.57     8      .9    1608     0   0   0   0    31.1396   -78.8935     5276    59.88     69.14      353.02
0094    47.0   832.4     17.93     96.4    1600   254    31.21     29.95      8.78     8      .7    1602     0   0   0   3    31.1396   -78.8933     5255    60.54     69.91      352.77
0095    47.5   833.0     17.91     96.4    1594   253    31.55     30.24      8.98     8      .4    1595     0   0   0   0    31.1397   -78.8932     5234    61.20     70.67      352.54
0096    48.0   833.7     17.89     96.4    1587   253    31.87     30.52      9.18     8      .2    1589     0   0   0   0    31.1397   -78.8930     5212    61.82     71.39      352.34
0097    48.5   834.3     17.87     96.4    1581   253    32.16     30.76      9.37     8      .1    1582     0   0   0   0    31.1398   -78.8929     5191    62.39     72.04      352.18
0098    49.0   835.0     17.87     96.5    1574   253    32.41     30.97      9.55     8     -.1    1575     0   0   0   0    31.1398   -78.8927     5169    62.87     72.60      352.07
0099    49.5   835.6     17.88     96.5    1567   253    32.61     31.14      9.70     8     -.2    1569     0   0   0   0    31.1398   -78.8925     5146    63.27     73.05      352.00
0100    50.0   836.3     17.90     96.6    1560   253    32.77     31.26      9.83     8     -.2    1562     0   0   0   3    31.1399   -78.8924     5124    63.57     73.40      351.99
0101    50.5   837.0     17.93     96.7    1554   252    32.87     31.34      9.93     8     -.2    1555     0   0   0   0    31.1399   -78.8922     5101    63.78     73.64      352.04
0102    51.0   837.6     17.97     96.8    1547   252    32.93     31.38     10.01     8     -.1    1548     0   0   0   3    31.1400   -78.8920     5079    63.89     73.77      352.13
0103    51.5   838.3     18.02     96.9    1540   252    32.96     31.38     10.07     8      .0    1541     0   0   0   0    31.1400   -78.8919     5057    63.94     73.82      352.28
0104    52.0   838.9     18.08     97.0    1533   252    32.95     31.36     10.11     8      .2    1535     3   3   3   0    31.1401   -78.8917     5035    63.92     73.80      352.46
0105    52.5   839.6     18.15     97.0    1527   252    32.91     31.32     10.12     8      .5    1528     0   0   0   0    31.1401   -78.8915     5013    63.85     73.72      352.68
0106    53.0   840.2     18.22     97.1    1520   252    32.86     31.26     10.12     8      .7    1522     0   0   0   0    31.1402   -78.8914     4992    63.75     73.60      352.92
0107    53.5   840.8     18.30     97.2    1514   252    32.79     31.20     10.11     8     1.1    1515     0   0   0   0    31.1402   -78.8912     4972    63.62     73.46      353.18
0108    54.0   841.4     18.38     97.3    1508   252    32.72     31.13     10.08     8     1.4    1509     0   0   0   0    31.1403   -78.8911     4952    63.48     73.29      353.44
0109    54.5   842.0     18.46     97.3    1502   252    32.64     31.06     10.04     8     1.7    1503     0   0   0   0    31.1403   -78.8909     4933    63.32     73.11      353.69
0110    55.0   842.5     18.53     97.4    1496   252    32.55     30.98     10.00     8     2.1    1498     0   0   0   0    31.1403   -78.8907     4914    63.15     72.92      353.93
0111    55.5   843.1     18.60     97.4    1491   252    32.46     30.90      9.95     8     2.4    1492     0   0   0   3    31.1404   -78.8906     4896    62.98     72.72      354.14
0112    56.0   843.6     18.66     97.4    1486   252    32.37     30.81      9.90     8     2.6    1487     0   0   0   0    31.1404   -78.8904     4878    62.79     72.50      354.33
0113    56.5   844.1     18.72     97.4    1480   252    32.26     30.72      9.85     8     2.9    1482     0   0   0   0    31.1405   -78.8903     4861    62.59     72.27      354.48
0114    57.0   844.6     18.76     97.4    1475   252    32.15     30.62      9.80     8     3.0    1477     0   0   0   0    31.1405   -78.8901     4845    62.38     72.02      354.60
0115    57.5   845.1     18.80     97.4    1470   252    32.04     30.52      9.75     8     3.2    1472     0   0   0   0    31.1406   -78.8899     4828    62.15     71.76      354.68
0116    58.0   845.6     18.83     97.4    1465   252    31.91     30.40      9.71     8     3.2    1467     0   0   0   0    31.1406   -78.8898     4812    61.91     71.48      354.72
0117    58.5   846.1     18.86     97.4    1460   252    31.78     30.27      9.68     8     3.3    1462     0   0   0   0    31.1407   -78.8896     4796    61.65     71.18      354.74
0118    59.0   846.5     18.88     97.4    1455   252    31.64     30.13      9.66     8     3.3    1457     0   0   0   0    31.1407   -78.8895     4779    61.38     70.88      354.72
0119    59.5   847.0     18.89     97.4    1450   252    31.50     29.98      9.66     8     3.2    1452     0   0   0   0    31.1407   -78.8893     4763    61.12     70.57      354.69
0120    60.0   847.5     18.90     97.4    1445   252    31.37     29.84      9.68     8     3.1    1447     0   0   0   0    31.1408   -78.8891     4747    60.85     70.26      354.63
0121    60.5   848.0     18.90     97.4    1440   252    31.24     29.69      9.72     8     3.0    1442     0   0   0   0    31.1408   -78.8890     4730    60.60     69.98      354.56
0122    61.0   848.5     18.91     97.4    1435   252    31.13     29.55      9.79     8     2.9    1437     0   0   0   0    31.1409   -78.8888     4713    60.38     69.72      354.49
0123    61.5   849.0     18.91     97.4    1430   251    31.03     29.42      9.87     7     2.8    1431     0   0   0   0    31.1409   -78.8887     4696    60.19     69.50      354.41
0124    62.0   849.6     18.91     97.4    1425   251    30.95     29.30      9.97     7     2.7    1426     0   0   0   0    31.1410   -78.8885     4679    60.05     69.33      354.33
0125    62.5   850.1     18.92     97.4    1419   251    30.90     29.21     10.09     7     2.6    1421     0   0   0   3    31.1410   -78.8884     4661    59.95     69.22      354.27
0126    63.0   850.6     18.93     97.4    1414   251    30.87     29.13     10.22     7     2.5    1415     0   0   0   0    31.1411   -78.8882     4643    59.89     69.16      354.21
0127    63.5   851.2     18.94     97.4    1409   250    30.87     29.08     10.36     8     2.4    1410     0   0   0   0    31.1411   -78.8881     4626    59.89     69.15      354.16
0128    64.0   851.7     18.95     97.4    1403   250    30.89     29.05     10.49     8     2.4    1404     0   0   0   3    31.1412   -78.8879     4608    59.92     69.19      354.13
0129    64.5   852.2     18.97     97.4    1398   250    30.93     29.04     10.62     8     2.3    1399     0   0   0   0    31.1412   -78.8878     4590    59.99     69.27      354.11
0130    65.0   852.8     18.99     97.5    1392   250    30.97     29.05     10.74     8     2.3    1393     0   0   0   0    31.1412   -78.8876     4572    60.09     69.38      354.11
0131    65.5   853.3     19.01     97.5    1387   250    31.03     29.07     10.84     8     2.3    1388     0   0   0   0    31.1413   -78.8875     4554    60.20     69.51      354.13
0132    66.0   853.9     19.04     97.5    1381   249    31.09     29.10     10.93     8     2.3    1382     0   0   0   0    31.1413   -78.8873     4536    60.31     69.63      354.17
0133    66.5   854.4     19.08     97.5    1376   249    31.14     29.13     11.01     8     2.3    1377     0   0   0   0    31.1414   -78.8871     4518    60.41     69.75      354.21
0134    67.0   854.9     19.11     97.5    1370   249    31.18     29.15     11.07     7     2.4    1372     0   0   0   0    31.1414   -78.8870     4500    60.49     69.85      354.28
0135    67.5   855.5     19.15     97.5    1365   249    31.21     29.16     11.12     7     2.4    1366     0   0   0   0    31.1415   -78.8868     4482    60.55     69.91      354.35
0136    68.0   856.0     19.19     97.6    1359   249    31.22     29.16     11.16     8     2.5    1361     0   0   0   0    31.1415   -78.8867     4464    60.58     69.94      354.43
0137    68.5   856.5     19.22     97.6    1354   249    31.22     29.15     11.19     8     2.5    1355     0   0   0   0    31.1416   -78.8865     4447    60.57     69.94      354.51
0138    69.0   857.1     19.26     97.6    1349   249    31.20     29.11     11.22     8     2.6    1350     0   0   0   3    31.1416   -78.8864     4429    60.53     69.89      354.59
0139    69.5   857.6     19.30     97.6    1343   249    31.17     29.07     11.25     8     2.6    1345     0   0   0   0    31.1417   -78.8862     4412    60.46     69.81      354.67
0140    70.0   858.1     19.34     97.6    1338   249    31.12     29.01     11.28     8     2.7    1339     0   0   0   0    31.1417   -78.8861     4394    60.38     69.72      354.74
0141    70.5   858.6     19.38     97.6    1333   249    31.07     28.94     11.31     8     2.8    1334     0   0   0   0    31.1418   -78.8859     4377    60.28     69.60      354.80
0142    71.0   859.2     19.41     97.6    1328   249    31.02     28.88     11.33     8     2.8    1329     0   0   0   0    31.1419   -78.8858     4360    60.18     69.49      354.85
0143    71.5   859.7     19.44     97.6    1323   248    30.97     28.82     11.36     8     2.9    1324     0   0   0   0    31.1419   -78.8856     4343    60.09     69.38      354.89
0144    72.0   860.2     19.46     97.6    1317   248    30.93     28.76     11.37     8     2.9    1319     3   3   3   0    31.1420   -78.8855     4326    60.01     69.28      354.91
0145    72.5   860.7     19.49     97.6    1312   248    30.90     28.72     11.39     8     3.0    1314     0   0   0   0    31.1420   -78.8853     4310    59.94     69.21      354.92
0146    73.0   861.2     19.51     97.6    1307   248    30.87     28.70     11.39     8     3.0    1309     0   0   0   0    31.1421   -78.8852     4293    59.89     69.15      354.93
0147    73.5   861.7     19.52     97.6    1302   248    30.86     28.68     11.38     8     3.0    1303     0   0   0   0    31.1421   -78.8850     4276    59.86     69.12      354.92
0148    74.0   862.2     19.54     97.6    1297   248    30.85     28.68     11.36     8     3.0    1298     0   0   0   0    31.1422   -78.8849     4260    59.84     69.09      354.91
0149    74.5   862.7     19.55     97.7    1292   248    30.84     28.69     11.32     8     3.0    1293     0   0   0   0    31.1422   -78.8847     4243    59.83     69.08      354.89
0150    75.0   863.2     19.57     97.7    1287   249    30.83     28.70     11.28     8     3.0    1288     0   0   0   0    31.1423   -78.8846     4227    59.82     69.07      354.88
0151    75.5   863.7     19.58     97.7    1282   249    30.83     28.71     11.23     8     3.0    1283     0   0   0   0    31.1423   -78.8844     4210    59.81     69.06      354.86
0152    76.0   864.2     19.60     97.7    1277   249    30.82     28.72     11.19     8     3.0    1278     0   0   0   0    31.1424   -78.8842     4193    59.80     69.05      354.86
0153    76.5   864.7     19.62     97.7    1272   249    30.82     28.73     11.15     8     2.9    1273     0   0   0   3    31.1424   -78.8841     4176    59.78     69.03      354.85
0154    77.0   865.2     19.64     97.8    1267   249    30.80     28.72     11.14     8     2.9    1268     0   0   0   0    31.1425   -78.8839     4160    59.76     69.00      354.86
0155    77.5   865.8     19.66     97.8    1261   249    30.79     28.70     11.15     7     2.8    1263     0   0   0   0    31.1425   -78.8838     4143    59.74     68.97      354.87
0156    78.0   866.3     19.68     97.8    1256   249    30.78     28.67     11.19     8     2.8    1258     0   0   0   0    31.1426   -78.8836     4126    59.71     68.95      354.88
0157    78.5   866.8     19.70     97.8    1251   249    30.77     28.63     11.27     8     2.7    1252     0   0   0   0    31.1426   -78.8835     4109    59.70     68.93      354.90
0158    79.0   867.3     19.73     97.8    1246   248    30.77     28.58     11.39     8     2.7    1247     0   0   0   0    31.1427   -78.8833     4092    59.69     68.92      354.92
0159    79.5   867.8     19.75     97.8    1241   248    30.78     28.53     11.54     8     2.7    1242     0   0   0   0    31.1427   -78.8832     4075    59.70     68.94      354.93
0160    80.0   868.4     19.78     97.8    1235   248    30.79     28.48     11.72     8     2.6    1237     0   0   0   0    31.1428   -78.8830     4057    59.74     68.98      354.94
0161    80.5   868.9     19.80     97.8    1230   247    30.83     28.43     11.93     8     2.6    1231     0   0   0   0    31.1428   -78.8829     4040    59.81     69.06      354.95
0162    81.0   869.4     19.83     97.8    1225   247    30.88     28.39     12.15     8     2.5    1226     0   0   0   0    31.1429   -78.8827     4023    59.91     69.17      354.96
0163    81.5   870.0     19.85     97.8    1219   246    30.95     28.36     12.38     8     2.5    1221     0   0   0   0    31.1429   -78.8826     4005    60.03     69.32      354.96
0164    82.0   870.5     19.87     97.8    1214   246    31.02     28.36     12.59     8     2.4    1215     0   0   0   0    31.1430   -78.8824     3988    60.19     69.49      354.96
0165    82.5   871.0     19.89     97.8    1209   246    31.11     28.37     12.78     8     2.4    1210     0   0   0   3    31.1430   -78.8823     3970    60.36     69.69      354.95
0166    83.0   871.6     19.91     97.8    1203   246    31.20     28.40     12.94     8     2.3    1205     0   0   0   0    31.1431   -78.8821     3952    60.54     69.90      354.95
0167    83.5   872.1     19.93     97.8    1198   245    31.30     28.44     13.05     8     2.3    1199     0   0   0   0    31.1432   -78.8820     3935    60.71     70.10      354.94
0168    84.0   872.7     19.95     97.8    1192   245    31.38     28.51     13.13     8     2.2    1194     0   0   0   0    31.1432   -78.8818     3917    60.88     70.30      354.94
0169    84.5   873.2     19.97     97.8    1187   245    31.46     28.58     13.16     8     2.2    1188     0   0   0   0    31.1433   -78.8817     3899    61.04     70.48      354.94
0170    85.0   873.8     19.99     97.8    1182   245    31.53     28.66     13.15     8     2.1    1183     0   0   0   0    31.1433   -78.8815     3881    61.17     70.63      354.95
0171    85.5   874.3     20.02     97.8    1176   245    31.59     28.74     13.11     8     2.1    1177     0   0   0   0    31.1434   -78.8814     3863    61.28     70.76      354.96
0172    86.0   874.9     20.04     97.9    1171   246    31.64     28.82     13.04     8     2.1    1172     0   0   0   0    31.1435   -78.8812     3845    61.37     70.86      354.97
0173    86.5   875.4     20.07     97.9    1165   246    31.67     28.90     12.96     8     2.0    1166     0   0   0   0    31.1435   -78.8811     3827    61.44     70.94      354.99
0174    87.0   876.0     20.09     97.9    1159   246    31.70     28.96     12.88     8     2.0    1161     0   0   0   0    31.1436   -78.8809     3808    61.49     71.00      355.00
0175    87.5   876.6     20.12     97.9    1154   246    31.71     29.01     12.81     8     2.0    1155     0   0   0   3    31.1436   -78.8808     3790    61.52     71.04      355.02
0176    88.0   877.1     20.14     97.9    1148   246    31.72     29.04     12.75     8     1.9    1150     0   0   0   0    31.1437   -78.8806     3772    61.53     71.05      355.04
0177    88.5   877.7     20.17     97.9    1143   246    31.71     29.05     12.72     8     1.9    1144     0   0   0   0    31.1438   -78.8805     3754    61.52     71.04      355.07
0178    89.0   878.3     20.19     97.9    1137   246    31.70     29.04     12.71     8     1.9    1139     0   0   0   0    31.1438   -78.8803     3735    61.50     71.01      355.09
0179    89.5   878.8     20.22     97.9    1132   246    31.68     29.01     12.74     8     1.8    1133     0   0   0   0    31.1439   -78.8801     3717    61.46     70.97      355.11
0180    90.0   879.4     20.25     97.9    1126   246    31.66     28.96     12.78     8     1.8    1127     0   0   0   0    31.1439   -78.8800     3699    61.41     70.91      355.13
0181    90.5   880.0     20.28     97.9    1120   246    31.62     28.89     12.86     8     1.7    1122     0   0   0   0    31.1440   -78.8798     3680    61.35     70.83      355.16
0182    91.0   880.5     20.31     97.9    1115   246    31.58     28.81     12.94     8     1.7    1116     0   0   0   0    31.1440   -78.8797     3661    61.27     70.74      355.19
0183    91.5   881.1     20.34     97.9    1109   246    31.53     28.71     13.03     8     1.6    1110     0   0   0   0    31.1441   -78.8795     3643    61.17     70.63      355.23
0184    92.0   881.7     20.37     98.0    1103   245    31.47     28.60     13.12     8     1.6    1105     0   0   0   3    31.1442   -78.8794     3624    61.04     70.48      355.26
0185    92.5   882.3     20.40     98.0    1098   245    31.39     28.48     13.20     8     1.5    1099     0   0   0   0    31.1442   -78.8792     3605    60.89     70.31      355.30
0186    93.0   882.9     20.43     98.0    1092   245    31.29     28.34     13.26     8     1.5    1093     0   0   0   0    31.1443   -78.8791     3586    60.71     70.09      355.34
0187    93.5   883.5     20.46     98.0    1086   245    31.18     28.21     13.29     8     1.4    1087     0   0   0   0    31.1443   -78.8789     3567    60.49     69.84      355.39
0188    94.0   884.1     20.49     98.0    1080   245    31.05     28.06     13.30     8     1.4    1081     0   0   0   0    31.1444   -78.8788     3548    60.24     69.56      355.42
0189    94.5   884.6     20.52     98.0    1074   245    30.91     27.92     13.27     8     1.4    1076     0   0   0   0    31.1445   -78.8787     3529    59.97     69.24      355.46
0190    95.0   885.2     20.55     98.0    1068   245    30.76     27.77     13.22     8     1.3    1070     0   0   0   3    31.1445   -78.8785     3510    59.67     68.90      355.49
0191    95.5   885.8     20.58     98.0    1063   245    30.60     27.63     13.14     8     1.3    1064     0   0   0   0    31.1446   -78.8784     3491    59.36     68.54      355.51
0192    96.0   886.4     20.61     98.0    1057   245    30.44     27.50     13.05     8     1.3    1058     0   0   0   0    31.1446   -78.8782     3471    59.05     68.18      355.51
0193    96.5   887.0     20.63     98.0    1051   245    30.28     27.36     12.96     8     1.3    1052     0   0   0   0    31.1447   -78.8781     3452    58.74     67.82      355.51
0194    97.0   887.6     20.65     98.0    1045   245    30.12     27.24     12.87     8     1.2    1046     0   0   0   0    31.1447   -78.8779     3433    58.44     67.48      355.50
0195    97.5   888.2     20.67     97.9    1039   245    29.98     27.12     12.79     8     1.2    1040     0   0   0   3    31.1448   -78.8778     3414    58.17     67.16      355.48
0196    98.0   888.8     20.69     97.9    1033   245    29.85     27.00     12.74     8     1.2    1035     0   0   0   0    31.1449   -78.8776     3394    57.92     66.87      355.45
0197    98.5   889.4     20.71     97.9    1027   245    29.74     26.88     12.72     8     1.2    1029     0   0   0   0    31.1449   -78.8775     3375    57.70     66.62      355.42
0198    99.0   890.1     20.73     97.9    1021   245    29.64     26.77     12.73     8     1.1    1023     0   0   0   0    31.1450   -78.8774     3355    57.51     66.40      355.39
0199    99.5   890.7     20.74     97.9    1015   244    29.56     26.66     12.78     8     1.1    1017     0   0   0   0    31.1450   -78.8772     3336    57.35     66.22      355.36
0200   100.0   891.3     20.76     97.9    1009   244    29.50     26.55     12.87     8     1.1    1011     0   0   0   0    31.1451   -78.8771     3316    57.23     66.09      355.33
0201   100.5   891.9     20.78     98.0    1004   244    29.46     26.43     13.00     8     1.1    1005     0   0   0   0    31.1451   -78.8770     3297    57.15     65.98      355.31
0202   101.0   892.5     20.80     98.0     998   243    29.43     26.32     13.15     8     1.1     999     0   0   0   0    31.1452   -78.8768     3277    57.09     65.91      355.29
0203   101.5   893.1     20.82     98.0     992   243    29.41     26.21     13.33     8     1.1     993     0   0   0   0    31.1453   -78.8767     3257    57.05     65.87      355.28
0204   102.0   893.7     20.84     98.0     986   243    29.40     26.11     13.51     8     1.1     987     0   0   0   0    31.1453   -78.8765     3238    57.03     65.85      355.28
0205   102.5   894.3     20.86     98.0     980   242    29.40     26.01     13.70     8     1.1     981     0   0   0   3    31.1454   -78.8764     3218    57.04     65.86      355.28
0206   103.0   894.9     20.88     98.0     974   242    29.41     25.94     13.87     8     1.1     975     0   0   0   0    31.1455   -78.8763     3199    57.06     65.88      355.29
0207   103.5   895.6     20.91     98.1     968   242    29.43     25.88     14.01     8     1.1     969     0   0   0   0    31.1455   -78.8761     3179    57.10     65.93      355.30
0208   104.0   896.2     20.93     98.1     962   241    29.47     25.86     14.13     8     1.1     963     0   0   0   0    31.1456   -78.8760     3160    57.16     66.00      355.31
0209   104.5   896.8     20.96     98.1     956   241    29.51     25.87     14.20     8     1.1     957     0   0   0   3    31.1456   -78.8759     3140    57.25     66.10      355.31
0210   105.0   897.4     20.98     98.1     950   241    29.56     25.90     14.25     8     1.2     951     0   0   0   3    31.1457   -78.8757     3121    57.35     66.22      355.32
0211   105.5   898.0     21.00     98.1     944   241    29.62     25.97     14.25     8     1.2     945     0   0   0   0    31.1458   -78.8756     3102    57.47     66.36      355.31
0212   106.0   898.6     21.03     98.1     938   241    29.69     26.06     14.23     8     1.2     940     0   0   0   0    31.1458   -78.8754     3083    57.60     66.51      355.31
0213   106.5   899.2     21.05     98.1     932   242    29.76     26.16     14.18     8     1.2     934     0   0   0   0    31.1459   -78.8753     3063    57.73     66.66      355.30
0214   107.0   899.8     21.07     98.1     926   242    29.82     26.26     14.13     8     1.1     928     0   0   0   0    31.1460   -78.8752     3044    57.85     66.80      355.28
0215   107.5   900.4     21.09     98.0     921   242    29.88     26.36     14.06     8     1.1     922     0   0   0   0    31.1460   -78.8750     3025    57.96     66.92      355.27
0216   108.0   901.0     21.11     98.0     915   242    29.91     26.43     14.01     8     1.1     916     0   0   0   0    31.1461   -78.8749     3005    58.03     67.01      355.25
0217   108.5   901.6     21.13     98.0     909   242    29.93     26.47     13.97     8     1.0     910     0   0   0   0    31.1462   -78.8748     2986    58.07     67.05      355.24
0218   109.0   902.3     21.15     98.1     903   242    29.93     26.48     13.96     8     1.0     904     0   0   0   0    31.1462   -78.8746     2966    58.07     67.05      355.24
0219   109.5   902.9     21.18     98.1     897   242    29.90     26.43     13.98     8     1.0     898     0   0   0   0    31.1463   -78.8745     2947    58.01     66.99      355.23
0220   110.0   903.5     21.20     98.1     891   242    29.85     26.35     14.03     8      .9     892     0   0   0   0    31.1463   -78.8743     2927    57.92     66.87      355.24
0221   110.5   904.1     21.23     98.1     885   242    29.79     26.23     14.12     8      .9     886     0   0   0   0    31.1464   -78.8742     2907    57.78     66.72      355.25
0222   111.0   904.8     21.25     98.1     879   241    29.70     26.07     14.22     8      .9     880     0   0   0   0    31.1465   -78.8741     2888    57.62     66.53      355.26
0223   111.5   905.4     21.28     98.1     873   241    29.61     25.90     14.35     8      .8     874     0   0   0   0    31.1465   -78.8739     2868    57.44     66.33      355.28
0224   112.0   906.0     21.31     98.1     867   241    29.52     25.71     14.50     8      .8     868     0   0   0   0    31.1466   -78.8738     2848    57.27     66.12      355.30
0225   112.5   906.6     21.34     98.1     861   240    29.44     25.53     14.64     8      .8     862     0   0   0   0    31.1467   -78.8737     2828    57.11     65.94      355.31
0226   113.0   907.3     21.36     98.1     855   240    29.37     25.38     14.79     8      .8     856     0   0   0   0    31.1467   -78.8735     2808    56.98     65.79      355.33
0227   113.5   907.9     21.39     98.1     849   239    29.33     25.25     14.92     8      .7     850     0   0   0   0    31.1468   -78.8734     2788    56.90     65.70      355.33
0228   114.0   908.5     21.42     98.1     843   239    29.33     25.17     15.04     8      .7     844     0   0   0   0    31.1469   -78.8733     2768    56.89     65.69      355.34
0229   114.5   909.2     21.44     98.0     836   239    29.36     25.15     15.16     8      .7     838     0   0   0   0    31.1469   -78.8731     2749    56.96     65.77      355.33
0230   115.0   909.8     21.47     98.0     830   239    29.44     25.17     15.26     8      .6     832     0   0   0   0    31.1470   -78.8730     2729    57.11     65.94      355.32
0231   115.5   910.4     21.49     98.0     824   239    29.56     25.26     15.36     8      .6     826     0   0   0   3    31.1471   -78.8729     2708    57.35     66.22      355.30
0232   116.0   911.1     21.51     98.0     818   239    29.73     25.39     15.46     8      .6     819     0   0   0   0    31.1471   -78.8727     2688    57.67     66.59      355.28
0233   116.5   911.7     21.54     97.9     812   239    29.93     25.56     15.57     8      .5     813     0   0   0   0    31.1472   -78.8726     2668    58.07     67.05      355.24
0234   117.0   912.4     21.56     97.9     806   239    30.17     25.76     15.70     8      .4     807     0   0   0   0    31.1473   -78.8725     2648    58.52     67.57      355.20
0235   117.5   913.0     21.58     97.8     800   239    30.42     25.97     15.84     8      .4     801     0   0   0   0    31.1474   -78.8723     2627    59.02     68.15      355.15
0236   118.0   913.7     21.60     97.7     793   239    30.69     26.18     16.01     8      .3     795     0   0   0   0    31.1474   -78.8722     2607    59.54     68.74      355.09
0237   118.5   914.3     21.62     97.6     787   238    30.96     26.38     16.20     8      .3     788     0   0   0   0    31.1475   -78.8721     2586    60.06     69.34      355.02
0238   119.0   915.0     21.64     97.5     781   238    31.21     26.55     16.41     8      .2     782     0   0   0   0    31.1476   -78.8719     2566    60.55     69.92      354.94
0239   119.5   915.7     21.66     97.4     774   238    31.45     26.68     16.64     8      .2     776     0   0   0   3    31.1477   -78.8718     2545    61.01     70.45      354.85
0240   120.0   916.3     21.68     97.3     768   238    31.66     26.78     16.88     8      .2     769     0   0   0   3    31.1477   -78.8717     2524    61.42     70.92      354.76
0241   120.5   917.0     21.70     97.1     762   237    31.84     26.84     17.13     8      .1     763     0   0   0   0    31.1478   -78.8715     2503    61.76     71.31      354.65
0242   121.0   917.7     21.72     97.0     755   237    31.98     26.85     17.37     8      .1     757     0   0   0   3    31.1479   -78.8714     2482    62.04     71.64      354.53
0243   121.5   918.3     21.73     96.9     749   237    32.09     26.83     17.60     8      .1     750     0   0   0   0    31.1480   -78.8712     2462    62.25     71.87      354.41
0244   122.0   919.0     21.74     96.8     743   236    32.15     26.77     17.80     8      .1     744     0   0   0   0    31.1480   -78.8711     2441    62.38     72.02      354.29
0245   122.5   919.7     21.75     96.7     736   236    32.18     26.69     17.98     8      .1     738     0   0   0   0    31.1481   -78.8710     2420    62.44     72.09      354.17
0246   123.0   920.3     21.76     96.6     730   236    32.18     26.59     18.13     8      .1     731     0   0   0   0    31.1482   -78.8708     2399    62.43     72.08      354.05
0247   123.5   921.0     21.76     96.6     724   235    32.14     26.47     18.24     8      .2     725     0   0   0   0    31.1483   -78.8707     2378    62.36     72.00      353.94
0248   124.0   921.7     21.77     96.6     717   235    32.08     26.34     18.31     8      .2     719     0   0   0   0    31.1484   -78.8706     2358    62.24     71.87      353.84
0249   124.5   922.3     21.77     96.6     711   235    32.00     26.22     18.35     8      .2     712     0   0   0   0    31.1485   -78.8704     2337    62.08     71.68      353.75
0250   125.0   923.0     21.77     96.7     705   235    31.90     26.10     18.35     8      .2     706     0   0   0   0    31.1485   -78.8703     2316    61.89     71.47      353.67
0251   125.5   923.7     21.78     96.7     698   235    31.80     25.99     18.33     8      .3     700     0   0   0   0    31.1486   -78.8701     2296    61.69     71.23      353.61
0252   126.0   924.3     21.78     96.8     692   235    31.69     25.89     18.28     8      .3     694     0   0   0   0    31.1487   -78.8700     2275    61.48     70.99      353.57
0253   126.5   925.0     21.79     96.9     686   235    31.59     25.81     18.21     8      .3     687     0   0   0   0    31.1488   -78.8699     2255    61.28     70.76      353.54
0254   127.0   925.6     21.80     97.0     680   235    31.50     25.75     18.13     8      .4     681     0   0   0   0    31.1489   -78.8697     2234    61.11     70.56      353.52
0255   127.5   926.3     21.82     97.0     674   235    31.42     25.72     18.05     8      .4     675     0   0   0   0    31.1489   -78.8696     2214    60.96     70.38      353.52
0256   128.0   927.0     21.84     97.1     667   235    31.36     25.70     17.97     8      .4     669     0   0   0   0    31.1490   -78.8695     2194    60.85     70.26      353.53
0257   128.5   927.6     21.86     97.1     661   235    31.33     25.71     17.90     8      .5     663     0   0   0   0    31.1491   -78.8693     2174    60.78     70.18      353.55
0258   129.0   928.3     21.89     97.2     655   235    31.32     25.74     17.84     8      .5     656     0   0   0   0    31.1492   -78.8692     2154    60.76     70.15      353.58
0259   129.5   928.9     21.92     97.2     649   235    31.33     25.78     17.80     8      .5     650     0   0   0   0    31.1493   -78.8690     2134    60.77     70.17      353.63
0260   130.0   929.6     21.95     97.3     643   235    31.35     25.82     17.78     8      .5     644     0   0   0   0    31.1493   -78.8689     2113    60.82     70.22      353.69
0261   130.5   930.2     21.99     97.3     637   236    31.39     25.87     17.77     8      .5     638     0   0   0   0    31.1494   -78.8688     2093    60.89     70.31      353.75
0262   131.0   930.9     22.03     97.3     631   236    31.43     25.91     17.79     8      .5     632     0   0   0   0    31.1495   -78.8686     2073    60.98     70.41      353.83
0263   131.5   931.5     22.06     97.4     624   236    31.48     25.95     17.82     8      .5     626     0   0   0   0    31.1496   -78.8685     2053    61.07     70.51      353.93
0264   132.0   932.2     22.11     97.4     618   235    31.53     25.98     17.86     8      .4     620     0   0   0   0    31.1497   -78.8684     2033    61.16     70.62      354.03
0265   132.5   932.8     22.15     97.5     612   235    31.57     25.98     17.93     8      .4     614     0   0   0   0    31.1497   -78.8682     2013    61.24     70.71      354.14
0266   133.0   933.5     22.19     97.5     606   235    31.60     25.97     18.00     8      .4     607     0   0   0   0    31.1498   -78.8681     1993    61.31     70.79      354.25
0267   133.5   934.2     22.23     97.6     600   235    31.62     25.95     18.08     8      .4     601     0   0   0   0    31.1499   -78.8679     1972    61.35     70.84      354.37
0268   134.0   934.8     22.27     97.7     594   235    31.63     25.90     18.17     8      .4     595     0   0   0   0    31.1500   -78.8678     1952    61.37     70.86      354.49
0269   134.5   935.5     22.30     97.8     588   235    31.63     25.83     18.26     8      .4     589     0   0   0   0    31.1501   -78.8677     1932    61.37     70.86      354.61
0270   135.0   936.1     22.34     97.9     581   234    31.62     25.74     18.36     8      .4     583     0   0   0   3    31.1502   -78.8675     1912    61.33     70.82      354.72
0271   135.5   936.8     22.37     98.0     575   234    31.58     25.63     18.46     8      .5     577     0   0   0   0    31.1502   -78.8674     1892    61.27     70.75      354.82
0272   136.0   937.4     22.40     98.1     569   234    31.54     25.51     18.55     8      .5     570     0   0   0   0    31.1503   -78.8673     1871    61.19     70.65      354.90
0273   136.5   938.1     22.44     98.2     563   234    31.48     25.37     18.64     8      .5     564     0   0   0   0    31.1504   -78.8671     1851    61.07     70.52      354.97
0274   137.0   938.8     22.46     98.2     557   233    31.41     25.22     18.73     8      .6     558     0   0   0   0    31.1505   -78.8670     1831    60.94     70.36      355.02
0275   137.5   939.4     22.49     98.3     551   233    31.33     25.06     18.80     8      .6     552     0   0   0   0    31.1506   -78.8669     1812    60.78     70.18      355.06
0276   138.0   940.0     22.52     98.3     545   233    31.24     24.90     18.87     8      .7     546     0   0   0   0    31.1507   -78.8667     1792    60.61     69.98      355.08
0277   138.5   940.7     22.54     98.3     539   233    31.15     24.75     18.92     8      .8     540     0   0   0   0    31.1508   -78.8666     1772    60.44     69.79      355.08
0278   139.0   941.3     22.57     98.3     533   232    31.07     24.62     18.96     8      .8     534     0   0   0   0    31.1508   -78.8665     1753    60.28     69.60      355.08
0279   139.5   942.0     22.59     98.2     527   232    31.00     24.50     18.99     8      .9     528     0   0   0   0    31.1509   -78.8663     1733    60.13     69.43      355.06
0280   140.0   942.6     22.62     98.2     521   232    30.93     24.40     19.01     8      .9     522     0   0   0   0    31.1510   -78.8662     1714    60.01     69.29      355.04
0281   140.5   943.2     22.64     98.1     515   232    30.89     24.34     19.03     8      .9     517     0   0   0   0    31.1511   -78.8661     1695    59.93     69.20      355.02
0282   141.0   943.9     22.67     98.0     509   232    30.87     24.30     19.05     8     1.0     511     0   0   0   0    31.1512   -78.8660     1676    59.89     69.15      355.00
0283   141.5   944.5     22.70     98.0     504   232    30.87     24.28     19.07     8     1.0     505     0   0   0   0    31.1513   -78.8658     1657    59.90     69.16      354.98
0284   142.0   945.1     22.73     97.9     498   232    30.90     24.30     19.09     8     1.0     499     0   0   0   0    31.1514   -78.8657     1638    59.94     69.21      354.97
0285   142.5   945.7     22.76     97.8     492   232    30.94     24.33     19.12     8     1.0     493     0   0   0   0    31.1514   -78.8656     1618    60.02     69.31      354.95
0286   143.0   946.4     22.79     97.7     486   232    31.00     24.37     19.15     8      .9     487     0   0   0   0    31.1515   -78.8654     1599    60.13     69.43      354.94
0287   143.5   947.0     22.82     97.6     480   232    31.06     24.42     19.19     8      .9     482     0   0   0   0    31.1516   -78.8653     1580    60.26     69.58      354.94
0288   144.0   947.6     22.86     97.5     474   232    31.13     24.47     19.23     8      .9     476     0   0   0   0    31.1517   -78.8652     1561    60.39     69.72      354.93
0289   144.5   948.3     22.89     97.4     469   232    31.19     24.52     19.28     8      .8     470     0   0   0   3    31.1518   -78.8651     1542    60.51     69.86      354.93
0290   145.0   948.9     22.93     97.3     463   232    31.24     24.55     19.32     8      .8     464     0   0   0   0    31.1519   -78.8649     1522    60.61     69.98      354.93
0291   145.5   949.6     22.97     97.2     457   232    31.28     24.57     19.36     8      .8     458     0   0   0   0    31.1520   -78.8648     1503    60.69     70.08      354.93
0292   146.0   950.2     23.01     97.1     451   232    31.31     24.58     19.40     8      .7     452     0   0   0   0    31.1520   -78.8647     1483    60.74     70.14      354.93
0293   146.5   950.9     23.04     96.9     445   232    31.32     24.56     19.44     8      .7     446     0   0   0   0    31.1521   -78.8645     1464    60.77     70.16      354.93
0294   147.0   951.5     23.08     96.8     439   232    31.32     24.54     19.47     8      .7     440     0   0   0   0    31.1522   -78.8644     1444    60.76     70.16      354.93
0295   147.5   952.2     23.12     96.7     433   231    31.31     24.50     19.50     8      .6     434     0   0   0   0    31.1523   -78.8643     1424    60.74     70.13      354.93
0296   148.0   952.8     23.16     96.6     427   231    31.29     24.45     19.53     8      .6     428     0   0   0   0    31.1524   -78.8641     1405    60.70     70.09      354.93
0297   148.5   953.5     23.20     96.4     421   231    31.27     24.40     19.56     8      .6     422     0   0   0   0    31.1525   -78.8640     1385    60.66     70.04      354.93
0298   149.0   954.1     23.24     96.3     415   231    31.25     24.35     19.59     8      .6     416     0   0   0   0    31.1526   -78.8639     1365    60.63     70.00      354.94
0299   149.5   954.8     23.29     96.2     409   231    31.24     24.31     19.62     8      .6     410     0   0   0   0    31.1527   -78.8638     1346    60.60     69.98      354.95
0300   150.0   955.4     23.33     96.0     403   231    31.24     24.28     19.66     8      .6     404     0   0   0   0    31.1527   -78.8636     1326    60.60     69.97      354.96
0301   150.5   956.1     23.37     95.9     397   231    31.25     24.26     19.70     8      .6     398     0   0   0   0    31.1528   -78.8635     1306    60.63     70.00      354.98
0302   151.0   956.7     23.41     95.8     391   231    31.28     24.25     19.75     8      .6     392     0   0   0   0    31.1529   -78.8634     1287    60.68     70.06      355.00
0303   151.5   957.4     23.46     95.7     385   231    31.32     24.26     19.81     8      .6     386     0   0   0   0    31.1530   -78.8632     1267    60.76     70.16      355.03
0304   152.0   958.0     23.50     95.6     379   231    31.37     24.28     19.87     8      .6     380     0   0   0   0    31.1531   -78.8631     1247    60.86     70.28      355.06
0305   152.5   958.7     23.55     95.5     373   231    31.44     24.31     19.93     8      .6     374     0   0   0   0    31.1532   -78.8630     1228    60.99     70.42      355.10
0306   153.0   959.3     23.59     95.4     367   231    31.51     24.35     19.99     8      .6     368     0   0   0   0    31.1533   -78.8628     1208    61.13     70.58      355.14
0307   153.5   960.0     23.64     95.3     361   231    31.58     24.40     20.06     8      .5     362     0   0   0   0    31.1534   -78.8627     1188    61.27     70.75      355.18
0308   154.0   960.6     23.68     95.2     355   231    31.66     24.45     20.12     8      .5     356     0   0   0   0    31.1535   -78.8626     1168    61.42     70.92      355.22
0309   154.5   961.3     23.73     95.1     349   231    31.74     24.50     20.19     8      .5     350     0   0   0   0    31.1536   -78.8625     1149    61.58     71.10      355.27
0310   155.0   962.0     23.77     95.0     343   230    31.82     24.55     20.25     8      .5     344     0   0   0   0    31.1537   -78.8623     1129    61.74     71.28      355.32
0311   155.5   962.6     23.82     94.9     337   230    31.90     24.59     20.32     8      .5     338     0   0   0   0    31.1537   -78.8622     1109    61.89     71.46      355.37
0312   156.0   963.3     23.86     94.9     331   230    31.98     24.63     20.40     8      .5     332     0   0   0   0    31.1538   -78.8621     1089    62.05     71.65      355.42
0313   156.5   964.0     23.90     94.8     325   230    32.06     24.67     20.49     8      .5     326     0   0   0   3    31.1539   -78.8619     1069    62.21     71.82      355.48
0314   157.0   964.6     23.94     94.8     319   230    32.14     24.69     20.58     8      .5     320     0   0   0   0    31.1540   -78.8618     1050    62.36     72.00      355.54
0315   157.5   965.3     23.98     94.7     313   230    32.22     24.70     20.69     8      .5     314     0   0   0   0    31.1541   -78.8617     1030    62.50     72.16      355.60
0316   158.0   965.9     24.02     94.7     306   230    32.28     24.69     20.80     8      .5     308     0   0   0   0    31.1542   -78.8615     1010    62.63     72.31      355.67
0317   158.5   966.6     24.06     94.7     300   230    32.34     24.65     20.92     8      .5     302     0   0   0   0    31.1543   -78.8614      990    62.73     72.43      355.74
0318   159.0   967.3     24.10     94.8     294   229    32.37     24.60     21.04     8      .4     296     0   0   0   0    31.1544   -78.8613      970    62.80     72.51      355.81
0319   159.5   967.9     24.13     94.8     288   229    32.39     24.53     21.15     8      .4     290     0   0   0   3    31.1545   -78.8612      950    62.83     72.55      355.88
0320   160.0   968.6     24.16     94.9     282   229    32.38     24.43     21.25     8      .4     284     0   0   0   0    31.1546   -78.8610      931    62.82     72.53      355.95
0321   160.5   969.3     24.19     94.9     276   229    32.35     24.32     21.32     8      .4     278     0   0   0   0    31.1547   -78.8609      911    62.75     72.45      356.02
0322   161.0   969.9     24.22     95.0     270   229    32.28     24.20     21.37     8      .4     272     0   0   0   0    31.1548   -78.8608      891    62.63     72.31      356.08
0323   161.5   970.6     24.25     95.0     264   228    32.20     24.06     21.39     8      .4     265     0   0   0   3    31.1549   -78.8606      871    62.46     72.12      356.15
0324   162.0   971.3     24.28     95.1     258   228    32.09     23.93     21.38     8      .4     259     0   0   0   0    31.1550   -78.8605      851    62.26     71.88      356.20
0325   162.5   971.9     24.31     95.2     252   228    31.97     23.81     21.34     8      .4     253     0   0   0   0    31.1551   -78.8604      831    62.02     71.61      356.25
0326   163.0   972.6     24.34     95.2     246   228    31.85     23.70     21.27     8      .5     247     0   0   0   0    31.1552   -78.8603      811    61.78     71.33      356.30
0327   163.5   973.3     24.37     95.2     240   228    31.72     23.61     21.19     8      .5     241     0   0   0   0    31.1553   -78.8602      791    61.54     71.06      356.34
0328   164.0   973.9     24.40     95.2     234   228    31.61     23.54     21.10     8      .6     235     0   0   0   0    31.1554   -78.8600      772    61.33     70.81      356.37
0329   164.5   974.6     24.43     95.2     228   228    31.52     23.50     21.00     8      .6     229     0   0   0   0    31.1554   -78.8599      752    61.15     70.60      356.40
0330   165.0   975.3     24.46     95.1     222   228    31.45     23.49     20.91     8      .7     223     0   0   0   0    31.1555   -78.8598      733    61.01     70.45      356.43
0331   165.5   975.9     24.50     95.1     216   228    31.41     23.49     20.84     8      .8     217     0   0   0   0    31.1556   -78.8597      713    60.93     70.35      356.45
0332   166.0   976.5     24.53     95.0     210   229    31.39     23.51     20.79     8      .9     212     0   0   0   0    31.1557   -78.8595      694    60.89     70.31      356.47
0333   166.5   977.2     24.57     94.9     205   229    31.39     23.54     20.76     8     1.0     206     0   0   0   0    31.1558   -78.8594      676    60.90     70.32      356.49
0334   167.0   977.8     24.61     94.8     199   229    31.41     23.57     20.76     8     1.1     200     0   0   0   0    31.1559   -78.8593      657    60.94     70.37      356.51
0335   167.5   978.4     24.65     94.7     193   229    31.44     23.60     20.78     8     1.2     195     3   3   3   0    31.1560   -78.8592      638    61.00     70.43      356.52
0336   168.0   979.1     24.70     94.5     188   229    31.48     23.62     20.81     8     1.3     189     0   0   0   3    31.1561   -78.8591      620    61.06     70.51      356.53
0337   168.5   979.7     24.74     94.4     182   229    31.50     23.61     20.85     8     1.4     183     0   0   0   0    31.1562   -78.8589      602    61.12     70.57      356.54
0338   169.0   980.3     24.78     94.2     177   228    31.52     23.59     20.90     8     1.5     178     0   0   0   0    31.1563   -78.8588      584    61.14     70.59      356.55
0339   169.5   980.9     24.82     94.1     171   228    31.51     23.55     20.94     8     1.5     173     0   0   0   0    31.1564   -78.8587      566    61.13     70.58      356.57
0340   170.0   981.5     24.87     93.9     166   228    31.48     23.48     20.97     8     1.6     167     0   0   0   0    31.1565   -78.8586      548    61.07     70.51      356.58
0341   170.5   982.1     24.91     93.8     160   228    31.42     23.39     20.98     8     1.6     162     0   0   0   0    31.1566   -78.8584      530    60.96     70.39      356.60
0342   171.0   982.7     24.96     93.6     155   228    31.35     23.29     20.98     8     1.6     156     3   3   3   0    31.1567   -78.8583      513    60.81     70.22      356.62
0343   171.5   983.3     25.00     93.5     150   228    31.25     23.17     20.96     8     1.7     151     0   0   0   0    31.1568   -78.8582      495    60.62     70.00      356.65
0344   172.0   983.9     25.05     93.4     144   228    31.13     23.05     20.93     8     1.7     145     0   0   0   3    31.1569   -78.8581      477    60.40     69.74      356.69
0345   172.5   984.5     25.10     93.2     139   228    31.00     22.91     20.89     8     1.7     140     3   3   3   0    31.1570   -78.8580      460    60.15     69.45      356.74
0346   173.0   985.1     25.15     93.1     133   228    30.87     22.77     20.84     8     1.7     135     3   3   3   3    31.1570   -78.8578      442    59.89     69.15      356.81
0347   173.5   985.7     25.19     93.1     128   227    30.73     22.63     20.80     7     1.7     129     3   3   3   3    31.1571   -78.8577      424    59.62     68.84      356.89
0348   174.0   986.3     25.24     93.0     123   227    30.61     22.49     20.76     7     1.7     124     3   3   3   0    31.1572   -78.8576      407    59.38     68.56      356.98
0349   174.5   986.9     25.29     92.9     117   227    30.49     22.36     20.73     7     1.7     119     3   3   3   3    31.1573   -78.8575      389    59.16     68.30      357.09
0350   175.0   987.5     25.34     92.9     112   227    30.39     22.23     20.72     7     1.7     113     3   3   3   3    31.1574   -78.8574      372    58.96     68.08      357.22
0351   175.5   988.1     25.39     92.9     107   227    30.31     22.11     20.73     7     1.8     108     3   3   3   3    31.1575   -78.8573      354    58.81     67.90      357.36
0352   176.0   988.7     25.45     92.9     101   227    30.24     21.99     20.76     7     1.8     103     3   3   3   3    31.1576   -78.8571      337    58.67     67.75      357.50
0353   176.5   989.3     25.50     92.9      96   226    30.18     21.87     20.81     7     1.8      97     3   3   3   3    31.1577   -78.8570      319    58.56     67.61      357.65
0354   177.0   989.9     25.55     92.9      91   226    30.13     21.75     20.85     7     1.8      92     3   3   3   3    31.1578   -78.8569      302    58.45     67.49      357.80
0355   177.5   990.5     25.60     92.9      85   226    30.08     21.63     20.90     7     1.8      87     3   3   3   3    31.1579   -78.8568      284    58.35     67.37      357.95
0356   178.0   991.1     25.65     92.9      80   226    30.02     21.52     20.93     6     1.8      81     3   3   3   3    31.1580   -78.8567      267    58.24     67.25      358.09
0357   178.5   991.7     25.70     92.9      75   226    29.96     21.41     20.96     6     1.8      76     3   3   3   3    31.1581   -78.8566      249    58.12     67.10      358.22
0358   179.0   992.3     25.75     92.9      69   225    29.88     21.30     20.97     6     1.8      71     3   3   3   3    31.1582   -78.8565      232    57.97     66.94      358.36
0359   179.5   992.8     25.80     92.8      64   225    29.81     21.19     20.96     6     1.8      65     3   3   3   3    31.1583   -78.8563      215    57.82     66.76      358.49
0360   180.0   993.4     25.85     92.8      59   225    29.72     21.09     20.94     6     1.9      60     3   3   3   3    31.1584   -78.8562      197    57.66     66.58      358.63
0361   180.5   994.0     25.90     92.8      54   225    29.63     21.00     20.90     6     1.9      55     3   3   3   3    31.1585   -78.8561      180    57.49     66.38      358.77
0362   181.0   994.6     25.95     92.8      48   225    29.53     20.92     20.84     6     2.0      50     3   3   3   0    31.1586   -78.8560      163    57.30     66.16      358.91
0363   181.5   995.2     26.00     92.8      43   225    29.42     20.86     20.75     6     2.0      44     3   3   3   3    31.1586   -78.8559      146    57.08     65.90      359.05
0364   182.0   995.8     26.05     92.8      38   225    29.28     20.80     20.61     6     2.2      39     3   3   3   0    31.1587   -78.8558      129    56.81     65.60      359.19
0365   182.5   996.4     26.10     92.8      33   226    29.11     20.78     20.40     8     2.4      34     3   3   3   0    31.1588   -78.8557      112    56.48     65.22      359.34
0366   183.0   996.9     26.15     92.7      28   226    28.89     20.76     20.09     8     2.5      29     0   0   0   0    31.1589   -78.8556       95    56.05     64.71      359.49
0367   183.5   997.5     26.21     92.7      23   226    28.57     20.69     19.70     8     2.6      24     3   3   3   0    31.1590   -78.8555       79    55.42     63.99      359.65
0368   184.0   998.0     26.26     92.7      18   227    28.01     20.37     19.22     8     2.7      19     0   0   0   0    31.1591   -78.8554       63    54.34     62.74      359.81
0369   184.5   998.5     26.32     92.6      14   228    27.24     20.08     18.40     7     2.7      15     0   0   0   0    31.1592   -78.8553       49    52.84     61.01      359.95
0370   185.0   999.0     26.37     92.5       9   226    26.51     19.22     18.26     8     2.8      10     0   0   0   0    31.1593   -78.8552       34    51.43     59.38      360.03
0371   185.5   999.6     26.44     93.4       4  -999  -999.00   -999.00   -999.00  -999     2.9       5     0   0   0   0    31.1593   -78.8551       17  -999.00   -999.00      360.88
