 ===========================================================================
 DROPWINDSONDE PROCESSING RECORD                            Sonde: 153815019
 FRD file written by Aspen V3.3-236, 20 Jun 2016 10:47 UTC
 Aircraft: AFRC C-130J, ---                  Date: 160620   Time: 104150 UTC
 ---------------------------------------------------------------------------
 Bias corrections:  PR =   0.0 mb  TE =   0.0 C  RH =   0.0 %  PRB =  0.0 mb
 Filters (LPF):     PTH = 
 Dyn RH correction = 
 Estimated PR used = 
 Dyn T correction  = 
 ---------------------------------------------------------------------------
 COMMENT: none, Good Drop; TDDryBiasCorrApplied
 ===========================================================================

 ===========================================================================
 Date: 160620   Lat:  20.64 N   TA:   17.0 C   PS:  842.9 mb   WD:    99 deg
 Time: 104150   Lon:  95.91 W   TD:    8.0 C   GA:   1558 m    WS:   8.5 m/s
 SID:  153815019                RH:   55.0 %   Navaid:   GP
 ===========================================================================

IX      t (s)  P (mb)    T (C)    RH (%)  Z (m)   WD    WS (m/s)   U (m/s)   V (m/s)  NS  WZ (m/s)  ZW (m)   FP  FT  FH  FW    LAT (N)   LON (E)
0001     0.0  -999.0   -999.00   -999.0    -999  -999  -999.00   -999.00   -999.00     8  -999.0    -999     0   0   0   0      20.635   -95.915
0002     0.3  -999.0   -999.00   -999.0    -999  -999  -999.00   -999.00   -999.00     9  -999.0    -999     0   0   0   0    -999.000  -999.000
0003     0.5  -999.0   -999.00   -999.0    -999  -999  -999.00   -999.00   -999.00     9  -999.0    -999     0   0   0   0      20.635   -95.915
0004     0.8  -999.0   -999.00   -999.0    -999  -999  -999.00   -999.00   -999.00    10  -999.0    -999     0   0   0   0    -999.000  -999.000
0005     1.0  -999.0   -999.00   -999.0    -999  -999  -999.00   -999.00   -999.00    12  -999.0    -999     0   0   0   0      20.635   -95.915
0006     1.3  -999.0   -999.00   -999.0    -999  -999  -999.00   -999.00   -999.00    12  -999.0    -999     0   0   0   0    -999.000  -999.000
0007     1.5  -999.0   -999.00   -999.0    -999  -999  -999.00   -999.00   -999.00    12  -999.0    -999     0   0   0   0      20.635   -95.915
0008     1.8  -999.0   -999.00   -999.0    -999  -999  -999.00   -999.00   -999.00    12  -999.0    -999     0   0   0   0    -999.000  -999.000
0009     2.0  -999.0   -999.00   -999.0    -999  -999  -999.00   -999.00   -999.00    14  -999.0    -999     0   0   0   0      20.635   -95.915
0010     2.3  -999.0   -999.00   -999.0    -999  -999  -999.00   -999.00   -999.00    14  -999.0    -999     0   0   0   0    -999.000  -999.000
0011     2.5  -999.0   -999.00   -999.0    -999  -999  -999.00   -999.00   -999.00    14  -999.0    -999     0   0   0   0    -999.000  -999.000
0012     2.8  -999.0   -999.00   -999.0    -999  -999  -999.00   -999.00   -999.00    14  -999.0    -999     0   0   0   0    -999.000  -999.000
0013     3.0  -999.0   -999.00   -999.0    -999  -999  -999.00   -999.00   -999.00    14  -999.0    -999     0   0   0   0      20.635   -95.915
0014     3.3  -999.0   -999.00   -999.0    -999  -999  -999.00   -999.00   -999.00    14  -999.0    -999     0   0   0   0    -999.000  -999.000
0015     3.5  -999.0   -999.00   -999.0    -999  -999  -999.00   -999.00   -999.00    14  -999.0    -999     0   0   0   0      20.635   -95.915
0016     3.8  -999.0   -999.00   -999.0    -999  -999  -999.00   -999.00   -999.00    14  -999.0    -999     0   0   0   0    -999.000  -999.000
0017     4.0  -999.0   -999.00   -999.0    -999  -999  -999.00   -999.00   -999.00    13  -999.0    -999     0   0   0   0      20.635   -95.915
0018     4.3  -999.0   -999.00   -999.0    -999  -999  -999.00   -999.00   -999.00    14  -999.0    -999     0   0   0   0    -999.000  -999.000
0019     4.5  -999.0   -999.00   -999.0    -999  -999  -999.00   -999.00   -999.00    14  -999.0    -999     0   0   0   0      20.635   -95.915
0020     4.8  -999.0   -999.00   -999.0    -999  -999  -999.00   -999.00   -999.00    14  -999.0    -999     0   0   0   0    -999.000  -999.000
0021     5.0  -999.0   -999.00   -999.0    -999  -999  -999.00   -999.00   -999.00    14  -999.0    -999     0   0   0   0      20.635   -95.915
0022     5.3  -999.0   -999.00   -999.0    -999  -999  -999.00   -999.00   -999.00    13  -999.0    -999     0   0   0   0    -999.000  -999.000
0023     5.5  -999.0   -999.00   -999.0    -999  -999  -999.00   -999.00   -999.00    13  -999.0    -999     0   0   0   0      20.635   -95.915
0024     5.8  -999.0   -999.00   -999.0    -999  -999  -999.00   -999.00   -999.00    14  -999.0    -999     0   0   0   0    -999.000  -999.000
0025     6.0  -999.0   -999.00   -999.0    -999  -999  -999.00   -999.00   -999.00    14  -999.0    -999     0   0   0   0      20.635   -95.915
0026     6.3  -999.0   -999.00   -999.0    -999  -999  -999.00   -999.00   -999.00    14  -999.0    -999     0   0   0   0    -999.000  -999.000
0027     6.5  -999.0   -999.00   -999.0    -999  -999  -999.00   -999.00   -999.00    14  -999.0    -999     0   0   0   0      20.635   -95.915
0028     6.8  -999.0   -999.00   -999.0    -999  -999  -999.00   -999.00   -999.00    14  -999.0    -999     0   0   0   0    -999.000  -999.000
0029     7.0  -999.0   -999.00   -999.0    -999  -999  -999.00   -999.00   -999.00    14  -999.0    -999     0   0   0   0      20.635   -95.915
0030     7.3  -999.0   -999.00   -999.0    -999  -999  -999.00   -999.00   -999.00    14  -999.0    -999     0   0   0   0    -999.000  -999.000
0031     7.5  -999.0   -999.00   -999.0    -999  -999  -999.00   -999.00   -999.00    14  -999.0    -999     0   0   0   0      20.635   -95.915
0032     7.8  -999.0   -999.00   -999.0    -999  -999  -999.00   -999.00   -999.00    14  -999.0    -999     0   0   0   0    -999.000  -999.000
0033     8.0  -999.0   -999.00   -999.0    -999  -999  -999.00   -999.00   -999.00    14  -999.0    -999     0   0   0   0      20.635   -95.915
0034     8.3  -999.0   -999.00   -999.0    -999  -999  -999.00   -999.00   -999.00    14  -999.0    -999     0   0   0   0    -999.000  -999.000
0035     8.5  -999.0   -999.00   -999.0    -999  -999  -999.00   -999.00   -999.00    14  -999.0    -999     0   0   0   0      20.635   -95.915
0036     8.8  -999.0   -999.00   -999.0    -999  -999  -999.00   -999.00   -999.00    14  -999.0    -999     0   0   0   0    -999.000  -999.000
0037     9.0  -999.0   -999.00   -999.0    -999  -999  -999.00   -999.00   -999.00    14  -999.0    -999     0   0   0   0      20.635   -95.915
0038     9.3  -999.0   -999.00   -999.0    -999  -999  -999.00   -999.00   -999.00    14  -999.0    -999     0   0   0   0    -999.000  -999.000
0039     9.5  -999.0   -999.00   -999.0    -999  -999  -999.00   -999.00   -999.00    14  -999.0    -999     0   0   0   0      20.635   -95.915
0040     9.8  -999.0   -999.00   -999.0    -999  -999  -999.00   -999.00   -999.00    14  -999.0    -999     0   0   0   0    -999.000  -999.000
0041    10.0  -999.0   -999.00   -999.0    -999    88     7.07     -7.07     -0.20    14  -999.0    -999     0   0   0   0      20.635   -95.915
0042    10.3  -999.0   -999.00   -999.0    -999  -999  -999.00   -999.00   -999.00    14  -999.0    -999     0   0   0   0    -999.000  -999.000
0043    10.5  -999.0   -999.00   -999.0    -999  -999  -999.00   -999.00   -999.00    14  -999.0    -999     0   0   0   0    -999.000  -999.000
0044    10.8  -999.0   -999.00   -999.0    -999  -999  -999.00   -999.00   -999.00    13  -999.0    -999     0   0   0   0    -999.000  -999.000
0045    11.0  -999.0   -999.00   -999.0    -999    93     6.81     -6.81      0.32    14  -999.0    -999     0   0   0   0      20.635   -95.916
0046    11.3  -999.0   -999.00   -999.0    -999    94     6.76     -6.74      0.45    14  -999.0    -999     0   0   0   0    -999.000  -999.000
0047    11.5  -999.0   -999.00   -999.0    -999    95     6.71     -6.68      0.58    14  -999.0    -999     0   0   0   0      20.635   -95.916
0048    11.8  -999.0   -999.00   -999.0    -999  -999  -999.00   -999.00   -999.00    14  -999.0    -999     0   0   0   0    -999.000  -999.000
0049    12.0   861.9     19.18   -999.0    1367   102     6.30     -6.16      1.32    13    -4.8    1367     0   0   0   0      20.635   -95.916
0050    12.3  -999.0   -999.00   -999.0    -999   103     6.27     -6.11      1.42    14  -999.0    -999     0   0   0   0    -999.000  -999.000
0051    12.5   862.6     19.19   -999.0    1359   104     6.23     -6.05      1.50    14    -4.8    1359     0   0   0   0      20.635   -95.916
0052    12.8  -999.0   -999.00   -999.0    -999   105     6.20     -6.00      1.57    14  -999.0    -999     0   0   0   0    -999.000  -999.000
0053    13.0  -999.0   -999.00   -999.0    -999  -999  -999.00   -999.00   -999.00     0  -999.0    -999     0   0   0   0    -999.000  -999.000
0054    13.3  -999.0   -999.00   -999.0    -999  -999  -999.00   -999.00   -999.00     0  -999.0    -999     0   0   0   0    -999.000  -999.000
0055    13.5   864.2     19.20   -999.0    1344   106     6.04     -5.82      1.64    14    -4.9    1344     0   0   0   0      20.635   -95.916
0056    13.8  -999.0   -999.00   -999.0    -999   106     5.97     -5.75      1.61    14  -999.0    -999     0   0   0   0    -999.000  -999.000
0057    14.0   865.0     19.20   -999.0    1336   105     5.89     -5.68      1.56    14    -5.0    1336     0   0   0   0      20.635   -95.916
0058    14.3  -999.0   -999.00   -999.0    -999   105     5.80     -5.61      1.47    14  -999.0    -999     0   0   0   0    -999.000  -999.000
0059    14.5   865.7     19.20   -999.0    1328   104     5.70     -5.54      1.36    14    -5.0    1328     0   0   0   0      20.635   -95.916
0060    14.8  -999.0   -999.00   -999.0    -999   103     5.61     -5.48      1.22    14  -999.0    -999     0   0   0   0    -999.000  -999.000
0061    15.0   866.5     19.20   -999.0    1320  -999  -999.00   -999.00   -999.00    14    -5.0    1320     0   0   0   0    -999.000  -999.000
0062    15.3  -999.0   -999.00   -999.0    -999    99     5.47     -5.39      0.90    14  -999.0    -999     0   0   0   0    -999.000  -999.000
0063    15.5   867.3     19.21     88.6    1312    98     5.42     -5.37      0.72    14    -5.0    1312     0   0   0   0      20.635   -95.916
0064    15.8  -999.0   -999.00   -999.0    -999    96     5.40     -5.37      0.55    14  -999.0    -999     0   0   0   0    -999.000  -999.000
0065    16.0   868.1     19.22     89.1    1305    94     5.41     -5.39      0.37    14    -5.0    1305     0   0   0   0      20.635   -95.916
0066    16.3  -999.0   -999.00   -999.0    -999    92     5.44     -5.44      0.21    14  -999.0    -999     0   0   0   0    -999.000  -999.000
0067    16.5   868.9     19.23     89.5    1297    91     5.50     -5.50      0.06    14    -4.9    1297     0   0   0   0      20.635   -95.916
0068    16.8  -999.0   -999.00   -999.0    -999    89     5.58     -5.58     -0.07    14  -999.0    -999     0   0   0   0    -999.000  -999.000
0069    17.0   869.6     19.24     89.9    1289    88     5.69     -5.69     -0.19    14    -4.9    1289     0   0   0   0      20.635   -95.916
0070    17.3  -999.0   -999.00   -999.0    -999    87     5.82     -5.81     -0.29    14  -999.0    -999     0   0   0   0    -999.000  -999.000
0071    17.5   870.4     19.26     90.3    1281    86     5.97     -5.96     -0.37    14    -4.9    1281     0   0   0   0      20.635   -95.916
0072    17.8  -999.0   -999.00   -999.0    -999    86     6.14     -6.12     -0.44    14  -999.0    -999     0   0   0   0    -999.000  -999.000
0073    18.0   871.2     19.29     90.7    1274    86     6.33     -6.31     -0.49    14    -4.8    1274     0   0   0   0      20.635   -95.916
0074    18.3  -999.0   -999.00   -999.0    -999    85     6.53     -6.51     -0.52    14  -999.0    -999     0   0   0   0    -999.000  -999.000
0075    18.5   872.0     19.31     91.2    1266    85     6.75     -6.73     -0.55    14    -4.8    1266     0   0   0   0      20.635   -95.916
0076    18.8  -999.0   -999.00   -999.0    -999    85     6.98     -6.96     -0.56    14  -999.0    -999     0   0   0   0    -999.000  -999.000
0077    19.0   872.7     19.34     91.6    1259    86     7.22     -7.20     -0.56    14    -4.7    1259     0   0   0   0      20.635   -95.916
0078    19.3  -999.0   -999.00   -999.0    -999    86     7.47     -7.45     -0.55    14  -999.0    -999     0   0   0   0    -999.000  -999.000
0079    19.5   873.5     19.37     92.2    1251    86     7.71     -7.69     -0.52    14    -4.6    1251     0   0   0   0      20.635   -95.916
0080    19.8  -999.0   -999.00   -999.0    -999    87     7.95     -7.94     -0.48    14  -999.0    -999     0   0   0   0    -999.000  -999.000
0081    20.0   874.2     19.40     92.7    1243    87     8.18     -8.17     -0.42    14    -4.6    1243     0   0   0   0      20.635   -95.916
0082    20.3  -999.0   -999.00   -999.0    -999    88     8.39     -8.38     -0.36    14  -999.0    -999     0   0   0   0    -999.000  -999.000
0083    20.5  -999.0   -999.00   -999.0    -999    88     8.58     -8.58     -0.29    14  -999.0    -999     0   0   0   0      20.635   -95.916
0084    20.8  -999.0   -999.00   -999.0    -999    89     8.75     -8.75     -0.21    14  -999.0    -999     0   0   0   0    -999.000  -999.000
0085    21.0   875.8     19.47     93.5    1228    89     8.89     -8.89     -0.14    14    -4.5    1228     0   0   0   0      20.635   -95.916
0086    21.3  -999.0   -999.00   -999.0    -999    90     9.01     -9.01     -0.06    14  -999.0    -999     0   0   0   0    -999.000  -999.000
0087    21.5   876.5     19.50     93.9    1221    90     9.11     -9.11      0.02    14    -4.5    1221     0   0   0   0      20.635   -95.916
0088    21.8  -999.0   -999.00   -999.0    -999    91     9.19     -9.19      0.10    14  -999.0    -999     0   0   0   0    -999.000  -999.000
0089    22.0   877.3     19.54     94.1    1214    91     9.26     -9.26      0.18    14    -4.4    1214     0   0   0   0      20.635   -95.916
0090    22.3  -999.0   -999.00   -999.0    -999    92     9.33     -9.33      0.26    13  -999.0    -999     0   0   0   0    -999.000  -999.000
0091    22.5   878.0     19.58     94.3    1206    92     9.40     -9.39      0.35    13    -4.4    1206     0   0   0   0      20.635   -95.916
0092    22.8  -999.0   -999.00   -999.0    -999    93     9.47     -9.46      0.43    13  -999.0    -999     0   0   0   0    -999.000  -999.000
0093    23.0   878.8     19.62     94.4    1199    93     9.55     -9.54      0.52    13    -4.4    1199     0   0   0   0      20.635   -95.916
0094    23.3  -999.0   -999.00   -999.0    -999    94     9.65     -9.63      0.61    13  -999.0    -999     0   0   0   0    -999.000  -999.000
0095    23.5   879.5     19.66     94.4    1191    94     9.77     -9.74      0.71    12    -4.4    1191     0   0   0   0      20.635   -95.916
0096    23.8  -999.0   -999.00   -999.0    -999    95     9.89     -9.86      0.80    12  -999.0    -999     0   0   0   0    -999.000  -999.000
0097    24.0   880.3     19.70     94.4    1184    95    10.03     -9.98      0.90    12    -4.3    1184     0   0   0   0      20.635   -95.916
0098    24.3  -999.0   -999.00   -999.0    -999    96    10.16    -10.12      0.99    12  -999.0    -999     0   0   0   0    -999.000  -999.000
0099    24.5   881.0     19.74     94.3    1176    96    10.30    -10.25      1.07    12    -4.3    1176     0   0   0   0      20.635   -95.916
0100    24.8  -999.0   -999.00   -999.0    -999    96    10.44    -10.37      1.14    12  -999.0    -999     0   0   0   0    -999.000  -999.000
0101    25.0   881.8     19.77     94.2    1169    97    10.56    -10.50      1.20    12    -4.3    1169     0   0   0   0      20.635   -95.916
0102    25.3  -999.0   -999.00   -999.0    -999    97    10.68    -10.61      1.24    12  -999.0    -999     0   0   0   0    -999.000  -999.000
0103    25.5   882.5     19.81     94.2    1162    97    10.78    -10.71      1.27    12    -4.3    1162     0   0   0   0      20.635   -95.916
0104    25.8  -999.0   -999.00   -999.0    -999    97    10.87    -10.79      1.28    12  -999.0    -999     0   0   0   0    -999.000  -999.000
0105    26.0   883.3     19.85     94.1    1154    97    10.94    -10.86      1.29    12    -4.2    1154     0   0   0   0      20.635   -95.917
0106    26.3  -999.0   -999.00   -999.0    -999    97    11.00    -10.92      1.29    12  -999.0    -999     0   0   0   0    -999.000  -999.000
0107    26.5   884.0     19.88     94.1    1147    97    11.05    -10.97      1.30    12    -4.2    1147     0   0   0   0      20.635   -95.917
0108    26.8  -999.0   -999.00   -999.0    -999    97    11.09    -11.01      1.31    12  -999.0    -999     0   0   0   0    -999.000  -999.000
0109    27.0   884.8     19.92     94.2    1140    97    11.13    -11.04      1.34    12    -4.2    1140     0   0   0   0      20.635   -95.917
0110    27.3  -999.0   -999.00   -999.0    -999    97    11.15    -11.07      1.39    12  -999.0    -999     0   0   0   0    -999.000  -999.000
0111    27.5   885.5     19.94     94.3    1133    97    11.18    -11.08      1.46    12    -4.1    1133     0   0   0   0      20.635   -95.917
0112    27.8  -999.0   -999.00   -999.0    -999    98    11.19    -11.09      1.55    12  -999.0    -999     0   0   0   0    -999.000  -999.000
0113    28.0   886.3     19.97     94.5    1125    99    11.21    -11.08      1.68    12    -4.1    1125     0   0   0   0      20.635   -95.917
0114    28.3  -999.0   -999.00   -999.0    -999    99    11.21    -11.06      1.83    12  -999.0    -999     0   0   0   0    -999.000  -999.000
0115    28.5   887.0     19.99     94.7    1118   100    11.21    -11.03      2.01    11    -4.0    1118     0   0   0   0      20.635   -95.917
0116    28.8  -999.0   -999.00   -999.0    -999   101    11.20    -10.98      2.22    11  -999.0    -999     0   0   0   0    -999.000  -999.000
0117    29.0   887.8     20.01     94.9    1111   103    11.19    -10.92      2.46    11    -4.0    1111     0   0   0   0      20.635   -95.917
0118    29.3  -999.0   -999.00   -999.0    -999   104    11.17    -10.83      2.72    11  -999.0    -999     0   0   0   0    -999.000  -999.000
0119    29.5   888.5     20.03     95.2    1104   106    11.14    -10.73      3.00    11    -3.9    1104     0   0   0   0      20.635   -95.917
0120    29.8  -999.0   -999.00   -999.0    -999   107    11.10    -10.60      3.29    11  -999.0    -999     0   0   0   0    -999.000  -999.000
0121    30.0   889.2     20.04     95.5    1096   109    11.05    -10.45      3.59    11    -3.9    1096     0   0   0   0      20.635   -95.917
0122    30.3  -999.0   -999.00   -999.0    -999   111    10.98    -10.27      3.90    11  -999.0    -999     0   0   0   0    -999.000  -999.000
0123    30.5   890.0     20.06     95.7    1089   113    10.90    -10.06      4.21    11    -3.8    1089     0   0   0   0      20.635   -95.917
0124    30.8  -999.0   -999.00   -999.0    -999   115    10.80     -9.82      4.50    11  -999.0    -999     0   0   0   0    -999.000  -999.000
0125    31.0   890.7     20.08     95.9    1082   117    10.68     -9.55      4.79    11    -3.8    1082     0   0   0   0      20.635   -95.917
0126    31.3  -999.0   -999.00   -999.0    -999   119    10.55     -9.26      5.05    11  -999.0    -999     0   0   0   0    -999.000  -999.000
0127    31.5   891.4     20.10     96.0    1075   121    10.39     -8.94      5.28    12    -3.8    1075     0   0   0   0      20.635   -95.917
0128    31.8  -999.0   -999.00   -999.0    -999   123    10.21     -8.61      5.49    11  -999.0    -999     0   0   0   0    -999.000  -999.000
0129    32.0   892.1     20.13     96.1    1068   124    10.01     -8.26      5.65    10    -3.7    1068     0   0   0   0      20.635   -95.917
0130    32.3  -999.0   -999.00   -999.0    -999   126     9.79     -7.90      5.78    10  -999.0    -999     0   0   0   0    -999.000  -999.000
0131    32.5   892.9     20.15     96.1    1061  -999  -999.00   -999.00   -999.00     0    -3.7    1061     0   0   0   0    -999.000  -999.000
0132    32.8  -999.0   -999.00   -999.0    -999   129     9.29     -7.19      5.89    10  -999.0    -999     0   0   0   0    -999.000  -999.000
0133    33.0   893.6     20.18     96.1    1054   131     9.01     -6.84      5.87    10    -3.8    1054     0   0   0   0      20.635   -95.917
0134    33.3  -999.0   -999.00   -999.0    -999   132     8.71     -6.51      5.79    10  -999.0    -999     0   0   0   0    -999.000  -999.000
0135    33.5   894.3     20.22     96.0    1047   132     8.39     -6.19      5.67    10    -3.8    1047     0   0   0   0      20.635   -95.917
0136    33.8  -999.0   -999.00   -999.0    -999   133     8.05     -5.89      5.49    10  -999.0    -999     0   0   0   0    -999.000  -999.000
0137    34.0   895.0     20.25     95.8    1040   133     7.70     -5.62      5.26    10    -3.8    1040     0   0   0   0      20.635   -95.917
0138    34.3  -999.0   -999.00   -999.0    -999   133     7.32     -5.37      4.98    10  -999.0    -999     0   0   0   0    -999.000  -999.000
0139    34.5   895.8     20.29     95.6    1033   132     6.94     -5.15      4.65    10    -3.9    1033     0   0   0   0      20.635   -95.917
0140    34.8  -999.0   -999.00   -999.0    -999   131     6.54     -4.95      4.27    10  -999.0    -999     0   0   0   0    -999.000  -999.000
0141    35.0   896.5     20.33     95.3    1026   129     6.14     -4.78      3.86    10    -4.0    1026     0   0   0   0      20.635   -95.917
0142    35.3  -999.0   -999.00   -999.0    -999   126     5.76     -4.64      3.41    11  -999.0    -999     0   0   0   0    -999.000  -999.000
0143    35.5   897.3     20.37     95.0    1018   123     5.39     -4.52      2.93    11    -4.0    1018     0   0   0   0      20.636   -95.917
0144    35.8  -999.0   -999.00   -999.0    -999   119     5.06     -4.44      2.44    12  -999.0    -999     0   0   0   0    -999.000  -999.000
0145    36.0   898.0     20.40     94.6    1011   114     4.78     -4.37      1.93    12    -4.1    1011     0   0   0   0      20.636   -95.917
0146    36.3  -999.0   -999.00   -999.0    -999   108     4.57     -4.34      1.43    12  -999.0    -999     0   0   0   0    -999.000  -999.000
0147    36.5   898.7     20.44     94.3    1004  -999  -999.00   -999.00   -999.00    12    -4.2    1004     0   0   0   0    -999.000  -999.000
0148    36.8  -999.0   -999.00   -999.0    -999  -999  -999.00   -999.00   -999.00    12  -999.0    -999     0   0   0   0    -999.000  -999.000
0149    37.0   899.5     20.47     94.0     997  -999  -999.00   -999.00   -999.00    12    -4.3     997     0   0   0   0      20.636   -95.917
0150    37.3  -999.0   -999.00   -999.0    -999    85     4.49     -4.47     -0.35    12  -999.0    -999     0   0   0   0    -999.000  -999.000
0151    37.5   900.2     20.51     93.7     990    81     4.64     -4.59     -0.69    12    -4.4     990     0   0   0   0      20.636   -95.918
0152    37.8  -999.0   -999.00   -999.0    -999    78     4.83     -4.74     -0.97    12  -999.0    -999     0   0   0   0    -999.000  -999.000
0153    38.0   901.0     20.54     93.4     982    77     5.05     -4.92     -1.18    12    -4.4     982     0   0   0   0      20.636   -95.918
0154    38.3  -999.0   -999.00   -999.0    -999    76     5.29     -5.13     -1.32    11  -999.0    -999     0   0   0   0    -999.000  -999.000
0155    38.5   901.8     20.57     93.2     975    75     5.54     -5.36     -1.39    12    -4.4     975     0   0   0   0      20.636   -95.918
0156    38.8  -999.0   -999.00   -999.0    -999    76     5.79     -5.62     -1.39    12  -999.0    -999     0   0   0   0    -999.000  -999.000
0157    39.0   902.6     20.61     93.1     967  -999  -999.00   -999.00   -999.00    12    -4.4     967     0   0   0   0    -999.000  -999.000
0158    39.3  -999.0   -999.00   -999.0    -999    79     6.28     -6.15     -1.23    12  -999.0    -999     0   0   0   0    -999.000  -999.000
0159    39.5   903.3     20.64     93.0     960    80     6.51     -6.42     -1.08    11    -4.2     960     0   0   0   0      20.636   -95.918
0160    39.8  -999.0   -999.00   -999.0    -999    83     6.74     -6.68     -0.88    12  -999.0    -999     0   0   0   0    -999.000  -999.000
0161    40.0   904.1     20.68     93.0     952    85     6.95     -6.92     -0.64    12    -4.0     952     0   0   0   0      20.636   -95.918
0162    40.3  -999.0   -999.00   -999.0    -999    87     7.16     -7.15     -0.38    12  -999.0    -999     0   0   0   0    -999.000  -999.000
0163    40.5   904.9     20.72     93.0     945    89     7.34     -7.34     -0.10    13    -3.7     945     0   0   0   0      20.636   -95.918
0164    40.8  -999.0   -999.00   -999.0    -999    91     7.51     -7.51      0.19    13  -999.0    -999     0   0   0   0    -999.000  -999.000
0165    41.0  -999.0   -999.00   -999.0    -999  -999  -999.00   -999.00   -999.00     0  -999.0    -999     0   0   0   0    -999.000  -999.000
0166    41.3  -999.0   -999.00   -999.0    -999  -999  -999.00   -999.00   -999.00     0  -999.0    -999     0   0   0   0    -999.000  -999.000
0167    41.5   906.3     20.79     93.2     931    97     7.91     -7.84      1.03    13    -2.9     931     0   0   0   0      20.636   -95.918
0168    41.8  -999.0   -999.00   -999.0    -999    99     8.00     -7.90      1.28    13  -999.0    -999     0   0   0   0    -999.000  -999.000
0169    42.0   907.0     20.82     93.3     925   101     8.08     -7.94      1.50    13    -2.4     925     0   0   0   0      20.636   -95.918
0170    42.3  -999.0   -999.00   -999.0    -999   102     8.13     -7.96      1.70    13  -999.0    -999     0   0   0   0    -999.000  -999.000
0171    42.5   907.6     20.85     93.5     919   103     8.17     -7.96      1.87    13    -1.9     919     0   0   0   0      20.636   -95.918
0172    42.8  -999.0   -999.00   -999.0    -999   104     8.20     -7.95      2.01    13  -999.0    -999     0   0   0   0    -999.000  -999.000
0173    43.0   908.3     20.87     93.7     913   105     8.21     -7.93      2.12    13    -1.4     913     0   0   0   0      20.636   -95.918
0174    43.3  -999.0   -999.00   -999.0    -999   106     8.21     -7.91      2.21    13  -999.0    -999     0   0   0   0    -999.000  -999.000
0175    43.5   908.8     20.89     93.9     907   106     8.20     -7.87      2.28    13    -1.0     907     0   0   0   0      20.636   -95.918
0176    43.8  -999.0   -999.00   -999.0    -999   107     8.18     -7.84      2.33    13  -999.0    -999     0   0   0   0    -999.000  -999.000
0177    44.0   909.4     20.91     94.2     902   107     8.15     -7.80      2.37    13    -0.6     902     0   0   0   0      20.636   -95.918
0178    44.3  -999.0   -999.00   -999.0    -999  -999  -999.00   -999.00   -999.00     0  -999.0    -999     0   0   0   0    -999.000  -999.000
0179    44.5   909.9     20.93     94.5     897   107     8.09     -7.72      2.41    14    -0.3     897     0   0   0   0      20.636   -95.918
0180    44.8  -999.0   -999.00   -999.0    -999   107     8.05     -7.68      2.41    14  -999.0    -999     0   0   0   0    -999.000  -999.000
0181    45.0   910.5     20.94     94.9     891   108     8.01     -7.64      2.41    14    -0.1     891     0   0   0   0      20.636   -95.918
0182    45.3  -999.0   -999.00   -999.0    -999   108     7.96     -7.59      2.41    14  -999.0    -999     0   0   0   0    -999.000  -999.000
0183    45.5   911.0     20.96     95.2     886   108     7.92     -7.54      2.40    14     0.0     886     0   0   0   0      20.636   -95.918
0184    45.8  -999.0   -999.00   -999.0    -999   108     7.87     -7.50      2.39    14  -999.0    -999     0   0   0   0    -999.000  -999.000
0185    46.0   911.5     20.97     95.4     881  -999  -999.00   -999.00   -999.00    14     0.1     881     0   0   0   0      20.636   -95.918
0186    46.3  -999.0   -999.00   -999.0    -999   108     7.77     -7.40      2.38    14  -999.0    -999     0   0   0   0    -999.000  -999.000
0187    46.5   912.1     20.99     95.7     876   108     7.73     -7.35      2.38    14     0.1     876     0   0   0   0      20.636   -95.918
0188    46.8  -999.0   -999.00   -999.0    -999   108     7.68     -7.31      2.37    14  -999.0    -999     0   0   0   0    -999.000  -999.000
0189    47.0   912.6     21.00     95.8     871   108     7.64     -7.26      2.38    14     0.2     871     0   0   0   0      20.636   -95.918
0190    47.3  -999.0   -999.00   -999.0    -999   108     7.60     -7.22      2.38    14  -999.0    -999     0   0   0   0    -999.000  -999.000
0191    47.5   913.1     21.01     96.0     866   108     7.56     -7.18      2.38    14     0.1     866     0   0   0   0      20.636   -95.918
0192    47.8  -999.0   -999.00   -999.0    -999  -999  -999.00   -999.00   -999.00    14  -999.0    -999     0   0   0   0    -999.000  -999.000
0193    48.0   913.7     21.03     96.1     861   109     7.49     -7.10      2.40    14     0.1     861     0   0   0   0      20.636   -95.918
0194    48.3  -999.0   -999.00   -999.0    -999   109     7.47     -7.07      2.41    14  -999.0    -999     0   0   0   0    -999.000  -999.000
0195    48.5   914.2     21.05     96.2     856   109     7.44     -7.03      2.42    14     0.1     856     0   0   0   0      20.636   -95.918
0196    48.8  -999.0   -999.00   -999.0    -999   109     7.42     -7.01      2.44    14  -999.0    -999     0   0   0   0    -999.000  -999.000
0197    49.0   914.8     21.07     96.2     851   109     7.40     -6.98      2.45    14     0.1     851     0   0   0   0      20.636   -95.918
0198    49.3  -999.0   -999.00   -999.0    -999  -999  -999.00   -999.00   -999.00    14  -999.0    -999     0   0   0   0    -999.000  -999.000
0199    49.5   915.3     21.09     96.3     845   110     7.37     -6.94      2.49    14     0.0     845     0   0   0   0      20.636   -95.918
0200    49.8  -999.0   -999.00   -999.0    -999   110     7.36     -6.92      2.51    14  -999.0    -999     0   0   0   0    -999.000  -999.000
0201    50.0   915.9     21.11     96.3     840   110     7.35     -6.91      2.52    14     0.0     840     0   0   0   0      20.636   -95.918
0202    50.3  -999.0   -999.00   -999.0    -999   110     7.35     -6.90      2.54    14  -999.0    -999     0   0   0   0    -999.000  -999.000
0203    50.5   916.4     21.13     96.4     835   110     7.35     -6.89      2.55    14     0.0     835     0   0   0   0      20.636   -95.918
0204    50.8  -999.0   -999.00   -999.0    -999   110     7.35     -6.89      2.57    14  -999.0    -999     0   0   0   0    -999.000  -999.000
0205    51.0   916.9     21.15     96.4     830   111     7.36     -6.89      2.58    14     0.0     830     0   0   0   0      20.636   -95.918
0206    51.3  -999.0   -999.00   -999.0    -999   111     7.36     -6.89      2.59    14  -999.0    -999     0   0   0   0    -999.000  -999.000
0207    51.5   917.5     21.17     96.5     825   111     7.37     -6.90      2.59    14     0.0     825     0   0   0   0      20.636   -95.918
0208    51.8  -999.0   -999.00   -999.0    -999   111     7.38     -6.91      2.59    14  -999.0    -999     0   0   0   0    -999.000  -999.000
0209    52.0   918.0     21.19     96.5     820   111     7.40     -6.93      2.59    14     0.0     820     0   0   0   0      20.636   -95.918
0210    52.3  -999.0   -999.00   -999.0    -999   110     7.42     -6.95      2.59    14  -999.0    -999     0   0   0   0    -999.000  -999.000
0211    52.5   918.5     21.20     96.5     815   110     7.43     -6.97      2.58    14     0.0     815     0   0   0   0      20.636   -95.918
0212    52.8  -999.0   -999.00   -999.0    -999   110     7.45     -7.00      2.57    14  -999.0    -999     0   0   0   0    -999.000  -999.000
0213    53.0   919.1     21.22     96.6     810   110     7.48     -7.02      2.56    14     0.0     810     0   0   0   0      20.636   -95.919
0214    53.3  -999.0   -999.00   -999.0    -999   110     7.50     -7.05      2.55    14  -999.0    -999     0   0   0   0    -999.000  -999.000
0215    53.5   919.6     21.24     96.6     805   110     7.52     -7.08      2.53    14     0.0     805     0   0   0   0      20.636   -95.919
0216    53.8  -999.0   -999.00   -999.0    -999   110     7.54     -7.10      2.52    14  -999.0    -999     0   0   0   0    -999.000  -999.000
0217    54.0   920.1     21.26     96.7     799   109     7.55     -7.13      2.50    14     0.1     799     0   0   0   0      20.636   -95.919
0218    54.3  -999.0   -999.00   -999.0    -999   109     7.57     -7.15      2.48    14  -999.0    -999     0   0   0   0    -999.000  -999.000
0219    54.5   920.7     21.29     96.7     794   109     7.58     -7.17      2.46    14     0.1     794     0   0   0   0      20.636   -95.919
0220    54.8  -999.0   -999.00   -999.0    -999   109     7.60     -7.19      2.45    14  -999.0    -999     0   0   0   0    -999.000  -999.000
0221    55.0   921.2     21.31     96.8     789   109     7.61     -7.21      2.43    14     0.1     789     0   0   0   0      20.636   -95.919
0222    55.3  -999.0   -999.00   -999.0    -999   108     7.63     -7.23      2.41    14  -999.0    -999     0   0   0   0    -999.000  -999.000
0223    55.5   921.8     21.33     96.9     784   108     7.64     -7.25      2.40    14     0.1     784     0   0   0   0      20.636   -95.919
0224    55.8  -999.0   -999.00   -999.0    -999   108     7.65     -7.28      2.38    14  -999.0    -999     0   0   0   0    -999.000  -999.000
0225    56.0   922.3     21.36     97.0     779   108     7.67     -7.30      2.37    14     0.1     779     0   0   0   0      20.636   -95.919
0226    56.3  -999.0   -999.00   -999.0    -999   108     7.69     -7.32      2.35    14  -999.0    -999     0   0   0   0    -999.000  -999.000
0227    56.5   922.8     21.39     97.1     774  -999  -999.00   -999.00   -999.00    14     0.1     774     0   0   0   0      20.636   -95.919
0228    56.8  -999.0   -999.00   -999.0    -999   108     7.73     -7.37      2.33    14  -999.0    -999     0   0   0   0    -999.000  -999.000
0229    57.0   923.4     21.42     97.2     769   107     7.75     -7.40      2.32    14     0.2     769     0   0   0   0      20.636   -95.919
0230    57.3  -999.0   -999.00   -999.0    -999   107     7.77     -7.42      2.31    14  -999.0    -999     0   0   0   0    -999.000  -999.000
0231    57.5   923.9     21.45     97.3     764   107     7.80     -7.45      2.30    14     0.2     764     0   0   0   0      20.636   -95.919
0232    57.8  -999.0   -999.00   -999.0    -999   107     7.83     -7.49      2.29    14  -999.0    -999     0   0   0   0    -999.000  -999.000
0233    58.0   924.4     21.49     97.5     759   107     7.86     -7.52      2.28    14     0.3     759     0   0   0   0      20.636   -95.919
0234    58.3  -999.0   -999.00   -999.0    -999   107     7.89     -7.55      2.28    14  -999.0    -999     0   0   0   0    -999.000  -999.000
0235    58.5   925.0     21.52     97.6     754   107     7.92     -7.59      2.27    14     0.3     754     0   0   0   0      20.636   -95.919
0236    58.8  -999.0   -999.00   -999.0    -999   107     7.96     -7.63      2.27    14  -999.0    -999     0   0   0   0    -999.000  -999.000
0237    59.0   925.5     21.56     97.7     749   106     7.99     -7.66      2.27    14     0.3     749     0   0   0   0      20.636   -95.919
0238    59.3  -999.0   -999.00   -999.0    -999   106     8.03     -7.70      2.27    14  -999.0    -999     0   0   0   0    -999.000  -999.000
0239    59.5   926.0     21.59     97.8     744   106     8.06     -7.74      2.27    14     0.4     744     0   0   0   0      20.636   -95.919
0240    59.8  -999.0   -999.00   -999.0    -999   106     8.09     -7.77      2.27    14  -999.0    -999     0   0   0   0    -999.000  -999.000
0241    60.0   926.5     21.63     97.9     739   106     8.13     -7.80      2.27    14     0.4     739     0   0   0   0      20.636   -95.919
0242    60.3  -999.0   -999.00   -999.0    -999   106     8.16     -7.84      2.27    14  -999.0    -999     0   0   0   0    -999.000  -999.000
0243    60.5   927.1     21.66     98.0     734   106     8.19     -7.87      2.28    14     0.5     734     0   0   0   0      20.636   -95.919
0244    60.8  -999.0   -999.00   -999.0    -999   106     8.22     -7.89      2.29    14  -999.0    -999     0   0   0   0    -999.000  -999.000
0245    61.0   927.6     21.70     98.1     729   106     8.24     -7.92      2.29    14     0.5     729     0   0   0   0      20.636   -95.919
0246    61.3  -999.0   -999.00   -999.0    -999   106     8.27     -7.94      2.30    14  -999.0    -999     0   0   0   0    -999.000  -999.000
0247    61.5   928.1     21.73     98.1     725   106     8.30     -7.97      2.31    14     0.6     725     0   0   0   0      20.636   -95.919
0248    61.8  -999.0   -999.00   -999.0    -999   106     8.32     -7.99      2.32    14  -999.0    -999     0   0   0   0    -999.000  -999.000
0249    62.0   928.6     21.76     98.2     720   106     8.35     -8.01      2.33    14     0.6     720     0   0   0   0      20.636   -95.919
0250    62.3  -999.0   -999.00   -999.0    -999   106     8.37     -8.04      2.34    14  -999.0    -999     0   0   0   0    -999.000  -999.000
0251    62.5   929.1     21.78     98.2     715   106     8.39     -8.06      2.35    14     0.6     715     0   0   0   0      20.636   -95.919
0252    62.8  -999.0   -999.00   -999.0    -999   106     8.42     -8.08      2.36    14  -999.0    -999     0   0   0   0    -999.000  -999.000
0253    63.0   929.6     21.81     98.2     710   106     8.44     -8.10      2.38    14     0.7     710     0   0   0   0      20.636   -95.919
0254    63.3  -999.0   -999.00   -999.0    -999   106     8.47     -8.13      2.39    14  -999.0    -999     0   0   0   0    -999.000  -999.000
0255    63.5   930.1     21.83     98.2     706   106     8.50     -8.15      2.41    14     0.6     706     0   0   0   0      20.636   -95.919
0256    63.8  -999.0   -999.00   -999.0    -999   107     8.54     -8.18      2.43    14  -999.0    -999     0   0   0   0    -999.000  -999.000
0257    64.0   930.6     21.85     98.2     701   107     8.57     -8.21      2.46    14     0.6     701     0   0   0   0      20.636   -95.919
0258    64.3  -999.0   -999.00   -999.0    -999   107     8.61     -8.24      2.48    14  -999.0    -999     0   0   0   0    -999.000  -999.000
0259    64.5   931.1     21.86     98.2     696   107     8.65     -8.28      2.51    14     0.6     696     0   0   0   0      20.636   -95.919
0260    64.8  -999.0   -999.00   -999.0    -999   107     8.70     -8.32      2.53    14  -999.0    -999     0   0   0   0    -999.000  -999.000
0261    65.0   931.6     21.88     98.3     691   107     8.74     -8.36      2.56    14     0.5     691     0   0   0   0      20.636   -95.919
0262    65.3  -999.0   -999.00   -999.0    -999   107     8.79     -8.41      2.58    14  -999.0    -999     0   0   0   0    -999.000  -999.000
0263    65.5   932.2     21.89     98.3     686   107     8.85     -8.45      2.60    14     0.4     686     0   0   0   0      20.636   -95.919
0264    65.8  -999.0   -999.00   -999.0    -999   107     8.90     -8.51      2.62    14  -999.0    -999     0   0   0   0    -999.000  -999.000
0265    66.0   932.7     21.91     98.3     681   107     8.96     -8.56      2.63    14     0.3     681     0   0   0   0      20.636   -95.919
0266    66.3  -999.0   -999.00   -999.0    -999   107     9.01     -8.62      2.64    14  -999.0    -999     0   0   0   0    -999.000  -999.000
0267    66.5   933.2     21.92     98.3     677   107     9.07     -8.68      2.65    14     0.3     677     0   0   0   0      20.636   -95.920
0268    66.8  -999.0   -999.00   -999.0    -999   107     9.12     -8.73      2.64    14  -999.0    -999     0   0   0   0    -999.000  -999.000
0269    67.0   933.7     21.93     98.3     672   107     9.17     -8.79      2.63    14     0.2     672     0   0   0   0      20.636   -95.920
0270    67.3  -999.0   -999.00   -999.0    -999   106     9.22     -8.84      2.61    14  -999.0    -999     0   0   0   0    -999.000  -999.000
0271    67.5   934.3     21.95     98.3     666   106     9.26     -8.89      2.59    14     0.1     666     0   0   0   0      20.636   -95.920
0272    67.8  -999.0   -999.00   -999.0    -999   106     9.29     -8.93      2.57    13  -999.0    -999     0   0   0   0    -999.000  -999.000
0273    68.0   934.8     21.96     98.3     661   106     9.32     -8.97      2.54    14     0.1     661     0   0   0   0      20.636   -95.920
0274    68.3  -999.0   -999.00   -999.0    -999   106     9.34     -8.99      2.51    14  -999.0    -999     0   0   0   0    -999.000  -999.000
0275    68.5   935.4     21.98     98.4     656   105     9.34     -9.01      2.47    14     0.0     656     0   0   0   0      20.636   -95.920
0276    68.8  -999.0   -999.00   -999.0    -999   105     9.34     -9.02      2.44    14  -999.0    -999     0   0   0   0    -999.000  -999.000
0277    69.0   935.9     21.99     98.4     651   105     9.33     -9.01      2.41    14    -0.0     651     0   0   0   0      20.636   -95.920
0278    69.3  -999.0   -999.00   -999.0    -999   105     9.31     -9.00      2.38    14  -999.0    -999     0   0   0   0    -999.000  -999.000
0279    69.5   936.5     22.01     98.4     646   105     9.28     -8.98      2.35    14    -0.0     646     0   0   0   0      20.636   -95.920
0280    69.8  -999.0   -999.00   -999.0    -999   105     9.24     -8.95      2.32    14  -999.0    -999     0   0   0   0    -999.000  -999.000
0281    70.0   937.0     22.03     98.4     641   104     9.21     -8.91      2.30    14    -0.0     641     0   0   0   0      20.636   -95.920
0282    70.3  -999.0   -999.00   -999.0    -999   104     9.16     -8.88      2.27    14  -999.0    -999     0   0   0   0    -999.000  -999.000
0283    70.5   937.6     22.04     98.4     636   104     9.12     -8.84      2.25    14    -0.1     636     0   0   0   0      20.636   -95.920
0284    70.8  -999.0   -999.00   -999.0    -999   104     9.07     -8.79      2.23    14  -999.0    -999     0   0   0   0    -999.000  -999.000
0285    71.0   938.1     22.06     98.4     631   104     9.03     -8.75      2.22    14    -0.1     631     0   0   0   0      20.636   -95.920
0286    71.3  -999.0   -999.00   -999.0    -999   104     8.99     -8.71      2.20    14  -999.0    -999     0   0   0   0    -999.000  -999.000
0287    71.5   938.7     22.08     98.4     626   104     8.95     -8.67      2.19    14    -0.1     626     0   0   0   0      20.636   -95.920
0288    71.8  -999.0   -999.00   -999.0    -999   104     8.91     -8.64      2.19    14  -999.0    -999     0   0   0   0    -999.000  -999.000
0289    72.0   939.2     22.10     98.3     621   104     8.88     -8.60      2.19    14    -0.1     621     0   0   0   0      20.636   -95.920
0290    72.3  -999.0   -999.00   -999.0    -999   104     8.85     -8.57      2.19    14  -999.0    -999     0   0   0   0    -999.000  -999.000
0291    72.5   939.8     22.12     98.3     615   104     8.82     -8.54      2.20    14    -0.0     615     0   0   0   0      20.636   -95.920
0292    72.8  -999.0   -999.00   -999.0    -999   105     8.80     -8.52      2.21    14  -999.0    -999     0   0   0   0    -999.000  -999.000
0293    73.0   940.3     22.14     98.3     610   105     8.78     -8.49      2.22    14    -0.0     610     0   0   0   0      20.636   -95.920
0294    73.3  -999.0   -999.00   -999.0    -999   105     8.76     -8.47      2.24    14  -999.0    -999     0   0   0   0    -999.000  -999.000
0295    73.5   940.9     22.16     98.3     605   105     8.76     -8.46      2.26    14    -0.0     605     0   0   0   0      20.636   -95.920
0296    73.8  -999.0   -999.00   -999.0    -999   105     8.75     -8.45      2.28    14  -999.0    -999     0   0   0   0    -999.000  -999.000
0297    74.0   941.4     22.18     98.2     600   105     8.75     -8.44      2.31    14    -0.0     600     0   0   0   0      20.636   -95.920
0298    74.3  -999.0   -999.00   -999.0    -999   105     8.76     -8.44      2.33    14  -999.0    -999     0   0   0   0    -999.000  -999.000
0299    74.5   941.9     22.19     98.2     595   106     8.77     -8.45      2.35    14    -0.0     595     0   0   0   0      20.636   -95.920
0300    74.8  -999.0   -999.00   -999.0    -999   106     8.79     -8.46      2.37    14  -999.0    -999     0   0   0   0    -999.000  -999.000
0301    75.0   942.5     22.21     98.1     590   106     8.81     -8.48      2.38    14    -0.0     590     0   0   0   0      20.636   -95.920
0302    75.3  -999.0   -999.00   -999.0    -999   106     8.84     -8.51      2.39    14  -999.0    -999     0   0   0   0    -999.000  -999.000
0303    75.5   943.0     22.23     98.1     585   106     8.86     -8.54      2.40    14    -0.1     585     0   0   0   0      20.636   -95.920
0304    75.8  -999.0   -999.00   -999.0    -999   106     8.90     -8.57      2.39    14  -999.0    -999     0   0   0   0    -999.000  -999.000
0305    76.0   943.6     22.25     98.0     580   106     8.93     -8.61      2.39    14    -0.1     580     0   0   0   0      20.636   -95.920
0306    76.3  -999.0   -999.00   -999.0    -999   105     8.97     -8.65      2.38    14  -999.0    -999     0   0   0   0    -999.000  -999.000
0307    76.5   944.1     22.27     98.0     575   105     9.01     -8.69      2.37    14    -0.1     575     0   0   0   0      20.636   -95.920
0308    76.8  -999.0   -999.00   -999.0    -999   105     9.04     -8.73      2.35    14  -999.0    -999     0   0   0   0    -999.000  -999.000
0309    77.0   944.7     22.30     97.9     570   105     9.08     -8.77      2.33    14    -0.1     570     0   0   0   0      20.636   -95.920
0310    77.3  -999.0   -999.00   -999.0    -999   105     9.11     -8.81      2.30    14  -999.0    -999     0   0   0   0    -999.000  -999.000
0311    77.5   945.2     22.32     97.8     565   104     9.14     -8.85      2.28    14    -0.2     565     0   0   0   0      20.636   -95.920
0312    77.8  -999.0   -999.00   -999.0    -999   104     9.17     -8.89      2.26    14  -999.0    -999     0   0   0   0    -999.000  -999.000
0313    78.0   945.8     22.34     97.8     559   104     9.20     -8.92      2.23    14    -0.2     559     0   0   0   0      20.636   -95.920
0314    78.3  -999.0   -999.00   -999.0    -999   104     9.22     -8.95      2.21    14  -999.0    -999     0   0   0   0    -999.000  -999.000
0315    78.5   946.4     22.37     97.7     554   104     9.25     -8.98      2.20    14    -0.2     554     0   0   0   0      20.636   -95.921
0316    78.8  -999.0   -999.00   -999.0    -999   104     9.27     -9.01      2.18    14  -999.0    -999     0   0   0   0    -999.000  -999.000
0317    79.0   946.9     22.40     97.6     549   104     9.29     -9.04      2.17    14    -0.2     549     0   0   0   0      20.636   -95.921
0318    79.3  -999.0   -999.00   -999.0    -999   103     9.32     -9.06      2.17    14  -999.0    -999     0   0   0   0    -999.000  -999.000
0319    79.5   947.5     22.43     97.5     544   103     9.34     -9.09      2.17    14    -0.1     544     0   0   0   0      20.636   -95.921
0320    79.8  -999.0   -999.00   -999.0    -999   103     9.37     -9.11      2.18    14  -999.0    -999     0   0   0   0    -999.000  -999.000
0321    80.0   948.0     22.46     97.5     539   103     9.40     -9.14      2.19    14    -0.1     539     0   0   0   0      20.636   -95.921
0322    80.3  -999.0   -999.00   -999.0    -999   104     9.44     -9.18      2.20    14  -999.0    -999     0   0   0   0    -999.000  -999.000
0323    80.5   948.6     22.49     97.4     534   104     9.48     -9.21      2.22    14    -0.1     534     0   0   0   0      20.636   -95.921
0324    80.8  -999.0   -999.00   -999.0    -999   104     9.52     -9.25      2.24    14  -999.0    -999     0   0   0   0    -999.000  -999.000
0325    81.0   949.1     22.52     97.4     529   104     9.56     -9.29      2.26    14    -0.1     529     0   0   0   0      20.636   -95.921
0326    81.3  -999.0   -999.00   -999.0    -999   104     9.61     -9.33      2.28    14  -999.0    -999     0   0   0   0    -999.000  -999.000
0327    81.5   949.7     22.55     97.5     524   104     9.66     -9.38      2.30    14    -0.0     524     0   0   0   0      20.636   -95.921
0328    81.8  -999.0   -999.00   -999.0    -999   104     9.71     -9.43      2.32    14  -999.0    -999     0   0   0   0    -999.000  -999.000
0329    82.0   950.2     22.59     97.5     518   104     9.76     -9.47      2.34    14     0.0     518     0   0   0   0      20.636   -95.921
0330    82.3  -999.0   -999.00   -999.0    -999  -999  -999.00   -999.00   -999.00    14  -999.0    -999     0   0   0   0    -999.000  -999.000
0331    82.5   950.8     22.62     97.5     513   104     9.85     -9.56      2.37    14     0.1     513     0   0   0   0      20.636   -95.921
0332    82.8  -999.0   -999.00   -999.0    -999   104     9.89     -9.60      2.38    14  -999.0    -999     0   0   0   0    -999.000  -999.000
0333    83.0   951.3     22.65     97.5     508   104     9.93     -9.64      2.39    14     0.1     508     0   0   0   0      20.636   -95.921
0334    83.3  -999.0   -999.00   -999.0    -999   104     9.98     -9.68      2.40    14  -999.0    -999     0   0   0   0    -999.000  -999.000
0335    83.5   951.9     22.68     97.6     503   104    10.01     -9.72      2.41    14     0.2     503     0   0   0   0      20.636   -95.921
0336    83.8  -999.0   -999.00   -999.0    -999   104    10.05     -9.76      2.41    14  -999.0    -999     0   0   0   0    -999.000  -999.000
0337    84.0   952.4     22.71     97.6     498   104    10.09     -9.79      2.41    14     0.2     498     0   0   0   0      20.636   -95.921
0338    84.3  -999.0   -999.00   -999.0    -999   104    10.12     -9.83      2.42    14  -999.0    -999     0   0   0   0    -999.000  -999.000
0339    84.5   953.0     22.74     97.7     494   104    10.16     -9.86      2.42    14     0.3     494     0   0   0   0      20.637   -95.921
0340    84.8  -999.0   -999.00   -999.0    -999   104    10.19     -9.89      2.42    14  -999.0    -999     0   0   0   0    -999.000  -999.000
0341    85.0   953.5     22.77     97.7     489   104    10.22     -9.93      2.42    14     0.3     489     0   0   0   0      20.637   -95.921
0342    85.3  -999.0   -999.00   -999.0    -999   104    10.24     -9.95      2.43    14  -999.0    -999     0   0   0   0    -999.000  -999.000
0343    85.5  -999.0   -999.00   -999.0    -999   104    10.27     -9.98      2.43    14  -999.0    -999     0   0   0   0      20.637   -95.921
0344    85.8  -999.0   -999.00   -999.0    -999  -999  -999.00   -999.00   -999.00    14  -999.0    -999     0   0   0   0    -999.000  -999.000
0345    86.0   954.5     22.81     97.8     479   104    10.32    -10.02      2.45    14     0.3     479     0   0   0   0      20.637   -95.921
0346    86.3  -999.0   -999.00   -999.0    -999   104    10.34    -10.04      2.45    14  -999.0    -999     0   0   0   0    -999.000  -999.000
0347    86.5   955.1     22.84     97.8     474   104    10.35    -10.06      2.46    14     0.3     474     0   0   0   0      20.637   -95.921
0348    86.8  -999.0   -999.00   -999.0    -999   104    10.37    -10.07      2.47    14  -999.0    -999     0   0   0   0    -999.000  -999.000
0349    87.0   955.6     22.86     97.8     469   104    10.38    -10.08      2.48    14     0.3     469     0   0   0   0      20.637   -95.921
0350    87.3  -999.0   -999.00   -999.0    -999   104    10.39    -10.09      2.49    14  -999.0    -999     0   0   0   0    -999.000  -999.000
0351    87.5   956.1     22.88     97.8     464   104    10.40    -10.10      2.50    14     0.3     464     0   0   0   0      20.637   -95.921
0352    87.8  -999.0   -999.00   -999.0    -999   104    10.41    -10.10      2.51    14  -999.0    -999     0   0   0   0    -999.000  -999.000
0353    88.0   956.7     22.91     97.8     459   104    10.42    -10.11      2.52    14     0.3     459     0   0   0   0      20.637   -95.921
0354    88.3  -999.0   -999.00   -999.0    -999   104    10.43    -10.12      2.53    14  -999.0    -999     0   0   0   0    -999.000  -999.000
0355    88.5   957.2     22.93     97.7     455   104    10.44    -10.13      2.54    14     0.2     455     0   0   0   0      20.637   -95.921
0356    88.8  -999.0   -999.00   -999.0    -999   104    10.46    -10.14      2.55    14  -999.0    -999     0   0   0   0    -999.000  -999.000
0357    89.0   957.7     22.96     97.7     450   104    10.48    -10.16      2.56    14     0.2     450     0   0   0   0      20.637   -95.921
0358    89.3  -999.0   -999.00   -999.0    -999   104    10.50    -10.18      2.57    14  -999.0    -999     0   0   0   0    -999.000  -999.000
0359    89.5   958.3     22.98     97.7     445   104    10.52    -10.20      2.58    14     0.2     445     0   0   0   0      20.637   -95.922
0360    89.8  -999.0   -999.00   -999.0    -999   104    10.56    -10.23      2.59    14  -999.0    -999     0   0   0   0    -999.000  -999.000
0361    90.0   958.8     23.00     97.8     440   104    10.59    -10.27      2.60    14     0.2     440     0   0   0   0      20.637   -95.922
0362    90.3  -999.0   -999.00   -999.0    -999   104    10.63    -10.30      2.62    14  -999.0    -999     0   0   0   0    -999.000  -999.000
0363    90.5   959.4     23.03     97.8     435   104    10.67    -10.34      2.63    14     0.2     435     0   0   0   0      20.637   -95.922
0364    90.8  -999.0   -999.00   -999.0    -999   104    10.71    -10.38      2.65    14  -999.0    -999     0   0   0   0    -999.000  -999.000
0365    91.0   959.9     23.06     97.8     430   104    10.75    -10.42      2.67    14     0.2     430     0   0   0   0      20.637   -95.922
0366    91.3  -999.0   -999.00   -999.0    -999   104    10.80    -10.46      2.68    14  -999.0    -999     0   0   0   0    -999.000  -999.000
0367    91.5   960.5     23.08     97.9     425   104    10.84    -10.50      2.70    14     0.2     425     0   0   0   0      20.637   -95.922
0368    91.8  -999.0   -999.00   -999.0    -999   104    10.88    -10.54      2.72    14  -999.0    -999     0   0   0   0    -999.000  -999.000
0369    92.0   961.0     23.11     98.0     420   104    10.92    -10.58      2.73    14     0.2     420     0   0   0   0      20.637   -95.922
0370    92.3  -999.0   -999.00   -999.0    -999   105    10.96    -10.61      2.75    14  -999.0    -999     0   0   0   0    -999.000  -999.000
0371    92.5   961.5     23.15     98.1     415   105    11.00    -10.65      2.77    14     0.2     415     0   0   0   0      20.637   -95.922
0372    92.8  -999.0   -999.00   -999.0    -999   105    11.04    -10.68      2.78    14  -999.0    -999     0   0   0   0    -999.000  -999.000
0373    93.0   962.1     23.18     98.3     410   105    11.07    -10.71      2.79    14     0.2     410     0   0   0   0      20.637   -95.922
0374    93.3  -999.0   -999.00   -999.0    -999   105    11.10    -10.74      2.80    14  -999.0    -999     0   0   0   0    -999.000  -999.000
0375    93.5   962.6     23.22     98.4     405   105    11.13    -10.77      2.80    14     0.2     405     0   0   0   0      20.637   -95.922
0376    93.8  -999.0   -999.00   -999.0    -999   105    11.16    -10.80      2.81    14  -999.0    -999     0   0   0   0    -999.000  -999.000
0377    94.0   963.2     23.26     98.6     400   105    11.19    -10.83      2.80    14     0.2     400     0   0   0   0      20.637   -95.922
0378    94.3  -999.0   -999.00   -999.0    -999   104    11.21    -10.85      2.80    14  -999.0    -999     0   0   0   0    -999.000  -999.000
0379    94.5   963.7     23.30     98.7     395   104    11.23    -10.88      2.79    14     0.2     395     0   0   0   0      20.637   -95.922
0380    94.8  -999.0   -999.00   -999.0    -999   104    11.25    -10.90      2.78    14  -999.0    -999     0   0   0   0    -999.000  -999.000
0381    95.0   964.2     23.34     98.8     390   104    11.27    -10.92      2.76    14     0.2     390     0   0   0   0      20.637   -95.922
0382    95.3  -999.0   -999.00   -999.0    -999   104    11.28    -10.94      2.74    14  -999.0    -999     0   0   0   0    -999.000  -999.000
0383    95.5   964.8     23.39     98.9     385   104    11.29    -10.95      2.73    14     0.2     385     0   0   0   0      20.637   -95.922
0384    95.8  -999.0   -999.00   -999.0    -999   104    11.29    -10.96      2.71    14  -999.0    -999     0   0   0   0    -999.000  -999.000
0385    96.0   965.3     23.43     99.0     380   104    11.30    -10.97      2.69    14     0.2     380     0   0   0   0      20.637   -95.922
0386    96.3  -999.0   -999.00   -999.0    -999   104    11.29    -10.97      2.67    14  -999.0    -999     0   0   0   0    -999.000  -999.000
0387    96.5   965.9     23.47     99.1     376   104    11.29    -10.97      2.65    14     0.2     376     0   0   0   0      20.637   -95.922
0388    96.8  -999.0   -999.00   -999.0    -999   103    11.28    -10.97      2.63    14  -999.0    -999     0   0   0   0    -999.000  -999.000
0389    97.0   966.4     23.50     99.1     371   103    11.27    -10.96      2.62    14     0.2     371     0   0   0   0      20.637   -95.922
0390    97.3  -999.0   -999.00   -999.0    -999   103    11.26    -10.95      2.60    14  -999.0    -999     0   0   0   0    -999.000  -999.000
0391    97.5   966.9     23.54     99.2     366   103    11.25    -10.94      2.59    14     0.2     366     0   0   0   0      20.637   -95.922
0392    97.8  -999.0   -999.00   -999.0    -999   103    11.23    -10.93      2.58    14  -999.0    -999     0   0   0   0    -999.000  -999.000
0393    98.0   967.5     23.57     99.2     361   103    11.22    -10.92      2.57    14     0.2     361     0   0   0   0      20.637   -95.922
0394    98.3  -999.0   -999.00   -999.0    -999   103    11.21    -10.91      2.57    13  -999.0    -999     0   0   0   0    -999.000  -999.000
0395    98.5   968.0     23.60     99.2     356   103    11.20    -10.90      2.57    14     0.2     356     0   0   0   0      20.637   -95.922
0396    98.8  -999.0   -999.00   -999.0    -999   103    11.19    -10.89      2.57    14  -999.0    -999     0   0   0   0    -999.000  -999.000
0397    99.0   968.6     23.62     99.2     351   103    11.18    -10.88      2.59    14     0.1     351     0   0   0   0      20.637   -95.922
0398    99.3  -999.0   -999.00   -999.0    -999   103    11.18    -10.87      2.60    14  -999.0    -999     0   0   0   0    -999.000  -999.000
0399    99.5   969.1     23.65     99.3     346   104    11.18    -10.87      2.62    13     0.1     346     0   0   0   0      20.637   -95.923
0400    99.8  -999.0   -999.00   -999.0    -999   104    11.18    -10.87      2.64    13  -999.0    -999     0   0   0   0    -999.000  -999.000
0401   100.0   969.7     23.67     99.3     341   104    11.19    -10.87      2.67    14     0.1     341     0   0   0   0      20.637   -95.923
0402   100.3  -999.0   -999.00   -999.0    -999   104    11.20    -10.87      2.70    14  -999.0    -999     0   0   0   0    -999.000  -999.000
0403   100.5   970.2     23.68     99.3     336   104    11.21    -10.87      2.73    14     0.1     336     0   0   0   0      20.637   -95.923
0404   100.8  -999.0   -999.00   -999.0    -999   104    11.23    -10.88      2.77    14  -999.0    -999     0   0   0   0    -999.000  -999.000
0405   101.0   970.8     23.70     99.3     331   104    11.24    -10.89      2.80    14     0.1     331     0   0   0   0      20.637   -95.923
0406   101.3  -999.0   -999.00   -999.0    -999   105    11.26    -10.90      2.83    14  -999.0    -999     0   0   0   0    -999.000  -999.000
0407   101.5   971.3     23.71     99.3     326   105    11.28    -10.91      2.86    14     0.0     326     0   0   0   0      20.637   -95.923
0408   101.8  -999.0   -999.00   -999.0    -999   105    11.30    -10.92      2.88    14  -999.0    -999     0   0   0   0    -999.000  -999.000
0409   102.0   971.9     23.73     99.3     321   105    11.32    -10.94      2.91    14     0.0     321     0   0   0   0      20.637   -95.923
0410   102.3  -999.0   -999.00   -999.0    -999   105    11.34    -10.95      2.92    14  -999.0    -999     0   0   0   0    -999.000  -999.000
0411   102.5   972.4     23.74     99.3     316   105    11.36    -10.97      2.94    13     0.0     316     0   0   0   0      20.637   -95.923
0412   102.8  -999.0   -999.00   -999.0    -999   105    11.38    -10.99      2.95    13  -999.0    -999     0   0   0   0    -999.000  -999.000
0413   103.0   973.0     23.75     99.4     311   105    11.41    -11.02      2.96    14     0.0     311     0   0   0   0      20.637   -95.923
0414   103.3  -999.0   -999.00   -999.0    -999   105    11.43    -11.04      2.96    14  -999.0    -999     0   0   0   0    -999.000  -999.000
0415   103.5   973.5     23.76     99.4     306   105    11.46    -11.07      2.96    14     0.0     306     0   0   0   0      20.637   -95.923
0416   103.8  -999.0   -999.00   -999.0    -999   105    11.48    -11.10      2.96    14  -999.0    -999     0   0   0   0    -999.000  -999.000
0417   104.0   974.1     23.77     99.4     301   105    11.50    -11.12      2.95    14     0.0     301     0   0   0   0      20.637   -95.923
0418   104.3  -999.0   -999.00   -999.0    -999   105    11.52    -11.14      2.93    14  -999.0    -999     0   0   0   0    -999.000  -999.000
0419   104.5   974.6     23.79     99.4     296   105    11.53    -11.16      2.92    14     0.0     296     0   0   0   0      20.637   -95.923
0420   104.8  -999.0   -999.00   -999.0    -999   105    11.54    -11.17      2.90    14  -999.0    -999     0   0   0   0    -999.000  -999.000
0421   105.0   975.2     23.80     99.4     291  -999  -999.00   -999.00   -999.00    14    -0.0     291     0   0   0   0      20.637   -95.923
0422   105.3  -999.0   -999.00   -999.0    -999   104    11.55    -11.19      2.87    14  -999.0    -999     0   0   0   0    -999.000  -999.000
0423   105.5   975.7     23.82     99.4     286   104    11.55    -11.20      2.85    14    -0.1     286     0   0   0   0      20.637   -95.923
0424   105.8  -999.0   -999.00   -999.0    -999   104    11.55    -11.20      2.83    14  -999.0    -999     0   0   0   0    -999.000  -999.000
0425   106.0   976.3     23.83     99.4     281   104    11.55    -11.20      2.82    14    -0.1     281     0   0   0   0      20.637   -95.923
0426   106.3  -999.0   -999.00   -999.0    -999   104    11.55    -11.20      2.81    14  -999.0    -999     0   0   0   0    -999.000  -999.000
0427   106.5   976.8     23.85     99.4     276   104    11.55    -11.21      2.80    14    -0.1     276     0   0   0   0      20.637   -95.923
0428   106.8  -999.0   -999.00   -999.0    -999   104    11.56    -11.21      2.80    14  -999.0    -999     0   0   0   0    -999.000  -999.000
0429   107.0   977.4     23.87     99.3     271   104    11.57    -11.22      2.80    14    -0.2     271     0   0   0   0      20.637   -95.923
0430   107.3  -999.0   -999.00   -999.0    -999   104    11.58    -11.23      2.81    14  -999.0    -999     0   0   0   0    -999.000  -999.000
0431   107.5   978.0     23.89     99.3     266   104    11.60    -11.25      2.81    14    -0.2     266     0   0   0   0      20.637   -95.923
0432   107.8  -999.0   -999.00   -999.0    -999   104    11.62    -11.27      2.82    14  -999.0    -999     0   0   0   0    -999.000  -999.000
0433   108.0   978.5     23.91     99.3     261   104    11.64    -11.29      2.83    14    -0.3     261     0   0   0   0      20.637   -95.923
0434   108.3  -999.0   -999.00   -999.0    -999   104    11.67    -11.32      2.84    14  -999.0    -999     0   0   0   0    -999.000  -999.000
0435   108.5   979.1     23.93     99.2     256   104    11.70    -11.35      2.85    14    -0.3     256     0   0   0   0      20.637   -95.923
0436   108.8  -999.0   -999.00   -999.0    -999   104    11.74    -11.39      2.86    14  -999.0    -999     0   0   0   0    -999.000  -999.000
0437   109.0   979.7     23.95     99.1     251   104    11.78    -11.43      2.87    14    -0.3     251     0   0   0   0      20.637   -95.924
0438   109.3  -999.0   -999.00   -999.0    -999   104    11.83    -11.48      2.89    14  -999.0    -999     0   0   0   0    -999.000  -999.000
0439   109.5   980.3     23.97     99.1     245   104    11.89    -11.53      2.90    14    -0.3     245     0   0   0   0      20.637   -95.924
0440   109.8  -999.0   -999.00   -999.0    -999   104    11.95    -11.59      2.91    14  -999.0    -999     0   0   0   0    -999.000  -999.000
0441   110.0   980.8     23.99     99.0     240   104    12.01    -11.65      2.92    14    -0.3     240     0   0   0   0      20.637   -95.924
0442   110.3  -999.0   -999.00   -999.0    -999   104    12.07    -11.71      2.93    14  -999.0    -999     0   0   0   0    -999.000  -999.000
0443   110.5   981.4     24.01     98.9     235   104    12.14    -11.77      2.95    14    -0.3     235     0   0   0   0      20.637   -95.924
0444   110.8  -999.0   -999.00   -999.0    -999   104    12.20    -11.83      2.96    14  -999.0    -999     0   0   0   0    -999.000  -999.000
0445   111.0   982.0     24.03     98.8     230   104    12.26    -11.89      2.98    14    -0.3     230     0   0   0   0      20.637   -95.924
0446   111.3  -999.0   -999.00   -999.0    -999   104    12.31    -11.93      3.00    14  -999.0    -999     0   0   0   0    -999.000  -999.000
0447   111.5   982.6     24.05     98.7     225   104    12.35    -11.98      3.02    14    -0.2     225     0   0   0   0      20.637   -95.924
0448   111.8  -999.0   -999.00   -999.0    -999   104    12.39    -12.01      3.04    14  -999.0    -999     0   0   0   0    -999.000  -999.000
0449   112.0   983.1     24.08     98.6     220   104    12.41    -12.03      3.06    14    -0.2     220     0   0   0   0      20.637   -95.924
0450   112.3  -999.0   -999.00   -999.0    -999   104    12.43    -12.05      3.07    14  -999.0    -999     0   0   0   0    -999.000  -999.000
0451   112.5   983.7     24.11     98.5     215   104    12.44    -12.05      3.08    14    -0.1     215     0   0   0   0      20.637   -95.924
0452   112.8  -999.0   -999.00   -999.0    -999   104    12.44    -12.05      3.09    14  -999.0    -999     0   0   0   0    -999.000  -999.000
0453   113.0   984.3     24.13     98.4     210   104    12.43    -12.04      3.10    14    -0.0     210     0   0   0   0      20.637   -95.924
0454   113.3  -999.0   -999.00   -999.0    -999   105    12.41    -12.01      3.11    14  -999.0    -999     0   0   0   0    -999.000  -999.000
0455   113.5   984.8     24.17     98.3     205   105    12.38    -11.99      3.11    13     0.1     205     0   0   0   0      20.637   -95.924
0456   113.8  -999.0   -999.00   -999.0    -999   105    12.35    -11.95      3.11    14  -999.0    -999     0   0   0   0    -999.000  -999.000
0457   114.0   985.4     24.20     98.2     200   105    12.32    -11.92      3.11    14     0.2     200     0   0   0   0      20.637   -95.924
0458   114.3  -999.0   -999.00   -999.0    -999   105    12.28    -11.88      3.11    14  -999.0    -999     0   0   0   0    -999.000  -999.000
0459   114.5   985.9     24.23     98.1     195   105    12.23    -11.83      3.11    14     0.2     195     0   0   0   0      20.637   -95.924
0460   114.8  -999.0   -999.00   -999.0    -999   105    12.19    -11.79      3.10    14  -999.0    -999     0   0   0   0    -999.000  -999.000
0461   115.0   986.4     24.27     98.0     190   105    12.15    -11.75      3.10    14     0.3     190     0   0   0   0      20.637   -95.924
0462   115.3  -999.0   -999.00   -999.0    -999   105    12.11    -11.71      3.09    14  -999.0    -999     0   0   0   0    -999.000  -999.000
0463   115.5   987.0     24.31     97.8     185   105    12.07    -11.66      3.09    14     0.4     185     0   0   0   0      20.637   -95.924
0464   115.8  -999.0   -999.00   -999.0    -999   105    12.03    -11.62      3.08    14  -999.0    -999     0   0   0   0    -999.000  -999.000
0465   116.0   987.5     24.35     97.7     181   105    11.99    -11.58      3.08    14     0.4     181     0   0   0   0      20.637   -95.924
0466   116.3  -999.0   -999.00   -999.0    -999   105    11.95    -11.55      3.08    14  -999.0    -999     0   0   0   0    -999.000  -999.000
0467   116.5   988.0     24.39     97.6     176   105    11.91    -11.51      3.07    14     0.4     176     0   0   0   0      20.637   -95.924
0468   116.8  -999.0   -999.00   -999.0    -999   105    11.88    -11.47      3.07    14  -999.0    -999     0   0   0   0    -999.000  -999.000
0469   117.0   988.6     24.43     97.4     171   105    11.84    -11.44      3.07    14     0.5     171     0   0   0   0      20.637   -95.924
0470   117.3  -999.0   -999.00   -999.0    -999   105    11.81    -11.40      3.07    14  -999.0    -999     0   0   0   0    -999.000  -999.000
0471   117.5   989.1     24.47     97.3     166   105    11.78    -11.37      3.08    14     0.5     166     0   0   0   0      20.637   -95.925
0472   117.8  -999.0   -999.00   -999.0    -999   105    11.75    -11.34      3.08    14  -999.0    -999     0   0   0   0    -999.000  -999.000
0473   118.0   989.6     24.52     97.1     162   105    11.73    -11.32      3.09    14     0.5     162     0   0   0   0      20.637   -95.925
0474   118.3  -999.0   -999.00   -999.0    -999   105    11.71    -11.29      3.09    14  -999.0    -999     0   0   0   0    -999.000  -999.000
0475   118.5   990.2     24.56     97.0     157   105    11.69    -11.27      3.10    14     0.5     157     0   0   0   0      20.637   -95.925
0476   118.8  -999.0   -999.00   -999.0    -999   105    11.67    -11.25      3.11    14  -999.0    -999     0   0   0   0    -999.000  -999.000
0477   119.0   990.7     24.61     96.9     152   105    11.66    -11.23      3.12    14     0.5     152     0   0   0   0      20.637   -95.925
0478   119.3  -999.0   -999.00   -999.0    -999   106    11.65    -11.22      3.12    13  -999.0    -999     0   0   0   0    -999.000  -999.000
0479   119.5   991.2     24.65     96.8     148   106    11.64    -11.21      3.13    14     0.5     148     0   0   0   0      20.637   -95.925
0480   119.8  -999.0   -999.00   -999.0    -999   106    11.63    -11.19      3.14    14  -999.0    -999     0   0   0   0    -999.000  -999.000
0481   120.0   991.7     24.70     96.7     143   106    11.62    -11.18      3.15    13     0.5     143     0   0   0   0      20.637   -95.925
0482   120.3  -999.0   -999.00   -999.0    -999   106    11.60    -11.17      3.16    13  -999.0    -999     0   0   0   0    -999.000  -999.000
0483   120.5   992.3     24.75     96.6     138   106    11.59    -11.15      3.16    14     0.5     138     0   0   0   0      20.637   -95.925
0484   120.8  -999.0   -999.00   -999.0    -999   106    11.57    -11.13      3.17    14  -999.0    -999     0   0   0   0    -999.000  -999.000
0485   121.0   992.8     24.80     96.5     133   106    11.55    -11.10      3.17    14     0.6     133     0   0   0   0      20.637   -95.925
0486   121.3  -999.0   -999.00   -999.0    -999   106    11.52    -11.08      3.17    14  -999.0    -999     0   0   0   0    -999.000  -999.000
0487   121.5   993.3     24.85     96.4     129   106    11.49    -11.04      3.17    13     0.6     129     0   0   0   0      20.637   -95.925
0488   121.8  -999.0   -999.00   -999.0    -999   106    11.45    -11.01      3.16    13  -999.0    -999     0   0   0   0    -999.000  -999.000
0489   122.0   993.9     24.90     96.4     124   106    11.41    -10.97      3.16    13     0.6     124     0   0   0   0      20.637   -95.925
0490   122.3  -999.0   -999.00   -999.0    -999   106    11.37    -10.92      3.15    14  -999.0    -999     0   0   0   0    -999.000  -999.000
0491   122.5   994.4     24.95     96.4     119   106    11.32    -10.88      3.14    13     0.6     119     0   0   0   0      20.637   -95.925
0492   122.8  -999.0   -999.00   -999.0    -999   106    11.27    -10.83      3.13    13  -999.0    -999     0   0   0   0    -999.000  -999.000
0493   123.0   994.9     25.01     96.4     115   106    11.22    -10.78      3.11    13     0.7     115     0   0   0   0      20.637   -95.925
0494   123.3  -999.0   -999.00   -999.0    -999   106    11.16    -10.72      3.09    13  -999.0    -999     0   0   0   0    -999.000  -999.000
0495   123.5   995.4     25.06     96.5     110   106    11.10    -10.67      3.06    14     0.7     110     0   0   0   0      20.637   -95.925
0496   123.8  -999.0   -999.00   -999.0    -999   106    11.03    -10.61      3.04    14  -999.0    -999     0   0   0   0    -999.000  -999.000
0497   124.0   995.9     25.12     96.5     106  -999  -999.00   -999.00   -999.00    14     0.7     106     0   0   0   0      20.638   -95.925
0498   124.3  -999.0   -999.00   -999.0    -999   106    10.91    -10.50      2.97    14  -999.0    -999     0   0   0   0    -999.000  -999.000
0499   124.5   996.5     25.18     96.6     101   106    10.85    -10.45      2.94    14     0.7     101     0   0   0   0      20.638   -95.925
0500   124.8  -999.0   -999.00   -999.0    -999   106    10.80    -10.40      2.90    13  -999.0    -999     0   0   0   0    -999.000  -999.000
0501   125.0   997.0     25.25     96.7      96   105    10.74    -10.35      2.87    13     0.8      96     0   0   0   0      20.638   -95.925
0502   125.3  -999.0   -999.00   -999.0    -999   105    10.70    -10.32      2.84    12  -999.0    -999     0   0   0   0    -999.000  -999.000
0503   125.5   997.5     25.31     96.7      92   105    10.66    -10.28      2.81    13     0.8      92     0   0   0   0      20.638   -95.925
0504   125.8  -999.0   -999.00   -999.0    -999   105    10.63    -10.25      2.79    14  -999.0    -999     0   0   0   0    -999.000  -999.000
0505   126.0   998.0     25.37     96.6      87   105    10.60    -10.23      2.77    14     0.8      87     0   0   0   0      20.638   -95.925
0506   126.3  -999.0   -999.00   -999.0    -999   105    10.58    -10.22      2.76    13  -999.0    -999     0   0   0   0    -999.000  -999.000
0507   126.5   998.5     25.43     96.5      83   105    10.57    -10.21      2.75    14     0.8      83     0   0   0   0      20.638   -95.925
0508   126.8  -999.0   -999.00   -999.0    -999   105    10.57    -10.21      2.74    13  -999.0    -999     0   0   0   0    -999.000  -999.000
0509   127.0   999.0     25.49     96.4      78   105    10.57    -10.21      2.73    13     0.7      78     0   0   0   0      20.638   -95.926
0510   127.3  -999.0   -999.00   -999.0    -999   105    10.58    -10.22      2.73    14  -999.0    -999     0   0   0   0    -999.000  -999.000
0511   127.5   999.5     25.55     96.2      74   105    10.58    -10.23      2.72    13     0.7      74     0   0   0   0      20.638   -95.926
0512   127.8  -999.0   -999.00   -999.0    -999   105    10.59    -10.24      2.72    13  -999.0    -999     0   0   0   0    -999.000  -999.000
0513   128.0  1000.1     25.60     96.0      69   105    10.60    -10.25      2.71    13     0.7      69     0   0   0   0      20.638   -95.926
0514   128.3  -999.0   -999.00   -999.0    -999   105    10.60    -10.25      2.70    12  -999.0    -999     0   0   0   0    -999.000  -999.000
0515   128.5  1000.6     25.65     95.8      65   105    10.60    -10.25      2.68    14     0.6      65     0   0   0   0      20.638   -95.926
0516   128.8  -999.0   -999.00   -999.0    -999   105    10.59    -10.25      2.66    14  -999.0    -999     0   0   0   0    -999.000  -999.000
0517   129.0  1001.1     25.70     95.5      60   104    10.57    -10.24      2.63    14     0.6      60     0   0   0   0      20.638   -95.926
0518   129.3  -999.0   -999.00   -999.0    -999   104    10.55    -10.23      2.60    13  -999.0    -999     0   0   0   0    -999.000  -999.000
0519   129.5  1001.6     25.75     95.2      55  -999  -999.00   -999.00   -999.00    14     0.5      55     0   0   0   0      20.638   -95.926
0520   129.8  -999.0   -999.00   -999.0    -999   104    10.48    -10.17      2.50    14  -999.0    -999     0   0   0   0    -999.000  -999.000
0521   130.0  1002.2     25.80     94.9      50   104    10.43    -10.14      2.43    14     0.5      50     0   0   0   0      20.638   -95.926
0522   130.3  -999.0   -999.00   -999.0    -999   103    10.37    -10.10      2.36    14  -999.0    -999     0   0   0   0    -999.000  -999.000
0523   130.5  1002.7     25.85     94.6      46   103    10.31    -10.06      2.28    14     0.5      46     0   0   0   0      20.638   -95.926
0524   130.8  -999.0   -999.00   -999.0    -999   102    10.25    -10.01      2.19    14  -999.0    -999     0   0   0   0    -999.000  -999.000
0525   131.0  1003.2     25.89     94.4      41   102    10.17     -9.95      2.10    13     0.4      41     0   0   0   0      20.638   -95.926
0526   131.3  -999.0   -999.00   -999.0    -999   101    10.09     -9.89      2.00    14  -999.0    -999     0   0   0   0    -999.000  -999.000
0527   131.5  1003.8     25.94     94.1      36   101    10.00     -9.82      1.89    14     0.4      36     0   0   0   0      20.638   -95.926
0528   131.8  -999.0   -999.00   -999.0    -999   100     9.93     -9.77      1.76    14  -999.0    -999     0   0   0   0    -999.000  -999.000
0529   132.0  1004.3     25.98     93.9      31    99     9.86     -9.73      1.61    14     0.4      31     0   0   0   0      20.638   -95.926
0530   132.3  -999.0   -999.00   -999.0    -999    98     9.82     -9.71      1.42    13  -999.0    -999     0   0   0   0    -999.000  -999.000
0531   132.5  1004.8     26.03     93.8      27    97     9.79     -9.71      1.22    14     0.4      27     0   0   0   0      20.638   -95.926
0532   132.8  -999.0   -999.00   -999.0    -999    96     9.76     -9.71      1.00    14  -999.0    -999     0   0   0   0    -999.000  -999.000
0533   133.0  1005.4     26.07     93.8      22    95     9.71     -9.68      0.79    14     0.4      22     0   0   0   0      20.638   -95.926
0534   133.3  -999.0   -999.00   -999.0    -999    94     9.65     -9.63      0.59    14  -999.0    -999     0   0   0   0    -999.000  -999.000
0535   133.5  1005.9     26.12     93.9      17    93     9.56     -9.55      0.43    14     0.4      17     0   0   0   0      20.638   -95.926
0536   133.8  -999.0   -999.00   -999.0    -999    92     9.46     -9.45      0.29    14  -999.0    -999     0   0   0   0    -999.000  -999.000
0537   134.0  1006.5     26.17     94.1      12  -999  -999.00   -999.00   -999.00    14     0.3      12     0   0   0   0      20.638   -95.926
0538   134.3  -999.0   -999.00   -999.0    -999    91     9.23     -9.23      0.10    14  -999.0    -999     0   0   0   0    -999.000  -999.000
0539   134.5  1007.0     26.22     94.3       8    90     9.11     -9.11      0.03    14     0.3       8     0   0   0   0      20.638   -95.926
0540   134.8  -999.0   -999.00   -999.0    -999  -999  -999.00   -999.00   -999.00    14  -999.0    -999     0   0   0   0    -999.000  -999.000
0541   135.3  1007.9     26.24     94.4       0  -999  -999.00   -999.00   -999.00  -999  -999.0       0     0   0   0   0    -999.000  -999.000
