 ===========================================================================
 DROPWINDSONDE PROCESSING RECORD                            Sonde: 191930487
 FRD file written by Aspen V3.4.4, 25 Oct 2020 21:20 UTC
 Aircraft: WP-3D Orion, N42RF                Date: 201025   Time: 210108 UTC
 ---------------------------------------------------------------------------
 Bias corrections:  PR =   0.0 mb  TE =   0.0 C  RH =   0.0 %  PRB =  0.0 mb
 Filters (LPF):     PTH = 
 Dyn RH correction = 
 Estimated PR used = 
 Dyn T correction  = 
 ---------------------------------------------------------------------------
 COMMENT: DROP 14, Good Drop
 ===========================================================================

 ===========================================================================
 Date: 201025   Lat:  18.43 N   TA:   18.0 C   PS:  842.1 mb   WD:   156 deg
 Time: 210108   Lon:  82.90 W   TD:   15.8 C   GA:   1542 m    WS:  19.2 m/s
 SID:  191930487                RH:   86.8 %   Navaid:   GP
 ===========================================================================

IX      t (s)  P (mb)    T (C)    RH (%)  Z (m)   WD    WS (m/s)   U (m/s)   V (m/s)  NS  WZ (m/s)  ZW (m)   FP  FT  FH  FW    LAT (N)   LON (E)
0001    0.00  -999.0   -999.00     84.3    -999  -999  -999.00   -999.00   -999.00     8  -999.0    -999     0   0   0   0      18.424   -82.902
0002    0.25  -999.0   -999.00   -999.0    -999  -999  -999.00   -999.00   -999.00     9  -999.0    -999     0   0   0   0    -999.000  -999.000
0003    0.50  -999.0   -999.00     83.9    -999  -999  -999.00   -999.00   -999.00     9  -999.0    -999     0   0   0   0    -999.000  -999.000
0004    0.75  -999.0   -999.00   -999.0    -999  -999  -999.00   -999.00   -999.00    10  -999.0    -999     0   0   0   0    -999.000  -999.000
0005    1.00  -999.0   -999.00     83.5    -999  -999  -999.00   -999.00   -999.00    10  -999.0    -999     0   0   0   0      18.424   -82.902
0006    1.25  -999.0   -999.00   -999.0    -999  -999  -999.00   -999.00   -999.00    10  -999.0    -999     0   0   0   0    -999.000  -999.000
0007    1.50  -999.0   -999.00     83.2    -999  -999  -999.00   -999.00   -999.00    10  -999.0    -999     0   0   0   0    -999.000  -999.000
0008    1.75  -999.0   -999.00   -999.0    -999  -999  -999.00   -999.00   -999.00     7  -999.0    -999     0   0   0   0    -999.000  -999.000
0009    2.00  -999.0   -999.00     82.9    -999  -999  -999.00   -999.00   -999.00    10  -999.0    -999     0   0   0   0      18.424   -82.902
0010    2.25  -999.0   -999.00   -999.0    -999  -999  -999.00   -999.00   -999.00    11  -999.0    -999     0   0   0   0    -999.000  -999.000
0011    2.50  -999.0   -999.00     82.6    -999  -999  -999.00   -999.00   -999.00     9  -999.0    -999     0   0   0   0      18.424   -82.902
0012    2.75  -999.0   -999.00   -999.0    -999  -999  -999.00   -999.00   -999.00    11  -999.0    -999     0   0   0   0    -999.000  -999.000
0013    3.00  -999.0     18.57     82.3    -999  -999  -999.00   -999.00   -999.00    11  -999.0    -999     0   0   0   0      18.424   -82.902
0014    3.25  -999.0   -999.00   -999.0    -999  -999  -999.00   -999.00   -999.00    13  -999.0    -999     0   0   0   0    -999.000  -999.000
0015    3.50  -999.0     18.60     82.1    -999  -999  -999.00   -999.00   -999.00    13  -999.0    -999     0   0   0   0    -999.000  -999.000
0016    3.75  -999.0   -999.00   -999.0    -999  -999  -999.00   -999.00   -999.00     3  -999.0    -999     0   0   0   0    -999.000  -999.000
0017    4.00  -999.0     18.63     81.8    -999  -999  -999.00   -999.00   -999.00    13  -999.0    -999     0   0   0   0      18.424   -82.903
0018    4.25  -999.0   -999.00   -999.0    -999  -999  -999.00   -999.00   -999.00    12  -999.0    -999     0   0   0   0    -999.000  -999.000
0019    4.50   850.6     18.65     81.6    1434  -999  -999.00   -999.00   -999.00    12    -3.6    1434     0   0   0   0      18.424   -82.903
0020    4.75  -999.0   -999.00   -999.0    -999  -999  -999.00   -999.00   -999.00    10  -999.0    -999     0   0   0   0    -999.000  -999.000
0021    5.00   851.3     18.67     81.3    1427  -999  -999.00   -999.00   -999.00    10    -3.3    1427     0   0   0   0      18.424   -82.903
0022    5.25  -999.0   -999.00   -999.0    -999  -999  -999.00   -999.00   -999.00    13  -999.0    -999     0   0   0   0    -999.000  -999.000
0023    5.50   852.0     18.70     81.0    1420  -999  -999.00   -999.00   -999.00    12    -2.9    1420     0   0   0   0      18.424   -82.903
0024    5.75  -999.0   -999.00   -999.0    -999  -999  -999.00   -999.00   -999.00    13  -999.0    -999     0   0   0   0    -999.000  -999.000
0025    6.00   852.6     18.72     80.8    1414  -999  -999.00   -999.00   -999.00    13    -2.5    1414     0   0   0   0      18.424   -82.903
0026    6.25  -999.0   -999.00   -999.0    -999  -999  -999.00   -999.00   -999.00    12  -999.0    -999     0   0   0   0    -999.000  -999.000
0027    6.50   853.3     18.75     80.5    1407  -999  -999.00   -999.00   -999.00    13    -2.1    1407     0   0   0   0      18.424   -82.903
0028    6.75  -999.0   -999.00   -999.0    -999  -999  -999.00   -999.00   -999.00    13  -999.0    -999     0   0   0   0    -999.000  -999.000
0029    7.00   853.9     18.78     80.2    1401  -999  -999.00   -999.00   -999.00    11    -1.8    1401     0   0   0   0      18.424   -82.903
0030    7.25  -999.0   -999.00   -999.0    -999  -999  -999.00   -999.00   -999.00    12  -999.0    -999     0   0   0   0    -999.000  -999.000
0031    7.50   854.5     18.82     79.9    1395  -999  -999.00   -999.00   -999.00    13    -1.4    1395     0   0   0   0      18.425   -82.903
0032    7.75  -999.0   -999.00   -999.0    -999  -999  -999.00   -999.00   -999.00    13  -999.0    -999     0   0   0   0    -999.000  -999.000
0033    8.00   855.1     18.85     79.5    1389  -999  -999.00   -999.00   -999.00    13    -1.1    1389     0   0   0   0      18.425   -82.903
0034    8.25  -999.0   -999.00   -999.0    -999  -999  -999.00   -999.00   -999.00    13  -999.0    -999     0   0   0   0    -999.000  -999.000
0035    8.50   855.6     18.89     79.2    1383  -999  -999.00   -999.00   -999.00    13    -0.8    1383     0   0   0   0      18.425   -82.903
0036    8.75  -999.0   -999.00   -999.0    -999  -999  -999.00   -999.00   -999.00    12  -999.0    -999     0   0   0   0    -999.000  -999.000
0037    9.00   856.2     18.92     78.8    1378  -999  -999.00   -999.00   -999.00    13    -0.5    1378     0   0   0   0      18.425   -82.903
0038    9.25  -999.0   -999.00   -999.0    -999  -999  -999.00   -999.00   -999.00    13  -999.0    -999     0   0   0   0    -999.000  -999.000
0039    9.50   856.7     18.96     78.5    1372  -999  -999.00   -999.00   -999.00    13    -0.3    1372     0   0   0   0      18.425   -82.903
0040    9.75  -999.0   -999.00   -999.0    -999  -999  -999.00   -999.00   -999.00    13  -999.0    -999     0   0   0   0    -999.000  -999.000
0041   10.00   857.2     18.99     78.3    1367   156    21.11     -8.68     19.24    13    -0.1    1367     0   0   0   0      18.425   -82.903
0042   10.25  -999.0   -999.00   -999.0    -999   156    21.12     -8.69     19.25    13  -999.0    -999     0   0   0   0    -999.000  -999.000
0043   10.50   857.8     19.02     78.2    1362   156    21.13     -8.70     19.25    13    -0.0    1362     0   0   0   0      18.425   -82.903
0044   10.75  -999.0   -999.00   -999.0    -999   156    21.13     -8.72     19.25    13  -999.0    -999     0   0   0   0    -999.000  -999.000
0045   11.00   858.3     19.05     78.1    1357   156    21.14     -8.73     19.25    13     0.1    1357     0   0   0   0      18.425   -82.903
0046   11.25  -999.0   -999.00   -999.0    -999   156    21.14     -8.75     19.24    12  -999.0    -999     0   0   0   0    -999.000  -999.000
0047   11.50   858.8     19.07     78.1    1351   155    21.14     -8.77     19.23    12     0.1    1351     0   0   0   0      18.425   -82.903
0048   11.75  -999.0   -999.00   -999.0    -999   155    21.13     -8.79     19.21    12  -999.0    -999     0   0   0   0    -999.000  -999.000
0049   12.00   859.3     19.10     78.2    1346   155    21.12     -8.82     19.19    12     0.2    1346     0   0   0   0      18.425   -82.904
0050   12.25  -999.0   -999.00   -999.0    -999   155    21.11     -8.84     19.17    12  -999.0    -999     0   0   0   0    -999.000  -999.000
0051   12.50   859.8     19.12     78.3    1341   155    21.10     -8.87     19.14    12     0.2    1341     0   0   0   0      18.425   -82.904
0052   12.75  -999.0   -999.00   -999.0    -999   155    21.08     -8.90     19.11    12  -999.0    -999     0   0   0   0    -999.000  -999.000
0053   13.00   860.4     19.14     78.5    1336   155    21.06     -8.93     19.07    12     0.2    1336     0   0   0   0      18.425   -82.904
0054   13.25  -999.0   -999.00   -999.0    -999   155    21.04     -8.97     19.03    12  -999.0    -999     0   0   0   0    -999.000  -999.000
0055   13.50   860.9     19.16     78.7    1330   155    21.02     -9.01     18.99    12     0.2    1330     0   0   0   0      18.425   -82.904
0056   13.75  -999.0   -999.00   -999.0    -999   154    21.00     -9.05     18.95    12  -999.0    -999     0   0   0   0    -999.000  -999.000
0057   14.00   861.4     19.17     79.0    1325   154    20.97     -9.09     18.90    12     0.2    1325     0   0   0   0      18.425   -82.904
0058   14.25  -999.0   -999.00   -999.0    -999   154    20.95     -9.13     18.86    12  -999.0    -999     0   0   0   0    -999.000  -999.000
0059   14.50   861.9     19.18     79.2    1320   154    20.92     -9.17     18.81    12     0.1    1320     0   0   0   0      18.426   -82.904
0060   14.75  -999.0   -999.00   -999.0    -999   154    20.90     -9.22     18.76    12  -999.0    -999     0   0   0   0    -999.000  -999.000
0061   15.00   862.4     19.18     79.5    1315   154    20.88     -9.26     18.71    12     0.1    1315     0   0   0   0      18.426   -82.904
0062   15.25  -999.0   -999.00   -999.0    -999   153    20.85     -9.31     18.66    12  -999.0    -999     0   0   0   0    -999.000  -999.000
0063   15.50   863.0     19.19     79.6    1310   153    20.83     -9.36     18.61    12     0.1    1310     0   0   0   0      18.426   -82.904
0064   15.75  -999.0   -999.00   -999.0    -999   153    20.81     -9.41     18.57    12  -999.0    -999     0   0   0   0    -999.000  -999.000
0065   16.00   863.5     19.19     79.7    1304   153    20.80     -9.46     18.52    13     0.1    1304     0   0   0   0      18.426   -82.904
0066   16.25  -999.0   -999.00   -999.0    -999   153    20.78     -9.51     18.48    13  -999.0    -999     0   0   0   0    -999.000  -999.000
0067   16.50   864.0     19.20     79.6    1299   153    20.77     -9.55     18.44    13     0.1    1299     0   0   0   0      18.426   -82.904
0068   16.75  -999.0   -999.00   -999.0    -999   152    20.75     -9.60     18.40    13  -999.0    -999     0   0   0   0    -999.000  -999.000
0069   17.00   864.5     19.21     79.5    1294   152    20.74     -9.64     18.36    13     0.1    1294     0   0   0   0      18.426   -82.904
0070   17.25  -999.0   -999.00   -999.0    -999   152    20.72     -9.68     18.32    13  -999.0    -999     0   0   0   0    -999.000  -999.000
0071   17.50   865.1     19.22     79.3    1289   152    20.71     -9.72     18.28    13     0.1    1289     0   0   0   0      18.426   -82.904
0072   17.75  -999.0   -999.00   -999.0    -999   152    20.69     -9.76     18.25    13  -999.0    -999     0   0   0   0    -999.000  -999.000
0073   18.00   865.6     19.23     79.1    1283   152    20.68     -9.79     18.21    13     0.1    1283     0   0   0   0      18.426   -82.904
0074   18.25  -999.0   -999.00   -999.0    -999   152    20.66     -9.82     18.18    13  -999.0    -999     0   0   0   0    -999.000  -999.000
0075   18.50   866.1     19.25     78.9    1278   152    20.64     -9.84     18.14    13     0.1    1278     0   0   0   0      18.426   -82.904
0076   18.75  -999.0   -999.00   -999.0    -999   151    20.62     -9.86     18.11    13  -999.0    -999     0   0   0   0    -999.000  -999.000
0077   19.00   866.7     19.27     78.8    1273   151    20.60     -9.87     18.08    13     0.1    1273     0   0   0   0      18.426   -82.904
0078   19.25  -999.0   -999.00   -999.0    -999   151    20.58     -9.89     18.05    13  -999.0    -999     0   0   0   0    -999.000  -999.000
0079   19.50   867.2     19.30     78.7    1268   151    20.56     -9.90     18.02    13     0.1    1268     0   0   0   0      18.426   -82.904
0080   19.75  -999.0   -999.00   -999.0    -999   151    20.54     -9.90     17.99    13  -999.0    -999     0   0   0   0    -999.000  -999.000
0081   20.00   867.7     19.32     78.7    1263   151    20.52     -9.91     17.97    13     0.1    1263     0   0   0   0      18.426   -82.904
0082   20.25  -999.0   -999.00   -999.0    -999   151    20.50     -9.91     17.94    13  -999.0    -999     0   0   0   0    -999.000  -999.000
0083   20.50   868.2     19.35     78.6    1257   151    20.48     -9.91     17.92    13     0.1    1257     0   0   0   0      18.427   -82.904
0084   20.75  -999.0   -999.00   -999.0    -999   151    20.46     -9.91     17.90    13  -999.0    -999     0   0   0   0    -999.000  -999.000
0085   21.00   868.7     19.39     78.5    1252   151    20.44     -9.91     17.88    13     0.1    1252     0   0   0   0      18.427   -82.904
0086   21.25  -999.0   -999.00   -999.0    -999   151    20.42     -9.91     17.85    13  -999.0    -999     0   0   0   0    -999.000  -999.000
0087   21.50   869.3     19.42     78.4    1247   151    20.40     -9.90     17.83    13     0.1    1247     0   0   0   0      18.427   -82.904
0088   21.75  -999.0   -999.00   -999.0    -999   151    20.38     -9.90     17.81    13  -999.0    -999     0   0   0   0    -999.000  -999.000
0089   22.00   869.8     19.46     78.2    1242   151    20.36     -9.90     17.79    13     0.1    1242     0   0   0   0      18.427   -82.904
0090   22.25  -999.0   -999.00   -999.0    -999   151    20.33     -9.90     17.76    13  -999.0    -999     0   0   0   0    -999.000  -999.000
0091   22.50   870.3     19.50     78.0    1237   151    20.31     -9.89     17.74    13     0.1    1237     0   0   0   0      18.427   -82.904
0092   22.75  -999.0   -999.00   -999.0    -999   151    20.29     -9.89     17.72    13  -999.0    -999     0   0   0   0    -999.000  -999.000
0093   23.00   870.8     19.54     77.8    1231   151    20.27     -9.89     17.69    13     0.1    1231     0   0   0   0      18.427   -82.905
0094   23.25  -999.0   -999.00   -999.0    -999   151    20.25     -9.89     17.67    13  -999.0    -999     0   0   0   0    -999.000  -999.000
0095   23.50   871.4     19.58     77.6    1226   151    20.23     -9.88     17.65    13     0.0    1226     0   0   0   0      18.427   -82.905
0096   23.75  -999.0   -999.00   -999.0    -999   151    20.21     -9.88     17.63    13  -999.0    -999     0   0   0   0    -999.000  -999.000
0097   24.00   871.9     19.62     77.5    1221   151    20.20     -9.88     17.61    13     0.0    1221     0   0   0   0      18.427   -82.905
0098   24.25  -999.0   -999.00   -999.0    -999   151    20.18     -9.89     17.60    13  -999.0    -999     0   0   0   0    -999.000  -999.000
0099   24.50   872.4     19.66     77.3    1216   151    20.17     -9.89     17.58    13     0.0    1216     0   0   0   0      18.427   -82.905
0100   24.75  -999.0   -999.00   -999.0    -999   151    20.17     -9.90     17.57    13  -999.0    -999     0   0   0   0    -999.000  -999.000
0101   25.00   872.9     19.70     77.2    1210   151    20.17     -9.90     17.57    13    -0.0    1210     0   0   0   0      18.427   -82.905
0102   25.25  -999.0   -999.00   -999.0    -999   151    20.17     -9.91     17.56    13  -999.0    -999     0   0   0   0    -999.000  -999.000
0103   25.50   873.5     19.74     77.1    1205   151    20.17     -9.92     17.56    13    -0.0    1205     0   0   0   0      18.427   -82.905
0104   25.75  -999.0   -999.00   -999.0    -999   151    20.17     -9.93     17.56    13  -999.0    -999     0   0   0   0    -999.000  -999.000
0105   26.00   874.0     19.77     77.0    1200   150    20.18     -9.94     17.56    13    -0.0    1200     0   0   0   0      18.427   -82.905
0106   26.25  -999.0   -999.00   -999.0    -999   150    20.19     -9.96     17.56    13  -999.0    -999     0   0   0   0    -999.000  -999.000
0107   26.50   874.5     19.81     76.9    1195   150    20.19     -9.97     17.56    13    -0.0    1195     0   0   0   0      18.428   -82.905
0108   26.75  -999.0   -999.00   -999.0    -999   150    20.20     -9.98     17.56    13  -999.0    -999     0   0   0   0    -999.000  -999.000
0109   27.00   875.1     19.84     76.9    1189   150    20.21    -10.00     17.56    13    -0.0    1189     0   0   0   0      18.428   -82.905
0110   27.25  -999.0   -999.00   -999.0    -999   150    20.21    -10.01     17.56    13  -999.0    -999     0   0   0   0    -999.000  -999.000
0111   27.50   875.6     19.87     76.9    1184   150    20.22    -10.02     17.56    13    -0.0    1184     0   0   0   0      18.428   -82.905
0112   27.75  -999.0   -999.00   -999.0    -999   150    20.22    -10.02     17.56    13  -999.0    -999     0   0   0   0    -999.000  -999.000
0113   28.00   876.1     19.90     77.0    1179   150    20.22    -10.03     17.56    13     0.0    1179     0   0   0   0      18.428   -82.905
0114   28.25  -999.0   -999.00   -999.0    -999   150    20.22    -10.03     17.56    13  -999.0    -999     0   0   0   0    -999.000  -999.000
0115   28.50   876.7     19.93     77.2    1174   150    20.22    -10.03     17.55    13     0.0    1174     0   0   0   0      18.428   -82.905
0116   28.75  -999.0   -999.00   -999.0    -999   150    20.21    -10.02     17.55    13  -999.0    -999     0   0   0   0    -999.000  -999.000
0117   29.00   877.2     19.95     77.4    1168   150    20.20    -10.01     17.55    13     0.1    1168     0   0   0   0      18.428   -82.905
0118   29.25  -999.0   -999.00   -999.0    -999   150    20.19     -9.99     17.55    13  -999.0    -999     0   0   0   0    -999.000  -999.000
0119   29.50   877.7     19.98     77.7    1163   150    20.17     -9.96     17.54    13     0.1    1163     0   0   0   0      18.428   -82.905
0120   29.75  -999.0   -999.00   -999.0    -999   150    20.15     -9.92     17.54    14  -999.0    -999     0   0   0   0    -999.000  -999.000
0121   30.00   878.2     20.00     78.0    1158   151    20.12     -9.88     17.53    14     0.1    1158     0   0   0   0      18.428   -82.905
0122   30.25  -999.0   -999.00   -999.0    -999   151    20.09     -9.83     17.53    14  -999.0    -999     0   0   0   0    -999.000  -999.000
0123   30.50   878.8     20.02     78.3    1153   151    20.06     -9.77     17.52    14     0.1    1153     0   0   0   0      18.428   -82.905
0124   30.75  -999.0   -999.00   -999.0    -999   151    20.03     -9.71     17.52    14  -999.0    -999     0   0   0   0    -999.000  -999.000
0125   31.00   879.3     20.04     78.7    1148   151    20.00     -9.64     17.52    14     0.2    1148     0   0   0   0      18.428   -82.905
0126   31.25  -999.0   -999.00   -999.0    -999   151    19.97     -9.57     17.52    14  -999.0    -999     0   0   0   0    -999.000  -999.000
0127   31.50   879.8     20.06     79.0    1143   152    19.94     -9.50     17.53    14     0.2    1143     0   0   0   0      18.428   -82.905
0128   31.75  -999.0   -999.00   -999.0    -999   152    19.91     -9.43     17.53    14  -999.0    -999     0   0   0   0    -999.000  -999.000
0129   32.00   880.3     20.08     79.2    1138   152    19.88     -9.36     17.54    14     0.2    1138     0   0   0   0      18.428   -82.905
0130   32.25  -999.0   -999.00   -999.0    -999   152    19.86     -9.29     17.56    14  -999.0    -999     0   0   0   0    -999.000  -999.000
0131   32.50   880.9     20.11     79.4    1132   152    19.84     -9.22     17.57    14     0.2    1132     0   0   0   0      18.428   -82.905
0132   32.75  -999.0   -999.00   -999.0    -999   153    19.83     -9.15     17.59    14  -999.0    -999     0   0   0   0    -999.000  -999.000
0133   33.00   881.4     20.14     79.5    1127   153    19.82     -9.08     17.62    14     0.1    1127     0   0   0   0      18.429   -82.905
0134   33.25  -999.0   -999.00   -999.0    -999   153    19.81     -9.01     17.64    14  -999.0    -999     0   0   0   0    -999.000  -999.000
0135   33.50   881.9     20.18     79.5    1122   153    19.81     -8.95     17.67    14     0.1    1122     0   0   0   0      18.429   -82.905
0136   33.75  -999.0   -999.00   -999.0    -999   153    19.81     -8.89     17.71    14  -999.0    -999     0   0   0   0    -999.000  -999.000
0137   34.00   882.4     20.22     79.4    1117   154    19.82     -8.83     17.74    14     0.1    1117     0   0   0   0      18.429   -82.906
0138   34.25  -999.0   -999.00   -999.0    -999   154    19.83     -8.78     17.78    14  -999.0    -999     0   0   0   0    -999.000  -999.000
0139   34.50   883.0     20.27     79.1    1112   154    19.85     -8.73     17.82    14     0.1    1112     0   0   0   0      18.429   -82.906
0140   34.75  -999.0   -999.00   -999.0    -999   154    19.87     -8.69     17.87    14  -999.0    -999     0   0   0   0    -999.000  -999.000
0141   35.00   883.5     20.32     78.8    1107   154    19.89     -8.65     17.92    14     0.1    1107     0   0   0   0      18.429   -82.906
0142   35.25  -999.0   -999.00   -999.0    -999   154    19.92     -8.61     17.97    14  -999.0    -999     0   0   0   0    -999.000  -999.000
0143   35.50   884.0     20.37     78.4    1101   155    19.96     -8.58     18.02    14     0.1    1101     0   0   0   0      18.429   -82.906
0144   35.75  -999.0   -999.00   -999.0    -999   155    20.00     -8.55     18.08    14  -999.0    -999     0   0   0   0    -999.000  -999.000
0145   36.00   884.6     20.43     77.9    1096   155    20.04     -8.53     18.13    14     0.0    1096     0   0   0   0      18.429   -82.906
0146   36.25  -999.0   -999.00   -999.0    -999   155    20.08     -8.51     18.19    14  -999.0    -999     0   0   0   0    -999.000  -999.000
0147   36.50   885.1     20.48     77.6    1091   155    20.13     -8.49     18.25    14     0.0    1091     0   0   0   0      18.429   -82.906
0148   36.75  -999.0   -999.00   -999.0    -999   155    20.18     -8.47     18.31    14  -999.0    -999     0   0   0   0    -999.000  -999.000
0149   37.00   885.6     20.53     77.3    1086   155    20.23     -8.46     18.37    14    -0.0    1086     0   0   0   0      18.429   -82.906
0150   37.25  -999.0   -999.00   -999.0    -999   155    20.28     -8.44     18.44    14  -999.0    -999     0   0   0   0    -999.000  -999.000
0151   37.50   886.1     20.57     77.1    1081   156    20.33     -8.43     18.50    14    -0.0    1081     0   0   0   0      18.429   -82.906
0152   37.75  -999.0   -999.00   -999.0    -999   156    20.38     -8.41     18.56    14  -999.0    -999     0   0   0   0    -999.000  -999.000
0153   38.00   886.7     20.60     77.1    1075   156    20.42     -8.39     18.62    14    -0.0    1075     0   0   0   0      18.429   -82.906
0154   38.25  -999.0   -999.00   -999.0    -999   156    20.46     -8.36     18.68    14  -999.0    -999     0   0   0   0    -999.000  -999.000
0155   38.50   887.2     20.62     77.4    1070   156    20.50     -8.32     18.74    14    -0.1    1070     0   0   0   0      18.429   -82.906
0156   38.75  -999.0   -999.00   -999.0    -999   156    20.53     -8.27     18.79    14  -999.0    -999     0   0   0   0    -999.000  -999.000
0157   39.00   887.8     20.62     77.9    1065   156    20.56     -8.21     18.85    13    -0.1    1065     0   0   0   0      18.430   -82.906
0158   39.25  -999.0   -999.00   -999.0    -999   157    20.57     -8.13     18.90    13  -999.0    -999     0   0   0   0    -999.000  -999.000
0159   39.50   888.3     20.61     78.7    1060   157    20.59     -8.05     18.95    13    -0.1    1060     0   0   0   0      18.430   -82.906
0160   39.75  -999.0   -999.00   -999.0    -999   157    20.59     -7.96     18.99    13  -999.0    -999     0   0   0   0    -999.000  -999.000
0161   40.00   888.8     20.58     79.8    1054  -999  -999.00   -999.00   -999.00     3    -0.1    1054     0   0   0   0    -999.000  -999.000
0162   40.25  -999.0   -999.00   -999.0    -999  -999  -999.00   -999.00   -999.00     3  -999.0    -999     0   0   0   0    -999.000  -999.000
0163   40.50   889.4     20.53     81.0    1049   158    20.58     -7.65     19.10    14    -0.0    1049     0   0   0   0      18.430   -82.906
0164   40.75  -999.0   -999.00   -999.0    -999   158    20.56     -7.54     19.13    14  -999.0    -999     0   0   0   0    -999.000  -999.000
0165   41.00   889.9     20.48     82.5    1044   159    20.54     -7.44     19.15    14    -0.0    1044     0   0   0   0      18.430   -82.906
0166   41.25  -999.0   -999.00   -999.0    -999   159    20.52     -7.33     19.17    14  -999.0    -999     0   0   0   0    -999.000  -999.000
0167   41.50   890.4     20.41     84.1    1039   159    20.50     -7.22     19.19    14     0.0    1039     0   0   0   0      18.430   -82.906
0168   41.75  -999.0   -999.00   -999.0    -999   160    20.48     -7.13     19.20    14  -999.0    -999     0   0   0   0    -999.000  -999.000
0169   42.00   891.0     20.34     85.6    1033   160    20.45     -7.03     19.20    14     0.1    1033     0   0   0   0      18.430   -82.906
0170   42.25  -999.0   -999.00   -999.0    -999   160    20.42     -6.95     19.21    14  -999.0    -999     0   0   0   0    -999.000  -999.000
0171   42.50   891.5     20.26     87.1    1028   160    20.40     -6.87     19.20    14     0.1    1028     0   0   0   0      18.430   -82.906
0172   42.75  -999.0   -999.00   -999.0    -999   161    20.37     -6.80     19.20    13  -999.0    -999     0   0   0   0    -999.000  -999.000
0173   43.00   892.0     20.18     88.5    1023   161    20.34     -6.74     19.19    14     0.2    1023     0   0   0   0      18.430   -82.906
0174   43.25  -999.0   -999.00   -999.0    -999   161    20.32     -6.68     19.18    14  -999.0    -999     0   0   0   0    -999.000  -999.000
0175   43.50   892.6     20.12     89.6    1018   161    20.29     -6.64     19.17    14     0.2    1018     0   0   0   0      18.430   -82.906
0176   43.75  -999.0   -999.00   -999.0    -999   161    20.27     -6.60     19.16    14  -999.0    -999     0   0   0   0    -999.000  -999.000
0177   44.00   893.1     20.06     90.4    1013   161    20.24     -6.58     19.14    14     0.3    1013     0   0   0   0      18.430   -82.906
0178   44.25  -999.0   -999.00   -999.0    -999   161    20.22     -6.56     19.13    14  -999.0    -999     0   0   0   0    -999.000  -999.000
0179   44.50   893.6     20.02     91.1    1008   161    20.20     -6.54     19.11    14     0.3    1008     0   0   0   0      18.430   -82.906
0180   44.75  -999.0   -999.00   -999.0    -999   161    20.17     -6.53     19.09    14  -999.0    -999     0   0   0   0    -999.000  -999.000
0181   45.00   894.1     19.99     91.5    1003   161    20.15     -6.52     19.07    14     0.4    1003     0   0   0   0      18.431   -82.906
0182   45.25  -999.0   -999.00   -999.0    -999   161    20.13     -6.52     19.05    14  -999.0    -999     0   0   0   0    -999.000  -999.000
0183   45.50   894.6     19.97     91.7     998   161    20.11     -6.52     19.02    14     0.4     998     0   0   0   0      18.431   -82.906
0184   45.75  -999.0   -999.00   -999.0    -999   161    20.09     -6.52     19.00    14  -999.0    -999     0   0   0   0    -999.000  -999.000
0185   46.00   895.1     19.96     91.8     993   161    20.06     -6.52     18.97    14     0.4     993     0   0   0   0      18.431   -82.906
0186   46.25  -999.0   -999.00   -999.0    -999   161    20.04     -6.52     18.95    14  -999.0    -999     0   0   0   0    -999.000  -999.000
0187   46.50   895.7     19.97     91.8     988   161    20.02     -6.52     18.92    14     0.5     988     0   0   0   0      18.431   -82.906
0188   46.75  -999.0   -999.00   -999.0    -999   161    19.99     -6.52     18.90    13  -999.0    -999     0   0   0   0    -999.000  -999.000
0189   47.00   896.2     19.99     91.6     983   161    19.97     -6.51     18.88    13     0.5     983     0   0   0   0      18.431   -82.907
0190   47.25  -999.0   -999.00   -999.0    -999   161    19.94     -6.50     18.85    14  -999.0    -999     0   0   0   0    -999.000  -999.000
0191   47.50   896.7     20.02     91.5     978   161    19.92     -6.49     18.83    13     0.5     978     0   0   0   0      18.431   -82.907
0192   47.75  -999.0   -999.00   -999.0    -999   161    19.89     -6.47     18.81    13  -999.0    -999     0   0   0   0    -999.000  -999.000
0193   48.00   897.2     20.05     91.2     973   161    19.87     -6.45     18.79    14     0.6     973     0   0   0   0      18.431   -82.907
0194   48.25  -999.0   -999.00   -999.0    -999   161    19.84     -6.43     18.77    14  -999.0    -999     0   0   0   0    -999.000  -999.000
0195   48.50   897.7     20.09     91.0     968   161    19.82     -6.41     18.75    14     0.6     968     0   0   0   0      18.431   -82.907
0196   48.75  -999.0   -999.00   -999.0    -999   161    19.80     -6.39     18.74    14  -999.0    -999     0   0   0   0    -999.000  -999.000
0197   49.00   898.2     20.13     90.7     964   161    19.78     -6.37     18.72    13     0.6     964     0   0   0   0      18.431   -82.907
0198   49.25  -999.0   -999.00   -999.0    -999   161    19.76     -6.34     18.71    14  -999.0    -999     0   0   0   0    -999.000  -999.000
0199   49.50   898.7     20.18     90.5     959   161    19.75     -6.32     18.71    14     0.6     959     0   0   0   0      18.431   -82.907
0200   49.75  -999.0   -999.00   -999.0    -999   161    19.74     -6.30     18.70    14  -999.0    -999     0   0   0   0    -999.000  -999.000
0201   50.00   899.2     20.22     90.2     954   161    19.73     -6.28     18.70    14     0.6     954     0   0   0   0      18.431   -82.907
0202   50.25  -999.0   -999.00   -999.0    -999   161    19.72     -6.27     18.70    14  -999.0    -999     0   0   0   0    -999.000  -999.000
0203   50.50   899.7     20.26     90.0     949   162    19.72     -6.25     18.70    14     0.6     949     0   0   0   0      18.431   -82.907
0204   50.75  -999.0   -999.00   -999.0    -999   162    19.72     -6.24     18.70    14  -999.0    -999     0   0   0   0    -999.000  -999.000
0205   51.00   900.2     20.30     89.7     944   162    19.71     -6.23     18.70    14     0.6     944     0   0   0   0      18.432   -82.907
0206   51.25  -999.0   -999.00   -999.0    -999   162    19.71     -6.22     18.71    14  -999.0    -999     0   0   0   0    -999.000  -999.000
0207   51.50   900.7     20.35     89.5     939   162    19.71     -6.22     18.71    14     0.6     939     0   0   0   0      18.432   -82.907
0208   51.75  -999.0   -999.00   -999.0    -999   162    19.71     -6.22     18.71    14  -999.0    -999     0   0   0   0    -999.000  -999.000
0209   52.00   901.2     20.39     89.3     934   162    19.72     -6.22     18.71    14     0.6     934     0   0   0   0      18.432   -82.907
0210   52.25  -999.0   -999.00   -999.0    -999   162    19.72     -6.22     18.71    14  -999.0    -999     0   0   0   0    -999.000  -999.000
0211   52.50   901.7     20.42     89.1     929   162    19.72     -6.22     18.71    14     0.5     929     0   0   0   0      18.432   -82.907
0212   52.75  -999.0   -999.00   -999.0    -999   162    19.73     -6.23     18.72    13  -999.0    -999     0   0   0   0    -999.000  -999.000
0213   53.00   902.3     20.45     88.9     924   162    19.73     -6.24     18.72    14     0.5     924     0   0   0   0      18.432   -82.907
0214   53.25  -999.0   -999.00   -999.0    -999   162    19.74     -6.25     18.72    14  -999.0    -999     0   0   0   0    -999.000  -999.000
0215   53.50   902.8     20.47     88.9     920   162    19.75     -6.26     18.73    14     0.5     920     0   0   0   0      18.432   -82.907
0216   53.75  -999.0   -999.00   -999.0    -999   161    19.76     -6.28     18.74    14  -999.0    -999     0   0   0   0    -999.000  -999.000
0217   54.00   903.3     20.48     88.9     915   161    19.77     -6.29     18.75    14     0.5     915     0   0   0   0      18.432   -82.907
0218   54.25  -999.0   -999.00   -999.0    -999   161    19.79     -6.31     18.75    14  -999.0    -999     0   0   0   0    -999.000  -999.000
0219   54.50   903.8     20.47     89.1     910   161    19.81     -6.33     18.77    14     0.5     910     0   0   0   0      18.432   -82.907
0220   54.75  -999.0   -999.00   -999.0    -999   161    19.82     -6.36     18.78    14  -999.0    -999     0   0   0   0    -999.000  -999.000
0221   55.00   904.3     20.45     89.4     905   161    19.84     -6.38     18.79    14     0.5     905     0   0   0   0      18.432   -82.907
0222   55.25  -999.0   -999.00   -999.0    -999   161    19.86     -6.41     18.80    14  -999.0    -999     0   0   0   0    -999.000  -999.000
0223   55.50   904.8     20.42     89.8     900   161    19.88     -6.44     18.81    14     0.5     900     0   0   0   0      18.432   -82.907
0224   55.75  -999.0   -999.00   -999.0    -999   161    19.90     -6.48     18.82    14  -999.0    -999     0   0   0   0    -999.000  -999.000
0225   56.00   905.3     20.39     90.3     895   161    19.92     -6.52     18.82    14     0.5     895     0   0   0   0      18.432   -82.907
0226   56.25  -999.0   -999.00   -999.0    -999   161    19.94     -6.56     18.83    14  -999.0    -999     0   0   0   0    -999.000  -999.000
0227   56.50   905.8     20.34     90.9     890   161    19.95     -6.61     18.83    14     0.4     890     0   0   0   0      18.433   -82.907
0228   56.75  -999.0   -999.00   -999.0    -999   161    19.97     -6.66     18.83    14  -999.0    -999     0   0   0   0    -999.000  -999.000
0229   57.00   906.3     20.30     91.4     885   160    19.99     -6.71     18.83    14     0.4     885     0   0   0   0      18.433   -82.907
0230   57.25  -999.0   -999.00   -999.0    -999   160    20.01     -6.77     18.83    14  -999.0    -999     0   0   0   0    -999.000  -999.000
0231   57.50   906.9     20.26     92.0     880   160    20.03     -6.84     18.83    14     0.4     880     0   0   0   0      18.433   -82.907
0232   57.75  -999.0   -999.00   -999.0    -999   160    20.05     -6.90     18.83    14  -999.0    -999     0   0   0   0    -999.000  -999.000
0233   58.00   907.4     20.23     92.4     875   160    20.08     -6.97     18.83    14     0.4     875     0   0   0   0      18.433   -82.907
0234   58.25  -999.0   -999.00   -999.0    -999   159    20.10     -7.04     18.83    14  -999.0    -999     0   0   0   0    -999.000  -999.000
0235   58.50   907.9     20.20     92.8     870   159    20.13     -7.12     18.83    14     0.3     870     0   0   0   0      18.433   -82.907
0236   58.75  -999.0   -999.00   -999.0    -999   159    20.15     -7.20     18.82    14  -999.0    -999     0   0   0   0    -999.000  -999.000
0237   59.00   908.4     20.19     93.0     865   159    20.18     -7.28     18.82    14     0.3     865     0   0   0   0      18.433   -82.907
0238   59.25  -999.0   -999.00   -999.0    -999   159    20.21     -7.36     18.82    14  -999.0    -999     0   0   0   0    -999.000  -999.000
0239   59.50   909.0     20.20     93.2     860   158    20.23     -7.44     18.82    14     0.3     860     0   0   0   0      18.433   -82.907
0240   59.75  -999.0   -999.00   -999.0    -999   158    20.26     -7.52     18.81    14  -999.0    -999     0   0   0   0    -999.000  -999.000
0241   60.00   909.5     20.21     93.3     855   158    20.29     -7.60     18.81    14     0.3     855     0   0   0   0      18.433   -82.907
0242   60.25  -999.0   -999.00   -999.0    -999   158    20.31     -7.67     18.81    14  -999.0    -999     0   0   0   0    -999.000  -999.000
0243   60.50   910.0     20.23     93.3     850   158    20.33     -7.73     18.81    14     0.3     850     0   0   0   0      18.433   -82.907
0244   60.75  -999.0   -999.00   -999.0    -999   158    20.36     -7.79     18.81    14  -999.0    -999     0   0   0   0    -999.000  -999.000
0245   61.00   910.5     20.26     93.2     845   157    20.38     -7.84     18.81    14     0.3     845     0   0   0   0      18.433   -82.907
0246   61.25  -999.0   -999.00   -999.0    -999   157    20.40     -7.87     18.81    14  -999.0    -999     0   0   0   0    -999.000  -999.000
0247   61.50   911.0     20.30     93.1     840   157    20.41     -7.90     18.82    14     0.3     840     0   0   0   0      18.433   -82.907
0248   61.75  -999.0   -999.00   -999.0    -999   157    20.43     -7.92     18.83    14  -999.0    -999     0   0   0   0    -999.000  -999.000
0249   62.00   911.6     20.34     93.0     835   157    20.45     -7.94     18.85    14     0.3     835     0   0   0   0      18.433   -82.907
0250   62.25  -999.0   -999.00   -999.0    -999   157    20.47     -7.94     18.87    14  -999.0    -999     0   0   0   0    -999.000  -999.000
0251   62.50   912.1     20.39     92.9     830   157    20.49     -7.94     18.89    14     0.3     830     0   0   0   0      18.434   -82.907
0252   62.75  -999.0   -999.00   -999.0    -999   157    20.52     -7.94     18.92    14  -999.0    -999     0   0   0   0    -999.000  -999.000
0253   63.00   912.6     20.43     92.7     825   157    20.54     -7.94     18.95    14     0.3     825     0   0   0   0      18.434   -82.908
0254   63.25  -999.0   -999.00   -999.0    -999   157    20.58     -7.94     18.98    14  -999.0    -999     0   0   0   0    -999.000  -999.000
0255   63.50   913.1     20.48     92.5     820   157    20.61     -7.94     19.02    14     0.2     820     0   0   0   0      18.434   -82.908
0256   63.75  -999.0   -999.00   -999.0    -999   157    20.65     -7.94     19.07    14  -999.0    -999     0   0   0   0    -999.000  -999.000
0257   64.00   913.7     20.53     92.4     815   157    20.70     -7.94     19.12    14     0.2     815     0   0   0   0      18.434   -82.908
0258   64.25  -999.0   -999.00   -999.0    -999   157    20.76     -7.95     19.17    13  -999.0    -999     0   0   0   0    -999.000  -999.000
0259   64.50   914.2     20.58     92.2     810   157    20.82     -7.97     19.23    14     0.2     810     0   0   0   0      18.434   -82.908
0260   64.75  -999.0   -999.00   -999.0    -999   157    20.88     -7.99     19.29    14  -999.0    -999     0   0   0   0    -999.000  -999.000
0261   65.00   914.7     20.63     92.0     805   158    20.95     -8.02     19.36    14     0.2     805     0   0   0   0      18.434   -82.908
0262   65.25  -999.0   -999.00   -999.0    -999   158    21.03     -8.05     19.43    14  -999.0    -999     0   0   0   0    -999.000  -999.000
0263   65.50   915.3     20.68     91.8     800   157    21.10     -8.08     19.49    13     0.2     800     0   0   0   0      18.434   -82.908
0264   65.75  -999.0   -999.00   -999.0    -999   157    21.18     -8.11     19.56    14  -999.0    -999     0   0   0   0    -999.000  -999.000
0265   66.00   915.8     20.73     91.6     795   157    21.26     -8.15     19.63    14     0.2     795     0   0   0   0      18.434   -82.908
0266   66.25  -999.0   -999.00   -999.0    -999   157    21.33     -8.18     19.70    14  -999.0    -999     0   0   0   0    -999.000  -999.000
0267   66.50   916.3     20.78     91.4     790   157    21.41     -8.22     19.77    14     0.2     790     0   0   0   0      18.434   -82.908
0268   66.75  -999.0   -999.00   -999.0    -999   157    21.48     -8.26     19.83    14  -999.0    -999     0   0   0   0    -999.000  -999.000
0269   67.00   916.9     20.83     91.2     785   157    21.56     -8.29     19.90    14     0.2     785     0   0   0   0      18.434   -82.908
0270   67.25  -999.0   -999.00   -999.0    -999   157    21.62     -8.32     19.96    14  -999.0    -999     0   0   0   0    -999.000  -999.000
0271   67.50   917.4     20.88     90.9     780   157    21.69     -8.35     20.02    14     0.2     780     0   0   0   0      18.434   -82.908
0272   67.75  -999.0   -999.00   -999.0    -999   157    21.75     -8.38     20.07    14  -999.0    -999     0   0   0   0    -999.000  -999.000
0273   68.00   917.9     20.92     90.7     775   157    21.80     -8.40     20.11    14     0.2     775     0   0   0   0      18.434   -82.908
0274   68.25  -999.0   -999.00   -999.0    -999   157    21.84     -8.42     20.15    14  -999.0    -999     0   0   0   0    -999.000  -999.000
0275   68.50   918.5     20.97     90.5     770   157    21.87     -8.43     20.18    14     0.2     770     0   0   0   0      18.435   -82.908
0276   68.75  -999.0   -999.00   -999.0    -999   157    21.89     -8.44     20.20    14  -999.0    -999     0   0   0   0    -999.000  -999.000
0277   69.00   919.0     21.02     90.3     765   157    21.91     -8.44     20.21    14     0.2     765     0   0   0   0      18.435   -82.908
0278   69.25  -999.0   -999.00   -999.0    -999   157    21.91     -8.44     20.22    14  -999.0    -999     0   0   0   0    -999.000  -999.000
0279   69.50   919.5     21.07     90.1     760   157    21.90     -8.43     20.21    14     0.2     760     0   0   0   0      18.435   -82.908
0280   69.75  -999.0   -999.00   -999.0    -999   157    21.88     -8.43     20.19    14  -999.0    -999     0   0   0   0    -999.000  -999.000
0281   70.00   920.1     21.12     89.8     755   157    21.85     -8.42     20.16    14     0.2     755     0   0   0   0      18.435   -82.908
0282   70.25  -999.0   -999.00   -999.0    -999   157    21.81     -8.41     20.13    14  -999.0    -999     0   0   0   0    -999.000  -999.000
0283   70.50   920.6     21.16     89.6     750   157    21.77     -8.41     20.09    14     0.2     750     0   0   0   0      18.435   -82.908
0284   70.75  -999.0   -999.00   -999.0    -999   157    21.73     -8.41     20.04    14  -999.0    -999     0   0   0   0    -999.000  -999.000
0285   71.00   921.1     21.21     89.4     745   157    21.68     -8.41     19.99    14     0.2     745     0   0   0   0      18.435   -82.908
0286   71.25  -999.0   -999.00   -999.0    -999   157    21.64     -8.43     19.93    14  -999.0    -999     0   0   0   0    -999.000  -999.000
0287   71.50   921.6     21.25     89.2     740   157    21.59     -8.45     19.87    14     0.2     740     0   0   0   0      18.435   -82.908
0288   71.75  -999.0   -999.00   -999.0    -999   157    21.55     -8.49     19.81    14  -999.0    -999     0   0   0   0    -999.000  -999.000
0289   72.00   922.2     21.30     89.1     735   157    21.51     -8.53     19.75    14     0.1     735     0   0   0   0      18.435   -82.908
0290   72.25  -999.0   -999.00   -999.0    -999   156    21.48     -8.59     19.69    13  -999.0    -999     0   0   0   0    -999.000  -999.000
0291   72.50   922.7     21.34     88.9     730   156    21.45     -8.66     19.62    14     0.1     730     0   0   0   0      18.435   -82.908
0292   72.75  -999.0   -999.00   -999.0    -999   156    21.43     -8.74     19.56    14  -999.0    -999     0   0   0   0    -999.000  -999.000
0293   73.00   923.3     21.38     88.9     725   156    21.41     -8.83     19.51    14     0.1     725     0   0   0   0      18.435   -82.908
0294   73.25  -999.0   -999.00   -999.0    -999   155    21.41     -8.93     19.45    14  -999.0    -999     0   0   0   0    -999.000  -999.000
0295   73.50   923.8     21.42     88.9     720   155    21.41     -9.04     19.40    14     0.1     720     0   0   0   0      18.435   -82.908
0296   73.75  -999.0   -999.00   -999.0    -999   155    21.41     -9.15     19.36    14  -999.0    -999     0   0   0   0    -999.000  -999.000
0297   74.00   924.3     21.45     89.0     715   154    21.43     -9.27     19.32    14     0.1     715     0   0   0   0      18.436   -82.908
0298   74.25  -999.0   -999.00   -999.0    -999   154    21.45     -9.39     19.29    14  -999.0    -999     0   0   0   0    -999.000  -999.000
0299   74.50   924.9     21.48     89.2     709   154    21.47     -9.51     19.26    14     0.1     709     0   0   0   0      18.436   -82.908
0300   74.75  -999.0   -999.00   -999.0    -999   153    21.50     -9.62     19.23    14  -999.0    -999     0   0   0   0    -999.000  -999.000
0301   75.00   925.4     21.51     89.4     704   153    21.53     -9.74     19.20    14     0.1     704     0   0   0   0      18.436   -82.908
0302   75.25  -999.0   -999.00   -999.0    -999   153    21.56     -9.85     19.18    14  -999.0    -999     0   0   0   0    -999.000  -999.000
0303   75.50   925.9     21.54     89.6     699   153    21.59     -9.95     19.16    13     0.1     699     0   0   0   0      18.436   -82.909
0304   75.75  -999.0   -999.00   -999.0    -999   152    21.62    -10.05     19.15    14  -999.0    -999     0   0   0   0    -999.000  -999.000
0305   76.00   926.5     21.56     89.8     694   152    21.65    -10.14     19.13    14     0.2     694     0   0   0   0      18.436   -82.909
0306   76.25  -999.0   -999.00   -999.0    -999   152    21.68    -10.23     19.11    14  -999.0    -999     0   0   0   0    -999.000  -999.000
0307   76.50   927.0     21.59     89.9     689   152    21.70    -10.30     19.10    14     0.2     689     0   0   0   0      18.436   -82.909
0308   76.75  -999.0   -999.00   -999.0    -999   151    21.72    -10.37     19.08    14  -999.0    -999     0   0   0   0    -999.000  -999.000
0309   77.00   927.5     21.61     90.0     684   151    21.73    -10.43     19.06    13     0.2     684     0   0   0   0      18.436   -82.909
0310   77.25  -999.0   -999.00   -999.0    -999   151    21.74    -10.48     19.04    14  -999.0    -999     0   0   0   0    -999.000  -999.000
0311   77.50   928.1     21.64     90.1     679   151    21.74    -10.52     19.03    14     0.2     679     0   0   0   0      18.436   -82.909
0312   77.75  -999.0   -999.00   -999.0    -999   151    21.74    -10.55     19.01    14  -999.0    -999     0   0   0   0    -999.000  -999.000
0313   78.00   928.6     21.67     90.1     674   151    21.73    -10.57     18.99    14     0.2     674     0   0   0   0      18.436   -82.909
0314   78.25  -999.0   -999.00   -999.0    -999   151    21.73    -10.59     18.97    14  -999.0    -999     0   0   0   0    -999.000  -999.000
0315   78.50   929.1     21.70     90.1     669   151    21.72    -10.60     18.95    14     0.3     669     0   0   0   0      18.436   -82.909
0316   78.75  -999.0   -999.00   -999.0    -999   151    21.71    -10.61     18.94    14  -999.0    -999     0   0   0   0    -999.000  -999.000
0317   79.00   929.7     21.73     90.1     665   151    21.70    -10.62     18.92    14     0.3     665     0   0   0   0      18.436   -82.909
0318   79.25  -999.0   -999.00   -999.0    -999   151    21.69    -10.63     18.91    14  -999.0    -999     0   0   0   0    -999.000  -999.000
0319   79.50   930.2     21.76     90.1     660   151    21.68    -10.64     18.89    14     0.3     660     0   0   0   0      18.436   -82.909
0320   79.75  -999.0   -999.00   -999.0    -999   151    21.67    -10.65     18.87    14  -999.0    -999     0   0   0   0    -999.000  -999.000
0321   80.00   930.7     21.79     90.2     655   151    21.66    -10.67     18.85    14     0.3     655     0   0   0   0      18.437   -82.909
0322   80.25  -999.0   -999.00   -999.0    -999   150    21.65    -10.68     18.83    14  -999.0    -999     0   0   0   0    -999.000  -999.000
0323   80.50   931.2     21.81     90.2     650   150    21.64    -10.71     18.81    14     0.3     650     0   0   0   0      18.437   -82.909
0324   80.75  -999.0   -999.00   -999.0    -999   150    21.63    -10.74     18.78    14  -999.0    -999     0   0   0   0    -999.000  -999.000
0325   81.00   931.8     21.83     90.3     645   150    21.62    -10.77     18.75    14     0.3     645     0   0   0   0      18.437   -82.909
0326   81.25  -999.0   -999.00   -999.0    -999   150    21.61    -10.81     18.71    13  -999.0    -999     0   0   0   0    -999.000  -999.000
0327   81.50   932.3     21.85     90.4     640   150    21.59    -10.85     18.67    14     0.4     640     0   0   0   0      18.437   -82.909
0328   81.75  -999.0   -999.00   -999.0    -999   150    21.58    -10.90     18.62    13  -999.0    -999     0   0   0   0    -999.000  -999.000
0329   82.00   932.8     21.87     90.5     635   149    21.56    -10.94     18.57    13     0.4     635     0   0   0   0      18.437   -82.909
0330   82.25  -999.0   -999.00   -999.0    -999   149    21.54    -10.99     18.52    14  -999.0    -999     0   0   0   0    -999.000  -999.000
0331   82.50   933.4     21.89     90.6     630   149    21.51    -11.04     18.46    14     0.5     630     0   0   0   0      18.437   -82.909
0332   82.75  -999.0   -999.00   -999.0    -999   149    21.48    -11.08     18.40    14  -999.0    -999     0   0   0   0    -999.000  -999.000
0333   83.00   933.9     21.91     90.6     625   149    21.45    -11.13     18.34    14     0.5     625     0   0   0   0      18.437   -82.909
0334   83.25  -999.0   -999.00   -999.0    -999   149    21.42    -11.16     18.28    14  -999.0    -999     0   0   0   0    -999.000  -999.000
0335   83.50   934.4     21.94     90.6     620   148    21.38    -11.20     18.21    14     0.6     620     0   0   0   0      18.437   -82.909
0336   83.75  -999.0   -999.00   -999.0    -999   148    21.34    -11.22     18.14    14  -999.0    -999     0   0   0   0    -999.000  -999.000
0337   84.00   934.9     21.97     90.5     615   148    21.29    -11.25     18.08    14     0.7     615     0   0   0   0      18.437   -82.909
0338   84.25  -999.0   -999.00   -999.0    -999   148    21.24    -11.26     18.01    14  -999.0    -999     0   0   0   0    -999.000  -999.000
0339   84.50   935.4     22.00     90.4     611   148    21.20    -11.28     17.95    14     0.7     611     0   0   0   0      18.437   -82.909
0340   84.75  -999.0   -999.00   -999.0    -999   148    21.15    -11.29     17.89    14  -999.0    -999     0   0   0   0    -999.000  -999.000
0341   85.00   935.9     22.04     90.4     606   148    21.10    -11.29     17.83    14     0.8     606     0   0   0   0      18.437   -82.909
0342   85.25  -999.0   -999.00   -999.0    -999   148    21.05    -11.29     17.77    13  -999.0    -999     0   0   0   0    -999.000  -999.000
0343   85.50   936.4     22.07     90.3     601   147    21.01    -11.29     17.71    14     0.8     601     0   0   0   0      18.438   -82.910
0344   85.75  -999.0   -999.00   -999.0    -999   147    20.96    -11.29     17.66    14  -999.0    -999     0   0   0   0    -999.000  -999.000
0345   86.00   936.9     22.11     90.2     597   147    20.91    -11.28     17.61    14     0.8     597     0   0   0   0      18.438   -82.910
0346   86.25  -999.0   -999.00   -999.0    -999   147    20.87    -11.27     17.57    14  -999.0    -999     0   0   0   0    -999.000  -999.000
0347   86.50   937.4     22.15     90.1     592   147    20.83    -11.26     17.52    14     0.9     592     0   0   0   0      18.438   -82.910
0348   86.75  -999.0   -999.00   -999.0    -999   147    20.79    -11.25     17.48    14  -999.0    -999     0   0   0   0    -999.000  -999.000
0349   87.00   937.9     22.18     90.0     587   147    20.76    -11.24     17.45    14     0.9     587     0   0   0   0      18.438   -82.910
0350   87.25  -999.0   -999.00   -999.0    -999   147    20.72    -11.23     17.42    14  -999.0    -999     0   0   0   0    -999.000  -999.000
0351   87.50   938.4     22.22     89.9     583   147    20.69    -11.22     17.39    14     0.8     583     0   0   0   0      18.438   -82.910
0352   87.75  -999.0   -999.00   -999.0    -999   147    20.67    -11.21     17.36    14  -999.0    -999     0   0   0   0    -999.000  -999.000
0353   88.00   938.9     22.26     89.7     578   147    20.64    -11.21     17.34    14     0.8     578     0   0   0   0      18.438   -82.910
0354   88.25  -999.0   -999.00   -999.0    -999   147    20.62    -11.20     17.32    14  -999.0    -999     0   0   0   0    -999.000  -999.000
0355   88.50   939.4     22.30     89.6     574   147    20.60    -11.19     17.30    14     0.8     574     0   0   0   0      18.438   -82.910
0356   88.75  -999.0   -999.00   -999.0    -999   147    20.59    -11.19     17.28    14  -999.0    -999     0   0   0   0    -999.000  -999.000
0357   89.00   939.9     22.34     89.5     569   147    20.58    -11.19     17.27    14     0.8     569     0   0   0   0      18.438   -82.910
0358   89.25  -999.0   -999.00   -999.0    -999   147    20.57    -11.19     17.26    14  -999.0    -999     0   0   0   0    -999.000  -999.000
0359   89.50   940.4     22.38     89.3     564   147    20.56    -11.19     17.25    14     0.7     564     0   0   0   0      18.438   -82.910
0360   89.75  -999.0   -999.00   -999.0    -999   147    20.55    -11.19     17.24    14  -999.0    -999     0   0   0   0    -999.000  -999.000
0361   90.00   940.9     22.42     89.2     559   147    20.55    -11.20     17.23    14     0.7     559     0   0   0   0      18.438   -82.910
0362   90.25  -999.0   -999.00   -999.0    -999   147    20.55    -11.21     17.22    13  -999.0    -999     0   0   0   0    -999.000  -999.000
0363   90.50   941.4     22.46     89.0     555   147    20.54    -11.22     17.21    14     0.6     555     0   0   0   0      18.438   -82.910
0364   90.75  -999.0   -999.00   -999.0    -999   147    20.54    -11.23     17.20    14  -999.0    -999     0   0   0   0    -999.000  -999.000
0365   91.00   942.0     22.49     88.9     550   147    20.54    -11.25     17.19    14     0.6     550     0   0   0   0      18.438   -82.910
0366   91.25  -999.0   -999.00   -999.0    -999   147    20.54    -11.26     17.17    14  -999.0    -999     0   0   0   0    -999.000  -999.000
0367   91.50   942.5     22.53     88.8     545   147    20.53    -11.28     17.16    14     0.6     545     0   0   0   0      18.438   -82.910
0368   91.75  -999.0   -999.00   -999.0    -999   147    20.53    -11.29     17.14    14  -999.0    -999     0   0   0   0    -999.000  -999.000
0369   92.00   943.0     22.57     88.7     540   147    20.52    -11.31     17.13    14     0.6     540     0   0   0   0      18.439   -82.910
0370   92.25  -999.0   -999.00   -999.0    -999   147    20.51    -11.32     17.11    14  -999.0    -999     0   0   0   0    -999.000  -999.000
0371   92.50   943.5     22.60     88.5     535   146    20.50    -11.33     17.08    14     0.6     535     0   0   0   0      18.439   -82.910
0372   92.75  -999.0   -999.00   -999.0    -999   146    20.49    -11.34     17.06    13  -999.0    -999     0   0   0   0    -999.000  -999.000
0373   93.00   944.0     22.64     88.4     531   146    20.47    -11.35     17.03    13     0.6     531     0   0   0   0      18.439   -82.910
0374   93.25  -999.0   -999.00   -999.0    -999   146    20.45    -11.36     17.00    13  -999.0    -999     0   0   0   0    -999.000  -999.000
0375   93.50   944.5     22.67     88.3     526   146    20.42    -11.36     16.97    13     0.6     526     0   0   0   0      18.439   -82.910
0376   93.75  -999.0   -999.00   -999.0    -999   146    20.40    -11.37     16.94    13  -999.0    -999     0   0   0   0    -999.000  -999.000
0377   94.00   945.0     22.71     88.1     521   146    20.37    -11.38     16.90    13     0.6     521     0   0   0   0      18.439   -82.910
0378   94.25  -999.0   -999.00   -999.0    -999   146    20.35    -11.38     16.86    13  -999.0    -999     0   0   0   0    -999.000  -999.000
0379   94.50   945.6     22.75     88.0     516   146    20.32    -11.39     16.83    12     0.6     516     0   0   0   0      18.439   -82.910
0380   94.75  -999.0   -999.00   -999.0    -999   146    20.30    -11.40     16.79    13  -999.0    -999     0   0   0   0    -999.000  -999.000
0381   95.00   946.1     22.78     87.9     512   146    20.27    -11.41     16.76    13     0.5     512     0   0   0   0      18.439   -82.911
0382   95.25  -999.0   -999.00   -999.0    -999   146    20.25    -11.42     16.72    13  -999.0    -999     0   0   0   0    -999.000  -999.000
0383   95.50   946.6     22.82     87.7     507   146    20.23    -11.43     16.69    13     0.5     507     0   0   0   0      18.439   -82.911
0384   95.75  -999.0   -999.00   -999.0    -999   146    20.22    -11.44     16.67    13  -999.0    -999     0   0   0   0    -999.000  -999.000
0385   96.00   947.1     22.85     87.6     502   145    20.20    -11.45     16.64    13     0.5     502     0   0   0   0      18.439   -82.911
0386   96.25  -999.0   -999.00   -999.0    -999   145    20.19    -11.46     16.62    13  -999.0    -999     0   0   0   0    -999.000  -999.000
0387   96.50   947.6     22.89     87.5     497   145    20.18    -11.47     16.60    13     0.5     497     0   0   0   0      18.439   -82.911
0388   96.75  -999.0   -999.00   -999.0    -999   145    20.16    -11.48     16.58    13  -999.0    -999     0   0   0   0    -999.000  -999.000
0389   97.00   948.2     22.92     87.4     492   145    20.15    -11.48     16.56    13     0.4     492     0   0   0   0      18.439   -82.911
0390   97.25  -999.0   -999.00   -999.0    -999   145    20.14    -11.49     16.55    13  -999.0    -999     0   0   0   0    -999.000  -999.000
0391   97.50   948.7     22.95     87.4     488   145    20.13    -11.50     16.53    13     0.4     488     0   0   0   0      18.439   -82.911
0392   97.75  -999.0   -999.00   -999.0    -999   145    20.12    -11.50     16.51    13  -999.0    -999     0   0   0   0    -999.000  -999.000
0393   98.00   949.2     22.98     87.4     483   145    20.11    -11.51     16.50    13     0.4     483     0   0   0   0      18.439   -82.911
0394   98.25  -999.0   -999.00   -999.0    -999   145    20.10    -11.51     16.48    13  -999.0    -999     0   0   0   0    -999.000  -999.000
0395   98.50   949.7     23.00     87.4     478   145    20.08    -11.50     16.45    12     0.3     478     0   0   0   0      18.440   -82.911
0396   98.75  -999.0   -999.00   -999.0    -999   145    20.05    -11.50     16.43    13  -999.0    -999     0   0   0   0    -999.000  -999.000
0397   99.00   950.3     23.02     87.4     473   145    20.02    -11.48     16.40    13     0.3     473     0   0   0   0      18.440   -82.911
0398   99.25  -999.0   -999.00   -999.0    -999   145    19.98    -11.46     16.37    13  -999.0    -999     0   0   0   0    -999.000  -999.000
0399   99.50   950.8     23.04     87.5     468   145    19.94    -11.44     16.33    13     0.3     468     0   0   0   0      18.440   -82.911
0400   99.75  -999.0   -999.00   -999.0    -999   145    19.89    -11.41     16.29    13  -999.0    -999     0   0   0   0    -999.000  -999.000
0401  100.00   951.3     23.06     87.5     463   145    19.83    -11.37     16.25    13     0.3     463     0   0   0   0      18.440   -82.911
0402  100.25  -999.0   -999.00   -999.0    -999   145    19.76    -11.32     16.20    13  -999.0    -999     0   0   0   0    -999.000  -999.000
0403  100.50   951.9     23.08     87.6     458   145    19.69    -11.27     16.15    13     0.3     458     0   0   0   0      18.440   -82.911
0404  100.75  -999.0   -999.00   -999.0    -999   145    19.62    -11.21     16.09    13  -999.0    -999     0   0   0   0    -999.000  -999.000
0405  101.00   952.4     23.11     87.7     453   145    19.54    -11.15     16.04    13     0.3     453     0   0   0   0      18.440   -82.911
0406  101.25  -999.0   -999.00   -999.0    -999   145    19.45    -11.09     15.98    13  -999.0    -999     0   0   0   0    -999.000  -999.000
0407  101.50   953.0     23.13     87.8     448   145    19.37    -11.04     15.92    13     0.3     448     0   0   0   0      18.440   -82.911
0408  101.75  -999.0   -999.00   -999.0    -999   145    19.30    -10.99     15.86    13  -999.0    -999     0   0   0   0    -999.000  -999.000
0409  102.00   953.5     23.15     87.9     443   145    19.22    -10.94     15.80    13     0.3     443     0   0   0   0      18.440   -82.911
0410  102.25  -999.0   -999.00   -999.0    -999   145    19.15    -10.90     15.75    12  -999.0    -999     0   0   0   0    -999.000  -999.000
0411  102.50   954.0     23.17     88.0     438   145    19.09    -10.88     15.69    13     0.3     438     0   0   0   0      18.440   -82.911
0412  102.75  -999.0   -999.00   -999.0    -999   145    19.04    -10.86     15.64    12  -999.0    -999     0   0   0   0    -999.000  -999.000
0413  103.00   954.6     23.19     88.2     434   145    19.00    -10.85     15.59    12     0.3     434     0   0   0   0      18.440   -82.911
0414  103.25  -999.0   -999.00   -999.0    -999   145    18.96    -10.86     15.54    12  -999.0    -999     0   0   0   0    -999.000  -999.000
0415  103.50   955.1     23.21     88.4     429   145    18.93    -10.86     15.50    13     0.3     429     0   0   0   0      18.440   -82.911
0416  103.75  -999.0   -999.00   -999.0    -999   145    18.91    -10.88     15.46    13  -999.0    -999     0   0   0   0    -999.000  -999.000
0417  104.00   955.6     23.22     88.6     424   145    18.89    -10.90     15.43    13     0.3     424     0   0   0   0      18.440   -82.911
0418  104.25  -999.0   -999.00   -999.0    -999   145    18.87    -10.91     15.39    13  -999.0    -999     0   0   0   0    -999.000  -999.000
0419  104.50   956.1     23.24     88.8     419   145    18.85    -10.93     15.36    13     0.3     419     0   0   0   0      18.440   -82.912
0420  104.75  -999.0   -999.00   -999.0    -999   144    18.83    -10.94     15.32    13  -999.0    -999     0   0   0   0    -999.000  -999.000
0421  105.00   956.7     23.26     88.9     414   144    18.80    -10.95     15.28    13     0.3     414     0   0   0   0      18.440   -82.912
0422  105.25  -999.0   -999.00   -999.0    -999   144    18.76    -10.95     15.23    13  -999.0    -999     0   0   0   0    -999.000  -999.000
0423  105.50   957.2     23.28     89.0     409   144    18.72    -10.95     15.18    13     0.3     409     0   0   0   0      18.441   -82.912
0424  105.75  -999.0   -999.00   -999.0    -999   144    18.66    -10.94     15.12    13  -999.0    -999     0   0   0   0    -999.000  -999.000
0425  106.00   957.7     23.30     89.0     404   144    18.60    -10.93     15.05    13     0.2     404     0   0   0   0      18.441   -82.912
0426  106.25  -999.0   -999.00   -999.0    -999   144    18.53    -10.91     14.97    13  -999.0    -999     0   0   0   0    -999.000  -999.000
0427  106.50   958.3     23.33     89.0     400   144    18.45    -10.89     14.89    13     0.2     400     0   0   0   0      18.441   -82.912
0428  106.75  -999.0   -999.00   -999.0    -999   144    18.36    -10.87     14.80    13  -999.0    -999     0   0   0   0    -999.000  -999.000
0429  107.00   958.8     23.37     88.9     395   144    18.27    -10.85     14.70    13     0.1     395     0   0   0   0      18.441   -82.912
0430  107.25  -999.0   -999.00   -999.0    -999   143    18.17    -10.83     14.59    13  -999.0    -999     0   0   0   0    -999.000  -999.000
0431  107.50   959.4     23.41     88.7     390   143    18.06    -10.80     14.48    13     0.1     390     0   0   0   0      18.441   -82.912
0432  107.75  -999.0   -999.00   -999.0    -999   143    17.96    -10.78     14.36    13  -999.0    -999     0   0   0   0    -999.000  -999.000
0433  108.00   959.9     23.45     88.5     384   143    17.85    -10.77     14.24    13     0.1     384     0   0   0   0      18.441   -82.912
0434  108.25  -999.0   -999.00   -999.0    -999   143    17.74    -10.75     14.11    13  -999.0    -999     0   0   0   0    -999.000  -999.000
0435  108.50   960.5     23.49     88.4     379   142    17.64    -10.74     13.99    13     0.1     379     0   0   0   0      18.441   -82.912
0436  108.75  -999.0   -999.00   -999.0    -999   142    17.54    -10.73     13.87    14  -999.0    -999     0   0   0   0    -999.000  -999.000
0437  109.00   961.0     23.54     88.2     374   142    17.45    -10.72     13.76    14     0.1     374     0   0   0   0      18.441   -82.912
0438  109.25  -999.0   -999.00   -999.0    -999   142    17.36    -10.72     13.65    14  -999.0    -999     0   0   0   0    -999.000  -999.000
0439  109.50   961.6     23.58     88.1     369   142    17.28    -10.72     13.55    14     0.1     369     0   0   0   0      18.441   -82.912
0440  109.75  -999.0   -999.00   -999.0    -999   141    17.21    -10.73     13.46    14  -999.0    -999     0   0   0   0    -999.000  -999.000
0441  110.00   962.1     23.62     88.0     364   141    17.15    -10.73     13.38    13     0.2     364     0   0   0   0      18.441   -82.912
0442  110.25  -999.0   -999.00   -999.0    -999   141    17.10    -10.75     13.30    14  -999.0    -999     0   0   0   0    -999.000  -999.000
0443  110.50   962.7     23.66     87.8     359   141    17.06    -10.76     13.24    14     0.2     359     0   0   0   0      18.441   -82.912
0444  110.75  -999.0   -999.00   -999.0    -999   141    17.02    -10.78     13.18    14  -999.0    -999     0   0   0   0    -999.000  -999.000
0445  111.00   963.2     23.71     87.7     355   141    16.99    -10.79     13.13    14     0.3     355     0   0   0   0      18.441   -82.912
0446  111.25  -999.0   -999.00   -999.0    -999   140    16.97    -10.81     13.08    13  -999.0    -999     0   0   0   0    -999.000  -999.000
0447  111.50   963.7     23.75     87.6     350   140    16.96    -10.83     13.05    13     0.4     350     0   0   0   0      18.441   -82.912
0448  111.75  -999.0   -999.00   -999.0    -999   140    16.95    -10.85     13.02    13  -999.0    -999     0   0   0   0    -999.000  -999.000
0449  112.00   964.2     23.79     87.5     345   140    16.94    -10.87     12.99    13     0.5     345     0   0   0   0      18.441   -82.912
0450  112.25  -999.0   -999.00   -999.0    -999   140    16.93    -10.89     12.97    13  -999.0    -999     0   0   0   0    -999.000  -999.000
0451  112.50   964.8     23.83     87.4     340   140    16.93    -10.91     12.95    13     0.6     340     0   0   0   0      18.441   -82.912
0452  112.75  -999.0   -999.00   -999.0    -999   140    16.93    -10.92     12.94    13  -999.0    -999     0   0   0   0    -999.000  -999.000
0453  113.00   965.3     23.87     87.2     336   140    16.94    -10.93     12.94    13     0.7     336     0   0   0   0      18.441   -82.912
0454  113.25  -999.0   -999.00   -999.0    -999   140    16.95    -10.94     12.94    13  -999.0    -999     0   0   0   0    -999.000  -999.000
0455  113.50   965.8     23.91     87.1     331   140    16.96    -10.95     12.95    12     0.7     331     0   0   0   0      18.442   -82.912
0456  113.75  -999.0   -999.00   -999.0    -999   140    16.97    -10.94     12.97    13  -999.0    -999     0   0   0   0    -999.000  -999.000
0457  114.00   966.3     23.95     86.9     326   140    16.99    -10.94     13.00    13     0.8     326     0   0   0   0      18.442   -82.913
0458  114.25  -999.0   -999.00   -999.0    -999   140    17.01    -10.92     13.04    12  -999.0    -999     0   0   0   0    -999.000  -999.000
0459  114.50   966.8     23.99     86.7     322   140    17.02    -10.90     13.08    13     0.8     322     0   0   0   0      18.442   -82.913
0460  114.75  -999.0   -999.00   -999.0    -999   140    17.04    -10.87     13.12    13  -999.0    -999     0   0   0   0    -999.000  -999.000
0461  115.00   967.3     24.04     86.5     317   141    17.06    -10.84     13.17    13     0.8     317     0   0   0   0      18.442   -82.913
0462  115.25  -999.0   -999.00   -999.0    -999   141    17.07    -10.79     13.22    13  -999.0    -999     0   0   0   0    -999.000  -999.000
0463  115.50   967.8     24.08     86.4     312   141    17.08    -10.75     13.27    13     0.8     312     0   0   0   0      18.442   -82.913
0464  115.75  -999.0   -999.00   -999.0    -999   141    17.08    -10.69     13.32    13  -999.0    -999     0   0   0   0    -999.000  -999.000
0465  116.00   968.3     24.12     86.2     308   141    17.07    -10.64     13.36    13     0.8     308     0   0   0   0      18.442   -82.913
0466  116.25  -999.0   -999.00   -999.0    -999   142    17.06    -10.58     13.39    13  -999.0    -999     0   0   0   0    -999.000  -999.000
0467  116.50   968.8     24.16     86.1     303   142    17.04    -10.52     13.41    13     0.8     303     0   0   0   0      18.442   -82.913
0468  116.75  -999.0   -999.00   -999.0    -999   142    17.01    -10.46     13.42    13  -999.0    -999     0   0   0   0    -999.000  -999.000
0469  117.00   969.3     24.21     85.9     299   142    16.98    -10.40     13.42    13     0.7     299     0   0   0   0      18.442   -82.913
0470  117.25  -999.0   -999.00   -999.0    -999   142    16.94    -10.35     13.41    13  -999.0    -999     0   0   0   0    -999.000  -999.000
0471  117.50   969.9     24.25     85.8     294   142    16.89    -10.29     13.39    13     0.7     294     0   0   0   0      18.442   -82.913
0472  117.75  -999.0   -999.00   -999.0    -999   143    16.84    -10.24     13.37    13  -999.0    -999     0   0   0   0    -999.000  -999.000
0473  118.00   970.4     24.29     85.7     289   143    16.79    -10.20     13.34    13     0.7     289     0   0   0   0      18.442   -82.913
0474  118.25  -999.0   -999.00   -999.0    -999   143    16.74    -10.16     13.31    13  -999.0    -999     0   0   0   0    -999.000  -999.000
0475  118.50   970.9     24.33     85.6     284   143    16.69    -10.12     13.27    13     0.6     284     0   0   0   0      18.442   -82.913
0476  118.75  -999.0   -999.00   -999.0    -999   143    16.65    -10.08     13.25    12  -999.0    -999     0   0   0   0    -999.000  -999.000
0477  119.00   971.4     24.37     85.5     280   143    16.61    -10.05     13.22    13     0.6     280     0   0   0   0      18.442   -82.913
0478  119.25  -999.0   -999.00   -999.0    -999   143    16.57    -10.03     13.20    13  -999.0    -999     0   0   0   0    -999.000  -999.000
0479  119.50   971.9     24.42     85.5     275   143    16.55    -10.01     13.18    13     0.5     275     0   0   0   0      18.442   -82.913
0480  119.75  -999.0   -999.00   -999.0    -999   143    16.53     -9.99     13.16    13  -999.0    -999     0   0   0   0    -999.000  -999.000
0481  120.00   972.5     24.46     85.4     270   143    16.51     -9.98     13.15    13     0.5     270     0   0   0   0      18.442   -82.913
0482  120.25  -999.0   -999.00   -999.0    -999   143    16.50     -9.97     13.15    13  -999.0    -999     0   0   0   0    -999.000  -999.000
0483  120.50   973.0     24.50     85.2     266   143    16.49     -9.95     13.14    12     0.4     266     0   0   0   0      18.442   -82.913
0484  120.75  -999.0   -999.00   -999.0    -999   143    16.48     -9.94     13.14    13  -999.0    -999     0   0   0   0    -999.000  -999.000
0485  121.00   973.5     24.55     85.1     261   143    16.47     -9.93     13.14    13     0.3     261     0   0   0   0      18.442   -82.913
0486  121.25  -999.0   -999.00   -999.0    -999   143    16.47     -9.92     13.14    12  -999.0    -999     0   0   0   0    -999.000  -999.000
0487  121.50   974.1     24.59     85.0     256   143    16.46     -9.91     13.14    13     0.2     256     0   0   0   0      18.443   -82.913
0488  121.75  -999.0   -999.00   -999.0    -999   143    16.45     -9.90     13.14    13  -999.0    -999     0   0   0   0    -999.000  -999.000
0489  122.00   974.6     24.64     84.8     251   143    16.43     -9.89     13.13    13     0.1     251     0   0   0   0      18.443   -82.913
0490  122.25  -999.0   -999.00   -999.0    -999   143    16.41     -9.87     13.11    13  -999.0    -999     0   0   0   0    -999.000  -999.000
0491  122.50   975.1     24.69     84.6     246   143    16.38     -9.86     13.09    12     0.0     246     0   0   0   0      18.443   -82.913
0492  122.75  -999.0   -999.00   -999.0    -999   143    16.35     -9.84     13.06    13  -999.0    -999     0   0   0   0    -999.000  -999.000
0493  123.00   975.7     24.73     84.4     241   143    16.30     -9.81     13.02    13    -0.1     241     0   0   0   0      18.443   -82.913
0494  123.25  -999.0   -999.00   -999.0    -999   143    16.25     -9.79     12.97    13  -999.0    -999     0   0   0   0    -999.000  -999.000
0495  123.50   976.3     24.78     84.2     236   143    16.19     -9.76     12.91    13    -0.3     236     0   0   0   0      18.443   -82.913
0496  123.75  -999.0   -999.00   -999.0    -999   143    16.12     -9.73     12.85    13  -999.0    -999     0   0   0   0    -999.000  -999.000
0497  124.00   976.8     24.83     83.9     231   143    16.05     -9.70     12.78    13    -0.4     231     0   0   0   0      18.443   -82.914
0498  124.25  -999.0   -999.00   -999.0    -999   143    15.97     -9.68     12.70    13  -999.0    -999     0   0   0   0    -999.000  -999.000
0499  124.50   977.4     24.89     83.7     226   143    15.89     -9.65     12.62    13    -0.5     226     0   0   0   0      18.443   -82.914
0500  124.75  -999.0   -999.00   -999.0    -999   143    15.80     -9.62     12.54    13  -999.0    -999     0   0   0   0    -999.000  -999.000
0501  125.00   978.0     24.94     83.4     220   142    15.72     -9.60     12.46    13    -0.6     220     0   0   0   0      18.443   -82.914
0502  125.25  -999.0   -999.00   -999.0    -999   142    15.65     -9.58     12.37    13  -999.0    -999     0   0   0   0    -999.000  -999.000
0503  125.50   978.6     24.99     83.1     215   142    15.58     -9.56     12.30    13    -0.7     215     0   0   0   0      18.443   -82.914
0504  125.75  -999.0   -999.00   -999.0    -999   142    15.52     -9.55     12.23    13  -999.0    -999     0   0   0   0    -999.000  -999.000
0505  126.00   979.2     25.05     82.9     209   142    15.47     -9.55     12.17    13    -0.8     209     0   0   0   0      18.443   -82.914
0506  126.25  -999.0   -999.00   -999.0    -999   142    15.43     -9.55     12.12    13  -999.0    -999     0   0   0   0    -999.000  -999.000
0507  126.50   979.8     25.10     82.7     204   142    15.40     -9.56     12.08    13    -0.9     204     0   0   0   0      18.443   -82.914
0508  126.75  -999.0   -999.00   -999.0    -999   142    15.39     -9.57     12.05    13  -999.0    -999     0   0   0   0    -999.000  -999.000
0509  127.00   980.4     25.16     82.4     199   141    15.39     -9.59     12.04    11    -0.9     199     0   0   0   0      18.443   -82.914
0510  127.25  -999.0   -999.00   -999.0    -999   141    15.40     -9.61     12.03    13  -999.0    -999     0   0   0   0    -999.000  -999.000
0511  127.50   981.0     25.21     82.2     193   141    15.42     -9.63     12.04    13    -1.0     193     0   0   0   0      18.443   -82.914
0512  127.75  -999.0   -999.00   -999.0    -999   141    15.45     -9.66     12.05    13  -999.0    -999     0   0   0   0    -999.000  -999.000
0513  128.00   981.6     25.26     82.0     188   141    15.48     -9.69     12.08    13    -1.0     188     0   0   0   0      18.443   -82.914
0514  128.25  -999.0   -999.00   -999.0    -999   141    15.52     -9.71     12.10    13  -999.0    -999     0   0   0   0    -999.000  -999.000
0515  128.50   982.2     25.31     81.9     182   141    15.56     -9.74     12.14    13    -1.0     182     0   0   0   0      18.443   -82.914
0516  128.75  -999.0   -999.00   -999.0    -999   141    15.61     -9.77     12.17    13  -999.0    -999     0   0   0   0    -999.000  -999.000
0517  129.00   982.8     25.37     81.7     177   141    15.65     -9.80     12.21    13    -1.0     177     0   0   0   0      18.443   -82.914
0518  129.25  -999.0   -999.00   -999.0    -999   141    15.70     -9.82     12.25    12  -999.0    -999     0   0   0   0    -999.000  -999.000
0519  129.50   983.5     25.42     81.5     171   141    15.74     -9.84     12.29    12    -1.0     171     0   0   0   0      18.443   -82.914
0520  129.75  -999.0   -999.00   -999.0    -999   141    15.79     -9.85     12.34    12  -999.0    -999     0   0   0   0    -999.000  -999.000
0521  130.00   984.1     25.47     81.3     166   141    15.82     -9.85     12.38    12    -0.9     166     0   0   0   0      18.443   -82.914
0522  130.25  -999.0   -999.00   -999.0    -999   142    15.86     -9.85     12.42    12  -999.0    -999     0   0   0   0    -999.000  -999.000
0523  130.50   984.7     25.52     81.2     160   142    15.89     -9.85     12.47    13    -0.9     160     0   0   0   0      18.444   -82.914
0524  130.75  -999.0   -999.00   -999.0    -999   142    15.91     -9.83     12.51    13  -999.0    -999     0   0   0   0    -999.000  -999.000
0525  131.00   985.3     25.57     81.0     155   142    15.94     -9.81     12.56    13    -0.8     155     0   0   0   0      18.444   -82.914
0526  131.25  -999.0   -999.00   -999.0    -999   142    15.95     -9.78     12.61    13  -999.0    -999     0   0   0   0    -999.000  -999.000
0527  131.50   985.9     25.62     80.9     149   142    15.97     -9.74     12.65    12    -0.7     149     0   0   0   0      18.444   -82.914
0528  131.75  -999.0   -999.00   -999.0    -999   143    15.98     -9.69     12.70    13  -999.0    -999     0   0   0   0    -999.000  -999.000
0529  132.00   986.5     25.67     80.7     144   143    15.99     -9.64     12.75    13    -0.6     144     0   0   0   0      18.444   -82.914
0530  132.25  -999.0   -999.00   -999.0    -999   143    15.99     -9.58     12.80    13  -999.0    -999     0   0   0   0    -999.000  -999.000
0531  132.50   987.1     25.72     80.5     139   143    16.00     -9.53     12.85    13    -0.5     139     0   0   0   0      18.444   -82.914
0532  132.75  -999.0   -999.00   -999.0    -999   144    16.00     -9.47     12.90    13  -999.0    -999     0   0   0   0    -999.000  -999.000
0533  133.00   987.6     25.77     80.4     134   144    16.01     -9.41     12.96    13    -0.4     134     0   0   0   0      18.444   -82.914
0534  133.25  -999.0   -999.00   -999.0    -999   144    16.02     -9.35     13.01    13  -999.0    -999     0   0   0   0    -999.000  -999.000
0535  133.50   988.2     25.82     80.2     128   145    16.03     -9.30     13.06    12    -0.3     128     0   0   0   0      18.444   -82.914
0536  133.75  -999.0   -999.00   -999.0    -999   145    16.04     -9.25     13.11    12  -999.0    -999     0   0   0   0    -999.000  -999.000
0537  134.00   988.8     25.87     80.0     123   145    16.05     -9.20     13.15    12    -0.2     123     0   0   0   0      18.444   -82.914
0538  134.25  -999.0   -999.00   -999.0    -999   145    16.07     -9.16     13.20    13  -999.0    -999     0   0   0   0    -999.000  -999.000
0539  134.50   989.4     25.92     79.9     118   145    16.09     -9.13     13.25    13    -0.2     118     0   0   0   0      18.444   -82.914
0540  134.75  -999.0   -999.00   -999.0    -999   146    16.11     -9.10     13.29    13  -999.0    -999     0   0   0   0    -999.000  -999.000
0541  135.00   989.9     25.97     79.7     113   146    16.13     -9.07     13.34    12    -0.1     113     0   0   0   0      18.444   -82.915
0542  135.25  -999.0   -999.00   -999.0    -999   146    16.15     -9.05     13.38    12  -999.0    -999     0   0   0   0    -999.000  -999.000
0543  135.50   990.5     26.01     79.5     108   146    16.18     -9.03     13.43    13    -0.1     108     0   0   0   0      18.444   -82.915
0544  135.75  -999.0   -999.00   -999.0    -999  -999  -999.00   -999.00   -999.00    13  -999.0    -999     0   0   0   0    -999.000  -999.000
0545  136.00   991.0     26.06     79.4     103   146    16.22     -8.98     13.51    12    -0.1     103     0   0   0   0      18.444   -82.915
0546  136.25  -999.0   -999.00   -999.0    -999   147    16.24     -8.96     13.55    13  -999.0    -999     0   0   0   0    -999.000  -999.000
0547  136.50   991.6     26.11     79.2      98   147    16.26     -8.93     13.59    12    -0.1      98     0   0   0   0      18.444   -82.915
0548  136.75  -999.0   -999.00   -999.0    -999   147    16.27     -8.90     13.62    12  -999.0    -999     0   0   0   0    -999.000  -999.000
0549  137.00   992.2     26.16     79.0      93   147    16.29     -8.88     13.65    12    -0.1      93     0   0   0   0      18.444   -82.915
0550  137.25  -999.0   -999.00   -999.0    -999   147    16.29     -8.85     13.68    12  -999.0    -999     0   0   0   0    -999.000  -999.000
0551  137.50   992.7     26.21     78.8      88   147    16.30     -8.82     13.70    13    -0.1      88     0   0   0   0      18.444   -82.915
0552  137.75  -999.0   -999.00   -999.0    -999   147    16.30     -8.80     13.72    13  -999.0    -999     0   0   0   0    -999.000  -999.000
0553  138.00   993.3     26.26     78.6      83   147    16.30     -8.77     13.74    13    -0.1      83     0   0   0   0      18.444   -82.915
0554  138.25  -999.0   -999.00   -999.0    -999   148    16.29     -8.75     13.74    13  -999.0    -999     0   0   0   0    -999.000  -999.000
0555  138.50   993.9     26.31     78.4      78   148    16.28     -8.73     13.75    12    -0.2      78     0   0   0   0      18.444   -82.915
0556  138.75  -999.0   -999.00   -999.0    -999   148    16.27     -8.71     13.75    12  -999.0    -999     0   0   0   0    -999.000  -999.000
0557  139.00   994.4     26.36     78.2      73   148    16.26     -8.70     13.74    12    -0.2      73     0   0   0   0      18.445   -82.915
0558  139.25  -999.0   -999.00   -999.0    -999   148    16.24     -8.69     13.73    12  -999.0    -999     0   0   0   0    -999.000  -999.000
0559  139.50   995.0     26.41     78.0      68   148    16.22     -8.68     13.71    11    -0.2      68     0   0   0   0      18.445   -82.915
0560  139.75  -999.0   -999.00   -999.0    -999   148    16.20     -8.67     13.69    12  -999.0    -999     0   0   0   0    -999.000  -999.000
0561  140.00   995.6     26.46     77.8      63   148    16.18     -8.66     13.66    11    -0.2      63     0   0   0   0      18.445   -82.915
0562  140.25  -999.0   -999.00   -999.0    -999   148    16.15     -8.66     13.63    11  -999.0    -999     0   0   0   0    -999.000  -999.000
0563  140.50   996.1     26.51     77.6      58   148    16.12     -8.66     13.60    11    -0.2      58     0   0   0   0      18.445   -82.915
0564  140.75  -999.0   -999.00   -999.0    -999   147    16.09     -8.66     13.57    11  -999.0    -999     0   0   0   0    -999.000  -999.000
0565  141.00   996.7     26.55     77.4      53   147    16.07     -8.66     13.53    11    -0.2      53     0   0   0   0      18.445   -82.915
0566  141.25  -999.0   -999.00   -999.0    -999   147    16.04     -8.67     13.49    11  -999.0    -999     0   0   0   0    -999.000  -999.000
0567  141.50   997.3     26.60     77.2      48   147    16.01     -8.68     13.46    10    -0.2      48     0   0   0   0      18.445   -82.915
0568  141.75  -999.0   -999.00   -999.0    -999   147    15.99     -8.69     13.42    10  -999.0    -999     0   0   0   0    -999.000  -999.000
0569  142.00   997.8     26.64     77.1      43   147    15.95     -8.70     13.37    11    -0.2      43     0   0   0   0      18.445   -82.915
0570  142.25  -999.0   -999.00   -999.0    -999   147    15.92     -8.71     13.33    11  -999.0    -999     0   0   0   0    -999.000  -999.000
0571  142.50   998.4     26.69     76.9      38   147    15.90     -8.72     13.30    11    -0.2      38     0   0   0   0      18.445   -82.915
0572  142.75  -999.0   -999.00   -999.0    -999   147    15.90     -8.75     13.28    10  -999.0    -999     0   0   0   0    -999.000  -999.000
0573  143.00   999.0     26.73     76.8      33   147    15.91     -8.78     13.27    10    -0.1      33     0   0   0   0      18.445   -82.915
0574  143.25  -999.0   -999.00   -999.0    -999   146    15.93     -8.82     13.27    11  -999.0    -999     0   0   0   0    -999.000  -999.000
0575  143.50   999.6     26.78     76.7      27   146    15.95     -8.86     13.26    11    -0.1      27     0   0   0   0      18.445   -82.915
0576  143.75  -999.0   -999.00   -999.0    -999   146    15.94     -8.87     13.24    11  -999.0    -999     0   0   0   0    -999.000  -999.000
0577  144.00  1000.1     26.82     76.6      22   146    15.90     -8.85     13.21    11    -0.1      22     0   0   0   0      18.445   -82.915
0578  144.25  -999.0   -999.00   -999.0    -999   146    15.82     -8.79     13.16    11  -999.0    -999     0   0   0   0    -999.000  -999.000
0579  144.50  1000.7     26.87     76.5      18   146    15.71     -8.69     13.09    10    -0.1      18     0   0   0   0      18.445   -82.915
0580  144.75  -999.0   -999.00   -999.0    -999   147    15.58     -8.56     13.02    11  -999.0    -999     0   0   0   0    -999.000  -999.000
0581  145.00  1001.2     26.91     76.4      13   147    15.44     -8.42     12.94    11    -0.0      13     0   0   0   0      18.445   -82.915
0582  145.25  -999.0   -999.00   -999.0    -999   147    15.27     -8.25     12.85    11  -999.0    -999     0   0   0   0    -999.000  -999.000
0583  145.50  1001.8     26.96     76.4       8   148    15.08     -8.06     12.74    11    -0.0       8     0   0   0   0      18.445   -82.915
0584  145.75  -999.0   -999.00   -999.0    -999   147    15.34     -8.28     12.91    12  -999.0    -999     0   0   0   0    -999.000  -999.000
0585  146.29  1002.7     26.98     76.3       0  -999  -999.00   -999.00   -999.00  -999  -999.0       0     0   0   0   0    -999.000  -999.000
