 ===========================================================================
 DROPWINDSONDE PROCESSING RECORD                            Sonde: 201441160
 FRD file written by Aspen V3.4.4, 08 Nov 2020 16:38 UTC
 Aircraft: WP-3D Orion, N42RF                Date: 201108   Time: 161807 UTC
 ---------------------------------------------------------------------------
 Bias corrections:  PR =   0.0 mb  TE =   0.0 C  RH =   0.0 %  PRB =  0.0 mb
 Filters (LPF):     PTH = 
 Dyn RH correction = 
 Estimated PR used = 
 Dyn T correction  = 
 ---------------------------------------------------------------------------
 COMMENT: EP-N, Good Drop
 ===========================================================================

 ===========================================================================
 Date: 201108   Lat:  24.80 N   TA:   17.2 C   PS:  842.4 mb   WD:   100 deg
 Time: 161807   Lon:  79.08 W   TD:   13.9 C   GA:   1556 m    WS:  22.5 m/s
 SID:  201441160                RH:   80.8 %   Navaid:   GP
 ===========================================================================

IX      t (s)  P (mb)    T (C)    RH (%)  Z (m)   WD    WS (m/s)   U (m/s)   V (m/s)  NS  WZ (m/s)  ZW (m)   FP  FT  FH  FW    LAT (N)   LON (E)
0001    0.00  -999.0   -999.00     79.4    -999  -999  -999.00   -999.00   -999.00     6  -999.0    -999     0   0   0   0      24.804   -79.077
0002    0.25  -999.0   -999.00   -999.0    -999  -999  -999.00   -999.00   -999.00     7  -999.0    -999     0   0   0   0    -999.000  -999.000
0003    0.50  -999.0   -999.00     79.4    -999  -999  -999.00   -999.00   -999.00     7  -999.0    -999     0   0   0   0      24.804   -79.078
0004    0.75  -999.0   -999.00   -999.0    -999  -999  -999.00   -999.00   -999.00     0  -999.0    -999     0   0   0   0    -999.000  -999.000
0005    1.00  -999.0   -999.00     79.4    -999  -999  -999.00   -999.00   -999.00     7  -999.0    -999     0   0   0   0      24.804   -79.078
0006    1.25  -999.0   -999.00   -999.0    -999  -999  -999.00   -999.00   -999.00     0  -999.0    -999     0   0   0   0    -999.000  -999.000
0007    1.50  -999.0   -999.00     79.4    -999  -999  -999.00   -999.00   -999.00     0  -999.0    -999     0   0   0   0      24.804   -79.078
0008    1.75  -999.0   -999.00   -999.0    -999  -999  -999.00   -999.00   -999.00     0  -999.0    -999     0   0   0   0    -999.000  -999.000
0009    2.00  -999.0   -999.00     79.3    -999  -999  -999.00   -999.00   -999.00     0  -999.0    -999     0   0   0   0      24.804   -79.078
0010    2.25  -999.0   -999.00   -999.0    -999  -999  -999.00   -999.00   -999.00     8  -999.0    -999     0   0   0   0    -999.000  -999.000
0011    2.50  -999.0   -999.00     79.3    -999  -999  -999.00   -999.00   -999.00     7  -999.0    -999     0   0   0   0      24.804   -79.078
0012    2.75  -999.0   -999.00   -999.0    -999  -999  -999.00   -999.00   -999.00     8  -999.0    -999     0   0   0   0    -999.000  -999.000
0013    3.00   846.6     17.25     79.3    1493  -999  -999.00   -999.00   -999.00     7    -0.3    1493     0   0   0   0      24.804   -79.078
0014    3.25  -999.0   -999.00   -999.0    -999  -999  -999.00   -999.00   -999.00     8  -999.0    -999     0   0   0   0    -999.000  -999.000
0015    3.50   847.1     17.27     79.3    1488  -999  -999.00   -999.00   -999.00     9    -0.3    1488     0   0   0   0      24.803   -79.078
0016    3.75  -999.0   -999.00   -999.0    -999  -999  -999.00   -999.00   -999.00     8  -999.0    -999     0   0   0   0    -999.000  -999.000
0017    4.00   847.7     17.30     79.2    1482  -999  -999.00   -999.00   -999.00     8    -0.4    1482     0   0   0   0      24.803   -79.078
0018    4.25  -999.0   -999.00   -999.0    -999  -999  -999.00   -999.00   -999.00     9  -999.0    -999     0   0   0   0    -999.000  -999.000
0019    4.50   848.2     17.33     79.1    1477  -999  -999.00   -999.00   -999.00     9    -0.5    1477     0   0   0   0      24.803   -79.078
0020    4.75  -999.0   -999.00   -999.0    -999  -999  -999.00   -999.00   -999.00     8  -999.0    -999     0   0   0   0    -999.000  -999.000
0021    5.00   848.8     17.36     79.1    1471  -999  -999.00   -999.00   -999.00     7    -0.5    1471     0   0   0   0      24.803   -79.078
0022    5.25  -999.0   -999.00   -999.0    -999  -999  -999.00   -999.00   -999.00     8  -999.0    -999     0   0   0   0    -999.000  -999.000
0023    5.50   849.3     17.39     79.0    1466  -999  -999.00   -999.00   -999.00     9    -0.6    1466     0   0   0   0      24.803   -79.079
0024    5.75  -999.0   -999.00   -999.0    -999  -999  -999.00   -999.00   -999.00     9  -999.0    -999     0   0   0   0    -999.000  -999.000
0025    6.00   849.9     17.42     79.0    1460  -999  -999.00   -999.00   -999.00     8    -0.6    1460     0   0   0   0      24.803   -79.079
0026    6.25  -999.0   -999.00   -999.0    -999  -999  -999.00   -999.00   -999.00     7  -999.0    -999     0   0   0   0    -999.000  -999.000
0027    6.50   850.4     17.45     79.0    1454  -999  -999.00   -999.00   -999.00     9    -0.7    1454     0   0   0   0      24.803   -79.079
0028    6.75  -999.0   -999.00   -999.0    -999  -999  -999.00   -999.00   -999.00     9  -999.0    -999     0   0   0   0    -999.000  -999.000
0029    7.00   851.0     17.49     79.1    1449  -999  -999.00   -999.00   -999.00     8    -0.7    1449     0   0   0   0      24.803   -79.079
0030    7.25  -999.0   -999.00   -999.0    -999  -999  -999.00   -999.00   -999.00     8  -999.0    -999     0   0   0   0    -999.000  -999.000
0031    7.50   851.6     17.52     79.2    1443  -999  -999.00   -999.00   -999.00    10    -0.7    1443     0   0   0   0      24.803   -79.079
0032    7.75  -999.0   -999.00   -999.0    -999  -999  -999.00   -999.00   -999.00    10  -999.0    -999     0   0   0   0    -999.000  -999.000
0033    8.00   852.1     17.55     79.4    1437  -999  -999.00   -999.00   -999.00    11    -0.7    1437     0   0   0   0      24.803   -79.079
0034    8.25  -999.0   -999.00   -999.0    -999  -999  -999.00   -999.00   -999.00    10  -999.0    -999     0   0   0   0    -999.000  -999.000
0035    8.50   852.7     17.59     79.7    1432  -999  -999.00   -999.00   -999.00     9    -0.7    1432     0   0   0   0      24.803   -79.079
0036    8.75  -999.0   -999.00   -999.0    -999  -999  -999.00   -999.00   -999.00    11  -999.0    -999     0   0   0   0    -999.000  -999.000
0037    9.00   853.3     17.62     80.1    1426  -999  -999.00   -999.00   -999.00    10    -0.6    1426     0   0   0   0      24.803   -79.079
0038    9.25  -999.0   -999.00   -999.0    -999  -999  -999.00   -999.00   -999.00    11  -999.0    -999     0   0   0   0    -999.000  -999.000
0039    9.50   853.8     17.65     80.4    1420  -999  -999.00   -999.00   -999.00    11    -0.6    1420     0   0   0   0      24.803   -79.079
0040    9.75  -999.0   -999.00   -999.0    -999  -999  -999.00   -999.00   -999.00     9  -999.0    -999     0   0   0   0    -999.000  -999.000
0041   10.00   854.4     17.67     80.9    1415    96    21.78    -21.67      2.21    11    -0.6    1415     0   0   0   0      24.803   -79.079
0042   10.25  -999.0   -999.00   -999.0    -999    96    21.75    -21.63      2.21    10  -999.0    -999     0   0   0   0    -999.000  -999.000
0043   10.50   854.9     17.70     81.3    1409    96    21.71    -21.59      2.20    10    -0.5    1409     0   0   0   0      24.803   -79.080
0044   10.75  -999.0   -999.00   -999.0    -999    96    21.67    -21.56      2.20    11  -999.0    -999     0   0   0   0    -999.000  -999.000
0045   11.00   855.5     17.72     81.7    1404    96    21.63    -21.52      2.20    10    -0.5    1404     0   0   0   0      24.803   -79.080
0046   11.25  -999.0   -999.00   -999.0    -999    96    21.59    -21.48      2.20     9  -999.0    -999     0   0   0   0    -999.000  -999.000
0047   11.50   856.0     17.73     82.2    1398    96    21.55    -21.44      2.20    10    -0.5    1398     0   0   0   0      24.803   -79.080
0048   11.75  -999.0   -999.00   -999.0    -999    96    21.52    -21.41      2.20    11  -999.0    -999     0   0   0   0    -999.000  -999.000
0049   12.00   856.6     17.74     82.6    1393    96    21.49    -21.38      2.21    12    -0.5    1393     0   0   0   0      24.803   -79.080
0050   12.25  -999.0   -999.00   -999.0    -999    96    21.47    -21.36      2.21    12  -999.0    -999     0   0   0   0    -999.000  -999.000
0051   12.50   857.1     17.75     83.0    1387    96    21.45    -21.34      2.22    12    -0.5    1387     0   0   0   0      24.803   -79.080
0052   12.75  -999.0   -999.00   -999.0    -999    96    21.44    -21.32      2.23    12  -999.0    -999     0   0   0   0    -999.000  -999.000
0053   13.00   857.7     17.75     83.3    1382    96    21.43    -21.32      2.24    11    -0.5    1382     0   0   0   0      24.803   -79.080
0054   13.25  -999.0   -999.00   -999.0    -999    96    21.43    -21.32      2.26    12  -999.0    -999     0   0   0   0    -999.000  -999.000
0055   13.50   858.2     17.75     83.6    1376    96    21.44    -21.32      2.27    10    -0.5    1376     0   0   0   0      24.803   -79.080
0056   13.75  -999.0   -999.00   -999.0    -999    96    21.46    -21.34      2.29    11  -999.0    -999     0   0   0   0    -999.000  -999.000
0057   14.00   858.8     17.75     83.7    1371    96    21.48    -21.36      2.32    10    -0.5    1371     0   0   0   0      24.803   -79.080
0058   14.25  -999.0   -999.00   -999.0    -999    96    21.52    -21.39      2.34    12  -999.0    -999     0   0   0   0    -999.000  -999.000
0059   14.50   859.3     17.74     83.7    1365    96    21.56    -21.42      2.38    12    -0.5    1365     0   0   0   0      24.803   -79.080
0060   14.75  -999.0   -999.00   -999.0    -999    96    21.60    -21.47      2.41    12  -999.0    -999     0   0   0   0    -999.000  -999.000
0061   15.00   859.9     17.73     83.7    1360    97    21.65    -21.52      2.45    12    -0.5    1360     0   0   0   0      24.803   -79.081
0062   15.25  -999.0   -999.00   -999.0    -999    97    21.71    -21.57      2.50    11  -999.0    -999     0   0   0   0    -999.000  -999.000
0063   15.50   860.4     17.72     83.6    1354    97    21.77    -21.62      2.54    11    -0.5    1354     0   0   0   0      24.803   -79.081
0064   15.75  -999.0   -999.00   -999.0    -999    97    21.84    -21.68      2.60    11  -999.0    -999     0   0   0   0    -999.000  -999.000
0065   16.00   861.0     17.71     83.5    1349    97    21.90    -21.74      2.65    12    -0.5    1349     0   0   0   0      24.803   -79.081
0066   16.25  -999.0   -999.00   -999.0    -999    97    21.97    -21.80      2.71    11  -999.0    -999     0   0   0   0    -999.000  -999.000
0067   16.50   861.5     17.70     83.5    1343    97    22.03    -21.86      2.77    11    -0.6    1343     0   0   0   0      24.803   -79.081
0068   16.75  -999.0   -999.00   -999.0    -999    97    22.09    -21.91      2.83    12  -999.0    -999     0   0   0   0    -999.000  -999.000
0069   17.00   862.1     17.69     83.5    1338    98    22.15    -21.96      2.89    12    -0.6    1338     0   0   0   0      24.803   -79.081
0070   17.25  -999.0   -999.00   -999.0    -999    98    22.21    -22.01      2.96    12  -999.0    -999     0   0   0   0    -999.000  -999.000
0071   17.50   862.6     17.69     83.5    1332    98    22.26    -22.05      3.02    12    -0.6    1332     0   0   0   0      24.803   -79.081
0072   17.75  -999.0   -999.00   -999.0    -999    98    22.31    -22.09      3.08    12  -999.0    -999     0   0   0   0    -999.000  -999.000
0073   18.00   863.2     17.69     83.6    1327    98    22.35    -22.13      3.14    12    -0.6    1327     0   0   0   0      24.803   -79.081
0074   18.25  -999.0   -999.00   -999.0    -999    98    22.40    -22.17      3.21    12  -999.0    -999     0   0   0   0    -999.000  -999.000
0075   18.50   863.8     17.69     83.7    1321    98    22.44    -22.20      3.27    12    -0.6    1321     0   0   0   0      24.803   -79.081
0076   18.75  -999.0   -999.00   -999.0    -999    99    22.47    -22.22      3.34    12  -999.0    -999     0   0   0   0    -999.000  -999.000
0077   19.00   864.3     17.70     83.8    1315    99    22.51    -22.25      3.40    12    -0.6    1315     0   0   0   0      24.803   -79.081
0078   19.25  -999.0   -999.00   -999.0    -999    99    22.53    -22.27      3.47    11  -999.0    -999     0   0   0   0    -999.000  -999.000
0079   19.50   864.9     17.70     84.0    1310    99    22.56    -22.28      3.54    12    -0.6    1310     0   0   0   0      24.803   -79.082
0080   19.75  -999.0   -999.00   -999.0    -999    99    22.58    -22.29      3.61    12  -999.0    -999     0   0   0   0    -999.000  -999.000
0081   20.00   865.4     17.71     84.2    1304    99    22.60    -22.30      3.68    12    -0.6    1304     0   0   0   0      24.803   -79.082
0082   20.25  -999.0   -999.00   -999.0    -999   100    22.62    -22.30      3.75    11  -999.0    -999     0   0   0   0    -999.000  -999.000
0083   20.50   866.0     17.72     84.5    1299   100    22.63    -22.30      3.82    12    -0.6    1299     0   0   0   0      24.803   -79.082
0084   20.75  -999.0   -999.00   -999.0    -999   100    22.64    -22.30      3.90    12  -999.0    -999     0   0   0   0    -999.000  -999.000
0085   21.00   866.5     17.73     84.8    1293   100    22.64    -22.29      3.96    12    -0.6    1293     0   0   0   0      24.803   -79.082
0086   21.25  -999.0   -999.00   -999.0    -999   100    22.65    -22.28      4.03    12  -999.0    -999     0   0   0   0    -999.000  -999.000
0087   21.50   867.1     17.74     85.1    1288   100    22.65    -22.27      4.10    11    -0.6    1288     0   0   0   0      24.803   -79.082
0088   21.75  -999.0   -999.00   -999.0    -999   101    22.65    -22.26      4.16    12  -999.0    -999     0   0   0   0    -999.000  -999.000
0089   22.00   867.7     17.75     85.4    1282   101    22.64    -22.25      4.23    11    -0.5    1282     0   0   0   0      24.803   -79.082
0090   22.25  -999.0   -999.00   -999.0    -999   101    22.64    -22.23      4.29    11  -999.0    -999     0   0   0   0    -999.000  -999.000
0091   22.50   868.2     17.76     85.7    1277   101    22.63    -22.21      4.34    12    -0.5    1277     0   0   0   0      24.803   -79.082
0092   22.75  -999.0   -999.00   -999.0    -999   101    22.63    -22.20      4.40    11  -999.0    -999     0   0   0   0    -999.000  -999.000
0093   23.00   868.8     17.77     85.9    1271   101    22.62    -22.18      4.45    12    -0.5    1271     0   0   0   0      24.803   -79.082
0094   23.25  -999.0   -999.00   -999.0    -999   101    22.62    -22.16      4.50    11  -999.0    -999     0   0   0   0    -999.000  -999.000
0095   23.50   869.3     17.78     86.2    1266   102    22.61    -22.15      4.55    12    -0.5    1266     0   0   0   0      24.803   -79.082
0096   23.75  -999.0   -999.00   -999.0    -999   102    22.61    -22.14      4.59    11  -999.0    -999     0   0   0   0    -999.000  -999.000
0097   24.00   869.9     17.80     86.4    1260   102    22.61    -22.13      4.64    11    -0.5    1260     0   0   0   0      24.803   -79.083
0098   24.25  -999.0   -999.00   -999.0    -999   102    22.61    -22.12      4.68    12  -999.0    -999     0   0   0   0    -999.000  -999.000
0099   24.50   870.5     17.81     86.6    1255   102    22.61    -22.11      4.73    11    -0.5    1255     0   0   0   0      24.803   -79.083
0100   24.75  -999.0   -999.00   -999.0    -999   102    22.61    -22.10      4.78    12  -999.0    -999     0   0   0   0    -999.000  -999.000
0101   25.00   871.0     17.82     86.8    1249   102    22.62    -22.10      4.83    11    -0.6    1249     0   0   0   0      24.803   -79.083
0102   25.25  -999.0   -999.00   -999.0    -999   102    22.62    -22.09      4.87    11  -999.0    -999     0   0   0   0    -999.000  -999.000
0103   25.50   871.6     17.84     87.0    1244   103    22.63    -22.09      4.93    12    -0.6    1244     0   0   0   0      24.803   -79.083
0104   25.75  -999.0   -999.00   -999.0    -999   103    22.64    -22.09      4.98    12  -999.0    -999     0   0   0   0    -999.000  -999.000
0105   26.00   872.1     17.85     87.2    1238   103    22.65    -22.09      5.03    13    -0.6    1238     0   0   0   0      24.803   -79.083
0106   26.25  -999.0   -999.00   -999.0    -999   103    22.66    -22.08      5.09    12  -999.0    -999     0   0   0   0    -999.000  -999.000
0107   26.50   872.7     17.86     87.5    1233   103    22.67    -22.08      5.15    11    -0.6    1233     0   0   0   0      24.803   -79.083
0108   26.75  -999.0   -999.00   -999.0    -999   103    22.68    -22.08      5.21    12  -999.0    -999     0   0   0   0    -999.000  -999.000
0109   27.00   873.2     17.87     87.9    1227   103    22.69    -22.08      5.27    13    -0.6    1227     0   0   0   0      24.803   -79.083
0110   27.25  -999.0   -999.00   -999.0    -999   104    22.70    -22.07      5.33    13  -999.0    -999     0   0   0   0    -999.000  -999.000
0111   27.50   873.8     17.88     88.3    1222   104    22.71    -22.07      5.38    12    -0.7    1222     0   0   0   0      24.803   -79.083
0112   27.75  -999.0   -999.00   -999.0    -999   104    22.72    -22.06      5.44    13  -999.0    -999     0   0   0   0    -999.000  -999.000
0113   28.00   874.4     17.90     88.7    1216   104    22.74    -22.06      5.50    13    -0.7    1216     0   0   0   0      24.803   -79.083
0114   28.25  -999.0   -999.00   -999.0    -999   104    22.75    -22.06      5.55    13  -999.0    -999     0   0   0   0    -999.000  -999.000
0115   28.50   875.0     17.91     89.2    1210   104    22.76    -22.06      5.60    13    -0.7    1210     0   0   0   0      24.803   -79.083
0116   28.75  -999.0   -999.00   -999.0    -999   104    22.77    -22.06      5.64    13  -999.0    -999     0   0   0   0    -999.000  -999.000
0117   29.00   875.5     17.92     89.8    1205   104    22.79    -22.07      5.68    13    -0.6    1205     0   0   0   0      24.803   -79.084
0118   29.25  -999.0   -999.00   -999.0    -999   104    22.81    -22.09      5.70    13  -999.0    -999     0   0   0   0    -999.000  -999.000
0119   29.50   876.1     17.93     90.3    1199   105    22.84    -22.11      5.72    12    -0.6    1199     0   0   0   0      24.803   -79.084
0120   29.75  -999.0   -999.00   -999.0    -999   104    22.86    -22.14      5.72    13  -999.0    -999     0   0   0   0    -999.000  -999.000
0121   30.00   876.7     17.95     91.0    1194   104    22.89    -22.17      5.72    12    -0.6    1194     0   0   0   0      24.803   -79.084
0122   30.25  -999.0   -999.00   -999.0    -999   104    22.92    -22.20      5.71    13  -999.0    -999     0   0   0   0    -999.000  -999.000
0123   30.50   877.2     17.96     91.6    1188   104    22.96    -22.24      5.69    13    -0.6    1188     0   0   0   0      24.803   -79.084
0124   30.75  -999.0   -999.00   -999.0    -999   104    22.99    -22.28      5.67    12  -999.0    -999     0   0   0   0    -999.000  -999.000
0125   31.00   877.8     17.98     92.3    1183   104    23.02    -22.32      5.64    12    -0.6    1183     0   0   0   0      24.803   -79.084
0126   31.25  -999.0   -999.00   -999.0    -999   104    23.06    -22.36      5.61    11  -999.0    -999     0   0   0   0    -999.000  -999.000
0127   31.50   878.3     18.00     93.0    1177   104    23.09    -22.41      5.58    13    -0.6    1177     0   0   0   0      24.804   -79.084
0128   31.75  -999.0   -999.00   -999.0    -999   104    23.13    -22.45      5.55    13  -999.0    -999     0   0   0   0    -999.000  -999.000
0129   32.00   878.9     18.01     93.6    1172   104    23.16    -22.49      5.53    13    -0.6    1172     0   0   0   0      24.804   -79.084
0130   32.25  -999.0   -999.00   -999.0    -999   104    23.19    -22.53      5.50    13  -999.0    -999     0   0   0   0    -999.000  -999.000
0131   32.50   879.5     18.03     94.2    1166   104    23.21    -22.56      5.47    13    -0.6    1166     0   0   0   0      24.804   -79.084
0132   32.75  -999.0   -999.00   -999.0    -999   104    23.24    -22.59      5.44    12  -999.0    -999     0   0   0   0    -999.000  -999.000
0133   33.00   880.0     18.05     94.8    1161   103    23.26    -22.62      5.42    12    -0.6    1161     0   0   0   0      24.804   -79.084
0134   33.25  -999.0   -999.00   -999.0    -999   103    23.27    -22.64      5.40    12  -999.0    -999     0   0   0   0    -999.000  -999.000
0135   33.50   880.6     18.07     95.3    1155   103    23.28    -22.65      5.38    11    -0.6    1155     0   0   0   0      24.804   -79.085
0136   33.75  -999.0   -999.00   -999.0    -999   103    23.29    -22.67      5.36    12  -999.0    -999     0   0   0   0    -999.000  -999.000
0137   34.00   881.1     18.09     95.7    1150   103    23.30    -22.68      5.34    12    -0.6    1150     0   0   0   0      24.804   -79.085
0138   34.25  -999.0   -999.00   -999.0    -999   103    23.30    -22.68      5.33    10  -999.0    -999     0   0   0   0    -999.000  -999.000
0139   34.50   881.7     18.11     96.1    1144   103    23.30    -22.68      5.31    12    -0.6    1144     0   0   0   0      24.804   -79.085
0140   34.75  -999.0   -999.00   -999.0    -999   103    23.30    -22.69      5.30    13  -999.0    -999     0   0   0   0    -999.000  -999.000
0141   35.00   882.3     18.13     96.4    1139   103    23.29    -22.68      5.28    12    -0.6    1139     0   0   0   0      24.804   -79.085
0142   35.25  -999.0   -999.00   -999.0    -999   103    23.29    -22.68      5.27    13  -999.0    -999     0   0   0   0    -999.000  -999.000
0143   35.50   882.8     18.15     96.6    1133   103    23.28    -22.68      5.26    13    -0.7    1133     0   0   0   0      24.804   -79.085
0144   35.75  -999.0   -999.00   -999.0    -999   103    23.28    -22.68      5.25    13  -999.0    -999     0   0   0   0    -999.000  -999.000
0145   36.00   883.4     18.18     96.7    1128   103    23.27    -22.67      5.24    13    -0.7    1128     0   0   0   0      24.804   -79.085
0146   36.25  -999.0   -999.00   -999.0    -999   103    23.26    -22.67      5.23    13  -999.0    -999     0   0   0   0    -999.000  -999.000
0147   36.50   884.0     18.21     96.8    1122   103    23.26    -22.66      5.22    13    -0.7    1122     0   0   0   0      24.804   -79.085
0148   36.75  -999.0   -999.00   -999.0    -999   103    23.25    -22.66      5.21    11  -999.0    -999     0   0   0   0    -999.000  -999.000
0149   37.00   884.6     18.23     96.8    1117   103    23.24    -22.65      5.20    11    -0.7    1117     0   0   0   0      24.804   -79.085
0150   37.25  -999.0   -999.00   -999.0    -999   103    23.24    -22.65      5.20    12  -999.0    -999     0   0   0   0    -999.000  -999.000
0151   37.50   885.1     18.27     96.8    1111   103    23.23    -22.64      5.19    12    -0.8    1111     0   0   0   0      24.804   -79.085
0152   37.75  -999.0   -999.00   -999.0    -999   103    23.22    -22.63      5.19    13  -999.0    -999     0   0   0   0    -999.000  -999.000
0153   38.00   885.7     18.30     96.7    1105   103    23.21    -22.62      5.19    12    -0.8    1105     0   0   0   0      24.804   -79.086
0154   38.25  -999.0   -999.00   -999.0    -999   103    23.20    -22.61      5.20    13  -999.0    -999     0   0   0   0    -999.000  -999.000
0155   38.50   886.3     18.33     96.7    1100   103    23.18    -22.59      5.20    13    -0.8    1100     0   0   0   0      24.804   -79.086
0156   38.75  -999.0   -999.00   -999.0    -999   103    23.16    -22.57      5.20    13  -999.0    -999     0   0   0   0    -999.000  -999.000
0157   39.00   886.9     18.37     96.6    1094   103    23.14    -22.55      5.21    13    -0.8    1094     0   0   0   0      24.804   -79.086
0158   39.25  -999.0   -999.00   -999.0    -999   103    23.12    -22.52      5.21    13  -999.0    -999     0   0   0   0    -999.000  -999.000
0159   39.50   887.4     18.40     96.4    1089   103    23.09    -22.49      5.21    13    -0.8    1089     0   0   0   0      24.804   -79.086
0160   39.75  -999.0   -999.00   -999.0    -999   103    23.05    -22.46      5.21    13  -999.0    -999     0   0   0   0    -999.000  -999.000
0161   40.00   888.0     18.43     96.3    1083   103    23.02    -22.42      5.21    12    -0.8    1083     0   0   0   0      24.804   -79.086
0162   40.25  -999.0   -999.00   -999.0    -999   103    22.97    -22.38      5.21    13  -999.0    -999     0   0   0   0    -999.000  -999.000
0163   40.50   888.6     18.47     96.1    1077   103    22.93    -22.33      5.21    13    -0.8    1077     0   0   0   0      24.804   -79.086
0164   40.75  -999.0   -999.00   -999.0    -999   103    22.88    -22.28      5.20    13  -999.0    -999     0   0   0   0    -999.000  -999.000
0165   41.00   889.2     18.49     95.9    1072   103    22.83    -22.23      5.20    13    -0.8    1072     0   0   0   0      24.804   -79.086
0166   41.25  -999.0   -999.00   -999.0    -999   103    22.77    -22.17      5.19    12  -999.0    -999     0   0   0   0    -999.000  -999.000
0167   41.50   889.7     18.51     95.6    1066   103    22.71    -22.11      5.18    12    -0.8    1066     0   0   0   0      24.804   -79.086
0168   41.75  -999.0   -999.00   -999.0    -999   103    22.65    -22.05      5.17    12  -999.0    -999     0   0   0   0    -999.000  -999.000
0169   42.00   890.3     18.53     95.4    1061   103    22.59    -21.99      5.16    12    -0.8    1061     0   0   0   0      24.804   -79.086
0170   42.25  -999.0   -999.00   -999.0    -999   103    22.53    -21.93      5.14    13  -999.0    -999     0   0   0   0    -999.000  -999.000
0171   42.50   890.9     18.54     95.1    1055   103    22.47    -21.87      5.13    13    -0.9    1055     0   0   0   0      24.804   -79.087
0172   42.75  -999.0   -999.00   -999.0    -999   103    22.41    -21.82      5.11    12  -999.0    -999     0   0   0   0    -999.000  -999.000
0173   43.00   891.5     18.55     94.8    1049   103    22.35    -21.76      5.09    13    -0.9    1049     0   0   0   0      24.804   -79.087
0174   43.25  -999.0   -999.00   -999.0    -999   103    22.29    -21.71      5.06    12  -999.0    -999     0   0   0   0    -999.000  -999.000
0175   43.50   892.1     18.55     94.5    1044   103    22.24    -21.66      5.04    13    -0.9    1044     0   0   0   0      24.804   -79.087
0176   43.75  -999.0   -999.00   -999.0    -999   103    22.20    -21.62      5.01    13  -999.0    -999     0   0   0   0    -999.000  -999.000
0177   44.00   892.6     18.56     94.2    1038   103    22.16    -21.59      4.99    13    -0.9    1038     0   0   0   0      24.804   -79.087
0178   44.25  -999.0   -999.00   -999.0    -999   103    22.12    -21.56      4.96    13  -999.0    -999     0   0   0   0    -999.000  -999.000
0179   44.50   893.2     18.56     93.8    1033   103    22.09    -21.53      4.93    13    -0.9    1033     0   0   0   0      24.804   -79.087
0180   44.75  -999.0   -999.00   -999.0    -999   103    22.07    -21.51      4.91    13  -999.0    -999     0   0   0   0    -999.000  -999.000
0181   45.00   893.8     18.57     93.5    1027   103    22.05    -21.50      4.89    13    -0.9    1027     0   0   0   0      24.804   -79.087
0182   45.25  -999.0   -999.00   -999.0    -999   103    22.04    -21.49      4.87    13  -999.0    -999     0   0   0   0    -999.000  -999.000
0183   45.50   894.4     18.58     93.2    1021   103    22.03    -21.49      4.85    13    -0.9    1021     0   0   0   0      24.804   -79.087
0184   45.75  -999.0   -999.00   -999.0    -999   103    22.03    -21.49      4.84    13  -999.0    -999     0   0   0   0    -999.000  -999.000
0185   46.00   895.0     18.60     92.9    1016   103    22.03    -21.50      4.83    13    -0.9    1016     0   0   0   0    -999.000  -999.000
0186   46.25  -999.0   -999.00   -999.0    -999   103    22.05    -21.51      4.82    10  -999.0    -999     0   0   0   0    -999.000  -999.000
0187   46.50   895.6     18.61     92.7    1010   103    22.07    -21.53      4.82    12    -0.9    1010     0   0   0   0      24.804   -79.087
0188   46.75  -999.0   -999.00   -999.0    -999   103    22.09    -21.56      4.82    13  -999.0    -999     0   0   0   0    -999.000  -999.000
0189   47.00   896.1     18.63     92.5    1005   103    22.12    -21.59      4.81    13    -0.9    1005     0   0   0   0      24.804   -79.088
0190   47.25  -999.0   -999.00   -999.0    -999   103    22.16    -21.63      4.80    13  -999.0    -999     0   0   0   0    -999.000  -999.000
0191   47.50   896.7     18.66     92.3     999   102    22.19    -21.67      4.80    13    -0.8     999     0   0   0   0      24.804   -79.088
0192   47.75  -999.0   -999.00   -999.0    -999   102    22.24    -21.72      4.79    13  -999.0    -999     0   0   0   0    -999.000  -999.000
0193   48.00   897.3     18.68     92.2     993   102    22.28    -21.76      4.77    13    -0.8     993     0   0   0   0      24.804   -79.088
0194   48.25  -999.0   -999.00   -999.0    -999   102    22.32    -21.81      4.76    13  -999.0    -999     0   0   0   0    -999.000  -999.000
0195   48.50   897.9     18.70     92.1     988   102    22.36    -21.85      4.75    13    -0.8     988     0   0   0   0      24.804   -79.088
0196   48.75  -999.0   -999.00   -999.0    -999   102    22.40    -21.89      4.73    13  -999.0    -999     0   0   0   0    -999.000  -999.000
0197   49.00   898.5     18.72     92.0     982   102    22.43    -21.93      4.71    12    -0.8     982     0   0   0   0      24.804   -79.088
0198   49.25  -999.0   -999.00   -999.0    -999   102    22.46    -21.97      4.70    13  -999.0    -999     0   0   0   0    -999.000  -999.000
0199   49.50   899.0     18.75     92.1     977   102    22.49    -22.00      4.68    13    -0.8     977     0   0   0   0      24.804   -79.088
0200   49.75  -999.0   -999.00   -999.0    -999   102    22.51    -22.03      4.65    13  -999.0    -999     0   0   0   0    -999.000  -999.000
0201   50.00   899.6     18.77     92.1     971   102    22.53    -22.05      4.63    12    -0.8     971     0   0   0   0      24.804   -79.088
0202   50.25  -999.0   -999.00   -999.0    -999   102    22.55    -22.08      4.61    13  -999.0    -999     0   0   0   0    -999.000  -999.000
0203   50.50   900.2     18.79     92.3     966   102    22.57    -22.09      4.59    12    -0.8     966     0   0   0   0      24.804   -79.088
0204   50.75  -999.0   -999.00   -999.0    -999   102    22.58    -22.11      4.57    13  -999.0    -999     0   0   0   0    -999.000  -999.000
0205   51.00   900.8     18.82     92.6     960   102    22.59    -22.12      4.55    12    -0.8     960     0   0   0   0      24.804   -79.088
0206   51.25  -999.0   -999.00   -999.0    -999   102    22.60    -22.14      4.53    11  -999.0    -999     0   0   0   0    -999.000  -999.000
0207   51.50   901.4     18.84     93.0     954   102    22.60    -22.15      4.51    11    -0.9     954     0   0   0   0      24.804   -79.089
0208   51.75  -999.0   -999.00   -999.0    -999   101    22.61    -22.16      4.50    12  -999.0    -999     0   0   0   0    -999.000  -999.000
0209   52.00   901.9     18.87     93.5     949   101    22.61    -22.16      4.48    13    -0.9     949     0   0   0   0      24.804   -79.089
0210   52.25  -999.0   -999.00   -999.0    -999   101    22.62    -22.17      4.47    12  -999.0    -999     0   0   0   0    -999.000  -999.000
0211   52.50   902.5     18.90     94.0     943   101    22.62    -22.18      4.45    12    -0.9     943     0   0   0   0      24.804   -79.089
0212   52.75  -999.0   -999.00   -999.0    -999   101    22.62    -22.18      4.44    12  -999.0    -999     0   0   0   0    -999.000  -999.000
0213   53.00   903.1     18.92     94.5     938   101    22.61    -22.18      4.42    12    -0.9     938     0   0   0   0      24.804   -79.089
0214   53.25  -999.0   -999.00   -999.0    -999   101    22.61    -22.17      4.40    12  -999.0    -999     0   0   0   0    -999.000  -999.000
0215   53.50   903.7     18.95     94.9     932   101    22.60    -22.17      4.38    13    -0.9     932     0   0   0   0      24.805   -79.089
0216   53.75  -999.0   -999.00   -999.0    -999   101    22.58    -22.16      4.35    13  -999.0    -999     0   0   0   0    -999.000  -999.000
0217   54.00   904.3     18.98     95.2     926   101    22.57    -22.15      4.32    12    -0.9     926     0   0   0   0      24.805   -79.089
0218   54.25  -999.0   -999.00   -999.0    -999   101    22.55    -22.14      4.29    13  -999.0    -999     0   0   0   0    -999.000  -999.000
0219   54.50   904.9     19.01     95.3     921   101    22.53    -22.12      4.25    12    -0.9     921     0   0   0   0      24.805   -79.089
0220   54.75  -999.0   -999.00   -999.0    -999   101    22.51    -22.11      4.21    12  -999.0    -999     0   0   0   0    -999.000  -999.000
0221   55.00   905.5     19.04     95.4     915   101    22.48    -22.09      4.17    12    -0.9     915     0   0   0   0      24.805   -79.089
0222   55.25  -999.0   -999.00   -999.0    -999   101    22.46    -22.08      4.13    12  -999.0    -999     0   0   0   0    -999.000  -999.000
0223   55.50   906.1     19.06     95.4     910   101    22.43    -22.06      4.09    13    -0.9     910     0   0   0   0      24.805   -79.089
0224   55.75  -999.0   -999.00   -999.0    -999   100    22.41    -22.04      4.05    13  -999.0    -999     0   0   0   0    -999.000  -999.000
0225   56.00   906.6     19.09     95.4     904   100    22.38    -22.02      4.02    12    -0.8     904     0   0   0   0      24.805   -79.090
0226   56.25  -999.0   -999.00   -999.0    -999   100    22.36    -22.00      3.99    13  -999.0    -999     0   0   0   0    -999.000  -999.000
0227   56.50   907.2     19.11     95.3     899   100    22.33    -21.98      3.96    12    -0.8     899     0   0   0   0      24.805   -79.090
0228   56.75  -999.0   -999.00   -999.0    -999   100    22.31    -21.96      3.93    13  -999.0    -999     0   0   0   0    -999.000  -999.000
0229   57.00   907.8     19.14     95.2     893   100    22.28    -21.94      3.90    12    -0.8     893     0   0   0   0      24.805   -79.090
0230   57.25  -999.0   -999.00   -999.0    -999   100    22.26    -21.92      3.88    12  -999.0    -999     0   0   0   0    -999.000  -999.000
0231   57.50   908.4     19.16     95.2     888   100    22.23    -21.89      3.87    11    -0.8     888     0   0   0   0      24.805   -79.090
0232   57.75  -999.0   -999.00   -999.0    -999   100    22.21    -21.87      3.85    12  -999.0    -999     0   0   0   0    -999.000  -999.000
0233   58.00   909.0     19.19     95.1     882   100    22.19    -21.85      3.84    12    -0.8     882     0   0   0   0      24.805   -79.090
0234   58.25  -999.0   -999.00   -999.0    -999   100    22.17    -21.83      3.82    12  -999.0    -999     0   0   0   0    -999.000  -999.000
0235   58.50   909.5     19.22     95.0     876   100    22.15    -21.82      3.81    13    -0.8     876     0   0   0   0      24.805   -79.090
0236   58.75  -999.0   -999.00   -999.0    -999   100    22.13    -21.80      3.80    12  -999.0    -999     0   0   0   0    -999.000  -999.000
0237   59.00   910.1     19.26     94.9     871   100    22.11    -21.78      3.79    13    -0.8     871     0   0   0   0      24.805   -79.090
0238   59.25  -999.0   -999.00   -999.0    -999   100    22.10    -21.77      3.79    13  -999.0    -999     0   0   0   0    -999.000  -999.000
0239   59.50   910.7     19.29     94.9     865   100    22.09    -21.76      3.78    13    -0.8     865     0   0   0   0      24.805   -79.090
0240   59.75  -999.0   -999.00   -999.0    -999   100    22.08    -21.75      3.77    11  -999.0    -999     0   0   0   0    -999.000  -999.000
0241   60.00   911.3     19.33     94.8     860   100    22.07    -21.75      3.76    11    -0.8     860     0   0   0   0      24.805   -79.090
0242   60.25  -999.0   -999.00   -999.0    -999   100    22.06    -21.74      3.75    11  -999.0    -999     0   0   0   0    -999.000  -999.000
0243   60.50   911.9     19.37     94.7     854   100    22.06    -21.74      3.73    13    -0.8     854     0   0   0   0      24.805   -79.091
0244   60.75  -999.0   -999.00   -999.0    -999   100    22.05    -21.74      3.72    12  -999.0    -999     0   0   0   0    -999.000  -999.000
0245   61.00   912.5     19.41     94.6     849   100    22.05    -21.74      3.70    13    -0.9     849     0   0   0   0      24.805   -79.091
0246   61.25  -999.0   -999.00   -999.0    -999   100    22.05    -21.74      3.68    12  -999.0    -999     0   0   0   0    -999.000  -999.000
0247   61.50   913.1     19.45     94.5     843   100    22.05    -21.74      3.66    12    -0.9     843     0   0   0   0      24.805   -79.091
0248   61.75  -999.0   -999.00   -999.0    -999    99    22.04    -21.74      3.63    11  -999.0    -999     0   0   0   0    -999.000  -999.000
0249   62.00   913.6     19.49     94.5     838    99    22.04    -21.74      3.60    13    -0.9     838     0   0   0   0      24.805   -79.091
0250   62.25  -999.0   -999.00   -999.0    -999    99    22.04    -21.75      3.57    11  -999.0    -999     0   0   0   0    -999.000  -999.000
0251   62.50   914.2     19.52     94.4     832    99    22.04    -21.75      3.53    12    -0.9     832     0   0   0   0      24.805   -79.091
0252   62.75  -999.0   -999.00   -999.0    -999    99    22.03    -21.75      3.49    12  -999.0    -999     0   0   0   0    -999.000  -999.000
0253   63.00   914.8     19.56     94.4     826    99    22.03    -21.76      3.45    12    -1.0     826     0   0   0   0      24.805   -79.091
0254   63.25  -999.0   -999.00   -999.0    -999    99    22.03    -21.76      3.40    13  -999.0    -999     0   0   0   0    -999.000  -999.000
0255   63.50   915.4     19.60     94.4     821    99    22.03    -21.77      3.35    13    -1.0     821     0   0   0   0      24.805   -79.091
0256   63.75  -999.0   -999.00   -999.0    -999    99    22.02    -21.77      3.30    12  -999.0    -999     0   0   0   0    -999.000  -999.000
0257   64.00   916.0     19.63     94.4     815    98    22.02    -21.78      3.25    12    -1.0     815     0   0   0   0      24.805   -79.091
0258   64.25  -999.0   -999.00   -999.0    -999    98    22.01    -21.78      3.19    12  -999.0    -999     0   0   0   0    -999.000  -999.000
0259   64.50   916.6     19.66     94.5     810    98    22.01    -21.78      3.13    11    -1.0     810     0   0   0   0      24.805   -79.091
0260   64.75  -999.0   -999.00   -999.0    -999    98    22.00    -21.78      3.08    12  -999.0    -999     0   0   0   0    -999.000  -999.000
0261   65.00   917.2     19.69     94.6     804    98    21.99    -21.78      3.02    12    -1.0     804     0   0   0   0      24.805   -79.091
0262   65.25  -999.0   -999.00   -999.0    -999    98    21.98    -21.78      2.97    11  -999.0    -999     0   0   0   0    -999.000  -999.000
0263   65.50   917.8     19.72     94.7     798    98    21.97    -21.78      2.91    11    -1.0     798     0   0   0   0      24.805   -79.092
0264   65.75  -999.0   -999.00   -999.0    -999    97    21.96    -21.77      2.86    11  -999.0    -999     0   0   0   0    -999.000  -999.000
0265   66.00   918.4     19.74     94.9     793    97    21.94    -21.76      2.81    11    -1.0     793     0   0   0   0      24.805   -79.092
0266   66.25  -999.0   -999.00   -999.0    -999    97    21.93    -21.75      2.76    12  -999.0    -999     0   0   0   0    -999.000  -999.000
0267   66.50   919.0     19.77     95.0     787    97    21.91    -21.74      2.71    11    -0.9     787     0   0   0   0      24.805   -79.092
0268   66.75  -999.0   -999.00   -999.0    -999    97    21.89    -21.73      2.66    12  -999.0    -999     0   0   0   0    -999.000  -999.000
0269   67.00   919.6     19.80     95.1     781    97    21.87    -21.71      2.61    12    -0.9     781     0   0   0   0      24.805   -79.092
0270   67.25  -999.0   -999.00   -999.0    -999    97    21.84    -21.69      2.56    12  -999.0    -999     0   0   0   0    -999.000  -999.000
0271   67.50   920.2     19.82     95.2     776    97    21.82    -21.67      2.51    12    -0.8     776     0   0   0   0      24.805   -79.092
0272   67.75  -999.0   -999.00   -999.0    -999    96    21.79    -21.65      2.46    12  -999.0    -999     0   0   0   0    -999.000  -999.000
0273   68.00   920.8     19.85     95.3     770    96    21.76    -21.63      2.40    12    -0.7     770     0   0   0   0      24.805   -79.092
0274   68.25  -999.0   -999.00   -999.0    -999    96    21.73    -21.60      2.35    12  -999.0    -999     0   0   0   0    -999.000  -999.000
0275   68.50   921.4     19.87     95.3     765    96    21.69    -21.57      2.30    11    -0.7     765     0   0   0   0      24.805   -79.092
0276   68.75  -999.0   -999.00   -999.0    -999    96    21.66    -21.54      2.25    12  -999.0    -999     0   0   0   0    -999.000  -999.000
0277   69.00   921.9     19.90     95.4     760    96    21.63    -21.51      2.20    11    -0.6     760     0   0   0   0      24.805   -79.092
0278   69.25  -999.0   -999.00   -999.0    -999    96    21.59    -21.48      2.15    12  -999.0    -999     0   0   0   0    -999.000  -999.000
0279   69.50   922.5     19.93     95.4     754    96    21.56    -21.45      2.11    11    -0.6     754     0   0   0   0      24.805   -79.092
0280   69.75  -999.0   -999.00   -999.0    -999    96    21.52    -21.42      2.07    12  -999.0    -999     0   0   0   0    -999.000  -999.000
0281   70.00   923.1     19.97     95.3     749    95    21.49    -21.39      2.04    12    -0.6     749     0   0   0   0      24.805   -79.093
0282   70.25  -999.0   -999.00   -999.0    -999    95    21.46    -21.36      2.00    12  -999.0    -999     0   0   0   0    -999.000  -999.000
0283   70.50   923.6     20.00     95.3     744    95    21.43    -21.34      1.98    12    -0.7     744     0   0   0   0      24.805   -79.093
0284   70.75  -999.0   -999.00   -999.0    -999    95    21.40    -21.31      1.95    12  -999.0    -999     0   0   0   0    -999.000  -999.000
0285   71.00   924.2     20.04     95.2     738    95    21.36    -21.28      1.93    12    -0.7     738     0   0   0   0      24.805   -79.093
0286   71.25  -999.0   -999.00   -999.0    -999    95    21.33    -21.25      1.92    12  -999.0    -999     0   0   0   0    -999.000  -999.000
0287   71.50   924.8     20.08     95.1     733    95    21.30    -21.22      1.90    12    -0.8     733     0   0   0   0      24.805   -79.093
0288   71.75  -999.0   -999.00   -999.0    -999    95    21.27    -21.19      1.89    12  -999.0    -999     0   0   0   0    -999.000  -999.000
0289   72.00   925.4     20.12     94.9     727    95    21.24    -21.16      1.88    12    -0.8     727     0   0   0   0      24.805   -79.093
0290   72.25  -999.0   -999.00   -999.0    -999    95    21.21    -21.12      1.88    12  -999.0    -999     0   0   0   0    -999.000  -999.000
0291   72.50   926.0     20.16     94.8     722    95    21.17    -21.09      1.87    12    -0.9     722     0   0   0   0      24.805   -79.093
0292   72.75  -999.0   -999.00   -999.0    -999    95    21.13    -21.05      1.86    12  -999.0    -999     0   0   0   0    -999.000  -999.000
0293   73.00   926.6     20.20     94.6     716    95    21.09    -21.01      1.85    12    -0.9     716     0   0   0   0      24.805   -79.093
0294   73.25  -999.0   -999.00   -999.0    -999    95    21.05    -20.97      1.84    12  -999.0    -999     0   0   0   0    -999.000  -999.000
0295   73.50   927.2     20.24     94.4     710    95    21.01    -20.93      1.82    12    -1.0     710     0   0   0   0      24.805   -79.093
0296   73.75  -999.0   -999.00   -999.0    -999    95    20.96    -20.88      1.80    10  -999.0    -999     0   0   0   0    -999.000  -999.000
0297   74.00   927.8     20.29     94.2     705    95    20.91    -20.83      1.78    12    -1.0     705     0   0   0   0      24.805   -79.093
0298   74.25  -999.0   -999.00   -999.0    -999    95    20.86    -20.79      1.76    12  -999.0    -999     0   0   0   0    -999.000  -999.000
0299   74.50   928.4     20.33     94.0     699    95    20.81    -20.74      1.72    12    -1.0     699     0   0   0   0      24.805   -79.093
0300   74.75  -999.0   -999.00   -999.0    -999    95    20.76    -20.69      1.69    12  -999.0    -999     0   0   0   0    -999.000  -999.000
0301   75.00   929.0     20.37     93.8     694    95    20.70    -20.64      1.65    12    -1.0     694     0   0   0   0      24.805   -79.094
0302   75.25  -999.0   -999.00   -999.0    -999    94    20.65    -20.59      1.60    12  -999.0    -999     0   0   0   0    -999.000  -999.000
0303   75.50   929.6     20.41     93.6     688    94    20.60    -20.54      1.56    12    -1.0     688     0   0   0   0      24.805   -79.094
0304   75.75  -999.0   -999.00   -999.0    -999    94    20.55    -20.49      1.50    12  -999.0    -999     0   0   0   0    -999.000  -999.000
0305   76.00   930.2     20.45     93.5     682    94    20.50    -20.45      1.45    11    -1.0     682     0   0   0   0      24.805   -79.094
0306   76.25  -999.0   -999.00   -999.0    -999    94    20.46    -20.41      1.39    11  -999.0    -999     0   0   0   0    -999.000  -999.000
0307   76.50   930.8     20.49     93.4     677    94    20.42    -20.37      1.33    12    -1.0     677     0   0   0   0      24.805   -79.094
0308   76.75  -999.0   -999.00   -999.0    -999    94    20.38    -20.34      1.27    12  -999.0    -999     0   0   0   0    -999.000  -999.000
0309   77.00   931.4     20.52     93.4     671    93    20.35    -20.31      1.21    12    -1.0     671     0   0   0   0      24.805   -79.094
0310   77.25  -999.0   -999.00   -999.0    -999    93    20.32    -20.29      1.15    12  -999.0    -999     0   0   0   0    -999.000  -999.000
0311   77.50   932.0     20.56     93.3     666    93    20.30    -20.27      1.09    11    -1.0     666     0   0   0   0      24.805   -79.094
0312   77.75  -999.0   -999.00   -999.0    -999    93    20.28    -20.26      1.02    11  -999.0    -999     0   0   0   0    -999.000  -999.000
0313   78.00   932.6     20.58     93.4     660    93    20.27    -20.25      0.96    10    -1.1     660     0   0   0   0      24.805   -79.094
0314   78.25  -999.0   -999.00   -999.0    -999    93    20.26    -20.24      0.90    11  -999.0    -999     0   0   0   0    -999.000  -999.000
0315   78.50   933.2     20.61     93.4     655    92    20.25    -20.23      0.83    11    -1.1     655     0   0   0   0      24.805   -79.094
0316   78.75  -999.0   -999.00   -999.0    -999    92    20.24    -20.22      0.77    12  -999.0    -999     0   0   0   0    -999.000  -999.000
0317   79.00   933.8     20.63     93.5     649    92    20.23    -20.21      0.70    11    -1.1     649     0   0   0   0      24.805   -79.094
0318   79.25  -999.0   -999.00   -999.0    -999    92    20.22    -20.21      0.64    11  -999.0    -999     0   0   0   0    -999.000  -999.000
0319   79.50   934.4     20.65     93.6     643    92    20.21    -20.20      0.58    11    -1.2     643     0   0   0   0      24.805   -79.094
0320   79.75  -999.0   -999.00   -999.0    -999    91    20.20    -20.19      0.52    11  -999.0    -999     0   0   0   0    -999.000  -999.000
0321   80.00   935.0     20.67     93.7     638    91    20.19    -20.18      0.46    12    -1.2     638     0   0   0   0      24.805   -79.095
0322   80.25  -999.0   -999.00   -999.0    -999    91    20.17    -20.17      0.40    11  -999.0    -999     0   0   0   0    -999.000  -999.000
0323   80.50   935.6     20.69     93.8     632    91    20.16    -20.16      0.34    12    -1.2     632     0   0   0   0      24.805   -79.095
0324   80.75  -999.0   -999.00   -999.0    -999    91    20.15    -20.15      0.28    12  -999.0    -999     0   0   0   0    -999.000  -999.000
0325   81.00   936.2     20.71     93.9     626    91    20.14    -20.14      0.22    12    -1.2     626     0   0   0   0      24.805   -79.095
0326   81.25  -999.0   -999.00   -999.0    -999    90    20.13    -20.13      0.16    13  -999.0    -999     0   0   0   0    -999.000  -999.000
0327   81.50   936.8     20.72     93.9     620    90    20.12    -20.12      0.10    13    -1.2     620     0   0   0   0      24.805   -79.095
0328   81.75  -999.0   -999.00   -999.0    -999    90    20.12    -20.12      0.05    12  -999.0    -999     0   0   0   0    -999.000  -999.000
0329   82.00   937.5     20.74     93.9     615    90    20.12    -20.12     -0.01    12    -1.2     615     0   0   0   0      24.805   -79.095
0330   82.25  -999.0   -999.00   -999.0    -999    90    20.13    -20.13     -0.06    13  -999.0    -999     0   0   0   0    -999.000  -999.000
0331   82.50   938.1     20.76     93.9     609    90    20.14    -20.14     -0.11    13    -1.1     609     0   0   0   0      24.805   -79.095
0332   82.75  -999.0   -999.00   -999.0    -999    90    20.15    -20.15     -0.16    13  -999.0    -999     0   0   0   0    -999.000  -999.000
0333   83.00   938.7     20.79     93.9     603    89    20.17    -20.17     -0.21    13    -1.1     603     0   0   0   0      24.805   -79.095
0334   83.25  -999.0   -999.00   -999.0    -999    89    20.19    -20.19     -0.25    11  -999.0    -999     0   0   0   0    -999.000  -999.000
0335   83.50   939.3     20.82     93.8     598    89    20.22    -20.22     -0.29    13    -1.1     598     0   0   0   0      24.805   -79.095
0336   83.75  -999.0   -999.00   -999.0    -999    89    20.25    -20.24     -0.34    13  -999.0    -999     0   0   0   0    -999.000  -999.000
0337   84.00   939.9     20.85     93.8     592    89    20.28    -20.27     -0.37    12    -1.1     592     0   0   0   0      24.805   -79.095
0338   84.25  -999.0   -999.00   -999.0    -999    89    20.31    -20.31     -0.41    13  -999.0    -999     0   0   0   0    -999.000  -999.000
0339   84.50   940.5     20.88     93.7     587    89    20.34    -20.34     -0.45    13    -1.1     587     0   0   0   0      24.805   -79.095
0340   84.75  -999.0   -999.00   -999.0    -999    89    20.38    -20.37     -0.48    12  -999.0    -999     0   0   0   0    -999.000  -999.000
0341   85.00   941.1     20.91     93.6     581    89    20.41    -20.41     -0.52    12    -1.1     581     0   0   0   0      24.805   -79.096
0342   85.25  -999.0   -999.00   -999.0    -999    88    20.44    -20.44     -0.55    13  -999.0    -999     0   0   0   0    -999.000  -999.000
0343   85.50   941.7     20.94     93.6     576    88    20.47    -20.46     -0.58    13    -1.1     576     0   0   0   0      24.805   -79.096
0344   85.75  -999.0   -999.00   -999.0    -999    88    20.49    -20.49     -0.61    13  -999.0    -999     0   0   0   0    -999.000  -999.000
0345   86.00   942.3     20.96     93.6     570    88    20.51    -20.50     -0.64    13    -1.1     570     0   0   0   0      24.805   -79.096
0346   86.25  -999.0   -999.00   -999.0    -999    88    20.53    -20.52     -0.67    13  -999.0    -999     0   0   0   0    -999.000  -999.000
0347   86.50  -999.0   -999.00   -999.0    -999    88    20.54    -20.53     -0.70    13  -999.0    -999     0   0   0   0      24.805   -79.096
0348   86.75  -999.0   -999.00   -999.0    -999    88    20.55    -20.54     -0.72    13  -999.0    -999     0   0   0   0    -999.000  -999.000
0349   87.00   943.5     21.02     93.5     559    88    20.56    -20.54     -0.75    13    -1.2     559     0   0   0   0      24.805   -79.096
0350   87.25  -999.0   -999.00   -999.0    -999    88    20.56    -20.54     -0.78    13  -999.0    -999     0   0   0   0    -999.000  -999.000
0351   87.50   944.1     21.05     93.5     553    88    20.56    -20.54     -0.80    13    -1.2     553     0   0   0   0      24.805   -79.096
0352   87.75  -999.0   -999.00   -999.0    -999  -999  -999.00   -999.00   -999.00    12  -999.0    -999     0   0   0   0    -999.000  -999.000
0353   88.00   944.7     21.08     93.5     547    88    20.56    -20.54     -0.85    13    -1.2     547     0   0   0   0      24.805   -79.096
0354   88.25  -999.0   -999.00   -999.0    -999    88    20.56    -20.54     -0.88    12  -999.0    -999     0   0   0   0    -999.000  -999.000
0355   88.50  -999.0   -999.00   -999.0    -999    87    20.55    -20.53     -0.90    13  -999.0    -999     0   0   0   0      24.805   -79.096
0356   88.75  -999.0   -999.00   -999.0    -999    87    20.55    -20.53     -0.93    12  -999.0    -999     0   0   0   0    -999.000  -999.000
0357   89.00   946.0     21.15     93.5     536    87    20.54    -20.52     -0.96    10    -1.1     536     0   0   0   0      24.805   -79.096
0358   89.25  -999.0   -999.00   -999.0    -999    87    20.54    -20.51     -0.99    11  -999.0    -999     0   0   0   0    -999.000  -999.000
0359   89.50   946.6     21.18     93.5     531    87    20.53    -20.50     -1.02    12    -1.1     531     0   0   0   0      24.805   -79.097
0360   89.75  -999.0   -999.00   -999.0    -999    87    20.52    -20.49     -1.05    12  -999.0    -999     0   0   0   0    -999.000  -999.000
0361   90.00   947.2     21.22     93.4     525    87    20.51    -20.48     -1.08    11    -1.0     525     0   0   0   0      24.805   -79.097
0362   90.25  -999.0   -999.00   -999.0    -999    87    20.50    -20.47     -1.11    13  -999.0    -999     0   0   0   0    -999.000  -999.000
0363   90.50   947.8     21.25     93.4     519    87    20.49    -20.45     -1.15    12    -1.0     519     0   0   0   0      24.805   -79.097
0364   90.75  -999.0   -999.00   -999.0    -999    87    20.47    -20.44     -1.18    13  -999.0    -999     0   0   0   0    -999.000  -999.000
0365   91.00   948.4     21.29     93.4     514    87    20.46    -20.42     -1.22    13    -1.0     514     0   0   0   0      24.805   -79.097
0366   91.25  -999.0   -999.00   -999.0    -999    86    20.44    -20.40     -1.25    12  -999.0    -999     0   0   0   0    -999.000  -999.000
0367   91.50   949.0     21.33     93.3     508    86    20.42    -20.38     -1.29    13    -0.9     508     0   0   0   0      24.805   -79.097
0368   91.75  -999.0   -999.00   -999.0    -999    86    20.40    -20.36     -1.32    13  -999.0    -999     0   0   0   0    -999.000  -999.000
0369   92.00   949.6     21.37     93.2     503    86    20.38    -20.34     -1.35    13    -0.9     503     0   0   0   0      24.805   -79.097
0370   92.25  -999.0   -999.00   -999.0    -999    86    20.36    -20.32     -1.38    13  -999.0    -999     0   0   0   0    -999.000  -999.000
0371   92.50   950.2     21.40     93.1     497    86    20.35    -20.30     -1.41    13    -0.8     497     0   0   0   0      24.805   -79.097
0372   92.75  -999.0   -999.00   -999.0    -999    86    20.33    -20.28     -1.43    13  -999.0    -999     0   0   0   0    -999.000  -999.000
0373   93.00   950.8     21.44     93.1     492    86    20.32    -20.27     -1.46    13    -0.8     492     0   0   0   0      24.805   -79.097
0374   93.25  -999.0   -999.00   -999.0    -999    86    20.32    -20.26     -1.48    13  -999.0    -999     0   0   0   0    -999.000  -999.000
0375   93.50   951.4     21.48     93.0     486    86    20.32    -20.26     -1.50    13    -0.8     486     0   0   0   0      24.805   -79.097
0376   93.75  -999.0   -999.00   -999.0    -999    86    20.33    -20.27     -1.52    12  -999.0    -999     0   0   0   0    -999.000  -999.000
0377   94.00   952.0     21.51     92.9     481    86    20.34    -20.28     -1.54    13    -0.8     481     0   0   0   0      24.805   -79.097
0378   94.25  -999.0   -999.00   -999.0    -999    86    20.36    -20.30     -1.56    11  -999.0    -999     0   0   0   0    -999.000  -999.000
0379   94.50   952.6     21.55     92.8     476    86    20.39    -20.33     -1.59    13    -0.8     476     0   0   0   0      24.805   -79.098
0380   94.75  -999.0   -999.00   -999.0    -999    85    20.43    -20.36     -1.61    13  -999.0    -999     0   0   0   0    -999.000  -999.000
0381   95.00   953.2     21.58     92.6     470    85    20.47    -20.40     -1.63    13    -0.8     470     0   0   0   0      24.805   -79.098
0382   95.25  -999.0   -999.00   -999.0    -999    85    20.51    -20.45     -1.65    13  -999.0    -999     0   0   0   0    -999.000  -999.000
0383   95.50   953.8     21.62     92.5     465    85    20.56    -20.50     -1.67    13    -0.9     465     0   0   0   0      24.805   -79.098
0384   95.75  -999.0   -999.00   -999.0    -999    85    20.62    -20.55     -1.69    13  -999.0    -999     0   0   0   0    -999.000  -999.000
0385   96.00   954.3     21.65     92.3     459    85    20.68    -20.61     -1.72    13    -0.9     459     0   0   0   0      24.805   -79.098
0386   96.25  -999.0   -999.00   -999.0    -999    85    20.74    -20.67     -1.74    12  -999.0    -999     0   0   0   0    -999.000  -999.000
0387   96.50   954.9     21.68     92.1     454    85    20.81    -20.73     -1.75    12    -1.0     454     0   0   0   0      24.805   -79.098
0388   96.75  -999.0   -999.00   -999.0    -999    85    20.88    -20.80     -1.77    11  -999.0    -999     0   0   0   0    -999.000  -999.000
0389   97.00   955.6     21.71     91.9     448    85    20.94    -20.87     -1.79    12    -1.0     448     0   0   0   0      24.805   -79.098
0390   97.25  -999.0   -999.00   -999.0    -999    85    21.01    -20.93     -1.82    12  -999.0    -999     0   0   0   0    -999.000  -999.000
0391   97.50   956.2     21.73     91.7     443    85    21.08    -21.00     -1.84    11    -1.1     443     0   0   0   0      24.805   -79.098
0392   97.75  -999.0   -999.00   -999.0    -999    85    21.14    -21.06     -1.86    12  -999.0    -999     0   0   0   0    -999.000  -999.000
0393   98.00   956.8     21.76     91.5     437    85    21.20    -21.11     -1.88    12    -1.1     437     0   0   0   0      24.805   -79.098
0394   98.25  -999.0   -999.00   -999.0    -999    85    21.25    -21.16     -1.91    13  -999.0    -999     0   0   0   0    -999.000  -999.000
0395   98.50   957.4     21.79     91.3     431    85    21.29    -21.20     -1.93    13    -1.1     431     0   0   0   0      24.805   -79.098
0396   98.75  -999.0   -999.00   -999.0    -999    85    21.33    -21.24     -1.96    12  -999.0    -999     0   0   0   0    -999.000  -999.000
0397   99.00   958.0     21.83     91.2     426    85    21.36    -21.27     -1.98    13    -1.1     426     0   0   0   0      24.805   -79.098
0398   99.25  -999.0   -999.00   -999.0    -999    85    21.38    -21.29     -2.01    12  -999.0    -999     0   0   0   0    -999.000  -999.000
0399   99.50   958.6     21.86     91.1     420    85    21.40    -21.30     -2.04    12    -1.0     420     0   0   0   0      24.805   -79.099
0400   99.75  -999.0   -999.00   -999.0    -999    84    21.41    -21.31     -2.07    13  -999.0    -999     0   0   0   0    -999.000  -999.000
0401  100.00   959.3     21.89     91.0     415    84    21.41    -21.31     -2.09    12    -1.0     415     0   0   0   0      24.805   -79.099
0402  100.25  -999.0   -999.00   -999.0    -999    84    21.41    -21.30     -2.12    13  -999.0    -999     0   0   0   0    -999.000  -999.000
0403  100.50   959.9     21.92     90.9     409    84    21.40    -21.29     -2.16    11    -0.9     409     0   0   0   0      24.805   -79.099
0404  100.75  -999.0   -999.00   -999.0    -999    84    21.39    -21.27     -2.19    13  -999.0    -999     0   0   0   0    -999.000  -999.000
0405  101.00   960.5     21.96     90.9     404    84    21.37    -21.25     -2.22    13    -0.8     404     0   0   0   0      24.805   -79.099
0406  101.25  -999.0   -999.00   -999.0    -999    84    21.35    -21.23     -2.26    13  -999.0    -999     0   0   0   0    -999.000  -999.000
0407  101.50   961.0     21.99     90.9     398    84    21.32    -21.20     -2.29    13    -0.8     398     0   0   0   0      24.805   -79.099
0408  101.75  -999.0   -999.00   -999.0    -999    84    21.30    -21.17     -2.33    13  -999.0    -999     0   0   0   0    -999.000  -999.000
0409  102.00   961.6     22.03     90.9     393    84    21.27    -21.13     -2.37    13    -0.7     393     0   0   0   0      24.805   -79.099
0410  102.25  -999.0   -999.00   -999.0    -999    84    21.23    -21.10     -2.40    12  -999.0    -999     0   0   0   0    -999.000  -999.000
0411  102.50   962.2     22.07     90.8     388    83    21.20    -21.06     -2.44    12    -0.7     388     0   0   0   0      24.805   -79.099
0412  102.75  -999.0   -999.00   -999.0    -999    83    21.16    -21.01     -2.48    13  -999.0    -999     0   0   0   0    -999.000  -999.000
0413  103.00   962.8     22.11     90.8     382    83    21.12    -20.97     -2.52    13    -0.7     382     0   0   0   0      24.805   -79.099
0414  103.25  -999.0   -999.00   -999.0    -999    83    21.08    -20.93     -2.56    13  -999.0    -999     0   0   0   0    -999.000  -999.000
0415  103.50   963.4     22.14     90.8     377    83    21.04    -20.88     -2.60    13    -0.7     377     0   0   0   0      24.805   -79.099
0416  103.75  -999.0   -999.00   -999.0    -999    83    21.00    -20.83     -2.64    12  -999.0    -999     0   0   0   0    -999.000  -999.000
0417  104.00   964.0     22.18     90.8     372    83    20.95    -20.78     -2.68    12    -0.7     372     0   0   0   0      24.805   -79.099
0418  104.25  -999.0   -999.00   -999.0    -999    83    20.91    -20.73     -2.72    13  -999.0    -999     0   0   0   0    -999.000  -999.000
0419  104.50   964.6     22.22     90.8     366    82    20.87    -20.68     -2.76    11    -0.7     366     0   0   0   0      24.805   -79.100
0420  104.75  -999.0   -999.00   -999.0    -999    82    20.82    -20.63     -2.80    12  -999.0    -999     0   0   0   0    -999.000  -999.000
0421  105.00   965.2     22.25     90.9     361    82    20.77    -20.58     -2.83    12    -0.7     361     0   0   0   0      24.805   -79.100
0422  105.25  -999.0   -999.00   -999.0    -999    82    20.73    -20.53     -2.86    12  -999.0    -999     0   0   0   0    -999.000  -999.000
0423  105.50   965.8     22.28     90.9     356    82    20.68    -20.47     -2.89    13    -0.7     356     0   0   0   0      24.805   -79.100
0424  105.75  -999.0   -999.00   -999.0    -999    82    20.63    -20.42     -2.91    13  -999.0    -999     0   0   0   0    -999.000  -999.000
0425  106.00   966.4     22.31     90.9     350    82    20.57    -20.36     -2.93    12    -0.7     350     0   0   0   0      24.805   -79.100
0426  106.25  -999.0   -999.00   -999.0    -999    82    20.52    -20.31     -2.94    11  -999.0    -999     0   0   0   0    -999.000  -999.000
0427  106.50   966.9     22.34     91.0     345    82    20.46    -20.25     -2.94    12    -0.7     345     0   0   0   0      24.805   -79.100
0428  106.75  -999.0   -999.00   -999.0    -999    82    20.40    -20.19     -2.93    13  -999.0    -999     0   0   0   0    -999.000  -999.000
0429  107.00   967.5     22.36     91.0     340    82    20.34    -20.13     -2.92    12    -0.7     340     0   0   0   0      24.805   -79.100
0430  107.25  -999.0   -999.00   -999.0    -999    82    20.28    -20.07     -2.91    12  -999.0    -999     0   0   0   0    -999.000  -999.000
0431  107.50   968.1     22.38     91.1     334    82    20.21    -20.00     -2.90    13    -0.7     334     0   0   0   0      24.805   -79.100
0432  107.75  -999.0   -999.00   -999.0    -999    82    20.14    -19.93     -2.90    13  -999.0    -999     0   0   0   0    -999.000  -999.000
0433  108.00   968.7     22.39     91.1     329    82    20.07    -19.86     -2.90    12    -0.7     329     0   0   0   0      24.805   -79.100
0434  108.25  -999.0   -999.00   -999.0    -999    82    19.99    -19.78     -2.90    12  -999.0    -999     0   0   0   0    -999.000  -999.000
0435  108.50   969.3     22.41     91.1     324    82    19.92    -19.70     -2.91    13    -0.7     324     0   0   0   0      24.805   -79.100
0436  108.75  -999.0   -999.00   -999.0    -999    82    19.83    -19.62     -2.93    13  -999.0    -999     0   0   0   0    -999.000  -999.000
0437  109.00   969.9     22.42     91.2     318    81    19.75    -19.53     -2.95    12    -0.8     318     0   0   0   0      24.805   -79.100
0438  109.25  -999.0   -999.00   -999.0    -999    81    19.67    -19.44     -2.97    12  -999.0    -999     0   0   0   0    -999.000  -999.000
0439  109.50   970.5     22.44     91.2     313    81    19.58    -19.35     -3.00    13    -0.8     313     0   0   0   0      24.805   -79.101
0440  109.75  -999.0   -999.00   -999.0    -999    81    19.50    -19.26     -3.03    13  -999.0    -999     0   0   0   0    -999.000  -999.000
0441  110.00   971.1     22.45     91.2     308    81    19.41    -19.17     -3.06    13    -0.9     308     0   0   0   0      24.805   -79.101
0442  110.25  -999.0   -999.00   -999.0    -999    81    19.33    -19.08     -3.09    13  -999.0    -999     0   0   0   0    -999.000  -999.000
0443  110.50   971.7     22.47     91.2     302    81    19.25    -18.99     -3.12    12    -0.9     302     0   0   0   0      24.805   -79.101
0444  110.75  -999.0   -999.00   -999.0    -999    81    19.17    -18.90     -3.15    12  -999.0    -999     0   0   0   0    -999.000  -999.000
0445  111.00   972.3     22.48     91.3     297    80    19.08    -18.82     -3.18    12    -0.9     297     0   0   0   0      24.805   -79.101
0446  111.25  -999.0   -999.00   -999.0    -999    80    19.00    -18.73     -3.21    12  -999.0    -999     0   0   0   0    -999.000  -999.000
0447  111.50   972.9     22.49     91.4     291    80    18.92    -18.64     -3.24    11    -0.9     291     0   0   0   0      24.805   -79.101
0448  111.75  -999.0   -999.00   -999.0    -999    80    18.84    -18.55     -3.27    12  -999.0    -999     0   0   0   0    -999.000  -999.000
0449  112.00   973.5     22.50     91.5     286    80    18.76    -18.47     -3.30    12    -0.9     286     0   0   0   0      24.805   -79.101
0450  112.25  -999.0   -999.00   -999.0    -999    80    18.68    -18.38     -3.33    12  -999.0    -999     0   0   0   0    -999.000  -999.000
0451  112.50   974.2     22.51     91.7     280    80    18.60    -18.29     -3.37    12    -0.9     280     0   0   0   0      24.805   -79.101
0452  112.75  -999.0   -999.00   -999.0    -999    79    18.51    -18.20     -3.42    13  -999.0    -999     0   0   0   0    -999.000  -999.000
0453  113.00   974.8     22.51     91.9     275    79    18.43    -18.10     -3.47    13    -0.9     275     0   0   0   0      24.805   -79.101
0454  113.25  -999.0   -999.00   -999.0    -999    79    18.35    -18.01     -3.53    13  -999.0    -999     0   0   0   0    -999.000  -999.000
0455  113.50   975.4     22.51     92.3     269    79    18.27    -17.92     -3.59    13    -0.9     269     0   0   0   0      24.805   -79.101
0456  113.75  -999.0   -999.00   -999.0    -999    78    18.19    -17.82     -3.66    13  -999.0    -999     0   0   0   0    -999.000  -999.000
0457  114.00   976.0     22.50     92.6     264    78    18.12    -17.73     -3.74    13    -0.9     264     0   0   0   0      24.805   -79.101
0458  114.25  -999.0   -999.00   -999.0    -999    78    18.04    -17.63     -3.82    12  -999.0    -999     0   0   0   0    -999.000  -999.000
0459  114.50   976.6     22.50     92.9     258    77    17.97    -17.54     -3.90    13    -1.0     258     0   0   0   0      24.805   -79.102
0460  114.75  -999.0   -999.00   -999.0    -999    77    17.90    -17.45     -3.99    12  -999.0    -999     0   0   0   0    -999.000  -999.000
0461  115.00   977.2     22.50     93.3     253    77    17.84    -17.37     -4.08    13    -1.0     253     0   0   0   0    -999.000  -999.000
0462  115.25  -999.0   -999.00   -999.0    -999    76    17.78    -17.29     -4.16    12  -999.0    -999     0   0   0   0    -999.000  -999.000
0463  115.50   977.8     22.51     93.6     248    76    17.73    -17.21     -4.25    12    -1.0     248     0   0   0   0      24.805   -79.102
0464  115.75  -999.0   -999.00   -999.0    -999    76    17.69    -17.15     -4.33    11  -999.0    -999     0   0   0   0    -999.000  -999.000
0465  116.00   978.4     22.51     93.9     242    76    17.65    -17.09     -4.41    12    -1.1     242     0   0   0   0      24.805   -79.102
0466  116.25  -999.0   -999.00   -999.0    -999    75    17.63    -17.05     -4.49    13  -999.0    -999     0   0   0   0    -999.000  -999.000
0467  116.50   979.0     22.53     94.1     236    75    17.61    -17.01     -4.57    12    -1.1     236     0   0   0   0      24.805   -79.102
0468  116.75  -999.0   -999.00   -999.0    -999    75    17.60    -16.98     -4.63    13  -999.0    -999     0   0   0   0    -999.000  -999.000
0469  117.00   979.6     22.54     94.3     231    75    17.60    -16.96     -4.70    12    -1.2     231     0   0   0   0      24.805   -79.102
0470  117.25  -999.0   -999.00   -999.0    -999    74    17.60    -16.95     -4.76    12  -999.0    -999     0   0   0   0    -999.000  -999.000
0471  117.50   980.3     22.57     94.4     225    74    17.61    -16.94     -4.81    13    -1.2     225     0   0   0   0      24.805   -79.102
0472  117.75  -999.0   -999.00   -999.0    -999    74    17.63    -16.95     -4.86    13  -999.0    -999     0   0   0   0    -999.000  -999.000
0473  118.00   980.9     22.60     94.4     220    74    17.65    -16.95     -4.91    13    -1.3     220     0   0   0   0      24.805   -79.102
0474  118.25  -999.0   -999.00   -999.0    -999    74    17.67    -16.96     -4.95    12  -999.0    -999     0   0   0   0    -999.000  -999.000
0475  118.50   981.5     22.63     94.4     214    74    17.69    -16.97     -4.99    12    -1.3     214     0   0   0   0      24.804   -79.102
0476  118.75  -999.0   -999.00   -999.0    -999    73    17.72    -16.99     -5.03    13  -999.0    -999     0   0   0   0    -999.000  -999.000
0477  119.00   982.2     22.67     94.3     208    73    17.74    -17.00     -5.07    12    -1.4     208     0   0   0   0      24.804   -79.102
0478  119.25  -999.0   -999.00   -999.0    -999    73    17.77    -17.02     -5.10    11  -999.0    -999     0   0   0   0    -999.000  -999.000
0479  119.50   982.8     22.71     94.2     203    73    17.79    -17.04     -5.13    12    -1.4     203     0   0   0   0      24.804   -79.102
0480  119.75  -999.0   -999.00   -999.0    -999    73    17.82    -17.06     -5.16    13  -999.0    -999     0   0   0   0    -999.000  -999.000
0481  120.00   983.4     22.76     94.1     197    73    17.84    -17.07     -5.18    13    -1.4     197     0   0   0   0      24.804   -79.102
0482  120.25  -999.0   -999.00   -999.0    -999    73    17.86    -17.09     -5.20    13  -999.0    -999     0   0   0   0    -999.000  -999.000
0483  120.50   984.1     22.80     94.0     191    73    17.87    -17.10     -5.22    13    -1.4     191     0   0   0   0      24.804   -79.103
0484  120.75  -999.0   -999.00   -999.0    -999    73    17.88    -17.10     -5.23    13  -999.0    -999     0   0   0   0    -999.000  -999.000
0485  121.00   984.7     22.85     93.9     186    73    17.89    -17.10     -5.23    13    -1.4     186     0   0   0   0      24.804   -79.103
0486  121.25  -999.0   -999.00   -999.0    -999    73    17.88    -17.10     -5.23    13  -999.0    -999     0   0   0   0    -999.000  -999.000
0487  121.50   985.4     22.89     93.8     180    73    17.87    -17.09     -5.22    13    -1.3     180     0   0   0   0      24.804   -79.103
0488  121.75  -999.0   -999.00   -999.0    -999    73    17.85    -17.07     -5.21    12  -999.0    -999     0   0   0   0    -999.000  -999.000
0489  122.00   986.0     22.94     93.7     175    73    17.82    -17.05     -5.19    13    -1.3     175     0   0   0   0      24.804   -79.103
0490  122.25  -999.0   -999.00   -999.0    -999    73    17.78    -17.02     -5.16    13  -999.0    -999     0   0   0   0    -999.000  -999.000
0491  122.50   986.6     22.98     93.6     169    73    17.74    -16.98     -5.14    11    -1.3     169     0   0   0   0      24.804   -79.103
0492  122.75  -999.0   -999.00   -999.0    -999    73    17.69    -16.94     -5.11    12  -999.0    -999     0   0   0   0    -999.000  -999.000
0493  123.00   987.2     23.02     93.5     163    73    17.64    -16.89     -5.09    13    -1.2     163     0   0   0   0      24.804   -79.103
0494  123.25  -999.0   -999.00   -999.0    -999    73    17.59    -16.84     -5.07    13  -999.0    -999     0   0   0   0    -999.000  -999.000
0495  123.50   987.9     23.06     93.5     158    73    17.53    -16.79     -5.06    12    -1.2     158     0   0   0   0      24.804   -79.103
0496  123.75  -999.0   -999.00   -999.0    -999    73    17.48    -16.73     -5.05    13  -999.0    -999     0   0   0   0    -999.000  -999.000
0497  124.00   988.5     23.11     93.4     152    73    17.42    -16.67     -5.06    12    -1.2     152     0   0   0   0      24.804   -79.103
0498  124.25  -999.0   -999.00   -999.0    -999    73    17.36    -16.60     -5.08    12  -999.0    -999     0   0   0   0    -999.000  -999.000
0499  124.50   989.1     23.15     93.4     147    73    17.31    -16.54     -5.11    13    -1.1     147     0   0   0   0      24.804   -79.103
0500  124.75  -999.0   -999.00   -999.0    -999    73    17.25    -16.46     -5.15    13  -999.0    -999     0   0   0   0    -999.000  -999.000
0501  125.00   989.7     23.19     93.3     141    72    17.19    -16.39     -5.20    11    -1.1     141     0   0   0   0      24.804   -79.103
0502  125.25  -999.0   -999.00   -999.0    -999    72    17.14    -16.31     -5.26    11  -999.0    -999     0   0   0   0    -999.000  -999.000
0503  125.50   990.4     23.23     93.3     136    72    17.08    -16.22     -5.34    12    -1.1     136     0   0   0   0      24.804   -79.103
0504  125.75  -999.0   -999.00   -999.0    -999    71    17.02    -16.13     -5.42    12  -999.0    -999     0   0   0   0    -999.000  -999.000
0505  126.00   991.0     23.27     93.4     130    71    16.96    -16.04     -5.51    13    -1.1     130     0   0   0   0      24.804   -79.103
0506  126.25  -999.0   -999.00   -999.0    -999    71    16.91    -15.95     -5.61    13  -999.0    -999     0   0   0   0    -999.000  -999.000
0507  126.50   991.6     23.31     93.4     125    70    16.86    -15.86     -5.72    12    -1.1     125     0   0   0   0      24.804   -79.104
0508  126.75  -999.0   -999.00   -999.0    -999    70    16.82    -15.78     -5.84    13  -999.0    -999     0   0   0   0    -999.000  -999.000
0509  127.00   992.2     23.35     93.4     119    69    16.79    -15.69     -5.95    13    -1.1     119     0   0   0   0      24.804   -79.104
0510  127.25  -999.0   -999.00   -999.0    -999    69    16.76    -15.62     -6.07    12  -999.0    -999     0   0   0   0    -999.000  -999.000
0511  127.50   992.8     23.39     93.4     114    68    16.74    -15.55     -6.20    10    -1.1     114     0   0   0   0      24.804   -79.104
0512  127.75  -999.0   -999.00   -999.0    -999    68    16.72    -15.48     -6.32    13  -999.0    -999     0   0   0   0    -999.000  -999.000
0513  128.00  -999.0   -999.00   -999.0    -999    67    16.71    -15.42     -6.43    13  -999.0    -999     0   0   0   0      24.804   -79.104
0514  128.25  -999.0   -999.00   -999.0    -999    67    16.70    -15.37     -6.54    12  -999.0    -999     0   0   0   0    -999.000  -999.000
0515  128.50   994.1     23.47     93.4     103    67    16.69    -15.31     -6.64    13    -1.1     103     0   0   0   0      24.804   -79.104
0516  128.75  -999.0   -999.00   -999.0    -999    66    16.68    -15.26     -6.74    13  -999.0    -999     0   0   0   0    -999.000  -999.000
0517  129.00   994.7     23.52     93.3      97    66    16.66    -15.20     -6.81    11    -1.2      97     0   0   0   0      24.804   -79.104
0518  129.25  -999.0   -999.00   -999.0    -999    66    16.63    -15.14     -6.88    11  -999.0    -999     0   0   0   0    -999.000  -999.000
0519  129.50   995.3     23.56     93.3      92    65    16.60    -15.08     -6.93    10    -1.2      92     0   0   0   0      24.804   -79.104
0520  129.75  -999.0   -999.00   -999.0    -999    65    16.56    -15.02     -6.97     9  -999.0    -999     0   0   0   0    -999.000  -999.000
0521  130.00   996.0     23.61     93.2      86    65    16.51    -14.96     -7.00    10    -1.3      86     0   0   0   0      24.804   -79.104
0522  130.25  -999.0   -999.00   -999.0    -999    65    16.46    -14.89     -7.01    11  -999.0    -999     0   0   0   0    -999.000  -999.000
0523  130.50   996.6     23.66     93.0      81    65    16.40    -14.82     -7.01    12    -1.3      81     0   0   0   0      24.804   -79.104
0524  130.75  -999.0   -999.00   -999.0    -999    65    16.33    -14.75     -7.01    12  -999.0    -999     0   0   0   0    -999.000  -999.000
0525  131.00   997.2     23.71     92.9      75    65    16.27    -14.69     -7.00    12    -1.4      75     0   0   0   0      24.804   -79.104
0526  131.25  -999.0   -999.00   -999.0    -999    64    16.20    -14.62     -6.98    12  -999.0    -999     0   0   0   0    -999.000  -999.000
0527  131.50   997.9     23.76     92.7      69    64    16.12    -14.55     -6.95    11    -1.4      69     0   0   0   0      24.804   -79.104
0528  131.75  -999.0   -999.00   -999.0    -999    64    16.05    -14.48     -6.91    11  -999.0    -999     0   0   0   0    -999.000  -999.000
0529  132.00   998.5     23.81     92.5      64    65    15.97    -14.42     -6.87    11    -1.4      64     0   0   0   0      24.804   -79.104
0530  132.25  -999.0   -999.00   -999.0    -999    65    15.89    -14.35     -6.81     9  -999.0    -999     0   0   0   0    -999.000  -999.000
0531  132.50   999.2     23.87     92.4      58    65    15.80    -14.28     -6.75    11    -1.4      58     0   0   0   0      24.804   -79.104
0532  132.75  -999.0   -999.00   -999.0    -999    65    15.70    -14.21     -6.68    10  -999.0    -999     0   0   0   0    -999.000  -999.000
0533  133.00   999.8     23.92     92.3      52    65    15.60    -14.13     -6.61    10    -1.4      52     0   0   0   0      24.804   -79.105
0534  133.25  -999.0   -999.00   -999.0    -999    65    15.48    -14.04     -6.52    10  -999.0    -999     0   0   0   0    -999.000  -999.000
0535  133.50  1000.4     23.97     92.2      47    65    15.38    -13.97     -6.45    11    -1.4      47     0   0   0   0      24.804   -79.105
0536  133.75  -999.0   -999.00   -999.0    -999    65    15.27    -13.88     -6.36    12  -999.0    -999     0   0   0   0    -999.000  -999.000
0537  134.00  -999.0   -999.00   -999.0    -999  -999  -999.00   -999.00   -999.00     0  -999.0    -999     0   0   0   0    -999.000  -999.000
0538  134.25  -999.0   -999.00   -999.0    -999  -999  -999.00   -999.00   -999.00     0  -999.0    -999     0   0   0   0    -999.000  -999.000
0539  134.50  1001.7     24.07     92.1      35    66    14.77    -13.50     -5.99    12    -1.3      35     0   0   0   0      24.804   -79.105
0540  134.75  -999.0   -999.00   -999.0    -999    66    14.55    -13.33     -5.84    12  -999.0    -999     0   0   0   0    -999.000  -999.000
0541  135.00  1002.4     24.12     92.0      30    67    14.31    -13.14     -5.68     9    -1.2      30     0   0   0   0      24.804   -79.105
0542  135.25  -999.0   -999.00   -999.0    -999    67    14.07    -12.95     -5.51    11  -999.0    -999     0   0   0   0    -999.000  -999.000
0543  135.50  1003.0     24.17     92.0      24    67    13.85    -12.78     -5.34    10    -1.1      24     0   0   0   0      24.804   -79.105
0544  135.75  -999.0   -999.00   -999.0    -999    68    13.67    -12.65     -5.17     8  -999.0    -999     0   0   0   0    -999.000  -999.000
0545  136.00  1003.6     24.22     91.9      19    68    13.53    -12.56     -5.03    10    -1.1      19     0   0   0   0      24.804   -79.105
0546  136.25  -999.0   -999.00   -999.0    -999    68    13.44    -12.50     -4.94     9  -999.0    -999     0   0   0   0    -999.000  -999.000
0547  136.50  1004.2     24.27     91.8      14    69    13.36    -12.43     -4.89    10    -1.1      14     0   0   0   0      24.804   -79.105
0548  136.75  -999.0   -999.00   -999.0    -999    69    13.28    -12.36     -4.86    10  -999.0    -999     0   0   0   0    -999.000  -999.000
0549  137.00  1004.8     24.31     91.8       9    68    13.19    -12.27     -4.84    10    -1.0       9     0   0   0   0      24.804   -79.105
0550  137.25  -999.0   -999.00   -999.0    -999    68    13.65    -12.62     -5.19    10  -999.0    -999     0   0   0   0    -999.000  -999.000
0551  137.79  1005.8     24.34     91.7       0  -999  -999.00   -999.00   -999.00  -999  -999.0       0     0   0   0   0    -999.000  -999.000
