 ===========================================================================
 DROPWINDSONDE PROCESSING RECORD                            Sonde: 202270035
 FRD file written by Aspen V3.4.4, 09 Nov 2020 00:54 UTC
 Aircraft: WP-3D, NOAA42                     Date: 201109   Time: 004126 UTC
 ---------------------------------------------------------------------------
 Bias corrections:  PR =   0.0 mb  TE =   0.0 C  RH =   0.0 %  PRB =  0.0 mb
 Filters (LPF):     PTH = 
 Dyn RH correction = 
 Estimated PR used = 
 Dyn T correction  = 
 ---------------------------------------------------------------------------
 COMMENT: DROP 1, Good Drop
 ===========================================================================

 ===========================================================================
 Date: 201109   Lat:  25.08 N   TA:   16.4 C   PS:  841.8 mb   WD:    55 deg
 Time: 004126   Lon:  80.94 W   TD:   15.1 C   GA:   1520 m    WS:  20.5 m/s
 SID:  202270035                RH:   92.0 %   Navaid:   GP
 ===========================================================================

IX      t (s)  P (mb)    T (C)    RH (%)  Z (m)   WD    WS (m/s)   U (m/s)   V (m/s)  NS  WZ (m/s)  ZW (m)   FP  FT  FH  FW    LAT (N)   LON (E)
0001    0.00  -999.0   -999.00     92.3    -999  -999  -999.00   -999.00   -999.00     9  -999.0    -999     0   0   0   0      25.077   -80.943
0002    0.25  -999.0   -999.00   -999.0    -999  -999  -999.00   -999.00   -999.00     8  -999.0    -999     0   0   0   0    -999.000  -999.000
0003    0.50  -999.0   -999.00     92.5    -999  -999  -999.00   -999.00   -999.00     8  -999.0    -999     0   0   0   0      25.077   -80.943
0004    0.75  -999.0   -999.00   -999.0    -999  -999  -999.00   -999.00   -999.00     9  -999.0    -999     0   0   0   0    -999.000  -999.000
0005    1.00  -999.0   -999.00     92.7    -999  -999  -999.00   -999.00   -999.00     6  -999.0    -999     0   0   0   0      25.077   -80.943
0006    1.25  -999.0   -999.00   -999.0    -999  -999  -999.00   -999.00   -999.00     7  -999.0    -999     0   0   0   0    -999.000  -999.000
0007    1.50  -999.0   -999.00     92.9    -999  -999  -999.00   -999.00   -999.00     7  -999.0    -999     0   0   0   0      25.077   -80.943
0008    1.75  -999.0   -999.00   -999.0    -999  -999  -999.00   -999.00   -999.00     8  -999.0    -999     0   0   0   0    -999.000  -999.000
0009    2.00  -999.0   -999.00     93.0    -999  -999  -999.00   -999.00   -999.00    10  -999.0    -999     0   0   0   0      25.077   -80.943
0010    2.25  -999.0   -999.00   -999.0    -999  -999  -999.00   -999.00   -999.00     0  -999.0    -999     0   0   0   0    -999.000  -999.000
0011    2.50  -999.0   -999.00     92.9    -999  -999  -999.00   -999.00   -999.00     0  -999.0    -999     0   0   0   0      25.076   -80.943
0012    2.75  -999.0   -999.00   -999.0    -999  -999  -999.00   -999.00   -999.00     8  -999.0    -999     0   0   0   0    -999.000  -999.000
0013    3.00   845.7     16.25     92.8    1466  -999  -999.00   -999.00   -999.00     9    -0.1    1466     0   0   0   0      25.077   -80.944
0014    3.25  -999.0   -999.00   -999.0    -999  -999  -999.00   -999.00   -999.00    10  -999.0    -999     0   0   0   0    -999.000  -999.000
0015    3.50   846.2     16.27     92.6    1460  -999  -999.00   -999.00   -999.00     9    -0.2    1460     0   0   0   0      25.077   -80.944
0016    3.75  -999.0   -999.00   -999.0    -999  -999  -999.00   -999.00   -999.00     0  -999.0    -999     0   0   0   0    -999.000  -999.000
0017    4.00   846.8     16.30     92.3    1455  -999  -999.00   -999.00   -999.00     9    -0.3    1455     0   0   0   0      25.077   -80.944
0018    4.25  -999.0   -999.00   -999.0    -999  -999  -999.00   -999.00   -999.00    10  -999.0    -999     0   0   0   0    -999.000  -999.000
0019    4.50   847.3     16.33     91.9    1449  -999  -999.00   -999.00   -999.00    10    -0.4    1449     0   0   0   0      25.077   -80.944
0020    4.75  -999.0   -999.00   -999.0    -999  -999  -999.00   -999.00   -999.00    10  -999.0    -999     0   0   0   0    -999.000  -999.000
0021    5.00   847.8     16.38     91.6    1444  -999  -999.00   -999.00   -999.00    11    -0.5    1444     0   0   0   0      25.077   -80.944
0022    5.25  -999.0   -999.00   -999.0    -999  -999  -999.00   -999.00   -999.00     8  -999.0    -999     0   0   0   0    -999.000  -999.000
0023    5.50   848.4     16.42     91.2    1438  -999  -999.00   -999.00   -999.00    11    -0.5    1438     0   0   0   0      25.077   -80.945
0024    5.75  -999.0   -999.00   -999.0    -999  -999  -999.00   -999.00   -999.00     9  -999.0    -999     0   0   0   0    -999.000  -999.000
0025    6.00   848.9     16.48     90.7    1433  -999  -999.00   -999.00   -999.00    10    -0.6    1433     0   0   0   0      25.077   -80.945
0026    6.25  -999.0   -999.00   -999.0    -999  -999  -999.00   -999.00   -999.00    11  -999.0    -999     0   0   0   0    -999.000  -999.000
0027    6.50   849.5     16.53     90.3    1427  -999  -999.00   -999.00   -999.00    11    -0.6    1427     0   0   0   0      25.077   -80.945
0028    6.75  -999.0   -999.00   -999.0    -999  -999  -999.00   -999.00   -999.00    11  -999.0    -999     0   0   0   0    -999.000  -999.000
0029    7.00   850.0     16.58     89.9    1422  -999  -999.00   -999.00   -999.00    10    -0.5    1422     0   0   0   0      25.077   -80.945
0030    7.25  -999.0   -999.00   -999.0    -999  -999  -999.00   -999.00   -999.00    10  -999.0    -999     0   0   0   0    -999.000  -999.000
0031    7.50   850.6     16.64     89.5    1417  -999  -999.00   -999.00   -999.00     9    -0.5    1417     0   0   0   0      25.077   -80.945
0032    7.75  -999.0   -999.00   -999.0    -999  -999  -999.00   -999.00   -999.00    10  -999.0    -999     0   0   0   0    -999.000  -999.000
0033    8.00   851.1     16.69     89.1    1411  -999  -999.00   -999.00   -999.00    10    -0.5    1411     0   0   0   0      25.077   -80.945
0034    8.25  -999.0   -999.00   -999.0    -999  -999  -999.00   -999.00   -999.00    10  -999.0    -999     0   0   0   0    -999.000  -999.000
0035    8.50   851.6     16.74     88.8    1406  -999  -999.00   -999.00   -999.00    11    -0.4    1406     0   0   0   0      25.077   -80.945
0036    8.75  -999.0   -999.00   -999.0    -999  -999  -999.00   -999.00   -999.00    10  -999.0    -999     0   0   0   0    -999.000  -999.000
0037    9.00   852.2     16.79     88.5    1400  -999  -999.00   -999.00   -999.00    11    -0.4    1400     0   0   0   0      25.077   -80.945
0038    9.25  -999.0   -999.00   -999.0    -999  -999  -999.00   -999.00   -999.00     0  -999.0    -999     0   0   0   0    -999.000  -999.000
0039    9.50   852.7     16.84     88.2    1395  -999  -999.00   -999.00   -999.00    10    -0.3    1395     0   0   0   0      25.076   -80.946
0040    9.75  -999.0   -999.00   -999.0    -999  -999  -999.00   -999.00   -999.00     8  -999.0    -999     0   0   0   0    -999.000  -999.000
0041   10.00   853.2     16.88     88.1    1390    59    21.32    -18.31    -10.92     9    -0.3    1390     0   0   0   0      25.076   -80.946
0042   10.25  -999.0   -999.00   -999.0    -999    59    21.36    -18.35    -10.92    11  -999.0    -999     0   0   0   0    -999.000  -999.000
0043   10.50   853.7     16.91     88.2    1385    59    21.39    -18.39    -10.93    10    -0.2    1385     0   0   0   0      25.076   -80.946
0044   10.75  -999.0   -999.00   -999.0    -999    59    21.43    -18.43    -10.93    11  -999.0    -999     0   0   0   0    -999.000  -999.000
0045   11.00   854.3     16.94     88.5    1379  -999  -999.00   -999.00   -999.00    11    -0.2    1379     0   0   0   0      25.076   -80.946
0046   11.25  -999.0   -999.00   -999.0    -999  -999  -999.00   -999.00   -999.00     0  -999.0    -999     0   0   0   0    -999.000  -999.000
0047   11.50   854.8     16.96     88.9    1374    59    21.55    -18.56    -10.95    11    -0.1    1374     0   0   0   0      25.076   -80.946
0048   11.75  -999.0   -999.00   -999.0    -999    60    21.59    -18.61    -10.95    10  -999.0    -999     0   0   0   0    -999.000  -999.000
0049   12.00   855.3     16.97     89.5    1369    60    21.63    -18.65    -10.96    11    -0.1    1369     0   0   0   0      25.076   -80.946
0050   12.25  -999.0   -999.00   -999.0    -999    60    21.68    -18.71    -10.96    11  -999.0    -999     0   0   0   0    -999.000  -999.000
0051   12.50   855.8     16.98     90.3    1364    60    21.73    -18.76    -10.96     9    -0.1    1364     0   0   0   0      25.076   -80.946
0052   12.75  -999.0   -999.00   -999.0    -999    60    21.77    -18.81    -10.96    10  -999.0    -999     0   0   0   0    -999.000  -999.000
0053   13.00   856.4     16.98     91.1    1358  -999  -999.00   -999.00   -999.00     0    -0.1    1358     0   0   0   0      25.076   -80.946
0054   13.25  -999.0   -999.00   -999.0    -999    60    21.86    -18.91    -10.97    11  -999.0    -999     0   0   0   0    -999.000  -999.000
0055   13.50   856.9     16.98     91.8    1353    60    21.91    -18.96    -10.97    11    -0.1    1353     0   0   0   0      25.076   -80.946
0056   13.75  -999.0   -999.00   -999.0    -999    60    21.95    -19.01    -10.97    11  -999.0    -999     0   0   0   0    -999.000  -999.000
0057   14.00   857.4     16.97     92.5    1348    60    21.99    -19.06    -10.97    11    -0.1    1348     0   0   0   0      25.076   -80.946
0058   14.25  -999.0   -999.00   -999.0    -999    60    22.03    -19.11    -10.97    11  -999.0    -999     0   0   0   0    -999.000  -999.000
0059   14.50   857.9     16.97     93.1    1343    60    22.07    -19.15    -10.97    11    -0.1    1343     0   0   0   0      25.076   -80.947
0060   14.75  -999.0   -999.00   -999.0    -999    60    22.11    -19.20    -10.96    11  -999.0    -999     0   0   0   0    -999.000  -999.000
0061   15.00   858.4     16.96     93.5    1338    60    22.15    -19.25    -10.96    11    -0.2    1338     0   0   0   0      25.076   -80.947
0062   15.25  -999.0   -999.00   -999.0    -999  -999  -999.00   -999.00   -999.00     0  -999.0    -999     0   0   0   0    -999.000  -999.000
0063   15.50   859.0     16.96     93.9    1332    60    22.23    -19.34    -10.96    11    -0.2    1332     0   0   0   0      25.076   -80.947
0064   15.75  -999.0   -999.00   -999.0    -999    61    22.27    -19.39    -10.95    11  -999.0    -999     0   0   0   0    -999.000  -999.000
0065   16.00   859.5     16.96     94.1    1327    61    22.31    -19.43    -10.95    11    -0.2    1327     0   0   0   0      25.076   -80.947
0066   16.25  -999.0   -999.00   -999.0    -999  -999  -999.00   -999.00   -999.00     0  -999.0    -999     0   0   0   0    -999.000  -999.000
0067   16.50   860.0     16.96     94.3    1322    61    22.39    -19.52    -10.95    11    -0.2    1322     0   0   0   0      25.076   -80.947
0068   16.75  -999.0   -999.00   -999.0    -999    61    22.42    -19.57    -10.95    11  -999.0    -999     0   0   0   0    -999.000  -999.000
0069   17.00   860.6     16.96     94.4    1317    61    22.46    -19.61    -10.95    11    -0.2    1317     0   0   0   0      25.076   -80.947
0070   17.25  -999.0   -999.00   -999.0    -999    61    22.50    -19.65    -10.95    11  -999.0    -999     0   0   0   0    -999.000  -999.000
0071   17.50   861.1     16.97     94.5    1311    61    22.54    -19.70    -10.95    10    -0.3    1311     0   0   0   0      25.076   -80.947
0072   17.75  -999.0   -999.00   -999.0    -999    61    22.57    -19.74    -10.96    10  -999.0    -999     0   0   0   0    -999.000  -999.000
0073   18.00   861.6     16.98     94.5    1306    61    22.61    -19.78    -10.96    11    -0.3    1306     0   0   0   0      25.076   -80.947
0074   18.25  -999.0   -999.00   -999.0    -999    61    22.65    -19.81    -10.97    11  -999.0    -999     0   0   0   0    -999.000  -999.000
0075   18.50   862.1     16.99     94.6    1301    61    22.68    -19.85    -10.97    11    -0.3    1301     0   0   0   0      25.076   -80.947
0076   18.75  -999.0   -999.00   -999.0    -999  -999  -999.00   -999.00   -999.00     0  -999.0    -999     0   0   0   0    -999.000  -999.000
0077   19.00   862.7     17.01     94.6    1296    61    22.75    -19.92    -10.99    11    -0.3    1296     0   0   0   0      25.076   -80.947
0078   19.25  -999.0   -999.00   -999.0    -999    61    22.78    -19.96    -10.99    11  -999.0    -999     0   0   0   0    -999.000  -999.000
0079   19.50   863.2     17.03     94.5    1290    61    22.81    -19.99    -10.99    11    -0.3    1290     0   0   0   0      25.076   -80.948
0080   19.75  -999.0   -999.00   -999.0    -999    61    22.84    -20.02    -11.00    11  -999.0    -999     0   0   0   0    -999.000  -999.000
0081   20.00   863.7     17.05     94.5    1285    61    22.87    -20.05    -11.00    11    -0.3    1285     0   0   0   0      25.075   -80.948
0082   20.25  -999.0   -999.00   -999.0    -999    61    22.89    -20.08    -10.99    11  -999.0    -999     0   0   0   0    -999.000  -999.000
0083   20.50   864.3     17.08     94.4    1280    61    22.91    -20.11    -10.99    11    -0.3    1280     0   0   0   0      25.075   -80.948
0084   20.75  -999.0   -999.00   -999.0    -999    61    22.93    -20.13    -10.98    11  -999.0    -999     0   0   0   0    -999.000  -999.000
0085   21.00   864.8     17.11     94.3    1274    61    22.94    -20.15    -10.97    11    -0.4    1274     0   0   0   0      25.075   -80.948
0086   21.25  -999.0   -999.00   -999.0    -999  -999  -999.00   -999.00   -999.00    11  -999.0    -999     0   0   0   0    -999.000  -999.000
0087   21.50   865.3     17.14     94.2    1269    62    22.96    -20.18    -10.95    11    -0.4    1269     0   0   0   0      25.075   -80.948
0088   21.75  -999.0   -999.00   -999.0    -999    62    22.97    -20.19    -10.94    10  -999.0    -999     0   0   0   0    -999.000  -999.000
0089   22.00   865.9     17.17     94.1    1264    62    22.97    -20.20    -10.93    11    -0.4    1264     0   0   0   0      25.075   -80.948
0090   22.25  -999.0   -999.00   -999.0    -999    62    22.97    -20.21    -10.92    10  -999.0    -999     0   0   0   0    -999.000  -999.000
0091   22.50   866.4     17.20     94.0    1258    62    22.97    -20.21    -10.91    11    -0.4    1258     0   0   0   0      25.075   -80.948
0092   22.75  -999.0   -999.00   -999.0    -999    62    22.97    -20.21    -10.90    11  -999.0    -999     0   0   0   0    -999.000  -999.000
0093   23.00   867.0     17.24     93.9    1253    62    22.96    -20.21    -10.89    10    -0.4    1253     0   0   0   0      25.075   -80.948
0094   23.25  -999.0   -999.00   -999.0    -999    62    22.95    -20.21    -10.89    11  -999.0    -999     0   0   0   0    -999.000  -999.000
0095   23.50   867.5     17.27     93.7    1248    62    22.95    -20.20    -10.88    11    -0.4    1248     0   0   0   0      25.075   -80.948
0096   23.75  -999.0   -999.00   -999.0    -999    62    22.94    -20.19    -10.87    11  -999.0    -999     0   0   0   0    -999.000  -999.000
0097   24.00   868.0     17.31     93.5    1242    62    22.93    -20.18    -10.87    10    -0.4    1242     0   0   0   0      25.075   -80.948
0098   24.25  -999.0   -999.00   -999.0    -999    62    22.91    -20.17    -10.87    11  -999.0    -999     0   0   0   0    -999.000  -999.000
0099   24.50   868.6     17.35     93.4    1237    62    22.90    -20.16    -10.87    11    -0.4    1237     0   0   0   0      25.075   -80.949
0100   24.75  -999.0   -999.00   -999.0    -999    62    22.89    -20.15    -10.87    10  -999.0    -999     0   0   0   0    -999.000  -999.000
0101   25.00   869.1     17.39     93.2    1232    62    22.88    -20.14    -10.87    11    -0.4    1232     0   0   0   0      25.075   -80.949
0102   25.25  -999.0   -999.00   -999.0    -999    62    22.87    -20.12    -10.87    10  -999.0    -999     0   0   0   0    -999.000  -999.000
0103   25.50   869.7     17.43     92.9    1226    62    22.87    -20.11    -10.88    11    -0.4    1226     0   0   0   0      25.075   -80.949
0104   25.75  -999.0   -999.00   -999.0    -999    62    22.86    -20.10    -10.88    11  -999.0    -999     0   0   0   0    -999.000  -999.000
0105   26.00   870.2     17.47     92.7    1221    62    22.85    -20.08    -10.89    11    -0.4    1221     0   0   0   0      25.075   -80.949
0106   26.25  -999.0   -999.00   -999.0    -999    61    22.84    -20.07    -10.90    11  -999.0    -999     0   0   0   0    -999.000  -999.000
0107   26.50   870.7     17.51     92.5    1216    61    22.83    -20.06    -10.91    11    -0.4    1216     0   0   0   0      25.075   -80.949
0108   26.75  -999.0   -999.00   -999.0    -999    61    22.82    -20.04    -10.92    11  -999.0    -999     0   0   0   0    -999.000  -999.000
0109   27.00   871.3     17.55     92.3    1210    61    22.82    -20.03    -10.93    10    -0.4    1210     0   0   0   0      25.075   -80.949
0110   27.25  -999.0   -999.00   -999.0    -999    61    22.81    -20.01    -10.95    11  -999.0    -999     0   0   0   0    -999.000  -999.000
0111   27.50   871.8     17.59     92.0    1205    61    22.80    -19.99    -10.96    11    -0.4    1205     0   0   0   0      25.075   -80.949
0112   27.75  -999.0   -999.00   -999.0    -999    61    22.79    -19.98    -10.98    10  -999.0    -999     0   0   0   0    -999.000  -999.000
0113   28.00   872.4     17.63     91.8    1200    61    22.79    -19.96    -11.00    10    -0.4    1200     0   0   0   0      25.075   -80.949
0114   28.25  -999.0   -999.00   -999.0    -999    61    22.78    -19.94    -11.01    11  -999.0    -999     0   0   0   0    -999.000  -999.000
0115   28.50   872.9     17.67     91.6    1195    61    22.77    -19.93    -11.03    11    -0.4    1195     0   0   0   0      25.075   -80.949
0116   28.75  -999.0   -999.00   -999.0    -999    61    22.77    -19.91    -11.04    11  -999.0    -999     0   0   0   0    -999.000  -999.000
0117   29.00   873.4     17.71     91.5    1189    61    22.76    -19.90    -11.06    11    -0.4    1189     0   0   0   0      25.075   -80.949
0118   29.25  -999.0   -999.00   -999.0    -999    61    22.76    -19.89    -11.07    11  -999.0    -999     0   0   0   0    -999.000  -999.000
0119   29.50   874.0     17.75     91.3    1184    61    22.76    -19.88    -11.08    10    -0.4    1184     0   0   0   0      25.075   -80.950
0120   29.75  -999.0   -999.00   -999.0    -999    61    22.76    -19.87    -11.08    10  -999.0    -999     0   0   0   0    -999.000  -999.000
0121   30.00   874.5     17.79     91.2    1179    61    22.75    -19.87    -11.09    11    -0.4    1179     0   0   0   0      25.074   -80.950
0122   30.25  -999.0   -999.00   -999.0    -999    61    22.76    -19.87    -11.09    11  -999.0    -999     0   0   0   0    -999.000  -999.000
0123   30.50   875.0     17.83     91.1    1173    61    22.76    -19.88    -11.08    11    -0.4    1173     0   0   0   0      25.074   -80.950
0124   30.75  -999.0   -999.00   -999.0    -999    61    22.76    -19.88    -11.08    11  -999.0    -999     0   0   0   0    -999.000  -999.000
0125   31.00   875.6     17.87     91.0    1168    61    22.76    -19.89    -11.07    10    -0.3    1168     0   0   0   0      25.074   -80.950
0126   31.25  -999.0   -999.00   -999.0    -999    61    22.77    -19.90    -11.06    11  -999.0    -999     0   0   0   0    -999.000  -999.000
0127   31.50   876.1     17.91     90.9    1163    61    22.77    -19.91    -11.05    11    -0.3    1163     0   0   0   0      25.074   -80.950
0128   31.75  -999.0   -999.00   -999.0    -999    61    22.78    -19.93    -11.03    12  -999.0    -999     0   0   0   0    -999.000  -999.000
0129   32.00   876.7     17.95     90.8    1158    61    22.78    -19.94    -11.02    12    -0.3    1158     0   0   0   0      25.074   -80.950
0130   32.25  -999.0   -999.00   -999.0    -999    61    22.78    -19.95    -11.00    12  -999.0    -999     0   0   0   0    -999.000  -999.000
0131   32.50   877.2     17.99     90.7    1152    61    22.78    -19.96    -10.98    12    -0.3    1152     0   0   0   0      25.074   -80.950
0132   32.75  -999.0   -999.00   -999.0    -999    61    22.79    -19.97    -10.97    12  -999.0    -999     0   0   0   0    -999.000  -999.000
0133   33.00   877.7     18.04     90.5    1147    61    22.79    -19.98    -10.96    12    -0.3    1147     0   0   0   0      25.074   -80.950
0134   33.25  -999.0   -999.00   -999.0    -999    61    22.79    -19.98    -10.95    12  -999.0    -999     0   0   0   0    -999.000  -999.000
0135   33.50   878.3     18.08     90.4    1142    61    22.79    -19.99    -10.94    12    -0.3    1142     0   0   0   0      25.074   -80.950
0136   33.75  -999.0   -999.00   -999.0    -999    61    22.78    -19.99    -10.94    11  -999.0    -999     0   0   0   0    -999.000  -999.000
0137   34.00   878.8     18.13     90.2    1137    61    22.78    -19.99    -10.94    12    -0.3    1137     0   0   0   0      25.074   -80.950
0138   34.25  -999.0   -999.00   -999.0    -999    61    22.78    -19.98    -10.94    12  -999.0    -999     0   0   0   0    -999.000  -999.000
0139   34.50   879.4     18.18     90.0    1131    61    22.78    -19.98    -10.94    11    -0.3    1131     0   0   0   0      25.074   -80.951
0140   34.75  -999.0   -999.00   -999.0    -999    61    22.78    -19.97    -10.95    12  -999.0    -999     0   0   0   0    -999.000  -999.000
0141   35.00   879.9     18.23     89.8    1126    61    22.78    -19.96    -10.96    12    -0.4    1126     0   0   0   0      25.074   -80.951
0142   35.25  -999.0   -999.00   -999.0    -999    61    22.77    -19.95    -10.97    12  -999.0    -999     0   0   0   0    -999.000  -999.000
0143   35.50   880.4     18.28     89.6    1121    61    22.77    -19.94    -10.98    12    -0.4    1121     0   0   0   0      25.074   -80.951
0144   35.75  -999.0   -999.00   -999.0    -999    61    22.76    -19.93    -10.99    12  -999.0    -999     0   0   0   0    -999.000  -999.000
0145   36.00   881.0     18.33     89.4    1115    61    22.75    -19.91    -11.00    12    -0.4    1115     0   0   0   0      25.074   -80.951
0146   36.25  -999.0   -999.00   -999.0    -999    61    22.73    -19.89    -11.01    12  -999.0    -999     0   0   0   0    -999.000  -999.000
0147   36.50   881.5     18.38     89.2    1110    61    22.71    -19.86    -11.02    12    -0.4    1110     0   0   0   0      25.074   -80.951
0148   36.75  -999.0   -999.00   -999.0    -999    61    22.69    -19.83    -11.02    12  -999.0    -999     0   0   0   0    -999.000  -999.000
0149   37.00   882.1     18.43     89.0    1105    61    22.66    -19.80    -11.03    12    -0.5    1105     0   0   0   0      25.074   -80.951
0150   37.25  -999.0   -999.00   -999.0    -999    61    22.63    -19.76    -11.03    12  -999.0    -999     0   0   0   0    -999.000  -999.000
0151   37.50   882.6     18.48     88.9    1099    61    22.59    -19.72    -11.02    12    -0.5    1099     0   0   0   0      25.074   -80.951
0152   37.75  -999.0   -999.00   -999.0    -999    61    22.55    -19.68    -11.02    12  -999.0    -999     0   0   0   0    -999.000  -999.000
0153   38.00   883.2     18.53     88.9    1094    61    22.51    -19.63    -11.01    12    -0.5    1094     0   0   0   0      25.074   -80.951
0154   38.25  -999.0   -999.00   -999.0    -999    61    22.47    -19.59    -11.00    12  -999.0    -999     0   0   0   0    -999.000  -999.000
0155   38.50   883.7     18.58     88.8    1089    61    22.42    -19.54    -11.00    12    -0.5    1089     0   0   0   0      25.074   -80.951
0156   38.75  -999.0   -999.00   -999.0    -999    61    22.38    -19.50    -10.99    12  -999.0    -999     0   0   0   0    -999.000  -999.000
0157   39.00   884.3     18.63     88.8    1083    61    22.33    -19.45    -10.98    11    -0.5    1083     0   0   0   0      25.074   -80.951
0158   39.25  -999.0   -999.00   -999.0    -999    61    22.29    -19.40    -10.97    12  -999.0    -999     0   0   0   0    -999.000  -999.000
0159   39.50   884.8     18.67     88.8    1078    60    22.24    -19.35    -10.96    12    -0.5    1078     0   0   0   0      25.074   -80.952
0160   39.75  -999.0   -999.00   -999.0    -999    60    22.20    -19.31    -10.95    12  -999.0    -999     0   0   0   0    -999.000  -999.000
0161   40.00   885.4     18.72     88.8    1073    60    22.16    -19.26    -10.94    12    -0.5    1073     0   0   0   0      25.073   -80.952
0162   40.25  -999.0   -999.00   -999.0    -999    60    22.12    -19.22    -10.94    12  -999.0    -999     0   0   0   0    -999.000  -999.000
0163   40.50   885.9     18.76     88.7    1067    60    22.08    -19.19    -10.93    12    -0.5    1067     0   0   0   0      25.073   -80.952
0164   40.75  -999.0   -999.00   -999.0    -999    60    22.05    -19.15    -10.92    12  -999.0    -999     0   0   0   0    -999.000  -999.000
0165   41.00   886.5     18.81     88.7    1062    60    22.02    -19.13    -10.91    12    -0.5    1062     0   0   0   0      25.073   -80.952
0166   41.25  -999.0   -999.00   -999.0    -999    60    21.99    -19.10    -10.90    12  -999.0    -999     0   0   0   0    -999.000  -999.000
0167   41.50   887.0     18.85     88.6    1057    60    21.97    -19.08    -10.89    12    -0.5    1057     0   0   0   0      25.073   -80.952
0168   41.75  -999.0   -999.00   -999.0    -999    60    21.96    -19.07    -10.89    12  -999.0    -999     0   0   0   0    -999.000  -999.000
0169   42.00   887.5     18.90     88.5    1051    60    21.95    -19.06    -10.88    12    -0.5    1051     0   0   0   0      25.073   -80.952
0170   42.25  -999.0   -999.00   -999.0    -999    60    21.94    -19.06    -10.87    12  -999.0    -999     0   0   0   0    -999.000  -999.000
0171   42.50   888.1     18.94     88.4    1046    60    21.94    -19.06    -10.87    11    -0.5    1046     0   0   0   0      25.073   -80.952
0172   42.75  -999.0   -999.00   -999.0    -999    60    21.95    -19.07    -10.86    12  -999.0    -999     0   0   0   0    -999.000  -999.000
0173   43.00   888.6     18.98     88.3    1041    60    21.96    -19.08    -10.86    12    -0.5    1041     0   0   0   0      25.073   -80.952
0174   43.25  -999.0   -999.00   -999.0    -999    60    21.97    -19.10    -10.85    12  -999.0    -999     0   0   0   0    -999.000  -999.000
0175   43.50   889.2     19.02     88.1    1035    60    21.98    -19.12    -10.85    11    -0.5    1035     0   0   0   0      25.073   -80.952
0176   43.75  -999.0   -999.00   -999.0    -999    60    22.00    -19.14    -10.84    11  -999.0    -999     0   0   0   0    -999.000  -999.000
0177   44.00   889.7     19.06     88.0    1030    61    22.02    -19.17    -10.83    11    -0.5    1030     0   0   0   0      25.073   -80.952
0178   44.25  -999.0   -999.00   -999.0    -999    61    22.04    -19.20    -10.83    10  -999.0    -999     0   0   0   0    -999.000  -999.000
0179   44.50   890.3     19.10     87.8    1025    61    22.07    -19.23    -10.82    10    -0.5    1025     0   0   0   0      25.073   -80.953
0180   44.75  -999.0   -999.00   -999.0    -999    61    22.09    -19.27    -10.81    12  -999.0    -999     0   0   0   0    -999.000  -999.000
0181   45.00   890.8     19.13     87.6    1019    61    22.12    -19.30    -10.80     9    -0.5    1019     0   0   0   0      25.073   -80.953
0182   45.25  -999.0   -999.00   -999.0    -999    61    22.15    -19.34    -10.80    10  -999.0    -999     0   0   0   0    -999.000  -999.000
0183   45.50   891.4     19.17     87.5    1014    61    22.18    -19.38    -10.79    12    -0.5    1014     0   0   0   0      25.073   -80.953
0184   45.75  -999.0   -999.00   -999.0    -999    61    22.21    -19.41    -10.79    11  -999.0    -999     0   0   0   0    -999.000  -999.000
0185   46.00   891.9     19.20     87.4    1009    61    22.24    -19.45    -10.79    12    -0.6    1009     0   0   0   0      25.073   -80.953
0186   46.25  -999.0   -999.00   -999.0    -999    61    22.27    -19.49    -10.78    12  -999.0    -999     0   0   0   0    -999.000  -999.000
0187   46.50   892.5     19.23     87.3    1003    61    22.30    -19.52    -10.78    12    -0.6    1003     0   0   0   0      25.073   -80.953
0188   46.75  -999.0   -999.00   -999.0    -999    61    22.33    -19.55    -10.78    12  -999.0    -999     0   0   0   0    -999.000  -999.000
0189   47.00   893.0     19.26     87.2     998    61    22.36    -19.59    -10.78    12    -0.6     998     0   0   0   0      25.073   -80.953
0190   47.25  -999.0   -999.00   -999.0    -999    61    22.39    -19.62    -10.78    12  -999.0    -999     0   0   0   0    -999.000  -999.000
0191   47.50   893.6     19.28     87.1     993    61    22.42    -19.65    -10.79    12    -0.6     993     0   0   0   0      25.073   -80.953
0192   47.75  -999.0   -999.00   -999.0    -999    61    22.44    -19.68    -10.79    12  -999.0    -999     0   0   0   0    -999.000  -999.000
0193   48.00   894.2     19.31     87.1     987    61    22.47    -19.71    -10.79    12    -0.7     987     0   0   0   0      25.073   -80.953
0194   48.25  -999.0   -999.00   -999.0    -999    61    22.49    -19.74    -10.79    12  -999.0    -999     0   0   0   0    -999.000  -999.000
0195   48.50   894.7     19.33     87.0     982    61    22.52    -19.76    -10.79    12    -0.7     982     0   0   0   0      25.073   -80.953
0196   48.75  -999.0   -999.00   -999.0    -999    61    22.54    -19.79    -10.79    12  -999.0    -999     0   0   0   0    -999.000  -999.000
0197   49.00   895.3     19.36     87.0     976    61    22.56    -19.81    -10.79    12    -0.7     976     0   0   0   0      25.073   -80.953
0198   49.25  -999.0   -999.00   -999.0    -999    61    22.58    -19.84    -10.79    12  -999.0    -999     0   0   0   0    -999.000  -999.000
0199   49.50   895.8     19.38     86.9     971    62    22.60    -19.86    -10.78    12    -0.7     971     0   0   0   0      25.073   -80.953
0200   49.75  -999.0   -999.00   -999.0    -999    62    22.61    -19.88    -10.78    11  -999.0    -999     0   0   0   0    -999.000  -999.000
0201   50.00   896.4     19.40     86.8     966    62    22.63    -19.90    -10.77    11    -0.6     966     0   0   0   0      25.073   -80.954
0202   50.25  -999.0   -999.00   -999.0    -999    62    22.64    -19.92    -10.75    12  -999.0    -999     0   0   0   0    -999.000  -999.000
0203   50.50   897.0     19.43     86.8     960    62    22.65    -19.94    -10.74    11    -0.6     960     0   0   0   0      25.072   -80.954
0204   50.75  -999.0   -999.00   -999.0    -999    62    22.66    -19.97    -10.72    12  -999.0    -999     0   0   0   0    -999.000  -999.000
0205   51.00   897.5     19.45     86.8     955    62    22.67    -19.98    -10.70    12    -0.6     955     0   0   0   0      25.072   -80.954
0206   51.25  -999.0   -999.00   -999.0    -999    62    22.68    -20.00    -10.68    12  -999.0    -999     0   0   0   0    -999.000  -999.000
0207   51.50   898.1     19.47     86.7     950    62    22.68    -20.02    -10.66    12    -0.6     950     0   0   0   0      25.072   -80.954
0208   51.75  -999.0   -999.00   -999.0    -999    62    22.69    -20.04    -10.64    12  -999.0    -999     0   0   0   0    -999.000  -999.000
0209   52.00   898.6     19.50     86.7     944    62    22.69    -20.06    -10.61    12    -0.6     944     0   0   0   0      25.072   -80.954
0210   52.25  -999.0   -999.00   -999.0    -999    62    22.70    -20.08    -10.59    12  -999.0    -999     0   0   0   0    -999.000  -999.000
0211   52.50   899.2     19.52     86.7     939    62    22.71    -20.10    -10.56    11    -0.5     939     0   0   0   0      25.072   -80.954
0212   52.75  -999.0   -999.00   -999.0    -999    62    22.72    -20.12    -10.54    11  -999.0    -999     0   0   0   0    -999.000  -999.000
0213   53.00   899.7     19.55     86.7     934    62    22.72    -20.14    -10.52    11    -0.5     934     0   0   0   0      25.072   -80.954
0214   53.25  -999.0   -999.00   -999.0    -999    62    22.73    -20.16    -10.50    12  -999.0    -999     0   0   0   0    -999.000  -999.000
0215   53.50   900.3     19.58     86.7     928    63    22.74    -20.19    -10.48    12    -0.6     928     0   0   0   0      25.072   -80.954
0216   53.75  -999.0   -999.00   -999.0    -999    63    22.76    -20.21    -10.46    11  -999.0    -999     0   0   0   0    -999.000  -999.000
0217   54.00   900.8     19.60     86.8     923    63    22.77    -20.23    -10.45    12    -0.6     923     0   0   0   0      25.072   -80.954
0218   54.25  -999.0   -999.00   -999.0    -999    63    22.79    -20.25    -10.44    12  -999.0    -999     0   0   0   0    -999.000  -999.000
0219   54.50   901.4     19.63     86.9     918    63    22.80    -20.28    -10.43    12    -0.6     918     0   0   0   0      25.072   -80.954
0220   54.75  -999.0   -999.00   -999.0    -999    63    22.82    -20.30    -10.42    11  -999.0    -999     0   0   0   0    -999.000  -999.000
0221   55.00   901.9     19.66     87.0     912    63    22.84    -20.33    -10.41    12    -0.6     912     0   0   0   0      25.072   -80.955
0222   55.25  -999.0   -999.00   -999.0    -999    63    22.86    -20.35    -10.41    10  -999.0    -999     0   0   0   0    -999.000  -999.000
0223   55.50   902.5     19.69     87.1     907    63    22.88    -20.38    -10.40    10    -0.6     907     0   0   0   0      25.072   -80.955
0224   55.75  -999.0   -999.00   -999.0    -999    63    22.90    -20.40    -10.40    12  -999.0    -999     0   0   0   0    -999.000  -999.000
0225   56.00   903.1     19.72     87.3     902    63    22.93    -20.43    -10.40    11    -0.6     902     0   0   0   0      25.072   -80.955
0226   56.25  -999.0   -999.00   -999.0    -999    63    22.95    -20.45    -10.40    11  -999.0    -999     0   0   0   0    -999.000  -999.000
0227   56.50   903.6     19.75     87.4     896    63    22.97    -20.48    -10.41    12    -0.7     896     0   0   0   0      25.072   -80.955
0228   56.75  -999.0   -999.00   -999.0    -999    63    23.00    -20.51    -10.41    12  -999.0    -999     0   0   0   0    -999.000  -999.000
0229   57.00   904.2     19.78     87.5     891    63    23.02    -20.53    -10.41    12    -0.7     891     0   0   0   0      25.072   -80.955
0230   57.25  -999.0   -999.00   -999.0    -999    63    23.05    -20.56    -10.42    12  -999.0    -999     0   0   0   0    -999.000  -999.000
0231   57.50   904.8     19.81     87.7     886    63    23.08    -20.59    -10.42    11    -0.6     886     0   0   0   0      25.072   -80.955
0232   57.75  -999.0   -999.00   -999.0    -999    63    23.11    -20.62    -10.43    12  -999.0    -999     0   0   0   0    -999.000  -999.000
0233   58.00   905.3     19.85     87.7     880    63    23.14    -20.65    -10.44    12    -0.6     880     0   0   0   0      25.072   -80.955
0234   58.25  -999.0   -999.00   -999.0    -999    63    23.17    -20.68    -10.45    12  -999.0    -999     0   0   0   0    -999.000  -999.000
0235   58.50   905.9     19.88     87.8     875    63    23.20    -20.71    -10.46    12    -0.6     875     0   0   0   0      25.072   -80.955
0236   58.75  -999.0   -999.00   -999.0    -999    63    23.24    -20.74    -10.47    11  -999.0    -999     0   0   0   0    -999.000  -999.000
0237   59.00  -999.0   -999.00   -999.0    -999  -999  -999.00   -999.00   -999.00     0  -999.0    -999     0   0   0   0    -999.000  -999.000
0238   59.25  -999.0   -999.00   -999.0    -999  -999  -999.00   -999.00   -999.00     0  -999.0    -999     0   0   0   0    -999.000  -999.000
0239   59.50   907.0     19.96     87.7     864    63    23.34    -20.84    -10.51    12    -0.5     864     0   0   0   0      25.072   -80.955
0240   59.75  -999.0   -999.00   -999.0    -999    63    23.38    -20.87    -10.52    12  -999.0    -999     0   0   0   0    -999.000  -999.000
0241   60.00   907.6     20.00     87.7     859    63    23.41    -20.91    -10.53    12    -0.5     859     0   0   0   0      25.072   -80.956
0242   60.25  -999.0   -999.00   -999.0    -999    63    23.44    -20.93    -10.55    12  -999.0    -999     0   0   0   0    -999.000  -999.000
0243   60.50   908.1     20.03     87.6     854    63    23.47    -20.96    -10.56    12    -0.4     854     0   0   0   0      25.072   -80.956
0244   60.75  -999.0   -999.00   -999.0    -999    63    23.50    -20.99    -10.58    12  -999.0    -999     0   0   0   0    -999.000  -999.000
0245   61.00   908.7     20.05     87.5     848    63    23.53    -21.01    -10.59    12    -0.4     848     0   0   0   0      25.071   -80.956
0246   61.25  -999.0   -999.00   -999.0    -999    63    23.55    -21.03    -10.61    11  -999.0    -999     0   0   0   0    -999.000  -999.000
0247   61.50   909.2     20.07     87.3     843    63    23.57    -21.04    -10.62    12    -0.4     843     0   0   0   0      25.071   -80.956
0248   61.75  -999.0   -999.00   -999.0    -999    63    23.58    -21.05    -10.63    12  -999.0    -999     0   0   0   0    -999.000  -999.000
0249   62.00   909.7     20.09     87.1     838    63    23.59    -21.06    -10.64    10    -0.3     838     0   0   0   0      25.071   -80.956
0250   62.25  -999.0   -999.00   -999.0    -999    63    23.60    -21.06    -10.64    11  -999.0    -999     0   0   0   0    -999.000  -999.000
0251   62.50   910.3     20.09     86.9     833    63    23.60    -21.06    -10.65    12    -0.3     833     0   0   0   0      25.071   -80.956
0252   62.75  -999.0   -999.00   -999.0    -999    63    23.59    -21.05    -10.65    12  -999.0    -999     0   0   0   0    -999.000  -999.000
0253   63.00   910.8     20.10     86.8     828    63    23.59    -21.04    -10.65    12    -0.4     828     0   0   0   0      25.071   -80.956
0254   63.25  -999.0   -999.00   -999.0    -999    63    23.58    -21.03    -10.66    12  -999.0    -999     0   0   0   0    -999.000  -999.000
0255   63.50   911.4     20.09     86.7     823    63    23.56    -21.02    -10.66    12    -0.4     823     0   0   0   0      25.071   -80.956
0256   63.75  -999.0   -999.00   -999.0    -999    63    23.55    -21.00    -10.66    11  -999.0    -999     0   0   0   0    -999.000  -999.000
0257   64.00   911.9     20.08     86.8     817    63    23.53    -20.97    -10.67    12    -0.4     817     0   0   0   0      25.071   -80.956
0258   64.25  -999.0   -999.00   -999.0    -999    63    23.51    -20.95    -10.68    12  -999.0    -999     0   0   0   0    -999.000  -999.000
0259   64.50   912.5     20.07     87.0     812    63    23.49    -20.92    -10.69    12    -0.4     812     0   0   0   0      25.071   -80.957
0260   64.75  -999.0   -999.00   -999.0    -999    63    23.47    -20.88    -10.71    12  -999.0    -999     0   0   0   0    -999.000  -999.000
0261   65.00   913.0     20.06     87.3     807    63    23.44    -20.84    -10.73    12    -0.4     807     0   0   0   0      25.071   -80.957
0262   65.25  -999.0   -999.00   -999.0    -999    63    23.42    -20.80    -10.76    12  -999.0    -999     0   0   0   0    -999.000  -999.000
0263   65.50   913.6     20.04     87.6     802    63    23.39    -20.76    -10.78    11    -0.4     802     0   0   0   0      25.071   -80.957
0264   65.75  -999.0   -999.00   -999.0    -999    62    23.37    -20.71    -10.81    11  -999.0    -999     0   0   0   0    -999.000  -999.000
0265   66.00   914.1     20.04     88.0     796    62    23.34    -20.67    -10.84    10    -0.4     796     0   0   0   0      25.071   -80.957
0266   66.25  -999.0   -999.00   -999.0    -999    62    23.31    -20.62    -10.87    10  -999.0    -999     0   0   0   0    -999.000  -999.000
0267   66.50   914.7     20.03     88.4     791    62    23.28    -20.57    -10.90    10    -0.4     791     0   0   0   0      25.071   -80.957
0268   66.75  -999.0   -999.00   -999.0    -999    62    23.25    -20.52    -10.93    11  -999.0    -999     0   0   0   0    -999.000  -999.000
0269   67.00   915.2     20.03     88.8     786    62    23.22    -20.47    -10.96    11    -0.3     786     0   0   0   0      25.071   -80.957
0270   67.25  -999.0   -999.00   -999.0    -999    62    23.19    -20.43    -10.98    11  -999.0    -999     0   0   0   0    -999.000  -999.000
0271   67.50   915.8     20.04     89.1     781    62    23.15    -20.38    -11.00    10    -0.3     781     0   0   0   0      25.071   -80.957
0272   67.75  -999.0   -999.00   -999.0    -999    62    23.12    -20.32    -11.01    10  -999.0    -999     0   0   0   0    -999.000  -999.000
0273   68.00   916.3     20.05     89.4     776    61    23.07    -20.27    -11.02    11    -0.3     776     0   0   0   0      25.071   -80.957
0274   68.25  -999.0   -999.00   -999.0    -999    61    23.02    -20.21    -11.02     9  -999.0    -999     0   0   0   0    -999.000  -999.000
0275   68.50   916.9     20.07     89.7     770    61    22.97    -20.15    -11.02    12    -0.3     770     0   0   0   0      25.071   -80.957
0276   68.75  -999.0   -999.00   -999.0    -999    61    22.91    -20.09    -11.01    12  -999.0    -999     0   0   0   0    -999.000  -999.000
0277   69.00   917.4     20.08     90.1     765    61    22.84    -20.02    -11.00    12    -0.3     765     0   0   0   0      25.071   -80.957
0278   69.25  -999.0   -999.00   -999.0    -999    61    22.78    -19.95    -10.99    12  -999.0    -999     0   0   0   0    -999.000  -999.000
0279   69.50   918.0     20.10     90.5     760    61    22.71    -19.88    -10.98    12    -0.4     760     0   0   0   0      25.071   -80.958
0280   69.75  -999.0   -999.00   -999.0    -999    61    22.64    -19.81    -10.97    12  -999.0    -999     0   0   0   0    -999.000  -999.000
0281   70.00   918.5     20.12     90.9     755    61    22.57    -19.74    -10.95    12    -0.4     755     0   0   0   0      25.071   -80.958
0282   70.25  -999.0   -999.00   -999.0    -999    61    22.50    -19.66    -10.94    12  -999.0    -999     0   0   0   0    -999.000  -999.000
0283   70.50   919.1     20.13     91.3     750    61    22.44    -19.59    -10.94    12    -0.5     750     0   0   0   0      25.071   -80.958
0284   70.75  -999.0   -999.00   -999.0    -999    61    22.37    -19.52    -10.94    12  -999.0    -999     0   0   0   0    -999.000  -999.000
0285   71.00   919.6     20.15     91.7     745    61    22.32    -19.45    -10.94    11    -0.5     745     0   0   0   0      25.070   -80.958
0286   71.25  -999.0   -999.00   -999.0    -999    61    22.26    -19.39    -10.95    12  -999.0    -999     0   0   0   0    -999.000  -999.000
0287   71.50   920.2     20.17     92.1     739    60    22.22    -19.32    -10.96    11    -0.6     739     0   0   0   0      25.070   -80.958
0288   71.75  -999.0   -999.00   -999.0    -999    60    22.17    -19.27    -10.98    10  -999.0    -999     0   0   0   0    -999.000  -999.000
0289   72.00   920.7     20.19     92.5     734    60    22.14    -19.21    -11.00    12    -0.6     734     0   0   0   0      25.070   -80.958
0290   72.25  -999.0   -999.00   -999.0    -999    60    22.12    -19.17    -11.03    12  -999.0    -999     0   0   0   0    -999.000  -999.000
0291   72.50   921.3     20.21     92.7     729    60    22.10    -19.13    -11.07    12    -0.7     729     0   0   0   0      25.070   -80.958
0292   72.75  -999.0   -999.00   -999.0    -999    60    22.09    -19.09    -11.11    11  -999.0    -999     0   0   0   0    -999.000  -999.000
0293   73.00   921.9     20.23     92.9     723    60    22.08    -19.06    -11.15    12    -0.7     723     0   0   0   0      25.070   -80.958
0294   73.25  -999.0   -999.00   -999.0    -999    60    22.07    -19.03    -11.19    11  -999.0    -999     0   0   0   0    -999.000  -999.000
0295   73.50   922.4     20.26     93.1     718    59    22.07    -19.00    -11.23    12    -0.7     718     0   0   0   0      25.070   -80.958
0296   73.75  -999.0   -999.00   -999.0    -999    59    22.08    -18.98    -11.28    12  -999.0    -999     0   0   0   0    -999.000  -999.000
0297   74.00   923.0     20.29     93.2     713    59    22.08    -18.96    -11.32    11    -0.8     713     0   0   0   0      25.070   -80.958
0298   74.25  -999.0   -999.00   -999.0    -999    59    22.08    -18.94    -11.36    12  -999.0    -999     0   0   0   0    -999.000  -999.000
0299   74.50   923.6     20.32     93.3     707    59    22.09    -18.92    -11.40    12    -0.8     707     0   0   0   0      25.070   -80.959
0300   74.75  -999.0   -999.00   -999.0    -999    59    22.10    -18.90    -11.45    11  -999.0    -999     0   0   0   0    -999.000  -999.000
0301   75.00   924.2     20.35     93.3     702    59    22.10    -18.88    -11.49    11    -0.8     702     0   0   0   0      25.070   -80.959
0302   75.25  -999.0   -999.00   -999.0    -999    59    22.10    -18.86    -11.52    12  -999.0    -999     0   0   0   0    -999.000  -999.000
0303   75.50   924.7     20.39     93.3     696    58    22.10    -18.84    -11.56    12    -0.8     696     0   0   0   0      25.070   -80.959
0304   75.75  -999.0   -999.00   -999.0    -999    58    22.10    -18.81    -11.59    12  -999.0    -999     0   0   0   0    -999.000  -999.000
0305   76.00   925.3     20.43     93.3     691    58    22.09    -18.78    -11.62    11    -0.8     691     0   0   0   0      25.070   -80.959
0306   76.25  -999.0   -999.00   -999.0    -999    58    22.07    -18.75    -11.64    12  -999.0    -999     0   0   0   0    -999.000  -999.000
0307   76.50   925.9     20.46     93.3     686    58    22.04    -18.70    -11.66    12    -0.8     686     0   0   0   0      25.070   -80.959
0308   76.75  -999.0   -999.00   -999.0    -999    58    22.01    -18.65    -11.68    12  -999.0    -999     0   0   0   0    -999.000  -999.000
0309   77.00   926.5     20.50     93.2     680    58    21.96    -18.59    -11.69    12    -0.8     680     0   0   0   0      25.070   -80.959
0310   77.25  -999.0   -999.00   -999.0    -999    58    21.91    -18.52    -11.69    12  -999.0    -999     0   0   0   0    -999.000  -999.000
0311   77.50   927.0     20.54     93.2     675    58    21.84    -18.45    -11.70    12    -0.8     675     0   0   0   0      25.070   -80.959
0312   77.75  -999.0   -999.00   -999.0    -999    58    21.77    -18.36    -11.70    11  -999.0    -999     0   0   0   0    -999.000  -999.000
0313   78.00   927.6     20.58     93.2     669    57    21.69    -18.27    -11.69    12    -0.8     669     0   0   0   0      25.070   -80.959
0314   78.25  -999.0   -999.00   -999.0    -999    57    21.61    -18.18    -11.69    12  -999.0    -999     0   0   0   0    -999.000  -999.000
0315   78.50   928.2     20.61     93.3     664    57    21.53    -18.08    -11.69    12    -0.7     664     0   0   0   0      25.070   -80.959
0316   78.75  -999.0   -999.00   -999.0    -999    57    21.44    -17.98    -11.69    11  -999.0    -999     0   0   0   0    -999.000  -999.000
0317   79.00   928.8     20.64     93.4     659    57    21.35    -17.88    -11.68    12    -0.7     659     0   0   0   0      25.070   -80.959
0318   79.25  -999.0   -999.00   -999.0    -999    57    21.27    -17.78    -11.68    12  -999.0    -999     0   0   0   0    -999.000  -999.000
0319   79.50   929.3     20.67     93.5     653    57    21.19    -17.68    -11.68    12    -0.7     653     0   0   0   0      25.070   -80.959
0320   79.75  -999.0   -999.00   -999.0    -999    56    21.11    -17.58    -11.68    12  -999.0    -999     0   0   0   0    -999.000  -999.000
0321   80.00   929.9     20.70     93.7     648    56    21.03    -17.49    -11.68    12    -0.7     648     0   0   0   0      25.070   -80.960
0322   80.25  -999.0   -999.00   -999.0    -999    56    20.96    -17.40    -11.69    11  -999.0    -999     0   0   0   0    -999.000  -999.000
0323   80.50   930.5     20.72     93.8     643    56    20.89    -17.32    -11.69    12    -0.7     643     0   0   0   0      25.070   -80.960
0324   80.75  -999.0   -999.00   -999.0    -999    56    20.83    -17.24    -11.70    12  -999.0    -999     0   0   0   0    -999.000  -999.000
0325   81.00   931.0     20.75     93.8     637    56    20.78    -17.16    -11.71    12    -0.7     637     0   0   0   0      25.069   -80.960
0326   81.25  -999.0   -999.00   -999.0    -999    56    20.72    -17.10    -11.71    12  -999.0    -999     0   0   0   0    -999.000  -999.000
0327   81.50   931.6     20.78     93.8     632    55    20.68    -17.04    -11.72    12    -0.7     632     0   0   0   0      25.069   -80.960
0328   81.75  -999.0   -999.00   -999.0    -999    55    20.64    -16.98    -11.73    12  -999.0    -999     0   0   0   0    -999.000  -999.000
0329   82.00   932.2     20.81     93.8     627    55    20.60    -16.93    -11.74    12    -0.7     627     0   0   0   0      25.069   -80.960
0330   82.25  -999.0   -999.00   -999.0    -999    55    20.57    -16.89    -11.75    12  -999.0    -999     0   0   0   0    -999.000  -999.000
0331   82.50   932.8     20.85     93.7     621    55    20.55    -16.85    -11.75    12    -0.7     621     0   0   0   0      25.069   -80.960
0332   82.75  -999.0   -999.00   -999.0    -999    55    20.53    -16.82    -11.76    12  -999.0    -999     0   0   0   0    -999.000  -999.000
0333   83.00   933.3     20.89     93.6     616    55    20.51    -16.80    -11.77    12    -0.7     616     0   0   0   0      25.069   -80.960
0334   83.25  -999.0   -999.00   -999.0    -999    55    20.50    -16.78    -11.77    12  -999.0    -999     0   0   0   0    -999.000  -999.000
0335   83.50   933.9     20.93     93.5     611    55    20.49    -16.77    -11.78    12    -0.7     611     0   0   0   0      25.069   -80.960
0336   83.75  -999.0   -999.00   -999.0    -999    55    20.48    -16.76    -11.78    12  -999.0    -999     0   0   0   0    -999.000  -999.000
0337   84.00   934.5     20.97     93.3     606    55    20.48    -16.76    -11.78    12    -0.7     606     0   0   0   0      25.069   -80.960
0338   84.25  -999.0   -999.00   -999.0    -999    55    20.49    -16.76    -11.78    12  -999.0    -999     0   0   0   0    -999.000  -999.000
0339   84.50   935.0     21.02     93.1     600    55    20.49    -16.76    -11.78    12    -0.7     600     0   0   0   0      25.069   -80.960
0340   84.75  -999.0   -999.00   -999.0    -999    55    20.50    -16.77    -11.78    12  -999.0    -999     0   0   0   0    -999.000  -999.000
0341   85.00   935.6     21.06     92.9     595    55    20.51    -16.78    -11.78    12    -0.7     595     0   0   0   0      25.069   -80.960
0342   85.25  -999.0   -999.00   -999.0    -999    55    20.52    -16.80    -11.78    11  -999.0    -999     0   0   0   0    -999.000  -999.000
0343   85.50   936.2     21.11     92.8     590    55    20.53    -16.81    -11.78    11    -0.7     590     0   0   0   0      25.069   -80.960
0344   85.75  -999.0   -999.00   -999.0    -999    55    20.54    -16.82    -11.78    11  -999.0    -999     0   0   0   0    -999.000  -999.000
0345   86.00   936.7     21.16     92.6     584    55    20.55    -16.84    -11.78    12    -0.7     584     0   0   0   0      25.069   -80.961
0346   86.25  -999.0   -999.00   -999.0    -999    55    20.56    -16.85    -11.78    11  -999.0    -999     0   0   0   0    -999.000  -999.000
0347   86.50   937.3     21.20     92.5     579    55    20.57    -16.86    -11.78    12    -0.7     579     0   0   0   0      25.069   -80.961
0348   86.75  -999.0   -999.00   -999.0    -999    55    20.59    -16.88    -11.79    12  -999.0    -999     0   0   0   0    -999.000  -999.000
0349   87.00   937.9     21.25     92.3     574    55    20.60    -16.89    -11.80    12    -0.7     574     0   0   0   0      25.069   -80.961
0350   87.25  -999.0   -999.00   -999.0    -999    55    20.62    -16.90    -11.81    12  -999.0    -999     0   0   0   0    -999.000  -999.000
0351   87.50   938.5     21.29     92.3     568    55    20.63    -16.90    -11.83    12    -0.7     568     0   0   0   0      25.069   -80.961
0352   87.75  -999.0   -999.00   -999.0    -999    55    20.65    -16.91    -11.85    11  -999.0    -999     0   0   0   0    -999.000  -999.000
0353   88.00   939.0     21.32     92.3     563    55    20.66    -16.91    -11.88    12    -0.7     563     0   0   0   0      25.069   -80.961
0354   88.25  -999.0   -999.00   -999.0    -999    55    20.68    -16.91    -11.91    10  -999.0    -999     0   0   0   0    -999.000  -999.000
0355   88.50   939.6     21.36     92.3     558    55    20.70    -16.91    -11.94    12    -0.7     558     0   0   0   0      25.069   -80.961
0356   88.75  -999.0   -999.00   -999.0    -999    55    20.71    -16.90    -11.97    12  -999.0    -999     0   0   0   0    -999.000  -999.000
0357   89.00   940.2     21.39     92.3     552    55    20.73    -16.90    -12.01    12    -0.8     552     0   0   0   0      25.069   -80.961
0358   89.25  -999.0   -999.00   -999.0    -999    54    20.75    -16.89    -12.06    12  -999.0    -999     0   0   0   0    -999.000  -999.000
0359   89.50   940.8     21.42     92.3     547    54    20.77    -16.88    -12.10    12    -0.8     547     0   0   0   0      25.069   -80.961
0360   89.75  -999.0   -999.00   -999.0    -999    54    20.79    -16.87    -12.15    12  -999.0    -999     0   0   0   0    -999.000  -999.000
0361   90.00   941.3     21.44     92.3     542    54    20.81    -16.86    -12.20    11    -0.8     542     0   0   0   0      25.068   -80.961
0362   90.25  -999.0   -999.00   -999.0    -999    54    20.84    -16.85    -12.26    12  -999.0    -999     0   0   0   0    -999.000  -999.000
0363   90.50   941.9     21.47     92.4     536    54    20.86    -16.84    -12.31    12    -0.8     536     0   0   0   0      25.068   -80.961
0364   90.75  -999.0   -999.00   -999.0    -999    54    20.89    -16.83    -12.37    12  -999.0    -999     0   0   0   0    -999.000  -999.000
0365   91.00   942.5     21.49     92.4     531    54    20.91    -16.82    -12.42    12    -0.8     531     0   0   0   0      25.068   -80.961
0366   91.25  -999.0   -999.00   -999.0    -999    53    20.94    -16.81    -12.48    12  -999.0    -999     0   0   0   0    -999.000  -999.000
0367   91.50   943.1     21.52     92.5     526    53    20.96    -16.80    -12.54    12    -0.8     526     0   0   0   0      25.068   -80.961
0368   91.75  -999.0   -999.00   -999.0    -999    53    20.98    -16.78    -12.60    12  -999.0    -999     0   0   0   0    -999.000  -999.000
0369   92.00   943.6     21.54     92.5     520    53    21.00    -16.76    -12.65    12    -0.8     520     0   0   0   0      25.068   -80.962
0370   92.25  -999.0   -999.00   -999.0    -999    53    21.02    -16.74    -12.71    12  -999.0    -999     0   0   0   0    -999.000  -999.000
0371   92.50   944.2     21.57     92.6     515    53    21.04    -16.72    -12.77    12    -0.8     515     0   0   0   0      25.068   -80.962
0372   92.75  -999.0   -999.00   -999.0    -999    52    21.05    -16.70    -12.83    11  -999.0    -999     0   0   0   0    -999.000  -999.000
0373   93.00   944.8     21.59     92.6     510    52    21.07    -16.67    -12.89    12    -0.7     510     0   0   0   0      25.068   -80.962
0374   93.25  -999.0   -999.00   -999.0    -999    52    21.08    -16.64    -12.94    12  -999.0    -999     0   0   0   0    -999.000  -999.000
0375   93.50   945.4     21.62     92.5     504    52    21.09    -16.61    -13.00    12    -0.7     504     0   0   0   0      25.068   -80.962
0376   93.75  -999.0   -999.00   -999.0    -999    52    21.10    -16.57    -13.05    11  -999.0    -999     0   0   0   0    -999.000  -999.000
0377   94.00   946.0     21.65     92.5     499    52    21.10    -16.54    -13.10    12    -0.7     499     0   0   0   0      25.068   -80.962
0378   94.25  -999.0   -999.00   -999.0    -999    51    21.10    -16.50    -13.15    12  -999.0    -999     0   0   0   0    -999.000  -999.000
0379   94.50   946.5     21.69     92.4     494    51    21.09    -16.45    -13.19    12    -0.7     494     0   0   0   0      25.068   -80.962
0380   94.75  -999.0   -999.00   -999.0    -999    51    21.08    -16.40    -13.23    12  -999.0    -999     0   0   0   0    -999.000  -999.000
0381   95.00   947.1     21.72     92.4     489    51    21.05    -16.35    -13.27    12    -0.6     489     0   0   0   0      25.068   -80.962
0382   95.25  -999.0   -999.00   -999.0    -999    51    21.03    -16.28    -13.30    12  -999.0    -999     0   0   0   0    -999.000  -999.000
0383   95.50   947.7     21.75     92.4     483    51    20.99    -16.21    -13.33    12    -0.6     483     0   0   0   0      25.068   -80.962
0384   95.75  -999.0   -999.00   -999.0    -999    50    20.94    -16.14    -13.35    12  -999.0    -999     0   0   0   0    -999.000  -999.000
0385   96.00   948.2     21.78     92.4     478    50    20.89    -16.05    -13.36    12    -0.5     478     0   0   0   0      25.068   -80.962
0386   96.25  -999.0   -999.00   -999.0    -999    50    20.82    -15.96    -13.37    11  -999.0    -999     0   0   0   0    -999.000  -999.000
0387   96.50   948.8     21.81     92.4     473    50    20.75    -15.86    -13.38    11    -0.5     473     0   0   0   0      25.068   -80.962
0388   96.75  -999.0   -999.00   -999.0    -999    50    20.67    -15.76    -13.38    12  -999.0    -999     0   0   0   0    -999.000  -999.000
0389   97.00   949.4     21.84     92.5     468    49    20.59    -15.65    -13.38    12    -0.4     468     0   0   0   0      25.068   -80.962
0390   97.25  -999.0   -999.00   -999.0    -999    49    20.50    -15.54    -13.37    11  -999.0    -999     0   0   0   0    -999.000  -999.000
0391   97.50   949.9     21.86     92.5     462    49    20.40    -15.42    -13.36    12    -0.4     462     0   0   0   0      25.068   -80.962
0392   97.75  -999.0   -999.00   -999.0    -999    49    20.31    -15.30    -13.35    12  -999.0    -999     0   0   0   0    -999.000  -999.000
0393   98.00   950.5     21.89     92.5     457    49    20.21    -15.19    -13.33    12    -0.3     457     0   0   0   0      25.068   -80.963
0394   98.25  -999.0   -999.00   -999.0    -999    49    20.12    -15.08    -13.31    12  -999.0    -999     0   0   0   0    -999.000  -999.000
0395   98.50   951.0     21.92     92.4     452    48    20.02    -14.98    -13.29    12    -0.3     452     0   0   0   0      25.067   -80.963
0396   98.75  -999.0   -999.00   -999.0    -999    48    19.93    -14.88    -13.27    12  -999.0    -999     0   0   0   0    -999.000  -999.000
0397   99.00   951.6     21.95     92.4     447    48    19.85    -14.79    -13.24    12    -0.3     447     0   0   0   0      25.067   -80.963
0398   99.25  -999.0   -999.00   -999.0    -999    48    19.78    -14.71    -13.22    12  -999.0    -999     0   0   0   0    -999.000  -999.000
0399   99.50   952.1     21.99     92.3     442    48    19.71    -14.64    -13.20    12    -0.2     442     0   0   0   0      25.067   -80.963
0400   99.75  -999.0   -999.00   -999.0    -999    48    19.64    -14.57    -13.17    12  -999.0    -999     0   0   0   0    -999.000  -999.000
0401  100.00   952.7     22.02     92.2     437    48    19.59    -14.52    -13.15    11    -0.2     437     0   0   0   0      25.067   -80.963
0402  100.25  -999.0   -999.00   -999.0    -999    48    19.54    -14.47    -13.13    11  -999.0    -999     0   0   0   0    -999.000  -999.000
0403  100.50   953.2     22.06     92.1     432    48    19.50    -14.44    -13.12    12    -0.3     432     0   0   0   0      25.067   -80.963
0404  100.75  -999.0   -999.00   -999.0    -999    48    19.47    -14.41    -13.10    12  -999.0    -999     0   0   0   0    -999.000  -999.000
0405  101.00   953.8     22.10     92.0     427    48    19.45    -14.38    -13.09    12    -0.3     427     0   0   0   0      25.067   -80.963
0406  101.25  -999.0   -999.00   -999.0    -999    48    19.43    -14.36    -13.09    12  -999.0    -999     0   0   0   0    -999.000  -999.000
0407  101.50   954.3     22.13     91.9     422    48    19.42    -14.35    -13.09    12    -0.4     422     0   0   0   0      25.067   -80.963
0408  101.75  -999.0   -999.00   -999.0    -999    48    19.42    -14.34    -13.09    12  -999.0    -999     0   0   0   0    -999.000  -999.000
0409  102.00   954.9     22.17     91.8     417    48    19.42    -14.33    -13.10    12    -0.4     417     0   0   0   0      25.067   -80.963
0410  102.25  -999.0   -999.00   -999.0    -999    48    19.43    -14.33    -13.11    12  -999.0    -999     0   0   0   0    -999.000  -999.000
0411  102.50   955.5     22.20     91.7     412    47    19.44    -14.33    -13.13    12    -0.5     412     0   0   0   0      25.067   -80.963
0412  102.75  -999.0   -999.00   -999.0    -999    47    19.46    -14.33    -13.16    12  -999.0    -999     0   0   0   0    -999.000  -999.000
0413  103.00   956.0     22.23     91.7     407    47    19.48    -14.33    -13.19    12    -0.5     407     0   0   0   0      25.067   -80.963
0414  103.25  -999.0   -999.00   -999.0    -999    47    19.50    -14.34    -13.22    12  -999.0    -999     0   0   0   0    -999.000  -999.000
0415  103.50   956.6     22.27     91.6     401    47    19.53    -14.34    -13.25    12    -0.6     401     0   0   0   0      25.067   -80.963
0416  103.75  -999.0   -999.00   -999.0    -999    47    19.55    -14.35    -13.28    12  -999.0    -999     0   0   0   0    -999.000  -999.000
0417  104.00   957.2     22.29     91.6     396    47    19.58    -14.35    -13.32    12    -0.6     396     0   0   0   0      25.067   -80.963
0418  104.25  -999.0   -999.00   -999.0    -999    47    19.60    -14.35    -13.35    12  -999.0    -999     0   0   0   0    -999.000  -999.000
0419  104.50   957.8     22.32     91.7     391    47    19.61    -14.34    -13.38    12    -0.6     391     0   0   0   0      25.067   -80.963
0420  104.75  -999.0   -999.00   -999.0    -999    47    19.62    -14.33    -13.40    12  -999.0    -999     0   0   0   0    -999.000  -999.000
0421  105.00   958.3     22.35     91.7     386    47    19.62    -14.31    -13.43    12    -0.6     386     0   0   0   0      25.067   -80.964
0422  105.25  -999.0   -999.00   -999.0    -999    47    19.62    -14.28    -13.45    12  -999.0    -999     0   0   0   0    -999.000  -999.000
0423  105.50   958.9     22.37     91.8     380    47    19.61    -14.25    -13.46    12    -0.6     380     0   0   0   0      25.067   -80.964
0424  105.75  -999.0   -999.00   -999.0    -999    47    19.59    -14.21    -13.47    11  -999.0    -999     0   0   0   0    -999.000  -999.000
0425  106.00   959.5     22.39     91.9     375    46    19.56    -14.17    -13.48    12    -0.6     375     0   0   0   0      25.067   -80.964
0426  106.25  -999.0   -999.00   -999.0    -999    46    19.53    -14.12    -13.48    12  -999.0    -999     0   0   0   0    -999.000  -999.000
0427  106.50   960.1     22.42     91.9     370    46    19.49    -14.07    -13.48    12    -0.6     370     0   0   0   0      25.067   -80.964
0428  106.75  -999.0   -999.00   -999.0    -999    46    19.44    -14.02    -13.47    12  -999.0    -999     0   0   0   0    -999.000  -999.000
0429  107.00   960.6     22.45     91.8     365    46    19.39    -13.96    -13.46    12    -0.6     365     0   0   0   0      25.066   -80.964
0430  107.25  -999.0   -999.00   -999.0    -999    46    19.34    -13.90    -13.44    12  -999.0    -999     0   0   0   0    -999.000  -999.000
0431  107.50   961.2     22.48     91.7     360    46    19.28    -13.84    -13.43    12    -0.5     360     0   0   0   0      25.066   -80.964
0432  107.75  -999.0   -999.00   -999.0    -999    46    19.23    -13.78    -13.41    10  -999.0    -999     0   0   0   0    -999.000  -999.000
0433  108.00   961.8     22.52     91.6     355    46    19.17    -13.71    -13.40    11    -0.5     355     0   0   0   0      25.066   -80.964
0434  108.25  -999.0   -999.00   -999.0    -999    46    19.11    -13.64    -13.38    12  -999.0    -999     0   0   0   0    -999.000  -999.000
0435  108.50   962.3     22.56     91.5     349    45    19.05    -13.56    -13.38    12    -0.5     349     0   0   0   0      25.066   -80.964
0436  108.75  -999.0   -999.00   -999.0    -999    45    18.99    -13.48    -13.37    12  -999.0    -999     0   0   0   0    -999.000  -999.000
0437  109.00   962.9     22.60     91.3     344    45    18.92    -13.38    -13.38    12    -0.5     344     0   0   0   0      25.066   -80.964
0438  109.25  -999.0   -999.00   -999.0    -999    45    18.86    -13.28    -13.39    12  -999.0    -999     0   0   0   0    -999.000  -999.000
0439  109.50   963.4     22.64     91.2     339    44    18.80    -13.17    -13.41    12    -0.4     339     0   0   0   0      25.066   -80.964
0440  109.75  -999.0   -999.00   -999.0    -999    44    18.74    -13.06    -13.44    12  -999.0    -999     0   0   0   0    -999.000  -999.000
0441  110.00   964.0     22.69     91.1     334    44    18.68    -12.94    -13.47    12    -0.4     334     0   0   0   0      25.066   -80.964
0442  110.25  -999.0   -999.00   -999.0    -999    43    18.63    -12.82    -13.51    12  -999.0    -999     0   0   0   0    -999.000  -999.000
0443  110.50   964.6     22.73     90.9     329    43    18.58    -12.69    -13.56    12    -0.4     329     0   0   0   0      25.066   -80.964
0444  110.75  -999.0   -999.00   -999.0    -999    43    18.53    -12.57    -13.61    12  -999.0    -999     0   0   0   0    -999.000  -999.000
0445  111.00   965.1     22.77     90.8     324    42    18.49    -12.45    -13.67    12    -0.4     324     0   0   0   0      25.066   -80.964
0446  111.25  -999.0   -999.00   -999.0    -999    42    18.45    -12.34    -13.72    12  -999.0    -999     0   0   0   0    -999.000  -999.000
0447  111.50   965.7     22.81     90.6     319    42    18.42    -12.23    -13.77    12    -0.3     319     0   0   0   0      25.066   -80.964
0448  111.75  -999.0   -999.00   -999.0    -999    41    18.39    -12.13    -13.82    12  -999.0    -999     0   0   0   0    -999.000  -999.000
0449  112.00   966.3     22.86     90.5     314    41    18.36    -12.04    -13.86    12    -0.3     314     0   0   0   0      25.066   -80.964
0450  112.25  -999.0   -999.00   -999.0    -999    41    18.33    -11.95    -13.89    12  -999.0    -999     0   0   0   0    -999.000  -999.000
0451  112.50   966.8     22.90     90.3     309    40    18.29    -11.87    -13.92    12    -0.3     309     0   0   0   0      25.066   -80.965
0452  112.75  -999.0   -999.00   -999.0    -999    40    18.26    -11.80    -13.93    12  -999.0    -999     0   0   0   0    -999.000  -999.000
0453  113.00   967.4     22.94     90.2     304    40    18.21    -11.73    -13.93    12    -0.3     304     0   0   0   0      25.066   -80.965
0454  113.25  -999.0   -999.00   -999.0    -999    40    18.17    -11.68    -13.92    12  -999.0    -999     0   0   0   0    -999.000  -999.000
0455  113.50   967.9     22.97     90.1     299    40    18.11    -11.63    -13.89    12    -0.3     299     0   0   0   0      25.066   -80.965
0456  113.75  -999.0   -999.00   -999.0    -999    40    18.06    -11.59    -13.85    12  -999.0    -999     0   0   0   0    -999.000  -999.000
0457  114.00   968.5     23.01     89.9     293    40    18.00    -11.55    -13.81    12    -0.3     293     0   0   0   0      25.066   -80.965
0458  114.25  -999.0   -999.00   -999.0    -999    40    17.95    -11.53    -13.76    11  -999.0    -999     0   0   0   0    -999.000  -999.000
0459  114.50   969.0     23.05     89.8     288    40    17.89    -11.51    -13.70    12    -0.3     288     0   0   0   0      25.066   -80.965
0460  114.75  -999.0   -999.00   -999.0    -999    40    17.84    -11.50    -13.64    11  -999.0    -999     0   0   0   0    -999.000  -999.000
0461  115.00   969.6     23.08     89.7     283    40    17.78    -11.49    -13.57    11    -0.3     283     0   0   0   0      25.066   -80.965
0462  115.25  -999.0   -999.00   -999.0    -999    40    17.73    -11.49    -13.51    12  -999.0    -999     0   0   0   0    -999.000  -999.000
0463  115.50   970.2     23.11     89.7     278    41    17.68    -11.49    -13.44    12    -0.4     278     0   0   0   0      25.065   -80.965
0464  115.75  -999.0   -999.00   -999.0    -999    41    17.63    -11.49    -13.38    12  -999.0    -999     0   0   0   0    -999.000  -999.000
0465  116.00   970.7     23.14     89.6     273    41    17.59    -11.49    -13.31    12    -0.4     273     0   0   0   0      25.065   -80.965
0466  116.25  -999.0   -999.00   -999.0    -999    41    17.54    -11.49    -13.25    12  -999.0    -999     0   0   0   0    -999.000  -999.000
0467  116.50   971.3     23.16     89.7     268    41    17.49    -11.49    -13.19    11    -0.4     268     0   0   0   0      25.065   -80.965
0468  116.75  -999.0   -999.00   -999.0    -999    41    17.44    -11.48    -13.12    12  -999.0    -999     0   0   0   0    -999.000  -999.000
0469  117.00   971.9     23.18     89.8     263    41    17.39    -11.47    -13.06    12    -0.4     263     0   0   0   0      25.065   -80.965
0470  117.25  -999.0   -999.00   -999.0    -999    41    17.33    -11.46    -13.00    12  -999.0    -999     0   0   0   0    -999.000  -999.000
0471  117.50   972.4     23.19     90.1     258    41    17.27    -11.43    -12.94    12    -0.5     258     0   0   0   0      25.065   -80.965
0472  117.75  -999.0   -999.00   -999.0    -999    42    17.20    -11.41    -12.87    12  -999.0    -999     0   0   0   0    -999.000  -999.000
0473  118.00   973.0     23.19     90.4     253    42    17.12    -11.37    -12.81    12    -0.4     253     0   0   0   0      25.065   -80.965
0474  118.25  -999.0   -999.00   -999.0    -999    42    17.04    -11.32    -12.73    11  -999.0    -999     0   0   0   0    -999.000  -999.000
0475  118.50   973.6     23.18     90.7     248    42    16.95    -11.27    -12.66    12    -0.4     248     0   0   0   0      25.065   -80.965
0476  118.75  -999.0   -999.00   -999.0    -999    42    16.85    -11.22    -12.58    12  -999.0    -999     0   0   0   0    -999.000  -999.000
0477  119.00   974.1     23.17     91.1     243    42    16.75    -11.15    -12.50    12    -0.4     243     0   0   0   0      25.065   -80.965
0478  119.25  -999.0   -999.00   -999.0    -999    42    16.65    -11.09    -12.42    11  -999.0    -999     0   0   0   0    -999.000  -999.000
0479  119.50   974.7     23.16     91.4     237    42    16.54    -11.02    -12.34    12    -0.3     237     0   0   0   0      25.065   -80.965
0480  119.75  -999.0   -999.00   -999.0    -999    42    16.43    -10.94    -12.26    12  -999.0    -999     0   0   0   0    -999.000  -999.000
0481  120.00   975.3     23.16     91.7     232    42    16.33    -10.87    -12.19    11    -0.2     232     0   0   0   0      25.065   -80.965
0482  120.25  -999.0   -999.00   -999.0    -999    42    16.24    -10.80    -12.12    12  -999.0    -999     0   0   0   0    -999.000  -999.000
0483  120.50   975.8     23.16     91.9     227    42    16.14    -10.73    -12.06    12    -0.2     227     0   0   0   0      25.065   -80.965
0484  120.75  -999.0   -999.00   -999.0    -999    42    16.06    -10.66    -12.01    12  -999.0    -999     0   0   0   0    -999.000  -999.000
0485  121.00   976.4     23.17     92.1     222    42    15.99    -10.60    -11.97    12    -0.1     222     0   0   0   0      25.065   -80.966
0486  121.25  -999.0   -999.00   -999.0    -999    41    15.92    -10.53    -11.94    12  -999.0    -999     0   0   0   0    -999.000  -999.000
0487  121.50   976.9     23.19     92.1     217    41    15.87    -10.46    -11.93    12    -0.0     217     0   0   0   0      25.065   -80.966
0488  121.75  -999.0   -999.00   -999.0    -999    41    15.82    -10.40    -11.92    12  -999.0    -999     0   0   0   0    -999.000  -999.000
0489  122.00   977.5     23.21     92.1     213    41    15.78    -10.32    -11.94    12     0.1     213     0   0   0   0      25.065   -80.966
0490  122.25  -999.0   -999.00   -999.0    -999    41    15.75    -10.25    -11.96    10  -999.0    -999     0   0   0   0    -999.000  -999.000
0491  122.50   978.0     23.24     92.0     208    40    15.74    -10.17    -12.01    11     0.1     208     0   0   0   0      25.065   -80.966
0492  122.75  -999.0   -999.00   -999.0    -999    40    15.73    -10.09    -12.06    12  -999.0    -999     0   0   0   0    -999.000  -999.000
0493  123.00   978.5     23.28     91.8     203    40    15.72    -10.00    -12.13    12     0.1     203     0   0   0   0      25.065   -80.966
0494  123.25  -999.0   -999.00   -999.0    -999    39    15.73     -9.91    -12.21    12  -999.0    -999     0   0   0   0    -999.000  -999.000
0495  123.50   979.1     23.33     91.7     198    39    15.75     -9.82    -12.31    12     0.1     198     0   0   0   0      25.065   -80.966
0496  123.75  -999.0   -999.00   -999.0    -999    38    15.77     -9.72    -12.41    12  -999.0    -999     0   0   0   0    -999.000  -999.000
0497  124.00   979.6     23.38     91.4     194    38    15.79     -9.62    -12.53    11     0.0     194     0   0   0   0      25.064   -80.966
0498  124.25  -999.0   -999.00   -999.0    -999    37    15.83     -9.52    -12.65    12  -999.0    -999     0   0   0   0    -999.000  -999.000
0499  124.50   980.1     23.43     91.2     189    36    15.87     -9.42    -12.77    12    -0.1     189     0   0   0   0      25.064   -80.966
0500  124.75  -999.0   -999.00   -999.0    -999    36    15.91     -9.33    -12.89    12  -999.0    -999     0   0   0   0    -999.000  -999.000
0501  125.00   980.7     23.48     90.9     184    35    15.96     -9.24    -13.02    12    -0.2     184     0   0   0   0      25.064   -80.966
0502  125.25  -999.0   -999.00   -999.0    -999    35    16.02     -9.15    -13.15    12  -999.0    -999     0   0   0   0    -999.000  -999.000
0503  125.50   981.2     23.54     90.7     179    34    16.08     -9.07    -13.27    12    -0.3     179     0   0   0   0      25.064   -80.966
0504  125.75  -999.0   -999.00   -999.0    -999    34    16.14     -9.00    -13.39    12  -999.0    -999     0   0   0   0    -999.000  -999.000
0505  126.00   981.8     23.59     90.4     174    33    16.19     -8.93    -13.51    11    -0.4     174     0   0   0   0      25.064   -80.966
0506  126.25  -999.0   -999.00   -999.0    -999    33    16.25     -8.86    -13.62    12  -999.0    -999     0   0   0   0    -999.000  -999.000
0507  126.50   982.4     23.64     90.2     169    33    16.30     -8.80    -13.72    12    -0.6     169     0   0   0   0      25.064   -80.966
0508  126.75  -999.0   -999.00   -999.0    -999    32    16.34     -8.74    -13.81    12  -999.0    -999     0   0   0   0    -999.000  -999.000
0509  127.00   983.0     23.70     89.9     164    32    16.38     -8.67    -13.89    11    -0.7     164     0   0   0   0      25.064   -80.966
0510  127.25  -999.0   -999.00   -999.0    -999    32    16.39     -8.61    -13.95    12  -999.0    -999     0   0   0   0    -999.000  -999.000
0511  127.50   983.5     23.75     89.7     158    31    16.40     -8.54    -14.00    12    -0.9     158     0   0   0   0      25.064   -80.966
0512  127.75  -999.0   -999.00   -999.0    -999    31    16.38     -8.47    -14.02    12  -999.0    -999     0   0   0   0    -999.000  -999.000
0513  128.00   984.1     23.80     89.5     153    31    16.35     -8.40    -14.02    12    -1.0     153     0   0   0   0      25.064   -80.966
0514  128.25  -999.0   -999.00   -999.0    -999    31    16.30     -8.32    -14.01    11  -999.0    -999     0   0   0   0    -999.000  -999.000
0515  128.50   984.8     23.85     89.3     147    31    16.22     -8.24    -13.98    12    -1.0     147     0   0   0   0      25.064   -80.966
0516  128.75  -999.0   -999.00   -999.0    -999    30    16.14     -8.15    -13.92    12  -999.0    -999     0   0   0   0    -999.000  -999.000
0517  129.00   985.4     23.89     89.1     142    30    16.03     -8.06    -13.86    10    -1.1     142     0   0   0   0      25.064   -80.966
0518  129.25  -999.0   -999.00   -999.0    -999    30    15.91     -7.96    -13.77    12  -999.0    -999     0   0   0   0    -999.000  -999.000
0519  129.50   986.0     23.93     89.0     137    30    15.78     -7.87    -13.68    11    -1.1     137     0   0   0   0      25.064   -80.966
0520  129.75  -999.0   -999.00   -999.0    -999    30    15.63     -7.76    -13.57    12  -999.0    -999     0   0   0   0    -999.000  -999.000
0521  130.00   986.6     23.96     89.0     131    30    15.48     -7.66    -13.45    12    -1.1     131     0   0   0   0      25.064   -80.966
0522  130.25  -999.0   -999.00   -999.0    -999    30    15.32     -7.56    -13.32    12  -999.0    -999     0   0   0   0    -999.000  -999.000
0523  130.50   987.2     23.99     89.0     126    29    15.15     -7.46    -13.19    11    -1.0     126     0   0   0   0      25.064   -80.966
0524  130.75  -999.0   -999.00   -999.0    -999    29    14.98     -7.36    -13.05    12  -999.0    -999     0   0   0   0    -999.000  -999.000
0525  131.00   987.8     24.01     89.0     120    29    14.81     -7.27    -12.91    11    -0.9     120     0   0   0   0      25.064   -80.966
0526  131.25  -999.0   -999.00   -999.0    -999    29    14.64     -7.17    -12.76    12  -999.0    -999     0   0   0   0    -999.000  -999.000
0527  131.50   988.4     24.03     89.1     115    29    14.48     -7.09    -12.62    11    -0.8     115     0   0   0   0      25.064   -80.966
0528  131.75  -999.0   -999.00   -999.0    -999    29    14.32     -7.01    -12.48    12  -999.0    -999     0   0   0   0    -999.000  -999.000
0529  132.00   989.0     24.05     89.1     110    29    14.17     -6.94    -12.35    12    -0.7     110     0   0   0   0      25.064   -80.967
0530  132.25  -999.0   -999.00   -999.0    -999    29    14.03     -6.88    -12.22    12  -999.0    -999     0   0   0   0    -999.000  -999.000
0531  132.50   989.6     24.07     89.2     104    29    13.89     -6.82    -12.11    11    -0.6     104     0   0   0   0      25.063   -80.967
0532  132.75  -999.0   -999.00   -999.0    -999    29    13.77     -6.77    -12.00    11  -999.0    -999     0   0   0   0    -999.000  -999.000
0533  133.00   990.2     24.08     89.2      99    29    13.66     -6.72    -11.90    10    -0.5      99     0   0   0   0      25.063   -80.967
0534  133.25  -999.0   -999.00   -999.0    -999    29    13.57     -6.68    -11.81    11  -999.0    -999     0   0   0   0    -999.000  -999.000
0535  133.50   990.7     24.10     89.3      94    29    13.48     -6.64    -11.74    11    -0.4      94     0   0   0   0      25.063   -80.967
0536  133.75  -999.0   -999.00   -999.0    -999    30    13.41     -6.61    -11.67    12  -999.0    -999     0   0   0   0    -999.000  -999.000
0537  134.00   991.3     24.12     89.3      89    30    13.36     -6.58    -11.62    12    -0.2      89     0   0   0   0      25.063   -80.967
0538  134.25  -999.0   -999.00   -999.0    -999    30    13.31     -6.56    -11.58    12  -999.0    -999     0   0   0   0    -999.000  -999.000
0539  134.50   991.8     24.14     89.2      85    30    13.27     -6.54    -11.55    10    -0.2      85     0   0   0   0      25.063   -80.967
0540  134.75  -999.0   -999.00   -999.0    -999    30    13.24     -6.52    -11.52    11  -999.0    -999     0   0   0   0    -999.000  -999.000
0541  135.00   992.4     24.17     89.3      80    29    13.21     -6.49    -11.50    10    -0.1      80     0   0   0   0      25.063   -80.967
0542  135.25  -999.0   -999.00   -999.0    -999    29    13.18     -6.46    -11.48    11  -999.0    -999     0   0   0   0    -999.000  -999.000
0543  135.50   992.9     24.18     89.3      75    29    13.15     -6.43    -11.47    11    -0.1      75     0   0   0   0      25.063   -80.967
0544  135.75  -999.0   -999.00   -999.0    -999    29    13.12     -6.38    -11.47    11  -999.0    -999     0   0   0   0    -999.000  -999.000
0545  136.00   993.5     24.20     89.4      70    29    13.09     -6.33    -11.46    10    -0.0      70     0   0   0   0      25.063   -80.967
0546  136.25  -999.0   -999.00   -999.0    -999    29    13.05     -6.27    -11.45     9  -999.0    -999     0   0   0   0    -999.000  -999.000
0547  136.50   994.0     24.20     89.5      65    28    13.01     -6.20    -11.44     9     0.0      65     0   0   0   0      25.063   -80.967
0548  136.75  -999.0   -999.00   -999.0    -999    28    12.95     -6.11    -11.42    10  -999.0    -999     0   0   0   0    -999.000  -999.000
0549  137.00   994.6     24.21     89.7      60    28    12.88     -6.02    -11.39    10     0.0      60     0   0   0   0      25.063   -80.967
0550  137.25  -999.0   -999.00   -999.0    -999    27    12.81     -5.91    -11.36    10  -999.0    -999     0   0   0   0    -999.000  -999.000
0551  137.50   995.1     24.21     89.9      55    27    12.72     -5.79    -11.32    10     0.0      55     0   0   0   0      25.063   -80.967
0552  137.75  -999.0   -999.00   -999.0    -999    27    12.62     -5.67    -11.27    10  -999.0    -999     0   0   0   0    -999.000  -999.000
0553  138.00   995.7     24.20     90.2      51    26    12.51     -5.53    -11.22    10     0.1      51     0   0   0   0      25.063   -80.967
0554  138.25  -999.0   -999.00   -999.0    -999    26    12.39     -5.39    -11.16    10  -999.0    -999     0   0   0   0    -999.000  -999.000
0555  138.50   996.2     24.21     90.4      46    25    12.27     -5.24    -11.10    10     0.1      46     0   0   0   0      25.063   -80.967
0556  138.75  -999.0   -999.00   -999.0    -999    25    12.15     -5.09    -11.03     9  -999.0    -999     0   0   0   0    -999.000  -999.000
0557  139.00   996.8     24.21     90.6      41    24    12.02     -4.93    -10.96     9     0.1      41     0   0   0   0      25.063   -80.967
0558  139.25  -999.0   -999.00   -999.0    -999    24    11.87     -4.76    -10.88     8  -999.0    -999     0   0   0   0    -999.000  -999.000
0559  139.50   997.3     24.22     90.7      36    23    11.72     -4.58    -10.79     9     0.2      36     0   0   0   0      25.063   -80.967
0560  139.75  -999.0   -999.00   -999.0    -999    23    11.57     -4.43    -10.69     9  -999.0    -999     0   0   0   0    -999.000  -999.000
0561  140.00   997.8     24.24     90.8      31    22    11.44     -4.33    -10.59     9     0.2      31     0   0   0   0      25.063   -80.967
0562  140.25  -999.0   -999.00   -999.0    -999    22    11.33     -4.28    -10.49    10  -999.0    -999     0   0   0   0    -999.000  -999.000
0563  140.50   998.4     24.26     90.8      27    22    11.25     -4.29    -10.40    10     0.2      27     0   0   0   0      25.063   -80.967
0564  140.75  -999.0   -999.00   -999.0    -999    23    11.18     -4.34    -10.31    10  -999.0    -999     0   0   0   0    -999.000  -999.000
0565  141.00   998.9     24.29     90.8      22  -999  -999.00   -999.00   -999.00    10     0.2      22     0   0   0   0      25.063   -80.967
0566  141.25  -999.0   -999.00   -999.0    -999  -999  -999.00   -999.00   -999.00     9  -999.0    -999     0   0   0   0    -999.000  -999.000
0567  141.50   999.4     24.32     90.8      17  -999  -999.00   -999.00   -999.00    10     0.2      17     0   0   0   0      25.063   -80.967
0568  141.75  -999.0   -999.00   -999.0    -999  -999  -999.00   -999.00   -999.00     9  -999.0    -999     0   0   0   0    -999.000  -999.000
0569  142.00  1000.0     24.35     90.8      13  -999  -999.00   -999.00   -999.00     9     0.2      13     0   0   0   0      25.062   -80.967
0570  142.25  -999.0   -999.00   -999.0    -999    22    10.83     -4.12    -10.02     9  -999.0    -999     0   0   0   0    -999.000  -999.000
0571  142.50  1000.5     24.39     90.8       8    21    10.76     -3.89    -10.04     9     0.2       8     0   0   0   0      25.062   -80.967
0572  142.75  -999.0   -999.00   -999.0    -999    21    10.96     -3.96    -10.22     8  -999.0    -999     0   0   0   0    -999.000  -999.000
0573  143.29  1001.4     24.41     90.7       0  -999  -999.00   -999.00   -999.00  -999  -999.0       0     0   0   0   0    -999.000  -999.000
