 ===========================================================================
 DROPWINDSONDE PROCESSING RECORD                            Sonde: 201730213
 FRD file written by Aspen V3.4.4, 25 Oct 2020 21:27 UTC
 Aircraft: WP-3D Orion, N42RF                Date: 201025   Time: 211227 UTC
 ---------------------------------------------------------------------------
 Bias corrections:  PR =   0.0 mb  TE =   0.0 C  RH =   0.0 %  PRB =  0.0 mb
 Filters (LPF):     PTH = 
 Dyn RH correction = 
 Estimated PR used = 
 Dyn T correction  = 
 ---------------------------------------------------------------------------
 COMMENT: DROP 15, Good Drop
 ===========================================================================

 ===========================================================================
 Date: 201025   Lat:  18.94 N   TA:   18.5 C   PS:  842.3 mb   WD:   169 deg
 Time: 211227   Lon:  82.31 W   TD:   14.9 C   GA:   1559 m    WS:  15.4 m/s
 SID:  201730213                RH:   79.5 %   Navaid:   GP
 ===========================================================================

IX      t (s)  P (mb)    T (C)    RH (%)  Z (m)   WD    WS (m/s)   U (m/s)   V (m/s)  NS  WZ (m/s)  ZW (m)   FP  FT  FH  FW    LAT (N)   LON (E)
0001    0.00  -999.0   -999.00     79.9    -999  -999  -999.00   -999.00   -999.00     9  -999.0    -999     0   0   0   0      18.939   -82.306
0002    0.25  -999.0   -999.00   -999.0    -999  -999  -999.00   -999.00   -999.00    10  -999.0    -999     0   0   0   0    -999.000  -999.000
0003    0.50  -999.0   -999.00     80.5    -999  -999  -999.00   -999.00   -999.00    10  -999.0    -999     0   0   0   0      18.939   -82.306
0004    0.75  -999.0   -999.00   -999.0    -999  -999  -999.00   -999.00   -999.00    10  -999.0    -999     0   0   0   0    -999.000  -999.000
0005    1.00  -999.0   -999.00     81.0    -999  -999  -999.00   -999.00   -999.00     8  -999.0    -999     0   0   0   0      18.939   -82.306
0006    1.25  -999.0   -999.00   -999.0    -999  -999  -999.00   -999.00   -999.00     7  -999.0    -999     0   0   0   0    -999.000  -999.000
0007    1.50  -999.0   -999.00     81.4    -999  -999  -999.00   -999.00   -999.00     7  -999.0    -999     0   0   0   0      18.939   -82.306
0008    1.75  -999.0   -999.00   -999.0    -999  -999  -999.00   -999.00   -999.00     8  -999.0    -999     0   0   0   0    -999.000  -999.000
0009    2.00  -999.0   -999.00     81.7    -999  -999  -999.00   -999.00   -999.00     7  -999.0    -999     0   0   0   0      18.940   -82.306
0010    2.25  -999.0   -999.00   -999.0    -999  -999  -999.00   -999.00   -999.00    11  -999.0    -999     0   0   0   0    -999.000  -999.000
0011    2.50  -999.0   -999.00     81.9    -999  -999  -999.00   -999.00   -999.00    11  -999.0    -999     0   0   0   0      18.940   -82.306
0012    2.75  -999.0   -999.00   -999.0    -999  -999  -999.00   -999.00   -999.00     9  -999.0    -999     0   0   0   0    -999.000  -999.000
0013    3.00   845.3     18.33     81.8    1509  -999  -999.00   -999.00   -999.00    10     1.6    1509     0   0   0   0      18.940   -82.306
0014    3.25  -999.0   -999.00   -999.0    -999  -999  -999.00   -999.00   -999.00    11  -999.0    -999     0   0   0   0    -999.000  -999.000
0015    3.50   845.7     18.35     81.5    1504  -999  -999.00   -999.00   -999.00    11     1.2    1504     0   0   0   0      18.940   -82.306
0016    3.75  -999.0   -999.00   -999.0    -999  -999  -999.00   -999.00   -999.00    10  -999.0    -999     0   0   0   0    -999.000  -999.000
0017    4.00   846.2     18.37     80.9    1499  -999  -999.00   -999.00   -999.00    11     0.8    1499     0   0   0   0      18.939   -82.306
0018    4.25  -999.0   -999.00   -999.0    -999  -999  -999.00   -999.00   -999.00    11  -999.0    -999     0   0   0   0    -999.000  -999.000
0019    4.50   846.7     18.40     80.2    1494  -999  -999.00   -999.00   -999.00    11     0.5    1494     0   0   0   0      18.940   -82.306
0020    4.75  -999.0   -999.00   -999.0    -999  -999  -999.00   -999.00   -999.00    10  -999.0    -999     0   0   0   0    -999.000  -999.000
0021    5.00   847.3     18.43     79.4    1489  -999  -999.00   -999.00   -999.00    10     0.2    1489     0   0   0   0      18.940   -82.306
0022    5.25  -999.0   -999.00   -999.0    -999  -999  -999.00   -999.00   -999.00    11  -999.0    -999     0   0   0   0    -999.000  -999.000
0023    5.50   847.8     18.47     78.5    1483  -999  -999.00   -999.00   -999.00    10    -0.1    1483     0   0   0   0      18.940   -82.306
0024    5.75  -999.0   -999.00   -999.0    -999  -999  -999.00   -999.00   -999.00    10  -999.0    -999     0   0   0   0    -999.000  -999.000
0025    6.00   848.3     18.51     77.7    1478  -999  -999.00   -999.00   -999.00    11    -0.3    1478     0   0   0   0      18.940   -82.306
0026    6.25  -999.0   -999.00   -999.0    -999  -999  -999.00   -999.00   -999.00     9  -999.0    -999     0   0   0   0    -999.000  -999.000
0027    6.50   848.9     18.55     77.0    1472  -999  -999.00   -999.00   -999.00     9    -0.4    1472     0   0   0   0      18.940   -82.306
0028    6.75  -999.0   -999.00   -999.0    -999  -999  -999.00   -999.00   -999.00    10  -999.0    -999     0   0   0   0    -999.000  -999.000
0029    7.00   849.4     18.59     76.4    1466  -999  -999.00   -999.00   -999.00    10    -0.5    1466     0   0   0   0      18.940   -82.306
0030    7.25  -999.0   -999.00   -999.0    -999  -999  -999.00   -999.00   -999.00     9  -999.0    -999     0   0   0   0    -999.000  -999.000
0031    7.50   850.0     18.63     76.1    1461  -999  -999.00   -999.00   -999.00    10    -0.5    1461     0   0   0   0      18.940   -82.306
0032    7.75  -999.0   -999.00   -999.0    -999  -999  -999.00   -999.00   -999.00    11  -999.0    -999     0   0   0   0    -999.000  -999.000
0033    8.00   850.5     18.66     75.9    1455  -999  -999.00   -999.00   -999.00    11    -0.5    1455     0   0   0   0      18.940   -82.306
0034    8.25  -999.0   -999.00   -999.0    -999  -999  -999.00   -999.00   -999.00    11  -999.0    -999     0   0   0   0    -999.000  -999.000
0035    8.50   851.1     18.69     76.0    1450  -999  -999.00   -999.00   -999.00    11    -0.5    1450     0   0   0   0      18.940   -82.306
0036    8.75  -999.0   -999.00   -999.0    -999  -999  -999.00   -999.00   -999.00    11  -999.0    -999     0   0   0   0    -999.000  -999.000
0037    9.00   851.6     18.71     76.3    1444  -999  -999.00   -999.00   -999.00    11    -0.5    1444     0   0   0   0      18.940   -82.306
0038    9.25  -999.0   -999.00   -999.0    -999  -999  -999.00   -999.00   -999.00    11  -999.0    -999     0   0   0   0    -999.000  -999.000
0039    9.50   852.2     18.73     76.6    1439  -999  -999.00   -999.00   -999.00    11    -0.4    1439     0   0   0   0      18.940   -82.306
0040    9.75  -999.0   -999.00   -999.0    -999  -999  -999.00   -999.00   -999.00    11  -999.0    -999     0   0   0   0    -999.000  -999.000
0041   10.00   852.7     18.74     77.0    1433   165    17.03     -4.30     16.48    11    -0.4    1433     0   0   0   0      18.940   -82.306
0042   10.25  -999.0   -999.00   -999.0    -999   165    17.05     -4.30     16.50    11  -999.0    -999     0   0   0   0    -999.000  -999.000
0043   10.50   853.3     18.76     77.4    1428   165    17.08     -4.30     16.53    11    -0.3    1428     0   0   0   0      18.940   -82.306
0044   10.75  -999.0   -999.00   -999.0    -999   165    17.10     -4.29     16.55    11  -999.0    -999     0   0   0   0    -999.000  -999.000
0045   11.00   853.8     18.78     77.7    1422   165    17.12     -4.29     16.57    11    -0.3    1422     0   0   0   0      18.940   -82.306
0046   11.25  -999.0   -999.00   -999.0    -999   166    17.14     -4.28     16.59    11  -999.0    -999     0   0   0   0    -999.000  -999.000
0047   11.50   854.3     18.80     77.9    1417   166    17.15     -4.28     16.61    11    -0.2    1417     0   0   0   0      18.940   -82.306
0048   11.75  -999.0   -999.00   -999.0    -999   166    17.17     -4.27     16.63    11  -999.0    -999     0   0   0   0    -999.000  -999.000
0049   12.00   854.9     18.82     78.1    1412   166    17.18     -4.26     16.64    11    -0.2    1412     0   0   0   0      18.940   -82.307
0050   12.25  -999.0   -999.00   -999.0    -999   166    17.18     -4.25     16.65    11  -999.0    -999     0   0   0   0    -999.000  -999.000
0051   12.50   855.4     18.85     78.2    1406   166    17.19     -4.25     16.65    11    -0.2    1406     0   0   0   0      18.940   -82.307
0052   12.75  -999.0   -999.00   -999.0    -999   166    17.19     -4.24     16.66    11  -999.0    -999     0   0   0   0    -999.000  -999.000
0053   13.00   855.9     18.88     78.2    1401   166    17.18     -4.24     16.65    11    -0.1    1401     0   0   0   0      18.941   -82.307
0054   13.25  -999.0   -999.00   -999.0    -999   166    17.17     -4.23     16.64    11  -999.0    -999     0   0   0   0    -999.000  -999.000
0055   13.50   856.4     18.91     78.3    1396   166    17.16     -4.22     16.63    11    -0.1    1396     0   0   0   0      18.941   -82.307
0056   13.75  -999.0   -999.00   -999.0    -999   166    17.14     -4.22     16.61    11  -999.0    -999     0   0   0   0    -999.000  -999.000
0057   14.00   857.0     18.94     78.5    1390   166    17.12     -4.21     16.59    11    -0.2    1390     0   0   0   0      18.941   -82.307
0058   14.25  -999.0   -999.00   -999.0    -999   166    17.09     -4.21     16.57    11  -999.0    -999     0   0   0   0    -999.000  -999.000
0059   14.50   857.5     18.97     78.7    1385   166    17.06     -4.21     16.54    11    -0.2    1385     0   0   0   0      18.941   -82.307
0060   14.75  -999.0   -999.00   -999.0    -999   166    17.03     -4.20     16.50    10  -999.0    -999     0   0   0   0    -999.000  -999.000
0061   15.00   858.0     19.00     79.0    1380   166    16.99     -4.20     16.46    10    -0.2    1380     0   0   0   0      18.941   -82.307
0062   15.25  -999.0   -999.00   -999.0    -999   166    16.95     -4.20     16.42     9  -999.0    -999     0   0   0   0    -999.000  -999.000
0063   15.50   858.6     19.02     79.3    1374   166    16.91     -4.21     16.38    10    -0.3    1374     0   0   0   0      18.941   -82.307
0064   15.75  -999.0   -999.00   -999.0    -999  -999  -999.00   -999.00   -999.00     0  -999.0    -999     0   0   0   0    -999.000  -999.000
0065   16.00   859.1     19.04     79.7    1369   166    16.83     -4.21     16.29    11    -0.3    1369     0   0   0   0      18.941   -82.307
0066   16.25  -999.0   -999.00   -999.0    -999   165    16.78     -4.21     16.24    11  -999.0    -999     0   0   0   0    -999.000  -999.000
0067   16.50   859.7     19.06     80.2    1363   165    16.73     -4.22     16.19    11    -0.3    1363     0   0   0   0      18.941   -82.307
0068   16.75  -999.0   -999.00   -999.0    -999   165    16.68     -4.22     16.14    11  -999.0    -999     0   0   0   0    -999.000  -999.000
0069   17.00   860.2     19.07     80.7    1358   165    16.63     -4.22     16.08    11    -0.4    1358     0   0   0   0      18.941   -82.307
0070   17.25  -999.0   -999.00   -999.0    -999   165    16.58     -4.22     16.03    11  -999.0    -999     0   0   0   0    -999.000  -999.000
0071   17.50   860.8     19.08     81.1    1352   165    16.52     -4.22     15.97    11    -0.4    1352     0   0   0   0      18.941   -82.307
0072   17.75  -999.0   -999.00   -999.0    -999   165    16.47     -4.22     15.92    11  -999.0    -999     0   0   0   0    -999.000  -999.000
0073   18.00   861.3     19.09     81.4    1347   165    16.42     -4.23     15.87    12    -0.4    1347     0   0   0   0      18.941   -82.307
0074   18.25  -999.0   -999.00   -999.0    -999   165    16.37     -4.23     15.81    12  -999.0    -999     0   0   0   0    -999.000  -999.000
0075   18.50   861.9     19.09     81.6    1341   165    16.32     -4.24     15.76    12    -0.4    1341     0   0   0   0      18.941   -82.307
0076   18.75  -999.0   -999.00   -999.0    -999   165    16.28     -4.25     15.71    12  -999.0    -999     0   0   0   0    -999.000  -999.000
0077   19.00   862.4     19.09     81.6    1336   165    16.23     -4.26     15.67    12    -0.4    1336     0   0   0   0      18.941   -82.307
0078   19.25  -999.0   -999.00   -999.0    -999   165    16.19     -4.26     15.62    12  -999.0    -999     0   0   0   0    -999.000  -999.000
0079   19.50   863.0     19.09     81.4    1330   165    16.16     -4.27     15.58    11    -0.4    1330     0   0   0   0      18.941   -82.307
0080   19.75  -999.0   -999.00   -999.0    -999   165    16.12     -4.28     15.54    11  -999.0    -999     0   0   0   0    -999.000  -999.000
0081   20.00   863.5     19.10     81.1    1325   165    16.09     -4.28     15.51    12    -0.3    1325     0   0   0   0      18.942   -82.307
0082   20.25  -999.0   -999.00   -999.0    -999   165    16.06     -4.29     15.48    11  -999.0    -999     0   0   0   0    -999.000  -999.000
0083   20.50   864.0     19.10     80.8    1320   164    16.03     -4.29     15.45    11    -0.3    1320     0   0   0   0      18.942   -82.307
0084   20.75  -999.0   -999.00   -999.0    -999   164    16.01     -4.29     15.42    11  -999.0    -999     0   0   0   0    -999.000  -999.000
0085   21.00   864.6     19.11     80.6    1314   164    15.99     -4.29     15.40    12    -0.3    1314     0   0   0   0      18.942   -82.307
0086   21.25  -999.0   -999.00   -999.0    -999   164    15.97     -4.29     15.38    12  -999.0    -999     0   0   0   0    -999.000  -999.000
0087   21.50   865.1     19.12     80.6    1309   164    15.95     -4.29     15.36    12    -0.3    1309     0   0   0   0      18.942   -82.307
0088   21.75  -999.0   -999.00   -999.0    -999   164    15.93     -4.29     15.34    12  -999.0    -999     0   0   0   0    -999.000  -999.000
0089   22.00   865.7     19.13     80.7    1303   164    15.91     -4.28     15.33    12    -0.3    1303     0   0   0   0      18.942   -82.307
0090   22.25  -999.0   -999.00   -999.0    -999   164    15.90     -4.27     15.32    12  -999.0    -999     0   0   0   0    -999.000  -999.000
0091   22.50   866.2     19.14     81.0    1298   164    15.89     -4.27     15.30    12    -0.3    1298     0   0   0   0      18.942   -82.307
0092   22.75  -999.0   -999.00   -999.0    -999   164    15.88     -4.26     15.30    12  -999.0    -999     0   0   0   0    -999.000  -999.000
0093   23.00   866.8     19.16     81.3    1293   164    15.87     -4.26     15.29    12    -0.4    1293     0   0   0   0      18.942   -82.307
0094   23.25  -999.0   -999.00   -999.0    -999   164    15.86     -4.25     15.28    12  -999.0    -999     0   0   0   0    -999.000  -999.000
0095   23.50   867.3     19.17     81.8    1287   164    15.85     -4.25     15.27    12    -0.4    1287     0   0   0   0      18.942   -82.307
0096   23.75  -999.0   -999.00   -999.0    -999   164    15.84     -4.24     15.26    12  -999.0    -999     0   0   0   0    -999.000  -999.000
0097   24.00   867.9     19.18     82.3    1282   164    15.83     -4.24     15.25    12    -0.4    1282     0   0   0   0      18.942   -82.307
0098   24.25  -999.0   -999.00   -999.0    -999   164    15.82     -4.24     15.24    12  -999.0    -999     0   0   0   0    -999.000  -999.000
0099   24.50   868.4     19.20     82.9    1276   164    15.81     -4.24     15.23    11    -0.4    1276     0   0   0   0      18.942   -82.307
0100   24.75  -999.0   -999.00   -999.0    -999   164    15.80     -4.23     15.22    12  -999.0    -999     0   0   0   0    -999.000  -999.000
0101   25.00   869.0     19.22     83.6    1271   164    15.79     -4.23     15.21    12    -0.4    1271     0   0   0   0      18.942   -82.307
0102   25.25  -999.0   -999.00   -999.0    -999   164    15.78     -4.23     15.20    11  -999.0    -999     0   0   0   0    -999.000  -999.000
0103   25.50   869.5     19.23     84.3    1265   164    15.77     -4.23     15.19    12    -0.4    1265     0   0   0   0      18.942   -82.307
0104   25.75  -999.0   -999.00   -999.0    -999   164    15.76     -4.23     15.18    14  -999.0    -999     0   0   0   0    -999.000  -999.000
0105   26.00   870.1     19.25     85.1    1260   164    15.75     -4.23     15.17    15    -0.4    1260     0   0   0   0      18.942   -82.307
0106   26.25  -999.0   -999.00   -999.0    -999   164    15.74     -4.23     15.16    15  -999.0    -999     0   0   0   0    -999.000  -999.000
0107   26.50   870.6     19.27     85.8    1254   164    15.73     -4.23     15.15    15    -0.4    1254     0   0   0   0      18.942   -82.307
0108   26.75  -999.0   -999.00   -999.0    -999   164    15.72     -4.23     15.14    14  -999.0    -999     0   0   0   0    -999.000  -999.000
0109   27.00   871.2     19.28     86.5    1249   164    15.71     -4.23     15.13    14    -0.3    1249     0   0   0   0      18.942   -82.307
0110   27.25  -999.0   -999.00   -999.0    -999   164    15.71     -4.23     15.13    14  -999.0    -999     0   0   0   0    -999.000  -999.000
0111   27.50   871.7     19.30     87.1    1243   164    15.70     -4.23     15.12    14    -0.3    1243     0   0   0   0      18.943   -82.307
0112   27.75  -999.0   -999.00   -999.0    -999   164    15.70     -4.24     15.12    15  -999.0    -999     0   0   0   0    -999.000  -999.000
0113   28.00   872.2     19.33     87.6    1238   164    15.71     -4.24     15.12    14    -0.3    1238     0   0   0   0      18.943   -82.307
0114   28.25  -999.0   -999.00   -999.0    -999   164    15.71     -4.24     15.13    15  -999.0    -999     0   0   0   0    -999.000  -999.000
0115   28.50   872.8     19.36     88.0    1233   164    15.72     -4.24     15.14    15    -0.3    1233     0   0   0   0      18.943   -82.307
0116   28.75  -999.0   -999.00   -999.0    -999   164    15.73     -4.24     15.15    15  -999.0    -999     0   0   0   0    -999.000  -999.000
0117   29.00   873.3     19.39     88.2    1227   164    15.75     -4.24     15.17    15    -0.3    1227     0   0   0   0      18.943   -82.307
0118   29.25  -999.0   -999.00   -999.0    -999   164    15.77     -4.24     15.19    15  -999.0    -999     0   0   0   0    -999.000  -999.000
0119   29.50   873.9     19.43     88.2    1222   164    15.79     -4.24     15.21    15    -0.3    1222     0   0   0   0      18.943   -82.307
0120   29.75  -999.0   -999.00   -999.0    -999   164    15.82     -4.23     15.24    14  -999.0    -999     0   0   0   0    -999.000  -999.000
0121   30.00   874.4     19.47     88.0    1217   165    15.85     -4.22     15.27    15    -0.4    1217     0   0   0   0      18.943   -82.307
0122   30.25  -999.0   -999.00   -999.0    -999   165    15.88     -4.21     15.31    15  -999.0    -999     0   0   0   0    -999.000  -999.000
0123   30.50   875.0     19.52     87.7    1211   165    15.91     -4.21     15.35    15    -0.4    1211     0   0   0   0      18.943   -82.307
0124   30.75  -999.0   -999.00   -999.0    -999   165    15.95     -4.20     15.39    14  -999.0    -999     0   0   0   0    -999.000  -999.000
0125   31.00   875.5     19.57     87.2    1206   165    15.99     -4.19     15.43    14    -0.5    1206     0   0   0   0      18.943   -82.307
0126   31.25  -999.0   -999.00   -999.0    -999   165    16.03     -4.18     15.47    14  -999.0    -999     0   0   0   0    -999.000  -999.000
0127   31.50   876.1     19.63     86.6    1200   165    16.07     -4.16     15.52    14    -0.5    1200     0   0   0   0      18.943   -82.307
0128   31.75  -999.0   -999.00   -999.0    -999   165    16.11     -4.15     15.56    15  -999.0    -999     0   0   0   0    -999.000  -999.000
0129   32.00   876.6     19.69     85.9    1195   165    16.15     -4.14     15.61    15    -0.6    1195     0   0   0   0      18.943   -82.307
0130   32.25  -999.0   -999.00   -999.0    -999   165    16.18     -4.13     15.65    15  -999.0    -999     0   0   0   0    -999.000  -999.000
0131   32.50   877.2     19.75     85.2    1189   165    16.22     -4.12     15.69    15    -0.7    1189     0   0   0   0      18.943   -82.307
0132   32.75  -999.0   -999.00   -999.0    -999   165    16.26     -4.10     15.73    15  -999.0    -999     0   0   0   0    -999.000  -999.000
0133   33.00   877.8     19.81     84.5    1184   165    16.29     -4.09     15.77    15    -0.7    1184     0   0   0   0      18.943   -82.307
0134   33.25  -999.0   -999.00   -999.0    -999   166    16.32     -4.07     15.80    15  -999.0    -999     0   0   0   0    -999.000  -999.000
0135   33.50   878.3     19.86     83.9    1178   166    16.35     -4.06     15.84    15    -0.7    1178     0   0   0   0      18.943   -82.307
0136   33.75  -999.0   -999.00   -999.0    -999   166    16.38     -4.04     15.87    14  -999.0    -999     0   0   0   0    -999.000  -999.000
0137   34.00   878.9     19.91     83.3    1172   166    16.40     -4.02     15.90    13    -0.7    1172     0   0   0   0      18.943   -82.307
0138   34.25  -999.0   -999.00   -999.0    -999   166    16.42     -4.00     15.93    14  -999.0    -999     0   0   0   0    -999.000  -999.000
0139   34.50   879.5     19.96     82.8    1167   166    16.45     -3.98     15.96    14    -0.7    1167     0   0   0   0      18.944   -82.307
0140   34.75  -999.0   -999.00   -999.0    -999   166    16.47     -3.96     15.98    14  -999.0    -999     0   0   0   0    -999.000  -999.000
0141   35.00   880.1     20.00     82.4    1161   166    16.48     -3.94     16.01    14    -0.7    1161     0   0   0   0      18.944   -82.308
0142   35.25  -999.0   -999.00   -999.0    -999   166    16.50     -3.92     16.03    14  -999.0    -999     0   0   0   0    -999.000  -999.000
0143   35.50   880.6     20.04     82.0    1155   166    16.51     -3.90     16.05    14    -0.7    1155     0   0   0   0      18.944   -82.308
0144   35.75  -999.0   -999.00   -999.0    -999   166    16.53     -3.88     16.06    14  -999.0    -999     0   0   0   0    -999.000  -999.000
0145   36.00   881.2     20.08     81.7    1150   166    16.54     -3.86     16.08    14    -0.7    1150     0   0   0   0      18.944   -82.308
0146   36.25  -999.0   -999.00   -999.0    -999   167    16.55     -3.85     16.09    14  -999.0    -999     0   0   0   0    -999.000  -999.000
0147   36.50   881.7     20.12     81.5    1144   167    16.55     -3.83     16.11    14    -0.6    1144     0   0   0   0      18.944   -82.308
0148   36.75  -999.0   -999.00   -999.0    -999   167    16.56     -3.82     16.12    14  -999.0    -999     0   0   0   0    -999.000  -999.000
0149   37.00   882.3     20.16     81.1    1139   167    16.57     -3.81     16.12    14    -0.6    1139     0   0   0   0      18.944   -82.308
0150   37.25  -999.0   -999.00   -999.0    -999   167    16.57     -3.80     16.13    14  -999.0    -999     0   0   0   0    -999.000  -999.000
0151   37.50   882.9     20.20     80.8    1133   167    16.58     -3.80     16.13    14    -0.5    1133     0   0   0   0      18.944   -82.308
0152   37.75  -999.0   -999.00   -999.0    -999   167    16.58     -3.80     16.14    14  -999.0    -999     0   0   0   0    -999.000  -999.000
0153   38.00   883.4     20.24     80.4    1128   167    16.58     -3.80     16.14    14    -0.5    1128     0   0   0   0      18.944   -82.308
0154   38.25  -999.0   -999.00   -999.0    -999   167    16.58     -3.80     16.14    14  -999.0    -999     0   0   0   0    -999.000  -999.000
0155   38.50   884.0     20.29     80.1    1123   167    16.59     -3.81     16.14    14    -0.5    1123     0   0   0   0      18.944   -82.308
0156   38.75  -999.0   -999.00   -999.0    -999   167    16.59     -3.82     16.15    14  -999.0    -999     0   0   0   0    -999.000  -999.000
0157   39.00   884.5     20.34     79.7    1117   167    16.60     -3.83     16.15    14    -0.5    1117     0   0   0   0      18.944   -82.308
0158   39.25  -999.0   -999.00   -999.0    -999   167    16.61     -3.84     16.16    14  -999.0    -999     0   0   0   0    -999.000  -999.000
0159   39.50   885.1     20.38     79.3    1112   167    16.62     -3.85     16.17    14    -0.4    1112     0   0   0   0      18.944   -82.308
0160   39.75  -999.0   -999.00   -999.0    -999   167    16.64     -3.86     16.18    14  -999.0    -999     0   0   0   0    -999.000  -999.000
0161   40.00   885.6     20.43     78.9    1106   167    16.65     -3.88     16.19    14    -0.4    1106     0   0   0   0      18.944   -82.308
0162   40.25  -999.0   -999.00   -999.0    -999   167    16.67     -3.89     16.21    14  -999.0    -999     0   0   0   0    -999.000  -999.000
0163   40.50   886.2     20.48     78.6    1101   166    16.69     -3.90     16.23    14    -0.4    1101     0   0   0   0      18.944   -82.308
0164   40.75  -999.0   -999.00   -999.0    -999   166    16.71     -3.92     16.24    14  -999.0    -999     0   0   0   0    -999.000  -999.000
0165   41.00   886.8     20.52     78.3    1095   166    16.73     -3.93     16.26    14    -0.3    1095     0   0   0   0      18.944   -82.308
0166   41.25  -999.0   -999.00   -999.0    -999   166    16.75     -3.94     16.28    14  -999.0    -999     0   0   0   0    -999.000  -999.000
0167   41.50   887.3     20.56     78.0    1090   166    16.77     -3.95     16.30    14    -0.3    1090     0   0   0   0      18.945   -82.308
0168   41.75  -999.0   -999.00   -999.0    -999   166    16.80     -3.96     16.32    14  -999.0    -999     0   0   0   0    -999.000  -999.000
0169   42.00   887.8     20.60     77.8    1085   166    16.82     -3.97     16.34    14    -0.2    1085     0   0   0   0      18.945   -82.308
0170   42.25  -999.0   -999.00   -999.0    -999   166    16.84     -3.97     16.36    14  -999.0    -999     0   0   0   0    -999.000  -999.000
0171   42.50   888.4     20.64     77.7    1079   166    16.86     -3.98     16.38    14    -0.2    1079     0   0   0   0      18.945   -82.308
0172   42.75  -999.0   -999.00   -999.0    -999   166    16.87     -3.98     16.40    14  -999.0    -999     0   0   0   0    -999.000  -999.000
0173   43.00   888.9     20.67     77.5    1074   166    16.89     -3.98     16.41    14    -0.2    1074     0   0   0   0      18.945   -82.308
0174   43.25  -999.0   -999.00   -999.0    -999   166    16.91     -3.98     16.43    14  -999.0    -999     0   0   0   0    -999.000  -999.000
0175   43.50   889.5     20.70     77.3    1069   166    16.92     -3.98     16.44    14    -0.2    1069     0   0   0   0      18.945   -82.308
0176   43.75  -999.0   -999.00   -999.0    -999   166    16.93     -3.98     16.46    14  -999.0    -999     0   0   0   0    -999.000  -999.000
0177   44.00   890.0     20.73     77.2    1064   166    16.94     -3.98     16.47    13    -0.2    1064     0   0   0   0      18.945   -82.308
0178   44.25  -999.0   -999.00   -999.0    -999   166    16.94     -3.97     16.47    13  -999.0    -999     0   0   0   0    -999.000  -999.000
0179   44.50   890.6     20.76     77.1    1058   166    16.95     -3.97     16.48    13    -0.2    1058     0   0   0   0      18.945   -82.308
0180   44.75  -999.0   -999.00   -999.0    -999   166    16.95     -3.97     16.48    13  -999.0    -999     0   0   0   0    -999.000  -999.000
0181   45.00   891.1     20.78     77.1    1053   166    16.94     -3.97     16.47    13    -0.2    1053     0   0   0   0      18.945   -82.308
0182   45.25  -999.0   -999.00   -999.0    -999   166    16.94     -3.97     16.47    13  -999.0    -999     0   0   0   0    -999.000  -999.000
0183   45.50   891.6     20.79     77.3    1048   166    16.93     -3.97     16.46    13    -0.2    1048     0   0   0   0      18.945   -82.308
0184   45.75  -999.0   -999.00   -999.0    -999   166    16.92     -3.98     16.44    14  -999.0    -999     0   0   0   0    -999.000  -999.000
0185   46.00   892.2     20.80     77.7    1042   166    16.90     -3.99     16.43    14    -0.2    1042     0   0   0   0      18.945   -82.308
0186   46.25  -999.0   -999.00   -999.0    -999   166    16.88     -4.00     16.40    14  -999.0    -999     0   0   0   0    -999.000  -999.000
0187   46.50   892.7     20.80     78.3    1037   166    16.86     -4.01     16.38    13    -0.2    1037     0   0   0   0      18.945   -82.308
0188   46.75  -999.0   -999.00   -999.0    -999   166    16.84     -4.03     16.35    14  -999.0    -999     0   0   0   0    -999.000  -999.000
0189   47.00   893.3     20.79     79.1    1032   166    16.81     -4.05     16.32    14    -0.3    1032     0   0   0   0      18.945   -82.308
0190   47.25  -999.0   -999.00   -999.0    -999   166    16.79     -4.07     16.28    14  -999.0    -999     0   0   0   0    -999.000  -999.000
0191   47.50   893.8     20.78     79.9    1026   166    16.75     -4.09     16.24    14    -0.3    1026     0   0   0   0      18.945   -82.308
0192   47.75  -999.0   -999.00   -999.0    -999   166    16.72     -4.12     16.20    14  -999.0    -999     0   0   0   0    -999.000  -999.000
0193   48.00   894.4     20.77     80.8    1021   166    16.68     -4.15     16.15    14    -0.3    1021     0   0   0   0      18.946   -82.308
0194   48.25  -999.0   -999.00   -999.0    -999   165    16.63     -4.18     16.10    14  -999.0    -999     0   0   0   0    -999.000  -999.000
0195   48.50   894.9     20.75     81.8    1016   165    16.59     -4.21     16.04    14    -0.3    1016     0   0   0   0      18.946   -82.308
0196   48.75  -999.0   -999.00   -999.0    -999   165    16.54     -4.25     15.98    14  -999.0    -999     0   0   0   0    -999.000  -999.000
0197   49.00   895.5     20.72     82.7    1010   165    16.49     -4.28     15.92    13    -0.3    1010     0   0   0   0      18.946   -82.308
0198   49.25  -999.0   -999.00   -999.0    -999   165    16.44     -4.32     15.86    14  -999.0    -999     0   0   0   0    -999.000  -999.000
0199   49.50   896.0     20.70     83.7    1005   165    16.38     -4.36     15.79    14    -0.3    1005     0   0   0   0      18.946   -82.308
0200   49.75  -999.0   -999.00   -999.0    -999   164    16.33     -4.40     15.73    14  -999.0    -999     0   0   0   0    -999.000  -999.000
0201   50.00   896.6     20.68     84.5    1000   164    16.28     -4.44     15.66    14    -0.3    1000     0   0   0   0      18.946   -82.308
0202   50.25  -999.0   -999.00   -999.0    -999   164    16.23     -4.49     15.60    14  -999.0    -999     0   0   0   0    -999.000  -999.000
0203   50.50   897.1     20.66     85.3     994   164    16.18     -4.53     15.54    15    -0.2     994     0   0   0   0      18.946   -82.308
0204   50.75  -999.0   -999.00   -999.0    -999   164    16.14     -4.57     15.48    15  -999.0    -999     0   0   0   0    -999.000  -999.000
0205   51.00   897.7     20.64     86.0     989   163    16.10     -4.62     15.42    15    -0.2     989     0   0   0   0      18.946   -82.308
0206   51.25  -999.0   -999.00   -999.0    -999   163    16.06     -4.66     15.37    15  -999.0    -999     0   0   0   0    -999.000  -999.000
0207   51.50   898.2     20.63     86.5     984   163    16.03     -4.70     15.32    15    -0.2     984     0   0   0   0      18.946   -82.308
0208   51.75  -999.0   -999.00   -999.0    -999   163    16.00     -4.74     15.28    15  -999.0    -999     0   0   0   0    -999.000  -999.000
0209   52.00   898.8     20.63     87.0     979   163    15.98     -4.78     15.25    14    -0.2     979     0   0   0   0      18.946   -82.308
0210   52.25  -999.0   -999.00   -999.0    -999   162    15.96     -4.82     15.22    14  -999.0    -999     0   0   0   0    -999.000  -999.000
0211   52.50   899.3     20.64     87.3     973   162    15.96     -4.85     15.20    14    -0.2     973     0   0   0   0      18.946   -82.308
0212   52.75  -999.0   -999.00   -999.0    -999   162    15.95     -4.88     15.19    15  -999.0    -999     0   0   0   0    -999.000  -999.000
0213   53.00   899.9     20.66     87.5     968   162    15.95     -4.91     15.18    15    -0.2     968     0   0   0   0      18.946   -82.308
0214   53.25  -999.0   -999.00   -999.0    -999   162    15.96     -4.94     15.18    15  -999.0    -999     0   0   0   0    -999.000  -999.000
0215   53.50   900.4     20.68     87.6     963   162    15.97     -4.96     15.18    15    -0.2     963     0   0   0   0      18.946   -82.308
0216   53.75  -999.0   -999.00   -999.0    -999   162    15.98     -4.98     15.18    15  -999.0    -999     0   0   0   0    -999.000  -999.000
0217   54.00   900.9     20.71     87.7     958   162    16.00     -5.00     15.19    14    -0.2     958     0   0   0   0      18.946   -82.308
0218   54.25  -999.0   -999.00   -999.0    -999   162    16.01     -5.02     15.21    14  -999.0    -999     0   0   0   0    -999.000  -999.000
0219   54.50   901.5     20.75     87.6     952   162    16.03     -5.03     15.22    15    -0.3     952     0   0   0   0      18.946   -82.308
0220   54.75  -999.0   -999.00   -999.0    -999   162    16.05     -5.04     15.23    15  -999.0    -999     0   0   0   0    -999.000  -999.000
0221   55.00   902.1     20.79     87.5     947   162    16.06     -5.04     15.25    13    -0.3     947     0   0   0   0      18.946   -82.308
0222   55.25  -999.0   -999.00   -999.0    -999   162    16.08     -5.05     15.26    14  -999.0    -999     0   0   0   0    -999.000  -999.000
0223   55.50   902.6     20.84     87.4     942   162    16.09     -5.05     15.28    15    -0.3     942     0   0   0   0      18.947   -82.308
0224   55.75  -999.0   -999.00   -999.0    -999   162    16.10     -5.05     15.29    15  -999.0    -999     0   0   0   0    -999.000  -999.000
0225   56.00   903.2     20.88     87.2     936   162    16.11     -5.05     15.30    15    -0.4     936     0   0   0   0      18.947   -82.308
0226   56.25  -999.0   -999.00   -999.0    -999   162    16.12     -5.05     15.30    15  -999.0    -999     0   0   0   0    -999.000  -999.000
0227   56.50   903.7     20.93     87.0     931   162    16.12     -5.05     15.31    14    -0.4     931     0   0   0   0      18.947   -82.308
0228   56.75  -999.0   -999.00   -999.0    -999   162    16.12     -5.06     15.31    14  -999.0    -999     0   0   0   0    -999.000  -999.000
0229   57.00   904.3     20.98     86.9     925   162    16.12     -5.06     15.31    14    -0.4     925     0   0   0   0      18.947   -82.308
0230   57.25  -999.0   -999.00   -999.0    -999   162    16.12     -5.07     15.30    14  -999.0    -999     0   0   0   0    -999.000  -999.000
0231   57.50   904.8     21.02     86.8     920   162    16.11     -5.08     15.29    15    -0.4     920     0   0   0   0      18.947   -82.308
0232   57.75  -999.0   -999.00   -999.0    -999   162    16.10     -5.10     15.28    15  -999.0    -999     0   0   0   0    -999.000  -999.000
0233   58.00   905.4     21.06     86.8     915   161    16.10     -5.12     15.26    15    -0.5     915     0   0   0   0      18.947   -82.308
0234   58.25  -999.0   -999.00   -999.0    -999   161    16.08     -5.14     15.24    15  -999.0    -999     0   0   0   0    -999.000  -999.000
0235   58.50   906.0     21.10     86.9     909   161    16.07     -5.17     15.22    14    -0.5     909     0   0   0   0      18.947   -82.308
0236   58.75  -999.0   -999.00   -999.0    -999   161    16.06     -5.21     15.19    14  -999.0    -999     0   0   0   0    -999.000  -999.000
0237   59.00   906.5     21.12     87.2     904   161    16.04     -5.24     15.16    15    -0.5     904     0   0   0   0      18.947   -82.308
0238   59.25  -999.0   -999.00   -999.0    -999   161    16.02     -5.28     15.13    15  -999.0    -999     0   0   0   0    -999.000  -999.000
0239   59.50   907.1     21.14     87.6     899   161    16.01     -5.33     15.09    15    -0.5     899     0   0   0   0      18.947   -82.309
0240   59.75  -999.0   -999.00   -999.0    -999   160    15.99     -5.38     15.06    14  -999.0    -999     0   0   0   0    -999.000  -999.000
0241   60.00   907.7     21.15     88.2     893   160    15.97     -5.43     15.02    14    -0.5     893     0   0   0   0      18.947   -82.309
0242   60.25  -999.0   -999.00   -999.0    -999   160    15.95     -5.48     14.97    14  -999.0    -999     0   0   0   0    -999.000  -999.000
0243   60.50   908.2     21.14     89.0     888   160    15.92     -5.53     14.93    14    -0.5     888     0   0   0   0      18.947   -82.309
0244   60.75  -999.0   -999.00   -999.0    -999   159    15.90     -5.58     14.89    14  -999.0    -999     0   0   0   0    -999.000  -999.000
0245   61.00   908.8     21.13     89.8     882   159    15.88     -5.63     14.84    15    -0.5     882     0   0   0   0      18.947   -82.309
0246   61.25  -999.0   -999.00   -999.0    -999   159    15.85     -5.68     14.80    15  -999.0    -999     0   0   0   0    -999.000  -999.000
0247   61.50   909.4     21.12     90.6     877   159    15.83     -5.73     14.76    15    -0.5     877     0   0   0   0      18.947   -82.309
0248   61.75  -999.0   -999.00   -999.0    -999   159    15.80     -5.78     14.71    14  -999.0    -999     0   0   0   0    -999.000  -999.000
0249   62.00   909.9     21.10     91.3     871   158    15.78     -5.82     14.67    15    -0.5     871     0   0   0   0      18.947   -82.309
0250   62.25  -999.0   -999.00   -999.0    -999  -999  -999.00   -999.00   -999.00    15  -999.0    -999     0   0   0   0    -999.000  -999.000
0251   62.50   910.5     21.09     91.9     866   158    15.73     -5.89     14.58    15    -0.5     866     0   0   0   0      18.948   -82.309
0252   62.75  -999.0   -999.00   -999.0    -999   158    15.70     -5.92     14.54    15  -999.0    -999     0   0   0   0    -999.000  -999.000
0253   63.00   911.0     21.09     92.3     861   158    15.67     -5.95     14.49    15    -0.4     861     0   0   0   0      18.948   -82.309
0254   63.25  -999.0   -999.00   -999.0    -999   158    15.64     -5.98     14.45    15  -999.0    -999     0   0   0   0    -999.000  -999.000
0255   63.50   911.6     21.10     92.6     855   157    15.61     -6.01     14.40    15    -0.4     855     0   0   0   0      18.948   -82.309
0256   63.75  -999.0   -999.00   -999.0    -999   157    15.57     -6.03     14.36    15  -999.0    -999     0   0   0   0    -999.000  -999.000
0257   64.00   912.2     21.11     92.9     850   157    15.54     -6.05     14.31    15    -0.3     850     0   0   0   0      18.948   -82.309
0258   64.25  -999.0   -999.00   -999.0    -999   157    15.50     -6.08     14.26    15  -999.0    -999     0   0   0   0    -999.000  -999.000
0259   64.50   912.7     21.13     93.0     845   157    15.46     -6.10     14.21    14    -0.3     845     0   0   0   0      18.948   -82.309
0260   64.75  -999.0   -999.00   -999.0    -999   157    15.42     -6.13     14.15    15  -999.0    -999     0   0   0   0    -999.000  -999.000
0261   65.00   913.3     21.15     93.2     839   156    15.37     -6.15     14.09    14    -0.2     839     0   0   0   0      18.948   -82.309
0262   65.25  -999.0   -999.00   -999.0    -999   156    15.33     -6.18     14.03    14  -999.0    -999     0   0   0   0    -999.000  -999.000
0263   65.50   913.8     21.18     93.3     834   156    15.28     -6.21     13.97    14    -0.2     834     0   0   0   0      18.948   -82.309
0264   65.75  -999.0   -999.00   -999.0    -999   156    15.24     -6.24     13.90    14  -999.0    -999     0   0   0   0    -999.000  -999.000
0265   66.00   914.4     21.20     93.5     829   156    15.19     -6.27     13.84    12    -0.2     829     0   0   0   0      18.948   -82.309
0266   66.25  -999.0   -999.00   -999.0    -999   155    15.15     -6.30     13.78    14  -999.0    -999     0   0   0   0    -999.000  -999.000
0267   66.50   914.9     21.22     93.7     824   155    15.10     -6.32     13.72    14    -0.1     824     0   0   0   0      18.948   -82.309
0268   66.75  -999.0   -999.00   -999.0    -999   155    15.06     -6.35     13.66    14  -999.0    -999     0   0   0   0    -999.000  -999.000
0269   67.00   915.5     21.25     93.9     819   155    15.03     -6.38     13.61    14    -0.1     819     0   0   0   0      18.948   -82.309
0270   67.25  -999.0   -999.00   -999.0    -999   155    15.00     -6.40     13.56    13  -999.0    -999     0   0   0   0    -999.000  -999.000
0271   67.50   916.0     21.26     94.2     813   155    14.97     -6.43     13.52    13    -0.1     813     0   0   0   0      18.948   -82.309
0272   67.75  -999.0   -999.00   -999.0    -999   154    14.94     -6.45     13.48    14  -999.0    -999     0   0   0   0    -999.000  -999.000
0273   68.00   916.6     21.28     94.5     808   154    14.93     -6.46     13.45    14    -0.1     808     0   0   0   0      18.948   -82.309
0274   68.25  -999.0   -999.00   -999.0    -999   154    14.91     -6.48     13.43    14  -999.0    -999     0   0   0   0    -999.000  -999.000
0275   68.50   917.1     21.30     94.8     803   154    14.90     -6.49     13.41    14    -0.1     803     0   0   0   0      18.948   -82.309
0276   68.75  -999.0   -999.00   -999.0    -999   154    14.89     -6.50     13.40    15  -999.0    -999     0   0   0   0    -999.000  -999.000
0277   69.00   917.6     21.31     95.1     798   154    14.88     -6.51     13.39    15    -0.1     798     0   0   0   0      18.948   -82.309
0278   69.25  -999.0   -999.00   -999.0    -999   154    14.88     -6.51     13.38    15  -999.0    -999     0   0   0   0    -999.000  -999.000
0279   69.50   918.2     21.33     95.3     793   154    14.88     -6.52     13.38    15    -0.1     793     0   0   0   0      18.948   -82.309
0280   69.75  -999.0   -999.00   -999.0    -999   154    14.88     -6.52     13.38    15  -999.0    -999     0   0   0   0    -999.000  -999.000
0281   70.00   918.7     21.35     95.4     788   154    14.89     -6.52     13.38    13    -0.1     788     0   0   0   0      18.948   -82.309
0282   70.25  -999.0   -999.00   -999.0    -999   154    14.89     -6.53     13.39    14  -999.0    -999     0   0   0   0    -999.000  -999.000
0283   70.50   919.3     21.38     95.5     782   154    14.90     -6.53     13.40    15    -0.1     782     0   0   0   0      18.949   -82.309
0284   70.75  -999.0   -999.00   -999.0    -999   154    14.91     -6.53     13.40    15  -999.0    -999     0   0   0   0    -999.000  -999.000
0285   71.00   919.8     21.41     95.5     777   154    14.92     -6.53     13.41    14    -0.1     777     0   0   0   0      18.949   -82.309
0286   71.25  -999.0   -999.00   -999.0    -999   154    14.93     -6.53     13.43    14  -999.0    -999     0   0   0   0    -999.000  -999.000
0287   71.50   920.4     21.45     95.4     772   154    14.94     -6.54     13.44    14    -0.1     772     0   0   0   0      18.949   -82.309
0288   71.75  -999.0   -999.00   -999.0    -999   154    14.96     -6.54     13.45    14  -999.0    -999     0   0   0   0    -999.000  -999.000
0289   72.00   920.9     21.49     95.3     767   154    14.97     -6.54     13.46    14    -0.1     767     0   0   0   0      18.949   -82.309
0290   72.25  -999.0   -999.00   -999.0    -999   154    14.98     -6.54     13.48    13  -999.0    -999     0   0   0   0    -999.000  -999.000
0291   72.50   921.5     21.53     95.1     762  -999  -999.00   -999.00   -999.00    14    -0.1     762     0   0   0   0    -999.000  -999.000
0292   72.75  -999.0   -999.00   -999.0    -999   154    15.01     -6.54     13.51    14  -999.0    -999     0   0   0   0    -999.000  -999.000
0293   73.00   922.0     21.58     94.9     756   154    15.02     -6.55     13.52    14    -0.1     756     0   0   0   0      18.949   -82.309
0294   73.25  -999.0   -999.00   -999.0    -999   154    15.04     -6.55     13.54    14  -999.0    -999     0   0   0   0    -999.000  -999.000
0295   73.50   922.6     21.63     94.7     751   154    15.05     -6.55     13.55    14    -0.1     751     0   0   0   0      18.949   -82.309
0296   73.75  -999.0   -999.00   -999.0    -999   154    15.07     -6.56     13.57    14  -999.0    -999     0   0   0   0    -999.000  -999.000
0297   74.00   923.1     21.68     94.4     746   154    15.08     -6.56     13.58    14    -0.1     746     0   0   0   0      18.949   -82.309
0298   74.25  -999.0   -999.00   -999.0    -999   154    15.10     -6.57     13.60    14  -999.0    -999     0   0   0   0    -999.000  -999.000
0299   74.50   923.7     21.73     94.1     741   154    15.12     -6.57     13.61    14    -0.1     741     0   0   0   0      18.949   -82.309
0300   74.75  -999.0   -999.00   -999.0    -999   154    15.13     -6.58     13.63    14  -999.0    -999     0   0   0   0    -999.000  -999.000
0301   75.00   924.2     21.78     93.9     736   154    15.15     -6.59     13.64    14    -0.0     736     0   0   0   0      18.949   -82.309
0302   75.25  -999.0   -999.00   -999.0    -999   154    15.16     -6.60     13.65    14  -999.0    -999     0   0   0   0    -999.000  -999.000
0303   75.50   924.8     21.83     93.6     731   154    15.18     -6.61     13.67    14    -0.0     731     0   0   0   0      18.949   -82.309
0304   75.75  -999.0   -999.00   -999.0    -999   154    15.19     -6.62     13.67    14  -999.0    -999     0   0   0   0    -999.000  -999.000
0305   76.00   925.3     21.88     93.4     725   154    15.20     -6.63     13.68    14     0.0     725     0   0   0   0      18.949   -82.309
0306   76.25  -999.0   -999.00   -999.0    -999   154    15.21     -6.64     13.68    14  -999.0    -999     0   0   0   0    -999.000  -999.000
0307   76.50   925.8     21.93     93.1     720   154    15.21     -6.65     13.68    14     0.0     720     0   0   0   0      18.949   -82.310
0308   76.75  -999.0   -999.00   -999.0    -999   154    15.21     -6.65     13.68    13  -999.0    -999     0   0   0   0    -999.000  -999.000
0309   77.00   926.4     21.98     92.9     715   154    15.21     -6.66     13.67    14     0.0     715     0   0   0   0      18.949   -82.310
0310   77.25  -999.0   -999.00   -999.0    -999   154    15.20     -6.66     13.66    14  -999.0    -999     0   0   0   0    -999.000  -999.000
0311   77.50   926.9     22.03     92.8     710   154    15.19     -6.66     13.65    14     0.0     710     0   0   0   0      18.949   -82.310
0312   77.75  -999.0   -999.00   -999.0    -999   154    15.18     -6.66     13.64    14  -999.0    -999     0   0   0   0    -999.000  -999.000
0313   78.00   927.5     22.07     92.6     705   154    15.17     -6.66     13.62    13     0.0     705     0   0   0   0      18.949   -82.310
0314   78.25  -999.0   -999.00   -999.0    -999   154    15.15     -6.66     13.61    14  -999.0    -999     0   0   0   0    -999.000  -999.000
0315   78.50   928.0     22.12     92.4     700   154    15.13     -6.65     13.59    14    -0.0     700     0   0   0   0      18.950   -82.310
0316   78.75  -999.0   -999.00   -999.0    -999   154    15.12     -6.65     13.57    14  -999.0    -999     0   0   0   0    -999.000  -999.000
0317   79.00   928.5     22.16     92.3     695   154    15.10     -6.65     13.56    14    -0.0     695     0   0   0   0      18.950   -82.310
0318   79.25  -999.0   -999.00   -999.0    -999   154    15.08     -6.64     13.54    14  -999.0    -999     0   0   0   0    -999.000  -999.000
0319   79.50   929.1     22.21     92.1     690   154    15.06     -6.64     13.52    14    -0.1     690     0   0   0   0      18.950   -82.310
0320   79.75  -999.0   -999.00   -999.0    -999   154    15.05     -6.63     13.51    14  -999.0    -999     0   0   0   0    -999.000  -999.000
0321   80.00   929.6     22.25     92.0     685   154    15.03     -6.63     13.49    13    -0.1     685     0   0   0   0      18.950   -82.310
0322   80.25  -999.0   -999.00   -999.0    -999   154    15.02     -6.63     13.48    14  -999.0    -999     0   0   0   0    -999.000  -999.000
0323   80.50   930.2     22.29     91.9     680   154    15.01     -6.62     13.47    14    -0.1     680     0   0   0   0      18.950   -82.310
0324   80.75  -999.0   -999.00   -999.0    -999   154    15.00     -6.62     13.46    14  -999.0    -999     0   0   0   0    -999.000  -999.000
0325   81.00   930.7     22.33     91.9     674   154    14.99     -6.62     13.45    14    -0.1     674     0   0   0   0      18.950   -82.310
0326   81.25  -999.0   -999.00   -999.0    -999   154    14.98     -6.62     13.44    13  -999.0    -999     0   0   0   0    -999.000  -999.000
0327   81.50   931.3     22.37     91.8     669   154    14.97     -6.61     13.43    14    -0.2     669     0   0   0   0      18.950   -82.310
0328   81.75  -999.0   -999.00   -999.0    -999   154    14.97     -6.62     13.43    14  -999.0    -999     0   0   0   0    -999.000  -999.000
0329   82.00   931.8     22.40     91.8     664   154    14.96     -6.62     13.42    14    -0.2     664     0   0   0   0      18.950   -82.310
0330   82.25  -999.0   -999.00   -999.0    -999   154    14.96     -6.62     13.41    13  -999.0    -999     0   0   0   0    -999.000  -999.000
0331   82.50   932.4     22.43     91.9     659   154    14.95     -6.62     13.40    13    -0.2     659     0   0   0   0      18.950   -82.310
0332   82.75  -999.0   -999.00   -999.0    -999   154    14.94     -6.63     13.39    13  -999.0    -999     0   0   0   0    -999.000  -999.000
0333   83.00   932.9     22.46     92.0     654   154    14.94     -6.64     13.38    13    -0.2     654     0   0   0   0      18.950   -82.310
0334   83.25  -999.0   -999.00   -999.0    -999   154    14.93     -6.65     13.36    13  -999.0    -999     0   0   0   0    -999.000  -999.000
0335   83.50   933.5     22.49     92.2     648   153    14.91     -6.66     13.34    13    -0.2     648     0   0   0   0      18.950   -82.310
0336   83.75  -999.0   -999.00   -999.0    -999   153    14.90     -6.68     13.32    13  -999.0    -999     0   0   0   0    -999.000  -999.000
0337   84.00   934.1     22.51     92.4     643   153    14.88     -6.70     13.29    13    -0.1     643     0   0   0   0      18.950   -82.310
0338   84.25  -999.0   -999.00   -999.0    -999   153    14.86     -6.72     13.25    14  -999.0    -999     0   0   0   0    -999.000  -999.000
0339   84.50   934.6     22.53     92.6     638   153    14.84     -6.75     13.21    14    -0.1     638     0   0   0   0      18.950   -82.310
0340   84.75  -999.0   -999.00   -999.0    -999   153    14.81     -6.78     13.17    14  -999.0    -999     0   0   0   0    -999.000  -999.000
0341   85.00   935.2     22.55     92.7     633   153    14.78     -6.81     13.11    14    -0.1     633     0   0   0   0      18.950   -82.310
0342   85.25  -999.0   -999.00   -999.0    -999   152    14.74     -6.84     13.06    14  -999.0    -999     0   0   0   0    -999.000  -999.000
0343   85.50   935.7     22.57     92.8     628   152    14.70     -6.88     12.99    14    -0.1     628     0   0   0   0      18.950   -82.310
0344   85.75  -999.0   -999.00   -999.0    -999   152    14.66     -6.92     12.93    14  -999.0    -999     0   0   0   0    -999.000  -999.000
0345   86.00   936.2     22.60     92.9     623   152    14.62     -6.95     12.86    13    -0.0     623     0   0   0   0      18.950   -82.310
0346   86.25  -999.0   -999.00   -999.0    -999   151    14.57     -6.99     12.79    12  -999.0    -999     0   0   0   0    -999.000  -999.000
0347   86.50   936.8     22.63     93.0     618   151    14.53     -7.02     12.72    12    -0.0     618     0   0   0   0      18.950   -82.310
0348   86.75  -999.0   -999.00   -999.0    -999   151    14.48     -7.05     12.65    14  -999.0    -999     0   0   0   0    -999.000  -999.000
0349   87.00   937.3     22.66     93.0     613   151    14.44     -7.08     12.58    14    -0.0     613     0   0   0   0      18.951   -82.310
0350   87.25  -999.0   -999.00   -999.0    -999   150    14.39     -7.10     12.52    13  -999.0    -999     0   0   0   0    -999.000  -999.000
0351   87.50   937.9     22.69     93.1     607   150    14.35     -7.12     12.46    13     0.0     607     0   0   0   0      18.951   -82.310
0352   87.75  -999.0   -999.00   -999.0    -999   150    14.31     -7.14     12.40    14  -999.0    -999     0   0   0   0    -999.000  -999.000
0353   88.00   938.4     22.72     93.2     602   150    14.27     -7.15     12.35    15     0.0     602     0   0   0   0      18.951   -82.310
0354   88.25  -999.0   -999.00   -999.0    -999   150    14.24     -7.17     12.30    15  -999.0    -999     0   0   0   0    -999.000  -999.000
0355   88.50   939.0     22.75     93.3     597   150    14.20     -7.18     12.25    15     0.1     597     0   0   0   0      18.951   -82.310
0356   88.75  -999.0   -999.00   -999.0    -999   150    14.16     -7.18     12.21    14  -999.0    -999     0   0   0   0    -999.000  -999.000
0357   89.00   939.5     22.78     93.3     592   149    14.13     -7.19     12.16    15     0.1     592     0   0   0   0      18.951   -82.310
0358   89.25  -999.0   -999.00   -999.0    -999   149    14.09     -7.19     12.12    14  -999.0    -999     0   0   0   0    -999.000  -999.000
0359   89.50   940.1     22.81     93.3     587   149    14.06     -7.19     12.09    14     0.1     587     0   0   0   0      18.951   -82.310
0360   89.75  -999.0   -999.00   -999.0    -999   149    14.03     -7.19     12.05    15  -999.0    -999     0   0   0   0    -999.000  -999.000
0361   90.00   940.6     22.84     93.3     582   149    14.01     -7.18     12.02    15     0.2     582     0   0   0   0      18.951   -82.310
0362   90.25  -999.0   -999.00   -999.0    -999   149    13.98     -7.18     12.00    15  -999.0    -999     0   0   0   0    -999.000  -999.000
0363   90.50   941.1     22.88     93.2     577   149    13.96     -7.18     11.97    15     0.2     577     0   0   0   0      18.951   -82.310
0364   90.75  -999.0   -999.00   -999.0    -999   149    13.94     -7.17     11.95    15  -999.0    -999     0   0   0   0    -999.000  -999.000
0365   91.00   941.7     22.92     93.1     572   149    13.92     -7.16     11.94    15     0.2     572     0   0   0   0      18.951   -82.310
0366   91.25  -999.0   -999.00   -999.0    -999   149    13.91     -7.16     11.92    15  -999.0    -999     0   0   0   0    -999.000  -999.000
0367   91.50   942.2     22.96     93.0     567   149    13.89     -7.15     11.91    14     0.2     567     0   0   0   0      18.951   -82.310
0368   91.75  -999.0   -999.00   -999.0    -999   149    13.88     -7.14     11.91    14  -999.0    -999     0   0   0   0    -999.000  -999.000
0369   92.00   942.7     23.01     92.8     562   149    13.87     -7.13     11.90    14     0.2     562     0   0   0   0    -999.000  -999.000
0370   92.25  -999.0   -999.00   -999.0    -999   149    13.87     -7.12     11.90    15  -999.0    -999     0   0   0   0    -999.000  -999.000
0371   92.50   943.3     23.05     92.6     557   149    13.87     -7.12     11.90    15     0.2     557     0   0   0   0      18.951   -82.311
0372   92.75  -999.0   -999.00   -999.0    -999   149    13.87     -7.11     11.90    15  -999.0    -999     0   0   0   0    -999.000  -999.000
0373   93.00   943.8     23.10     92.4     552   149    13.87     -7.11     11.91    15     0.2     552     0   0   0   0      18.951   -82.311
0374   93.25  -999.0   -999.00   -999.0    -999   149    13.88     -7.12     11.91    14  -999.0    -999     0   0   0   0    -999.000  -999.000
0375   93.50   944.3     23.15     92.3     547   149    13.88     -7.13     11.92    15     0.1     547     0   0   0   0      18.951   -82.311
0376   93.75  -999.0   -999.00   -999.0    -999   149    13.90     -7.14     11.92    15  -999.0    -999     0   0   0   0    -999.000  -999.000
0377   94.00   944.9     23.19     92.1     543   149    13.91     -7.16     11.93    15     0.1     543     0   0   0   0      18.951   -82.311
0378   94.25  -999.0   -999.00   -999.0    -999   149    13.93     -7.18     11.93    15  -999.0    -999     0   0   0   0    -999.000  -999.000
0379   94.50   945.4     23.23     92.0     537   149    13.94     -7.21     11.94    15     0.0     537     0   0   0   0      18.951   -82.311
0380   94.75  -999.0   -999.00   -999.0    -999   149    13.96     -7.24     11.94    15  -999.0    -999     0   0   0   0    -999.000  -999.000
0381   95.00   945.9     23.27     91.9     532   149    13.99     -7.27     11.95    15    -0.0     532     0   0   0   0      18.951   -82.311
0382   95.25  -999.0   -999.00   -999.0    -999   149    14.01     -7.31     11.95    14  -999.0    -999     0   0   0   0    -999.000  -999.000
0383   95.50   946.5     23.31     91.8     527   148    14.03     -7.35     11.95    14    -0.1     527     0   0   0   0      18.951   -82.311
0384   95.75  -999.0   -999.00   -999.0    -999   148    14.05     -7.39     11.96    14  -999.0    -999     0   0   0   0    -999.000  -999.000
0385   96.00   947.1     23.35     91.7     522   148    14.07     -7.42     11.96    15    -0.2     522     0   0   0   0      18.952   -82.311
0386   96.25  -999.0   -999.00   -999.0    -999   148    14.09     -7.46     11.96    14  -999.0    -999     0   0   0   0    -999.000  -999.000
0387   96.50   947.6     23.39     91.5     517   148    14.11     -7.49     11.96    15    -0.2     517     0   0   0   0      18.952   -82.311
0388   96.75  -999.0   -999.00   -999.0    -999   148    14.13     -7.53     11.95    15  -999.0    -999     0   0   0   0    -999.000  -999.000
0389   97.00   948.2     23.44     91.4     512   148    14.14     -7.56     11.95    15    -0.3     512     0   0   0   0      18.952   -82.311
0390   97.25  -999.0   -999.00   -999.0    -999   148    14.15     -7.58     11.95    14  -999.0    -999     0   0   0   0    -999.000  -999.000
0391   97.50   948.8     23.48     91.3     506   147    14.16     -7.61     11.94    14    -0.3     506     0   0   0   0      18.952   -82.311
0392   97.75  -999.0   -999.00   -999.0    -999   147    14.17     -7.63     11.93    14  -999.0    -999     0   0   0   0    -999.000  -999.000
0393   98.00   949.3     23.52     91.1     501   147    14.17     -7.65     11.93    14    -0.4     501     0   0   0   0      18.952   -82.311
0394   98.25  -999.0   -999.00   -999.0    -999   147    14.18     -7.67     11.92    15  -999.0    -999     0   0   0   0    -999.000  -999.000
0395   98.50   949.9     23.56     91.0     496   147    14.18     -7.69     11.91    15    -0.4     496     0   0   0   0      18.952   -82.311
0396   98.75  -999.0   -999.00   -999.0    -999   147    14.18     -7.71     11.90    15  -999.0    -999     0   0   0   0    -999.000  -999.000
0397   99.00   950.5     23.60     90.8     491   147    14.18     -7.73     11.89    15    -0.4     491     0   0   0   0      18.952   -82.311
0398   99.25  -999.0   -999.00   -999.0    -999   147    14.18     -7.75     11.88    14  -999.0    -999     0   0   0   0    -999.000  -999.000
0399   99.50   951.0     23.64     90.7     485   147    14.19     -7.77     11.87    13    -0.4     485     0   0   0   0      18.952   -82.311
0400   99.75  -999.0   -999.00   -999.0    -999   147    14.19     -7.79     11.86    13  -999.0    -999     0   0   0   0    -999.000  -999.000
0401  100.00   951.6     23.68     90.7     480   147    14.19     -7.81     11.85    15    -0.5     480     0   0   0   0      18.952   -82.311
0402  100.25  -999.0   -999.00   -999.0    -999   146    14.20     -7.84     11.84    15  -999.0    -999     0   0   0   0    -999.000  -999.000
0403  100.50   952.2     23.72     90.8     475   146    14.20     -7.87     11.83    15    -0.5     475     0   0   0   0      18.952   -82.311
0404  100.75  -999.0   -999.00   -999.0    -999   146    14.21     -7.90     11.82    15  -999.0    -999     0   0   0   0    -999.000  -999.000
0405  101.00   952.8     23.76     90.9     469   146    14.22     -7.93     11.80    14    -0.5     469     0   0   0   0      18.952   -82.311
0406  101.25  -999.0   -999.00   -999.0    -999   146    14.23     -7.97     11.79    14  -999.0    -999     0   0   0   0    -999.000  -999.000
0407  101.50   953.3     23.79     91.1     464   146    14.24     -8.00     11.78    14    -0.5     464     0   0   0   0      18.952   -82.311
0408  101.75  -999.0   -999.00   -999.0    -999   146    14.25     -8.04     11.77    14  -999.0    -999     0   0   0   0    -999.000  -999.000
0409  102.00   953.9     23.82     91.5     459   145    14.26     -8.08     11.75    14    -0.5     459     0   0   0   0      18.952   -82.311
0410  102.25  -999.0   -999.00   -999.0    -999   145    14.27     -8.12     11.74    15  -999.0    -999     0   0   0   0    -999.000  -999.000
0411  102.50   954.5     23.84     91.9     454   145    14.29     -8.16     11.72    15    -0.6     454     0   0   0   0      18.952   -82.311
0412  102.75  -999.0   -999.00   -999.0    -999   145    14.29     -8.20     11.71    15  -999.0    -999     0   0   0   0    -999.000  -999.000
0413  103.00   955.1     23.86     92.4     448   145    14.30     -8.25     11.69    14    -0.6     448     0   0   0   0      18.952   -82.311
0414  103.25  -999.0   -999.00   -999.0    -999   145    14.31     -8.29     11.67    14  -999.0    -999     0   0   0   0    -999.000  -999.000
0415  103.50   955.6     23.89     92.9     443   144    14.31     -8.33     11.64    14    -0.7     443     0   0   0   0      18.952   -82.311
0416  103.75  -999.0   -999.00   -999.0    -999   144    14.31     -8.36     11.62    14  -999.0    -999     0   0   0   0    -999.000  -999.000
0417  104.00   956.2     23.91     93.3     438   144    14.31     -8.40     11.59    15    -0.7     438     0   0   0   0      18.952   -82.311
0418  104.25  -999.0   -999.00   -999.0    -999   144    14.31     -8.43     11.56    15  -999.0    -999     0   0   0   0    -999.000  -999.000
0419  104.50   956.8     23.93     93.6     432   144    14.30     -8.45     11.53    14    -0.8     432     0   0   0   0      18.952   -82.311
0420  104.75  -999.0   -999.00   -999.0    -999   144    14.28     -8.47     11.50    15  -999.0    -999     0   0   0   0    -999.000  -999.000
0421  105.00   957.4     23.96     93.7     427   143    14.27     -8.49     11.47    13    -0.8     427     0   0   0   0      18.952   -82.311
0422  105.25  -999.0   -999.00   -999.0    -999   143    14.25     -8.50     11.44    13  -999.0    -999     0   0   0   0    -999.000  -999.000
0423  105.50   958.0     24.00     93.8     421   143    14.23     -8.51     11.41    14    -0.9     421     0   0   0   0      18.953   -82.311
0424  105.75  -999.0   -999.00   -999.0    -999   143    14.21     -8.51     11.38    14  -999.0    -999     0   0   0   0    -999.000  -999.000
0425  106.00   958.6     24.04     93.8     416   143    14.19     -8.51     11.35    13    -0.9     416     0   0   0   0      18.953   -82.312
0426  106.25  -999.0   -999.00   -999.0    -999   143    14.16     -8.50     11.32    13  -999.0    -999     0   0   0   0    -999.000  -999.000
0427  106.50   959.2     24.08     93.7     410   143    14.13     -8.49     11.30    14    -1.0     410     0   0   0   0    -999.000  -999.000
0428  106.75  -999.0   -999.00   -999.0    -999   143    14.10     -8.47     11.27    14  -999.0    -999     0   0   0   0    -999.000  -999.000
0429  107.00   959.8     24.13     93.5     405   143    14.07     -8.45     11.25    13    -1.0     405     0   0   0   0      18.953   -82.312
0430  107.25  -999.0   -999.00   -999.0    -999   143    14.04     -8.42     11.23    13  -999.0    -999     0   0   0   0    -999.000  -999.000
0431  107.50   960.4     24.18     93.2     399   143    14.00     -8.40     11.21    13    -1.0     399     0   0   0   0      18.953   -82.312
0432  107.75  -999.0   -999.00   -999.0    -999   143    13.97     -8.36     11.19    15  -999.0    -999     0   0   0   0    -999.000  -999.000
0433  108.00   961.0     24.24     92.9     394   143    13.94     -8.33     11.17    15    -1.0     394     0   0   0   0      18.953   -82.312
0434  108.25  -999.0   -999.00   -999.0    -999   143    13.90     -8.30     11.15    15  -999.0    -999     0   0   0   0    -999.000  -999.000
0435  108.50   961.6     24.29     92.6     388   143    13.87     -8.26     11.14    15    -1.0     388     0   0   0   0      18.953   -82.312
0436  108.75  -999.0   -999.00   -999.0    -999   143    13.83     -8.23     11.12    14  -999.0    -999     0   0   0   0    -999.000  -999.000
0437  109.00   962.2     24.35     92.2     382   144    13.80     -8.20     11.10    14    -1.0     382     0   0   0   0      18.953   -82.312
0438  109.25  -999.0   -999.00   -999.0    -999   144    13.76     -8.17     11.08    14  -999.0    -999     0   0   0   0    -999.000  -999.000
0439  109.50   962.8     24.41     91.8     377   144    13.73     -8.14     11.06    14    -1.0     377     0   0   0   0      18.953   -82.312
0440  109.75  -999.0   -999.00   -999.0    -999   144    13.69     -8.11     11.03    14  -999.0    -999     0   0   0   0    -999.000  -999.000
0441  110.00   963.4     24.47     91.4     371   144    13.66     -8.08     11.01    13    -0.9     371     0   0   0   0      18.953   -82.312
0442  110.25  -999.0   -999.00   -999.0    -999   144    13.62     -8.06     10.98    13  -999.0    -999     0   0   0   0    -999.000  -999.000
0443  110.50   964.0     24.53     91.0     366   144    13.58     -8.04     10.95    13    -0.9     366     0   0   0   0      18.953   -82.312
0444  110.75  -999.0   -999.00   -999.0    -999   144    13.54     -8.02     10.91    14  -999.0    -999     0   0   0   0    -999.000  -999.000
0445  111.00   964.6     24.59     90.6     360   144    13.51     -8.01     10.88    13    -0.9     360     0   0   0   0      18.953   -82.312
0446  111.25  -999.0   -999.00   -999.0    -999   144    13.47     -8.00     10.84    15  -999.0    -999     0   0   0   0    -999.000  -999.000
0447  111.50   965.2     24.65     90.2     355  -999  -999.00   -999.00   -999.00    14    -0.9     355     0   0   0   0    -999.000  -999.000
0448  111.75  -999.0   -999.00   -999.0    -999   143    13.39     -7.99     10.75    15  -999.0    -999     0   0   0   0    -999.000  -999.000
0449  112.00   965.8     24.71     89.9     350   143    13.36     -7.99     10.70    14    -0.9     350     0   0   0   0      18.953   -82.312
0450  112.25  -999.0   -999.00   -999.0    -999   143    13.32     -7.99     10.66    14  -999.0    -999     0   0   0   0    -999.000  -999.000
0451  112.50   966.4     24.77     89.6     344   143    13.29     -8.00     10.61    14    -0.9     344     0   0   0   0      18.953   -82.312
0452  112.75  -999.0   -999.00   -999.0    -999   143    13.26     -8.01     10.56    14  -999.0    -999     0   0   0   0    -999.000  -999.000
0453  113.00   967.0     24.82     89.3     339   143    13.23     -8.03     10.51    13    -1.0     339     0   0   0   0      18.953   -82.312
0454  113.25  -999.0   -999.00   -999.0    -999   142    13.20     -8.05     10.46    13  -999.0    -999     0   0   0   0    -999.000  -999.000
0455  113.50   967.6     24.88     89.1     333   142    13.18     -8.07     10.42    14    -1.0     333     0   0   0   0      18.953   -82.312
0456  113.75  -999.0   -999.00   -999.0    -999   142    13.16     -8.10     10.37    14  -999.0    -999     0   0   0   0    -999.000  -999.000
0457  114.00   968.2     24.93     88.9     328   142    13.14     -8.13     10.32    14    -1.0     328     0   0   0   0      18.953   -82.312
0458  114.25  -999.0   -999.00   -999.0    -999   142    13.12     -8.16     10.28    15  -999.0    -999     0   0   0   0    -999.000  -999.000
0459  114.50  -999.0   -999.00   -999.0    -999   141    13.11     -8.20     10.24    15  -999.0    -999     0   0   0   0      18.953   -82.312
0460  114.75  -999.0   -999.00   -999.0    -999   141    13.11     -8.23     10.20    14  -999.0    -999     0   0   0   0    -999.000  -999.000
0461  115.00   969.5     25.03     88.5     316   141    13.10     -8.27     10.16    14    -1.1     316     0   0   0   0      18.953   -82.312
0462  115.25  -999.0   -999.00   -999.0    -999   141    13.10     -8.31     10.13    14  -999.0    -999     0   0   0   0    -999.000  -999.000
0463  115.50   970.1     25.08     88.3     311   140    13.11     -8.36     10.10    14    -1.2     311     0   0   0   0      18.954   -82.312
0464  115.75  -999.0   -999.00   -999.0    -999   140    13.11     -8.40     10.07    13  -999.0    -999     0   0   0   0    -999.000  -999.000
0465  116.00   970.7     25.14     88.0     305   140    13.12     -8.43     10.05    13    -1.2     305     0   0   0   0      18.954   -82.312
0466  116.25  -999.0   -999.00   -999.0    -999   140    13.13     -8.47     10.04    12  -999.0    -999     0   0   0   0    -999.000  -999.000
0467  116.50   971.3     25.19     87.8     300   140    13.15     -8.50     10.03    12    -1.2     300     0   0   0   0      18.954   -82.312
0468  116.75  -999.0   -999.00   -999.0    -999   140    13.16     -8.53     10.02    14  -999.0    -999     0   0   0   0    -999.000  -999.000
0469  117.00   971.9     25.24     87.6     294   140    13.17     -8.55     10.02    14    -1.2     294     0   0   0   0      18.954   -82.312
0470  117.25  -999.0   -999.00   -999.0    -999   139    13.19     -8.57     10.02    14  -999.0    -999     0   0   0   0    -999.000  -999.000
0471  117.50   972.6     25.29     87.3     288   139    13.20     -8.58     10.03    13    -1.2     288     0   0   0   0      18.954   -82.312
0472  117.75  -999.0   -999.00   -999.0    -999   139    13.21     -8.59     10.05    14  -999.0    -999     0   0   0   0    -999.000  -999.000
0473  118.00   973.2     25.35     87.1     283   140    13.23     -8.58     10.06    13    -1.2     283     0   0   0   0      18.954   -82.312
0474  118.25  -999.0   -999.00   -999.0    -999   140    13.24     -8.57     10.09    13  -999.0    -999     0   0   0   0    -999.000  -999.000
0475  118.50   973.8     25.40     86.9     277   140    13.24     -8.55     10.11    14    -1.2     277     0   0   0   0      18.954   -82.313
0476  118.75  -999.0   -999.00   -999.0    -999   140    13.25     -8.53     10.14    14  -999.0    -999     0   0   0   0    -999.000  -999.000
0477  119.00   974.4     25.45     86.6     271   140    13.25     -8.49     10.17    14    -1.2     271     0   0   0   0      18.954   -82.313
0478  119.25  -999.0   -999.00   -999.0    -999   140    13.24     -8.45     10.20    14  -999.0    -999     0   0   0   0    -999.000  -999.000
0479  119.50   975.0     25.51     86.5     266   141    13.24     -8.40     10.23    13    -1.1     266     0   0   0   0      18.954   -82.313
0480  119.75  -999.0   -999.00   -999.0    -999   141    13.22     -8.34     10.26    14  -999.0    -999     0   0   0   0    -999.000  -999.000
0481  120.00   975.6     25.56     86.3     260   141    13.20     -8.28     10.29    13    -1.1     260     0   0   0   0      18.954   -82.313
0482  120.25  -999.0   -999.00   -999.0    -999   141    13.18     -8.21     10.31    13  -999.0    -999     0   0   0   0    -999.000  -999.000
0483  120.50   976.3     25.61     86.1     255   142    13.15     -8.14     10.34    13    -1.1     255     0   0   0   0      18.954   -82.313
0484  120.75  -999.0   -999.00   -999.0    -999   142    13.12     -8.06     10.36    13  -999.0    -999     0   0   0   0    -999.000  -999.000
0485  121.00   976.9     25.66     86.0     249   142    13.09     -7.98     10.38    13    -1.1     249     0   0   0   0      18.954   -82.313
0486  121.25  -999.0   -999.00   -999.0    -999   143    13.06     -7.91     10.39    14  -999.0    -999     0   0   0   0    -999.000  -999.000
0487  121.50   977.5     25.71     85.8     244   143    13.02     -7.84     10.40    14    -1.0     244     0   0   0   0      18.954   -82.313
0488  121.75  -999.0   -999.00   -999.0    -999   143    12.99     -7.77     10.41    14  -999.0    -999     0   0   0   0    -999.000  -999.000
0489  122.00   978.1     25.76     85.7     238   144    12.95     -7.70     10.41    12    -1.0     238     0   0   0   0      18.954   -82.313
0490  122.25  -999.0   -999.00   -999.0    -999   144    12.92     -7.64     10.42    12  -999.0    -999     0   0   0   0    -999.000  -999.000
0491  122.50   978.7     25.81     85.5     233   144    12.88     -7.58     10.42    14    -1.0     233     0   0   0   0      18.954   -82.313
0492  122.75  -999.0   -999.00   -999.0    -999   144    12.85     -7.53     10.42    14  -999.0    -999     0   0   0   0    -999.000  -999.000
0493  123.00   979.3     25.87     85.3     227   144    12.83     -7.49     10.41    14    -0.9     227     0   0   0   0      18.954   -82.313
0494  123.25  -999.0   -999.00   -999.0    -999   144    12.80     -7.45     10.41    13  -999.0    -999     0   0   0   0    -999.000  -999.000
0495  123.50   979.9     25.92     85.0     222   145    12.78     -7.41     10.41    13    -0.9     222     0   0   0   0      18.954   -82.313
0496  123.75  -999.0   -999.00   -999.0    -999   145    12.77     -7.38     10.42    14  -999.0    -999     0   0   0   0    -999.000  -999.000
0497  124.00   980.5     25.98     84.8     216   145    12.75     -7.36     10.42    14    -0.9     216     0   0   0   0      18.954   -82.313
0498  124.25  -999.0   -999.00   -999.0    -999   145    12.75     -7.34     10.42    14  -999.0    -999     0   0   0   0    -999.000  -999.000
0499  124.50   981.1     26.03     84.5     211   145    12.74     -7.32     10.43    14    -0.9     211     0   0   0   0      18.954   -82.313
0500  124.75  -999.0   -999.00   -999.0    -999   145    12.74     -7.31     10.44    14  -999.0    -999     0   0   0   0    -999.000  -999.000
0501  125.00   981.7     26.09     84.3     205   145    12.75     -7.30     10.45    14    -0.9     205     0   0   0   0      18.954   -82.313
0502  125.25  -999.0   -999.00   -999.0    -999   145    12.75     -7.29     10.46    14  -999.0    -999     0   0   0   0    -999.000  -999.000
0503  125.50   982.3     26.14     84.0     200   145    12.75     -7.29     10.47    13    -0.9     200     0   0   0   0      18.954   -82.313
0504  125.75  -999.0   -999.00   -999.0    -999   145    12.75     -7.28     10.47    12  -999.0    -999     0   0   0   0    -999.000  -999.000
0505  126.00   982.9     26.20     83.8     194   145    12.75     -7.28     10.47    13    -0.9     194     0   0   0   0      18.955   -82.313
0506  126.25  -999.0   -999.00   -999.0    -999   145    12.75     -7.27     10.47    14  -999.0    -999     0   0   0   0    -999.000  -999.000
0507  126.50   983.5     26.25     83.6     189   145    12.74     -7.27     10.46    14    -0.8     189     0   0   0   0      18.955   -82.313
0508  126.75  -999.0   -999.00   -999.0    -999   145    12.72     -7.26     10.44    14  -999.0    -999     0   0   0   0    -999.000  -999.000
0509  127.00   984.1     26.30     83.4     184   145    12.69     -7.26     10.42    14    -0.8     184     0   0   0   0      18.955   -82.313
0510  127.25  -999.0   -999.00   -999.0    -999   145    12.66     -7.25     10.38    13  -999.0    -999     0   0   0   0    -999.000  -999.000
0511  127.50   984.7     26.35     83.2     178   145    12.63     -7.24     10.34    14    -0.8     178     0   0   0   0      18.955   -82.313
0512  127.75  -999.0   -999.00   -999.0    -999   145    12.58     -7.24     10.29    14  -999.0    -999     0   0   0   0    -999.000  -999.000
0513  128.00   985.3     26.40     83.0     173   145    12.54     -7.24     10.24    13    -0.8     173     0   0   0   0      18.955   -82.313
0514  128.25  -999.0   -999.00   -999.0    -999   145    12.49     -7.24     10.18    14  -999.0    -999     0   0   0   0    -999.000  -999.000
0515  128.50   985.9     26.45     82.8     168   144    12.44     -7.24     10.12    14    -0.8     168     0   0   0   0      18.955   -82.313
0516  128.75  -999.0   -999.00   -999.0    -999   144    12.40     -7.25     10.06    14  -999.0    -999     0   0   0   0    -999.000  -999.000
0517  129.00   986.5     26.50     82.7     162   144    12.35     -7.26      9.99    14    -0.7     162     0   0   0   0      18.955   -82.313
0518  129.25  -999.0   -999.00   -999.0    -999   144    12.31     -7.28      9.93    13  -999.0    -999     0   0   0   0    -999.000  -999.000
0519  129.50   987.1     26.55     82.5     157   144    12.28     -7.31      9.87    14    -0.7     157     0   0   0   0      18.955   -82.313
0520  129.75  -999.0   -999.00   -999.0    -999   143    12.26     -7.34      9.82    14  -999.0    -999     0   0   0   0    -999.000  -999.000
0521  130.00   987.7     26.60     82.3     151   143    12.24     -7.38      9.76    14    -0.7     151     0   0   0   0      18.955   -82.313
0522  130.25  -999.0   -999.00   -999.0    -999   143    12.24     -7.44      9.72    14  -999.0    -999     0   0   0   0    -999.000  -999.000
0523  130.50   988.3     26.64     82.1     146   142    12.24     -7.50      9.67    14    -0.7     146     0   0   0   0      18.955   -82.313
0524  130.75  -999.0   -999.00   -999.0    -999   142    12.24     -7.56      9.63    12  -999.0    -999     0   0   0   0    -999.000  -999.000
0525  131.00   988.9     26.69     81.9     141   141    12.26     -7.64      9.59    12    -0.6     141     0   0   0   0      18.955   -82.313
0526  131.25  -999.0   -999.00   -999.0    -999   141    12.28     -7.71      9.55    12  -999.0    -999     0   0   0   0    -999.000  -999.000
0527  131.50   989.5     26.74     81.8     136   141    12.30     -7.80      9.52    12    -0.6     136     0   0   0   0      18.955   -82.313
0528  131.75  -999.0   -999.00   -999.0    -999   140    12.33     -7.88      9.48    12  -999.0    -999     0   0   0   0    -999.000  -999.000
0529  132.00   990.1     26.78     81.6     130   140    12.36     -7.96      9.45    12    -0.6     130     0   0   0   0      18.955   -82.313
0530  132.25  -999.0   -999.00   -999.0    -999   140    12.39     -8.04      9.42    11  -999.0    -999     0   0   0   0    -999.000  -999.000
0531  132.50   990.6     26.82     81.5     125   139    12.41     -8.12      9.39    12    -0.6     125     0   0   0   0      18.955   -82.314
0532  132.75  -999.0   -999.00   -999.0    -999   139    12.44     -8.19      9.37    10  -999.0    -999     0   0   0   0    -999.000  -999.000
0533  133.00   991.2     26.87     81.4     120   139    12.46     -8.25      9.34    13    -0.6     120     0   0   0   0      18.955   -82.314
0534  133.25  -999.0   -999.00   -999.0    -999   138    12.49     -8.31      9.32    12  -999.0    -999     0   0   0   0    -999.000  -999.000
0535  133.50   991.8     26.91     81.2     114   138    12.50     -8.36      9.30    13    -0.6     114     0   0   0   0      18.955   -82.314
0536  133.75  -999.0   -999.00   -999.0    -999   138    12.52     -8.40      9.28    15  -999.0    -999     0   0   0   0    -999.000  -999.000
0537  134.00   992.4     26.95     81.1     109   138    12.53     -8.44      9.26    15    -0.6     109     0   0   0   0      18.955   -82.314
0538  134.25  -999.0   -999.00   -999.0    -999   137    12.54     -8.47      9.24    13  -999.0    -999     0   0   0   0    -999.000  -999.000
0539  134.50   993.0     26.99     81.0     104   137    12.54     -8.50      9.23    14    -0.6     104     0   0   0   0      18.955   -82.314
0540  134.75  -999.0   -999.00   -999.0    -999   137    12.54     -8.52      9.21    14  -999.0    -999     0   0   0   0    -999.000  -999.000
0541  135.00   993.6     27.04     80.9      99   137    12.54     -8.53      9.19    11    -0.6      99     0   0   0   0      18.955   -82.314
0542  135.25  -999.0   -999.00   -999.0    -999   137    12.53     -8.54      9.16    14  -999.0    -999     0   0   0   0    -999.000  -999.000
0543  135.50   994.2     27.08     80.8      93   137    12.52     -8.55      9.14    14    -0.6      93     0   0   0   0      18.955   -82.314
0544  135.75  -999.0   -999.00   -999.0    -999   137    12.50     -8.56      9.11    14  -999.0    -999     0   0   0   0    -999.000  -999.000
0545  136.00   994.8     27.13     80.7      88   137    12.48     -8.56      9.08    13    -0.6      88     0   0   0   0      18.955   -82.314
0546  136.25  -999.0   -999.00   -999.0    -999   137    12.45     -8.55      9.05    12  -999.0    -999     0   0   0   0    -999.000  -999.000
0547  136.50   995.4     27.17     80.6      83   136    12.42     -8.55      9.01    14    -0.6      83     0   0   0   0      18.955   -82.314
0548  136.75  -999.0   -999.00   -999.0    -999   136    12.39     -8.55      8.97    14  -999.0    -999     0   0   0   0    -999.000  -999.000
0549  137.00   996.0     27.22     80.6      78   136    12.36     -8.54      8.93    14    -0.6      78     0   0   0   0      18.955   -82.314
0550  137.25  -999.0   -999.00   -999.0    -999  -999  -999.00   -999.00   -999.00    12  -999.0    -999     0   0   0   0    -999.000  -999.000
0551  137.50   996.5     27.27     80.5      72   136    12.30     -8.54      8.85    10    -0.6      72     0   0   0   0      18.956   -82.314
0552  137.75  -999.0   -999.00   -999.0    -999   136    12.27     -8.54      8.81    12  -999.0    -999     0   0   0   0    -999.000  -999.000
0553  138.00   997.1     27.32     80.4      67   136    12.25     -8.55      8.77    11    -0.6      67     0   0   0   0      18.956   -82.314
0554  138.25  -999.0   -999.00   -999.0    -999   136    12.24     -8.57      8.74    11  -999.0    -999     0   0   0   0    -999.000  -999.000
0555  138.50   997.7     27.38     80.3      62   135    12.23     -8.59      8.70    12    -0.5      62     0   0   0   0      18.956   -82.314
0556  138.75  -999.0   -999.00   -999.0    -999   135    12.22     -8.61      8.67    12  -999.0    -999     0   0   0   0    -999.000  -999.000
0557  139.00   998.3     27.43     80.2      57   135    12.22     -8.64      8.65    11    -0.5      57     0   0   0   0      18.956   -82.314
0558  139.25  -999.0   -999.00   -999.0    -999   135    12.23     -8.67      8.63    12  -999.0    -999     0   0   0   0    -999.000  -999.000
0559  139.50   998.9     27.49     80.1      51   135    12.24     -8.70      8.61    11    -0.5      51     0   0   0   0      18.956   -82.314
0560  139.75  -999.0   -999.00   -999.0    -999   135    12.25     -8.73      8.60    12  -999.0    -999     0   0   0   0    -999.000  -999.000
0561  140.00   999.5     27.54     79.9      46   134    12.28     -8.77      8.60    11    -0.5      46     0   0   0   0      18.956   -82.314
0562  140.25  -999.0   -999.00   -999.0    -999   134    12.34     -8.84      8.60    13  -999.0    -999     0   0   0   0    -999.000  -999.000
0563  140.50  1000.1     27.60     79.8      41   134    12.41     -8.92      8.62    14    -0.4      41     0   0   0   0      18.956   -82.314
0564  140.75  -999.0   -999.00   -999.0    -999   134    12.49     -9.01      8.65    11  -999.0    -999     0   0   0   0    -999.000  -999.000
0565  141.00  1000.6     27.65     79.7      36  -999  -999.00   -999.00   -999.00    10    -0.4      36     0   0   0   0      18.956   -82.314
0566  141.25  -999.0   -999.00   -999.0    -999  -999  -999.00   -999.00   -999.00     9  -999.0    -999     0   0   0   0    -999.000  -999.000
0567  141.50  1001.2     27.71     79.7      31  -999  -999.00   -999.00   -999.00     8    -0.4      31     0   0   0   0      18.956   -82.314
0568  141.75  -999.0   -999.00   -999.0    -999  -999  -999.00   -999.00   -999.00    11  -999.0    -999     0   0   0   0    -999.000  -999.000
0569  142.00  -999.0   -999.00   -999.0    -999  -999  -999.00   -999.00   -999.00     0  -999.0    -999     0   0   0   0    -999.000  -999.000
0570  142.25  -999.0   -999.00   -999.0    -999  -999  -999.00   -999.00   -999.00     0  -999.0    -999     0   0   0   0    -999.000  -999.000
0571  142.50  1002.4     27.82     79.7      20  -999  -999.00   -999.00   -999.00    12    -0.3      20     0   0   0   0      18.956   -82.314
0572  142.75  -999.0   -999.00   -999.0    -999   136    12.02     -8.41      8.60    10  -999.0    -999     0   0   0   0    -999.000  -999.000
0573  143.00  1003.0     27.89     79.8      15   136    11.90     -8.29      8.53    11    -0.3      15     0   0   0   0      18.956   -82.314
0574  143.25  -999.0   -999.00   -999.0    -999   136    11.80     -8.23      8.46    12  -999.0    -999     0   0   0   0    -999.000  -999.000
0575  143.50  1003.5     27.95     79.9      10  -999  -999.00   -999.00   -999.00    12    -0.2      10     0   0   0   0      18.956   -82.314
0576  143.75  -999.0   -999.00   -999.0    -999   135    11.69     -8.20      8.33    11  -999.0    -999     0   0   0   0    -999.000  -999.000
0577  144.00  1004.0     28.01     80.1       6  -999  -999.00   -999.00   -999.00    12    -0.2       6     0   0   0   0    -999.000  -999.000
0578  144.54  1004.7     28.01     80.1       0  -999  -999.00   -999.00   -999.00  -999  -999.0       0     0   0   0   0    -999.000  -999.000
