 ===========================================================================
 DROPWINDSONDE PROCESSING RECORD                            Sonde: 203440024
 FRD file written by Aspen V3.4.4, 09 Nov 2020 01:03 UTC
 Aircraft: WP-3D, NOAA42                     Date: 201109   Time: 005538 UTC
 ---------------------------------------------------------------------------
 Bias corrections:  PR =   0.0 mb  TE =   0.0 C  RH =   0.0 %  PRB =  0.0 mb
 Filters (LPF):     PTH = 
 Dyn RH correction = 
 Estimated PR used = 
 Dyn T correction  = 
 ---------------------------------------------------------------------------
 COMMENT: DROP 2, Good Drop
 ===========================================================================

 ===========================================================================
 Date: 201109   Lat:  24.49 N   TA:   19.3 C   PS:  841.7 mb   WD:   178 deg
 Time: 005538   Lon:  80.20 W   TD:   16.1 C   GA:   1452 m    WS:   0.2 m/s
 SID:  203440024                RH:   81.6 %   Navaid:   GP
 ===========================================================================

IX      t (s)  P (mb)    T (C)    RH (%)  Z (m)   WD    WS (m/s)   U (m/s)   V (m/s)  NS  WZ (m/s)  ZW (m)   FP  FT  FH  FW    LAT (N)   LON (E)
0001    0.00  -999.0   -999.00   -999.0    -999  -999  -999.00   -999.00   -999.00    11  -999.0    -999     0   0   0   0      24.494   -80.197
0002    0.25  -999.0   -999.00   -999.0    -999  -999  -999.00   -999.00   -999.00    12  -999.0    -999     0   0   0   0    -999.000  -999.000
0003    0.50  -999.0   -999.00     81.8    -999  -999  -999.00   -999.00   -999.00    12  -999.0    -999     0   0   0   0      24.494   -80.197
0004    0.75  -999.0   -999.00   -999.0    -999  -999  -999.00   -999.00   -999.00     9  -999.0    -999     0   0   0   0    -999.000  -999.000
0005    1.00  -999.0   -999.00     82.2    -999  -999  -999.00   -999.00   -999.00     9  -999.0    -999     0   0   0   0      24.494   -80.197
0006    1.25  -999.0   -999.00   -999.0    -999  -999  -999.00   -999.00   -999.00     8  -999.0    -999     0   0   0   0    -999.000  -999.000
0007    1.50  -999.0   -999.00     82.6    -999  -999  -999.00   -999.00   -999.00     8  -999.0    -999     0   0   0   0      24.494   -80.197
0008    1.75  -999.0   -999.00   -999.0    -999  -999  -999.00   -999.00   -999.00    10  -999.0    -999     0   0   0   0    -999.000  -999.000
0009    2.00  -999.0   -999.00     83.0    -999  -999  -999.00   -999.00   -999.00     7  -999.0    -999     0   0   0   0      24.494   -80.197
0010    2.25  -999.0   -999.00   -999.0    -999  -999  -999.00   -999.00   -999.00    10  -999.0    -999     0   0   0   0    -999.000  -999.000
0011    2.50  -999.0   -999.00     83.3    -999  -999  -999.00   -999.00   -999.00     9  -999.0    -999     0   0   0   0      24.494   -80.197
0012    2.75  -999.0   -999.00   -999.0    -999  -999  -999.00   -999.00   -999.00     9  -999.0    -999     0   0   0   0    -999.000  -999.000
0013    3.00   845.1     19.10     83.6    1406  -999  -999.00   -999.00   -999.00    10     0.8    1406     0   0   0   0      24.494   -80.197
0014    3.25  -999.0   -999.00   -999.0    -999  -999  -999.00   -999.00   -999.00     9  -999.0    -999     0   0   0   0    -999.000  -999.000
0015    3.50   845.6     19.10     83.8    1401  -999  -999.00   -999.00   -999.00    11     0.5    1401     0   0   0   0      24.494   -80.197
0016    3.75  -999.0   -999.00   -999.0    -999  -999  -999.00   -999.00   -999.00     9  -999.0    -999     0   0   0   0    -999.000  -999.000
0017    4.00   846.1     19.11     84.0    1396  -999  -999.00   -999.00   -999.00    11     0.2    1396     0   0   0   0      24.494   -80.197
0018    4.25  -999.0   -999.00   -999.0    -999  -999  -999.00   -999.00   -999.00    11  -999.0    -999     0   0   0   0    -999.000  -999.000
0019    4.50   846.6     19.12     84.1    1390  -999  -999.00   -999.00   -999.00    10    -0.0    1390     0   0   0   0      24.494   -80.197
0020    4.75  -999.0   -999.00   -999.0    -999  -999  -999.00   -999.00   -999.00    10  -999.0    -999     0   0   0   0    -999.000  -999.000
0021    5.00   847.2     19.13     84.2    1385  -999  -999.00   -999.00   -999.00    10    -0.2    1385     0   0   0   0      24.495   -80.197
0022    5.25  -999.0   -999.00   -999.0    -999  -999  -999.00   -999.00   -999.00     9  -999.0    -999     0   0   0   0    -999.000  -999.000
0023    5.50   847.7     19.15     84.2    1379  -999  -999.00   -999.00   -999.00    11    -0.4    1379     0   0   0   0      24.495   -80.197
0024    5.75  -999.0   -999.00   -999.0    -999  -999  -999.00   -999.00   -999.00    10  -999.0    -999     0   0   0   0    -999.000  -999.000
0025    6.00   848.2     19.16     84.3    1374  -999  -999.00   -999.00   -999.00    11    -0.5    1374     0   0   0   0      24.495   -80.197
0026    6.25  -999.0   -999.00   -999.0    -999  -999  -999.00   -999.00   -999.00    11  -999.0    -999     0   0   0   0    -999.000  -999.000
0027    6.50   848.8     19.18     84.4    1368  -999  -999.00   -999.00   -999.00    12    -0.6    1368     0   0   0   0      24.495   -80.197
0028    6.75  -999.0   -999.00   -999.0    -999  -999  -999.00   -999.00   -999.00    12  -999.0    -999     0   0   0   0    -999.000  -999.000
0029    7.00   849.3     19.19     84.5    1363  -999  -999.00   -999.00   -999.00    10    -0.7    1363     0   0   0   0      24.495   -80.197
0030    7.25  -999.0   -999.00   -999.0    -999  -999  -999.00   -999.00   -999.00    10  -999.0    -999     0   0   0   0    -999.000  -999.000
0031    7.50   849.9     19.21     84.6    1357  -999  -999.00   -999.00   -999.00    12    -0.7    1357     0   0   0   0      24.495   -80.197
0032    7.75  -999.0   -999.00   -999.0    -999  -999  -999.00   -999.00   -999.00    12  -999.0    -999     0   0   0   0    -999.000  -999.000
0033    8.00   850.4     19.22     84.7    1352  -999  -999.00   -999.00   -999.00    12    -0.7    1352     0   0   0   0      24.495   -80.197
0034    8.25  -999.0   -999.00   -999.0    -999  -999  -999.00   -999.00   -999.00    13  -999.0    -999     0   0   0   0    -999.000  -999.000
0035    8.50   851.0     19.24     85.0    1346  -999  -999.00   -999.00   -999.00    13    -0.7    1346     0   0   0   0      24.495   -80.197
0036    8.75  -999.0   -999.00   -999.0    -999  -999  -999.00   -999.00   -999.00    13  -999.0    -999     0   0   0   0    -999.000  -999.000
0037    9.00   851.5     19.25     85.2    1341  -999  -999.00   -999.00   -999.00    12    -0.6    1341     0   0   0   0      24.495   -80.198
0038    9.25  -999.0   -999.00   -999.0    -999  -999  -999.00   -999.00   -999.00    13  -999.0    -999     0   0   0   0    -999.000  -999.000
0039    9.50   852.0     19.26     85.5    1335  -999  -999.00   -999.00   -999.00    13    -0.6    1335     0   0   0   0      24.495   -80.198
0040    9.75  -999.0   -999.00   -999.0    -999  -999  -999.00   -999.00   -999.00    13  -999.0    -999     0   0   0   0    -999.000  -999.000
0041   10.00   852.6     19.27     85.8    1330   123     1.53     -1.29      0.83    12    -0.6    1330     0   0   0   0      24.495   -80.198
0042   10.25  -999.0   -999.00   -999.0    -999  -999  -999.00   -999.00   -999.00    13  -999.0    -999     0   0   0   0    -999.000  -999.000
0043   10.50   853.1     19.29     86.1    1324   123     1.51     -1.26      0.83    13    -0.6    1324     0   0   0   0      24.495   -80.198
0044   10.75  -999.0   -999.00   -999.0    -999   124     1.50     -1.25      0.83    13  -999.0    -999     0   0   0   0    -999.000  -999.000
0045   11.00   853.7     19.31     86.4    1319   124     1.48     -1.23      0.82    13    -0.5    1319     0   0   0   0      24.495   -80.198
0046   11.25  -999.0   -999.00   -999.0    -999   124     1.46     -1.21      0.82    13  -999.0    -999     0   0   0   0    -999.000  -999.000
0047   11.50   854.2     19.33     86.7    1313   124     1.44     -1.19      0.81    13    -0.6    1313     0   0   0   0      24.495   -80.198
0048   11.75  -999.0   -999.00   -999.0    -999   125     1.42     -1.17      0.81    12  -999.0    -999     0   0   0   0    -999.000  -999.000
0049   12.00   854.7     19.35     86.8    1308   125     1.40     -1.15      0.80    13    -0.6    1308     0   0   0   0      24.495   -80.198
0050   12.25  -999.0   -999.00   -999.0    -999   125     1.38     -1.13      0.79    13  -999.0    -999     0   0   0   0    -999.000  -999.000
0051   12.50   855.3     19.38     87.0    1303   125     1.35     -1.11      0.78    12    -0.6    1303     0   0   0   0      24.495   -80.198
0052   12.75  -999.0   -999.00   -999.0    -999   125     1.33     -1.08      0.77    13  -999.0    -999     0   0   0   0    -999.000  -999.000
0053   13.00   855.8     19.41     87.0    1297   126     1.30     -1.06      0.76    13    -0.7    1297     0   0   0   0      24.495   -80.198
0054   13.25  -999.0   -999.00   -999.0    -999   126     1.28     -1.04      0.75    13  -999.0    -999     0   0   0   0    -999.000  -999.000
0055   13.50   856.3     19.44     87.1    1292   126     1.26     -1.02      0.73    13    -0.7    1292     0   0   0   0      24.495   -80.198
0056   13.75  -999.0   -999.00   -999.0    -999   126     1.23     -1.00      0.72    13  -999.0    -999     0   0   0   0    -999.000  -999.000
0057   14.00   856.9     19.48     87.2    1286   126     1.21     -0.98      0.71    13    -0.8    1286     0   0   0   0      24.495   -80.198
0058   14.25  -999.0   -999.00   -999.0    -999   126     1.19     -0.96      0.70    13  -999.0    -999     0   0   0   0    -999.000  -999.000
0059   14.50   857.5     19.51     87.2    1280   126     1.17     -0.94      0.69    13    -0.8    1280     0   0   0   0      24.495   -80.198
0060   14.75  -999.0   -999.00   -999.0    -999   127     1.16     -0.93      0.69    11  -999.0    -999     0   0   0   0    -999.000  -999.000
0061   15.00   858.0     19.54     87.4    1275  -999  -999.00   -999.00   -999.00    12    -0.8    1275     0   0   0   0      24.495   -80.198
0062   15.25  -999.0   -999.00   -999.0    -999   128     1.13     -0.90      0.69    12  -999.0    -999     0   0   0   0    -999.000  -999.000
0063   15.50   858.6     19.56     87.6    1269   128     1.12     -0.88      0.70    12    -0.8    1269     0   0   0   0      24.495   -80.198
0064   15.75  -999.0   -999.00   -999.0    -999   129     1.12     -0.87      0.71    12  -999.0    -999     0   0   0   0    -999.000  -999.000
0065   16.00   859.1     19.58     87.9    1263  -999  -999.00   -999.00   -999.00    12    -0.8    1263     0   0   0   0      24.495   -80.198
0066   16.25  -999.0   -999.00   -999.0    -999   132     1.12     -0.84      0.75    12  -999.0    -999     0   0   0   0    -999.000  -999.000
0067   16.50   859.7     19.60     88.3    1258   133     1.13     -0.83      0.77    12    -0.8    1258     0   0   0   0      24.495   -80.198
0068   16.75  -999.0   -999.00   -999.0    -999   134     1.15     -0.82      0.80    12  -999.0    -999     0   0   0   0    -999.000  -999.000
0069   17.00   860.2     19.61     88.8    1252   136     1.16     -0.81      0.84    13    -0.7    1252     0   0   0   0      24.495   -80.198
0070   17.25  -999.0   -999.00   -999.0    -999  -999  -999.00   -999.00   -999.00    12  -999.0    -999     0   0   0   0    -999.000  -999.000
0071   17.50   860.8     19.61     89.5    1247  -999  -999.00   -999.00   -999.00    12    -0.7    1247     0   0   0   0      24.495   -80.198
0072   17.75  -999.0   -999.00   -999.0    -999   141     1.25     -0.79      0.96    13  -999.0    -999     0   0   0   0    -999.000  -999.000
0073   18.00   861.3     19.61     90.2    1241   142     1.28     -0.79      1.01    13    -0.6    1241     0   0   0   0      24.495   -80.198
0074   18.25  -999.0   -999.00   -999.0    -999   143     1.32     -0.79      1.06    13  -999.0    -999     0   0   0   0    -999.000  -999.000
0075   18.50   861.9     19.60     91.0    1236   144     1.37     -0.80      1.11    13    -0.6    1236     0   0   0   0      24.495   -80.198
0076   18.75  -999.0   -999.00   -999.0    -999   145     1.41     -0.81      1.16    13  -999.0    -999     0   0   0   0    -999.000  -999.000
0077   19.00   862.4     19.59     91.9    1231   146     1.46     -0.83      1.20    13    -0.6    1231     0   0   0   0      24.495   -80.198
0078   19.25  -999.0   -999.00   -999.0    -999   146     1.51     -0.84      1.25    13  -999.0    -999     0   0   0   0    -999.000  -999.000
0079   19.50   863.0     19.58     92.7    1225   146     1.55     -0.87      1.29    13    -0.5    1225     0   0   0   0      24.495   -80.198
0080   19.75  -999.0   -999.00   -999.0    -999   146     1.60     -0.89      1.32    13  -999.0    -999     0   0   0   0    -999.000  -999.000
0081   20.00   863.5     19.56     93.5    1220   146     1.64     -0.92      1.36    12    -0.5    1220     0   0   0   0      24.495   -80.198
0082   20.25  -999.0   -999.00   -999.0    -999   145     1.68     -0.96      1.38    13  -999.0    -999     0   0   0   0    -999.000  -999.000
0083   20.50   864.0     19.55     94.2    1214   145     1.72     -0.99      1.40    13    -0.5    1214     0   0   0   0      24.495   -80.198
0084   20.75  -999.0   -999.00   -999.0    -999  -999  -999.00   -999.00   -999.00    13  -999.0    -999     0   0   0   0    -999.000  -999.000
0085   21.00   864.6     19.53     94.7    1209   143     1.78     -1.07      1.43    13    -0.5    1209     0   0   0   0      24.495   -80.198
0086   21.25  -999.0   -999.00   -999.0    -999   142     1.81     -1.11      1.43    13  -999.0    -999     0   0   0   0    -999.000  -999.000
0087   21.50   865.1     19.51     95.2    1203   141     1.83     -1.15      1.43    13    -0.5    1203     0   0   0   0      24.495   -80.198
0088   21.75  -999.0   -999.00   -999.0    -999   140     1.85     -1.19      1.42    13  -999.0    -999     0   0   0   0    -999.000  -999.000
0089   22.00   865.7     19.50     95.5    1198   139     1.87     -1.23      1.41    13    -0.5    1198     0   0   0   0      24.495   -80.198
0090   22.25  -999.0   -999.00   -999.0    -999   138     1.88     -1.26      1.39    13  -999.0    -999     0   0   0   0    -999.000  -999.000
0091   22.50   866.2     19.50     95.6    1193   137     1.89     -1.30      1.37    12    -0.6    1193     0   0   0   0      24.495   -80.198
0092   22.75  -999.0   -999.00   -999.0    -999   135     1.89     -1.33      1.34    13  -999.0    -999     0   0   0   0    -999.000  -999.000
0093   23.00   866.8     19.50     95.7    1187   134     1.89     -1.36      1.31    13    -0.6    1187     0   0   0   0      24.495   -80.198
0094   23.25  -999.0   -999.00   -999.0    -999   133     1.89     -1.39      1.28    13  -999.0    -999     0   0   0   0    -999.000  -999.000
0095   23.50   867.3     19.52     95.6    1182   131     1.89     -1.41      1.25    12    -0.6    1182     0   0   0   0      24.495   -80.198
0096   23.75  -999.0   -999.00   -999.0    -999   130     1.88     -1.44      1.21    13  -999.0    -999     0   0   0   0    -999.000  -999.000
0097   24.00   867.8     19.53     95.4    1176   129     1.88     -1.46      1.18    13    -0.7    1176     0   0   0   0      24.495   -80.198
0098   24.25  -999.0   -999.00   -999.0    -999   128     1.87     -1.48      1.14    13  -999.0    -999     0   0   0   0    -999.000  -999.000
0099   24.50   868.4     19.56     95.1    1171   126     1.87     -1.50      1.11    13    -0.8    1171     0   0   0   0      24.495   -80.198
0100   24.75  -999.0   -999.00   -999.0    -999   125     1.86     -1.52      1.08    13  -999.0    -999     0   0   0   0    -999.000  -999.000
0101   25.00   869.0     19.58     94.8    1165   124     1.86     -1.54      1.05    13    -0.8    1165     0   0   0   0      24.495   -80.198
0102   25.25  -999.0   -999.00   -999.0    -999   123     1.87     -1.56      1.02    13  -999.0    -999     0   0   0   0    -999.000  -999.000
0103   25.50   869.5     19.61     94.5    1160   122     1.87     -1.59      1.00    13    -0.9    1160     0   0   0   0      24.495   -80.198
0104   25.75  -999.0   -999.00   -999.0    -999   121     1.88     -1.61      0.98    14  -999.0    -999     0   0   0   0    -999.000  -999.000
0105   26.00   870.1     19.64     94.2    1154   120     1.89     -1.63      0.96    13    -0.9    1154     0   0   0   0      24.495   -80.198
0106   26.25  -999.0   -999.00   -999.0    -999   120     1.90     -1.65      0.94    13  -999.0    -999     0   0   0   0    -999.000  -999.000
0107   26.50   870.6     19.67     93.9    1148   119     1.92     -1.68      0.92    14    -0.9    1148     0   0   0   0      24.495   -80.198
0108   26.75  -999.0   -999.00   -999.0    -999   118     1.93     -1.70      0.91    14  -999.0    -999     0   0   0   0    -999.000  -999.000
0109   27.00   871.2     19.69     93.8    1143   117     1.94     -1.73      0.89    14    -0.9    1143     0   0   0   0      24.495   -80.198
0110   27.25  -999.0   -999.00   -999.0    -999   117     1.96     -1.75      0.88    14  -999.0    -999     0   0   0   0    -999.000  -999.000
0111   27.50   871.8     19.70     93.8    1137   116     1.98     -1.78      0.87    14    -0.9    1137     0   0   0   0      24.495   -80.198
0112   27.75  -999.0   -999.00   -999.0    -999   116     2.00     -1.80      0.86    13  -999.0    -999     0   0   0   0    -999.000  -999.000
0113   28.00   872.3     19.71     94.0    1132   115     2.01     -1.82      0.86    13    -0.9    1132     0   0   0   0      24.495   -80.198
0114   28.25  -999.0   -999.00   -999.0    -999   115     2.03     -1.85      0.85    14  -999.0    -999     0   0   0   0    -999.000  -999.000
0115   28.50   872.9     19.72     94.2    1126   114     2.05     -1.87      0.85    14    -0.9    1126     0   0   0   0      24.495   -80.198
0116   28.75  -999.0   -999.00   -999.0    -999   114     2.06     -1.88      0.84    12  -999.0    -999     0   0   0   0    -999.000  -999.000
0117   29.00   873.5     19.72     94.6    1120   114     2.08     -1.90      0.84    14    -0.9    1120     0   0   0   0      24.495   -80.198
0118   29.25  -999.0   -999.00   -999.0    -999   114     2.09     -1.91      0.83    14  -999.0    -999     0   0   0   0    -999.000  -999.000
0119   29.50   874.0     19.72     95.0    1115   113     2.09     -1.92      0.83    14    -0.8    1115     0   0   0   0      24.495   -80.198
0120   29.75  -999.0   -999.00   -999.0    -999   113     2.10     -1.93      0.83    14  -999.0    -999     0   0   0   0    -999.000  -999.000
0121   30.00   874.6     19.71     95.4    1109   113     2.10     -1.93      0.82    14    -0.8    1109     0   0   0   0      24.495   -80.198
0122   30.25  -999.0   -999.00   -999.0    -999   113     2.09     -1.92      0.82    14  -999.0    -999     0   0   0   0    -999.000  -999.000
0123   30.50   875.1     19.71     95.7    1104   113     2.08     -1.91      0.82    14    -0.8    1104     0   0   0   0      24.495   -80.198
0124   30.75  -999.0   -999.00   -999.0    -999   113     2.07     -1.90      0.82    14  -999.0    -999     0   0   0   0    -999.000  -999.000
0125   31.00   875.7     19.72     96.1    1098   114     2.06     -1.88      0.83    14    -0.7    1098     0   0   0   0      24.495   -80.198
0126   31.25  -999.0   -999.00   -999.0    -999   114     2.04     -1.86      0.83    13  -999.0    -999     0   0   0   0    -999.000  -999.000
0127   31.50   876.2     19.73     96.3    1093   114     2.02     -1.84      0.83    13    -0.7    1093     0   0   0   0      24.495   -80.198
0128   31.75  -999.0   -999.00   -999.0    -999   115     1.99     -1.81      0.84    14  -999.0    -999     0   0   0   0    -999.000  -999.000
0129   32.00   876.8     19.74     96.5    1087   115     1.97     -1.78      0.84    14    -0.7    1087     0   0   0   0      24.495   -80.198
0130   32.25  -999.0   -999.00   -999.0    -999   116     1.94     -1.74      0.85    14  -999.0    -999     0   0   0   0    -999.000  -999.000
0131   32.50   877.4     19.77     96.5    1082   116     1.91     -1.71      0.85    14    -0.7    1082     0   0   0   0      24.495   -80.198
0132   32.75  -999.0   -999.00   -999.0    -999   117     1.88     -1.68      0.86    14  -999.0    -999     0   0   0   0    -999.000  -999.000
0133   33.00   877.9     19.80     96.6    1077   118     1.86     -1.64      0.87    14    -0.7    1077     0   0   0   0      24.495   -80.198
0134   33.25  -999.0   -999.00   -999.0    -999   118     1.83     -1.61      0.87    14  -999.0    -999     0   0   0   0    -999.000  -999.000
0135   33.50   878.5     19.83     96.6    1071   119     1.81     -1.58      0.88    14    -0.7    1071     0   0   0   0      24.495   -80.198
0136   33.75  -999.0   -999.00   -999.0    -999   120     1.79     -1.55      0.89    14  -999.0    -999     0   0   0   0    -999.000  -999.000
0137   34.00   879.0     19.87     96.5    1066   121     1.77     -1.52      0.90    14    -0.7    1066     0   0   0   0      24.495   -80.198
0138   34.25  -999.0   -999.00   -999.0    -999   121     1.75     -1.49      0.91    14  -999.0    -999     0   0   0   0    -999.000  -999.000
0139   34.50   879.6     19.91     96.5    1060   122     1.74     -1.47      0.93    14    -0.7    1060     0   0   0   0      24.495   -80.198
0140   34.75  -999.0   -999.00   -999.0    -999   123     1.73     -1.45      0.95    14  -999.0    -999     0   0   0   0    -999.000  -999.000
0141   35.00   880.1     19.95     96.4    1055   124     1.72     -1.42      0.96    14    -0.7    1055     0   0   0   0      24.495   -80.198
0142   35.25  -999.0   -999.00   -999.0    -999   125     1.71     -1.40      0.98    14  -999.0    -999     0   0   0   0    -999.000  -999.000
0143   35.50   880.7     19.99     96.3    1049   126     1.71     -1.39      1.01    14    -0.7    1049     0   0   0   0      24.495   -80.198
0144   35.75  -999.0   -999.00   -999.0    -999   127     1.71     -1.37      1.03    14  -999.0    -999     0   0   0   0    -999.000  -999.000
0145   36.00   881.2     20.03     96.3    1044   128     1.72     -1.35      1.06    14    -0.7    1044     0   0   0   0      24.495   -80.198
0146   36.25  -999.0   -999.00   -999.0    -999   129     1.72     -1.34      1.08    14  -999.0    -999     0   0   0   0    -999.000  -999.000
0147   36.50   881.8     20.07     96.2    1038   130     1.73     -1.33      1.11    14    -0.7    1038     0   0   0   0      24.495   -80.198
0148   36.75  -999.0   -999.00   -999.0    -999   131     1.74     -1.31      1.14    14  -999.0    -999     0   0   0   0    -999.000  -999.000
0149   37.00   882.3     20.11     96.1    1033   132     1.75     -1.31      1.17    13    -0.7    1033     0   0   0   0      24.495   -80.198
0150   37.25  -999.0   -999.00   -999.0    -999   133     1.77     -1.30      1.20    14  -999.0    -999     0   0   0   0    -999.000  -999.000
0151   37.50   882.9     20.15     96.0    1027   133     1.79     -1.30      1.23    14    -0.7    1027     0   0   0   0      24.495   -80.198
0152   37.75  -999.0   -999.00   -999.0    -999   134     1.81     -1.30      1.26    14  -999.0    -999     0   0   0   0    -999.000  -999.000
0153   38.00   883.5     20.18     96.0    1022   135     1.83     -1.30      1.29    13    -0.6    1022     0   0   0   0      24.495   -80.198
0154   38.25  -999.0   -999.00   -999.0    -999   135     1.85     -1.31      1.32    13  -999.0    -999     0   0   0   0    -999.000  -999.000
0155   38.50   884.0     20.22     95.9    1017   136     1.88     -1.32      1.34    14    -0.6    1017     0   0   0   0      24.495   -80.198
0156   38.75  -999.0   -999.00   -999.0    -999   136     1.90     -1.33      1.37    14  -999.0    -999     0   0   0   0    -999.000  -999.000
0157   39.00   884.6     20.25     95.8    1011   136     1.93     -1.34      1.39    14    -0.6    1011     0   0   0   0      24.495   -80.198
0158   39.25  -999.0   -999.00   -999.0    -999   136     1.95     -1.36      1.40    14  -999.0    -999     0   0   0   0    -999.000  -999.000
0159   39.50   885.1     20.28     95.8    1006   136     1.98     -1.38      1.42    14    -0.6    1006     0   0   0   0      24.495   -80.198
0160   39.75  -999.0   -999.00   -999.0    -999   135     2.00     -1.40      1.43    14  -999.0    -999     0   0   0   0    -999.000  -999.000
0161   40.00   885.7     20.31     95.7    1000   135     2.02     -1.43      1.43    14    -0.6    1000     0   0   0   0      24.495   -80.198
0162   40.25  -999.0   -999.00   -999.0    -999   135     2.05     -1.46      1.44    13  -999.0    -999     0   0   0   0    -999.000  -999.000
0163   40.50   886.2     20.33     95.7     995   134     2.07     -1.49      1.43    14    -0.6     995     0   0   0   0      24.495   -80.198
0164   40.75  -999.0   -999.00   -999.0    -999   133     2.09     -1.53      1.43    14  -999.0    -999     0   0   0   0    -999.000  -999.000
0165   41.00   886.8     20.36     95.7     990   132     2.11     -1.56      1.42    14    -0.6     990     0   0   0   0      24.495   -80.198
0166   41.25  -999.0   -999.00   -999.0    -999   131     2.14     -1.60      1.41    13  -999.0    -999     0   0   0   0    -999.000  -999.000
0167   41.50   887.3     20.38     95.7     984   130     2.16     -1.64      1.40    13    -0.6     984     0   0   0   0      24.495   -80.198
0168   41.75  -999.0   -999.00   -999.0    -999   129     2.18     -1.69      1.39    13  -999.0    -999     0   0   0   0    -999.000  -999.000
0169   42.00   887.9     20.40     95.8     979   129     2.21     -1.73      1.37    13    -0.6     979     0   0   0   0      24.495   -80.198
0170   42.25  -999.0   -999.00   -999.0    -999   128     2.23     -1.76      1.36    12  -999.0    -999     0   0   0   0    -999.000  -999.000
0171   42.50   888.4     20.42     95.7     973   127     2.25     -1.80      1.34    13    -0.6     973     0   0   0   0      24.495   -80.198
0172   42.75  -999.0   -999.00   -999.0    -999   126     2.27     -1.84      1.33    13  -999.0    -999     0   0   0   0    -999.000  -999.000
0173   43.00   889.0     20.45     95.7     968   125     2.28     -1.87      1.31    13    -0.6     968     0   0   0   0      24.495   -80.198
0174   43.25  -999.0   -999.00   -999.0    -999   124     2.30     -1.90      1.29    13  -999.0    -999     0   0   0   0    -999.000  -999.000
0175   43.50   889.5     20.47     95.6     963   124     2.31     -1.93      1.28    13    -0.6     963     0   0   0   0      24.495   -80.198
0176   43.75  -999.0   -999.00   -999.0    -999   123     2.33     -1.95      1.26    13  -999.0    -999     0   0   0   0    -999.000  -999.000
0177   44.00   890.1     20.50     95.4     957   122     2.34     -1.97      1.25    13    -0.6     957     0   0   0   0      24.495   -80.198
0178   44.25  -999.0   -999.00   -999.0    -999   122     2.35     -1.99      1.24    13  -999.0    -999     0   0   0   0    -999.000  -999.000
0179   44.50   890.6     20.53     95.3     952   121     2.36     -2.01      1.23    13    -0.6     952     0   0   0   0      24.495   -80.198
0180   44.75  -999.0   -999.00   -999.0    -999   121     2.36     -2.02      1.22    13  -999.0    -999     0   0   0   0    -999.000  -999.000
0181   45.00   891.2     20.56     95.1     947   121     2.37     -2.04      1.22    13    -0.6     947     0   0   0   0      24.495   -80.198
0182   45.25  -999.0   -999.00   -999.0    -999   121     2.38     -2.05      1.21    13  -999.0    -999     0   0   0   0    -999.000  -999.000
0183   45.50   891.7     20.60     94.9     941   121     2.39     -2.05      1.21    13    -0.6     941     0   0   0   0      24.495   -80.198
0184   45.75  -999.0   -999.00   -999.0    -999   121     2.39     -2.06      1.21    13  -999.0    -999     0   0   0   0    -999.000  -999.000
0185   46.00   892.3     20.63     94.7     936   120     2.40     -2.07      1.22    13    -0.6     936     0   0   0   0      24.495   -80.198
0186   46.25  -999.0   -999.00   -999.0    -999   120     2.40     -2.07      1.22    13  -999.0    -999     0   0   0   0    -999.000  -999.000
0187   46.50   892.8     20.66     94.6     930   120     2.41     -2.07      1.22    13    -0.6     930     0   0   0   0      24.495   -80.198
0188   46.75  -999.0   -999.00   -999.0    -999   121     2.41     -2.07      1.22    13  -999.0    -999     0   0   0   0    -999.000  -999.000
0189   47.00   893.4     20.69     94.6     925   121     2.41     -2.08      1.22    13    -0.6     925     0   0   0   0      24.495   -80.198
0190   47.25  -999.0   -999.00   -999.0    -999   121     2.41     -2.08      1.23    13  -999.0    -999     0   0   0   0    -999.000  -999.000
0191   47.50   893.9     20.72     94.7     920   121     2.41     -2.08      1.23    13    -0.6     920     0   0   0   0      24.495   -80.198
0192   47.75  -999.0   -999.00   -999.0    -999   121     2.41     -2.08      1.23    13  -999.0    -999     0   0   0   0    -999.000  -999.000
0193   48.00   894.5     20.74     94.9     914   121     2.41     -2.07      1.23    13    -0.6     914     0   0   0   0      24.495   -80.198
0194   48.25  -999.0   -999.00   -999.0    -999   121     2.41     -2.07      1.23    13  -999.0    -999     0   0   0   0    -999.000  -999.000
0195   48.50   895.0     20.75     95.1     909   121     2.41     -2.07      1.23    13    -0.6     909     0   0   0   0      24.495   -80.198
0196   48.75  -999.0   -999.00   -999.0    -999   121     2.40     -2.07      1.23    13  -999.0    -999     0   0   0   0    -999.000  -999.000
0197   49.00   895.6     20.76     95.5     903   121     2.40     -2.06      1.23    13    -0.6     903     0   0   0   0      24.495   -80.198
0198   49.25  -999.0   -999.00   -999.0    -999   121     2.40     -2.06      1.24    13  -999.0    -999     0   0   0   0    -999.000  -999.000
0199   49.50   896.2     20.77     95.9     898   121     2.40     -2.05      1.24    13    -0.6     898     0   0   0   0      24.495   -80.198
0200   49.75  -999.0   -999.00   -999.0    -999   122     2.40     -2.04      1.25    13  -999.0    -999     0   0   0   0    -999.000  -999.000
0201   50.00   896.7     20.78     96.3     893   122     2.40     -2.03      1.27    13    -0.6     893     0   0   0   0      24.495   -80.198
0202   50.25  -999.0   -999.00   -999.0    -999   122     2.40     -2.03      1.29    13  -999.0    -999     0   0   0   0    -999.000  -999.000
0203   50.50   897.3     20.78     96.8     887   123     2.41     -2.02      1.31    13    -0.6     887     0   0   0   0      24.495   -80.198
0204   50.75  -999.0   -999.00   -999.0    -999   124     2.42     -2.01      1.34    13  -999.0    -999     0   0   0   0    -999.000  -999.000
0205   51.00   897.8     20.78     97.2     882   125     2.43     -2.00      1.38    13    -0.6     882     0   0   0   0      24.495   -80.198
0206   51.25  -999.0   -999.00   -999.0    -999   125     2.45     -2.00      1.42    12  -999.0    -999     0   0   0   0    -999.000  -999.000
0207   51.50   898.4     20.79     97.6     877   126     2.47     -1.99      1.46    13    -0.6     877     0   0   0   0      24.495   -80.198
0208   51.75  -999.0   -999.00   -999.0    -999   127     2.50     -1.99      1.51    13  -999.0    -999     0   0   0   0    -999.000  -999.000
0209   52.00   898.9     20.79     98.0     871   128     2.52     -1.98      1.56    13    -0.6     871     0   0   0   0      24.495   -80.198
0210   52.25  -999.0   -999.00   -999.0    -999   129     2.55     -1.98      1.61    13  -999.0    -999     0   0   0   0    -999.000  -999.000
0211   52.50   899.5     20.79     98.2     866   130     2.59     -1.98      1.66    13    -0.6     866     0   0   0   0      24.495   -80.198
0212   52.75  -999.0   -999.00   -999.0    -999   131     2.62     -1.99      1.70    13  -999.0    -999     0   0   0   0    -999.000  -999.000
0213   53.00   900.0     20.79     98.4     860   131     2.65     -1.99      1.75    13    -0.7     860     0   0   0   0      24.495   -80.198
0214   53.25  -999.0   -999.00   -999.0    -999   132     2.68     -1.99      1.79    13  -999.0    -999     0   0   0   0    -999.000  -999.000
0215   53.50   900.6     20.80     98.4     855   132     2.70     -1.99      1.82    13    -0.7     855     0   0   0   0      24.495   -80.198
0216   53.75  -999.0   -999.00   -999.0    -999   133     2.72     -2.00      1.86    13  -999.0    -999     0   0   0   0    -999.000  -999.000
0217   54.00   901.2     20.81     98.4     850   133     2.75     -2.00      1.88    13    -0.7     850     0   0   0   0      24.495   -80.198
0218   54.25  -999.0   -999.00   -999.0    -999   133     2.76     -2.00      1.90    12  -999.0    -999     0   0   0   0    -999.000  -999.000
0219   54.50   901.7     20.83     98.3     844   134     2.78     -2.01      1.92    13    -0.6     844     0   0   0   0      24.495   -80.198
0220   54.75  -999.0   -999.00   -999.0    -999   134     2.79     -2.02      1.93    14  -999.0    -999     0   0   0   0    -999.000  -999.000
0221   55.00   902.3     20.85     98.1     839   134     2.80     -2.03      1.94    14    -0.6     839     0   0   0   0      24.495   -80.198
0222   55.25  -999.0   -999.00   -999.0    -999   134     2.81     -2.03      1.94    14  -999.0    -999     0   0   0   0    -999.000  -999.000
0223   55.50   902.8     20.87     97.9     833   134     2.82     -2.05      1.95    14    -0.6     833     0   0   0   0      24.495   -80.198
0224   55.75  -999.0   -999.00   -999.0    -999   133     2.83     -2.06      1.95    14  -999.0    -999     0   0   0   0    -999.000  -999.000
0225   56.00   903.4     20.90     97.6     828   133     2.84     -2.07      1.95    14    -0.6     828     0   0   0   0      24.495   -80.198
0226   56.25  -999.0   -999.00   -999.0    -999   133     2.85     -2.08      1.94    14  -999.0    -999     0   0   0   0    -999.000  -999.000
0227   56.50   903.9     20.93     97.3     823   133     2.86     -2.10      1.94    14    -0.5     823     0   0   0   0      24.495   -80.198
0228   56.75  -999.0   -999.00   -999.0    -999   133     2.87     -2.11      1.94    14  -999.0    -999     0   0   0   0    -999.000  -999.000
0229   57.00   904.5     20.96     97.1     817   132     2.87     -2.12      1.94    14    -0.5     817     0   0   0   0      24.495   -80.198
0230   57.25  -999.0   -999.00   -999.0    -999   132     2.88     -2.14      1.93    14  -999.0    -999     0   0   0   0    -999.000  -999.000
0231   57.50   905.0     21.00     96.8     812   132     2.89     -2.15      1.93    14    -0.4     812     0   0   0   0      24.495   -80.198
0232   57.75  -999.0   -999.00   -999.0    -999   132     2.89     -2.16      1.93    14  -999.0    -999     0   0   0   0    -999.000  -999.000
0233   58.00   905.6     21.04     96.6     807   132     2.90     -2.17      1.92    14    -0.4     807     0   0   0   0      24.495   -80.198
0234   58.25  -999.0   -999.00   -999.0    -999   131     2.90     -2.18      1.92    14  -999.0    -999     0   0   0   0    -999.000  -999.000
0235   58.50   906.1     21.07     96.4     802   131     2.90     -2.18      1.91    14    -0.3     802     0   0   0   0      24.495   -80.198
0236   58.75  -999.0   -999.00   -999.0    -999   131     2.90     -2.18      1.91    14  -999.0    -999     0   0   0   0    -999.000  -999.000
0237   59.00   906.7     21.11     96.2     797   131     2.89     -2.18      1.90    14    -0.3     797     0   0   0   0      24.495   -80.198
0238   59.25  -999.0   -999.00   -999.0    -999   131     2.89     -2.18      1.89    14  -999.0    -999     0   0   0   0    -999.000  -999.000
0239   59.50   907.2     21.14     96.1     791   131     2.88     -2.17      1.89    13    -0.3     791     0   0   0   0      24.495   -80.198
0240   59.75  -999.0   -999.00   -999.0    -999   131     2.87     -2.16      1.88    13  -999.0    -999     0   0   0   0    -999.000  -999.000
0241   60.00   907.7     21.18     96.0     786   131     2.86     -2.15      1.88    14    -0.3     786     0   0   0   0      24.495   -80.198
0242   60.25  -999.0   -999.00   -999.0    -999   131     2.84     -2.14      1.87    13  -999.0    -999     0   0   0   0    -999.000  -999.000
0243   60.50   908.3     21.22     95.9     781   131     2.83     -2.12      1.87    14    -0.3     781     0   0   0   0      24.495   -80.198
0244   60.75  -999.0   -999.00   -999.0    -999   132     2.82     -2.11      1.87    14  -999.0    -999     0   0   0   0    -999.000  -999.000
0245   61.00   908.8     21.25     95.9     776   132     2.80     -2.09      1.87    14    -0.3     776     0   0   0   0      24.495   -80.198
0246   61.25  -999.0   -999.00   -999.0    -999   132     2.79     -2.07      1.87    14  -999.0    -999     0   0   0   0    -999.000  -999.000
0247   61.50   909.4     21.29     95.9     771   132     2.78     -2.05      1.87    14    -0.3     771     0   0   0   0      24.495   -80.198
0248   61.75  -999.0   -999.00   -999.0    -999   133     2.77     -2.03      1.88    14  -999.0    -999     0   0   0   0    -999.000  -999.000
0249   62.00   909.9     21.32     96.0     766   133     2.76     -2.02      1.89    14    -0.4     766     0   0   0   0      24.495   -80.198
0250   62.25  -999.0   -999.00   -999.0    -999   133     2.76     -2.00      1.90    14  -999.0    -999     0   0   0   0    -999.000  -999.000
0251   62.50   910.5     21.36     96.1     760   134     2.76     -1.99      1.91    14    -0.4     760     0   0   0   0      24.495   -80.199
0252   62.75  -999.0   -999.00   -999.0    -999   134     2.76     -1.98      1.92    14  -999.0    -999     0   0   0   0    -999.000  -999.000
0253   63.00   911.0     21.39     96.2     755   135     2.76     -1.97      1.93    13    -0.4     755     0   0   0   0      24.495   -80.199
0254   63.25  -999.0   -999.00   -999.0    -999   135     2.76     -1.96      1.95    14  -999.0    -999     0   0   0   0    -999.000  -999.000
0255   63.50   911.6     21.42     96.4     750   135     2.77     -1.95      1.96    14    -0.5     750     0   0   0   0      24.495   -80.199
0256   63.75  -999.0   -999.00   -999.0    -999   135     2.77     -1.95      1.98    14  -999.0    -999     0   0   0   0    -999.000  -999.000
0257   64.00   912.1     21.45     96.6     744   136     2.78     -1.94      1.99    14    -0.5     744     0   0   0   0      24.495   -80.199
0258   64.25  -999.0   -999.00   -999.0    -999   136     2.79     -1.94      2.00    14  -999.0    -999     0   0   0   0    -999.000  -999.000
0259   64.50   912.7     21.48     96.8     739   136     2.80     -1.94      2.01    14    -0.5     739     0   0   0   0      24.495   -80.199
0260   64.75  -999.0   -999.00   -999.0    -999   136     2.80     -1.94      2.02    14  -999.0    -999     0   0   0   0    -999.000  -999.000
0261   65.00   913.2     21.50     97.0     734   136     2.81     -1.94      2.03    14    -0.4     734     0   0   0   0      24.495   -80.199
0262   65.25  -999.0   -999.00   -999.0    -999   136     2.81     -1.95      2.03    14  -999.0    -999     0   0   0   0    -999.000  -999.000
0263   65.50   913.8     21.52     97.2     729   136     2.82     -1.95      2.03    14    -0.4     729     0   0   0   0      24.495   -80.199
0264   65.75  -999.0   -999.00   -999.0    -999   136     2.82     -1.95      2.03    14  -999.0    -999     0   0   0   0    -999.000  -999.000
0265   66.00   914.3     21.54     97.3     723   136     2.82     -1.95      2.03    13    -0.4     723     0   0   0   0      24.495   -80.199
0266   66.25  -999.0   -999.00   -999.0    -999   136     2.82     -1.96      2.03    13  -999.0    -999     0   0   0   0    -999.000  -999.000
0267   66.50   914.9     21.57     97.4     718   136     2.82     -1.96      2.03    14    -0.3     718     0   0   0   0      24.495   -80.199
0268   66.75  -999.0   -999.00   -999.0    -999   136     2.82     -1.96      2.02    14  -999.0    -999     0   0   0   0    -999.000  -999.000
0269   67.00   915.4     21.59     97.4     713   136     2.82     -1.97      2.02    14    -0.3     713     0   0   0   0      24.495   -80.199
0270   67.25  -999.0   -999.00   -999.0    -999   136     2.82     -1.97      2.02    14  -999.0    -999     0   0   0   0    -999.000  -999.000
0271   67.50   915.9     21.62     97.4     708   136     2.82     -1.98      2.01    14    -0.2     708     0   0   0   0      24.495   -80.199
0272   67.75  -999.0   -999.00   -999.0    -999   135     2.82     -1.98      2.01    14  -999.0    -999     0   0   0   0    -999.000  -999.000
0273   68.00   916.5     21.65     97.3     703   135     2.83     -1.99      2.01    14    -0.2     703     0   0   0   0      24.495   -80.199
0274   68.25  -999.0   -999.00   -999.0    -999   135     2.83     -2.00      2.00    14  -999.0    -999     0   0   0   0    -999.000  -999.000
0275   68.50   917.0     21.68     97.2     698   135     2.84     -2.01      2.00    14    -0.2     698     0   0   0   0      24.495   -80.199
0276   68.75  -999.0   -999.00   -999.0    -999   135     2.84     -2.02      1.99    14  -999.0    -999     0   0   0   0    -999.000  -999.000
0277   69.00   917.6     21.71     97.0     693   134     2.85     -2.04      1.99    14    -0.2     693     0   0   0   0      24.495   -80.199
0278   69.25  -999.0   -999.00   -999.0    -999   134     2.85     -2.05      1.98    13  -999.0    -999     0   0   0   0    -999.000  -999.000
0279   69.50   918.1     21.74     96.9     687   134     2.86     -2.07      1.97    13    -0.2     687     0   0   0   0      24.495   -80.199
0280   69.75  -999.0   -999.00   -999.0    -999   133     2.87     -2.09      1.96    14  -999.0    -999     0   0   0   0    -999.000  -999.000
0281   70.00   918.6     21.77     96.7     682   133     2.87     -2.11      1.95    14    -0.3     682     0   0   0   0      24.496   -80.199
0282   70.25  -999.0   -999.00   -999.0    -999   132     2.88     -2.13      1.94    14  -999.0    -999     0   0   0   0    -999.000  -999.000
0283   70.50   919.2     21.80     96.6     677   132     2.89     -2.15      1.93    14    -0.3     677     0   0   0   0      24.496   -80.199
0284   70.75  -999.0   -999.00   -999.0    -999   131     2.89     -2.17      1.91    13  -999.0    -999     0   0   0   0    -999.000  -999.000
0285   71.00   919.7     21.83     96.5     672   131     2.90     -2.19      1.90    13    -0.3     672     0   0   0   0      24.496   -80.199
0286   71.25  -999.0   -999.00   -999.0    -999   130     2.91     -2.21      1.88    14  -999.0    -999     0   0   0   0    -999.000  -999.000
0287   71.50   920.3     21.86     96.4     667   130     2.91     -2.24      1.86    14    -0.3     667     0   0   0   0      24.496   -80.199
0288   71.75  -999.0   -999.00   -999.0    -999   129     2.92     -2.26      1.85    14  -999.0    -999     0   0   0   0    -999.000  -999.000
0289   72.00   920.8     21.88     96.3     662   129     2.92     -2.28      1.83    14    -0.4     662     0   0   0   0      24.496   -80.199
0290   72.25  -999.0   -999.00   -999.0    -999   128     2.93     -2.30      1.81    14  -999.0    -999     0   0   0   0    -999.000  -999.000
0291   72.50   921.4     21.90     96.3     656   128     2.94     -2.33      1.79    14    -0.4     656     0   0   0   0      24.496   -80.199
0292   72.75  -999.0   -999.00   -999.0    -999   127     2.94     -2.35      1.77    14  -999.0    -999     0   0   0   0    -999.000  -999.000
0293   73.00   921.9     21.92     96.3     651   126     2.95     -2.37      1.75    14    -0.4     651     0   0   0   0      24.496   -80.199
0294   73.25  -999.0   -999.00   -999.0    -999   126     2.95     -2.39      1.73    14  -999.0    -999     0   0   0   0    -999.000  -999.000
0295   73.50   922.5     21.94     96.3     646   125     2.96     -2.41      1.71    13    -0.4     646     0   0   0   0      24.496   -80.199
0296   73.75  -999.0   -999.00   -999.0    -999   125     2.96     -2.43      1.69    13  -999.0    -999     0   0   0   0    -999.000  -999.000
0297   74.00   923.0     21.96     96.4     641   124     2.97     -2.45      1.67    14    -0.4     641     0   0   0   0      24.496   -80.199
0298   74.25  -999.0   -999.00   -999.0    -999   124     2.97     -2.47      1.65    13  -999.0    -999     0   0   0   0    -999.000  -999.000
0299   74.50   923.6     21.97     96.5     636   123     2.97     -2.48      1.63    14    -0.4     636     0   0   0   0      24.496   -80.199
0300   74.75  -999.0   -999.00   -999.0    -999   123     2.97     -2.50      1.62    14  -999.0    -999     0   0   0   0    -999.000  -999.000
0301   75.00   924.1     21.99     96.6     630   122     2.97     -2.51      1.60    14    -0.4     630     0   0   0   0      24.496   -80.199
0302   75.25  -999.0   -999.00   -999.0    -999   122     2.98     -2.52      1.58    14  -999.0    -999     0   0   0   0    -999.000  -999.000
0303   75.50   924.7     22.01     96.6     625   122     2.97     -2.53      1.56    14    -0.4     625     0   0   0   0      24.496   -80.199
0304   75.75  -999.0   -999.00   -999.0    -999   121     2.97     -2.54      1.54    14  -999.0    -999     0   0   0   0    -999.000  -999.000
0305   76.00   925.2     22.03     96.7     620   121     2.97     -2.55      1.53    14    -0.3     620     0   0   0   0      24.496   -80.199
0306   76.25  -999.0   -999.00   -999.0    -999   121     2.97     -2.56      1.51    14  -999.0    -999     0   0   0   0    -999.000  -999.000
0307   76.50   925.8     22.05     96.8     615   120     2.96     -2.56      1.49    14    -0.3     615     0   0   0   0      24.496   -80.199
0308   76.75  -999.0   -999.00   -999.0    -999   120     2.96     -2.57      1.47    14  -999.0    -999     0   0   0   0    -999.000  -999.000
0309   77.00   926.3     22.08     96.9     610   119     2.95     -2.57      1.45    13    -0.3     610     0   0   0   0      24.496   -80.199
0310   77.25  -999.0   -999.00   -999.0    -999   119     2.94     -2.57      1.43    13  -999.0    -999     0   0   0   0    -999.000  -999.000
0311   77.50   926.9     22.10     97.0     605   119     2.93     -2.57      1.41    13    -0.3     605     0   0   0   0      24.496   -80.199
0312   77.75  -999.0   -999.00   -999.0    -999   118     2.92     -2.58      1.39    13  -999.0    -999     0   0   0   0    -999.000  -999.000
0313   78.00   927.4     22.13     97.0     599   118     2.92     -2.58      1.36    13    -0.3     599     0   0   0   0      24.496   -80.199
0314   78.25  -999.0   -999.00   -999.0    -999   118     2.91     -2.58      1.34    13  -999.0    -999     0   0   0   0    -999.000  -999.000
0315   78.50   927.9     22.15     97.1     594   117     2.90     -2.58      1.32    13    -0.2     594     0   0   0   0      24.496   -80.199
0316   78.75  -999.0   -999.00   -999.0    -999   117     2.89     -2.58      1.30    13  -999.0    -999     0   0   0   0    -999.000  -999.000
0317   79.00   928.5     22.17     97.1     589   116     2.89     -2.58      1.28    13    -0.2     589     0   0   0   0      24.496   -80.199
0318   79.25  -999.0   -999.00   -999.0    -999   116     2.88     -2.59      1.27    13  -999.0    -999     0   0   0   0    -999.000  -999.000
0319   79.50   929.0     22.20     97.0     584   116     2.88     -2.59      1.25    13    -0.2     584     0   0   0   0      24.496   -80.199
0320   79.75  -999.0   -999.00   -999.0    -999   116     2.88     -2.60      1.24    13  -999.0    -999     0   0   0   0    -999.000  -999.000
0321   80.00   929.6     22.22     96.9     579   115     2.88     -2.60      1.23    13    -0.2     579     0   0   0   0      24.496   -80.199
0322   80.25  -999.0   -999.00   -999.0    -999   115     2.88     -2.61      1.22    13  -999.0    -999     0   0   0   0    -999.000  -999.000
0323   80.50   930.1     22.25     96.8     574   115     2.88     -2.61      1.22    12    -0.3     574     0   0   0   0      24.496   -80.199
0324   80.75  -999.0   -999.00   -999.0    -999   115     2.89     -2.62      1.22    13  -999.0    -999     0   0   0   0    -999.000  -999.000
0325   81.00   930.7     22.28     96.6     569   115     2.89     -2.62      1.22    13    -0.3     569     0   0   0   0      24.496   -80.199
0326   81.25  -999.0   -999.00   -999.0    -999   115     2.90     -2.63      1.22    13  -999.0    -999     0   0   0   0    -999.000  -999.000
0327   81.50   931.2     22.32     96.4     564   115     2.91     -2.64      1.23    13    -0.3     564     0   0   0   0      24.496   -80.199
0328   81.75  -999.0   -999.00   -999.0    -999   115     2.92     -2.64      1.24    13  -999.0    -999     0   0   0   0    -999.000  -999.000
0329   82.00   931.7     22.35     96.2     559   115     2.93     -2.65      1.25    13    -0.3     559     0   0   0   0      24.496   -80.199
0330   82.25  -999.0   -999.00   -999.0    -999   115     2.94     -2.66      1.27    13  -999.0    -999     0   0   0   0    -999.000  -999.000
0331   82.50   932.3     22.39     96.0     553   116     2.96     -2.67      1.28    13    -0.4     553     0   0   0   0      24.496   -80.199
0332   82.75  -999.0   -999.00   -999.0    -999   116     2.97     -2.67      1.29    13  -999.0    -999     0   0   0   0    -999.000  -999.000
0333   83.00   932.9     22.43     95.8     548   116     2.98     -2.68      1.31    13    -0.4     548     0   0   0   0      24.496   -80.199
0334   83.25  -999.0   -999.00   -999.0    -999   116     3.00     -2.69      1.32    13  -999.0    -999     0   0   0   0    -999.000  -999.000
0335   83.50   933.4     22.48     95.6     543   116     3.01     -2.70      1.33    13    -0.4     543     0   0   0   0      24.496   -80.199
0336   83.75  -999.0   -999.00   -999.0    -999   116     3.02     -2.70      1.35    13  -999.0    -999     0   0   0   0    -999.000  -999.000
0337   84.00   934.0     22.52     95.3     538   117     3.03     -2.71      1.36    13    -0.4     538     0   0   0   0      24.496   -80.199
0338   84.25  -999.0   -999.00   -999.0    -999   117     3.04     -2.72      1.37    13  -999.0    -999     0   0   0   0    -999.000  -999.000
0339   84.50   934.5     22.56     95.2     533   117     3.05     -2.72      1.38    13    -0.5     533     0   0   0   0      24.496   -80.199
0340   84.75  -999.0   -999.00   -999.0    -999   117     3.06     -2.72      1.38    13  -999.0    -999     0   0   0   0    -999.000  -999.000
0341   85.00   935.1     22.61     95.0     527   117     3.06     -2.73      1.39    13    -0.5     527     0   0   0   0      24.496   -80.199
0342   85.25  -999.0   -999.00   -999.0    -999   117     3.07     -2.73      1.40    13  -999.0    -999     0   0   0   0    -999.000  -999.000
0343   85.50   935.6     22.65     94.8     522   117     3.08     -2.74      1.40    13    -0.5     522     0   0   0   0      24.496   -80.199
0344   85.75  -999.0   -999.00   -999.0    -999   117     3.08     -2.74      1.41    13  -999.0    -999     0   0   0   0    -999.000  -999.000
0345   86.00   936.2     22.69     94.6     517   117     3.09     -2.74      1.42    13    -0.5     517     0   0   0   0      24.496   -80.199
0346   86.25  -999.0   -999.00   -999.0    -999   117     3.10     -2.75      1.43    13  -999.0    -999     0   0   0   0    -999.000  -999.000
0347   86.50   936.8     22.74     94.4     512   117     3.11     -2.76      1.43    13    -0.5     512     0   0   0   0      24.496   -80.199
0348   86.75  -999.0   -999.00   -999.0    -999   118     3.12     -2.76      1.44    13  -999.0    -999     0   0   0   0    -999.000  -999.000
0349   87.00   937.3     22.78     94.3     506   118     3.13     -2.77      1.45    13    -0.5     506     0   0   0   0      24.496   -80.199
0350   87.25  -999.0   -999.00   -999.0    -999   118     3.14     -2.78      1.46    13  -999.0    -999     0   0   0   0    -999.000  -999.000
0351   87.50   937.9     22.82     94.1     501   118     3.15     -2.79      1.47    13    -0.5     501     0   0   0   0      24.496   -80.199
0352   87.75  -999.0   -999.00   -999.0    -999   118     3.16     -2.80      1.48    13  -999.0    -999     0   0   0   0    -999.000  -999.000
0353   88.00   938.4     22.86     94.0     496   118     3.18     -2.81      1.49    13    -0.5     496     0   0   0   0      24.496   -80.199
0354   88.25  -999.0   -999.00   -999.0    -999   118     3.19     -2.82      1.50    13  -999.0    -999     0   0   0   0    -999.000  -999.000
0355   88.50   939.0     22.90     93.8     491   118     3.20     -2.82      1.51    13    -0.5     491     0   0   0   0      24.496   -80.199
0356   88.75  -999.0   -999.00   -999.0    -999   118     3.21     -2.83      1.52    13  -999.0    -999     0   0   0   0    -999.000  -999.000
0357   89.00   939.6     22.94     93.7     486   118     3.23     -2.84      1.53    13    -0.4     486     0   0   0   0      24.496   -80.199
0358   89.25  -999.0   -999.00   -999.0    -999   118     3.24     -2.85      1.54    12  -999.0    -999     0   0   0   0    -999.000  -999.000
0359   89.50   940.1     22.97     93.6     480   119     3.25     -2.85      1.55    13    -0.4     480     0   0   0   0      24.496   -80.199
0360   89.75  -999.0   -999.00   -999.0    -999   119     3.26     -2.86      1.56    13  -999.0    -999     0   0   0   0    -999.000  -999.000
0361   90.00   940.7     23.01     93.5     475   119     3.26     -2.86      1.57    13    -0.4     475     0   0   0   0      24.496   -80.199
0362   90.25  -999.0   -999.00   -999.0    -999   119     3.27     -2.87      1.58    13  -999.0    -999     0   0   0   0    -999.000  -999.000
0363   90.50   941.2     23.05     93.4     470   119     3.28     -2.87      1.58    13    -0.4     470     0   0   0   0      24.496   -80.199
0364   90.75  -999.0   -999.00   -999.0    -999   119     3.28     -2.87      1.59    13  -999.0    -999     0   0   0   0    -999.000  -999.000
0365   91.00   941.8     23.08     93.3     465   119     3.29     -2.88      1.59    13    -0.3     465     0   0   0   0      24.496   -80.199
0366   91.25  -999.0   -999.00   -999.0    -999   119     3.29     -2.88      1.60    13  -999.0    -999     0   0   0   0    -999.000  -999.000
0367   91.50   942.3     23.12     93.2     460   119     3.29     -2.88      1.60    13    -0.3     460     0   0   0   0      24.496   -80.199
0368   91.75  -999.0   -999.00   -999.0    -999   119     3.29     -2.88      1.60    13  -999.0    -999     0   0   0   0    -999.000  -999.000
0369   92.00   942.9     23.16     93.1     455   119     3.29     -2.87      1.60    13    -0.3     455     0   0   0   0      24.496   -80.199
0370   92.25  -999.0   -999.00   -999.0    -999   119     3.29     -2.87      1.61    13  -999.0    -999     0   0   0   0    -999.000  -999.000
0371   92.50   943.4     23.19     93.0     450   119     3.29     -2.87      1.61    13    -0.3     450     0   0   0   0      24.496   -80.199
0372   92.75  -999.0   -999.00   -999.0    -999   119     3.28     -2.87      1.61    13  -999.0    -999     0   0   0   0    -999.000  -999.000
0373   93.00   944.0     23.23     92.9     444   119     3.28     -2.86      1.61    13    -0.3     444     0   0   0   0      24.496   -80.199
0374   93.25  -999.0   -999.00   -999.0    -999   119     3.28     -2.86      1.61    12  -999.0    -999     0   0   0   0    -999.000  -999.000
0375   93.50   944.5     23.27     92.8     439   119     3.28     -2.86      1.60    13    -0.3     439     0   0   0   0      24.496   -80.199
0376   93.75  -999.0   -999.00   -999.0    -999   119     3.28     -2.86      1.60    13  -999.0    -999     0   0   0   0    -999.000  -999.000
0377   94.00   945.1     23.31     92.7     434   119     3.27     -2.86      1.60    13    -0.3     434     0   0   0   0      24.496   -80.199
0378   94.25  -999.0   -999.00   -999.0    -999   119     3.28     -2.86      1.60    13  -999.0    -999     0   0   0   0    -999.000  -999.000
0379   94.50   945.6     23.35     92.6     429   119     3.28     -2.86      1.60    13    -0.3     429     0   0   0   0      24.496   -80.199
0380   94.75  -999.0   -999.00   -999.0    -999   119     3.28     -2.86      1.60    12  -999.0    -999     0   0   0   0    -999.000  -999.000
0381   95.00   946.2     23.39     92.5     424   119     3.28     -2.87      1.60    13    -0.3     424     0   0   0   0      24.496   -80.199
0382   95.25  -999.0   -999.00   -999.0    -999   119     3.29     -2.88      1.60    13  -999.0    -999     0   0   0   0    -999.000  -999.000
0383   95.50   946.7     23.42     92.4     419   119     3.30     -2.88      1.60    13    -0.3     419     0   0   0   0      24.496   -80.199
0384   95.75  -999.0   -999.00   -999.0    -999   119     3.30     -2.89      1.60    13  -999.0    -999     0   0   0   0    -999.000  -999.000
0385   96.00   947.3     23.46     92.3     414   119     3.31     -2.90      1.60    12    -0.3     414     0   0   0   0      24.496   -80.199
0386   96.25  -999.0   -999.00   -999.0    -999   119     3.32     -2.91      1.60    12  -999.0    -999     0   0   0   0    -999.000  -999.000
0387   96.50   947.8     23.50     92.2     409   119     3.32     -2.91      1.60    13    -0.3     409     0   0   0   0      24.496   -80.199
0388   96.75  -999.0   -999.00   -999.0    -999   119     3.33     -2.92      1.59    13  -999.0    -999     0   0   0   0    -999.000  -999.000
0389   97.00   948.4     23.54     92.1     404   119     3.34     -2.93      1.59    13    -0.4     404     0   0   0   0      24.496   -80.199
0390   97.25  -999.0   -999.00   -999.0    -999   119     3.34     -2.94      1.60    12  -999.0    -999     0   0   0   0    -999.000  -999.000
0391   97.50   948.9     23.57     92.0     399   118     3.35     -2.94      1.60    12    -0.4     399     0   0   0   0      24.496   -80.199
0392   97.75  -999.0   -999.00   -999.0    -999   118     3.35     -2.95      1.60    13  -999.0    -999     0   0   0   0    -999.000  -999.000
0393   98.00   949.5     23.61     91.9     393   119     3.36     -2.95      1.60    13    -0.4     393     0   0   0   0      24.496   -80.199
0394   98.25  -999.0   -999.00   -999.0    -999   119     3.36     -2.95      1.61    13  -999.0    -999     0   0   0   0    -999.000  -999.000
0395   98.50   950.0     23.64     91.8     388   119     3.36     -2.95      1.61    13    -0.5     388     0   0   0   0      24.496   -80.199
0396   98.75  -999.0   -999.00   -999.0    -999   119     3.36     -2.94      1.62    13  -999.0    -999     0   0   0   0    -999.000  -999.000
0397   99.00   950.6     23.68     91.8     383   119     3.36     -2.94      1.63    13    -0.5     383     0   0   0   0      24.496   -80.199
0398   99.25  -999.0   -999.00   -999.0    -999   119     3.36     -2.93      1.64    12  -999.0    -999     0   0   0   0    -999.000  -999.000
0399   99.50   951.2     23.71     91.7     378   119     3.35     -2.92      1.65    13    -0.5     378     0   0   0   0      24.496   -80.199
0400   99.75  -999.0   -999.00   -999.0    -999   120     3.35     -2.91      1.66    13  -999.0    -999     0   0   0   0    -999.000  -999.000
0401  100.00   951.7     23.75     91.7     373   120     3.35     -2.90      1.67    13    -0.5     373     0   0   0   0      24.496   -80.199
0402  100.25  -999.0   -999.00   -999.0    -999   120     3.34     -2.88      1.69    13  -999.0    -999     0   0   0   0    -999.000  -999.000
0403  100.50   952.3     23.78     91.7     367   121     3.34     -2.87      1.70    13    -0.5     367     0   0   0   0      24.496   -80.199
0404  100.75  -999.0   -999.00   -999.0    -999   121     3.34     -2.86      1.72    13  -999.0    -999     0   0   0   0    -999.000  -999.000
0405  101.00   952.9     23.82     91.6     362   121     3.34     -2.85      1.73    13    -0.5     362     0   0   0   0      24.496   -80.199
0406  101.25  -999.0   -999.00   -999.0    -999   121     3.34     -2.85      1.74    13  -999.0    -999     0   0   0   0    -999.000  -999.000
0407  101.50   953.4     23.85     91.6     357   122     3.34     -2.84      1.75    13    -0.5     357     0   0   0   0      24.496   -80.200
0408  101.75  -999.0   -999.00   -999.0    -999   122     3.34     -2.84      1.77    13  -999.0    -999     0   0   0   0    -999.000  -999.000
0409  102.00   954.0     23.88     91.6     352   122     3.35     -2.84      1.78    13    -0.5     352     0   0   0   0      24.496   -80.200
0410  102.25  -999.0   -999.00   -999.0    -999   122     3.35     -2.84      1.79    12  -999.0    -999     0   0   0   0    -999.000  -999.000
0411  102.50   954.6     23.91     91.6     346   122     3.36     -2.84      1.80    13    -0.5     346     0   0   0   0      24.496   -80.200
0412  102.75  -999.0   -999.00   -999.0    -999   123     3.37     -2.84      1.82    13  -999.0    -999     0   0   0   0    -999.000  -999.000
0413  103.00   955.1     23.95     91.6     341   123     3.38     -2.84      1.83    13    -0.5     341     0   0   0   0      24.496   -80.200
0414  103.25  -999.0   -999.00   -999.0    -999   123     3.39     -2.85      1.84    13  -999.0    -999     0   0   0   0    -999.000  -999.000
0415  103.50   955.7     23.98     91.7     336   123     3.40     -2.85      1.85    11    -0.5     336     0   0   0   0      24.496   -80.200
0416  103.75  -999.0   -999.00   -999.0    -999   123     3.42     -2.86      1.87    13  -999.0    -999     0   0   0   0    -999.000  -999.000
0417  104.00   956.3     24.01     91.7     331   123     3.43     -2.87      1.88    13    -0.5     331     0   0   0   0      24.496   -80.200
0418  104.25  -999.0   -999.00   -999.0    -999   123     3.44     -2.87      1.89    13  -999.0    -999     0   0   0   0    -999.000  -999.000
0419  104.50   956.8     24.04     91.7     326   123     3.45     -2.88      1.90    13    -0.5     326     0   0   0   0      24.496   -80.200
0420  104.75  -999.0   -999.00   -999.0    -999   123     3.47     -2.89      1.91    13  -999.0    -999     0   0   0   0    -999.000  -999.000
0421  105.00   957.4     24.08     91.7     320   124     3.48     -2.90      1.92    13    -0.5     320     0   0   0   0      24.496   -80.200
0422  105.25  -999.0   -999.00   -999.0    -999   124     3.49     -2.91      1.93    13  -999.0    -999     0   0   0   0    -999.000  -999.000
0423  105.50   957.9     24.11     91.8     315  -999  -999.00   -999.00   -999.00    13    -0.5     315     0   0   0   0    -999.000  -999.000
0424  105.75  -999.0   -999.00   -999.0    -999   124     3.52     -2.94      1.94    13  -999.0    -999     0   0   0   0    -999.000  -999.000
0425  106.00   958.5     24.14     91.9     310   123     3.54     -2.95      1.95    13    -0.5     310     0   0   0   0      24.496   -80.200
0426  106.25  -999.0   -999.00   -999.0    -999   123     3.55     -2.97      1.95    13  -999.0    -999     0   0   0   0    -999.000  -999.000
0427  106.50   959.1     24.17     92.0     305   123     3.57     -2.99      1.95    13    -0.5     305     0   0   0   0      24.496   -80.200
0428  106.75  -999.0   -999.00   -999.0    -999   123     3.59     -3.01      1.95    13  -999.0    -999     0   0   0   0    -999.000  -999.000
0429  107.00   959.6     24.20     92.1     300   123     3.61     -3.04      1.95    13    -0.5     300     0   0   0   0      24.496   -80.200
0430  107.25  -999.0   -999.00   -999.0    -999   122     3.62     -3.06      1.94    13  -999.0    -999     0   0   0   0    -999.000  -999.000
0431  107.50   960.2     24.23     92.3     295   122     3.64     -3.08      1.94    13    -0.6     295     0   0   0   0      24.496   -80.200
0432  107.75  -999.0   -999.00   -999.0    -999   122     3.66     -3.11      1.93    13  -999.0    -999     0   0   0   0    -999.000  -999.000
0433  108.00   960.8     24.25     92.5     289   122     3.68     -3.13      1.93    13    -0.6     289     0   0   0   0      24.496   -80.200
0434  108.25  -999.0   -999.00   -999.0    -999   121     3.69     -3.15      1.92    13  -999.0    -999     0   0   0   0    -999.000  -999.000
0435  108.50   961.3     24.28     92.8     284   121     3.71     -3.17      1.92    12    -0.6     284     0   0   0   0      24.496   -80.200
0436  108.75  -999.0   -999.00   -999.0    -999   121     3.72     -3.19      1.91    13  -999.0    -999     0   0   0   0    -999.000  -999.000
0437  109.00   961.9     24.30     93.0     279   121     3.73     -3.20      1.91    13    -0.6     279     0   0   0   0      24.496   -80.200
0438  109.25  -999.0   -999.00   -999.0    -999   121     3.74     -3.22      1.90    13  -999.0    -999     0   0   0   0    -999.000  -999.000
0439  109.50   962.5     24.32     93.2     274   120     3.74     -3.23      1.90    13    -0.6     274     0   0   0   0      24.496   -80.200
0440  109.75  -999.0   -999.00   -999.0    -999   120     3.75     -3.23      1.90    13  -999.0    -999     0   0   0   0    -999.000  -999.000
0441  110.00   963.1     24.35     93.4     268   120     3.75     -3.24      1.89    13    -0.6     268     0   0   0   0      24.496   -80.200
0442  110.25  -999.0   -999.00   -999.0    -999   120     3.75     -3.24      1.89    13  -999.0    -999     0   0   0   0    -999.000  -999.000
0443  110.50   963.6     24.38     93.5     263   120     3.76     -3.25      1.89    12    -0.6     263     0   0   0   0      24.496   -80.200
0444  110.75  -999.0   -999.00   -999.0    -999   120     3.76     -3.25      1.89    13  -999.0    -999     0   0   0   0    -999.000  -999.000
0445  111.00   964.2     24.41     93.6     258   120     3.76     -3.24      1.89    13    -0.5     258     0   0   0   0      24.496   -80.200
0446  111.25  -999.0   -999.00   -999.0    -999   120     3.75     -3.24      1.89    12  -999.0    -999     0   0   0   0    -999.000  -999.000
0447  111.50   964.8     24.44     93.6     253   120     3.75     -3.24      1.90    13    -0.5     253     0   0   0   0      24.496   -80.200
0448  111.75  -999.0   -999.00   -999.0    -999   120     3.75     -3.23      1.90    13  -999.0    -999     0   0   0   0    -999.000  -999.000
0449  112.00   965.3     24.48     93.6     248   121     3.75     -3.23      1.91    13    -0.5     248     0   0   0   0      24.496   -80.200
0450  112.25  -999.0   -999.00   -999.0    -999   121     3.75     -3.22      1.91    13  -999.0    -999     0   0   0   0    -999.000  -999.000
0451  112.50   965.9     24.51     93.6     242   121     3.74     -3.22      1.92    13    -0.5     242     0   0   0   0      24.496   -80.200
0452  112.75  -999.0   -999.00   -999.0    -999   121     3.74     -3.21      1.92    13  -999.0    -999     0   0   0   0    -999.000  -999.000
0453  113.00   966.5     24.55     93.6     237   121     3.74     -3.21      1.92    12    -0.4     237     0   0   0   0      24.496   -80.200
0454  113.25  -999.0   -999.00   -999.0    -999   121     3.73     -3.20      1.92    13  -999.0    -999     0   0   0   0    -999.000  -999.000
0455  113.50   967.0     24.59     93.5     232   121     3.73     -3.20      1.92    13    -0.4     232     0   0   0   0      24.496   -80.200
0456  113.75  -999.0   -999.00   -999.0    -999   121     3.73     -3.20      1.91    13  -999.0    -999     0   0   0   0    -999.000  -999.000
0457  114.00   967.6     24.63     93.5     227   121     3.72     -3.20      1.90    13    -0.4     227     0   0   0   0      24.496   -80.200
0458  114.25  -999.0   -999.00   -999.0    -999   121     3.72     -3.20      1.89    13  -999.0    -999     0   0   0   0    -999.000  -999.000
0459  114.50   968.1     24.67     93.5     222   120     3.71     -3.20      1.88    13    -0.5     222     0   0   0   0      24.496   -80.200
0460  114.75  -999.0   -999.00   -999.0    -999   120     3.71     -3.20      1.86    13  -999.0    -999     0   0   0   0    -999.000  -999.000
0461  115.00   968.7     24.72     93.5     217   120     3.70     -3.21      1.85    13    -0.5     217     0   0   0   0      24.496   -80.200
0462  115.25  -999.0   -999.00   -999.0    -999   120     3.70     -3.21      1.84    13  -999.0    -999     0   0   0   0    -999.000  -999.000
0463  115.50   969.3     24.76     93.4     212   120     3.70     -3.21      1.83    13    -0.5     212     0   0   0   0      24.496   -80.200
0464  115.75  -999.0   -999.00   -999.0    -999   119     3.70     -3.22      1.81    13  -999.0    -999     0   0   0   0    -999.000  -999.000
0465  116.00   969.8     24.80     93.4     207   119     3.70     -3.23      1.80    12    -0.5     207     0   0   0   0      24.496   -80.200
0466  116.25  -999.0   -999.00   -999.0    -999   119     3.70     -3.24      1.79    13  -999.0    -999     0   0   0   0    -999.000  -999.000
0467  116.50   970.4     24.84     93.4     201   119     3.71     -3.26      1.78    13    -0.6     201     0   0   0   0      24.496   -80.200
0468  116.75  -999.0   -999.00   -999.0    -999   118     3.72     -3.27      1.77    13  -999.0    -999     0   0   0   0    -999.000  -999.000
0469  117.00   971.0     24.88     93.4     196   118     3.73     -3.29      1.76    13    -0.6     196     0   0   0   0      24.496   -80.200
0470  117.25  -999.0   -999.00   -999.0    -999   118     3.74     -3.30      1.75    13  -999.0    -999     0   0   0   0    -999.000  -999.000
0471  117.50   971.6     24.92     93.4     191   118     3.74     -3.31      1.74    13    -0.6     191     0   0   0   0      24.496   -80.200
0472  117.75  -999.0   -999.00   -999.0    -999   118     3.75     -3.33      1.73    13  -999.0    -999     0   0   0   0    -999.000  -999.000
0473  118.00   972.1     24.96     93.3     186   117     3.76     -3.34      1.73    13    -0.6     186     0   0   0   0      24.496   -80.200
0474  118.25  -999.0   -999.00   -999.0    -999   117     3.76     -3.34      1.72    13  -999.0    -999     0   0   0   0    -999.000  -999.000
0475  118.50   972.7     25.01     93.3     180   117     3.76     -3.35      1.72    13    -0.6     180     0   0   0   0      24.496   -80.200
0476  118.75  -999.0   -999.00   -999.0    -999   117     3.77     -3.35      1.72    13  -999.0    -999     0   0   0   0    -999.000  -999.000
0477  119.00   973.3     25.05     93.2     175   117     3.77     -3.36      1.71    13    -0.6     175     0   0   0   0      24.496   -80.200
0478  119.25  -999.0   -999.00   -999.0    -999   117     3.77     -3.36      1.71    13  -999.0    -999     0   0   0   0    -999.000  -999.000
0479  119.50   973.9     25.09     93.1     170   117     3.77     -3.36      1.71    13    -0.6     170     0   0   0   0      24.496   -80.200
0480  119.75  -999.0   -999.00   -999.0    -999   117     3.77     -3.36      1.71    13  -999.0    -999     0   0   0   0    -999.000  -999.000
0481  120.00   974.4     25.14     93.0     165   117     3.77     -3.36      1.70    13    -0.6     165     0   0   0   0      24.496   -80.200
0482  120.25  -999.0   -999.00   -999.0    -999   117     3.77     -3.36      1.70    13  -999.0    -999     0   0   0   0    -999.000  -999.000
0483  120.50   975.0     25.18     93.0     160   117     3.76     -3.36      1.69    13    -0.6     160     0   0   0   0      24.496   -80.200
0484  120.75  -999.0   -999.00   -999.0    -999   117     3.76     -3.36      1.68    13  -999.0    -999     0   0   0   0    -999.000  -999.000
0485  121.00   975.6     25.23     93.0     154   116     3.76     -3.36      1.67    13    -0.6     154     0   0   0   0      24.496   -80.200
0486  121.25  -999.0   -999.00   -999.0    -999   116     3.75     -3.36      1.66    13  -999.0    -999     0   0   0   0    -999.000  -999.000
0487  121.50   976.2     25.27     93.0     149   116     3.74     -3.36      1.64    13    -0.6     149     0   0   0   0      24.496   -80.200
0488  121.75  -999.0   -999.00   -999.0    -999   116     3.73     -3.36      1.62    13  -999.0    -999     0   0   0   0    -999.000  -999.000
0489  122.00   976.7     25.31     93.1     144   116     3.72     -3.36      1.61    13    -0.6     144     0   0   0   0      24.496   -80.200
0490  122.25  -999.0   -999.00   -999.0    -999   115     3.71     -3.35      1.59    13  -999.0    -999     0   0   0   0    -999.000  -999.000
0491  122.50   977.3     25.36     93.2     139   115     3.70     -3.35      1.57    13    -0.6     139     0   0   0   0      24.496   -80.200
0492  122.75  -999.0   -999.00   -999.0    -999   115     3.68     -3.34      1.55    13  -999.0    -999     0   0   0   0    -999.000  -999.000
0493  123.00   977.9     25.40     93.2     134   115     3.67     -3.34      1.53    13    -0.6     134     0   0   0   0      24.496   -80.200
0494  123.25  -999.0   -999.00   -999.0    -999   114     3.66     -3.33      1.51    13  -999.0    -999     0   0   0   0    -999.000  -999.000
0495  123.50   978.5     25.44     93.2     128   114     3.65     -3.33      1.49    13    -0.6     128     0   0   0   0      24.496   -80.200
0496  123.75  -999.0   -999.00   -999.0    -999   114     3.64     -3.33      1.47    13  -999.0    -999     0   0   0   0    -999.000  -999.000
0497  124.00   979.0     25.49     93.2     123   114     3.62     -3.32      1.45    13    -0.6     123     0   0   0   0      24.496   -80.200
0498  124.25  -999.0   -999.00   -999.0    -999   113     3.61     -3.32      1.43    13  -999.0    -999     0   0   0   0    -999.000  -999.000
0499  124.50   979.6     25.54     93.1     118   113     3.61     -3.32      1.42    13    -0.6     118     0   0   0   0      24.496   -80.200
0500  124.75  -999.0   -999.00   -999.0    -999   113     3.60     -3.31      1.40    13  -999.0    -999     0   0   0   0    -999.000  -999.000
0501  125.00   980.2     25.58     93.0     113   113     3.59     -3.31      1.40    13    -0.6     113     0   0   0   0      24.496   -80.200
0502  125.25  -999.0   -999.00   -999.0    -999   113     3.59     -3.31      1.39    12  -999.0    -999     0   0   0   0    -999.000  -999.000
0503  125.50   980.7     25.63     92.8     108   113     3.59     -3.31      1.38    13    -0.6     108     0   0   0   0      24.496   -80.200
0504  125.75  -999.0   -999.00   -999.0    -999   113     3.59     -3.32      1.38    13  -999.0    -999     0   0   0   0    -999.000  -999.000
0505  126.00   981.3     25.68     92.6     103   113     3.59     -3.32      1.38    13    -0.5     103     0   0   0   0      24.496   -80.200
0506  126.25  -999.0   -999.00   -999.0    -999   112     3.60     -3.32      1.38    13  -999.0    -999     0   0   0   0    -999.000  -999.000
0507  126.50   981.9     25.73     92.4      97   112     3.60     -3.33      1.38    11    -0.5      97     0   0   0   0      24.496   -80.200
0508  126.75  -999.0   -999.00   -999.0    -999   112     3.61     -3.33      1.38    13  -999.0    -999     0   0   0   0    -999.000  -999.000
0509  127.00   982.5     25.78     92.2      92   112     3.61     -3.34      1.38    13    -0.5      92     0   0   0   0      24.496   -80.200
0510  127.25  -999.0   -999.00   -999.0    -999   113     3.62     -3.34      1.39    13  -999.0    -999     0   0   0   0    -999.000  -999.000
0511  127.50   983.0     25.83     92.0      87   113     3.62     -3.34      1.39    13    -0.4      87     0   0   0   0      24.496   -80.200
0512  127.75  -999.0   -999.00   -999.0    -999   113     3.62     -3.34      1.40    12  -999.0    -999     0   0   0   0    -999.000  -999.000
0513  128.00   983.6     25.88     91.8      82   113     3.62     -3.34      1.40    13    -0.4      82     0   0   0   0      24.496   -80.200
0514  128.25  -999.0   -999.00   -999.0    -999   113     3.62     -3.34      1.41    13  -999.0    -999     0   0   0   0    -999.000  -999.000
0515  128.50   984.2     25.94     91.6      77   113     3.62     -3.33      1.41    12    -0.3      77     0   0   0   0      24.496   -80.200
0516  128.75  -999.0   -999.00   -999.0    -999   113     3.61     -3.32      1.42    11  -999.0    -999     0   0   0   0    -999.000  -999.000
0517  129.00   984.7     25.99     91.4      72   113     3.60     -3.31      1.42    11    -0.3      72     0   0   0   0      24.496   -80.200
0518  129.25  -999.0   -999.00   -999.0    -999   113     3.59     -3.29      1.43    11  -999.0    -999     0   0   0   0    -999.000  -999.000
0519  129.50   985.3     26.05     91.2      67   114     3.57     -3.28      1.42    11    -0.2      67     0   0   0   0      24.496   -80.200
0520  129.75  -999.0   -999.00   -999.0    -999   114     3.55     -3.26      1.42    11  -999.0    -999     0   0   0   0    -999.000  -999.000
0521  130.00   985.8     26.10     91.0      62   114     3.53     -3.24      1.42    11    -0.2      62     0   0   0   0      24.496   -80.200
0522  130.25  -999.0   -999.00   -999.0    -999   114     3.51     -3.22      1.41    11  -999.0    -999     0   0   0   0    -999.000  -999.000
0523  130.50   986.4     26.16     90.9      57   114     3.49     -3.19      1.40    11    -0.1      57     0   0   0   0      24.496   -80.200
0524  130.75  -999.0   -999.00   -999.0    -999   114     3.46     -3.17      1.39    12  -999.0    -999     0   0   0   0    -999.000  -999.000
0525  131.00   986.9     26.21     90.7      52   114     3.44     -3.15      1.38    12    -0.1      52     0   0   0   0      24.496   -80.200
0526  131.25  -999.0   -999.00   -999.0    -999   114     3.42     -3.13      1.37    12  -999.0    -999     0   0   0   0    -999.000  -999.000
0527  131.50   987.5     26.27     90.6      47   114     3.40     -3.11      1.36    12    -0.0      47     0   0   0   0      24.496   -80.200
0528  131.75  -999.0   -999.00   -999.0    -999   114     3.38     -3.10      1.36    10  -999.0    -999     0   0   0   0    -999.000  -999.000
0529  132.00   988.0     26.32     90.4      42   114     3.36     -3.07      1.35    10    -0.0      42     0   0   0   0      24.496   -80.200
0530  132.25  -999.0   -999.00   -999.0    -999   114     3.34     -3.06      1.35    10  -999.0    -999     0   0   0   0    -999.000  -999.000
0531  132.50   988.6     26.38     90.2      37   114     3.33     -3.05      1.34    10    -0.0      37     0   0   0   0      24.496   -80.200
0532  132.75  -999.0   -999.00   -999.0    -999   113     3.33     -3.06      1.31     9  -999.0    -999     0   0   0   0    -999.000  -999.000
0533  133.00   989.1     26.43     90.1      33   113     3.34     -3.08      1.29    10    -0.0      33     0   0   0   0      24.496   -80.201
0534  133.25  -999.0   -999.00   -999.0    -999   112     3.36     -3.12      1.27    10  -999.0    -999     0   0   0   0    -999.000  -999.000
0535  133.50   989.6     26.48     89.9      28   112     3.39     -3.15      1.27    10    -0.0      28     0   0   0   0      24.496   -80.201
0536  133.75  -999.0   -999.00   -999.0    -999   112     3.41     -3.15      1.30    11  -999.0    -999     0   0   0   0    -999.000  -999.000
0537  134.00   990.2     26.54     89.7      23   114     3.40     -3.12      1.36    11    -0.0      23     0   0   0   0      24.496   -80.201
0538  134.25  -999.0   -999.00   -999.0    -999   115     3.39     -3.07      1.45    11  -999.0    -999     0   0   0   0    -999.000  -999.000
0539  134.50   990.7     26.59     89.5      18   117     3.38     -3.00      1.55    10    -0.0      18     0   0   0   0      24.496   -80.201
0540  134.75  -999.0   -999.00   -999.0    -999   119     3.36     -2.93      1.65    12  -999.0    -999     0   0   0   0    -999.000  -999.000
0541  135.00   991.3     26.64     89.3      13   121     3.35     -2.87      1.73    12    -0.0      13     0   0   0   0      24.496   -80.201
0542  135.25  -999.0   -999.00   -999.0    -999   123     3.35     -2.82      1.81    12  -999.0    -999     0   0   0   0    -999.000  -999.000
0543  135.50   991.9     26.69     89.1       8   124     3.38     -2.80      1.89    11    -0.0       8     0   0   0   0      24.496   -80.201
0544  135.75  -999.0   -999.00   -999.0    -999   120     3.39     -2.93      1.71    12  -999.0    -999     0   0   0   0    -999.000  -999.000
0545  136.29   992.7     26.72     89.0       0  -999  -999.00   -999.00   -999.00  -999  -999.0       0     0   0   0   0    -999.000  -999.000
