 ===========================================================================
 DROPWINDSONDE PROCESSING RECORD                            Sonde: 022615233
 PDS file written Oct  2, 2002.                             Format:    V5.07
 Aircraft: N43RF                             Date: 021002   Time: 052731 UTC
 ---------------------------------------------------------------------------
 Bias corrections:  PR =    .0 mb  TE =    .0 C  RH =    .0 %  PRB =   .0 mb
 Filters (LPF):     PTH =  10 s    WIND =  10 s       Hyd anchor =       SFC
 Dyn RH correction =  N     WSHR COR =      Y         Splash PR  = 1008.4 mb
 Estimated PR used =  N     GPS VERR =    .31 m/s     HYD SFCP   = 1007.0 mb
 Dyn T correction  =  Y     WGACORR  =   -6.2 m       AC GA ADJ  =     .0 m
 ---------------------------------------------------------------------------
 COMMENTS: None                                                        
 ===========================================================================

 ==============================================================================
 Date: 021002   Lat:  24.82 N   TA:   17.0 C   PS:  818.1 mb   WD:   101 deg
 Time: 052731   Lon:  87.00 W   TD:   15.3 C   GA:   1805 m    WS:  30.3 m/s
 SID:  022615233                RH:   89.6 %   Navaid:   GP          
 ===========================================================================

IX      t (s)  P (mb)    T (C)    RH (%)  Z (m)   WD    WS (m/s)   U (m/s)   V (m/s)  NS  WZ (m/s)  ZW (m)   FP  FT  FH  FW   LAT (N)    LON (E)  ZW (ft)  WS (kt)  WS (mph)  THETAE (K)
0001      .4   818.7     16.98   -999.0    1816   102    30.31    -29.66      6.23  -999  -999.0    1809     3   3   0   4    24.8213   -87.0002     5936    58.80     67.90     -999.00
0002      .9   819.2     16.96   -999.0    1810   102    30.35    -29.71      6.18  -999  -999.0    1804     3   3   0   4    24.8214   -87.0004     5917    58.88     67.98     -999.00
0003     1.4   819.8     16.95   -999.0    1804   102    30.36    -29.73      6.17  -999  -999.0    1798     3   3   0   4    24.8214   -87.0005     5898    58.90     68.00     -999.00
0004     1.9   820.4     16.93   -999.0    1798   102    30.37    -29.74      6.15  -999  -999.0    1792     3   3   0   4    24.8214   -87.0007     5879    58.92     68.03     -999.00
0005     2.4   820.9     16.91   -999.0    1792   102    30.38    -29.75      6.14  -999  -999.0    1786     3   3   0   4    24.8214   -87.0008     5859    58.94     68.05     -999.00
0006     2.9   821.5     16.89   -999.0    1786   102    30.39    -29.77      6.13  -999  -999.0    1780     3   3   0   4    24.8215   -87.0010     5840    58.96     68.08     -999.00
0007     3.4   822.0     16.87   -999.0    1780   102    30.40    -29.78      6.11  -999  -999.0    1774     3   3   0   4    24.8215   -87.0011     5821    58.98     68.10     -999.00
0008     3.9   822.6     16.85   -999.0    1775   102    30.41    -29.80      6.10  -999  -999.0    1768     3   3   0   4    24.8215   -87.0013     5802    59.00     68.13     -999.00
0009     4.4   823.2     16.84   -999.0    1769   102    30.43    -29.81      6.08  -999  -999.0    1763     3   3   0   4    24.8216   -87.0014     5783    59.03     68.15     -999.00
0010     4.9   823.7     16.82   -999.0    1763   102    30.44    -29.83      6.07  -999  -999.0    1757     3   3   0   4    24.8216   -87.0015     5764    59.05     68.18     -999.00
0011     5.4   824.3     16.80   -999.0    1757   101    30.45    -29.84      6.06  -999  -999.0    1751     3   3   0   4    24.8216   -87.0017     5744    59.07     68.20     -999.00
0012     5.9   824.9     16.78   -999.0    1751   101    30.46    -29.85      6.04  -999  -999.0    1745     3   3   0   4    24.8216   -87.0018     5725    59.09     68.23     -999.00
0013     6.4   825.4     16.77   -999.0    1745   101    30.47    -29.87      6.03  -999  -999.0    1739     3   3   0   4    24.8217   -87.0020     5706    59.11     68.25     -999.00
0014     6.9   826.0     16.75   -999.0    1740   101    30.48    -29.88      6.01  -999  -999.0    1733     3   3   0   4    24.8217   -87.0021     5687    59.13     68.28     -999.00
0015     7.4   826.5     16.73   -999.0    1734   101    30.49    -29.90      6.00  -999  -999.0    1728     3   3   0   4    24.8217   -87.0023     5668    59.15     68.30     -999.00
0016     7.9   827.1     16.72   -999.0    1728   101    30.50    -29.91      5.98  -999  -999.0    1722     3   3   0   4    24.8217   -87.0024     5649    59.18     68.33     -999.00
0017     8.4   827.7     16.70   -999.0    1722   101    30.51    -29.92      5.97  -999  -999.0    1716     3   3   0   4    24.8218   -87.0026     5630    59.20     68.35     -999.00
0018     8.9   828.2     16.68   -999.0    1716   101    30.53    -29.94      5.96  -999  -999.0    1710     3   3   0   4    24.8218   -87.0027     5611    59.22     68.38     -999.00
0019     9.4   828.8     16.67   -999.0    1711   101    30.54    -29.95      5.94  -999  -999.0    1704     3   3   0   4    24.8218   -87.0029     5592    59.24     68.40     -999.00
0020     9.9   829.4     16.65   -999.0    1705   101    30.55    -29.97      5.93  -999  -999.0    1699     3   3   0   4    24.8218   -87.0030     5573    59.26     68.43     -999.00
0021    10.4   829.9     16.63   -999.0    1699   101    30.56    -29.98      5.91  -999  -999.0    1693     3   3   0   4    24.8219   -87.0031     5554    59.28     68.45     -999.00
0022    10.9   830.5     16.62     83.2    1693   101    30.57    -30.00      5.90  -999  -999.0    1687     3   3   0   4    24.8219   -87.0033     5535    59.31     68.48      341.97
0023    11.4   831.0     16.60     82.7    1687   101    30.58    -30.01      5.88  -999  -999.0    1681     3   3   0   4    24.8219   -87.0034     5516    59.33     68.50      341.61
0024    11.9   831.6     16.59     82.5    1682   101    30.59    -30.02      5.87  -999  -999.0    1676     3   3   0   4    24.8220   -87.0036     5497    59.35     68.53      341.38
0025    12.4   832.2     16.58     82.5    1676   101    30.60    -30.04      5.86  -999  -999.0    1670     3   3   0   4    24.8220   -87.0037     5478    59.37     68.55      341.25
0026    12.9   832.7     16.57     82.7    1670   101    30.61    -30.05      5.84  -999  -999.0    1664     3   3   0   4    24.8220   -87.0039     5459    59.39     68.58      341.20
0027    13.4   833.3     16.57     82.9    1664   101    30.63    -30.07      5.83  -999  -999.0    1658     3   3   0   4    24.8220   -87.0040     5440    59.41     68.60      341.18
0028    13.9   833.9     16.57     83.0    1659   101    30.64    -30.08      5.81  -999  -999.0    1652     3   3   0   4    24.8221   -87.0042     5421    59.44     68.63      341.16
0029    14.4   834.4     16.57     83.2    1653   101    30.65    -30.10      5.80  -999  -999.0    1647     0   0   0   4    24.8221   -87.0043     5402    59.46     68.65      341.15
0030    14.9   835.0     16.58     83.3    1647   101    30.66    -30.11      5.78  -999  -999.0    1641     0   0   0   4    24.8221   -87.0045     5383    59.48     68.68      341.14
0031    15.4   835.6     16.59     83.4    1641   101    30.67    -30.12      5.77  -999  -999.0    1635     0   0   0   4    24.8221   -87.0046     5363    59.50     68.70      341.13
0032    15.9   836.2     16.61     83.5    1635   101    30.68    -30.14      5.76  -999     1.4    1629     0   0   0   4    24.8222   -87.0048     5344    59.52     68.73      341.13
0033    16.4   836.7     16.63     83.6    1629   101    30.69    -30.15      5.74  -999     1.3    1623     0   0   0   4    24.8222   -87.0049     5324    59.55     68.76      341.14
0034    16.9   837.3     16.65     83.7    1623   101    30.71    -30.17      5.73  -999     1.2    1617     0   0   0   4    24.8222   -87.0051     5304    59.57     68.78      341.16
0035    17.4   837.9     16.68     83.8    1617   101    30.72    -30.18      5.71  -999     1.1    1611     0   0   0   4    24.8222   -87.0052     5285    59.59     68.81      341.20
0036    17.9   838.5     16.71     83.8    1611   101    30.73    -30.20      5.70  -999     1.1    1605     0   0   0   4    24.8223   -87.0054     5264    59.61     68.83      341.25
0037    18.4   839.1     16.74     83.9    1605   101    30.74    -30.21      5.68  -999     1.1    1598     0   0   0   4    24.8223   -87.0055     5244    59.64     68.86      341.30
0038    18.9   839.7     16.78     84.0    1598   101    30.75    -30.22      5.67  -999     1.1    1592     0   0   0   4    24.8223   -87.0057     5224    59.66     68.88      341.36
0039    19.4   840.3     16.82     84.0    1592   101    30.76    -30.24      5.66  -999     1.1    1586     0   0   0   4    24.8223   -87.0058     5204    59.68     68.91      341.42
0040    19.9   840.9     16.86     84.1    1586   101    30.77    -30.25      5.64  -999     1.1    1580     0   0   0   4    24.8224   -87.0060     5184    59.70     68.93      341.49
0041    20.4   841.5     16.90     84.2    1580   101    30.78    -30.27      5.63  -999     1.1    1574     0   0   0   4    24.8224   -87.0061     5164    59.72     68.96      341.56
0042    20.9   842.1     16.94     84.2    1574   101    30.80    -30.28      5.61  -999     1.2    1568     0   0   0   4    24.8224   -87.0063     5144    59.74     68.98      341.63
0043    21.4   842.7     16.98     84.2    1568   100    30.81    -30.29      5.60  -999     1.3    1562     0   0   0   4    24.8224   -87.0064     5124    59.77     69.01      341.70
0044    21.9   843.3     17.02     84.3    1562   100    30.82    -30.31      5.59  -999     1.3    1556     0   0   0   4    24.8225   -87.0066     5104    59.79     69.03      341.76
0045    22.4   843.9     17.07     84.2    1556   100    30.83    -30.32      5.57  -999     1.4    1550     0   0   0   4    24.8225   -87.0068     5085    59.81     69.06      341.82
0046    22.9   844.5     17.11     84.2    1550   100    30.84    -30.33      5.56  -999     1.5    1544     0   0   0   4    24.8225   -87.0069     5066    59.83     69.08      341.87
0047    23.4   845.1     17.15     84.2    1544   100    30.85    -30.35      5.54  -999     1.5    1538     0   0   0   4    24.8225   -87.0071     5046    59.85     69.10      341.91
0048    23.9   845.6     17.20     84.1    1538   100    30.86    -30.36      5.53  -999     1.5    1532     0   0   0   4    24.8226   -87.0072     5027    59.87     69.13      341.94
0049    24.4   846.2     17.24     84.0    1533   100    30.88    -30.38      5.51  -999     1.5    1526     0   0   0   4    24.8226   -87.0074     5008    59.90     69.16      341.97
0050    24.9   846.8     17.29     83.9    1527   100    30.89    -30.40      5.50  -999     1.5    1521     0   0   0   4    24.8226   -87.0075     4989    59.93     69.20      341.99
0051    25.4   847.4     17.33     83.8    1521   100    30.91    -30.42      5.49  -999     1.5    1515     0   0   0   4    24.8226   -87.0077     4970    59.97     69.24      342.01
0052    25.9   848.0     17.38     83.7    1515   100    30.93    -30.44      5.48  -999     1.4    1509     0   0   0   4    24.8227   -87.0078     4951    60.01     69.29      342.02
0053    26.4   848.5     17.42     83.6    1509   100    30.95    -30.47      5.47  -999     1.4    1503     0   0   0   4    24.8227   -87.0080     4931    60.05     69.34      342.04
0054    26.9   849.1     17.47     83.5    1503   100    30.98    -30.49      5.47  -999     1.3    1497     0   0   0   4    24.8227   -87.0081     4912    60.09     69.39      342.06
0055    27.4   849.7     17.51     83.4    1497   100    31.00    -30.51      5.46  -999     1.2    1491     0   0   0   4    24.8227   -87.0083     4892    60.14     69.44      342.08
0056    27.9   850.3     17.56     83.2    1491   100    31.02    -30.53      5.45  -999     1.1    1485     0   0   0   4    24.8228   -87.0084     4872    60.17     69.48      342.11
0057    28.4   850.9     17.61     83.1    1485   100    31.03    -30.55      5.45  -999     1.0    1479     0   0   0   4    24.8228   -87.0086     4852    60.20     69.51      342.13
0058    28.9   851.5     17.66     83.0    1479   100    31.03    -30.55      5.44  -999      .9    1473     0   0   0   4    24.8228   -87.0087     4832    60.21     69.52      342.16
0059    29.4   852.1     17.71     82.9    1473   100    31.03    -30.55      5.42  -999      .9    1467     0   0   0   4    24.8228   -87.0089     4812    60.19     69.50      342.19
0060    29.9   852.8     17.77     82.7    1467   100    31.01    -30.53      5.40  -999      .8    1461     3   3   3   4    24.8229   -87.0090     4792    60.15     69.45      342.22
0061    30.4   853.4     17.82     82.6    1460   100    30.97    -30.50      5.36  -999      .8    1454     0   0   0   4    24.8229   -87.0092     4771    60.09     69.38      342.24
0062    30.9   854.0     17.88     82.4    1454   100    30.92    -30.46      5.32  -999      .8    1448     0   0   0   4    24.8229   -87.0093     4751    59.99     69.27      342.27
0063    31.4   854.6     17.93     82.2    1448   100    30.86    -30.41      5.27  -999      .7    1442     0   0   0   4    24.8229   -87.0095     4730    59.87     69.13      342.29
0064    31.9   855.2     17.99     82.1    1442   100    30.79    -30.35      5.20     5      .7    1436     0   0   0   0    24.8230   -87.0097     4710    59.73     68.97      342.32
0065    32.4   855.9     18.04     81.9    1436   100    30.71    -30.28      5.12     5      .7    1429     0   0   0   0    24.8230   -87.0098     4689    59.58     68.79      342.34
0066    32.9   856.5     18.10     81.7    1429    99    30.63    -30.21      5.03     5      .7    1423     0   0   0   0    24.8230   -87.0100     4669    59.42     68.61      342.36
0067    33.4   857.1     18.15     81.6    1423    99    30.55    -30.15      4.94     5      .6    1417     0   0   0   0    24.8230   -87.0101     4648    59.27     68.43      342.38
0068    33.9   857.7     18.21     81.4    1417    99    30.48    -30.09      4.84     5      .6    1411     0   0   0   0    24.8230   -87.0103     4628    59.13     68.27      342.40
0069    34.4   858.4     18.26     81.3    1410    99    30.42    -30.05      4.74     5      .6    1404     0   0   0   0    24.8231   -87.0104     4607    59.02     68.15      342.43
0070    34.9   859.0     18.31     81.1    1404    99    30.39    -30.03      4.65     5      .5    1398     0   0   0   0    24.8231   -87.0106     4587    58.95     68.06      342.44
0071    35.4   859.6     18.36     81.0    1398    99    30.37    -30.02      4.57     5      .4    1392     0   0   0   0    24.8231   -87.0107     4566    58.92     68.03      342.46
0072    35.9   860.3     18.41     80.9    1391    99    30.37    -30.04      4.50     5      .4    1385     0   0   0   0    24.8231   -87.0108     4545    58.93     68.04      342.47
0073    36.4   860.9     18.46     80.7    1385    98    30.40    -30.07      4.45     5      .3    1379     0   0   0   0    24.8232   -87.0110     4524    58.98     68.10      342.48
0074    36.9   861.6     18.51     80.6    1379    98    30.45    -30.13      4.42     5      .2    1372     0   0   0   0    24.8232   -87.0111     4503    59.07     68.20      342.49
0075    37.4   862.2     18.56     80.4    1372    98    30.51    -30.19      4.42     5      .2    1366     0   0   0   0    24.8232   -87.0113     4481    59.19     68.35      342.49
0076    37.9   862.9     18.60     80.3    1365    98    30.58    -30.26      4.43     5      .1    1359     0   0   0   0    24.8232   -87.0114     4460    59.33     68.51      342.48
0077    38.4   863.5     18.65     80.1    1359    98    30.66    -30.34      4.47     5      .1    1353     0   0   0   0    24.8232   -87.0116     4438    59.49     68.69      342.48
0078    38.9   864.2     18.69     80.0    1352    98    30.74    -30.41      4.51     5      .1    1346     0   0   0   0    24.8233   -87.0117     4417    59.64     68.87      342.47
0079    39.4   864.8     18.74     79.9    1346    99    30.82    -30.48      4.57     5      .1    1340     0   0   0   0    24.8233   -87.0119     4395    59.79     69.03      342.47
0080    39.9   865.5     18.77     79.9    1339    99    30.88    -30.53      4.64     5      .1    1333     0   0   0   0    24.8233   -87.0121     4374    59.91     69.18      342.48
0081    40.4   866.1     18.81     79.9    1333    99    30.94    -30.58      4.70     5      .1    1327     0   0   0   0    24.8233   -87.0122     4352    60.02     69.30      342.49
0082    40.9   866.8     18.84     79.9    1326    99    30.97    -30.60      4.76     5      .2    1320     0   0   0   0    24.8233   -87.0124     4331    60.09     69.38      342.52
0083    41.4   867.5     18.86     80.1    1320    99    30.99    -30.62      4.81     5      .3    1314     0   0   0   0    24.8234   -87.0125     4310    60.13     69.42      342.57
0084    41.9   868.1     18.88     80.3    1313    99    31.00    -30.61      4.85     5      .3    1307     0   0   0   0    24.8234   -87.0127     4289    60.13     69.43      342.62
0085    42.4   868.7     18.89     80.6    1307    99    30.98    -30.60      4.87     5      .4    1301     0   0   0   0    24.8234   -87.0128     4268    60.10     69.40      342.70
0086    42.9   869.4     18.89     81.0    1301    99    30.95    -30.56      4.87     5      .5    1295     0   0   0   0    24.8234   -87.0130     4247    60.04     69.33      342.78
0087    43.4   870.0     18.88     81.4    1294    99    30.90    -30.52      4.86     5      .6    1288     0   0   0   0    24.8234   -87.0131     4227    59.95     69.22      342.87
0088    43.9   870.6     18.87     81.9    1288    99    30.83    -30.45      4.83     5      .7    1282     0   0   0   0    24.8235   -87.0133     4206    59.82     69.07      342.97
0089    44.4   871.3     18.85     82.4    1282    99    30.75    -30.38      4.78     5      .7    1276     0   0   0   0    24.8235   -87.0134     4186    59.66     68.88      343.05
0090    44.9   871.9     18.84     82.9    1276    99    30.65    -30.28      4.72     5      .8    1270     0   0   0   0    24.8235   -87.0136     4166    59.46     68.66      343.13
0091    45.4   872.5     18.82     83.4    1270    99    30.53    -30.18      4.65     5      .9    1264     0   0   0   0    24.8235   -87.0137     4146    59.23     68.39      343.20
0092    45.9   873.1     18.80     83.9    1264    99    30.40    -30.05      4.56     5      .9    1257     0   0   0   0    24.8236   -87.0139     4126    58.97     68.09      343.24
0093    46.4   873.7     18.78     84.3    1258    98    30.24    -29.91      4.46     5     1.0    1251     0   0   0   0    24.8236   -87.0140     4106    58.68     67.75      343.27
0094    46.9   874.3     18.77     84.6    1252    98    30.08    -29.76      4.36     5     1.1    1245     0   0   0   0    24.8236   -87.0142     4086    58.35     67.37      343.27
0095    47.4   875.0     18.76     84.9    1246    98    29.90    -29.59      4.25     5     1.1    1239     0   0   0   0    24.8236   -87.0143     4066    58.00     66.97      343.25
0096    47.9   875.6     18.76     85.0    1240    98    29.70    -29.41      4.14     5     1.2    1233     0   0   0   0    24.8236   -87.0145     4047    57.62     66.53      343.22
0097    48.4   876.2     18.76     85.1    1234    98    29.50    -29.22      4.03     5     1.2    1228     0   0   0   0    24.8236   -87.0146     4027    57.23     66.08      343.17
0098    48.9   876.8     18.78     85.0    1228    98    29.29    -29.03      3.92     5     1.3    1222     0   0   0   0    24.8237   -87.0147     4008    56.83     65.61      343.12
0099    49.4   877.4     18.80     85.0    1222    98    29.09    -28.83      3.83     5     1.3    1216     0   0   0   0    24.8237   -87.0149     3989    56.43     65.15      343.07
0100    49.9   878.0     18.83     84.8    1216    97    28.89    -28.64      3.75     5     1.3    1210     0   0   0   0    24.8237   -87.0150     3969    56.04     64.71      343.03
0101    50.4   878.6     18.86     84.7    1210    97    28.70    -28.46      3.68     5     1.4    1204     3   3   3   0    24.8237   -87.0152     3950    55.68     64.29      342.99
0102    50.9   879.1     18.90     84.5    1204    97    28.53    -28.30      3.63     5     1.4    1198     0   0   0   0    24.8237   -87.0153     3931    55.35     63.91      342.97
0103    51.4   879.7     18.94     84.4    1199    97    28.38    -28.15      3.60     5     1.4    1192     0   0   0   0    24.8238   -87.0154     3912    55.06     63.57      342.96
0104    51.9   880.3     18.99     84.3    1193    97    28.25    -28.02      3.59     5     1.4    1187     0   0   0   0    24.8238   -87.0156     3893    54.81     63.29      342.96
0105    52.4   880.9     19.03     84.1    1187    97    28.15    -27.92      3.59     5     1.4    1181     0   0   0   0    24.8238   -87.0157     3874    54.62     63.06      342.98
0106    52.9   881.5     19.08     84.1    1181    97    28.08    -27.85      3.60     5     1.4    1175     0   0   0   0    24.8238   -87.0159     3855    54.48     62.90      343.01
0107    53.4   882.1     19.12     84.0    1175    97    28.03    -27.80      3.62     5     1.4    1169     0   0   0   0    24.8238   -87.0160     3836    54.39     62.80      343.05
0108    53.9   882.7     19.16     84.0    1170    97    28.01    -27.78      3.64     5     1.3    1163     0   0   0   0    24.8238   -87.0161     3817    54.35     62.75      343.09
0109    54.4   883.3     19.20     84.0    1164    98    28.02    -27.78      3.67     6     1.3    1158     0   0   0   0    24.8239   -87.0163     3798    54.35     62.76      343.14
0110    54.9   883.9     19.24     83.9    1158    98    28.04    -27.80      3.68     6     1.2    1152     0   0   0   0    24.8239   -87.0164     3779    54.40     62.81      343.17
0111    55.4   884.5     19.27     83.9    1152    98    28.09    -27.84      3.69     6     1.2    1146     0   0   0   0    24.8239   -87.0165     3759    54.49     62.91      343.21
0112    55.9   885.1     19.31     83.9    1146    98    28.15    -27.91      3.68     6     1.1    1140     0   0   0   0    24.8239   -87.0167     3740    54.61     63.05      343.23
0113    56.4   885.7     19.34     83.9    1140    97    28.23    -27.99      3.66     6     1.1    1134     0   0   0   0    24.8239   -87.0168     3720    54.76     63.23      343.25
0114    56.9   886.3     19.37     83.9    1134    97    28.32    -28.08      3.62     6     1.0    1128     0   0   0   0    24.8239   -87.0170     3701    54.93     63.43      343.26
0115    57.4   886.9     19.40     83.9    1128    97    28.42    -28.19      3.57     6     1.0    1122     0   0   0   0    24.8240   -87.0171     3681    55.13     63.66      343.27
0116    57.9   887.6     19.43     83.8    1122    97    28.53    -28.32      3.51     6      .9    1116     0   0   0   0    24.8240   -87.0172     3661    55.35     63.91      343.27
0117    58.4   888.2     19.46     83.8    1116    97    28.66    -28.45      3.44     6      .9    1110     0   0   0   0    24.8240   -87.0174     3642    55.59     64.19      343.28
0118    58.9   888.8     19.49     83.8    1110    97    28.79    -28.59      3.37     6      .9    1104     0   0   0   0    24.8240   -87.0175     3622    55.85     64.49      343.28
0119    59.4   889.4     19.52     83.8    1104    97    28.93    -28.74      3.30     6      .8    1098     0   0   0   0    24.8240   -87.0177     3602    56.12     64.80      343.29
0120    59.9   890.1     19.56     83.8    1098    96    29.07    -28.89      3.24     6      .8    1092     0   0   0   0    24.8240   -87.0178     3582    56.40     65.13      343.31
0121    60.4   890.7     19.59     83.8    1092    96    29.22    -29.05      3.20     6      .8    1086     0   0   0   0    24.8240   -87.0180     3562    56.69     65.45      343.33
0122    60.9   891.3     19.62     83.8    1086    96    29.37    -29.20      3.16     6      .7    1080     0   0   0   0    24.8241   -87.0181     3542    56.97     65.78      343.35
0123    61.4   892.0     19.65     83.8    1080    96    29.50    -29.34      3.14     6      .7    1073     0   0   0   0    24.8241   -87.0182     3522    57.24     66.09      343.39
0124    61.9   892.6     19.69     83.8    1073    96    29.63    -29.47      3.13     6      .7    1067     0   0   0   0    24.8241   -87.0184     3502    57.49     66.38      343.43
0125    62.4   893.2     19.72     83.9    1067    96    29.75    -29.58      3.13     6      .6    1061     0   0   0   0    24.8241   -87.0185     3481    57.71     66.63      343.47
0126    62.9   893.9     19.75     83.9    1061    96    29.84    -29.68      3.13     6      .6    1055     0   0   0   0    24.8241   -87.0187     3461    57.90     66.85      343.51
0127    63.4   894.5     19.79     83.9    1055    96    29.92    -29.75      3.14     6      .6    1049     0   0   0   0    24.8241   -87.0188     3441    58.04     67.01      343.56
0128    63.9   895.1     19.82     84.0    1049    96    29.96    -29.80      3.14     6      .6    1043     0   0   0   0    24.8241   -87.0190     3421    58.12     67.11      343.61
0129    64.4   895.8     19.86     84.0    1043    96    29.98    -29.81      3.13     6      .6    1036     0   0   0   0    24.8242   -87.0191     3400    58.15     67.15      343.66
0130    64.9   896.4     19.89     84.0    1036    96    29.96    -29.80      3.11     6      .7    1030     0   0   0   0    24.8242   -87.0193     3380    58.12     67.11      343.70
0131    65.4   897.0     19.93     84.0    1030    96    29.91    -29.75      3.08     6      .7    1024     0   0   0   0    24.8242   -87.0194     3360    58.02     66.99      343.74
0132    65.9   897.7     19.97     84.0    1024    96    29.82    -29.67      3.04     6      .8    1018     0   0   0   0    24.8242   -87.0195     3340    57.86     66.80      343.78
0133    66.4   898.3     20.01     84.0    1018    96    29.71    -29.56      2.99     6      .8    1012     0   0   0   0    24.8242   -87.0197     3320    57.63     66.55      343.82
0134    66.9   898.9     20.04     84.0    1012    96    29.57    -29.42      2.92     6      .9    1006     0   0   0   0    24.8242   -87.0198     3300    57.36     66.23      343.85
0135    67.4   899.6     20.08     83.9    1006    96    29.41    -29.27      2.84     6      .9    1000     0   0   0   0    24.8242   -87.0200     3281    57.05     65.87      343.88
0136    67.9   900.2     20.13     83.9    1000    95    29.23    -29.10      2.76     6     1.0     994     0   0   0   0    24.8242   -87.0201     3261    56.71     65.48      343.92
0137    68.4   900.8     20.17     83.8     994    95    29.06    -28.93      2.68     6     1.1     988     0   0   0   0    24.8243   -87.0203     3242    56.37     65.08      343.95
0138    68.9   901.4     20.21     83.8     988    95    28.88    -28.76      2.60     6     1.1     982     0   0   0   0    24.8243   -87.0204     3222    56.03     64.69      343.98
0139    69.4   902.0     20.25     83.7     982    95    28.72    -28.61      2.53     6     1.2     976     0   0   0   0    24.8243   -87.0206     3203    55.71     64.33      344.02
0140    69.9   902.6     20.29     83.7     977    95    28.57    -28.47      2.46     6     1.2     970     0   0   0   0    24.8243   -87.0207     3184    55.43     64.00      344.06
0141    70.4   903.2     20.33     83.6     971    95    28.46    -28.36      2.39     6     1.2     965     0   0   0   0    24.8243   -87.0208     3165    55.21     63.74      344.10
0142    70.9   903.8     20.37     83.6     965    95    28.37    -28.28      2.34     6     1.2     959     0   0   0   3    24.8243   -87.0210     3146    55.04     63.55      344.14
0143    71.4   904.4     20.42     83.5     959    95    28.32    -28.23      2.29     6     1.2     953     0   0   0   0    24.8243   -87.0211     3127    54.95     63.45      344.18
0144    71.9   905.1     20.46     83.5     953    95    28.32    -28.22      2.26     6     1.2     947     0   0   0   0    24.8243   -87.0212     3108    54.93     63.43      344.22
0145    72.4   905.7     20.50     83.4     948    95    28.34    -28.25      2.23     6     1.2     941     0   0   0   0    24.8243   -87.0214     3089    54.98     63.49      344.25
0146    72.9   906.3     20.54     83.3     942    94    28.40    -28.32      2.21     6     1.1     936     0   0   0   0    24.8244   -87.0215     3069    55.10     63.62      344.27
0147    73.4   906.9     20.59     83.2     936    94    28.49    -28.41      2.21     6     1.1     930     0   0   0   0    24.8244   -87.0217     3050    55.28     63.82      344.30
0148    73.9   907.5     20.63     83.1     930    94    28.61    -28.52      2.20     6     1.0     924     0   0   0   0    24.8244   -87.0218     3031    55.49     64.08      344.31
0149    74.4   908.1     20.67     83.0     924    94    28.73    -28.65      2.21     6     1.0     918     0   0   0   0    24.8244   -87.0219     3011    55.74     64.36      344.32
0150    74.9   908.7     20.72     82.9     918    94    28.87    -28.78      2.22     6     1.0     912     0   0   0   0    24.8244   -87.0221     2992    56.00     64.66      344.33
0151    75.4   909.4     20.77     82.7     912    94    29.00    -28.91      2.23     6      .9     906     0   0   0   0    24.8244   -87.0222     2972    56.26     64.96      344.33
0152    75.9   910.0     20.81     82.5     906    94    29.13    -29.04      2.25     6      .9     900     0   0   0   0    24.8244   -87.0224     2953    56.51     65.25      344.33
0153    76.4   910.6     20.86     82.4     900    94    29.24    -29.15      2.27     6      .9     894     0   0   0   0    24.8244   -87.0225     2933    56.73     65.50      344.33
0154    76.9   911.3     20.91     82.2     894    94    29.34    -29.25      2.30     6      .8     888     0   0   0   0    24.8244   -87.0227     2913    56.92     65.72      344.34
0155    77.4   911.9     20.96     82.1     888    95    29.42    -29.33      2.33     6      .8     882     0   0   0   0    24.8244   -87.0228     2894    57.08     65.90      344.35
0156    77.9   912.5     21.00     82.0     882    95    29.48    -29.39      2.37     6      .8     876     0   0   0   0    24.8244   -87.0230     2874    57.20     66.04      344.36
0157    78.4   913.2     21.05     81.8     876    95    29.53    -29.43      2.42     6      .8     870     0   0   0   0    24.8245   -87.0231     2854    57.28     66.14      344.38
0158    78.9   913.8     21.09     81.8     870    95    29.55    -29.45      2.47     6      .8     864     0   0   0   0    24.8245   -87.0232     2834    57.33     66.20      344.40
0159    79.4   914.4     21.13     81.7     864    95    29.57    -29.46      2.53     6      .8     858     0   0   0   0    24.8245   -87.0234     2815    57.36     66.23      344.43
0160    79.9   915.1     21.17     81.7     858    95    29.57    -29.46      2.60     6      .8     852     0   0   0   0    24.8245   -87.0235     2795    57.37     66.25      344.46
0161    80.4   915.7     21.21     81.6     852    95    29.58    -29.46      2.67     6      .8     846     0   0   0   0    24.8245   -87.0237     2775    57.38     66.25      344.49
0162    80.9   916.3     21.25     81.6     846    95    29.58    -29.45      2.74     6      .8     840     0   0   0   0    24.8245   -87.0238     2755    57.38     66.25      344.53
0163    81.4   917.0     21.28     81.7     840    95    29.58    -29.44      2.81     6      .8     834     0   0   0   0    24.8245   -87.0240     2736    57.38     66.25      344.56
0164    81.9   917.6     21.31     81.7     834    96    29.58    -29.44      2.88     6      .8     828     0   0   0   0    24.8245   -87.0241     2716    57.39     66.27      344.60
0165    82.4   918.2     21.34     81.7     828    96    29.59    -29.44      2.94     6      .8     822     0   0   0   0    24.8246   -87.0243     2696    57.41     66.28      344.63
0166    82.9   918.9     21.37     81.7     822    96    29.60    -29.45      3.00     6      .9     816     0   0   0   0    24.8246   -87.0244     2676    57.43     66.31      344.66
0167    83.4   919.5     21.40     81.8     816    96    29.62    -29.46      3.04     6      .9     810     0   0   0   0    24.8246   -87.0246     2657    57.46     66.34      344.68
0168    83.9   920.1     21.42     81.8     810    96    29.63    -29.47      3.06     6      .9     804     0   0   0   0    24.8246   -87.0247     2637    57.48     66.37      344.71
0169    84.4   920.7     21.44     81.9     804    96    29.64    -29.48      3.06     6     1.0     798     0   0   0   0    24.8246   -87.0248     2618    57.51     66.40      344.74
0170    84.9   921.4     21.47     82.0     798    96    29.65    -29.49      3.05     6     1.0     792     0   0   0   0    24.8246   -87.0250     2598    57.52     66.42      344.78
0171    85.4   922.0     21.49     82.1     792    96    29.66    -29.50      3.02     6     1.0     786     0   0   0   0    24.8246   -87.0251     2579    57.53     66.43      344.82
0172    85.9   922.6     21.51     82.2     786    96    29.65    -29.50      2.97     6     1.0     780     0   0   0   0    24.8247   -87.0253     2560    57.53     66.42      344.86
0173    86.4   923.2     21.53     82.4     781    96    29.64    -29.50      2.91     6     1.1     774     0   0   0   0    24.8247   -87.0254     2541    57.51     66.40      344.92
0174    86.9   923.9     21.54     82.6     775    95    29.63    -29.50      2.83     6     1.1     769     0   0   0   0    24.8247   -87.0256     2522    57.48     66.37      344.98
0175    87.4   924.5     21.56     82.8     769    95    29.61    -29.49      2.74     6     1.1     763     0   0   0   0    24.8247   -87.0257     2502    57.45     66.33      345.06
0176    87.9   925.1     21.57     83.0     763    95    29.59    -29.48      2.65     6     1.1     757     0   0   0   0    24.8247   -87.0259     2483    57.41     66.29      345.14
0177    88.4   925.7     21.58     83.3     757    95    29.58    -29.47      2.55     6     1.1     751     0   0   0   0    24.8247   -87.0260     2464    57.38     66.25      345.22
0178    88.9   926.3     21.60     83.5     751    95    29.57    -29.46      2.45     6     1.0     745     0   0   0   0    24.8247   -87.0261     2445    57.36     66.23      345.32
0179    89.4   927.0     21.61     83.8     745    95    29.56    -29.47      2.34     6     1.0     739     0   0   0   0    24.8247   -87.0263     2426    57.35     66.22      345.41
0180    89.9   927.6     21.62     84.1     740    94    29.56    -29.48      2.23     6     1.0     733     0   0   0   0    24.8247   -87.0264     2406    57.36     66.23      345.50
0181    90.4   928.2     21.63     84.3     734    94    29.58    -29.50      2.12     6     1.0     728     0   0   0   0    24.8248   -87.0266     2387    57.39     66.26      345.60
0182    90.9   928.8     21.65     84.6     728    94    29.61    -29.54      2.01     6     1.0     722     0   0   0   0    24.8248   -87.0267     2368    57.44     66.32      345.68
0183    91.4   929.5     21.66     84.8     722    94    29.64    -29.58      1.89     7     1.0     716     0   0   0   0    24.8248   -87.0269     2348    57.51     66.40      345.77
0184    91.9   930.1     21.68     85.0     716    93    29.69    -29.64      1.77     7     1.0     710     0   0   0   0    24.8248   -87.0270     2329    57.60     66.51      345.84
0185    92.4   930.7     21.70     85.2     710    93    29.75    -29.70      1.64     7     1.0     704     0   0   0   0    24.8248   -87.0272     2310    57.71     66.64      345.91
0186    92.9   931.4     21.73     85.3     704    93    29.81    -29.77      1.50     7     1.0     698     0   0   0   0    24.8248   -87.0273     2290    57.84     66.78      345.98
0187    93.4   932.0     21.75     85.4     698    93    29.88    -29.85      1.36     7     1.0     692     0   0   0   0    24.8248   -87.0275     2271    57.96     66.92      346.03
0188    93.9   932.6     21.78     85.5     692    92    29.94    -29.91      1.22     7     1.0     686     0   0   0   0    24.8248   -87.0276     2252    58.08     67.06      346.08
0189    94.4   933.3     21.81     85.5     687    92    29.99    -29.98      1.07     7     1.0     680     0   0   0   0    24.8248   -87.0277     2232    58.19     67.19      346.13
0190    94.9   933.9     21.84     85.5     681    92    30.04    -30.02       .93     7     1.0     675     0   0   0   0    24.8248   -87.0279     2213    58.28     67.29      346.17
0191    95.4   934.5     21.88     85.5     675    92    30.07    -30.06       .79     7     1.1     669     0   0   0   0    24.8248   -87.0280     2194    58.33     67.35      346.20
0192    95.9   935.1     21.92     85.5     669    91    30.08    -30.07       .67     7     1.1     663     0   0   0   0    24.8248   -87.0282     2175    58.36     67.38      346.24
0193    96.4   935.7     21.96     85.4     663    91    30.07    -30.07       .56     7     1.1     657     0   0   0   0    24.8248   -87.0283     2156    58.34     67.37      346.27
0194    96.9   936.4     22.00     85.3     658    91    30.05    -30.04       .48     7     1.1     651     0   0   0   0    24.8248   -87.0285     2137    58.29     67.30      346.29
0195    97.4   937.0     22.04     85.2     652    91    30.00    -30.00       .42     7     1.1     646     0   0   0   0    24.8248   -87.0286     2118    58.20     67.20      346.32
0196    97.9   937.6     22.08     85.1     646    91    29.93    -29.93       .39     7     1.1     640     0   0   0   0    24.8248   -87.0288     2099    58.07     67.05      346.34
0197    98.4   938.2     22.13     85.0     640    91    29.85    -29.85       .39     7     1.1     634     0   0   0   0    24.8248   -87.0289     2080    57.92     66.87      346.36
0198    98.9   938.9     22.18     84.9     634    91    29.76    -29.76       .42     7     1.0     628     0   0   0   0    24.8248   -87.0290     2061    57.74     66.67      346.37
0199    99.4   939.5     22.23     84.7     629    91    29.66    -29.66       .47     7     1.0     622     0   0   0   0    24.8248   -87.0292     2042    57.55     66.45      346.39
0200    99.9   940.1     22.28     84.6     623    91    29.56    -29.56       .54     7     1.0     617     0   0   0   0    24.8248   -87.0293     2023    57.35     66.22      346.40
0201   100.4   940.7     22.32     84.4     617    91    29.46    -29.45       .62     7     1.0     611     0   0   0   0    24.8248   -87.0295     2004    57.15     65.99      346.42
0202   100.9   941.4     22.37     84.2     611    91    29.37    -29.36       .71     7     1.0     605     0   0   0   0    24.8248   -87.0296     1984    56.97     65.78      346.44
0203   101.4   942.0     22.42     84.1     605    92    29.28    -29.27       .80     7     1.0     599     0   0   0   0    24.8248   -87.0298     1965    56.80     65.59      346.45
0204   101.9   942.6     22.47     84.0     599    92    29.21    -29.20       .88     7      .9     593     0   0   0   0    24.8249   -87.0299     1946    56.67     65.43      346.47
0205   102.4   943.3     22.52     83.8     593    92    29.15    -29.14       .96     7      .9     587     0   0   0   0    24.8249   -87.0301     1927    56.56     65.30      346.50
0206   102.9   943.9     22.57     83.7     588    92    29.11    -29.10      1.02     7      .9     581     0   0   0   0    24.8249   -87.0302     1907    56.48     65.21      346.52
0207   103.4   944.5     22.61     83.6     582    92    29.09    -29.07      1.06     7      .9     576     0   0   0   0    24.8249   -87.0303     1888    56.43     65.16      346.55
0208   103.9   945.2     22.66     83.5     576    92    29.08    -29.06      1.08     7      .9     570     0   0   0   0    24.8249   -87.0305     1869    56.41     65.13      346.57
0209   104.4   945.8     22.70     83.4     570    92    29.08    -29.06      1.09     7      .9     564     0   0   0   0    24.8249   -87.0306     1850    56.41     65.13      346.60
0210   104.9   946.5     22.74     83.3     564    92    29.09    -29.07      1.07     7      .9     558     0   0   0   0    24.8249   -87.0308     1830    56.43     65.15      346.63
0211   105.4   947.1     22.79     83.2     558    92    29.10    -29.08      1.04     7      .9     552     0   0   0   0    24.8249   -87.0309     1811    56.45     65.18      346.66
0212   105.9   947.7     22.83     83.2     552    92    29.11    -29.10      1.00     7      .9     546     0   0   0   0    24.8249   -87.0311     1792    56.48     65.22      346.69
0213   106.4   948.4     22.87     83.1     546    92    29.13    -29.11       .93     7      .9     540     0   0   0   0    24.8249   -87.0312     1772    56.51     65.25      346.72
0214   106.9   949.0     22.91     83.1     540    92    29.14    -29.13       .86     7      .9     534     0   0   0   0    24.8249   -87.0314     1753    56.53     65.27      346.76
0215   107.4   949.6     22.95     83.0     535    92    29.15    -29.14       .77     7      .8     528     0   0   0   0    24.8249   -87.0315     1734    56.54     65.29      346.81
0216   107.9   950.3     22.99     83.0     529    91    29.15    -29.14       .67     7      .8     523     0   0   0   0    24.8249   -87.0317     1714    56.54     65.29      346.86
0217   108.4   950.9     23.02     83.0     523    91    29.14    -29.14       .55     7      .9     517     0   0   0   0    24.8249   -87.0318     1695    56.53     65.28      346.92
0218   108.9   951.6     23.06     83.1     517    91    29.13    -29.13       .43     7      .9     511     0   0   0   0    24.8249   -87.0319     1676    56.51     65.25      346.98
0219   109.4   952.2     23.10     83.1     511    91    29.11    -29.11       .29     7      .9     505     0   0   0   3    24.8249   -87.0321     1656    56.48     65.21      347.06
0220   109.9   952.8     23.13     83.2     505    90    29.09    -29.09       .14     7      .9     499     0   0   0   0    24.8249   -87.0322     1637    56.44     65.16      347.15
0221   110.4   953.5     23.17     83.3     499    90    29.07    -29.07      -.01     7      .9     493     0   0   0   0    24.8249   -87.0324     1618    56.39     65.11      347.25
0222   110.9   954.1     23.20     83.4     493    90    29.04    -29.04      -.18     7      .9     487     0   0   0   0    24.8249   -87.0325     1599    56.34     65.05      347.36
0223   111.4   954.8     23.23     83.6     488    89    29.01    -29.01      -.35     7     1.0     481     0   0   0   0    24.8249   -87.0327     1580    56.29     64.99      347.47
0224   111.9   955.4     23.26     83.7     482    89    28.99    -28.98      -.53     7     1.0     476     0   0   0   0    24.8249   -87.0328     1561    56.24     64.93      347.58
0225   112.4   956.0     23.29     83.9     476    89    28.96    -28.95      -.71     7     1.0     470     0   0   0   0    24.8249   -87.0330     1541    56.18     64.87      347.69
0226   112.9   956.6     23.32     84.0     470    88    28.93    -28.91      -.89     7     1.0     464     0   0   0   0    24.8249   -87.0331     1522    56.12     64.80      347.80
0227   113.4   957.3     23.35     84.1     464    88    28.89    -28.87     -1.07     7     1.0     458     0   0   0   0    24.8249   -87.0332     1504    56.05     64.72      347.89
0228   113.9   957.9     23.38     84.3     459    88    28.85    -28.83     -1.25     7     1.0     452     0   0   0   0    24.8249   -87.0334     1485    55.98     64.63      347.98
0229   114.4   958.5     23.41     84.3     453    87    28.81    -28.77     -1.42     7     1.0     447     0   0   0   0    24.8249   -87.0335     1466    55.89     64.53      348.06
0230   114.9   959.2     23.44     84.4     447    87    28.75    -28.71     -1.59     7     1.0     441     0   0   0   0    24.8249   -87.0337     1447    55.78     64.41      348.12
0231   115.4   959.8     23.47     84.4     441    87    28.69    -28.64     -1.75     7     1.0     435     0   0   0   0    24.8249   -87.0338     1428    55.67     64.28      348.17
0232   115.9   960.4     23.51     84.4     436    86    28.63    -28.56     -1.91     7      .9     429     0   0   0   0    24.8249   -87.0340     1409    55.54     64.13      348.20
0233   116.4   961.1     23.54     84.4     430    86    28.56    -28.48     -2.05     7      .9     424     0   0   0   0    24.8248   -87.0341     1389    55.40     63.97      348.23
0234   116.9   961.7     23.58     84.3     424    86    28.49    -28.40     -2.19     7      .9     418     0   0   0   0    24.8248   -87.0342     1370    55.27     63.81      348.25
0235   117.4   962.4     23.62     84.2     418    85    28.42    -28.33     -2.31     7      .8     412     0   0   0   0    24.8248   -87.0344     1351    55.13     63.66      348.26
0236   117.9   963.0     23.67     84.1     412    85    28.36    -28.26     -2.43     7      .8     406     0   0   0   0    24.8248   -87.0345     1332    55.02     63.53      348.27
0237   118.4   963.7     23.71     84.0     406    85    28.31    -28.20     -2.53     7      .8     400     0   0   0   0    24.8248   -87.0347     1312    54.92     63.41      348.29
0238   118.9   964.3     23.76     83.9     400    85    28.27    -28.15     -2.62     7      .7     394     0   0   0   0    24.8248   -87.0348     1293    54.85     63.33      348.31
0239   119.4   965.0     23.80     83.7     394    85    28.25    -28.12     -2.71     7      .7     388     0   0   0   0    24.8248   -87.0349     1274    54.80     63.28      348.33
0240   119.9   965.6     23.85     83.6     388    84    28.24    -28.11     -2.78     7      .7     382     0   0   0   0    24.8248   -87.0351     1254    54.79     63.26      348.36
0241   120.4   966.3     23.90     83.5     382    84    28.25    -28.11     -2.84     7      .7     376     0   0   0   0    24.8248   -87.0352     1235    54.81     63.28      348.40
0242   120.9   966.9     23.95     83.4     377    84    28.27    -28.13     -2.89     7      .7     370     0   0   0   0    24.8247   -87.0353     1215    54.85     63.33      348.44
0243   121.4   967.6     24.00     83.2     371    84    28.31    -28.16     -2.94     7      .7     364     0   0   0   0    24.8247   -87.0355     1196    54.92     63.41      348.47
0244   121.9   968.2     24.05     83.1     365    84    28.35    -28.20     -2.98     7      .7     359     0   0   0   0    24.8247   -87.0356     1176    55.01     63.52      348.51
0245   122.4   968.9     24.11     83.0     359    84    28.41    -28.25     -3.01     7      .7     353     0   0   0   0    24.8247   -87.0358     1157    55.11     63.63      348.55
0246   122.9   969.5     24.16     82.8     353    84    28.46    -28.30     -3.05     7      .7     347     0   0   0   0    24.8247   -87.0359     1138    55.22     63.76      348.57
0247   123.4   970.2     24.21     82.7     347    84    28.52    -28.35     -3.09     7      .7     341     0   0   0   0    24.8247   -87.0360     1119    55.33     63.89      348.60
0248   123.9   970.8     24.26     82.5     341    84    28.57    -28.40     -3.13     7      .7     335     0   0   0   0    24.8247   -87.0362     1099    55.43     64.00      348.62
0249   124.4   971.5     24.31     82.3     335    84    28.62    -28.44     -3.17     7      .7     329     0   0   0   0    24.8246   -87.0363     1080    55.52     64.10      348.63
0250   124.9   972.1     24.36     82.2     329    84    28.65    -28.47     -3.21     7      .7     323     0   0   0   0    24.8246   -87.0364     1061    55.58     64.17      348.64
0251   125.4   972.8     24.42     82.0     324    83    28.66    -28.48     -3.25     7      .7     317     0   0   0   0    24.8246   -87.0366     1041    55.61     64.21      348.65
0252   125.9   973.4     24.47     81.8     318    83    28.66    -28.47     -3.28     7      .6     311     0   0   0   0    24.8246   -87.0367     1022    55.61     64.20      348.66
0253   126.4   974.1     24.52     81.6     312    83    28.64    -28.45     -3.29     7      .6     305     0   0   0   0    24.8246   -87.0369     1002    55.57     64.16      348.67
0254   126.9   974.7     24.57     81.5     306    83    28.60    -28.41     -3.29     7      .5     300     0   0   0   0    24.8246   -87.0370      983    55.49     64.07      348.69
0255   127.4   975.4     24.62     81.3     300    83    28.55    -28.36     -3.27     7      .5     294     0   0   0   0    24.8246   -87.0371      963    55.38     63.94      348.72
0256   127.9   976.1     24.68     81.2     294    83    28.47    -28.29     -3.23     7      .5     288     0   0   0   0    24.8245   -87.0373      943    55.23     63.77      348.76
0257   128.4   976.7     24.73     81.1     288    84    28.37    -28.20     -3.16     7      .4     281     0   0   0   0    24.8245   -87.0374      923    55.04     63.55      348.80
0258   128.9   977.4     24.78     81.0     282    84    28.26    -28.09     -3.08     7      .4     275     0   0   0   0    24.8245   -87.0375      904    54.82     63.30      348.85
0259   129.4   978.1     24.83     80.9     276    84    28.13    -27.97     -2.98     7      .4     269     0   0   0   0    24.8245   -87.0377      884    54.56     63.00      348.91
0260   129.9   978.8     24.88     80.9     270    84    27.98    -27.83     -2.87     7      .4     263     0   0   0   0    24.8245   -87.0378      864    54.28     62.67      348.97
0261   130.4   979.4     24.92     80.8     263    84    27.82    -27.68     -2.75     7      .5     257     0   0   0   0    24.8245   -87.0380      844    53.96     62.31      349.04
0262   130.9   980.1     24.97     80.8     257    84    27.64    -27.51     -2.65     7      .5     251     0   0   0   0    24.8245   -87.0381      824    53.62     61.92      349.11
0263   131.4   980.8     25.02     80.7     251    85    27.46    -27.34     -2.56     7      .6     245     0   0   0   0    24.8245   -87.0382      805    53.27     61.51      349.18
0264   131.9   981.4     25.07     80.6     246    85    27.27    -27.15     -2.49     7      .7     239     0   0   0   0    24.8244   -87.0384      785    52.90     61.08      349.24
0265   132.4   982.1     25.12     80.6     240    85    27.07    -26.96     -2.45     7      .7     233     0   0   0   0    24.8244   -87.0385      766    52.52     60.64      349.31
0266   132.9   982.7     25.17     80.5     234    85    26.88    -26.77     -2.44     7      .8     228     0   0   0   0    24.8244   -87.0386      747    52.14     60.20      349.37
0267   133.4   983.4     25.22     80.4     228    85    26.68    -26.57     -2.45     7      .9     222     0   0   0   0    24.8244   -87.0388      728    51.77     59.77      349.42
0268   133.9   984.0     25.27     80.3     222    85    26.50    -26.38     -2.49     7     1.0     216     0   0   0   0    24.8244   -87.0389      709    51.40     59.35      349.47
0269   134.4   984.6     25.32     80.2     217    84    26.32    -26.19     -2.55     7     1.1     210     0   0   0   0    24.8244   -87.0390      690    51.05     58.95      349.52
0270   134.9   985.3     25.37     80.1     211    84    26.15    -26.02     -2.64     7     1.1     205     0   0   0   0    24.8244   -87.0391      672    50.73     58.58      349.56
0271   135.4   985.9     25.42     80.0     205    84    26.00    -25.86     -2.73     7     1.2     199     0   0   0   0    24.8244   -87.0393      653    50.44     58.24      349.60
0272   135.9   986.5     25.47     79.8     200    84    25.87    -25.71     -2.84     7     1.2     194     0   0   0   0    24.8243   -87.0394      635    50.19     57.95      349.64
0273   136.4   987.1     25.52     79.7     194    83    25.76    -25.59     -2.95     7     1.3     188     0   0   0   0    24.8243   -87.0395      617    49.97     57.70      349.67
0274   136.9   987.8     25.57     79.5     189    83    25.67    -25.48     -3.06     7     1.3     182     0   0   0   0    24.8243   -87.0397      599    49.79     57.49      349.69
0275   137.4   988.4     25.62     79.4     183    83    25.59    -25.40     -3.17     7     1.3     177     0   0   0   0    24.8243   -87.0398      580    49.65     57.33      349.71
0276   137.9   989.0     25.68     79.2     177    83    25.54    -25.32     -3.29     7     1.3     171     0   0   0   0    24.8243   -87.0399      562    49.54     57.20      349.73
0277   138.4   989.6     25.73     79.0     172    82    25.49    -25.26     -3.43     7     1.3     166     0   0   0   0    24.8243   -87.0400      544    49.45     57.10      349.75
0278   138.9   990.3     25.78     78.9     166    82    25.45    -25.20     -3.57     7     1.3     160     0   0   0   0    24.8243   -87.0402      525    49.38     57.02      349.77
0279   139.4   990.9     25.84     78.7     161    82    25.42    -25.15     -3.71     7     1.3     155     0   0   0   0    24.8242   -87.0403      507    49.32     56.94      349.79
0280   139.9   991.5     25.89     78.5     155    81    25.39    -25.10     -3.86     7     1.3     149     0   0   0   0    24.8242   -87.0404      489    49.26     56.88      349.82
0281   140.4   992.1     25.94     78.3     150    81    25.36    -25.04     -4.01     7     1.3     143     0   0   0   0    24.8242   -87.0405      470    49.20     56.80      349.84
0282   140.9   992.8     26.00     78.2     144    81    25.32    -24.98     -4.16     7     1.3     138     0   0   0   0    24.8242   -87.0406      452    49.13     56.73      349.86
0283   141.4   993.4     26.05     78.0     138    80    25.28    -24.91     -4.33     7     1.3     132     0   0   0   0    24.8242   -87.0408      434    49.05     56.63      349.89
0284   141.9   994.0     26.11     77.8     133    80    25.23    -24.82     -4.51     7     1.3     127     0   0   0   0    24.8241   -87.0409      416    48.95     56.52      349.92
0285   142.4   994.6     26.17     77.7     127    79    25.17    -24.73     -4.68     7     1.3     121     0   0   0   0    24.8241   -87.0410      397    48.82     56.37      349.96
0286   142.9   995.3     26.23     77.5     122    79    25.08    -24.61     -4.86     7     1.3     116     0   0   0   0    24.8241   -87.0411      379    48.66     56.19      350.01
0287   143.4   995.9     26.28     77.3     116    78    24.99    -24.47     -5.03     7     1.3     110     0   0   0   0    24.8241   -87.0413      361    48.47     55.97      350.07
0288   143.9   996.5     26.34     77.2     111    78    24.88    -24.33     -5.17     7     1.3     104     0   0   0   0    24.8241   -87.0414      343    48.26     55.73      350.13
0289   144.4   997.1     26.40     77.1     105    78    24.77    -24.20     -5.28     7     1.2      99     0   0   0   0    24.8240   -87.0415      325    48.06     55.49      350.19
0290   144.9   997.8     26.46     76.9     100    77    24.67    -24.09     -5.35     7     1.2      93     0   0   0   0    24.8240   -87.0416      306    47.87     55.27      350.26
0291   145.4   998.4     26.52     76.8      94    77    24.58    -23.99     -5.37     7     1.1      88     0   0   0   0    24.8240   -87.0417      288    47.69     55.06      350.33
0292   145.9   999.0     26.58     76.7      88    77    24.50    -23.91     -5.34     7     1.0      82     0   0   0   0    24.8240   -87.0419      269    47.53     54.88      350.40
0293   146.4   999.7     26.64     76.6      83    78    24.44    -23.86     -5.27     7      .9      76     0   0   0   0    24.8239   -87.0420      251    47.40     54.74      350.48
0294   146.9  1000.3     26.69     76.5      77    78    24.40    -23.86     -5.14     7      .8      71     0   0   0   0    24.8239   -87.0421      232    47.34     54.66      350.56
0295   147.4  1001.0     26.75     76.4      71    78    24.41    -23.90     -4.97     7      .7      65     0   0   0   0    24.8239   -87.0422      213    47.35     54.67      350.64
0296   147.9  1001.6     26.81     76.3      65    79    24.45    -23.98     -4.77     7      .5      59     0   0   0   0    24.8239   -87.0423      193    47.43     54.76      350.76
0297   148.4  1002.3     26.87     76.3      59    79    24.55    -24.12     -4.56     7      .3      53     0   0   0   0    24.8238   -87.0424      174    47.63     55.00      350.91
0298   148.9  1003.0     26.94     76.4      53    80    24.72    -24.32     -4.41     7      .1      47     0   0   0   0    24.8238   -87.0426      154    47.96     55.38      351.12
0299   149.4  1003.7     27.00     76.6      47    80    24.77    -24.38     -4.39     7     -.2      41     0   0   0   0    24.8238   -87.0427      134    48.06     55.49      351.43
0300   149.9  1004.4     27.07     76.9      41    79    24.26    -23.83     -4.53     7     -.6      35     0   0   0   0    24.8238   -87.0428      114    47.07     54.35      351.88
0301   150.4  1005.1     27.15     77.6      34    78    22.49    -22.03     -4.51     7    -1.0      28     0   0   0   0    24.8238   -87.0429       93    43.63     50.37      352.53
0302   150.9  1005.9     27.23     78.6      28  -999  -999.00   -999.00   -999.00  -999    -1.2      21     3   3   3   0    24.8237   -87.0430       70  -999.00   -999.00      353.48
0303   151.4  1006.7     27.34     79.8      21  -999  -999.00   -999.00   -999.00  -999    -1.4      14     3   3   3   0    24.8237   -87.0431       47  -999.00   -999.00      354.71
0304   151.9  1007.5     27.46     81.1      13  -999  -999.00   -999.00   -999.00  -999    -1.7       7     3   3   3   0    24.8237   -87.0432       23  -999.00   -999.00      356.03
0305   152.4  1008.4     27.57     82.4       6  -999  -999.00   -999.00   -999.00  -999    -2.0       0     0   0   0   0    24.8237   -87.0433       -1  -999.00   -999.00      357.36
