 ===========================================================================
 DROPWINDSONDE PROCESSING RECORD                            Sonde: 984715227
 PDS file written Jul  2, 2001.                             Format:    V5.06
 Aircraft: N42RF                             Date: 990822   Time: 215200 UTC
 ---------------------------------------------------------------------------
 Bias corrections:  PR =    .0 mb  TE =    .0 C  RH =    .0 %  PRB =   .0 mb
 Filters (LPF):     PTH =   5 s    WIND =   5 s       Hyd anchor =       SFC
 Dyn RH correction =  N     WSHR COR =      Y         Splash PR  =  956.7 mb
 Estimated PR used =  N     GPS VERR =    .33 m/s     HYD SFCP   =  956.7 mb
 Dyn T correction  =  Y     WGACORR  =   -3.8 m       AC GA ADJ  =     .0 m
 ---------------------------------------------------------------------------
 COMMENTS: n eyewall                                                   
 ===========================================================================

 ===========================================================================
 Date: 990822   Lat:  26.88 N   TA:    9.7 C   PS:  626.3 mb   WD:    39 deg
 Time: 215200   Lon:  97.28 W   TD: -999.0 C   GA:   3633 m    WS:  33.3 m/s
 SID:  984715227                RH: -999.0 %   Navaid:   GP          
 ===========================================================================

IX      t (s)  P (mb)    T (C)    RH (%)  Z (m)   WD    WS (m/s)   U (m/s)   V (m/s)  NS  WZ (m/s)  ZW (m)   FP  FT  FH  FW    LAT (N)   LON (E)
0001      .3   627.0      9.73   -999.0    3629    40    33.48    -21.48    -25.68  -999  -999.0    3625     3   3   0   3      26.875   -97.279
0002      .8   627.6      9.77   -999.0    3620    40    34.30    -22.21    -26.13  -999  -999.0    3616     3   3   0   3      26.875   -97.279
0003     1.3   628.3      9.80   -999.0    3611    40    34.47    -22.38    -26.23  -999  -999.0    3607     3   3   0   3      26.875   -97.279
0004     1.8   629.0      9.84   -999.0    3602    41    34.65    -22.54    -26.32  -999  -999.0    3598     3   3   0   3      26.875   -97.280
0005     2.3   629.6      9.87   -999.0    3593    41    34.83    -22.70    -26.42  -999  -999.0    3589     3   3   0   3      26.874   -97.280
0006     2.8   630.3      9.91   -999.0    3584    41    35.01    -22.86    -26.52  -999  -999.0    3581     3   3   0   3      26.874   -97.280
0007     3.3   631.0      9.94   -999.0    3576    41    35.19    -23.02    -26.61  -999  -999.0    3572     3   3   0   3      26.874   -97.280
0008     3.8   631.6      9.97   -999.0    3567    41    35.36    -23.18    -26.71  -999  -999.0    3563     3   3   0   3      26.874   -97.280
0009     4.3   632.3     10.01   -999.0    3558    41    35.54    -23.34    -26.81  -999  -999.0    3554     3   3   0   3      26.874   -97.280
0010     4.8   633.0     10.04   -999.0    3549    41    35.72    -23.50    -26.90  -999  -999.0    3545     3   3   0   3      26.874   -97.280
0011     5.3   633.6     10.08   -999.0    3540    41    35.90    -23.66    -27.00  -999  -999.0    3537     3   3   0   3      26.874   -97.280
0012     5.8   634.3     10.11   -999.0    3532    41    36.08    -23.82    -27.10  -999  -999.0    3528     3   3   0   3      26.874   -97.280
0013     6.3   635.0     10.14   -999.0    3523    41    36.26    -23.98    -27.19  -999  -999.0    3519     3   3   0   3      26.873   -97.281
0014     6.8   635.6     10.18   -999.0    3514    41    36.43    -24.14    -27.29  -999  -999.0    3510     3   3   0   3      26.873   -97.281
0015     7.3   636.3     10.21   -999.0    3505    42    36.61    -24.30    -27.39  -999  -999.0    3502     3   3   0   3      26.873   -97.281
0016     7.8   637.0     10.24   -999.0    3497    42    36.79    -24.46    -27.48  -999  -999.0    3493     3   3   0   3      26.873   -97.281
0017     8.3   637.6     10.28   -999.0    3488    42    36.97    -24.62    -27.58  -999  -999.0    3484     3   3   0   3      26.873   -97.281
0018     8.8   638.3     10.31   -999.0    3479    42    37.15    -24.78    -27.68  -999  -999.0    3475     3   3   0   3      26.873   -97.281
0019     9.3   639.0     10.34   -999.0    3470    42    37.33    -24.95    -27.77  -999  -999.0    3467     3   3   0   3      26.873   -97.281
0020     9.8   639.6     10.38   -999.0    3462    42    37.52    -25.12    -27.87  -999  -999.0    3458     3   3   0   3      26.873   -97.281
0021    10.3   640.3     10.41   -999.0    3453    42    37.71    -25.28    -27.98  -999  -999.0    3449     3   3   0   3      26.872   -97.282
0022    10.8   641.0     10.44   -999.0    3444    42    37.88    -25.43    -28.08  -999  -999.0    3441     3   3   0   3      26.872   -97.282
0023    11.3   641.6     10.48   -999.0    3436    42    38.04    -25.56    -28.17  -999  -999.0    3432     3   3   0   3      26.872   -97.282
0024    11.8   642.3     10.51   -999.0    3427    42    38.19    -25.69    -28.26  -999  -999.0    3423     3   3   0   3      26.872   -97.282
0025    12.3   643.0     10.54   -999.0    3418    42    38.35    -25.84    -28.35  -999  -999.0    3415     3   3   0   3      26.872   -97.282
0026    12.8   643.6     10.58     89.7    3410    42    38.53    -26.01    -28.43  -999  -999.0    3406     3   3   0   3      26.872   -97.282
0027    13.3   644.3     10.61     89.6    3401    43    38.75    -26.23    -28.52  -999  -999.0    3397     3   3   0   3      26.872   -97.282
0028    13.8   645.0     10.65     89.5    3392    43    38.97    -26.45    -28.61  -999  -999.0    3388     3   3   0   3      26.872   -97.283
0029    14.3   645.7     10.68     89.4    3384    43    39.18    -26.65    -28.72  -999  -999.0    3380     3   3   0   3      26.871   -97.283
0030    14.8   646.3     10.71     89.2    3375    43    39.37    -26.80    -28.84  -999  -999.0    3371     3   3   0   3      26.871   -97.283
0031    15.3   646.9     10.74     89.1    3367    43    39.52    -26.87    -28.97  -999  -999.0    3363     3   3   0   3      26.871   -97.283
0032    15.8   647.6     10.78     89.0    3359    43    39.61    -26.85    -29.12  -999     -.8    3355     0   0   0   3      26.871   -97.283
0033    16.3   648.2     10.81     88.9    3351    42    39.65    -26.74    -29.27     4     -.5    3347     0   0   0   0      26.871   -97.283
0034    16.8   648.7     10.84     88.9    3344    42    39.65    -26.56    -29.44     4     -.2    3340     0   0   0   0      26.871   -97.283
0035    17.3   649.3     10.86     89.0    3336    42    39.63    -26.35    -29.60     4      .0    3333     0   0   0   0      26.871   -97.283
0036    17.8   649.9     10.89     89.1    3329    41    39.61    -26.14    -29.76     4      .1    3325     0   0   0   0      26.870   -97.284
0037    18.3   650.4     10.92     89.1    3322    41    39.61    -25.97    -29.91     4      .1    3318     0   0   0   0      26.870   -97.284
0038    18.8   651.0     10.94     89.2    3314    41    39.62    -25.84    -30.04     5      .2    3311     0   0   0   0      26.870   -97.284
0039    19.3   651.6     10.97     89.2    3307    41    39.64    -25.75    -30.14     5      .2    3303     0   0   0   0      26.870   -97.284
0040    19.8   652.2     11.00     89.2    3300    40    39.64    -25.69    -30.20     5      .2    3296     0   0   0   0      26.870   -97.284
0041    20.3   652.8     11.03     89.1    3292    40    39.62    -25.63    -30.22     5      .2    3288     0   0   0   0      26.870   -97.284
0042    20.8   653.3     11.07     88.9    3285    40    39.57    -25.55    -30.22     5      .2    3281     0   0   0   0      26.870   -97.284
0043    21.3   653.9     11.12     88.7    3277    40    39.49    -25.43    -30.21     5      .3    3273     0   0   0   0      26.870   -97.284
0044    21.8   654.5     11.16     88.4    3270    40    39.39    -25.29    -30.20     5      .3    3266     0   0   0   0      26.869   -97.285
0045    22.3   655.0     11.21     88.3    3263    40    39.31    -25.13    -30.23     5      .4    3259     0   0   0   0      26.869   -97.285
0046    22.8   655.6     11.26     88.1    3256    40    39.25    -24.97    -30.28     5      .4    3252     0   0   0   0      26.869   -97.285
0047    23.3   656.2     11.31     88.0    3249    39    39.24    -24.84    -30.38     5      .3    3245     0   0   0   0      26.869   -97.285
0048    23.8   656.7     11.36     87.8    3241    39    39.26    -24.74    -30.49     5      .2    3237     0   0   0   3      26.869   -97.285
0049    24.3   657.3     11.40     87.7    3234    39    39.31    -24.66    -30.61     5      .0    3230     0   0   0   0      26.869   -97.285
0050    24.8   657.9     11.44     87.6    3226    39    39.34    -24.59    -30.71     5     -.1    3223     0   0   0   0      26.869   -97.285
0051    25.3   658.5     11.49     87.4    3219    39    39.34    -24.50    -30.78     5     -.3    3215     0   0   0   3      26.868   -97.285
0052    25.8   659.1     11.53     87.3    3211    38    39.29    -24.38    -30.81     5     -.4    3207     0   0   0   0      26.868   -97.286
0053    26.3   659.7     11.58     87.1    3203    38    39.18    -24.22    -30.79     5     -.5    3200     0   0   0   0      26.868   -97.286
0054    26.8   660.3     11.62     86.9    3196    38    39.01    -24.03    -30.73     5     -.5    3192     0   0   0   0      26.868   -97.286
0055    27.3   660.9     11.67     86.8    3188    38    38.80    -23.83    -30.62     5     -.4    3184     0   0   0   0      26.868   -97.286
0056    27.8   661.5     11.72     86.7    3180    38    38.58    -23.64    -30.49     5     -.3    3176     0   0   0   0      26.868   -97.286
0057    28.3   662.1     11.77     86.6    3173    38    38.38    -23.48    -30.36     5     -.2    3169     0   0   0   0      26.868   -97.286
0058    28.8   662.7     11.81     86.5    3165    38    38.22    -23.38    -30.24     5     -.1    3161     0   0   0   3      26.867   -97.286
0059    29.3   663.3     11.84     86.5    3158    38    38.13    -23.34    -30.16     5      .1    3154     0   0   0   3      26.867   -97.286
0060    29.8   663.9     11.87     86.5    3150    38    38.12    -23.34    -30.14     5      .2    3147     0   0   0   3      26.867   -97.287
0061    30.3   664.4     11.89     86.6    3143    38    38.19    -23.38    -30.19     5      .3    3139     0   0   0   3      26.867   -97.287
0062    30.8   665.0     11.90     86.8    3136    38    38.32    -23.43    -30.32     5      .3    3132     0   0   0   3      26.867   -97.287
0063    31.3   665.6     11.90     87.0    3129    38    38.48    -23.47    -30.49     5      .4    3125     0   0   0   3      26.867   -97.287
0064    31.8   666.1     11.90     87.3    3122    37    38.65    -23.49    -30.69     5      .4    3118     0   0   0   3      26.867   -97.287
0065    32.3   666.7     11.89     87.5    3114    37    38.79    -23.47    -30.88     5      .4    3111     0   0   0   0      26.867   -97.287
0066    32.8   667.3     11.88     87.8    3107    37    38.89    -23.42    -31.05     5      .4    3103     0   0   0   0      26.866   -97.287
0067    33.3   667.9     11.87     87.9    3100    37    38.96    -23.35    -31.19     5      .4    3096     0   0   0   3      26.866   -97.287
0068    33.8   668.4     11.87     88.0    3093    37    39.00    -23.26    -31.30     5      .5    3089     0   0   0   0      26.866   -97.287
0069    34.3   669.0     11.88     88.0    3086    36    39.01    -23.17    -31.38     5      .5    3082     0   0   0   0      26.866   -97.288
0070    34.8   669.6     11.89     88.0    3079    36    38.99    -23.08    -31.43     5      .5    3075     0   0   0   0      26.866   -97.288
0071    35.3   670.1     11.91     88.0    3071    36    38.95    -22.98    -31.45     5      .6    3068     0   0   0   3      26.866   -97.288
0072    35.8   670.7     11.93     88.0    3064    36    38.89    -22.89    -31.44     5      .6    3061     0   0   0   3      26.866   -97.288
0073    36.3   671.3     11.95     88.2    3057    36    38.81    -22.81    -31.40     5      .6    3054     0   0   0   3      26.865   -97.288
0074    36.8   671.8     11.96     88.5    3050    36    38.73    -22.72    -31.36     5      .5    3047     0   0   0   3      26.865   -97.288
0075    37.3   672.4     11.97     89.0    3043    36    38.70    -22.64    -31.38     5      .4    3039     0   0   0   3      26.865   -97.288
0076    37.8   673.0     11.97     89.5    3036    36    38.76    -22.57    -31.51     5      .3    3032     0   0   0   3      26.865   -97.288
0077    38.3   673.5     11.97     90.1    3029    35    38.95    -22.50    -31.79     5      .2    3025     0   0   0   3      26.865   -97.288
0078    38.8   674.1     11.97     90.7    3022    35    39.29    -22.45    -32.24     5      .1    3018     0   0   0   3      26.865   -97.289
0079    39.3   674.7     11.99     91.2    3014    34    39.74    -22.40    -32.82     5      .0    3010     0   0   0   3      26.865   -97.289
0080    39.8   675.3     12.01     91.5    3007    34    40.24    -22.36    -33.46     5      .0    3003     0   0   0   3      26.864   -97.289
0081    40.3   675.9     12.04     91.6    2999    33    40.71    -22.34    -34.03     5     -.1    2996     0   0   0   0      26.864   -97.289
0082    40.8   676.5     12.08     91.5    2992    33    41.04    -22.34    -34.43     5     -.1    2988     0   0   0   0      26.864   -97.289
0083    41.3   677.1     12.11     91.4    2985    33    41.18    -22.37    -34.58     5     -.1    2981     0   0   0   0      26.864   -97.289
0084    41.8   677.7     12.15     91.2    2977    33    41.11    -22.44    -34.44     5     -.1    2973     0   0   0   0      26.864   -97.289
0085    42.3   678.3     12.20     91.1    2970    33    40.87    -22.55    -34.09     5     -.1    2966     0   0   0   3      26.864   -97.289
0086    42.8   678.9     12.24     91.2    2963    34    40.56    -22.68    -33.62     5     -.1    2959     0   0   0   0      26.863   -97.290
0087    43.3   679.5     12.30     91.4    2955    35    40.27    -22.83    -33.18     5     -.2    2951     0   0   0   0      26.863   -97.290
0088    43.8   680.1     12.37     91.8    2948    35    40.11    -22.95    -32.89     5     -.3    2944     0   0   0   0      26.863   -97.290
0089    44.3   680.7     12.44     92.3    2940    35    40.09    -23.02    -32.83     5     -.3    2936     0   0   0   0      26.863   -97.290
0090    44.8   681.3     12.53     92.8    2933    35    40.22    -23.02    -32.98     5     -.4    2929     0   0   0   0      26.863   -97.290
0091    45.3   681.9     12.62     93.3    2925    35    40.43    -22.94    -33.30     5     -.5    2921     0   0   0   0      26.863   -97.290
0092    45.8   682.5     12.70     93.6    2918    34    40.65    -22.78    -33.66     5     -.5    2914     0   0   0   3      26.863   -97.290
0093    46.3   683.1     12.77     93.8    2910    34    40.80    -22.59    -33.97     5     -.6    2906     0   0   0   3      26.862   -97.290
0094    46.8   683.7     12.82     93.9    2902    33    40.83    -22.37    -34.16     5     -.5    2898     0   0   0   3      26.862   -97.290
0095    47.3   684.4     12.87     94.0    2895    33    40.76    -22.18    -34.21     5     -.5    2891     0   0   0   3      26.862   -97.291
0096    47.8   685.0     12.91     94.0    2887    33    40.62    -22.01    -34.14     5     -.4    2883     0   0   0   0      26.862   -97.291
0097    48.3   685.6     12.96     94.0    2879    33    40.47    -21.90    -34.03     5     -.3    2876     0   0   0   3      26.862   -97.291
0098    48.8   686.2     13.02     94.1    2872    33    40.34    -21.81    -33.94     5     -.2    2868     0   0   0   0      26.862   -97.291
0099    49.3   686.8     13.10     94.3    2865    33    40.27    -21.75    -33.90     5     -.1    2861     0   0   0   0      26.861   -97.291
0100    49.8   687.4     13.19     94.4    2857    33    40.26    -21.70    -33.91     5     -.1    2853     0   0   0   3      26.861   -97.291
0101    50.3   688.0     13.28     94.6    2850    33    40.27    -21.65    -33.96     5      .0    2846     0   0   0   0      26.861   -97.291
0102    50.8   688.6     13.38     94.7    2843    32    40.28    -21.60    -34.00     5      .0    2839     0   0   0   0      26.861   -97.291
0103    51.3   689.2     13.46     94.8    2836    32    40.27    -21.58    -34.00     5     -.1    2832     0   0   0   0      26.861   -97.291
0104    51.8   689.8     13.52     94.8    2828    32    40.24    -21.60    -33.95     5     -.1    2825     0   0   0   3      26.861   -97.292
0105    52.3   690.4     13.57     94.8    2821    33    40.21    -21.68    -33.87     5     -.2    2817     0   0   0   3      26.861   -97.292
0106    52.8   691.0     13.61     94.8    2814    33    40.20    -21.81    -33.77     5     -.3    2810     0   0   0   0      26.860   -97.292
0107    53.3   691.6     13.63     94.8    2806    33    40.24    -21.98    -33.70     5     -.4    2802     0   0   0   3      26.860   -97.292
0108    53.8   692.2     13.66     94.9    2798    33    40.32    -22.16    -33.69     5     -.5    2795     0   0   0   0      26.860   -97.292
0109    54.3   692.8     13.69     95.0    2791    33    40.43    -22.31    -33.72     5     -.5    2787     0   0   0   0      26.860   -97.292
0110    54.8   693.4     13.73     95.1    2783    34    40.55    -22.40    -33.80     5     -.6    2779     0   0   0   0      26.860   -97.292
0111    55.3   694.0     13.77     95.2    2776    33    40.64    -22.42    -33.90     6     -.6    2772     0   0   0   3      26.860   -97.292
0112    55.8   694.7     13.81     95.3    2768    33    40.68    -22.36    -33.98     6     -.6    2764     0   0   0   0      26.859   -97.292
0113    56.3   695.3     13.85     95.4    2761    33    40.66    -22.23    -34.04     6     -.7    2757     0   0   0   3      26.859   -97.293
0114    56.8   695.9     13.88     95.4    2753    33    40.59    -22.07    -34.07     6     -.8    2749     0   0   0   3      26.859   -97.293
0115    57.3   696.5     13.91     95.5    2745    33    40.50    -21.90    -34.07     6     -.9    2742     0   0   0   0      26.859   -97.293
0116    57.8   697.2     13.93     95.5    2738    33    40.40    -21.74    -34.05     6    -1.0    2734     0   0   0   0      26.859   -97.293
0117    58.3   697.8     13.95     95.6    2730    32    40.32    -21.60    -34.05     5    -1.1    2726     0   0   0   0      26.859   -97.293
0118    58.8   698.5     13.97     95.7    2722    32    40.27    -21.48    -34.06     5    -1.2    2718     3   3   3   3      26.859   -97.293
0119    59.3   699.1     14.00     95.7    2714    32    40.26    -21.37    -34.12     5    -1.2    2710     0   0   0   3      26.858   -97.293
0120    59.8   699.8     14.03     95.8    2706    32    40.29    -21.25    -34.23     5    -1.2    2702     0   0   0   0      26.858   -97.293
0121    60.3   700.4     14.06     95.9    2698    32    40.35    -21.11    -34.39     6    -1.1    2694     0   0   0   3      26.858   -97.293
0122    60.8   701.1     14.10     95.9    2690    31    40.43    -20.93    -34.59     6    -1.0    2687     0   0   0   0      26.858   -97.294
0123    61.3   701.7     14.13     96.0    2683    31    40.52    -20.73    -34.82     6     -.8    2679     0   0   0   0      26.858   -97.294
0124    61.8   702.3     14.17     96.0    2675    30    40.61    -20.50    -35.06     6     -.7    2671     0   0   0   0      26.858   -97.294
0125    62.3   703.0     14.20     96.0    2668    30    40.68    -20.26    -35.28     5     -.6    2664     0   0   0   0      26.857   -97.294
0126    62.8   703.6     14.22     96.0    2660    29    40.73    -20.03    -35.46     6     -.4    2656     0   0   0   0      26.857   -97.294
0127    63.3   704.2     14.25     96.1    2653    29    40.74    -19.83    -35.59     6     -.3    2649     0   0   0   0      26.857   -97.294
0128    63.8   704.8     14.27     96.1    2645    29    40.71    -19.68    -35.64     6     -.2    2642     0   0   0   0      26.857   -97.294
0129    64.3   705.4     14.29     96.2    2638    29    40.65    -19.59    -35.62     6     -.1    2634     0   0   0   0      26.857   -97.294
0130    64.8   706.0     14.32     96.3    2631    29    40.56    -19.55    -35.54     6      .0    2627     0   0   0   3      26.857   -97.294
0131    65.3   706.6     14.35     96.4    2624    29    40.46    -19.56    -35.41     6      .1    2620     0   0   0   0      26.857   -97.294
0132    65.8   707.2     14.39     96.5    2616    29    40.37    -19.61    -35.28     6      .2    2613     0   0   0   0      26.856   -97.295
0133    66.3   707.8     14.43     96.7    2609    29    40.32    -19.69    -35.18     6      .3    2606     0   0   0   3      26.856   -97.295
0134    66.8   708.4     14.47     96.8    2602    29    40.32    -19.77    -35.14     5      .4    2599     0   0   0   3      26.856   -97.295
0135    67.3   709.0     14.52     96.8    2595    29    40.40    -19.87    -35.18     5      .5    2592     0   0   0   0      26.856   -97.295
0136    67.8   709.5     14.57     96.9    2589    30    40.55    -19.97    -35.29     5      .5    2585     0   0   0   0      26.856   -97.295
0137    68.3   710.1     14.62     96.9    2582    30    40.74    -20.09    -35.44     5      .6    2578     0   0   0   3      26.856   -97.295
0138    68.8   710.7     14.66     97.0    2575    30    40.95    -20.23    -35.60     5      .5    2571     0   0   0   0      26.855   -97.295
0139    69.3   711.3     14.70     97.0    2568    30    41.14    -20.38    -35.73     5      .5    2564     0   0   0   0      26.855   -97.295
0140    69.8   711.9     14.73     97.0    2561    30    41.27    -20.53    -35.80     5      .5    2557     0   0   0   0      26.855   -97.295
0141    70.3   712.4     14.75     97.1    2554    30    41.33    -20.66    -35.79     5      .5    2550     0   0   0   3      26.855   -97.295
0142    70.8   713.0     14.78     97.2    2547    30    41.32    -20.77    -35.73     5      .4    2543     0   0   0   0      26.855   -97.296
0143    71.3   713.6     14.80     97.3    2540    30    41.27    -20.83    -35.63     5      .4    2536     0   0   0   3      26.855   -97.296
0144    71.8   714.2     14.82     97.4    2533    30    41.21    -20.84    -35.55     5      .3    2529     0   0   0   0      26.854   -97.296
0145    72.3   714.8     14.84     97.4    2526    30    41.17    -20.79    -35.53     5      .3    2522     0   0   0   0      26.854   -97.296
0146    72.8   715.4     14.86     97.5    2519    30    41.18    -20.70    -35.59     5      .2    2515     0   0   0   0      26.854   -97.296
0147    73.3   716.0     14.88     97.5    2512    30    41.25    -20.59    -35.75     5      .0    2508     0   0   0   0      26.854   -97.296
0148    73.8   716.6     14.90     97.5    2505    30    41.38    -20.46    -35.97     5     -.1    2501     0   0   0   0      26.854   -97.296
0149    74.3   717.2     14.92     97.5    2498    29    41.54    -20.34    -36.23     5     -.3    2494     0   0   0   0      26.854   -97.296
0150    74.8   717.8     14.94     97.6    2490    29    41.71    -20.23    -36.48     5     -.5    2486     0   0   0   0      26.853   -97.296
0151    75.3   718.4     14.96     97.7    2483    29    41.85    -20.14    -36.69     5     -.6    2479     0   0   0   0      26.853   -97.296
0152    75.8   719.1     14.98     97.8    2475    29    41.95    -20.08    -36.84     5     -.8    2471     0   0   0   0      26.853   -97.297
0153    76.3   719.7     15.00     97.9    2467    28    42.02    -20.04    -36.93     5     -.8    2464     0   0   0   0      26.853   -97.297
0154    76.8   720.4     15.03     98.1    2460    28    42.05    -20.03    -36.98     5     -.8    2456     0   0   0   3      26.853   -97.297
0155    77.3   721.0     15.06     98.3    2452    28    42.09    -20.06    -37.00     5     -.8    2448     0   0   0   3      26.853   -97.297
0156    77.8   721.6     15.10     98.4    2445    29    42.14    -20.13    -37.02     5     -.8    2441     0   0   0   0      26.852   -97.297
0157    78.3   722.3     15.14     98.6    2437    29    42.22    -20.23    -37.06     5     -.7    2433     0   0   0   3      26.852   -97.297
0158    78.8   722.9     15.19     98.7    2430    29    42.32    -20.36    -37.11     5     -.6    2426     0   0   0   0      26.852   -97.297
0159    79.3   723.6     15.23     98.8    2422    29    42.43    -20.50    -37.16     5     -.6    2418     0   0   0   3      26.852   -97.297
0160    79.8   724.2     15.28     98.8    2415    29    42.53    -20.62    -37.20     5     -.5    2411     0   0   0   3      26.852   -97.297
0161    80.3   724.8     15.32     98.9    2407    29    42.60    -20.70    -37.23     5     -.4    2404     0   0   0   0      26.852   -97.297
0162    80.8   725.4     15.35     98.9    2400    29    42.61    -20.73    -37.23     5     -.4    2396     0   0   0   0      26.851   -97.298
0163    81.3   726.1     15.39     98.9    2393    29    42.59    -20.70    -37.22     5     -.3    2389     0   0   0   0      26.851   -97.298
0164    81.8   726.7     15.42     99.0    2386    29    42.54    -20.61    -37.21     6     -.3    2382     0   0   0   0      26.851   -97.298
0165    82.3   727.3     15.45     99.1    2378    29    42.48    -20.50    -37.21     5     -.2    2374     0   0   0   0      26.851   -97.298
0166    82.8   727.9     15.48     99.1    2371    29    42.43    -20.37    -37.23     5     -.2    2367     0   0   0   3      26.851   -97.298
0167    83.3   728.5     15.51     99.2    2364    29    42.42    -20.26    -37.28     5     -.2    2360     0   0   0   0      26.851   -97.298
0168    83.8   729.1     15.54     99.4    2357    28    42.46    -20.17    -37.36     5     -.1    2353     0   0   0   3      26.850   -97.298
0169    84.3   729.7     15.57     99.5    2350    28    42.54    -20.11    -37.48     5     -.1    2346     0   0   0   3      26.850   -97.298
0170    84.8   730.4     15.61     99.6    2342    28    42.65    -20.09    -37.62     5      .0    2339     0   0   0   0      26.850   -97.298
0171    85.3   731.0     15.64     99.7    2335    28    42.79    -20.09    -37.78     5      .1    2331     0   0   0   0      26.850   -97.298
0172    85.8   731.6     15.68     99.8    2328    28    42.95    -20.11    -37.95     5      .2    2324     0   0   0   3      26.850   -97.299
0173    86.3   732.2     15.72     99.9    2321    28    43.10    -20.12    -38.12     5      .3    2317     0   0   0   0      26.850   -97.299
0174    86.8   732.8     15.76     99.9    2314    28    43.24    -20.11    -38.28     5      .5    2310     0   0   0   0      26.849   -97.299
0175    87.3   733.4     15.79    100.0    2307    28    43.36    -20.08    -38.43     5      .6    2303     0   0   0   0      26.849   -97.299
0176    87.8   733.9     15.82    100.0    2301    27    43.46    -20.03    -38.57     6      .7    2297     0   0   0   0      26.849   -97.299
0177    88.3   734.5     15.83    100.0    2294    27    43.54    -19.96    -38.70     6      .8    2290     0   0   0   3      26.849   -97.299
0178    88.8   735.1     15.84    100.0    2287    27    43.60    -19.88    -38.80     6      .9    2284     0   0   0   0      26.849   -97.299
0179    89.3   735.6     15.84    100.0    2281    27    43.63    -19.80    -38.88     6      .9    2277     0   0   0   3      26.849   -97.299
0180    89.8   736.2     15.84    100.0    2274    27    43.66    -19.73    -38.94     6     1.0    2270     0   0   0   0      26.848   -97.299
0181    90.3   736.8     15.83    100.0    2268    27    43.68    -19.69    -38.99     6     1.0    2264     0   0   0   0      26.848   -97.299
0182    90.8   737.4     15.84    100.0    2261    27    43.71    -19.69    -39.02     6     1.0    2257     0   0   0   0      26.848   -97.300
0183    91.3   737.9     15.85    100.0    2254    27    43.75    -19.73    -39.05     6     1.0    2251     0   0   0   3      26.848   -97.300
0184    91.8   738.5     15.87    100.0    2248    27    43.82    -19.81    -39.09     6     1.1    2244     0   0   0   0      26.848   -97.300
0185    92.3   739.1     15.89    100.0    2241    27    43.92    -19.90    -39.15     6     1.1    2237     0   0   0   0      26.847   -97.300
0186    92.8   739.6     15.91    100.0    2235    27    44.04    -19.98    -39.24     6     1.2    2231     0   0   0   0      26.847   -97.300
0187    93.3   740.2     15.92     99.9    2228    27    44.17    -20.05    -39.36     6     1.2    2225     0   0   0   0      26.847   -97.300
0188    93.8   740.7     15.92     99.9    2222    27    44.33    -20.06    -39.53     6     1.2    2218     0   0   0   0      26.847   -97.300
0189    94.3   741.3     15.90     99.8    2216    27    44.49    -20.03    -39.73     6     1.2    2212     0   0   0   3      26.847   -97.300
0190    94.8   741.8     15.87     99.7    2209    27    44.68    -19.95    -39.97     6     1.2    2205     0   0   0   0      26.847   -97.300
0191    95.3   742.4     15.82     99.7    2203    26    44.88    -19.82    -40.26     6     1.1    2199     0   0   0   3      26.846   -97.300
0192    95.8   743.0     15.77     99.8    2196    26    45.11    -19.68    -40.59     6     1.1    2192     0   0   0   0      26.846   -97.301
0193    96.3   743.5     15.72     99.8    2190    25    45.36    -19.53    -40.95     6     1.0    2186     0   0   0   3      26.846   -97.301
0194    96.8   744.1     15.68     99.9    2183    25    45.64    -19.39    -41.31     6     1.0    2179     0   0   0   0      26.846   -97.301
0195    97.3   744.7     15.64     99.9    2176    25    45.91    -19.29    -41.67     6     1.0    2173     0   0   0   0      26.846   -97.301
0196    97.8   745.3     15.62    100.0    2170    25    46.17    -19.22    -41.98     6     1.0    2166     0   0   0   3      26.845   -97.301
0197    98.3   745.8     15.61    100.0    2163    24    46.39    -19.18    -42.24     6     1.0    2160     0   0   0   3      26.845   -97.301
0198    98.8   746.4     15.61    100.0    2157    24    46.55    -19.17    -42.42     6     1.1    2153     0   0   0   0      26.845   -97.301
0199    99.3   747.0     15.61    100.0    2150    24    46.65    -19.18    -42.53     6     1.0    2147     0   0   0   0      26.845   -97.301
0200    99.8   747.5     15.62    100.0    2144    24    46.71    -19.19    -42.58     6     1.0    2140     0   0   0   3      26.845   -97.301
0201   100.3   748.1     15.64    100.0    2137    24    46.74    -19.19    -42.61     5     1.0    2134     0   0   0   0      26.845   -97.301
0202   100.8   748.7     15.66    100.0    2131    24    46.76    -19.16    -42.66     6      .9    2127     0   0   0   0      26.844   -97.302
0203   101.3   749.3     15.68    100.0    2124    24    46.82    -19.11    -42.74     5      .8    2120     0   0   0   0      26.844   -97.302
0204   101.8   749.8     15.71    100.0    2118    24    46.91    -19.02    -42.88     6      .7    2114     0   0   0   0      26.844   -97.302
0205   102.3   750.4     15.73    100.0    2111    24    47.04    -18.89    -43.08     6      .6    2107     0   0   0   3      26.844   -97.302
0206   102.8   751.0     15.75    100.0    2104    23    47.18    -18.74    -43.29     6      .5    2100     0   0   0   3      26.844   -97.302
0207   103.3   751.6     15.77    100.0    2097    23    47.30    -18.57    -43.50     6      .4    2094     0   0   0   0      26.843   -97.302
0208   103.8   752.2     15.79    100.0    2091    23    47.39    -18.41    -43.66     6      .4    2087     0   0   0   0      26.843   -97.302
0209   104.3   752.8     15.81    100.0    2084    23    47.42    -18.26    -43.76     6      .4    2080     0   0   0   0      26.843   -97.302
0210   104.8   753.4     15.82    100.0    2077    22    47.40    -18.14    -43.79     6      .4    2073     0   0   0   0      26.843   -97.302
0211   105.3   754.1     15.84    100.0    2070    22    47.35    -18.03    -43.78     6      .4    2066     0   0   0   0      26.843   -97.302
0212   105.8   754.7     15.86    100.0    2063    22    47.31    -17.95    -43.78     6      .5    2059     0   0   0   0      26.842   -97.302
0213   106.3   755.2     15.88    100.0    2056    22    47.31    -17.88    -43.81     6      .5    2053     0   0   0   3      26.842   -97.303
0214   106.8   755.8     15.91    100.0    2050    22    47.38    -17.81    -43.90     6      .5    2046     0   0   0   0      26.842   -97.303
0215   107.3   756.4     15.93    100.0    2043    22    47.50    -17.76    -44.05     6      .5    2039     0   0   0   0      26.842   -97.303
0216   107.8   757.0     15.95    100.0    2036    22    47.67    -17.70    -44.26     6      .5    2033     0   0   0   0      26.842   -97.303
0217   108.3   757.6     15.97    100.0    2030    22    47.86    -17.66    -44.49     6      .4    2026     0   0   0   0      26.841   -97.303
0218   108.8   758.2     15.99    100.0    2023    22    48.06    -17.62    -44.71     5      .3    2019     0   0   0   0      26.841   -97.303
0219   109.3   758.8     16.00    100.0    2016    21    48.25    -17.57    -44.94     6      .2    2012     0   0   0   0      26.841   -97.303
0220   109.8   759.4     16.01    100.0    2009    21    48.44    -17.51    -45.16     6      .1    2005     0   0   0   0      26.841   -97.303
0221   110.3   760.1     16.02    100.0    2002    21    48.64    -17.43    -45.41     5      .0    1998     0   0   0   0      26.841   -97.303
0222   110.8   760.7     16.03    100.0    1995    21    48.88    -17.32    -45.71     6      .0    1991     0   0   0   0      26.840   -97.303
0223   111.3   761.3     16.05    100.0    1988    20    49.16    -17.18    -46.06     6      .1    1984     0   0   0   3      26.840   -97.303
0224   111.8   761.9     16.07    100.0    1981    20    49.48    -17.00    -46.46     6      .2    1977     0   0   0   0      26.840   -97.304
0225   112.3   762.6     16.09    100.0    1974    20    49.80    -16.81    -46.87     7      .3    1970     0   0   0   3      26.840   -97.304
0226   112.8   763.2     16.11    100.0    1967    19    50.08    -16.60    -47.24     7      .4    1963     0   0   0   0      26.840   -97.304
0227   113.3   763.8     16.14    100.0    1961    19    50.27    -16.41    -47.51     7      .5    1957     0   0   0   0      26.839   -97.304
0228   113.8   764.3     16.16    100.0    1954    19    50.32    -16.23    -47.63     7      .6    1950     0   0   0   3      26.839   -97.304
0229   114.3   764.9     16.19    100.0    1947    19    50.23    -16.07    -47.59     7      .6    1944     0   0   0   0      26.839   -97.304
0230   114.8   765.5     16.21    100.0    1941    19    49.99    -15.92    -47.39     7      .5    1937     0   0   0   0      26.839   -97.304
0231   115.3   766.1     16.24    100.0    1934    19    49.66    -15.78    -47.09     6      .5    1930     0   0   0   0      26.838   -97.304
0232   115.8   766.7     16.27    100.0    1927    18    49.32    -15.64    -46.78     7      .4    1924     0   0   0   0      26.838   -97.304
0233   116.3   767.3     16.30    100.0    1921    18    49.07    -15.50    -46.55     7      .4    1917     0   0   0   0      26.838   -97.304
0234   116.8   767.9     16.33    100.0    1914    18    48.97    -15.37    -46.50     7      .3    1910     0   0   0   0      26.838   -97.304
0235   117.3   768.6     16.36    100.0    1907    18    49.08    -15.25    -46.65     7      .3    1903     0   0   0   3      26.838   -97.304
0236   117.8   769.2     16.40    100.0    1900    18    49.40    -15.16    -47.02     7      .3    1896     0   0   0   0      26.837   -97.305
0237   118.3   769.8     16.44    100.0    1893    18    49.86    -15.11    -47.52     7      .4    1890     0   0   0   3      26.837   -97.305
0238   118.8   770.4     16.48    100.0    1887    17    50.37    -15.10    -48.06     7      .5    1883     3   3   3   3      26.837   -97.305
0239   119.3   771.0     16.52    100.0    1880    17    50.82    -15.15    -48.51     7      .6    1876     0   0   0   0      26.837   -97.305
0240   119.8   771.6     16.57    100.0    1873    17    51.10    -15.25    -48.78     7      .7    1869     0   0   0   3      26.837   -97.305
0241   120.3   772.2     16.61    100.0    1867    18    51.15    -15.38    -48.78     6      .8    1863     3   3   3   3      26.836   -97.305
0242   120.8   772.8     16.66    100.0    1860    18    50.92    -15.53    -48.50     6      .9    1856     0   0   0   0      26.836   -97.305
0243   121.3   773.3     16.71    100.0    1854    18    50.47    -15.66    -47.97     7     1.0    1850     0   0   0   0      26.836   -97.305
0244   121.8   773.9     16.75    100.0    1848    18    49.84    -15.74    -47.28     6      .9    1844     0   0   0   0      26.836   -97.305
0245   122.3   774.5     16.80    100.0    1841    19    49.13    -15.75    -46.53     6      .8    1837     0   0   0   0      26.835   -97.305
0246   122.8   775.1     16.84    100.0    1835    19    48.44    -15.67    -45.84     6      .7    1831     0   0   0   0      26.835   -97.305
0247   123.3   775.7     16.89    100.0    1828    19    47.86    -15.50    -45.28     6      .5    1824     0   0   0   3      26.835   -97.305
0248   123.8   776.3     16.93    100.0    1822    19    47.46    -15.25    -44.94     6      .3    1818     0   0   0   0      26.835   -97.305
0249   124.3   776.9     16.97    100.0    1815    18    47.27    -14.94    -44.85     6      .1    1811     0   0   0   0      26.835   -97.306
0250   124.8   777.5     17.00    100.0    1808    18    47.31    -14.62    -44.99     6      .0    1804     0   0   0   0      26.834   -97.306
0251   125.3   778.2     17.04    100.0    1801    18    47.55    -14.31    -45.34     6     -.1    1797     0   0   0   0      26.834   -97.306
0252   125.8   778.8     17.06    100.0    1794    17    47.96    -14.06    -45.85     6     -.1    1790     0   0   0   0      26.834   -97.306
0253   126.3   779.4     17.09    100.0    1787    17    48.48    -13.89    -46.45     6     -.1    1783     0   0   0   0      26.834   -97.306
0254   126.8   780.1     17.11    100.0    1780    16    49.05    -13.79    -47.07     6      .0    1776     0   0   0   0      26.834   -97.306
0255   127.3   780.7     17.13    100.0    1773    16    49.60    -13.76    -47.65     6      .0    1769     0   0   0   0      26.833   -97.306
0256   127.8   781.3     17.15    100.0    1766    16    50.05    -13.77    -48.12     6      .0    1762     0   0   0   0      26.833   -97.306
0257   128.3   781.9     17.17    100.0    1759    16    50.34    -13.76    -48.42     6     -.1    1755     0   0   0   0      26.833   -97.306
0258   128.8   782.5     17.18    100.0    1752    16    50.43    -13.70    -48.54     6     -.2    1749     0   0   0   0      26.833   -97.306
0259   129.3   783.2     17.21    100.0    1746    16    50.30    -13.53    -48.45     6     -.4    1742     0   0   0   0      26.832   -97.306
0260   129.8   783.8     17.23    100.0    1738    15    49.97    -13.24    -48.18     6     -.6    1735     0   0   0   0      26.832   -97.306
0261   130.3   784.5     17.26    100.0    1731    15    49.48    -12.85    -47.79     6     -.9    1727     0   0   0   0      26.832   -97.306
0262   130.8   785.2     17.29    100.0    1724    15    48.94    -12.38    -47.34     5    -1.1    1720     0   0   0   0      26.832   -97.306
0263   131.3   785.9     17.32    100.0    1716    14    48.42    -11.91    -46.93     6    -1.3    1712     0   0   0   0      26.832   -97.306
0264   131.8   786.6     17.36    100.0    1708    14    48.01    -11.50    -46.62     6    -1.4    1705     0   0   0   3      26.831   -97.307
0265   132.3   787.3     17.39    100.0    1701    14    47.78    -11.21    -46.45     6    -1.4    1697     0   0   0   3      26.831   -97.307
0266   132.8   788.0     17.42    100.0    1693    13    47.74    -11.08    -46.44     6    -1.5    1689     3   3   3   3      26.831   -97.307
0267   133.3   788.7     17.45    100.0    1686    13    47.87    -11.11    -46.56     6    -1.5    1682     0   0   0   0      26.831   -97.307
0268   133.8   789.4     17.48    100.0    1678    14    48.10    -11.26    -46.76     6    -1.5    1674     0   0   0   0      26.831   -97.307
0269   134.3   790.1     17.51    100.0    1671    14    48.38    -11.47    -47.00     5    -1.5    1667     0   0   0   0      26.830   -97.307
0270   134.8   790.7     17.53    100.0    1663    14    48.65    -11.66    -47.23     6    -1.5    1659     0   0   0   0      26.830   -97.307
0271   135.3   791.4     17.56    100.0    1655    14    48.88    -11.78    -47.44     6    -1.6    1652     0   0   0   0      26.830   -97.307
0272   135.8   792.2     17.59    100.0    1648    14    49.08    -11.80    -47.64     7    -1.7    1644     0   0   0   0      26.830   -97.307
0273   136.3   792.9     17.62    100.0    1640    14    49.28    -11.73    -47.86     7    -1.8    1636     0   0   0   3      26.830   -97.307
0274   136.8   793.6     17.64    100.0    1632    14    49.50    -11.61    -48.12     7    -1.8    1628     0   0   0   0      26.829   -97.307
0275   137.3   794.3     17.67    100.0    1624    13    49.77    -11.48    -48.43     7    -1.9    1620     0   0   0   3      26.829   -97.307
0276   137.8   795.0     17.70    100.0    1616    13    50.09    -11.40    -48.77     6    -1.9    1613     0   0   0   3      26.829   -97.307
0277   138.3   795.8     17.73    100.0    1609    13    50.42    -11.36    -49.12     6    -1.8    1605     0   0   0   0      26.829   -97.307
0278   138.8   796.5     17.76    100.0    1601    13    50.73    -11.35    -49.44     7    -1.8    1597     0   0   0   0      26.828   -97.307
0279   139.3   797.2     17.79    100.0    1593    13    50.97    -11.32    -49.69     7    -1.7    1589     0   0   0   0      26.828   -97.307
0280   139.8   797.9     17.82    100.0    1586    13    51.11    -11.24    -49.86     6    -1.7    1582     0   0   0   0      26.828   -97.307
0281   140.3   798.6     17.86    100.0    1578    12    51.15    -11.04    -49.95     7    -1.6    1574     0   0   0   0      26.828   -97.307
0282   140.8   799.3     17.89    100.0    1570    12    51.12    -10.72    -49.98     7    -1.6    1567     0   0   0   0      26.828   -97.308
0283   141.3   800.0     17.92    100.0    1563    12    51.04    -10.30    -49.99     6    -1.6    1559     0   0   0   0      26.827   -97.308
0284   141.8   800.7     17.95    100.0    1555    11    50.96     -9.83    -50.00     7    -1.5    1551     0   0   0   0      26.827   -97.308
0285   142.3   801.4     17.98    100.0    1548    11    50.90     -9.38    -50.03     7    -1.5    1544     0   0   0   0      26.827   -97.308
0286   142.8   802.1     18.00    100.0    1540    10    50.87     -9.00    -50.07     7    -1.5    1536     0   0   0   3      26.827   -97.308
0287   143.3   802.8     18.02    100.0    1532    10    50.86     -8.73    -50.10     6    -1.4    1529     0   0   0   0      26.826   -97.308
0288   143.8   803.5     18.05    100.0    1525    10    50.84     -8.61    -50.10     7    -1.3    1521     0   0   0   0      26.826   -97.308
0289   144.3   804.2     18.07    100.0    1517    10    50.79     -8.62    -50.05     7    -1.2    1514     0   0   0   0      26.826   -97.308
0290   144.8   804.9     18.10    100.0    1510    10    50.71     -8.73    -49.96     7    -1.1    1506     0   0   0   0      26.826   -97.308
0291   145.3   805.6     18.13    100.0    1503    10    50.63     -8.90    -49.84     8    -1.0    1499     0   0   0   0      26.825   -97.308
0292   145.8   806.3     18.16    100.0    1495    10    50.56     -9.09    -49.74     8     -.9    1492     0   0   0   0      26.825   -97.308
0293   146.3   807.0     18.20    100.0    1488    11    50.54     -9.26    -49.69     8     -.8    1484     0   0   0   0      26.825   -97.308
0294   146.8   807.6     18.23    100.0    1481    11    50.58     -9.36    -49.71     8     -.8    1477     0   0   0   3      26.825   -97.308
0295   147.3   808.3     18.26    100.0    1474    11    50.66     -9.35    -49.79     7     -.8    1470     0   0   0   0      26.825   -97.308
0296   147.8   809.0     18.29    100.0    1467    10    50.73     -9.21    -49.88     8     -.9    1463     0   0   0   3      26.824   -97.308
0297   148.3   809.6     18.32    100.0    1460    10    50.74     -8.92    -49.95     8    -1.0    1456     0   0   0   0      26.824   -97.308
0298   148.8   810.3     18.35    100.0    1452    10    50.64     -8.49    -49.93     7    -1.2    1449     0   0   0   0      26.824   -97.308
0299   149.3   811.0     18.38    100.0    1445     9    50.42     -7.93    -49.79     7    -1.4    1441     0   0   0   0      26.824   -97.308
0300   149.8   811.7     18.41    100.0    1437     8    50.08     -7.31    -49.54     8    -1.5    1434     0   0   0   0      26.823   -97.308
0301   150.3   812.5     18.45    100.0    1430     8    49.67     -6.69    -49.22     8    -1.7    1426     0   0   0   3      26.823   -97.308
0302   150.8   813.2     18.48    100.0    1422     7    49.25     -6.14    -48.87     8    -1.9    1418     0   0   0   3      26.823   -97.308
0303   151.3   813.9     18.52    100.0    1414     7    48.87     -5.72    -48.53     8    -2.0    1411     0   0   0   3      26.823   -97.308
0304   151.8   814.6     18.56    100.0    1407     6    48.54     -5.49    -48.23     8    -2.2    1403     0   0   0   3      26.823   -97.308
0305   152.3   815.4     18.59    100.0    1399     6    48.25     -5.45    -47.94     8    -2.3    1395     0   0   0   3      26.822   -97.309
0306   152.8   816.1     18.62    100.0    1391     7    47.97     -5.58    -47.65     8    -2.5    1387     0   0   0   0      26.822   -97.309
0307   153.3   816.9     18.63    100.0    1383     7    47.67     -5.83    -47.31     8    -2.7    1379     0   0   0   0      26.822   -97.309
0308   153.8   817.7     18.65    100.0    1375     7    47.34     -6.15    -46.94     8    -3.0    1371     0   0   0   0      26.822   -97.309
0309   154.3   818.5     18.66    100.0    1366     8    47.02     -6.48    -46.57     8    -3.2    1362     0   0   0   3      26.822   -97.309
0310   154.8   819.3     18.66    100.0    1358     8    46.78     -6.77    -46.28     7    -3.5    1354     0   0   0   3      26.821   -97.309
0311   155.3   820.1     18.68    100.0    1349     9    46.68     -7.00    -46.15     7    -3.7    1346     0   0   0   0      26.821   -97.309
0312   155.8   820.9     18.70    100.0    1341     9    46.80     -7.15    -46.25     8    -3.9    1337     0   0   0   0      26.821   -97.309
0313   156.3   821.7     18.73    100.0    1332     9    47.16     -7.25    -46.60     8    -4.0    1328     0   0   0   0      26.821   -97.309
0314   156.8   822.6     18.77    100.0    1323     9    47.71     -7.28    -47.15     8    -4.0    1319     0   0   0   0      26.820   -97.309
0315   157.3   823.4     18.82    100.0    1314     9    48.38     -7.27    -47.83     8    -4.0    1310     0   0   0   0      26.820   -97.309
0316   157.8   824.3     18.87    100.0    1305     8    49.04     -7.22    -48.51     7    -3.9    1301     0   0   0   0      26.820   -97.309
0317   158.3   825.1     18.92    100.0    1297     8    49.62     -7.16    -49.10     8    -3.7    1293     0   0   0   0      26.820   -97.309
0318   158.8   825.9     18.97    100.0    1288     8    50.04     -7.13    -49.53     8    -3.4    1284     0   0   0   0      26.820   -97.309
0319   159.3   826.7     19.01    100.0    1280     8    50.30     -7.15    -49.79     8    -3.2    1276     0   0   0   3      26.819   -97.309
0320   159.8   827.5     19.05    100.0    1271     8    50.41     -7.27    -49.89     7    -2.9    1268     0   0   0   0      26.819   -97.309
0321   160.3   828.3     19.08    100.0    1263     9    50.43     -7.52    -49.87     8    -2.7    1260     3   3   3   3      26.819   -97.309
0322   160.8   829.0     19.11    100.0    1256     9    50.40     -7.90    -49.77     8    -2.5    1252     0   0   0   0      26.819   -97.309
0323   161.3   829.8     19.15    100.0    1248    10    50.32     -8.35    -49.63     7    -2.5    1244     0   0   0   0      26.818   -97.309
0324   161.8   830.5     19.19    100.0    1240    10    50.21     -8.81    -49.44     8    -2.4    1236     0   0   0   0      26.818   -97.309
0325   162.3   831.3     19.24    100.0    1232    11    50.03     -9.18    -49.18     8    -2.5    1228     0   0   0   0      26.818   -97.309
0326   162.8   832.1     19.30    100.0    1224    11    49.73     -9.38    -48.84     8    -2.5    1220     0   0   0   0      26.818   -97.309
0327   163.3   832.8     19.35    100.0    1216    11    49.29     -9.37    -48.39     7    -2.6    1212     0   0   0   0      26.818   -97.309
0328   163.8   833.6     19.40    100.0    1208    11    48.70     -9.13    -47.84     7    -2.6    1204     0   0   0   0      26.817   -97.309
0329   164.3   834.4     19.45    100.0    1200    10    48.00     -8.72    -47.20     7    -2.7    1196     0   0   0   0      26.817   -97.309
0330   164.8   835.2     19.48    100.0    1192    10    47.24     -8.22    -46.52     7    -2.6    1188     0   0   0   0      26.817   -97.309
0331   165.3   835.9     19.51    100.0    1184    10    46.48     -7.74    -45.84     7    -2.6    1180     0   0   0   3      26.817   -97.310
0332   165.8   836.7     19.53    100.0    1176     9    45.80     -7.36    -45.21     7    -2.5    1172     0   0   0   0      26.817   -97.310
0333   166.3   837.5     19.55    100.0    1168     9    45.24     -7.16    -44.67     7    -2.4    1164     0   0   0   0      26.816   -97.310
0334   166.8   838.2     19.56    100.0    1160     9    44.83     -7.15    -44.26     7    -2.3    1156     0   0   0   0      26.816   -97.310
0335   167.3   839.0     19.59    100.0    1152     9    44.57     -7.29    -43.97     7    -2.2    1148     0   0   0   0      26.816   -97.310
0336   167.8   839.7     19.61    100.0    1145    10    44.45     -7.53    -43.81     7    -2.2    1141     0   0   0   0      26.816   -97.310
0337   168.3   840.5     19.64    100.0    1137    10    44.46     -7.78    -43.77     7    -2.2    1133     0   0   0   0      26.816   -97.310
0338   168.8   841.2     19.67    100.0    1129    10    44.56     -7.98    -43.84     7    -2.4    1125     0   0   0   0      26.815   -97.310
0339   169.3   842.0     19.70    100.0    1121    10    44.75     -8.09    -44.01     6    -2.6    1118     0   0   0   0      26.815   -97.310
0340   169.8   842.7     19.74    100.0    1114    10    44.99     -8.10    -44.26     7    -2.8    1110     0   0   0   0      26.815   -97.310
0341   170.3   843.5     19.77    100.0    1105    10    45.31     -8.05    -44.58     7    -3.1    1102     0   0   0   0      26.815   -97.310
0342   170.8   844.3     19.81    100.0    1097    10    45.68     -7.99    -44.97     7    -3.3    1093     0   0   0   0      26.815   -97.310
0343   171.3   845.2     19.85    100.0    1089    10    46.10     -7.96    -45.41     7    -3.5    1085     0   0   0   0      26.814   -97.310
0344   171.8   846.0     19.88    100.0    1080    10    46.55     -7.97    -45.86     7    -3.7    1076     0   0   0   0      26.814   -97.310
0345   172.3   846.9     19.91    100.0    1071    10    46.98     -8.01    -46.29     6    -3.8    1067     0   0   0   0      26.814   -97.310
0346   172.8   847.7     19.94    100.0    1063    10    47.32     -8.03    -46.63     7    -3.8    1059     0   0   0   0      26.814   -97.310
0347   173.3   848.5     19.97    100.0    1054    10    47.47     -7.97    -46.80     6    -3.8    1050     0   0   0   0      26.813   -97.310
0348   173.8   849.4     20.00    100.0    1046     9    47.37     -7.78    -46.73     7    -3.8    1042     0   0   0   0      26.813   -97.310
0349   174.3   850.2     20.03    100.0    1037     9    46.96     -7.43    -46.37     7    -3.8    1033     0   0   0   0      26.813   -97.310
0350   174.8   851.0     20.06    100.0    1029     9    46.25     -6.92    -45.73     7    -3.8    1025     0   0   0   0      26.813   -97.310
0351   175.3   851.9     20.09    100.0    1020     8    45.31     -6.32    -44.87     7    -3.8    1016     0   0   0   0      26.813   -97.310
0352   175.8   852.7     20.12    100.0    1012     7    44.27     -5.70    -43.90     7    -3.8    1008     0   0   0   0      26.812   -97.310
0353   176.3   853.5     20.16    100.0    1003     7    43.27     -5.15    -42.96     7    -3.9     999     0   0   0   0      26.812   -97.310
0354   176.8   854.4     20.21    100.0     995     6    42.49     -4.76    -42.22     7    -4.0     991     0   0   0   0      26.812   -97.310
0355   177.3   855.2     20.25    100.0     986     6    42.05     -4.57    -41.80     7    -4.1     982     0   0   0   0      26.812   -97.310
0356   177.8   856.1     20.30    100.0     977     6    42.02     -4.60    -41.76     7    -4.2     973     0   0   0   0      26.812   -97.310
0357   178.3   856.9     20.34    100.0     969     7    42.36     -4.82    -42.08     7    -4.4     965     0   0   0   0      26.812   -97.310
0358   178.8   857.8     20.39    100.0     960     7    42.95     -5.15    -42.64     6    -4.6     956     3   3   3   3      26.811   -97.310
0359   179.3   858.7     20.44    100.0     951     7    43.63     -5.53    -43.27     5    -4.7     947     0   0   0   0      26.811   -97.310
0360   179.8   859.6     20.50    100.0     942     8    44.19     -5.87    -43.79     7    -4.9     938     0   0   0   0      26.811   -97.311
0361   180.3   860.5     20.56    100.0     933     8    44.51     -6.14    -44.09     7    -5.1     929     0   0   0   0      26.811   -97.311
0362   180.8   861.4     20.64    100.0     923     8    44.55     -6.34    -44.09     5    -5.1     920     0   0   0   0      26.811   -97.311
0363   181.3   862.3     20.72     99.9     914     8    44.29     -6.54    -43.81     7    -5.1     910     0   0   0   0      26.810   -97.311
0364   181.8   863.3     20.81     99.9     905     9    43.82     -6.80    -43.29     7    -5.0     901     3   3   3   0      26.810   -97.311
0365   182.3   864.2     20.89     99.9     895     9    43.25     -7.10    -42.66     7    -4.9     892     0   0   0   3      26.810   -97.311
0366   182.8   865.1     20.96    100.0     886    10    42.66     -7.39    -42.02     6    -4.7     883     0   0   0   3      26.810   -97.311
0367   183.3   866.0     21.01    100.0     878    10    42.15     -7.58    -41.46     6    -4.5     874     0   0   0   0      26.810   -97.311
0368   183.8   866.8     21.05    100.0     869    11    41.76     -7.66    -41.05     6    -4.3     865     0   0   0   0      26.809   -97.311
0369   184.3   867.7     21.09    100.0     860    11    41.52     -7.66    -40.81     7    -4.1     857     0   0   0   0      26.809   -97.311
0370   184.8   868.5     21.12    100.0     852    11    41.36     -7.65    -40.65     7    -4.0     848     0   0   0   3      26.809   -97.311
0371   185.3   869.4     21.16    100.0     843    11    41.25     -7.70    -40.53     7    -4.0     840     0   0   0   0      26.809   -97.311
0372   185.8   870.2     21.22     99.9     835    11    41.23     -7.81    -40.48     6    -4.1     831     0   0   0   0      26.809   -97.311
0373   186.3   871.1     21.29     99.6     826    11    41.41     -8.02    -40.62     7    -4.2     822     0   0   0   3      26.808   -97.311
0374   186.8   871.9     21.36     99.4     818    12    41.94     -8.40    -41.10     7    -4.3     814     0   0   0   0      26.808   -97.311
0375   187.3   872.8     21.45     99.3     809    12    43.08     -8.93    -42.14     7    -4.4     805     0   0   0   3      26.808   -97.311
0376   187.8   873.7     21.52     99.2     800    12    44.59     -9.47    -43.58     6    -4.5     796     0   0   0   0      26.808   -97.311
0377   188.3   874.6     21.59     99.1     791  -999  -999.00   -999.00   -999.00  -999    -4.5     787     0   0   0   0      26.808   -97.311
0378   188.8   875.5     21.64     99.1     782  -999  -999.00   -999.00   -999.00  -999    -4.6     778     0   0   0   0      26.808   -97.311
0379   189.3   876.4     21.68     99.1     773  -999  -999.00   -999.00   -999.00  -999    -4.7     770     0   0   0   0      26.807   -97.311
0380   189.8   877.3     21.71     98.9     765  -999  -999.00   -999.00   -999.00  -999    -4.7     761     0   0   0   0      26.807   -97.311
0381   190.3   878.2     21.75     98.6     756  -999  -999.00   -999.00   -999.00  -999    -4.8     752     0   0   0   0      26.807   -97.311
0382   190.8   879.1     21.79     98.2     747  -999  -999.00   -999.00   -999.00  -999    -4.9     743     0   0   0   0      26.807   -97.311
0383   191.3   880.0     21.83     97.6     738  -999  -999.00   -999.00   -999.00  -999    -4.9     734     0   0   0   0      26.807   -97.311
0384   191.8   880.9     21.88     97.1     729  -999  -999.00   -999.00   -999.00  -999    -5.0     725     0   0   0   0      26.806   -97.311
0385   192.3   881.8     21.93     96.7     719  -999  -999.00   -999.00   -999.00  -999    -5.0     716     0   0   0   0      26.806   -97.312
0386   192.8   882.7     21.98     96.4     710  -999  -999.00   -999.00   -999.00  -999    -5.0     707     0   0   0   0      26.806   -97.312
0387   193.3   883.6     22.01     96.3     701  -999  -999.00   -999.00   -999.00  -999    -5.0     697     0   0   0   0      26.806   -97.312
0388   193.8   884.6     22.03     96.3     692  -999  -999.00   -999.00   -999.00  -999    -5.0     688     0   0   0   0      26.806   -97.312
0389   194.3   885.5     22.04     96.5     683  -999  -999.00   -999.00   -999.00  -999    -4.9     679     0   0   0   0      26.805   -97.312
0390   194.8   886.4     22.04     96.8     674  -999  -999.00   -999.00   -999.00  -999    -4.8     670     0   0   0   0      26.805   -97.312
0391   195.3   887.3     22.03     97.1     665  -999  -999.00   -999.00   -999.00  -999    -4.7     661     0   0   0   0      26.805   -97.312
0392   195.8   888.2     22.02     97.4     656  -999  -999.00   -999.00   -999.00  -999    -4.5     652     0   0   0   0      26.805   -97.312
0393   196.3   889.1     22.02     97.7     647  -999  -999.00   -999.00   -999.00  -999    -4.3     644     0   0   0   0      26.805   -97.312
0394   196.8   890.0     22.01     97.9     639  -999  -999.00   -999.00   -999.00  -999    -4.0     635     0   0   0   0      26.804   -97.312
0395   197.3   890.8     22.01     98.1     630  -999  -999.00   -999.00   -999.00  -999    -3.8     627     0   0   0   0      26.804   -97.312
0396   197.8   891.7     22.01     98.2     622  -999  -999.00   -999.00   -999.00  -999    -3.6     618     0   0   0   0      26.804   -97.312
0397   198.3   892.5     22.02     98.4     614  -999  -999.00   -999.00   -999.00  -999    -3.3     610     0   0   0   0      26.804   -97.312
0398   198.8   893.3     22.03     98.5     606  -999  -999.00   -999.00   -999.00  -999    -3.1     602     0   0   0   0      26.804   -97.312
0399   199.3   894.2     22.06     98.6     598  -999  -999.00   -999.00   -999.00  -999    -2.8     594     0   0   0   0      26.803   -97.312
0400   199.8   895.0     22.10     98.7     590  -999  -999.00   -999.00   -999.00  -999    -2.4     586     0   0   0   0      26.803   -97.312
0401   200.3   895.8     22.16     98.8     582  -999  -999.00   -999.00   -999.00  -999    -1.9     578     0   0   0   0      26.803   -97.312
0402   200.8   896.5     22.21     99.0     575  -999  -999.00   -999.00   -999.00  -999    -1.3     571     0   0   0   0      26.803   -97.312
0403   201.3   897.3     22.26     99.1     567  -999  -999.00   -999.00   -999.00  -999     -.6     564     0   0   0   0      26.803   -97.312
0404   201.8   898.0     22.30     99.4     561  -999  -999.00   -999.00   -999.00  -999      .1     557     0   0   0   0      26.802   -97.312
0405   202.3   898.6     22.31     99.6     555  -999  -999.00   -999.00   -999.00  -999      .7     551     0   0   0   0      26.802   -97.312
0406   202.8   899.2     22.29     99.8     549  -999  -999.00   -999.00   -999.00  -999     1.2     545     0   0   0   0      26.802   -97.312
0407   203.3   899.7     22.25    100.0     544  -999  -999.00   -999.00   -999.00  -999     1.4     540     0   0   0   0      26.802   -97.313
0408   203.8   900.2     22.19    100.0     539  -999  -999.00   -999.00   -999.00  -999     1.3     535     0   0   0   0      26.802   -97.313
0409   204.3   900.8     22.12    100.0     533  -999  -999.00   -999.00   -999.00  -999     1.0     529     0   0   0   0      26.801   -97.313
0410   204.8   901.4     22.05    100.0     527  -999  -999.00   -999.00   -999.00  -999      .4     524     0   0   0   0      26.801   -97.313
0411   205.3   902.0     21.99    100.0     521  -999  -999.00   -999.00   -999.00  -999     -.4     517     0   0   0   0      26.801   -97.313
0412   205.8   902.8     21.96    100.0     514  -999  -999.00   -999.00   -999.00  -999    -1.2     510     0   0   0   0      26.801   -97.313
0413   206.3   903.5     21.95    100.0     507  -999  -999.00   -999.00   -999.00  -999    -1.9     503     0   0   0   0      26.801   -97.313
0414   206.8   904.4     21.96     99.9     499  -999  -999.00   -999.00   -999.00  -999    -2.5     495     0   0   0   0      26.800   -97.313
0415   207.3   905.2     21.99     99.9     491  -999  -999.00   -999.00   -999.00  -999    -3.0     487     0   0   0   0      26.800   -97.313
0416   207.8   906.1     22.03    100.0     482  -999  -999.00   -999.00   -999.00  -999    -3.3     478     0   0   0   0      26.800   -97.313
0417   208.3   906.9     22.07    100.0     474  -999  -999.00   -999.00   -999.00  -999    -3.4     470     0   0   0   0      26.800   -97.313
0418   208.8   907.8     22.11    100.0     466  -999  -999.00   -999.00   -999.00  -999    -3.4     462     0   0   0   0      26.800   -97.313
0419   209.3   908.6     22.14    100.0     458  -999  -999.00   -999.00   -999.00  -999    -3.2     454     0   0   0   0      26.799   -97.313
0420   209.8   909.5     22.17    100.0     449  -999  -999.00   -999.00   -999.00  -999    -3.0     446     0   0   0   0      26.799   -97.313
0421   210.3   910.3     22.18    100.0     442  -999  -999.00   -999.00   -999.00  -999    -2.7     438     0   0   0   0      26.799   -97.313
0422   210.8   911.1     22.19    100.0     434  -999  -999.00   -999.00   -999.00  -999    -2.3     430     0   0   0   0      26.799   -97.313
0423   211.3   911.9     22.19    100.0     426  -999  -999.00   -999.00   -999.00  -999    -1.8     422     0   0   0   0      26.799   -97.313
0424   211.8   912.7     22.19    100.0     419  -999  -999.00   -999.00   -999.00  -999    -1.1     415     0   0   0   0      26.798   -97.313
0425   212.3   913.4     22.20    100.0     412  -999  -999.00   -999.00   -999.00  -999     -.4     408     0   0   0   0      26.798   -97.313
0426   212.8   914.1     22.20    100.0     405  -999  -999.00   -999.00   -999.00  -999      .4     401     0   0   0   0      26.798   -97.313
0427   213.3   914.7     22.22    100.0     399  -999  -999.00   -999.00   -999.00  -999     1.2     395     0   0   0   0      26.798   -97.313
0428   213.8   915.3     22.24    100.0     394  -999  -999.00   -999.00   -999.00  -999     1.9     390     0   0   0   0      26.798   -97.313
0429   214.3   915.8     22.25    100.0     389  -999  -999.00   -999.00   -999.00  -999     2.5     385     0   0   0   0      26.797   -97.314
0430   214.8   916.3     22.28    100.0     384  -999  -999.00   -999.00   -999.00  -999     2.9     380     0   0   0   0      26.797   -97.314
0431   215.3   916.8     22.30    100.0     379  -999  -999.00   -999.00   -999.00  -999     3.1     375     0   0   0   0      26.797   -97.314
0432   215.8   917.3     22.32    100.0     375  -999  -999.00   -999.00   -999.00  -999     3.2     371     0   0   0   0      26.797   -97.314
0433   216.3   917.8     22.34    100.0     370  -999  -999.00   -999.00   -999.00  -999     3.3     366     0   0   0   0      26.797   -97.314
0434   216.8   918.3     22.37    100.0     365  -999  -999.00   -999.00   -999.00  -999     3.2     361     0   0   0   0      26.796   -97.314
0435   217.3   918.8     22.40    100.0     360  -999  -999.00   -999.00   -999.00  -999     3.2     356     0   0   0   0      26.796   -97.314
0436   217.8   919.3     22.43    100.0     355  -999  -999.00   -999.00   -999.00  -999     3.2     351     0   0   0   0      26.796   -97.314
0437   218.3   919.8     22.46    100.0     350  -999  -999.00   -999.00   -999.00  -999     3.2     346     0   0   0   0      26.796   -97.314
0438   218.8   920.4     22.49    100.0     345  -999  -999.00   -999.00   -999.00  -999     3.2     342     0   0   0   0      26.796   -97.314
0439   219.3   920.8     22.52    100.0     341  -999  -999.00   -999.00   -999.00  -999     3.1     337     0   0   0   0      26.796   -97.314
0440   219.8   921.3     22.54    100.0     336  -999  -999.00   -999.00   -999.00  -999     3.0     332     0   0   0   0      26.795   -97.314
0441   220.3   921.8     22.56    100.0     331  -999  -999.00   -999.00   -999.00  -999     2.8     328     0   0   0   0      26.795   -97.314
0442   220.8   922.3     22.57    100.0     327  -999  -999.00   -999.00   -999.00  -999     2.5     323     0   0   0   0      26.795   -97.314
0443   221.3   922.9     22.58    100.0     321  -999  -999.00   -999.00   -999.00  -999     2.1     318     0   0   0   0      26.795   -97.314
0444   221.8   923.5     22.59    100.0     316  -999  -999.00   -999.00   -999.00  -999     1.7     312     0   0   0   0      26.795   -97.314
0445   222.3   924.1     22.60    100.0     310  -999  -999.00   -999.00   -999.00  -999     1.4     306     0   0   0   0      26.794   -97.314
0446   222.8   924.7     22.62    100.0     304  -999  -999.00   -999.00   -999.00  -999     1.1     300     0   0   0   0      26.794   -97.314
0447   223.3   925.4     22.64    100.0     298  -999  -999.00   -999.00   -999.00  -999      .8     294     0   0   0   0      26.794   -97.314
0448   223.8   926.0     22.67    100.0     292  -999  -999.00   -999.00   -999.00  -999      .7     288     0   0   0   0      26.794   -97.314
0449   224.3   926.7     22.71    100.0     286  -999  -999.00   -999.00   -999.00  -999      .7     282     0   0   0   0      26.794   -97.314
0450   224.8   927.3     22.74    100.0     280  -999  -999.00   -999.00   -999.00  -999      .6     276     0   0   0   0      26.793   -97.314
0451   225.3   927.9     22.78    100.0     274  -999  -999.00   -999.00   -999.00  -999      .6     270     0   0   0   0      26.793   -97.315
0452   225.8   928.6     22.82    100.0     268  -999  -999.00   -999.00   -999.00  -999      .5     264     0   0   0   0      26.793   -97.315
0453   226.3   929.2     22.85    100.0     262  -999  -999.00   -999.00   -999.00  -999      .3     258     0   0   0   0      26.793   -97.315
0454   226.8   929.8     22.88    100.0     256  -999  -999.00   -999.00   -999.00  -999      .1     252     0   0   0   0      26.793   -97.315
0455   227.3   930.5     22.90    100.0     249  -999  -999.00   -999.00   -999.00  -999     -.2     245     3   3   3   0      26.792   -97.315
0456   227.8   931.2     22.91    100.0     243  -999  -999.00   -999.00   -999.00  -999     -.4     239     0   0   0   0      26.792   -97.315
0457   228.3   931.9     22.92    100.0     236  -999  -999.00   -999.00   -999.00  -999     -.7     232     0   0   0   0      26.792   -97.315
0458   228.8   932.7     22.93    100.0     229  -999  -999.00   -999.00   -999.00  -999    -1.0     225     3   3   3   0      26.792   -97.315
0459   229.3   933.4     22.95    100.0     222  -999  -999.00   -999.00   -999.00  -999    -1.4     218     0   0   0   0      26.792   -97.315
0460   229.8   934.2     22.97    100.0     215  -999  -999.00   -999.00   -999.00  -999    -1.7     211     0   0   0   0      26.791   -97.315
0461   230.3   934.9     23.01    100.0     208  -999  -999.00   -999.00   -999.00  -999    -2.1     204     0   0   0   0      26.791   -97.315
0462   230.8   935.7     23.05    100.0     200  -999  -999.00   -999.00   -999.00  -999    -2.6     197     0   0   0   0      26.791   -97.315
0463   231.3   936.5     23.10    100.0     193  -999  -999.00   -999.00   -999.00  -999    -3.1     189     0   0   0   0      26.791   -97.315
0464   231.8   937.4     23.14    100.0     185  -999  -999.00   -999.00   -999.00  -999    -3.5     181     0   0   0   0      26.791   -97.315
0465   232.3   938.3     23.18    100.0     177  -999  -999.00   -999.00   -999.00  -999    -3.9     173     0   0   0   0      26.790   -97.315
0466   232.8   939.2     23.21    100.0     168  -999  -999.00   -999.00   -999.00  -999    -4.0     164     0   0   0   0      26.790   -97.315
0467   233.3   940.1     23.22    100.0     159  -999  -999.00   -999.00   -999.00  -999    -4.0     155     0   0   0   0      26.790   -97.315
0468   233.8   941.1     23.23    100.0     150  -999  -999.00   -999.00   -999.00  -999    -3.6     146     0   0   0   0      26.790   -97.315
0469   234.3   942.0     23.25    100.0     141  -999  -999.00   -999.00   -999.00  -999    -3.1     138     0   0   0   0      26.790   -97.315
0470   234.8   942.9     23.26    100.0     133  -999  -999.00   -999.00   -999.00  -999    -2.3     130     0   0   0   0      26.789   -97.315
0471   235.3   943.7     23.30    100.0     126  -999  -999.00   -999.00   -999.00  -999    -1.5     122     0   0   0   0      26.789   -97.315
0472   235.8   944.4     23.35    100.0     120  -999  -999.00   -999.00   -999.00  -999     -.9     116     0   0   0   0      26.789   -97.315
0473   236.3   945.0     23.42    100.0     114  -999  -999.00   -999.00   -999.00  -999     -.4     110     3   3   3   0      26.789   -97.316
0474   236.8   945.6     23.50    100.0     108  -999  -999.00   -999.00   -999.00  -999     -.2     104     3   3   3   0      26.789   -97.316
0475   237.3   946.2     23.59    100.0     102  -999  -999.00   -999.00   -999.00  -999     -.3      98     3   3   3   0      26.788   -97.316
0476   237.8   946.9     23.67    100.0      96  -999  -999.00   -999.00   -999.00  -999     -.7      92     0   0   0   0      26.788   -97.316
0477   238.3   947.6     23.74    100.0      89  -999  -999.00   -999.00   -999.00  -999    -1.1      85     3   3   3   0      26.788   -97.316
0478   238.8   948.4     23.80    100.0      82  -999  -999.00   -999.00   -999.00  -999    -1.5      78     3   3   3   0      26.788   -97.316
0479   239.3   949.3     23.84    100.0      74  -999  -999.00   -999.00   -999.00  -999    -1.8      70     0   0   0   0      26.788   -97.316
0480   239.8   950.1     23.87    100.0      66  -999  -999.00   -999.00   -999.00  -999    -2.0      62     0   0   0   0      26.787   -97.316
0481   240.3   950.9     23.89    100.0      59  -999  -999.00   -999.00   -999.00  -999    -2.0      55     0   0   0   0      26.787   -97.316
0482   240.8   951.7     23.91    100.0      51  -999  -999.00   -999.00   -999.00  -999    -1.9      47     0   0   0   0      26.787   -97.316
0483   241.3   952.5     23.94    100.0      44  -999  -999.00   -999.00   -999.00  -999    -1.7      40     0   0   0   0      26.787   -97.316
0484   241.8   953.2     23.97    100.0      37  -999  -999.00   -999.00   -999.00  -999    -1.3      34     0   0   0   0      26.787   -97.316
0485   242.3   954.0     24.00    100.0      31  -999  -999.00   -999.00   -999.00  -999     -.7      27     0   0   0   0      26.786   -97.316
0486   242.8   954.7     24.05    100.0      24  -999  -999.00   -999.00   -999.00  -999     -.6      20     0   0   0   0      26.786   -97.316
0487   243.3   955.5     24.09    100.0      17  -999  -999.00   -999.00   -999.00  -999     -.4      13     0   0   0   0      26.786   -97.316
0488   243.8   956.1     24.16    100.0      11  -999  -999.00   -999.00   -999.00  -999     -.3       7     0   0   0   0      26.786   -97.316
0489   244.3   956.7     24.25    100.0       5  -999  -999.00   -999.00   -999.00  -999     -.2       1     0   0   0   0      26.786   -97.316
