 ===========================================================================
 DROPWINDSONDE PROCESSING RECORD                            Sonde: 984325134
 PDS file written Jun 17, 2005.                             Format:    V5.11
 Aircraft: AFRES C-130                       Date: 990822   Time: 230214 UTC
 ---------------------------------------------------------------------------
 Bias corrections:  PR =    .0 mb  TE =    .0 C  RH =    .0 %  PRB =   .0 mb
 Filters (LPF):     PTH =   5 s    WIND =   5 s       Hyd anchor =       SFC
 Dyn RH correction =  N     WSHR COR =      Y         Splash PR  =  949.0 mb
 Estimated PR used =  N     GPS VERR =    .77 m/s     HYD SFCP   =  949.9 mb
 Dyn T correction  =  Y     WGACORR  =    -.2 m       AC GA ADJ  =     .0 m
 ---------------------------------------------------------------------------
 COMMENTS: Eye. removed fl td. rh doubtful.                            
 ===========================================================================

 ===========================================================================
 Date: 990822   Lat:  26.84 N   TA:   15.3 C   PS:  697.0 mb   WD:   282 deg
 Time: 230214   Lon:  97.29 W   TD: -999.0 C   GA:   2691 m    WS:   1.0 m/s
 SID:  984325134                RH: -999.0 %   Navaid:   GP          
 ===========================================================================

IX      t (s)  P (mb)    T (C)    RH (%)  Z (m)   WD    WS (m/s)   U (m/s)   V (m/s)  NS  WZ (m/s)  ZW (m)   FP  FT  FH  FW    LAT (N)   LON (E)
0001      .2   697.6     15.33   -999.0    2683   284     1.01       .98      -.25  -999  -999.0    2682     3   3   0   4      26.840   -97.290
0002      .7   698.3     15.38   -999.0    2675   293     1.07       .99      -.42  -999  -999.0    2675     3   3   0   4      26.840   -97.290
0003     1.2   698.9     15.41   -999.0    2667   295     1.09       .99      -.46  -999  -999.0    2667     3   3   0   4      26.840   -97.290
0004     1.7   699.6     15.45   -999.0    2659   297     1.11       .99      -.50  -999  -999.0    2659     3   3   0   4      26.840   -97.290
0005     2.2   700.2     15.49   -999.0    2651   299     1.13       .99      -.54  -999  -999.0    2651     3   3   0   4      26.840   -97.290
0006     2.7   700.9     15.53   -999.0    2644   300     1.15       .99      -.58  -999  -999.0    2643     3   3   0   4      26.840   -97.290
0007     3.2   701.5     15.57   -999.0    2636   302     1.17       .99      -.62  -999  -999.0    2636     3   3   0   4      26.840   -97.290
0008     3.7   702.1     15.61   -999.0    2628   304     1.19      1.00      -.66  -999  -999.0    2628     3   3   0   4      26.840   -97.290
0009     4.2   702.8     15.64   -999.0    2620   305     1.22      1.00      -.70  -999  -999.0    2620     3   3   0   4      26.840   -97.290
0010     4.7   703.4     15.68   -999.0    2613   307     1.24      1.00      -.74  -999  -999.0    2612     3   3   0   4      26.840   -97.290
0011     5.2   704.1     15.72   -999.0    2605   308     1.27      1.00      -.78  -999  -999.0    2605     3   3   0   4      26.840   -97.290
0012     5.7   704.7     15.76   -999.0    2597   309     1.29      1.00      -.82  -999  -999.0    2597     3   3   0   4      26.840   -97.290
0013     6.2   705.3     15.80   -999.0    2589   311     1.32      1.00      -.86  -999  -999.0    2589     3   3   0   4      26.840   -97.290
0014     6.7   706.0     15.84   -999.0    2582   312     1.35      1.01      -.90  -999  -999.0    2581     3   3   0   4      26.840   -97.290
0015     7.2   706.6     15.87   -999.0    2574   313     1.38      1.01      -.94  -999  -999.0    2574     3   3   0   4      26.840   -97.290
0016     7.7   707.3     15.91   -999.0    2566   314     1.41      1.01      -.98  -999  -999.0    2566     3   3   0   4      26.840   -97.290
0017     8.2   707.9     15.95   -999.0    2558   315     1.44      1.01     -1.02  -999  -999.0    2558     3   3   0   4      26.840   -97.290
0018     8.7   708.6     15.99   -999.0    2551   316     1.47      1.01     -1.06  -999  -999.0    2550     3   3   0   4      26.840   -97.290
0019     9.2   709.2     16.02   -999.0    2543   317     1.50      1.01     -1.10  -999  -999.0    2543     3   3   0   4      26.840   -97.290
0020     9.7   709.8     16.06   -999.0    2535   318     1.53      1.02     -1.14  -999  -999.0    2535     3   3   0   4      26.840   -97.290
0021    10.2   710.5     16.10   -999.0    2527   319     1.56      1.02     -1.18  -999  -999.0    2527     3   3   0   4      26.840   -97.290
0022    10.7   711.1     16.14     79.0    2520   320     1.59      1.02     -1.22  -999  -999.0    2520     3   3   4   4      26.840   -97.290
0023    11.2   711.8     16.17     78.8    2512   321     1.62      1.02     -1.26  -999  -999.0    2512     3   3   4   4      26.840   -97.290
0024    11.7   712.4     16.21     78.5    2504   322     1.65      1.02     -1.30  -999  -999.0    2504     3   3   4   4      26.840   -97.290
0025    12.2   713.0     16.25     78.4    2497   323     1.69      1.02     -1.34  -999  -999.0    2497     3   3   4   4      26.840   -97.290
0026    12.7   713.7     16.29     78.4    2489   323     1.72      1.03     -1.38  -999  -999.0    2489     3   3   4   4      26.840   -97.290
0027    13.2   714.3     16.32     78.4    2481   324     1.75      1.03     -1.42  -999  -999.0    2481     3   3   4   4      26.840   -97.290
0028    13.7   715.0     16.36     78.4    2474   325     1.79      1.03     -1.46  -999  -999.0    2473     3   3   4   4      26.840   -97.290
0029    14.2   715.6     16.40     78.4    2466   326     1.82      1.03     -1.50  -999  -999.0    2466     3   3   4   4      26.840   -97.290
0030    14.7   716.3     16.44     78.5    2458   326     1.85      1.03     -1.54  -999  -999.0    2458     3   3   4   4      26.840   -97.290
0031    15.2   716.9     16.47     78.5    2450   327     1.89      1.03     -1.58  -999  -999.0    2450     0   0   4   4      26.840   -97.290
0032    15.7   717.6     16.51     78.5    2443   327     1.92      1.04     -1.62  -999     -.8    2443     0   0   4   4      26.840   -97.290
0033    16.2   718.2     16.54     78.6    2435   328     1.96      1.04     -1.66  -999     -.7    2435     0   0   4   4      26.840   -97.290
0034    16.7   718.8     16.57     78.7    2428   329     1.99      1.04     -1.70  -999     -.7    2428     0   0   4   4      26.840   -97.290
0035    17.2   719.5     16.60     78.9    2420   329     2.03      1.04     -1.74  -999     -.6    2420     0   0   4   4      26.840   -97.290
0036    17.7   720.1     16.63     79.0    2413   330     2.06      1.04     -1.78  -999     -.6    2413     0   0   4   4      26.840   -97.290
0037    18.2   720.7     16.65     79.2    2405   330     2.10      1.04     -1.82  -999     -.6    2405     0   0   4   4      26.840   -97.290
0038    18.7   721.3     16.68     79.3    2398   331     2.13      1.05     -1.86  -999     -.6    2398     0   0   4   4      26.840   -97.290
0039    19.2   722.0     16.70     79.4    2391   331     2.17      1.05     -1.90  -999     -.6    2390     0   0   4   4      26.840   -97.290
0040    19.7   722.6     16.74     79.4    2383   332     2.21      1.05     -1.94  -999     -.6    2383     0   0   4   4      26.840   -97.290
0041    20.2   723.2     16.77     79.4    2376   332     2.24      1.05     -1.98  -999     -.6    2375     0   0   4   4      26.840   -97.290
0042    20.7   723.9     16.81     79.3    2368   333     2.28      1.05     -2.02  -999     -.6    2368     0   0   4   4      26.840   -97.290
0043    21.2   724.5     16.85     79.2    2361   333     2.31      1.05     -2.06  -999     -.6    2360     0   0   4   4      26.840   -97.290
0044    21.7   725.1     16.90     79.1    2353   333     2.35      1.06     -2.10  -999     -.6    2353     0   0   4   4      26.840   -97.290
0045    22.2   725.8     16.95     79.0    2346   334     2.39      1.06     -2.14  -999     -.6    2345     0   0   4   4      26.840   -97.290
0046    22.7   726.4     17.00     78.9    2338   334     2.42      1.06     -2.18  -999     -.5    2338     0   0   4   4      26.840   -97.290
0047    23.2   727.0     17.06     78.8    2331   334     2.46      1.06     -2.22  -999     -.5    2331     0   0   4   4      26.840   -97.290
0048    23.7   727.6     17.11     78.7    2323   335     2.50      1.06     -2.26  -999     -.5    2323     0   0   4   4      26.840   -97.290
0049    24.2   728.3     17.16     78.7    2316   335     2.53      1.06     -2.30  -999     -.4    2316     0   0   4   4      26.840   -97.290
0050    24.7   728.9     17.21     78.8    2309   336     2.57      1.06     -2.34  -999     -.4    2308     0   0   4   4      26.840   -97.290
0051    25.2   729.5     17.26     78.8    2301   336     2.61      1.06     -2.38  -999     -.4    2301     0   0   4   4      26.840   -97.290
0052    25.7   730.1     17.31     78.9    2294   336     2.65      1.06     -2.43  -999     -.4    2294     0   0   4   4      26.840   -97.290
0053    26.2   730.8     17.35     79.0    2287   337     2.69      1.06     -2.47  -999     -.4    2287     0   0   4   4      26.840   -97.290
0054    26.7   731.4     17.40     79.0    2279   337     2.73      1.07     -2.52  -999     -.4    2279     0   0   4   4      26.840   -97.290
0055    27.2   732.0     17.44     79.0    2272   337     2.77      1.08     -2.56  -999     -.4    2272     0   0   4   4      26.840   -97.290
0056    27.7   732.6     17.48     78.9    2265   337     2.81      1.09     -2.59  -999     -.5    2265     0   0   4   4      26.840   -97.290
0057    28.2   733.3     17.52     78.7    2257   337     2.83      1.09     -2.61  -999     -.5    2257     0   0   4   4      26.840   -97.290
0058    28.7   733.9     17.56     78.5    2250   338     2.85      1.09     -2.64  -999     -.5    2250     0   0   4   4      26.840   -97.290
0059    29.2   734.5     17.61     78.3    2243   338     2.88      1.08     -2.67  -999     -.4    2242     0   0   4   4      26.840   -97.290
0060    29.7   735.2     17.66     78.1    2235   339     2.91      1.06     -2.71  -999     -.4    2235     0   0   4   4      26.840   -97.290
0061    30.2   735.8     17.71     77.9    2228   339     2.96      1.05     -2.77  -999     -.4    2228     0   0   4   4      26.840   -97.290
0062    30.7   736.4     17.77     77.7    2221   340     3.03      1.05     -2.84  -999     -.3    2220     0   0   4   4      26.840   -97.290
0063    31.2   737.0     17.83     77.5    2213   340     3.11      1.07     -2.92  -999     -.3    2213     0   0   4   4      26.840   -97.290
0064    31.7   737.7     17.89     77.4    2206   340     3.18      1.10     -2.98  -999     -.3    2206     0   0   4   4      26.840   -97.290
0065    32.2   738.3     17.95     77.3    2199   339     3.22      1.14     -3.01  -999     -.2    2199     0   0   4   4      26.840   -97.290
0066    32.7   738.9     18.00     77.2    2192   339     3.22      1.17     -2.99  -999     -.2    2192     0   0   4   4      26.840   -97.289
0067    33.2   739.5     18.05     77.1    2185   338     3.17      1.21     -2.93  -999     -.1    2184     0   0   4   4      26.839   -97.289
0068    33.7   740.1     18.10     77.1    2177   337     3.08      1.22     -2.82     4     -.1    2177     0   0   4   0      26.839   -97.289
0069    34.2   740.7     18.14     77.0    2170   336     2.96      1.23     -2.69     4      .0    2170     0   0   4   0      26.839   -97.289
0070    34.7   741.4     18.18     77.0    2163   334     2.85      1.23     -2.57     4      .0    2163     0   0   4   0      26.839   -97.289
0071    35.2   742.0     18.22     77.0    2156   334     2.76      1.23     -2.48     4      .1    2156     0   0   4   0      26.839   -97.289
0072    35.7   742.6     18.26     77.0    2149   333     2.73      1.24     -2.43     4      .1    2149     0   0   4   0      26.839   -97.289
0073    36.2   743.2     18.30     77.0    2142   332     2.74      1.27     -2.43     4      .2    2142     0   0   4   0      26.839   -97.289
0074    36.7   743.8     18.33     77.0    2135   332     2.79      1.31     -2.46     4      .2    2135     0   0   4   0      26.839   -97.289
0075    37.2   744.4     18.37     76.9    2128   332     2.86      1.35     -2.52     4      .3    2128     0   0   4   0      26.839   -97.289
0076    37.7   745.0     18.41     77.0    2121   332     2.91      1.38     -2.56     4      .3    2121     0   0   4   0      26.839   -97.289
0077    38.2   745.6     18.44     77.0    2114   332     2.92      1.38     -2.57     4      .4    2114     0   0   4   0      26.839   -97.289
0078    38.7   746.2     18.47     77.0    2107   332     2.88      1.35     -2.55     4      .4    2107     0   0   4   0      26.839   -97.289
0079    39.2   746.8     18.50     77.1    2101   333     2.80      1.29     -2.49     4      .4    2100     0   0   4   3      26.839   -97.289
0080    39.7   747.4     18.53     77.1    2094   333     2.70      1.21     -2.42     4      .4    2093     0   0   4   3      26.839   -97.289
0081    40.2   748.0     18.55     77.1    2087   334     2.59      1.12     -2.34     4      .5    2087     0   0   4   0      26.839   -97.289
0082    40.7   748.5     18.58     77.1    2080   335     2.51      1.06     -2.27     4      .4    2080     0   0   4   0      26.839   -97.289
0083    41.2   749.1     18.61     77.1    2073   335     2.45      1.03     -2.22     4      .4    2073     0   0   4   0      26.839   -97.289
0084    41.7   749.7     18.64     77.0    2066   334     2.43      1.06     -2.19     4      .4    2066     0   0   4   0      26.839   -97.289
0085    42.2   750.3     18.66     77.0    2060   332     2.43      1.13     -2.15     4      .4    2059     0   0   4   0      26.839   -97.289
0086    42.7   750.9     18.69     77.0    2053   329     2.46      1.27     -2.11     4      .4    2052     0   0   4   0      26.839   -97.289
0087    43.2   751.5     18.72     77.0    2046   325     2.50      1.44     -2.04     4      .4    2045     0   0   4   0      26.839   -97.289
0088    43.7   752.1     18.75     77.1    2039   320     2.56      1.64     -1.96     4      .4    2039     0   0   4   0      26.839   -97.289
0089    44.2   752.7     18.77     77.2    2032   315     2.63      1.85     -1.87     4      .4    2032     0   0   4   0      26.839   -97.289
0090    44.7   753.3     18.80     77.3    2025   311     2.69      2.03     -1.76     4      .4    2025     0   0   4   3      26.839   -97.289
0091    45.2   753.9     18.82     77.4    2018   307     2.74      2.17     -1.66     4      .4    2018     0   0   4   0      26.839   -97.289
0092    45.7   754.5     18.84     77.5    2012   305     2.74      2.25     -1.56     4      .5    2011     0   0   4   0      26.839   -97.289
0093    46.2   755.1     18.86     77.6    2005   303     2.68      2.25     -1.46     4      .5    2005     0   0   4   0      26.839   -97.289
0094    46.7   755.7     18.88     77.8    1998   302     2.55      2.17     -1.35     4      .5    1998     0   0   4   0      26.839   -97.289
0095    47.2   756.3     18.90     78.1    1991   301     2.36      2.03     -1.21     4      .5    1991     0   0   4   0      26.839   -97.289
0096    47.7   756.9     18.91     78.5    1984   299     2.13      1.86     -1.04     4      .5    1984     0   0   4   0      26.839   -97.289
0097    48.2   757.5     18.91     78.9    1978   297     1.89      1.68      -.86     4      .5    1977     3   3   4   0      26.839   -97.289
0098    48.7   758.1     18.91     79.4    1971   294     1.67      1.53      -.67     4      .5    1971     0   0   4   0      26.839   -97.289
0099    49.2   758.7     18.91     79.9    1964   289     1.52      1.44      -.49     4      .5    1964     0   0   4   0      26.839   -97.289
0100    49.7   759.3     18.90     80.4    1957   283     1.45      1.42      -.33     4      .5    1957     0   0   4   0      26.839   -97.289
0101    50.2   759.9     18.90     80.8    1950   278     1.47      1.46      -.20     4      .5    1950     0   0   4   0      26.839   -97.289
0102    50.7   760.5     18.89     81.1    1944   274     1.55      1.54      -.11     4      .6    1943     0   0   4   0      26.839   -97.289
0103    51.2   761.1     18.90     81.2    1937   272     1.65      1.65      -.06     4      .6    1937     0   0   4   0      26.839   -97.289
0104    51.7   761.7     18.91     81.3    1930   271     1.75      1.75      -.02     4      .6    1930     0   0   4   0      26.839   -97.289
0105    52.2   762.3     18.92     81.3    1924   270     1.84      1.84       .00     4      .7    1923     0   0   4   0      26.839   -97.289
0106    52.7   762.8     18.94     81.3    1917   269     1.90      1.90       .02     4      .7    1917     0   0   4   0      26.839   -97.289
0107    53.2   763.4     18.96     81.3    1910   269     1.95      1.95       .04     4      .7    1910     0   0   4   3      26.839   -97.289
0108    53.7   764.0     18.99     81.3    1904   268     2.00      2.00       .06     4      .8    1904     0   0   4   0      26.839   -97.289
0109    54.2   764.6     19.01     81.4    1897   268     2.05      2.05       .07     4      .8    1897     0   0   4   0      26.839   -97.289
0110    54.7   765.2     19.04     81.4    1891   268     2.12      2.11       .07     4      .7    1890     0   0   4   0      26.839   -97.289
0111    55.2   765.8     19.06     81.5    1884   269     2.19      2.19       .05     4      .7    1884     0   0   4   0      26.839   -97.289
0112    55.7   766.4     19.09     81.6    1877   270     2.26      2.26       .01     4      .6    1877     0   0   4   0      26.839   -97.289
0113    56.2   766.9     19.11     81.7    1871   271     2.32      2.32      -.05     4      .6    1870     0   0   4   3      26.839   -97.289
0114    56.7   767.5     19.13     81.7    1864   273     2.36      2.35      -.12     4      .6    1864     0   0   4   0      26.839   -97.289
0115    57.2   768.1     19.15     81.8    1857   275     2.37      2.36      -.19     4      .6    1857     0   0   4   0      26.839   -97.289
0116    57.7   768.7     19.17     82.0    1850   276     2.35      2.34      -.23     4      .6    1850     0   0   4   0      26.839   -97.289
0117    58.2   769.3     19.19     82.2    1844   276     2.31      2.29      -.24     4      .7    1844     0   0   4   0      26.839   -97.289
0118    58.7   769.9     19.20     82.4    1837   275     2.23      2.22      -.19     4      .8    1837     0   0   4   0      26.839   -97.289
0119    59.2   770.5     19.21     82.8    1831   273     2.13      2.13      -.10     4      .9    1830     0   0   4   0      26.839   -97.289
0120    59.7   771.1     19.21     83.1    1824   269     2.00      2.00       .02     4     1.0    1824     0   0   4   0      26.839   -97.289
0121    60.2   771.7     19.21     83.5    1818   266     1.86      1.86       .14     4     1.1    1818     3   3   4   0      26.839   -97.289
0122    60.7   772.2     19.21     83.8    1811   262     1.70      1.69       .23     4     1.2    1811     0   0   4   3      26.839   -97.289
0123    61.2   772.8     19.21     84.0    1805   260     1.53      1.51       .26     4     1.2    1805     0   0   4   3      26.839   -97.289
0124    61.7   773.4     19.21     84.2    1799   261     1.35      1.33       .21     4     1.3    1799     0   0   4   0      26.839   -97.289
0125    62.2   773.9     19.22     84.2    1792   266     1.19      1.18       .08     4     1.3    1792     0   0   4   0      26.839   -97.289
0126    62.7   774.5     19.24     84.1    1786   276     1.10      1.09      -.11     4     1.3    1786     0   0   4   0      26.839   -97.289
0127    63.2   775.1     19.26     84.0    1780   288     1.12      1.07      -.34     4     1.3    1780     0   0   4   0      26.839   -97.289
0128    63.7   775.6     19.29     83.9    1774   297     1.27      1.13      -.57     4     1.3    1773     0   0   4   0      26.839   -97.289
0129    64.2   776.2     19.32     83.7    1767   301     1.48      1.27      -.76     4     1.3    1767     0   0   4   0      26.839   -97.289
0130    64.7   776.7     19.36     83.6    1761   301     1.70      1.46      -.88     4     1.3    1761     0   0   4   0      26.839   -97.289
0131    65.2   777.3     19.40     83.5    1755   299     1.92      1.67      -.94     4     1.3    1755     0   0   4   0      26.839   -97.289
0132    65.7   777.9     19.43     83.5    1749   297     2.10      1.88      -.94     4     1.3    1748     0   0   4   0      26.839   -97.289
0133    66.2   778.4     19.47     83.5    1742   294     2.23      2.04      -.89     4     1.3    1742     0   0   4   0      26.839   -97.289
0134    66.7   779.0     19.50     83.5    1736   291     2.31      2.16      -.83     4     1.2    1736     0   0   4   0      26.839   -97.289
0135    67.2   779.6     19.54     83.5    1730   289     2.35      2.22      -.77     4     1.2    1729     0   0   4   0      26.839   -97.289
0136    67.7   780.1     19.57     83.5    1723   288     2.35      2.24      -.73     4     1.1    1723     0   0   4   0      26.839   -97.289
0137    68.2   780.7     19.61     83.6    1717   288     2.34      2.23      -.71     4     1.1    1717     0   0   4   0      26.839   -97.289
0138    68.7   781.3     19.65     83.6    1710   288     2.32      2.21      -.70     4     1.0    1710     0   0   4   3      26.839   -97.289
0139    69.2   781.9     19.68     83.7    1704   288     2.31      2.20      -.70     4     1.0    1704     0   0   4   0      26.839   -97.289
0140    69.7   782.5     19.71     83.9    1698   287     2.31      2.21      -.69     5     1.0    1697     0   0   4   0      26.839   -97.289
0141    70.2   783.0     19.73     84.1    1691   287     2.32      2.22      -.67     4     1.0    1691     0   0   4   0      26.839   -97.289
0142    70.7   783.6     19.75     84.4    1685   286     2.33      2.24      -.62     4     1.0    1684     0   0   4   0      26.839   -97.289
0143    71.2   784.2     19.76     84.7    1678   284     2.33      2.27      -.56     4     1.0    1678     0   0   4   0      26.839   -97.289
0144    71.7   784.8     19.77     84.9    1672   282     2.34      2.29      -.48     5     1.0    1672     0   0   4   0      26.839   -97.289
0145    72.2   785.4     19.77     85.1    1665   280     2.34      2.30      -.40     5     1.0    1665     0   0   4   0      26.839   -97.289
0146    72.7   786.0     19.78     85.3    1659   278     2.35      2.32      -.32     5     1.1    1659     0   0   4   0      26.839   -97.289
0147    73.2   786.5     19.79     85.4    1653   276     2.37      2.35      -.26     5     1.1    1652     0   0   4   3      26.839   -97.289
0148    73.7   787.1     19.80     85.4    1646   275     2.41      2.40      -.22     5     1.1    1646     3   3   4   3      26.839   -97.289
0149    74.2   787.7     19.82     85.4    1640   275     2.46      2.45      -.21     5     1.0    1640     0   0   4   3      26.839   -97.289
0150    74.7   788.3     19.84     85.5    1634   275     2.53      2.52      -.23     5     1.0    1634     0   0   4   0      26.839   -97.289
0151    75.2   788.8     19.86     85.5    1627   276     2.61      2.59      -.26     5     1.0    1627     0   0   4   3      26.839   -97.289
0152    75.7   789.4     19.88     85.5    1621   276     2.69      2.67      -.30     5      .9    1621     0   0   4   3      26.839   -97.289
0153    76.2   790.0     19.91     85.6    1614   277     2.76      2.74      -.33     5      .9    1614     0   0   4   0      26.839   -97.289
0154    76.7   790.6     19.93     85.6    1608   277     2.83      2.81      -.34     5      .9    1608     0   0   4   3      26.839   -97.289
0155    77.2   791.2     19.96     85.7    1601   276     2.89      2.88      -.32     5      .9    1601     0   0   4   0      26.839   -97.289
0156    77.7   791.8     19.98     85.7    1595   275     2.95      2.93      -.26     5     1.0    1595     0   0   4   0      26.839   -97.289
0157    78.2   792.4     20.01     85.7    1589   273     2.99      2.99      -.18     5     1.0    1588     0   0   4   3      26.839   -97.289
0158    78.7   793.0     20.04     85.7    1582   271     3.04      3.04      -.08     5     1.1    1582     0   0   4   0      26.839   -97.289
0159    79.2   793.5     20.07     85.7    1576   270     3.09      3.09       .02     5     1.2    1576     0   0   4   0      26.839   -97.289
0160    79.7   794.1     20.10     85.7    1570   268     3.15      3.15       .10     5     1.2    1570     0   0   4   3      26.839   -97.289
0161    80.2   794.7     20.13     85.8    1564   267     3.22      3.22       .15     5     1.2    1563     0   0   4   0      26.839   -97.289
0162    80.7   795.2     20.16     85.8    1557   267     3.29      3.29       .17     5     1.2    1557     0   0   4   0      26.839   -97.289
0163    81.2   795.8     20.18     85.8    1551   267     3.36      3.36       .16     5     1.2    1551     0   0   4   0      26.839   -97.289
0164    81.7   796.4     20.21     85.8    1545   268     3.42      3.42       .13     5     1.1    1545     3   3   4   3      26.839   -97.289
0165    82.2   797.0     20.23     85.8    1538   269     3.47      3.47       .08     5     1.1    1538     0   0   4   3      26.839   -97.289
0166    82.7   797.6     20.26     85.7    1532   270     3.49      3.49       .02     5     1.1    1532     0   0   4   3      26.839   -97.289
0167    83.2   798.1     20.29     85.6    1526   270     3.50      3.50      -.02     5     1.1    1525     0   0   4   3      26.839   -97.289
0168    83.7   798.7     20.33     85.4    1519   271     3.49      3.49      -.06     5     1.1    1519     0   0   4   3      26.839   -97.288
0169    84.2   799.3     20.37     85.3    1513   271     3.46      3.46      -.08     5     1.1    1513     0   0   4   0      26.839   -97.288
0170    84.7   799.9     20.41     85.2    1507   271     3.42      3.42      -.08     5     1.1    1507     0   0   4   3      26.839   -97.288
0171    85.2   800.5     20.45     85.1    1501   271     3.40      3.39      -.08     5     1.1    1500     0   0   4   0      26.839   -97.288
0172    85.7   801.0     20.49     85.1    1494   271     3.38      3.38      -.08     5     1.1    1494     0   0   4   3      26.839   -97.288
0173    86.2   801.6     20.52     85.1    1488   272     3.39      3.39      -.09     5     1.0    1488     0   0   4   0      26.839   -97.288
0174    86.7   802.2     20.54     85.1    1482   272     3.43      3.43      -.13     5      .9    1482     0   0   4   0      26.839   -97.288
0175    87.2   802.8     20.56     85.1    1475   273     3.48      3.48      -.20     5      .8    1475     0   0   4   0      26.839   -97.288
0176    87.7   803.4     20.58     85.1    1469   275     3.56      3.55      -.30     5      .7    1469     0   0   4   3      26.839   -97.288
0177    88.2   804.0     20.60     85.1    1462   277     3.64      3.62      -.42     5      .6    1462     0   0   4   3      26.839   -97.288
0178    88.7   804.6     20.63     85.0    1456   278     3.73      3.69      -.55     5      .6    1455     0   0   4   3      26.839   -97.288
0179    89.2   805.2     20.66     85.0    1449   280     3.81      3.75      -.65     5      .6    1449     0   0   4   0      26.839   -97.288
0180    89.7   805.8     20.69     84.9    1443   281     3.88      3.81      -.72     5      .6    1442     0   0   4   0      26.839   -97.288
0181    90.2   806.4     20.72     84.9    1436   281     3.94      3.87      -.73     5      .7    1436     0   0   4   0      26.839   -97.288
0182    90.7   807.0     20.75     84.9    1430   280     3.98      3.92      -.68     5      .7    1429     0   0   4   3      26.839   -97.288
0183    91.2   807.6     20.78     85.0    1423   278     4.02      3.98      -.57     5      .7    1423     0   0   4   3      26.839   -97.288
0184    91.7   808.2     20.81     85.1    1417   276     4.07      4.05      -.42     5      .7    1417     0   0   4   3      26.839   -97.288
0185    92.2   808.8     20.83     85.3    1410   274     4.12      4.11      -.26     5      .7    1410     0   0   4   0      26.839   -97.288
0186    92.7   809.4     20.85     85.4    1404   271     4.18      4.18      -.10     5      .6    1404     0   0   4   3      26.839   -97.288
0187    93.2   810.0     20.88     85.5    1397   270     4.24      4.24       .02     5      .7    1397     0   0   4   0      26.839   -97.288
0188    93.7   810.6     20.90     85.7    1391   269     4.30      4.30       .11     5      .7    1390     0   0   4   0      26.839   -97.288
0189    94.2   811.3     20.93     85.8    1384   268     4.35      4.35       .16     5      .8    1384     0   0   4   0      26.839   -97.288
0190    94.7   811.9     20.96     86.0    1378   268     4.40      4.39       .18     5      .9    1377     0   0   4   0      26.839   -97.288
0191    95.2   812.4     20.98     86.1    1371   268     4.42      4.42       .19     5     1.0    1371     0   0   4   0      26.839   -97.288
0192    95.7   813.0     21.00     86.3    1365   267     4.44      4.43       .21     5     1.1    1365     0   0   4   0      26.839   -97.288
0193    96.2   813.6     21.02     86.4    1359   267     4.42      4.42       .25     5     1.1    1359     0   0   4   0      26.839   -97.288
0194    96.7   814.2     21.04     86.6    1353   266     4.38      4.37       .31     5     1.1    1353     0   0   4   0      26.839   -97.288
0195    97.2   814.8     21.06     86.7    1347   265     4.31      4.29       .39     5     1.1    1346     0   0   4   3      26.839   -97.288
0196    97.7   815.3     21.07     86.9    1340   264     4.22      4.20       .47     5     1.0    1340     0   0   4   3      26.839   -97.288
0197    98.2   815.9     21.09     87.0    1334   263     4.13      4.09       .53     5     1.0    1334     0   0   4   3      26.839   -97.288
0198    98.7   816.5     21.11     87.0    1328   262     4.05      4.01       .56     5      .9    1328     0   0   4   0      26.839   -97.288
0199    99.2   817.1     21.13     87.0    1321   262     4.01      3.97       .55     5      .8    1321     0   0   4   0      26.839   -97.288
0200    99.7   817.7     21.15     87.0    1315   263     4.04      4.01       .52     5      .8    1315     0   0   4   0      26.839   -97.288
0201   100.2   818.3     21.18     86.9    1308   263     4.14      4.12       .47     5      .8    1308     0   0   4   0      26.839   -97.288
0202   100.7   818.9     21.21     86.7    1302   264     4.32      4.29       .43     5      .8    1302     0   0   4   0      26.839   -97.288
0203   101.2   819.5     21.25     86.5    1296   265     4.53      4.51       .40     5      .9    1295     0   0   4   0      26.839   -97.288
0204   101.7   820.1     21.30     86.3    1289   265     4.75      4.73       .39     5      .9    1289     0   0   4   0      26.839   -97.288
0205   102.2   820.7     21.34     86.1    1283   265     4.94      4.92       .41     5     1.0    1283     0   0   4   0      26.839   -97.288
0206   102.7   821.3     21.39     86.0    1277   265     5.07      5.05       .43     5     1.0    1277     0   0   4   0      26.839   -97.288
0207   103.2   821.9     21.44     85.9    1271   265     5.12      5.10       .45     5     1.0    1270     0   0   4   0      26.839   -97.288
0208   103.7   822.5     21.49     85.8    1264   265     5.11      5.09       .46     5     1.0    1264     0   0   4   0      26.839   -97.288
0209   104.2   823.1     21.53     85.7    1258   265     5.06      5.04       .47     5      .9    1258     0   0   4   0      26.839   -97.288
0210   104.7   823.7     21.57     85.7    1252   265     5.00      4.98       .48     5      .9    1252     0   0   4   0      26.839   -97.288
0211   105.2   824.3     21.60     85.7    1245   264     4.95      4.93       .49     5      .8    1245     3   3   4   0      26.839   -97.288
0212   105.7   824.9     21.63     85.6    1239   264     4.94      4.91       .51     5      .8    1239     0   0   4   0      26.839   -97.288
0213   106.2   825.5     21.66     85.5    1233   264     4.96      4.93       .55     5      .8    1232     0   0   4   0      26.839   -97.288
0214   106.7   826.1     21.69     85.3    1226   263     5.02      4.98       .60     5      .9    1226     0   0   4   0      26.839   -97.288
0215   107.2   826.7     21.73     85.2    1220   263     5.08      5.04       .65     5      .9    1220     0   0   4   3      26.839   -97.287
0216   107.7   827.3     21.76     85.1    1214   262     5.12      5.08       .68     5     1.0    1213     0   0   4   3      26.839   -97.287
0217   108.2   827.9     21.80     85.1    1208   262     5.14      5.09       .68     5     1.1    1207     0   0   4   0      26.839   -97.287
0218   108.7   828.5     21.83     85.2    1201   263     5.13      5.09       .64     5     1.1    1201     0   0   4   0      26.839   -97.287
0219   109.2   829.0     21.86     85.4    1195   264     5.09      5.06       .56     5     1.1    1195     0   0   4   0      26.839   -97.287
0220   109.7   829.6     21.88     85.6    1189   265     5.06      5.04       .44     5     1.1    1189     0   0   4   0      26.839   -97.287
0221   110.2   830.2     21.89     85.8    1183   266     5.04      5.03       .32     5     1.0    1183     0   0   4   3      26.839   -97.287
0222   110.7   830.8     21.90     86.0    1177   268     5.05      5.05       .19     5     1.0    1176     0   0   4   0      26.839   -97.287
0223   111.2   831.4     21.91     86.2    1170   269     5.09      5.09       .08     5      .9    1170     0   0   4   0      26.839   -97.287
0224   111.7   832.0     21.91     86.3    1164   270     5.15      5.15       .00     5      .9    1164     0   0   4   0      26.839   -97.287
0225   112.2   832.6     21.92     86.3    1158   270     5.21      5.21      -.04     5      .8    1157     0   0   4   0      26.839   -97.287
0226   112.7   833.2     21.93     86.3    1151   271     5.27      5.27      -.05     5      .8    1151     0   0   4   0      26.839   -97.287
0227   113.2   833.8     21.95     86.3    1145   270     5.32      5.32      -.03     5      .8    1145     0   0   4   0      26.839   -97.287
0228   113.7   834.4     21.97     86.3    1139   270     5.36      5.36       .00     5      .8    1138     0   0   4   0      26.839   -97.287
0229   114.2   835.0     21.98     86.4    1132   270     5.40      5.40       .02     5      .9    1132     0   0   4   3      26.839   -97.287
0230   114.7   835.6     21.99     86.5    1126   270     5.43      5.43       .03     5      .9    1126     0   0   4   3      26.839   -97.287
0231   115.2   836.2     22.01     86.6    1120   270     5.45      5.45       .00     5      .9    1120     0   0   4   3      26.839   -97.287
0232   115.7   836.8     22.02     86.7    1114   271     5.47      5.47      -.06     5      .9    1113     0   0   4   0      26.839   -97.287
0233   116.2   837.4     22.03     86.7    1107   272     5.48      5.48      -.16     5      .9    1107     0   0   4   3      26.839   -97.287
0234   116.7   838.0     22.04     86.7    1101   273     5.48      5.47      -.28     5      .9    1101     0   0   4   0      26.839   -97.287
0235   117.2   838.6     22.05     86.7    1095   274     5.45      5.44      -.42     5      .9    1095     0   0   4   0      26.839   -97.287
0236   117.7   839.2     22.07     86.7    1089   276     5.41      5.39      -.55     5      .9    1088     0   0   4   0      26.839   -97.287
0237   118.2   839.8     22.09     86.6    1082   277     5.37      5.32      -.67     5      .9    1082     0   0   4   0      26.839   -97.287
0238   118.7   840.4     22.11     86.5    1076   278     5.32      5.27      -.75     5      .8    1076     0   0   4   3      26.839   -97.287
0239   119.2   841.0     22.14     86.4    1070   279     5.28      5.22      -.81     5      .8    1070     0   0   4   0      26.839   -97.287
0240   119.7   841.6     22.16     86.3    1064   279     5.27      5.20      -.84     5      .7    1063     0   0   4   0      26.839   -97.287
0241   120.2   842.2     22.18     86.3    1057   279     5.27      5.20      -.84     5      .7    1057     0   0   4   0      26.839   -97.287
0242   120.7   842.9     22.21     86.3    1051   279     5.29      5.23      -.83     5      .6    1051     0   0   4   0      26.839   -97.287
0243   121.2   843.5     22.23     86.3    1044   279     5.32      5.26      -.81     5      .6    1044     0   0   4   0      26.839   -97.287
0244   121.7   844.1     22.26     86.3    1038   278     5.35      5.29      -.78     5      .5    1038     0   0   4   0      26.839   -97.287
0245   122.2   844.7     22.29     86.3    1032   278     5.35      5.30      -.75     5      .5    1031     0   0   4   0      26.839   -97.287
0246   122.7   845.4     22.32     86.2    1025   278     5.33      5.28      -.71     5      .5    1025     0   0   4   0      26.839   -97.287
0247   123.2   846.0     22.36     86.1    1019   277     5.27      5.22      -.68     5      .4    1018     0   0   4   0      26.839   -97.287
0248   123.7   846.6     22.40     86.0    1012   277     5.17      5.13      -.65     5      .4    1012     0   0   4   0      26.839   -97.287
0249   124.2   847.2     22.44     85.9    1006   277     5.05      5.01      -.65     5      .4    1005     0   0   4   0      26.839   -97.287
0250   124.7   847.9     22.48     85.7     999   278     4.92      4.87      -.68     5      .4     999     0   0   4   3      26.839   -97.287
0251   125.2   848.5     22.53     85.6     993   279     4.78      4.72      -.75     5      .4     993     0   0   4   0      26.839   -97.287
0252   125.7   849.1     22.57     85.6     986   281     4.65      4.57      -.85     5      .4     986     0   0   4   0      26.839   -97.287
0253   126.2   849.7     22.61     85.5     980   283     4.53      4.43      -.98     5      .4     980     0   0   4   3      26.839   -97.287
0254   126.7   850.4     22.66     85.6     973   285     4.44      4.30     -1.12     5      .3     973     0   0   4   0      26.839   -97.287
0255   127.2   851.0     22.70     85.6     967   286     4.36      4.19     -1.23     5      .3     967     0   0   4   0      26.839   -97.286
0256   127.7   851.6     22.73     85.6     960   288     4.30      4.10     -1.31     5      .3     960     0   0   4   0      26.839   -97.286
0257   128.2   852.3     22.77     85.7     954   288     4.25      4.04     -1.33     5      .3     954     0   0   4   0      26.839   -97.286
0258   128.7   852.9     22.80     85.7     947   288     4.21      4.01     -1.29     5      .3     947     0   0   4   0      26.839   -97.286
0259   129.2   853.5     22.83     85.7     941   287     4.17      4.00     -1.19     5      .3     941     0   0   4   0      26.839   -97.286
0260   129.7   854.2     22.85     85.7     934   285     4.14      4.01     -1.05     5      .3     934     0   0   4   3      26.839   -97.286
0261   130.2   854.8     22.88     85.6     928   282     4.12      4.02      -.89     5      .3     928     0   0   4   0      26.839   -97.286
0262   130.7   855.4     22.90     85.6     921   280     4.10      4.04      -.74     5      .2     921     0   0   4   0      26.839   -97.286
0263   131.2   856.1     22.93     85.5     915   278     4.10      4.06      -.60     5      .1     915     0   0   4   0      26.839   -97.286
0264   131.7   856.7     22.96     85.5     908   277     4.11      4.08      -.49     5      .1     908     0   0   4   0      26.839   -97.286
0265   132.2   857.4     22.99     85.4     902   276     4.13      4.11      -.42     5      .0     901     0   0   4   0      26.839   -97.286
0266   132.7   858.0     23.02     85.3     895   275     4.17      4.15      -.37     5      .0     895     0   0   4   3      26.839   -97.286
0267   133.2   858.7     23.05     85.2     888   275     4.22      4.21      -.33     5      .0     888     0   0   4   0      26.839   -97.286
0268   133.7   859.3     23.09     85.1     881   274     4.30      4.29      -.31     5      .0     881     0   0   4   0      26.839   -97.286
0269   134.2   860.0     23.13     84.9     875   274     4.39      4.38      -.30     5      .0     875     0   0   4   0      26.839   -97.286
0270   134.7   860.6     23.16     84.7     868   274     4.50      4.49      -.28     5      .0     868     0   0   4   3      26.839   -97.286
0271   135.2   861.3     23.20     84.5     862   273     4.61      4.60      -.24     5      .0     861     0   0   4   3      26.839   -97.286
0272   135.7   861.9     23.24     84.4     855   272     4.71      4.71      -.20     5      .0     855     0   0   4   0      26.839   -97.286
0273   136.2   862.6     23.28     84.3     848   272     4.81      4.80      -.14     5      .1     848     0   0   4   0      26.839   -97.286
0274   136.7   863.2     23.31     84.2     842   271     4.88      4.88      -.08     5      .1     842     0   0   4   0      26.839   -97.286
0275   137.2   863.9     23.34     84.2     835   270     4.93      4.93      -.02     5      .1     835     0   0   4   0      26.839   -97.286
0276   137.7   864.5     23.37     84.1     829   270     4.95      4.95       .04     5      .1     828     0   0   4   0      26.839   -97.286
0277   138.2   865.2     23.40     84.1     822   269     4.94      4.94       .07     5      .1     822     0   0   4   0      26.839   -97.286
0278   138.7   865.8     23.42     84.1     815   269     4.90      4.90       .09     5      .1     815     0   0   4   0      26.839   -97.286
0279   139.2   866.5     23.44     84.0     809   269     4.83      4.83       .09     5      .1     809     0   0   4   0      26.839   -97.286
0280   139.7   867.1     23.46     84.0     802   269     4.76      4.76       .08     6      .1     802     0   0   4   0      26.839   -97.286
0281   140.2   867.8     23.48     83.9     796   269     4.70      4.70       .08     6      .2     795     0   0   4   0      26.839   -97.286
0282   140.7   868.4     23.50     83.9     789   269     4.65      4.65       .09     6      .2     789     0   0   4   0      26.839   -97.286
0283   141.2   869.1     23.52     83.8     783   269     4.62      4.62       .12     6      .3     782     0   0   4   0      26.839   -97.286
0284   141.7   869.7     23.53     83.8     776   268     4.61      4.60       .16     6      .3     776     0   0   4   0      26.839   -97.286
0285   142.2   870.3     23.55     83.7     770   267     4.59      4.58       .22     5      .3     770     0   0   4   0      26.839   -97.286
0286   142.7   871.0     23.56     83.5     763   267     4.55      4.54       .27     5      .4     763     0   0   4   0      26.839   -97.286
0287   143.2   871.6     23.58     83.2     757   266     4.47      4.46       .31     5      .4     757     0   0   4   0      26.839   -97.286
0288   143.7   872.2     23.59     82.8     751   265     4.34      4.33       .34     5      .3     750     0   0   4   0      26.839   -97.286
0289   144.2   872.9     23.59     82.4     744   265     4.15      4.14       .36     5      .3     744     0   0   4   0      26.839   -97.286
0290   144.7   873.5     23.60     81.9     738   265     3.93      3.91       .37     5      .2     738     0   0   4   3      26.839   -97.286
0291   145.2   874.2     23.59     81.4     731   264     3.68      3.66       .39     5      .2     731     0   0   4   0      26.839   -97.286
0292   145.7   874.8     23.58     81.0     725   263     3.44      3.41       .44     6      .1     724     0   0   4   0      26.839   -97.286
0293   146.2   875.5     23.56     80.7     718   261     3.24      3.20       .51     5      .1     718     3   3   4   0      26.839   -97.286
0294   146.7   876.1     23.53     80.5     712   259     3.08      3.02       .60     5      .1     711     0   0   4   0      26.839   -97.286
0295   147.2   876.8     23.50     80.6     705   256     2.98      2.89       .72     6      .2     705     0   0   4   0      26.839   -97.286
0296   147.7   877.4     23.47     80.7     699   253     2.92      2.79       .85     5      .2     698     0   0   4   0      26.839   -97.286
0297   148.2   878.1     23.43     81.0     692   250     2.88      2.71       .97     6      .2     692     0   0   4   0      26.839   -97.286
0298   148.7   878.7     23.41     81.2     686   248     2.85      2.63      1.08     6      .2     686     0   0   4   0      26.839   -97.286
0299   149.2   879.4     23.38     81.5     679   245     2.79      2.53      1.17     6      .2     679     0   0   4   0      26.839   -97.286
0300   149.7   880.0     23.37     81.6     673   243     2.70      2.41      1.23     6      .2     673     0   0   4   0      26.839   -97.286
0301   150.2   880.7     23.36     81.7     666   241     2.58      2.25      1.27     6      .1     666     0   0   4   0      26.839   -97.286
0302   150.7   881.3     23.36     81.6     660   238     2.44      2.07      1.29     6      .1     660     0   0   4   0      26.839   -97.286
0303   151.2   882.0     23.35     81.5     653   236     2.29      1.89      1.30     6      .1     653     0   0   4   0      26.839   -97.286
0304   151.7   882.6     23.35     81.5     647   233     2.16      1.73      1.30     6      .1     646     0   0   4   0      26.839   -97.286
0305   152.2   883.3     23.35     81.5     640   231     2.07      1.60      1.31     6      .2     640     0   0   4   0      26.839   -97.286
0306   152.7   883.9     23.34     81.7     634   229     2.02      1.53      1.31     6      .2     634     0   0   4   0      26.839   -97.285
0307   153.2   884.6     23.33     82.2     627   229     2.02      1.53      1.32     6      .3     627     0   0   4   0      26.839   -97.285
0308   153.7   885.2     23.31     83.0     621   230     2.06      1.59      1.32     6      .4     621     0   0   4   0      26.839   -97.285
0309   154.2   885.9     23.29     84.1     615   232     2.14      1.70      1.31     6      .4     615     0   0   4   0      26.839   -97.285
0310   154.7   886.5     23.26     85.3     608   235     2.25      1.85      1.28     6      .4     608     0   0   4   0      26.839   -97.285
0311   155.2   887.1     23.23     86.6     602   239     2.37      2.02      1.23     6      .4     602     0   0   4   0      26.839   -97.285
0312   155.7   887.8     23.20     87.8     596   242     2.49      2.20      1.17     6      .4     596     0   0   4   3      26.839   -97.285
0313   156.2   888.4     23.16     88.9     589   245     2.59      2.36      1.09     6      .4     589     0   0   4   0      26.839   -97.285
0314   156.7   889.1     23.13     89.7     583   248     2.68      2.49      1.00     6      .4     583     0   0   4   0      26.839   -97.285
0315   157.2   889.7     23.11     90.2     577   250     2.75      2.59       .93     6      .3     576     0   0   4   0      26.839   -97.285
0316   157.7   890.4     23.09     90.5     570   252     2.81      2.67       .88     6      .3     570     0   0   4   0      26.839   -97.285
0317   158.2   891.0     23.07     90.6     564   252     2.86      2.73       .87     6      .3     564     0   0   4   0      26.839   -97.285
0318   158.7   891.6     23.06     90.6     558   252     2.92      2.78       .90     6      .2     557     0   0   4   0      26.839   -97.285
0319   159.2   892.3     23.06     90.7     551   251     2.98      2.82       .96     6      .2     551     0   0   4   0      26.839   -97.285
0320   159.7   893.0     23.06     90.8     545   250     3.05      2.86      1.04     6      .2     545     0   0   4   0      26.839   -97.285
0321   160.2   893.6     23.07     91.0     538   249     3.12      2.90      1.13     6      .1     538     0   0   4   0      26.839   -97.285
0322   160.7   894.3     23.08     91.2     532   248     3.18      2.94      1.21     6      .1     532     0   0   4   0      26.839   -97.285
0323   161.2   894.9     23.10     91.5     525   247     3.22      2.96      1.27     6      .0     525     0   0   4   0      26.839   -97.285
0324   161.7   895.6     23.11     91.7     519   246     3.24      2.96      1.31     6      .0     519     0   0   4   0      26.839   -97.285
0325   162.2   896.3     23.13     91.9     512   246     3.24      2.95      1.34     6     -.1     512     0   0   4   0      26.839   -97.285
0326   162.7   896.9     23.15     92.0     506   245     3.23      2.93      1.36     6     -.1     506     0   0   4   0      26.839   -97.285
0327   163.2   897.6     23.16     92.0     499   244     3.22      2.90      1.39     5     -.1     499     0   0   4   0      26.839   -97.285
0328   163.7   898.3     23.18     92.0     493   244     3.20      2.87      1.42     6     -.1     492     0   0   4   0      26.839   -97.285
0329   164.2   898.9     23.20     92.0     486   243     3.20      2.84      1.48     5     -.1     486     0   0   4   0      26.839   -97.285
0330   164.7   899.6     23.22     91.9     480   241     3.21      2.82      1.54     6     -.2     479     0   0   4   0      26.839   -97.285
0331   165.2   900.3     23.24     91.9     473   240     3.24      2.80      1.62     5     -.2     473     0   0   4   0      26.839   -97.285
0332   165.7   901.0     23.27     91.8     466   239     3.27      2.80      1.69     5     -.2     466     0   0   4   0      26.839   -97.285
0333   166.2   901.6     23.30     91.8     460   238     3.32      2.81      1.76     4     -.2     460     0   0   4   0      26.839   -97.285
0334   166.7   902.3     23.34     91.9     453   237     3.37      2.84      1.81     5     -.2     453     0   0   4   0      26.839   -97.285
0335   167.2   903.0     23.37     92.0     447   237     3.43      2.89      1.86     5     -.2     446     0   0   4   0      26.839   -97.285
0336   167.7   903.7     23.41     92.1     440   237     3.51      2.95      1.90     5     -.2     440     0   0   4   0      26.839   -97.285
0337   168.2   904.4     23.45     92.2     433   237     3.59      3.01      1.96     5     -.1     433     0   0   4   0      26.839   -97.285
0338   168.7   905.0     23.50     92.4     427   236     3.68      3.06      2.04     5     -.1     427     0   0   4   0      26.839   -97.285
0339   169.2   905.7     23.54     92.5     420   236     3.78      3.11      2.14     5      .0     420     0   0   4   3      26.839   -97.285
0340   169.7   906.4     23.58     92.6     414   234     3.87      3.15      2.25     5      .0     414     0   0   4   0      26.839   -97.285
0341   170.2   907.0     23.62     92.7     408   233     3.97      3.18      2.37     5      .0     407     0   0   4   0      26.839   -97.285
0342   170.7   907.7     23.66     92.8     401   232     4.05      3.20      2.47     5      .0     401     0   0   4   0      26.839   -97.285
0343   171.2   908.4     23.69     92.8     395   232     4.11      3.23      2.53     5      .0     394     0   0   4   0      26.839   -97.285
0344   171.7   909.0     23.73     92.9     388   232     4.14      3.28      2.53     6      .0     388     0   0   4   0      26.839   -97.285
0345   172.2   909.7     23.77     93.0     382   233     4.15      3.33      2.47     6     -.1     381     0   0   4   0      26.839   -97.285
0346   172.7   910.4     23.80     93.1     375   235     4.14      3.40      2.36     6     -.1     375     0   0   4   0      26.839   -97.285
0347   173.2   911.1     23.84     93.3     369   238     4.11      3.47      2.20     6     -.1     368     0   0   4   0      26.839   -97.285
0348   173.7   911.7     23.87     93.4     362   240     4.07      3.54      2.01     6      .0     362     0   0   4   0      26.839   -97.285
0349   174.2   912.4     23.91     93.6     356   243     4.02      3.58      1.83     6      .0     355     0   0   4   0      26.839   -97.285
0350   174.7   913.1     23.94     93.8     349   245     3.95      3.59      1.66     6      .1     349     0   0   4   0      26.839   -97.285
0351   175.2   913.7     23.98     94.0     343   247     3.87      3.56      1.51     6      .1     343     0   0   4   0      26.839   -97.285
0352   175.7   914.4     24.01     94.2     337   248     3.78      3.51      1.40     6      .2     336     0   0   4   0      26.839   -97.285
0353   176.2   915.0     24.04     94.3     330   249     3.68      3.45      1.30     6      .2     330     0   0   4   0      26.839   -97.285
0354   176.7   915.7     24.08     94.3     324   250     3.60      3.39      1.23     6      .3     324     0   0   4   0      26.839   -97.285
0355   177.2   916.4     24.11     94.3     318   251     3.55      3.34      1.18     6      .3     317     0   0   4   0      26.839   -97.285
0356   177.7   917.0     24.14     94.3     311   251     3.53      3.33      1.15     6      .3     311     0   0   4   0      26.839   -97.285
0357   178.2   917.7     24.17     94.3     305   251     3.54      3.35      1.15     5      .3     305     0   0   4   0      26.839   -97.285
0358   178.7   918.3     24.20     94.2     299   251     3.58      3.38      1.18     6      .3     299     0   0   4   0      26.839   -97.285
0359   179.2   919.0     24.23     94.2     292   250     3.64      3.42      1.23     6      .3     292     0   0   4   0      26.839   -97.285
0360   179.7   919.6     24.26     94.2     286   249     3.69      3.45      1.30     6      .3     286     0   0   4   0      26.839   -97.285
0361   180.2   920.3     24.30     94.2     280   248     3.71      3.45      1.37     6      .3     280     0   0   4   0      26.839   -97.285
0362   180.7   920.9     24.33     94.2     274   247     3.71      3.42      1.45     6      .3     273     0   0   4   0      26.839   -97.285
0363   181.2   921.6     24.37     94.2     267   246     3.69      3.36      1.51     6      .3     267     0   0   4   0      26.839   -97.285
0364   181.7   922.3     24.41     94.3     261   245     3.63      3.28      1.56     6      .3     261     0   0   4   0      26.840   -97.285
0365   182.2   922.9     24.44     94.3     255   244     3.57      3.19      1.59     6      .3     255     0   0   4   0      26.840   -97.285
0366   182.7   923.6     24.48     94.2     249   243     3.50      3.11      1.60     6      .3     248     0   0   4   0      26.840   -97.285
0367   183.2   924.2     24.51     94.2     242   242     3.44      3.04      1.61     6      .2     242     0   0   4   0      26.840   -97.285
0368   183.7   924.9     24.54     94.1     236   242     3.40      3.00      1.61     6      .1     236     0   0   4   0      26.840   -97.285
0369   184.2   925.5     24.57     94.0     230   241     3.38      2.97      1.61     6      .0     230     0   0   4   0      26.840   -97.285
0370   184.7   926.2     24.61     93.9     223   241     3.38      2.96      1.63     6     -.1     223     0   0   4   0      26.840   -97.285
0371   185.2   926.9     24.64     93.8     217   241     3.40      2.96      1.66     6     -.2     216     0   0   4   0      26.840   -97.285
0372   185.7   927.6     24.68     93.7     210   240     3.43      2.98      1.70     6     -.3     210     0   0   4   0      26.840   -97.285
0373   186.2   928.3     24.72     93.7     203   240     3.49      3.01      1.76     6     -.3     203     0   0   4   0      26.840   -97.285
0374   186.7   929.0     24.76     93.7     197   239     3.55      3.05      1.82     6     -.3     197     0   0   4   0      26.840   -97.285
0375   187.2   929.7     24.81     93.7     190   239     3.62      3.10      1.87     6     -.3     190     0   0   4   0      26.840   -97.284
0376   187.7   930.4     24.85     93.7     184   239     3.68      3.14      1.91     6     -.2     183     0   0   4   0      26.840   -97.284
0377   188.2   931.1     24.89     93.7     177   239     3.71      3.18      1.91     6     -.1     177     0   0   4   0      26.840   -97.284
0378   188.7   931.7     24.93     93.7     171   239     3.70      3.19      1.89     6     -.1     171     0   0   4   0      26.840   -97.284
0379   189.2   932.4     24.97     93.6     164   240     3.66      3.17      1.84     5      .0     164     0   0   4   0      26.840   -97.284
0380   189.7   933.1     25.01     93.6     158   240     3.58      3.12      1.77     6      .0     158     0   0   4   0      26.840   -97.284
0381   190.2   933.8     25.04     93.6     152   241     3.48      3.04      1.69     6      .0     151     0   0   4   0      26.840   -97.284
0382   190.7   934.4     25.08     93.6     145   241     3.34      2.93      1.61     6      .0     145     0   0   4   0      26.840   -97.284
0383   191.2   935.1     25.11     93.8     139   241     3.20      2.80      1.55     6      .0     139     0   0   4   0      26.840   -97.284
0384   191.7   935.8     25.15     93.9     132   240     3.07      2.67      1.51     6      .0     132     0   0   4   0      26.840   -97.284
0385   192.2   936.5     25.18     94.1     126   239     2.98      2.57      1.52     6      .0     126     0   0   4   0      26.840   -97.284
0386   192.7   937.1     25.21     94.3     120   238     2.93      2.48      1.55     5      .1     120     0   0   4   0      26.840   -97.284
0387   193.2   937.8     25.24     94.5     113   237     2.90      2.42      1.60     5      .1     113     0   0   4   0      26.840   -97.284
0388   193.7   938.5     25.27     94.6     107   235     2.90      2.38      1.66     5      .1     107     0   0   4   0      26.840   -97.284
0389   194.2   939.1     25.31     94.7     101   234     2.90      2.33      1.71     6      .2     101     0   0   4   0      26.840   -97.284
0390   194.7   939.8     25.34     94.7      94   232     2.88      2.28      1.75     6      .2      94     0   0   4   0      26.840   -97.284
0391   195.2   940.5     25.39     94.6      88   231     2.83      2.21      1.77     6      .2      88     0   0   4   0      26.840   -97.284
0392   195.7   941.1     25.43     94.6      82   230     2.73      2.09      1.76     6      .3      82     0   0   4   0      26.840   -97.284
0393   196.2   941.8     25.47     94.4      76   229     2.59      1.94      1.71     6      .3      76     0   0   4   0      26.840   -97.284
0394   196.7   942.5     25.50     94.3      70   227     2.37      1.75      1.61     6      .4      69     0   0   4   0      26.840   -97.284
0395   197.2   943.1     25.53     94.1      63   226     2.10      1.52      1.45     6      .4      63     0   0   4   0      26.840   -97.284
0396   197.7   943.8     25.55     93.9      57   226     1.77      1.27      1.24     5      .4      57     0   0   4   0      26.840   -97.284
0397   198.2   944.4     25.57     93.7      51   225     1.42      1.01      1.00     5      .4      51     0   0   4   0      26.840   -97.284
0398   198.7   945.1     25.59     93.5      45   225     1.06       .75       .74     5      .4      45     0   0   4   0      26.840   -97.284
0399   199.2   945.7     25.60     93.3      39   225      .68       .48       .48     5      .4      39     0   0   4   0      26.840   -97.284
0400   199.7   946.4     25.60     93.2      33   226      .30       .22       .21     5      .4      33     0   0   4   0      26.840   -97.284
0401   200.2   947.0     25.60     93.1      27    39      .03      -.02      -.02     5      .4      26     0   0   4   0      26.840   -97.284
0402   200.7   947.7     25.60     93.1      20    55      .20      -.17      -.12     5      .4      20     0   0   4   0      26.840   -97.284
0403   201.2   948.4     25.62     93.1      14    89      .31      -.31      -.01     5      .4      14     0   0   4   0      26.840   -97.284
0404   201.7   949.0     25.65     93.3       8   112      .49      -.45       .18     5      .3       8     0   0   4   0      26.840   -97.284
