 ===========================================================================
 DROPWINDSONDE PROCESSING RECORD                            Sonde: 984715100
 PDS file written Aug  9, 2001.                             Format:    V5.06
 Aircraft: N42RF                             Date: 990821   Time: 224913 UTC
 ---------------------------------------------------------------------------
 Bias corrections:  PR =    .0 mb  TE =    .0 C  RH =    .0 %  PRB =   .0 mb
 Filters (LPF):     PTH =   5 s    WIND =   5 s       Hyd anchor =       SFC
 Dyn RH correction =  N     WSHR COR =      Y         Splash PR  =  964.9 mb
 Estimated PR used =  N     GPS VERR =    .77 m/s     HYD SFCP   =  966.1 mb
 Dyn T correction  =  Y     WGACORR  =    1.6 m       AC GA ADJ  =     .0 m
 ---------------------------------------------------------------------------
 COMMENTS: inside edge Sw eyewall SA layer, large updraft              
 ===========================================================================

 ===========================================================================
 Date: 990821   Lat:  24.63 N   TA:    9.8 C   PS:  587.2 mb   WD:     4 deg
 Time: 224913   Lon:  95.13 W   TD:    5.3 C   GA:   4257 m    WS:  27.5 m/s
 SID:  984715100                RH:   73.3 %   Navaid:   GP          
 ===========================================================================

IX      t (s)  P (mb)    T (C)    RH (%)  Z (m)   WD    WS (m/s)   U (m/s)   V (m/s)  NS  WZ (m/s)  ZW (m)   FP  FT  FH  FW    LAT (N)   LON (E)
0001      .2   587.8      9.78     73.2    4244     5    27.53     -2.32    -27.44  -999  -999.0    4246     3   3   3   3      24.627   -95.134
0002      .7   588.4      9.75     73.2    4236     5    27.69     -2.62    -27.57  -999  -999.0    4237     3   3   3   3      24.627   -95.134
0003     1.2   589.0      9.73     73.1    4227     6    27.73     -2.68    -27.60  -999  -999.0    4229     3   3   3   3      24.627   -95.134
0004     1.7   589.6      9.70     73.0    4218     6    27.77     -2.75    -27.63  -999  -999.0    4220     3   3   3   3      24.627   -95.134
0005     2.2   590.2      9.68     73.0    4210     6    27.80     -2.82    -27.66  -999  -999.0    4211     3   3   3   3      24.627   -95.134
0006     2.7   590.9      9.65     72.9    4201     6    27.84     -2.88    -27.69  -999  -999.0    4203     3   3   3   3      24.627   -95.134
0007     3.2   591.5      9.63     72.9    4193     6    27.87     -2.95    -27.72  -999  -999.0    4194     3   3   3   3      24.627   -95.134
0008     3.7   592.1      9.60     72.8    4184     6    27.91     -3.01    -27.75  -999  -999.0    4186     3   3   3   3      24.627   -95.134
0009     4.2   592.7      9.58     72.7    4176     6    27.95     -3.08    -27.78  -999  -999.0    4177     3   3   3   3      24.626   -95.134
0010     4.7   593.3      9.55     72.7    4167     6    27.98     -3.15    -27.81  -999  -999.0    4169     3   3   3   3      24.626   -95.134
0011     5.2   593.9      9.53     72.6    4159     7    28.02     -3.21    -27.84  -999  -999.0    4160     3   3   3   3      24.626   -95.134
0012     5.7   594.5      9.50     72.5    4150     7    28.06     -3.28    -27.86  -999  -999.0    4152     3   3   3   3      24.626   -95.134
0013     6.2   595.1      9.48     72.5    4141     7    28.09     -3.34    -27.89  -999  -999.0    4143     3   3   3   3      24.626   -95.134
0014     6.7   595.7      9.45     72.4    4133     7    28.13     -3.41    -27.92  -999  -999.0    4135     3   3   3   3      24.626   -95.134
0015     7.2   596.3      9.43     72.4    4124     7    28.17     -3.48    -27.95  -999  -999.0    4126     3   3   3   3      24.626   -95.134
0016     7.7   596.9      9.41     72.3    4116     7    28.21     -3.54    -27.98  -999  -999.0    4118     3   3   3   3      24.625   -95.134
0017     8.2   597.5      9.38     72.2    4108     7    28.24     -3.61    -28.01  -999  -999.0    4109     3   3   3   3      24.625   -95.134
0018     8.7   598.2      9.36     72.2    4099     7    28.28     -3.67    -28.04  -999  -999.0    4101     3   3   3   3      24.625   -95.134
0019     9.2   598.8      9.34     72.1    4091     8    28.32     -3.74    -28.07  -999  -999.0    4092     3   3   3   3      24.625   -95.134
0020     9.7   599.4      9.31     72.0    4082     8    28.36     -3.81    -28.10  -999  -999.0    4084     3   3   3   3      24.625   -95.134
0021    10.2   600.0      9.29     72.0    4074     8    28.39     -3.87    -28.13  -999  -999.0    4075     3   3   3   3      24.625   -95.134
0022    10.7   600.6      9.27     71.9    4065     8    28.43     -3.94    -28.16  -999  -999.0    4067     3   3   3   3      24.625   -95.134
0023    11.2   601.2      9.25     71.8    4057     8    28.47     -4.00    -28.19  -999  -999.0    4058     3   3   3   3      24.625   -95.134
0024    11.7   601.8      9.23     71.8    4048     8    28.51     -4.07    -28.22  -999  -999.0    4050     3   3   3   3      24.624   -95.134
0025    12.2   602.4      9.21     71.8    4040     8    28.55     -4.14    -28.25  -999  -999.0    4042     3   3   3   3      24.624   -95.134
0026    12.7   603.0      9.20     71.7    4032     8    28.59     -4.20    -28.28  -999  -999.0    4033     3   3   3   3      24.624   -95.134
0027    13.2   603.6      9.18     71.6    4023     9    28.63     -4.27    -28.31  -999  -999.0    4025     3   3   3   3      24.624   -95.134
0028    13.7   604.2      9.16     71.5    4015     9    28.67     -4.33    -28.34  -999  -999.0    4017     3   3   3   3      24.624   -95.134
0029    14.2   604.8      9.14     71.4    4007     9    28.70     -4.40    -28.36  -999  -999.0    4008     3   3   0   3      24.624   -95.134
0030    14.7   605.5      9.12     71.3    3998     9    28.73     -4.47    -28.38  -999  -999.0    4000     3   3   0   3      24.624   -95.134
0031    15.2   606.1      9.11     71.2    3990     9    28.76     -4.53    -28.40  -999  -999.0    3991     3   3   0   3      24.624   -95.134
0032    15.7   606.7      9.11     71.2    3981     9    28.80     -4.60    -28.43  -999    -1.6    3983     3   3   0   3      24.623   -95.134
0033    16.2   607.3      9.12     71.3    3973     9    28.84     -4.67    -28.47  -999    -1.6    3974     0   0   0   3      24.623   -95.134
0034    16.7   607.9      9.14     71.4    3964     9    28.91     -4.74    -28.52  -999    -1.6    3966     0   0   0   3      24.623   -95.134
0035    17.2   608.6      9.17     71.7    3956    10    28.98     -4.81    -28.58  -999    -1.6    3957     0   0   0   3      24.623   -95.134
0036    17.7   609.2      9.20     72.0    3947    10    29.05     -4.88    -28.64  -999    -1.6    3949     0   0   0   3      24.623   -95.134
0037    18.2   609.8      9.23     72.3    3939    10    29.10     -4.95    -28.68  -999    -1.6    3940     0   0   0   3      24.623   -95.134
0038    18.7   610.4      9.26     72.6    3930    10    29.12     -5.01    -28.68  -999    -1.6    3932     0   0   0   3      24.623   -95.135
0039    19.2   611.0      9.29     72.9    3922    10    29.10     -5.06    -28.65  -999    -1.6    3924     0   0   0   3      24.623   -95.135
0040    19.7   611.7      9.32     73.2    3913    10    29.05     -5.11    -28.60  -999    -1.7    3915     0   0   0   3      24.622   -95.135
0041    20.2   612.3      9.34     73.4    3905    10    29.02     -5.16    -28.56  -999    -1.7    3906     0   0   0   3      24.622   -95.135
0042    20.7   612.9      9.36     73.7    3896    10    29.04     -5.22    -28.57  -999    -1.7    3898     0   0   0   3      24.622   -95.135
0043    21.2   613.6      9.37     74.0    3888    10    29.14     -5.29    -28.65  -999    -1.8    3889     0   0   0   3      24.622   -95.135
0044    21.7   614.2      9.39     74.4    3879    11    29.33     -5.38    -28.83  -999    -1.8    3881     0   0   0   3      24.622   -95.135
0045    22.2   614.8      9.40     74.7    3871    11    29.59     -5.46    -29.08  -999    -1.8    3872     0   0   0   3      24.622   -95.135
0046    22.7   615.5      9.42     75.1    3862    11    29.86     -5.51    -29.35     5    -1.8    3864     0   0   0   0      24.622   -95.135
0047    23.2   616.1      9.44     75.4    3853    11    30.07     -5.51    -29.56     5    -1.9    3855     0   0   0   0      24.622   -95.135
0048    23.7   616.7      9.46     75.7    3845    10    30.15     -5.43    -29.66     5    -1.9    3847     0   0   0   0      24.621   -95.135
0049    24.2   617.4      9.49     75.9    3836    10    30.06     -5.27    -29.60     5    -1.9    3838     0   0   0   0      24.621   -95.135
0050    24.7   618.0      9.52     75.9    3828    10    29.81     -5.03    -29.39     5    -1.9    3829     0   0   0   0      24.621   -95.135
0051    25.2   618.7      9.54     76.0    3819     9    29.47     -4.74    -29.09     5    -1.9    3821     0   0   0   0      24.621   -95.135
0052    25.7   619.3      9.58     76.0    3810     9    29.12     -4.46    -28.78     5    -1.9    3812     0   0   0   0      24.621   -95.135
0053    26.2   619.9      9.61     76.0    3802     8    28.88     -4.24    -28.57     5    -1.9    3803     0   0   0   0      24.621   -95.135
0054    26.7   620.6      9.66     75.9    3793     8    28.82     -4.12    -28.52     5    -1.8    3795     0   0   0   0      24.621   -95.135
0055    27.2   621.2      9.70     75.8    3785     8    28.96     -4.12    -28.66     5    -1.8    3786     0   0   0   0      24.620   -95.135
0056    27.7   621.8      9.75     75.6    3776     8    29.28     -4.25    -28.97     5    -1.8    3778     0   0   0   0      24.620   -95.135
0057    28.2   622.5      9.81     75.4    3768     9    29.68     -4.46    -29.35     5    -1.7    3769     0   0   0   0      24.620   -95.135
0058    28.7   623.1      9.87     75.2    3759     9    30.07     -4.69    -29.70     5    -1.7    3761     0   0   0   0      24.620   -95.135
0059    29.2   623.7      9.93     75.0    3751     9    30.33     -4.85    -29.94     6    -1.7    3752     0   0   0   0      24.620   -95.135
0060    29.7   624.4      9.99     74.9    3742     9    30.40     -4.88    -30.01     6    -1.6    3744     0   0   0   0      24.620   -95.135
0061    30.2   625.0     10.04     74.9    3734     9    30.28     -4.73    -29.91     6    -1.5    3735     0   0   0   0      24.620   -95.135
0062    30.7   625.6     10.08     75.1    3725     8    30.00     -4.42    -29.68     6    -1.4    3727     0   0   0   0      24.620   -95.135
0063    31.2   626.3     10.11     75.3    3717     8    29.64     -3.97    -29.38     6    -1.2    3719     0   0   0   0      24.619   -95.135
0064    31.7   626.9     10.14     75.5    3709     7    29.28     -3.46    -29.08     6    -1.0    3710     0   0   0   0      24.619   -95.135
0065    32.2   627.5     10.16     75.7    3701     6    28.98     -2.99    -28.83     6     -.8    3702     0   0   0   0      24.619   -95.135
0066    32.7   628.1     10.17     75.9    3693     5    28.78     -2.64    -28.66     6     -.6    3694     0   0   0   0      24.619   -95.135
0067    33.2   628.7     10.19     76.1    3685     5    28.68     -2.44    -28.57     6     -.4    3687     0   0   0   0      24.619   -95.135
0068    33.7   629.3     10.19     76.4    3677     5    28.67     -2.42    -28.57     6     -.2    3679     0   0   0   0      24.619   -95.135
0069    34.2   629.8     10.20     76.8    3670     5    28.75     -2.52    -28.64     6     -.1    3671     0   0   0   0      24.619   -95.135
0070    34.7   630.4     10.20     77.5    3662     5    28.91     -2.68    -28.79     6      .0    3664     0   0   0   0      24.618   -95.135
0071    35.2   631.0     10.19     78.4    3655     6    29.15     -2.82    -29.01     6      .1    3656     0   0   0   0      24.618   -95.135
0072    35.7   631.5     10.17     79.5    3647     6    29.46     -2.87    -29.32     6      .1    3649     0   0   0   0      24.618   -95.135
0073    36.2   632.1     10.14     80.7    3640     5    29.81     -2.82    -29.67     6      .1    3641     0   0   0   0      24.618   -95.135
0074    36.7   632.7     10.11     81.8    3632     5    30.16     -2.68    -30.04     6      .1    3634     0   0   0   0      24.618   -95.135
0075    37.2   633.2     10.08     82.7    3625     5    30.47     -2.50    -30.37     5      .0    3626     0   0   0   0      24.618   -95.135
0076    37.7   633.8     10.06     83.1    3617     4    30.68     -2.36    -30.59     6     -.1    3619     0   0   0   0      24.618   -95.135
0077    38.2   634.4     10.04     83.3    3609     4    30.75     -2.33    -30.66     6     -.1    3611     0   0   0   0      24.618   -95.135
0078    38.7   635.0     10.05     83.1    3602     5    30.70     -2.45    -30.60     6     -.2    3603     0   0   0   0      24.617   -95.135
0079    39.2   635.6     10.06     82.8    3594     5    30.54     -2.71    -30.42     6     -.2    3596     0   0   0   0      24.617   -95.135
0080    39.7   636.2     10.09     82.4    3586     6    30.36     -3.05    -30.20     6     -.1    3588     0   0   0   0      24.617   -95.135
0081    40.2   636.7     10.12     82.2    3579     6    30.19     -3.40    -30.00     6     -.1    3580     0   0   0   0      24.617   -95.135
0082    40.7   637.3     10.15     82.2    3571     7    30.10     -3.66    -29.87     6      .0    3573     0   0   0   0      24.617   -95.135
0083    41.2   637.9     10.18     82.4    3564     7    30.07     -3.77    -29.83     6      .0    3565     0   0   0   0      24.617   -95.135
0084    41.7   638.5     10.21     82.7    3556     7    30.10     -3.71    -29.87     6      .0    3558     0   0   0   0      24.617   -95.135
0085    42.2   639.0     10.24     83.1    3549     7    30.15     -3.50    -29.95     6      .0    3550     0   0   0   0      24.616   -95.135
0086    42.7   639.6     10.27     83.4    3541     6    30.19     -3.21    -30.02     6      .0    3543     0   0   0   0      24.616   -95.135
0087    43.2   640.2     10.30     83.7    3534     6    30.19     -2.91    -30.05     6      .0    3535     0   0   0   0      24.616   -95.135
0088    43.7   640.8     10.34     83.8    3526     5    30.14     -2.65    -30.02     6      .0    3528     0   0   0   0      24.616   -95.135
0089    44.2   641.3     10.38     83.9    3519     5    30.04     -2.48    -29.94     6      .1    3520     0   0   0   0      24.616   -95.136
0090    44.7   641.9     10.42     83.9    3511     5    29.91     -2.39    -29.82     6      .2    3513     0   0   0   3      24.616   -95.136
0091    45.2   642.5     10.47     84.1    3504     5    29.80     -2.37    -29.70     6      .3    3505     0   0   0   0      24.616   -95.136
0092    45.7   643.1     10.51     84.2    3496     5    29.72     -2.39    -29.62     6      .5    3498     0   0   0   0      24.615   -95.136
0093    46.2   643.6     10.55     84.5    3489     5    29.70     -2.41    -29.60     6      .6    3491     0   0   0   0      24.615   -95.136
0094    46.7   644.2     10.59     84.9    3482     5    29.73     -2.40    -29.63     6      .7    3484     0   0   0   0      24.615   -95.136
0095    47.2   644.7     10.62     85.2    3475     5    29.79     -2.35    -29.70     6      .8    3477     0   0   0   0      24.615   -95.136
0096    47.7   645.2     10.65     85.6    3468     4    29.87     -2.25    -29.78     6      .8    3470     0   0   0   3      24.615   -95.136
0097    48.2   645.8     10.68     85.9    3461     4    29.91     -2.11    -29.83     6      .7    3463     0   0   0   0      24.615   -95.136
0098    48.7   646.3     10.71     86.1    3454     4    29.87     -1.93    -29.80     6      .6    3456     0   0   0   0      24.615   -95.136
0099    49.2   646.9     10.75     86.2    3447     3    29.71     -1.73    -29.65     6      .4    3448     0   0   0   3      24.615   -95.136
0100    49.7   647.5     10.79     86.1    3439     3    29.41     -1.51    -29.37     6      .4    3441     0   0   0   3      24.614   -95.136
0101    50.2   648.0     10.83     86.0    3432     3    28.99     -1.28    -28.96     6      .4    3433     0   0   0   0      24.614   -95.136
0102    50.7   648.6     10.89     85.7    3424     2    28.48     -1.04    -28.47     6      .5    3426     0   0   0   3      24.614   -95.136
0103    51.2   649.2     10.94     85.4    3417     2    27.98      -.80    -27.96     6      .8    3418     0   0   0   0      24.614   -95.136
0104    51.7   649.8     11.01     85.1    3410     1    27.56      -.58    -27.55     6     1.2    3411     0   0   0   3      24.614   -95.136
0105    52.2   650.3     11.07     84.8    3403     1    27.33      -.39    -27.33     6     1.6    3404     0   0   0   0      24.614   -95.136
0106    52.7   650.8     11.14     84.5    3396     1    27.37      -.24    -27.37     6     2.0    3398     0   0   0   0      24.614   -95.136
0107    53.2   651.3     11.21     84.3    3390     0    27.70      -.15    -27.70     6     2.3    3392     0   0   0   0      24.614   -95.136
0108    53.7   651.7     11.27     84.0    3384     0    28.27      -.12    -28.27     5     2.5    3386     0   0   0   0      24.613   -95.136
0109    54.2   652.2     11.33     83.7    3378     0    29.02      -.16    -29.02     5     2.5    3380     0   0   0   0      24.613   -95.136
0110    54.7   652.7     11.40     83.4    3372     1    29.80      -.27    -29.80     5     2.4    3374     0   0   0   0      24.613   -95.136
0111    55.2   653.1     11.46     82.9    3366     1    30.51      -.44    -30.51     5     2.2    3368     0   0   0   0      24.613   -95.136
0112    55.7   653.6     11.54     82.3    3360     1    31.06      -.65    -31.05     5     2.1    3361     0   0   0   0      24.613   -95.136
0113    56.2   654.2     11.61     81.7    3353     2    31.39      -.89    -31.38     5     1.9    3355     0   0   0   0      24.613   -95.136
0114    56.7   654.7     11.69     81.1    3346     2    31.52     -1.11    -31.50     5     1.9    3348     0   0   0   0      24.613   -95.136
0115    57.2   655.2     11.76     80.6    3339     2    31.49     -1.30    -31.46     5     1.9    3341     0   0   0   0      24.612   -95.136
0116    57.7   655.7     11.84     80.2    3333     3    31.38     -1.42    -31.35     5     2.0    3334     0   0   0   0      24.612   -95.136
0117    58.2   656.2     11.90     80.0    3326     3    31.26     -1.46    -31.23     5     2.2    3328     0   0   0   0      24.612   -95.136
0118    58.7   656.7     11.96     79.9    3320     3    31.19     -1.43    -31.15     5     2.5    3322     0   0   0   0      24.612   -95.136
0119    59.2   657.2     12.01     79.9    3314     2    31.17     -1.34    -31.14     5     2.7    3316     0   0   0   0      24.612   -95.136
0120    59.7   657.7     12.05     79.9    3308     2    31.22     -1.24    -31.19     5     2.9    3310     0   0   0   0      24.612   -95.136
0121    60.2   658.1     12.08     79.9    3302     2    31.30     -1.17    -31.28     5     3.0    3304     0   0   0   0      24.612   -95.136
0122    60.7   658.6     12.12     79.8    3296     2    31.39     -1.17    -31.36     5     3.0    3298     0   0   0   0      24.611   -95.136
0123    61.2   659.0     12.15     79.6    3291     2    31.46     -1.25    -31.43     5     3.0    3292     0   0   0   0      24.611   -95.136
0124    61.7   659.5     12.19     79.5    3285     3    31.51     -1.41    -31.47     5     3.0    3286     0   0   0   0      24.611   -95.136
0125    62.2   660.0     12.22     79.4    3279     3    31.53     -1.63    -31.49     5     2.9    3280     0   0   0   0      24.611   -95.136
0126    62.7   660.4     12.25     79.3    3273     3    31.54     -1.87    -31.48     5     2.9    3274     0   0   0   0      24.611   -95.136
0127    63.2   660.9     12.27     79.4    3267     4    31.52     -2.08    -31.45     5     2.8    3268     0   0   0   0      24.611   -95.136
0128    63.7   661.4     12.29     79.4    3261     4    31.48     -2.24    -31.40     5     2.8    3262     0   0   0   0      24.611   -95.136
0129    64.2   661.9     12.30     79.5    3254     4    31.40     -2.34    -31.32     5     2.8    3256     0   0   0   0      24.610   -95.136
0130    64.7   662.4     12.32     79.6    3248     4    31.31     -2.36    -31.22     5     2.8    3250     0   0   0   3      24.610   -95.136
0131    65.2   662.8     12.33     79.5    3242     4    31.20     -2.35    -31.12     5     2.9    3244     0   0   0   0      24.610   -95.136
0132    65.7   663.3     12.35     79.3    3237     4    31.12     -2.32    -31.03     5     2.9    3238     0   0   0   0      24.610   -95.136
0133    66.2   663.8     12.38     79.1    3231     4    31.07     -2.29    -30.98     6     2.8    3232     0   0   0   0      24.610   -95.136
0134    66.7   664.2     12.41     78.9    3225     4    31.06     -2.29    -30.98     6     2.7    3226     0   0   0   0      24.610   -95.136
0135    67.2   664.7     12.44     78.8    3219     4    31.09     -2.28    -31.01     6     2.6    3220     0   0   0   0      24.610   -95.136
0136    67.7   665.2     12.46     79.0    3213     4    31.12     -2.26    -31.04     6     2.5    3214     0   0   0   0      24.609   -95.136
0137    68.2   665.7     12.48     79.4    3206     4    31.12     -2.17    -31.04     6     2.3    3208     0   0   0   0      24.609   -95.136
0138    68.7   666.2     12.49     80.0    3200     4    31.05     -1.98    -30.99     6     2.1    3202     0   0   0   0      24.609   -95.136
0139    69.2   666.7     12.49     80.9    3194     3    30.91     -1.67    -30.86     6     1.8    3195     0   0   0   0      24.609   -95.136
0140    69.7   667.2     12.47     81.9    3187     2    30.70     -1.25    -30.67     6     1.6    3189     0   0   0   0      24.609   -95.136
0141    70.2   667.7     12.44     82.8    3180     1    30.46      -.76    -30.45     6     1.3    3182     0   0   0   0      24.609   -95.136
0142    70.7   668.3     12.40     83.6    3174     1    30.26      -.27    -30.26     6     1.1    3175     0   0   0   0      24.609   -95.136
0143    71.2   668.8     12.37     84.2    3167     0    30.14       .11    -30.14     6      .8    3168     0   0   0   0      24.609   -95.136
0144    71.7   669.4     12.34     84.7    3160   359    30.12       .32    -30.12     6      .6    3161     0   0   0   0      24.608   -95.136
0145    72.2   669.9     12.33     84.9    3152   359    30.21       .27    -30.21     6      .4    3154     0   0   0   0      24.608   -95.136
0146    72.7   670.5     12.32     85.0    3145     0    30.36      -.01    -30.36     6      .2    3147     0   0   0   0      24.608   -95.136
0147    73.2   671.1     12.33     84.9    3138     1    30.53      -.50    -30.53     6      .2    3139     0   0   0   0      24.608   -95.136
0148    73.7   671.7     12.35     84.8    3130     2    30.65     -1.09    -30.63     6      .2    3132     0   0   0   0      24.608   -95.136
0149    74.2   672.3     12.39     84.6    3123     3    30.67     -1.67    -30.62     6      .4    3125     0   0   0   0      24.608   -95.136
0150    74.7   672.9     12.44     84.3    3116     4    30.56     -2.14    -30.48     6      .5    3117     0   0   0   0      24.608   -95.136
0151    75.2   673.5     12.50     83.9    3109     5    30.31     -2.40    -30.22     6      .8    3110     0   0   0   0      24.607   -95.136
0152    75.7   674.0     12.56     83.5    3102     5    29.97     -2.44    -29.87     6     1.0    3103     0   0   0   0      24.607   -95.136
0153    76.2   674.5     12.64     83.1    3095     4    29.58     -2.28    -29.49     6     1.3    3097     0   0   0   0      24.607   -95.136
0154    76.7   675.1     12.71     82.6    3088     4    29.22     -1.99    -29.15     6     1.4    3090     0   0   0   0      24.607   -95.136
0155    77.2   675.6     12.79     82.2    3082     3    28.92     -1.67    -28.88     6     1.6    3084     0   0   0   0      24.607   -95.136
0156    77.7   676.1     12.87     81.8    3076     3    28.73     -1.38    -28.70     6     1.7    3077     0   0   0   0      24.607   -95.136
0157    78.2   676.6     12.95     81.5    3069     2    28.63     -1.17    -28.61     6     1.7    3071     0   0   0   0      24.607   -95.136
0158    78.7   677.1     13.03     81.2    3063     2    28.62     -1.06    -28.60     6     1.8    3064     0   0   0   0      24.607   -95.136
0159    79.2   677.7     13.10     80.9    3056     2    28.64     -1.02    -28.62     6     1.8    3058     0   0   0   0      24.606   -95.136
0160    79.7   678.2     13.17     80.7    3049     2    28.68     -1.00    -28.67     6     1.9    3051     0   0   0   0      24.606   -95.136
0161    80.2   678.7     13.23     80.5    3043     2    28.72      -.98    -28.70     6     2.0    3045     0   0   0   0      24.606   -95.136
0162    80.7   679.2     13.28     80.4    3037     2    28.72      -.93    -28.71     6     2.1    3038     0   0   0   0      24.606   -95.136
0163    81.2   679.7     13.33     80.2    3031     2    28.70      -.85    -28.69     6     2.2    3032     0   0   0   0      24.606   -95.136
0164    81.7   680.2     13.37     80.0    3024     2    28.65      -.77    -28.64     6     2.3    3026     0   0   0   0      24.606   -95.136
0165    82.2   680.7     13.41     79.7    3018     1    28.59      -.70    -28.58     6     2.3    3020     0   0   0   0      24.606   -95.136
0166    82.7   681.2     13.45     79.5    3012     1    28.52      -.65    -28.51     6     2.2    3014     0   0   0   0      24.605   -95.136
0167    83.2   681.7     13.49     79.3    3006     1    28.45      -.63    -28.44     6     2.1    3008     0   0   0   0      24.605   -95.136
0168    83.7   682.2     13.53     79.2    3000     1    28.38      -.57    -28.38     6     1.9    3002     0   0   0   0      24.605   -95.136
0169    84.2   682.7     13.57     79.3    2994     1    28.33      -.43    -28.33     6     1.6    2995     0   0   0   0      24.605   -95.136
0170    84.7   683.2     13.59     79.5    2987     0    28.30      -.15    -28.30     6     1.4    2989     0   0   0   0      24.605   -95.136
0171    85.2   683.8     13.61     80.0    2980   359    28.28       .29    -28.28     6     1.1    2982     3   3   3   0      24.605   -95.136
0172    85.7   684.3     13.61     80.6    2973   358    28.27       .90    -28.26     5      .9    2975     0   0   0   0      24.605   -95.136
0173    86.2   684.9     13.59     81.4    2966   357    28.28      1.60    -28.23     6      .7    2968     0   0   0   3      24.605   -95.136
0174    86.7   685.5     13.55     82.4    2959   355    28.28      2.32    -28.18     6      .5    2961     0   0   0   0      24.604   -95.136
0175    87.2   686.1     13.50     83.3    2952   354    28.24      2.95    -28.08     6      .4    2954     0   0   0   0      24.604   -95.136
0176    87.7   686.6     13.45     84.1    2945   353    28.14      3.41    -27.93     6      .3    2946     0   0   0   0      24.604   -95.136
0177    88.2   687.2     13.40     84.8    2938   352    27.97      3.66    -27.73     6      .3    2939     0   0   0   0      24.604   -95.136
0178    88.7   687.8     13.35     85.3    2930   352    27.73      3.70    -27.48     6      .3    2932     0   0   0   0      24.604   -95.136
0179    89.2   688.4     13.31     85.5    2923   353    27.46      3.58    -27.22     6      .3    2925     0   0   0   0      24.604   -95.136
0180    89.7   689.0     13.29     85.7    2916   353    27.21      3.38    -27.00     6      .4    2918     0   0   0   3      24.604   -95.136
0181    90.2   689.5     13.28     85.6    2909   353    27.03      3.18    -26.84     6      .4    2911     0   0   0   0      24.604   -95.136
0182    90.7   690.1     13.28     85.4    2902   354    26.95      3.03    -26.78     6      .4    2904     0   0   0   0      24.603   -95.136
0183    91.2   690.7     13.30     85.2    2895   354    27.01      2.96    -26.85     6      .5    2897     0   0   0   0      24.603   -95.136
0184    91.7   691.3     13.33     84.9    2888   354    27.19      2.94    -27.03     6      .5    2890     0   0   0   3      24.603   -95.136
0185    92.2   691.9     13.37     84.5    2881   354    27.48      2.95    -27.32     6      .7    2882     0   0   0   3      24.603   -95.136
0186    92.7   692.4     13.42     84.3    2874   354    27.85      2.93    -27.69     6      .8    2875     0   0   0   0      24.603   -95.136
0187    93.2   693.0     13.46     84.1    2867   354    28.25      2.85    -28.10     6     1.0    2869     0   0   0   3      24.603   -95.136
0188    93.7   693.6     13.51     84.0    2860   355    28.64      2.69    -28.52     6     1.3    2862     0   0   0   0      24.603   -95.136
0189    94.2   694.1     13.55     84.1    2854   355    29.00      2.44    -28.89     6     1.5    2855     0   0   0   0      24.603   -95.136
0190    94.7   694.6     13.58     84.4    2847   356    29.28      2.12    -29.20     6     1.8    2849     0   0   0   0      24.602   -95.136
0191    95.2   695.1     13.60     84.9    2841   357    29.46      1.78    -29.41     6     2.1    2843     0   0   0   0      24.602   -95.136
0192    95.7   695.6     13.61     85.5    2835   357    29.53      1.46    -29.50     6     2.4    2836     0   0   0   3      24.602   -95.136
0193    96.2   696.1     13.60     86.0    2829   358    29.48      1.20    -29.46     6     2.6    2830     0   0   0   0      24.602   -95.136
0194    96.7   696.6     13.59     86.6    2823   358    29.33      1.06    -29.31     6     2.8    2825     0   0   0   0      24.602   -95.136
0195    97.2   697.1     13.57     87.0    2817   358    29.09      1.06    -29.07     6     2.9    2819     0   0   0   0      24.602   -95.136
0196    97.7   697.5     13.56     87.3    2812   358    28.79      1.19    -28.77     6     3.0    2813     0   0   0   0      24.602   -95.136
0197    98.2   698.0     13.55     87.4    2806   357    28.50      1.45    -28.47     6     3.0    2808     0   0   0   0      24.602   -95.136
0198    98.7   698.5     13.55     87.5    2800   356    28.27      1.80    -28.21     6     3.0    2802     0   0   0   0      24.601   -95.136
0199    99.2   699.0     13.55     87.6    2795   356    28.13      2.18    -28.04     6     3.0    2796     0   0   0   0      24.601   -95.136
0200    99.7   699.4     13.57     87.8    2789   355    28.10      2.55    -27.99     6     2.9    2791     0   0   0   0      24.601   -95.136
0201   100.2   699.9     13.58     87.9    2783   354    28.18      2.87    -28.03     6     2.9    2785     0   0   0   0      24.601   -95.136
0202   100.7   700.4     13.60     88.1    2777   354    28.31      3.13    -28.13     6     2.8    2779     0   0   0   0      24.601   -95.136
0203   101.2   700.9     13.62     88.3    2771   353    28.43      3.33    -28.24     6     2.9    2773     0   0   0   0      24.601   -95.136
0204   101.7   701.4     13.64     88.6    2765   353    28.49      3.48    -28.28     6     2.9    2767     0   0   0   0      24.601   -95.136
0205   102.2   701.9     13.66     88.8    2760   353    28.45      3.62    -28.22     6     3.0    2761     0   0   0   3      24.601   -95.136
0206   102.7   702.3     13.67     88.9    2754   352    28.30      3.74    -28.05     6     3.0    2755     0   0   0   3      24.600   -95.136
0207   103.2   702.8     13.69     89.0    2748   352    28.05      3.84    -27.79     6     3.0    2750     0   0   0   0      24.600   -95.136
0208   103.7   703.3     13.71     89.1    2743   352    27.77      3.91    -27.49     6     3.0    2744     0   0   0   0      24.600   -95.136
0209   104.2   703.7     13.73     89.1    2737   352    27.52      3.93    -27.23     6     2.9    2739     0   0   0   0      24.600   -95.136
0210   104.7   704.2     13.76     89.2    2731   352    27.37      3.90    -27.09     6     2.7    2733     0   0   0   0      24.600   -95.136
0211   105.2   704.7     13.79     89.2    2726   352    27.38      3.86    -27.11     6     2.5    2727     0   0   0   0      24.600   -95.135
0212   105.7   705.2     13.82     89.2    2719   352    27.58      3.88    -27.31     6     2.3    2721     0   0   0   3      24.600   -95.135
0213   106.2   705.7     13.86     89.2    2713   352    27.96      4.04    -27.67     6     2.1    2715     0   0   0   0      24.600   -95.135
0214   106.7   706.2     13.90     89.2    2707   351    28.48      4.43    -28.14     6     1.9    2708     0   0   0   0      24.599   -95.135
0215   107.2   706.8     13.94     89.3    2700   350    29.11      5.08    -28.66     4     1.9    2702     0   0   0   0      24.599   -95.135
0216   107.7   707.3     13.97     89.3    2694   348    29.78      5.96    -29.18     4     1.9    2696     0   0   0   0      24.599   -95.135
0217   108.2   707.8     14.01     89.3    2688   347    30.47      6.97    -29.66     5     1.9    2689     0   0   0   0      24.599   -95.135
0218   108.7   708.4     14.04     89.4    2681   345    31.12      7.95    -30.09     5     1.9    2683     0   0   0   0      24.599   -95.135
0219   109.2   708.9     14.07     89.4    2675   344    31.69      8.72    -30.46     4     1.9    2677     0   0   0   0      24.599   -95.135
0220   109.7   709.4     14.10     89.5    2669   343    32.11      9.12    -30.79     4     1.8    2671     0   0   0   0      24.599   -95.135
0221   110.2   709.9     14.13     89.5    2663   344    32.36      9.10    -31.06     4     1.5    2665     0   0   0   0      24.598   -95.135
0222   110.7   710.4     14.16     89.5    2657   344    32.41      8.66    -31.23     4     1.2    2658     0   0   0   0      24.598   -95.135
0223   111.2   711.0     14.19     89.5    2650   346    32.22      7.93    -31.23     5      .8    2652     0   0   0   0      24.598   -95.135
0224   111.7   711.5     14.23     89.5    2643   347    31.78      7.08    -30.98     4      .3    2645     0   0   0   0      24.598   -95.135
0225   112.2   712.2     14.26     89.5    2636   348    31.05      6.29    -30.41     4     -.2    2638     0   0   0   3      24.598   -95.135
0226   112.7   712.8     14.30     89.5    2629   349    30.01      5.70    -29.46     4     -.7    2630     0   0   0   3      24.598   -95.135
0227   113.2   713.4     14.34     89.5    2621   349    28.67      5.38    -28.16     4    -1.0    2622     0   0   0   0      24.598   -95.135
0228   113.7   714.1     14.38     89.5    2613   349    27.13      5.32    -26.60     4    -1.3    2614     0   0   0   0      24.598   -95.135
0229   114.2   714.8     14.42     89.5    2605   348    25.52      5.48    -24.93     4    -1.4    2606     0   0   0   0      24.597   -95.135
0230   114.7   715.5     14.46     89.6    2597   346    24.03      5.76    -23.33     4    -1.5    2598     0   0   0   0      24.597   -95.135
0231   115.2   716.1     14.49     89.6    2589   345    22.79      6.09    -21.97     4    -1.5    2590     0   0   0   0      24.597   -95.135
0232   115.7   716.8     14.53     89.6    2581   343    21.91      6.41    -20.95     4    -1.5    2583     0   0   0   0      24.597   -95.135
0233   116.2   717.5     14.56     89.6    2573   342    21.40      6.71    -20.32     4    -1.5    2575     0   0   0   0      24.597   -95.135
0234   116.7   718.1     14.59     89.6    2565   341    21.21      6.96    -20.03     4    -1.5    2567     0   0   0   3      24.597   -95.135
0235   117.2   718.8     14.62     89.6    2558   340    21.24      7.18    -19.99     4    -1.6    2559     0   0   0   0      24.597   -95.135
0236   117.7   719.5     14.64     89.6    2550   340    21.36      7.33    -20.06     4    -1.7    2551     0   0   0   0      24.597   -95.135
0237   118.2   720.1     14.67     89.6    2542   340    21.46      7.40    -20.14     4    -1.9    2543     0   0   0   0      24.597   -95.135
0238   118.7   720.8     14.69     89.6    2533   340    21.44      7.35    -20.14     4    -2.1    2535     0   0   0   0      24.597   -95.135
0239   119.2   721.5     14.72     89.7    2525   340    21.26      7.18    -20.01     4    -2.2    2527     0   0   0   3      24.596   -95.135
0240   119.7   722.2     14.75     89.7    2517   341    20.89      6.91    -19.71     4    -2.3    2518     0   0   0   0      24.596   -95.135
0241   120.2   723.0     14.78     89.7    2508   341    20.37      6.59    -19.28     5    -2.4    2510     0   0   0   0      24.596   -95.134
0242   120.7   723.7     14.82     89.8    2500   341    19.78      6.29    -18.75     5    -2.3    2502     0   0   0   3      24.596   -95.134
0243   121.2   724.4     14.87     89.8    2491   341    19.19      6.13    -18.18     5    -2.2    2493     0   0   0   0      24.596   -95.134
0244   121.7   725.1     14.91     89.8    2483   341    18.72      6.17    -17.67     5    -2.0    2485     0   0   0   0      24.596   -95.134
0245   122.2   725.8     14.96     89.8    2475   339    18.50      6.49    -17.32     5    -1.8    2477     0   0   0   0      24.596   -95.134
0246   122.7   726.5     15.00     89.8    2467   338    18.64      7.09    -17.23     5    -1.4    2469     0   0   0   3      24.596   -95.134
0247   123.2   727.2     15.04     89.8    2459   336    19.20      7.95    -17.48     5    -1.1    2461     0   0   0   3      24.596   -95.134
0248   123.7   727.8     15.07     89.7    2452   334    20.20      9.00    -18.08     4     -.7    2453     0   0   0   3      24.596   -95.134
0249   124.2   728.4     15.10     89.7    2444   332    21.54     10.15    -19.00     4     -.4    2446     0   0   0   3      24.596   -95.134
0250   124.7   729.0     15.13     89.7    2437   331    23.06     11.29    -20.11     4     -.2    2439     0   0   0   0      24.596   -95.134
0251   125.2   729.6     15.16     89.7    2430   330    24.58     12.32    -21.27     4      .1    2432     0   0   0   3      24.595   -95.134
0252   125.7   730.2     15.19     89.8    2423   330    25.91     13.14    -22.33     4      .2    2425     0   0   0   0      24.595   -95.134
0253   126.2   730.8     15.24     89.9    2416   329    26.90     13.70    -23.16     4      .4    2418     3   3   3   3      24.595   -95.134
0254   126.7   731.4     15.30     90.0    2409   329    27.49     13.97    -23.67     4      .6    2411     0   0   0   0      24.595   -95.134
0255   127.2   732.0     15.37     90.1    2403   330    27.66     13.96    -23.88     4      .7    2404     0   0   0   0      24.595   -95.134
0256   127.7   732.6     15.46     90.2    2396   330    27.52     13.74    -23.84     4      .9    2397     0   0   0   3      24.595   -95.134
0257   128.2   733.2     15.57     90.3    2389   330    27.19     13.39    -23.66     4     1.2    2391     0   0   0   0      24.595   -95.134
0258   128.7   733.7     15.68     90.4    2383   331    26.84     13.04    -23.46     4     1.4    2384     0   0   0   0      24.595   -95.134
0259   129.2   734.3     15.79     90.4    2376   331    26.62     12.79    -23.34     4     1.5    2378     0   0   0   3      24.595   -95.134
0260   129.7   734.8     15.90     90.4    2370   331    26.60     12.71    -23.37     4     1.6    2372     0   0   0   0      24.594   -95.133
0261   130.2   735.3     15.99     90.4    2364   331    26.78     12.78    -23.54     4     1.5    2366     0   0   0   0      24.594   -95.133
0262   130.7   735.8     16.07     90.4    2358   331    27.07     12.92    -23.78     4     1.3    2360     0   0   0   0      24.594   -95.133
0263   131.2   736.4     16.13     90.3    2352   332    27.29     12.98    -24.01     4     1.0    2354     0   0   0   3      24.594   -95.133
0264   131.7   736.9     16.17     90.3    2345   332    27.30     12.79    -24.12     4      .6    2347     0   0   0   0      24.594   -95.133
0265   132.2   737.5     16.19     90.3    2338   333    26.98     12.19    -24.07     4      .3    2340     0   0   0   0      24.594   -95.133
0266   132.7   738.2     16.20     90.2    2331   335    26.36     11.15    -23.89     4      .1    2333     0   0   0   0      24.594   -95.133
0267   133.2   738.8     16.20     90.2    2323   338    25.56      9.68    -23.66     4      .1    2325     0   0   0   0      24.594   -95.133
0268   133.7   739.5     16.20     90.2    2316   341    24.82      7.92    -23.52     4      .3    2318     0   0   0   0      24.594   -95.133
0269   134.2   740.1     16.20     90.3    2309   346    24.40      6.04    -23.64     5      .6    2310     0   0   0   0      24.594   -95.133
0270   134.7   740.7     16.20     90.3    2302   350    24.53      4.28    -24.15     5     1.0    2304     0   0   0   0      24.593   -95.133
0271   135.2   741.2     16.21     90.3    2296   354    25.29      2.84    -25.13     5     1.3    2297     0   0   0   3      24.593   -95.133
0272   135.7   741.7     16.23     90.3    2290   356    26.62      1.87    -26.55     4     1.4    2292     0   0   0   0      24.593   -95.133
0273   136.2   742.2     16.25     90.3    2284   357    28.28      1.48    -28.24     4     1.2    2286     0   0   0   3      24.593   -95.133
0274   136.7   742.7     16.27     90.3    2279   357    29.96      1.63    -29.92     4      .6    2280     0   0   0   0      24.593   -95.133
0275   137.2   743.3     16.29     90.3    2272   356    31.34      2.25    -31.26     4     -.3    2274     0   0   0   3      24.593   -95.133
0276   137.7   743.9     16.31     90.2    2265   354    32.11      3.21    -31.95     4    -1.4    2267     0   0   0   3      24.593   -95.133
0277   138.2   744.6     16.32     90.2    2257   352    32.11      4.38    -31.81     4    -2.5    2259     0   0   0   0      24.592   -95.133
0278   138.7   745.4     16.34     90.2    2248   350    31.30      5.66    -30.79     4    -3.6    2250     0   0   0   0      24.592   -95.133
0279   139.2   746.2     16.36     90.2    2238   347    29.85      6.95    -29.03     4    -4.3    2240     0   0   0   3      24.592   -95.133
0280   139.7   747.1     16.38     90.2    2228   343    28.06      8.22    -26.83     4    -4.7    2230     0   0   0   3      24.592   -95.133
0281   140.2   748.0     16.42     90.3    2218   339    26.29      9.38    -24.56     4    -4.8    2219     0   0   0   3      24.592   -95.133
0282   140.7   748.9     16.47     90.4    2208   335    24.90     10.38    -22.63     5    -4.5    2210     0   0   0   3      24.592   -95.133
0283   141.2   749.7     16.53     90.5    2199   332    24.06     11.14    -21.32     5    -4.0    2200     0   0   0   3      24.592   -95.133
0284   141.7   750.5     16.60     90.6    2190   331    23.76     11.61    -20.73     5    -3.4    2191     0   0   0   3      24.592   -95.133
0285   142.2   751.2     16.67     90.7    2182   331    23.88     11.75    -20.79     5    -2.9    2183     0   0   0   0      24.592   -95.133
0286   142.7   751.9     16.74     90.7    2174   331    24.22     11.60    -21.25     5    -2.4    2175     0   0   0   0      24.592   -95.132
0287   143.2   752.6     16.80     90.7    2166   333    24.59     11.23    -21.88     5    -2.2    2168     0   0   0   3      24.591   -95.132
0288   143.7   753.2     16.86     90.7    2158   335    24.90     10.71    -22.48     5    -2.2    2160     0   0   0   0      24.591   -95.132
0289   144.2   753.9     16.91     90.7    2150   336    25.10     10.14    -22.96     5    -2.4    2152     0   0   0   0      24.591   -95.132
0290   144.7   754.7     16.95     90.6    2142   338    25.28      9.58    -23.39     6    -2.8    2144     0   0   0   0      24.591   -95.132
0291   145.2   755.4     16.99     90.6    2134   339    25.56      9.06    -23.90     6    -3.3    2135     0   0   0   0      24.591   -95.132
0292   145.7   756.2     17.02     90.5    2125   341    26.10      8.58    -24.65     6    -3.8    2126     0   0   0   3      24.591   -95.132
0293   146.2   757.0     17.05     90.5    2116   343    26.99      8.09    -25.75     6    -4.4    2117     0   0   0   0      24.591   -95.132
0294   146.7   757.8     17.09     90.6    2106   344    28.24      7.57    -27.20     6    -5.0    2108     0   0   0   0      24.591   -95.132
0295   147.2   758.7     17.12     90.6    2097   346    29.71      7.00    -28.87     6    -5.5    2098     0   0   0   0      24.591   -95.132
0296   147.7   759.5     17.16     90.6    2087   348    31.18      6.41    -30.52     6    -5.9    2088     0   0   0   0      24.590   -95.132
0297   148.2   760.5     17.20     90.6    2077   350    32.39      5.84    -31.86     6    -6.2    2078     0   0   0   0      24.590   -95.132
0298   148.7   761.4     17.24     90.7    2066   351    33.15      5.38    -32.71     6    -6.4    2068     0   0   0   0      24.590   -95.132
0299   149.2   762.3     17.27     90.7    2056   351    33.39      5.08    -33.00     6    -6.4    2057     0   0   0   0      24.590   -95.132
0300   149.7   763.2     17.31     90.7    2045   351    33.21      4.95    -32.84     5    -6.3    2047     0   0   0   0      24.590   -95.132
0301   150.2   764.2     17.35     90.7    2035   351    32.82      4.95    -32.45     6    -6.0    2037     0   0   0   0      24.590   -95.132
0302   150.7   765.0     17.39     90.7    2025   351    32.48      5.02    -32.09     5    -5.6    2027     0   0   0   0      24.590   -95.132
0303   151.2   765.9     17.43     90.7    2015   351    32.40      5.04    -32.00     6    -5.2    2017     0   0   0   0      24.589   -95.132
0304   151.7   766.7     17.47     90.7    2006   351    32.69      4.92    -32.32     6    -4.8    2008     0   0   0   0      24.589   -95.132
0305   152.2   767.5     17.52     90.7    1997   352    33.35      4.61    -33.03     6    -4.6    1999     0   0   0   0      24.589   -95.132
0306   152.7   768.3     17.57     90.7    1988   353    34.24      4.08    -34.00     6    -4.4    1990     0   0   0   0      24.589   -95.132
0307   153.2   769.1     17.61     90.7    1979   354    35.17      3.40    -35.01     6    -4.5    1981     0   0   0   0      24.589   -95.132
0308   153.7   769.9     17.66     90.7    1970   356    35.91      2.63    -35.81     6    -4.7    1972     0   0   0   0      24.589   -95.132
0309   154.2   770.8     17.71     90.7    1961   357    36.30      1.89    -36.25     6    -5.0    1963     0   0   0   0      24.588   -95.132
0310   154.7   771.6     17.75     90.7    1952   358    36.26      1.27    -36.24     5    -5.5    1953     0   0   0   0      24.588   -95.132
0311   155.2   772.5     17.79     90.7    1942   359    35.84       .82    -35.83     5    -6.1    1943     0   0   0   0      24.588   -95.132
0312   155.7   773.4     17.82     90.8    1932   359    35.19       .56    -35.18     5    -6.6    1933     0   0   0   0      24.588   -95.132
0313   156.2   774.3     17.86     90.8    1921   359    34.51       .43    -34.51     5    -7.2    1923     0   0   0   0      24.588   -95.132
0314   156.7   775.3     17.89     90.8    1910   359    34.01       .38    -34.00     5    -7.7    1912     0   0   0   0      24.588   -95.132
0315   157.2   776.3     17.93     90.9    1899   359    33.82       .33    -33.82     5    -8.1    1901     0   0   0   0      24.587   -95.132
0316   157.7   777.3     17.96     90.9    1888     0    34.00       .25    -34.00     5    -8.5    1890     0   0   0   0      24.587   -95.132
0317   158.2   778.3     18.00     90.9    1877     0    34.52       .16    -34.52     5    -8.8    1878     0   0   0   3      24.587   -95.132
0318   158.7   779.4     18.05     90.9    1865     0    35.28       .10    -35.28     5    -9.0    1867     0   0   0   0      24.587   -95.132
0319   159.2   780.4     18.10     90.9    1854     0    36.16       .15    -36.16     5    -9.1    1855     0   0   0   0      24.587   -95.132
0320   159.7   781.5     18.15     90.9    1842     0    37.06       .31    -37.06     5    -9.2    1844     0   0   0   0      24.587   -95.132
0321   160.2   782.5     18.20     91.0    1831   359    37.92       .55    -37.92     5    -9.1    1832     0   0   0   3      24.587   -95.132
0322   160.7   783.6     18.26     91.0    1819   359    38.69       .77    -38.69     5    -9.0    1821     0   0   0   0      24.586   -95.132
0323   161.2   784.6     18.31     91.0    1808   359    39.34       .84    -39.33     5    -8.8    1809     0   0   0   3      24.586   -95.132
0324   161.7   785.7     18.36     91.0    1796   359    39.83       .66    -39.83     5    -8.5    1798     0   0   0   3      24.586   -95.132
0325   162.2   786.7     18.41     91.0    1785     0    40.17       .21    -40.17     5    -8.1    1787     0   0   0   0      24.586   -95.132
0326   162.7   787.7     18.46     91.0    1774     1    40.35      -.40    -40.34     5    -7.7    1776     0   0   0   0      24.586   -95.132
0327   163.2   788.7     18.50     91.0    1763     1    40.40      -.99    -40.39     5    -7.2    1765     0   0   0   0      24.585   -95.132
0328   163.7   789.6     18.54     91.0    1753     2    40.41     -1.33    -40.39     5    -6.6    1755     0   0   0   0      24.585   -95.132
0329   164.2   790.5     18.57     91.0    1743     2    40.45     -1.20    -40.43     5    -6.1    1745     0   0   0   0      24.585   -95.132
0330   164.7   791.4     18.61     91.0    1733     1    40.64      -.52    -40.64     5    -5.6    1735     0   0   0   0      24.585   -95.132
0331   165.2   792.3     18.65     91.0    1724   359    41.10       .67    -41.10     5    -5.2    1726     0   0   0   0      24.585   -95.132
0332   165.7   793.1     18.69     91.0    1715   357    41.89      2.17    -41.84     5    -4.9    1716     0   0   0   0      24.585   -95.132
0333   166.2   794.0     18.72     91.0    1706   355    42.98      3.71    -42.82     5    -4.6    1707     0   0   0   0      24.584   -95.132
0334   166.7   794.8     18.76     91.0    1697   354    44.23      4.96    -43.95     5    -4.5    1698     0   0   0   0      24.584   -95.132
0335   167.2   795.6     18.79     91.0    1688   353    45.45      5.67    -45.09     5    -4.5    1689     0   0   0   0      24.584   -95.132
0336   167.7   796.4     18.82     91.0    1679   353    46.45      5.69    -46.10     5    -4.6    1680     0   0   0   0      24.584   -95.132
0337   168.2   797.3     18.85     91.0    1670   354    47.14      5.03    -46.88     5    -4.8    1671     0   0   0   0      24.583   -95.132
0338   168.7   798.1     18.88     91.1    1661   355    47.52      3.87    -47.37     5    -5.1    1662     0   0   0   0      24.583   -95.132
0339   169.2   799.0     18.91     91.1    1651   357    47.67      2.49    -47.60     5    -5.4    1653     0   0   0   0      24.583   -95.132
0340   169.7   799.9     18.94     91.2    1642   359    47.70      1.23    -47.68     5    -5.8    1643     0   0   0   0      24.583   -95.132
0341   170.2   800.8     18.98     91.2    1632     0    47.73       .36    -47.73     5    -6.2    1633     0   0   0   0      24.583   -95.132
0342   170.7   801.7     19.02     91.2    1622     0    47.88       .08    -47.88     5    -6.6    1623     0   0   0   3      24.582   -95.132
0343   171.2   802.7     19.06     91.1    1611   359    48.21       .43    -48.21     5    -7.0    1613     0   0   0   0      24.582   -95.132
0344   171.7   803.7     19.10     91.0    1601   358    48.76      1.34    -48.74     5    -7.3    1603     0   0   0   3      24.582   -95.132
0345   172.2   804.6     19.14     90.9    1590   357    49.49      2.63    -49.42     5    -7.7    1592     0   0   0   3      24.582   -95.132
0346   172.7   805.6     19.18     90.8    1580   355    50.32      4.08    -50.15     5    -8.0    1581     0   0   0   0      24.582   -95.132
0347   173.2   806.7     19.21     90.7    1569   354    51.14      5.48    -50.84     5    -8.3    1570     0   0   0   3      24.581   -95.131
0348   173.7   807.7     19.25     90.6    1558   353    51.85      6.68    -51.42     6    -8.5    1559     0   0   0   3      24.581   -95.131
0349   174.2   808.7     19.28     90.6    1546   352    52.41      7.60    -51.85     6    -8.6    1548     0   0   0   3      24.581   -95.131
0350   174.7   809.8     19.32     90.6    1535   351    52.81      8.20    -52.17     6    -8.7    1537     0   0   0   0      24.581   -95.131
0351   175.2   810.9     19.36     90.7    1524   351    53.11      8.50    -52.42     6    -8.6    1526     0   0   0   3      24.580   -95.131
0352   175.7   811.9     19.40     90.7    1513   351    53.37      8.55    -52.68     7    -8.4    1514     0   0   0   3      24.580   -95.131
0353   176.2   813.0     19.44     90.6    1502   351    53.65      8.43    -52.99     7    -8.1    1503     0   0   0   3      24.580   -95.131
0354   176.7   814.0     19.48     90.5    1491   351    54.00      8.25    -53.37     7    -7.8    1492     0   0   0   0      24.580   -95.131
0355   177.2   815.0     19.53     90.3    1480   351    54.40      8.10    -53.80     7    -7.4    1482     0   0   0   3      24.579   -95.131
0356   177.7   816.0     19.58     90.0    1470   352    54.85      8.09    -54.25     7    -7.0    1471     0   0   0   0      24.579   -95.131
0357   178.2   816.9     19.63     89.7    1460   351    55.32      8.30    -54.69     7    -6.6    1461     0   0   0   3      24.579   -95.131
0358   178.7   817.8     19.69     89.4    1450   351    55.78      8.75    -55.09     7    -6.3    1451     0   0   0   0      24.579   -95.131
0359   179.2   818.7     19.75     89.1    1440   350    56.22      9.43    -55.42     7    -6.1    1442     0   0   0   0      24.578   -95.131
0360   179.7   819.6     19.82     88.9    1431   350    56.64     10.27    -55.70     6    -6.1    1432     0   0   0   3      24.578   -95.131
0361   180.2   820.6     19.89     88.7    1421   349    57.04     11.19    -55.93     6    -6.2    1423     0   0   0   3      24.578   -95.131
0362   180.7   821.5     19.97     88.5    1411   348    57.44     12.09    -56.15     5    -6.4    1413     3   3   3   3      24.578   -95.131
0363   181.2   822.4     20.05     88.3    1401   347    57.83     12.89    -56.37     5    -6.7    1403     0   0   0   3      24.577   -95.131
0364   181.7   823.4     20.13     88.2    1391   347    58.22     13.54    -56.62     4    -7.1    1393     0   0   0   0      24.577   -95.131
0365   182.2   824.4     20.22     88.0    1381   346    58.64     14.04    -56.94     5    -7.5    1383     3   3   3   3      24.577   -95.131
0366   182.7   825.4     20.30     87.9    1370   346    59.12     14.42    -57.33     6    -8.0    1372     0   0   0   3      24.577   -95.131
0367   183.2   826.4     20.39     87.7    1359   346    59.66     14.73    -57.82     7    -8.4    1361     3   3   3   0      24.576   -95.131
0368   183.7   827.5     20.47     87.5    1348   346    60.29     15.04    -58.39     7    -8.7    1350     0   0   0   3      24.576   -95.130
0369   184.2   828.5     20.57     87.2    1337   345    60.99     15.39    -59.01     7    -8.9    1339     0   0   0   3      24.576   -95.130
0370   184.7   829.6     20.67     86.9    1325   345    61.71     15.82    -59.64     7    -8.9    1327     0   0   0   3      24.576   -95.130
0371   185.2   830.7     20.78     86.4    1314   345    62.39     16.33    -60.22     7    -8.8    1316     0   0   0   3      24.575   -95.130
0372   185.7   831.8     20.90     85.7    1303   344    63.00     16.91    -60.69     6    -8.4    1304     0   0   0   3      24.575   -95.130
0373   186.2   832.9     21.04     84.8    1292   344    63.49     17.53    -61.02     6    -7.9    1293     3   3   3   3      24.575   -95.130
0374   186.7   833.9     21.18     83.7    1281   343    63.86     18.15    -61.22     6    -7.2    1282     0   0   0   3      24.574   -95.130
0375   187.2   834.9     21.33     82.4    1271   343    64.14     18.78    -61.33     6    -6.4    1272     0   0   0   0      24.574   -95.130
0376   187.7   835.8     21.49     81.1    1261   342    64.39     19.41    -61.40     6    -5.4    1262     3   3   3   3      24.574   -95.130
0377   188.2   836.7     21.64     79.9    1251   342    64.68     20.07    -61.49     6    -4.4    1253     0   0   0   3      24.574   -95.130
0378   188.7   837.5     21.79     78.9    1243   341    65.05     20.80    -61.64     6    -3.4    1245     0   0   0   3      24.573   -95.130
0379   189.2   838.3     21.92     78.1    1235   341    65.53     21.61    -61.87     6    -2.6    1237     0   0   0   3      24.573   -95.129
0380   189.7   839.0     22.04     77.5    1227   340    66.09     22.49    -62.14     6    -1.9    1229     3   3   3   3      24.573   -95.129
0381   190.2   839.7     22.14     77.1    1220   339    66.66     23.41    -62.41     6    -1.4    1222     0   0   0   3      24.573   -95.129
0382   190.7   840.4     22.24     76.7    1213   339    67.15     24.26    -62.61     6    -1.1    1215     3   3   3   3      24.572   -95.129
0383   191.2   841.0     22.33     76.1    1207   338    67.46     24.91    -62.69     6    -1.0    1208     3   3   3   3      24.572   -95.129
0384   191.7   841.7     22.43     75.3    1200   338    67.53     25.24    -62.63     6    -1.0    1201     0   0   0   0      24.572   -95.129
0385   192.2   842.4     22.53     74.3    1192   338    67.33     25.12    -62.47     6    -1.0    1194     0   0   0   3      24.571   -95.129
0386   192.7   843.1     22.65     73.1    1185   339    66.94     24.51    -62.29     6    -1.0    1187     0   0   0   0      24.571   -95.129
0387   193.2   843.9     22.77     71.9    1177   339    66.45     23.44    -62.17     6     -.9    1179     0   0   0   0      24.571   -95.128
0388   193.7   844.6     22.89     71.0    1170   341    66.01     22.03    -62.22     6     -.7    1172     0   0   0   3      24.571   -95.128
0389   194.2   845.3     22.99     70.5    1163   342    65.76     20.46    -62.49     6     -.2    1164     0   0   0   3      24.570   -95.128
0390   194.7   846.0     23.06     70.6    1156   343    65.77     18.94    -62.98     6      .4    1157     0   0   0   0      24.570   -95.128
0391   195.2   846.6     23.09     71.1    1149   344    66.04     17.68    -63.63     6     1.1    1151     0   0   0   0      24.570   -95.128
0392   195.7   847.2     23.07     72.0    1143   345    66.50     16.80    -64.34     6     1.8    1145     0   0   0   0      24.569   -95.128
0393   196.2   847.7     23.01     73.1    1138   346    67.03     16.35    -65.01     6     2.4    1140     0   0   0   0      24.569   -95.128
0394   196.7   848.2     22.93     74.1    1133   346    67.54     16.28    -65.55     6     2.9    1135     0   0   0   0      24.569   -95.128
0395   197.2   848.6     22.83     74.9    1128   346    67.96     16.44    -65.94     6     3.3    1130     3   3   3   0      24.569   -95.128
0396   197.7   849.1     22.73     75.4    1123   346    68.26     16.69    -66.19     6     3.6    1125     0   0   0   3      24.568   -95.128
0397   198.2   849.5     22.66     75.5    1119   346    68.50     16.88    -66.38     6     3.8    1120     0   0   0   3      24.568   -95.128
0398   198.7   850.0     22.60     75.3    1114   346    68.71     16.92    -66.60     6     3.9    1116     0   0   0   0      24.568   -95.128
0399   199.2   850.5     22.57     75.0    1109   346    68.98     16.80    -66.90     7     4.0    1111     0   0   0   0      24.567   -95.127
0400   199.7   850.9     22.56     74.7    1104   346    69.35     16.52    -67.35     7     4.2    1106     0   0   0   3      24.567   -95.127
0401   200.2   851.4     22.56     74.6    1100   347    69.83     16.17    -67.93     7     4.4    1101     0   0   0   0      24.567   -95.127
0402   200.7   851.8     22.55     74.6    1095   347    70.41     15.81    -68.61     7     4.6    1097     0   0   0   0      24.566   -95.127
0403   201.2   852.2     22.53     75.0    1091   347    71.02     15.52    -69.30     7     4.9    1092     0   0   0   0      24.566   -95.127
0404   201.7   852.6     22.50     75.6    1087   348    71.58     15.34    -69.92     7     5.2    1088     0   0   0   0      24.566   -95.127
0405   202.2   853.0     22.45     76.4    1083   348    72.05     15.28    -70.41     7     5.5    1085     0   0   0   0      24.565   -95.127
0406   202.7   853.4     22.37     77.4    1079   348    72.37     15.31    -70.73     7     5.8    1081     0   0   0   0      24.565   -95.127
0407   203.2   853.8     22.28     78.6    1075   348    72.54     15.40    -70.88     7     6.0    1077     0   0   0   0      24.565   -95.127
0408   203.7   854.1     22.18     79.9    1072   348    72.59     15.51    -70.92     7     6.2    1074     3   3   3   3      24.564   -95.127
0409   204.2   854.4     22.07     81.2    1068   348    72.58     15.61    -70.88     7     6.3    1070     0   0   0   0      24.564   -95.127
0410   204.7   854.8     21.95     82.5    1065   348    72.54     15.69    -70.82     7     6.4    1067     3   3   3   3      24.564   -95.127
0411   205.2   855.1     21.84     83.7    1062   347    72.52     15.75    -70.78     7     6.5    1063     0   0   0   3      24.564   -95.127
0412   205.7   855.4     21.74     84.6    1058   347    72.52     15.80    -70.78     7     6.5    1060     0   0   0   3      24.563   -95.126
0413   206.2   855.8     21.67     85.3    1055   347    72.55     15.85    -70.80     7     6.5    1057     0   0   0   3      24.563   -95.126
0414   206.7   856.1     21.61     85.7    1052   347    72.59     15.91    -70.83     7     6.5    1053     0   0   0   3      24.563   -95.126
0415   207.2   856.4     21.58     85.9    1048   347    72.62     15.96    -70.85     7     6.5    1050     0   0   0   3      24.562   -95.126
0416   207.7   856.8     21.56     86.0    1045   347    72.61     15.99    -70.83     7     6.5    1046     0   0   0   3      24.562   -95.126
0417   208.2   857.1     21.54     86.2    1041   347    72.56     15.99    -70.77     7     6.5    1043     3   3   3   3      24.562   -95.126
0418   208.7   857.4     21.53     86.6    1038   347    72.45     15.96    -70.67     7     6.6    1040     0   0   0   0      24.561   -95.126
0419   209.2   857.8     21.50     87.2    1035   347    72.30     15.88    -70.53     7     6.6    1036     0   0   0   3      24.561   -95.126
0420   209.7   858.1     21.46     87.9    1031   347    72.11     15.77    -70.37     7     6.7    1033     0   0   0   3      24.561   -95.126
0421   210.2   858.4     21.41     88.6    1028   347    71.90     15.64    -70.17     7     6.8    1030     0   0   0   0      24.560   -95.126
0422   210.7   858.7     21.36     89.2    1025   348    71.64     15.49    -69.94     7     6.9    1026     3   3   3   3      24.560   -95.126
0423   211.2   859.0     21.32     89.5    1022   348    71.33     15.33    -69.66     7     7.0    1023     0   0   0   3      24.560   -95.126
0424   211.7   859.3     21.31     89.5    1019   348    70.95     15.18    -69.31     7     7.0    1020     0   0   0   0      24.559   -95.126
0425   212.2   859.6     21.33     89.0    1016   348    70.51     15.02    -68.89     7     7.0    1017     0   0   0   3      24.559   -95.125
0426   212.7   859.9     21.39     88.1    1013   348    70.02     14.87    -68.42     7     7.0    1014     0   0   0   0      24.559   -95.125
0427   213.2   860.2     21.46     87.2    1010   348    69.51     14.73    -67.93     7     6.9    1011     0   0   0   3      24.558   -95.125
0428   213.7   860.5     21.55     86.3    1006   348    69.05     14.59    -67.49     7     6.8    1008     0   0   0   3      24.558   -95.125
0429   214.2   860.9     21.64     85.8    1003   348    68.70     14.48    -67.15     7     6.6    1005     0   0   0   3      24.558   -95.125
0430   214.7   861.2     21.70     85.6    1000   348    68.51     14.41    -66.98     7     6.3    1002     0   0   0   0      24.558   -95.125
0431   215.2   861.5     21.73     85.9     996   348    68.51     14.41    -66.97     6     6.0     998     0   0   0   0      24.557   -95.125
0432   215.7   861.9     21.73     86.5     993   348    68.66     14.49    -67.12     6     5.8     994     0   0   0   0      24.557   -95.125
0433   216.2   862.3     21.69     87.3     989   348    68.90     14.66    -67.32     6     5.5     990     0   0   0   3      24.557   -95.125
0434   216.7   862.7     21.63     88.2     985   348    69.13     14.92    -67.50     7     5.3     987     0   0   0   3      24.556   -95.125
0435   217.2   863.1     21.56     88.9     981   347    69.23     15.24    -67.54     7     5.2     982     0   0   0   0      24.556   -95.125
0436   217.7   863.5     21.48     89.4     977   347    69.16     15.56    -67.39     7     5.1     978     0   0   0   0      24.556   -95.125
0437   218.2   863.9     21.41     89.7     972   347    68.89     15.85    -67.04     7     5.2     974     0   0   0   0      24.555   -95.125
0438   218.7   864.3     21.35     89.9     968   346    68.47     16.05    -66.56     7     5.4     970     0   0   0   0      24.555   -95.124
0439   219.2   864.7     21.29     90.1     964   346    67.97     16.15    -66.02     7     5.7     966     0   0   0   0      24.555   -95.124
0440   219.7   865.1     21.25     90.2     960   346    67.44     16.14    -65.48     7     6.1     962     0   0   0   0      24.555   -95.124
0441   220.2   865.5     21.22     90.4     957   346    66.94     16.06    -64.98     7     6.7     958     0   0   0   0      24.554   -95.124
0442   220.7   865.8     21.19     90.6     953   346    66.44     15.96    -64.50     7     7.4     955     0   0   0   0      24.554   -95.124
0443   221.2   866.1     21.16     90.8     951   346    65.91     15.88    -63.97     7     8.1     952     0   0   0   3      24.554   -95.124
0444   221.7   866.3     21.13     90.8     948   346    65.30     15.90    -63.33     7     8.8     950     0   0   0   0      24.553   -95.124
0445   222.2   866.5     21.10     90.6     946   346    64.55     16.03    -62.53     6     9.4     948     0   0   0   0      24.553   -95.124
0446   222.7   866.6     21.05     90.2     945   345    63.67     16.31    -61.55     7    10.0     947     3   3   3   0      24.553   -95.124
0447   223.2   866.8     20.99     89.8     944   345    62.69     16.70    -60.43     6    10.6     945     3   0   0   3      24.553   -95.124
0448   223.7   866.9     20.91     89.3     943   344    61.68     17.20    -59.23     6    11.0     944     0   0   0   3      24.552   -95.124
0449   224.2   867.0     20.82     89.0     942   343    60.68     17.74    -58.03     5    11.4     943     3   3   3   3      24.552   -95.124
0450   224.7   867.0     20.71     88.9     941   342    59.77     18.30    -56.90     4    11.8     943     0   0   0   0      24.552   -95.124
0451   225.2   867.1     20.60     89.0     940   341    58.99     18.84    -55.90     4    12.1     942     0   0   0   3      24.552   -95.123
0452   225.7   867.2     20.48     89.2     940   341    58.37     19.33    -55.07     4    12.4     941     0   0   0   0      24.551   -95.123
0453   226.2   867.2     20.37     89.6     939   340    57.90     19.77    -54.42     4    12.7     941     0   0   0   0      24.551   -95.123
0454   226.7   867.2     20.27     90.0     939   340    57.60     20.13    -53.97     4    13.0     941     0   0   0   3      24.551   -95.123
0455   227.2   867.2     20.18     90.3     939   339    57.45     20.43    -53.69     4    13.1     941     0   0   0   3      24.551   -95.123
0456   227.7   867.2     20.11     90.6     940   339    57.43     20.67    -53.59     5    13.2     941     0   0   0   3      24.550   -95.123
0457   228.2   867.1     20.08     90.9     940   339    57.53     20.84    -53.63     5    13.0     942     0   0   0   3      24.550   -95.123
0458   228.7   867.1     20.07     91.1     940   339    57.73     20.95    -53.79     5    12.7     942     0   0   0   3      24.550   -95.123
0459   229.2   867.1     20.09     91.3     940   339    57.98     20.97    -54.05     5    12.2     942     0   0   0   0      24.550   -95.123
0460   229.7   867.2     20.14     91.6     940   339    58.24     20.90    -54.36     5    11.5     941     0   0   0   0      24.549   -95.123
0461   230.2   867.2     20.21     91.8     939   339    58.44     20.72    -54.64     6    10.7     941     0   0   0   0      24.549   -95.122
0462   230.7   867.4     20.28     92.1     937   340    58.50     20.44    -54.81     5     9.8     939     0   0   0   0      24.549   -95.122
0463   231.2   867.6     20.35     92.3     936   340    58.36     20.08    -54.80     5     8.9     937     0   0   0   3      24.549   -95.122
0464   231.7   867.8     20.40     92.4     933   340    57.99     19.67    -54.55     4     7.9     935     0   0   0   0      24.548   -95.122
0465   232.2   868.1     20.42     92.4     930   340    57.44     19.28    -54.11     4     7.1     932     0   0   0   3      24.548   -95.122
0466   232.7   868.5     20.43     92.4     927   341    56.81     18.95    -53.55     4     6.3     928     0   0   0   0      24.548   -95.122
0467   233.2   868.8     20.41     92.4     923   341    56.24     18.72    -53.03     4     5.6     925     0   0   0   0      24.548   -95.122
0468   233.7   869.2     20.39     92.3     919   341    55.88     18.60    -52.70     5     5.0     921     0   0   0   0      24.547   -95.122
0469   234.2   869.7     20.38     92.3     915   341    55.83     18.56    -52.65     5     4.4     916     0   0   0   3      24.547   -95.122
0470   234.7   870.1     20.38     92.4     910   341    56.10     18.61    -52.92     5     3.9     912     0   0   0   0      24.547   -95.122
0471   235.2   870.6     20.39     92.5     905   341    56.64     18.75    -53.45     5     3.4     907     3   3   3   3      24.547   -95.121
0472   235.7   871.1     20.43     92.6     900   341    57.34     18.99    -54.10     5     2.8     902     0   0   0   3      24.546   -95.121
0473   236.2   871.6     20.47     92.7     895   341    58.07     19.36    -54.75     5     2.3     897     0   0   0   0      24.546   -95.121
0474   236.7   872.2     20.51     92.7     890   340    58.77     19.88    -55.30     5     1.6     891     0   0   0   0      24.546   -95.121
0475   237.2   872.7     20.55     92.7     884   340    59.40     20.55    -55.73     5      .9     886     0   0   0   0      24.546   -95.121
0476   237.7   873.4     20.59     92.7     878   339    59.97     21.30    -56.06     5      .2     879     0   0   0   0      24.545   -95.121
0477   238.2   874.0     20.61     92.6     871   339    60.54     22.05    -56.38     5     -.5     873     0   0   0   3      24.545   -95.121
0478   238.7   874.8     20.62     92.6     864   338    61.16     22.70    -56.79     5    -1.1     866     0   0   0   0      24.545   -95.121
0479   239.2   875.5     20.63     92.5     857   338    61.82     23.17    -57.31     6    -1.7     858     0   0   0   0      24.545   -95.121
0480   239.7   876.3     20.64     92.5     849   338    62.53     23.48    -57.95     6    -2.0     850     0   0   0   0      24.544   -95.121
0481   240.2   877.1     20.65     92.5     841   338    63.25     23.70    -58.64     6    -2.1     842     0   0   0   0      24.544   -95.120
0482   240.7   877.9     20.66     92.5     833   338    63.97     23.95    -59.32     6    -2.0     834     0   0   0   0      24.544   -95.120
0483   241.2   878.7     20.67     92.5     825   338    64.68     24.39    -59.91     6    -1.7     827     0   0   0   0      24.544   -95.120
0484   241.7   879.5     20.69     92.5     817   337    65.42     25.13    -60.40     6    -1.2     819     0   0   0   3      24.543   -95.120
0485   242.2   880.2     20.70     92.5     810   337    66.22     26.21    -60.82     5     -.6     812     0   0   0   0      24.543   -95.120
0486   242.7   880.9     20.71     92.5     804   336    67.12     27.57    -61.20     6     -.1     805     0   0   0   0      24.543   -95.120
0487   243.2   881.5     20.72     92.5     797   335    68.13     29.11    -61.60     6      .5     799     0   0   0   0      24.542   -95.120
0488   243.7   882.1     20.72     92.5     792   334    69.21     30.68    -62.04     6      .9     793     0   0   0   0      24.542   -95.120
0489   244.2   882.7     20.72     92.5     786   333    70.31     32.19    -62.51     6     1.2     788     0   0   0   0      24.542   -95.119
0490   244.7   883.2     20.72     92.5     780   332    71.38     33.58    -62.98     6     1.3     782     0   0   0   3      24.542   -95.119
0491   245.2   883.8     20.72     92.5     775   331    72.37     34.87    -63.41     5     1.3     776     0   0   0   0      24.541   -95.119
0492   245.7   884.4     20.72     92.5     769   330    73.27     36.12    -63.75     5     1.2     770     0   0   0   0      24.541   -95.119
0493   246.2   885.0     20.73     92.6     763   330    74.09     37.40    -63.96     5     1.2     764     0   0   0   3      24.541   -95.119
0494   246.7   885.6     20.74     92.6     757   329    74.85     38.76    -64.03     5     1.0     758     0   0   0   3      24.540   -95.118
0495   247.2   886.3     20.75     92.6     751   328    75.54     40.18    -63.97     5      .9     752     0   0   0   3      24.540   -95.118
0496   247.7   886.9     20.76     92.7     744   327    76.14     41.59    -63.78     4      .8     746     0   0   0   3      24.540   -95.118
0497   248.2   887.5     20.77     92.7     738   326    76.59     42.84    -63.48     4      .7     740     0   0   0   3      24.540   -95.118
0498   248.7   888.1     20.78     92.7     732   325    76.80     43.78    -63.09     4      .5     734     3   3   3   3      24.539   -95.118
0499   249.2   888.7     20.79     92.8     726   325    76.70     44.31    -62.60     4      .3     728     0   0   0   0      24.539   -95.117
0500   249.7   889.4     20.80     92.8     720   324    76.25     44.38    -62.00     4      .1     722     0   0   0   0      24.539   -95.117
0501   250.2   890.0     20.82     92.8     713   324    75.46     44.06    -61.26     6     -.2     715     0   0   0   0      24.538   -95.117
0502   250.7   890.7     20.83     92.8     707   324    74.42     43.48    -60.39     5     -.5     708     0   0   0   0      24.538   -95.117
0503   251.2   891.4     20.85     92.8     700   324    73.23     42.82    -59.40     4     -.7     701     0   0   0   0      24.538   -95.117
0504   251.7   892.2     20.88     92.8     693   324    72.04     42.26    -58.34     4     -.9     694     0   0   0   3      24.538   -95.116
0505   252.2   892.9     20.90     92.8     686   324    70.97     41.90    -57.28     4     -.9     687     0   0   0   3      24.537   -95.116
0506   252.7   893.6     20.94     92.9     678   323    70.11     41.79    -56.29     4     -.8     680     0   0   0   0      24.537   -95.116
0507   253.2   894.4     20.97     93.0     671   323    69.50     41.90    -55.45     4     -.6     673     0   0   0   0      24.537   -95.116
0508   253.7   895.1     21.01     93.0     665   322    69.12     42.17    -54.77     4     -.3     666     0   0   0   0      24.537   -95.116
0509   254.2   895.8     21.06     93.1     658   322    68.89     42.49    -54.23     4      .2     660     0   0   0   3      24.536   -95.115
0510   254.7   896.4     21.10     93.2     652   321    68.74     42.80    -53.80     4      .8     653     0   0   0   0      24.536   -95.115
0511   255.2   897.0     21.15     93.2     646   321    68.59     43.04    -53.40     4     1.5     647     0   0   0   0      24.536   -95.115
0512   255.7   897.6     21.19     93.2     640   321    68.38     43.22    -52.99     4     2.2     642     0   0   0   0      24.536   -95.115
0513   256.2   898.2     21.23     93.2     635   320    68.09     43.32    -52.54     4     3.0     636     0   0   0   0      24.535   -95.114
0514   256.7   898.6     21.26     93.2     630   320    67.73     43.37    -52.03     4     3.7     631     0   0   0   0      24.535   -95.114
0515   257.2   899.1     21.29     93.2     625   320    67.33     43.39    -51.49     4     4.5     627     0   0   0   3      24.535   -95.114
0516   257.7   899.5     21.31     93.2     622   320    66.92     43.41    -50.94     4     5.1     623     0   0   0   3      24.535   -95.114
0517   258.2   899.9     21.32     93.2     618   319    66.56     43.45    -50.42     4     5.7     620     0   0   0   3      24.535   -95.114
0518   258.7   900.2     21.33     93.2     615   319    66.29     43.55    -49.98     4     6.1     616     0   0   0   0      24.534   -95.113
0519   259.2   900.5     21.33     93.2     612   319    66.14     43.72    -49.64     5     6.4     613     0   0   0   0      24.534   -95.113
0520   259.7   900.8     21.33     93.2     609   318    66.12     43.94    -49.40     5     6.6     610     0   0   0   3      24.534   -95.113
0521   260.2   901.1     21.33     93.2     606   318    66.20     44.20    -49.28     5     6.7     607     0   0   0   3      24.534   -95.113
0522   260.7   901.5     21.32     93.2     603   318    66.35     44.44    -49.26     5     6.8     604     0   0   0   3      24.533   -95.113
0523   261.2   901.8     21.32     93.3     599   318    66.52     44.61    -49.34     5     6.8     601     0   0   0   3      24.533   -95.112
0524   261.7   902.1     21.32     93.3     596   318    66.68     44.69    -49.49     5     6.8     598     0   0   0   3      24.533   -95.112
0525   262.2   902.4     21.33     93.3     593   318    66.79     44.66    -49.66     5     6.8     595     0   0   0   0      24.533   -95.112
0526   262.7   902.8     21.33     93.4     590   318    66.85     44.59    -49.81     6     6.8     592     0   0   0   3      24.533   -95.112
0527   263.2   903.1     21.33     93.4     587   318    66.88     44.56    -49.88     6     6.9     589     0   0   0   0      24.532   -95.111
0528   263.7   903.4     21.34     93.4     584   318    66.90     44.67    -49.81     6     6.9     586     0   0   0   0      24.532   -95.111
0529   264.2   903.7     21.34     93.4     581   318    66.96     45.01    -49.57     6     7.0     583     0   0   0   0      24.532   -95.111
0530   264.7   904.0     21.35     93.4     578   317    67.07     45.61    -49.18     6     6.9     580     0   0   0   3      24.532   -95.111
0531   265.2   904.3     21.36     93.4     575   316    67.26     46.42    -48.68     6     6.9     577     0   0   0   0      24.531   -95.111
0532   265.7   904.6     21.37     93.5     572   316    67.52     47.32    -48.16     6     6.8     574     0   0   0   3      24.531   -95.110
0533   266.2   904.9     21.38     93.5     569   315    67.80     48.14    -47.75     6     6.7     571     0   0   0   0      24.531   -95.110
0534   266.7   905.2     21.39     93.5     566   314    68.07     48.71    -47.55     6     6.6     568     0   0   0   3      24.531   -95.110
0535   267.2   905.6     21.41     93.6     563   314    68.28     48.88    -47.68     6     6.3     565     0   0   0   0      24.531   -95.110
0536   267.7   905.9     21.43     93.6     560   315    68.40     48.58    -48.16     6     6.0     561     0   0   0   3      24.530   -95.109
0537   268.2   906.2     21.44     93.6     556   316    68.45     47.85    -48.94     6     5.7     558     0   0   0   0      24.530   -95.109
0538   268.7   906.6     21.46     93.6     553   317    68.44     46.85    -49.89     5     5.2     555     0   0   0   0      24.530   -95.109
0539   269.2   907.0     21.48     93.6     549   318    68.40     45.81    -50.80     5     4.7     551     0   0   0   0      24.530   -95.109
0540   269.7   907.4     21.49     93.6     545   319    68.30     44.94    -51.43     5     4.1     547     0   0   0   0      24.529   -95.108
0541   270.2   907.9     21.51     93.7     540   319    68.08     44.45    -51.57     5     3.5     542     0   0   0   0      24.529   -95.108
0542   270.7   908.4     21.53     93.7     536   319    67.69     44.40    -51.10     5     2.9     537     0   0   0   0      24.529   -95.108
0543   271.2   909.0     21.56     93.8     530   318    67.10     44.76    -49.98     5     2.4     532     0   0   0   0      24.529   -95.108
0544   271.7   909.6     21.60     93.9     525   317    66.30     45.40    -48.32     5     1.8     526     3   3   3   3      24.529   -95.108
0545   272.2   910.2     21.64     93.9     519   315    65.37     46.11    -46.33     5     1.4     521     0   0   0   3      24.528   -95.107
0546   272.7   910.8     21.69     94.0     513   313    64.34     46.68    -44.28     5      .9     515     3   3   3   3      24.528   -95.107
0547   273.2   911.4     21.74     94.1     507   312    63.29     46.95    -42.44     4      .6     509     0   0   0   3      24.528   -95.107
0548   273.7   912.1     21.79     94.1     501   311    62.27     46.87    -41.00     4      .3     502     3   3   3   3      24.528   -95.107
0549   274.2   912.7     21.84     94.1     494   311    61.37     46.52    -40.03     4      .0     496     0   0   0   0      24.528   -95.106
0550   274.7   913.4     21.87     94.0     488   311    60.68     46.06    -39.51     5     -.1     489     0   0   0   3      24.527   -95.106
0551   275.2   914.1     21.90     93.9     481   311    60.28     45.71    -39.31     5     -.2     483     0   0   0   3      24.527   -95.106
0552   275.7   914.8     21.92     93.9     474   311    60.24     45.68    -39.27     6     -.1     476     0   0   0   0      24.527   -95.106
0553   276.2   915.5     21.94     93.9     468   310    60.56     46.11    -39.26     6      .2     469     0   0   0   0      24.527   -95.105
0554   276.7   916.2     21.95     93.9     461   310    61.21     47.06    -39.14     6      .6     463     0   0   0   0      24.527   -95.105
0555   277.2   916.9     21.95     93.9     455   309    62.11     48.45    -38.86     6     1.2     457     0   0   0   3      24.526   -95.105
0556   277.7   917.5     21.96     93.9     449   307    63.13     50.12    -38.39     6     1.8     451     0   0   0   3      24.526   -95.105
0557   278.2   918.0     21.97     94.0     444   306    64.13     51.84    -37.74     5     2.4     445     0   0   0   3      24.526   -95.104
0558   278.7   918.5     21.98     94.0     439   305    64.92     53.36    -36.97     5     3.0     441     0   0   0   3      24.526   -95.104
0559   279.2   919.0     22.00     94.0     434   304    65.35     54.47    -36.11     5     3.5     436     0   0   0   3      24.526   -95.104
0560   279.7   919.5     22.01     94.0     430   303    65.33     55.03    -35.22     5     3.8     432     0   0   0   3      24.526   -95.104
0561   280.2   919.9     22.03     94.0     426   302    64.84     54.99    -34.36     4     3.9     428     0   0   0   3      24.525   -95.103
0562   280.7   920.3     22.04     94.0     422   302    63.96     54.44    -33.57     4     3.8     423     0   0   0   0      24.525   -95.103
0563   281.2   920.8     22.06     94.0     417   302    62.82     53.52    -32.90     4     3.6     419     0   0   0   3      24.525   -95.103
0564   281.7   921.3     22.07     93.9     413   302    61.62     52.42    -32.40     4     3.2     415     0   0   0   0      24.525   -95.103
0565   282.2   921.8     22.09     93.9     408   302    60.55     51.35    -32.08     4     2.7     410     0   0   0   3      24.525   -95.102
0566   282.7   922.3     22.10     93.9     403   302    59.76     50.52    -31.92     4     2.2     405     0   0   0   0      24.525   -95.102
0567   283.2   922.9     22.11     93.9     397   302    59.36     50.08    -31.86     6     1.6     399     0   0   0   0      24.525   -95.102
0568   283.7   923.5     22.13     93.9     392   302    59.37     50.12    -31.83     6      .9     393     0   0   0   0      24.524   -95.102
0569   284.2   924.2     22.14     94.0     386   302    59.79     50.66    -31.76     6      .3     387     0   0   0   3      24.524   -95.101
0570   284.7   924.8     22.16     94.0     379   301    60.56     51.65    -31.62     6     -.4     381     0   0   0   0      24.524   -95.101
0571   285.2   925.5     22.18     94.1     373   301    61.61     52.97    -31.47     6    -1.0     374     0   0   0   3      24.524   -95.101
0572   285.7   926.3     22.20     94.1     365   300    62.90     54.48    -31.44     6    -1.5     367     0   0   0   0      24.524   -95.101
0573   286.2   927.1     22.23     94.1     358   299    64.36     56.02    -31.68     6    -1.9     360     0   0   0   0      24.524   -95.100
0574   286.7   927.9     22.26     94.1     350   299    65.89     57.43    -32.29     6    -2.1     352     0   0   0   0      24.524   -95.100
0575   287.2   928.7     22.29     94.1     342   300    67.40     58.59    -33.32     6    -2.1     344     0   0   0   3      24.523   -95.100
0576   287.7   929.6     22.33     94.0     335   300    68.81     59.45    -34.65     6    -2.0     336     0   0   0   0      24.523   -95.099
0577   288.2   930.4     22.37     94.0     327   301    70.03     60.04    -36.04     6    -1.7     329     0   0   0   0      24.523   -95.099
0578   288.7   931.1     22.41     93.9     320   302    71.01     60.50    -37.18     6    -1.4     322     0   0   0   0      24.523   -95.099
0579   289.2   931.9     22.44     93.8     313   302    71.73     60.99    -37.75     6    -1.0     315     0   0   0   0      24.523   -95.099
0580   289.7   932.6     22.46     93.8     307   301    72.21     61.69    -37.53     6     -.8     308     0   0   0   0      24.523   -95.098
0581   290.2   933.2     22.48     93.8     300   300    72.52     62.66    -36.50     7     -.6     302     0   0   0   0      24.522   -95.098
0582   290.7   933.9     22.49     93.9     294   299    72.71     63.84    -34.82     7     -.5     295     0   0   0   0      24.522   -95.098
0583   291.2   934.6     22.51     94.0     287   297    72.80     64.99    -32.80     5     -.4     289     0   0   0   0      24.522   -95.097
0584   291.7   935.3     22.53     94.2     281   295    72.70     65.85    -30.81     5     -.4     282     0   0   0   0      24.522   -95.097
0585   292.2   936.1     22.56     94.4     274   294    72.25     66.11    -29.15     4     -.3     276     0   0   0   0      24.522   -95.097
0586   292.7   936.8     22.60     94.5     267   293    71.35     65.61    -28.02     5     -.1     269     0   0   0   3      24.522   -95.096
0587   293.2   937.5     22.64     94.7     260   293    69.98     64.37    -27.47     5      .2     262     0   0   0   0      24.522   -95.096
0588   293.7   938.2     22.69     94.7     254   294    68.32     62.58    -27.41     4      .6     256     3   3   3   0      24.522   -95.096
0589   294.2   938.8     22.74     94.8     248   295    66.64     60.63    -27.66     4      .9     250     0   0   0   0      24.521   -95.095
0590   294.7   939.4     22.79     94.8     243   295    65.30     58.99    -28.02     4     1.3     244     0   0   0   3      24.521   -95.095
0591   295.2   940.0     22.83     94.8     237   296    64.60     58.05    -28.33     4     1.6     239     0   0   0   3      24.521   -95.095
0592   295.7   940.5     22.86     94.7     232   296    64.67     58.05    -28.51     4     1.7     234     0   0   0   0      24.521   -95.095
0593   296.2   941.1     22.89     94.6     227   296    65.51     58.95    -28.57     6     1.7     229     0   0   0   0      24.521   -95.094
0594   296.7   941.7     22.91     94.6     222   295    66.91     60.51    -28.56     6     1.5     223     0   0   0   0      24.521   -95.094
0595   297.2   942.3     22.93     94.5     216   295    68.58     62.36    -28.55     6     1.2     218     0   0   0   0      24.521   -95.094
0596   297.7   942.9     22.96     94.4     210   294    70.15     64.08    -28.53     6      .8     212     0   0   0   3      24.520   -95.093
0597   298.2   943.5     22.98     94.3     204   294    71.34     65.39    -28.51     6      .4     206     0   0   0   0      24.520   -95.093
0598   298.7   944.2     23.01     94.2     198   293    71.91     66.09    -28.34     5     -.1     199     0   0   0   0      24.520   -95.093
0599   299.2   944.9     23.04     94.1     191   293    71.84     66.21    -27.87     6     -.5     193     0   0   0   0      24.520   -95.092
0600   299.7   945.7     23.07     93.9     185   292    71.30     65.98    -27.01     6     -.9     186     0   0   0   0      24.520   -95.092
0601   300.2   946.4     23.10     93.8     178   291    70.57     65.68    -25.80     6    -1.1     179     0   0   0   0      24.520   -95.092
0602   300.7   947.2     23.14     93.6     171   290    69.90     65.50    -24.39     7    -1.3     172     0   0   0   0      24.520   -95.091
0603   301.2   947.9     23.17     93.6     163   289    69.42     65.48    -23.06     7    -1.3     165     0   0   0   0      24.520   -95.091
0604   301.7   948.7     23.22     93.6     156   289    69.08     65.46    -22.08     7    -1.3     158     0   0   0   0      24.520   -95.091
0605   302.2   949.5     23.27     93.7     149   288    68.72     65.23    -21.63     7    -1.1     151     0   0   0   0      24.519   -95.090
0606   302.7   950.2     23.33     94.0     142   289    68.20     64.64    -21.75     7     -.9     144     0   0   0   0      24.519   -95.090
0607   303.2   951.0     23.40     94.3     135   289    67.48     63.67    -22.34     7     -.6     137     0   0   0   0      24.519   -95.090
0608   303.7   951.7     23.46     94.6     129   290    66.57     62.41    -23.19     5     -.4     130     0   0   0   0      24.519   -95.089
0609   304.2   952.4     23.53     94.8     123   291    65.61     61.06    -23.99     6     -.2     124     0   0   0   3      24.519   -95.089
0610   304.7   953.0     23.60     94.9     116   292    64.74     59.95    -24.43     6     -.2     118     0   0   0   0      24.519   -95.089
0611   305.2   953.7     23.66     94.8     110   292    64.07     59.29    -24.30     6     -.3     112     0   0   0   0      24.519   -95.089
0612   305.7   954.4     23.72     94.6     104   292    63.66     59.13    -23.58     6     -.6     106     0   0   0   0      24.519   -95.088
0613   306.2   955.1     23.77     94.2      98   291    63.46     59.39    -22.36     6    -1.0      99     0   0   0   0      24.519   -95.088
0614   306.7   955.8     23.81     93.7      91   289    63.36     59.83    -20.84     6    -1.5      92     0   0   0   3      24.519   -95.088
0615   307.2   956.6     23.86     93.2      83   288    63.27     60.30    -19.17     5    -2.0      85     0   0   0   0      24.518   -95.087
0616   307.7   957.4     23.91     92.9      76   286    63.28     60.83    -17.43     6    -2.6      77     0   0   0   0      24.518   -95.087
0617   308.2   958.3     23.96     92.7      68   284    63.41     61.51    -15.38     6    -3.1      70     0   0   0   0      24.518   -95.087
0618   308.7   959.2     24.03     92.8      60   282    63.63     62.24    -13.23     6    -3.6      62     0   0   0   3      24.518   -95.087
0619   309.2   960.1     24.10     93.1      52   280    63.73     62.77    -11.04     6    -3.6      53     0   0   0   0      24.518   -95.086
0620   309.7   961.0     24.19     93.8      43   278    63.34     62.66     -9.29     6    -4.6      45     0   0   0   0      24.518   -95.086
0621   310.2   961.9     24.29     94.7      35   278    62.38     61.71     -9.14     6    -4.8      37     0   0   0   0      24.518   -95.086
0622   310.7   962.9     24.43     95.6      26  -999  -999.00   -999.00   -999.00  -999    -5.0      28     0   0   0   0      24.518   -95.085
0623   311.2   963.7     24.64     96.5      19  -999  -999.00   -999.00   -999.00  -999    -5.3      20     0   0   0   0      24.518   -95.085
0624   311.7   964.9     24.85     96.5       7  -999  -999.00   -999.00   -999.00  -999    -5.5       9     0   0   0   0      24.518   -95.085
