 ===========================================================================
 DROPWINDSONDE PROCESSING RECORD                            Sonde: 984728057
 PDS file written Jul 20, 2004.                             Format:    V5.06
 Aircraft: AFRES C-130                       Date: 990913   Time: 192519 UTC
 ---------------------------------------------------------------------------
 Bias corrections:  PR =    .0 mb  TE =    .0 C  RH =    .0 %  PRB =   .0 mb
 Filters (LPF):     PTH =   5 s    WIND =   5 s       Hyd anchor =       SFC
 Dyn RH correction =  N     WSHR COR =      Y         Splash PR  =  941.9 mb
 Estimated PR used =  N     GPS VERR =    .65 m/s     HYD SFCP   =  942.1 mb
 Dyn T correction  =  Y     WGACORR  =   -4.5 m       AC GA ADJ  =     .0 m
 ---------------------------------------------------------------------------
 COMMENTS: removed fl td, rh2 after 170s, changed end of drop          
 ===========================================================================

 ==============================================================================
 Date: 990913   Lat:  24.35 N   TA:   14.5 C   PS:  699.0 mb   WD:   143 deg
 Time: 192519   Lon:  72.97 W   TD: -999.0 C   GA:   2587 m    WS:  67.0 m/s
 SID:  984728057                RH: -999.0 %   Navaid:   GP          
 ===========================================================================

IX      t (s)  P (mb)    T (C)    RH (%)  Z (m)   WD    WS (m/s)   U (m/s)   V (m/s)  NS  WZ (m/s)  ZW (m)   FP  FT  FH  FW   LAT (N)    LON (E)  ZW (ft)  WS (kt)  WS (mph)  THETAE (K)
0001      .3   699.7     14.54   -999.0    2586   143    66.99    -40.40     53.43  -999  -999.0    2581     3   3   0   3    24.3502   -72.9702     8469   129.96    150.05     -999.00
0002      .8   700.3     14.59   -999.0    2578   142    66.94    -40.75     53.11  -999  -999.0    2573     3   3   0   3    24.3505   -72.9704     8443   129.87    149.95     -999.00
0003     1.3   701.0     14.64   -999.0    2570   142    66.93    -40.84     53.03  -999  -999.0    2565     3   3   0   3    24.3507   -72.9706     8416   129.85    149.93     -999.00
0004     1.8   701.6     14.68   -999.0    2562   142    66.92    -40.92     52.96  -999  -999.0    2557     3   3   0   3    24.3510   -72.9708     8390   129.83    149.91     -999.00
0005     2.3   702.3     14.73   -999.0    2554   142    66.91    -41.00     52.88  -999  -999.0    2549     3   3   0   3    24.3512   -72.9710     8364   129.81    149.88     -999.00
0006     2.8   703.0     14.77   -999.0    2546   142    66.90    -41.08     52.80  -999  -999.0    2541     3   3   0   3    24.3514   -72.9712     8338   129.79    149.86     -999.00
0007     3.3   703.6     14.82   -999.0    2538   142    66.89    -41.16     52.73  -999  -999.0    2533     3   3   0   3    24.3517   -72.9714     8312   129.77    149.84     -999.00
0008     3.8   704.3     14.86   -999.0    2530   142    66.88    -41.25     52.65  -999  -999.0    2525     3   3   0   3    24.3519   -72.9716     8285   129.75    149.82     -999.00
0009     4.3   705.0     14.91   -999.0    2522   142    66.87    -41.33     52.58  -999  -999.0    2517     3   3   0   3    24.3521   -72.9718     8259   129.74    149.80     -999.00
0010     4.8   705.6     14.96   -999.0    2514   142    66.87    -41.41     52.50  -999  -999.0    2509     3   3   0   3    24.3524   -72.9720     8233   129.72    149.78     -999.00
0011     5.3   706.3     15.00   -999.0    2506   142    66.86    -41.49     52.42  -999  -999.0    2501     3   3   0   3    24.3526   -72.9722     8207   129.70    149.76     -999.00
0012     5.8   706.9     15.05   -999.0    2498   142    66.85    -41.57     52.35  -999  -999.0    2494     3   3   0   3    24.3529   -72.9724     8181   129.68    149.74     -999.00
0013     6.3   707.6     15.09   -999.0    2490   141    66.84    -41.66     52.27  -999  -999.0    2486     3   3   0   3    24.3531   -72.9726     8155   129.67    149.72     -999.00
0014     6.8   708.3     15.14   -999.0    2482   141    66.83    -41.74     52.20  -999  -999.0    2478     3   3   0   3    24.3533   -72.9728     8129   129.65    149.70     -999.00
0015     7.3   708.9     15.18   -999.0    2474   141    66.82    -41.82     52.12  -999  -999.0    2470     3   3   0   3    24.3536   -72.9731     8103   129.64    149.68     -999.00
0016     7.8   709.6     15.23   -999.0    2466   141    66.81    -41.90     52.04  -999  -999.0    2462     3   3   0   3    24.3538   -72.9733     8077   129.62    149.67     -999.00
0017     8.3   710.3     15.28   -999.0    2458   141    66.81    -41.98     51.97  -999  -999.0    2454     3   3   0   3    24.3540   -72.9735     8051   129.61    149.65     -999.00
0018     8.8   710.9     15.32   -999.0    2450   141    66.80    -42.07     51.89  -999  -999.0    2446     3   3   0   3    24.3543   -72.9737     8025   129.59    149.63     -999.00
0019     9.3   711.6     15.37   -999.0    2443   141    66.79    -42.15     51.81  -999  -999.0    2438     3   3   0   3    24.3545   -72.9739     7999   129.58    149.62     -999.00
0020     9.8   712.2     15.42   -999.0    2435   141    66.78    -42.23     51.73  -999  -999.0    2430     3   3   0   3    24.3547   -72.9741     7973   129.56    149.60     -999.00
0021    10.3   712.9     15.46   -999.0    2427   141    66.77    -42.31     51.66  -999  -999.0    2422     3   3   0   3    24.3550   -72.9743     7947   129.54    149.57     -999.00
0022    10.8   713.6     15.51   -999.0    2419   141    66.76    -42.38     51.58  -999  -999.0    2414     3   3   0   3    24.3552   -72.9745     7921   129.51    149.54     -999.00
0023    11.3   714.2     15.56     79.0    2411   141    66.75    -42.44     51.51  -999  -999.0    2406     3   3   0   3    24.3554   -72.9747     7895   129.49    149.51      357.33
0024    11.8   714.9     15.60     78.8    2403   140    66.74    -42.53     51.44  -999  -999.0    2399     3   3   0   3    24.3557   -72.9749     7869   129.48    149.51      357.24
0025    12.3   715.5     15.65     78.5    2395   140    66.75    -42.63     51.37  -999  -999.0    2391     3   3   0   3    24.3559   -72.9751     7844   129.50    149.52      357.17
0026    12.8   716.2     15.70     78.3    2387   140    66.76    -42.75     51.28  -999  -999.0    2383     3   3   0   3    24.3561   -72.9753     7818   129.52    149.55      357.11
0027    13.3   716.9     15.75     78.0    2380   140    66.78    -42.87     51.20  -999  -999.0    2375     3   3   0   3    24.3564   -72.9755     7792   129.55    149.58      357.02
0028    13.8   717.5     15.80     77.8    2372   140    66.78    -42.98     51.12  -999  -999.0    2367     3   3   0   3    24.3566   -72.9758     7766   129.56    149.59      356.94
0029    14.3   718.2     15.85     77.5    2364   140    66.76    -43.04     51.04  -999  -999.0    2359     3   3   0   3    24.3568   -72.9760     7740   129.52    149.55      356.86
0030    14.8   718.9     15.91     77.1    2356   140    66.71    -43.04     50.97  -999  -999.0    2351     3   3   0   3    24.3571   -72.9762     7714   129.42    149.44      356.76
0031    15.3   719.5     15.96     76.8    2348   140    66.63    -42.99     50.91  -999  -999.0    2343     0   0   0   3    24.3573   -72.9764     7687   129.27    149.26      356.69
0032    15.8   720.2     16.02     76.7    2340   140    66.53    -42.87     50.87     4    -1.7    2335     0   0   0   0    24.3575   -72.9766     7661   129.06    149.02      356.67
0033    16.3   720.9     16.07     76.6    2332   140    66.41    -42.71     50.85     4    -1.7    2327     0   0   0   0    24.3577   -72.9768     7635   128.84    148.76      356.72
0034    16.8   721.6     16.12     76.8    2324   140    66.30    -42.52     50.87     4    -1.7    2319     0   0   0   0    24.3580   -72.9770     7608   128.63    148.52      356.85
0035    17.3   722.3     16.17     77.0    2315   140    66.22    -42.32     50.93     4    -1.7    2311     0   0   0   0    24.3582   -72.9772     7582   128.47    148.34      357.04
0036    17.8   722.9     16.22     77.3    2307   140    66.19    -42.13     51.04     4    -1.7    2303     0   0   0   0    24.3584   -72.9774     7556   128.40    148.26      357.25
0037    18.3   723.6     16.27     77.6    2299   141    66.20    -41.96     51.21     4    -1.7    2295     0   0   0   0    24.3587   -72.9777     7529   128.43    148.30      357.44
0038    18.8   724.3     16.31     77.8    2291   141    66.27    -41.82     51.41     4    -1.6    2287     0   0   0   0    24.3589   -72.9779     7503   128.57    148.45      357.59
0039    19.3   725.0     16.36     77.9    2284   141    66.38    -41.70     51.64     4    -1.6    2279     0   0   0   0    24.3591   -72.9781     7477   128.77    148.68      357.67
0040    19.8   725.7     16.42     77.8    2276   141    66.50    -41.63     51.86     4    -1.6    2271     0   0   0   0    24.3594   -72.9783     7451   129.01    148.96      357.69
0041    20.3   726.3     16.47     77.5    2268   141    66.62    -41.60     52.03     4    -1.6    2263     0   0   0   0    24.3596   -72.9785     7425   129.24    149.23      357.66
0042    20.8   727.0     16.53     77.2    2260   141    66.71    -41.62     52.14     4    -1.6    2255     0   0   0   0    24.3598   -72.9787     7399   129.42    149.44      357.59
0043    21.3   727.7     16.60     76.8    2252   141    66.77    -41.68     52.16     4    -1.6    2247     0   0   0   0    24.3601   -72.9789     7373   129.53    149.57      357.48
0044    21.8   728.3     16.66     76.2    2244   141    66.79    -41.78     52.11     4    -1.6    2239     0   0   0   0    24.3603   -72.9791     7347   129.57    149.61      357.32
0045    22.3   729.0     16.73     75.6    2236   141    66.79    -41.91     52.00     4    -1.7    2231     0   0   0   0    24.3605   -72.9793     7321   129.56    149.60      357.11
0046    22.8   729.7     16.80     74.9    2228   141    66.77    -42.06     51.86     4    -1.7    2223     0   0   0   0    24.3608   -72.9795     7295   129.54    149.57      356.86
0047    23.3   730.4     16.86     74.2    2220   141    66.77    -42.21     51.74     4    -1.7    2215     0   0   0   0    24.3610   -72.9797     7269   129.53    149.56      356.62
0048    23.8   731.1     16.93     73.7    2212   141    66.79    -42.35     51.65     4    -1.7    2207     0   0   0   0    24.3612   -72.9799     7242   129.58    149.61      356.43
0049    24.3   731.8     16.98     73.4    2204   141    66.85    -42.49     51.61     4    -1.7    2200     0   0   0   0    24.3615   -72.9801     7216   129.69    149.74      356.33
0050    24.8   732.4     17.03     73.3    2196   140    66.93    -42.63     51.60     4    -1.7    2192     0   0   0   0    24.3617   -72.9803     7190   129.85    149.93      356.36
0051    25.3   733.1     17.08     73.5    2188   140    67.03    -42.80     51.60     4    -1.7    2184     0   0   0   0    24.3619   -72.9806     7164   130.05    150.16      356.51
0052    25.8   733.8     17.12     74.0    2180   140    67.13    -42.99     51.56     4    -1.7    2176     0   0   0   0    24.3622   -72.9808     7138   130.23    150.37      356.77
0053    26.3   734.5     17.16     74.5    2172   140    67.20    -43.22     51.46     4    -1.7    2168     0   0   0   0    24.3624   -72.9810     7112   130.37    150.54      357.08
0054    26.8   735.1     17.20     74.9    2164   140    67.24    -43.50     51.28     4    -1.7    2160     0   0   0   0    24.3626   -72.9812     7086   130.45    150.62      357.35
0055    27.3   735.8     17.25     75.2    2156   139    67.24    -43.79     51.02     4    -1.7    2152     0   0   0   0    24.3629   -72.9814     7060   130.44    150.61      357.53
0056    27.8   736.5     17.31     75.1    2148   139    67.20    -44.08     50.72     4    -1.8    2144     0   0   0   0    24.3631   -72.9816     7034   130.37    150.53      357.57
0057    28.3   737.2     17.36     74.8    2140   139    67.13    -44.34     50.41     4    -1.8    2136     0   0   0   0    24.3633   -72.9818     7008   130.24    150.38      357.47
0058    28.8   737.9     17.42     74.2    2132   138    67.06    -44.54     50.13     4    -1.9    2128     0   0   0   0    24.3635   -72.9821     6981   130.10    150.22      357.25
0059    29.3   738.6     17.47     73.6    2124   138    66.99    -44.67     49.93     4    -1.9    2120     0   0   0   0    24.3638   -72.9823     6955   129.97    150.07      356.97
0060    29.8   739.3     17.52     73.0    2116   138    66.95    -44.73     49.82     4    -1.9    2112     0   0   0   0    24.3640   -72.9825     6928   129.88    149.96      356.70
0061    30.3   740.0     17.57     72.6    2108   138    66.93    -44.73     49.79     4    -1.8    2104     0   0   0   0    24.3642   -72.9827     6902   129.85    149.93      356.50
0062    30.8   740.7     17.60     72.3    2100   138    66.95    -44.71     49.84     4    -1.8    2096     0   0   0   0    24.3644   -72.9829     6876   129.88    149.97      356.38
0063    31.3   741.4     17.63     72.3    2092   138    66.99    -44.68     49.92     4    -1.8    2088     0   0   0   0    24.3647   -72.9832     6849   129.96    150.06      356.34
0064    31.8   742.0     17.66     72.4    2084   138    67.05    -44.68     50.00     4    -1.8    2080     0   0   0   0    24.3649   -72.9834     6823   130.08    150.19      356.35
0065    32.3   742.7     17.68     72.5    2076   138    67.11    -44.71     50.05     4    -1.7    2072     0   0   0   0    24.3651   -72.9836     6797   130.20    150.34      356.37
0066    32.8   743.4     17.70     72.6    2068   138    67.17    -44.79     50.06     4    -1.7    2064     0   0   0   0    24.3653   -72.9838     6771   130.31    150.46      356.36
0067    33.3   744.1     17.72     72.6    2060   138    67.21    -44.89     50.01     4    -1.7    2056     0   0   0   0    24.3656   -72.9841     6745   130.38    150.54      356.31
0068    33.8   744.8     17.75     72.5    2053   138    67.22    -45.02     49.92     4    -1.7    2048     0   0   0   0    24.3658   -72.9843     6719   130.41    150.58      356.22
0069    34.3   745.5     17.77     72.4    2045   138    67.22    -45.14     49.81     4    -1.6    2040     0   0   0   0    24.3660   -72.9845     6693   130.41    150.58      356.12
0070    34.8   746.2     17.80     72.3    2037   138    67.21    -45.25     49.70     4    -1.6    2032     0   0   0   0    24.3662   -72.9847     6668   130.39    150.56      356.05
0071    35.3   746.9     17.83     72.3    2029   138    67.20    -45.34     49.61     5    -1.6    2024     0   0   0   0    24.3665   -72.9849     6642   130.38    150.54      356.04
0072    35.8   747.5     17.87     72.5    2021   138    67.21    -45.40     49.55     5    -1.5    2017     0   0   0   0    24.3667   -72.9852     6616   130.39    150.55      356.12
0073    36.3   748.2     17.90     72.8    2013   137    67.23    -45.45     49.54     5    -1.5    2009     0   0   0   0    24.3669   -72.9854     6591   130.43    150.60      356.30
0074    36.8   748.9     17.94     73.2    2006   137    67.27    -45.48     49.57     5    -1.5    2001     0   0   0   0    24.3671   -72.9856     6565   130.51    150.69      356.55
0075    37.3   749.6     17.97     73.8    1998   137    67.32    -45.51     49.61     5    -1.4    1993     0   0   0   0    24.3674   -72.9858     6540   130.60    150.80      356.86
0076    37.8   750.2     18.01     74.4    1990   137    67.37    -45.55     49.64     5    -1.4    1985     0   0   0   0    24.3676   -72.9860     6514   130.70    150.91      357.19
0077    38.3   750.9     18.04     75.0    1982   137    67.41    -45.59     49.66     5    -1.3    1978     0   0   0   0    24.3678   -72.9863     6489   130.78    151.00      357.52
0078    38.8   751.6     18.08     75.5    1975   137    67.43    -45.63     49.64     5    -1.2    1970     0   0   0   0    24.3680   -72.9865     6463   130.82    151.05      357.82
0079    39.3   752.3     18.11     76.0    1967   137    67.43    -45.68     49.60     5    -1.1    1962     0   0   0   0    24.3683   -72.9867     6438   130.82    151.05      358.08
0080    39.8   752.9     18.14     76.4    1959   137    67.42    -45.72     49.54     5    -1.0    1955     0   0   0   0    24.3685   -72.9869     6413   130.79    151.02      358.28
0081    40.3   753.6     18.16     76.7    1952   137    67.40    -45.76     49.49     5     -.9    1947     0   0   0   0    24.3687   -72.9872     6389   130.76    150.98      358.43
0082    40.8   754.2     18.18     77.0    1944   137    67.39    -45.77     49.45     5     -.8    1940     0   0   0   0    24.3689   -72.9874     6364   130.73    150.94      358.52
0083    41.3   754.9     18.20     77.2    1937   137    67.38    -45.77     49.45     5     -.8    1932     0   0   0   0    24.3691   -72.9876     6340   130.71    150.93      358.56
0084    41.8   755.5     18.21     77.3    1930   137    67.38    -45.75     49.46     5     -.7    1925     0   0   0   0    24.3694   -72.9879     6316   130.71    150.93      358.55
0085    42.3   756.2     18.22     77.3    1922   137    67.38    -45.72     49.49     5     -.7    1918     0   0   0   0    24.3696   -72.9881     6292   130.71    150.92      358.50
0086    42.8   756.8     18.23     77.4    1915   137    67.37    -45.68     49.52     5     -.7    1910     0   0   0   0    24.3698   -72.9883     6268   130.70    150.91      358.43
0087    43.3   757.5     18.24     77.4    1908   137    67.35    -45.63     49.54     5     -.7    1903     0   0   0   0    24.3700   -72.9885     6244   130.66    150.87      358.36
0088    43.8   758.1     18.24     77.5    1900   137    67.33    -45.59     49.54     5     -.6    1896     0   0   0   0    24.3703   -72.9888     6219   130.61    150.81      358.30
0089    44.3   758.8     18.25     77.6    1893   137    67.29    -45.55     49.54     5     -.6    1888     0   0   0   3    24.3705   -72.9890     6195   130.55    150.74      358.28
0090    44.8   759.4     18.26     77.8    1886   137    67.27    -45.52     49.53     5     -.6    1881     0   0   0   0    24.3707   -72.9892     6171   130.51    150.69      358.30
0091    45.3   760.1     18.28     78.0    1878   137    67.27    -45.50     49.55     5     -.6    1874     0   0   0   0    24.3709   -72.9894     6147   130.50    150.68      358.35
0092    45.8   760.7     18.29     78.3    1871   137    67.29    -45.49     49.58     5     -.6    1866     0   0   0   0    24.3712   -72.9896     6124   130.53    150.72      358.42
0093    46.3   761.3     18.31     78.5    1864   138    67.32    -45.48     49.63     5     -.7    1859     0   0   0   0    24.3714   -72.9899     6100   130.59    150.79      358.50
0094    46.8   762.0     18.33     78.7    1856   138    67.34    -45.47     49.68     5     -.7    1852     0   0   0   0    24.3716   -72.9901     6076   130.65    150.85      358.55
0095    47.3   762.6     18.35     78.8    1849   138    67.35    -45.46     49.69     5     -.7    1845     0   0   0   0    24.3718   -72.9903     6052   130.66    150.87      358.57
0096    47.8   763.3     18.38     78.8    1842   138    67.32    -45.46     49.66     5     -.8    1837     0   0   0   0    24.3721   -72.9905     6027   130.61    150.81      358.54
0097    48.3   764.0     18.40     78.7    1834   137    67.26    -45.46     49.57     5     -.8    1830     0   0   0   0    24.3723   -72.9908     6003   130.48    150.66      358.47
0098    48.8   764.6     18.43     78.5    1827   137    67.17    -45.49     49.42     5     -.9    1822     0   0   0   0    24.3725   -72.9910     5979   130.30    150.45      358.36
0099    49.3   765.3     18.47     78.3    1819   137    67.06    -45.53     49.24     5     -.9    1815     0   0   0   0    24.3727   -72.9912     5954   130.11    150.22      358.24
0100    49.8   765.9     18.50     78.1    1812   137    66.98    -45.59     49.07     5     -.8    1807     0   0   0   0    24.3729   -72.9914     5930   129.95    150.04      358.13
0101    50.3   766.6     18.54     77.9    1805   137    66.94    -45.66     48.95     5     -.8    1800     0   0   0   0    24.3732   -72.9916     5905   129.86    149.95      358.06
0102    50.8   767.3     18.57     77.9    1797   137    66.95    -45.73     48.90     5     -.8    1793     0   0   0   0    24.3734   -72.9919     5881   129.88    149.96      358.03
0103    51.3   767.9     18.60     77.9    1790   137    66.99    -45.78     48.91     5     -.7    1785     0   0   0   0    24.3736   -72.9921     5857   129.97    150.07      358.05
0104    51.8   768.6     18.62     78.1    1782   137    67.07    -45.81     48.99     5     -.6    1778     0   0   0   0    24.3738   -72.9923     5833   130.11    150.23      358.11
0105    52.3   769.2     18.64     78.3    1775   137    67.15    -45.82     49.08     5     -.6    1771     0   0   0   0    24.3741   -72.9926     5809   130.26    150.41      358.19
0106    52.8   769.9     18.64     78.7    1768   137    67.21    -45.83     49.16     5     -.5    1763     0   0   0   0    24.3743   -72.9928     5786   130.39    150.55      358.28
0107    53.3   770.5     18.64     79.0    1761   137    67.25    -45.86     49.19     5     -.5    1756     0   0   0   0    24.3745   -72.9930     5762   130.46    150.63      358.35
0108    53.8   771.1     18.63     79.4    1754   137    67.25    -45.91     49.15     5     -.4    1749     0   0   0   0    24.3747   -72.9932     5738   130.47    150.65      358.39
0109    54.3   771.8     18.62     79.7    1746   137    67.24    -45.99     49.05     5     -.4    1742     0   0   0   0    24.3749   -72.9935     5715   130.44    150.62      358.39
0110    54.8   772.4     18.61     80.0    1739   137    67.21    -46.11     48.90     5     -.4    1735     0   0   0   0    24.3752   -72.9937     5692   130.38    150.55      358.36
0111    55.3   773.1     18.60     80.2    1732   137    67.17    -46.23     48.72     5     -.3    1728     0   0   0   0    24.3754   -72.9939     5668   130.30    150.45      358.30
0112    55.8   773.7     18.60     80.3    1725   136    67.12    -46.35     48.55     5     -.3    1721     0   0   3   0    24.3756   -72.9942     5645   130.21    150.34      358.22
0113    56.3   774.3     18.60     80.4    1718   136    67.06    -46.43     48.38     5     -.3    1713     0   0   0   0    24.3758   -72.9944     5622   130.09    150.21      358.15
0114    56.8   775.0     18.60     80.4    1711   136    66.98    -46.46     48.24     5     -.2    1706     0   0   0   0    24.3760   -72.9946     5598   129.94    150.03      358.08
0115    57.3   775.6     18.61     80.5    1704   136    66.88    -46.45     48.12     5     -.2    1699     0   0   0   0    24.3763   -72.9948     5575   129.76    149.82      358.05
0116    57.8   776.2     18.62     80.7    1697   136    66.78    -46.41     48.01     5     -.2    1692     0   0   0   0    24.3765   -72.9951     5552   129.55    149.58      358.06
0117    58.3   776.9     18.64     80.9    1690   136    66.67    -46.37     47.91     5     -.1    1685     0   0   0   0    24.3767   -72.9953     5529   129.34    149.34      358.12
0118    58.8   777.5     18.65     81.2    1683   136    66.58    -46.34     47.80     5      .0    1678     0   0   0   0    24.3769   -72.9955     5506   129.16    149.13      358.22
0119    59.3   778.1     18.66     81.6    1676   136    66.52    -46.35     47.71     5      .0    1671     0   0   0   0    24.3771   -72.9958     5484   129.04    148.99      358.36
0120    59.8   778.8     18.67     82.1    1669   136    66.49    -46.40     47.63     5      .1    1665     0   0   0   0    24.3773   -72.9960     5461   128.99    148.94      358.52
0121    60.3   779.4     18.67     82.5    1662   136    66.50    -46.48     47.56     5      .2    1658     0   0   0   0    24.3775   -72.9962     5439   129.01    148.96      358.68
0122    60.8   780.0     18.68     82.9    1655   136    66.54    -46.58     47.52     5      .2    1651     0   0   0   0    24.3778   -72.9964     5416   129.08    149.05      358.82
0123    61.3   780.6     18.68     83.3    1649   135    66.58    -46.67     47.49     5      .3    1644     0   0   0   0    24.3780   -72.9967     5394   129.17    149.15      358.93
0124    61.8   781.2     18.69     83.7    1642   135    66.63    -46.74     47.48     5      .3    1637     0   0   0   0    24.3782   -72.9969     5372   129.25    149.24      359.01
0125    62.3   781.8     18.69     83.9    1635   135    66.65    -46.79     47.46     5      .3    1631     0   0   0   0    24.3784   -72.9971     5350   129.30    149.30      359.06
0126    62.8   782.4     18.70     84.2    1628   135    66.66    -46.82     47.45     5      .3    1624     0   0   0   0    24.3786   -72.9974     5328   129.32    149.32      359.09
0127    63.3   783.0     18.70     84.4    1622   135    66.65    -46.83     47.42     5      .3    1617     0   0   0   0    24.3788   -72.9976     5306   129.30    149.30      359.10
0128    63.8   783.7     18.71     84.5    1615   135    66.63    -46.85     47.38     5      .3    1610     0   0   0   0    24.3790   -72.9978     5284   129.26    149.25      359.12
0129    64.3   784.3     18.72     84.8    1608   135    66.61    -46.86     47.34     5      .2    1604     0   0   0   0    24.3793   -72.9980     5261   129.22    149.20      359.16
0130    64.8   784.9     18.73     85.0    1601   135    66.59    -46.88     47.29     5      .2    1597     0   0   0   0    24.3795   -72.9983     5239   129.18    149.16      359.21
0131    65.3   785.5     18.74     85.3    1595   135    66.58    -46.91     47.25     5      .2    1590     0   0   0   0    24.3797   -72.9985     5217   129.16    149.13      359.29
0132    65.8   786.1     18.74     85.7    1588   135    66.57    -46.93     47.22     5      .2    1583     0   0   0   0    24.3799   -72.9987     5194   129.15    149.12      359.39
0133    66.3   786.8     18.75     86.1    1581   135    66.58    -46.94     47.22     5      .2    1576     0   0   0   0    24.3801   -72.9990     5172   129.17    149.15      359.51
0134    66.8   787.4     18.74     86.6    1574   135    66.61    -46.95     47.25     5      .3    1569     0   0   0   0    24.3803   -72.9992     5149   129.23    149.21      359.63
0135    67.3   788.0     18.73     87.1    1567   135    66.67    -46.95     47.33     5      .4    1563     0   0   0   0    24.3805   -72.9994     5127   129.33    149.33      359.75
0136    67.8   788.6     18.72     87.5    1561   135    66.75    -46.95     47.45     5      .5    1556     0   0   0   3    24.3808   -72.9996     5105   129.50    149.52      359.85
0137    68.3   789.2     18.71     88.0    1554   135    66.86    -46.96     47.60     5      .5    1549     0   0   0   3    24.3810   -72.9999     5084   129.72    149.78      359.91
0138    68.8   789.8     18.69     88.4    1547   135    67.00    -46.97     47.78     5      .6    1543     0   0   0   0    24.3812   -73.0001     5062   129.98    150.08      359.94
0139    69.3   790.4     18.68     88.7    1541   136    67.14    -46.98     47.97     5      .6    1536     0   0   0   0    24.3814   -73.0003     5041   130.26    150.40      359.94
0140    69.8   791.0     18.68     88.9    1534   136    67.28    -46.99     48.15     5      .6    1530     0   0   0   3    24.3816   -73.0006     5020   130.52    150.70      359.91
0141    70.3   791.6     18.68     89.0    1528   136    67.38    -46.97     48.30     5      .6    1523     0   0   0   3    24.3818   -73.0008     4998   130.71    150.92      359.88
0142    70.8   792.2     18.69     89.1    1521   136    67.42    -46.93     48.41     5      .6    1517     0   0   0   0    24.3821   -73.0010     4977   130.80    151.03      359.85
0143    71.3   792.8     18.71     89.1    1515   136    67.41    -46.85     48.46     5      .6    1510     0   0   0   3    24.3823   -73.0013     4955   130.77    150.99      359.83
0144    71.8   793.4     18.74     89.1    1508   136    67.33    -46.75     48.45     5      .6    1504     0   0   0   0    24.3825   -73.0015     4933   130.61    150.81      359.81
0145    72.3   794.0     18.77     89.0    1502   136    67.19    -46.62     48.39     5      .6    1497     0   0   0   0    24.3827   -73.0017     4912   130.36    150.52      359.81
0146    72.8   794.6     18.81     88.9    1495   136    67.03    -46.50     48.27     5      .7    1490     0   0   0   0    24.3829   -73.0019     4890   130.04    150.15      359.80
0147    73.3   795.2     18.85     88.8    1488   136    66.86    -46.41     48.13     5      .7    1484     0   0   0   3    24.3831   -73.0022     4868   129.70    149.76      359.78
0148    73.8   795.8     18.89     88.6    1482   136    66.70    -46.35     47.97     5      .8    1477     0   0   0   0    24.3834   -73.0024     4847   129.40    149.42      359.77
0149    74.3   796.4     18.94     88.5    1476   136    66.59    -46.35     47.81     5      .9    1471     0   0   0   0    24.3836   -73.0026     4826   129.18    149.16      359.74
0150    74.8   797.0     18.97     88.3    1469   136    66.52    -46.41     47.65     5     1.0    1465     0   0   0   0    24.3838   -73.0029     4806   129.04    149.00      359.73
0151    75.3   797.6     19.00     88.3    1463   136    66.49    -46.52     47.51     5     1.0    1458     0   0   0   0    24.3840   -73.0031     4785   128.99    148.94      359.72
0152    75.8   798.2     19.03     88.3    1457   135    66.49    -46.65     47.38     5     1.0    1452     0   0   0   0    24.3842   -73.0033     4764   129.00    148.95      359.72
0153    76.3   798.7     19.05     88.4    1450   135    66.51    -46.79     47.26     5     1.0    1446     0   0   0   0    24.3844   -73.0035     4744   129.03    148.98      359.72
0154    76.8   799.3     19.06     88.5    1444   135    66.52    -46.90     47.17     5      .9    1440     0   0   0   0    24.3846   -73.0038     4723   129.05    149.00      359.72
0155    77.3   799.9     19.08     88.5    1438   135    66.51    -46.96     47.10     5      .9    1433     0   0   0   0    24.3849   -73.0040     4702   129.03    148.98      359.72
0156    77.8   800.5     19.09     88.6    1431   135    66.48    -46.94     47.07     5      .9    1427     0   0   0   0    24.3851   -73.0042     4681   128.96    148.90      359.71
0157    78.3   801.1     19.12     88.6    1425   135    66.42    -46.84     47.09     5      .9    1420     0   0   0   0    24.3853   -73.0045     4659   128.85    148.78      359.70
0158    78.8   801.7     19.15     88.6    1418   135    66.35    -46.68     47.16     5      .9    1414     0   0   0   0    24.3855   -73.0047     4638   128.73    148.63      359.73
0159    79.3   802.3     19.18     88.7    1412   135    66.30    -46.49     47.27     5      .9    1407     0   0   0   0    24.3857   -73.0049     4617   128.62    148.51      359.81
0160    79.8   802.9     19.22     88.9    1406   136    66.28    -46.30     47.43     5      .9    1401     0   0   0   0    24.3859   -73.0051     4597   128.58    148.47      359.95
0161    80.3   803.5     19.26     89.2    1399   136    66.31    -46.15     47.61     5      .9    1395     0   0   0   0    24.3861   -73.0054     4576   128.64    148.53      360.17
0162    80.8   804.1     19.30     89.6    1393   136    66.40    -46.08     47.80     5      .9    1388     0   0   0   0    24.3864   -73.0056     4555   128.81    148.73      360.46
0163    81.3   804.7     19.33     90.1    1387   136    66.53    -46.10     47.97     5      .9    1382     0   0   0   0    24.3866   -73.0058     4534   129.07    149.03      360.78
0164    81.8   805.3     19.37     90.6    1380   136    66.70    -46.20     48.11     5      .9    1376     0   0   0   0    24.3868   -73.0061     4513   129.41    149.42      361.10
0165    82.3   805.9     19.39     91.1    1374   136    66.89    -46.37     48.21     5      .8    1369     0   0   0   3    24.3870   -73.0063     4492   129.76    149.83      361.38
0166    82.8   806.5     19.42     91.5    1367   136    67.06    -46.57     48.25     5      .8    1363     0   0   0   0    24.3872   -73.0065     4471   130.09    150.21      361.60
0167    83.3   807.1     19.44     91.8    1361   136    67.18    -46.75     48.25     5      .8    1356     0   0   0   0    24.3874   -73.0067     4450   130.34    150.49      361.74
0168    83.8   807.7     19.47     91.9    1354   136    67.25    -46.89     48.20     6      .8    1350     0   0   0   0    24.3877   -73.0070     4429   130.46    150.64      361.81
0169    84.3   808.3     19.49     92.0    1348   136    67.25    -46.97     48.13     6      .9    1344     0   0   0   0    24.3879   -73.0072     4408   130.46    150.63      361.84
0170    84.8   808.9     19.52     91.9    1342   136    67.18    -46.97     48.03     6      .9    1337     0   0   0   0    24.3881   -73.0074     4387   130.32    150.48      361.84
0171    85.3   809.4     19.55     91.9    1335   136    67.05    -46.92     47.90     6      .9    1331     0   0   0   0    24.3883   -73.0077     4366   130.08    150.20      361.84
0172    85.8   810.0     19.59     91.9    1329   136    66.89    -46.83     47.76     6      .9    1325     0   0   0   0    24.3885   -73.0079     4346   129.77    149.84      361.86
0173    86.3   810.6     19.62     91.9    1323   136    66.70    -46.75     47.58     6      .9    1318     0   0   0   0    24.3887   -73.0081     4325   129.41    149.42      361.91
0174    86.8   811.2     19.66     91.9    1316   135    66.51    -46.69     47.37     6      .9    1312     0   0   0   0    24.3890   -73.0083     4304   129.03    148.98      361.98
0175    87.3   811.8     19.69     92.0    1310   135    66.31    -46.67     47.10     6      .8    1306     0   0   0   3    24.3892   -73.0086     4283   128.65    148.54      362.06
0176    87.8   812.4     19.73     92.1    1304   135    66.12    -46.71     46.80     6      .8    1299     0   0   0   0    24.3894   -73.0088     4262   128.27    148.11      362.15
0177    88.3   813.0     19.76     92.2    1297   135    65.93    -46.78     46.46     6      .8    1293     0   0   0   0    24.3896   -73.0090     4241   127.90    147.68      362.24
0178    88.8   813.6     19.79     92.3    1291   135    65.74    -46.87     46.10     6      .7    1286     0   0   0   0    24.3898   -73.0093     4220   127.54    147.27      362.33
0179    89.3   814.2     19.82     92.4    1284   134    65.56    -46.95     45.76     6      .7    1280     0   0   0   0    24.3900   -73.0095     4199   127.19    146.86      362.41
0180    89.8   814.8     19.84     92.5    1278   134    65.38    -46.99     45.47     6      .7    1273     0   0   0   0    24.3902   -73.0097     4178   126.85    146.46      362.49
0181    90.3   815.4     19.87     92.7    1271   134    65.22    -46.97     45.25     6      .7    1267     0   0   0   0    24.3904   -73.0099     4157   126.53    146.09      362.57
0182    90.8   816.1     19.89     92.8    1265   134    65.08    -46.90     45.11     6      .7    1260     0   0   0   0    24.3906   -73.0102     4135   126.25    145.78      362.65
0183    91.3   816.7     19.92     93.0    1259   134    64.98    -46.80     45.07     6      .7    1254     0   0   0   0    24.3908   -73.0104     4114   126.06    145.55      362.73
0184    91.8   817.3     19.94     93.1    1252   134    64.94    -46.71     45.11     6      .7    1248     0   0   0   0    24.3910   -73.0106     4093   125.98    145.46      362.80
0185    92.3   817.9     19.97     93.3    1246   134    64.97    -46.66     45.20     6      .6    1241     0   0   0   0    24.3912   -73.0109     4072   126.04    145.53      362.88
0186    92.8   818.5     20.00     93.3    1239   134    65.06    -46.70     45.30     6      .6    1235     0   0   0   0    24.3914   -73.0111     4051   126.22    145.74      362.95
0187    93.3   819.1     20.03     93.4    1233   134    65.20    -46.83     45.37     6      .6    1228     0   0   0   0    24.3916   -73.0113     4030   126.49    146.05      363.01
0188    93.8   819.7     20.06     93.5    1226   134    65.34    -47.02     45.37     6      .5    1222     0   0   0   0    24.3918   -73.0116     4009   126.76    146.36      363.07
0189    94.3   820.3     20.09     93.5    1220   134    65.43    -47.22     45.29     6      .4    1215     0   0   0   0    24.3920   -73.0118     3987   126.93    146.55      363.13
0190    94.8   820.9     20.13     93.6    1213   134    65.40    -47.36     45.11     6      .4    1209     0   0   0   0    24.3923   -73.0120     3966   126.88    146.51      363.18
0191    95.3   821.6     20.16     93.6    1207   133    65.24    -47.37     44.86     6      .3    1202     0   0   0   3    24.3925   -73.0123     3944   126.57    146.14      363.25
0192    95.8   822.2     20.19     93.7    1200   133    64.94    -47.20     44.60     6      .3    1196     0   0   0   0    24.3927   -73.0125     3922   125.99    145.47      363.31
0193    96.3   822.8     20.23     93.8    1193   133    64.55    -46.87     44.38     6      .3    1189     0   0   0   0    24.3929   -73.0127     3900   125.22    144.58      363.40
0194    96.8   823.5     20.27     93.8    1187   134    64.14    -46.44     44.24     6      .3    1182     0   0   0   0    24.3931   -73.0129     3879   124.43    143.67      363.49
0195    97.3   824.1     20.31     93.9    1180   134    63.81    -45.99     44.23     6      .3    1176     0   0   0   0    24.3933   -73.0132     3857   123.80    142.94      363.59
0196    97.8   824.7     20.34     94.0    1173   134    63.65    -45.64     44.37     6      .4    1169     0   0   0   0    24.3935   -73.0134     3835   123.49    142.59      363.69
0197    98.3   825.3     20.38     94.0    1167   134    63.70    -45.46     44.62     6      .4    1162     0   0   0   0    24.3937   -73.0136     3814   123.58    142.69      363.78
0198    98.8   825.9     20.41     94.1    1160   135    63.95    -45.49     44.95     6      .5    1156     0   0   0   0    24.3939   -73.0138     3793   124.06    143.24      363.85
0199    99.3   826.6     20.44     94.2    1154   135    64.32    -45.68     45.28     6      .5    1150     0   0   0   0    24.3941   -73.0141     3771   124.78    144.07      363.90
0200    99.8   827.2     20.47     94.2    1148   135    64.72    -45.96     45.57     6      .5    1143     0   0   0   0    24.3943   -73.0143     3750   125.56    144.97      363.93
0201   100.3   827.8     20.49     94.3    1141   135    65.05    -46.22     45.77     6      .4    1137     0   0   0   0    24.3945   -73.0145     3729   126.19    145.71      363.96
0202   100.8   828.4     20.52     94.4    1135   135    65.22    -46.36     45.88     6      .3    1130     0   0   0   0    24.3947   -73.0148     3708   126.54    146.10      364.00
0203   101.3   829.0     20.55     94.4    1128   135    65.22    -46.34     45.90     6      .2    1124     0   0   0   0    24.3949   -73.0150     3686   126.53    146.10      364.07
0204   101.8   829.7     20.58     94.6    1121   135    65.07    -46.15     45.87     6      .1    1117     0   0   0   0    24.3951   -73.0152     3664   126.23    145.76      364.18
0205   102.3   830.3     20.63     94.7    1115   135    64.84    -45.86     45.84     6      .1    1110     0   0   0   0    24.3953   -73.0154     3642   125.79    145.24      364.32
0206   102.8   831.0     20.67     94.8    1108   135    64.62    -45.56     45.83     6      .0    1103     0   0   0   0    24.3955   -73.0157     3620   125.36    144.75      364.49
0207   103.3   831.6     20.73     94.9    1101   135    64.49    -45.34     45.87     6      .1    1096     0   0   0   0    24.3957   -73.0159     3597   125.11    144.46      364.66
0208   103.8   832.3     20.78     95.0    1094   135    64.50    -45.27     45.95     6      .1    1090     0   0   0   0    24.3959   -73.0161     3575   125.13    144.49      364.83
0209   104.3   832.9     20.82     95.0    1088   135    64.65    -45.35     46.08     6      .2    1083     0   0   0   0    24.3961   -73.0163     3554   125.42    144.81      364.95
0210   104.8   833.5     20.86     95.1    1081   135    64.89    -45.55     46.21     6      .3    1077     0   0   0   0    24.3963   -73.0165     3532   125.88    145.35      365.03
0211   105.3   834.1     20.88     95.1    1075   135    65.16    -45.79     46.35     6      .4    1070     0   0   0   0    24.3966   -73.0168     3511   126.40    145.95      365.06
0212   105.8   834.8     20.90     95.1    1068   135    65.39    -46.01     46.46     6      .4    1064     0   0   0   0    24.3968   -73.0170     3490   126.85    146.47      365.04
0213   106.3   835.4     20.92     95.2    1062   135    65.53    -46.13     46.54     6      .4    1057     0   0   0   0    24.3970   -73.0172     3469   127.13    146.79      365.01
0214   106.8   836.0     20.93     95.2    1055   135    65.57    -46.16     46.58     6      .4    1051     0   0   0   0    24.3972   -73.0175     3447   127.21    146.88      364.97
0215   107.3   836.6     20.94     95.3    1049   135    65.52    -46.09     46.56     6      .3    1044     0   0   0   0    24.3974   -73.0177     3426   127.10    146.76      364.95
0216   107.8   837.2     20.96     95.3    1042   135    65.39    -45.99     46.48     6      .3    1038     0   0   0   0    24.3976   -73.0179     3405   126.85    146.47      364.95
0217   108.3   837.9     20.99     95.4    1036   135    65.21    -45.89     46.34     6      .1    1031     0   0   0   0    24.3978   -73.0182     3383   126.52    146.08      364.99
0218   108.8   838.5     21.02     95.5    1029   135    65.03    -45.84     46.12     6      .0    1025     0   0   0   0    24.3980   -73.0184     3361   126.15    145.66      365.06
0219   109.3   839.2     21.05     95.6    1022   135    64.84    -45.86     45.84     6     -.1    1018     0   0   0   0    24.3982   -73.0186     3339   125.79    145.24      365.14
0220   109.8   839.8     21.08     95.7    1016   135    64.66    -45.93     45.50     6     -.2    1011     0   0   0   0    24.3984   -73.0188     3317   125.43    144.83      365.22
0221   110.3   840.5     21.11     95.7    1009   134    64.48    -46.05     45.14     6     -.2    1004     0   0   0   0    24.3986   -73.0191     3295   125.10    144.44      365.29
0222   110.8   841.1     21.14     95.8    1002   134    64.33    -46.18     44.79     6     -.3     997     0   0   0   0    24.3988   -73.0193     3272   124.80    144.10      365.33
0223   111.3   841.8     21.16     95.9     995   134    64.21    -46.31     44.48     6     -.3     990     0   0   0   0    24.3990   -73.0195     3249   124.57    143.83      365.33
0224   111.8   842.5     21.18     95.9     988   134    64.15    -46.44     44.25     6     -.3     984     0   0   0   0    24.3992   -73.0198     3227   124.45    143.69      365.30
0225   112.3   843.1     21.19     95.9     981   133    64.16    -46.59     44.11     6     -.2     977     0   0   0   3    24.3994   -73.0200     3204   124.46    143.71      365.23
0226   112.8   843.8     21.19     95.9     974   133    64.24    -46.76     44.05     6     -.1     970     0   0   0   0    24.3996   -73.0202     3182   124.63    143.90      365.13
0227   113.3   844.5     21.19     95.9     968   133    64.40    -46.96     44.06     6      .0     963     0   0   0   0    24.3998   -73.0204     3160   124.93    144.25      365.03
0228   113.8   845.1     21.19     96.0     961   133    64.60    -47.22     44.08     6      .1     957     0   0   0   0    24.4000   -73.0207     3138   125.33    144.71      364.93
0229   114.3   845.7     21.20     96.1     954   133    64.83    -47.54     44.07     6      .2     950     0   0   0   0    24.4002   -73.0209     3117   125.77    145.22      364.86
0230   114.8   846.4     21.21     96.1     948   133    65.04    -47.91     43.98     6      .3     943     0   0   0   0    24.4004   -73.0211     3095   126.17    145.68      364.83
0231   115.3   847.0     21.22     96.3     941   132    65.19    -48.30     43.78     6      .4     937     0   0   0   0    24.4006   -73.0214     3074   126.47    146.02      364.84
0232   115.8   847.6     21.24     96.4     935   132    65.27    -48.70     43.46     6      .4     931     0   0   0   0    24.4008   -73.0216     3053   126.62    146.20      364.88
0233   116.3   848.2     21.26     96.5     929   131    65.27    -49.05     43.06     6      .5     924     0   0   0   0    24.4010   -73.0219     3032   126.62    146.20      364.96
0234   116.8   848.9     21.29     96.6     922   131    65.20    -49.34     42.63     6      .5     918     0   0   0   0    24.4012   -73.0221     3011   126.49    146.05      365.05
0235   117.3   849.5     21.32     96.7     916   130    65.09    -49.54     42.23     6      .6     911     0   0   0   0    24.4014   -73.0224     2990   126.28    145.81      365.14
0236   117.8   850.1     21.35     96.8     909   130    65.00    -49.68     41.92     6      .6     905     0   0   0   3    24.4016   -73.0226     2969   126.10    145.60      365.22
0237   118.3   850.7     21.38     96.9     903   130    64.96    -49.79     41.72     6      .6     899     0   0   0   0    24.4018   -73.0228     2948   126.03    145.52      365.27
0238   118.8   851.4     21.41     96.9     897   130    65.02    -49.95     41.62     6      .6     892     0   0   0   0    24.4020   -73.0231     2927   126.13    145.64      365.30
0239   119.3   852.0     21.43     97.0     890   130    65.18    -50.21     41.57     6      .6     886     0   0   0   0    24.4022   -73.0233     2907   126.45    146.01      365.31
0240   119.8   852.6     21.45     97.0     884   129    65.45    -50.63     41.47     6      .7     880     0   0   0   0    24.4023   -73.0236     2886   126.98    146.61      365.31
0241   120.3   853.2     21.47     97.0     878   129    65.80    -51.24     41.29     6      .7     873     0   0   0   0    24.4025   -73.0238     2865   127.66    147.40      365.30
0242   120.8   853.8     21.48     97.1     871   128    66.20    -51.99     40.98     6      .8     867     0   0   0   0    24.4027   -73.0241     2844   128.43    148.29      365.29
0243   121.3   854.4     21.50     97.2     865   128    66.62    -52.84     40.57     6      .9     861     0   0   0   0    24.4029   -73.0244     2824   129.24    149.22      365.30
0244   121.8   855.0     21.52     97.3     859   127    67.02    -53.69     40.11     5     1.0     854     0   0   0   0    24.4031   -73.0246     2803   130.01    150.12      365.32
0245   122.3   855.6     21.54     97.3     853   126    67.37    -54.45     39.68     5     1.1     848     0   0   0   0    24.4033   -73.0249     2784   130.71    150.92      365.36
0246   122.8   856.2     21.56     97.4     847   126    67.68    -55.06     39.35     5     1.2     842     0   0   0   0    24.4034   -73.0252     2764   131.30    151.60      365.41
0247   123.3   856.8     21.59     97.5     841   125    67.92    -55.50     39.15     5     1.2     837     0   0   0   0    24.4036   -73.0254     2745   131.77    152.15      365.48
0248   123.8   857.4     21.62     97.6     835   125    68.11    -55.80     39.06     5     1.1     831     0   0   0   0    24.4038   -73.0257     2725   132.13    152.57      365.55
0249   124.3   858.0     21.65     97.6     829   125    68.24    -55.99     39.01     5     1.0     825     0   0   0   0    24.4040   -73.0260     2705   132.38    152.85      365.63
0250   124.8   858.6     21.68     97.7     823   125    68.29    -56.13     38.91     5      .8     818     0   0   0   0    24.4041   -73.0263     2685   132.49    152.98      365.69
0251   125.3   859.2     21.71     97.8     817   125    68.28    -56.26     38.68     5      .6     812     0   0   0   0    24.4043   -73.0265     2665   132.46    152.94      365.75
0252   125.8   859.8     21.73     97.8     810   124    68.19    -56.41     38.30     6      .5     806     0   0   0   0    24.4045   -73.0268     2644   132.28    152.74      365.80
0253   126.3   860.5     21.76     97.9     804   124    68.03    -56.57     37.80     6      .4     799     0   0   0   0    24.4047   -73.0271     2622   131.99    152.40      365.84
0254   126.8   861.1     21.78     98.0     797   123    67.86    -56.72     37.27     6      .3     793     0   0   0   0    24.4048   -73.0274     2601   131.65    152.01      365.87
0255   127.3   861.8     21.80     98.0     791   123    67.73    -56.85     36.81     6      .4     786     0   0   0   0    24.4050   -73.0277     2579   131.39    151.71      365.90
0256   127.8   862.4     21.83     98.1     784   123    67.68    -56.99     36.51     6      .5     780     0   0   0   3    24.4052   -73.0279     2558   131.31    151.61      365.93
0257   128.3   863.1     21.85     98.2     778   123    67.78    -57.16     36.43     6      .8     773     0   0   0   0    24.4053   -73.0282     2536   131.49    151.82      365.95
0258   128.8   863.7     21.88     98.2     771   122    68.02    -57.39     36.52     6     1.1     767     0   0   0   0    24.4055   -73.0285     2516   131.97    152.38      365.98
0259   129.3   864.3     21.90     98.3     765   122    68.40    -57.70     36.72     6     1.5     761     0   0   0   0    24.4056   -73.0288     2496   132.69    153.21      366.02
0260   129.8   864.8     21.92     98.3     760   122    68.83    -58.10     36.90     6     1.8     755     0   0   0   0    24.4058   -73.0291     2477   133.53    154.18      366.05
0261   130.3   865.4     21.94     98.4     754   122    69.23    -58.53     36.98     6     2.2     750     0   0   0   0    24.4060   -73.0294     2459   134.31    155.08      366.09
0262   130.8   865.9     21.96     98.5     749   122    69.52    -58.93     36.87     6     2.4     744     0   0   0   0    24.4061   -73.0297     2442   134.86    155.72      366.13
0263   131.3   866.4     21.98     98.6     744   122    69.60    -59.22     36.56     6     2.6     739     0   0   0   0    24.4063   -73.0299     2425   135.03    155.91      366.18
0264   131.8   866.9     21.99     98.7     739   121    69.45    -59.34     36.08     6     2.6     734     0   0   0   0    24.4065   -73.0302     2408   134.73    155.56      366.23
0265   132.3   867.4     22.01     98.7     733   121    69.07    -59.25     35.49     6     2.5     729     0   0   0   0    24.4066   -73.0305     2392   133.99    154.71      366.27
0266   132.8   867.9     22.03     98.8     728   121    68.51    -58.98     34.86     6     2.2     724     0   0   0   0    24.4068   -73.0308     2374   132.91    153.46      366.32
0267   133.3   868.5     22.05     98.9     723   120    67.88    -58.59     34.27     6     1.9     718     0   0   0   0    24.4070   -73.0311     2357   131.69    152.05      366.35
0268   133.8   869.1     22.07     99.0     717   120    67.30    -58.20     33.78     6     1.5     713     0   0   0   0    24.4071   -73.0314     2338   130.55    150.74      366.38
0269   134.3   869.6     22.09     99.0     711   120    66.87    -57.92     33.42     6     1.1     707     0   0   0   0    24.4073   -73.0317     2318   129.73    149.79      366.41
0270   134.8   870.3     22.11     99.1     705   120    66.69    -57.84     33.19     6      .7     700     0   0   0   0    24.4074   -73.0320     2298   129.37    149.38      366.43
0271   135.3   870.9     22.13     99.2     698   120    66.79    -58.01     33.09     6      .2     694     0   0   0   0    24.4076   -73.0322     2277   129.57    149.60      366.45
0272   135.8   871.6     22.15     99.3     692   120    67.15    -58.41     33.11     6     -.1     687     0   0   0   0    24.4077   -73.0325     2255   130.26    150.40      366.47
0273   136.3   872.2     22.17     99.4     685   119    67.69    -58.96     33.24     6     -.5     681     0   0   0   0    24.4079   -73.0328     2233   131.32    151.63      366.50
0274   136.8   872.9     22.20     99.4     678   119    68.31    -59.56     33.46     6     -.8     674     0   0   0   0    24.4080   -73.0331     2210   132.53    153.02      366.55
0275   137.3   873.6     22.22     99.5     671   119    68.90    -60.08     33.73     6    -1.1     667     0   0   0   3    24.4082   -73.0334     2187   133.67    154.35      366.61
0276   137.8   874.4     22.26     99.6     664   119    69.36    -60.45     34.01     6    -1.3     659     0   0   0   0    24.4083   -73.0337     2163   134.56    155.36      366.67
0277   138.3   875.1     22.29     99.7     657   119    69.61    -60.61     34.23     6    -1.6     652     0   0   0   0    24.4085   -73.0340     2139   135.05    155.93      366.75
0278   138.8   875.8     22.32     99.7     649   120    69.64    -60.59     34.33     6    -1.8     645     0   0   0   0    24.4086   -73.0343     2115   135.11    156.00      366.82
0279   139.3   876.6     22.36     99.8     642   120    69.47    -60.45     34.23     6    -2.0     637     0   0   0   0    24.4088   -73.0346     2090   134.77    155.61      366.88
0280   139.8   877.4     22.39     99.9     634   119    69.15    -60.26     33.92     6    -2.1     629     0   0   0   0    24.4089   -73.0349     2065   134.15    154.89      366.94
0281   140.3   878.1     22.42     99.9     626   119    68.78    -60.12     33.40     6    -2.2     622     0   0   0   0    24.4091   -73.0352     2040   133.43    154.06      366.98
0282   140.8   878.9     22.46     99.9     618   119    68.46    -60.13     32.72     6    -2.3     614     0   0   0   0    24.4092   -73.0355     2014   132.81    153.34      367.01
0283   141.3   879.7     22.49    100.0     611   118    68.28    -60.33     31.97     6    -2.3     606     0   0   0   0    24.4094   -73.0358     1989   132.46    152.94      367.04
0284   141.8   880.5     22.52    100.0     603   117    68.30    -60.73     31.25     6    -2.2     598     0   0   0   0    24.4095   -73.0361     1963   132.50    152.99      367.05
0285   142.3   881.2     22.55    100.0     595   117    68.54    -61.29     30.68     6    -2.1     591     0   0   0   0    24.4096   -73.0364     1938   132.97    153.53      367.05
0286   142.8   882.0     22.57    100.0     588   116    68.97    -61.94     30.33     6    -2.0     583     0   0   0   0    24.4098   -73.0367     1913   133.80    154.50      367.05
0287   143.3   882.8     22.60    100.0     580   116    69.52    -62.59     30.25     6    -1.8     576     0   0   0   0    24.4099   -73.0370     1888   134.87    155.73      367.04
0288   143.8   883.5     22.63    100.0     573   116    70.11    -63.15     30.45     6    -1.6     568     0   0   0   0    24.4101   -73.0373     1864   136.02    157.05      367.03
0289   144.3   884.2     22.65    100.0     565   116    70.66    -63.56     30.88     6    -1.5     561     0   0   0   0    24.4102   -73.0376     1840   137.08    158.28      367.02
0290   144.8   885.0     22.68    100.0     558   116    71.11    -63.77     31.47     6    -1.3     554     0   0   0   0    24.4103   -73.0379     1817   137.96    159.29      367.02
0291   145.3   885.7     22.71    100.0     551   117    71.42    -63.81     32.10     6    -1.2     547     0   0   0   0    24.4105   -73.0383     1793   138.56    159.99      367.02
0292   145.8   886.4     22.74    100.0     544   117    71.59    -63.71     32.65     6    -1.2     540     0   0   0   0    24.4106   -73.0386     1770   138.88    160.36      367.03
0293   146.3   887.1     22.77    100.0     537   117    71.62    -63.54     33.05     6    -1.2     532     0   0   0   0    24.4108   -73.0389     1747   138.95    160.44      367.05
0294   146.8   887.8     22.80    100.0     530   118    71.55    -63.35     33.25     6    -1.2     525     0   0   0   0    24.4109   -73.0392     1724   138.81    160.27      367.08
0295   147.3   888.6     22.83    100.0     523   118    71.39    -63.18     33.25     6    -1.3     518     0   0   0   0    24.4111   -73.0395     1700   138.51    159.92      367.11
0296   147.8   889.3     22.86    100.0     516   118    71.18    -63.03     33.07     6    -1.4     511     0   0   0   0    24.4112   -73.0398     1677   138.08    159.44      367.12
0297   148.3   890.0     22.89    100.0     508   118    70.90    -62.86     32.79     6    -1.5     504     0   0   0   0    24.4114   -73.0401     1653   137.54    158.81      367.13
0298   148.8   890.7     22.92    100.0     501   117    70.55    -62.64     32.45     6    -1.7     497     0   0   0   0    24.4115   -73.0404     1630   136.86    158.03      367.12
0299   149.3   891.5     22.94    100.0     494   117    70.11    -62.34     32.09     6    -2.0     489     0   0   0   0    24.4117   -73.0407     1605   136.02    157.06      367.11
0300   149.8   892.2     22.97    100.0     486   117    69.60    -61.95     31.73     6    -2.3     482     0   0   0   0    24.4118   -73.0410     1581   135.02    155.90      367.09
0301   150.3   893.0     23.00    100.0     479   117    69.03    -61.49     31.37     7    -2.6     474     0   0   0   0    24.4120   -73.0414     1556   133.92    154.63      367.08
0302   150.8   893.8     23.03    100.0     471   117    68.47    -61.04     31.03     7    -3.0     466     3   3   3   3    24.4121   -73.0416     1530   132.84    153.38      367.09
0303   151.3   894.7     23.06    100.0     463   117    68.01    -60.67     30.72     7    -3.4     458     0   0   0   0    24.4122   -73.0419     1503   131.93    152.34      367.11
0304   151.8   895.5     23.10    100.0     454   117    67.70    -60.46     30.47     7    -3.7     450     0   0   0   0    24.4124   -73.0422     1476   131.34    151.64      367.15
0305   152.3   896.4     23.14    100.0     446   117    67.58    -60.41     30.30     7    -4.0     441     0   0   0   0    24.4125   -73.0425     1448   131.11    151.38      367.19
0306   152.8   897.3     23.19    100.0     437   117    67.62    -60.50     30.22     7    -4.1     433     0   0   0   0    24.4126   -73.0428     1419   131.19    151.48      367.25
0307   153.3   898.2     23.23    100.0     428   116    67.74    -60.63     30.19     7    -4.1     424     0   0   0   0    24.4128   -73.0431     1390   131.41    151.73      367.31
0308   153.8   899.1     23.28    100.0     420   116    67.78    -60.71     30.14     7    -4.0     415     0   0   0   0    24.4129   -73.0434     1362   131.50    151.83      367.37
0309   154.3   900.0     23.32    100.0     411   116    67.63    -60.63     29.94     7    -3.8     406     0   0   0   0    24.4131   -73.0437     1333   131.19    151.48      367.42
0310   154.8   900.8     23.36    100.0     402   116    67.18    -60.36     29.49     7    -3.5     398     0   0   0   0    24.4132   -73.0440     1305   130.32    150.48      367.48
0311   155.3   901.7     23.40    100.0     394   116    66.44    -59.91     28.71     7    -3.1     390     0   0   0   0    24.4133   -73.0443     1279   128.89    148.82      367.53
0312   155.8   902.5     23.44    100.0     386   115    65.52    -59.42     27.61     7    -2.8     382     0   0   0   0    24.4134   -73.0446     1253   127.12    146.78      367.57
0313   156.3   903.3     23.48    100.0     379   114    64.64    -59.04     26.31     7    -2.5     374     0   0   0   0    24.4136   -73.0449     1228   125.41    144.80      367.61
0314   156.8   904.0     23.51    100.0     371   113    64.04    -58.95     25.03     7    -2.4     367     0   0   0   0    24.4137   -73.0452     1203   124.23    143.45      367.64
0315   157.3   904.8     23.55    100.0     364   112    63.91    -59.23     24.02     7    -2.4     359     0   0   0   0    24.4138   -73.0455     1179   123.99    143.17      367.66
0316   157.8   905.5     23.58    100.0     357   111    64.35    -59.89     23.54     7    -2.7     352     0   0   0   0    24.4139   -73.0458     1155   124.85    144.15      367.67
0317   158.3   906.3     23.60    100.0     349   111    65.28    -60.82     23.72     7    -3.1     345     0   0   0   0    24.4140   -73.0461     1130   126.65    146.24      367.67
0318   158.8   907.1     23.63    100.0     341   112    66.50    -61.82     24.51     7    -3.6     337     0   0   0   0    24.4141   -73.0464     1104   129.02    148.97      367.65
0319   159.3   908.0     23.65    100.0     333   112    67.73    -62.66     25.72     7    -4.2     328     0   0   0   0    24.4142   -73.0467     1077   131.40    151.72      367.62
0320   159.8   908.9     23.68    100.0     324   113    68.69    -63.16     27.01     7    -4.6     319     0   0   0   0    24.4143   -73.0470     1048   133.26    153.87      367.59
0321   160.3   909.9     23.71    100.0     315   114    69.20    -63.27     28.02     7    -5.0     310     0   0   0   0    24.4145   -73.0473     1017   134.25    155.01      367.56
0322   160.8   910.8     23.75    100.0     305   114    69.21    -63.07     28.49     7    -5.1     301     0   0   0   0    24.4146   -73.0476      986   134.27    155.03      367.56
0323   161.3   911.8     23.79    100.0     296   114    68.83    -62.74     28.31     7    -5.1     291     0   0   0   0    24.4147   -73.0479      955   133.54    154.19      367.55
0324   161.8   912.8     23.83     99.9     286   114    68.32    -62.51     27.56     7    -4.8     282     0   0   0   0    24.4148   -73.0482      925   132.54    153.03      367.54
0325   162.3   913.7     23.87     99.8     277   113    67.94    -62.56     26.49     7    -4.4     273     0   0   0   0    24.4150   -73.0486      895   131.81    152.19      367.55
0326   162.8   914.6     23.91     99.8     269   112    67.89    -62.96     25.40     7    -4.0     264     0   0   0   0    24.4151   -73.0489      868   131.70    152.07      367.56
0327   163.3   915.4     23.95     99.7     261   111    68.17    -63.61     24.51     7    -3.7     256     0   0   0   0    24.4152   -73.0492      841   132.24    152.69      367.59
0328   163.8   916.2     23.99     99.7     253   110    68.60    -64.30     23.88     7    -3.4     248     0   0   0   0    24.4153   -73.0495      815   133.08    153.65      367.62
0329   164.3   917.1     24.02     99.8     245   110    68.89    -64.80     23.38     7    -3.2     241     0   0   0   0    24.4154   -73.0498      790   133.65    154.31      367.64
0330   164.8   917.9     24.04     99.8     237   109    68.79    -64.93     22.74     7    -3.1     233     0   0   0   0    24.4155   -73.0501      764   133.46    154.10      367.67
0331   165.3   918.7     24.07     99.9     229   109    68.18    -64.63     21.73     7    -2.9     225     0   0   0   0    24.4156   -73.0505      738   132.27    152.73      367.69
0332   165.8   919.6     24.10     99.9     221   108    67.12    -64.01     20.21     7    -2.7     217     0   0   0   3    24.4157   -73.0508      711   130.22    150.36      367.70
0333   166.3   920.4     24.13    100.0     213   106    65.87    -63.29     18.26     7    -2.4     209     0   0   0   0    24.4158   -73.0511      684   127.79    147.55      367.72
0334   166.8   921.2     24.16    100.0     205   104    64.76    -62.72     16.13     7    -2.0     201     0   0   0   0    24.4159   -73.0514      659   125.64    145.06      367.74
0335   167.3   922.0     24.20     99.9     198   103    64.12    -62.52     14.21     7    -1.5     193     0   0   0   0    24.4159   -73.0517      634   124.39    143.62      367.77
0336   167.8   922.8     24.24     99.9     191   102    64.12    -62.81     12.85     6    -1.0     186     0   0   0   0    24.4160   -73.0520      611   124.38    143.62      367.80
0337   168.3   923.4     24.27     99.9     184   101    64.75    -63.59     12.25     7     -.5     180     0   0   0   0    24.4160   -73.0523      589   125.62    145.05      367.83
0338   168.8   924.1     24.30     99.9     178   101    65.80    -64.63     12.40     7     -.2     173     0   0   0   0    24.4161   -73.0527      569   127.66    147.40      367.86
0339   169.3   924.7     24.32     99.9     172   101    66.89    -65.61     13.06     7      .0     167     0   0   0   0    24.4161   -73.0530      549   129.77    149.84      367.88
0340   169.8   925.3     24.34     99.9     166   102    67.65    -66.23     13.75     7      .0     161     0   0   0   0    24.4162   -73.0533      530   131.23    151.53      367.90
0341   170.3   926.0     24.37    100.0     160   102    67.78    -66.31     14.01     7     -.1     155     0   0   0   3    24.4163   -73.0536      509   131.49    151.82      367.92
0342   170.8   926.7     24.40    100.0     153   102    67.21    -65.84     13.50     7     -.2     149     0   0   0   0    24.4163   -73.0540      488   130.38    150.54      367.95
0343   171.3   927.4     24.43    100.0     146   101    66.08    -64.96     12.12     7     -.3     142     0   0   0   0    24.4164   -73.0543      465   128.19    148.01      368.01
0344   171.8   928.1     24.48    100.0     139    99    64.71    -63.93     10.02     6     -.2     135     0   0   0   0    24.4164   -73.0546      443   125.54    144.96      368.12
0345   172.3   928.9     24.53    100.0     133    97    63.49    -63.03      7.62     4      .0     128     0   0   0   0    24.4165   -73.0549      420   123.16    142.21      368.26
0346   172.8   929.6     24.59    100.0     126    95    62.68    -62.45      5.42     5      .3     121     0   0   0   0    24.4165   -73.0552      398   121.60    140.41      368.43
0347   173.3   930.2     24.65    100.0     120    94    62.41    -62.28      3.94     6      .7     115     0   0   0   0    24.4165   -73.0555      378   121.07    139.79      368.62
0348   173.8   930.8     24.71    100.0     114    93    62.62    -62.52      3.54     6     1.1     109     0   0   0   0    24.4165   -73.0558      359   121.48    140.27      368.81
0349   174.3   931.4     24.76    100.0     109    94    63.19    -63.05      4.27     6     1.3     104     0   0   0   0    24.4165   -73.0561      341   122.59    141.55      369.00
0350   174.8   931.9     24.80    100.0     103    95    63.95    -63.68      5.83     6     1.3      99     0   0   0   0    24.4166   -73.0564      324   124.06    143.24      369.15
0351   175.3   932.5     24.85    100.0      98    97    64.66    -64.20      7.72     6     1.0      94     0   0   0   0    24.4166   -73.0568      307   125.44    144.84      369.27
0352   175.8   933.1     24.89    100.0      93    98    65.12    -64.43      9.45     6      .4      88     0   0   0   0    24.4166   -73.0571      289   126.32    145.86      369.39
0353   176.3   933.7     24.93    100.0      87    99    65.20    -64.32     10.69     6     -.4      82     0   0   0   0    24.4167   -73.0574      269   126.49    146.05      369.51
0354   176.8   934.4     24.98    100.0      80   100    64.95    -63.92     11.50     5    -1.4      75     0   0   0   0    24.4167   -73.0577      247   126.00    145.48      369.62
0355   177.3   935.2     25.03     99.9      72   101    64.46    -63.27     12.32     5    -2.4      68     0   0   0   3    24.4168   -73.0580      223   125.05    144.39      369.66
0356   177.8   936.0     25.09     99.7      64   102    63.80    -62.42     13.22     4    -3.4      60     0   0   0   3    24.4169   -73.0583      196   123.77    142.91      369.67
0357   178.3   937.0     25.14     99.4      56   103    63.00    -61.33     14.43     4    -4.1      51     0   0   0   0    24.4169   -73.0586      168   122.23    141.13      369.66
0358   178.8   937.9     25.21     99.2      47   104    62.16    -60.19     15.52     4    -4.6      42     0   0   0   3    24.4170   -73.0589      139   120.59    139.24      369.64
0359   179.3   938.9     25.28     98.9      37   105    61.30    -59.15     16.10     4    -3.1      33     0   0   0   3    24.4171   -73.0592      108   118.93    137.32      369.63
0360   179.8   939.9     25.35     98.7      28   105    60.07    -57.90     15.99     4    -3.0      23     0   0   0   0    24.4171   -73.0595       77   116.54    134.56      369.67
0361   180.3   940.8     25.41     98.6      19   104    56.28    -54.71     13.18     5    -2.8      15     0   0   0   0    24.4172   -73.0598       48   109.17    126.06      369.77
0362   180.8   941.8     25.47     98.8      10  -999  -999.00   -999.00   -999.00  -999    -2.3       6     0   0   0   0    24.4173   -73.0600       19  -999.00   -999.00      370.03
0363   181.3   941.9     25.58     99.7       9  -999  -999.00   -999.00   -999.00  -999    -1.4       5     0   0   0   0    24.4173   -73.0603       15  -999.00   -999.00      371.24
