 ===========================================================================
 DROPWINDSONDE PROCESSING RECORD                            Sonde: 984925093
 PDS file written Jul  8, 2004.                             Format:    V5.06
 Aircraft: AFRES C-130                       Date: 990912   Time: 060041 UTC
 ---------------------------------------------------------------------------
 Bias corrections:  PR =    .0 mb  TE =    .0 C  RH =    .0 %  PRB =   .0 mb
 Filters (LPF):     PTH =   5 s    WIND =   5 s       Hyd anchor =       SFC
 Dyn RH correction =  N     WSHR COR =      Y         Splash PR  =  960.5 mb
 Estimated PR used =  N     GPS VERR =    .17 m/s     HYD SFCP   =  961.1 mb
 Dyn T correction  =  Y     WGACORR  =    1.5 m       AC GA ADJ  =     .0 m
 ---------------------------------------------------------------------------
 COMMENTS: used rh2                                                    
 ===========================================================================

 ==============================================================================
 Date: 990912   Lat:  22.82 N   TA:   18.0 C   PS:  697.0 mb   WD:   147 deg
 Time: 060041   Lon:  65.24 W   TD:   10.1 C   GA:   2804 m    WS:   1.0 m/s
 SID:  984925093                RH:   59.2 %   Navaid:   GP          
 ===========================================================================

IX      t (s)  P (mb)    T (C)    RH (%)  Z (m)   WD    WS (m/s)   U (m/s)   V (m/s)  NS  WZ (m/s)  ZW (m)   FP  FT  FH  FW   LAT (N)    LON (E)  ZW (ft)  WS (kt)  WS (mph)  THETAE (K)
0001      .1   697.6     18.02     59.2    2799   147      .99      -.53       .84  -999  -999.0    2801     3   3   3   4    22.8200   -65.2400     9189     1.92      2.22      358.95
0002      .6   698.2     18.05     59.3    2792   149      .96      -.49       .82  -999  -999.0    2793     3   3   3   4    22.8200   -65.2400     9164     1.86      2.15      358.97
0003     1.1   698.8     18.07     59.4    2784   150      .95      -.48       .82  -999  -999.0    2786     3   3   3   4    22.8200   -65.2400     9140     1.84      2.13      358.98
0004     1.6   699.4     18.10     59.4    2777   150      .94      -.47       .82  -999  -999.0    2778     3   3   3   4    22.8200   -65.2400     9116     1.83      2.11      358.98
0005     2.1   700.0     18.12     59.5    2770   151      .93      -.45       .82  -999  -999.0    2771     3   3   3   4    22.8200   -65.2400     9091     1.81      2.09      358.99
0006     2.6   700.6     18.15     59.6    2762   152      .93      -.44       .81  -999  -999.0    2764     3   3   3   4    22.8200   -65.2400     9067     1.80      2.08      359.00
0007     3.1   701.2     18.17     59.6    2755   152      .92      -.43       .81  -999  -999.0    2756     3   3   3   4    22.8200   -65.2400     9043     1.78      2.06      359.01
0008     3.6   701.8     18.20     59.7    2747   153      .91      -.42       .81  -999  -999.0    2749     3   3   3   4    22.8200   -65.2400     9019     1.77      2.04      359.01
0009     4.1   702.4     18.22     59.8    2740   153      .90      -.41       .81  -999  -999.0    2742     3   3   3   4    22.8200   -65.2400     8995     1.75      2.02      359.02
0010     4.6   703.0     18.24     59.8    2733   154      .90      -.40       .80  -999  -999.0    2734     3   3   3   4    22.8200   -65.2400     8970     1.74      2.01      359.03
0011     5.1   703.6     18.27     59.9    2725   154      .89      -.38       .80  -999  -999.0    2727     3   3   3   4    22.8200   -65.2400     8946     1.72      1.99      359.03
0012     5.6   704.2     18.29     60.0    2718   155      .88      -.37       .80  -999  -999.0    2719     3   3   3   4    22.8200   -65.2400     8922     1.71      1.98      359.04
0013     6.1   704.8     18.32     60.1    2711   156      .87      -.36       .80  -999  -999.0    2712     3   3   3   4    22.8200   -65.2400     8898     1.70      1.96      359.05
0014     6.6   705.4     18.34     60.1    2703   156      .87      -.35       .79  -999  -999.0    2705     3   3   3   4    22.8201   -65.2400     8874     1.68      1.94      359.05
0015     7.1   706.0     18.36     60.2    2696   157      .86      -.34       .79  -999  -999.0    2697     3   3   3   4    22.8201   -65.2400     8850     1.67      1.93      359.06
0016     7.6   706.6     18.39     60.3    2689   158      .85      -.33       .79  -999  -999.0    2690     3   3   3   4    22.8201   -65.2400     8826     1.66      1.91      359.06
0017     8.1   707.2     18.41     60.3    2681   158      .85      -.32       .79  -999  -999.0    2683     3   3   3   4    22.8201   -65.2400     8802     1.64      1.90      359.07
0018     8.6   707.8     18.43     60.4    2674   159      .84      -.30       .78  -999  -999.0    2675     3   3   3   4    22.8201   -65.2400     8778     1.63      1.88      359.07
0019     9.1   708.4     18.46     60.5    2667   159      .83      -.29       .78  -999  -999.0    2668     3   3   3   4    22.8201   -65.2400     8754     1.62      1.87      359.08
0020     9.6   709.1     18.48     60.5    2659   160      .83      -.28       .78  -999  -999.0    2661     3   3   3   4    22.8201   -65.2400     8730     1.61      1.85      359.08
0021    10.1   709.7     18.50     60.6    2652   161      .82      -.27       .78  -999  -999.0    2654     3   3   3   4    22.8201   -65.2400     8706     1.59      1.84      359.09
0022    10.6   710.3     18.53     60.7    2645   162      .82      -.26       .77  -999  -999.0    2646     3   3   3   4    22.8201   -65.2400     8682     1.58      1.83      359.09
0023    11.1   710.9     18.55     60.7    2637   162      .81      -.25       .77  -999  -999.0    2639     3   3   3   4    22.8201   -65.2400     8658     1.57      1.81      359.10
0024    11.6   711.5     18.57     60.8    2630   163      .80      -.23       .77  -999  -999.0    2632     3   3   3   4    22.8201   -65.2400     8634     1.56      1.80      359.10
0025    12.1   712.1     18.60     60.9    2623   164      .80      -.22       .77  -999  -999.0    2624     3   3   3   4    22.8201   -65.2400     8610     1.55      1.79      359.11
0026    12.6   712.7     18.62     60.9    2616   165      .79      -.21       .76  -999  -999.0    2617     3   3   3   4    22.8201   -65.2400     8586     1.54      1.77      359.13
0027    13.1   713.3     18.65     61.0    2608   165      .79      -.20       .76  -999  -999.0    2610     3   3   3   4    22.8201   -65.2400     8563     1.53      1.76      359.14
0028    13.6   713.9     18.67     61.1    2601   166      .78      -.19       .76  -999  -999.0    2603     3   3   3   4    22.8201   -65.2400     8539     1.52      1.75      359.15
0029    14.1   714.5     18.69     61.2    2594   167      .78      -.18       .76  -999  -999.0    2595     3   3   3   4    22.8201   -65.2400     8515     1.50      1.74      359.16
0030    14.6   715.1     18.72     61.2    2587   168      .77      -.16       .75  -999  -999.0    2588     3   3   3   4    22.8201   -65.2400     8491     1.49      1.73      359.15
0031    15.1   715.7     18.74     61.3    2579   168      .77      -.15       .75  -999  -999.0    2581     0   0   3   4    22.8201   -65.2400     8467     1.49      1.72      359.14
0032    15.6   716.3     18.76     61.3    2572   169      .76      -.14       .75  -999     -.4    2573     0   0   3   4    22.8201   -65.2400     8443     1.48      1.70      359.12
0033    16.1   716.9     18.77     61.4    2564   170      .76      -.13       .74  -999     -.4    2566     0   0   3   4    22.8201   -65.2400     8419     1.47      1.69      359.10
0034    16.6   717.5     18.79     61.5    2557   171      .75      -.12       .74  -999     -.5    2559     0   0   3   4    22.8201   -65.2400     8394     1.46      1.68      359.08
0035    17.1   718.2     18.80     61.6    2549   172      .75      -.11       .74  -999     -.6    2551     0   0   3   4    22.8201   -65.2400     8369     1.45      1.67      359.07
0036    17.6   718.8     18.82     61.7    2542   173      .74      -.09       .74  -999     -.6    2543     3   3   3   4    22.8201   -65.2400     8345     1.44      1.66      359.07
0037    18.1   719.4     18.84     61.8    2534   174      .74      -.08       .73  -999     -.7    2536     0   0   3   4    22.8201   -65.2400     8320     1.43      1.66      359.07
0038    18.6   720.1     18.86     61.8    2527   174      .74      -.07       .73  -999     -.7    2528     0   0   3   4    22.8201   -65.2400     8295     1.43      1.65      359.07
0039    19.1   720.7     18.89     61.9    2519   175      .73      -.06       .73  -999     -.7    2521     0   0   0   4    22.8201   -65.2400     8270     1.42      1.64      359.06
0040    19.6   721.3     18.91     61.9    2512   176      .73      -.05       .73  -999     -.7    2513     0   0   0   4    22.8202   -65.2400     8245     1.41      1.63      359.04
0041    20.1   722.0     18.94     61.9    2504   177      .73      -.04       .72  -999     -.7    2506     0   0   0   4    22.8202   -65.2400     8221     1.41      1.62      359.00
0042    20.6   722.6     18.97     61.8    2497   178      .72      -.03       .72  -999     -.6    2498     0   0   0   4    22.8202   -65.2400     8196     1.40      1.62      358.96
0043    21.1   723.2     19.00     61.8    2489   179      .72      -.01       .72  -999     -.6    2491     0   0   0   4    22.8202   -65.2400     8171     1.40      1.61      358.91
0044    21.6   723.8     19.04     61.7    2482   180      .72       .00       .72  -999     -.6    2483     0   0   0   4    22.8202   -65.2400     8147     1.39      1.60      358.88
0045    22.1   724.5     19.08     61.6    2474   181      .71       .01       .71  -999     -.6    2476     0   0   0   4    22.8202   -65.2400     8122     1.38      1.60      358.86
0046    22.6   725.1     19.12     61.6    2467   182      .71       .02       .71  -999     -.6    2468     0   0   0   4    22.8202   -65.2400     8098     1.38      1.59      358.85
0047    23.1   725.7     19.16     61.5    2459   183      .71       .03       .71  -999     -.6    2461     0   0   0   4    22.8202   -65.2400     8073     1.38      1.59      358.86
0048    23.6   726.4     19.21     61.5    2452   184      .71       .04       .71  -999     -.6    2453     0   0   0   4    22.8202   -65.2400     8049     1.37      1.58      358.88
0049    24.1   727.0     19.26     61.4    2444   185      .71       .06       .70  -999     -.6    2446     0   0   0   4    22.8202   -65.2400     8024     1.37      1.58      358.91
0050    24.6   727.6     19.32     61.3    2437   185      .70       .07       .70  -999     -.6    2438     0   0   0   4    22.8202   -65.2400     8000     1.37      1.58      358.93
0051    25.1   728.2     19.37     61.3    2429   186      .70       .08       .70  -999     -.6    2431     0   0   0   4    22.8202   -65.2400     7976     1.36      1.57      358.95
0052    25.6   728.9     19.42     61.2    2422   187      .70       .09       .70  -999     -.6    2423     0   0   0   4    22.8202   -65.2400     7951     1.36      1.57      358.97
0053    26.1   729.5     19.46     61.1    2415   188      .70       .10       .69  -999     -.6    2416     0   0   0   4    22.8202   -65.2400     7927     1.36      1.57      358.98
0054    26.6   730.1     19.51     61.1    2407   189      .70       .11       .69  -999     -.5    2409     0   0   0   4    22.8202   -65.2400     7902     1.36      1.57      358.98
0055    27.1   730.8     19.55     61.1    2400   190      .70       .13       .69  -999     -.5    2401     0   0   0   4    22.8202   -65.2400     7878     1.36      1.57      358.98
0056    27.6   731.4     19.58     61.0    2392   191      .70       .14       .69  -999     -.5    2394     0   0   0   4    22.8202   -65.2400     7853     1.36      1.56      358.98
0057    28.1   732.0     19.61     61.1    2385   192      .70       .15       .68  -999     -.5    2386     0   0   0   4    22.8202   -65.2400     7829     1.35      1.56      358.98
0058    28.6   732.6     19.64     61.1    2377   193      .70       .16       .68  -999     -.6    2379     0   0   0   4    22.8202   -65.2400     7805     1.35      1.56      358.99
0059    29.1   733.3     19.68     61.1    2370   194      .70       .17       .68  -999     -.6    2372     0   0   0   4    22.8202   -65.2400     7781     1.36      1.56      359.00
0060    29.6   733.9     19.71     61.1    2363   195      .70       .18       .67  -999     -.7    2364     0   0   0   4    22.8202   -65.2400     7756     1.36      1.57      359.02
0061    30.1   734.5     19.74     61.2    2355   196      .70       .19       .67  -999     -.8    2357     0   0   0   4    22.8202   -65.2400     7732     1.36      1.57      359.04
0062    30.6   735.2     19.78     61.2    2348   197      .70       .21       .67  -999     -.8    2349     0   0   0   4    22.8202   -65.2400     7707     1.36      1.57      359.08
0063    31.1   735.8     19.81     61.3    2340   198      .70       .22       .67  -999     -.9    2341     0   0   0   4    22.8202   -65.2400     7682     1.36      1.57      359.12
0064    31.6   736.5     19.85     61.3    2332   199      .70       .23       .66  -999     -.9    2334     0   0   0   4    22.8202   -65.2400     7657     1.36      1.57      359.17
0065    32.1   737.1     19.89     61.4    2325   200      .70       .24       .66  -999     -.9    2326     0   0   0   4    22.8202   -65.2400     7632     1.37      1.58      359.22
0066    32.6   737.8     19.93     61.4    2317   201      .71       .25       .66  -999     -.9    2319     0   0   0   4    22.8203   -65.2400     7607     1.37      1.58      359.27
0067    33.1   738.4     19.96     61.5    2309   202      .71       .27       .65  -999     -.9    2311     0   0   0   4    22.8203   -65.2400     7582     1.37      1.58      359.32
0068    33.6   739.1     20.00     61.6    2302   203      .71       .28       .65  -999     -.8    2303     0   0   0   4    22.8203   -65.2400     7557     1.37      1.59      359.36
0069    34.1   739.7     20.03     61.6    2295   204      .71       .29       .65  -999     -.8    2296     0   0   0   4    22.8203   -65.2400     7533     1.38      1.59      359.40
0070    34.6   740.3     20.06     61.7    2287   205      .71       .30       .65  -999     -.9    2289     0   0   0   4    22.8203   -65.2400     7508     1.39      1.60      359.44
0071    35.1   741.0     20.08     61.8    2280   206      .72       .31       .65  -999     -.9    2281     0   0   0   4    22.8203   -65.2400     7484     1.40      1.61      359.47
0072    35.6   741.6     20.11     61.9    2272   206      .73       .32       .65  -999     -.9    2273     0   0   0   4    22.8203   -65.2400     7459     1.41      1.63      359.50
0073    36.1   742.3     20.13     62.0    2264   207      .73       .33       .65  -999    -1.0    2266     0   0   0   4    22.8203   -65.2400     7434     1.41      1.63      359.53
0074    36.6   742.9     20.15     62.2    2257   208      .73       .34       .64  -999    -1.1    2258     0   0   0   4    22.8203   -65.2400     7409     1.41      1.63      359.54
0075    37.1   743.6     20.17     62.2    2249   209      .72       .35       .63  -999    -1.1    2251     0   0   0   4    22.8203   -65.2400     7384     1.40      1.62      359.54
0076    37.6   744.3     20.18     62.3    2241   211      .72       .36       .62  -999    -1.2    2243     0   0   0   4    22.8203   -65.2400     7358     1.39      1.61      359.52
0077    38.1   744.9     20.21     62.3    2234   212      .72       .38       .61  -999    -1.2    2235     0   0   0   4    22.8203   -65.2400     7333     1.39      1.60      359.49
0078    38.6   745.6     20.23     62.3    2226   214      .72       .40       .60  -999    -1.2    2227     0   0   0   4    22.8203   -65.2400     7308     1.40      1.62      359.45
0079    39.1   746.3     20.26     62.3    2218   214      .74       .42       .61  -999    -1.2    2220     0   0   0   4    22.8203   -65.2400     7283     1.43      1.65      359.41
0080    39.6   746.9     20.29     62.2    2211   214      .76       .43       .63  -999    -1.1    2212     0   0   0   4    22.8203   -65.2400     7257     1.48      1.70      359.37
0081    40.1   747.6     20.33     62.2    2203   213      .78       .43       .65  -999    -1.1    2204     0   0   0   4    22.8203   -65.2400     7232     1.52      1.75      359.33
0082    40.6   748.2     20.36     62.1    2195   213      .80       .43       .67  -999    -1.1    2197     0   0   0   4    22.8203   -65.2400     7207     1.55      1.79      359.30
0083    41.1   748.9     20.40     62.1    2188   212      .79       .43       .67  -999    -1.0    2189     0   0   0   4    22.8203   -65.2400     7182     1.54      1.78      359.29
0084    41.6   749.6     20.43     62.1    2180   214      .77       .43       .64  -999    -1.0    2182     0   0   0   4    22.8203   -65.2400     7157     1.50      1.73      359.29
0085    42.1   750.2     20.46     62.1    2173   217      .74       .45       .58  -999    -1.0    2174     0   0   0   4    22.8203   -65.2400     7133     1.43      1.65      359.29
0086    42.6   750.9     20.49     62.2    2165   224      .70       .49       .51  -999    -1.0    2166     0   0   0   4    22.8203   -65.2400     7108     1.37      1.58      359.29
0087    43.1   751.5     20.51     62.2    2157   233      .71       .57       .42  -999    -1.1    2159     0   0   0   4    22.8203   -65.2400     7083     1.37      1.58      359.28
0088    43.6   752.2     20.53     62.3    2150   243      .76       .68       .35     5    -1.1    2151     0   0   0   0    22.8203   -65.2400     7058     1.48      1.71      359.26
0089    44.1   752.8     20.54     62.3    2142   250      .88       .82       .31     5    -1.1    2144     0   0   0   0    22.8203   -65.2400     7033     1.70      1.97      359.21
0090    44.6   753.5     20.55     62.4    2135   254     1.04      1.00       .29     5    -1.2    2136     0   0   0   0    22.8203   -65.2400     7008     2.02      2.34      359.15
0091    45.1   754.2     20.57     62.4    2127   257     1.24      1.21       .28     5    -1.2    2128     0   0   0   0    22.8203   -65.2400     6983     2.41      2.78      359.09
0092    45.6   754.8     20.58     62.4    2119   259     1.46      1.43       .27     5    -1.2    2121     0   0   0   3    22.8203   -65.2400     6957     2.83      3.26      359.02
0093    46.1   755.5     20.60     62.4    2111   262     1.67      1.66       .23     5    -1.2    2113     0   0   0   0    22.8203   -65.2400     6932     3.24      3.75      358.98
0094    46.6   756.2     20.62     62.5    2104   266     1.87      1.87       .13     5    -1.2    2105     0   0   0   0    22.8203   -65.2400     6907     3.63      4.19      358.97
0095    47.1   756.9     20.65     62.6    2096   271     2.04      2.04      -.02     5    -1.2    2098     0   0   0   3    22.8203   -65.2399     6882     3.96      4.57      359.00
0096    47.6   757.5     20.68     62.7    2088   276     2.18      2.16      -.21     5    -1.2    2090     0   0   0   3    22.8203   -65.2399     6857     4.22      4.87      359.08
0097    48.1   758.2     20.71     62.9    2081   281     2.27      2.23      -.41     5    -1.2    2082     0   0   0   0    22.8203   -65.2399     6832     4.40      5.08      359.20
0098    48.6   758.9     20.73     63.2    2073   285     2.31      2.23      -.60     6    -1.1    2075     0   0   0   0    22.8203   -65.2399     6807     4.48      5.18      359.38
0099    49.1   759.5     20.76     63.6    2066   289     2.31      2.19      -.75     6    -1.1    2067     0   0   0   0    22.8203   -65.2399     6782     4.49      5.18      359.61
0100    49.6   760.2     20.78     64.1    2058   292     2.28      2.11      -.87     5    -1.1    2060     0   0   0   0    22.8203   -65.2399     6757     4.43      5.11      359.87
0101    50.1   760.8     20.80     64.6    2050   295     2.24      2.02      -.96     6    -1.0    2052     0   0   0   0    22.8203   -65.2399     6732     4.34      5.01      360.17
0102    50.6   761.5     20.82     65.2    2043   299     2.21      1.94     -1.06     6    -1.0    2044     0   0   0   0    22.8203   -65.2399     6707     4.28      4.94      360.50
0103    51.1   762.2     20.84     65.8    2035   303     2.21      1.86     -1.20     6     -.9    2037     0   0   0   0    22.8203   -65.2399     6683     4.30      4.96      360.83
0104    51.6   762.8     20.85     66.5    2028   308     2.28      1.80     -1.40     6     -.8    2029     0   0   0   3    22.8203   -65.2399     6658     4.42      5.11      361.15
0105    52.1   763.5     20.85     67.0    2021   314     2.41      1.74     -1.67     6     -.8    2022     0   0   0   0    22.8203   -65.2399     6634     4.67      5.39      361.43
0106    52.6   764.1     20.86     67.5    2013   320     2.59      1.67     -1.98     6     -.7    2015     0   0   0   0    22.8203   -65.2399     6610     5.02      5.80      361.66
0107    53.1   764.8     20.87     67.9    2006   325     2.80      1.59     -2.30     6     -.7    2007     3   3   3   0    22.8203   -65.2399     6586     5.42      6.26      361.82
0108    53.6   765.4     20.88     68.2    1999   330     2.99      1.51     -2.58     6     -.7    2000     0   0   0   3    22.8203   -65.2398     6562     5.80      6.70      361.91
0109    54.1   766.1     20.89     68.4    1991   333     3.15      1.45     -2.79     6     -.7    1993     0   0   0   0    22.8202   -65.2398     6538     6.11      7.05      361.94
0110    54.6   766.7     20.91     68.4    1984   334     3.25      1.41     -2.93     6     -.8    1985     0   0   0   0    22.8202   -65.2398     6514     6.31      7.28      361.91
0111    55.1   767.4     20.93     68.4    1976   335     3.32      1.43     -2.99     6     -.8    1978     0   0   0   0    22.8202   -65.2398     6490     6.43      7.43      361.84
0112    55.6   768.0     20.96     68.3    1969   333     3.36      1.50     -3.01     6     -.8    1971     0   0   0   0    22.8202   -65.2398     6465     6.53      7.54      361.76
0113    56.1   768.7     20.99     68.2    1962   332     3.43      1.64     -3.01     6     -.8    1963     0   0   0   0    22.8202   -65.2398     6441     6.65      7.68      361.68
0114    56.6   769.3     21.02     68.0    1954   329     3.53      1.81     -3.03     6     -.8    1956     0   0   0   0    22.8202   -65.2398     6416     6.85      7.91      361.60
0115    57.1   770.0     21.06     67.9    1947   327     3.67      2.01     -3.07     6     -.8    1948     3   3   3   0    22.8202   -65.2398     6392     7.12      8.22      361.54
0116    57.6   770.6     21.10     67.7    1939   325     3.83      2.20     -3.13     6     -.7    1941     0   0   0   0    22.8201   -65.2398     6368     7.42      8.57      361.47
0117    58.1   771.3     21.15     67.5    1932   324     3.97      2.35     -3.20     6     -.7    1934     0   0   0   3    22.8201   -65.2398     6344     7.70      8.89      361.40
0118    58.6   771.9     21.19     67.3    1925   323     4.07      2.47     -3.24     6     -.7    1926     0   0   0   0    22.8201   -65.2398     6320     7.90      9.12      361.33
0119    59.1   772.6     21.24     67.1    1918   322     4.13      2.54     -3.26     6     -.7    1919     0   0   0   3    22.8201   -65.2397     6296     8.02      9.26      361.24
0120    59.6   773.2     21.29     66.8    1910   322     4.15      2.58     -3.25     6     -.6    1912     0   0   0   0    22.8201   -65.2397     6272     8.06      9.30      361.16
0121    60.1   773.9     21.35     66.6    1903   321     4.16      2.61     -3.24     6     -.6    1904     0   0   0   0    22.8201   -65.2397     6248     8.07      9.32      361.07
0122    60.6   774.5     21.40     66.4    1896   321     4.18      2.64     -3.24     6     -.6    1897     0   0   0   0    22.8201   -65.2397     6224     8.10      9.36      361.01
0123    61.1   775.2     21.45     66.2    1888   321     4.23      2.68     -3.27     6     -.6    1890     0   0   0   0    22.8200   -65.2397     6200     8.20      9.47      360.96
0124    61.6   775.8     21.49     66.1    1881   321     4.32      2.73     -3.35     6     -.6    1883     0   0   0   0    22.8200   -65.2397     6176     8.37      9.67      360.95
0125    62.1   776.5     21.54     66.0    1874   321     4.44      2.78     -3.46     6     -.6    1875     0   0   0   0    22.8200   -65.2396     6153     8.62      9.95      360.96
0126    62.6   777.1     21.58     66.0    1867   322     4.58      2.85     -3.59     6     -.6    1868     0   0   0   3    22.8200   -65.2396     6129     8.89     10.27      361.00
0127    63.1   777.8     21.62     66.1    1859   322     4.72      2.91     -3.72     6     -.5    1861     3   3   3   0    22.8200   -65.2396     6105     9.16     10.58      361.06
0128    63.6   778.4     21.66     66.1    1852   322     4.84      2.98     -3.81     6     -.5    1854     0   0   0   0    22.8200   -65.2396     6081     9.39     10.84      361.12
0129    64.1   779.1     21.69     66.1    1845   321     4.92      3.07     -3.85     6     -.5    1846     0   0   0   0    22.8199   -65.2396     6058     9.55     11.03      361.17
0130    64.6   779.7     21.73     66.2    1838   321     4.98      3.16     -3.85     6     -.5    1839     0   0   0   0    22.8199   -65.2396     6034     9.66     11.15      361.20
0131    65.1   780.4     21.77     66.1    1830   319     5.02      3.26     -3.81     6     -.5    1832     0   0   0   0    22.8199   -65.2396     6010     9.73     11.24      361.21
0132    65.6   781.0     21.81     66.0    1823   318     5.06      3.38     -3.77     6     -.5    1825     0   0   0   0    22.8199   -65.2395     5987     9.82     11.34      361.19
0133    66.1   781.7     21.86     65.9    1816   317     5.13      3.49     -3.75     6     -.5    1818     0   0   0   0    22.8199   -65.2395     5963     9.95     11.49      361.15
0134    66.6   782.3     21.90     65.7    1809   316     5.23      3.61     -3.78     6     -.5    1810     0   0   0   0    22.8199   -65.2395     5939    10.14     11.71      361.10
0135    67.1   782.9     21.94     65.6    1802   316     5.36      3.72     -3.87     6     -.5    1803     3   3   3   0    22.8198   -65.2395     5916    10.40     12.01      361.05
0136    67.6   783.6     21.98     65.5    1794   316     5.53      3.82     -4.00     6     -.4    1796     0   0   0   3    22.8198   -65.2395     5892    10.74     12.40      361.01
0137    68.1   784.2     22.02     65.4    1787   317     5.74      3.94     -4.17     6     -.4    1789     0   0   0   0    22.8198   -65.2395     5869    11.13     12.85      360.99
0138    68.6   784.9     22.06     65.4    1780   317     5.96      4.06     -4.36     6     -.4    1782     0   0   0   0    22.8198   -65.2394     5845    11.56     13.35      360.98
0139    69.1   785.5     22.09     65.4    1773   317     6.19      4.20     -4.55     6     -.4    1775     0   0   0   0    22.8198   -65.2394     5822    12.01     13.87      360.99
0140    69.6   786.2     22.11     65.4    1766   317     6.42      4.35     -4.72     6     -.4    1767     0   0   0   0    22.8197   -65.2394     5799    12.45     14.37      361.00
0141    70.1   786.8     22.14     65.5    1759   317     6.61      4.49     -4.86     6     -.4    1760     0   0   0   0    22.8197   -65.2394     5775    12.83     14.81      361.01
0142    70.6   787.4     22.16     65.5    1752   317     6.76      4.58     -4.97     6     -.5    1753     0   0   0   0    22.8197   -65.2393     5752    13.11     15.14      361.02
0143    71.1   788.1     22.18     65.6    1745   318     6.84      4.61     -5.05     6     -.5    1746     0   0   0   0    22.8197   -65.2393     5729    13.27     15.32      361.02
0144    71.6   788.7     22.20     65.7    1737   318     6.85      4.55     -5.12     6     -.5    1739     0   0   0   0    22.8197   -65.2393     5705    13.29     15.35      361.01
0145    72.1   789.4     22.21     65.7    1730   320     6.79      4.41     -5.17     6     -.6    1732     0   0   0   0    22.8196   -65.2393     5681    13.18     15.22      361.00
0146    72.6   790.0     22.23     65.8    1723   321     6.69      4.18     -5.22     6     -.6    1724     0   0   0   3    22.8196   -65.2393     5658    12.97     14.98      360.98
0147    73.1   790.7     22.25     65.8    1716   323     6.55      3.91     -5.26     6     -.6    1717     0   0   0   0    22.8196   -65.2392     5634    12.71     14.68      360.95
0148    73.6   791.4     22.26     65.9    1708   326     6.42      3.61     -5.31     6     -.7    1710     0   0   0   0    22.8196   -65.2392     5610    12.45     14.38      360.91
0149    74.1   792.0     22.28     65.9    1701   328     6.30      3.32     -5.35     6     -.7    1703     0   0   0   0    22.8195   -65.2392     5586    12.22     14.11      360.86
0150    74.6   792.7     22.29     65.9    1694   330     6.21      3.07     -5.40     6     -.7    1695     0   0   0   0    22.8195   -65.2392     5563    12.04     13.91      360.81
0151    75.1   793.3     22.31     65.9    1687   332     6.14      2.85     -5.44     6     -.7    1688     0   0   0   0    22.8195   -65.2392     5539    11.91     13.76      360.76
0152    75.6   794.0     22.33     65.9    1679   334     6.09      2.67     -5.47     6     -.8    1681     0   0   0   0    22.8195   -65.2392     5515    11.82     13.64      360.72
0153    76.1   794.7     22.36     65.9    1672   336     6.05      2.51     -5.51     6     -.8    1674     0   0   0   3    22.8194   -65.2391     5491    11.74     13.56      360.70
0154    76.6   795.3     22.38     65.9    1665   337     6.02      2.35     -5.54     6     -.8    1666     0   0   0   0    22.8194   -65.2391     5467    11.68     13.49      360.69
0155    77.1   796.0     22.41     66.0    1658   339     6.00      2.19     -5.58     6     -.9    1659     0   0   0   0    22.8194   -65.2391     5443    11.64     13.44      360.69
0156    77.6   796.7     22.43     66.0    1650   340     5.99      2.05     -5.63     6     -.9    1652     3   3   3   3    22.8194   -65.2391     5419    11.61     13.41      360.69
0157    78.1   797.3     22.45     66.1    1643   341     5.98      1.92     -5.66     6     -.9    1644     0   0   0   0    22.8193   -65.2391     5395    11.60     13.39      360.67
0158    78.6   798.0     22.46     66.1    1636   342     5.97      1.84     -5.68     6     -.9    1637     0   0   0   0    22.8193   -65.2391     5371    11.58     13.37      360.61
0159    79.1   798.7     22.47     66.1    1628   342     5.93      1.80     -5.65     6    -1.0    1630     0   0   0   0    22.8193   -65.2391     5347    11.50     13.28      360.51
0160    79.6   799.3     22.48     66.1    1621   342     5.84      1.81     -5.56     6    -1.0    1622     0   0   0   0    22.8193   -65.2391     5322    11.34     13.09      360.38
0161    80.1   800.0     22.49     66.0    1613   341     5.70      1.85     -5.39     6    -1.0    1615     3   3   3   0    22.8192   -65.2391     5298    11.06     12.77      360.23
0162    80.6   800.7     22.50     65.9    1606   340     5.49      1.87     -5.16     6    -1.0    1607     0   0   0   0    22.8192   -65.2391     5274    10.65     12.30      360.09
0163    81.1   801.4     22.51     65.9    1599   340     5.23      1.82     -4.90     6    -1.0    1600     0   0   0   0    22.8192   -65.2391     5250    10.15     11.72      359.99
0164    81.6   802.1     22.51     66.0    1591   340     4.95      1.68     -4.65     6    -1.0    1593     0   0   0   0    22.8192   -65.2391     5225     9.60     11.09      359.97
0165    82.1   802.7     22.51     66.3    1584   342     4.69      1.42     -4.46     6     -.9    1585     0   0   0   3    22.8191   -65.2390     5201     9.09     10.49      360.04
0166    82.6   803.4     22.50     66.8    1577   347     4.50      1.03     -4.38     6     -.9    1578     0   0   0   0    22.8191   -65.2390     5177     8.73     10.08      360.20
0167    83.1   804.1     22.46     67.5    1569   353     4.45       .52     -4.42     6     -.9    1571     0   0   0   0    22.8191   -65.2390     5154     8.64      9.97      360.45
0168    83.6   804.7     22.41     68.5    1562     1     4.58      -.07     -4.58     6     -.9    1564     0   0   0   0    22.8191   -65.2390     5130     8.88     10.25      360.74
0169    84.1   805.4     22.33     69.6    1555     8     4.86      -.69     -4.81     6     -.9    1556     0   0   0   0    22.8191   -65.2390     5106     9.42     10.88      361.06
0170    84.6   806.1     22.23     70.9    1547    15     5.21     -1.31     -5.05     6     -.9    1549     0   0   0   0    22.8190   -65.2390     5082    10.11     11.67      361.37
0171    85.1   806.8     22.12     72.2    1540    20     5.55     -1.86     -5.23     6    -1.0    1542     0   0   0   3    22.8190   -65.2391     5058    10.76     12.43      361.66
0172    85.6   807.4     21.99     73.6    1533    24     5.79     -2.31     -5.30     6    -1.0    1534     0   0   0   0    22.8190   -65.2391     5034    11.22     12.96      361.90
0173    86.1   808.1     21.86     75.0    1525    27     5.88     -2.65     -5.25     6    -1.0    1527     0   0   0   3    22.8190   -65.2391     5010    11.41     13.17      362.11
0174    86.6   808.8     21.74     76.3    1518    30     5.83     -2.88     -5.07     6    -1.1    1520     0   0   0   0    22.8190   -65.2391     4985    11.31     13.06      362.29
0175    87.1   809.5     21.61     77.6    1511    32     5.68     -2.99     -4.83     6    -1.1    1512     0   0   0   0    22.8189   -65.2391     4961    11.02     12.72      362.44
0176    87.6   810.2     21.49     78.8    1503    33     5.49     -3.02     -4.58     6    -1.1    1505     3   3   3   0    22.8189   -65.2391     4937    10.64     12.29      362.58
0177    88.1   810.9     21.38     80.0    1496    34     5.32     -3.01     -4.38     7    -1.0    1497     3   3   3   3    22.8189   -65.2391     4913    10.32     11.91      362.70
0178    88.6   811.6     21.28     81.1    1489    35     5.23     -3.01     -4.28     7    -1.0    1490     0   0   0   0    22.8189   -65.2392     4889    10.15     11.72      362.80
0179    89.1   812.2     21.17     82.2    1481    35     5.25     -3.04     -4.28     7    -1.0    1483     0   0   0   0    22.8189   -65.2392     4865    10.19     11.76      362.89
0180    89.6   812.9     21.08     83.2    1474    36     5.37     -3.15     -4.35     7     -.9    1476     0   0   0   0    22.8188   -65.2392     4841    10.42     12.03      362.96
0181    90.1   813.6     20.98     84.2    1467    37     5.55     -3.32     -4.45     7     -.9    1468     0   0   0   0    22.8188   -65.2392     4817    10.77     12.44      363.02
0182    90.6   814.3     20.89     85.2    1460    38     5.75     -3.55     -4.52     7     -.9    1461     0   0   0   0    22.8188   -65.2392     4794    11.15     12.87      363.07
0183    91.1   814.9     20.81     86.1    1452    40     5.90     -3.80     -4.52     7     -.9    1454     0   0   0   0    22.8188   -65.2392     4770    11.45     13.22      363.12
0184    91.6   815.6     20.73     87.0    1445    42     5.98     -4.03     -4.42     7     -.9    1447     0   0   0   3    22.8188   -65.2393     4746    11.60     13.40      363.18
0185    92.1   816.3     20.66     87.9    1438    45     5.97     -4.22     -4.23     7     -.8    1439     0   0   0   3    22.8187   -65.2393     4722    11.59     13.38      363.25
0186    92.6   817.0     20.60     88.8    1431    47     5.88     -4.33     -3.97     7     -.8    1432     0   0   0   0    22.8187   -65.2393     4699    11.40     13.16      363.33
0187    93.1   817.7     20.54     89.6    1423    50     5.72     -4.36     -3.70     7     -.7    1425     0   0   0   0    22.8187   -65.2393     4675    11.09     12.81      363.43
0188    93.6   818.3     20.50     90.3    1416    51     5.53     -4.32     -3.44     7     -.7    1418     0   0   0   3    22.8187   -65.2393     4652    10.72     12.38      363.54
0189    94.1   819.0     20.47     90.9    1409    53     5.34     -4.25     -3.24     7     -.7    1411     0   0   0   0    22.8187   -65.2394     4629    10.37     11.97      363.66
0190    94.6   819.7     20.46     91.5    1402    53     5.20     -4.16     -3.11     7     -.7    1404     0   0   0   0    22.8187   -65.2394     4606    10.08     11.64      363.79
0191    95.1   820.3     20.46     92.0    1395    53     5.11     -4.10     -3.06     7     -.7    1397     0   0   0   3    22.8186   -65.2394     4582     9.91     11.45      363.93
0192    95.6   821.0     20.46     92.4    1388    53     5.09     -4.07     -3.07     7     -.7    1390     0   0   0   0    22.8186   -65.2394     4559     9.88     11.41      364.07
0193    96.1   821.7     20.48     92.8    1381    53     5.14     -4.08     -3.12     7     -.7    1383     0   0   0   0    22.8186   -65.2395     4536     9.97     11.51      364.22
0194    96.6   822.3     20.50     93.1    1374    52     5.23     -4.13     -3.21     7     -.8    1375     0   0   0   3    22.8186   -65.2395     4513    10.14     11.71      364.37
0195    97.1   823.0     20.52     93.4    1367    52     5.33     -4.19     -3.30     7     -.9    1368     0   0   0   0    22.8186   -65.2395     4489    10.35     11.95      364.52
0196    97.6   823.7     20.55     93.6    1360    51     5.43     -4.25     -3.38     7     -.9    1361     0   0   0   0    22.8186   -65.2395     4465    10.54     12.17      364.68
0197    98.1   824.4     20.58     93.9    1352    51     5.50     -4.29     -3.44     7    -1.0    1354     0   0   0   0    22.8186   -65.2395     4442    10.67     12.32      364.85
0198    98.6   825.1     20.62     94.2    1345    51     5.52     -4.31     -3.45     7    -1.0    1347     0   0   0   0    22.8185   -65.2396     4418    10.71     12.37      365.04
0199    99.1   825.8     20.65     94.5    1338    52     5.50     -4.32     -3.40     7    -1.1    1339     0   0   0   0    22.8185   -65.2396     4394    10.67     12.32      365.23
0200    99.6   826.5     20.68     94.8    1330    53     5.44     -4.32     -3.31     7    -1.1    1332     0   0   0   0    22.8185   -65.2396     4370    10.56     12.19      365.43
0201   100.1   827.2     20.72     95.0    1323    54     5.37     -4.33     -3.16     7    -1.1    1325     0   0   0   0    22.8185   -65.2396     4346    10.41     12.02      365.62
0202   100.6   827.9     20.75     95.3    1316    56     5.29     -4.37     -2.99     7    -1.1    1317     3   3   3   3    22.8185   -65.2397     4322    10.27     11.86      365.79
0203   101.1   828.6     20.79     95.4    1308    57     5.25     -4.42     -2.83     7    -1.1    1310     0   0   0   0    22.8185   -65.2397     4298    10.18     11.75      365.92
0204   101.6   829.3     20.82     95.6    1301    59     5.24     -4.50     -2.69     7    -1.0    1303     0   0   0   0    22.8185   -65.2397     4273    10.17     11.75      366.00
0205   102.1   830.0     20.85     95.6    1294    60     5.29     -4.60     -2.62     7     -.9    1295     0   0   0   0    22.8184   -65.2397     4250    10.27     11.85      366.03
0206   102.6   830.6     20.87     95.6    1287    61     5.40     -4.71     -2.63     7     -.7    1288     0   0   0   3    22.8184   -65.2398     4226    10.47     12.09      366.01
0207   103.1   831.3     20.89     95.5    1280    61     5.56     -4.84     -2.73     7     -.6    1281     0   0   0   0    22.8184   -65.2398     4203    10.78     12.45      365.95
0208   103.6   832.0     20.92     95.5    1273    60     5.77     -4.99     -2.90     7     -.5    1274     0   0   0   0    22.8184   -65.2398     4180    11.20     12.93      365.88
0209   104.1   832.6     20.94     95.4    1266    59     6.03     -5.16     -3.12     7     -.5    1267     0   0   0   0    22.8184   -65.2398     4158    11.69     13.50      365.81
0210   104.6   833.3     20.96     95.4    1259    58     6.30     -5.33     -3.35     7     -.5    1261     3   3   3   3    22.8184   -65.2398     4136    12.21     14.10      365.77
0211   105.1   833.9     20.99     95.4    1252    57     6.55     -5.50     -3.56     7     -.6    1254     0   0   0   0    22.8184   -65.2399     4113    12.70     14.66      365.77
0212   105.6   834.6     21.02     95.4    1245    57     6.74     -5.64     -3.69     7     -.7    1247     0   0   0   0    22.8183   -65.2399     4090    13.08     15.10      365.81
0213   106.1   835.3     21.05     95.4    1238    57     6.85     -5.73     -3.75     7     -.9    1240     0   0   0   3    22.8183   -65.2399     4067    13.29     15.34      365.88
0214   106.6   836.0     21.09     95.5    1231    57     6.85     -5.76     -3.71     7    -1.0    1232     0   0   0   3    22.8183   -65.2400     4043    13.29     15.35      365.96
0215   107.1   836.7     21.14     95.5    1224    58     6.74     -5.70     -3.61     7    -1.2    1225     0   0   0   0    22.8183   -65.2400     4019    13.08     15.10      366.05
0216   107.6   837.4     21.19     95.5    1216    58     6.53     -5.55     -3.45     7    -1.3    1218     0   0   0   0    22.8183   -65.2400     3995    12.68     14.64      366.14
0217   108.1   838.1     21.24     95.4    1209    58     6.25     -5.33     -3.27     7    -1.3    1210     0   0   0   0    22.8183   -65.2401     3970    12.13     14.00      366.21
0218   108.6   838.8     21.30     95.3    1201    59     5.93     -5.06     -3.09     7    -1.3    1203     3   3   3   3    22.8183   -65.2401     3946    11.50     13.28      366.28
0219   109.1   839.5     21.35     95.2    1194    58     5.61     -4.77     -2.94     7    -1.3    1195     0   0   0   3    22.8182   -65.2401     3922    10.88     12.56      366.36
0220   109.6   840.2     21.41     95.2    1187    58     5.32     -4.51     -2.81     7    -1.3    1188     0   0   0   3    22.8182   -65.2401     3898    10.31     11.91      366.44
0221   110.1   840.9     21.46     95.1    1179    58     5.08     -4.29     -2.71     7    -1.3    1181     0   0   0   0    22.8182   -65.2401     3874     9.85     11.37      366.52
0222   110.6   841.6     21.51     95.1    1172    57     4.89     -4.12     -2.64     7    -1.3    1173     0   0   0   0    22.8182   -65.2402     3850     9.50     10.96      366.62
0223   111.1   842.3     21.56     95.1    1165    57     4.76     -4.01     -2.57     7    -1.3    1166     0   0   0   3    22.8182   -65.2402     3826     9.24     10.67      366.70
0224   111.6   843.1     21.60     95.1    1157    58     4.66     -3.94     -2.50     7    -1.3    1159     0   0   0   0    22.8182   -65.2402     3801     9.05     10.45      366.78
0225   112.1   843.8     21.64     95.1    1150    58     4.59     -3.89     -2.43     7    -1.2    1151     0   0   0   0    22.8182   -65.2402     3777     8.90     10.28      366.82
0226   112.6   844.5     21.68     95.0    1142    59     4.53     -3.87     -2.36     7    -1.2    1144     0   0   0   0    22.8182   -65.2402     3753     8.79     10.15      366.84
0227   113.1   845.2     21.72     94.9    1135    59     4.49     -3.87     -2.28     7    -1.0    1137     0   0   0   0    22.8181   -65.2403     3729     8.71     10.05      366.81
0228   113.6   845.9     21.76     94.7    1128    61     4.47     -3.89     -2.20     7     -.9    1129     0   0   0   0    22.8181   -65.2403     3706     8.66     10.00      366.77
0229   114.1   846.6     21.81     94.4    1121    62     4.47     -3.94     -2.11     7     -.8    1122     0   0   0   0    22.8181   -65.2403     3682     8.67     10.01      366.71
0230   114.6   847.3     21.86     94.1    1114    63     4.49     -4.01     -2.02     7     -.7    1115     0   0   0   0    22.8181   -65.2403     3659     8.72     10.07      366.66
0231   115.1   847.9     21.92     93.9    1107    65     4.53     -4.10     -1.93     7     -.7    1108     0   0   0   0    22.8181   -65.2403     3637     8.80     10.16      366.63
0232   115.6   848.6     21.98     93.6    1100    66     4.57     -4.18     -1.83     7     -.7    1102     0   0   0   0    22.8181   -65.2404     3614     8.86     10.23      366.63
0233   116.1   849.3     22.03     93.5    1093    68     4.57     -4.23     -1.74     7     -.7    1095     3   3   3   0    22.8181   -65.2404     3591     8.87     10.25      366.67
0234   116.6   850.0     22.08     93.4    1086    69     4.53     -4.22     -1.64     7     -.7    1088     0   0   0   0    22.8181   -65.2404     3568     8.79     10.15      366.75
0235   117.1   850.6     22.13     93.4    1079    70     4.43     -4.15     -1.54     7     -.7    1081     0   0   0   0    22.8181   -65.2404     3545     8.59      9.92      366.86
0236   117.6   851.3     22.17     93.5    1072    70     4.28     -4.02     -1.45     7     -.8    1073     0   0   0   0    22.8181   -65.2405     3522     8.30      9.58      366.97
0237   118.1   852.0     22.21     93.6    1065    71     4.10     -3.87     -1.35     7     -.8    1066     0   0   0   0    22.8181   -65.2405     3499     7.96      9.19      367.07
0238   118.6   852.7     22.24     93.6    1058    72     3.93     -3.73     -1.24     7     -.8    1059     0   0   0   3    22.8181   -65.2405     3475     7.63      8.81      367.13
0239   119.1   853.4     22.27     93.7    1051    73     3.81     -3.64     -1.11     7     -.7    1052     0   0   0   0    22.8181   -65.2405     3452     7.39      8.53      367.16
0240   119.6   854.1     22.30     93.6    1044    75     3.75     -3.63      -.96     7     -.7    1045     0   0   0   0    22.8181   -65.2405     3429     7.28      8.41      367.14
0241   120.1   854.8     22.34     93.5    1037    78     3.77     -3.69      -.80     7     -.6    1038     0   0   0   0    22.8180   -65.2405     3406     7.32      8.46      367.11
0242   120.6   855.4     22.38     93.3    1030    80     3.86     -3.80      -.67     7     -.6    1031     0   0   0   0    22.8180   -65.2405     3383     7.49      8.65      367.07
0243   121.1   856.1     22.42     93.2    1023    82     3.97     -3.93      -.58     7     -.5    1024     0   0   0   0    22.8180   -65.2406     3361     7.71      8.90      367.06
0244   121.6   856.8     22.45     93.2    1016    82     4.08     -4.04      -.56     7     -.5    1018     0   0   0   3    22.8180   -65.2406     3338     7.91      9.13      367.09
0245   122.1   857.5     22.49     93.2    1009    81     4.13     -4.08      -.63     7     -.4    1011     3   3   3   0    22.8180   -65.2406     3316     8.02      9.26      367.16
0246   122.6   858.1     22.52     93.4    1002    79     4.13     -4.05      -.78     7     -.4    1004     0   0   0   0    22.8180   -65.2406     3293     8.00      9.24      367.28
0247   123.1   858.8     22.54     93.6     996    76     4.06     -3.94      -.99     7     -.4     997     0   0   0   0    22.8180   -65.2407     3271     7.88      9.10      367.42
0248   123.6   859.5     22.55     93.9     989    72     3.96     -3.77     -1.21     7     -.4     990     0   0   0   0    22.8180   -65.2407     3249     7.68      8.86      367.53
0249   124.1   860.1     22.56     94.1     982    69     3.83     -3.57     -1.40     7     -.3     983     0   0   0   0    22.8180   -65.2407     3226     7.44      8.59      367.59
0250   124.6   860.8     22.57     94.3     975    66     3.70     -3.38     -1.51     7     -.3     977     0   0   0   0    22.8180   -65.2407     3204     7.18      8.30      367.59
0251   125.1   861.5     22.57     94.4     968    65     3.57     -3.23     -1.52     7     -.3     970     0   0   0   0    22.8180   -65.2407     3182     6.93      8.00      367.52
0252   125.6   862.1     22.58     94.4     962    65     3.45     -3.13     -1.45     7     -.3     963     0   0   0   0    22.8180   -65.2407     3160     6.69      7.72      367.43
0253   126.1   862.8     22.59     94.4     955    67     3.35     -3.07     -1.33     7     -.3     956     0   0   0   0    22.8180   -65.2408     3137     6.49      7.49      367.36
0254   126.6   863.5     22.60     94.5     948    68     3.28     -3.05     -1.21     7     -.3     949     0   0   0   0    22.8180   -65.2408     3115     6.36      7.34      367.35
0255   127.1   864.1     22.62     94.7     941    69     3.25     -3.04     -1.14     7     -.3     943     0   0   0   3    22.8180   -65.2408     3093     6.30      7.27      367.45
0256   127.6   864.8     22.63     95.1     934    69     3.25     -3.04     -1.15     7     -.3     936     0   0   0   3    22.8180   -65.2408     3071     6.30      7.28      367.66
0257   128.1   865.5     22.64     95.7     928    67     3.28     -3.03     -1.26     7     -.2     929     0   0   0   3    22.8180   -65.2408     3048     6.37      7.35      367.97
0258   128.6   866.1     22.65     96.4     921    64     3.35     -3.01     -1.46     7     -.2     922     0   0   0   0    22.8180   -65.2408     3026     6.49      7.50      368.32
0259   129.1   866.8     22.65     97.2     914    61     3.45     -3.00     -1.69     7     -.2     916     0   0   0   0    22.8180   -65.2408     3004     6.69      7.72      368.63
0260   129.6   867.5     22.64     97.7     908    57     3.57     -3.01     -1.93     7     -.2     909     0   0   0   0    22.8179   -65.2409     2982     6.93      8.00      368.83
0261   130.1   868.1     22.63     98.1     901    55     3.70     -3.03     -2.12     7     -.2     902     0   0   0   0    22.8179   -65.2409     2960     7.18      8.29      368.88
0262   130.6   868.8     22.63     98.1     894    54     3.82     -3.08     -2.25     7     -.2     896     0   0   0   0    22.8179   -65.2409     2939     7.41      8.55      368.76
0263   131.1   869.5     22.63     97.9     887    54     3.91     -3.15     -2.31     7     -.1     889     0   0   0   0    22.8179   -65.2409     2917     7.58      8.75      368.49
0264   131.6   870.1     22.64     97.5     881    54     3.98     -3.23     -2.31     7     -.1     882     0   0   0   0    22.8179   -65.2409     2895     7.71      8.90      368.14
0265   132.1   870.8     22.65     97.0     874    56     4.03     -3.32     -2.27     7     -.1     876     0   0   0   0    22.8179   -65.2409     2873     7.81      9.02      367.77
0266   132.6   871.4     22.68     96.5     868    57     4.07     -3.41     -2.23     7     -.1     869     0   0   0   0    22.8179   -65.2410     2851     7.90      9.12      367.45
0267   133.1   872.1     22.71     96.1     861    58     4.12     -3.49     -2.19     7     -.1     862     0   0   0   0    22.8179   -65.2410     2829     7.99      9.22      367.24
0268   133.6   872.8     22.75     95.9     854    58     4.17     -3.55     -2.18     7     -.1     856     0   0   0   0    22.8179   -65.2410     2808     8.09      9.34      367.15
0269   134.1   873.4     22.79     95.8     848    59     4.22     -3.61     -2.19     7     -.1     849     0   0   0   3    22.8179   -65.2410     2786     8.19      9.46      367.19
0270   134.6   874.1     22.83     95.9     841    59     4.27     -3.65     -2.23     7     -.1     843     0   0   0   0    22.8179   -65.2410     2764     8.29      9.57      367.32
0271   135.1   874.7     22.87     96.1     834    58     4.31     -3.67     -2.27     7     -.1     836     0   0   0   0    22.8178   -65.2410     2742     8.36      9.65      367.52
0272   135.6   875.4     22.90     96.4     828    58     4.32     -3.66     -2.30     7     -.1     829     0   0   0   0    22.8178   -65.2410     2721     8.39      9.68      367.73
0273   136.1   876.1     22.94     96.6     821    57     4.31     -3.62     -2.33     7     -.1     823     0   0   0   0    22.8178   -65.2411     2699     8.36      9.65      367.94
0274   136.6   876.7     22.98     96.7     814    57     4.26     -3.56     -2.34     7     -.1     816     0   0   0   0    22.8178   -65.2411     2677     8.27      9.54      368.10
0275   137.1   877.4     23.02     96.8     808    56     4.19     -3.48     -2.33     7      .0     809     0   0   0   0    22.8178   -65.2411     2655     8.13      9.38      368.23
0276   137.6   878.1     23.07     96.8     801    56     4.10     -3.39     -2.30     7      .0     803     3   3   3   3    22.8178   -65.2411     2634     7.95      9.18      368.30
0277   138.1   878.7     23.11     96.7     795    56     4.00     -3.31     -2.25     7      .0     796     3   3   3   0    22.8178   -65.2411     2612     7.77      8.97      368.34
0278   138.6   879.4     23.15     96.6     788    56     3.91     -3.24     -2.19     7      .1     790     0   0   0   0    22.8178   -65.2411     2591     7.60      8.77      368.35
0279   139.1   880.0     23.19     96.4     782    56     3.84     -3.20     -2.12     7      .1     783     0   0   0   0    22.8178   -65.2411     2569     7.45      8.60      368.33
0280   139.6   880.7     23.22     96.3     775    57     3.79     -3.18     -2.06     7      .1     777     0   0   0   0    22.8178   -65.2412     2548     7.35      8.48      368.28
0281   140.1   881.3     23.26     96.1     769    58     3.76     -3.18     -2.00     6      .1     770     0   0   0   0    22.8177   -65.2412     2527     7.29      8.41      368.22
0282   140.6   882.0     23.29     96.0     762    58     3.75     -3.19     -1.96     7      .1     764     0   0   0   0    22.8177   -65.2412     2506     7.27      8.40      368.15
0283   141.1   882.6     23.32     95.8     756    59     3.76     -3.22     -1.95     7      .1     757     0   0   0   0    22.8177   -65.2412     2484     7.30      8.43      368.09
0284   141.6   883.3     23.35     95.7     749    59     3.80     -3.25     -1.97     7      .1     751     0   0   0   0    22.8177   -65.2412     2463     7.37      8.51      368.05
0285   142.1   883.9     23.39     95.6     743    58     3.85     -3.28     -2.01     7      .0     744     0   0   0   0    22.8177   -65.2412     2442     7.47      8.63      368.04
0286   142.6   884.6     23.42     95.6     736    58     3.92     -3.33     -2.07     7      .0     738     0   0   0   0    22.8177   -65.2413     2420     7.61      8.78      368.07
0287   143.1   885.2     23.46     95.6     730    58     4.00     -3.39     -2.12     7      .0     731     0   0   0   0    22.8177   -65.2413     2399     7.76      8.96      368.13
0288   143.6   885.9     23.49     95.6     723    58     4.08     -3.46     -2.16     7      .0     725     0   0   0   0    22.8177   -65.2413     2377     7.92      9.14      368.22
0289   144.1   886.6     23.52     95.7     716    59     4.15     -3.54     -2.16     7     -.1     718     0   0   0   0    22.8177   -65.2413     2356     8.05      9.30      368.31
0290   144.6   887.2     23.54     95.9     710    60     4.20     -3.62     -2.12     7     -.1     711     0   0   0   0    22.8177   -65.2413     2334     8.14      9.40      368.38
0291   145.1   887.9     23.56     96.0     703    61     4.21     -3.69     -2.03     7     -.1     705     0   0   0   0    22.8176   -65.2413     2312     8.17      9.43      368.42
0292   145.6   888.6     23.57     96.1     697    63     4.19     -3.73     -1.92     7     -.2     698     0   0   0   0    22.8176   -65.2413     2291     8.13      9.39      368.39
0293   146.1   889.2     23.58     96.1     690    65     4.14     -3.74     -1.77     7     -.2     692     0   0   0   0    22.8176   -65.2414     2269     8.03      9.27      368.30
0294   146.6   889.9     23.59     96.0     683    66     4.06     -3.72     -1.62     7     -.2     685     0   0   0   0    22.8176   -65.2414     2247     7.88      9.10      368.16
0295   147.1   890.6     23.59     95.9     677    68     3.98     -3.69     -1.48     7     -.2     678     0   0   0   0    22.8176   -65.2414     2225     7.71      8.90      367.98
0296   147.6   891.3     23.60     95.7     670    70     3.90     -3.66     -1.35     7     -.3     672     0   0   0   0    22.8176   -65.2414     2203     7.56      8.73      367.80
0297   148.1   891.9     23.61     95.6     663    71     3.84     -3.63     -1.26     7     -.3     665     0   0   0   0    22.8176   -65.2414     2181     7.46      8.61      367.62
0298   148.6   892.6     23.62     95.5     657    72     3.82     -3.63     -1.19     7     -.3     658     0   0   0   0    22.8176   -65.2414     2160     7.41      8.56      367.49
0299   149.1   893.3     23.64     95.4     650    73     3.83     -3.65     -1.15     7     -.2     652     0   0   0   0    22.8176   -65.2415     2138     7.42      8.57      367.40
0300   149.6   894.0     23.65     95.5     643    73     3.85     -3.69     -1.11     7     -.2     645     0   0   0   0    22.8176   -65.2415     2116     7.47      8.63      367.36
0301   150.1   894.6     23.67     95.5     637    74     3.88     -3.73     -1.07     7     -.2     638     0   0   0   0    22.8176   -65.2415     2094     7.52      8.68      367.36
0302   150.6   895.3     23.68     95.7     630    75     3.88     -3.75     -1.01     7     -.2     632     0   0   0   0    22.8176   -65.2415     2073     7.54      8.70      367.39
0303   151.1   896.0     23.70     95.8     624    76     3.86     -3.75      -.91     7     -.2     625     0   0   0   0    22.8176   -65.2415     2051     7.49      8.65      367.44
0304   151.6   896.7     23.71     96.0     617    78     3.80     -3.72      -.78     7     -.1     619     0   0   0   0    22.8176   -65.2415     2029     7.37      8.51      367.48
0305   152.1   897.3     23.73     96.1     610    80     3.71     -3.66      -.62     7     -.1     612     0   0   0   0    22.8176   -65.2415     2008     7.20      8.31      367.52
0306   152.6   898.0     23.75     96.2     604    83     3.61     -3.58      -.46     7     -.1     605     0   0   0   0    22.8176   -65.2416     1986     7.00      8.08      367.55
0307   153.1   898.7     23.77     96.3     597    85     3.51     -3.50      -.30     7     -.1     599     0   0   0   0    22.8176   -65.2416     1965     6.82      7.87      367.58
0308   153.6   899.3     23.79     96.3     591    87     3.45     -3.44      -.19     7      .0     592     0   0   0   0    22.8176   -65.2416     1943     6.69      7.72      367.61
0309   154.1   900.0     23.81     96.4     584    88     3.42     -3.42      -.13     7      .0     586     0   0   0   0    22.8176   -65.2416     1922     6.63      7.66      367.66
0310   154.6   900.7     23.84     96.5     578    88     3.44     -3.44      -.14     7      .0     579     0   0   0   0    22.8176   -65.2416     1901     6.67      7.70      367.71
0311   155.1   901.3     23.87     96.6     571    87     3.51     -3.50      -.21     6      .0     573     0   0   0   0    22.8176   -65.2416     1880     6.80      7.85      367.77
0312   155.6   902.0     23.89     96.6     565    85     3.61     -3.60      -.32     6      .0     566     0   0   0   0    22.8176   -65.2417     1858     7.01      8.09      367.83
0313   156.1   902.6     23.92     96.7     558    83     3.74     -3.71      -.43     6      .1     560     0   0   0   3    22.8176   -65.2417     1837     7.25      8.37      367.88
0314   156.6   903.3     23.94     96.7     552    82     3.86     -3.82      -.53     6      .1     553     0   0   0   3    22.8176   -65.2417     1816     7.49      8.65      367.91
0315   157.1   904.0     23.97     96.7     546    82     3.96     -3.92      -.58     6      .1     547     0   0   0   0    22.8176   -65.2417     1795     7.68      8.87      367.91
0316   157.6   904.6     24.00     96.7     539    82     4.03     -3.99      -.58     6      .2     541     0   0   0   0    22.8176   -65.2417     1774     7.81      9.02      367.90
0317   158.1   905.3     24.03     96.6     533    83     4.06     -4.03      -.52     6      .2     534     0   0   0   0    22.8176   -65.2418     1753     7.88      9.09      367.88
0318   158.6   905.9     24.06     96.5     526    84     4.07     -4.04      -.42     6      .2     528     0   0   0   0    22.8175   -65.2418     1732     7.89      9.11      367.86
0319   159.1   906.6     24.09     96.4     520    86     4.06     -4.04      -.32     7      .2     522     0   0   0   0    22.8175   -65.2418     1711     7.87      9.08      367.84
0320   159.6   907.2     24.12     96.4     514    87     4.04     -4.03      -.21     7      .1     515     0   0   0   0    22.8175   -65.2418     1691     7.84      9.05      367.83
0321   160.1   907.9     24.15     96.4     507    88     4.02     -4.02      -.13     7      .1     509     0   0   0   0    22.8175   -65.2418     1670     7.80      9.00      367.83
0322   160.6   908.6     24.17     96.4     501    89     3.99     -3.99      -.08     7      .1     502     0   0   0   0    22.8175   -65.2419     1649     7.74      8.94      367.82
0323   161.1   909.2     24.19     96.4     494    89     3.95     -3.95      -.05     7      .1     496     0   0   0   0    22.8175   -65.2419     1627     7.66      8.85      367.81
0324   161.6   909.9     24.20     96.5     488    89     3.88     -3.88      -.04     7      .2     489     0   0   0   0    22.8175   -65.2419     1606     7.53      8.70      367.80
0325   162.1   910.6     24.22     96.5     481    89     3.79     -3.79      -.04     7      .3     483     0   0   0   0    22.8175   -65.2419     1584     7.35      8.48      367.77
0326   162.6   911.2     24.24     96.5     475    89     3.67     -3.67      -.05     7      .5     476     0   0   0   0    22.8175   -65.2419     1563     7.12      8.22      367.76
0327   163.1   911.9     24.26     96.5     469    89     3.54     -3.54      -.06     7      .7     470     0   0   0   0    22.8175   -65.2420     1543     6.87      7.93      367.77
0328   163.6   912.5     24.30     96.4     463    89     3.42     -3.42      -.07     7      .9     464     0   0   0   0    22.8175   -65.2420     1523     6.63      7.66      367.82
0329   164.1   913.1     24.35     96.4     457    88     3.32     -3.32      -.09     7     1.0     458     0   0   0   0    22.8175   -65.2420     1504     6.45      7.45      367.90
0330   164.6   913.7     24.40     96.3     451    88     3.27     -3.27      -.12     7     1.1     453     0   0   0   0    22.8175   -65.2420     1486     6.35      7.33      368.02
0331   165.1   914.3     24.45     96.3     446    88     3.27     -3.27      -.14     7      .9     447     0   0   0   0    22.8175   -65.2420     1467     6.35      7.33      368.15
0332   165.6   914.9     24.50     96.3     440    87     3.31     -3.31      -.16     7      .7     441     0   0   0   0    22.8175   -65.2420     1448     6.43      7.42      368.28
0333   166.1   915.5     24.54     96.3     434    87     3.39     -3.38      -.18     7      .4     435     0   0   0   0    22.8175   -65.2420     1428     6.57      7.58      368.38
0334   166.6   916.2     24.57     96.3     428    87     3.46     -3.46      -.18     7      .1     429     0   0   0   0    22.8175   -65.2421     1408     6.72      7.76      368.43
0335   167.1   916.8     24.59     96.4     421    87     3.52     -3.52      -.16     7     -.2     422     0   0   0   0    22.8175   -65.2421     1386     6.83      7.89      368.43
0336   167.6   917.6     24.60     96.4     414    88     3.55     -3.55      -.13     7     -.4     415     0   0   0   0    22.8175   -65.2421     1363     6.89      7.96      368.39
0337   168.1   918.3     24.60     96.5     407    88     3.55     -3.55      -.10     7     -.5     408     0   0   0   0    22.8175   -65.2421     1340     6.88      7.95      368.32
0338   168.6   919.0     24.61     96.5     400    89     3.51     -3.51      -.06     7     -.4     402     0   0   0   0    22.8175   -65.2421     1317     6.81      7.87      368.24
0339   169.1   919.7     24.63     96.5     393    90     3.46     -3.46      -.01     7     -.3     395     0   0   0   0    22.8175   -65.2421     1295     6.70      7.74      368.18
0340   169.6   920.4     24.65     96.5     387    90     3.39     -3.39       .03     7     -.1     388     0   0   0   0    22.8175   -65.2421     1274     6.59      7.60      368.15
0341   170.1   921.0     24.68     96.4     380    91     3.34     -3.34       .07     7      .1     382     0   0   0   0    22.8175   -65.2422     1253     6.48      7.49      368.16
0342   170.6   921.7     24.71     96.4     374    92     3.31     -3.31       .11     7      .2     376     0   0   0   0    22.8175   -65.2422     1233     6.42      7.41      368.19
0343   171.1   922.3     24.75     96.4     368    93     3.29     -3.29       .15     7      .2     370     0   0   0   0    22.8175   -65.2422     1213     6.39      7.38      368.24
0344   171.6   923.0     24.79     96.3     362    93     3.30     -3.29       .19     7      .3     363     0   0   0   0    22.8175   -65.2422     1193     6.40      7.39      368.30
0345   172.1   923.6     24.82     96.3     356    94     3.31     -3.31       .23     7      .2     357     0   0   0   0    22.8175   -65.2422     1172     6.43      7.43      368.34
0346   172.6   924.3     24.86     96.3     349    94     3.33     -3.32       .26     7      .1     351     0   0   0   0    22.8175   -65.2422     1151     6.47      7.47      368.37
0347   173.1   925.0     24.89     96.2     343    95     3.35     -3.34       .27     7      .1     344     0   0   0   0    22.8176   -65.2423     1130     6.50      7.50      368.39
0348   173.6   925.7     24.93     96.1     336    95     3.35     -3.34       .27     7      .1     338     0   0   0   0    22.8176   -65.2423     1109     6.50      7.50      368.39
0349   174.1   926.3     24.96     96.0     330    94     3.33     -3.32       .24     7      .0     331     0   0   0   0    22.8176   -65.2423     1087     6.45      7.45      368.38
0350   174.6   927.0     25.00     96.0     324    93     3.28     -3.28       .20     7      .0     325     0   0   0   0    22.8176   -65.2423     1066     6.37      7.35      368.37
0351   175.1   927.7     25.03     95.9     317    92     3.21     -3.21       .13     7      .1     319     0   0   0   0    22.8176   -65.2423     1046     6.24      7.20      368.37
0352   175.6   928.3     25.07     95.8     311    91     3.14     -3.14       .06     7      .1     312     0   0   0   0    22.8176   -65.2423     1025     6.09      7.03      368.39
0353   176.1   929.0     25.10     95.8     305    90     3.06     -3.06       .00     7      .1     306     0   0   0   0    22.8176   -65.2423     1004     5.94      6.86      368.44
0354   176.6   929.7     25.13     95.9     298    89     3.01     -3.01      -.05     7      .1     300     0   0   0   0    22.8176   -65.2424      983     5.84      6.74      368.52
0355   177.1   930.3     25.17     96.0     292    89     2.99     -2.99      -.06     7      .1     293     0   0   0   0    22.8176   -65.2424      962     5.79      6.69      368.65
0356   177.6   931.0     25.21     96.1     285    89     3.01     -3.01      -.03     7      .1     287     0   0   0   0    22.8176   -65.2424      941     5.84      6.74      368.82
0357   178.1   931.7     25.24     96.3     279    91     3.07     -3.07       .04     7      .2     281     0   0   0   0    22.8176   -65.2424      920     5.96      6.88      369.01
0358   178.6   932.3     25.28     96.5     273    93     3.17     -3.17       .14     7      .2     274     0   0   0   0    22.8176   -65.2424      900     6.16      7.11      369.21
0359   179.1   933.0     25.32     96.6     266    94     3.29     -3.28       .25     7      .2     268     0   0   0   3    22.8176   -65.2424      879     6.39      7.38      369.40
0360   179.6   933.7     25.35     96.8     260    96     3.41     -3.39       .35     7      .2     262     0   0   0   0    22.8176   -65.2425      859     6.61      7.64      369.56
0361   180.1   934.3     25.39     96.9     254    97     3.50     -3.47       .42     7      .2     255     0   0   0   0    22.8176   -65.2425      838     6.79      7.84      369.68
0362   180.6   935.0     25.42     96.9     248    97     3.54     -3.52       .44     7      .2     249     0   0   0   0    22.8176   -65.2425      818     6.87      7.94      369.75
0363   181.1   935.6     25.46     96.8     241    96     3.54     -3.52       .40     7      .1     243     0   0   0   0    22.8176   -65.2425      797     6.87      7.94      369.78
0364   181.6   936.3     25.49     96.7     235    95     3.51     -3.50       .31     7      .1     237     0   0   0   0    22.8176   -65.2425      776     6.81      7.86      369.76
0365   182.1   937.0     25.54     96.5     229    93     3.46     -3.46       .19     7      .0     230     0   0   0   0    22.8176   -65.2425      756     6.72      7.76      369.72
0366   182.6   937.7     25.58     96.3     222    91     3.42     -3.42       .07     7      .0     224     0   0   0   3    22.8176   -65.2425      734     6.64      7.67      369.68
0367   183.1   938.3     25.62     96.1     216    90     3.40     -3.40      -.03     7      .0     217     0   0   0   0    22.8176   -65.2426      713     6.60      7.62      369.65
0368   183.6   939.0     25.67     95.9     209    88     3.41     -3.41      -.10     7      .0     211     0   0   0   0    22.8176   -65.2426      692     6.62      7.64      369.66
0369   184.1   939.7     25.72     95.8     203    88     3.45     -3.44      -.13     7      .1     205     0   0   0   0    22.8176   -65.2426      671     6.68      7.72      369.72
0370   184.6   940.4     25.76     95.8     197    88     3.50     -3.50      -.13     7      .1     198     0   0   0   0    22.8176   -65.2426      650     6.80      7.85      369.82
0371   185.1   941.0     25.81     95.9     190    88     3.57     -3.57      -.11     7      .1     192     0   0   0   0    22.8176   -65.2426      630     6.93      8.00      369.97
0372   185.6   941.7     25.85     96.0     184    89     3.65     -3.64      -.09     7      .2     186     0   0   0   0    22.8176   -65.2426      609     7.07      8.17      370.16
0373   186.1   942.4     25.90     96.1     178    89     3.71     -3.71      -.07     7      .1     180     0   0   0   0    22.8176   -65.2427      589     7.20      8.31      370.38
0374   186.6   943.0     25.95     96.2     172    89     3.76     -3.76      -.06     7      .0     173     0   0   0   0    22.8176   -65.2427      569     7.29      8.42      370.61
0375   187.1   943.7     26.00     96.3     165    89     3.79     -3.79      -.07     7     -.1     167     0   0   0   0    22.8176   -65.2427      548     7.35      8.48      370.84
0376   187.6   944.4     26.05     96.4     159    89     3.80     -3.80      -.08     7     -.2     161     0   0   0   0    22.8176   -65.2427      527     7.37      8.51      371.05
0377   188.1   945.1     26.11     96.4     153    88     3.80     -3.80      -.10     7     -.3     154     0   0   0   3    22.8176   -65.2427      505     7.37      8.51      371.25
0378   188.6   945.8     26.16     96.4     146    88     3.79     -3.79      -.12     7     -.4     147     0   0   0   3    22.8176   -65.2427      484     7.35      8.49      371.41
0379   189.1   946.5     26.21     96.4     139    88     3.78     -3.78      -.14     7     -.4     141     0   0   0   0    22.8176   -65.2427      462     7.33      8.47      371.55
0380   189.6   947.2     26.26     96.4     133    88     3.77     -3.77      -.16     8     -.4     134     0   0   0   0    22.8176   -65.2428      440     7.32      8.45      371.66
0381   190.1   947.9     26.31     96.3     126    87     3.77     -3.77      -.18     8     -.4     127     0   0   0   0    22.8176   -65.2428      418     7.31      8.44      371.76
0382   190.6   948.6     26.36     96.3     119    87     3.78     -3.77      -.20     8     -.3     121     0   0   0   0    22.8176   -65.2428      397     7.33      8.46      371.84
0383   191.1   949.3     26.40     96.2     113    87     3.80     -3.79      -.22     8     -.2     114     0   0   0   0    22.8176   -65.2428      375     7.37      8.50      371.90
0384   191.6   950.0     26.45     96.1     107    87     3.83     -3.82      -.22     8     -.1     108     0   0   0   0    22.8176   -65.2428      354     7.42      8.57      371.96
0385   192.1   950.7     26.49     96.0     100    87     3.86     -3.85      -.20     8     -.1     102     0   0   0   0    22.8176   -65.2428      334     7.48      8.64      372.00
0386   192.6   951.3     26.54     95.9      94    88     3.89     -3.88      -.16     8      .0      95     0   0   0   0    22.8176   -65.2429      313     7.54      8.70      372.04
0387   193.1   952.0     26.59     95.7      88    88     3.90     -3.90      -.10     8      .0      89     0   0   0   0    22.8176   -65.2429      292     7.57      8.74      372.07
0388   193.6   952.7     26.65     95.5      81    89     3.90     -3.90      -.06     8      .0      83     0   0   0   0    22.8176   -65.2429      272     7.57      8.74      372.11
0389   194.1   953.4     26.70     95.3      75    90     3.90     -3.90      -.03     8      .0      76     0   0   0   0    22.8176   -65.2429      251     7.56      8.73      372.13
0390   194.6   954.1     26.75     95.1      68    90     3.89     -3.89      -.03     8     -.1      70     0   0   0   0    22.8176   -65.2429      230     7.56      8.72      372.16
0391   195.1   954.7     26.81     95.0      62    89     3.90     -3.90      -.04     8     -.1      64     0   0   0   0    22.8176   -65.2429      209     7.57      8.74      372.19
0392   195.6   955.4     26.86     94.8      56    89     3.93     -3.93      -.05     8     -.2      57     0   0   0   0    22.8176   -65.2430      188     7.62      8.80      372.25
0393   196.1   956.1     26.91     94.8      49    89     3.96     -3.96      -.05     8     -.3      51     0   0   0   0    22.8176   -65.2430      167     7.68      8.86      372.36
0394   196.6   956.8     26.97     94.7      43    90     3.98     -3.98      -.02     8     -.5      44     0   0   0   0    22.8176   -65.2430      146     7.72      8.91      372.53
0395   197.1   957.5     27.03     94.8      36    90     3.98     -3.98       .00     8     -.6      38     0   0   0   0    22.8176   -65.2430      124     7.72      8.91      372.74
0396   197.6   958.2     27.09     94.8      30    90     3.95     -3.95       .00     8     -.7      31     3   3   3   3    22.8176   -65.2430      103     7.66      8.84      372.95
0397   198.1   959.0     27.14     94.6      23    89     3.92     -3.92      -.08     8     -.8      24     0   0   0   0    22.8176   -65.2431       80     7.61      8.79      373.03
0398   198.6   959.7     27.19     94.3      16    86     3.98     -3.97      -.31     8     -.9      17     0   0   0   0    22.8176   -65.2431       57     7.73      8.92      372.89
0399   199.1   960.5     27.23     94.8       9    82     4.25     -4.21      -.59     8    -1.1      10     0   0   0   0    22.8176   -65.2431       34     8.25      9.52      373.34
