 ===========================================================================
 DROPWINDSONDE PROCESSING RECORD                            Sonde: 984925170
 PDS file written Jul  9, 2004.                             Format:    V5.06
 Aircraft: AFRES C-130                       Date: 990914   Time: 172138 UTC
 ---------------------------------------------------------------------------
 Bias corrections:  PR =    .0 mb  TE =    .0 C  RH =    .0 %  PRB =   .0 mb
 Filters (LPF):     PTH =   5 s    WIND =   5 s       Hyd anchor =       SFC
 Dyn RH correction =  N     WSHR COR =      Y         Splash PR  =  932.1 mb
 Estimated PR used =  N     GPS VERR =    .12 m/s     HYD SFCP   =  931.8 mb
 Dyn T correction  =  Y     WGACORR  =    1.3 m       AC GA ADJ  =     .0 m
 ---------------------------------------------------------------------------
 COMMENTS: None                                                        
 ===========================================================================

 ==============================================================================
 Date: 990914   Lat:  26.00 N   TA:   17.0 C   PS:  698.0 mb   WD:   166 deg
 Time: 172138   Lon:  76.91 W   TD:   14.8 C   GA:   2523 m    WS:   2.0 m/s
 SID:  984925170                RH:   86.7 %   Navaid:   GP          
 ===========================================================================

IX      t (s)  P (mb)    T (C)    RH (%)  Z (m)   WD    WS (m/s)   U (m/s)   V (m/s)  NS  WZ (m/s)  ZW (m)   FP  FT  FH  FW   LAT (N)    LON (E)  ZW (ft)  WS (kt)  WS (mph)  THETAE (K)
0001      .2   698.6     17.01     86.9    2526   168     1.95      -.41      1.91  -999  -999.0    2528     3   3   4   3    26.0000   -76.9100     8293     3.79      4.38      371.01
0002      .7   699.1     17.02     87.1    2519   177     1.80      -.10      1.80  -999  -999.0    2521     3   3   4   3    26.0000   -76.9100     8270     3.50      4.04      371.03
0003     1.2   699.7     17.03     87.3    2512   179     1.77      -.02      1.77  -999  -999.0    2514     3   3   4   3    26.0000   -76.9100     8247     3.44      3.97      371.05
0004     1.7   700.3     17.04     87.5    2505   182     1.74       .06      1.74  -999  -999.0    2507     3   3   4   3    26.0000   -76.9100     8224     3.38      3.91      371.07
0005     2.2   700.9     17.05     87.7    2498   185     1.72       .14      1.71  -999  -999.0    2500     3   3   4   3    26.0000   -76.9100     8201     3.34      3.85      371.09
0006     2.7   701.4     17.06     87.8    2491   187     1.70       .22      1.69  -999  -999.0    2493     3   3   4   3    26.0000   -76.9100     8178     3.30      3.81      371.11
0007     3.2   702.0     17.07     88.0    2484   190     1.68       .30      1.66  -999  -999.0    2486     3   3   4   3    26.0001   -76.9100     8155     3.27      3.77      371.13
0008     3.7   702.6     17.08     88.2    2477   193     1.67       .37      1.63  -999  -999.0    2479     3   3   4   3    26.0001   -76.9100     8132     3.24      3.74      371.15
0009     4.2   703.1     17.09     88.4    2470   196     1.66       .45      1.60  -999  -999.0    2472     3   3   4   3    26.0001   -76.9100     8109     3.23      3.72      371.17
0010     4.7   703.7     17.10     88.6    2463   199     1.66       .53      1.57  -999  -999.0    2465     3   3   4   3    26.0001   -76.9100     8086     3.22      3.72      371.19
0011     5.2   704.3     17.11     88.8    2456   202     1.66       .61      1.54  -999  -999.0    2458     3   3   4   3    26.0001   -76.9100     8064     3.22      3.72      371.21
0012     5.7   704.8     17.12     89.0    2450   205     1.66       .69      1.51  -999  -999.0    2451     3   3   4   3    26.0001   -76.9100     8041     3.23      3.73      371.24
0013     6.2   705.4     17.12     89.1    2443   207     1.67       .77      1.48  -999  -999.0    2444     3   3   4   3    26.0001   -76.9100     8018     3.24      3.75      371.26
0014     6.7   706.0     17.13     89.3    2436   210     1.69       .85      1.46  -999  -999.0    2437     3   3   4   3    26.0001   -76.9100     7995     3.27      3.77      371.28
0015     7.2   706.6     17.14     89.5    2429   213     1.70       .93      1.43  -999  -999.0    2430     3   3   4   3    26.0001   -76.9100     7973     3.30      3.81      371.30
0016     7.7   707.1     17.15     89.7    2422   216     1.72      1.01      1.40  -999  -999.0    2423     3   3   4   3    26.0001   -76.9100     7950     3.34      3.86      371.32
0017     8.2   707.7     17.17     89.9    2415   218     1.75      1.09      1.37  -999  -999.0    2416     3   3   4   3    26.0001   -76.9100     7927     3.39      3.91      371.35
0018     8.7   708.3     17.18     90.1    2408   221     1.78      1.17      1.34  -999  -999.0    2409     3   3   4   3    26.0001   -76.9100     7904     3.45      3.98      371.37
0019     9.2   708.8     17.19     90.3    2401   224     1.81      1.25      1.31  -999  -999.0    2402     3   3   4   3    26.0001   -76.9100     7882     3.51      4.05      371.40
0020     9.7   709.4     17.20     90.4    2394   226     1.84      1.32      1.28  -999  -999.0    2395     3   3   4   3    26.0001   -76.9099     7859     3.57      4.12      371.42
0021    10.2   710.0     17.21     90.6    2387   228     1.87      1.39      1.25  -999  -999.0    2389     3   3   4   3    26.0001   -76.9099     7836     3.64      4.20      371.45
0022    10.7   710.6     17.22     90.8    2380   230     1.91      1.47      1.23  -999  -999.0    2382     3   3   4   3    26.0002   -76.9099     7814     3.71      4.29      371.48
0023    11.2   711.1     17.23     91.0    2373   232     1.96      1.54      1.21  -999  -999.0    2375     3   3   4   3    26.0002   -76.9099     7791     3.80      4.39      371.51
0024    11.7   711.7     17.24     91.2    2367   234     2.01      1.63      1.18  -999  -999.0    2368     3   3   4   3    26.0002   -76.9099     7769     3.90      4.51      371.54
0025    12.2   712.3     17.25     91.4    2360   236     2.07      1.72      1.15  -999  -999.0    2361     3   3   4   3    26.0002   -76.9099     7746     4.02      4.64      371.57
0026    12.7   712.8     17.27     91.6    2353   239     2.13      1.82      1.11  -999  -999.0    2354     3   3   4   3    26.0002   -76.9099     7723     4.14      4.78      371.60
0027    13.2   713.4     17.28     91.7    2346   241     2.20      1.92      1.07  -999  -999.0    2347     3   3   4   3    26.0002   -76.9099     7701     4.26      4.92      371.63
0028    13.7   714.0     17.29     91.9    2339   243     2.25      2.00      1.02  -999  -999.0    2340     3   3   4   3    26.0002   -76.9099     7679     4.36      5.03      371.67
0029    14.2   714.5     17.30     92.1    2332   244     2.28      2.05       .99  -999  -999.0    2334     3   3   4   3    26.0002   -76.9099     7656     4.42      5.10      371.71
0030    14.7   715.1     17.32     92.3    2325   245     2.28      2.07       .97  -999  -999.0    2327     3   3   4   3    26.0002   -76.9099     7634     4.43      5.12      371.77
0031    15.2   715.7     17.34     92.5    2319   244     2.27      2.05       .98     5  -999.0    2320     0   0   4   0    26.0002   -76.9099     7611     4.41      5.09      371.83
0032    15.7   716.3     17.36     92.7    2312   243     2.25      2.00      1.02     5      .5    2313     0   0   4   0    26.0002   -76.9099     7588     4.36      5.03      371.90
0033    16.2   716.8     17.38     92.9    2305   241     2.22      1.94      1.08     5      .5    2306     0   0   4   0    26.0002   -76.9098     7566     4.31      4.97      371.99
0034    16.7   717.4     17.41     93.0    2298   238     2.20      1.87      1.15     5      .5    2299     0   0   4   0    26.0002   -76.9098     7543     4.27      4.93      372.07
0035    17.2   718.0     17.43     93.2    2291   236     2.19      1.81      1.23     5      .5    2292     0   0   4   0    26.0002   -76.9098     7520     4.25      4.91      372.16
0036    17.7   718.6     17.46     93.4    2284   234     2.19      1.76      1.30     5      .5    2285     0   0   4   0    26.0002   -76.9098     7497     4.25      4.90      372.25
0037    18.2   719.2     17.48     93.6    2277   232     2.19      1.72      1.35     5      .5    2278     0   0   4   0    26.0002   -76.9098     7474     4.25      4.90      372.34
0038    18.7   719.8     17.50     93.8    2270   231     2.18      1.70      1.37     5      .5    2271     0   0   4   0    26.0002   -76.9098     7451     4.24      4.89      372.42
0039    19.2   720.3     17.53     94.0    2263   231     2.17      1.69      1.36     5      .5    2264     0   0   4   0    26.0002   -76.9098     7428     4.22      4.87      372.51
0040    19.7   720.9     17.55     94.2    2256   232     2.16      1.69      1.34     5      .5    2257     0   0   4   0    26.0002   -76.9098     7406     4.19      4.84      372.59
0041    20.2   721.5     17.57     94.3    2249   232     2.15      1.70      1.31     5      .4    2250     0   0   4   0    26.0003   -76.9098     7383     4.17      4.81      372.67
0042    20.7   722.1     17.59     94.5    2242   233     2.15      1.72      1.29     5      .4    2243     0   0   4   0    26.0003   -76.9098     7360     4.18      4.82      372.75
0043    21.2   722.7     17.62     94.7    2235   234     2.18      1.75      1.29     5      .3    2236     0   0   4   0    26.0003   -76.9098     7337     4.22      4.88      372.84
0044    21.7   723.3     17.64     94.9    2228   234     2.22      1.79      1.32     5      .2    2229     0   0   4   0    26.0003   -76.9098     7314     4.31      4.97      372.93
0045    22.2   723.9     17.67     95.1    2221   233     2.28      1.83      1.36     5      .2    2222     0   0   4   3    26.0003   -76.9098     7291     4.42      5.10      373.03
0046    22.7   724.5     17.69     95.3    2214   233     2.34      1.85      1.42     5      .2    2215     0   0   4   0    26.0003   -76.9097     7267     4.53      5.23      373.12
0047    23.2   725.1     17.72     95.5    2207   231     2.38      1.86      1.48     5      .2    2208     0   0   4   0    26.0003   -76.9097     7244     4.61      5.32      373.22
0048    23.7   725.7     17.74     95.7    2200   230     2.38      1.83      1.53     5      .2    2201     0   0   4   0    26.0003   -76.9097     7221     4.63      5.34      373.32
0049    24.2   726.3     17.77     95.8    2193   229     2.36      1.77      1.56     5      .2    2194     0   0   4   0    26.0003   -76.9097     7198     4.57      5.28      373.42
0050    24.7   726.9     17.80     96.0    2185   227     2.30      1.68      1.57     5      .2    2187     0   0   4   0    26.0003   -76.9097     7175     4.46      5.14      373.52
0051    25.2   727.4     17.83     96.2    2178   225     2.22      1.58      1.56     5      .2    2180     0   0   4   0    26.0003   -76.9097     7151     4.30      4.97      373.62
0052    25.7   728.0     17.85     96.4    2171   224     2.14      1.48      1.55     5      .1    2173     0   0   4   3    26.0003   -76.9097     7128     4.15      4.79      373.73
0053    26.2   728.6     17.88     96.6    2164   222     2.08      1.40      1.54     5      .1    2166     0   0   4   0    26.0003   -76.9097     7105     4.04      4.66      373.85
0054    26.7   729.2     17.91     96.8    2157   221     2.06      1.36      1.54     5      .0    2159     0   0   4   0    26.0003   -76.9097     7082     3.99      4.61      373.99
0055    27.2   729.8     17.95     97.0    2150   221     2.07      1.35      1.56     5      .0    2151     0   0   4   0    26.0003   -76.9097     7058     4.01      4.63      374.14
0056    27.7   730.5     17.98     97.2    2143   221     2.09      1.37      1.59     5      .0    2144     0   0   4   0    26.0004   -76.9097     7035     4.06      4.69      374.28
0057    28.2   731.1     18.01     97.4    2136   221     2.12      1.39      1.60     5      .0    2137     0   0   0   0    26.0004   -76.9097     7011     4.12      4.75      374.42
0058    28.7   731.7     18.04     97.6    2129   221     2.13      1.40      1.60     5      .0    2130     0   0   0   0    26.0004   -76.9097     6988     4.13      4.76      374.52
0059    29.2   732.3     18.07     97.7    2121   221     2.09      1.38      1.57     5      .0    2123     0   0   0   0    26.0004   -76.9096     6964     4.06      4.68      374.59
0060    29.7   732.9     18.09     97.7    2114   221     2.01      1.32      1.52     5     -.1    2116     0   0   0   0    26.0004   -76.9096     6941     3.90      4.51      374.62
0061    30.2   733.5     18.12     97.8    2107   221     1.90      1.25      1.44     5     -.1    2108     0   0   0   0    26.0004   -76.9096     6917     3.69      4.26      374.61
0062    30.7   734.1     18.14     97.8    2100   221     1.78      1.16      1.35     5     -.1    2101     0   0   0   0    26.0004   -76.9096     6894     3.45      3.99      374.59
0063    31.2   734.7     18.16     97.8    2093   221     1.67      1.09      1.27     5     -.1    2094     0   0   0   0    26.0004   -76.9096     6871     3.25      3.75      374.57
0064    31.7   735.3     18.18     97.9    2086   221     1.61      1.05      1.22     5     -.2    2087     0   0   0   0    26.0004   -76.9096     6847     3.12      3.60      374.56
0065    32.2   735.9     18.21     97.9    2078   222     1.59      1.05      1.19     5     -.2    2080     0   0   0   0    26.0004   -76.9096     6823     3.08      3.56      374.59
0066    32.7   736.6     18.24     98.0    2071   223     1.62      1.11      1.19     5     -.3    2072     0   0   0   0    26.0004   -76.9096     6799     3.15      3.63      374.66
0067    33.2   737.2     18.27     98.1    2064   225     1.70      1.20      1.20     5     -.3    2065     0   0   0   0    26.0004   -76.9096     6776     3.30      3.81      374.76
0068    33.7   737.8     18.31     98.3    2057   227     1.80      1.32      1.23     5     -.3    2058     0   0   0   0    26.0004   -76.9096     6752     3.50      4.04      374.89
0069    34.2   738.4     18.35     98.4    2049   229     1.92      1.44      1.26     5     -.4    2051     0   0   0   0    26.0004   -76.9096     6728     3.72      4.29      375.02
0070    34.7   739.1     18.38     98.6    2042   230     2.02      1.55      1.29     5     -.4    2043     0   0   0   0    26.0004   -76.9096     6704     3.92      4.53      375.16
0071    35.2   739.7     18.42     98.8    2035   231     2.11      1.64      1.33     5     -.5    2036     0   0   0   0    26.0005   -76.9096     6680     4.09      4.72      375.29
0072    35.7   740.3     18.45     98.9    2027   231     2.17      1.69      1.36     5     -.6    2029     0   0   0   0    26.0005   -76.9095     6656     4.21      4.86      375.41
0073    36.2   740.9     18.49     99.0    2020   231     2.22      1.71      1.41     5     -.6    2021     0   0   0   0    26.0005   -76.9095     6632     4.30      4.96      375.52
0074    36.7   741.6     18.53     99.1    2013   230     2.24      1.72      1.45     5     -.7    2014     0   0   0   0    26.0005   -76.9095     6607     4.35      5.03      375.63
0075    37.2   742.2     18.56     99.2    2005   229     2.26      1.71      1.48     5     -.8    2006     0   0   0   0    26.0005   -76.9095     6583     4.38      5.06      375.73
0076    37.7   742.9     18.60     99.3    1998   229     2.27      1.71      1.49     5     -.8    1999     0   0   0   0    26.0005   -76.9095     6558     4.39      5.07      375.84
0077    38.2   743.5     18.64     99.4    1990   229     2.26      1.72      1.47     5     -.8    1991     0   0   0   0    26.0005   -76.9095     6533     4.38      5.06      375.93
0078    38.7   744.2     18.68     99.5    1983   231     2.25      1.74      1.42     5     -.8    1984     0   0   0   0    26.0005   -76.9095     6509     4.36      5.04      376.02
0079    39.2   744.8     18.72     99.5    1975   233     2.24      1.77      1.36     5     -.7    1976     0   0   0   0    26.0005   -76.9095     6484     4.34      5.01      376.09
0080    39.7   745.5     18.75     99.6    1968   235     2.23      1.82      1.29     5     -.7    1969     0   0   0   0    26.0005   -76.9095     6460     4.32      4.99      376.14
0081    40.2   746.1     18.78     99.6    1960   237     2.24      1.87      1.22     5     -.7    1961     0   0   0   0    26.0005   -76.9095     6435     4.34      5.01      376.18
0082    40.7   746.7     18.81     99.7    1953   239     2.26      1.92      1.18     5     -.6    1954     0   0   0   0    26.0005   -76.9095     6411     4.38      5.05      376.19
0083    41.2   747.4     18.83     99.7    1945   240     2.29      1.97      1.16     5     -.6    1947     0   0   0   0    26.0005   -76.9095     6387     4.44      5.12      376.20
0084    41.7   748.0     18.85     99.8    1938   240     2.32      2.01      1.16     5     -.6    1939     0   0   0   0    26.0005   -76.9095     6363     4.51      5.20      376.19
0085    42.2   748.6     18.87     99.8    1931   240     2.35      2.03      1.18     5     -.6    1932     0   0   0   0    26.0005   -76.9094     6339     4.56      5.27      376.19
0086    42.7   749.3     18.90     99.8    1923   239     2.36      2.04      1.20     5     -.6    1925     0   0   0   0    26.0005   -76.9094     6315     4.59      5.30      376.18
0087    43.2   749.9     18.92     99.8    1916   239     2.36      2.02      1.21     5     -.6    1917     0   0   0   0    26.0005   -76.9094     6291     4.57      5.28      376.17
0088    43.7   750.5     18.95     99.8    1909   239     2.32      1.99      1.20     5     -.6    1910     0   0   0   0    26.0005   -76.9094     6266     4.50      5.20      376.16
0089    44.2   751.2     18.98     99.8    1901   239     2.26      1.94      1.16     5     -.6    1903     0   0   0   3    26.0006   -76.9094     6242     4.39      5.07      376.15
0090    44.7   751.8     19.02     99.7    1894   239     2.20      1.89      1.12     5     -.5    1895     0   0   0   0    26.0006   -76.9094     6218     4.26      4.92      376.14
0091    45.2   752.5     19.05     99.7    1887   240     2.13      1.84      1.07     5     -.5    1888     0   0   0   0    26.0006   -76.9094     6194     4.13      4.77      376.13
0092    45.7   753.1     19.09     99.6    1879   240     2.07      1.80      1.02     5     -.4    1881     0   0   0   0    26.0006   -76.9094     6170     4.02      4.64      376.13
0093    46.2   753.7     19.12     99.5    1872   241     2.04      1.77      1.00     5     -.3    1873     0   0   0   0    26.0006   -76.9094     6146     3.95      4.56      376.13
0094    46.7   754.4     19.15     99.5    1865   240     2.03      1.77      1.00     6     -.1    1866     0   0   0   0    26.0006   -76.9094     6123     3.94      4.55      376.15
0095    47.2   755.0     19.19     99.5    1858   240     2.05      1.78      1.02     6      .0    1859     0   0   0   0    26.0006   -76.9094     6099     3.98      4.60      376.18
0096    47.7   755.6     19.22     99.5    1851   239     2.10      1.81      1.07     6      .1    1852     0   0   0   0    26.0006   -76.9094     6077     4.07      4.70      376.23
0097    48.2   756.2     19.25     99.6    1844   239     2.16      1.85      1.12     6      .1    1845     0   0   0   0    26.0006   -76.9094     6054     4.19      4.84      376.30
0098    48.7   756.8     19.29     99.7    1837   238     2.23      1.89      1.18     6      .1    1838     0   0   0   0    26.0006   -76.9093     6031     4.32      4.99      376.37
0099    49.2   757.4     19.32     99.8    1830   237     2.29      1.93      1.24     6      .1    1831     0   0   0   0    26.0006   -76.9093     6009     4.44      5.13      376.44
0100    49.7   758.0     19.35     99.8    1823   237     2.34      1.95      1.29     6      .0    1825     0   0   0   0    26.0006   -76.9093     5986     4.55      5.25      376.51
0101    50.2   758.6     19.37     99.9    1816   236     2.38      1.97      1.34     6     -.1    1818     0   0   0   0    26.0006   -76.9093     5963     4.63      5.34      376.56
0102    50.7   759.2     19.40    100.0    1809   235     2.41      1.98      1.38     6     -.1    1810     0   0   0   0    26.0006   -76.9093     5940     4.68      5.40      376.59
0103    51.2   759.9     19.43    100.0    1802   234     2.43      1.97      1.42     6     -.2    1803     0   0   0   0    26.0006   -76.9093     5916     4.71      5.44      376.60
0104    51.7   760.5     19.45    100.0    1795   233     2.44      1.95      1.46     6     -.2    1796     0   0   0   0    26.0006   -76.9093     5893     4.73      5.46      376.60
0105    52.2   761.1     19.48    100.0    1788   232     2.45      1.93      1.50     6     -.3    1789     0   0   0   0    26.0006   -76.9093     5869     4.74      5.48      376.59
0106    52.7   761.8     19.51    100.0    1780   231     2.45      1.90      1.55     6     -.2    1782     0   0   0   0    26.0006   -76.9093     5845     4.76      5.49      376.59
0107    53.2   762.4     19.54    100.0    1773   229     2.46      1.87      1.60     6     -.2    1775     0   0   0   0    26.0007   -76.9093     5822     4.77      5.51      376.60
0108    53.7   763.0     19.57    100.0    1766   228     2.47      1.83      1.66     6     -.2    1767     0   0   0   0    26.0007   -76.9093     5799     4.79      5.53      376.61
0109    54.2   763.6     19.60    100.0    1759   226     2.47      1.79      1.70     6     -.2    1760     0   0   0   0    26.0007   -76.9093     5776     4.80      5.54      376.64
0110    54.7   764.2     19.63    100.0    1752   225     2.47      1.76      1.74     6     -.2    1753     0   0   0   0    26.0007   -76.9093     5753     4.80      5.54      376.66
0111    55.2   764.9     19.66    100.0    1745   224     2.46      1.73      1.76     6     -.3    1746     0   0   0   0    26.0007   -76.9092     5730     4.78      5.52      376.69
0112    55.7   765.5     19.69    100.0    1738   224     2.45      1.70      1.76     6     -.3    1739     0   0   0   0    26.0007   -76.9092     5706     4.74      5.48      376.71
0113    56.2   766.1     19.72    100.0    1731   224     2.42      1.68      1.74     6     -.4    1732     0   0   0   0    26.0007   -76.9092     5683     4.69      5.42      376.72
0114    56.7   766.8     19.75    100.0    1723   224     2.39      1.67      1.71     6     -.5    1725     0   0   0   3    26.0007   -76.9092     5659     4.63      5.35      376.73
0115    57.2   767.4     19.78    100.0    1716   225     2.36      1.65      1.68     6     -.5    1717     0   0   0   0    26.0007   -76.9092     5635     4.57      5.28      376.73
0116    57.7   768.1     19.81    100.0    1709   225     2.33      1.64      1.65     6     -.5    1710     0   0   0   0    26.0007   -76.9092     5611     4.51      5.21      376.72
0117    58.2   768.7     19.83    100.0    1702   224     2.30      1.61      1.64     6     -.5    1703     0   0   0   0    26.0007   -76.9092     5587     4.46      5.15      376.72
0118    58.7   769.4     19.86    100.0    1694   224     2.28      1.57      1.65     6     -.5    1696     0   0   0   0    26.0007   -76.9092     5563     4.42      5.10      376.72
0119    59.2   770.0     19.89    100.0    1687   222     2.26      1.52      1.67     6     -.5    1688     0   0   0   0    26.0007   -76.9092     5540     4.39      5.07      376.71
0120    59.7   770.6     19.92    100.0    1680   221     2.26      1.48      1.70     6     -.4    1681     0   0   0   0    26.0008   -76.9092     5516     4.38      5.05      376.72
0121    60.2   771.3     19.94    100.0    1673   220     2.26      1.44      1.74     6     -.4    1674     0   0   0   0    26.0008   -76.9092     5493     4.37      5.05      376.72
0122    60.7   771.9     19.97    100.0    1666   219     2.26      1.41      1.76     6     -.5    1667     0   0   0   0    26.0008   -76.9092     5469     4.38      5.05      376.73
0123    61.2   772.5     20.00    100.0    1659   218     2.26      1.40      1.77     6     -.5    1660     0   0   0   0    26.0008   -76.9092     5446     4.38      5.05      376.74
0124    61.7   773.2     20.03    100.0    1651   219     2.25      1.41      1.76     6     -.6    1653     0   0   0   0    26.0008   -76.9091     5422     4.37      5.05      376.74
0125    62.2   773.8     20.06    100.0    1644   219     2.25      1.43      1.74     6     -.6    1645     0   0   0   0    26.0008   -76.9091     5398     4.36      5.04      376.75
0126    62.7   774.5     20.09    100.0    1637   221     2.24      1.46      1.70     6     -.6    1638     0   0   0   0    26.0008   -76.9091     5374     4.35      5.02      376.75
0127    63.2   775.1     20.12    100.0    1629   222     2.24      1.50      1.67     6     -.6    1631     0   0   0   0    26.0008   -76.9091     5350     4.34      5.02      376.75
0128    63.7   775.8     20.14    100.0    1622   223     2.24      1.53      1.64     6     -.6    1623     0   0   0   0    26.0008   -76.9091     5326     4.35      5.02      376.74
0129    64.2   776.4     20.17    100.0    1615   224     2.25      1.57      1.62     6     -.6    1616     0   0   0   0    26.0008   -76.9091     5302     4.37      5.05      376.74
0130    64.7   777.1     20.20    100.0    1608   225     2.28      1.60      1.62     6     -.6    1609     0   0   0   3    26.0008   -76.9091     5278     4.42      5.10      376.74
0131    65.2   777.7     20.22    100.0    1600   225     2.31      1.62      1.64     6     -.5    1602     0   0   0   0    26.0008   -76.9091     5255     4.48      5.17      376.74
0132    65.7   778.4     20.25    100.0    1593   225     2.35      1.65      1.67     6     -.5    1594     0   0   0   0    26.0008   -76.9091     5231     4.56      5.26      376.75
0133    66.2   779.0     20.29    100.0    1586   225     2.39      1.68      1.70     6     -.5    1587     0   0   0   0    26.0009   -76.9091     5208     4.64      5.35      376.78
0134    66.7   779.7     20.32    100.0    1579   225     2.43      1.71      1.72     6     -.5    1580     0   0   0   0    26.0009   -76.9091     5184     4.71      5.44      376.81
0135    67.2   780.3     20.35    100.0    1572   225     2.46      1.74      1.73     6     -.5    1573     0   0   0   0    26.0009   -76.9091     5161     4.76      5.50      376.85
0136    67.7   780.9     20.39    100.0    1565   226     2.47      1.76      1.73     6     -.5    1566     0   0   0   0    26.0009   -76.9091     5137     4.78      5.52      376.89
0137    68.2   781.6     20.42    100.0    1557   226     2.45      1.76      1.70     6     -.5    1559     0   0   0   0    26.0009   -76.9090     5114     4.76      5.50      376.93
0138    68.7   782.2     20.46    100.0    1550   226     2.42      1.75      1.67     6     -.5    1551     0   0   0   0    26.0009   -76.9090     5090     4.69      5.42      376.97
0139    69.2   782.9     20.49    100.0    1543   226     2.36      1.71      1.63     6     -.5    1544     0   0   0   0    26.0009   -76.9090     5066     4.58      5.29      377.01
0140    69.7   783.5     20.53    100.0    1536   226     2.29      1.65      1.59     6     -.4    1537     0   0   0   0    26.0009   -76.9090     5043     4.45      5.13      377.06
0141    70.2   784.2     20.57    100.0    1529   225     2.22      1.58      1.56     6     -.4    1530     0   0   0   0    26.0009   -76.9090     5019     4.31      4.98      377.11
0142    70.7   784.8     20.60    100.0    1521   224     2.17      1.51      1.56     6     -.3    1523     3   3   3   0    26.0009   -76.9090     4996     4.21      4.86      377.16
0143    71.2   785.5     20.64    100.0    1514   223     2.14      1.46      1.57     6     -.2    1516     0   0   0   0    26.0009   -76.9090     4973     4.16      4.80      377.22
0144    71.7   786.1     20.68    100.0    1507   221     2.15      1.42      1.62     6     -.2    1509     0   0   0   0    26.0009   -76.9090     4950     4.18      4.82      377.29
0145    72.2   786.7     20.72    100.0    1500   220     2.19      1.40      1.69     6     -.1    1502     0   0   0   0    26.0009   -76.9090     4927     4.26      4.91      377.34
0146    72.7   787.3     20.75    100.0    1494   218     2.26      1.40      1.77     6      .0    1495     0   0   0   0    26.0010   -76.9090     4904     4.38      5.05      377.38
0147    73.2   788.0     20.78    100.0    1487   217     2.32      1.41      1.84     6      .0    1488     0   0   0   0    26.0010   -76.9090     4882     4.50      5.20      377.42
0148    73.7   788.6     20.81    100.0    1480   217     2.37      1.41      1.90     6      .1    1481     0   0   0   0    26.0010   -76.9090     4859     4.59      5.30      377.44
0149    74.2   789.2     20.84    100.0    1473   216     2.38      1.40      1.92     6      .1    1474     0   0   0   0    26.0010   -76.9090     4837     4.61      5.33      377.44
0150    74.7   789.8     20.87     99.9    1466   216     2.34      1.37      1.90     6      .1    1467     0   0   0   0    26.0010   -76.9090     4814     4.55      5.25      377.40
0151    75.2   790.4     20.90     99.7    1459   215     2.27      1.32      1.85     6      .2    1460     0   0   0   0    26.0010   -76.9089     4792     4.40      5.08      377.33
0152    75.7   791.1     20.93     99.6    1452   215     2.16      1.26      1.76     6      .2    1454     0   0   0   0    26.0010   -76.9089     4769     4.20      4.84      377.25
0153    76.2   791.7     20.96     99.4    1446   216     2.05      1.20      1.67     6      .3    1447     0   0   0   0    26.0010   -76.9089     4747     3.98      4.60      377.17
0154    76.7   792.3     20.99     99.3    1439   216     1.97      1.16      1.59     6      .3    1440     0   0   0   0    26.0010   -76.9089     4725     3.82      4.41      377.10
0155    77.2   792.9     21.02     99.1    1432   217     1.92      1.15      1.54     6      .4    1433     0   0   0   0    26.0010   -76.9089     4703     3.73      4.31      377.04
0156    77.7   793.5     21.05     99.1    1425   218     1.93      1.18      1.53     6      .4    1427     0   0   0   0    26.0010   -76.9089     4681     3.75      4.33      377.01
0157    78.2   794.1     21.07     99.1    1419   218     2.00      1.23      1.57     6      .4    1420     0   0   0   0    26.0010   -76.9089     4659     3.87      4.47      376.99
0158    78.7   794.7     21.09     99.1    1412   218     2.09      1.30      1.64     6      .4    1413     0   0   0   3    26.0010   -76.9089     4637     4.06      4.68      377.00
0159    79.2   795.3     21.12     99.2    1405   219     2.20      1.37      1.72     6      .3    1407     0   0   0   3    26.0011   -76.9089     4615     4.27      4.92      377.02
0160    79.7   795.9     21.14     99.2    1399   219     2.29      1.44      1.79     6      .3    1400     0   0   0   0    26.0011   -76.9089     4593     4.45      5.14      377.05
0161    80.2   796.6     21.17     99.3    1392   219     2.36      1.49      1.84     6      .2    1393     0   0   0   0    26.0011   -76.9089     4571     4.58      5.29      377.07
0162    80.7   797.2     21.20     99.3    1385   219     2.40      1.52      1.86     6      .1    1387     0   0   0   0    26.0011   -76.9089     4549     4.66      5.38      377.09
0163    81.2   797.8     21.23     99.3    1378   220     2.42      1.55      1.86     6      .1    1380     0   0   0   0    26.0011   -76.9089     4527     4.69      5.42      377.11
0164    81.7   798.4     21.26     99.2    1372   220     2.43      1.57      1.85     6      .1    1373     0   0   0   0    26.0011   -76.9088     4504     4.71      5.44      377.14
0165    82.2   799.1     21.29     99.3    1365   221     2.46      1.60      1.86     6      .0    1366     0   0   0   0    26.0011   -76.9088     4481     4.77      5.50      377.18
0166    82.7   799.7     21.32     99.3    1358   221     2.51      1.64      1.90     6      .0    1359     0   0   0   0    26.0011   -76.9088     4459     4.87      5.62      377.26
0167    83.2   800.3     21.36     99.4    1351   221     2.60      1.70      1.97     6      .0    1352     0   0   0   0    26.0011   -76.9088     4436     5.04      5.82      377.36
0168    83.7   801.0     21.39     99.5    1344   220     2.71      1.75      2.07     6      .0    1345     0   0   0   0    26.0011   -76.9088     4414     5.25      6.07      377.50
0169    84.2   801.6     21.43     99.7    1337   220     2.83      1.81      2.18     6      .1    1339     0   0   0   0    26.0011   -76.9088     4392     5.49      6.34      377.66
0170    84.7   802.2     21.47     99.8    1330   219     2.94      1.85      2.28     6      .1    1332     0   0   0   0    26.0011   -76.9088     4369     5.70      6.58      377.83
0171    85.2   802.8     21.51    100.0    1324   219     3.02      1.89      2.35     6      .1    1325     0   0   0   0    26.0012   -76.9088     4347     5.85      6.76      377.99
0172    85.7   803.5     21.55    100.0    1317   219     3.06      1.91      2.39     7      .1    1318     0   0   0   0    26.0012   -76.9088     4325     5.93      6.85      378.10
0173    86.2   804.1     21.59    100.0    1310   219     3.06      1.92      2.38     7      .0    1311     0   0   0   0    26.0012   -76.9088     4302     5.94      6.85      378.19
0174    86.7   804.7     21.63    100.0    1303   219     3.03      1.92      2.34     7      .0    1304     0   0   0   0    26.0012   -76.9088     4280     5.88      6.79      378.27
0175    87.2   805.3     21.67    100.0    1296   220     2.99      1.92      2.29     7      .0    1298     0   0   0   0    26.0012   -76.9088     4257     5.80      6.69      378.33
0176    87.7   806.0     21.70    100.0    1289   221     2.95      1.93      2.24     7      .1    1291     0   0   0   0    26.0012   -76.9088     4235     5.73      6.61      378.39
0177    88.2   806.6     21.74    100.0    1283   221     2.94      1.94      2.20     7      .1    1284     0   0   0   0    26.0012   -76.9087     4212     5.70      6.58      378.42
0178    88.7   807.2     21.77    100.0    1276   222     2.95      1.98      2.18     7      .1    1277     0   0   0   0    26.0012   -76.9087     4190     5.72      6.60      378.46
0179    89.2   807.9     21.81    100.0    1269   223     2.99      2.04      2.18     7      .1    1270     0   0   0   0    26.0012   -76.9087     4168     5.79      6.69      378.53
0180    89.7   808.5     21.85    100.0    1262   224     3.04      2.12      2.18     7      .1    1264     0   0   0   0    26.0013   -76.9087     4146     5.90      6.81      378.61
0181    90.2   809.1     21.89    100.0    1256   225     3.09      2.19      2.17     7      .1    1257     0   0   0   0    26.0013   -76.9087     4124     5.99      6.91      378.70
0182    90.7   809.7     21.93    100.0    1249   226     3.11      2.24      2.15     7      .0    1250     0   0   0   0    26.0013   -76.9087     4102     6.02      6.96      378.78
0183    91.2   810.3     21.96    100.0    1242   227     3.08      2.26      2.09     7     -.1    1243     0   0   0   0    26.0013   -76.9087     4080     5.97      6.90      378.85
0184    91.7   811.0     22.00    100.0    1235   228     3.00      2.23      2.00     7     -.2    1237     0   0   0   0    26.0013   -76.9087     4057     5.82      6.72      378.90
0185    92.2   811.6     22.03    100.0    1228   228     2.87      2.14      1.90     7     -.2    1230     0   0   0   0    26.0013   -76.9087     4034     5.56      6.42      378.92
0186    92.7   812.3     22.05    100.0    1221   228     2.70      2.01      1.80     7     -.3    1223     0   0   0   0    26.0013   -76.9087     4011     5.23      6.04      378.90
0187    93.2   812.9     22.07    100.0    1214   227     2.51      1.84      1.71     7     -.4    1216     0   0   0   0    26.0013   -76.9087     3988     4.88      5.63      378.86
0188    93.7   813.6     22.09    100.0    1207   225     2.34      1.66      1.65     7     -.4    1208     0   0   0   0    26.0013   -76.9087     3965     4.54      5.24      378.81
0189    94.2   814.2     22.11    100.0    1200   223     2.21      1.50      1.62     7     -.4    1201     0   0   0   0    26.0013   -76.9087     3942     4.28      4.94      378.76
0190    94.7   814.9     22.13    100.0    1193   220     2.12      1.37      1.62     6     -.4    1194     0   0   0   0    26.0013   -76.9086     3919     4.12      4.76      378.73
0191    95.2   815.5     22.15    100.0    1186   219     2.09      1.31      1.64     6     -.4    1187     0   0   0   0    26.0013   -76.9086     3896     4.06      4.69      378.71
0192    95.7   816.2     22.18    100.0    1179   218     2.10      1.29      1.66     7     -.4    1181     0   0   0   0    26.0014   -76.9086     3873     4.08      4.71      378.72
0193    96.2   816.8     22.21    100.0    1172   218     2.14      1.32      1.68     7     -.4    1174     0   0   0   0    26.0014   -76.9086     3850     4.15      4.79      378.75
0194    96.7   817.5     22.24    100.0    1165   219     2.18      1.38      1.69     7     -.4    1167     0   0   0   0    26.0014   -76.9086     3827     4.24      4.89      378.80
0195    97.2   818.1     22.28    100.0    1158   220     2.23      1.44      1.70     7     -.4    1160     0   0   0   0    26.0014   -76.9086     3804     4.32      4.99      378.84
0196    97.7   818.8     22.31    100.0    1151   221     2.26      1.49      1.70     7     -.4    1153     0   0   0   0    26.0014   -76.9086     3781     4.38      5.06      378.88
0197    98.2   819.5     22.34    100.0    1144   222     2.27      1.52      1.69     7     -.4    1146     0   0   0   0    26.0014   -76.9086     3758     4.41      5.09      378.90
0198    98.7   820.1     22.36    100.0    1137   222     2.27      1.53      1.68     7     -.4    1138     0   0   0   0    26.0014   -76.9086     3735     4.40      5.08      378.90
0199    99.2   820.8     22.39    100.0    1130   223     2.25      1.52      1.66     7     -.4    1131     0   0   0   0    26.0014   -76.9086     3712     4.37      5.05      378.87
0200    99.7   821.4     22.41    100.0    1123   223     2.23      1.51      1.64     7     -.4    1125     0   0   0   0    26.0014   -76.9086     3689     4.32      4.99      378.84
0201   100.2   822.1     22.43    100.0    1116   223     2.20      1.50      1.61     7     -.4    1118     0   0   0   0    26.0014   -76.9086     3667     4.27      4.93      378.80
0202   100.7   822.7     22.45    100.0    1109   224     2.17      1.50      1.57     7     -.4    1111     0   0   0   0    26.0014   -76.9086     3644     4.21      4.86      378.77
0203   101.2   823.4     22.47    100.0    1102   224     2.14      1.50      1.53     7     -.4    1104     0   0   0   0    26.0014   -76.9085     3621     4.16      4.80      378.74
0204   101.7   824.0     22.49    100.0    1095   225     2.12      1.50      1.50     7     -.4    1097     0   0   0   0    26.0014   -76.9085     3598     4.12      4.76      378.74
0205   102.2   824.7     22.52    100.0    1088   226     2.11      1.51      1.48     7     -.4    1090     0   0   0   0    26.0015   -76.9085     3575     4.10      4.73      378.74
0206   102.7   825.4     22.55    100.0    1081   226     2.11      1.51      1.48     7     -.4    1083     0   0   0   0    26.0015   -76.9085     3552     4.10      4.73      378.76
0207   103.2   826.0     22.58    100.0    1074   225     2.13      1.50      1.50     7     -.4    1076     0   0   0   0    26.0015   -76.9085     3529     4.12      4.76      378.77
0208   103.7   826.7     22.60    100.0    1067   224     2.15      1.50      1.54     7     -.4    1069     0   0   0   0    26.0015   -76.9085     3506     4.17      4.81      378.77
0209   104.2   827.3     22.63    100.0    1060   223     2.18      1.49      1.59     7     -.4    1062     0   0   0   0    26.0015   -76.9085     3483     4.23      4.88      378.75
0210   104.7   828.0     22.65    100.0    1053   223     2.21      1.50      1.63     7     -.4    1055     0   0   0   0    26.0015   -76.9085     3461     4.29      4.95      378.73
0211   105.2   828.6     22.67    100.0    1047   222     2.24      1.50      1.66     7     -.4    1048     0   0   0   0    26.0015   -76.9085     3438     4.34      5.01      378.69
0212   105.7   829.3     22.68    100.0    1040   222     2.25      1.52      1.66     7     -.4    1041     0   0   0   0    26.0015   -76.9085     3415     4.36      5.04      378.65
0213   106.2   830.0     22.70    100.0    1033   223     2.25      1.53      1.64     7     -.4    1034     0   0   0   0    26.0015   -76.9085     3392     4.36      5.03      378.61
0214   106.7   830.6     22.73    100.0    1026   224     2.23      1.55      1.60     7     -.4    1027     0   0   0   0    26.0015   -76.9085     3369     4.32      4.99      378.59
0215   107.2   831.3     22.75    100.0    1019   225     2.19      1.56      1.54     7     -.5    1020     0   0   0   0    26.0015   -76.9085     3347     4.25      4.91      378.59
0216   107.7   831.9     22.78    100.0    1012   227     2.14      1.56      1.47     7     -.5    1013     0   0   0   0    26.0015   -76.9084     3324     4.15      4.79      378.60
0217   108.2   832.6     22.81    100.0    1005   228     2.07      1.53      1.40     7     -.5    1006     0   0   0   0    26.0015   -76.9084     3301     4.02      4.64      378.63
0218   108.7   833.3     22.84    100.0     998   228     1.99      1.47      1.33     7     -.6     999     0   0   0   0    26.0015   -76.9084     3278     3.86      4.45      378.65
0219   109.2   833.9     22.87    100.0     991   227     1.89      1.39      1.28     7     -.6     992     0   0   0   0    26.0016   -76.9084     3254     3.67      4.24      378.67
0220   109.7   834.6     22.90    100.0     984   226     1.79      1.28      1.25     7     -.6     985     0   0   0   0    26.0016   -76.9084     3231     3.48      4.02      378.67
0221   110.2   835.3     22.92    100.0     977   223     1.70      1.16      1.24     7     -.5     978     0   0   0   0    26.0016   -76.9084     3208     3.30      3.81      378.66
0222   110.7   836.0     22.94    100.0     970   219     1.63      1.04      1.26     7     -.5     971     0   0   0   0    26.0016   -76.9084     3185     3.17      3.65      378.63
0223   111.2   836.6     22.96    100.0     963   215     1.59       .92      1.30     7     -.5     964     0   0   0   0    26.0016   -76.9084     3162     3.09      3.57      378.59
0224   111.7   837.3     22.98    100.0     956   211     1.59       .83      1.35     7     -.4     957     0   0   0   0    26.0016   -76.9084     3140     3.08      3.55      378.55
0225   112.2   837.9     23.00    100.0     949   208     1.61       .76      1.42     7     -.4     950     0   0   0   0    26.0016   -76.9084     3117     3.11      3.60      378.52
0226   112.7   838.6     23.02    100.0     942   206     1.64       .72      1.47     7     -.4     943     0   0   0   0    26.0016   -76.9084     3094     3.18      3.67      378.50
0227   113.2   839.2     23.05    100.0     935   205     1.67       .70      1.52     7     -.4     936     0   0   0   0    26.0016   -76.9084     3072     3.24      3.74      378.49
0228   113.7   839.9     23.07    100.0     928   204     1.70       .70      1.54     7     -.4     929     3   3   3   0    26.0016   -76.9084     3049     3.29      3.80      378.49
0229   114.2   840.6     23.10    100.0     921   205     1.72       .72      1.56     7     -.4     922     0   0   0   3    26.0016   -76.9084     3027     3.33      3.84      378.50
0230   114.7   841.2     23.13    100.0     914   206     1.74       .75      1.56     7     -.4     916     0   0   0   0    26.0016   -76.9084     3004     3.37      3.89      378.51
0231   115.2   841.9     23.15    100.0     907   207     1.77       .80      1.58     7     -.4     909     0   0   0   0    26.0016   -76.9084     2981     3.43      3.96      378.52
0232   115.7   842.6     23.18    100.0     900   209     1.83       .88      1.60     7     -.4     902     0   0   0   0    26.0016   -76.9084     2958     3.54      4.09      378.52
0233   116.2   843.2     23.20    100.0     893   211     1.92       .98      1.65     7     -.4     895     0   0   0   0    26.0016   -76.9084     2936     3.72      4.29      378.51
0234   116.7   843.9     23.23    100.0     887   213     2.04      1.11      1.71     7     -.4     888     0   0   0   0    26.0017   -76.9084     2913     3.96      4.57      378.49
0235   117.2   844.5     23.24    100.0     880   216     2.19      1.27      1.78     7     -.3     881     0   0   0   0    26.0017   -76.9083     2891     4.25      4.90      378.45
0236   117.7   845.2     23.26    100.0     873   218     2.36      1.46      1.85     7     -.3     874     0   0   0   0    26.0017   -76.9083     2868     4.57      5.28      378.39
0237   118.2   845.9     23.27    100.0     866   221     2.52      1.65      1.91     7     -.3     867     0   0   0   0    26.0017   -76.9083     2846     4.90      5.65      378.32
0238   118.7   846.5     23.28    100.0     859   223     2.68      1.84      1.95     7     -.2     861     0   0   0   0    26.0017   -76.9083     2823     5.20      6.00      378.23
0239   119.2   847.2     23.29    100.0     852   226     2.81      2.01      1.97     7     -.2     854     0   0   0   0    26.0017   -76.9083     2801     5.46      6.30      378.12
0240   119.7   847.8     23.29    100.0     846   228     2.93      2.16      1.98     7     -.1     847     0   0   0   0    26.0017   -76.9083     2778     5.68      6.55      378.01
0241   120.2   848.5     23.30    100.0     839   229     3.01      2.27      1.98     7      .0     840     0   0   0   0    26.0017   -76.9083     2756     5.85      6.75      377.90
0242   120.7   849.1     23.31    100.0     832   230     3.08      2.36      1.98     7      .1     833     0   0   0   0    26.0017   -76.9083     2734     5.97      6.90      377.80
0243   121.2   849.8     23.32    100.0     826   231     3.13      2.42      1.98     7      .2     827     0   0   0   0    26.0017   -76.9083     2713     6.07      7.01      377.72
0244   121.7   850.4     23.33    100.0     819   231     3.16      2.46      1.98     8      .3     820     0   0   0   0    26.0017   -76.9083     2692     6.13      7.08      377.66
0245   122.2   851.0     23.35    100.0     813   231     3.17      2.48      1.98     8      .3     814     0   0   0   0    26.0018   -76.9082     2670     6.16      7.11      377.61
0246   122.7   851.6     23.37    100.0     806   231     3.17      2.48      1.97     8      .3     807     0   0   0   0    26.0018   -76.9082     2649     6.15      7.10      377.59
0247   123.2   852.3     23.39    100.0     800   231     3.15      2.46      1.96     8      .3     801     0   0   0   0    26.0018   -76.9082     2628     6.10      7.05      377.59
0248   123.7   852.9     23.41    100.0     793   231     3.11      2.42      1.94     8      .2     794     0   0   0   0    26.0018   -76.9082     2606     6.03      6.96      377.59
0249   124.2   853.5     23.44    100.0     787   231     3.06      2.38      1.92     8      .2     788     0   0   0   0    26.0018   -76.9082     2585     5.93      6.85      377.60
0250   124.7   854.2     23.47    100.0     780   231     3.01      2.33      1.91     8      .2     781     0   0   0   0    26.0018   -76.9082     2563     5.84      6.75      377.61
0251   125.2   854.8     23.49    100.0     773   230     2.97      2.28      1.91     8      .2     775     0   0   0   0    26.0018   -76.9082     2541     5.77      6.66      377.62
0252   125.7   855.5     23.52    100.0     767   229     2.95      2.24      1.92     8      .2     768     0   0   0   0    26.0018   -76.9081     2520     5.73      6.61      377.62
0253   126.2   856.1     23.54    100.0     760   229     2.95      2.21      1.94     8      .2     761     0   0   0   0    26.0018   -76.9081     2498     5.72      6.60      377.62
0254   126.7   856.7     23.56    100.0     754   228     2.95      2.21      1.96     8      .2     755     0   0   0   0    26.0018   -76.9081     2477     5.73      6.62      377.61
0255   127.2   857.4     23.58    100.0     747   228     2.97      2.22      1.98     8      .2     748     0   0   0   0    26.0018   -76.9081     2456     5.76      6.65      377.58
0256   127.7   858.0     23.60    100.0     741   229     2.98      2.24      1.97     8      .2     742     0   0   0   0    26.0019   -76.9081     2434     5.79      6.68      377.54
0257   128.2   858.6     23.61    100.0     734   229     2.99      2.26      1.96     8      .2     735     0   0   0   0    26.0019   -76.9081     2413     5.80      6.70      377.48
0258   128.7   859.3     23.62    100.0     728   230     2.99      2.28      1.93     8      .2     729     0   0   0   0    26.0019   -76.9081     2391     5.79      6.69      377.41
0259   129.2   859.9     23.63    100.0     721   230     2.97      2.29      1.90     8      .2     722     0   0   0   0    26.0019   -76.9081     2369     5.77      6.66      377.32
0260   129.7   860.6     23.64    100.0     714   231     2.95      2.28      1.86     8      .2     716     0   0   0   0    26.0019   -76.9081     2348     5.72      6.60      377.23
0261   130.2   861.2     23.65    100.0     708   231     2.91      2.26      1.84     8      .2     709     0   0   0   0    26.0019   -76.9081     2326     5.65      6.53      377.14
0262   130.7   861.9     23.66    100.0     701   231     2.87      2.23      1.82     8      .3     702     0   0   0   0    26.0019   -76.9081     2305     5.58      6.44      377.06
0263   131.2   862.5     23.68    100.0     695   230     2.83      2.18      1.81     8      .3     696     0   0   0   0    26.0019   -76.9081     2284     5.49      6.34      377.01
0264   131.7   863.1     23.70    100.0     688   230     2.79      2.13      1.80     8      .3     690     0   0   0   0    26.0019   -76.9081     2262     5.40      6.24      376.99
0265   132.2   863.7     23.72    100.0     682   229     2.74      2.08      1.79     8      .3     683     0   0   0   0    26.0019   -76.9081     2241     5.32      6.14      377.00
0266   132.7   864.4     23.75    100.0     675   229     2.71      2.04      1.78     8      .3     677     0   0   0   0    26.0019   -76.9080     2220     5.25      6.06      377.03
0267   133.2   865.0     23.78    100.0     669   228     2.68      2.01      1.78     8      .3     670     0   0   0   0    26.0019   -76.9080     2199     5.21      6.01      377.07
0268   133.7   865.6     23.81    100.0     663   228     2.68      1.99      1.79     8      .2     664     0   0   0   0    26.0020   -76.9080     2178     5.20      6.00      377.11
0269   134.2   866.3     23.84    100.0     656   228     2.69      1.99      1.82     8      .2     657     0   0   0   0    26.0020   -76.9080     2156     5.23      6.04      377.15
0270   134.7   866.9     23.87    100.0     649   227     2.73      2.00      1.86     8      .1     651     0   0   0   0    26.0020   -76.9080     2135     5.29      6.11      377.18
0271   135.2   867.6     23.90    100.0     643   226     2.78      2.01      1.91     8      .0     644     0   0   0   0    26.0020   -76.9080     2113     5.39      6.22      377.21
0272   135.7   868.2     23.93    100.0     636   226     2.83      2.03      1.97     8      .0     638     0   0   0   0    26.0020   -76.9080     2092     5.50      6.35      377.24
0273   136.2   868.9     23.96    100.0     630   225     2.89      2.06      2.04     8     -.1     631     0   0   0   0    26.0020   -76.9080     2070     5.62      6.48      377.28
0274   136.7   869.5     24.00    100.0     623   225     2.95      2.08      2.09     8     -.1     624     0   0   0   0    26.0020   -76.9080     2048     5.73      6.62      377.32
0275   137.2   870.2     24.03    100.0     616   225     3.01      2.11      2.14     8     -.1     618     0   0   0   0    26.0020   -76.9080     2026     5.84      6.74      377.37
0276   137.7   870.9     24.07    100.0     610   224     3.07      2.15      2.19     8     -.2     611     0   0   0   0    26.0020   -76.9080     2004     5.95      6.87      377.43
0277   138.2   871.5     24.10    100.0     603   224     3.13      2.19      2.23     8     -.2     604     0   0   0   0    26.0020   -76.9080     1982     6.07      7.01      377.48
0278   138.7   872.2     24.13    100.0     596   224     3.20      2.24      2.28     8     -.1     597     0   0   0   0    26.0020   -76.9080     1960     6.20      7.16      377.53
0279   139.2   872.9     24.16    100.0     589   224     3.27      2.29      2.34     8     -.1     591     0   0   0   0    26.0021   -76.9079     1938     6.35      7.33      377.57
0280   139.7   873.5     24.19    100.0     583   224     3.35      2.34      2.40     8     -.1     584     0   0   0   0    26.0021   -76.9079     1916     6.50      7.51      377.59
0281   140.2   874.2     24.22    100.0     576   224     3.42      2.39      2.45     8      .0     577     0   0   0   0    26.0021   -76.9079     1894     6.64      7.67      377.62
0282   140.7   874.8     24.25    100.0     570   224     3.48      2.42      2.50     8      .0     571     0   0   0   0    26.0021   -76.9079     1873     6.74      7.79      377.66
0283   141.2   875.5     24.29    100.0     563   224     3.50      2.43      2.52     8      .1     564     0   0   0   0    26.0021   -76.9079     1851     6.79      7.84      377.71
0284   141.7   876.1     24.32    100.0     556   224     3.49      2.43      2.51     8      .2     558     0   0   0   0    26.0021   -76.9079     1830     6.78      7.83      377.78
0285   142.2   876.8     24.36    100.0     550   224     3.46      2.42      2.47     8      .2     551     0   0   0   0    26.0021   -76.9078     1809     6.71      7.74      377.87
0286   142.7   877.4     24.40    100.0     543   225     3.40      2.40      2.40     8      .3     545     0   0   0   0    26.0021   -76.9078     1787     6.59      7.61      377.97
0287   143.2   878.0     24.44    100.0     537   226     3.33      2.39      2.32     8      .3     538     0   0   0   0    26.0021   -76.9078     1766     6.46      7.46      378.06
0288   143.7   878.7     24.48    100.0     531   227     3.27      2.38      2.25     8      .3     532     0   0   0   0    26.0022   -76.9078     1745     6.35      7.33      378.15
0289   144.2   879.3     24.52    100.0     524   227     3.24      2.37      2.20     8      .3     526     0   0   0   0    26.0022   -76.9078     1724     6.28      7.25      378.21
0290   144.7   880.0     24.55    100.0     518   227     3.23      2.37      2.20     8      .3     519     0   0   0   0    26.0022   -76.9078     1704     6.27      7.23      378.25
0291   145.2   880.6     24.57    100.0     512   226     3.26      2.36      2.24     8      .2     513     0   0   0   0    26.0022   -76.9078     1683     6.32      7.29      378.26
0292   145.7   881.2     24.59    100.0     505   225     3.31      2.35      2.34     8      .2     506     0   0   0   0    26.0022   -76.9077     1662     6.43      7.42      378.26
0293   146.2   881.9     24.62    100.0     499   223     3.39      2.32      2.48     8      .1     500     0   0   0   0    26.0022   -76.9077     1640     6.59      7.60      378.24
0294   146.7   882.5     24.64    100.0     492   221     3.49      2.29      2.64     8     -.1     493     0   0   0   0    26.0022   -76.9077     1619     6.77      7.82      378.24
0295   147.2   883.2     24.66    100.0     485   219     3.58      2.24      2.79     8     -.2     487     0   0   0   0    26.0022   -76.9077     1597     6.95      8.02      378.24
0296   147.7   883.9     24.69    100.0     479   217     3.65      2.19      2.93     8     -.2     480     0   0   0   0    26.0022   -76.9077     1575     7.09      8.19      378.27
0297   148.2   884.5     24.72    100.0     472   215     3.69      2.13      3.02     8     -.3     473     0   0   0   0    26.0023   -76.9077     1553     7.17      8.27      378.30
0298   148.7   885.2     24.76    100.0     465   214     3.69      2.07      3.05     8     -.3     466     0   0   0   0    26.0023   -76.9077     1530     7.16      8.27      378.34
0299   149.2   885.9     24.79    100.0     458   214     3.64      2.02      3.03     8     -.2     460     0   0   0   0    26.0023   -76.9077     1508     7.06      8.16      378.37
0300   149.7   886.6     24.81    100.0     452   214     3.56      1.98      2.96     8     -.2     453     0   0   0   0    26.0023   -76.9077     1486     6.90      7.97      378.39
0301   150.2   887.2     24.83    100.0     445   214     3.46      1.94      2.86     8     -.2     446     0   0   0   0    26.0023   -76.9077     1465     6.71      7.75      378.38
0302   150.7   887.9     24.85    100.0     439   215     3.37      1.92      2.77     8     -.1     440     0   0   0   0    26.0023   -76.9077     1443     6.53      7.54      378.33
0303   151.2   888.5     24.86    100.0     432   215     3.30      1.91      2.69     8     -.1     433     0   0   0   0    26.0023   -76.9076     1422     6.41      7.40      378.26
0304   151.7   889.2     24.87    100.0     425   216     3.28      1.93      2.66     8     -.1     427     0   0   0   0    26.0023   -76.9076     1400     6.37      7.36      378.17
0305   152.2   889.9     24.88    100.0     419   217     3.31      1.97      2.66     8     -.1     420     0   0   0   0    26.0024   -76.9076     1378     6.43      7.42      378.07
0306   152.7   890.5     24.88    100.0     412   217     3.39      2.04      2.71     8     -.1     414     0   0   0   0    26.0024   -76.9076     1357     6.57      7.59      377.96
0307   153.2   891.2     24.89    100.0     406   218     3.49      2.13      2.77     8     -.1     407     0   0   0   0    26.0024   -76.9076     1335     6.78      7.83      377.85
0308   153.7   891.9     24.89    100.0     399   218     3.61      2.24      2.84     8     -.1     400     0   0   0   0    26.0024   -76.9076     1313     7.01      8.09      377.74
0309   154.2   892.5     24.90    100.0     392   219     3.72      2.35      2.89     8     -.1     394     0   0   0   0    26.0024   -76.9076     1292     7.22      8.34      377.63
0310   154.7   893.2     24.90    100.0     386   220     3.81      2.45      2.92     8     -.1     387     0   0   0   0    26.0024   -76.9076     1270     7.40      8.54      377.51
0311   155.2   893.8     24.91    100.0     379   221     3.88      2.54      2.93     8     -.1     381     0   0   0   0    26.0024   -76.9076     1249     7.52      8.68      377.39
0312   155.7   894.5     24.91    100.0     373   222     3.91      2.60      2.93     8     -.1     374     0   0   0   0    26.0025   -76.9075     1228     7.59      8.77      377.26
0313   156.2   895.2     24.91    100.0     366   222     3.94      2.64      2.92     8     -.2     368     0   0   0   0    26.0025   -76.9075     1206     7.64      8.82      377.13
0314   156.7   895.8     24.91    100.0     360   222     3.95      2.65      2.93     8     -.3     361     0   0   0   0    26.0025   -76.9075     1184     7.66      8.85      377.01
0315   157.2   896.5     24.92    100.0     353   222     3.96      2.64      2.96     8     -.3     354     0   0   0   0    26.0025   -76.9075     1162     7.69      8.88      376.90
0316   157.7   897.2     24.93    100.0     346   221     3.99      2.63      3.00     8     -.4     348     0   0   0   0    26.0025   -76.9075     1140     7.73      8.93      376.82
0317   158.2   897.9     24.95    100.0     339   221     4.02      2.61      3.05     8     -.4     341     0   0   0   0    26.0025   -76.9075     1118     7.79      8.99      376.78
0318   158.7   898.6     24.97    100.0     333   220     4.05      2.60      3.10     8     -.4     334     0   0   0   0    26.0025   -76.9075     1096     7.86      9.08      376.76
0319   159.2   899.3     25.00    100.0     326   220     4.09      2.61      3.15     8     -.4     327     0   0   0   0    26.0025   -76.9074     1074     7.94      9.17      376.78
0320   159.7   900.0     25.03    100.0     319   220     4.14      2.64      3.18     8     -.4     321     0   0   0   0    26.0026   -76.9074     1052     8.02      9.26      376.82
0321   160.2   900.6     25.06    100.0     313   220     4.18      2.70      3.20     8     -.4     314     0   0   0   0    26.0026   -76.9074     1030     8.11      9.37      376.88
0322   160.7   901.3     25.10    100.0     306   221     4.24      2.77      3.20     8     -.3     307     0   0   0   0    26.0026   -76.9074     1008     8.22      9.49      376.93
0323   161.2   902.0     25.13    100.0     299   222     4.30      2.86      3.21     8     -.3     300     0   0   0   0    26.0026   -76.9074      986     8.34      9.63      376.99
0324   161.7   902.7     25.16    100.0     293   223     4.37      2.97      3.21     8     -.2     294     0   0   0   0    26.0026   -76.9074      964     8.49      9.80      377.03
0325   162.2   903.3     25.19    100.0     286   224     4.46      3.08      3.22     8     -.2     287     0   0   0   0    26.0026   -76.9073      942     8.65      9.99      377.06
0326   162.7   904.0     25.22    100.0     279   225     4.54      3.19      3.24     8     -.1     281     0   0   0   0    26.0027   -76.9073      921     8.82     10.18      377.08
0327   163.2   904.7     25.25    100.0     273   225     4.63      3.28      3.26     8     -.1     274     0   0   0   0    26.0027   -76.9073      899     8.98     10.36      377.10
0328   163.7   905.3     25.28    100.0     266   226     4.70      3.35      3.29     8     -.1     268     0   0   0   0    26.0027   -76.9073      878     9.11     10.52      377.13
0329   164.2   906.0     25.31    100.0     260   226     4.75      3.40      3.32     8     -.1     261     0   0   0   0    26.0027   -76.9073      857     9.22     10.65      377.18
0330   164.7   906.7     25.35    100.0     253   225     4.79      3.41      3.36     7     -.1     255     0   0   0   0    26.0027   -76.9073      835     9.29     10.73      377.27
0331   165.2   907.3     25.39    100.0     247   225     4.81      3.40      3.40     8     -.1     248     0   0   0   0    26.0027   -76.9073      814     9.33     10.78      377.40
0332   165.7   908.0     25.45    100.0     240   224     4.82      3.38      3.45     8     -.2     242     0   0   0   0    26.0027   -76.9072      793     9.36     10.81      377.56
0333   166.2   908.7     25.50    100.0     234   224     4.83      3.34      3.49     8     -.2     235     0   0   0   0    26.0028   -76.9072      771     9.37     10.82      377.74
0334   166.7   909.4     25.56    100.0     227   223     4.84      3.30      3.54     8     -.2     228     0   0   0   0    26.0028   -76.9072      749     9.39     10.84      377.92
0335   167.2   910.0     25.61    100.0     220   222     4.85      3.26      3.59     8     -.2     222     0   0   0   0    26.0028   -76.9072      727     9.40     10.86      378.10
0336   167.7   910.7     25.66    100.0     214   222     4.86      3.23      3.63     8     -.2     215     0   0   0   0    26.0028   -76.9072      706     9.43     10.88      378.25
0337   168.2   911.4     25.71    100.0     207   221     4.87      3.21      3.67     8     -.2     209     0   0   0   0    26.0028   -76.9072      684     9.46     10.92      378.38
0338   168.7   912.1     25.75    100.0     201   221     4.89      3.20      3.70     8     -.1     202     0   0   0   0    26.0028   -76.9072      663     9.49     10.96      378.49
0339   169.2   912.7     25.79    100.0     194   220     4.92      3.19      3.74     8     -.1     196     0   0   0   0    26.0029   -76.9071      641     9.54     11.02      378.60
0340   169.7   913.4     25.83    100.0     188   220     4.95      3.19      3.79     8     -.1     189     0   0   0   0    26.0029   -76.9071      620     9.60     11.09      378.70
0341   170.2   914.1     25.87    100.0     181   220     4.99      3.18      3.84     8     -.1     183     0   0   0   0    26.0029   -76.9071      599     9.68     11.17      378.81
0342   170.7   914.7     25.92    100.0     175   219     5.03      3.17      3.91     8     -.1     176     0   0   0   0    26.0029   -76.9071      578     9.77     11.28      378.94
0343   171.2   915.4     25.97    100.0     168   218     5.08      3.15      3.99     8      .0     170     0   0   0   0    26.0029   -76.9071      556     9.86     11.38      379.08
0344   171.7   916.1     26.01    100.0     162   217     5.14      3.13      4.08     8      .0     163     0   0   0   0    26.0029   -76.9071      535     9.97     11.51      379.21
0345   172.2   916.8     26.05    100.0     155   217     5.19      3.10      4.17     8      .0     156     0   0   0   0    26.0030   -76.9070      513    10.08     11.63      379.32
0346   172.7   917.4     26.09    100.0     149   216     5.24      3.07      4.24     8      .1     150     0   0   0   0    26.0030   -76.9070      492    10.16     11.73      379.41
0347   173.2   918.1     26.13    100.0     142   215     5.27      3.05      4.30     8      .1     144     0   0   0   0    26.0030   -76.9070      471    10.23     11.81      379.46
0348   173.7   918.7     26.15    100.0     136   215     5.30      3.04      4.34     8      .1     137     0   0   0   0    26.0030   -76.9070      451    10.27     11.86      379.49
0349   174.2   919.4     26.18    100.0     130   215     5.31      3.04      4.35     8      .1     131     0   0   0   0    26.0030   -76.9070      430    10.30     11.90      379.52
0350   174.7   920.0     26.21    100.0     123   215     5.32      3.06      4.36     8      .1     125     0   0   0   0    26.0031   -76.9070      409    10.33     11.92      379.54
0351   175.2   920.7     26.24    100.0     117   215     5.33      3.08      4.36     8      .0     118     0   0   0   0    26.0031   -76.9070      388    10.35     11.95      379.59
0352   175.7   921.4     26.27    100.0     111   215     5.34      3.10      4.36     8     -.1     112     0   0   0   0    26.0031   -76.9069      367    10.37     11.97      379.65
0353   176.2   922.0     26.31    100.0     104   215     5.35      3.10      4.36     8     -.2     105     0   0   0   0    26.0031   -76.9069      346    10.38     11.98      379.74
0354   176.7   922.7     26.35    100.0      97   215     5.34      3.07      4.37     8     -.2      99     0   0   0   0    26.0031   -76.9069      324    10.37     11.97      379.83
0355   177.2   923.4     26.39    100.0      91   214     5.32      3.01      4.39     8     -.3      92     0   0   0   0    26.0032   -76.9069      302    10.32     11.92      379.92
0356   177.7   924.1     26.43    100.0      84   213     5.28      2.89      4.41     8     -.4      85     0   0   0   0    26.0032   -76.9069      280    10.24     11.82      380.00
0357   178.2   924.8     26.46    100.0      78   212     5.20      2.73      4.43     8     -.4      79     0   0   0   0    26.0032   -76.9069      259    10.09     11.65      380.07
0358   178.7   925.5     26.50    100.0      71   210     5.10      2.54      4.42     8     -.4      72     0   0   0   0    26.0032   -76.9068      237     9.89     11.42      380.13
0359   179.2   926.2     26.53    100.0      64   208     4.97      2.33      4.39     8     -.4      66     0   0   0   0    26.0032   -76.9068      215     9.64     11.13      380.20
0360   179.7   926.9     26.57    100.0      58   206     4.83      2.14      4.33     8     -.4      59     0   0   0   0    26.0033   -76.9068      193     9.36     10.81      380.28
0361   180.2   927.6     26.61    100.0      51   205     4.66      1.97      4.23     8     -.3      52     0   0   0   0    26.0033   -76.9068      172     9.05     10.45      380.36
0362   180.7   928.2     26.65    100.0      44   204     4.48      1.83      4.09     8     -.2      46     0   0   0   0    26.0033   -76.9068      150     8.69     10.03      380.47
0363   181.2   928.9     26.69    100.0      38   203     4.26      1.68      3.91     8      .1      39     0   0   0   0    26.0033   -76.9068      128     8.26      9.54      380.60
0364   181.7   929.6     26.74    100.0      31   202     3.99      1.49      3.70     8      .3      33     0   0   0   0    26.0033   -76.9068      107     7.74      8.93      380.74
0365   182.2   930.3     26.79    100.0      25   200     3.65      1.22      3.44     8      .5      26     0   0   0   0    26.0033   -76.9068       86     7.09      8.19      380.90
0366   182.7   930.9     26.84    100.0      19   195     3.28       .86      3.17     8      .6      20     0   0   0   0    26.0034   -76.9068       66     6.37      7.35      381.05
0367   183.2   931.5     26.88    100.0      13   190     3.12       .53      3.08     8      .8      14     0   0   0   0    26.0034   -76.9068       47     6.06      6.99      381.20
0368   183.7   932.1     26.91    100.0       8   185     3.19       .28      3.18     8     1.0       9     0   0   0   0    26.0034   -76.9068       29     6.19      7.15      381.26
