 ===========================================================================
 DROPWINDSONDE PROCESSING RECORD                            Sonde: 984715180
 PDS file written Jul  8, 2004.                             Format:    V5.06
 Aircraft: AFRES C-130                       Date: 990911   Time: 073128 UTC
 ---------------------------------------------------------------------------
 Bias corrections:  PR =    .0 mb  TE =    .0 C  RH =    .0 %  PRB =   .0 mb
 Filters (LPF):     PTH =   5 s    WIND =   5 s       Hyd anchor =       SFC
 Dyn RH correction =  N     WSHR COR =      Y         Splash PR  =  961.8 mb
 Estimated PR used =  N     GPS VERR =    .60 m/s     HYD SFCP   =  962.1 mb
 Dyn T correction  =  Y     WGACORR  =    -.6 m       AC GA ADJ  =     .0 m
 ---------------------------------------------------------------------------
 COMMENTS: removed fl t,td, 15-20 kt winds                             
 ===========================================================================

 ==============================================================================
 Date: 990911   Lat:  21.53 N   TA: -999.0 C   PS:  695.0 mb   WD:   115 deg
 Time: 073128   Lon:  61.30 W   TD: -999.0 C   GA:   2828 m    WS:    .0 m/s
 SID:  984715180                RH: -999.0 %   Navaid:   GP          
 ===========================================================================

IX      t (s)  P (mb)    T (C)    RH (%)  Z (m)   WD    WS (m/s)   U (m/s)   V (m/s)  NS  WZ (m/s)  ZW (m)   FP  FT  FH  FW   LAT (N)    LON (E)  ZW (ft)  WS (kt)  WS (mph)  THETAE (K)
0001      .3   695.6   -999.00   -999.0    -999   316      .05       .03      -.03  -999  -999.0    -999     3   0   0   3    21.5300   -61.3000     -999      .09       .10     -999.00
0002      .8   696.3   -999.00   -999.0    -999   314      .09       .06      -.06  -999  -999.0    -999     3   0   0   3    21.5300   -61.3000     -999      .18       .20     -999.00
0003     1.3   696.9   -999.00   -999.0    -999   314      .14       .10      -.09  -999  -999.0    -999     3   0   0   3    21.5300   -61.3000     -999      .26       .30     -999.00
0004     1.8   697.6   -999.00   -999.0    -999   314      .18       .13      -.13  -999  -999.0    -999     3   0   0   3    21.5300   -61.3000     -999      .35       .41     -999.00
0005     2.3   698.2   -999.00   -999.0    -999   314      .23       .16      -.16  -999  -999.0    -999     3   0   0   3    21.5300   -61.3000     -999      .44       .51     -999.00
0006     2.8   698.8   -999.00   -999.0    -999   314      .27       .20      -.19  -999  -999.0    -999     3   0   0   3    21.5300   -61.3000     -999      .53       .61     -999.00
0007     3.3   699.5   -999.00   -999.0    -999   314      .32       .23      -.22  -999  -999.0    -999     3   0   0   3    21.5300   -61.3000     -999      .62       .71     -999.00
0008     3.8   700.1   -999.00   -999.0    -999   313      .36       .26      -.25  -999  -999.0    -999     3   0   0   3    21.5300   -61.3000     -999      .70       .81     -999.00
0009     4.3   700.8   -999.00   -999.0    -999   313      .41       .30      -.28  -999  -999.0    -999     3   0   0   3    21.5300   -61.3000     -999      .79       .91     -999.00
0010     4.8   701.4   -999.00   -999.0    -999   313      .45       .33      -.31  -999  -999.0    -999     3   0   0   3    21.5300   -61.3000     -999      .88      1.02     -999.00
0011     5.3   702.1   -999.00   -999.0    -999   313      .50       .36      -.34  -999  -999.0    -999     3   0   0   3    21.5300   -61.3000     -999      .97      1.12     -999.00
0012     5.8   702.7   -999.00   -999.0    -999   313      .54       .40      -.37  -999  -999.0    -999     3   0   0   3    21.5300   -61.3000     -999     1.06      1.22     -999.00
0013     6.3   703.3   -999.00   -999.0    -999   313      .59       .43      -.40  -999  -999.0    -999     3   0   0   3    21.5300   -61.3000     -999     1.14      1.32     -999.00
0014     6.8   704.0   -999.00   -999.0    -999   313      .64       .46      -.44  -999  -999.0    -999     3   0   0   3    21.5300   -61.3000     -999     1.23      1.42     -999.00
0015     7.3   704.6   -999.00   -999.0    -999   313      .68       .50      -.47  -999  -999.0    -999     3   0   0   3    21.5300   -61.3000     -999     1.32      1.52     -999.00
0016     7.8   705.3   -999.00   -999.0    -999   313      .73       .53      -.50  -999  -999.0    -999     3   0   0   3    21.5300   -61.3000     -999     1.41      1.63     -999.00
0017     8.3   705.9   -999.00   -999.0    -999   313      .77       .56      -.53  -999  -999.0    -999     3   0   0   3    21.5300   -61.3000     -999     1.50      1.73     -999.00
0018     8.8   706.5   -999.00   -999.0    -999   313      .82       .59      -.56  -999  -999.0    -999     3   0   0   3    21.5300   -61.3000     -999     1.58      1.83     -999.00
0019     9.3   707.2   -999.00   -999.0    -999   313      .86       .63      -.59  -999  -999.0    -999     3   0   0   3    21.5300   -61.3000     -999     1.67      1.93     -999.00
0020     9.8   707.8   -999.00   -999.0    -999   313      .91       .66      -.62  -999  -999.0    -999     3   0   0   3    21.5300   -61.3000     -999     1.76      2.03     -999.00
0021    10.3   708.5   -999.00   -999.0    -999   313      .95       .69      -.65  -999  -999.0    -999     3   0   0   3    21.5300   -61.3000     -999     1.85      2.13     -999.00
0022    10.8   709.1   -999.00   -999.0    -999   313     1.00       .73      -.68  -999  -999.0    -999     3   0   0   3    21.5300   -61.3000     -999     1.94      2.24     -999.00
0023    11.3   709.7   -999.00   -999.0    -999   313     1.04       .76      -.71  -999  -999.0    -999     3   0   0   3    21.5300   -61.3000     -999     2.03      2.34     -999.00
0024    11.8   710.4   -999.00   -999.0    -999   313     1.09       .79      -.75  -999  -999.0    -999     3   0   0   3    21.5300   -61.2999     -999     2.11      2.44     -999.00
0025    12.3   711.0   -999.00   -999.0    -999   313     1.13       .83      -.78  -999  -999.0    -999     3   0   0   3    21.5300   -61.2999     -999     2.20      2.54     -999.00
0026    12.8   711.7   -999.00   -999.0    -999   313     1.18       .86      -.81  -999  -999.0    -999     3   0   0   3    21.5300   -61.2999     -999     2.29      2.64     -999.00
0027    13.3   712.3   -999.00   -999.0    -999   313     1.23       .89      -.84  -999  -999.0    -999     3   0   0   3    21.5299   -61.2999     -999     2.38      2.74     -999.00
0028    13.8   713.0   -999.00   -999.0    -999   313     1.27       .93      -.87  -999  -999.0    -999     3   0   0   3    21.5299   -61.2999     -999     2.47      2.85     -999.00
0029    14.3   713.6   -999.00   -999.0    -999   313     1.32       .96      -.90  -999  -999.0    -999     3   0   0   3    21.5299   -61.2999     -999     2.55      2.95     -999.00
0030    14.8   714.2   -999.00   -999.0    -999   313     1.36       .99      -.93  -999  -999.0    -999     3   0   0   3    21.5299   -61.2999     -999     2.64      3.05     -999.00
0031    15.3   714.9   -999.00   -999.0    -999   313     1.41      1.03      -.96  -999  -999.0    -999     3   0   0   3    21.5299   -61.2999     -999     2.73      3.15     -999.00
0032    15.8   715.5   -999.00   -999.0    -999   313     1.45      1.06     -1.00  -999  -999.0    -999     3   0   0   3    21.5299   -61.2999     -999     2.82      3.25     -999.00
0033    16.3   716.2   -999.00   -999.0    -999   313     1.50      1.09     -1.03  -999  -999.0    -999     3   0   0   3    21.5299   -61.2999     -999     2.91      3.36     -999.00
0034    16.8   716.8   -999.00   -999.0    -999   313     1.54      1.12     -1.06  -999  -999.0    -999     3   0   0   3    21.5299   -61.2999     -999     2.99      3.46     -999.00
0035    17.3   717.5     17.73   -999.0    2560   313     1.59      1.16     -1.09  -999  -999.0    2559     0   0   0   3    21.5299   -61.2999     8397     3.08      3.56     -999.00
0036    17.8   718.1     17.77   -999.0    2552   313     1.63      1.19     -1.12  -999  -999.0    2552     0   0   0   3    21.5299   -61.2999     8371     3.17      3.66     -999.00
0037    18.3   718.8     17.78   -999.0    2544   313     1.68      1.22     -1.15  -999  -999.0    2544     0   0   0   3    21.5299   -61.2999     8345     3.25      3.76     -999.00
0038    18.8   719.5     17.78   -999.0    2536   313     1.72      1.26     -1.18  -999  -999.0    2536     0   0   0   3    21.5299   -61.2999     8319     3.34      3.86     -999.00
0039    19.3   720.1     17.79   -999.0    2528   313     1.77      1.29     -1.21  -999    -1.3    2528     0   0   0   3    21.5299   -61.2999     8293     3.43      3.95     -999.00
0040    19.8   720.8     17.79   -999.0    2521   313     1.81      1.32     -1.24  -999    -1.3    2520     0   0   0   3    21.5299   -61.2999     8267     3.51      4.06     -999.00
0041    20.3   721.4     17.80   -999.0    2513   313     1.86      1.36     -1.27  -999    -1.2    2512     0   0   0   3    21.5299   -61.2999     8242     3.61      4.16     -999.00
0042    20.8   722.1     17.81   -999.0    2505   314     2.06      1.49     -1.42  -999    -1.1    2504     0   0   0   3    21.5299   -61.2999     8216     4.00      4.62     -999.00
0043    21.3   722.7     17.82   -999.0    2497   314     2.11      1.52     -1.46  -999    -1.1    2497     0   0   0   3    21.5299   -61.2998     8191     4.10      4.73     -999.00
0044    21.8   723.4     17.84   -999.0    2490   314     2.16      1.56     -1.49  -999    -1.1    2489     0   0   0   3    21.5299   -61.2998     8166     4.19      4.83     -999.00
0045    22.3   724.0     17.86   -999.0    2482   314     2.19      1.59     -1.51  -999    -1.1    2481     0   0   0   3    21.5299   -61.2998     8141     4.26      4.91     -999.00
0046    22.8   724.7     17.88   -999.0    2474   313     2.22      1.63     -1.52  -999    -1.1    2474     0   0   0   3    21.5298   -61.2998     8116     4.31      4.98     -999.00
0047    23.3   725.3     17.91     66.4    2467   312     2.25      1.66     -1.52  -999    -1.1    2466     0   0   0   3    21.5298   -61.2998     8091     4.37      5.04      357.26
0048    23.8   726.0     17.95     66.4    2459   312     2.28      1.70     -1.52  -999    -1.2    2458     0   0   0   3    21.5298   -61.2998     8065     4.43      5.12      357.26
0049    24.3   726.6     17.99     66.4    2451   312     2.33      1.74     -1.55  -999    -1.2    2450     0   0   0   3    21.5298   -61.2998     8039     4.52      5.22      357.29
0050    24.8   727.3     18.04     66.4    2443   312     2.39      1.77     -1.62  -999    -1.2    2443     0   0   0   3    21.5298   -61.2998     8014     4.65      5.36      357.31
0051    25.3   728.0     18.08     66.4    2435   314     2.48      1.77     -1.73  -999    -1.2    2435     0   0   0   3    21.5298   -61.2998     7988     4.80      5.55      357.34
0052    25.8   728.6     18.13     66.4    2428   317     2.57      1.76     -1.87     4    -1.1    2427     0   0   0   0    21.5298   -61.2998     7963     4.99      5.76      357.38
0053    26.3   729.3     18.17     66.4    2420   320     2.67      1.73     -2.04     4    -1.1    2419     0   0   0   3    21.5298   -61.2998     7938     5.18      5.98      357.41
0054    26.8   729.9     18.21     66.5    2412   323     2.76      1.67     -2.19     4    -1.0    2412     0   0   0   0    21.5298   -61.2998     7912     5.35      6.18      357.45
0055    27.3   730.6     18.24     66.5    2405   325     2.82      1.61     -2.32     4    -1.0    2404     0   0   0   0    21.5298   -61.2998     7888     5.48      6.32      357.49
0056    27.8   731.2     18.27     66.7    2397   327     2.85      1.53     -2.40     5     -.9    2397     0   0   0   0    21.5298   -61.2997     7863     5.52      6.38      357.54
0057    28.3   731.9     18.29     66.8    2390   329     2.83      1.45     -2.43     5     -.9    2389     0   0   0   0    21.5297   -61.2997     7838     5.49      6.34      357.59
0058    28.8   732.5     18.31     67.0    2382   330     2.77      1.37     -2.41     5     -.9    2381     0   0   0   0    21.5297   -61.2997     7813     5.38      6.21      357.64
0059    29.3   733.2     18.32     67.2    2374   332     2.69      1.26     -2.37     5     -.9    2374     0   0   0   0    21.5297   -61.2997     7788     5.21      6.01      357.67
0060    29.8   733.8     18.34     67.3    2367   334     2.58      1.13     -2.32     5     -.8    2366     0   0   0   0    21.5297   -61.2997     7763     5.01      5.79      357.69
0061    30.3   734.4     18.36     67.4    2359   337     2.48       .97     -2.28     5     -.8    2359     0   0   0   0    21.5297   -61.2997     7738     4.80      5.54      357.69
0062    30.8   735.1     18.39     67.4    2352   341     2.37       .78     -2.24     5     -.8    2351     0   0   0   0    21.5297   -61.2997     7714     4.60      5.31      357.67
0063    31.3   735.7     18.42     67.4    2344   346     2.27       .57     -2.20     5     -.8    2344     0   0   0   0    21.5297   -61.2997     7689     4.41      5.09      357.65
0064    31.8   736.4     18.45     67.4    2337   351     2.18       .34     -2.16     5     -.8    2336     0   0   0   0    21.5297   -61.2997     7665     4.23      4.89      357.62
0065    32.3   737.0     18.48     67.3    2329   356     2.10       .13     -2.10     5     -.7    2329     0   0   0   0    21.5297   -61.2997     7640     4.07      4.70      357.59
0066    32.8   737.6     18.52     67.3    2322     1     2.02      -.05     -2.02     5     -.7    2321     0   0   0   0    21.5297   -61.2997     7615     3.91      4.52      357.55
0067    33.3   738.3     18.55     67.2    2314     5     1.93      -.18     -1.92     5     -.7    2314     0   0   0   0    21.5296   -61.2997     7591     3.75      4.33      357.52
0068    33.8   738.9     18.58     67.2    2307     8     1.85      -.27     -1.83     5     -.6    2306     0   0   0   0    21.5296   -61.2997     7566     3.59      4.14      357.51
0069    34.3   739.6     18.61     67.2    2299    10     1.78      -.32     -1.75     5     -.6    2299     0   0   0   0    21.5296   -61.2997     7542     3.44      3.98      357.50
0070    34.8   740.2     18.64     67.2    2292    12     1.72      -.35     -1.68     5     -.5    2291     0   0   0   0    21.5296   -61.2997     7518     3.34      3.85      357.51
0071    35.3   740.8     18.66     67.3    2285    13     1.69      -.39     -1.65     5     -.4    2284     0   0   0   0    21.5296   -61.2997     7494     3.28      3.79      357.51
0072    35.8   741.5     18.69     67.3    2277    15     1.69      -.45     -1.63     5     -.4    2277     0   0   0   0    21.5296   -61.2997     7470     3.28      3.79      357.49
0073    36.3   742.1     18.71     67.3    2270    19     1.72      -.55     -1.63     5     -.3    2270     0   0   0   0    21.5296   -61.2997     7446     3.33      3.85      357.42
0074    36.8   742.7     18.73     67.1    2263    23     1.77      -.69     -1.63     5     -.3    2262     0   0   0   0    21.5296   -61.2997     7422     3.43      3.96      357.32
0075    37.3   743.3     18.77     66.9    2256    27     1.84      -.85     -1.63     5     -.2    2255     0   0   0   0    21.5296   -61.2997     7399     3.57      4.12      357.19
0076    37.8   743.9     18.80     66.7    2249    32     1.93     -1.03     -1.63     5     -.2    2248     0   0   0   0    21.5296   -61.2997     7375     3.74      4.32      357.06
0077    38.3   744.6     18.84     66.5    2241    37     2.03     -1.21     -1.63     5     -.2    2241     0   0   0   0    21.5296   -61.2997     7352     3.94      4.55      356.96
0078    38.8   745.2     18.87     66.5    2234    41     2.13     -1.39     -1.62     5     -.2    2234     0   0   0   0    21.5296   -61.2997     7328     4.14      4.78      356.94
0079    39.3   745.8     18.89     66.6    2227    44     2.24     -1.56     -1.61     5     -.2    2226     0   0   0   0    21.5296   -61.2998     7305     4.34      5.01      357.01
0080    39.8   746.4     18.90     67.1    2220    47     2.34     -1.72     -1.58     4     -.2    2219     0   0   0   0    21.5295   -61.2998     7281     4.53      5.24      357.19
0081    40.3   747.0     18.90     67.7    2213    51     2.44     -1.89     -1.54     5     -.2    2212     0   0   0   0    21.5295   -61.2998     7258     4.73      5.46      357.45
0082    40.8   747.7     18.87     68.6    2206    54     2.54     -2.06     -1.48     5     -.2    2205     0   0   0   0    21.5295   -61.2998     7235     4.93      5.69      357.75
0083    41.3   748.3     18.82     69.7    2199    58     2.66     -2.25     -1.42     5     -.3    2198     0   0   0   0    21.5295   -61.2998     7211     5.15      5.95      358.05
0084    41.8   748.9     18.76     70.7    2191    61     2.79     -2.44     -1.37     5     -.4    2191     0   0   0   3    21.5295   -61.2998     7187     5.42      6.26      358.29
0085    42.3   749.5     18.69     71.7    2184    63     2.96     -2.63     -1.35     4     -.4    2183     0   0   0   0    21.5295   -61.2998     7164     5.74      6.63      358.45
0086    42.8   750.2     18.61     72.5    2177    64     3.15     -2.83     -1.39     4     -.5    2176     0   0   0   0    21.5295   -61.2998     7140     6.11      7.06      358.49
0087    43.3   750.8     18.54     73.1    2169    63     3.37     -3.02     -1.51     4     -.5    2169     0   0   0   0    21.5295   -61.2998     7116     6.54      7.56      358.44
0088    43.8   751.5     18.48     73.5    2162    62     3.63     -3.21     -1.69     4     -.5    2161     0   0   0   0    21.5295   -61.2999     7091     7.04      8.12      358.31
0089    44.3   752.1     18.43     73.8    2155    60     3.91     -3.40     -1.93     4     -.5    2154     0   0   0   0    21.5295   -61.2999     7067     7.58      8.75      358.15
0090    44.8   752.8     18.39     74.0    2147    59     4.19     -3.58     -2.19     4     -.5    2147     0   0   0   0    21.5295   -61.2999     7043     8.14      9.40      357.97
0091    45.3   753.4     18.36     74.1    2140    57     4.47     -3.75     -2.44     4     -.4    2139     0   0   0   0    21.5295   -61.2999     7019     8.67     10.02      357.82
0092    45.8   754.0     18.35     74.2    2133    56     4.71     -3.90     -2.64     4     -.4    2132     0   0   0   0    21.5295   -61.2999     6995     9.14     10.55      357.70
0093    46.3   754.7     18.34     74.3    2126    56     4.90     -4.04     -2.77     4     -.3    2125     0   0   0   0    21.5294   -61.2999     6972     9.50     10.97      357.61
0094    46.8   755.3     18.35     74.4    2119    56     5.02     -4.15     -2.83     4     -.3    2118     0   0   0   0    21.5294   -61.3000     6949     9.75     11.26      357.54
0095    47.3   755.9     18.36     74.4    2111    56     5.11     -4.25     -2.83     4     -.2    2111     0   0   0   0    21.5294   -61.3000     6925     9.91     11.44      357.48
0096    47.8   756.5     18.38     74.4    2104    57     5.16     -4.35     -2.78     5     -.2    2104     0   0   0   0    21.5294   -61.3000     6902    10.02     11.57      357.41
0097    48.3   757.2     18.41     74.3    2097    59     5.22     -4.46     -2.72     5     -.2    2097     0   0   0   0    21.5294   -61.3000     6878    10.13     11.70      357.35
0098    48.8   757.8     18.45     74.1    2090    60     5.30     -4.60     -2.64     6     -.2    2089     0   0   0   0    21.5294   -61.3001     6855    10.29     11.88      357.29
0099    49.3   758.4     18.49     74.0    2083    62     5.42     -4.77     -2.58     6     -.1    2082     0   0   0   3    21.5294   -61.3001     6832    10.51     12.14      357.25
0100    49.8   759.0     18.53     73.9    2076    63     5.56     -4.96     -2.53     6     -.1    2075     0   0   0   0    21.5294   -61.3001     6809    10.80     12.46      357.23
0101    50.3   759.7     18.58     73.8    2069    64     5.73     -5.15     -2.50     6     -.1    2068     0   0   0   0    21.5293   -61.3001     6785    11.11     12.83      357.25
0102    50.8   760.3     18.63     73.8    2062    65     5.88     -5.33     -2.48     6     -.1    2061     0   0   0   0    21.5293   -61.3002     6762    11.41     13.17      357.31
0103    51.3   760.9     18.67     73.8    2055    66     6.00     -5.46     -2.48     6     -.2    2054     0   0   0   0    21.5293   -61.3002     6739    11.64     13.44      357.41
0104    51.8   761.5     18.72     73.9    2048    66     6.06     -5.53     -2.50     6     -.2    2047     0   0   0   0    21.5293   -61.3002     6716    11.76     13.58      357.53
0105    52.3   762.2     18.76     74.1    2041    66     6.07     -5.52     -2.51     6     -.3    2040     0   0   0   0    21.5293   -61.3002     6693    11.77     13.59      357.65
0106    52.8   762.8     18.80     74.2    2033    65     6.00     -5.45     -2.52     6     -.3    2033     0   0   0   0    21.5293   -61.3003     6669    11.65     13.45      357.76
0107    53.3   763.4     18.84     74.3    2026    65     5.90     -5.34     -2.51     6     -.3    2026     0   0   0   0    21.5293   -61.3003     6645    11.44     13.21      357.84
0108    53.8   764.1     18.88     74.4    2019    65     5.77     -5.22     -2.45     6     -.3    2018     0   0   0   0    21.5293   -61.3003     6622    11.19     12.91      357.90
0109    54.3   764.7     18.91     74.4    2012    65     5.64     -5.12     -2.35     6     -.2    2011     0   0   0   0    21.5293   -61.3003     6598    10.93     12.62      357.92
0110    54.8   765.3     18.94     74.4    2005    66     5.53     -5.07     -2.21     6     -.1    2004     0   0   0   0    21.5292   -61.3004     6575    10.73     12.39      357.93
0111    55.3   766.0     18.97     74.4    1998    68     5.47     -5.07     -2.06     6      .0    1997     0   0   0   0    21.5292   -61.3004     6552    10.61     12.25      357.92
0112    55.8   766.6     19.00     74.3    1991    69     5.46     -5.11     -1.91     5      .0    1990     0   0   0   0    21.5292   -61.3004     6529    10.58     12.22      357.90
0113    56.3   767.2     19.03     74.3    1984    71     5.47     -5.16     -1.81     6      .1    1983     0   0   0   0    21.5292   -61.3004     6507    10.62     12.26      357.89
0114    56.8   767.8     19.06     74.3    1977    71     5.50     -5.21     -1.78     6      .1    1976     0   0   0   0    21.5292   -61.3005     6484    10.67     12.32      357.88
0115    57.3   768.4     19.09     74.3    1970    71     5.51     -5.21     -1.80     5      .1    1970     0   0   0   0    21.5292   -61.3005     6462    10.70     12.35      357.88
0116    57.8   769.0     19.12     74.3    1963    70     5.50     -5.17     -1.86     6      .0    1963     0   0   0   0    21.5292   -61.3005     6439    10.67     12.32      357.87
0117    58.3   769.6     19.15     74.3    1956    69     5.45     -5.10     -1.92     6     -.1    1956     0   0   0   0    21.5292   -61.3005     6416    10.57     12.21      357.87
0118    58.8   770.3     19.18     74.3    1949    69     5.38     -5.02     -1.94     5     -.2    1949     0   0   0   0    21.5292   -61.3006     6393    10.44     12.05      357.86
0119    59.3   770.9     19.22     74.2    1942    69     5.30     -4.96     -1.89     5     -.3    1941     0   0   0   0    21.5292   -61.3006     6370    10.29     11.88      357.87
0120    59.8   771.5     19.26     74.2    1935    71     5.24     -4.95     -1.74     6     -.4    1934     0   0   0   0    21.5292   -61.3006     6346    10.17     11.74      357.88
0121    60.3   772.2     19.29     74.2    1928    73     5.22     -5.00     -1.51     6     -.4    1927     0   0   0   0    21.5292   -61.3006     6322    10.14     11.70      357.89
0122    60.8   772.8     19.32     74.2    1920    76     5.26     -5.11     -1.25     6     -.4    1920     0   0   0   0    21.5291   -61.3007     6299    10.20     11.78      357.91
0123    61.3   773.5     19.35     74.3    1913    79     5.34     -5.24      -.99     6     -.3    1913     0   0   0   0    21.5291   -61.3007     6275    10.35     11.95      357.92
0124    61.8   774.1     19.38     74.3    1906    82     5.42     -5.36      -.77     6     -.3    1905     0   0   0   0    21.5291   -61.3007     6251    10.51     12.14      357.94
0125    62.3   774.8     19.41     74.4    1899    84     5.46     -5.43      -.61     6     -.2    1898     0   0   0   0    21.5291   -61.3007     6228    10.60     12.24      357.96
0126    62.8   775.4     19.43     74.5    1892    85     5.44     -5.41      -.51     6     -.1    1891     0   0   0   0    21.5291   -61.3008     6205    10.54     12.17      358.00
0127    63.3   776.0     19.45     74.7    1885    85     5.33     -5.31      -.45     6      .0    1884     0   0   0   0    21.5291   -61.3008     6183    10.34     11.94      358.08
0128    63.8   776.6     19.47     75.0    1878    86     5.16     -5.15      -.40     6      .1    1878     0   0   0   0    21.5291   -61.3008     6160    10.02     11.56      358.21
0129    64.3   777.2     19.48     75.4    1871    86     4.98     -4.97      -.32     6      .1    1871     0   0   0   0    21.5291   -61.3008     6138     9.66     11.15      358.39
0130    64.8   777.9     19.49     76.0    1865    88     4.83     -4.82      -.20     6      .1    1864     0   0   0   3    21.5291   -61.3009     6115     9.36     10.81      358.62
0131    65.3   778.5     19.48     76.7    1858    89     4.75     -4.75      -.04     5      .1    1857     0   0   0   0    21.5291   -61.3009     6093     9.22     10.65      358.87
0132    65.8   779.1     19.46     77.4    1851    91     4.78     -4.78       .12     6      .1    1850     0   0   0   0    21.5291   -61.3009     6070     9.28     10.71      359.11
0133    66.3   779.7     19.44     78.1    1844    93     4.91     -4.91       .26     6      .1    1843     0   0   0   0    21.5291   -61.3009     6048     9.53     11.01      359.31
0134    66.8   780.3     19.41     78.8    1837    94     5.11     -5.10       .35     6      .1    1836     0   0   0   0    21.5291   -61.3009     6025     9.92     11.45      359.44
0135    67.3   781.0     19.38     79.3    1830    94     5.33     -5.32       .37     6      .1    1830     3   3   3   0    21.5291   -61.3010     6002    10.35     11.95      359.48
0136    67.8   781.6     19.35     79.6    1823    93     5.53     -5.52       .33     6      .1    1823     0   0   0   3    21.5291   -61.3010     5980    10.74     12.40      359.44
0137    68.3   782.2     19.34     79.8    1816    93     5.68     -5.67       .25     6      .1    1816     0   0   0   3    21.5291   -61.3010     5957    11.02     12.72      359.34
0138    68.8   782.8     19.33     79.8    1810    92     5.75     -5.75       .16     6      .2    1809     0   0   0   0    21.5291   -61.3011     5935    11.16     12.89      359.21
0139    69.3   783.4     19.33     79.8    1803    91     5.76     -5.76       .08     6      .2    1802     0   0   0   0    21.5291   -61.3011     5912    11.17     12.90      359.07
0140    69.8   784.1     19.34     79.7    1796    90     5.71     -5.71       .04     6      .2    1795     0   0   0   3    21.5291   -61.3011     5890    11.08     12.80      358.96
0141    70.3   784.7     19.37     79.6    1789    90     5.64     -5.64       .03     6      .2    1789     0   0   0   3    21.5291   -61.3011     5868    10.94     12.63      358.89
0142    70.8   785.3     19.40     79.5    1782    90     5.56     -5.56       .05     6      .2    1782     0   0   0   0    21.5291   -61.3012     5846    10.78     12.45      358.85
0143    71.3   785.9     19.43     79.5    1776    91     5.49     -5.49       .06     6      .2    1775     0   0   0   0    21.5291   -61.3012     5824    10.65     12.30      358.85
0144    71.8   786.5     19.47     79.4    1769    91     5.44     -5.44       .06     6      .1    1768     0   0   0   0    21.5291   -61.3012     5801    10.56     12.19      358.87
0145    72.3   787.1     19.51     79.4    1762    90     5.41     -5.41       .03     6      .1    1761     0   0   0   0    21.5291   -61.3012     5779    10.50     12.12      358.90
0146    72.8   787.8     19.56     79.3    1755    90     5.40     -5.40      -.04     6      .0    1755     0   0   0   0    21.5291   -61.3013     5756    10.47     12.09      358.94
0147    73.3   788.4     19.60     79.3    1748    89     5.40     -5.40      -.11     6     -.1    1748     0   0   0   0    21.5291   -61.3013     5734    10.47     12.09      358.97
0148    73.8   789.0     19.65     79.1    1741    88     5.42     -5.41      -.19     6     -.1    1741     0   0   0   0    21.5291   -61.3013     5711    10.51     12.13      358.98
0149    74.3   789.7     19.70     79.0    1734    87     5.45     -5.44      -.24     6     -.2    1734     0   0   0   3    21.5291   -61.3013     5688    10.57     12.20      358.99
0150    74.8   790.3     19.75     78.9    1727    87     5.49     -5.49      -.27     6     -.2    1727     0   0   0   0    21.5291   -61.3014     5665    10.65     12.30      358.98
0151    75.3   791.0     19.80     78.7    1720    87     5.55     -5.54      -.26     5     -.2    1720     0   0   0   0    21.5291   -61.3014     5642    10.76     12.42      358.96
0152    75.8   791.6     19.84     78.5    1713    88     5.60     -5.60      -.24     5     -.2    1713     0   0   0   0    21.5291   -61.3014     5619    10.87     12.55      358.92
0153    76.3   792.2     19.88     78.4    1706    88     5.65     -5.65      -.21     6     -.2    1706     0   0   0   3    21.5291   -61.3015     5596    10.96     12.66      358.88
0154    76.8   792.9     19.93     78.2    1699    88     5.68     -5.68      -.21     6     -.2    1699     0   0   0   0    21.5291   -61.3015     5573    11.02     12.73      358.85
0155    77.3   793.5     19.97     78.1    1692    87     5.69     -5.68      -.26     6     -.2    1692     0   0   0   0    21.5291   -61.3015     5550    11.03     12.74      358.84
0156    77.8   794.2     20.01     78.1    1685    86     5.66     -5.65      -.36     6     -.2    1685     0   0   0   0    21.5291   -61.3015     5527    10.99     12.68      358.86
0157    78.3   794.8     20.04     78.1    1678    85     5.62     -5.60      -.52     6     -.2    1678     0   0   0   3    21.5291   -61.3016     5504    10.90     12.59      358.92
0158    78.8   795.4     20.08     78.3    1671    82     5.57     -5.52      -.73     6     -.2    1671     0   0   0   3    21.5291   -61.3016     5481    10.81     12.48      359.01
0159    79.3   796.1     20.10     78.5    1664    80     5.53     -5.44      -.98     6     -.2    1664     0   0   0   3    21.5291   -61.3016     5459    10.73     12.39      359.13
0160    79.8   796.7     20.11     78.9    1657    77     5.51     -5.37     -1.24     6     -.3    1657     0   0   0   3    21.5291   -61.3016     5436    10.70     12.35      359.27
0161    80.3   797.4     20.11     79.3    1650    75     5.52     -5.32     -1.47     6     -.4    1650     0   0   0   0    21.5291   -61.3017     5413    10.71     12.37      359.40
0162    80.8   798.0     20.09     79.9    1643    73     5.56     -5.31     -1.65     6     -.4    1643     0   0   0   0    21.5291   -61.3017     5390    10.79     12.46      359.51
0163    81.3   798.7     20.07     80.4    1636    72     5.63     -5.36     -1.73     6     -.5    1636     0   0   0   0    21.5291   -61.3017     5366    10.92     12.61      359.58
0164    81.8   799.3     20.03     80.9    1629    73     5.74     -5.47     -1.71     6     -.6    1629     0   0   0   3    21.5291   -61.3018     5343    11.13     12.85      359.58
0165    82.3   800.0     19.99     81.2    1622    74     5.89     -5.67     -1.59     6     -.7    1621     0   0   0   0    21.5291   -61.3018     5319    11.43     13.20      359.51
0166    82.8   800.7     19.96     81.4    1615    77     6.12     -5.96     -1.38     6     -.8    1614     0   0   0   0    21.5291   -61.3018     5296    11.87     13.70      359.37
0167    83.3   801.3     19.93     81.5    1607    80     6.42     -6.33     -1.11     6     -.8    1607     0   0   0   0    21.5291   -61.3018     5272    12.46     14.39      359.17
0168    83.8   802.0     19.92     81.5    1600    83     6.80     -6.75      -.81     6     -.8    1599     0   0   0   0    21.5291   -61.3019     5248    13.20     15.24      358.95
0169    84.3   802.7     19.91     81.4    1593    86     7.22     -7.20      -.54     6     -.7    1592     0   0   0   0    21.5291   -61.3019     5224    14.02     16.18      358.73
0170    84.8   803.4     19.91     81.3    1586    88     7.64     -7.64      -.32     6     -.5    1585     0   0   0   0    21.5291   -61.3019     5200    14.83     17.12      358.56
0171    85.3   804.0     19.91     81.4    1578    89     8.01     -8.01      -.17     6     -.4    1578     0   0   0   0    21.5291   -61.3020     5177    15.54     17.95      358.49
0172    85.8   804.7     19.91     81.7    1572    89     8.29     -8.29      -.11     6     -.2    1571     0   0   0   0    21.5291   -61.3020     5154    16.08     18.56      358.54
0173    86.3   805.3     19.90     82.3    1565    89     8.45     -8.45      -.13     6      .0    1564     0   0   0   0    21.5291   -61.3021     5131    16.39     18.93      358.71
0174    86.8   805.9     19.88     83.1    1558    89     8.50     -8.50      -.20     6      .1    1557     0   0   0   0    21.5291   -61.3021     5109    16.50     19.05      358.98
0175    87.3   806.5     19.85     84.1    1551    88     8.48     -8.47      -.29     6      .2    1551     0   0   0   0    21.5290   -61.3021     5088    16.44     18.99      359.30
0176    87.8   807.2     19.81     85.2    1545    87     8.40     -8.40      -.37     5      .3    1544     0   0   0   0    21.5290   -61.3022     5066    16.30     18.82      359.63
0177    88.3   807.8     19.76     86.2    1538    87     8.33     -8.32      -.43     5      .3    1538     0   0   0   0    21.5290   -61.3022     5044    16.15     18.65      359.89
0178    88.8   808.4     19.72     87.0    1532    87     8.28     -8.27      -.46     5      .2    1531     0   0   0   3    21.5290   -61.3023     5023    16.06     18.55      360.05
0179    89.3   809.0     19.68     87.6    1525    87     8.28     -8.27      -.45     5      .1    1524     0   0   0   0    21.5290   -61.3023     5001    16.07     18.55      360.09
0180    89.8   809.6     19.65     87.9    1518    87     8.34     -8.33      -.41     5      .1    1517     0   0   0   0    21.5290   -61.3023     4978    16.18     18.68      360.01
0181    90.3   810.3     19.64     88.0    1511    88     8.44     -8.43      -.37     5      .0    1511     0   0   0   0    21.5290   -61.3024     4956    16.37     18.90      359.86
0182    90.8   810.9     19.63     87.9    1504    88     8.56     -8.55      -.33     5     -.1    1504     0   0   0   0    21.5290   -61.3024     4933    16.60     19.17      359.68
0183    91.3   811.6     19.64     87.8    1497    88     8.68     -8.67      -.30     5     -.1    1497     0   0   0   0    21.5290   -61.3025     4911    16.83     19.43      359.51
0184    91.8   812.2     19.65     87.7    1491    88     8.77     -8.77      -.28     5     -.1    1490     0   0   0   0    21.5290   -61.3025     4888    17.01     19.64      359.40
0185    92.3   812.9     19.67     87.7    1484    88     8.83     -8.83      -.26     5     -.1    1483     0   0   0   0    21.5290   -61.3026     4866    17.13     19.78      359.35
0186    92.8   813.5     19.69     87.8    1477    88     8.86     -8.86      -.24     5      .0    1476     0   0   0   0    21.5290   -61.3026     4843    17.19     19.85      359.37
0187    93.3   814.1     19.72     87.9    1470    89     8.86     -8.86      -.21     5      .1    1469     0   0   0   0    21.5290   -61.3026     4821    17.19     19.85      359.45
0188    93.8   814.8     19.74     88.2    1463    89     8.85     -8.84      -.14     5      .1    1463     3   3   3   3    21.5290   -61.3027     4799    17.16     19.81      359.55
0189    94.3   815.4     19.77     88.4    1457    90     8.82     -8.82      -.04     5      .2    1456     0   0   0   3    21.5290   -61.3027     4777    17.11     19.75      359.66
0190    94.8   816.0     19.79     88.6    1450    90     8.79     -8.79       .07     5      .2    1449     0   0   0   0    21.5290   -61.3028     4755    17.05     19.69      359.75
0191    95.3   816.7     19.82     88.7    1443    91     8.77     -8.77       .19     5      .2    1443     0   0   0   0    21.5290   -61.3028     4734    17.01     19.64      359.83
0192    95.8   817.3     19.84     88.8    1437    92     8.75     -8.75       .30     5      .1    1436     0   0   0   0    21.5290   -61.3029     4712    16.98     19.61      359.88
0193    96.3   817.9     19.87     88.9    1430    93     8.76     -8.75       .39     6      .1    1429     0   0   0   0    21.5290   -61.3029     4690    16.99     19.62      359.93
0194    96.8   818.5     19.90     89.0    1423    93     8.78     -8.77       .43     6      .0    1423     0   0   0   0    21.5290   -61.3029     4668    17.04     19.67      359.98
0195    97.3   819.2     19.92     89.1    1417    93     8.83     -8.82       .42     6     -.1    1416     0   0   0   0    21.5290   -61.3030     4645    17.13     19.78      360.04
0196    97.8   819.8     19.95     89.2    1410    92     8.91     -8.91       .37     6     -.1    1409     0   0   0   0    21.5290   -61.3030     4623    17.30     19.97      360.12
0197    98.3   820.5     19.98     89.4    1403    92     9.03     -9.02       .29     6     -.2    1402     0   0   0   3    21.5290   -61.3031     4600    17.51     20.22      360.21
0198    98.8   821.2     20.01     89.6    1396    91     9.16     -9.16       .20     6     -.2    1395     0   0   0   0    21.5290   -61.3031     4578    17.77     20.52      360.30
0199    99.3   821.8     20.04     89.7    1389    91     9.30     -9.30       .11     6     -.1    1388     0   0   0   0    21.5290   -61.3032     4555    18.05     20.84      360.40
0200    99.8   822.4     20.07     89.8    1382    90     9.44     -9.44       .04     6     -.1    1382     0   0   0   3    21.5290   -61.3032     4533    18.31     21.14      360.48
0201   100.3   823.1     20.11     89.9    1375    90     9.55     -9.55       .00     6     -.1    1375     0   0   0   0    21.5290   -61.3032     4510    18.53     21.40      360.56
0202   100.8   823.7     20.15     89.9    1369    90     9.64     -9.64       .00     6      .0    1368     0   0   0   0    21.5290   -61.3033     4488    18.70     21.59      360.63
0203   101.3   824.4     20.19     89.9    1362    90     9.70     -9.70       .02     6      .0    1361     0   0   0   0    21.5290   -61.3033     4466    18.81     21.72      360.69
0204   101.8   825.0     20.23     90.0    1355    90     9.74     -9.74       .07     6     -.1    1355     0   0   0   0    21.5290   -61.3034     4444    18.89     21.82      360.77
0205   102.3   825.6     20.26     90.0    1349    91     9.78     -9.78       .13     6     -.1    1348     0   0   0   0    21.5290   -61.3034     4422    18.98     21.91      360.85
0206   102.8   826.3     20.30     90.1    1342    91     9.84     -9.84       .19     6     -.2    1341     0   0   0   0    21.5290   -61.3035     4400    19.09     22.04      360.95
0207   103.3   827.0     20.34     90.2    1335    91     9.92     -9.92       .23     6     -.3    1334     0   0   0   0    21.5290   -61.3035     4377    19.25     22.22      361.05
0208   103.8   827.6     20.37     90.4    1328    91    10.03    -10.02       .25     6     -.3    1327     0   0   0   0    21.5290   -61.3036     4355    19.45     22.46      361.16
0209   104.3   828.3     20.40     90.5    1321    91    10.15    -10.15       .25     6     -.3    1320     0   0   0   0    21.5290   -61.3036     4332    19.69     22.73      361.27
0210   104.8   828.9     20.43     90.7    1314    91    10.27    -10.27       .22     6     -.4    1313     0   0   0   0    21.5290   -61.3037     4309    19.93     23.01      361.36
0211   105.3   829.6     20.47     90.8    1307    91    10.39    -10.38       .19     6     -.4    1306     0   0   0   0    21.5290   -61.3037     4286    20.15     23.27      361.44
0212   105.8   830.3     20.50     90.8    1300    91    10.47    -10.47       .15     6     -.4    1300     0   0   0   0    21.5290   -61.3038     4264    20.32     23.46      361.50
0213   106.3   830.9     20.53     90.9    1293    91    10.53    -10.53       .12     6     -.4    1293     0   0   0   3    21.5290   -61.3038     4241    20.43     23.59      361.55
0214   106.8   831.6     20.57     90.9    1286    91    10.57    -10.56       .12     6     -.3    1286     0   0   0   3    21.5290   -61.3039     4218    20.50     23.67      361.59
0215   107.3   832.2     20.60     90.9    1280    91    10.59    -10.59       .15     6     -.3    1279     0   0   0   0    21.5290   -61.3039     4196    20.54     23.71      361.61
0216   107.8   832.9     20.63     90.9    1273    91    10.61    -10.61       .23     6     -.3    1272     0   0   0   0    21.5290   -61.3040     4173    20.59     23.77      361.63
0217   108.3   833.6     20.66     90.9    1266    92    10.66    -10.66       .35     6     -.3    1265     0   0   0   0    21.5291   -61.3040     4151    20.69     23.89      361.63
0218   108.8   834.2     20.69     90.9    1259    93    10.75    -10.74       .51     6     -.3    1258     0   0   0   0    21.5291   -61.3041     4128    20.86     24.08      361.62
0219   109.3   834.9     20.72     90.8    1252    94    10.87    -10.85       .68     6     -.3    1251     0   0   0   0    21.5291   -61.3041     4106    21.09     24.36      361.60
0220   109.8   835.5     20.74     90.8    1245    95    11.02    -10.98       .87     6     -.3    1245     0   0   0   0    21.5291   -61.3042     4083    21.38     24.68      361.58
0221   110.3   836.2     20.77     90.8    1238    95    11.16    -11.11      1.05     6     -.3    1238     0   0   0   0    21.5291   -61.3042     4061    21.66     25.00      361.55
0222   110.8   836.8     20.79     90.8    1231    96    11.28    -11.21      1.20     6     -.3    1231     0   0   0   0    21.5291   -61.3043     4038    21.88     25.26      361.54
0223   111.3   837.5     20.81     90.9    1225    97    11.33    -11.25      1.34     6     -.3    1224     0   0   0   0    21.5291   -61.3043     4016    21.98     25.38      361.55
0224   111.8   838.2     20.83     91.0    1218    97    11.31    -11.22      1.44     6     -.3    1217     0   0   0   3    21.5291   -61.3044     3993    21.94     25.33      361.59
0225   112.3   838.8     20.85     91.2    1211    98    11.20    -11.10      1.52     6     -.3    1210     0   0   0   0    21.5291   -61.3044     3971    21.73     25.10      361.65
0226   112.8   839.5     20.86     91.4    1204    98    11.03    -10.91      1.58     6     -.3    1203     0   0   0   0    21.5291   -61.3045     3948    21.39     24.70      361.74
0227   113.3   840.2     20.88     91.7    1197    99    10.81    -10.69      1.63     6     -.3    1197     3   3   3   0    21.5291   -61.3046     3926    20.97     24.21      361.84
0228   113.8   840.8     20.90     91.9    1190    99    10.59    -10.45      1.67     6     -.3    1190     0   0   0   3    21.5291   -61.3046     3903    20.54     23.71      361.95
0229   114.3   841.5     20.93     92.1    1183    99    10.40    -10.26      1.71     6     -.3    1183     0   0   0   0    21.5291   -61.3047     3881    20.17     23.29      362.04
0230   114.8   842.1     20.95     92.2    1177   100    10.27    -10.12      1.73     6     -.3    1176     3   3   3   0    21.5291   -61.3047     3858    19.93     23.01      362.11
0231   115.3   842.8     20.98     92.3    1170   100    10.23    -10.08      1.75     6     -.2    1169     0   0   0   3    21.5291   -61.3048     3836    19.85     22.92      362.15
0232   115.8   843.5     21.01     92.3    1163   100    10.28    -10.13      1.75     6     -.2    1162     0   0   0   0    21.5291   -61.3048     3814    19.94     23.03      362.17
0233   116.3   844.1     21.04     92.2    1156   100    10.39    -10.25      1.73     6     -.2    1156     0   0   0   0    21.5292   -61.3049     3792    20.17     23.28      362.16
0234   116.8   844.8     21.07     92.2    1150    99    10.55    -10.41      1.69     6     -.3    1149     3   3   3   0    21.5292   -61.3049     3769    20.46     23.63      362.15
0235   117.3   845.4     21.10     92.1    1143    99    10.70    -10.58      1.63     6     -.3    1142     0   0   0   0    21.5292   -61.3050     3747    20.76     23.97      362.13
0236   117.8   846.1     21.14     92.1    1136    98    10.82    -10.70      1.56     6     -.3    1135     0   0   0   3    21.5292   -61.3050     3725    20.99     24.23      362.13
0237   118.3   846.8     21.17     92.0    1129    98    10.87    -10.77      1.49     6     -.4    1128     0   0   0   3    21.5292   -61.3051     3702    21.09     24.36      362.13
0238   118.8   847.4     21.21     91.9    1122    98    10.86    -10.76      1.43     6     -.4    1122     0   0   0   0    21.5292   -61.3051     3680    21.07     24.32      362.15
0239   119.3   848.1     21.26     91.9    1115    97    10.78    -10.69      1.39     6     -.5    1115     0   0   0   0    21.5292   -61.3052     3657    20.92     24.15      362.19
0240   119.8   848.8     21.30     91.8    1108    97    10.67    -10.58      1.37     6     -.5    1108     0   0   0   0    21.5292   -61.3052     3634    20.70     23.90      362.24
0241   120.3   849.5     21.35     91.7    1101    97    10.56    -10.47      1.37     6     -.5    1101     0   0   0   0    21.5292   -61.3053     3611    20.48     23.65      362.30
0242   120.8   850.1     21.40     91.7    1094    98    10.48    -10.38      1.38     6     -.5    1094     0   0   0   0    21.5292   -61.3053     3589    20.32     23.47      362.37
0243   121.3   850.8     21.45     91.6    1087    98    10.45    -10.36      1.39     6     -.5    1087     3   3   3   3    21.5292   -61.3054     3566    20.27     23.41      362.43
0244   121.8   851.5     21.50     91.6    1081    98    10.49    -10.39      1.40     6     -.5    1080     0   0   0   3    21.5292   -61.3054     3543    20.34     23.49      362.50
0245   122.3   852.2     21.54     91.6    1074    98    10.57    -10.48      1.39     6     -.5    1073     0   0   0   0    21.5292   -61.3055     3521    20.52     23.69      362.56
0246   122.8   852.8     21.58     91.6    1067    97    10.70    -10.61      1.37     6     -.4    1066     0   0   0   0    21.5292   -61.3055     3498    20.75     23.96      362.60
0247   123.3   853.5     21.61     91.5    1060    97    10.82    -10.74      1.33     6     -.4    1059     0   0   0   0    21.5292   -61.3056     3476    20.99     24.24      362.62
0248   123.8   854.2     21.65     91.5    1053    97    10.92    -10.85      1.28     6     -.4    1053     0   0   0   0    21.5292   -61.3056     3453    21.19     24.47      362.62
0249   124.3   854.8     21.68     91.3    1046    96    10.98    -10.92      1.22     7     -.5    1046     0   0   0   0    21.5292   -61.3057     3431    21.31     24.60      362.59
0250   124.8   855.5     21.72     91.2    1039    96    11.00    -10.93      1.16     7     -.5    1039     0   0   0   0    21.5293   -61.3057     3408    21.33     24.63      362.55
0251   125.3   856.2     21.77     91.0    1033    96    10.97    -10.91      1.11     6     -.5    1032     0   0   0   0    21.5293   -61.3058     3386    21.27     24.56      362.50
0252   125.8   856.9     21.82     90.7    1026    96    10.91    -10.85      1.07     7     -.5    1025     0   0   0   0    21.5293   -61.3058     3363    21.16     24.43      362.46
0253   126.3   857.5     21.87     90.6    1019    96    10.83    -10.78      1.06     6     -.6    1018     0   0   0   0    21.5293   -61.3059     3340    21.01     24.26      362.44
0254   126.8   858.2     21.91     90.4    1012    96    10.76    -10.70      1.09     7     -.6    1011     0   0   0   0    21.5293   -61.3059     3318    20.87     24.09      362.47
0255   127.3   858.9     21.96     90.4    1005    96    10.69    -10.63      1.15     7     -.7    1004     0   0   0   0    21.5293   -61.3060     3295    20.73     23.94      362.53
0256   127.8   859.6     22.00     90.5     998    97    10.62    -10.55      1.24     7     -.7     997     0   0   0   3    21.5293   -61.3060     3272    20.61     23.80      362.64
0257   128.3   860.3     22.04     90.6     991    97    10.57    -10.48      1.36     7     -.7     990     0   0   0   0    21.5293   -61.3061     3249    20.50     23.67      362.78
0258   128.8   861.0     22.07     90.8     984    98    10.50    -10.40      1.49     6     -.8     983     0   0   0   0    21.5293   -61.3061     3226    20.38     23.53      362.94
0259   129.3   861.7     22.10     91.1     977    99    10.43    -10.31      1.61     6     -.8     976     0   0   0   0    21.5293   -61.3062     3203    20.24     23.37      363.09
0260   129.8   862.4     22.12     91.4     970    99    10.35    -10.21      1.69     6     -.8     969     0   0   0   0    21.5293   -61.3062     3180    20.08     23.18      363.23
0261   130.3   863.1     22.14     91.6     963   100    10.26    -10.11      1.74     6     -.8     962     0   0   0   0    21.5293   -61.3063     3157    19.90     22.98      363.34
0262   130.8   863.7     22.17     91.7     956   100    10.17    -10.02      1.74     6     -.8     955     0   0   0   0    21.5293   -61.3063     3134    19.74     22.79      363.39
0263   131.3   864.4     22.19     91.7     949   100    10.10     -9.95      1.71     6     -.8     948     0   0   0   3    21.5293   -61.3064     3111    19.59     22.62      363.40
0264   131.8   865.1     22.22     91.7     942    99    10.05     -9.92      1.65     6     -.8     941     0   0   0   0    21.5293   -61.3064     3088    19.50     22.52      363.35
0265   132.3   865.8     22.25     91.5     935    99    10.03     -9.91      1.59     6     -.9     934     0   0   0   0    21.5294   -61.3065     3065    19.46     22.47      363.26
0266   132.8   866.5     22.29     91.2     928    99    10.04     -9.92      1.54     6     -.9     927     0   0   0   0    21.5294   -61.3065     3042    19.48     22.49      363.12
0267   133.3   867.2     22.32     90.8     921    99    10.07     -9.95      1.51     6     -.9     920     0   0   0   0    21.5294   -61.3066     3019    19.53     22.55      362.95
0268   133.8   867.9     22.37     90.4     914    99    10.10     -9.99      1.51     6    -1.0     913     0   0   0   0    21.5294   -61.3066     2995    19.59     22.62      362.78
0269   134.3   868.6     22.42     90.0     907    99    10.13    -10.01      1.52     6    -1.0     906     0   0   0   0    21.5294   -61.3067     2972    19.65     22.69      362.62
0270   134.8   869.3     22.46     89.7     899    99    10.15    -10.03      1.53     6    -1.0     899     0   0   0   0    21.5294   -61.3067     2949    19.69     22.73      362.49
0271   135.3   870.0     22.51     89.4     892    99    10.16    -10.04      1.52     6     -.9     892     3   3   3   0    21.5294   -61.3068     2925    19.70     22.75      362.42
0272   135.8   870.7     22.56     89.2     885    98    10.15    -10.04      1.49     6     -.9     885     0   0   0   3    21.5294   -61.3068     2902    19.68     22.73      362.41
0273   136.3   871.5     22.60     89.2     878    98    10.12    -10.02      1.44     6     -.8     877     0   0   0   0    21.5294   -61.3069     2879    19.64     22.67      362.45
0274   136.8   872.1     22.64     89.3     871    98    10.08     -9.99      1.37     6     -.8     871     0   0   0   0    21.5294   -61.3069     2856    19.56     22.59      362.53
0275   137.3   872.8     22.67     89.4     864    98    10.02     -9.94      1.32     6     -.7     864     0   0   0   0    21.5294   -61.3070     2833    19.45     22.45      362.63
0276   137.8   873.5     22.69     89.6     857    97     9.94     -9.86      1.28     6     -.7     857     0   0   0   0    21.5294   -61.3070     2811    19.28     22.27      362.72
0277   138.3   874.2     22.71     89.8     850    98     9.82     -9.74      1.28     6     -.6     850     3   3   3   0    21.5294   -61.3071     2788    19.06     22.01      362.80
0278   138.8   874.9     22.73     89.9     844    98     9.67     -9.58      1.32     6     -.6     843     0   0   0   0    21.5294   -61.3071     2766    18.77     21.67      362.83
0279   139.3   875.6     22.76     89.9     837    98     9.49     -9.39      1.37     6     -.6     836     0   0   0   3    21.5294   -61.3072     2743    18.41     21.26      362.84
0280   139.8   876.3     22.79     89.8     830    99     9.28     -9.17      1.42     6     -.6     829     0   0   0   0    21.5295   -61.3072     2721    18.00     20.79      362.81
0281   140.3   877.0     22.84     89.6     823    99     9.05     -8.94      1.45     6     -.6     822     0   0   0   3    21.5295   -61.3073     2698    17.56     20.28      362.76
0282   140.8   877.6     22.88     89.3     816    99     8.82     -8.70      1.44     6     -.5     815     0   0   0   0    21.5295   -61.3073     2675    17.11     19.75      362.70
0283   141.3   878.3     22.93     89.1     809    99     8.60     -8.48      1.40     6     -.5     809     0   0   0   0    21.5295   -61.3073     2653    16.68     19.26      362.64
0284   141.8   879.0     22.98     88.9     802    99     8.40     -8.29      1.34     6     -.4     802     0   0   0   0    21.5295   -61.3074     2630    16.29     18.81      362.61
0285   142.3   879.7     23.01     88.8     796    99     8.24     -8.14      1.28     6     -.3     795     0   0   0   0    21.5295   -61.3074     2608    15.98     18.45      362.61
0286   142.8   880.4     23.03     89.0     789    99     8.12     -8.02      1.26     6     -.2     788     0   0   0   0    21.5295   -61.3074     2586    15.76     18.19      362.67
0287   143.3   881.0     23.04     89.4     782    99     8.06     -7.95      1.31     6     -.2     782     0   0   0   0    21.5295   -61.3075     2565    15.64     18.05      362.84
0288   143.8   881.7     23.03     90.1     776   101     8.05     -7.92      1.47     6     -.1     775     0   0   0   0    21.5295   -61.3075     2543    15.62     18.04      363.12
0289   144.3   882.4     23.02     91.0     769   102     8.10     -7.92      1.73     6      .0     769     0   0   0   0    21.5295   -61.3076     2521    15.72     18.15      363.55
0290   144.8   883.0     23.02     92.1     763   105     8.21     -7.94      2.07     6      .1     762     3   3   3   0    21.5295   -61.3076     2500    15.92     18.38      364.12
0291   145.3   883.7     23.03     93.3     756   107     8.35     -7.98      2.46     6      .1     756     0   0   0   3    21.5295   -61.3076     2479    16.20     18.70      364.80
0292   145.8   884.3     23.05     94.5     750   110     8.51     -8.02      2.85     6      .2     749     0   0   0   3    21.5295   -61.3077     2458    16.51     19.06      365.57
0293   146.3   885.0     23.10     95.6     743   112     8.65     -8.04      3.20     6      .3     743     0   0   0   3    21.5296   -61.3077     2436    16.79     19.38      366.35
0294   146.8   885.6     23.16     96.5     737   113     8.75     -8.04      3.45     6      .4     736     0   0   0   0    21.5296   -61.3078     2415    16.98     19.61      367.09
0295   147.3   886.2     23.22     97.1     731   114     8.79     -8.01      3.61     6      .6     730     0   0   0   0    21.5296   -61.3078     2395    17.05     19.68      367.72
0296   147.8   886.9     23.29     97.5     724   115     8.75     -7.95      3.65     6      .7     724     0   0   0   3    21.5296   -61.3078     2374    16.97     19.59      368.19
0297   148.3   887.5     23.34     97.7     718   115     8.65     -7.86      3.61     6      .8     718     0   0   0   3    21.5296   -61.3079     2354    16.78     19.38      368.49
0298   148.8   888.1     23.38     97.8     712   114     8.53     -7.77      3.52     6      .9     711     0   0   0   0    21.5296   -61.3079     2334    16.54     19.10      368.63
0299   149.3   888.7     23.40     97.9     706   114     8.41     -7.70      3.40     6      .9     705     0   0   0   3    21.5297   -61.3079     2314    16.32     18.85      368.64
0300   149.8   889.3     23.40     97.9     700   113     8.34     -7.67      3.28     6     1.0     699     0   0   0   0    21.5297   -61.3080     2295    16.18     18.68      368.58
0301   150.3   889.9     23.39     98.0     694   113     8.32     -7.69      3.19     6      .9     693     0   0   0   0    21.5297   -61.3080     2275    16.15     18.65      368.50
0302   150.8   890.5     23.39     98.2     688   112     8.37     -7.77      3.12     6      .9     687     0   0   0   0    21.5297   -61.3081     2255    16.24     18.75      368.45
0303   151.3   891.2     23.39     98.4     682   111     8.46     -7.89      3.07     6      .8     681     0   0   0   0    21.5297   -61.3081     2236    16.42     18.96      368.45
0304   151.8   891.8     23.39     98.6     676   111     8.57     -8.02      3.03     6      .7     675     0   0   0   0    21.5297   -61.3081     2215    16.62     19.19      368.52
0305   152.3   892.4     23.41     98.8     670   110     8.65     -8.12      2.98     6      .6     669     0   0   0   0    21.5297   -61.3082     2195    16.77     19.37      368.64
0306   152.8   893.0     23.44     99.0     663   110     8.66     -8.15      2.93     6      .4     663     0   0   0   0    21.5298   -61.3082     2175    16.80     19.40      368.77
0307   153.3   893.7     23.47     99.2     657   109     8.59     -8.10      2.86     6      .3     656     0   0   0   0    21.5298   -61.3083     2154    16.66     19.24      368.90
0308   153.8   894.3     23.49     99.3     651   109     8.42     -7.94      2.80     6      .2     650     0   0   0   0    21.5298   -61.3083     2133    16.34     18.87      368.97
0309   154.3   895.0     23.50     99.4     644   110     8.18     -7.70      2.75     6      .1     644     0   0   0   0    21.5298   -61.3083     2111    15.86     18.32      368.95
0310   154.8   895.7     23.50     99.5     638   110     7.88     -7.39      2.73     6      .0     637     0   0   0   0    21.5298   -61.3084     2090    15.29     17.65      368.85
0311   155.3   896.3     23.48     99.6     631   111     7.57     -7.06      2.73     6     -.1     630     0   0   0   0    21.5298   -61.3084     2068    14.69     16.97      368.68
0312   155.8   897.0     23.45     99.6     624   112     7.30     -6.75      2.76     6     -.1     624     0   0   0   0    21.5298   -61.3084     2047    14.15     16.34      368.45
0313   156.3   897.7     23.43     99.7     618   113     7.07     -6.49      2.81     6     -.1     617     0   0   0   0    21.5298   -61.3085     2025    13.72     15.85      368.22
0314   156.8   898.4     23.40     99.8     611   114     6.93     -6.32      2.85     6     -.1     611     0   0   0   0    21.5299   -61.3085     2004    13.44     15.52      368.02
0315   157.3   899.0     23.40     99.8     605   115     6.87     -6.23      2.88     6      .0     604     0   0   0   0    21.5299   -61.3085     1982    13.32     15.38      367.90
0316   157.8   899.7     23.41     99.9     598   115     6.88     -6.25      2.88     6      .1     598     0   0   0   0    21.5299   -61.3086     1961    13.35     15.42      367.87
0317   158.3   900.3     23.44     99.9     592   114     6.97     -6.36      2.86     6      .2     591     0   0   0   0    21.5299   -61.3086     1940    13.52     15.61      367.92
0318   158.8   901.0     23.48    100.0     585   113     7.11     -6.53      2.81     6      .3     585     0   0   0   0    21.5299   -61.3086     1919    13.79     15.92      368.05
0319   159.3   901.6     23.53    100.0     579   112     7.28     -6.74      2.76     6      .4     579     0   0   0   0    21.5299   -61.3086     1898    14.12     16.31      368.20
0320   159.8   902.3     23.58    100.0     573   111     7.46     -6.95      2.70     6      .5     572     0   0   0   0    21.5299   -61.3087     1878    14.48     16.71      368.34
0321   160.3   902.9     23.62    100.0     567   110     7.63     -7.16      2.65     6      .5     566     0   0   0   0    21.5299   -61.3087     1857    14.80     17.09      368.45
0322   160.8   903.6     23.66    100.0     561   109     7.77     -7.32      2.58     6      .6     560     0   0   0   0    21.5300   -61.3088     1837    15.07     17.40      368.50
0323   161.3   904.2     23.68    100.0     554   109     7.86     -7.45      2.51     6      .6     554     0   0   0   0    21.5300   -61.3088     1817    15.25     17.61      368.49
0324   161.8   904.8     23.69    100.0     548   108     7.91     -7.53      2.42     6      .6     548     0   0   0   0    21.5300   -61.3088     1797    15.35     17.72      368.43
0325   162.3   905.4     23.70    100.0     542   107     7.93     -7.59      2.30     6      .6     542     0   0   0   0    21.5300   -61.3089     1777    15.39     17.77      368.33
0326   162.8   906.1     23.70    100.0     536   106     7.95     -7.65      2.15     6      .6     535     0   0   0   0    21.5300   -61.3089     1756    15.41     17.80      368.24
0327   163.3   906.7     23.71    100.0     530   104     7.97     -7.72      1.97     6      .5     529     0   0   0   0    21.5300   -61.3089     1736    15.46     17.85      368.16
0328   163.8   907.4     23.73    100.0     524   103     8.03     -7.82      1.79     6      .5     523     0   0   0   0    21.5300   -61.3090     1716    15.57     17.98      368.12
0329   164.3   908.0     23.75    100.0     517   101     8.13     -7.97      1.61     6      .5     517     0   0   0   0    21.5300   -61.3090     1695    15.76     18.20      368.11
0330   164.8   908.7     23.78    100.0     511   100     8.26     -8.14      1.45     6      .5     510     0   0   0   0    21.5300   -61.3091     1675    16.03     18.51      368.15
0331   165.3   909.3     23.82    100.0     505    99     8.42     -8.31      1.34     6      .5     504     0   0   0   0    21.5300   -61.3091     1654    16.33     18.86      368.22
0332   165.8   909.9     23.86    100.0     499    99     8.56     -8.47      1.27     6      .5     498     0   0   0   0    21.5300   -61.3091     1634    16.61     19.18      368.31
0333   166.3   910.6     23.90    100.0     492    98     8.66     -8.57      1.24     6      .6     492     0   0   0   0    21.5300   -61.3092     1613    16.81     19.41      368.40
0334   166.8   911.2     23.94    100.0     486    98     8.70     -8.61      1.24     6      .6     486     0   0   0   0    21.5301   -61.3092     1593    16.87     19.48      368.49
0335   167.3   911.9     23.97    100.0     480    98     8.65     -8.56      1.24     6      .6     479     0   0   0   0    21.5301   -61.3093     1573    16.78     19.38      368.55
0336   167.8   912.5     24.00    100.0     474    98     8.53     -8.44      1.25     6      .6     473     0   0   0   0    21.5301   -61.3093     1553    16.55     19.11      368.58
0337   168.3   913.1     24.03    100.0     468    98     8.37     -8.28      1.24     6      .6     467     0   0   0   0    21.5301   -61.3093     1533    16.24     18.75      368.59
0338   168.8   913.8     24.05    100.0     462    99     8.20     -8.11      1.22     6      .5     461     0   0   0   0    21.5301   -61.3094     1513    15.90     18.36      368.59
0339   169.3   914.4     24.08    100.0     456    99     8.05     -7.96      1.21     6      .5     455     0   0   0   0    21.5301   -61.3094     1493    15.62     18.04      368.61
0340   169.8   915.0     24.11    100.0     449    99     7.98     -7.88      1.23     6      .4     449     0   0   0   0    21.5301   -61.3095     1472    15.47     17.87      368.67
0341   170.3   915.7     24.16    100.0     443    99     7.98     -7.88      1.28     6      .4     442     0   0   0   0    21.5301   -61.3095     1452    15.48     17.88      368.79
0342   170.8   916.3     24.22    100.0     437   100     8.07     -7.95      1.37     6      .4     436     0   0   0   0    21.5301   -61.3095     1431    15.65     18.07      368.99
0343   171.3   917.0     24.29    100.0     430   100     8.22     -8.08      1.50     6      .3     430     0   0   0   0    21.5301   -61.3096     1410    15.95     18.42      369.26
0344   171.8   917.7     24.37    100.0     424   101     8.41     -8.25      1.64     6      .4     424     0   0   0   0    21.5301   -61.3096     1389    16.31     18.83      369.59
0345   172.3   918.3     24.46    100.0     418   102     8.59     -8.40      1.77     6      .4     417     0   0   0   0    21.5301   -61.3097     1369    16.66     19.24      369.94
0346   172.8   919.0     24.55    100.0     412   102     8.73     -8.53      1.85     6      .4     411     0   0   0   0    21.5301   -61.3097     1348    16.93     19.55      370.27
0347   173.3   919.6     24.62    100.0     405   102     8.80     -8.60      1.87     6      .5     405     0   0   0   3    21.5301   -61.3097     1328    17.08     19.72      370.56
0348   173.8   920.3     24.69    100.0     399   102     8.81     -8.62      1.82     6      .5     399     0   0   0   0    21.5301   -61.3098     1308    17.09     19.73      370.79
0349   174.3   920.9     24.74    100.0     393   101     8.75     -8.58      1.70     6      .6     392     0   0   0   0    21.5302   -61.3098     1288    16.98     19.60      370.94
0350   174.8   921.5     24.78    100.0     387   100     8.65     -8.51      1.54     6      .7     386     0   0   0   0    21.5302   -61.3099     1267    16.79     19.38      371.04
0351   175.3   922.2     24.81    100.0     381    99     8.54     -8.43      1.37     6      .8     380     0   0   0   0    21.5302   -61.3099     1247    16.57     19.13      371.10
0352   175.8   922.8     24.84    100.0     375    98     8.43     -8.34      1.24     6      .9     374     0   0   0   0    21.5302   -61.3099     1228    16.36     18.89      371.14
0353   176.3   923.4     24.87    100.0     369    98     8.36     -8.27      1.17     6     1.0     368     0   0   0   0    21.5302   -61.3100     1208    16.21     18.72      371.19
0354   176.8   924.0     24.91    100.0     363    98     8.32     -8.24      1.18     6     1.1     362     0   0   0   0    21.5302   -61.3100     1189    16.14     18.64      371.24
0355   177.3   924.6     24.94    100.0     357    99     8.33     -8.23      1.25     6     1.2     356     0   0   0   0    21.5302   -61.3101     1170    16.15     18.65      371.30
0356   177.8   925.2     24.97    100.0     351    99     8.37     -8.26      1.37     6     1.3     351     0   0   0   0    21.5302   -61.3101     1151    16.24     18.75      371.37
0357   178.3   925.8     25.01    100.0     346   100     8.45     -8.32      1.50     5     1.4     345     0   0   0   0    21.5302   -61.3101     1132    16.39     18.93      371.44
0358   178.8   926.4     25.03    100.0     340   101     8.54     -8.39      1.60     6     1.4     339     0   0   0   0    21.5302   -61.3102     1113    16.57     19.13      371.48
0359   179.3   927.0     25.06    100.0     334   101     8.63     -8.47      1.64     6     1.4     334     0   0   0   0    21.5302   -61.3102     1095    16.73     19.32      371.51
0360   179.8   927.6     25.08    100.0     329   101     8.69     -8.54      1.62     6     1.4     328     0   0   0   0    21.5302   -61.3103     1076    16.86     19.47      371.52
0361   180.3   928.2     25.10    100.0     323   100     8.72     -8.58      1.54     7     1.3     322     0   0   0   0    21.5302   -61.3103     1057    16.92     19.54      371.51
0362   180.8   928.8     25.12    100.0     317    99     8.72     -8.60      1.41     7     1.2     317     0   0   0   0    21.5302   -61.3103     1038    16.91     19.53      371.48
0363   181.3   929.4     25.14    100.0     311    98     8.68     -8.59      1.28     7     1.1     311     0   0   0   0    21.5302   -61.3104     1019    16.84     19.44      371.45
0364   181.8   930.1     25.15    100.0     305    98     8.62     -8.54      1.16     7     1.0     305     0   0   0   0    21.5302   -61.3104     1000    16.72     19.31      371.42
0365   182.3   930.7     25.17    100.0     300    97     8.55     -8.48      1.10     7      .9     299     0   0   0   0    21.5303   -61.3105      981    16.58     19.15      371.38
0366   182.8   931.3     25.18    100.0     294    97     8.48     -8.41      1.10     7      .8     293     0   0   0   0    21.5303   -61.3105      961    16.45     19.00      371.35
0367   183.3   931.9     25.20    100.0     288    98     8.44     -8.36      1.16     7      .8     287     0   0   0   0    21.5303   -61.3106      941    16.37     18.90      371.31
0368   183.8   932.6     25.22    100.0     281    99     8.43     -8.34      1.26     7      .7     281     0   0   0   0    21.5303   -61.3106      921    16.35     18.88      371.29
0369   184.3   933.2     25.24    100.0     275    99     8.46     -8.35      1.37     7      .7     275     0   0   0   0    21.5303   -61.3106      901    16.42     18.96      371.27
0370   184.8   933.9     25.26    100.0     269   100     8.54     -8.41      1.48     7      .7     269     0   0   0   0    21.5303   -61.3107      881    16.56     19.12      371.26
0371   185.3   934.5     25.28    100.0     263   100     8.63     -8.49      1.56     7      .8     263     0   0   0   0    21.5303   -61.3107      862    16.75     19.34      371.26
0372   185.8   935.1     25.30    100.0     257   101     8.74     -8.59      1.61     7      .8     257     0   0   0   0    21.5303   -61.3108      842    16.95     19.57      371.25
0373   186.3   935.8     25.32    100.0     251   100     8.83     -8.68      1.61     7      .8     251     0   0   0   3    21.5303   -61.3108      822    17.13     19.77      371.24
0374   186.8   936.4     25.34    100.0     245   100     8.89     -8.75      1.56     7      .8     245     0   0   0   0    21.5303   -61.3109      803    17.24     19.90      371.22
0375   187.3   937.0     25.36    100.0     239   100     8.90     -8.77      1.49     7      .7     239     0   0   0   0    21.5303   -61.3109      784    17.26     19.93      371.19
0376   187.8   937.7     25.37    100.0     234    99     8.86     -8.75      1.40     7      .6     233     0   0   0   0    21.5303   -61.3109      764    17.19     19.85      371.15
0377   188.3   938.3     25.39    100.0     227    99     8.78     -8.68      1.30     7      .5     227     0   0   0   0    21.5303   -61.3110      744    17.04     19.67      371.11
0378   188.8   938.9     25.40    100.0     221    98     8.67     -8.59      1.22     7      .3     221     0   0   0   0    21.5303   -61.3110      724    16.82     19.43      371.08
0379   189.3   939.6     25.42    100.0     215    98     8.55     -8.48      1.15     7      .2     214     0   0   0   0    21.5303   -61.3111      703    16.59     19.16      371.07
0380   189.8   940.3     25.45    100.0     209    97     8.45     -8.37      1.10     7      .1     208     0   0   0   0    21.5304   -61.3111      683    16.39     18.92      371.07
0381   190.3   941.0     25.48    100.0     202    97     8.37     -8.30      1.07     7      .0     202     0   0   0   0    21.5304   -61.3111      661    16.24     18.75      371.10
0382   190.8   941.7     25.51    100.0     196    97     8.34     -8.27      1.06     7     -.1     195     0   0   0   0    21.5304   -61.3112      640    16.17     18.67      371.14
0383   191.3   942.4     25.54    100.0     189    97     8.35     -8.28      1.05     7     -.1     189     0   0   0   0    21.5304   -61.3112      619    16.19     18.69      371.18
0384   191.8   943.0     25.57    100.0     183    97     8.39     -8.33      1.05     7     -.2     182     0   0   0   0    21.5304   -61.3113      598    16.28     18.80      371.22
0385   192.3   943.7     25.60    100.0     176    97     8.47     -8.40      1.04     7     -.2     176     0   0   0   0    21.5304   -61.3113      577    16.42     18.96      371.24
0386   192.8   944.4     25.63    100.0     170    97     8.55     -8.49      1.02     7     -.2     169     0   0   0   0    21.5304   -61.3113      556    16.58     19.15      371.26
0387   193.3   945.1     25.65    100.0     164    97     8.62     -8.57       .99     7     -.2     163     0   0   0   0    21.5304   -61.3114      535    16.73     19.31      371.27
0388   193.8   945.8     25.68    100.0     157    96     8.68     -8.63       .97     7     -.2     157     0   0   0   0    21.5304   -61.3114      514    16.84     19.44      371.28
0389   194.3   946.5     25.70    100.0     151    96     8.71     -8.66       .97     7     -.2     150     0   0   0   0    21.5304   -61.3115      492    16.90     19.51      371.30
0390   194.8   947.2     25.74    100.0     144    96     8.72     -8.66       .98     7     -.3     144     0   0   0   0    21.5304   -61.3115      471    16.91     19.53      371.35
0391   195.3   947.9     25.77    100.0     138    97     8.71     -8.65      1.01     7     -.2     137     0   0   0   0    21.5304   -61.3116      449    16.89     19.50      371.42
0392   195.8   948.6     25.82    100.0     131    97     8.69     -8.62      1.07     7     -.2     130     0   0   0   0    21.5304   -61.3116      428    16.86     19.46      371.51
0393   196.3   949.3     25.86    100.0     125    98     8.68     -8.60      1.15     7     -.1     124     0   0   0   0    21.5304   -61.3116      407    16.83     19.43      371.62
0394   196.8   949.9     25.90    100.0     118    98     8.68     -8.59      1.25     7      .0     117     0   0   0   0    21.5304   -61.3117      385    16.83     19.43      371.74
0395   197.3   950.6     25.94    100.0     112    99     8.70     -8.59      1.35     7      .2     111     0   0   0   0    21.5304   -61.3117      365    16.87     19.48      371.84
0396   197.8   951.3     25.98    100.0     106   100     8.74     -8.61      1.46     7      .3     105     0   0   0   0    21.5304   -61.3118      345    16.95     19.57      371.92
0397   198.3   951.9     26.01    100.0     100   100     8.80     -8.66      1.57     7      .5      99     0   0   0   0    21.5304   -61.3118      325    17.08     19.72      371.98
0398   198.8   952.6     26.04    100.0      94   101     8.89     -8.73      1.67     7      .6      93     0   0   0   3    21.5304   -61.3119      305    17.25     19.92      372.02
0399   199.3   953.2     26.07    100.0      88   101     9.00     -8.83      1.75     7      .6      87     0   0   0   0    21.5304   -61.3119      285    17.46     20.16      372.04
0400   199.8   953.9     26.10    100.0      82   101     9.11     -8.93      1.80     7      .7      81     0   0   0   0    21.5305   -61.3119      266    17.68     20.41      372.06
0401   200.3   954.5     26.12    100.0      76   101     9.21     -9.03      1.79     7      .7      75     0   0   0   0    21.5305   -61.3120      246    17.87     20.63      372.10
0402   200.8   955.1     26.16    100.0      70   101     9.27     -9.11      1.72     7      .6      69     0   0   0   0    21.5305   -61.3120      227    17.99     20.77      372.15
0403   201.3   955.8     26.19    100.0      64   100     9.29     -9.15      1.60     7      .6      63     0   0   0   0    21.5305   -61.3121      207    18.02     20.80      372.24
0404   201.8   956.4     26.24    100.0      58    99     9.25     -9.13      1.43     7      .5      57     0   0   0   0    21.5305   -61.3121      187    17.94     20.71      372.37
0405   202.3   957.1     26.29    100.0      52    98     9.17     -9.08      1.24     7      .4      51     0   0   0   0    21.5305   -61.3122      167    17.78     20.53      372.52
0406   202.8   957.7     26.34    100.0      45    96     9.07     -9.01      1.02     7      .3      45     0   0   0   0    21.5305   -61.3122      147    17.59     20.31      372.68
0407   203.3   958.4     26.39    100.0      39    95     8.97     -8.94       .80     7      .3      39     0   0   0   0    21.5305   -61.3122      127    17.40     20.10      372.86
0408   203.8   959.1     26.45    100.0      33    94     8.91     -8.89       .58     7      .3      32     0   0   0   0    21.5305   -61.3123      106    17.28     19.95      373.05
0409   204.3   959.8     26.50    100.0      27    93     8.89     -8.87       .44     7      .2      26     0   0   0   0    21.5305   -61.3123       86    17.24     19.90      373.24
0410   204.8   960.4     26.57    100.0      20    92     8.85     -8.85       .35     7      .2      20     0   0   0   0    21.5305   -61.3124       65    17.18     19.83      373.47
0411   205.3   961.1     26.63    100.0      14    91     8.77     -8.77       .12     7      .2      14     0   0   0   0    21.5305   -61.3124       45    17.02     19.65      373.70
0412   205.8   961.8     26.70    100.0       8    87     8.57     -8.57      -.41     7      .2       7     0   0   0   0    21.5305   -61.3125       25    16.63     19.21      373.98
