 ===========================================================================
 DROPWINDSONDE PROCESSING RECORD                            Sonde: 984325114
 PDS file written Jul  9, 2004.                             Format:    V5.06
 Aircraft: AFRES C-130                       Date: 990914   Time: 111352 UTC
 ---------------------------------------------------------------------------
 Bias corrections:  PR =    .0 mb  TE =    .0 C  RH =    .0 %  PRB =   .0 mb
 Filters (LPF):     PTH =   5 s    WIND =   5 s       Hyd anchor =       SFC
 Dyn RH correction =  N     WSHR COR =      Y         Splash PR  =  927.9 mb
 Estimated PR used =  N     GPS VERR =    .66 m/s     HYD SFCP   =  926.8 mb
 Dyn T correction  =  Y     WGACORR  =    1.0 m       AC GA ADJ  =     .0 m
 ---------------------------------------------------------------------------
 COMMENTS: used rh2 after 110s, pressure bias 3.9 mb                   
 ===========================================================================

 ==============================================================================
 Date: 990914   Lat:  25.28 N   TA:   16.1 C   PS:  697.0 mb   WD:   218 deg
 Time: 111352   Lon:  76.08 W   TD:   13.5 C   GA:   2488 m    WS:   7.0 m/s
 SID:  984325114                RH:   84.4 %   Navaid:   GP          
 ===========================================================================

IX      t (s)  P (mb)    T (C)    RH (%)  Z (m)   WD    WS (m/s)   U (m/s)   V (m/s)  NS  WZ (m/s)  ZW (m)   FP  FT  FH  FW   LAT (N)    LON (E)  ZW (ft)  WS (kt)  WS (mph)  THETAE (K)
0001      .4   697.7     16.17     84.3    2498  -999  -999.00   -999.00   -999.00  -999  -999.0    2499     3   3   4   0    25.2800   -76.0800     8199  -999.00   -999.00      366.05
0002      .9   698.4     16.25     84.3    2490  -999  -999.00   -999.00   -999.00  -999  -999.0    2491     3   3   4   0    25.2801   -76.0800     8171  -999.00   -999.00      366.23
0003     1.4   699.1     16.33     84.2    2481  -999  -999.00   -999.00   -999.00  -999  -999.0    2482     3   3   4   0    25.2801   -76.0799     8144  -999.00   -999.00      366.38
0004     1.9   699.7     16.41     84.1    2473  -999  -999.00   -999.00   -999.00  -999  -999.0    2474     3   3   4   0    25.2801   -76.0799     8116  -999.00   -999.00      366.53
0005     2.4   700.4     16.49     84.1    2464  -999  -999.00   -999.00   -999.00  -999  -999.0    2465     3   3   4   0    25.2801   -76.0799     8089  -999.00   -999.00      366.67
0006     2.9   701.1     16.56     84.0    2456  -999  -999.00   -999.00   -999.00  -999  -999.0    2457     3   3   4   0    25.2801   -76.0799     8061  -999.00   -999.00      366.82
0007     3.4   701.8     16.64     83.9    2448  -999  -999.00   -999.00   -999.00  -999  -999.0    2449     3   3   4   0    25.2802   -76.0798     8033  -999.00   -999.00      366.96
0008     3.9   702.5     16.72     83.9    2439  -999  -999.00   -999.00   -999.00  -999  -999.0    2440     3   3   4   0    25.2802   -76.0798     8006  -999.00   -999.00      367.11
0009     4.4   703.2     16.80     83.8    2431  -999  -999.00   -999.00   -999.00  -999  -999.0    2432     3   3   4   0    25.2802   -76.0798     7979  -999.00   -999.00      367.25
0010     4.9   703.9     16.87     83.8    2423  -999  -999.00   -999.00   -999.00  -999  -999.0    2424     3   3   4   0    25.2802   -76.0798     7951  -999.00   -999.00      367.40
0011     5.4   704.6     16.95     83.7    2414  -999  -999.00   -999.00   -999.00  -999  -999.0    2415     3   3   4   0    25.2803   -76.0798     7924  -999.00   -999.00      367.54
0012     5.9   705.2     17.03     83.6    2406  -999  -999.00   -999.00   -999.00  -999  -999.0    2407     3   3   4   0    25.2803   -76.0797     7896  -999.00   -999.00      367.69
0013     6.4   705.9     17.10     83.6    2397  -999  -999.00   -999.00   -999.00  -999  -999.0    2398     3   3   4   0    25.2803   -76.0797     7869  -999.00   -999.00      367.83
0014     6.9   706.6     17.18     83.5    2389  -999  -999.00   -999.00   -999.00  -999  -999.0    2390     3   3   4   0    25.2803   -76.0797     7842  -999.00   -999.00      367.97
0015     7.4   707.3     17.25     83.4    2381  -999  -999.00   -999.00   -999.00  -999  -999.0    2382     3   3   4   0    25.2804   -76.0797     7814  -999.00   -999.00      368.11
0016     7.9   708.0     17.33     83.4    2372  -999  -999.00   -999.00   -999.00  -999  -999.0    2373     3   3   4   0    25.2804   -76.0796     7787  -999.00   -999.00      368.24
0017     8.4   708.7     17.40     83.3    2364  -999  -999.00   -999.00   -999.00  -999  -999.0    2365     3   3   4   0    25.2804   -76.0796     7760  -999.00   -999.00      368.38
0018     8.9   709.4     17.47     83.2    2356  -999  -999.00   -999.00   -999.00  -999  -999.0    2357     3   3   4   0    25.2804   -76.0796     7732  -999.00   -999.00      368.51
0019     9.4   710.1     17.54     83.2    2347  -999  -999.00   -999.00   -999.00  -999  -999.0    2348     3   3   4   0    25.2805   -76.0796     7705  -999.00   -999.00      368.63
0020     9.9   710.7     17.61     83.1    2339  -999  -999.00   -999.00   -999.00  -999  -999.0    2340     3   3   4   0    25.2805   -76.0796     7678  -999.00   -999.00      368.76
0021    10.4   711.4     17.68     83.0    2331  -999  -999.00   -999.00   -999.00  -999  -999.0    2332     3   3   4   0    25.2805   -76.0796     7651  -999.00   -999.00      368.87
0022    10.9   712.1     17.75     83.0    2323  -999  -999.00   -999.00   -999.00  -999  -999.0    2324     3   3   4   0    25.2805   -76.0795     7623  -999.00   -999.00      368.98
0023    11.4   712.8     17.82     82.9    2314  -999  -999.00   -999.00   -999.00  -999  -999.0    2315     3   3   4   0    25.2806   -76.0795     7596  -999.00   -999.00      369.09
0024    11.9   713.5     17.89     82.8    2306  -999  -999.00   -999.00   -999.00  -999  -999.0    2307     3   3   4   0    25.2806   -76.0795     7569  -999.00   -999.00      369.20
0025    12.4   714.2     17.96     82.8    2298  -999  -999.00   -999.00   -999.00  -999  -999.0    2299     3   3   4   0    25.2806   -76.0795     7542  -999.00   -999.00      369.31
0026    12.9   714.9     18.02     82.7    2289  -999  -999.00   -999.00   -999.00  -999  -999.0    2290     3   3   4   0    25.2806   -76.0795     7514  -999.00   -999.00      369.43
0027    13.4   715.6     18.09     82.6    2281  -999  -999.00   -999.00   -999.00  -999  -999.0    2282     3   3   4   0    25.2807   -76.0795     7487  -999.00   -999.00      369.54
0028    13.9   716.3     18.15     82.6    2273  -999  -999.00   -999.00   -999.00  -999  -999.0    2274     3   3   4   0    25.2807   -76.0795     7460  -999.00   -999.00      369.63
0029    14.4   716.9     18.21     82.5    2265  -999  -999.00   -999.00   -999.00  -999  -999.0    2266     3   3   4   0    25.2807   -76.0794     7433  -999.00   -999.00      369.68
0030    14.9   717.6     18.25     82.5    2256  -999  -999.00   -999.00   -999.00  -999  -999.0    2257     3   3   4   0    25.2807   -76.0794     7406  -999.00   -999.00      369.68
0031    15.4   718.3     18.28     82.4    2249  -999  -999.00   -999.00   -999.00  -999  -999.0    2250     0   0   4   0    25.2808   -76.0794     7381  -999.00   -999.00      369.63
0032    15.9   718.9     18.30     82.3    2241  -999  -999.00   -999.00   -999.00  -999     -.6    2242     0   0   4   0    25.2808   -76.0794     7356  -999.00   -999.00      369.53
0033    16.4   719.5     18.31     82.3    2234  -999  -999.00   -999.00   -999.00  -999     -.3    2235     0   0   4   0    25.2808   -76.0794     7332  -999.00   -999.00      369.39
0034    16.9   720.1     18.31     82.2    2227  -999  -999.00   -999.00   -999.00  -999      .0    2228     0   0   4   0    25.2808   -76.0794     7308  -999.00   -999.00      369.21
0035    17.4   720.7     18.30     82.1    2220  -999  -999.00   -999.00   -999.00  -999      .2    2221     0   0   4   0    25.2809   -76.0793     7285  -999.00   -999.00      369.03
0036    17.9   721.3     18.30     82.1    2213  -999  -999.00   -999.00   -999.00  -999      .3    2214     0   0   4   0    25.2809   -76.0793     7263  -999.00   -999.00      368.85
0037    18.4   721.9     18.30     82.0    2206  -999  -999.00   -999.00   -999.00  -999      .4    2207     0   0   4   0    25.2809   -76.0793     7240  -999.00   -999.00      368.68
0038    18.9   722.4     18.30     81.9    2199  -999  -999.00   -999.00   -999.00  -999      .4    2200     0   0   4   0    25.2809   -76.0793     7217  -999.00   -999.00      368.53
0039    19.4   723.0     18.31     81.9    2192  -999  -999.00   -999.00   -999.00  -999      .4    2193     0   0   4   0    25.2810   -76.0793     7194  -999.00   -999.00      368.39
0040    19.9   723.6     18.32     81.8    2185  -999  -999.00   -999.00   -999.00  -999      .4    2186     0   0   4   0    25.2810   -76.0793     7171  -999.00   -999.00      368.26
0041    20.4   724.2     18.33     81.7    2178  -999  -999.00   -999.00   -999.00  -999      .4    2179     0   0   4   0    25.2810   -76.0793     7148  -999.00   -999.00      368.13
0042    20.9   724.8     18.34     81.7    2171  -999  -999.00   -999.00   -999.00  -999      .5    2172     0   0   4   0    25.2810   -76.0792     7125  -999.00   -999.00      368.00
0043    21.4   725.4     18.35     81.6    2164  -999  -999.00   -999.00   -999.00  -999      .5    2165     0   0   4   0    25.2811   -76.0792     7102  -999.00   -999.00      367.88
0044    21.9   726.0     18.36     81.5    2157  -999  -999.00   -999.00   -999.00  -999      .6    2158     0   0   4   0    25.2811   -76.0792     7080  -999.00   -999.00      367.76
0045    22.4   726.5     18.37     81.5    2150  -999  -999.00   -999.00   -999.00  -999      .6    2151     0   0   4   0    25.2811   -76.0792     7057  -999.00   -999.00      367.66
0046    22.9   727.1     18.39     81.4    2143  -999  -999.00   -999.00   -999.00  -999      .6    2144     0   0   4   0    25.2811   -76.0792     7035  -999.00   -999.00      367.58
0047    23.4   727.7     18.41     81.4    2136  -999  -999.00   -999.00   -999.00  -999      .6    2137     0   0   4   0    25.2812   -76.0792     7013  -999.00   -999.00      367.53
0048    23.9   728.3     18.44     81.3    2130  -999  -999.00   -999.00   -999.00  -999      .6    2131     0   0   4   0    25.2812   -76.0791     6990  -999.00   -999.00      367.50
0049    24.4   728.8     18.48     81.2    2123  -999  -999.00   -999.00   -999.00  -999      .6    2124     0   0   4   0    25.2812   -76.0791     6968  -999.00   -999.00      367.49
0050    24.9   729.4     18.51     81.2    2116  -999  -999.00   -999.00   -999.00  -999      .6    2117     0   0   4   0    25.2812   -76.0791     6945  -999.00   -999.00      367.49
0051    25.4   730.0     18.55     81.1    2109  -999  -999.00   -999.00   -999.00  -999      .6    2110     0   0   4   0    25.2813   -76.0791     6923  -999.00   -999.00      367.48
0052    25.9   730.6     18.59     81.0    2102  -999  -999.00   -999.00   -999.00  -999      .6    2103     0   0   4   0    25.2813   -76.0791     6900  -999.00   -999.00      367.45
0053    26.4   731.2     18.62     80.9    2095  -999  -999.00   -999.00   -999.00  -999      .5    2096     0   0   4   0    25.2813   -76.0791     6878  -999.00   -999.00      367.42
0054    26.9   731.7     18.65     80.8    2088  -999  -999.00   -999.00   -999.00  -999      .5    2089     0   0   4   0    25.2813   -76.0791     6855  -999.00   -999.00      367.38
0055    27.4   732.3     18.67     80.8    2082  -999  -999.00   -999.00   -999.00  -999      .4    2083     0   0   4   0    25.2814   -76.0790     6833  -999.00   -999.00      367.34
0056    27.9   732.9     18.69     80.8    2075  -999  -999.00   -999.00   -999.00  -999      .4    2076     0   0   4   0    25.2814   -76.0790     6810  -999.00   -999.00      367.30
0057    28.4   733.5     18.71     80.8    2068  -999  -999.00   -999.00   -999.00  -999      .3    2069     0   0   0   0    25.2814   -76.0790     6787  -999.00   -999.00      367.27
0058    28.9   734.1     18.73     80.9    2061  -999  -999.00   -999.00   -999.00  -999      .3    2062     0   0   0   0    25.2814   -76.0790     6764  -999.00   -999.00      367.24
0059    29.4   734.7     18.74     80.9    2054  -999  -999.00   -999.00   -999.00  -999      .2    2055     0   0   0   0    25.2815   -76.0790     6741  -999.00   -999.00      367.20
0060    29.9   735.3     18.76     80.9    2047  -999  -999.00   -999.00   -999.00  -999      .2    2048     0   0   0   0    25.2815   -76.0790     6718  -999.00   -999.00      367.15
0061    30.4   735.9     18.78     80.9    2040  -999  -999.00   -999.00   -999.00  -999      .1    2041     0   0   0   0    25.2815   -76.0789     6695  -999.00   -999.00      367.09
0062    30.9   736.5     18.80     80.9    2033  -999  -999.00   -999.00   -999.00  -999      .1    2034     0   0   0   0    25.2815   -76.0789     6672  -999.00   -999.00      367.02
0063    31.4   737.1     18.82     80.8    2025  -999  -999.00   -999.00   -999.00  -999      .0    2026     0   0   0   0    25.2816   -76.0789     6648  -999.00   -999.00      366.95
0064    31.9   737.7     18.84     80.8    2018  -999  -999.00   -999.00   -999.00  -999      .0    2019     0   0   0   0    25.2816   -76.0789     6625  -999.00   -999.00      366.89
0065    32.4   738.3     18.86     80.7    2011  -999  -999.00   -999.00   -999.00  -999      .0    2012     0   0   0   0    25.2816   -76.0789     6602  -999.00   -999.00      366.85
0066    32.9   738.9     18.89     80.8    2004  -999  -999.00   -999.00   -999.00  -999      .0    2005     0   0   0   0    25.2816   -76.0789     6578  -999.00   -999.00      366.86
0067    33.4   739.6     18.91     80.9    1997  -999  -999.00   -999.00   -999.00  -999      .0    1998     0   0   0   0    25.2817   -76.0789     6555  -999.00   -999.00      366.92
0068    33.9   740.2     18.93     81.2    1990  -999  -999.00   -999.00   -999.00  -999      .0    1991     0   0   0   0    25.2817   -76.0788     6532  -999.00   -999.00      367.02
0069    34.4   740.8     18.94     81.5    1983  -999  -999.00   -999.00   -999.00  -999      .0    1984     0   0   0   0    25.2817   -76.0788     6508  -999.00   -999.00      367.15
0070    34.9   741.4     18.94     82.0    1976  -999  -999.00   -999.00   -999.00  -999      .0    1977     0   0   0   0    25.2817   -76.0788     6485  -999.00   -999.00      367.28
0071    35.4   742.0     18.93     82.4    1968  -999  -999.00   -999.00   -999.00  -999      .0    1969     0   0   0   0    25.2818   -76.0788     6462  -999.00   -999.00      367.41
0072    35.9   742.6     18.92     82.9    1961  -999  -999.00   -999.00   -999.00  -999      .0    1962     0   0   0   0    25.2818   -76.0788     6438  -999.00   -999.00      367.52
0073    36.4   743.2     18.90     83.4    1954  -999  -999.00   -999.00   -999.00  -999      .1    1955     0   0   0   0    25.2818   -76.0788     6415  -999.00   -999.00      367.58
0074    36.9   743.8     18.87     83.9    1947  -999  -999.00   -999.00   -999.00  -999      .1    1948     0   0   0   0    25.2818   -76.0788     6392  -999.00   -999.00      367.60
0075    37.4   744.4     18.85     84.2    1940  -999  -999.00   -999.00   -999.00  -999      .1    1941     0   0   0   0    25.2819   -76.0788     6369  -999.00   -999.00      367.58
0076    37.9   745.0     18.83     84.5    1933  -999  -999.00   -999.00   -999.00  -999      .1    1934     0   0   0   0    25.2819   -76.0788     6346  -999.00   -999.00      367.54
0077    38.4   745.6     18.82     84.7    1926  -999  -999.00   -999.00   -999.00  -999      .1    1927     0   0   0   0    25.2819   -76.0788     6323  -999.00   -999.00      367.49
0078    38.9   746.2     18.82     84.9    1919  -999  -999.00   -999.00   -999.00  -999      .1    1920     0   0   0   0    25.2819   -76.0788     6300  -999.00   -999.00      367.43
0079    39.4   746.9     18.82     85.0    1912  -999  -999.00   -999.00   -999.00  -999      .1    1913     0   0   0   0    25.2820   -76.0788     6277  -999.00   -999.00      367.38
0080    39.9   747.5     18.84     85.0    1905  -999  -999.00   -999.00   -999.00  -999      .1    1906     0   0   0   0    25.2820   -76.0788     6254  -999.00   -999.00      367.34
0081    40.4   748.1     18.86     85.0    1898  -999  -999.00   -999.00   -999.00  -999      .1    1899     0   0   0   0    25.2820   -76.0788     6231  -999.00   -999.00      367.31
0082    40.9   748.7     18.88     85.0    1891  -999  -999.00   -999.00   -999.00  -999      .1    1892     0   0   0   0    25.2820   -76.0787     6207  -999.00   -999.00      367.30
0083    41.4   749.3     18.91     85.0    1884  -999  -999.00   -999.00   -999.00  -999      .1    1885     0   0   0   0    25.2821   -76.0787     6184  -999.00   -999.00      367.29
0084    41.9   749.9     18.94     85.0    1877  -999  -999.00   -999.00   -999.00  -999      .1    1878     0   0   0   0    25.2821   -76.0787     6161  -999.00   -999.00      367.29
0085    42.4   750.5     18.97     85.0    1870  -999  -999.00   -999.00   -999.00  -999      .1    1871     0   0   0   0    25.2821   -76.0787     6138  -999.00   -999.00      367.28
0086    42.9   751.1     19.01     84.9    1863  -999  -999.00   -999.00   -999.00  -999      .1    1864     0   0   0   0    25.2821   -76.0787     6115  -999.00   -999.00      367.26
0087    43.4   751.7     19.05     84.7    1856  -999  -999.00   -999.00   -999.00  -999      .1    1857     0   0   0   0    25.2822   -76.0787     6092  -999.00   -999.00      367.23
0088    43.9   752.3     19.10     84.5    1849  -999  -999.00   -999.00   -999.00  -999      .1    1850     0   0   0   0    25.2822   -76.0787     6069  -999.00   -999.00      367.20
0089    44.4   752.9     19.15     84.3    1842  -999  -999.00   -999.00   -999.00  -999      .1    1843     0   0   0   0    25.2822   -76.0787     6047  -999.00   -999.00      367.16
0090    44.9   753.6     19.21     84.0    1835  -999  -999.00   -999.00   -999.00  -999      .1    1836     0   0   0   0    25.2823   -76.0787     6024  -999.00   -999.00      367.13
0091    45.4   754.2     19.27     83.8    1828  -999  -999.00   -999.00   -999.00  -999      .1    1829     0   0   0   0    25.2823   -76.0787     6001  -999.00   -999.00      367.12
0092    45.9   754.8     19.32     83.6    1821  -999  -999.00   -999.00   -999.00  -999      .1    1822     0   0   0   0    25.2823   -76.0787     5978  -999.00   -999.00      367.14
0093    46.4   755.4     19.38     83.4    1814  -999  -999.00   -999.00   -999.00  -999      .1    1815     0   0   0   0    25.2823   -76.0787     5955  -999.00   -999.00      367.19
0094    46.9   756.0     19.44     83.4    1807  -999  -999.00   -999.00   -999.00  -999      .1    1808     0   0   0   0    25.2824   -76.0787     5932  -999.00   -999.00      367.26
0095    47.4   756.6     19.50     83.3    1800  -999  -999.00   -999.00   -999.00  -999      .1    1801     0   0   0   0    25.2824   -76.0786     5909  -999.00   -999.00      367.35
0096    47.9   757.2     19.55     83.3    1793  -999  -999.00   -999.00   -999.00  -999      .1    1794     0   0   0   0    25.2824   -76.0786     5886  -999.00   -999.00      367.43
0097    48.4   757.8     19.60     83.2    1786  -999  -999.00   -999.00   -999.00  -999      .1    1787     0   0   0   0    25.2824   -76.0786     5864  -999.00   -999.00      367.49
0098    48.9   758.4     19.65     83.1    1779  -999  -999.00   -999.00   -999.00  -999      .1    1780     0   0   0   0    25.2825   -76.0786     5841  -999.00   -999.00      367.52
0099    49.4   759.0     19.69     83.0    1772  -999  -999.00   -999.00   -999.00  -999      .2    1773     0   0   0   0    25.2825   -76.0786     5818  -999.00   -999.00      367.52
0100    49.9   759.7     19.74     82.8    1765  -999  -999.00   -999.00   -999.00  -999      .2    1766     0   0   0   0    25.2825   -76.0786     5795  -999.00   -999.00      367.49
0101    50.4   760.3     19.79     82.5    1758  -999  -999.00   -999.00   -999.00  -999      .3    1759     0   0   0   0    25.2825   -76.0786     5772  -999.00   -999.00      367.44
0102    50.9   760.9     19.85     82.3    1751  -999  -999.00   -999.00   -999.00  -999      .4    1752     0   0   0   0    25.2826   -76.0786     5750  -999.00   -999.00      367.39
0103    51.4   761.5     19.90     82.0    1745  -999  -999.00   -999.00   -999.00  -999      .5    1746     0   0   0   0    25.2826   -76.0786     5727  -999.00   -999.00      367.36
0104    51.9   762.1     19.95     81.8    1738  -999  -999.00   -999.00   -999.00  -999      .6    1739     0   0   0   0    25.2826   -76.0786     5705  -999.00   -999.00      367.35
0105    52.4   762.6     20.00     81.7    1731  -999  -999.00   -999.00   -999.00  -999      .6    1732     0   0   0   0    25.2827   -76.0786     5684  -999.00   -999.00      367.37
0106    52.9   763.2     20.04     81.7    1725  -999  -999.00   -999.00   -999.00  -999      .6    1726     0   0   0   0    25.2827   -76.0786     5662  -999.00   -999.00      367.41
0107    53.4   763.8     20.08     81.6    1718  -999  -999.00   -999.00   -999.00  -999      .6    1719     0   0   0   0    25.2827   -76.0786     5640  -999.00   -999.00      367.45
0108    53.9   764.4     20.11     81.7    1711  -999  -999.00   -999.00   -999.00  -999      .6    1712     0   0   0   0    25.2827   -76.0785     5618  -999.00   -999.00      367.47
0109    54.4   765.0     20.14     81.7    1705  -999  -999.00   -999.00   -999.00  -999      .5    1706     0   0   0   0    25.2828   -76.0785     5596  -999.00   -999.00      367.48
0110    54.9   765.6     20.17     81.6    1698  -999  -999.00   -999.00   -999.00  -999      .4    1699     0   0   0   0    25.2828   -76.0785     5574  -999.00   -999.00      367.46
0111    55.4   766.2     20.20     81.6    1691  -999  -999.00   -999.00   -999.00  -999      .3    1692     0   0   0   0    25.2828   -76.0785     5552  -999.00   -999.00      367.42
0112    55.9   766.8     20.22     81.5    1684  -999  -999.00   -999.00   -999.00  -999      .3    1685     0   0   0   0    25.2828   -76.0785     5529  -999.00   -999.00      367.39
0113    56.4   767.4     20.26     81.5    1677  -999  -999.00   -999.00   -999.00  -999      .2    1678     0   0   0   0    25.2829   -76.0785     5506  -999.00   -999.00      367.38
0114    56.9   768.0     20.29     81.4    1670  -999  -999.00   -999.00   -999.00  -999      .2    1671     0   0   0   0    25.2829   -76.0785     5484  -999.00   -999.00      367.40
0115    57.4   768.6     20.33     81.5    1663  -999  -999.00   -999.00   -999.00  -999      .2    1664     0   0   0   0    25.2829   -76.0785     5461  -999.00   -999.00      367.46
0116    57.9   769.2     20.36     81.6    1657  -999  -999.00   -999.00   -999.00  -999      .2    1658     0   0   0   0    25.2829   -76.0785     5438  -999.00   -999.00      367.55
0117    58.4   769.9     20.40     81.7    1650  -999  -999.00   -999.00   -999.00  -999      .3    1651     0   0   0   0    25.2830   -76.0785     5416  -999.00   -999.00      367.66
0118    58.9   770.5     20.42     81.9    1643  -999  -999.00   -999.00   -999.00  -999      .3    1644     0   0   0   0    25.2830   -76.0785     5393  -999.00   -999.00      367.75
0119    59.4   771.1     20.44     82.0    1636  -999  -999.00   -999.00   -999.00  -999      .4    1637     0   0   0   0    25.2830   -76.0785     5371  -999.00   -999.00      367.80
0120    59.9   771.7     20.46     82.1    1629  -999  -999.00   -999.00   -999.00  -999      .4    1630     0   0   0   0    25.2831   -76.0785     5349  -999.00   -999.00      367.79
0121    60.4   772.3     20.47     82.1    1623  -999  -999.00   -999.00   -999.00  -999      .4    1624     0   0   0   0    25.2831   -76.0785     5327  -999.00   -999.00      367.74
0122    60.9   772.9     20.49     82.0    1616  -999  -999.00   -999.00   -999.00  -999      .4    1617     0   0   0   0    25.2831   -76.0785     5305  -999.00   -999.00      367.64
0123    61.4   773.5     20.51     81.9    1609  -999  -999.00   -999.00   -999.00  -999      .4    1610     0   0   0   0    25.2831   -76.0785     5283  -999.00   -999.00      367.53
0124    61.9   774.1     20.53     81.8    1602  -999  -999.00   -999.00   -999.00  -999      .4    1603     0   0   0   0    25.2832   -76.0785     5260  -999.00   -999.00      367.45
0125    62.4   774.7     20.56     81.7    1596  -999  -999.00   -999.00   -999.00  -999      .4    1597     0   0   0   0    25.2832   -76.0785     5238  -999.00   -999.00      367.43
0126    62.9   775.3     20.59     81.8    1589  -999  -999.00   -999.00   -999.00  -999      .4    1590     0   0   0   0    25.2832   -76.0785     5216  -999.00   -999.00      367.50
0127    63.4   775.9     20.63     82.0    1582  -999  -999.00   -999.00   -999.00  -999      .4    1583     0   0   0   0    25.2832   -76.0785     5193  -999.00   -999.00      367.66
0128    63.9   776.5     20.66     82.4    1575  -999  -999.00   -999.00   -999.00  -999      .4    1576     0   0   0   0    25.2833   -76.0785     5171  -999.00   -999.00      367.90
0129    64.4   777.1     20.69     82.8    1568  -999  -999.00   -999.00   -999.00  -999      .5    1569     0   0   0   0    25.2833   -76.0785     5149  -999.00   -999.00      368.18
0130    64.9   777.7     20.72     83.2    1562   184     5.84       .43      5.82     4      .5    1563     0   0   0   0    25.2833   -76.0785     5127    11.33     13.08      368.47
0131    65.4   778.3     20.75     83.6    1555   191     6.33      1.16      6.22     5      .6    1556     0   0   0   0    25.2833   -76.0785     5105    12.28     14.18      368.73
0132    65.9   778.9     20.77     83.9    1548   186     6.20       .65      6.17     5      .6    1549     0   0   0   3    25.2834   -76.0785     5084    12.03     13.89      368.92
0133    66.4   779.5     20.80     84.1    1542   180     6.09       .03      6.09     4      .7    1543     0   0   0   3    25.2834   -76.0785     5062    11.82     13.65      369.04
0134    66.9   780.1     20.83     84.1    1535   179     6.16      -.06      6.16     4      .7    1536     0   0   0   0    25.2834   -76.0785     5040    11.95     13.80      369.08
0135    67.4   780.7     20.86     84.1    1529   181     6.27       .06      6.27     5      .7    1530     0   0   0   3    25.2835   -76.0785     5019    12.16     14.05      369.06
0136    67.9   781.2     20.90     83.9    1522   182     6.35       .18      6.35     5      .6    1523     0   0   0   0    25.2835   -76.0785     4997    12.32     14.23      368.99
0137    68.4   781.8     20.95     83.6    1515   182     6.41       .25      6.40     5      .6    1516     0   0   0   0    25.2835   -76.0785     4975    12.43     14.36      368.90
0138    68.9   782.4     20.99     83.3    1509   183     6.47       .32      6.47     4      .6    1510     0   0   0   0    25.2835   -76.0785     4953    12.56     14.50      368.80
0139    69.4   783.0     21.04     83.0    1502   184     6.56       .44      6.54     4      .6    1503     0   0   0   0    25.2836   -76.0785     4932    12.72     14.69      368.70
0140    69.9   783.6     21.10     82.7    1495   185     6.66       .57      6.64     5      .6    1496     0   0   0   0    25.2836   -76.0785     4910    12.92     14.92      368.62
0141    70.4   784.2     21.15     82.4    1489   185     6.75       .61      6.72     5      .7    1490     0   0   0   3    25.2836   -76.0785     4888    13.09     15.12      368.56
0142    70.9   784.8     21.19     82.2    1482   184     6.80       .53      6.77     5      .7    1483     0   0   0   3    25.2837   -76.0785     4866    13.18     15.22      368.53
0143    71.4   785.4     21.24     82.1    1476   183     6.80       .36      6.79     4      .8    1477     0   0   0   3    25.2837   -76.0785     4845    13.20     15.24      368.52
0144    71.9   786.0     21.28     82.0    1469   181     6.77       .13      6.77     4      .8    1470     0   0   0   0    25.2837   -76.0785     4824    13.14     15.18      368.55
0145    72.4   786.6     21.32     82.0    1463   179     6.72      -.13      6.72     4      .9    1464     0   0   0   0    25.2838   -76.0785     4802    13.03     15.04      368.60
0146    72.9   787.2     21.36     82.0    1456   177     6.64      -.39      6.63     4      .9    1457     0   0   0   0    25.2838   -76.0785     4781    12.89     14.88      368.67
0147    73.4   787.8     21.39     82.1    1450   174     6.57      -.64      6.54     4      .9    1451     0   0   0   3    25.2838   -76.0785     4760    12.75     14.72      368.75
0148    73.9   788.3     21.43     82.1    1443   172     6.51      -.85      6.45     4      .9    1444     0   0   0   0    25.2838   -76.0785     4739    12.63     14.58      368.82
0149    74.4   788.9     21.46     82.1    1437   171     6.46     -1.00      6.38     5      .8    1438     0   0   0   3    25.2839   -76.0785     4718    12.53     14.46      368.86
0150    74.9   789.5     21.49     82.1    1430   170     6.41     -1.07      6.32     5      .8    1431     0   0   0   0    25.2839   -76.0785     4696    12.44     14.36      368.87
0151    75.4   790.1     21.53     82.0    1424   171     6.37     -1.05      6.28     5      .7    1425     3   3   3   0    25.2839   -76.0785     4675    12.35     14.26      368.84
0152    75.9   790.7     21.56     81.8    1417   172     6.32      -.93      6.25     4      .6    1418     0   0   0   0    25.2840   -76.0785     4653    12.27     14.16      368.78
0153    76.4   791.3     21.60     81.7    1411   173     6.28      -.73      6.24     5      .6    1412     0   0   0   0    25.2840   -76.0785     4632    12.19     14.07      368.70
0154    76.9   791.9     21.63     81.5    1404   175     6.26      -.49      6.24     5      .6    1405     0   0   0   0    25.2840   -76.0785     4610    12.14     14.01      368.62
0155    77.4   792.5     21.67     81.3    1397   178     6.25      -.26      6.24     5      .6    1398     0   0   0   0    25.2840   -76.0785     4588    12.12     14.00      368.54
0156    77.9   793.1     21.70     81.2    1391   179     6.26      -.07      6.26     5      .7    1392     0   0   0   0    25.2841   -76.0785     4566    12.14     14.02      368.48
0157    78.4   793.7     21.73     81.1    1384   180     6.28       .03      6.28     4      .7    1385     0   0   0   0    25.2841   -76.0785     4544    12.18     14.07      368.44
0158    78.9   794.3     21.76     81.0    1378   180     6.30       .03      6.30     4      .8    1379     0   0   0   0    25.2841   -76.0785     4523    12.23     14.12      368.42
0159    79.4   794.9     21.79     81.0    1371   179     6.32      -.10      6.32     5      .9    1372     0   0   0   0    25.2842   -76.0785     4502    12.27     14.16      368.41
0160    79.9   795.5     21.82     80.9    1365   177     6.34      -.31      6.33     5     1.0    1366     0   0   0   0    25.2842   -76.0785     4481    12.29     14.19      368.42
0161    80.4   796.0     21.85     81.0    1359   175     6.35      -.58      6.32     5     1.1    1360     0   0   0   0    25.2842   -76.0785     4461    12.31     14.21      368.45
0162    80.9   796.6     21.87     81.1    1352   172     6.35      -.84      6.29     5     1.1    1353     0   0   0   0    25.2842   -76.0785     4440    12.31     14.22      368.51
0163    81.4   797.2     21.89     81.2    1346   171     6.33     -1.04      6.25     5     1.0    1347     0   0   0   3    25.2843   -76.0785     4419    12.29     14.19      368.59
0164    81.9   797.8     21.91     81.5    1340   170     6.31     -1.13      6.20     5      .9    1341     0   0   0   0    25.2843   -76.0785     4399    12.23     14.13      368.70
0165    82.4   798.4     21.92     81.7    1333   170     6.26     -1.08      6.17     6      .8    1334     0   0   0   3    25.2843   -76.0785     4378    12.15     14.03      368.81
0166    82.9   799.0     21.92     82.1    1327   172     6.23      -.91      6.16     6      .7    1328     0   0   0   0    25.2844   -76.0785     4356    12.08     13.95      368.92
0167    83.4   799.6     21.92     82.3    1320   174     6.22      -.64      6.18     6      .6    1321     0   0   0   0    25.2844   -76.0785     4335    12.06     13.93      368.98
0168    83.9   800.2     21.91     82.6    1314   177     6.25      -.33      6.24     6      .6    1315     0   0   0   3    25.2844   -76.0785     4313    12.13     14.00      369.00
0169    84.4   800.8     21.91     82.8    1307   180     6.33      -.03      6.33     5      .5    1308     0   0   0   3    25.2844   -76.0785     4291    12.29     14.19      368.95
0170    84.9   801.4     21.90     82.9    1300   182     6.45       .19      6.44     5      .5    1301     0   0   0   0    25.2845   -76.0785     4269    12.50     14.44      368.86
0171    85.4   802.0     21.90     82.9    1294   183     6.56       .31      6.55     5      .5    1295     0   0   0   0    25.2845   -76.0785     4248    12.73     14.70      368.74
0172    85.9   802.6     21.90     82.9    1287   183     6.66       .32      6.65     5      .5    1288     0   0   0   0    25.2845   -76.0785     4226    12.93     14.92      368.62
0173    86.4   803.2     21.91     82.8    1280   182     6.74       .24      6.73     5      .5    1281     0   0   0   0    25.2846   -76.0785     4204    13.07     15.09      368.53
0174    86.9   803.8     21.93     82.8    1274   181     6.78       .10      6.78     5      .6    1275     0   0   0   3    25.2846   -76.0785     4183    13.16     15.20      368.47
0175    87.4   804.4     21.95     82.9    1267   180     6.81      -.02      6.81     5      .6    1268     0   0   0   0    25.2846   -76.0785     4161    13.22     15.26      368.46
0176    87.9   805.0     21.98     82.9    1261   179     6.83      -.07      6.82     5      .6    1262     0   0   0   0    25.2847   -76.0785     4140    13.24     15.29      368.49
0177    88.4   805.6     22.00     83.0    1254   180     6.83      -.01      6.83     5      .6    1255     0   0   0   0    25.2847   -76.0785     4118    13.24     15.29      368.54
0178    88.9   806.2     22.03     83.1    1248   181     6.82       .17      6.82     5      .6    1249     3   3   3   0    25.2847   -76.0785     4097    13.24     15.28      368.60
0179    89.4   806.8     22.05     83.1    1241   184     6.82       .46      6.80     5      .6    1242     0   0   0   3    25.2848   -76.0785     4076    13.23     15.28      368.66
0180    89.9   807.4     22.08     83.3    1235   187     6.81       .79      6.77     5      .6    1236     0   0   0   0    25.2848   -76.0785     4054    13.21     15.26      368.72
0181    90.4   808.0     22.10     83.4    1228   189     6.78      1.09      6.70     5      .6    1229     0   0   0   3    25.2848   -76.0785     4033    13.16     15.19      368.79
0182    90.9   808.6     22.12     83.6    1222   191     6.71      1.28      6.58     4      .6    1223     0   0   0   3    25.2848   -76.0785     4012    13.01     15.02      368.89
0183    91.4   809.2     22.14     83.8    1215   192     6.56      1.31      6.43     4      .6    1216     0   0   0   0    25.2849   -76.0785     3990    12.73     14.70      369.02
0184    91.9   809.8     22.15     84.2    1209   191     6.35      1.16      6.25     4      .6    1210     0   0   0   0    25.2849   -76.0785     3969    12.33     14.23      369.19
0185    92.4   810.4     22.16     84.6    1202   188     6.11       .86      6.05     4      .6    1203     0   0   0   0    25.2849   -76.0785     3947    11.86     13.69      369.40
0186    92.9   811.0     22.17     85.1    1196   184     5.88       .46      5.86     4      .6    1197     0   0   0   3    25.2850   -76.0785     3926    11.41     13.18      369.63
0187    93.4   811.7     22.17     85.6    1189   180     5.71       .05      5.71     4      .5    1190     0   0   0   3    25.2850   -76.0785     3904    11.08     12.79      369.86
0188    93.9   812.3     22.17     86.1    1183   177     5.62      -.28      5.61     5      .5    1184     0   0   0   3    25.2850   -76.0785     3883    10.90     12.58      370.08
0189    94.4   812.9     22.17     86.6    1176   175     5.59      -.47      5.57     5      .5    1177     0   0   0   3    25.2850   -76.0785     3861    10.84     12.52      370.29
0190    94.9   813.5     22.17     87.0    1169   175     5.60      -.47      5.58     5      .5    1170     0   0   0   0    25.2851   -76.0785     3840    10.87     12.55      370.48
0191    95.4   814.1     22.18     87.4    1163   177     5.65      -.31      5.64     5      .5    1164     0   0   0   0    25.2851   -76.0785     3818    10.97     12.66      370.65
0192    95.9   814.7     22.19     87.8    1156   180     5.73      -.02      5.73     5      .5    1157     0   0   0   3    25.2851   -76.0785     3797    11.12     12.84      370.79
0193    96.4   815.3     22.20     88.0    1150   183     5.83       .32      5.82     4      .5    1151     0   0   0   0    25.2851   -76.0785     3775    11.32     13.07      370.88
0194    96.9   815.9     22.21     88.2    1143   186     5.94       .63      5.91     4      .5    1144     0   0   0   0    25.2852   -76.0785     3754    11.53     13.32      370.92
0195    97.4   816.5     22.23     88.2    1137   188     6.04       .84      5.98     4      .5    1138     0   0   0   0    25.2852   -76.0785     3733    11.72     13.53      370.88
0196    97.9   817.1     22.24     88.1    1130   189     6.11       .93      6.04     4      .5    1131     0   0   0   0    25.2852   -76.0785     3711    11.85     13.68      370.74
0197    98.4   817.7     22.25     87.8    1124   188     6.14       .89      6.08     4      .5    1125     0   0   0   3    25.2852   -76.0785     3690    11.92     13.76      370.51
0198    98.9   818.4     22.27     87.5    1117   187     6.16       .77      6.11     4      .4    1118     0   0   0   3    25.2853   -76.0785     3668    11.95     13.80      370.21
0199    99.4   819.0     22.28     87.1    1111   186     6.18       .61      6.15     4      .4    1112     0   0   0   0    25.2853   -76.0785     3647    11.98     13.83      369.90
0200    99.9   819.6     22.30     86.7    1104   184     6.20       .47      6.18     4      .3    1105     0   0   0   0    25.2853   -76.0785     3625    12.02     13.88      369.62
0201   100.4   820.2     22.32     86.5    1097   184     6.22       .38      6.21     4      .3    1098     0   0   0   0    25.2854   -76.0785     3603    12.07     13.93      369.45
0202   100.9   820.9     22.34     86.5    1091   183     6.25       .37      6.24     4      .3    1092     0   0   0   0    25.2854   -76.0785     3581    12.12     13.99      369.42
0203   101.4   821.5     22.37     86.7    1084   184     6.27       .41      6.26     4      .4    1085     0   0   0   0    25.2854   -76.0785     3559    12.17     14.05      369.54
0204   101.9   822.1     22.39     87.1    1077   185     6.29       .51      6.27     4      .4    1078     0   0   0   0    25.2854   -76.0785     3538    12.21     14.10      369.81
0205   102.4   822.7     22.42     87.6    1071   186     6.31       .62      6.28     4      .4    1072     0   0   0   0    25.2855   -76.0785     3516    12.24     14.14      370.17
0206   102.9   823.3     22.44     88.2    1064   187     6.33       .72      6.29     4      .4    1065     0   0   0   3    25.2855   -76.0785     3495    12.27     14.17      370.58
0207   103.4   823.9     22.46     88.9    1058   187     6.34       .79      6.29     4      .4    1059     0   0   0   0    25.2855   -76.0785     3473    12.29     14.19      370.97
0208   103.9   824.6     22.48     89.4    1051   188     6.34       .83      6.28     4      .4    1052     0   0   0   0    25.2856   -76.0784     3452    12.29     14.19      371.29
0209   104.4   825.2     22.49     89.8    1045   188     6.33       .84      6.27     4      .3    1046     0   0   0   0    25.2856   -76.0784     3431    12.28     14.18      371.51
0210   104.9   825.8     22.50     90.1    1038   188     6.31       .83      6.25     4      .3    1039     0   0   0   0    25.2856   -76.0784     3409    12.24     14.13      371.64
0211   105.4   826.4     22.51     90.3    1031   187     6.28       .79      6.23     4      .2    1032     0   0   0   0    25.2856   -76.0784     3387    12.18     14.07      371.69
0212   105.9   827.1     22.52     90.4    1025   187     6.24       .74      6.20     4      .2    1026     0   0   0   3    25.2857   -76.0784     3365    12.11     13.99      371.69
0213   106.4   827.7     22.54     90.5    1018   186     6.21       .70      6.17     5      .1    1019     0   0   0   3    25.2857   -76.0784     3343    12.05     13.91      371.68
0214   106.9   828.3     22.55     90.6    1011   186     6.18       .65      6.15     5      .1    1012     0   0   0   3    25.2857   -76.0784     3321    11.99     13.85      371.69
0215   107.4   829.0     22.58     90.7    1004   186     6.17       .62      6.14     5      .1    1005     0   0   0   0    25.2858   -76.0784     3299    11.97     13.82      371.72
0216   107.9   829.6     22.60     90.8     998   186     6.18       .60      6.15     5      .1     999     0   0   0   3    25.2858   -76.0784     3277    11.99     13.84      371.79
0217   108.4   830.2     22.63     90.9     991   186     6.21       .60      6.18     5      .1     992     0   0   0   0    25.2858   -76.0784     3255    12.04     13.90      371.88
0218   108.9   830.9     22.66     91.0     984   186     6.24       .62      6.21     5      .1     985     0   0   0   0    25.2858   -76.0784     3233    12.11     13.98      371.99
0219   109.4   831.5     22.69     91.1     978   186     6.28       .66      6.24     5      .1     979     0   0   0   0    25.2859   -76.0784     3211    12.18     14.06      372.09
0220   109.9   832.1     22.72     91.2     971   186     6.30       .71      6.26     5      .1     972     0   0   0   0    25.2859   -76.0784     3189    12.22     14.11      372.18
0221   110.4   832.8     22.75     91.3     964   187     6.31       .75      6.26     4      .1     965     0   0   0   0    25.2859   -76.0784     3167    12.24     14.13      372.25
0222   110.9   833.4     22.78     91.3     958   187     6.29       .78      6.25     5      .0     959     0   0   0   0    25.2860   -76.0784     3145    12.21     14.10      372.30
0223   111.4   834.0     22.82     91.3     951   187     6.27       .79      6.22     5      .0     952     0   0   0   0    25.2860   -76.0784     3123    12.16     14.04      372.32
0224   111.9   834.7     22.85     91.2     944   187     6.23       .78      6.18     5      .0     945     0   0   0   3    25.2860   -76.0784     3101    12.09     13.96      372.31
0225   112.4   835.3     22.89     91.1     937   187     6.20       .74      6.15     5      .0     938     0   0   0   3    25.2860   -76.0784     3079    12.03     13.88      372.30
0226   112.9   836.0     22.93     91.0     931   186     6.18       .70      6.14     5     -.1     932     0   0   0   0    25.2861   -76.0784     3057    11.98     13.83      372.27
0227   113.4   836.6     22.97     90.8     924   186     6.17       .65      6.13     5     -.1     925     0   0   0   0    25.2861   -76.0784     3035    11.97     13.82      372.25
0228   113.9   837.3     23.02     90.6     917   186     6.18       .60      6.15     5     -.1     918     0   0   0   0    25.2861   -76.0784     3012    11.98     13.83      372.23
0229   114.4   837.9     23.07     90.5     910   185     6.19       .57      6.17     5     -.1     911     0   0   0   0    25.2862   -76.0784     2990    12.02     13.87      372.24
0230   114.9   838.6     23.12     90.3     904   185     6.21       .55      6.19     4     -.1     905     0   0   0   0    25.2862   -76.0784     2968    12.06     13.92      372.28
0231   115.4   839.2     23.16     90.3     897   185     6.23       .54      6.21     5      .0     898     0   0   0   3    25.2862   -76.0784     2946    12.09     13.96      372.35
0232   115.9   839.8     23.21     90.3     890   185     6.24       .54      6.21     5      .0     891     0   0   0   0    25.2862   -76.0784     2924    12.10     13.97      372.45
0233   116.4   840.5     23.25     90.3     883   185     6.23       .55      6.20     4      .0     884     0   0   0   0    25.2863   -76.0784     2902    12.08     13.95      372.57
0234   116.9   841.1     23.29     90.4     877   185     6.20       .55      6.18     4      .0     878     0   0   0   0    25.2863   -76.0784     2880    12.04     13.90      372.71
0235   117.4   841.8     23.32     90.6     870   185     6.17       .55      6.15     4      .1     871     0   0   0   0    25.2863   -76.0784     2858    11.98     13.83      372.85
0236   117.9   842.4     23.35     90.8     863   185     6.14       .54      6.12     4      .1     864     0   0   0   3    25.2864   -76.0784     2836    11.91     13.76      372.97
0237   118.4   843.0     23.37     90.9     857   185     6.11       .52      6.09     4      .2     858     0   0   0   3    25.2864   -76.0784     2814    11.86     13.69      373.06
0238   118.9   843.7     23.39     91.0     850   184     6.10       .48      6.08     4      .2     851     0   0   0   3    25.2864   -76.0784     2792    11.83     13.66      373.11
0239   119.4   844.3     23.41     91.0     844   184     6.09       .41      6.08     5      .2     845     0   0   0   3    25.2864   -76.0784     2771    11.82     13.65      373.12
0240   119.9   844.9     23.44     91.0     837   183     6.10       .32      6.09     5      .2     838     0   0   0   3    25.2865   -76.0784     2749    11.84     13.67      373.09
0241   120.4   845.6     23.47     90.9     830   182     6.12       .21      6.12     5      .2     831     0   0   0   3    25.2865   -76.0784     2728    11.87     13.71      373.04
0242   120.9   846.2     23.50     90.8     824   181     6.14       .10      6.14     5      .2     825     0   0   0   0    25.2865   -76.0784     2706    11.91     13.75      373.00
0243   121.4   846.8     23.53     90.7     817   180     6.16       .01      6.16     5      .1     818     0   0   0   3    25.2865   -76.0784     2685    11.94     13.79      372.98
0244   121.9   847.5     23.57     90.7     811   180     6.16      -.04      6.16     4      .1     812     0   0   0   3    25.2866   -76.0784     2663    11.95     13.79      373.01
0245   122.4   848.1     23.60     90.8     804   180     6.15      -.05      6.14     4      .0     805     0   0   0   0    25.2866   -76.0784     2641    11.92     13.76      373.09
0246   122.9   848.8     23.63     90.9     797   180     6.12      -.02      6.12     4      .0     798     0   0   0   0    25.2866   -76.0784     2619    11.87     13.70      373.21
0247   123.4   849.4     23.65     91.1     791   180     6.08       .05      6.08     4     -.1     792     0   0   0   0    25.2867   -76.0784     2597    11.80     13.63      373.36
0248   123.9   850.1     23.67     91.4     784   181     6.05       .12      6.05     4     -.1     785     0   0   0   0    25.2867   -76.0784     2575    11.73     13.55      373.50
0249   124.4   850.7     23.69     91.6     777   182     6.02       .19      6.02     4     -.1     778     0   0   0   0    25.2867   -76.0784     2552    11.68     13.49      373.61
0250   124.9   851.4     23.70     91.7     770   182     6.01       .23      6.01     4      .0     771     0   0   0   0    25.2867   -76.0784     2530    11.66     13.46      373.65
0251   125.4   852.0     23.71     91.8     763   182     6.02       .24      6.01     4      .0     764     0   0   0   3    25.2868   -76.0784     2508    11.67     13.48      373.62
0252   125.9   852.7     23.72     91.8     757   182     6.04       .21      6.04     4      .1     758     0   0   0   3    25.2868   -76.0784     2486    11.73     13.54      373.53
0253   126.4   853.3     23.74     91.6     750   181     6.09       .15      6.08     4      .1     751     0   0   0   3    25.2868   -76.0784     2465    11.81     13.63      373.37
0254   126.9   853.9     23.75     91.5     744   181     6.14       .08      6.14     4      .1     745     0   0   0   3    25.2868   -76.0784     2443    11.91     13.75      373.20
0255   127.4   854.6     23.77     91.2     737   180     6.20       .01      6.20     4      .1     738     0   0   0   3    25.2869   -76.0784     2422    12.02     13.88      373.03
0256   127.9   855.2     23.80     91.1     731   180     6.25      -.03      6.25     4      .1     732     0   0   0   3    25.2869   -76.0784     2400    12.12     14.00      372.89
0257   128.4   855.9     23.83     90.9     724   180     6.29      -.03      6.29     4      .0     725     0   0   0   3    25.2869   -76.0784     2379    12.20     14.09      372.80
0258   128.9   856.5     23.86     90.8     717   180     6.31       .01      6.31     4      .0     718     0   0   0   3    25.2870   -76.0784     2357    12.25     14.14      372.75
0259   129.4   857.2     23.89     90.7     711   181     6.33       .10      6.33     4      .0     712     0   0   0   3    25.2870   -76.0784     2335    12.28     14.17      372.75
0260   129.9   857.8     23.93     90.7     704   182     6.34       .22      6.33     4     -.1     705     0   0   0   3    25.2870   -76.0784     2313    12.29     14.19      372.76
0261   130.4   858.5     23.96     90.6     697   183     6.35       .35      6.34     4     -.1     698     0   0   0   0    25.2870   -76.0784     2291    12.31     14.22      372.79
0262   130.9   859.1     24.00     90.6     690   184     6.37       .47      6.35     4      .0     691     0   0   0   0    25.2871   -76.0784     2269    12.36     14.27      372.82
0263   131.4   859.8     24.03     90.6     684   185     6.41       .56      6.38     4      .0     685     0   0   0   0    25.2871   -76.0784     2247    12.43     14.35      372.86
0264   131.9   860.4     24.07     90.6     677   185     6.46       .59      6.44     4      .0     678     0   0   0   0    25.2871   -76.0784     2225    12.54     14.48      372.90
0265   132.4   861.1     24.10     90.6     671   185     6.53       .57      6.51     4      .0     672     0   0   0   0    25.2872   -76.0784     2203    12.67     14.63      372.95
0266   132.9   861.7     24.13     90.7     664   184     6.60       .48      6.59     4      .1     665     0   0   0   0    25.2872   -76.0784     2182    12.81     14.79      373.02
0267   133.4   862.4     24.15     90.8     657   183     6.68       .35      6.67     4      .1     658     0   0   0   0    25.2872   -76.0784     2160    12.95     14.96      373.11
0268   133.9   863.0     24.18     91.0     651   182     6.74       .21      6.74     4      .1     652     0   0   0   0    25.2872   -76.0784     2138    13.08     15.10      373.23
0269   134.4   863.7     24.20     91.2     644   181     6.78       .06      6.78     4      .1     645     0   0   0   0    25.2873   -76.0784     2117    13.16     15.19      373.37
0270   134.9   864.3     24.23     91.4     638   180     6.80      -.05      6.80     4      .1     639     0   0   0   0    25.2873   -76.0784     2095    13.20     15.24      373.53
0271   135.4   864.9     24.25     91.6     631   179     6.80      -.12      6.80     4      .0     632     0   0   0   3    25.2873   -76.0784     2074    13.18     15.22      373.70
0272   135.9   865.6     24.28     91.9     624   179     6.77      -.14      6.77     4      .0     625     0   0   0   3    25.2874   -76.0784     2052    13.13     15.17      373.88
0273   136.4   866.2     24.30     92.2     618   179     6.74      -.12      6.73     4     -.1     619     0   0   0   3    25.2874   -76.0784     2030    13.07     15.09      374.06
0274   136.9   866.9     24.32     92.4     611   179     6.70      -.07      6.70     4     -.2     612     0   0   0   3    25.2874   -76.0784     2008    13.01     15.02      374.24
0275   137.4   867.6     24.34     92.7     604   180     6.68      -.02      6.68     4     -.3     605     0   0   0   3    25.2875   -76.0784     1986    12.97     14.97      374.41
0276   137.9   868.2     24.36     93.0     598   180     6.68       .02      6.68     4     -.3     599     0   0   0   3    25.2875   -76.0784     1964    12.96     14.96      374.57
0277   138.4   868.9     24.38     93.2     591   180     6.69       .03      6.69     4     -.4     592     3   3   3   3    25.2875   -76.0784     1942    12.97     14.98      374.72
0278   138.9   869.6     24.40     93.5     584   180     6.70       .03      6.70     4     -.4     585     0   0   0   3    25.2876   -76.0784     1919    13.01     15.02      374.86
0279   139.4   870.3     24.42     93.7     577   180     6.72       .00      6.72     4     -.4     578     0   0   0   3    25.2876   -76.0784     1896    13.04     15.06      374.99
0280   139.9   870.9     24.45     93.8     570   180     6.74      -.03      6.74     4     -.3     571     0   0   0   3    25.2876   -76.0784     1874    13.07     15.10      375.14
0281   140.4   871.6     24.48     94.0     563   180     6.75      -.05      6.75     4     -.3     564     0   0   0   3    25.2876   -76.0784     1852    13.09     15.11      375.29
0282   140.9   872.3     24.52     94.2     557   179     6.75      -.07      6.75     4     -.2     558     0   0   0   3    25.2877   -76.0784     1830    13.09     15.12      375.46
0283   141.4   872.9     24.56     94.3     550   179     6.75      -.08      6.75     4     -.2     551     0   0   0   3    25.2877   -76.0784     1808    13.09     15.11      375.65
0284   141.9   873.6     24.59     94.5     543   179     6.74      -.08      6.74     4     -.1     544     0   0   0   3    25.2877   -76.0784     1786    13.08     15.10      375.86
0285   142.4   874.2     24.63     94.7     537   179     6.74      -.08      6.74     4     -.1     538     0   0   0   3    25.2878   -76.0784     1764    13.08     15.10      376.08
0286   142.9   874.9     24.66     95.0     530   179     6.74      -.08      6.74     4     -.1     531     0   0   0   3    25.2878   -76.0784     1743    13.08     15.11      376.30
0287   143.4   875.6     24.70     95.2     523   179     6.75      -.08      6.75     4     -.1     524     0   0   0   3    25.2878   -76.0784     1721    13.09     15.12      376.51
0288   143.9   876.2     24.73     95.4     517   179     6.76      -.09      6.76     4     -.1     518     0   0   0   3    25.2879   -76.0784     1699    13.11     15.13      376.69
0289   144.4   876.9     24.76     95.5     510   179     6.76      -.10      6.76     4     -.1     511     0   0   0   3    25.2879   -76.0784     1677    13.12     15.15      376.83
0290   144.9   877.5     24.79     95.6     504   179     6.77      -.11      6.77     4     -.1     505     0   0   0   3    25.2879   -76.0784     1655    13.13     15.16      376.94
0291   145.4   878.2     24.83     95.6     497   179     6.77      -.12      6.77     4     -.1     498     0   0   0   3    25.2880   -76.0784     1634    13.14     15.17      377.00
0292   145.9   878.8     24.86     95.6     490   179     6.77      -.13      6.77     4     -.1     491     0   0   0   3    25.2880   -76.0784     1612    13.14     15.18      377.03
0293   146.4   879.5     24.89     95.6     484   179     6.78      -.13      6.78     4     -.1     485     0   0   0   3    25.2880   -76.0784     1591    13.15     15.18      377.04
0294   146.9   880.2     24.92     95.5     477   179     6.78      -.14      6.78     4     -.2     478     0   0   0   3    25.2880   -76.0784     1569    13.16     15.19      377.03
0295   147.4   880.8     24.95     95.5     471   179     6.79      -.15      6.78     4     -.2     472     0   0   0   3    25.2881   -76.0784     1547    13.17     15.20      377.04
0296   147.9   881.5     24.98     95.4     464   179     6.79      -.15      6.79     5     -.3     465     0   0   0   3    25.2881   -76.0784     1525    13.17     15.21      377.06
0297   148.4   882.2     25.02     95.4     457   179     6.79      -.16      6.79     5     -.3     458     0   0   0   3    25.2881   -76.0784     1503    13.18     15.22      377.11
0298   148.9   882.8     25.05     95.5     450   179     6.80      -.17      6.80     5     -.3     451     0   0   0   3    25.2882   -76.0784     1480    13.19     15.23      377.19
0299   149.4   883.5     25.09     95.5     443   179     6.80      -.18      6.80     5     -.2     444     0   0   0   3    25.2882   -76.0784     1458    13.20     15.24      377.30
0300   149.9   884.2     25.13     95.6     437   178     6.81      -.18      6.80     5     -.2     438     0   0   0   3    25.2882   -76.0784     1436    13.21     15.25      377.43
0301   150.4   884.9     25.17     95.7     430   178     6.81      -.19      6.81     5     -.1     431     0   0   0   3    25.2883   -76.0784     1414    13.21     15.26      377.56
0302   150.9   885.5     25.21     95.7     424   178     6.82      -.20      6.81     5      .0     425     0   0   0   3    25.2883   -76.0784     1393    13.22     15.27      377.68
0303   151.4   886.2     25.25     95.7     417   178     6.82      -.21      6.82     5      .0     418     0   0   0   3    25.2883   -76.0784     1371    13.23     15.28      377.79
0304   151.9   886.8     25.29     95.7     411   178     6.82      -.21      6.82     5      .0     412     0   0   0   3    25.2883   -76.0784     1350    13.24     15.28      377.87
0305   152.4   887.5     25.33     95.6     404   178     6.82      -.22      6.82     5      .0     405     0   0   0   3    25.2884   -76.0784     1329    13.24     15.29      377.92
0306   152.9   888.1     25.37     95.6     398   178     6.82      -.23      6.82     5      .0     399     0   0   0   3    25.2884   -76.0784     1308    13.24     15.29      377.97
0307   153.4   888.8     25.41     95.5     391   178     6.83      -.24      6.82     5      .0     392     0   0   0   3    25.2884   -76.0784     1286    13.24     15.29      378.01
0308   153.9   889.4     25.44     95.5     384   178     6.83      -.25      6.83     5     -.1     385     0   0   0   3    25.2885   -76.0784     1264    13.25     15.30      378.06
0309   154.4   890.1     25.48     95.5     378   178     6.84      -.25      6.83     5     -.1     379     0   0   0   3    25.2885   -76.0784     1243    13.26     15.31      378.11
0310   154.9   890.8     25.52     95.5     371   178     6.85      -.25      6.84     5     -.1     372     0   0   0   3    25.2885   -76.0784     1221    13.28     15.34      378.18
0311   155.4   891.4     25.56     95.5     364   178     6.86      -.26      6.85     5      .0     365     0   0   0   3    25.2886   -76.0784     1199    13.31     15.36      378.26
0312   155.9   892.1     25.59     95.4     358   178     6.87      -.26      6.87     5      .0     359     0   0   0   3    25.2886   -76.0784     1178    13.33     15.39      378.32
0313   156.4   892.7     25.64     95.4     351   178     6.88      -.28      6.87     5      .0     352     0   0   0   3    25.2886   -76.0784     1156    13.34     15.41      378.37
0314   156.9   893.4     25.68     95.3     345   178     6.88      -.29      6.87     5      .0     346     0   0   0   3    25.2887   -76.0784     1135    13.34     15.40      378.39
0315   157.4   894.1     25.73     95.1     338   177     6.87      -.31      6.86     5      .1     339     0   0   0   3    25.2887   -76.0784     1114    13.33     15.39      378.39
0316   157.9   894.7     25.77     94.9     332   177     6.86      -.33      6.85     5      .1     333     0   0   0   3    25.2887   -76.0784     1092    13.30     15.36      378.37
0317   158.4   895.4     25.82     94.7     325   177     6.84      -.33      6.83     5      .0     326     0   0   0   3    25.2887   -76.0784     1071    13.28     15.33      378.34
0318   158.9   896.0     25.86     94.5     319   177     6.84      -.32      6.83     5      .0     320     0   0   0   3    25.2888   -76.0784     1050    13.27     15.32      378.32
0319   159.4   896.7     25.91     94.3     312   178     6.86      -.30      6.85     5      .0     313     0   0   0   3    25.2888   -76.0784     1028    13.30     15.36      378.30
0320   159.9   897.3     25.95     94.2     306   178     6.90      -.26      6.89     5     -.1     307     0   0   0   3    25.2888   -76.0784     1007    13.38     15.45      378.31
0321   160.4   898.0     25.98     94.2     299   178     6.97      -.21      6.97     5     -.1     300     0   0   0   0    25.2889   -76.0784      985    13.53     15.62      378.33
0322   160.9   898.7     26.02     94.1     293   179     7.07      -.17      7.07     5     -.1     294     0   0   0   0    25.2889   -76.0784      964    13.72     15.84      378.36
0323   161.4   899.3     26.05     94.1     286   179     7.18      -.14      7.18     5     -.1     287     0   0   0   0    25.2889   -76.0784      942    13.94     16.09      378.41
0324   161.9   900.0     26.08     94.2     280   179     7.29      -.13      7.29     5     -.1     281     0   0   0   0    25.2890   -76.0784      920    14.15     16.33      378.47
0325   162.4   900.7     26.11     94.2     273   179     7.37      -.13      7.37     4     -.1     274     0   0   0   0    25.2890   -76.0784      899    14.31     16.52      378.53
0326   162.9   901.3     26.14     94.3     266   179     7.41      -.12      7.41     4     -.1     267     0   0   0   0    25.2890   -76.0784      877    14.38     16.60      378.62
0327   163.4   902.0     26.17     94.4     260   179     7.39      -.12      7.39     4      .0     261     0   0   0   0    25.2891   -76.0784      855    14.34     16.56      378.72
0328   163.9   902.7     26.20     94.5     253   179     7.31      -.10      7.31     4      .0     254     0   0   0   0    25.2891   -76.0784      834    14.19     16.39      378.86
0329   164.4   903.3     26.23     94.7     247   179     7.19      -.07      7.19     4      .1     248     0   0   0   0    25.2891   -76.0784      813    13.95     16.11      379.02
0330   164.9   904.0     26.25     94.9     240   180     7.05      -.04      7.05     4      .1     241     0   0   0   0    25.2892   -76.0784      792    13.67     15.79      379.20
0331   165.4   904.6     26.28     95.1     234   180     6.91      -.03      6.91     4      .2     235     0   0   0   0    25.2892   -76.0784      771    13.41     15.48      379.40
0332   165.9   905.3     26.30     95.4     227   180     6.82      -.04      6.82     4      .3     228     0   0   0   0    25.2892   -76.0784      750    13.23     15.27      379.59
0333   166.4   905.9     26.31     95.7     221   179     6.79      -.09      6.79     4      .3     222     0   0   0   3    25.2893   -76.0784      729    13.17     15.21      379.76
0334   166.9   906.6     26.33     95.9     215   178     6.84      -.20      6.84     4      .4     216     0   0   0   3    25.2893   -76.0784      708    13.27     15.32      379.90
0335   167.4   907.2     26.34     96.1     209   177     6.96      -.35      6.95     4      .5     210     0   0   0   3    25.2893   -76.0784      688    13.50     15.59      380.01
0336   167.9   907.9     26.36     96.3     202   176     7.14      -.52      7.12     4      .5     203     0   0   0   0    25.2893   -76.0784      667    13.84     15.98      380.09
0337   168.4   908.5     26.37     96.4     196   175     7.33      -.69      7.30     4      .5     197     0   0   0   0    25.2894   -76.0784      647    14.22     16.42      380.14
0338   168.9   909.1     26.39     96.5     190   174     7.50      -.84      7.45     4      .5     191     0   0   0   0    25.2894   -76.0784      626    14.55     16.80      380.19
0339   169.4   909.8     26.41     96.6     184   173     7.62      -.94      7.56     5      .5     185     0   0   0   0    25.2894   -76.0784      606    14.77     17.06      380.24
0340   169.9   910.4     26.43     96.7     178   173     7.65      -.98      7.59     5      .5     179     0   0   0   3    25.2895   -76.0784      586    14.84     17.13      380.32
0341   170.4   911.0     26.45     96.8     171   173     7.60      -.95      7.54     5      .5     172     0   0   0   0    25.2895   -76.0784      565    14.74     17.01      380.41
0342   170.9   911.7     26.47     97.0     165   173     7.47      -.89      7.42     5      .5     166     0   0   0   0    25.2895   -76.0784      545    14.49     16.73      380.53
0343   171.4   912.3     26.48     97.2     159   174     7.31      -.81      7.26     5      .5     160     0   0   0   3    25.2896   -76.0784      524    14.18     16.37      380.64
0344   171.9   913.0     26.50     97.4     153   174     7.12      -.75      7.08     5      .4     154     0   0   0   0    25.2896   -76.0784      504    13.82     15.96      380.74
0345   172.4   913.6     26.51     97.6     146   174     6.94      -.75      6.89     5      .4     147     0   0   0   0    25.2896   -76.0784      483    13.45     15.53      380.81
0346   172.9   914.2     26.52     97.7     140   173     6.76      -.81      6.71     5      .4     141     0   0   0   0    25.2897   -76.0785      463    13.11     15.13      380.82
0347   173.4   914.9     26.52     97.8     134   172     6.59      -.93      6.53     5      .4     135     0   0   0   0    25.2897   -76.0785      442    12.79     14.76      380.78
0348   173.9   915.5     26.53     97.8     127   170     6.44     -1.08      6.35     5      .4     128     0   0   0   0    25.2897   -76.0785      421    12.49     14.42      380.68
0349   174.4   916.2     26.53     97.7     121   169     6.28     -1.23      6.16     5      .4     122     0   0   0   0    25.2898   -76.0785      401    12.19     14.07      380.54
0350   174.9   916.8     26.54     97.7     115   167     6.11     -1.36      5.96     5      .4     116     0   0   0   0    25.2898   -76.0785      380    11.86     13.70      380.37
0351   175.4   917.5     26.54     97.6     109   166     5.93     -1.44      5.75     5      .4     110     0   0   0   3    25.2898   -76.0785      360    11.50     13.28      380.20
0352   175.9   918.1     26.54     97.6     102   165     5.72     -1.45      5.53     5      .4     103     0   0   0   0    25.2898   -76.0785      340    11.10     12.81      380.04
0353   176.4   918.7     26.54     97.5      96   165     5.50     -1.40      5.32     5      .4      97     0   0   0   3    25.2899   -76.0785      319    10.67     12.32      379.92
0354   176.9   919.4     26.55     97.6      90   166     5.29     -1.31      5.12     5      .4      91     0   0   0   0    25.2899   -76.0785      299    10.26     11.85      379.83
0355   177.4   920.0     26.56     97.6      84   166     5.10     -1.21      4.96     5      .4      85     0   0   0   0    25.2899   -76.0785      278     9.90     11.43      379.80
0356   177.9   920.7     26.58     97.7      78   167     4.96     -1.15      4.82     4      .4      79     0   0   0   0    25.2899   -76.0785      258     9.62     11.11      379.81
0357   178.4   921.3     26.60     97.8      71   166     4.85     -1.16      4.71     5      .4      72     0   0   0   0    25.2900   -76.0785      237     9.40     10.86      379.86
0358   178.9   922.0     26.62     97.8      65   165     4.75     -1.25      4.59     5      .3      66     0   0   0   0    25.2900   -76.0785      217     9.22     10.65      379.94
0359   179.4   922.6     26.65     97.9      59   163     4.67     -1.40      4.45     5      .3      60     0   0   0   0    25.2900   -76.0786      196     9.05     10.45      380.04
0360   179.9   923.3     26.69     97.9      52   160     4.58     -1.58      4.30     4      .2      53     0   0   0   0    25.2900   -76.0786      175     8.88     10.26      380.15
0361   180.4   923.9     26.73     97.9      46   157     4.48     -1.77      4.12     5      .1      47     0   0   0   3    25.2900   -76.0786      155     8.70     10.04      380.26
0362   180.9   924.6     26.78     97.9      40   154     4.37     -1.92      3.93     5      .1      41     0   0   0   0    25.2900   -76.0786      134     8.48      9.79      380.36
0363   181.4   925.3     26.83     97.8      33   152     4.22     -2.00      3.72     5      .2      34     0   0   0   0    25.2901   -76.0786      112     8.19      9.45      380.46
0364   181.9   926.0     26.88     97.7      27   151     4.01     -1.96      3.50     5      .2      28     0   0   0   0    25.2901   -76.0786       91     7.79      8.99      380.56
0365   182.4   926.6     26.93     97.7      20   151     3.75     -1.83      3.28     5      .2      21     0   0   0   0    25.2901   -76.0786       69     7.28      8.41      380.67
0366   182.9   927.3     26.98     97.6      14   147     3.57     -1.95      2.99     5      .2      15     0   0   0   0    25.2901   -76.0786       49     6.92      7.99      380.81
0367   183.4   927.9     27.01     97.4       8   135     3.61     -2.56      2.55     5      .3       9     0   0   0   0    25.2901   -76.0786       30     7.01      8.09      380.69
