 ===========================================================================
 DROPWINDSONDE PROCESSING RECORD                            Sonde: 984325187
 PDS file written Jan 10, 2000.                             Format:    V5.02
 Aircraft: AFRES C-130                       Date: 990912   Time: 213417 UTC
 ---------------------------------------------------------------------------
 Bias corrections:  PR =    .0 mb  TE =    .0 C  RH =    .0 %  PRB =   .0 mb
 Filters (LPF):     PTH =   5 s    WIND =   5 s       Hyd anchor =       SFC
 Dyn RH correction =  N     WSHR COR =      Y         Splash PR  =  944.3 mb
 Estimated PR used =  N     GPS VERR =    .71 m/s     HYD SFCP   =  943.7 mb
 Dyn T correction  =  Y     WGACORR  =    1.8 m       AC GA ADJ  =     .0 m
 ---------------------------------------------------------------------------
 COMMENTS: Floyd eyewall.                                              
 ===========================================================================

 ==============================================================================
 Date: 990912   Lat:  23.26 N   TA:   18.0 C   PS:  696.0 mb   WD:   201 deg
 Time: 213417   Lon:  67.97 W   TD:   12.2 C   GA:   2640 m    WS:  48.0 m/s
 SID:  984325187                RH:   68.1 %   Navaid:   GP          
 ===========================================================================

IX      t (s)  P (mb)    T (C)    RH (%)  Z (m)   WD    WS (m/s)   U (m/s)   V (m/s)  NS  WZ (m/s)  ZW (m)   FP  FT  FH  FW   LAT (N)    LON (E)  ZW (ft)  WS (kt)  WS (mph)  THETAE (K)
0001      .5   696.7     17.93     68.8    2642   201    47.94     17.16     44.77  -999  -999.0    2644     3   3   3   4    23.2602   -67.9699     8674    93.00    107.39      364.63
0002     1.0   697.5     17.85     69.5    2633   201    47.66     16.94     44.55  -999  -999.0    2635     3   3   3   4    23.2604   -67.9698     8644    92.46    106.75      364.55
0003     1.5   698.2     17.77     70.3    2624   201    47.60     16.89     44.50  -999  -999.0    2626     3   3   3   4    23.2606   -67.9697     8614    92.34    106.62      364.51
0004     2.0   699.0     17.69     71.0    2615   201    47.54     16.84     44.45  -999  -999.0    2617     3   3   3   4    23.2608   -67.9697     8584    92.22    106.49      364.47
0005     2.5   699.7     17.61     71.7    2606   201    47.48     16.80     44.41  -999  -999.0    2607     3   3   3   4    23.2610   -67.9696     8555    92.11    106.35      364.42
0006     3.0   700.4     17.53     72.4    2597   201    47.42     16.75     44.36  -999  -999.0    2598     3   3   3   4    23.2612   -67.9695     8525    91.99    106.22      364.37
0007     3.5   701.2     17.45     73.1    2587   201    47.36     16.70     44.32  -999  -999.0    2589     3   3   3   4    23.2614   -67.9694     8495    91.88    106.09      364.32
0008     4.0   701.9     17.38     73.8    2578   201    47.30     16.66     44.27  -999  -999.0    2580     3   3   3   4    23.2616   -67.9693     8465    91.76    105.95      364.26
0009     4.5   702.7     17.30     74.6    2569   201    47.24     16.61     44.22  -999  -999.0    2571     3   3   3   4    23.2618   -67.9692     8436    91.65    105.82      364.20
0010     5.0   703.4     17.22     75.3    2560   201    47.18     16.57     44.18  -999  -999.0    2562     3   3   3   4    23.2620   -67.9692     8406    91.53    105.69      364.14
0011     5.5   704.1     17.14     76.0    2551   201    47.12     16.52     44.13  -999  -999.0    2553     3   3   3   4    23.2622   -67.9691     8377    91.42    105.55      364.07
0012     6.0   704.9     17.06     76.7    2542   200    47.06     16.47     44.08  -999  -999.0    2544     3   3   3   4    23.2624   -67.9690     8347    91.30    105.42      364.00
0013     6.5   705.6     16.99     77.4    2533   200    47.00     16.43     44.04  -999  -999.0    2535     3   3   3   4    23.2626   -67.9689     8317    91.18    105.29      363.93
0014     7.0   706.4     16.91     78.2    2524   200    46.94     16.38     43.99  -999  -999.0    2526     3   3   3   4    23.2628   -67.9688     8288    91.07    105.15      363.86
0015     7.5   707.1     16.83     78.9    2515   200    46.88     16.33     43.95  -999  -999.0    2517     3   3   3   4    23.2630   -67.9688     8259    90.95    105.02      363.79
0016     8.0   707.9     16.76     79.6    2506   200    46.82     16.29     43.90  -999  -999.0    2508     3   3   3   4    23.2632   -67.9687     8229    90.84    104.89      363.71
0017     8.5   708.6     16.68     80.3    2497   200    46.77     16.24     43.85  -999  -999.0    2499     3   3   3   4    23.2634   -67.9686     8200    90.72    104.75      363.63
0018     9.0   709.3     16.61     81.0    2489   200    46.71     16.19     43.81  -999  -999.0    2490     3   3   3   4    23.2636   -67.9685     8170    90.61    104.62      363.55
0019     9.5   710.1     16.54     81.7    2480   200    46.65     16.15     43.76  -999  -999.0    2481     3   3   3   4    23.2638   -67.9685     8141    90.49    104.49      363.48
0020    10.0   710.8     16.47     82.4    2471   200    46.59     16.10     43.72  -999  -999.0    2473     3   3   3   4    23.2640   -67.9684     8112    90.38    104.35      363.42
0021    10.5   711.6     16.40     83.2    2462   200    46.53     16.06     43.67  -999  -999.0    2464     3   3   3   4    23.2642   -67.9683     8083    90.26    104.22      363.39
0022    11.0   712.3     16.33     84.0    2453   200    46.47     16.01     43.62  -999  -999.0    2455     3   3   3   4    23.2644   -67.9682     8054    90.15    104.09      363.39
0023    11.5   713.0     16.27     84.7    2444   200    46.41     15.96     43.58  -999  -999.0    2446     3   3   3   4    23.2646   -67.9681     8025    90.03    103.96      363.39
0024    12.0   713.8     16.22     85.5    2435   200    46.35     15.92     43.53  -999  -999.0    2437     3   3   3   4    23.2648   -67.9681     7996    89.92    103.82      363.38
0025    12.5   714.5     16.16     86.1    2426   200    46.29     15.87     43.49  -999  -999.0    2428     3   3   3   4    23.2650   -67.9680     7966    89.81    103.69      363.34
0026    13.0   715.3     16.11     86.7    2417   200    46.23     15.83     43.44  -999  -999.0    2419     3   3   3   4    23.2652   -67.9679     7937    89.69    103.56      363.24
0027    13.5   716.0     16.05     87.1    2409   200    46.18     15.78     43.39  -999  -999.0    2410     3   3   0   4    23.2654   -67.9678     7908    89.58    103.43      363.07
0028    14.0   716.8     16.00     87.4    2400   200    46.12     15.73     43.35  -999  -999.0    2401     3   3   0   4    23.2656   -67.9678     7879    89.47    103.30      362.85
0029    14.5   717.5     15.96     87.6    2391   200    46.06     15.69     43.30  -999  -999.0    2393     3   3   0   4    23.2658   -67.9677     7850    89.35    103.17      362.60
0030    15.0   718.2     15.92     87.7    2382   200    46.00     15.64     43.26  -999  -999.0    2384     3   3   0   4    23.2659   -67.9676     7821    89.24    103.04      362.35
0031    15.5   718.9     15.90     87.7    2374   200    45.94     15.60     43.21  -999  -999.0    2375     3   3   0   4    23.2661   -67.9675     7793    89.13    102.91      362.13
0032    16.0   719.7     15.91     87.7    2365   200    45.88     15.55     43.17  -999    -2.4    2367     0   0   0   4    23.2663   -67.9675     7766    89.01    102.78      361.98
0033    16.5   720.3     15.93     87.6    2357   200    45.83     15.51     43.12  -999    -2.2    2359     0   0   0   4    23.2665   -67.9674     7739    88.90    102.65      361.92
0034    17.0   721.0     15.98     87.6    2349   200    45.77     15.46     43.08  -999    -2.1    2351     0   0   0   4    23.2667   -67.9673     7712    88.79    102.52      361.95
0035    17.5   721.7     16.05     87.5    2341   200    45.71     15.41     43.03  -999    -2.1    2343     0   0   0   4    23.2669   -67.9672     7686    88.67    102.39      362.05
0036    18.0   722.4     16.13     87.5    2333   200    45.65     15.37     42.98  -999    -2.1    2335     0   0   0   4    23.2671   -67.9672     7659    88.56    102.25      362.21
0037    18.5   723.1     16.21     87.4    2325   200    45.59     15.32     42.94  -999    -2.2    2326     0   0   0   4    23.2673   -67.9671     7633    88.44    102.12      362.39
0038    19.0   723.8     16.31     87.3    2316   200    45.53     15.27     42.89  -999    -2.3    2318     0   0   0   4    23.2675   -67.9670     7606    88.33    101.99      362.57
0039    19.5   724.5     16.39     87.1    2308   200    45.47     15.23     42.84  -999    -2.5    2310     0   0   0   4    23.2677   -67.9669     7578    88.21    101.85      362.72
0040    20.0   725.2     16.48     87.0    2300   200    45.41     15.18     42.80  -999    -2.6    2301     0   0   0   4    23.2679   -67.9669     7550    88.10    101.72      362.84
0041    20.5   725.9     16.56     86.7    2291   199    45.35     15.13     42.75  -999    -2.7    2293     0   0   0   4    23.2681   -67.9668     7522    87.98    101.59      362.92
0042    21.0   726.7     16.64     86.5    2282   199    45.29     15.09     42.70  -999    -2.8    2284     0   0   0   4    23.2683   -67.9667     7494    87.86    101.45      362.97
0043    21.5   727.4     16.72     86.2    2274   199    45.23     15.04     42.66  -999    -2.9    2276     0   0   0   4    23.2685   -67.9666     7466    87.75    101.31      362.98
0044    22.0   728.1     16.80     85.8    2265   199    45.17     14.99     42.61  -999    -2.9    2267     0   0   0   4    23.2687   -67.9665     7437    87.63    101.18      362.99
0045    22.5   728.9     16.88     85.5    2256   199    45.11     14.94     42.56  -999    -3.0    2258     0   0   0   4    23.2689   -67.9665     7409    87.51    101.04      362.98
0046    23.0   729.6     16.97     85.0    2248   199    45.05     14.90     42.51  -999    -3.0    2250     0   0   0   4    23.2690   -67.9664     7381    87.39    100.91      362.98
0047    23.5   730.3     17.07     84.6    2239   199    44.99     14.85     42.47  -999    -3.1    2241     0   0   0   4    23.2692   -67.9663     7353    87.27    100.77      363.00
0048    24.0   731.1     17.17     84.2    2231   199    44.93     14.80     42.42  -999    -3.2    2233     0   0   0   4    23.2694   -67.9662     7325    87.16    100.64      363.04
0049    24.5   731.8     17.27     83.8    2222   199    44.87     14.75     42.37  -999    -3.4    2224     0   0   0   4    23.2696   -67.9662     7296    87.04    100.50      363.10
0050    25.0   732.5     17.38     83.4    2213   199    44.81     14.71     42.32  -999    -3.6    2215     0   0   0   4    23.2698   -67.9661     7267    86.92    100.37      363.18
0051    25.5   733.3     17.48     83.1    2204   199    44.75     14.66     42.28  -999    -3.8    2206     0   0   0   4    23.2700   -67.9660     7238    86.81    100.23      363.28
0052    26.0   734.1     17.57     82.9    2195   199    44.69     14.61     42.23  -999    -4.0    2197     0   0   0   4    23.2702   -67.9660     7208    86.69    100.10      363.38
0053    26.5   734.9     17.65     82.8    2186   199    44.63     14.57     42.19  -999    -4.1    2188     0   0   0   4    23.2704   -67.9659     7177    86.58     99.97      363.49
0054    27.0   735.7     17.71     82.7    2176   199    44.57     14.52     42.14  -999    -4.1    2178     0   0   0   4    23.2706   -67.9658     7147    86.47     99.84      363.57
0055    27.5   736.5     17.77     82.7    2167   199    44.51     14.47     42.09  -999    -4.1    2169     0   0   0   4    23.2708   -67.9658     7116    86.35     99.70      363.64
0056    28.0   737.3     17.81     82.8    2158   199    44.45     14.43     42.05  -999    -3.9    2160     0   0   0   4    23.2710   -67.9657     7086    86.24     99.57      363.68
0057    28.5   738.1     17.85     82.8    2149   199    44.39     14.38     42.00  -999    -3.8    2151     0   0   0   4    23.2711   -67.9656     7056    86.12     99.44      363.70
0058    29.0   738.8     17.88     82.9    2140   199    44.33     14.33     41.95  -999    -3.6    2142     0   0   0   4    23.2713   -67.9656     7027    86.01     99.31      363.71
0059    29.5   739.6     17.91     82.9    2131   199    44.28     14.29     41.91  -999    -3.4    2133     0   0   0   4    23.2715   -67.9655     6998    85.90     99.18      363.70
0060    30.0   740.3     17.95     82.9    2123   199    44.22     14.24     41.86  -999    -3.3    2124     0   0   0   4    23.2717   -67.9654     6970    85.78     99.05      363.68
0061    30.5   741.1     17.98     82.8    2114   199    44.16     14.20     41.82  -999    -3.2    2116     0   0   0   4    23.2719   -67.9654     6942    85.67     98.92      363.65
0062    31.0   741.8     18.02     82.7    2105   199    44.10     14.15     41.77  -999    -3.1    2107     0   0   0   4    23.2721   -67.9653     6914    85.56     98.79      363.62
0063    31.5   742.5     18.07     82.6    2097   199    44.05     14.11     41.73  -999    -3.1    2099     0   0   0   4    23.2723   -67.9652     6885    85.45     98.67      363.58
0064    32.0   743.3     18.11     82.4    2088   199    43.99     14.06     41.68  -999    -3.0    2090     0   0   0   4    23.2725   -67.9651     6856    85.34     98.54      363.53
0065    32.5   744.1     18.16     82.3    2079   199    43.93     14.02     41.64  -999    -3.0    2081     0   0   0   4    23.2727   -67.9651     6828    85.23     98.41      363.48
0066    33.0   744.8     18.20     82.1    2071   199    43.87     13.97     41.59  -999    -2.8    2072     0   0   0   4    23.2728   -67.9650     6799    85.12     98.28      363.42
0067    33.5   745.5     18.24     82.0    2062   199    43.82     13.92     41.54  -999    -2.7    2064     0   0   0   4    23.2730   -67.9649     6771    85.00     98.15      363.36
0068    34.0   746.3     18.28     81.8    2054   198    43.76     13.88     41.50  -999    -2.6    2056     0   0   0   4    23.2732   -67.9649     6744    84.89     98.01      363.29
0069    34.5   747.0     18.31     81.7    2046   198    43.70     13.83     41.45  -999    -2.6    2047     0   0   0   4    23.2734   -67.9648     6717    84.77     97.88      363.20
0070    35.0   747.7     18.35     81.6    2037   198    43.64     13.78     41.40  -999    -2.6    2039     0   0   0   4    23.2736   -67.9647     6691    84.66     97.75      363.12
0071    35.5   748.4     18.38     81.4    2029   198    43.58     13.73     41.36  -999    -2.7    2031     0   0   0   4    23.2738   -67.9647     6664    84.54     97.61      363.04
0072    36.0   749.1     18.43     81.2    2021   198    43.52     13.69     41.31  -999    -2.9    2023     0   0   0   4    23.2740   -67.9646     6637    84.43     97.48      362.97
0073    36.5   749.8     18.49     80.9    2013   198    43.46     13.64     41.26  -999    -3.1    2014     0   0   0   4    23.2742   -67.9645     6609    84.31     97.35      362.92
0074    37.0   750.6     18.55     80.7    2004   198    43.40     13.59     41.22  -999    -3.4    2006     0   0   0   4    23.2743   -67.9645     6580    84.20     97.22      362.89
0075    37.5   751.4     18.61     80.5    1995   198    43.35     13.55     41.18  -999    -3.7    1997     0   0   0   4    23.2745   -67.9644     6551    84.10     97.10      362.87
0076    38.0   752.2     18.67     80.3    1986   198    43.29     13.50     41.13  -999    -4.0    1988     0   0   0   4    23.2747   -67.9643     6521    83.99     96.97      362.85
0077    38.5   753.0     18.72     80.2    1977   198    43.23     13.46     41.09  -999    -4.2    1978     0   0   0   4    23.2749   -67.9643     6491    83.87     96.84      362.81
0078    39.0   753.8     18.75     80.1    1967   198    43.17     13.41     41.03  -999    -4.4    1969     0   0   0   4    23.2751   -67.9642     6460    83.74     96.69      362.75
0079    39.5   754.6     18.76     80.3    1958   198    43.10     13.36     40.97  -999    -4.4    1960     0   0   0   4    23.2753   -67.9641     6430    83.61     96.53      362.69
0080    40.0   755.4     18.76     80.5    1949   198    43.02     13.30     40.91  -999    -4.5    1951     0   0   0   4    23.2754   -67.9641     6399    83.46     96.37      362.67
0081    40.5   756.2     18.76     80.9    1939   198    42.95     13.25     40.85  -999    -4.4    1941     0   0   0   4    23.2756   -67.9640     6369    83.32     96.20      362.73
0082    41.0   757.1     18.78     81.4    1930   198    42.88     13.19     40.81  -999    -4.3    1932     0   0   0   4    23.2758   -67.9639     6338    83.20     96.06      362.94
0083    41.5   757.9     18.82     82.0    1921   198    42.83     13.14     40.77  -999    -4.2    1923     0   0   0   4    23.2760   -67.9639     6308    83.10     95.95      363.33
0084    42.0   758.7     18.88     82.8    1912   198    42.80     13.09     40.74  -999    -3.9    1913     0   0   0   4    23.2762   -67.9638     6278    83.03     95.87      363.90
0085    42.5   759.5     18.96     83.8    1903   198    42.77     13.06     40.73  -999    -3.7    1904     0   0   0   4    23.2764   -67.9637     6248    82.98     95.81      364.62
0086    43.0   760.2     19.03     84.8    1894   198    42.75     13.05     40.71  -999    -3.4    1896     0   0   0   4    23.2766   -67.9637     6219    82.93     95.75      365.39
0087    43.5   761.0     19.07     85.9    1885   198    42.71     13.04     40.67  -999    -3.2    1887     0   0   0   4    23.2767   -67.9636     6191    82.86     95.67      366.08
0088    44.0   761.7     19.07     87.0    1877   198    42.65     13.02     40.62  -999    -3.0    1879     0   0   0   4    23.2769   -67.9636     6164    82.74     95.54      366.58
0089    44.5   762.5     19.03     88.0    1869   198    42.56     12.97     40.54  -999    -2.8    1870     0   0   0   4    23.2771   -67.9635     6136    82.57     95.34      366.81
0090    45.0   763.2     18.96     88.7    1860   198    42.45     12.89     40.44  -999    -2.7    1862     0   0   0   4    23.2773   -67.9634     6109    82.35     95.08      366.75
0091    45.5   763.9     18.87     89.2    1852   198    42.33     12.79     40.35  -999    -2.5    1854     0   0   0   4    23.2775   -67.9634     6082    82.12     94.82      366.46
0092    46.0   764.7     18.80     89.3    1844   197    42.24     12.67     40.29  -999    -2.3    1845     0   0   0   4    23.2776   -67.9633     6054    81.94     94.62      366.03
0093    46.5   765.4     18.76     89.1    1835   197    42.22     12.58     40.30  -999    -2.0    1837     0   0   0   4    23.2778   -67.9633     6027    81.91     94.57      365.60
0094    47.0   766.1     18.78     88.7    1827   197    42.31     12.56     40.40  -999    -1.7    1829     0   0   0   4    23.2780   -67.9632     6000    82.08     94.77      365.29
0095    47.5   766.8     18.86     88.1    1819   197    42.54     12.65     40.62     4    -1.2    1821     0   0   0   0    23.2782   -67.9631     5974    82.53     95.29      365.17
0096    48.0   767.5     18.99     87.5    1812   197    42.93     12.85     40.96     4     -.7    1813     0   0   0   0    23.2784   -67.9631     5950    83.28     96.16      365.25
0097    48.5   768.1     19.15     86.9    1805   198    43.46     13.17     41.42     4     -.2    1806     0   0   0   0    23.2786   -67.9630     5926    84.31     97.35      365.51
0098    49.0   768.7     19.33     86.4    1798   198    44.09     13.55     41.96     4      .3    1800     0   0   0   0    23.2788   -67.9629     5904    85.54     98.76      365.88
0099    49.5   769.3     19.49     86.0    1791   198    44.75     13.95     42.52     4      .5    1793     0   0   0   0    23.2789   -67.9629     5883    86.82    100.24      366.29
0100    50.0   769.9     19.63     85.8    1785   198    45.35     14.28     43.04     5      .6    1787     0   0   0   0    23.2791   -67.9628     5863    87.98    101.59      366.67
0101    50.5   770.4     19.73     85.7    1779   198    45.80     14.47     43.46     5      .5    1781     0   0   0   0    23.2793   -67.9627     5842    88.86    102.60      366.95
0102    51.0   771.0     19.80     85.7    1772   198    46.03     14.48     43.69     5      .2    1774     0   0   0   0    23.2795   -67.9627     5821    89.29    103.10      367.14
0103    51.5   771.6     19.82     85.8    1765   198    45.98     14.31     43.70     5     -.2    1767     0   0   0   0    23.2797   -67.9626     5798    89.20    102.99      367.21
0104    52.0   772.3     19.81     86.1    1758   198    45.66     13.97     43.47     5     -.7    1760     0   0   0   3    23.2799   -67.9625     5774    88.58    102.28      367.18
0105    52.5   772.9     19.76     86.5    1751   197    45.12     13.56     43.04     5    -1.2    1752     0   0   0   0    23.2801   -67.9625     5749    87.54    101.08      367.06
0106    53.0   773.6     19.67     87.0    1743   197    44.46     13.14     42.47     5    -1.5    1745     0   0   0   0    23.2803   -67.9624     5724    86.25     99.58      366.84
0107    53.5   774.4     19.55     87.7    1735   197    43.79     12.82     41.87     5    -1.8    1737     0   0   0   0    23.2805   -67.9623     5697    84.95     98.08      366.52
0108    54.0   775.1     19.41     88.3    1727   197    43.25     12.67     41.36     5    -2.0    1728     0   0   0   0    23.2807   -67.9623     5671    83.91     96.88      366.09
0109    54.5   775.8     19.25     88.9    1719   197    42.97     12.72     41.04     5    -2.1    1720     0   0   0   0    23.2809   -67.9622     5644    83.36     96.25      365.56
0110    55.0   776.5     19.09     89.4    1710   198    43.01     12.96     41.01     6    -2.2    1712     0   0   0   0    23.2811   -67.9622     5618    83.45     96.35      364.97
0111    55.5   777.3     18.94     89.8    1702   198    43.39     13.34     41.29     6    -2.2    1704     0   0   0   0    23.2813   -67.9621     5591    84.17     97.18      364.35
0112    56.0   778.0     18.83     89.9    1695   198    44.01     13.75     41.81     6    -2.3    1696     0   0   0   3    23.2814   -67.9620     5565    85.38     98.59      363.76
0113    56.5   778.7     18.75     89.9    1687   198    44.76     14.11     42.48     5    -2.4    1688     0   0   0   0    23.2816   -67.9620     5539    86.84    100.26      363.24
0114    57.0   779.4     18.72     89.7    1679   198    45.47     14.34     43.15     5    -2.5    1680     0   0   0   0    23.2818   -67.9619     5513    88.22    101.86      362.84
0115    57.5   780.1     18.72     89.4    1670   198    46.00     14.41     43.69     5    -2.8    1672     0   0   0   0    23.2820   -67.9618     5486    89.24    103.05      362.58
0116    58.0   780.9     18.75     89.2    1662   198    46.25     14.32     43.98     5    -3.1    1664     0   0   0   0    23.2822   -67.9617     5459    89.73    103.60      362.45
0117    58.5   781.7     18.79     89.2    1654   198    46.20     14.15     43.98     5    -3.4    1656     0   0   0   0    23.2824   -67.9617     5432    89.64    103.50      362.44
0118    59.0   782.4     18.83     89.3    1645   198    45.93     14.01     43.74     5    -3.7    1647     0   0   0   3    23.2826   -67.9616     5403    89.11    102.89      362.52
0119    59.5   783.3     18.85     89.7    1636   198    45.58     14.06     43.36     5    -4.0    1638     0   0   0   3    23.2828   -67.9615     5374    88.42    102.10      362.65
0120    60.0   784.1     18.85     90.2    1627   199    45.32     14.44     42.96     5    -4.3    1629     0   0   0   0    23.2830   -67.9615     5344    87.92    101.52      362.78
0121    60.5   784.9     18.82     90.9    1618   200    45.31     15.22     42.67     5    -4.3    1620     0   0   0   0    23.2832   -67.9614     5313    87.90    101.49      362.89
0122    61.0   785.8     18.78     91.7    1608   201    45.63     16.42     42.58     6    -4.3    1610     0   0   0   0    23.2834   -67.9613     5283    88.53    102.22      362.95
0123    61.5   786.6     18.72     92.5    1599   203    46.29     17.92     42.68     6    -4.1    1601     0   0   0   3    23.2836   -67.9612     5252    89.80    103.69      362.96
0124    62.0   787.5     18.66     93.3    1590   204    47.17     19.51     42.94     5    -3.7    1592     0   0   0   0    23.2838   -67.9611     5222    91.51    105.66      362.93
0125    62.5   788.3     18.60     93.9    1581   206    48.08     20.95     43.27     5    -3.3    1583     0   0   0   0    23.2840   -67.9610     5194    93.27    107.70      362.87
0126    63.0   789.0     18.55     94.4    1573   207    48.82     21.96     43.60     4    -2.9    1575     0   0   0   0    23.2842   -67.9609     5166    94.70    109.35      362.79
0127    63.5   789.8     18.52     94.8    1565   207    49.23     22.35     43.87     5    -2.5    1567     0   0   0   0    23.2844   -67.9608     5140    95.51    110.28      362.71
0128    64.0   790.5     18.51     95.1    1557   207    49.29     22.04     44.09     5    -2.3    1559     0   0   0   3    23.2846   -67.9607     5114    95.62    110.41      362.64
0129    64.5   791.2     18.51     95.2    1549   206    49.08     21.13     44.30     5    -2.1    1551     0   0   0   0    23.2848   -67.9606     5089    95.22    109.95      362.58
0130    65.0   791.9     18.52     95.4    1542   204    48.81     19.84     44.59     5    -2.1    1543     0   0   0   0    23.2850   -67.9605     5064    94.69    109.33      362.55
0131    65.5   792.6     18.53     95.5    1534   202    48.67     18.46     45.04     5    -2.1    1536     0   0   0   0    23.2852   -67.9604     5038    94.43    109.03      362.53
0132    66.0   793.3     18.55     95.6    1526   201    48.84     17.31     45.67     5    -2.1    1528     0   0   0   0    23.2854   -67.9603     5012    94.75    109.41      362.52
0133    66.5   794.1     18.57     95.7    1518   200    49.37     16.59     46.50     5    -2.1    1520     0   0   0   0    23.2856   -67.9603     4986    95.78    110.60      362.54
0134    67.0   794.8     18.60     95.8    1510   199    50.23     16.42     47.47     5    -2.1    1511     0   0   0   0    23.2858   -67.9602     4959    97.45    112.52      362.57
0135    67.5   795.6     18.63     96.0    1502   199    51.31     16.77     48.50     5    -1.9    1503     0   0   0   0    23.2860   -67.9601     4932    99.55    114.94      362.63
0136    68.0   796.3     18.66     96.1    1494   199    52.49     17.51     49.48     5    -1.6    1495     0   0   0   0    23.2862   -67.9600     4906   101.82    117.57      362.71
0137    68.5   797.0     18.70     96.2    1486   200    53.61     18.44     50.34     5    -1.2    1488     0   0   0   0    23.2865   -67.9599     4881   104.01    120.09      362.81
0138    69.0   797.7     18.73     96.4    1479   201    54.59     19.41     51.02     5     -.8    1480     0   0   0   3    23.2867   -67.9598     4857   105.90    122.28      362.92
0139    69.5   798.3     18.77     96.5    1472   202    55.37     20.30     51.52     4     -.4    1473     0   0   0   3    23.2869   -67.9597     4834   107.42    124.04      363.04
0140    70.0   799.0     18.81     96.6    1465   202    55.98     21.10     51.85     4     -.2    1467     0   0   0   0    23.2872   -67.9596     4812   108.60    125.40      363.14
0141    70.5   799.6     18.85     96.6    1458   203    56.47     21.84     52.08     5      .0    1460     0   0   0   0    23.2874   -67.9595     4791   109.55    126.50      363.23
0142    71.0   800.2     18.89     96.7    1452   203    56.92     22.63     52.23     5      .0    1454     0   0   0   0    23.2876   -67.9594     4769   110.43    127.50      363.30
0143    71.5   800.8     18.92     96.7    1445   204    57.38     23.51     52.34     5     -.1    1447     0   0   0   0    23.2879   -67.9593     4747   111.31    128.52      363.34
0144    72.0   801.4     18.95     96.7    1438   205    57.84     24.51     52.39     5     -.3    1440     0   0   0   0    23.2881   -67.9592     4725   112.21    129.57      363.37
0145    72.5   802.1     18.99     96.7    1431   206    58.28     25.55     52.38     5     -.6    1433     0   0   0   0    23.2884   -67.9590     4701   113.07    130.55      363.40
0146    73.0   802.8     19.01     96.8    1424   207    58.63     26.53     52.29     4     -.9    1426     0   0   0   0    23.2886   -67.9589     4678   113.75    131.34      363.41
0147    73.5   803.5     19.04     96.8    1417   208    58.84     27.33     52.11     5    -1.1    1418     0   0   0   0    23.2888   -67.9588     4653   114.15    131.80      363.43
0148    74.0   804.2     19.07     96.9    1409   208    58.88     27.86     51.87     5    -1.3    1411     0   0   0   0    23.2891   -67.9586     4628   114.23    131.90      363.46
0149    74.5   804.9     19.10     96.9    1401   209    58.80     28.13     51.63     4    -1.4    1403     0   0   0   0    23.2893   -67.9585     4603   114.07    131.70      363.49
0150    75.0   805.6     19.14     97.0    1394   209    58.67     28.19     51.45     5    -1.5    1395     0   0   0   0    23.2895   -67.9584     4578   113.82    131.42      363.53
0151    75.5   806.3     19.17     97.1    1386   209    58.60     28.17     51.39     5    -1.4    1388     0   0   0   3    23.2898   -67.9582     4553   113.69    131.27      363.57
0152    76.0   807.0     19.20     97.1    1378   209    58.69     28.19     51.48     5    -1.3    1380     0   0   0   0    23.2900   -67.9581     4528   113.86    131.47      363.62
0153    76.5   807.7     19.23     97.2    1371   209    58.96     28.36     51.69     5    -1.3    1373     0   0   0   3    23.2902   -67.9579     4504   114.39    132.07      363.67
0154    77.0   808.4     19.26     97.3    1364   209    59.37     28.71     51.97     5    -1.2    1365     0   0   0   0    23.2905   -67.9578     4480   115.19    133.00      363.73
0155    77.5   809.1     19.29     97.4    1356   209    59.83     29.17     52.24     5    -1.1    1358     0   0   0   3    23.2907   -67.9577     4456   116.07    134.02      363.78
0156    78.0   809.7     19.32     97.4    1349   209    60.21     29.64     52.40     5    -1.1    1351     0   0   0   0    23.2909   -67.9575     4432   116.80    134.87      363.84
0157    78.5   810.4     19.36     97.5    1342   210    60.40     30.01     52.42     5    -1.0    1344     0   0   0   0    23.2912   -67.9574     4408   117.18    135.31      363.90
0158    79.0   811.1     19.39     97.6    1335   210    60.37     30.17     52.29     5    -1.0    1336     0   0   0   0    23.2914   -67.9572     4384   117.11    135.22      363.95
0159    79.5   811.8     19.42     97.6    1327   210    60.11     30.07     52.05     5     -.9    1329     0   0   0   0    23.2916   -67.9571     4360   116.62    134.65      364.00
0160    80.0   812.5     19.46     97.7    1320   210    59.72     29.74     51.79     5     -.8    1322     0   0   0   0    23.2919   -67.9569     4336   115.86    133.77      364.04
0161    80.5   813.2     19.48     97.7    1312   210    59.30     29.21     51.61     5     -.6    1314     0   0   0   0    23.2921   -67.9568     4312   115.05    132.84      364.06
0162    81.0   813.8     19.51     97.8    1305   209    58.98     28.58     51.59     5     -.4    1307     0   0   0   0    23.2923   -67.9567     4288   114.42    132.11      364.07
0163    81.5   814.5     19.53     97.8    1298   208    58.84     27.92     51.79     5     -.1    1300     0   0   0   0    23.2926   -67.9565     4266   114.15    131.80      364.06
0164    82.0   815.1     19.54     97.9    1292   208    58.92     27.30     52.22     5      .1    1294     0   0   0   0    23.2928   -67.9564     4244   114.31    131.99      364.04
0165    82.5   815.7     19.56     97.9    1285   207    59.21     26.78     52.81     5      .2    1287     0   0   0   0    23.2930   -67.9563     4223   114.87    132.63      364.01
0166    83.0   816.3     19.57     98.0    1279   206    59.63     26.41     53.46     5      .2    1281     0   0   0   0    23.2933   -67.9561     4202   115.67    133.56      363.98
0167    83.5   816.9     19.59     98.0    1272   206    60.07     26.23     54.04     5      .0    1274     0   0   0   0    23.2935   -67.9560     4180   116.53    134.55      363.96
0168    84.0   817.6     19.60     98.1    1266   206    60.42     26.23     54.42     5     -.2    1268     0   0   0   0    23.2938   -67.9559     4159   117.21    135.33      363.95
0169    84.5   818.2     19.63     98.1    1259   206    60.59     26.43     54.52     5     -.5    1261     0   0   0   0    23.2940   -67.9557     4136   117.54    135.71      363.95
0170    85.0   818.9     19.65     98.2    1252   206    60.52     26.77     54.28     5     -.9    1254     0   0   0   0    23.2943   -67.9556     4113   117.42    135.57      363.97
0171    85.5   819.6     19.68     98.2    1244   207    60.23     27.21     53.74     5    -1.2    1246     0   0   0   0    23.2945   -67.9555     4089   116.85    134.92      363.99
0172    86.0   820.3     19.71     98.3    1237   208    59.75     27.62     52.98     5    -1.5    1239     0   0   0   0    23.2948   -67.9553     4063   115.92    133.85      364.02
0173    86.5   821.1     19.74     98.3    1229   208    59.18     27.93     52.17     6    -1.6    1231     0   0   0   0    23.2950   -67.9552     4038   114.80    132.55      364.05
0174    87.0   821.8     19.77     98.4    1221   209    58.60     28.01     51.47     6    -1.7    1223     0   0   0   3    23.2952   -67.9551     4012   113.68    131.26      364.08
0175    87.5   822.5     19.81     98.4    1213   209    58.12     27.83     51.02     5    -1.6    1215     0   0   0   3    23.2954   -67.9549     3987   112.74    130.18      364.12
0176    88.0   823.2     19.84     98.5    1206   208    57.81     27.35     50.93     5    -1.4    1208     0   0   0   0    23.2957   -67.9548     3962   112.15    129.49      364.16
0177    88.5   824.0     19.88     98.5    1198   208    57.71     26.65     51.19     5    -1.2    1200     0   0   0   0    23.2959   -67.9547     3938   111.97    129.28      364.21
0178    89.0   824.6     19.92     98.5    1191   207    57.82     25.83     51.73     5    -1.1    1193     0   0   0   0    23.2961   -67.9545     3914   112.18    129.52      364.28
0179    89.5   825.3     19.96     98.5    1184   206    58.08     25.00     52.42     5     -.9    1186     0   0   0   3    23.2964   -67.9544     3891   112.67    130.09      364.37
0180    90.0   826.0     20.01     98.6    1177   205    58.38     24.31     53.08     5     -.9    1179     0   0   0   3    23.2966   -67.9543     3868   113.26    130.78      364.48
0181    90.5   826.6     20.06     98.6    1170   204    58.65     23.85     53.58     5    -1.0    1172     0   0   0   0    23.2969   -67.9542     3845   113.78    131.37      364.60
0182    91.0   827.3     20.10     98.7    1163   204    58.80     23.66     53.83     5    -1.2    1165     0   0   0   0    23.2971   -67.9541     3822   114.08    131.72      364.73
0183    91.5   828.0     20.15     98.7    1156   204    58.84     23.72     53.84     5    -1.5    1158     0   0   0   0    23.2973   -67.9539     3798   114.14    131.79      364.85
0184    92.0   828.7     20.19     98.8    1148   204    58.77     23.97     53.66     5    -1.8    1150     0   0   0   3    23.2976   -67.9538     3773   114.02    131.65      364.96
0185    92.5   829.5     20.24     98.8    1141   204    58.67     24.28     53.41     5    -2.2    1142     0   0   0   3    23.2978   -67.9537     3748   113.82    131.43      365.05
0186    93.0   830.2     20.29     98.7    1133   205    58.58     24.52     53.20     5    -2.5    1134     0   0   0   3    23.2981   -67.9536     3722   113.64    131.21      365.11
0187    93.5   831.0     20.35     98.6    1124   205    58.50     24.61     53.08     5    -2.8    1126     0   0   0   3    23.2983   -67.9535     3695   113.50    131.05      365.16
0188    94.0   831.8     20.40     98.5    1116   205    58.43     24.46     53.06     5    -3.1    1118     0   0   0   3    23.2985   -67.9533     3667   113.35    130.88      365.20
0189    94.5   832.6     20.46     98.4    1108   204    58.31     24.08     53.11     5    -3.2    1109     0   0   0   0    23.2988   -67.9532     3640   113.13    130.62      365.24
0190    95.0   833.4     20.53     98.2    1099   204    58.14     23.54     53.16     5    -3.3    1101     0   0   0   0    23.2990   -67.9531     3612   112.78    130.22      365.31
0191    95.5   834.2     20.60     98.1    1091   203    57.91     22.94     53.17     5    -3.3    1092     3   3   3   0    23.2993   -67.9530     3584   112.34    129.72      365.41
0192    96.0   835.0     20.66     98.0    1082   203    57.71     22.42     53.17     5    -3.3    1084     0   0   0   0    23.2995   -67.9529     3557   111.95    129.27      365.53
0193    96.5   835.8     20.72     98.0    1074   203    57.66     22.13     53.24     5    -3.2    1076     3   3   3   0    23.2998   -67.9528     3530   111.86    129.15      365.66
0194    97.0   836.6     20.78     98.0    1066   203    57.89     22.16     53.48     5    -3.2    1068     0   0   0   3    23.3000   -67.9527     3503   112.30    129.67      365.79
0195    97.5   837.4     20.84     98.0    1058   203    58.48     22.56     53.95     5    -3.3    1059     0   0   0   0    23.3002   -67.9526     3476   113.45    131.00      365.91
0196    98.0   838.2     20.89     98.0    1049   203    59.43     23.32     54.66     5    -3.3    1051     0   0   0   0    23.3005   -67.9525     3448   115.30    133.13      366.00
0197    98.5   839.0     20.94     98.0    1041   204    60.62     24.35     55.52     5    -3.3    1043     0   0   0   0    23.3007   -67.9523     3421   117.61    135.79      366.05
0198    99.0   839.8     20.99     97.8    1032   204    61.85     25.53     56.34     5    -3.3    1034     0   0   0   0    23.3010   -67.9522     3393   119.99    138.55      366.07
0199    99.5   840.7     21.05     97.6    1024   205    62.90     26.72     56.94     5    -3.2    1026     0   0   0   0    23.3012   -67.9521     3366   122.02    140.89      366.07
0200   100.0   841.5     21.12     97.3    1016   206    63.56     27.81     57.16     5    -3.0    1017     0   0   0   0    23.3015   -67.9520     3338   123.31    142.38      366.06
0201   100.5   842.3     21.19     96.9    1007   207    63.76     28.69     56.94     4    -2.7    1009     0   0   0   0    23.3018   -67.9518     3311   123.70    142.82      366.05
0202   101.0   843.1     21.28     96.5     999   207    63.51     29.29     56.35     5    -2.3    1001     0   0   0   0    23.3020   -67.9517     3284   123.21    142.26      366.08
0203   101.5   843.8     21.37     96.2     991   208    62.94     29.59     55.54     5    -1.9     993     0   0   0   3    23.3023   -67.9515     3259   122.10    140.98      366.14
0204   102.0   844.5     21.45     95.9     984   208    62.22     29.61     54.73     5    -1.5     986     0   0   0   0    23.3025   -67.9514     3234   120.72    139.38      366.24
0205   102.5   845.2     21.53     95.7     977   209    61.57     29.38     54.11     5    -1.2     979     0   0   0   0    23.3028   -67.9512     3211   119.45    137.92      366.37
0206   103.0   845.9     21.59     95.6     970   208    61.12     28.97     53.81     5    -1.0     972     0   0   0   0    23.3030   -67.9511     3188   118.57    136.90      366.48
0207   103.5   846.6     21.64     95.5     963   208    60.93     28.48     53.87     5     -.9     965     0   0   0   0    23.3032   -67.9510     3165   118.21    136.49      366.56
0208   104.0   847.2     21.68     95.4     956   207    60.99     27.97     54.20     5    -1.0     958     0   0   0   0    23.3035   -67.9508     3143   118.32    136.62      366.54
0209   104.5   847.9     21.70     95.2     949   207    61.19     27.54     54.64     6    -1.1     951     0   0   0   0    23.3037   -67.9507     3120   118.70    137.06      366.41
0210   105.0   848.6     21.72     94.9     942   206    61.40     27.27     55.01     6    -1.4     944     0   0   0   0    23.3040   -67.9505     3096   119.12    137.54      366.16
0211   105.5   849.3     21.75     94.3     934   206    61.52     27.21     55.18     5    -1.6     936     0   0   0   0    23.3042   -67.9504     3072   119.35    137.81      365.80
0212   106.0   850.1     21.78     93.6     927   206    61.49     27.38     55.06     5    -1.9     929     0   0   0   0    23.3045   -67.9503     3046   119.29    137.74      365.38
0213   106.5   850.8     21.83     92.9     919   207    61.31     27.76     54.66     5    -2.0     921     0   0   0   3    23.3047   -67.9501     3021   118.94    137.33      364.97
0214   107.0   851.6     21.87     92.2     911   208    61.03     28.28     54.08     5    -2.1     913     0   0   0   0    23.3050   -67.9500     2995   118.39    136.70      364.64
0215   107.5   852.4     21.91     91.8     903   208    60.72     28.86     53.43     5    -2.0     905     0   0   0   3    23.3052   -67.9499     2969   117.80    136.02      364.45
0216   108.0   853.1     21.95     91.8     895   209    60.47     29.39     52.85     5    -1.9     897     0   0   0   0    23.3054   -67.9497     2944   117.31    135.45      364.42
0217   108.5   853.9     21.96     92.1     888   210    60.31     29.75     52.46     5    -1.7     890     0   0   0   0    23.3057   -67.9496     2919   117.00    135.09      364.55
0218   109.0   854.6     21.96     92.7     880   210    60.26     29.90     52.32     5    -1.5     882     0   0   0   0    23.3059   -67.9494     2894   116.91    134.98      364.78
0219   109.5   855.3     21.93     93.6     873   210    60.33     29.81     52.45     5    -1.3     875     0   0   0   3    23.3062   -67.9493     2870   117.05    135.15      365.05
0220   110.0   856.0     21.90     94.4     866   209    60.52     29.51     52.84     5    -1.1     868     0   0   0   0    23.3064   -67.9491     2847   117.41    135.57      365.29
0221   110.5   856.7     21.86     95.2     859   209    60.82     29.07     53.42     6     -.9     861     0   0   0   0    23.3066   -67.9490     2824   117.98    136.23      365.45
0222   111.0   857.4     21.83     95.8     852   208    61.19     28.57     54.11     6     -.7     854     0   0   0   0    23.3069   -67.9489     2801   118.70    137.06      365.49
0223   111.5   858.1     21.81     96.1     845   207    61.59     28.05     54.83     5     -.6     847     0   0   0   0    23.3071   -67.9487     2778   119.48    137.96      365.44
0224   112.0   858.8     21.80     96.2     838   206    61.96     27.57     55.49     5     -.4     840     0   0   0   0    23.3074   -67.9486     2756   120.20    138.79      365.31
0225   112.5   859.4     21.80     96.1     831   206    62.24     27.13     56.01     5     -.2     833     0   0   0   0    23.3076   -67.9485     2733   120.74    139.41      365.16
0226   113.0   860.1     21.80     96.1     824   205    62.39     26.75     56.37     5     -.1     826     0   0   0   0    23.3079   -67.9483     2711   121.04    139.76      365.01
0227   113.5   860.7     21.81     96.0     818   205    62.43     26.44     56.55     5      .1     820     0   0   0   0    23.3081   -67.9482     2689   121.11    139.83      364.88
0228   114.0   861.4     21.80     96.1     811   205    62.38     26.24     56.59     5      .3     813     0   0   0   0    23.3084   -67.9481     2668   121.01    139.72      364.78
0229   114.5   862.0     21.80     96.2     805   205    62.31     26.19     56.54     5      .4     807     0   0   0   0    23.3087   -67.9479     2647   120.88    139.57      364.70
0230   115.0   862.6     21.78     96.4     799   205    62.27     26.32     56.44     4      .5     801     0   0   0   0    23.3089   -67.9478     2626   120.81    139.49      364.61
0231   115.5   863.3     21.77     96.5     792   205    62.30     26.63     56.32     5      .5     794     0   0   0   0    23.3092   -67.9477     2606   120.86    139.55      364.51
0232   116.0   863.9     21.77     96.5     786   206    62.36     27.06     56.18     5      .4     788     0   0   0   0    23.3094   -67.9475     2586   120.98    139.69      364.39
0233   116.5   864.5     21.78     96.4     780   206    62.38     27.52     55.98     5      .3     782     0   0   0   0    23.3097   -67.9474     2565   121.02    139.73      364.26
0234   117.0   865.1     21.80     96.2     774   207    62.28     27.86     55.70     5      .1     775     0   0   0   3    23.3099   -67.9473     2544   120.82    139.50      364.14
0235   117.5   865.8     21.85     95.9     767   207    62.01     27.99     55.33     5     -.1     769     0   0   0   0    23.3102   -67.9471     2522   120.29    138.89      364.03
0236   118.0   866.4     21.89     95.6     760   207    61.59     27.85     54.93     5     -.1     762     0   0   0   0    23.3104   -67.9470     2500   119.47    137.95      363.96
0237   118.5   867.1     21.94     95.4     753   207    61.13     27.48     54.60     6     -.1     755     0   0   0   0    23.3107   -67.9469     2477   118.59    136.92      363.91
0238   119.0   867.8     21.98     95.2     746   206    60.80     26.99     54.48     6      .1     748     0   0   0   0    23.3109   -67.9467     2455   117.96    136.20      363.86
0239   119.5   868.5     21.99     95.3     739   206    60.79     26.55     54.68     7      .5     741     0   0   0   0    23.3112   -67.9466     2432   117.93    136.17      363.79
0240   120.0   869.2     21.97     95.4     733   205    61.21     26.30     55.27     7     1.0     735     0   0   0   0    23.3114   -67.9465     2410   118.75    137.11      363.68
0241   120.5   869.8     21.91     95.8     727   205    62.08     26.35     56.22     5     1.7     729     0   0   0   0    23.3117   -67.9463     2390   120.44    139.07      363.51
0242   121.0   870.3     21.83     96.2     721   205    63.31     26.70     57.41     4     2.5     723     0   0   0   0    23.3119   -67.9462     2372   122.83    141.83      363.28
0243   121.5   870.8     21.73     96.7     716   205    64.73     27.31     58.68     5     3.2     718     0   0   0   0    23.3122   -67.9461     2356   125.57    144.98      362.99
0244   122.0   871.3     21.62     97.3     712   205    66.10     28.07     59.85     5     3.8     713     0   0   0   0    23.3125   -67.9459     2341   128.24    148.07      362.68
0245   122.5   871.7     21.51     97.8     708   205    67.27     28.85     60.77     6     4.3     709     0   0   0   0    23.3127   -67.9458     2327   130.51    150.69      362.35
0246   123.0   872.1     21.41     98.2     704   206    68.14     29.57     61.39     6     4.7     705     0   0   0   0    23.3130   -67.9457     2314   132.18    152.63      362.04
0247   123.5   872.5     21.33     98.5     700   206    68.71     30.18     61.72     6     4.9     701     0   0   0   0    23.3133   -67.9455     2301   133.29    153.90      361.77
0248   124.0   872.9     21.26     98.8     696   206    69.07     30.71     61.86     5     5.0     697     0   0   0   0    23.3136   -67.9454     2288   133.99    154.71      361.54
0249   124.5   873.3     21.21     99.0     692   207    69.35     31.20     61.94     6     5.1     693     0   0   0   3    23.3138   -67.9452     2275   134.54    155.35      361.36
0250   125.0   873.7     21.18     99.2     687   207    69.68     31.69     62.06     6     5.3     689     0   0   0   0    23.3141   -67.9451     2261   135.18    156.09      361.23
0251   125.5   874.1     21.16     99.4     683   207    70.13     32.17     62.32     5     5.5     685     0   0   0   0    23.3144   -67.9449     2248   136.06    157.10      361.15
0252   126.0   874.5     21.14     99.6     679   207    70.73     32.62     62.76     5     5.7     681     0   0   0   3    23.3147   -67.9447     2235   137.22    158.44      361.11
0253   126.5   874.9     21.14     99.8     676   207    71.43     32.94     63.38     5     6.0     677     0   0   0   0    23.3150   -67.9446     2222   138.57    160.00      361.11
0254   127.0   875.2     21.14     99.9     672   207    72.15     33.04     64.15     5     6.2     674     0   0   0   0    23.3153   -67.9444     2211   139.98    161.62      361.14
0255   127.5   875.6     21.15    100.0     669   207    72.83     32.85     65.00     5     6.5     671     0   0   0   0    23.3156   -67.9443     2201   141.29    163.13      361.18
0256   128.0   875.9     21.17    100.0     666   206    73.41     32.36     65.89     5     6.7     668     0   0   0   0    23.3159   -67.9441     2191   142.41    164.43      361.21
0257   128.5   876.2     21.18    100.0     663   205    73.90     31.63     66.79     5     6.8     665     0   0   0   3    23.3162   -67.9439     2181   143.36    165.53      361.23
0258   129.0   876.5     21.20    100.0     660   204    74.34     30.76     67.68     5     6.9     662     0   0   0   0    23.3165   -67.9438     2171   144.22    166.53      361.23
0259   129.5   876.8     21.21    100.0     657   204    74.80     29.87     68.57     5     6.9     659     0   0   0   0    23.3168   -67.9436     2160   145.10    167.54      361.21
0260   130.0   877.1     21.21    100.0     654   203    75.31     29.08     69.47     5     6.9     655     0   0   0   3    23.3171   -67.9435     2150   146.10    168.70      361.16
0261   130.5   877.4     21.21    100.0     650   202    75.91     28.45     70.38     5     6.9     652     0   0   0   0    23.3174   -67.9434     2140   147.28    170.05      361.11
0262   131.0   877.7     21.23    100.0     647   201    76.61     28.01     71.30     5     6.9     649     0   0   0   0    23.3177   -67.9432     2129   148.62    171.60      361.12
0263   131.5   878.1     21.26    100.0     644   201    77.36     27.76     72.20     5     6.8     646     0   0   0   0    23.3181   -67.9431     2119   150.07    173.28      361.21
0264   132.0   878.4     21.31    100.0     641   201    78.12     27.67     73.06     5     6.6     643     0   0   0   0    23.3184   -67.9430     2109   151.55    174.99      361.43
0265   132.5   878.7     21.40    100.0     638   201    78.85     27.71     73.82     5     6.4     640     0   0   0   0    23.3187   -67.9428     2099   152.97    176.63      361.77
0266   133.0   879.0     21.50    100.0     635   201    79.50     27.85     74.47     5     6.1     637     0   0   0   0    23.3191   -67.9427     2089   154.24    178.09      362.23
0267   133.5   879.3     21.62    100.0     631   201    80.04     28.06     74.96     5     5.7     633     0   0   0   0    23.3194   -67.9425     2078   155.28    179.29      362.74
0268   134.0   879.7     21.73    100.0     628   201    80.43     28.28     75.29     6     5.2     630     0   0   0   0    23.3197   -67.9424     2066   156.03    180.16      363.25
0269   134.5   880.1     21.83    100.0     624   201    80.64     28.43     75.46     7     4.7     625     0   0   0   0    23.3201   -67.9423     2052   156.43    180.62      363.66
0270   135.0   880.6     21.90    100.0     619   201    80.63     28.38     75.47     6     4.2     621     0   0   0   0    23.3204   -67.9421     2038   156.43    180.62      363.91
0271   135.5   881.0     21.94    100.0     614   200    80.41     28.00     75.38     6     3.8     616     0   0   0   3    23.3208   -67.9420     2022   155.99    180.12      363.99
0272   136.0   881.5     21.94    100.0     610   200    79.98     27.19     75.22     6     3.5     611     0   0   0   0    23.3211   -67.9419     2006   155.17    179.17      363.90
0273   136.5   882.1     21.91    100.0     604   199    79.43     25.95     75.07     6     3.3     606     0   0   0   0    23.3214   -67.9417     1989   154.10    177.92      363.69
0274   137.0   882.6     21.88    100.0     599   198    78.87     24.42     74.99     6     3.2     601     0   0   0   0    23.3218   -67.9416     1972   153.00    176.66      363.41
0275   137.5   883.1     21.84    100.0     594   197    78.44     22.82     75.05     6     3.2     596     0   0   0   0    23.3221   -67.9415     1956   152.17    175.71      363.13
0276   138.0   883.6     21.82    100.0     590   196    78.27     21.48     75.27     5     3.1     591     0   0   0   0    23.3224   -67.9414     1940   151.84    175.33      362.91
0277   138.5   884.1     21.81    100.0     585   195    78.42     20.63     75.66     5     3.0     586     0   0   0   0    23.3228   -67.9413     1924   152.14    175.67      362.78
0278   139.0   884.5     21.82    100.0     580   195    78.89     20.39     76.21     5     2.8     582     0   0   0   0    23.3231   -67.9412     1908   153.05    176.71      362.73
0279   139.5   885.1     21.84    100.0     575   195    79.59     20.67     76.86     5     2.5     577     0   0   0   0    23.3235   -67.9411     1892   154.41    178.29      362.76
0280   140.0   885.6     21.87    100.0     570   195    80.40     21.21     77.55     5     2.2     571     0   0   0   0    23.3238   -67.9410     1875   155.98    180.10      362.81
0281   140.5   886.1     21.91    100.0     564   195    81.17     21.65     78.23     4     1.8     566     0   0   0   0    23.3242   -67.9409     1857   157.46    181.81      362.87
0282   141.0   886.7     21.94    100.0     558   195    81.73     21.64     78.82     4     1.5     560     0   0   0   0    23.3245   -67.9408     1838   158.57    183.09      362.91
0283   141.5   887.3     21.96    100.0     552   195    82.00     20.96     79.27     4     1.4     554     0   0   0   0    23.3249   -67.9407     1818   159.07    183.67      362.92
0284   142.0   888.0     21.98    100.0     546   194    81.91     19.59     79.53     4     1.3     548     0   0   0   0    23.3253   -67.9406     1797   158.90    183.47      362.90
0285   142.5   888.6     22.00    100.0     540   192    81.47     17.63     79.54     4     1.4     542     0   0   0   0    23.3256   -67.9405     1777   158.06    182.50      362.86
0286   143.0   889.2     22.01    100.0     534   191    80.77     15.36     79.29     4     1.5     536     0   0   0   0    23.3260   -67.9404     1757   156.69    180.92      362.82
0287   143.5   889.8     22.03    100.0     528   189    79.88     13.07     78.80     4     1.7     530     0   0   0   0    23.3263   -67.9404     1739   154.96    178.92      362.80
0288   144.0   890.3     22.05    100.0     523   188    78.91     11.05     78.13     4     1.8     525     0   0   0   0    23.3267   -67.9403     1721   153.09    176.76      362.79
0289   144.5   890.9     22.07    100.0     518   187    78.00      9.46     77.42     4     1.8     519     3   3   3   3    23.3270   -67.9403     1704   151.31    174.71      362.81
0290   145.0   891.4     22.10    100.0     512   186    77.26      8.37     76.80     4     1.5     514     0   0   0   0    23.3274   -67.9402     1687   149.88    173.05      362.85
0291   145.5   892.0     22.14    100.0     507   186    76.79      7.68     76.41     4     1.0     509     0   0   0   0    23.3277   -67.9402     1669   148.98    172.02      362.92
0292   146.0   892.5     22.18    100.0     501   185    76.66      7.26     76.32     4      .4     503     0   0   0   0    23.3281   -67.9401     1650   148.72    171.72      363.01
0293   146.5   893.2     22.23    100.0     495   185    76.82      6.95     76.51     4     -.4     497     0   0   0   3    23.3284   -67.9401     1629   149.04    172.08      363.12
0294   147.0   893.9     22.28    100.0     488   185    77.17      6.67     76.88     4    -1.1     490     0   0   0   3    23.3288   -67.9401     1606   149.70    172.85      363.25
0295   147.5   894.7     22.33    100.0     480   185    77.54      6.37     77.27     4    -1.8     482     0   0   0   3    23.3291   -67.9400     1581   150.42    173.68      363.37
0296   148.0   895.5     22.38    100.0     472   184    77.77      6.07     77.53     4    -2.2     474     0   0   0   3    23.3295   -67.9400     1555   150.88    174.21      363.47
0297   148.5   896.4     22.43    100.0     464   184    77.76      5.79     77.55     4    -2.3     466     0   0   0   0    23.3298   -67.9400     1528   150.86    174.19      363.54
0298   149.0   897.2     22.46    100.0     456   184    77.49      5.53     77.29     4    -2.2     458     0   0   0   0    23.3302   -67.9400     1501   150.33    173.57      363.56
0299   149.5   898.0     22.49    100.0     448   184    77.01      5.24     76.83     4    -1.9     450     0   0   0   0    23.3305   -67.9399     1476   149.40    172.50      363.52
0300   150.0   898.7     22.49    100.0     441   184    76.45      4.89     76.29     4    -1.4     442     0   0   0   0    23.3309   -67.9399     1451   148.32    171.25      363.42
0301   150.5   899.5     22.49    100.0     434   183    75.96      4.45     75.83     4     -.9     435     0   0   0   0    23.3312   -67.9399     1429   147.36    170.15      363.26
0302   151.0   900.1     22.48    100.0     427   183    75.64      3.90     75.54     4     -.5     429     0   0   0   0    23.3315   -67.9399     1407   146.75    169.44      363.07
0303   151.5   900.8     22.46    100.0     421   182    75.55      3.29     75.47     4     -.2     423     0   0   0   0    23.3319   -67.9398     1386   146.56    169.22      362.86
0304   152.0   901.4     22.44    100.0     415   182    75.64      2.66     75.60     4      .0     416     0   0   0   0    23.3322   -67.9398     1366   146.75    169.44      362.64
0305   152.5   902.1     22.42    100.0     408   182    75.87      2.05     75.85     4      .0     410     0   0   0   0    23.3326   -67.9398     1345   147.20    169.96      362.44
0306   153.0   902.7     22.42    100.0     402   181    76.16      1.48     76.15     4      .0     404     0   0   0   0    23.3329   -67.9398     1324   147.76    170.61      362.27
0307   153.5   903.4     22.41    100.0     395   181    76.47       .95     76.46     4      .0     397     0   0   0   0    23.3333   -67.9398     1303   148.35    171.29      362.14
0308   154.0   904.1     22.42    100.0     389   180    76.76       .43     76.76     4      .1     390     0   0   0   0    23.3336   -67.9398     1281   148.91    171.94      362.06
0309   154.5   904.8     22.44    100.0     382   180    77.03      -.10     77.03     4      .4     384     0   0   0   0    23.3339   -67.9398     1259   149.44    172.55      362.01
0310   155.0   905.5     22.46    100.0     375   180    77.28      -.64     77.28     4      .7     377     0   0   0   0    23.3343   -67.9398     1238   149.93    173.11      362.00
0311   155.5   906.1     22.49    100.0     369   179    77.48     -1.15     77.47     4     1.2     371     0   0   0   0    23.3346   -67.9398     1217   150.31    173.55      362.02
0312   156.0   906.7     22.52    100.0     363   179    77.56     -1.57     77.55     4     1.8     365     0   0   0   0    23.3350   -67.9398     1198   150.48    173.74      362.05
0313   156.5   907.3     22.55    100.0     358   179    77.47     -1.83     77.45     4     2.5     360     0   0   0   3    23.3353   -67.9398     1180   150.30    173.54      362.09
0314   157.0   907.8     22.58    100.0     353   179    77.15     -1.90     77.12     4     3.2     355     0   0   0   0    23.3357   -67.9398     1164   149.67    172.81      362.13
0315   157.5   908.2     22.60    100.0     348   179    76.56     -1.76     76.54     4     3.8     350     0   0   0   0    23.3360   -67.9398     1149   148.53    171.50      362.17
0316   158.0   908.7     22.63    100.0     344   179    75.75     -1.42     75.73     4     4.3     346     0   0   0   0    23.3364   -67.9399     1135   146.95    169.67      362.21
0317   158.5   909.1     22.65    100.0     340   179    74.79      -.94     74.78     4     4.8     342     0   0   0   3    23.3367   -67.9399     1122   145.09    167.52      362.25
0318   159.0   909.5     22.67    100.0     337   180    73.82      -.38     73.82     4     5.0     338     0   0   0   3    23.3371   -67.9399     1110   143.21    165.35      362.28
0319   159.5   909.9     22.69    100.0     333   180    72.99       .18     72.99     4     5.1     335     0   0   0   3    23.3374   -67.9399     1098   141.59    163.49      362.32
0320   160.0   910.3     22.71    100.0     329   181    72.42       .70     72.42     4     5.1     331     3   3   3   0    23.3377   -67.9399     1086   140.50    162.22      362.36
0321   160.5   910.6     22.74    100.0     325   181    72.20      1.09     72.20     4     4.9     327     0   0   0   3    23.3380   -67.9399     1074   140.08    161.74      362.40
0322   161.0   911.1     22.76    100.0     321   181    72.33      1.32     72.32     4     4.6     323     0   0   0   3    23.3384   -67.9398     1061   140.33    162.03      362.44
0323   161.5   911.5     22.78    100.0     317   181    72.73      1.34     72.72     4     4.2     319     0   0   0   3    23.3387   -67.9398     1047   141.10    162.92      362.47
0324   162.0   911.9     22.80    100.0     313   181    73.26      1.13     73.25     4     3.8     315     0   0   0   3    23.3390   -67.9398     1032   142.12    164.09      362.49
0325   162.5   912.4     22.82    100.0     308   181    73.75       .69     73.75     4     3.5     310     0   0   0   0    23.3394   -67.9398     1017   143.07    165.20      362.50
0326   163.0   913.0     22.85    100.0     303   180    74.08       .04     74.08     4     3.3     305     0   0   0   0    23.3397   -67.9398     1001   143.72    165.95      362.51
0327   163.5   913.5     22.87    100.0     298   179    74.20      -.79     74.19     4     3.2     300     0   0   0   3    23.3400   -67.9398      984   143.94    166.20      362.54
0328   164.0   914.0     22.90    100.0     293   179    74.08     -1.73     74.06     4     3.1     295     0   0   0   0    23.3404   -67.9398      967   143.72    165.95      362.58
0329   164.5   914.5     22.94    100.0     288   178    73.80     -2.71     73.75     4     3.2     290     0   0   0   0    23.3407   -67.9399      951   143.16    165.30      362.67
0330   165.0   915.1     22.98    100.0     283   177    73.40     -3.66     73.31     4     3.4     285     0   0   0   0    23.3410   -67.9399      935   142.39    164.41      362.80
0331   165.5   915.5     23.03    100.0     278   176    72.95     -4.51     72.81     4     3.6     280     0   0   0   0    23.3414   -67.9399      919   141.52    163.40      362.99
0332   166.0   916.0     23.10    100.0     274   176    72.46     -5.24     72.27     4     3.7     276     0   0   0   0    23.3417   -67.9399      905   140.58    162.32      363.21
0333   166.5   916.5     23.16    100.0     270   175    71.94     -5.84     71.70     4     3.8     271     0   0   0   0    23.3420   -67.9400      891   139.56    161.15      363.45
0334   167.0   916.9     23.22    100.0     265   175    71.36     -6.33     71.08     4     3.9     267     0   0   0   3    23.3423   -67.9400      877   138.44    159.85      363.68
0335   167.5   917.4     23.28    100.0     261   175    70.73     -6.74     70.41     4     3.8     263     0   0   0   0    23.3426   -67.9400      862   137.21    158.43      363.88
0336   168.0   917.8     23.32    100.0     257   174    70.07     -7.11     69.71     4     3.7     258     0   0   0   0    23.3430   -67.9401      848   135.94    156.97      364.02
0337   168.5   918.3     23.36    100.0     252   174    69.47     -7.45     69.07     4     3.6     254     0   0   0   0    23.3433   -67.9401      832   134.77    155.61      364.11
0338   169.0   918.8     23.38    100.0     247   174    69.01     -7.77     68.57     4     3.4     249     0   0   0   0    23.3436   -67.9401      817   133.88    154.59      364.12
0339   169.5   919.3     23.39    100.0     242   173    68.80     -8.04     68.33     4     3.2     244     0   0   0   0    23.3439   -67.9402      801   133.48    154.12      364.10
0340   170.0   919.8     23.40    100.0     237   173    68.91     -8.27     68.41     5     3.1     239     0   0   0   0    23.3442   -67.9402      785   133.68    154.35      364.04
0341   170.5   920.3     23.41    100.0     233   173    69.33     -8.42     68.82     5     2.9     234     0   0   0   0    23.3445   -67.9402      769   134.50    155.30      363.99
0342   171.0   920.9     23.42    100.0     228   173    70.00     -8.50     69.48     5     2.8     229     0   0   0   0    23.3448   -67.9403      753   135.79    156.79      363.95
0343   171.5   921.4     23.44    100.0     223   173    70.75     -8.52     70.24     6     2.6     224     0   0   0   0    23.3451   -67.9403      736   137.26    158.48      363.94
0344   172.0   921.9     23.46    100.0     218   173    71.40     -8.49     70.90     6     2.5     219     0   0   0   0    23.3455   -67.9404      720   138.52    159.94      363.97
0345   172.5   922.5     23.49    100.0     212   173    71.78     -8.45     71.28     6     2.3     214     0   0   0   0    23.3458   -67.9404      703   139.26    160.79      364.04
0346   173.0   923.0     23.53    100.0     207   173    71.77     -8.42     71.28     6     2.2     209     0   0   0   0    23.3461   -67.9404      685   139.24    160.77      364.14
0347   173.5   923.6     23.58    100.0     202   173    71.36     -8.45     70.86     6     2.0     203     0   0   0   0    23.3464   -67.9405      667   138.45    159.86      364.26
0348   174.0   924.2     23.63    100.0     196   173    70.65     -8.55     70.13     6     1.9     198     0   0   0   0    23.3467   -67.9405      649   137.07    158.26      364.40
0349   174.5   924.8     23.68    100.0     190   173    69.82     -8.75     69.27     6     1.8     192     0   0   0   0    23.3470   -67.9406      631   135.46    156.41      364.54
0350   175.0   925.3     23.72    100.0     185   172    69.10     -9.06     68.51     6     1.7     187     0   0   0   0    23.3474   -67.9406      613   134.06    154.79      364.66
0351   175.5   925.9     23.76    100.0     179   172    68.69     -9.47     68.03     6     1.6     181     0   0   0   0    23.3477   -67.9407      595   133.25    153.86      364.75
0352   176.0   926.5     23.79    100.0     174   172    68.65     -9.94     67.93     6     1.5     176     0   0   0   0    23.3480   -67.9407      577   133.18    153.78      364.80
0353   176.5   927.1     23.82    100.0     168   171    68.93    -10.40     68.14     6     1.3     170     0   0   0   0    23.3483   -67.9408      558   133.72    154.40      364.82
0354   177.0   927.7     23.84    100.0     163   171    69.30    -10.76     68.46     6     1.1     164     0   0   0   0    23.3486   -67.9408      540   134.44    155.23      364.82
0355   177.5   928.3     23.86    100.0     157   171    69.46    -10.93     68.60     6      .9     159     0   0   0   0    23.3489   -67.9409      520   134.75    155.59      364.82
0356   178.0   928.9     23.89    100.0     151   171    69.13    -10.83     68.28     6      .7     153     0   0   0   0    23.3492   -67.9409      501   134.12    154.86      364.84
0357   178.5   929.6     23.92    100.0     145   171    68.15    -10.46     67.34     6      .5     146     0   0   0   0    23.3495   -67.9410      480   132.21    152.66      364.89
0358   179.0   930.3     23.96    100.0     138   171    66.54     -9.88     65.80     6      .4     140     0   0   0   0    23.3498   -67.9410      459   129.09    149.05      364.99
0359   179.5   930.9     24.01    100.0     132   172    64.53     -9.23     63.86     6      .3     134     0   0   0   0    23.3501   -67.9411      439   125.19    144.54      365.11
0360   180.0   931.6     24.06    100.0     126   172    62.50     -8.70     61.89     6      .4     127     0   0   0   0    23.3504   -67.9411      418   121.24    139.99      365.26
0361   180.5   932.3     24.11    100.0     119   172    60.85     -8.47     60.26     6      .5     121     0   0   0   0    23.3506   -67.9411      397   118.05    136.31      365.39
0362   181.0   932.9     24.16    100.0     113   172    59.92     -8.65     59.29     6      .9     115     0   0   0   0    23.3509   -67.9412      377   116.24    134.22      365.51
0363   181.5   933.6     24.20    100.0     107   171    59.80     -9.21     59.09     6     1.3     109     0   0   0   0    23.3512   -67.9412      357   116.02    133.96      365.60
0364   182.0   934.2     24.24    100.0     101   170    60.38    -10.05     59.54     6     1.9     103     0   0   0   0    23.3514   -67.9413      338   117.14    135.25      365.69
0365   182.5   934.8     24.28    100.0      96   170    61.37    -10.99     60.37     5     2.7      97     0   0   0   0    23.3517   -67.9413      320   119.05    137.46      365.79
0366   183.0   935.3     24.32    100.0      91   169    62.37    -11.81     61.25     5     3.5      92     0   0   0   0    23.3520   -67.9414      303   121.01    139.72      365.93
0367   183.5   935.8     24.38    100.0      86   169    63.03    -12.32     61.81     5     4.3      88     3   0   0   0    23.3523   -67.9415      288   122.27    141.18      366.14
0368   184.0   936.2     24.45    100.0      82   169    63.05    -12.42     61.82     5     5.2      84     3   0   0   0    23.3526   -67.9415      276   122.32    141.24      366.41
0369   184.5   936.5     24.52    100.0      79   169    62.34    -12.10     61.16     5     5.9      81     3   3   3   3    23.3528   -67.9416      265   120.94    139.64      366.74
0370   185.0   936.9     24.60    100.0      76   169    60.96    -11.42     59.88     5     6.5      78     0   0   0   3    23.3531   -67.9416      255   118.26    136.55      367.09
0371   185.5   937.1     24.67    100.0      73   170    59.11    -10.55     58.16     5     6.8      75     0   0   0   3    23.3534   -67.9417      247   114.67    132.40      367.42
0372   186.0   937.4     24.73    100.0      71   170    57.08     -9.67     56.25     5     6.9      73     0   0   0   3    23.3536   -67.9417      238   110.73    127.85      367.70
0373   186.5   937.7     24.78    100.0      68   171    55.15     -8.94     54.42     4     6.8      70     3   3   3   3    23.3539   -67.9418      230   106.99    123.54      367.90
0374   187.0   938.0     24.81    100.0      65   171    53.54     -8.48     52.87     4     6.5      67     0   0   0   3    23.3541   -67.9418      221   103.87    119.94      368.03
0375   187.5   938.3     24.84    100.0      62   171    52.35     -8.33     51.68     4     6.2      64     0   0   0   3    23.3543   -67.9418      210   101.55    117.25      368.12
0376   188.0   938.7     24.87    100.0      59   171    51.55     -8.43     50.85     4     5.9      61     0   0   0   0    23.3546   -67.9419      199   100.00    115.47      368.21
0377   188.5   939.1     24.90    100.0      55   170    51.08     -8.69     50.34     4     5.6      57     0   0   0   0    23.3548   -67.9419      186    99.10    114.42      368.31
0378   189.0   939.5     24.94    100.0      51   170    50.85     -9.05     50.04     5     5.4      53     0   0   0   0    23.3550   -67.9420      174    98.65    113.91      368.44
0379   189.5   939.9     24.98    100.0      47   169    50.90     -9.44     50.02     5     5.1      49     0   0   0   3    23.3552   -67.9420      161    98.75    114.02      368.57
0380   190.0   940.3     25.01    100.0      44   169    51.18     -9.79     50.23     4     4.6      45     0   0   0   0    23.3555   -67.9421      149    99.28    114.63      368.68
0381   190.5   940.7     25.05    100.0      40   169    51.50    -10.18     50.48     4     3.1      42     0   0   0   3    23.3557   -67.9421      137    99.91    115.36      368.79
0382   191.0   941.1     25.08    100.0      36   168    51.85    -10.74     50.73     4     1.5      38     0   0   0   0    23.3559   -67.9422      124   100.59    116.14      368.87
0383   191.5   941.5     25.10    100.0      32   167    52.27    -11.50     50.99     4      .9      34     0   0   0   0    23.3562   -67.9422      110   101.41    117.09      368.92
0384   192.0   942.2     25.12    100.0      26   167    52.71    -12.26     51.26     4      .2      28     0   0   0   0    23.3564   -67.9423       91   102.25    118.06      368.88
0385   192.5   943.2     25.14    100.0      16   166    52.21    -12.76     50.63     5     -.8      18     0   0   0   0    23.3566   -67.9424       60   101.29    116.95      368.83
0386   193.0   944.3     25.24    100.0       6   164    49.57    -13.65     47.65     4    -2.3       8     0   0   0   0    23.3568   -67.9424       26    96.16    111.03      369.12
