 ===========================================================================
 DROPWINDSONDE PROCESSING RECORD                            Sonde: 984925046
 PDS file written Jan 10, 2000.                             Format:    V5.01
 Aircraft: AFRES C-130                       Date: 990911   Time: 193213 UTC
 ---------------------------------------------------------------------------
 Bias corrections:  PR =    .0 mb  TE =    .0 C  RH =    .0 %  PRB =   .0 mb
 Filters (LPF):     PTH =   5 s    WIND =   5 s       Hyd anchor =       SFC
 Dyn RH correction =  N     WSHR COR =      Y         Splash PR  =  988.3 mb
 Estimated PR used =  N     GPS VERR =    .36 m/s     HYD SFCP   =  988.1 mb
 Dyn T correction  =  Y     WGACORR  =    -.2 m       AC GA ADJ  =     .0 m
 ---------------------------------------------------------------------------
 COMMENTS: Floyd eyewall.                                              
 ===========================================================================

 ==============================================================================
 Date: 990911   Lat:  23.02 N   TA:   10.8 C   PS:  697.0 mb   WD:   154 deg
 Time: 193213   Lon:  62.62 W   TD:   10.3 C   GA:   2997 m    WS:  42.0 m/s
 SID:  984925046                RH:   96.7 %   Navaid:   GP          
 ===========================================================================

IX      t (s)  P (mb)    T (C)    RH (%)  Z (m)   WD    WS (m/s)   U (m/s)   V (m/s)  NS  WZ (m/s)  ZW (m)   FP  FT  FH  FW   LAT (N)    LON (E)  ZW (ft)  WS (kt)  WS (mph)  THETAE (K)
0001      .3   697.6     10.82     96.2    2995   154    41.91    -18.55     37.58  -999  -999.0    2995     3   3   3   3    23.0202   -62.6201     9827    81.31     93.88      350.31
0002      .8   698.3     10.85     95.7    2988   153    41.57    -19.11     36.92  -999  -999.0    2988     3   3   3   3    23.0203   -62.6202     9802    80.64     93.12      350.09
0003     1.3   698.9     10.88     95.1    2980   152    41.49    -19.25     36.75  -999  -999.0    2980     3   3   3   3    23.0205   -62.6203     9778    80.48     92.93      349.87
0004     1.8   699.5     10.90     94.6    2973   152    41.41    -19.39     36.59  -999  -999.0    2973     3   3   3   3    23.0207   -62.6204     9753    80.33     92.75      349.65
0005     2.3   700.1     10.93     94.1    2965   152    41.33    -19.53     36.42  -999  -999.0    2965     3   3   3   3    23.0208   -62.6205     9728    80.17     92.57      349.43
0006     2.8   700.8     10.95     93.6    2958   152    41.25    -19.66     36.26  -999  -999.0    2958     3   3   3   3    23.0210   -62.6206     9704    80.02     92.39      349.21
0007     3.3   701.4     10.98     93.1    2951   151    41.17    -19.80     36.09  -999  -999.0    2950     3   3   3   3    23.0212   -62.6207     9679    79.86     92.22      348.98
0008     3.8   702.0     11.00     92.5    2943   151    41.09    -19.94     35.93  -999  -999.0    2943     3   3   3   3    23.0213   -62.6208     9655    79.71     92.04      348.76
0009     4.3   702.6     11.03     92.0    2936   151    41.01    -20.08     35.76  -999  -999.0    2935     3   3   3   3    23.0215   -62.6209     9630    79.57     91.87      348.54
0010     4.8   703.3     11.05     91.5    2928   150    40.94    -20.22     35.60  -999  -999.0    2928     3   3   3   3    23.0216   -62.6210     9606    79.42     91.70      348.32
0011     5.3   703.9     11.08     91.0    2921   150    40.86    -20.35     35.43  -999  -999.0    2920     3   3   3   3    23.0218   -62.6211     9582    79.28     91.53      348.09
0012     5.8   704.5     11.10     90.5    2913   150    40.79    -20.49     35.27  -999  -999.0    2913     3   3   3   3    23.0220   -62.6212     9557    79.13     91.36      347.87
0013     6.3   705.1     11.13     90.0    2906   150    40.71    -20.62     35.10  -999  -999.0    2906     3   3   3   3    23.0221   -62.6213     9533    78.97     91.19      347.65
0014     6.8   705.8     11.16     89.4    2898   149    40.64    -20.73     34.95  -999  -999.0    2898     3   3   3   3    23.0223   -62.6214     9508    78.84     91.03      347.43
0015     7.3   706.4     11.18     88.9    2891   149    40.60    -20.84     34.84  -999  -999.0    2891     3   3   3   3    23.0224   -62.6215     9484    78.76     90.94      347.21
0016     7.8   707.0     11.21     88.4    2884   149    40.58    -20.97     34.74  -999  -999.0    2883     3   3   3   3    23.0226   -62.6216     9460    78.72     90.89      346.99
0017     8.3   707.6     11.23     87.9    2876   149    40.55    -21.14     34.60  -999  -999.0    2876     3   3   3   3    23.0227   -62.6217     9435    78.66     90.82      346.77
0018     8.8   708.3     11.26     87.4    2869   148    40.47    -21.36     34.38  -999  -999.0    2869     3   3   3   3    23.0229   -62.6218     9411    78.52     90.66      346.55
0019     9.3   708.9     11.29     86.8    2861   148    40.34    -21.64     34.05  -999  -999.0    2861     3   3   3   3    23.0231   -62.6219     9387    78.27     90.37      346.33
0020     9.8   709.5     11.32     86.3    2854   147    40.16    -21.95     33.64     4  -999.0    2854     3   3   3   0    23.0232   -62.6220     9363    77.92     89.97      346.11
0021    10.3   710.1     11.34     85.8    2847   146    39.95    -22.26     33.18     4  -999.0    2846     3   3   3   0    23.0234   -62.6221     9338    77.50     89.49      345.90
0022    10.8   710.8     11.37     85.3    2839   145    39.74    -22.54     32.73     4  -999.0    2839     3   3   0   0    23.0235   -62.6222     9314    77.10     89.02      345.71
0023    11.3   711.4     11.40     84.9    2832   145    39.57    -22.79     32.36     4  -999.0    2832     3   3   0   0    23.0237   -62.6223     9290    76.77     88.65      345.53
0024    11.8   712.0     11.43     84.5    2824   144    39.48    -22.98     32.10     4  -999.0    2824     3   3   0   0    23.0238   -62.6224     9266    76.59     88.43      345.38
0025    12.3   712.6     11.47     84.2    2817   144    39.46    -23.13     31.97     4  -999.0    2817     3   3   0   0    23.0239   -62.6225     9242    76.56     88.39      345.23
0026    12.8   713.3     11.50     83.9    2810   144    39.53    -23.23     31.98     4  -999.0    2809     3   3   0   0    23.0241   -62.6226     9217    76.68     88.54      345.11
0027    13.3   713.9     11.53     83.6    2802   144    39.66    -23.28     32.11     4  -999.0    2802     3   3   0   0    23.0242   -62.6228     9193    76.93     88.83      344.99
0028    13.8   714.5     11.56     83.4    2795   144    39.82    -23.27     32.31     4  -999.0    2795     3   3   0   0    23.0244   -62.6229     9169    77.25     89.19      344.89
0029    14.3   715.1     11.59     83.2    2788   145    39.96    -23.18     32.55     4  -999.0    2787     3   3   0   0    23.0245   -62.6230     9145    77.53     89.52      344.82
0030    14.8   715.8     11.63     83.0    2780   145    40.06    -23.04     32.76     4  -999.0    2780     3   3   0   0    23.0247   -62.6231     9121    77.71     89.73      344.76
0031    15.3   716.4     11.67     82.8    2773   145    40.06    -22.86     32.90     4  -999.0    2773     3   3   0   0    23.0248   -62.6232     9098    77.73     89.75      344.73
0032    15.8   717.0     11.72     82.7    2766   145    39.98    -22.66     32.93     4      .3    2766     0   0   0   0    23.0250   -62.6233     9075    77.55     89.55      344.73
0033    16.3   717.6     11.77     82.6    2759   146    39.80    -22.46     32.85     4      .5    2759     0   0   0   0    23.0251   -62.6234     9052    77.20     89.14      344.75
0034    16.8   718.2     11.83     82.4    2752   146    39.55    -22.30     32.66     4      .6    2752     0   0   0   0    23.0253   -62.6235     9030    76.72     88.58      344.78
0035    17.3   718.7     11.89     82.3    2746   146    39.26    -22.20     32.39     4      .7    2745     0   0   0   0    23.0254   -62.6236     9008    76.17     87.95      344.83
0036    17.8   719.3     11.96     82.2    2739   145    38.99    -22.15     32.08     4      .8    2739     0   0   0   0    23.0256   -62.6238     8986    75.63     87.33      344.88
0037    18.3   719.9     12.02     82.1    2732   145    38.75    -22.16     31.79     4      .9    2732     0   0   0   0    23.0257   -62.6239     8964    75.17     86.80      344.95
0038    18.8   720.4     12.08     82.0    2726   145    38.58    -22.19     31.56     4      .9    2726     0   0   0   0    23.0258   -62.6240     8942    74.84     86.41      345.02
0039    19.3   721.0     12.14     81.9    2719   145    38.47    -22.23     31.40     4      .9    2719     0   0   0   0    23.0260   -62.6241     8920    74.63     86.18      345.10
0040    19.8   721.6     12.20     81.9    2712   145    38.43    -22.25     31.33     4      .9    2712     0   0   0   0    23.0261   -62.6242     8898    74.55     86.07      345.20
0041    20.3   722.2     12.26     82.0    2706   145    38.41    -22.25     31.31     4      .9    2706     0   0   0   0    23.0263   -62.6243     8876    74.52     86.05      345.29
0042    20.8   722.7     12.32     82.0    2699   145    38.41    -22.23     31.32     4      .8    2699     0   0   0   0    23.0264   -62.6244     8854    74.51     86.03      345.39
0043    21.3   723.3     12.38     81.9    2692   145    38.37    -22.19     31.31     4      .8    2692     0   0   0   0    23.0266   -62.6245     8832    74.45     85.96      345.48
0044    21.8   723.9     12.44     81.9    2686   145    38.30    -22.14     31.25     4      .8    2685     0   0   0   0    23.0267   -62.6246     8811    74.30     85.80      345.55
0045    22.3   724.5     12.51     81.7    2679   145    38.19    -22.12     31.13     4      .8    2679     0   0   0   0    23.0268   -62.6247     8789    74.09     85.54      345.60
0046    22.8   725.0     12.57     81.5    2672   144    38.05    -22.12     30.96     4      .7    2672     0   0   0   0    23.0270   -62.6248     8767    73.83     85.24      345.62
0047    23.3   725.6     12.63     81.2    2666   144    37.93    -22.15     30.79     4      .7    2665     0   0   0   0    23.0271   -62.6249     8745    73.59     84.97      345.61
0048    23.8   726.2     12.70     80.8    2659   144    37.86    -22.21     30.66     4      .6    2659     0   0   0   0    23.0273   -62.6250     8722    73.44     84.80      345.56
0049    24.3   726.8     12.76     80.4    2652   144    37.86    -22.29     30.60     4      .6    2652     0   0   0   0    23.0274   -62.6251     8700    73.44     84.80      345.50
0050    24.8   727.4     12.83     79.9    2645   144    37.95    -22.38     30.65     4      .5    2645     0   0   0   0    23.0275   -62.6253     8677    73.62     85.00      345.43
0051    25.3   728.0     12.90     79.4    2638   144    38.11    -22.48     30.78     5      .6    2638     0   0   0   0    23.0277   -62.6254     8655    73.94     85.37      345.38
0052    25.8   728.6     12.97     79.0    2631   144    38.32    -22.59     30.96     5      .6    2631     0   0   0   0    23.0278   -62.6255     8632    74.34     85.84      345.34
0053    26.3   729.2     13.04     78.7    2625   144    38.53    -22.70     31.14     5      .7    2624     0   0   0   0    23.0279   -62.6256     8610    74.75     86.31      345.32
0054    26.8   729.7     13.10     78.5    2618   144    38.70    -22.81     31.26     5      .7    2618     0   0   0   0    23.0281   -62.6257     8588    75.08     86.69      345.34
0055    27.3   730.3     13.17     78.3    2611   144    38.79    -22.90     31.31     5      .7    2611     0   0   0   0    23.0282   -62.6258     8566    75.25     86.89      345.37
0056    27.8   730.9     13.23     78.1    2605   144    38.79    -22.96     31.27     5      .7    2604     0   0   0   0    23.0284   -62.6259     8544    75.26     86.89      345.41
0057    28.3   731.5     13.29     77.9    2598   144    38.71    -22.98     31.16     5      .7    2598     0   0   0   0    23.0285   -62.6260     8523    75.10     86.72      345.44
0058    28.8   732.0     13.36     77.7    2591   143    38.58    -22.95     31.01     5      .6    2591     0   0   0   0    23.0287   -62.6261     8501    74.85     86.43      345.43
0059    29.3   732.6     13.42     77.3    2585   143    38.44    -22.90     30.87     5      .4    2584     0   0   0   0    23.0288   -62.6263     8479    74.58     86.11      345.40
0060    29.8   733.2     13.49     76.9    2578   143    38.33    -22.86     30.77     5      .3    2577     0   0   0   0    23.0289   -62.6264     8456    74.36     85.86      345.35
0061    30.3   733.8     13.56     76.5    2571   143    38.28    -22.86     30.70     5      .1    2570     0   0   0   3    23.0291   -62.6265     8433    74.26     85.74      345.30
0062    30.8   734.5     13.63     76.1    2563   143    38.30    -22.93     30.67     5      .0    2563     0   0   0   0    23.0292   -62.6266     8410    74.30     85.79      345.28
0063    31.3   735.1     13.71     75.9    2556   143    38.39    -23.10     30.67     5      .0    2556     0   0   0   0    23.0293   -62.6267     8386    74.48     86.00      345.32
0064    31.8   735.7     13.77     75.9    2549   143    38.55    -23.36     30.67     5      .0    2549     0   0   0   0    23.0295   -62.6268     8362    74.79     86.35      345.42
0065    32.3   736.3     13.84     76.0    2542   142    38.74    -23.66     30.67     5      .0    2542     0   0   0   0    23.0296   -62.6269     8339    75.15     86.77      345.59
0066    32.8   736.9     13.89     76.4    2535   142    38.92    -23.96     30.67     5      .1    2535     0   0   0   0    23.0298   -62.6270     8316    75.50     87.18      345.79
0067    33.3   737.6     13.94     76.7    2528   142    39.06    -24.18     30.68     5      .2    2528     0   0   0   0    23.0299   -62.6272     8293    75.78     87.50      346.00
0068    33.8   738.2     13.99     77.0    2521   142    39.13    -24.26     30.70     5      .3    2521     0   0   0   0    23.0300   -62.6273     8270    75.91     87.65      346.19
0069    34.3   738.7     14.03     77.2    2514   142    39.10    -24.17     30.74     5      .3    2514     0   0   0   0    23.0302   -62.6274     8248    75.86     87.59      346.31
0070    34.8   739.3     14.08     77.2    2507   142    38.98    -23.91     30.79     5      .2    2507     0   0   0   0    23.0303   -62.6275     8226    75.63     87.33      346.36
0071    35.3   739.9     14.13     77.1    2501   143    38.79    -23.51     30.85     6      .2    2500     0   0   0   0    23.0305   -62.6276     8203    75.25     86.89      346.35
0072    35.8   740.5     14.18     76.8    2494   143    38.55    -23.06     30.90     6      .1    2493     0   0   0   0    23.0306   -62.6277     8180    74.79     86.36      346.30
0073    36.3   741.2     14.24     76.4    2487   144    38.32    -22.64     30.92     6     -.1    2486     0   0   0   0    23.0307   -62.6279     8157    74.34     85.84      346.23
0074    36.8   741.8     14.30     76.1    2479   144    38.13    -22.34     30.90     6     -.2    2479     0   0   0   0    23.0309   -62.6280     8134    73.97     85.40      346.18
0075    37.3   742.4     14.37     75.8    2472   144    38.00    -22.21     30.83     6     -.2    2472     0   0   0   0    23.0310   -62.6281     8110    73.72     85.12      346.17
0076    37.8   743.1     14.43     75.6    2465   144    37.96    -22.28     30.73     6     -.3    2465     0   0   0   0    23.0312   -62.6282     8086    73.64     85.02      346.19
0077    38.3   743.7     14.50     75.5    2458   144    37.99    -22.51     30.60     6     -.3    2457     0   0   0   0    23.0313   -62.6283     8062    73.70     85.10      346.24
0078    38.8   744.3     14.57     75.4    2450   143    38.08    -22.86     30.46     6     -.3    2450     0   0   0   0    23.0314   -62.6284     8039    73.88     85.31      346.31
0079    39.3   745.0     14.63     75.3    2443   143    38.21    -23.24     30.33     6     -.3    2443     0   0   0   0    23.0316   -62.6285     8015    74.13     85.59      346.38
0080    39.8   745.6     14.70     75.2    2436   142    38.34    -23.58     30.24     6     -.3    2436     0   0   0   0    23.0317   -62.6286     7992    74.39     85.89      346.44
0081    40.3   746.2     14.77     75.0    2429   142    38.47    -23.82     30.21     6     -.3    2429     0   0   0   0    23.0318   -62.6287     7969    74.63     86.17      346.50
0082    40.8   746.8     14.83     74.9    2422   142    38.58    -23.93     30.26     6     -.3    2422     0   0   0   0    23.0320   -62.6289     7946    74.84     86.41      346.54
0083    41.3   747.5     14.89     74.8    2415   142    38.68    -23.93     30.39     6     -.4    2415     0   0   0   0    23.0321   -62.6290     7922    75.05     86.65      346.58
0084    41.8   748.1     14.95     74.7    2408   142    38.80    -23.84     30.62     6     -.5    2407     0   0   0   0    23.0323   -62.6291     7898    75.28     86.92      346.62
0085    42.3   748.7     15.00     74.6    2400   142    38.96    -23.72     30.91     6     -.6    2400     0   0   0   0    23.0324   -62.6292     7874    75.58     87.26      346.65
0086    42.8   749.4     15.06     74.5    2393   143    39.14    -23.59     31.23     6     -.6    2393     0   0   0   0    23.0325   -62.6293     7850    75.93     87.68      346.66
0087    43.3   750.0     15.11     74.3    2386   143    39.35    -23.50     31.56     6     -.6    2385     0   0   0   0    23.0327   -62.6294     7826    76.33     88.14      346.67
0088    43.8   750.7     15.17     74.2    2378   144    39.55    -23.46     31.84     6     -.6    2378     0   0   0   0    23.0328   -62.6296     7801    76.73     88.60      346.66
0089    44.3   751.4     15.22     74.0    2371   144    39.73    -23.47     32.05     6     -.6    2371     0   0   0   0    23.0330   -62.6297     7777    77.07     88.99      346.65
0090    44.8   752.0     15.28     73.8    2363   144    39.86    -23.52     32.18     6     -.6    2363     0   0   0   0    23.0331   -62.6298     7753    77.32     89.28      346.65
0091    45.3   752.6     15.34     73.7    2356   144    39.93    -23.60     32.21     6     -.5    2356     0   0   0   0    23.0333   -62.6299     7730    77.46     89.44      346.67
0092    45.8   753.3     15.39     73.6    2349   144    39.96    -23.69     32.17     6     -.5    2349     0   0   0   0    23.0334   -62.6300     7706    77.52     89.50      346.72
0093    46.3   753.9     15.44     73.7    2342   143    39.96    -23.81     32.09     6     -.4    2342     0   0   0   0    23.0335   -62.6301     7682    77.53     89.52      346.80
0094    46.8   754.5     15.48     73.8    2335   143    39.97    -23.96     32.00     6     -.4    2334     0   0   0   0    23.0337   -62.6302     7659    77.55     89.54      346.89
0095    47.3   755.2     15.52     74.0    2327   143    40.01    -24.14     31.91     6     -.4    2327     0   0   0   0    23.0338   -62.6304     7635    77.62     89.63      346.97
0096    47.8   755.8     15.55     74.1    2320   143    40.09    -24.36     31.84     6     -.4    2320     0   0   0   0    23.0340   -62.6305     7612    77.78     89.81      347.01
0097    48.3   756.5     15.57     74.2    2313   142    40.21    -24.61     31.80     6     -.4    2313     0   0   0   0    23.0341   -62.6306     7588    78.01     90.07      347.01
0098    48.8   757.1     15.59     74.1    2306   142    40.35    -24.87     31.78     6     -.4    2306     0   0   0   0    23.0343   -62.6307     7564    78.28     90.39      346.94
0099    49.3   757.8     15.62     73.9    2299   142    40.49    -25.10     31.77     6     -.5    2298     0   0   0   0    23.0344   -62.6308     7541    78.55     90.70      346.82
0100    49.8   758.4     15.65     73.5    2291   142    40.60    -25.27     31.78     6     -.5    2291     0   0   0   0    23.0346   -62.6310     7517    78.77     90.95      346.66
0101    50.3   759.0     15.69     73.2    2284   141    40.66    -25.36     31.78     6     -.5    2284     0   0   0   0    23.0347   -62.6311     7493    78.88     91.08      346.50
0102    50.8   759.7     15.72     72.9    2277   141    40.66    -25.36     31.78     6     -.5    2277     0   0   0   0    23.0348   -62.6312     7470    78.87     91.07      346.38
0103    51.3   760.3     15.76     72.8    2270   141    40.59    -25.29     31.75     6     -.6    2270     0   0   0   0    23.0350   -62.6313     7446    78.75     90.92      346.33
0104    51.8   761.0     15.78     73.0    2263   141    40.48    -25.21     31.68     6     -.6    2262     0   0   0   0    23.0351   -62.6315     7422    78.53     90.68      346.37
0105    52.3   761.6     15.79     73.5    2255   141    40.36    -25.17     31.55     6     -.7    2255     0   0   0   0    23.0353   -62.6316     7398    78.30     90.41      346.51
0106    52.8   762.3     15.78     74.3    2248   141    40.27    -25.25     31.37     6     -.8    2248     0   0   0   0    23.0354   -62.6317     7374    78.13     90.21      346.75
0107    53.3   762.9     15.75     75.5    2240   141    40.25    -25.50     31.15     6     -.9    2240     0   0   0   0    23.0355   -62.6318     7350    78.09     90.17      347.07
0108    53.8   763.6     15.70     76.9    2233   140    40.34    -25.92     30.91     6    -1.0    2233     0   0   0   0    23.0357   -62.6319     7326    78.26     90.36      347.42
0109    54.3   764.3     15.62     78.6    2226   139    40.54    -26.50     30.68     6    -1.1    2225     0   0   0   0    23.0358   -62.6321     7301    78.66     90.82      347.78
0110    54.8   764.9     15.53     80.2    2218   138    40.86    -27.17     30.51     6    -1.2    2218     0   0   0   0    23.0360   -62.6322     7277    79.26     91.52      348.09
0111    55.3   765.6     15.42     81.9    2211   138    41.23    -27.84     30.41     6    -1.3    2210     0   0   0   0    23.0361   -62.6323     7252    79.99     92.36      348.32
0112    55.8   766.3     15.31     83.4    2203   137    41.61    -28.44     30.38     6    -1.4    2203     0   0   0   0    23.0362   -62.6325     7227    80.72     93.20      348.46
0113    56.3   767.0     15.20     84.7    2195   136    41.92    -28.88     30.39     6    -1.5    2195     0   0   0   0    23.0364   -62.6326     7202    81.33     93.91      348.49
0114    56.8   767.7     15.10     85.7    2188   136    42.12    -29.14     30.42     6    -1.5    2187     0   0   0   0    23.0365   -62.6328     7176    81.72     94.35      348.43
0115    57.3   768.4     15.01     86.4    2180   136    42.17    -29.23     30.40     6    -1.6    2180     0   0   0   0    23.0367   -62.6329     7151    81.81     94.46      348.31
0116    57.8   769.1     14.95     86.9    2172   136    42.07    -29.18     30.31     6    -1.5    2172     0   0   0   0    23.0368   -62.6330     7125    81.62     94.24      348.15
0117    58.3   769.8     14.90     87.2    2164   136    41.85    -29.04     30.14     6    -1.4    2164     0   0   0   0    23.0369   -62.6332     7100    81.19     93.75      347.98
0118    58.8   770.5     14.87     87.4    2157   136    41.55    -28.86     29.90     6    -1.3    2156     0   0   0   0    23.0371   -62.6333     7074    80.61     93.07      347.83
0119    59.3   771.2     14.86     87.5    2149   136    41.22    -28.67     29.61     6    -1.1    2149     0   0   0   0    23.0372   -62.6335     7050    79.96     92.33      347.72
0120    59.8   771.9     14.86     87.7    2142   136    40.90    -28.51     29.33     6    -1.0    2141     0   0   0   0    23.0373   -62.6336     7026    79.35     91.62      347.66
0121    60.3   772.5     14.86     87.9    2134   136    40.64    -28.37     29.10     6     -.9    2134     0   0   0   0    23.0375   -62.6337     7002    78.84     91.04      347.65
0122    60.8   773.2     14.86     88.2    2127   136    40.45    -28.27     28.94     6     -.9    2127     0   0   0   3    23.0376   -62.6339     6978    78.48     90.61      347.67
0123    61.3   773.8     14.86     88.6    2120   136    40.34    -28.20     28.85     6     -.9    2120     0   0   0   0    23.0377   -62.6340     6954    78.26     90.36      347.72
0124    61.8   774.5     14.87     89.0    2113   136    40.30    -28.17     28.82     6     -.8    2112     0   0   0   0    23.0378   -62.6342     6930    78.19     90.28      347.78
0125    62.3   775.2     14.87     89.4    2105   136    40.33    -28.19     28.83     6     -.8    2105     0   0   0   0    23.0380   -62.6343     6906    78.23     90.33      347.85
0126    62.8   775.9     14.88     89.8    2098   136    40.40    -28.27     28.86     6     -.8    2098     0   0   0   3    23.0381   -62.6344     6882    78.38     90.50      347.91
0127    63.3   776.5     14.89     90.1    2090   135    40.51    -28.40     28.88     6     -.8    2090     0   0   0   0    23.0382   -62.6346     6858    78.59     90.74      347.97
0128    63.8   777.2     14.90     90.4    2083   135    40.64    -28.57     28.90     6     -.7    2083     0   0   0   0    23.0384   -62.6347     6833    78.84     91.03      348.02
0129    64.3   777.9     14.92     90.7    2076   135    40.78    -28.73     28.93     6     -.6    2076     0   0   0   0    23.0385   -62.6349     6810    79.11     91.34      348.08
0130    64.8   778.5     14.95     90.9    2069   135    40.90    -28.86     28.99     6     -.4    2068     0   0   0   0    23.0386   -62.6350     6786    79.35     91.63      348.14
0131    65.3   779.2     14.97     91.0    2062   135    41.01    -28.92     29.07     6     -.3    2061     0   0   0   0    23.0388   -62.6351     6763    79.55     91.85      348.20
0132    65.8   779.8     15.00     91.2    2055   135    41.06    -28.90     29.17     6     -.3    2055     0   0   0   0    23.0389   -62.6353     6741    79.66     91.98      348.26
0133    66.3   780.4     15.03     91.4    2048   135    41.07    -28.81     29.27     6     -.3    2048     0   0   0   0    23.0390   -62.6354     6718    79.67     91.99      348.33
0134    66.8   781.1     15.06     91.6    2041   136    41.01    -28.67     29.33     6     -.3    2041     0   0   0   0    23.0392   -62.6356     6696    79.57     91.87      348.40
0135    67.3   781.7     15.08     91.8    2034   136    40.90    -28.53     29.31     6     -.4    2034     0   0   0   0    23.0393   -62.6357     6673    79.36     91.63      348.46
0136    67.8   782.4     15.11     91.9    2027   136    40.76    -28.43     29.20     6     -.6    2027     0   0   0   0    23.0394   -62.6358     6649    79.07     91.30      348.51
0137    68.3   783.0     15.14     92.1    2020   136    40.59    -28.41     28.99     6     -.7    2020     0   0   0   0    23.0395   -62.6360     6626    78.75     90.93      348.55
0138    68.8   783.7     15.16     92.2    2012   135    40.45    -28.49     28.71     6     -.9    2012     0   0   0   0    23.0397   -62.6361     6602    78.47     90.61      348.59
0139    69.3   784.4     15.19     92.3    2005   135    40.36    -28.68     28.40     6    -1.0    2005     0   0   0   0    23.0398   -62.6362     6577    78.29     90.40      348.61
0140    69.8   785.1     15.21     92.4    1998   134    40.35    -28.95     28.10     6    -1.0    1997     0   0   0   0    23.0399   -62.6364     6553    78.27     90.37      348.64
0141    70.3   785.7     15.24     92.6    1990   134    40.42    -29.29     27.86     6    -1.0    1990     0   0   0   0    23.0401   -62.6365     6529    78.42     90.55      348.66
0142    70.8   786.4     15.27     92.7    1983   133    40.58    -29.66     27.70     6    -1.0    1983     0   0   0   0    23.0402   -62.6367     6504    78.73     90.91      348.70
0143    71.3   787.1     15.30     92.9    1975   133    40.79    -30.04     27.60     6    -1.0    1975     0   0   0   3    23.0403   -62.6368     6480    79.13     91.37      348.76
0144    71.8   787.8     15.33     93.1    1968   132    40.99    -30.38     27.53     6     -.9    1968     0   0   0   0    23.0404   -62.6370     6456    79.53     91.83      348.86
0145    72.3   788.5     15.37     93.3    1961   132    41.15    -30.67     27.43     6     -.8    1961     0   0   0   0    23.0406   -62.6371     6432    79.82     92.17      348.99
0146    72.8   789.1     15.41     93.6    1954   131    41.20    -30.89     27.26     6     -.8    1953     0   0   0   0    23.0407   -62.6373     6409    79.93     92.29      349.16
0147    73.3   789.8     15.46     94.0    1946   131    41.13    -31.04     26.99     6     -.7    1946     0   0   0   0    23.0408   -62.6374     6385    79.80     92.14      349.37
0148    73.8   790.5     15.51     94.3    1939   131    40.95    -31.12     26.62     6     -.7    1939     0   0   0   0    23.0409   -62.6376     6362    79.45     91.73      349.61
0149    74.3   791.1     15.56     94.7    1932   130    40.69    -31.14     26.18     6     -.7    1932     0   0   0   0    23.0410   -62.6377     6338    78.94     91.14      349.85
0150    74.8   791.8     15.61     95.1    1925   130    40.39    -31.14     25.73     6     -.7    1925     0   0   0   0    23.0412   -62.6379     6315    78.37     90.48      350.09
0151    75.3   792.4     15.66     95.3    1918   129    40.13    -31.12     25.34     6     -.7    1918     0   0   0   0    23.0413   -62.6380     6291    77.85     89.89      350.29
0152    75.8   793.1     15.71     95.5    1911   129    39.94    -31.10     25.05     6     -.7    1910     0   0   0   0    23.0414   -62.6382     6268    77.48     89.46      350.45
0153    76.3   793.8     15.76     95.7    1903   129    39.86    -31.10     24.92     6     -.7    1903     0   0   0   0    23.0415   -62.6383     6244    77.32     89.28      350.56
0154    76.8   794.5     15.79     95.7    1896   129    39.88    -31.12     24.94     6     -.7    1896     0   0   0   3    23.0416   -62.6385     6221    77.37     89.34      350.61
0155    77.3   795.1     15.82     95.8    1889   129    40.00    -31.15     25.09     6     -.7    1889     0   0   0   0    23.0417   -62.6386     6197    77.60     89.60      350.61
0156    77.8   795.8     15.84     95.8    1882   129    40.17    -31.18     25.32     6     -.7    1882     0   0   0   0    23.0418   -62.6388     6174    77.93     89.98      350.57
0157    78.3   796.5     15.86     95.8    1875   129    40.35    -31.20     25.58     6     -.7    1875     0   0   0   0    23.0420   -62.6390     6150    78.27     90.38      350.51
0158    78.8   797.1     15.87     95.8    1868   130    40.50    -31.21     25.82     6     -.7    1867     0   0   0   0    23.0421   -62.6391     6127    78.57     90.72      350.43
0159    79.3   797.8     15.87     95.8    1861   130    40.61    -31.20     26.00     6     -.8    1860     0   0   0   0    23.0422   -62.6393     6103    78.78     90.97      350.35
0160    79.8   798.5     15.88     95.9    1853   130    40.68    -31.19     26.11     6     -.8    1853     0   0   0   0    23.0423   -62.6394     6080    78.91     91.11      350.28
0161    80.3   799.1     15.89     96.0    1846   130    40.71    -31.19     26.17     6     -.9    1846     0   0   0   0    23.0424   -62.6396     6056    78.98     91.19      350.23
0162    80.8   799.8     15.90     96.0    1839   130    40.75    -31.20     26.21     6    -1.0    1839     0   0   0   3    23.0425   -62.6397     6032    79.05     91.27      350.19
0163    81.3   800.5     15.92     96.1    1832   130    40.80    -31.23     26.26     6    -1.0    1831     0   0   0   0    23.0427   -62.6399     6008    79.15     91.39      350.17
0164    81.8   801.2     15.95     96.1    1824   130    40.89    -31.27     26.35     6    -1.1    1824     0   0   0   0    23.0428   -62.6400     5984    79.32     91.59      350.15
0165    82.3   801.9     15.97     96.1    1817   130    41.01    -31.30     26.50     6    -1.1    1817     0   0   0   0    23.0429   -62.6402     5960    79.57     91.87      350.13
0166    82.8   802.6     16.00     96.1    1809   130    41.17    -31.32     26.72     6    -1.1    1809     0   0   0   0    23.0430   -62.6403     5936    79.87     92.22      350.11
0167    83.3   803.3     16.04     96.0    1802   131    41.34    -31.33     26.97     6    -1.1    1802     0   0   0   3    23.0431   -62.6405     5912    80.19     92.60      350.07
0168    83.8   804.0     16.07     95.9    1795   131    41.50    -31.32     27.22     6    -1.2    1795     0   0   0   0    23.0433   -62.6406     5888    80.51     92.96      350.03
0169    84.3   804.7     16.10     95.8    1787   131    41.63    -31.32     27.43     6    -1.2    1787     0   0   0   0    23.0434   -62.6408     5864    80.77     93.26      350.00
0170    84.8   805.3     16.13     95.8    1780   131    41.73    -31.32     27.57     6    -1.2    1780     0   0   0   0    23.0435   -62.6409     5839    80.95     93.47      349.98
0171    85.3   806.0     16.16     95.8    1773   131    41.77    -31.35     27.61     7    -1.2    1772     0   0   0   0    23.0436   -62.6411     5815    81.04     93.57      349.98
0172    85.8   806.7     16.20     95.8    1765   131    41.77    -31.39     27.56     7    -1.3    1765     0   0   0   0    23.0438   -62.6412     5791    81.04     93.57      350.01
0173    86.3   807.4     16.23     95.9    1758   131    41.73    -31.44     27.44     7    -1.3    1758     0   0   0   0    23.0439   -62.6414     5766    80.96     93.48      350.05
0174    86.8   808.2     16.26     96.0    1750   131    41.67    -31.48     27.30     7    -1.2    1750     0   0   0   0    23.0440   -62.6415     5742    80.83     93.33      350.10
0175    87.3   808.9     16.29     96.1    1743   131    41.59    -31.49     27.17     7    -1.2    1743     0   0   0   0    23.0441   -62.6417     5718    80.69     93.17      350.15
0176    87.8   809.6     16.32     96.2    1736   131    41.53    -31.48     27.09     7    -1.2    1735     0   0   0   0    23.0443   -62.6418     5693    80.57     93.02      350.19
0177    88.3   810.2     16.36     96.2    1728   131    41.49    -31.44     27.08     7    -1.1    1728     0   0   0   0    23.0444   -62.6420     5669    80.49     92.94      350.20
0178    88.8   810.9     16.38     96.2    1721   131    41.49    -31.39     27.14     7    -1.1    1721     0   0   0   0    23.0445   -62.6422     5646    80.50     92.95      350.20
0179    89.3   811.6     16.41     96.2    1714   131    41.54    -31.36     27.23     7    -1.1    1714     0   0   0   0    23.0446   -62.6423     5622    80.58     93.04      350.17
0180    89.8   812.3     16.43     96.2    1707   131    41.62    -31.38     27.33     7    -1.2    1706     0   0   0   0    23.0447   -62.6425     5598    80.74     93.22      350.13
0181    90.3   813.0     16.46     96.2    1699   131    41.72    -31.46     27.40     7    -1.2    1699     0   0   0   0    23.0449   -62.6426     5574    80.93     93.45      350.09
0182    90.8   813.7     16.48     96.2    1692   131    41.83    -31.59     27.42     7    -1.2    1692     0   0   0   0    23.0450   -62.6428     5550    81.14     93.69      350.05
0183    91.3   814.4     16.50     96.2    1684   131    41.93    -31.76     27.37     7    -1.3    1684     0   0   0   0    23.0451   -62.6429     5525    81.34     93.91      350.02
0184    91.8   815.1     16.52     96.3    1677   131    42.01    -31.94     27.28     7    -1.3    1677     0   0   0   0    23.0452   -62.6431     5501    81.49     94.09      350.00
0185    92.3   815.8     16.54     96.3    1670   130    42.06    -32.11     27.18     7    -1.3    1669     0   0   0   0    23.0454   -62.6432     5477    81.60     94.22      349.98
0186    92.8   816.5     16.57     96.3    1662   130    42.10    -32.24     27.08     7    -1.3    1662     0   0   0   0    23.0455   -62.6434     5452    81.67     94.30      349.95
0187    93.3   817.2     16.60     96.2    1655   130    42.13    -32.33     27.01     7    -1.3    1654     0   0   0   0    23.0456   -62.6435     5428    81.73     94.36      349.91
0188    93.8   818.0     16.64     96.0    1647   130    42.15    -32.39     26.98     7    -1.2    1647     0   0   0   0    23.0457   -62.6437     5404    81.78     94.42      349.86
0189    94.3   818.6     16.68     95.8    1640   130    42.18    -32.43     26.98     7    -1.2    1640     0   0   0   0    23.0458   -62.6439     5380    81.84     94.49      349.80
0190    94.8   819.3     16.72     95.6    1633   130    42.23    -32.46     27.00     7    -1.2    1633     0   0   0   0    23.0460   -62.6440     5356    81.92     94.59      349.73
0191    95.3   820.0     16.76     95.4    1625   130    42.27    -32.51     27.01     7    -1.2    1625     0   0   0   0    23.0461   -62.6442     5332    82.01     94.69      349.67
0192    95.8   820.7     16.80     95.2    1618   130    42.31    -32.57     27.01     7    -1.2    1618     0   0   0   0    23.0462   -62.6443     5308    82.09     94.78      349.63
0193    96.3   821.4     16.84     95.1    1611   130    42.34    -32.64     26.97     7    -1.2    1611     0   0   0   3    23.0463   -62.6445     5284    82.14     94.84      349.61
0194    96.8   822.1     16.87     95.0    1604   129    42.35    -32.69     26.92     7    -1.3    1603     0   0   0   0    23.0465   -62.6447     5260    82.15     94.86      349.60
0195    97.3   822.9     16.91     95.0    1596   129    42.33    -32.72     26.86     7    -1.3    1596     0   0   0   0    23.0466   -62.6448     5236    82.12     94.82      349.60
0196    97.8   823.6     16.94     95.0    1589   129    42.30    -32.71     26.81     7    -1.4    1588     0   0   0   0    23.0467   -62.6450     5212    82.06     94.75      349.59
0197    98.3   824.3     16.97     94.9    1581   129    42.26    -32.68     26.79     7    -1.4    1581     0   0   0   3    23.0468   -62.6451     5187    81.99     94.67      349.57
0198    98.8   825.0     17.01     94.8    1574   129    42.24    -32.65     26.80     7    -1.5    1574     0   0   0   0    23.0469   -62.6453     5163    81.95     94.63      349.54
0199    99.3   825.7     17.04     94.7    1566   129    42.26    -32.64     26.84     7    -1.5    1566     0   0   0   0    23.0471   -62.6455     5138    81.99     94.67      349.49
0200    99.8   826.4     17.07     94.6    1559   129    42.33    -32.67     26.91     7    -1.5    1559     0   0   0   3    23.0472   -62.6456     5114    82.11     94.81      349.43
0201   100.3   827.2     17.10     94.5    1551   129    42.44    -32.76     26.98     7    -1.5    1551     0   0   0   3    23.0473   -62.6458     5089    82.33     95.07      349.38
0202   100.8   827.9     17.13     94.5    1544   129    42.60    -32.89     27.07     7    -1.5    1544     0   0   0   0    23.0474   -62.6459     5065    82.64     95.42      349.35
0203   101.3   828.6     17.15     94.6    1536   129    42.78    -33.06     27.15     7    -1.5    1536     0   0   0   0    23.0476   -62.6461     5040    82.99     95.82      349.36
0204   101.8   829.3     17.18     94.7    1529   129    42.96    -33.22     27.24     7    -1.5    1529     0   0   0   0    23.0477   -62.6463     5016    83.35     96.24      349.40
0205   102.3   830.0     17.20     94.9    1522   129    43.13    -33.36     27.33     7    -1.5    1521     0   0   0   0    23.0478   -62.6464     4991    83.67     96.61      349.47
0206   102.8   830.8     17.22     95.2    1514   129    43.26    -33.45     27.43     7    -1.5    1514     0   0   0   0    23.0479   -62.6466     4967    83.92     96.90      349.55
0207   103.3   831.5     17.24     95.5    1507   129    43.35    -33.48     27.53     7    -1.5    1507     0   0   0   0    23.0480   -62.6468     4943    84.10     97.10      349.63
0208   103.8   832.2     17.25     95.8    1499   130    43.40    -33.47     27.63     7    -1.4    1499     0   0   0   0    23.0482   -62.6469     4918    84.20     97.22      349.69
0209   104.3   832.9     17.26     96.1    1492   130    43.43    -33.43     27.72     7    -1.4    1492     0   0   0   0    23.0483   -62.6471     4894    84.25     97.28      349.71
0210   104.8   833.6     17.27     96.3    1485   130    43.44    -33.41     27.78     7    -1.4    1484     0   0   0   0    23.0484   -62.6472     4870    84.28     97.32      349.70
0211   105.3   834.4     17.27     96.4    1477   130    43.46    -33.41     27.80     7    -1.4    1477     0   0   0   3    23.0485   -62.6474     4846    84.32     97.36      349.67
0212   105.8   835.1     17.28     96.5    1470   130    43.49    -33.46     27.78     7    -1.5    1470     0   0   0   0    23.0487   -62.6476     4821    84.37     97.42      349.62
0213   106.3   835.8     17.29     96.6    1462   130    43.53    -33.56     27.72     7    -1.5    1462     0   0   0   3    23.0488   -62.6477     4797    84.44     97.50      349.57
0214   106.8   836.5     17.31     96.6    1455   129    43.57    -33.69     27.62     7    -1.5    1455     0   0   0   0    23.0489   -62.6479     4773    84.52     97.59      349.54
0215   107.3   837.2     17.33     96.7    1448   129    43.60    -33.83     27.50     7    -1.5    1447     0   0   0   0    23.0490   -62.6481     4749    84.59     97.67      349.54
0216   107.8   838.0     17.36     96.8    1440   129    43.62    -33.96     27.38     7    -1.5    1440     0   0   0   0    23.0492   -62.6482     4724    84.63     97.71      349.58
0217   108.3   838.7     17.40     96.9    1433   129    43.62    -34.05     27.27     7    -1.5    1433     0   0   0   0    23.0493   -62.6484     4700    84.63     97.71      349.63
0218   108.8   839.4     17.43     97.0    1425   129    43.60    -34.10     27.18     7    -1.4    1425     0   0   0   0    23.0494   -62.6486     4676    84.59     97.67      349.71
0219   109.3   840.1     17.47     97.1    1418   128    43.58    -34.11     27.12     7    -1.4    1418     0   0   0   0    23.0495   -62.6487     4652    84.54     97.61      349.78
0220   109.8   840.9     17.51     97.2    1411   128    43.55    -34.11     27.08     7    -1.4    1410     0   0   0   0    23.0497   -62.6489     4627    84.50     97.56      349.85
0221   110.3   841.6     17.54     97.3    1403   128    43.56    -34.12     27.07     7    -1.4    1403     0   0   0   0    23.0498   -62.6491     4603    84.50     97.57      349.90
0222   110.8   842.3     17.58     97.3    1396   128    43.59    -34.16     27.08     7    -1.4    1396     0   0   0   0    23.0499   -62.6492     4579    84.56     97.64      349.94
0223   111.3   843.0     17.61     97.4    1389   128    43.66    -34.22     27.11     7    -1.4    1388     0   0   0   0    23.0500   -62.6494     4555    84.69     97.79      349.97
0224   111.8   843.7     17.64     97.4    1381   128    43.74    -34.29     27.15     7    -1.4    1381     0   0   0   0    23.0501   -62.6496     4531    84.86     97.98      350.00
0225   112.3   844.4     17.68     97.5    1374   128    43.82    -34.36     27.20     7    -1.4    1374     0   0   0   0    23.0503   -62.6497     4507    85.01     98.15      350.03
0226   112.8   845.2     17.72     97.5    1367   128    43.86    -34.38     27.23     7    -1.5    1366     0   0   0   0    23.0504   -62.6499     4483    85.09     98.25      350.07
0227   113.3   845.9     17.76     97.5    1359   128    43.85    -34.35     27.25     7    -1.5    1359     0   0   0   0    23.0505   -62.6501     4459    85.07     98.23      350.11
0228   113.8   846.6     17.80     97.5    1352   129    43.77    -34.26     27.25     7    -1.5    1352     0   0   0   0    23.0506   -62.6502     4435    84.92     98.05      350.16
0229   114.3   847.4     17.85     97.4    1344   129    43.64    -34.11     27.22     7    -1.5    1344     0   0   0   0    23.0508   -62.6504     4410    84.67     97.76      350.19
0230   114.8   848.1     17.89     97.3    1337   129    43.49    -33.96     27.16     7    -1.4    1337     0   0   0   0    23.0509   -62.6506     4386    84.37     97.41      350.22
0231   115.3   848.8     17.94     97.2    1330   129    43.34    -33.83     27.08     7    -1.4    1329     3   3   3   0    23.0510   -62.6507     4362    84.08     97.08      350.22
0232   115.8   849.5     17.98     97.1    1322   129    43.24    -33.77     26.99     7    -1.3    1322     0   0   0   0    23.0511   -62.6509     4338    83.88     96.85      350.22
0233   116.3   850.2     18.01     97.1    1315   129    43.20    -33.79     26.92     7    -1.2    1315     0   0   0   0    23.0513   -62.6511     4314    83.81     96.77      350.22
0234   116.8   851.0     18.04     97.2    1308   128    43.24    -33.86     26.88     7    -1.2    1308     0   0   0   0    23.0514   -62.6512     4291    83.88     96.85      350.25
0235   117.3   851.7     18.07     97.3    1301   128    43.33    -33.96     26.91     7    -1.1    1301     0   0   0   0    23.0515   -62.6514     4267    84.06     97.06      350.34
0236   117.8   852.4     18.11     97.7    1294   128    43.45    -34.04     27.01     7    -1.0    1294     0   0   0   0    23.0516   -62.6516     4244    84.30     97.33      350.50
0237   118.3   853.1     18.15     98.1    1287   129    43.57    -34.05     27.19     7     -.9    1286     0   0   0   0    23.0517   -62.6517     4221    84.53     97.60      350.75
0238   118.8   853.8     18.20     98.6    1280   129    43.66    -33.98     27.42     7     -.8    1279     0   0   0   0    23.0519   -62.6519     4197    84.70     97.80      351.08
0239   119.3   854.5     18.26     99.1    1273   129    43.71    -33.84     27.66     8     -.7    1272     0   0   0   0    23.0520   -62.6521     4174    84.80     97.91      351.46
0240   119.8   855.2     18.34     99.5    1266   130    43.72    -33.70     27.85     8     -.5    1265     0   0   0   0    23.0521   -62.6522     4151    84.81     97.93      351.88
0241   120.3   855.9     18.42     99.9    1259   130    43.69    -33.60     27.94     8     -.3    1258     0   0   0   3    23.0522   -62.6524     4129    84.77     97.88      352.29
0242   120.8   856.5     18.51    100.0    1252   130    43.65    -33.60     27.86     8     -.1    1252     0   0   0   0    23.0524   -62.6526     4107    84.68     97.77      352.61
0243   121.3   857.2     18.60    100.0    1245   129    43.60    -33.75     27.59     8      .1    1245     0   0   0   0    23.0525   -62.6527     4085    84.58     97.65      352.86
0244   121.8   857.8     18.67    100.0    1239   129    43.55    -34.04     27.16     8      .3    1239     0   0   0   0    23.0526   -62.6529     4064    84.48     97.55      353.07
0245   122.3   858.4     18.73    100.0    1233   128    43.52    -34.44     26.61     8      .4    1232     0   0   0   0    23.0527   -62.6531     4043    84.44     97.49      353.23
0246   122.8   859.1     18.78    100.0    1226   127    43.54    -34.90     26.03     8      .4    1226     0   0   0   0    23.0529   -62.6532     4023    84.46     97.53      353.33
0247   123.3   859.7     18.81     99.9    1220   126    43.61    -35.34     25.54     8      .4    1220     0   0   0   0    23.0530   -62.6534     4002    84.59     97.68      353.34
0248   123.8   860.3     18.84     99.9    1214   125    43.73    -35.72     25.23     8      .3    1214     0   0   0   0    23.0531   -62.6536     3981    84.84     97.96      353.31
0249   124.3   861.0     18.85     99.9    1207   125    43.92    -36.02     25.14     8      .2    1207     0   0   0   0    23.0532   -62.6537     3960    85.21     98.39      353.27
0250   124.8   861.6     18.87    100.0    1201   125    44.16    -36.23     25.26     8      .0    1201     0   0   0   0    23.0533   -62.6539     3939    85.68     98.93      353.22
0251   125.3   862.3     18.88    100.0    1194   125    44.43    -36.37     25.53     8     -.1    1194     0   0   0   0    23.0534   -62.6541     3917    86.20     99.53      353.17
0252   125.8   862.9     18.89    100.0    1187   125    44.69    -36.47     25.83     8     -.3    1187     0   0   0   3    23.0535   -62.6543     3895    86.69    100.09      353.10
0253   126.3   863.6     18.90    100.0    1181   125    44.85    -36.55     25.99     8     -.5    1180     0   0   0   0    23.0537   -62.6545     3873    87.01    100.46      353.03
0254   126.8   864.3     18.91    100.0    1174   125    44.86    -36.64     25.88     8     -.7    1174     0   0   0   0    23.0538   -62.6546     3850    87.02    100.48      352.96
0255   127.3   865.0     18.93    100.0    1167   125    44.65    -36.73     25.40     8     -.9    1167     0   0   0   0    23.0539   -62.6548     3828    86.63    100.03      352.91
0256   127.8   865.7     18.95    100.0    1160   124    44.24    -36.81     24.55     8    -1.1    1160     0   0   0   0    23.0540   -62.6550     3805    85.83     99.10      352.86
0257   128.3   866.4     18.97    100.0    1153   122    43.67    -36.87     23.39     8    -1.4    1153     0   0   0   0    23.0541   -62.6552     3781    84.71     97.82      352.83
0258   128.8   867.1     19.00    100.0    1145   121    43.04    -36.94     22.08     8    -1.7    1145     0   0   0   0    23.0542   -62.6554     3757    83.49     96.40      352.82
0259   129.3   867.9     19.03    100.0    1138   119    42.48    -37.03     20.80     8    -1.9    1138     0   0   0   0    23.0543   -62.6555     3733    82.40     95.14      352.81
0260   129.8   868.7     19.06    100.0    1130   118    42.10    -37.19     19.73     8    -2.2    1130     0   0   0   0    23.0544   -62.6557     3708    81.67     94.30      352.82
0261   130.3   869.5     19.09    100.0    1122   117    41.98    -37.43     19.01     8    -2.3    1122     0   0   0   0    23.0545   -62.6559     3682    81.44     94.04      352.82
0262   130.8   870.3     19.12    100.0    1115   116    42.15    -37.78     18.69     8    -2.4    1114     0   0   0   0    23.0546   -62.6561     3656    81.77     94.42      352.80
0263   131.3   871.1     19.14    100.0    1107   116    42.56    -38.22     18.74     8    -2.4    1106     0   0   0   0    23.0546   -62.6563     3630    82.58     95.35      352.76
0264   131.8   871.8     19.16    100.0    1099   116    43.13    -38.69     19.07     8    -2.3    1099     0   0   0   0    23.0547   -62.6565     3604    83.68     96.62      352.70
0265   132.3   872.6     19.18    100.0    1091   117    43.73    -39.12     19.54     8    -2.2    1091     0   0   0   0    23.0548   -62.6567     3579    84.85     97.97      352.63
0266   132.8   873.4     19.19    100.0    1083   117    44.24    -39.44     20.03     8    -2.1    1083     0   0   0   0    23.0549   -62.6568     3554    85.82     99.09      352.58
0267   133.3   874.2     19.22    100.0    1076   117    44.55    -39.59     20.42     8    -1.9    1076     0   0   0   0    23.0550   -62.6570     3529    86.42     99.78      352.54
0268   133.8   874.9     19.25     99.9    1069   118    44.63    -39.56     20.66     8    -1.8    1068     0   0   0   0    23.0551   -62.6572     3505    86.58     99.96      352.52
0269   134.3   875.6     19.29     99.8    1061   118    44.51    -39.37     20.76     8    -1.8    1061     0   0   0   0    23.0552   -62.6574     3481    86.35     99.70      352.53
0270   134.8   876.4     19.34     99.8    1054   118    44.28    -39.11     20.77     8    -1.8    1054     0   0   0   0    23.0553   -62.6576     3457    85.91     99.20      352.59
0271   135.3   877.1     19.40     99.7    1047   118    44.07    -38.85     20.80     8    -1.8    1046     0   0   0   0    23.0554   -62.6578     3433    85.49     98.71      352.67
0272   135.8   877.9     19.45     99.7    1039   118    43.97    -38.67     20.92     8    -1.9    1039     0   0   0   0    23.0555   -62.6580     3408    85.30     98.49      352.78
0273   136.3   878.6     19.51     99.7    1032   119    44.06    -38.63     21.20     8    -1.9    1031     0   0   0   0    23.0556   -62.6582     3384    85.49     98.70      352.89
0274   136.8   879.4     19.56     99.8    1024   119    44.38    -38.74     21.65     8    -1.9    1024     0   0   0   0    23.0557   -62.6584     3359    86.10     99.41      353.01
0275   137.3   880.2     19.60     99.9    1016   120    44.88    -38.97     22.26     8    -1.9    1016     0   0   0   0    23.0558   -62.6586     3334    87.07    100.53      353.12
0276   137.8   881.0     19.65    100.0    1009   120    45.49    -39.29     22.93     8    -1.8    1009     0   0   0   0    23.0559   -62.6587     3309    88.26    101.91      353.21
0277   138.3   881.7     19.69    100.0    1001   121    46.13    -39.64     23.59     8    -1.7    1001     0   0   0   3    23.0560   -62.6589     3285    89.49    103.33      353.27
0278   138.8   882.5     19.72    100.0     994   121    46.70    -39.98     24.14     8    -1.5     994     0   0   0   0    23.0561   -62.6591     3260    90.60    104.61      353.30
0279   139.3   883.2     19.76    100.0     987   121    47.13    -40.27     24.49     8    -1.3     987     0   0   0   0    23.0562   -62.6593     3237    91.44    105.58      353.32
0280   139.8   883.9     19.79    100.0     980   121    47.40    -40.50     24.62     8    -1.1     979     0   0   0   0    23.0563   -62.6595     3213    91.96    106.18      353.34
0281   140.3   884.6     19.82    100.0     973   121    47.49    -40.67     24.52     8     -.9     972     0   0   0   0    23.0564   -62.6597     3191    92.13    106.38      353.35
0282   140.8   885.3     19.85    100.0     966   121    47.41    -40.77     24.21     8     -.7     966     0   0   0   0    23.0565   -62.6599     3168    91.98    106.21      353.35
0283   141.3   886.0     19.87    100.0     959   120    47.20    -40.79     23.75     8     -.6     959     0   0   0   0    23.0566   -62.6601     3146    91.56    105.72      353.34
0284   141.8   886.7     19.90    100.0     952   120    46.86    -40.73     23.18     8     -.5     952     0   0   0   0    23.0567   -62.6603     3124    90.91    104.97      353.31
0285   142.3   887.4     19.92    100.0     946   119    46.44    -40.58     22.57     8     -.4     945     0   0   0   0    23.0568   -62.6605     3102    90.09    104.02      353.28
0286   142.8   888.1     19.94    100.0     939   119    45.96    -40.36     21.98     8     -.3     939     0   0   0   0    23.0569   -62.6607     3080    89.16    102.95      353.25
0287   143.3   888.8     19.95    100.0     932   118    45.48    -40.10     21.45     8     -.3     932     0   0   0   0    23.0570   -62.6609     3058    88.22    101.86      353.22
0288   143.8   889.5     19.97    100.0     926   118    45.05    -39.84     21.01     8     -.3     926     0   0   0   0    23.0571   -62.6611     3036    87.39    100.90      353.18
0289   144.3   890.1     19.99    100.0     919   118    44.72    -39.65     20.70     8     -.3     919     0   0   0   0    23.0572   -62.6613     3015    86.77    100.18      353.16
0290   144.8   890.8     20.02    100.0     913   117    44.56    -39.56     20.50     8     -.3     912     0   0   0   0    23.0573   -62.6615     2993    86.44     99.81      353.15
0291   145.3   891.5     20.04    100.0     906   117    44.55    -39.61     20.40     8     -.4     906     0   0   0   0    23.0574   -62.6617     2971    86.43     99.80      353.14
0292   145.8   892.2     20.07    100.0     899   117    44.69    -39.78     20.37     8     -.5     899     0   0   0   0    23.0575   -62.6619     2949    86.69    100.10      353.14
0293   146.3   892.9     20.10    100.0     893   117    44.90    -40.02     20.35     8     -.5     892     0   0   0   3    23.0576   -62.6621     2927    87.10    100.57      353.14
0294   146.8   893.6     20.12    100.0     886   117    45.09    -40.25     20.31     8     -.6     885     0   0   0   0    23.0577   -62.6623     2905    87.47    101.00      353.13
0295   147.3   894.3     20.15    100.0     879   117    45.18    -40.41     20.21     8     -.6     879     0   0   0   0    23.0578   -62.6625     2883    87.65    101.20      353.12
0296   147.8   895.0     20.17    100.0     872   116    45.11    -40.41     20.04     8     -.7     872     0   0   0   0    23.0579   -62.6627     2860    87.51    101.04      353.10
0297   148.3   895.7     20.19    100.0     865   116    44.86    -40.24     19.82     8     -.7     865     0   0   0   0    23.0579   -62.6629     2838    87.02    100.48      353.08
0298   148.8   896.4     20.22    100.0     858   116    44.46    -39.92     19.57     8     -.7     858     0   0   0   0    23.0580   -62.6631     2815    86.26     99.59      353.05
0299   149.3   897.1     20.24    100.0     852   116    44.00    -39.52     19.34     8     -.7     851     0   0   0   0    23.0581   -62.6633     2793    85.36     98.56      353.03
0300   149.8   897.8     20.26    100.0     845   116    43.56    -39.11     19.19     8     -.6     844     0   0   0   0    23.0582   -62.6635     2771    84.50     97.57      353.01
0301   150.3   898.5     20.29    100.0     838   116    43.23    -38.77     19.12     8     -.6     838     0   0   0   0    23.0583   -62.6636     2748    83.86     96.83      353.01
0302   150.8   899.2     20.32    100.0     831   116    43.06    -38.56     19.16     8     -.6     831     0   0   0   0    23.0584   -62.6638     2726    83.54     96.46      353.01
0303   151.3   899.9     20.35    100.0     824   117    43.07    -38.51     19.28     8     -.6     824     0   0   0   0    23.0585   -62.6640     2704    83.55     96.47      353.03
0304   151.8   900.6     20.38    100.0     818   117    43.22    -38.61     19.43     8     -.6     818     0   0   0   0    23.0586   -62.6642     2682    83.86     96.82      353.04
0305   152.3   901.3     20.41    100.0     811   117    43.49    -38.82     19.59     8     -.6     811     0   0   0   0    23.0586   -62.6644     2660    84.37     97.41      353.06
0306   152.8   902.0     20.44    100.0     804   117    43.81    -39.12     19.71     8     -.7     804     0   0   0   0    23.0587   -62.6646     2638    84.98     98.12      353.06
0307   153.3   902.7     20.46    100.0     798   117    44.14    -39.47     19.76     8     -.8     797     0   0   0   0    23.0588   -62.6648     2616    85.63     98.87      353.05
0308   153.8   903.4     20.48    100.0     791   116    44.46    -39.85     19.72     8     -.9     791     0   0   0   0    23.0589   -62.6650     2594    86.26     99.59      353.02
0309   154.3   904.1     20.50    100.0     784   116    44.77    -40.25     19.60     8    -1.1     784     0   0   0   0    23.0590   -62.6652     2571    86.85    100.29      352.99
0310   154.8   904.8     20.52    100.0     777   116    45.07    -40.68     19.40     8    -1.2     777     0   0   0   0    23.0591   -62.6654     2548    87.43    100.95      352.95
0311   155.3   905.6     20.54    100.0     770   115    45.36    -41.12     19.15     8    -1.4     770     0   0   0   0    23.0592   -62.6656     2525    88.00    101.61      352.91
0312   155.8   906.3     20.57    100.0     763   114    45.65    -41.56     18.88     8    -1.5     762     0   0   0   0    23.0593   -62.6658     2501    88.56    102.26      352.89
0313   156.3   907.1     20.59    100.0     755   114    45.93    -41.99     18.61     8    -1.7     755     0   0   0   0    23.0593   -62.6660     2477    89.11    102.89      352.88
0314   156.8   907.9     20.62    100.0     748   113    46.19    -42.38     18.38     8    -1.7     748     0   0   0   0    23.0594   -62.6662     2453    89.61    103.46      352.88
0315   157.3   908.6     20.65    100.0     741   113    46.40    -42.68     18.21     8    -1.8     740     0   0   0   0    23.0595   -62.6664     2429    90.02    103.94      352.89
0316   157.8   909.4     20.69    100.0     733   113    46.55    -42.88     18.12     8    -1.8     733     0   0   0   0    23.0596   -62.6666     2405    90.30    104.27      352.90
0317   158.3   910.2     20.72    100.0     726   113    46.62    -42.95     18.12     8    -1.7     726     0   0   0   0    23.0597   -62.6668     2380    90.43    104.42      352.92
0318   158.8   910.9     20.76    100.0     719   113    46.60    -42.89     18.21     8    -1.6     718     0   0   0   0    23.0598   -62.6670     2357    90.40    104.38      352.94
0319   159.3   911.7     20.79    100.0     711   113    46.50    -42.73     18.35     8    -1.5     711     0   0   0   0    23.0598   -62.6672     2333    90.22    104.17      352.97
0320   159.8   912.4     20.82    100.0     704   114    46.35    -42.48     18.53     8    -1.4     704     0   0   0   0    23.0599   -62.6674     2310    89.92    103.82      352.99
0321   160.3   913.2     20.86    100.0     697   114    46.16    -42.20     18.72     8    -1.3     697     0   0   0   0    23.0600   -62.6676     2286    89.55    103.40      353.03
0322   160.8   913.9     20.90    100.0     690   114    45.98    -41.93     18.88     8    -1.2     690     0   0   0   3    23.0601   -62.6678     2264    89.20    103.00      353.07
0323   161.3   914.6     20.94    100.0     683   115    45.85    -41.71     19.02     8    -1.2     683     0   0   0   3    23.0602   -62.6680     2241    88.94    102.69      353.12
0324   161.8   915.4     20.98    100.0     676   115    45.79    -41.60     19.14     8    -1.2     676     0   0   0   0    23.0603   -62.6683     2218    88.83    102.56      353.18
0325   162.3   916.1     21.02    100.0     669   115    45.83    -41.59     19.24     8    -1.2     669     0   0   0   0    23.0603   -62.6685     2195    88.90    102.65      353.23
0326   162.8   916.8     21.06    100.0     662   115    45.97    -41.70     19.35     8    -1.3     662     0   0   0   0    23.0604   -62.6687     2172    89.18    102.97      353.28
0327   163.3   917.6     21.09    100.0     655   115    46.18    -41.89     19.44     8    -1.5     655     0   0   0   0    23.0605   -62.6689     2149    89.60    103.45      353.32
0328   163.8   918.3     21.12    100.0     648   115    46.43    -42.13     19.51     8    -1.6     648     0   0   0   0    23.0606   -62.6691     2126    90.07    104.00      353.33
0329   164.3   919.1     21.16    100.0     641   115    46.65    -42.37     19.51     8    -1.8     641     0   0   0   0    23.0607   -62.6693     2102    90.49    104.49      353.34
0330   164.8   919.9     21.18    100.0     634   115    46.77    -42.54     19.44     8    -1.9     633     0   0   0   0    23.0608   -62.6695     2078    90.74    104.78      353.34
0331   165.3   920.7     21.21    100.0     626   114    46.78    -42.62     19.28     8    -2.1     626     0   0   0   0    23.0609   -62.6697     2054    90.74    104.78      353.34
0332   165.8   921.5     21.25    100.0     619   114    46.63    -42.57     19.05     8    -2.2     618     0   0   0   0    23.0610   -62.6699     2029    90.47    104.46      353.36
0333   166.3   922.3     21.29    100.0     611   114    46.37    -42.39     18.80     8    -2.3     611     0   0   0   0    23.0610   -62.6701     2004    89.96    103.87      353.40
0334   166.8   923.1     21.34    100.0     604   114    46.03    -42.12     18.57     8    -2.4     603     0   0   0   0    23.0611   -62.6703     1979    89.31    103.12      353.48
0335   167.3   923.9     21.39    100.0     596   114    45.70    -41.82     18.41     8    -2.5     596     0   0   0   0    23.0612   -62.6705     1954    88.65    102.36      353.59
0336   167.8   924.7     21.45    100.0     588   114    45.44    -41.57     18.35     8    -2.6     588     0   0   0   0    23.0613   -62.6707     1929    88.15    101.78      353.72
0337   168.3   925.5     21.51    100.0     581   114    45.33    -41.44     18.38     8    -2.6     580     0   0   0   0    23.0614   -62.6709     1904    87.95    101.55      353.86
0338   168.8   926.3     21.57    100.0     573   114    45.43    -41.51     18.45     8    -2.6     573     0   0   0   0    23.0615   -62.6711     1879    88.13    101.76      353.99
0339   169.3   927.1     21.62    100.0     565   114    45.73    -41.82     18.50     8    -2.6     565     0   0   0   0    23.0615   -62.6713     1853    88.71    102.43      354.10
0340   169.8   928.0     21.67    100.0     557   114    46.20    -42.35     18.47     8    -2.6     557     0   0   0   0    23.0616   -62.6715     1828    89.63    103.49      354.17
0341   170.3   928.8     21.71    100.0     550   113    46.77    -43.02     18.35     8    -2.5     550     0   0   0   0    23.0617   -62.6717     1803    90.73    104.77      354.19
0342   170.8   929.6     21.73    100.0     542   113    47.34    -43.73     18.12     8    -2.5     542     0   0   0   0    23.0618   -62.6719     1778    91.83    106.03      354.17
0343   171.3   930.4     21.75    100.0     535   112    47.78    -44.33     17.83     8    -2.5     534     0   0   0   0    23.0619   -62.6722     1753    92.69    107.02      354.12
0344   171.8   931.2     21.76    100.0     527   111    47.99    -44.67     17.54     8    -2.5     527     0   0   0   0    23.0620   -62.6724     1728    93.11    107.51      354.04
0345   172.3   932.0     21.78    100.0     519   111    47.92    -44.68     17.31     8    -2.5     519     0   0   0   0    23.0620   -62.6726     1703    92.96    107.33      353.96
0346   172.8   932.8     21.79    100.0     512   111    47.54    -44.34     17.17     8    -2.5     512     0   0   0   0    23.0621   -62.6728     1678    92.24    106.50      353.90
0347   173.3   933.6     21.81    100.0     504   111    46.94    -43.70     17.14     7    -2.6     504     0   0   0   0    23.0622   -62.6730     1653    91.07    105.15      353.85
0348   173.8   934.4     21.84    100.0     497   112    46.23    -42.91     17.20     8    -2.6     496     0   0   0   0    23.0623   -62.6732     1628    89.69    103.56      353.85
0349   174.3   935.3     21.88    100.0     489   112    45.56    -42.14     17.31     8    -2.7     489     0   0   0   0    23.0623   -62.6734     1603    88.39    102.05      353.87
0350   174.8   936.1     21.92    100.0     481   113    45.05    -41.55     17.42     8    -2.7     481     0   0   0   0    23.0624   -62.6736     1578    87.40    100.92      353.91
0351   175.3   936.9     21.96    100.0     473   113    44.78    -41.22     17.50     8    -2.8     473     0   0   0   0    23.0625   -62.6739     1552    86.87    100.31      353.97
0352   175.8   937.8     22.00    100.0     466   113    44.74    -41.17     17.52     8    -2.8     465     0   0   0   0    23.0626   -62.6741     1527    86.80    100.23      354.02
0353   176.3   938.6     22.04    100.0     458   113    44.88    -41.35     17.45     8    -2.8     458     0   0   0   0    23.0627   -62.6743     1501    87.08    100.54      354.06
0354   176.8   939.4     22.08    100.0     450   113    45.11    -41.66     17.30     8    -2.8     450     0   0   0   0    23.0627   -62.6745     1476    87.51    101.04      354.08
0355   177.3   940.3     22.11    100.0     442   112    45.32    -41.98     17.07     8    -2.7     442     0   0   0   0    23.0628   -62.6747     1450    87.92    101.51      354.09
0356   177.8   941.1     22.14    100.0     435   112    45.45    -42.25     16.76     8    -2.6     434     0   0   0   0    23.0629   -62.6749     1425    88.18    101.81      354.07
0357   178.3   941.9     22.16    100.0     427   111    45.49    -42.44     16.37     8    -2.6     427     0   0   0   0    23.0630   -62.6751     1400    88.25    101.90      354.05
0358   178.8   942.7     22.19    100.0     419   110    45.46    -42.58     15.90     8    -2.5     419     0   0   0   0    23.0630   -62.6753     1375    88.18    101.82      354.05
0359   179.3   943.5     22.22    100.0     412   110    45.39    -42.71     15.37     8    -2.5     412     0   0   0   0    23.0631   -62.6755     1351    88.07    101.68      354.06
0360   179.8   944.4     22.26    100.0     404   109    45.35    -42.87     14.80     8    -2.5     404     0   0   0   0    23.0632   -62.6757     1326    87.98    101.59      354.10
0361   180.3   945.2     22.31    100.0     397   108    45.34    -43.05     14.23     8    -2.5     397     0   0   0   0    23.0632   -62.6759     1301    87.96    101.56      354.15
0362   180.8   946.0     22.36     99.9     389   108    45.35    -43.23     13.69     8    -2.5     389     0   0   0   0    23.0633   -62.6761     1276    87.98    101.58      354.23
0363   181.3   946.8     22.41     99.9     382   107    45.34    -43.37     13.21     8    -2.5     381     0   0   0   0    23.0634   -62.6763     1252    87.96    101.57      354.32
0364   181.8   947.6     22.46    100.0     374   106    45.28    -43.43     12.81     8    -2.5     374     0   0   0   0    23.0634   -62.6765     1227    87.84    101.42      354.44
0365   182.3   948.5     22.51    100.0     367   106    45.14    -43.37     12.49     8    -2.5     366     0   0   0   0    23.0635   -62.6768     1202    87.56    101.11      354.56
0366   182.8   949.3     22.56    100.0     359   106    44.92    -43.22     12.24     8    -2.5     359     0   0   0   0    23.0635   -62.6770     1177    87.15    100.62      354.65
0367   183.3   950.1     22.61    100.0     352   106    44.66    -43.01     12.03     8    -2.5     351     0   0   0   0    23.0636   -62.6772     1152    86.64    100.04      354.73
0368   183.8   950.9     22.65    100.0     344   105    44.38    -42.77     11.85     8    -2.6     344     0   0   0   0    23.0636   -62.6774     1128    86.10     99.41      354.81
0369   184.3   951.7     22.70    100.0     336   105    44.11    -42.54     11.67     8    -2.6     336     0   0   0   0    23.0637   -62.6776     1103    85.57     98.80      354.90
0370   184.8   952.5     22.75     99.9     329   105    43.84    -42.31     11.48     8    -2.7     329     0   0   0   0    23.0637   -62.6778     1078    85.06     98.21      354.96
0371   185.3   953.4     22.81     99.7     321   105    43.57    -42.08     11.30     8    -2.8     321     0   0   0   0    23.0638   -62.6780     1053    84.52     97.59      354.94
0372   185.8   954.2     22.86     99.4     313   105    43.27    -41.82     11.11     8    -2.9     313     0   0   0   0    23.0638   -62.6782     1028    83.94     96.93      354.87
0373   186.3   955.1     22.92     99.0     306   105    42.96    -41.55     10.95     8    -3.0     305     0   0   0   0    23.0639   -62.6784     1002    83.35     96.24      354.78
0374   186.8   955.9     22.98     98.5     298   105    42.69    -41.30     10.79     8    -3.0     297     0   0   0   0    23.0639   -62.6786      976    82.81     95.62      354.67
0375   187.3   956.8     23.04     98.1     290   105    42.51    -41.15     10.65     8    -2.9     290     0   0   0   3    23.0640   -62.6788      950    82.46     95.22      354.57
0376   187.8   957.7     23.10     97.7     282   104    42.49    -41.17     10.52     8    -2.8     282     0   0   0   0    23.0640   -62.6790      924    82.44     95.18      354.48
0377   188.3   958.5     23.16     97.4     274   104    42.69    -41.40     10.39     8    -2.6     274     0   0   0   0    23.0641   -62.6792      899    82.82     95.63      354.41
0378   188.8   959.3     23.21     97.1     267   104    43.10    -41.85     10.28     8    -2.3     266     0   0   0   0    23.0641   -62.6794      874    83.61     96.54      354.35
0379   189.3   960.1     23.27     96.8     259   103    43.66    -42.46     10.17     8    -2.1     259     0   0   0   0    23.0642   -62.6796      850    84.70     97.80      354.30
0380   189.8   960.9     23.32     96.5     252   103    44.29    -43.13     10.09     8    -1.9     252     0   0   0   0    23.0642   -62.6798      826    85.93     99.21      354.24
0381   190.3   961.7     23.38     96.2     245   103    44.88    -43.74     10.04     8    -1.8     245     0   0   0   0    23.0643   -62.6800      803    87.06    100.52      354.19
0382   190.8   962.4     23.43     95.9     238   103    45.32    -44.19     10.04     8    -1.8     238     0   0   0   0    23.0643   -62.6803      781    87.91    101.51      354.14
0383   191.3   963.2     23.48     95.6     231   103    45.56    -44.43     10.09     8    -1.9     231     0   0   0   0    23.0644   -62.6805      758    88.38    102.05      354.10
0384   191.8   964.0     23.52     95.5     224   103    45.59    -44.44     10.18     8    -2.1     224     0   0   0   0    23.0644   -62.6807      735    88.44    102.12      354.09
0385   192.3   964.8     23.57     95.4     217   103    45.44    -44.26     10.30     8    -2.5     217     0   0   0   0    23.0644   -62.6809      711    88.16    101.79      354.11
0386   192.8   965.6     23.61     95.4     209   103    45.17    -43.95     10.41     8    -2.8     209     0   0   0   0    23.0645   -62.6811      686    87.63    101.18      354.18
0387   193.3   966.5     23.66     95.5     201   104    44.81    -43.57     10.49     8    -3.1     201     0   0   0   0    23.0645   -62.6813      660    86.93    100.38      354.30
0388   193.8   967.4     23.70     95.7     193   104    44.39    -43.13     10.52     8    -3.3     193     0   0   0   0    23.0646   -62.6816      634    86.12     99.44      354.47
0389   194.3   968.3     23.75     95.9     185   104    43.91    -42.64     10.52     8    -3.3     185     0   0   0   0    23.0646   -62.6818      606    85.19     98.36      354.67
0390   194.8   969.2     23.80     96.1     177   104    43.37    -42.08     10.50     8    -3.2     177     0   0   0   0    23.0647   -62.6820      579    84.14     97.15      354.87
0391   195.3   970.1     23.85     96.2     169   104    42.78    -41.46     10.53     8    -3.0     169     0   0   0   0    23.0647   -62.6822      553    82.99     95.83      355.07
0392   195.8   970.9     23.91     96.4     161   105    42.17    -40.80     10.66     8    -2.5     161     0   0   0   0    23.0648   -62.6824      527    81.80     94.45      355.24
0393   196.3   971.8     23.96     96.4     153   105    41.59    -40.13     10.93     7    -2.0     153     0   0   0   0    23.0648   -62.6826      503    80.69     93.16      355.39
0394   196.8   972.6     24.01     96.5     146   106    41.11    -39.52     11.34     7    -1.3     146     0   0   0   0    23.0649   -62.6828      479    79.76     92.09      355.52
0395   197.3   973.3     24.06     96.4     140   107    40.78    -39.02     11.85     7     -.6     139     0   0   0   0    23.0649   -62.6830      457    79.11     91.34      355.63
0396   197.8   974.0     24.11     96.4     133   108    40.58    -38.66     12.35     8      .0     133     0   0   0   0    23.0650   -62.6831      436    78.73     90.91      355.74
0397   198.3   974.7     24.16     96.4     127   108    40.48    -38.42     12.73     8      .7     127     0   0   0   0    23.0650   -62.6833      417    78.53     90.67      355.84
0398   198.8   975.3     24.20     96.4     122   109    40.38    -38.26     12.91     8     1.2     121     0   0   0   0    23.0651   -62.6835      398    78.33     90.45      355.96
0399   199.3   975.9     24.25     96.4     116   109    40.19    -38.09     12.82     8     1.7     116     0   0   0   3    23.0652   -62.6837      381    77.97     90.02      356.07
0400   199.8   976.5     24.29     96.4     111   108    39.86    -37.86     12.47     8     2.0     111     0   0   0   0    23.0652   -62.6839      364    77.33     89.29      356.18
0401   200.3   977.0     24.33     96.4     106   108    39.40    -37.56     11.89     8     2.3     106     0   0   0   0    23.0653   -62.6841      347    76.44     88.26      356.28
0402   200.8   977.6     24.38     96.3     101   107    38.86    -37.22     11.18     8     2.4     101     0   0   0   0    23.0653   -62.6842      331    75.39     87.05      356.35
0403   201.3   978.1     24.42     96.2      96   106    38.34    -36.89     10.46     8     2.4      96     0   0   0   0    23.0654   -62.6844      315    74.39     85.89      356.40
0404   201.8   978.6     24.47     96.0      91   105    37.94    -36.65      9.82     7     2.3      91     0   0   0   0    23.0654   -62.6846      299    73.61     84.99      356.41
0405   202.3   979.2     24.52     95.7      86   104    37.73    -36.56      9.34     7     2.1      86     0   0   0   0    23.0655   -62.6848      282    73.20     84.52      356.39
0406   202.8   979.8     24.57     95.5      81   104    37.74    -36.64      9.04     7     1.9      81     0   0   0   0    23.0655   -62.6850      265    73.22     84.55      356.34
0407   203.3   980.4     24.61     95.2      76   104    37.95    -36.90      8.89     7     1.7      76     0   0   0   0    23.0655   -62.6851      248    73.63     85.01      356.29
0408   203.8   981.0     24.66     94.9      70   103    38.28    -37.25      8.82     7     1.5      70     0   0   0   0    23.0656   -62.6853      230    74.26     85.74      356.24
0409   204.3   981.6     24.70     94.7      65   103    38.64    -37.65      8.71     7     1.3      65     0   0   0   0    23.0656   -62.6855      212    74.97     86.56      356.23
0410   204.8   982.2     24.74     94.6      59   103    38.97    -38.04      8.49     7     1.1      59     0   0   0   0    23.0657   -62.6857      193    75.61     87.30      356.26
0411   205.3   982.9     24.78     94.6      53   102    39.20    -38.34      8.17     7      .9      53     0   0   0   0    23.0657   -62.6859      174    76.04     87.80      356.34
0412   205.8   983.5     24.83     94.6      48   102    39.24    -38.44      7.84     7      .7      47     0   0   0   0    23.0657   -62.6861      155    76.12     87.89      356.46
0413   206.3   984.2     24.87     94.7      42   101    39.03    -38.28      7.61     7      .5      41     0   0   0   0    23.0658   -62.6863      136    75.73     87.44      356.59
0414   206.8   984.8     24.92     94.7      36   101    38.59    -37.85      7.52     7      .3      35     0   0   0   0    23.0658   -62.6864      116    74.87     86.44      356.75
0415   207.3   985.5     24.97     94.8      30   101    37.93    -37.18      7.52     7      .3      29     0   0   0   0    23.0658   -62.6866       97    73.59     84.96      356.91
0416   207.8   986.2     25.02     94.7      23   102    37.06    -36.28      7.54     7      .3      23     0   0   0   0    23.0659   -62.6868       76    71.89     83.01      357.01
0417   208.3   986.9     25.07     94.5      17   102    36.06    -35.28      7.46     7      .2      17     0   0   0   0    23.0659   -62.6870       55    69.96     80.78      357.00
0418   208.8   987.7     25.11     94.3      10   102    35.32    -34.59      7.15     7      .1      10     0   0   0   0    23.0659   -62.6871       34    68.52     79.12      356.91
0419   209.3   988.3     25.14     93.9       5   101    35.30    -34.67      6.60     7      .1       5     0   0   0   0    23.0660   -62.6873       15    68.48     79.07      356.76
