 ===========================================================================
 DROPWINDSONDE PROCESSING RECORD                            Sonde: 985035137
 PDS file written Jul  9, 2004.                             Format:    V5.06
 Aircraft: AFRES C-130                       Date: 990914   Time: 232343 UTC
 ---------------------------------------------------------------------------
 Bias corrections:  PR =    .0 mb  TE =    .0 C  RH =    .0 %  PRB =   .0 mb
 Filters (LPF):     PTH =   5 s    WIND =   5 s       Hyd anchor =       SFC
 Dyn RH correction =  N     WSHR COR =      Y         Splash PR  =  933.2 mb
 Estimated PR used =  N     GPS VERR =    .44 m/s     HYD SFCP   =  933.2 mb
 Dyn T correction  =  Y     WGACORR  =     .4 m       AC GA ADJ  =     .0 m
 ---------------------------------------------------------------------------
 COMMENTS: None                                                        
 ===========================================================================

 ==============================================================================
 Date: 990914   Lat:  27.02 N   TA:   16.6 C   PS:  694.0 mb   WD:   345 deg
 Time: 232343   Lon:  77.55 W   TD:   15.7 C   GA:   2581 m    WS:   2.0 m/s
 SID:  985035137                RH:   94.4 %   Navaid:   GP          
 ===========================================================================

IX      t (s)  P (mb)    T (C)    RH (%)  Z (m)   WD    WS (m/s)   U (m/s)   V (m/s)  NS  WZ (m/s)  ZW (m)   FP  FT  FH  FW   LAT (N)    LON (E)  ZW (ft)  WS (kt)  WS (mph)  THETAE (K)
0001      .4   694.6     16.61     94.4    2579   345     2.00       .52     -1.93  -999  -999.0    2579     3   3   4   4    27.0200   -77.5500     8462     3.88      4.48      374.36
0002      .9   695.2     16.63     94.4    2571   344     1.99       .56     -1.92  -999  -999.0    2572     3   3   4   4    27.0200   -77.5500     8437     3.87      4.47      374.29
0003     1.4   695.8     16.64     94.4    2564   344     1.99       .56     -1.91  -999  -999.0    2564     3   3   4   4    27.0200   -77.5500     8412     3.87      4.46      374.23
0004     1.9   696.5     16.65     94.5    2556   343     1.99       .57     -1.91  -999  -999.0    2557     3   3   4   4    27.0200   -77.5500     8388     3.86      4.46      374.16
0005     2.4   697.1     16.66     94.5    2549   343     1.99       .58     -1.91  -999  -999.0    2549     3   3   4   4    27.0200   -77.5500     8363     3.86      4.46      374.09
0006     2.9   697.7     16.68     94.5    2541   343     1.99       .59     -1.90  -999  -999.0    2541     3   3   4   4    27.0199   -77.5500     8338     3.86      4.46      374.02
0007     3.4   698.3     16.69     94.5    2534   343     1.99       .59     -1.90  -999  -999.0    2534     3   3   4   4    27.0199   -77.5500     8313     3.86      4.46      373.95
0008     3.9   698.9     16.70     94.6    2526   342     1.99       .60     -1.90  -999  -999.0    2526     3   3   4   4    27.0199   -77.5500     8289     3.86      4.45      373.88
0009     4.4   699.5     16.71     94.6    2518   342     1.99       .61     -1.89  -999  -999.0    2519     3   3   4   4    27.0199   -77.5500     8264     3.86      4.45      373.81
0010     4.9   700.1     16.73     94.6    2511   342     1.99       .62     -1.89  -999  -999.0    2511     3   3   4   4    27.0199   -77.5500     8239     3.85      4.45      373.74
0011     5.4   700.7     16.74     94.6    2503   342     1.99       .62     -1.89  -999  -999.0    2504     3   3   4   4    27.0199   -77.5500     8215     3.85      4.45      373.67
0012     5.9   701.4     16.75     94.7    2496   341     1.99       .63     -1.88  -999  -999.0    2496     3   3   4   4    27.0199   -77.5500     8190     3.85      4.45      373.60
0013     6.4   702.0     16.76     94.7    2488   341     1.98       .64     -1.88  -999  -999.0    2489     3   3   4   4    27.0199   -77.5500     8165     3.85      4.45      373.53
0014     6.9   702.6     16.78     94.7    2481   341     1.98       .65     -1.88  -999  -999.0    2481     3   3   4   4    27.0199   -77.5500     8141     3.85      4.44      373.46
0015     7.4   703.2     16.79     94.7    2473   341     1.98       .65     -1.87  -999  -999.0    2474     3   3   4   4    27.0199   -77.5500     8116     3.85      4.44      373.39
0016     7.9   703.8     16.80     94.8    2466   341     1.98       .66     -1.87  -999  -999.0    2466     3   3   4   4    27.0199   -77.5500     8092     3.85      4.44      373.33
0017     8.4   704.4     16.82     94.8    2459   340     1.98       .67     -1.87  -999  -999.0    2459     3   3   4   4    27.0199   -77.5500     8067     3.85      4.44      373.26
0018     8.9   705.0     16.83     94.8    2451   340     1.98       .68     -1.86  -999  -999.0    2451     3   3   4   4    27.0199   -77.5500     8043     3.84      4.44      373.19
0019     9.4   705.7     16.84     94.8    2444   340     1.98       .68     -1.86  -999  -999.0    2444     3   3   4   4    27.0198   -77.5500     8018     3.84      4.44      373.12
0020     9.9   706.3     16.85     94.9    2436   340     1.98       .69     -1.86  -999  -999.0    2437     3   3   4   4    27.0198   -77.5500     7994     3.84      4.44      373.05
0021    10.4   706.9     16.87     94.9    2429   339     1.98       .70     -1.85  -999  -999.0    2429     3   3   4   4    27.0198   -77.5500     7970     3.84      4.44      372.99
0022    10.9   707.5     16.88     94.9    2421   339     1.98       .71     -1.85  -999  -999.0    2422     3   3   4   4    27.0198   -77.5500     7945     3.84      4.44      372.92
0023    11.4   708.1     16.89     94.9    2414   339     1.98       .71     -1.85  -999  -999.0    2414     3   3   4   4    27.0198   -77.5500     7921     3.84      4.43      372.86
0024    11.9   708.7     16.91     95.0    2406   339     1.98       .72     -1.84  -999  -999.0    2407     3   3   4   4    27.0198   -77.5500     7896     3.84      4.43      372.80
0025    12.4   709.3     16.92     95.0    2399   338     1.98       .73     -1.84  -999  -999.0    2399     3   3   4   4    27.0198   -77.5500     7872     3.84      4.43      372.74
0026    12.9   710.0     16.93     95.0    2392   338     1.98       .74     -1.84  -999  -999.0    2392     3   3   4   4    27.0198   -77.5500     7848     3.84      4.43      372.67
0027    13.4   710.6     16.95     95.1    2384   338     1.98       .74     -1.83  -999  -999.0    2385     3   3   4   4    27.0198   -77.5500     7823     3.84      4.43      372.60
0028    13.9   711.2     16.96     95.1    2377   338     1.98       .75     -1.83  -999  -999.0    2377     3   3   4   4    27.0198   -77.5500     7799     3.84      4.43      372.53
0029    14.4   711.8     16.97     95.1    2369   337     1.98       .76     -1.83  -999  -999.0    2370     3   3   4   4    27.0198   -77.5500     7775     3.84      4.43      372.46
0030    14.9   712.4     16.98     95.1    2362   337     1.98       .77     -1.82  -999  -999.0    2363     3   3   4   4    27.0198   -77.5500     7751     3.84      4.43      372.40
0031    15.4   713.0     17.00     95.2    2355   337     1.98       .77     -1.82  -999  -999.0    2355     0   0   4   4    27.0198   -77.5500     7727     3.84      4.43      372.34
0032    15.9   713.6     17.01     95.2    2348   337     1.98       .78     -1.82  -999      .0    2348     0   0   4   4    27.0197   -77.5500     7704     3.84      4.43      372.29
0033    16.4   714.2     17.03     95.2    2340   336     1.98       .79     -1.81  -999      .0    2341     0   0   4   4    27.0197   -77.5500     7680     3.84      4.43      372.25
0034    16.9   714.8     17.05     95.2    2333   336     1.98       .80     -1.81  -999      .0    2334     0   0   4   4    27.0197   -77.5500     7656     3.84      4.43      372.22
0035    17.4   715.4     17.07     95.3    2326   336     1.98       .80     -1.81  -999      .1    2326     0   0   4   4    27.0197   -77.5499     7633     3.84      4.43      372.18
0036    17.9   716.0     17.08     95.3    2319   336     1.98       .81     -1.80  -999      .1    2319     0   0   4   4    27.0197   -77.5499     7609     3.84      4.43      372.14
0037    18.4   716.6     17.10     95.3    2312   336     1.98       .82     -1.80  -999      .1    2312     0   0   4   4    27.0197   -77.5499     7586     3.84      4.43      372.10
0038    18.9   717.2     17.12     95.3    2305   335     1.98       .83     -1.80  -999      .1    2305     0   0   4   4    27.0197   -77.5499     7562     3.84      4.43      372.06
0039    19.4   717.8     17.13     95.4    2297   335     1.98       .83     -1.79  -999      .1    2298     0   0   4   4    27.0197   -77.5499     7539     3.84      4.43      372.01
0040    19.9   718.4     17.15     95.4    2290   335     1.98       .84     -1.79  -999      .1    2291     0   0   4   4    27.0197   -77.5499     7516     3.84      4.43      371.97
0041    20.4   719.0     17.17     95.4    2283   335     1.98       .85     -1.79  -999      .1    2284     0   0   4   4    27.0197   -77.5499     7492     3.84      4.43      371.94
0042    20.9   719.6     17.19     95.4    2276   334     1.98       .86     -1.78  -999      .0    2276     0   0   4   4    27.0197   -77.5499     7469     3.84      4.43      371.93
0043    21.4   720.2     17.22     95.5    2269   334     1.98       .87     -1.78  -999      .0    2269     0   0   4   4    27.0197   -77.5499     7445     3.84      4.43      371.92
0044    21.9   720.8     17.24     95.5    2262   334     1.98       .87     -1.78  -999      .1    2262     0   0   4   4    27.0197   -77.5499     7421     3.84      4.43      371.93
0045    22.4   721.4     17.27     95.5    2255   334     1.98       .88     -1.77  -999      .1    2255     0   0   4   4    27.0196   -77.5499     7398     3.84      4.43      371.94
0046    22.9   722.0     17.30     95.5    2247   333     1.98       .89     -1.77  -999      .1    2248     0   0   4   4    27.0196   -77.5499     7374     3.84      4.44      371.94
0047    23.4   722.6     17.33     95.6    2240   333     1.98       .89     -1.77  -999      .1    2241     0   0   4   4    27.0196   -77.5499     7351     3.85      4.44      371.95
0048    23.9   723.2     17.35     95.6    2233   333     1.98       .90     -1.77  -999      .2    2234     0   0   4   4    27.0196   -77.5499     7328     3.85      4.44      371.94
0049    24.4   723.8     17.37     95.6    2226   333     1.99       .91     -1.76  -999      .2    2226     0   0   4   4    27.0196   -77.5498     7305     3.85      4.45      371.93
0050    24.9   724.4     17.40     95.6    2219   332     1.99       .92     -1.76  -999      .2    2219     0   0   4   4    27.0196   -77.5498     7282     3.85      4.45      371.92
0051    25.4   725.0     17.42     95.7    2212   332     1.99       .93     -1.76  -999      .3    2212     0   0   4   4    27.0196   -77.5498     7259     3.85      4.45      371.92
0052    25.9   725.6     17.44     95.7    2205   332     1.99       .94     -1.75  -999      .2    2205     0   0   4   4    27.0196   -77.5498     7236     3.85      4.45      371.91
0053    26.4   726.1     17.46     95.8    2198   332     1.98       .94     -1.74  -999      .2    2198     0   0   4   4    27.0196   -77.5498     7213     3.85      4.44      371.91
0054    26.9   726.7     17.49     95.8    2191   331     1.98       .95     -1.74  -999      .2    2191     0   0   4   4    27.0196   -77.5498     7190     3.84      4.44      371.91
0055    27.4   727.3     17.52     95.8    2184   331     1.98       .95     -1.74  -999      .1    2184     0   0   4   4    27.0196   -77.5498     7167     3.84      4.44      371.92
0056    27.9   727.9     17.55     95.8    2177   331     1.98       .95     -1.74  -999      .1    2177     0   0   4   4    27.0196   -77.5498     7143     3.84      4.44      371.93
0057    28.4   728.5     17.58     95.7    2170   331     1.98       .96     -1.74  -999      .0    2170     0   0   0   4    27.0196   -77.5498     7120     3.85      4.44      371.94
0058    28.9   729.1     17.62     95.7    2163   331     1.99       .97     -1.74  -999      .0    2163     0   0   0   4    27.0195   -77.5498     7096     3.86      4.46      371.95
0059    29.4   729.8     17.65     95.7    2155   330     2.00       .98     -1.74  -999      .0    2156     0   0   0   4    27.0195   -77.5498     7073     3.87      4.47      371.97
0060    29.9   730.4     17.69     95.7    2148   330     2.00      1.00     -1.73  -999      .0    2149     0   0   0   4    27.0195   -77.5498     7049     3.87      4.47      371.99
0061    30.4   731.0     17.72     95.7    2141   329     1.99      1.02     -1.70  -999      .0    2141     0   0   0   4    27.0195   -77.5498     7026     3.85      4.45      372.02
0062    30.9   731.6     17.75     95.7    2134   328     1.96      1.04     -1.66     4      .1    2134     0   0   0   0    27.0195   -77.5497     7002     3.80      4.39      372.05
0063    31.4   732.2     17.78     95.8    2127   327     1.91      1.05     -1.60     4      .1    2127     0   0   0   0    27.0195   -77.5497     6979     3.70      4.28      372.09
0064    31.9   732.8     17.82     95.8    2120   326     1.83      1.04     -1.51     4      .1    2120     0   0   0   0    27.0195   -77.5497     6956     3.56      4.11      372.14
0065    32.4   733.4     17.85     95.9    2113   324     1.73      1.01     -1.41     4      .0    2113     0   0   0   0    27.0195   -77.5497     6933     3.36      3.88      372.21
0066    32.9   734.0     17.88     96.0    2106   324     1.62       .96     -1.30     4      .0    2106     0   0   0   0    27.0195   -77.5497     6910     3.14      3.62      372.29
0067    33.4   734.6     17.92     96.1    2099   324     1.50       .89     -1.20     4     -.1    2099     0   0   0   0    27.0195   -77.5497     6886     2.91      3.35      372.38
0068    33.9   735.2     17.95     96.2    2091   325     1.39       .80     -1.14     5     -.1    2092     0   0   0   0    27.0195   -77.5497     6863     2.70      3.11      372.49
0069    34.4   735.8     17.99     96.4    2084   328     1.31       .70     -1.11     5     -.2    2085     0   0   0   0    27.0195   -77.5497     6839     2.55      2.94      372.62
0070    34.9   736.4     18.02     96.6    2077   332     1.28       .60     -1.13     5     -.2    2077     0   0   0   0    27.0195   -77.5497     6815     2.49      2.87      372.76
0071    35.4   737.1     18.05     96.8    2070   336     1.30       .52     -1.19     5     -.2    2070     0   0   0   0    27.0195   -77.5497     6791     2.53      2.92      372.88
0072    35.9   737.7     18.07     97.0    2062   340     1.37       .46     -1.29     5     -.2    2063     0   0   0   0    27.0195   -77.5497     6767     2.65      3.06      373.00
0073    36.4   738.3     18.10     97.2    2055   343     1.46       .43     -1.39     5     -.2    2056     0   0   0   0    27.0194   -77.5497     6744     2.83      3.27      373.08
0074    36.9   738.9     18.12     97.3    2048   344     1.55       .43     -1.49     5     -.2    2048     0   0   0   0    27.0194   -77.5497     6720     3.01      3.48      373.13
0075    37.4   739.5     18.15     97.3    2041   344     1.63       .44     -1.57     5     -.1    2041     0   0   0   0    27.0194   -77.5497     6697     3.16      3.65      373.14
0076    37.9   740.1     18.18     97.3    2034   344     1.68       .45     -1.62     5     -.1    2034     0   0   0   0    27.0194   -77.5497     6674     3.25      3.76      373.11
0077    38.4   740.7     18.22     97.1    2027   344     1.69       .45     -1.63     5     -.1    2027     0   0   0   0    27.0194   -77.5497     6650     3.28      3.78      373.06
0078    38.9   741.4     18.26     96.9    2019   345     1.67       .44     -1.61     5     -.1    2020     0   0   0   0    27.0194   -77.5497     6627     3.24      3.74      373.00
0079    39.4   742.0     18.31     96.6    2012   346     1.63       .40     -1.59     5     -.1    2013     0   0   0   0    27.0194   -77.5497     6603     3.17      3.66      372.93
0080    39.9   742.6     18.36     96.3    2005   348     1.60       .34     -1.56     5     -.1    2006     0   0   0   0    27.0194   -77.5497     6580     3.10      3.58      372.88
0081    40.4   743.2     18.42     96.0    1998   350     1.58       .29     -1.55     5     -.1    1998     0   0   0   0    27.0194   -77.5497     6556     3.06      3.53      372.83
0082    40.9   743.8     18.47     95.8    1991   351     1.58       .24     -1.56     5     -.1    1991     0   0   0   0    27.0194   -77.5497     6533     3.07      3.54      372.81
0083    41.4   744.5     18.53     95.6    1984   352     1.61       .23     -1.59     5      .0    1984     0   0   0   0    27.0194   -77.5497     6509     3.12      3.61      372.82
0084    41.9   745.1     18.58     95.4    1976   351     1.65       .26     -1.63     5      .0    1977     0   0   0   0    27.0194   -77.5497     6486     3.21      3.70      372.86
0085    42.4   745.7     18.63     95.4    1969   349     1.70       .33     -1.67     5      .1    1970     0   0   0   0    27.0194   -77.5497     6463     3.30      3.82      372.93
0086    42.9   746.3     18.67     95.4    1962   346     1.75       .43     -1.69     5      .2    1963     0   0   0   0    27.0194   -77.5497     6440     3.39      3.92      373.03
0087    43.4   746.9     18.71     95.5    1956   342     1.78       .56     -1.69     5      .3    1956     0   0   0   0    27.0193   -77.5497     6417     3.46      3.99      373.14
0088    43.9   747.5     18.74     95.7    1949   338     1.80       .69     -1.66     5      .3    1949     0   0   0   0    27.0193   -77.5497     6394     3.49      4.03      373.26
0089    44.4   748.1     18.76     95.9    1942   334     1.80       .79     -1.62     5      .3    1942     0   0   0   0    27.0193   -77.5497     6372     3.49      4.03      373.39
0090    44.9   748.7     18.79     96.1    1935   331     1.79       .87     -1.56     5      .3    1935     0   0   0   0    27.0193   -77.5497     6349     3.46      4.00      373.51
0091    45.4   749.3     18.80     96.4    1928   329     1.76       .92     -1.51     5      .3    1928     0   0   0   3    27.0193   -77.5497     6327     3.42      3.95      373.62
0092    45.9   749.9     18.82     96.6    1921   327     1.74       .95     -1.47     5      .3    1922     0   0   0   3    27.0193   -77.5497     6304     3.38      3.91      373.71
0093    46.4   750.5     18.83     96.9    1914   326     1.74       .97     -1.45     5      .2    1915     0   0   0   0    27.0193   -77.5497     6282     3.38      3.90      373.79
0094    46.9   751.1     18.84     97.1    1907   325     1.76      1.01     -1.44     5      .2    1908     0   0   0   0    27.0193   -77.5497     6259     3.42      3.95      373.84
0095    47.4   751.7     18.86     97.3    1900   323     1.81      1.09     -1.44     5      .2    1901     0   0   0   0    27.0193   -77.5496     6236     3.51      4.05      373.87
0096    47.9   752.3     18.87     97.4    1893   320     1.88      1.21     -1.44     5      .2    1894     0   0   0   0    27.0193   -77.5496     6213     3.64      4.21      373.89
0097    48.4   752.9     18.88     97.6    1886   316     1.97      1.37     -1.41     5      .2    1887     0   0   0   0    27.0193   -77.5496     6190     3.82      4.41      373.89
0098    48.9   753.5     18.90     97.6    1879   311     2.07      1.55     -1.36     5      .1    1880     0   0   0   0    27.0193   -77.5496     6167     4.01      4.63      373.88
0099    49.4   754.1     18.92     97.7    1872   307     2.16      1.73     -1.30     5      .1    1873     0   0   0   0    27.0193   -77.5496     6144     4.20      4.84      373.85
0100    49.9   754.7     18.94     97.6    1865   303     2.24      1.88     -1.23     5      .1    1866     0   0   0   0    27.0193   -77.5496     6122     4.35      5.03      373.82
0101    50.4   755.3     18.97     97.6    1859   301     2.30      1.97     -1.18     5      .1    1859     0   0   0   0    27.0193   -77.5496     6099     4.46      5.15      373.79
0102    50.9   755.9     19.00     97.5    1852   300     2.33      2.02     -1.16     5      .1    1852     0   0   0   0    27.0192   -77.5496     6076     4.51      5.21      373.77
0103    51.4   756.5     19.04     97.4    1845   301     2.33      2.01     -1.19     5      .1    1845     0   0   0   0    27.0192   -77.5496     6053     4.52      5.22      373.75
0104    51.9   757.1     19.07     97.3    1838   302     2.33      1.97     -1.25     5      .0    1838     0   0   0   0    27.0192   -77.5496     6030     4.52      5.22      373.75
0105    52.4   757.8     19.10     97.3    1830   305     2.34      1.92     -1.34     5      .0    1831     0   0   0   0    27.0192   -77.5496     6007     4.55      5.25      373.76
0106    52.9   758.4     19.13     97.4    1823   307     2.38      1.89     -1.44     5      .0    1824     0   0   0   0    27.0192   -77.5496     5984     4.61      5.33      373.80
0107    53.4   759.0     19.15     97.6    1816   309     2.43      1.88     -1.54     5     -.1    1817     0   0   0   0    27.0192   -77.5496     5961     4.71      5.44      373.86
0108    53.9   759.6     19.17     97.8    1809   310     2.49      1.90     -1.62     5     -.1    1810     0   0   0   0    27.0192   -77.5495     5937     4.83      5.58      373.95
0109    54.4   760.2     19.19     98.0    1802   311     2.55      1.92     -1.68     5     -.1    1803     0   0   0   0    27.0192   -77.5495     5914     4.94      5.71      374.06
0110    54.9   760.9     19.20     98.3    1795   312     2.59      1.92     -1.74     5      .0    1796     0   0   0   0    27.0192   -77.5495     5891     5.03      5.81      374.19
0111    55.4   761.5     19.22     98.7    1788   314     2.63      1.89     -1.82     5      .0    1789     0   0   0   0    27.0192   -77.5495     5868     5.09      5.88      374.34
0112    55.9   762.1     19.24     99.0    1781   317     2.65      1.82     -1.92     5      .1    1782     0   0   0   0    27.0192   -77.5495     5845     5.14      5.93      374.48
0113    56.4   762.7     19.25     99.3    1774   320     2.67      1.71     -2.06     5      .1    1774     0   0   0   0    27.0192   -77.5495     5822     5.19      5.99      374.61
0114    56.9   763.3     19.27     99.6    1767   325     2.71      1.57     -2.21     5      .2    1768     0   0   0   0    27.0192   -77.5495     5799     5.27      6.08      374.71
0115    57.4   763.9     19.28     99.8    1760   329     2.77      1.44     -2.37     5      .3    1761     0   0   0   0    27.0191   -77.5495     5777     5.38      6.21      374.77
0116    57.9   764.5     19.29     99.9    1754   332     2.84      1.34     -2.51     5      .4    1754     0   0   0   0    27.0191   -77.5495     5754     5.51      6.36      374.79
0117    58.4   765.1     19.30    100.0    1747   334     2.90      1.29     -2.60     5      .5    1747     0   0   0   0    27.0191   -77.5495     5732     5.63      6.50      374.76
0118    58.9   765.7     19.32    100.0    1740   334     2.94      1.29     -2.64     5      .5    1741     0   0   0   0    27.0191   -77.5495     5710     5.70      6.58      374.69
0119    59.4   766.3     19.33    100.0    1734   333     2.95      1.35     -2.62     5      .5    1734     0   0   0   0    27.0191   -77.5495     5689     5.73      6.61      374.63
0120    59.9   766.9     19.35    100.0    1727   330     2.95      1.46     -2.56     5      .4    1727     3   3   3   0    27.0191   -77.5495     5667     5.72      6.61      374.58
0121    60.4   767.5     19.37    100.0    1720   327     2.94      1.58     -2.48     5      .4    1720     0   0   0   0    27.0191   -77.5494     5645     5.71      6.59      374.56
0122    60.9   768.1     19.39    100.0    1713   324     2.94      1.71     -2.39     5      .3    1714     0   0   0   0    27.0191   -77.5494     5622     5.71      6.59      374.54
0123    61.4   768.7     19.42    100.0    1706   322     2.95      1.83     -2.31     5      .2    1707     0   0   0   0    27.0191   -77.5494     5600     5.72      6.61      374.54
0124    61.9   769.3     19.45    100.0    1699   319     2.96      1.93     -2.25     5      .1    1700     0   0   0   0    27.0190   -77.5494     5577     5.75      6.63      374.56
0125    62.4   769.9     19.48    100.0    1692   318     2.97      1.99     -2.21     5      .1    1693     0   0   0   0    27.0190   -77.5494     5554     5.77      6.66      374.59
0126    62.9   770.6     19.52    100.0    1685   317     2.98      2.03     -2.19     5      .1    1686     0   0   0   0    27.0190   -77.5494     5531     5.79      6.69      374.63
0127    63.4   771.2     19.55    100.0    1678   317     2.99      2.05     -2.17     5      .1    1679     0   0   0   0    27.0190   -77.5494     5508     5.80      6.69      374.66
0128    63.9   771.8     19.58    100.0    1672   317     2.98      2.05     -2.17     5      .1    1672     0   0   0   0    27.0190   -77.5494     5485     5.79      6.68      374.69
0129    64.4   772.4     19.61    100.0    1665   317     2.97      2.03     -2.16     5      .2    1665     0   0   0   0    27.0190   -77.5494     5463     5.76      6.65      374.72
0130    64.9   773.0     19.65    100.0    1658   317     2.94      2.01     -2.15     5      .2    1658     0   0   0   3    27.0190   -77.5494     5440     5.70      6.59      374.75
0131    65.4   773.6     19.68    100.0    1651   317     2.90      1.98     -2.12     5      .2    1651     0   0   0   0    27.0190   -77.5494     5418     5.63      6.50      374.77
0132    65.9   774.2     19.71    100.0    1644   317     2.85      1.94     -2.09     5      .2    1645     0   0   0   3    27.0190   -77.5494     5396     5.53      6.38      374.79
0133    66.4   774.8     19.73    100.0    1637   317     2.78      1.89     -2.04     5      .2    1638     0   0   0   0    27.0190   -77.5494     5373     5.40      6.23      374.80
0134    66.9   775.5     19.76    100.0    1631   317     2.71      1.83     -1.99     5      .2    1631     0   0   0   0    27.0190   -77.5493     5351     5.25      6.06      374.82
0135    67.4   776.1     19.80    100.0    1624   318     2.62      1.77     -1.94     5      .1    1624     0   0   0   0    27.0189   -77.5493     5329     5.09      5.88      374.85
0136    67.9   776.7     19.83    100.0    1617   318     2.54      1.70     -1.88     5      .1    1617     0   0   0   0    27.0189   -77.5493     5306     4.92      5.68      374.88
0137    68.4   777.3     19.86    100.0    1610   318     2.46      1.63     -1.83     5      .0    1610     0   0   0   0    27.0189   -77.5493     5283     4.76      5.50      374.92
0138    68.9   777.9     19.90    100.0    1603   319     2.39      1.58     -1.79     5     -.1    1603     0   0   0   0    27.0189   -77.5493     5260     4.63      5.35      374.97
0139    69.4   778.6     19.94    100.0    1596   319     2.33      1.53     -1.76     5     -.1    1596     0   0   0   0    27.0189   -77.5493     5237     4.53      5.23      375.02
0140    69.9   779.2     19.97    100.0    1589   319     2.30      1.51     -1.73     5     -.1    1589     0   0   0   0    27.0189   -77.5493     5214     4.46      5.15      375.08
0141    70.4   779.8     20.01    100.0    1582   319     2.27      1.50     -1.71     5      .0    1582     0   0   0   0    27.0189   -77.5493     5191     4.41      5.10      375.14
0142    70.9   780.5     20.05    100.0    1575   318     2.26      1.51     -1.68     5      .0    1575     0   0   0   0    27.0189   -77.5493     5168     4.38      5.06      375.19
0143    71.4   781.1     20.08    100.0    1568   317     2.24      1.53     -1.64     5      .1    1568     0   0   0   0    27.0189   -77.5493     5146     4.35      5.03      375.24
0144    71.9   781.7     20.11    100.0    1561   316     2.22      1.55     -1.60     5      .2    1562     0   0   0   3    27.0189   -77.5493     5123     4.31      4.98      375.26
0145    72.4   782.3     20.14    100.0    1554   315     2.20      1.56     -1.55     5      .3    1555     0   0   0   0    27.0189   -77.5493     5101     4.26      4.92      375.28
0146    72.9   782.9     20.17    100.0    1548   314     2.16      1.56     -1.50     5      .4    1548     0   0   0   0    27.0189   -77.5493     5079     4.19      4.84      375.29
0147    73.4   783.5     20.20    100.0    1541   314     2.13      1.54     -1.46     5      .4    1541     0   0   0   0    27.0189   -77.5492     5057     4.12      4.76      375.29
0148    73.9   784.1     20.22    100.0    1534   314     2.09      1.51     -1.45     5      .4    1535     0   0   0   3    27.0188   -77.5492     5035     4.06      4.68      375.28
0149    74.4   784.7     20.24    100.0    1528   315     2.06      1.47     -1.45     5      .4    1528     3   3   3   0    27.0188   -77.5492     5013     4.00      4.62      375.27
0150    74.9   785.3     20.27    100.0    1521   316     2.05      1.42     -1.47     5      .3    1521     0   0   0   0    27.0188   -77.5492     4991     3.97      4.59      375.26
0151    75.4   785.9     20.29    100.0    1514   318     2.04      1.37     -1.51     5      .2    1515     0   0   0   0    27.0188   -77.5492     4969     3.96      4.57      375.24
0152    75.9   786.5     20.31    100.0    1507   320     2.04      1.32     -1.56     5      .1    1508     0   0   0   0    27.0188   -77.5492     4947     3.96      4.57      375.23
0153    76.4   787.2     20.34    100.0    1501   321     2.04      1.28     -1.59     5      .1    1501     0   0   0   0    27.0188   -77.5492     4924     3.96      4.57      375.22
0154    76.9   787.8     20.36    100.0    1494   322     2.04      1.25     -1.61     5      .0    1494     0   0   0   0    27.0188   -77.5492     4901     3.95      4.56      375.22
0155    77.4   788.4     20.39    100.0    1487   322     2.02      1.25     -1.59     5      .0    1487     0   0   0   0    27.0188   -77.5492     4879     3.92      4.53      375.23
0156    77.9   789.0     20.42    100.0    1480   321     2.00      1.27     -1.54     5      .0    1480     0   0   0   0    27.0188   -77.5492     4856     3.87      4.47      375.25
0157    78.4   789.7     20.46    100.0    1473   318     1.96      1.31     -1.46     5      .0    1473     0   0   0   0    27.0188   -77.5492     4833     3.81      4.40      375.28
0158    78.9   790.3     20.49    100.0    1466   315     1.94      1.38     -1.36     5      .0    1466     0   0   0   0    27.0188   -77.5492     4810     3.75      4.33      375.30
0159    79.4   790.9     20.52    100.0    1459   310     1.92      1.46     -1.24     5      .0    1459     0   0   0   0    27.0188   -77.5492     4788     3.72      4.30      375.32
0160    79.9   791.6     20.55    100.0    1452   306     1.92      1.56     -1.12     5     -.1    1452     0   0   0   0    27.0188   -77.5491     4765     3.73      4.30      375.34
0161    80.4   792.2     20.57    100.0    1445   302     1.94      1.65     -1.02     5     -.1    1446     0   0   0   0    27.0188   -77.5491     4743     3.76      4.35      375.34
0162    80.9   792.8     20.60    100.0    1438   299     1.97      1.72      -.95     5     -.1    1439     0   0   0   0    27.0188   -77.5491     4720     3.82      4.41      375.33
0163    81.4   793.4     20.62    100.0    1431   298     2.00      1.77      -.92     5     -.2    1432     0   0   0   0    27.0188   -77.5491     4697     3.88      4.48      375.32
0164    81.9   794.1     20.65    100.0    1424   298     2.02      1.79      -.94     5     -.2    1425     0   0   0   0    27.0188   -77.5491     4674     3.92      4.52      375.31
0165    82.4   794.7     20.67    100.0    1417   299     2.03      1.77      -.98     5     -.3    1418     0   0   0   0    27.0187   -77.5491     4651     3.93      4.54      375.31
0166    82.9   795.4     20.70    100.0    1410   302     2.02      1.72     -1.06     6     -.3    1411     0   0   0   0    27.0187   -77.5491     4628     3.93      4.53      375.32
0167    83.4   796.0     20.73    100.0    1403   305     2.01      1.65     -1.15     6     -.3    1404     0   0   0   0    27.0187   -77.5491     4605     3.91      4.51      375.35
0168    83.9   796.7     20.77    100.0    1396   308     2.00      1.57     -1.24     6     -.3    1396     0   0   0   0    27.0187   -77.5491     4582     3.88      4.48      375.39
0169    84.4   797.3     20.80    100.0    1389   311     1.97      1.48     -1.31     6     -.2    1389     0   0   0   0    27.0187   -77.5491     4559     3.83      4.42      375.43
0170    84.9   797.9     20.84    100.0    1382   314     1.95      1.40     -1.36     6     -.2    1383     0   0   0   0    27.0187   -77.5491     4536     3.77      4.36      375.47
0171    85.4   798.6     20.87    100.0    1375   316     1.91      1.32     -1.38     6     -.2    1376     0   0   0   0    27.0187   -77.5491     4513     3.70      4.28      375.50
0172    85.9   799.2     20.90    100.0    1368   317     1.87      1.27     -1.37     6     -.1    1369     0   0   0   0    27.0187   -77.5491     4490     3.63      4.19      375.51
0173    86.4   799.8     20.92    100.0    1361   317     1.83      1.24     -1.34     6     -.1    1362     0   0   0   0    27.0187   -77.5490     4468     3.55      4.10      375.52
0174    86.9   800.5     20.95    100.0    1355   317     1.80      1.23     -1.30     6     -.2    1355     0   0   0   0    27.0187   -77.5490     4445     3.48      4.02      375.52
0175    87.4   801.1     20.98    100.0    1348   315     1.77      1.25     -1.25     6     -.2    1348     0   0   0   0    27.0187   -77.5490     4423     3.44      3.97      375.51
0176    87.9   801.7     21.00    100.0    1341   313     1.76      1.29     -1.20     6     -.2    1341     0   0   0   0    27.0187   -77.5490     4400     3.42      3.95      375.51
0177    88.4   802.4     21.03    100.0    1334   311     1.76      1.34     -1.15     6     -.3    1334     0   0   0   0    27.0187   -77.5490     4377     3.42      3.95      375.51
0178    88.9   803.0     21.06    100.0    1327   309     1.78      1.39     -1.11     6     -.3    1327     0   0   0   0    27.0187   -77.5490     4354     3.45      3.98      375.53
0179    89.4   803.7     21.09    100.0    1320   307     1.80      1.44     -1.08     6     -.3    1320     0   0   0   0    27.0187   -77.5490     4331     3.50      4.04      375.54
0180    89.9   804.3     21.12    100.0    1313   305     1.83      1.50     -1.06     6     -.3    1313     0   0   0   0    27.0187   -77.5490     4308     3.56      4.11      375.56
0181    90.4   805.0     21.15    100.0    1306   305     1.87      1.54     -1.06     6     -.2    1306     0   0   0   0    27.0187   -77.5490     4285     3.64      4.20      375.58
0182    90.9   805.6     21.18    100.0    1299   304     1.92      1.58     -1.08     6     -.2    1299     0   0   0   0    27.0187   -77.5490     4262     3.72      4.30      375.60
0183    91.4   806.3     21.21    100.0    1292   305     1.97      1.62     -1.11     6     -.1    1292     0   0   0   0    27.0186   -77.5490     4239     3.81      4.40      375.61
0184    91.9   806.9     21.24    100.0    1285   305     2.01      1.65     -1.15     6     -.1    1285     0   0   0   0    27.0186   -77.5490     4217     3.90      4.51      375.63
0185    92.4   807.5     21.26    100.0    1278   306     2.05      1.67     -1.20     6     -.1    1278     0   0   0   0    27.0186   -77.5490     4194     3.98      4.60      375.64
0186    92.9   808.2     21.29    100.0    1271   306     2.09      1.68     -1.23     6     -.1    1272     0   0   0   0    27.0186   -77.5490     4172     4.05      4.67      375.65
0187    93.4   808.8     21.32    100.0    1264   307     2.11      1.69     -1.27     6     -.1    1265     0   0   0   0    27.0186   -77.5489     4150     4.09      4.73      375.67
0188    93.9   809.4     21.35    100.0    1258   308     2.12      1.68     -1.30     6     -.1    1258     0   0   0   0    27.0186   -77.5489     4127     4.12      4.75      375.68
0189    94.4   810.1     21.38    100.0    1251   308     2.13      1.67     -1.32     6     -.1    1251     0   0   0   0    27.0186   -77.5489     4105     4.13      4.77      375.70
0190    94.9   810.7     21.41    100.0    1244   309     2.14      1.65     -1.36     6     -.1    1244     0   0   0   0    27.0186   -77.5489     4082     4.15      4.79      375.71
0191    95.4   811.3     21.44    100.0    1237   311     2.16      1.63     -1.41     6     -.1    1237     0   0   0   0    27.0186   -77.5489     4060     4.18      4.83      375.72
0192    95.9   812.0     21.46    100.0    1230   312     2.19      1.62     -1.47     6     -.1    1230     0   0   0   3    27.0186   -77.5489     4037     4.24      4.90      375.73
0193    96.4   812.6     21.49    100.0    1223   314     2.23      1.61     -1.55     6     -.1    1224     0   0   0   0    27.0186   -77.5489     4015     4.33      5.00      375.74
0194    96.9   813.3     21.52    100.0    1216   316     2.29      1.60     -1.64     6     -.2    1217     0   0   0   0    27.0186   -77.5489     3992     4.45      5.14      375.76
0195    97.4   813.9     21.55    100.0    1210   317     2.36      1.61     -1.73     6     -.2    1210     0   0   0   0    27.0186   -77.5489     3970     4.59      5.29      375.77
0196    97.9   814.5     21.58    100.0    1203   318     2.43      1.63     -1.81     6     -.3    1203     0   0   0   0    27.0186   -77.5489     3947     4.72      5.45      375.78
0197    98.4   815.2     21.60    100.0    1196   319     2.50      1.65     -1.88     6     -.3    1196     0   0   0   0    27.0186   -77.5489     3924     4.85      5.60      375.80
0198    98.9   815.8     21.63    100.0    1189   319     2.56      1.68     -1.93     6     -.3    1189     0   0   0   0    27.0185   -77.5489     3901     4.96      5.73      375.81
0199    99.4   816.5     21.66    100.0    1182   319     2.61      1.72     -1.96     6     -.3    1182     0   0   0   0    27.0185   -77.5489     3878     5.06      5.84      375.81
0200    99.9   817.1     21.69    100.0    1175   319     2.65      1.76     -1.99     6     -.3    1175     0   0   0   0    27.0185   -77.5488     3855     5.14      5.94      375.82
0201   100.4   817.8     21.71    100.0    1168   318     2.69      1.79     -2.01     6     -.3    1168     0   0   0   0    27.0185   -77.5488     3832     5.22      6.03      375.82
0202   100.9   818.5     21.74    100.0    1161   318     2.73      1.81     -2.04     6     -.2    1161     0   0   0   0    27.0185   -77.5488     3809     5.29      6.11      375.82
0203   101.4   819.1     21.77    100.0    1154   319     2.76      1.82     -2.07     6     -.1    1154     0   0   0   0    27.0185   -77.5488     3787     5.35      6.18      375.82
0204   101.9   819.7     21.79    100.0    1147   319     2.79      1.82     -2.11     6      .0    1147     0   0   0   0    27.0185   -77.5488     3765     5.40      6.24      375.82
0205   102.4   820.4     21.82    100.0    1140   320     2.80      1.80     -2.15     6      .1    1141     0   0   0   0    27.0185   -77.5488     3742     5.43      6.27      375.82
0206   102.9   821.0     21.84    100.0    1134   321     2.80      1.76     -2.17     6      .1    1134     0   0   0   0    27.0185   -77.5488     3721     5.43      6.27      375.81
0207   103.4   821.6     21.86    100.0    1127   322     2.78      1.71     -2.19     6      .1    1127     0   0   0   3    27.0185   -77.5488     3699     5.39      6.22      375.79
0208   103.9   822.2     21.88    100.0    1120   323     2.74      1.65     -2.19     6      .1    1121     0   0   0   0    27.0185   -77.5488     3677     5.32      6.15      375.77
0209   104.4   822.9     21.90    100.0    1114   324     2.70      1.60     -2.18     6      .0    1114     0   0   0   0    27.0184   -77.5488     3655     5.24      6.05      375.74
0210   104.9   823.5     21.92    100.0    1107   324     2.65      1.54     -2.16     6      .0    1107     0   0   0   0    27.0184   -77.5488     3633     5.14      5.94      375.70
0211   105.4   824.1     21.94    100.0    1100   325     2.60      1.50     -2.13     6     -.1    1101     0   0   0   0    27.0184   -77.5488     3611     5.05      5.83      375.66
0212   105.9   824.8     21.96    100.0    1093   325     2.56      1.48     -2.09     6     -.2    1094     0   0   0   0    27.0184   -77.5488     3588     4.96      5.73      375.63
0213   106.4   825.4     21.99    100.0    1086   324     2.51      1.48     -2.03     6     -.3    1087     0   0   0   0    27.0184   -77.5487     3565     4.87      5.63      375.62
0214   106.9   826.1     22.01    100.0    1079   323     2.46      1.49     -1.96     6     -.3    1080     0   0   0   0    27.0184   -77.5487     3542     4.78      5.52      375.62
0215   107.4   826.8     22.04    100.0    1072   321     2.41      1.51     -1.88     6     -.3    1073     0   0   0   0    27.0184   -77.5487     3519     4.67      5.39      375.62
0216   107.9   827.4     22.07    100.0    1065   319     2.35      1.53     -1.79     6     -.2    1066     0   0   0   0    27.0184   -77.5487     3497     4.56      5.27      375.63
0217   108.4   828.1     22.09    100.0    1059   318     2.30      1.55     -1.70     6     -.1    1059     0   0   0   0    27.0184   -77.5487     3474     4.46      5.15      375.64
0218   108.9   828.7     22.12    100.0    1052   316     2.26      1.56     -1.64     6     -.1    1052     0   0   0   0    27.0184   -77.5487     3452     4.39      5.07      375.63
0219   109.4   829.3     22.14    100.0    1045   316     2.25      1.57     -1.62     6     -.1    1045     0   0   0   0    27.0184   -77.5487     3430     4.37      5.04      375.62
0220   109.9   830.0     22.16    100.0    1038   316     2.27      1.58     -1.64     6     -.1    1039     0   0   0   0    27.0183   -77.5487     3408     4.41      5.09      375.60
0221   110.4   830.6     22.19    100.0    1032   317     2.33      1.59     -1.70     6     -.1    1032     0   0   0   0    27.0183   -77.5487     3386     4.52      5.21      375.59
0222   110.9   831.3     22.21    100.0    1025   318     2.41      1.61     -1.79     6     -.2    1025     0   0   0   0    27.0183   -77.5487     3364     4.67      5.40      375.59
0223   111.4   831.9     22.24    100.0    1018   319     2.50      1.63     -1.89     6     -.3    1018     0   0   0   0    27.0183   -77.5487     3342     4.85      5.60      375.61
0224   111.9   832.6     22.27    100.0    1011   320     2.58      1.65     -1.98     6     -.4    1012     0   0   0   0    27.0183   -77.5487     3319     5.00      5.78      375.64
0225   112.4   833.2     22.30    100.0    1004   321     2.63      1.66     -2.03     6     -.5    1005     0   0   0   0    27.0183   -77.5487     3296     5.10      5.88      375.67
0226   112.9   833.9     22.34    100.0     997   321     2.63      1.66     -2.05     6     -.5     997     0   0   0   3    27.0183   -77.5486     3273     5.10      5.89      375.71
0227   113.4   834.6     22.37    100.0     990   321     2.59      1.63     -2.01     6     -.5     990     0   0   0   0    27.0183   -77.5486     3249     5.03      5.81      375.73
0228   113.9   835.2     22.39    100.0     983   321     2.53      1.61     -1.95     6     -.5     983     0   0   0   0    27.0183   -77.5486     3226     4.91      5.67      375.73
0229   114.4   835.9     22.42    100.0     976   320     2.46      1.58     -1.89     6     -.5     976     0   0   0   0    27.0183   -77.5486     3203     4.78      5.51      375.71
0230   114.9   836.6     22.44    100.0     969   319     2.41      1.58     -1.83     6     -.4     969     0   0   0   0    27.0183   -77.5486     3181     4.68      5.40      375.69
0231   115.4   837.2     22.46    100.0     962   318     2.40      1.60     -1.79     6     -.4     963     0   0   0   0    27.0183   -77.5486     3158     4.66      5.38      375.67
0232   115.9   837.9     22.48    100.0     955   317     2.44      1.66     -1.79     6     -.3     956     0   0   0   0    27.0182   -77.5486     3136     4.73      5.46      375.66
0233   116.4   838.5     22.51    100.0     949   316     2.51      1.74     -1.81     6     -.3     949     0   0   0   3    27.0182   -77.5486     3113     4.87      5.63      375.67
0234   116.9   839.2     22.55    100.0     942   315     2.60      1.83     -1.85     6     -.3     942     0   0   0   0    27.0182   -77.5486     3091     5.05      5.83      375.71
0235   117.4   839.9     22.58    100.0     935   315     2.68      1.91     -1.88     6     -.3     935     0   0   0   0    27.0182   -77.5486     3068     5.21      6.01      375.77
0236   117.9   840.5     22.62    100.0     928   314     2.73      1.96     -1.89     6     -.3     928     0   0   0   0    27.0182   -77.5486     3046     5.29      6.11      375.84
0237   118.4   841.2     22.66    100.0     921   314     2.72      1.96     -1.88     6     -.3     921     0   0   0   0    27.0182   -77.5486     3023     5.27      6.08      375.90
0238   118.9   841.8     22.69    100.0     914   314     2.65      1.91     -1.83     6     -.3     915     0   0   0   0    27.0182   -77.5486     3000     5.13      5.93      375.93
0239   119.4   842.5     22.71    100.0     907   314     2.53      1.80     -1.77     6     -.3     908     0   0   0   0    27.0182   -77.5485     2978     4.90      5.66      375.92
0240   119.9   843.2     22.73    100.0     900   315     2.38      1.68     -1.69     6     -.3     901     0   0   0   0    27.0182   -77.5485     2955     4.62      5.33      375.88
0241   120.4   843.8     22.74    100.0     894   316     2.24      1.55     -1.62     6     -.2     894     0   0   0   0    27.0182   -77.5485     2933     4.35      5.02      375.79
0242   120.9   844.5     22.75    100.0     887   317     2.13      1.45     -1.56     6     -.2     887     0   0   0   0    27.0182   -77.5485     2911     4.14      4.78      375.68
0243   121.4   845.1     22.75    100.0     880   318     2.07      1.40     -1.53     6     -.1     880     0   0   0   0    27.0182   -77.5485     2889     4.02      4.64      375.56
0244   121.9   845.8     22.75    100.0     873   317     2.06      1.40     -1.51     6     -.1     874     0   0   0   0    27.0182   -77.5485     2866     4.00      4.62      375.44
0245   122.4   846.4     22.76    100.0     867   316     2.09      1.45     -1.51     6     -.1     867     0   0   0   0    27.0181   -77.5485     2844     4.06      4.69      375.34
0246   122.9   847.1     22.77    100.0     860   314     2.15      1.54     -1.50     6      .0     860     0   0   0   0    27.0181   -77.5485     2823     4.18      4.82      375.27
0247   123.4   847.7     22.79    100.0     853   312     2.22      1.65     -1.48     6      .0     854     0   0   0   0    27.0181   -77.5485     2801     4.31      4.97      375.22
0248   123.9   848.3     22.81    100.0     847   309     2.27      1.76     -1.44     6      .0     847     0   0   0   0    27.0181   -77.5485     2779     4.41      5.09      375.19
0249   124.4   849.0     22.83    100.0     840   307     2.29      1.84     -1.37     6      .0     840     0   0   0   3    27.0181   -77.5485     2757     4.45      5.14      375.16
0250   124.9   849.6     22.85    100.0     833   304     2.28      1.89     -1.28     6      .0     834     0   0   0   0    27.0181   -77.5485     2735     4.43      5.11      375.14
0251   125.4   850.3     22.87    100.0     827   302     2.23      1.90     -1.17     6     -.1     827     0   0   0   0    27.0181   -77.5485     2713     4.33      5.00      375.10
0252   125.9   850.9     22.88    100.0     820   299     2.16      1.89     -1.05     6     -.1     820     0   0   0   0    27.0181   -77.5484     2691     4.19      4.84      375.05
0253   126.4   851.6     22.90    100.0     813   297     2.07      1.84      -.95     6     -.2     813     0   0   0   0    27.0181   -77.5484     2669     4.02      4.64      374.99
0254   126.9   852.2     22.91    100.0     806   296     1.97      1.78      -.86     6     -.2     807     0   0   0   0    27.0181   -77.5484     2647     3.83      4.42      374.92
0255   127.4   852.9     22.92    100.0     800   295     1.88      1.71      -.79     6     -.3     800     0   0   0   0    27.0181   -77.5484     2625     3.65      4.22      374.86
0256   127.9   853.6     22.94    100.0     793   295     1.80      1.63      -.77     6     -.3     793     0   0   0   3    27.0181   -77.5484     2602     3.50      4.04      374.80
0257   128.4   854.2     22.96    100.0     786   296     1.74      1.57      -.77     6     -.3     786     0   0   0   0    27.0181   -77.5484     2580     3.38      3.90      374.75
0258   128.9   854.9     22.98    100.0     779   298     1.70      1.50      -.79     6     -.3     779     0   0   0   0    27.0181   -77.5484     2557     3.30      3.81      374.72
0259   129.4   855.6     23.00    100.0     772   300     1.67      1.45      -.83     6     -.3     772     0   0   0   0    27.0181   -77.5484     2534     3.25      3.75      374.70
0260   129.9   856.2     23.02    100.0     765   302     1.66      1.41      -.87     6     -.3     766     0   0   0   0    27.0181   -77.5484     2512     3.22      3.72      374.70
0261   130.4   856.9     23.05    100.0     758   303     1.65      1.38      -.91     6     -.2     759     0   0   0   0    27.0181   -77.5484     2490     3.20      3.70      374.69
0262   130.9   857.6     23.07    100.0     752   304     1.64      1.36      -.93     6     -.2     752     0   0   0   0    27.0181   -77.5484     2468     3.19      3.68      374.69
0263   131.4   858.2     23.10    100.0     745   305     1.63      1.34      -.93     6     -.2     745     0   0   0   0    27.0181   -77.5484     2446     3.17      3.66      374.68
0264   131.9   858.9     23.12    100.0     738   304     1.62      1.34      -.91     6     -.2     739     0   0   0   0    27.0181   -77.5484     2424     3.14      3.63      374.67
0265   132.4   859.5     23.14    100.0     732   303     1.60      1.35      -.86     6     -.2     732     0   0   0   0    27.0181   -77.5483     2402     3.11      3.59      374.64
0266   132.9   860.2     23.16    100.0     725   301     1.59      1.37      -.81     6     -.2     725     0   0   0   0    27.0181   -77.5483     2380     3.08      3.55      374.62
0267   133.4   860.8     23.18    100.0     718   298     1.58      1.40      -.74     6     -.3     719     0   0   0   0    27.0180   -77.5483     2358     3.06      3.54      374.59
0268   133.9   861.5     23.20    100.0     711   295     1.58      1.44      -.67     6     -.4     712     0   0   0   0    27.0180   -77.5483     2335     3.07      3.55      374.58
0269   134.4   862.2     23.23    100.0     705   292     1.60      1.48      -.60     6     -.4     705     0   0   0   0    27.0180   -77.5483     2313     3.10      3.58      374.58
0270   134.9   862.9     23.26    100.0     698   289     1.62      1.53      -.54     6     -.4     698     0   0   0   0    27.0180   -77.5483     2290     3.15      3.63      374.60
0271   135.4   863.5     23.29    100.0     691   287     1.65      1.57      -.49     6     -.4     691     0   0   0   0    27.0180   -77.5483     2268     3.19      3.69      374.64
0272   135.9   864.2     23.33    100.0     684   286     1.66      1.59      -.47     6     -.4     684     0   0   0   0    27.0180   -77.5483     2245     3.22      3.72      374.71
0273   136.4   864.9     23.37    100.0     677   286     1.66      1.59      -.47     6     -.4     678     0   0   0   0    27.0180   -77.5483     2223     3.22      3.72      374.79
0274   136.9   865.5     23.41    100.0     670   287     1.65      1.57      -.49     6     -.4     671     0   0   0   0    27.0180   -77.5483     2201     3.19      3.69      374.87
0275   137.4   866.2     23.45    100.0     664   289     1.62      1.53      -.53     6     -.4     664     0   0   0   0    27.0180   -77.5483     2178     3.14      3.63      374.94
0276   137.9   866.9     23.48    100.0     657   292     1.59      1.48      -.59     6     -.4     657     0   0   0   0    27.0180   -77.5483     2156     3.09      3.57      375.00
0277   138.4   867.5     23.51    100.0     650   295     1.57      1.42      -.65     6     -.4     650     0   0   0   0    27.0180   -77.5483     2134     3.04      3.51      375.03
0278   138.9   868.2     23.54    100.0     643   297     1.55      1.38      -.71     6     -.4     643     0   0   0   0    27.0180   -77.5482     2111     3.01      3.47      375.04
0279   139.4   868.9     23.57    100.0     636   299     1.54      1.35      -.75     6     -.4     637     0   0   0   0    27.0180   -77.5482     2089     2.99      3.45      375.04
0280   139.9   869.6     23.59    100.0     629   300     1.53      1.33      -.76     6     -.5     630     0   0   0   0    27.0180   -77.5482     2066     2.97      3.42      375.02
0281   140.4   870.3     23.61    100.0     623   299     1.51      1.33      -.73     6     -.5     623     0   0   0   0    27.0180   -77.5482     2044     2.93      3.39      375.01
0282   140.9   870.9     23.64    100.0     616   297     1.49      1.33      -.66     6     -.5     616     0   0   0   0    27.0180   -77.5482     2021     2.88      3.33      375.01
0283   141.4   871.6     23.67    100.0     609   293     1.45      1.33      -.57     6     -.5     609     0   0   0   0    27.0180   -77.5482     1999     2.82      3.25      375.02
0284   141.9   872.3     23.69    100.0     602   289     1.42      1.34      -.47     6     -.5     602     0   0   0   0    27.0180   -77.5482     1977     2.75      3.17      375.03
0285   142.4   873.0     23.72    100.0     595   285     1.38      1.34      -.36     6     -.5     596     0   0   0   0    27.0180   -77.5482     1954     2.69      3.10      375.05
0286   142.9   873.6     23.75    100.0     588   282     1.36      1.33      -.28     6     -.5     589     0   0   0   0    27.0180   -77.5482     1931     2.64      3.05      375.07
0287   143.4   874.3     23.78    100.0     581   280     1.35      1.33      -.22     6     -.5     582     0   0   0   0    27.0180   -77.5482     1909     2.62      3.03      375.07
0288   143.9   875.0     23.80    100.0     575   279     1.35      1.33      -.20     6     -.5     575     0   0   0   0    27.0180   -77.5482     1886     2.62      3.02      375.07
0289   144.4   875.7     23.83    100.0     568   279     1.35      1.33      -.21     6     -.4     568     0   0   0   0    27.0180   -77.5482     1864     2.62      3.03      375.07
0290   144.9   876.4     23.85    100.0     561   281     1.36      1.33      -.25     6     -.4     561     0   0   0   0    27.0180   -77.5482     1842     2.63      3.04      375.06
0291   145.4   877.0     23.88    100.0     554   283     1.35      1.32      -.30     6     -.3     555     0   0   0   0    27.0180   -77.5481     1819     2.63      3.03      375.06
0292   145.9   877.7     23.90    100.0     547   285     1.34      1.30      -.34     6     -.3     548     0   0   0   0    27.0180   -77.5481     1797     2.60      3.00      375.06
0293   146.4   878.4     23.93    100.0     541   287     1.32      1.26      -.38     6     -.2     541     0   0   0   0    27.0180   -77.5481     1775     2.55      2.95      375.06
0294   146.9   879.0     23.95    100.0     534   288     1.28      1.22      -.39     6     -.2     535     0   0   0   0    27.0180   -77.5481     1754     2.48      2.86      375.07
0295   147.4   879.7     23.98    100.0     528   287     1.24      1.18      -.37     6     -.1     528     0   0   0   0    27.0180   -77.5481     1732     2.40      2.77      375.09
0296   147.9   880.4     24.01    100.0     521   286     1.21      1.16      -.33     6     -.1     521     0   0   0   0    27.0180   -77.5481     1710     2.35      2.71      375.12
0297   148.4   881.0     24.04    100.0     514   283     1.20      1.17      -.27     6     -.1     515     0   0   0   0    27.0180   -77.5481     1689     2.33      2.69      375.15
0298   148.9   881.7     24.07    100.0     508   279     1.22      1.21      -.19     6     -.1     508     0   0   0   0    27.0180   -77.5481     1667     2.38      2.74      375.18
0299   149.4   882.3     24.10    100.0     501   276     1.27      1.27      -.12     6     -.1     501     0   0   0   3    27.0180   -77.5481     1645     2.47      2.86      375.22
0300   149.9   883.0     24.13    100.0     494   273     1.34      1.34      -.07     6     -.1     495     0   0   0   0    27.0180   -77.5481     1624     2.60      3.00      375.25
0301   150.4   883.7     24.16    100.0     488   271     1.40      1.40      -.04     6     -.1     488     0   0   0   0    27.0180   -77.5481     1602     2.72      3.14      375.27
0302   150.9   884.3     24.19    100.0     481   271     1.44      1.44      -.04     6     -.1     482     0   0   0   0    27.0180   -77.5481     1580     2.79      3.22      375.27
0303   151.4   885.0     24.21    100.0     475   273     1.45      1.45      -.07     6     -.1     475     0   0   0   0    27.0180   -77.5481     1558     2.81      3.24      375.25
0304   151.9   885.7     24.22    100.0     468   275     1.43      1.42      -.13     6      .0     468     0   0   0   0    27.0180   -77.5480     1536     2.77      3.19      375.20
0305   152.4   886.3     24.24    100.0     461   278     1.38      1.37      -.20     6      .0     462     0   0   0   0    27.0180   -77.5480     1515     2.68      3.10      375.15
0306   152.9   887.0     24.25    100.0     455   282     1.33      1.30      -.27     6      .1     455     0   0   0   0    27.0180   -77.5480     1493     2.59      2.99      375.10
0307   153.4   887.6     24.27    100.0     448   284     1.28      1.24      -.32     6      .1     449     0   0   0   0    27.0180   -77.5480     1472     2.49      2.88      375.06
0308   153.9   888.3     24.29    100.0     442   286     1.24      1.20      -.33     6      .1     442     0   0   0   0    27.0180   -77.5480     1451     2.41      2.79      375.04
0309   154.4   888.9     24.32    100.0     436   285     1.22      1.18      -.31     6      .1     436     0   0   0   0    27.0180   -77.5480     1430     2.36      2.73      375.05
0310   154.9   889.6     24.34    100.0     429   283     1.21      1.18      -.27     6      .1     430     0   0   0   0    27.0180   -77.5480     1409     2.35      2.72      375.08
0311   155.4   890.2     24.38    100.0     423   280     1.23      1.21      -.21     6      .0     423     0   0   0   0    27.0180   -77.5480     1388     2.39      2.76      375.13
0312   155.9   890.9     24.41    100.0     416   278     1.27      1.26      -.17     6     -.1     416     0   0   0   0    27.0180   -77.5480     1366     2.46      2.84      375.19
0313   156.4   891.5     24.45    100.0     409   277     1.32      1.31      -.16     6     -.1     410     0   0   0   0    27.0180   -77.5480     1345     2.55      2.95      375.24
0314   156.9   892.2     24.48    100.0     403   278     1.37      1.36      -.19     6     -.1     403     0   0   0   0    27.0180   -77.5480     1323     2.65      3.07      375.28
0315   157.4   892.9     24.51    100.0     396   280     1.42      1.40      -.24     6     -.1     396     0   0   0   0    27.0180   -77.5480     1301     2.75      3.18      375.31
0316   157.9   893.6     24.54    100.0     389   282     1.46      1.43      -.31     6     -.1     390     0   0   0   0    27.0180   -77.5480     1279     2.84      3.27      375.32
0317   158.4   894.2     24.56    100.0     383   284     1.50      1.45      -.37     6      .0     383     0   0   0   0    27.0180   -77.5480     1257     2.91      3.36      375.33
0318   158.9   894.9     24.58    100.0     376   285     1.52      1.47      -.38     6      .1     377     0   0   0   0    27.0180   -77.5479     1236     2.96      3.41      375.32
0319   159.4   895.6     24.61    100.0     370   283     1.54      1.50      -.34     6      .1     370     0   0   0   0    27.0180   -77.5479     1215     2.99      3.46      375.31
0320   159.9   896.2     24.63    100.0     364   279     1.57      1.55      -.23     6      .2     364     0   0   0   0    27.0180   -77.5479     1194     3.04      3.51      375.30
0321   160.4   896.8     24.65    100.0     357   273     1.62      1.62      -.08     6      .2     358     0   0   0   0    27.0180   -77.5479     1173     3.14      3.63      375.28
0322   160.9   897.5     24.67    100.0     351   266     1.71      1.71       .11     7      .2     351     0   0   0   0    27.0180   -77.5479     1153     3.32      3.83      375.25
0323   161.4   898.1     24.68    100.0     344   261     1.84      1.82       .28     7      .1     345     0   0   0   0    27.0180   -77.5479     1131     3.56      4.12      375.23
0324   161.9   898.8     24.70    100.0     338   258     1.98      1.93       .42     7      .0     338     0   0   0   0    27.0180   -77.5479     1110     3.84      4.43      375.20
0325   162.4   899.5     24.73    100.0     331   256     2.11      2.04       .52     7      .0     332     0   0   0   0    27.0180   -77.5479     1089     4.09      4.72      375.19
0326   162.9   900.1     24.75    100.0     325   255     2.20      2.13       .56     7     -.1     325     0   0   0   0    27.0180   -77.5479     1067     4.27      4.92      375.18
0327   163.4   900.8     24.78    100.0     318   256     2.24      2.17       .55     7     -.1     319     0   0   0   0    27.0180   -77.5479     1045     4.35      5.02      375.19
0328   163.9   901.5     24.80    100.0     312   257     2.23      2.17       .52     7     -.1     312     0   0   0   0    27.0180   -77.5479     1023     4.32      4.99      375.21
0329   164.4   902.2     24.83    100.0     305   258     2.16      2.11       .47     7      .0     305     0   0   0   0    27.0180   -77.5479     1002     4.20      4.85      375.23
0330   164.9   902.8     24.86    100.0     299   258     2.06      2.02       .41     7      .0     299     0   0   0   0    27.0180   -77.5479      981     4.00      4.62      375.25
0331   165.4   903.5     24.89    100.0     292   259     1.94      1.90       .37     7      .1     292     0   0   0   0    27.0180   -77.5478      960     3.76      4.34      375.27
0332   165.9   904.1     24.91    100.0     286   259     1.82      1.78       .33     7      .1     286     0   0   0   0    27.0180   -77.5478      939     3.52      4.07      375.27
0333   166.4   904.8     24.93    100.0     279   260     1.71      1.69       .30     7      .2     280     0   0   0   0    27.0180   -77.5478      918     3.32      3.84      375.27
0334   166.9   905.4     24.95    100.0     273   261     1.64      1.62       .26     7      .2     273     0   0   0   0    27.0180   -77.5478      897     3.18      3.68      375.26
0335   167.4   906.1     24.98    100.0     267   262     1.61      1.59       .21     7      .2     267     0   0   0   0    27.0180   -77.5478      876     3.11      3.60      375.25
0336   167.9   906.7     25.00    100.0     260   265     1.60      1.59       .15     7      .1     261     0   0   0   0    27.0180   -77.5478      855     3.11      3.59      375.24
0337   168.4   907.4     25.02    100.0     254   267     1.62      1.62       .09     7      .1     254     0   0   0   0    27.0180   -77.5478      834     3.15      3.63      375.23
0338   168.9   908.1     25.04    100.0     247   269     1.66      1.66       .02     7      .1     248     0   0   0   0    27.0180   -77.5478      813     3.21      3.71      375.23
0339   169.4   908.7     25.07    100.0     241   271     1.70      1.70      -.03     7      .1     241     0   0   0   0    27.0180   -77.5478      791     3.29      3.80      375.22
0340   169.9   909.4     25.09    100.0     234   272     1.74      1.74      -.06     7      .1     235     0   0   0   0    27.0180   -77.5478      770     3.37      3.89      375.22
0341   170.4   910.0     25.11    100.0     228   272     1.77      1.77      -.07     7      .1     228     0   0   0   0    27.0180   -77.5478      749     3.44      3.97      375.21
0342   170.9   910.7     25.13    100.0     221   272     1.81      1.81      -.05     7      .1     222     0   0   0   0    27.0180   -77.5478      728     3.51      4.05      375.20
0343   171.4   911.4     25.15    100.0     215   270     1.84      1.84      -.01     7      .1     215     0   0   0   0    27.0180   -77.5478      707     3.57      4.12      375.18
0344   171.9   912.0     25.17    100.0     209   268     1.87      1.87       .06     7      .1     209     0   0   0   0    27.0180   -77.5477      686     3.63      4.19      375.15
0345   172.4   912.7     25.19    100.0     202   266     1.90      1.90       .15     7      .2     203     0   0   0   0    27.0180   -77.5477      665     3.69      4.26      375.12
0346   172.9   913.3     25.21    100.0     196   263     1.93      1.92       .24     7      .2     196     0   0   0   0    27.0180   -77.5477      644     3.75      4.33      375.10
0347   173.4   914.0     25.23    100.0     190   260     1.96      1.93       .33     7      .2     190     0   0   0   0    27.0180   -77.5477      623     3.80      4.39      375.08
0348   173.9   914.7     25.25    100.0     183   258     1.99      1.94       .41     7      .2     184     0   0   0   0    27.0180   -77.5477      602     3.85      4.45      375.06
0349   174.4   915.3     25.27    100.0     177   256     2.01      1.95       .48     7      .2     177     0   0   0   0    27.0180   -77.5477      581     3.90      4.51      375.06
0350   174.9   916.0     25.30    100.0     170   255     2.04      1.97       .53     7      .2     171     0   0   0   0    27.0180   -77.5477      560     3.96      4.57      375.07
0351   175.4   916.6     25.32    100.0     164   254     2.07      1.99       .57     7      .2     165     0   0   0   0    27.0180   -77.5477      540     4.01      4.64      375.08
0352   175.9   917.3     25.35    100.0     158   254     2.10      2.02       .59     7      .2     158     0   0   0   0    27.0180   -77.5477      519     4.08      4.71      375.11
0353   176.4   917.9     25.38    100.0     152   254     2.13      2.05       .60     7      .2     152     0   0   0   0    27.0180   -77.5477      498     4.14      4.78      375.15
0354   176.9   918.6     25.42    100.0     145   254     2.17      2.08       .61     7      .2     146     0   0   0   0    27.0180   -77.5477      478     4.20      4.85      375.20
0355   177.4   919.2     25.45    100.0     139   254     2.19      2.10       .62     7      .2     139     0   0   0   0    27.0180   -77.5477      457     4.26      4.91      375.28
0356   177.9   919.9     25.49    100.0     132   253     2.22      2.12       .63     7      .1     133     0   0   0   0    27.0180   -77.5477      436     4.30      4.96      375.37
0357   178.4   920.6     25.53    100.0     126   253     2.23      2.14       .64     7      .2     126     0   0   0   0    27.0180   -77.5476      415     4.33      5.00      375.48
0358   178.9   921.2     25.58    100.0     120   253     2.24      2.14       .65     7      .2     120     0   0   0   0    27.0180   -77.5476      394     4.35      5.02      375.62
0359   179.4   921.9     25.63    100.0     113   253     2.25      2.16       .65     7      .2     114     0   0   0   0    27.0180   -77.5476      373     4.37      5.04      375.77
0360   179.9   922.6     25.68    100.0     107   253     2.27      2.17       .65     7      .3     107     0   0   0   0    27.0180   -77.5476      352     4.40      5.08      375.94
0361   180.4   923.2     25.74    100.0     101   254     2.30      2.20       .65     7      .3     101     0   0   0   0    27.0180   -77.5476      331     4.45      5.14      376.13
0362   180.9   923.9     25.80    100.0      94   254     2.32      2.23       .65     7      .4      95     0   0   0   0    27.0180   -77.5476      311     4.51      5.21      376.32
0363   181.4   924.5     25.85    100.0      88   254     2.34      2.25       .66     7      .3      89     0   0   0   0    27.0180   -77.5476      291     4.54      5.25      376.52
0364   181.9   925.1     25.91    100.0      82   253     2.33      2.23       .67     7      .3      82     0   0   0   0    27.0180   -77.5476      271     4.52      5.21      376.71
0365   182.4   925.8     25.96    100.0      76   252     2.27      2.17       .68     7      .2      76     0   0   0   0    27.0180   -77.5476      250     4.41      5.09      376.89
0366   182.9   926.5     26.01    100.0      70   251     2.18      2.07       .71     7      .1      70     0   0   0   0    27.0180   -77.5476      230     4.24      4.89      377.06
0367   183.4   927.1     26.07    100.0      63   249     2.09      1.95       .73     7      .0      64     0   0   0   0    27.0180   -77.5476      209     4.05      4.67      377.23
0368   183.9   927.8     26.12    100.0      57   248     2.01      1.86       .77     7     -.1      57     0   0   0   0    27.0180   -77.5476      187     3.90      4.50      377.40
0369   184.4   928.5     26.17    100.0      50   246     1.97      1.80       .80     7     -.2      50     0   0   0   0    27.0181   -77.5476      166     3.82      4.41      377.58
0370   184.9   929.2     26.23    100.0      44   245     1.96      1.77       .83     7     -.2      44     0   0   0   0    27.0181   -77.5475      144     3.80      4.38      377.75
0371   185.4   929.9     26.28    100.0      37   244     1.95      1.76       .84     7     -.2      37     0   0   0   0    27.0181   -77.5475      123     3.79      4.37      377.92
0372   185.9   930.5     26.33    100.0      30   244     1.94      1.74       .85     7     -.1      31     0   0   0   0    27.0181   -77.5475      101     3.76      4.34      378.07
0373   186.4   931.2     26.38    100.0      24   244     1.91      1.72       .84     7      .0      24     0   0   0   0    27.0181   -77.5475       79     3.71      4.28      378.22
0374   186.9   931.9     26.43    100.0      17   244     1.85      1.66       .82     7      .0      18     0   0   0   0    27.0181   -77.5475       58     3.58      4.14      378.39
0375   187.4   932.6     26.48    100.0      11   240     1.79      1.55       .90     7      .1      12     0   0   0   0    27.0181   -77.5475       38     3.48      4.02      378.60
0376   187.9   933.2     26.58    100.0       5   226     1.63      1.18      1.13     7      .2       5     0   0   0   0    27.0181   -77.5475       18     3.16      3.65      379.02
