 ===========================================================================
 DROPWINDSONDE PROCESSING RECORD                            Sonde: 990415379
 PDS file written Mar 31, 2000.                             Format:    V5.03
 Aircraft: N43RF                             Date: 990913   Time: 201207 UTC
 ---------------------------------------------------------------------------
 Bias corrections:  PR =    .0 mb  TE =    .0 C  RH =    .0 %  PRB =   .0 mb
 Filters (LPF):     PTH =   5 s    WIND =   5 s       Hyd anchor =       SFC
 RH T-compensation =  Y     WSHR COR =      Y         Splash PR  =  996.6 mb
 Estimated PR used =  N     GPS VERR =    .28 m/s     HYD SFCP   =  999.1 mb
 Dyn T correction  =  Y     WGACORR  =    1.6 m       AC GA ADJ  =     .0 m
 ---------------------------------------------------------------------------
 COMMENTS: Northern point; no winds from f/l to 812 mb--bad GPS signal.
 ===========================================================================

 ===========================================================================
 Date: 990913   Lat:  26.26 N   TA:    6.7 C   PS:  642.8 mb   WD:    86 deg
 Time: 201207   Lon:  73.30 W   TD:    3.8 C   GA:   3761 m    WS:  36.3 m/s
 SID:  990415379                RH:   81.6 %   Navaid:   GP          
 ===========================================================================

IX      t (s)  P (mb)    T (C)    RH (%)  Z (m)   WD    WS (m/s)   U (m/s)   V (m/s)  NS  WZ (m/s)  ZW (m)   FP  FT  FH  FW    LAT (N)   LON (E)
0001      .5   643.7      6.74     81.7    3732  -999  -999.00   -999.00   -999.00  -999  -999.0    3733     3   3   3   0      26.262   -73.298
0002     1.0   644.6      6.79     81.9    3720  -999  -999.00   -999.00   -999.00  -999  -999.0    3722     3   3   3   0      26.262   -73.298
0003     1.5   645.5      6.83     82.0    3709  -999  -999.00   -999.00   -999.00  -999  -999.0    3710     3   3   3   0      26.262   -73.298
0004     2.0   646.4      6.88     82.2    3697  -999  -999.00   -999.00   -999.00  -999  -999.0    3699     3   3   3   0      26.262   -73.299
0005     2.5   647.3      6.93     82.3    3686  -999  -999.00   -999.00   -999.00  -999  -999.0    3687     3   3   3   0      26.262   -73.299
0006     3.0   648.2      6.97     82.5    3674  -999  -999.00   -999.00   -999.00  -999  -999.0    3676     3   3   3   0      26.262   -73.299
0007     3.5   649.1      7.02     82.6    3663  -999  -999.00   -999.00   -999.00  -999  -999.0    3664     3   3   3   0      26.262   -73.299
0008     4.0   650.0      7.06     82.8    3651  -999  -999.00   -999.00   -999.00  -999  -999.0    3653     3   3   3   0      26.262   -73.299
0009     4.5   650.9      7.11     82.9    3640  -999  -999.00   -999.00   -999.00  -999  -999.0    3641     3   3   3   0      26.262   -73.300
0010     5.0   651.8      7.15     83.1    3628  -999  -999.00   -999.00   -999.00  -999  -999.0    3630     3   3   3   0      26.262   -73.300
0011     5.5   652.7      7.20     83.2    3617  -999  -999.00   -999.00   -999.00  -999  -999.0    3619     3   3   3   0      26.262   -73.300
0012     6.0   653.6      7.24     83.4    3605  -999  -999.00   -999.00   -999.00  -999  -999.0    3607     3   3   3   0      26.262   -73.300
0013     6.5   654.6      7.28     83.5    3594  -999  -999.00   -999.00   -999.00  -999  -999.0    3596     3   3   3   0      26.262   -73.300
0014     7.0   655.5      7.33     83.7    3583  -999  -999.00   -999.00   -999.00  -999  -999.0    3584     3   3   3   0      26.262   -73.300
0015     7.5   656.4      7.37     83.8    3571  -999  -999.00   -999.00   -999.00  -999  -999.0    3573     3   3   3   0      26.262   -73.301
0016     8.0   657.3      7.42     84.0    3560  -999  -999.00   -999.00   -999.00  -999  -999.0    3562     3   3   3   0      26.262   -73.301
0017     8.5   658.2      7.46     84.1    3549  -999  -999.00   -999.00   -999.00  -999  -999.0    3550     3   3   3   0      26.262   -73.301
0018     9.0   659.1      7.51     84.2    3537  -999  -999.00   -999.00   -999.00  -999  -999.0    3539     3   3   3   0      26.262   -73.301
0019     9.5   660.0      7.55     84.3    3526  -999  -999.00   -999.00   -999.00  -999  -999.0    3528     3   3   3   0      26.262   -73.301
0020    10.0   660.9      7.60     84.4    3515  -999  -999.00   -999.00   -999.00  -999  -999.0    3516     3   3   3   0      26.262   -73.302
0021    10.5   661.8      7.64     84.6    3503  -999  -999.00   -999.00   -999.00  -999  -999.0    3505     3   3   3   0      26.262   -73.302
0022    11.0   662.7      7.69     84.8    3492  -999  -999.00   -999.00   -999.00  -999  -999.0    3493     3   3   3   0      26.262   -73.302
0023    11.5   663.6      7.73     85.2    3480  -999  -999.00   -999.00   -999.00  -999  -999.0    3482     3   3   3   0      26.262   -73.302
0024    12.0   664.5      7.78     85.6    3469  -999  -999.00   -999.00   -999.00  -999  -999.0    3471     3   3   3   0      26.262   -73.302
0025    12.5   665.4      7.82     85.9    3459  -999  -999.00   -999.00   -999.00  -999  -999.0    3460     3   3   3   0      26.262   -73.302
0026    13.0   666.2      7.86     86.0    3448  -999  -999.00   -999.00   -999.00  -999  -999.0    3449     3   3   3   0      26.262   -73.303
0027    13.5   667.1      7.91     85.8    3437  -999  -999.00   -999.00   -999.00  -999  -999.0    3439     3   3   0   0      26.262   -73.303
0028    14.0   668.0      7.96     85.1    3426  -999  -999.00   -999.00   -999.00  -999  -999.0    3427     3   3   0   0      26.262   -73.303
0029    14.5   669.0      8.01     84.0    3414  -999  -999.00   -999.00   -999.00  -999  -999.0    3415     3   3   0   0      26.262   -73.303
0030    15.0   670.0      8.06     82.6    3401  -999  -999.00   -999.00   -999.00  -999  -999.0    3403     3   3   0   0      26.262   -73.303
0031    15.5   671.1      8.12     81.1    3388  -999  -999.00   -999.00   -999.00  -999  -999.0    3389     3   3   0   0      26.262   -73.304
0032    16.0   672.2      8.18     79.7    3374  -999  -999.00   -999.00   -999.00  -999   -11.8    3376     0   0   0   0      26.262   -73.304
0033    16.5   673.3      8.23     78.6    3360  -999  -999.00   -999.00   -999.00  -999   -11.8    3362     0   0   0   0      26.262   -73.304
0034    17.0   674.5      8.28     77.9    3346  -999  -999.00   -999.00   -999.00  -999   -11.6    3348     0   0   0   0      26.262   -73.304
0035    17.5   675.6      8.33     77.6    3333  -999  -999.00   -999.00   -999.00  -999   -11.2    3335     0   0   0   0      26.262   -73.304
0036    18.0   676.6      8.37     77.7    3320  -999  -999.00   -999.00   -999.00  -999   -10.7    3322     0   0   0   0      26.262   -73.304
0037    18.5   677.6      8.41     77.9    3308  -999  -999.00   -999.00   -999.00  -999   -10.2    3310     0   0   0   0      26.262   -73.305
0038    19.0   678.6      8.46     78.2    3296  -999  -999.00   -999.00   -999.00  -999    -9.7    3298     0   0   0   0      26.262   -73.305
0039    19.5   679.5      8.51     78.5    3285  -999  -999.00   -999.00   -999.00  -999    -9.5    3286     3   3   3   0      26.262   -73.305
0040    20.0   680.5      8.56     78.6    3273  -999  -999.00   -999.00   -999.00  -999    -9.3    3275     0   0   0   0      26.262   -73.305
0041    20.5   681.4      8.62     78.6    3261  -999  -999.00   -999.00   -999.00  -999    -9.2    3263     0   0   0   0      26.262   -73.305
0042    21.0   682.4      8.68     78.6    3249  -999  -999.00   -999.00   -999.00  -999    -9.2    3251     3   3   3   0      26.262   -73.306
0043    21.5   683.4      8.76     78.8    3237  -999  -999.00   -999.00   -999.00  -999    -9.1    3239     0   0   0   0      26.262   -73.306
0044    22.0   684.4      8.83     79.1    3225  -999  -999.00   -999.00   -999.00  -999    -8.9    3226     3   3   3   0      26.262   -73.306
0045    22.5   685.4      8.90     79.8    3213  -999  -999.00   -999.00   -999.00  -999    -8.7    3214     0   0   0   0      26.262   -73.306
0046    23.0   686.4      8.98     80.6    3201  -999  -999.00   -999.00   -999.00  -999    -8.4    3203     0   0   0   0      26.262   -73.306
0047    23.5   687.3      9.05     81.4    3190  -999  -999.00   -999.00   -999.00  -999    -8.1    3192     0   0   0   0      26.262   -73.307
0048    24.0   688.2      9.13     82.1    3179  -999  -999.00   -999.00   -999.00  -999    -7.8    3181     0   0   0   0      26.262   -73.307
0049    24.5   689.1      9.20     82.6    3168  -999  -999.00   -999.00   -999.00  -999    -7.6    3170     0   0   0   0      26.262   -73.307
0050    25.0   690.0      9.28     82.6    3157  -999  -999.00   -999.00   -999.00  -999    -7.5    3159     0   0   0   0      26.262   -73.307
0051    25.5   690.9      9.37     82.3    3147  -999  -999.00   -999.00   -999.00  -999    -7.4    3148     0   0   0   0      26.262   -73.307
0052    26.0   691.8      9.46     81.6    3136  -999  -999.00   -999.00   -999.00  -999    -7.5    3137     0   0   0   0      26.262   -73.307
0053    26.5   692.7      9.55     80.7    3125  -999  -999.00   -999.00   -999.00  -999    -7.6    3126     0   0   0   0      26.262   -73.308
0054    27.0   693.7      9.64     79.6    3113  -999  -999.00   -999.00   -999.00  -999    -7.7    3115     0   0   0   0      26.262   -73.308
0055    27.5   694.6      9.74     78.6    3102  -999  -999.00   -999.00   -999.00  -999    -7.9    3104     0   0   0   0      26.262   -73.308
0056    28.0   695.5      9.84     77.7    3091  -999  -999.00   -999.00   -999.00  -999    -8.1    3093     0   0   0   0      26.262   -73.308
0057    28.5   696.4      9.94     76.9    3080  -999  -999.00   -999.00   -999.00  -999    -8.3    3082     0   0   0   0      26.262   -73.308
0058    29.0   697.4     10.04     76.2    3069  -999  -999.00   -999.00   -999.00  -999    -8.7    3071     0   0   0   0      26.262   -73.309
0059    29.5   698.3     10.14     75.7    3057  -999  -999.00   -999.00   -999.00  -999    -9.1    3059     0   0   0   0      26.262   -73.309
0060    30.0   699.3     10.24     75.3    3046  -999  -999.00   -999.00   -999.00  -999    -9.4    3047     0   0   0   0      26.262   -73.309
0061    30.5   700.4     10.34     74.9    3034  -999  -999.00   -999.00   -999.00  -999    -9.7    3035     0   0   0   0      26.262   -73.309
0062    31.0   701.4     10.43     74.6    3021  -999  -999.00   -999.00   -999.00  -999    -9.9    3023     0   0   0   0      26.262   -73.309
0063    31.5   702.5     10.51     74.3    3008  -999  -999.00   -999.00   -999.00  -999    -9.8    3010     0   0   0   0      26.262   -73.309
0064    32.0   703.5     10.59     74.1    2996  -999  -999.00   -999.00   -999.00  -999    -9.5    2998     0   0   0   0      26.262   -73.310
0065    32.5   704.5     10.67     74.0    2984  -999  -999.00   -999.00   -999.00  -999    -9.1    2985     0   0   0   0      26.262   -73.310
0066    33.0   705.5     10.75     73.8    2972  -999  -999.00   -999.00   -999.00  -999    -8.5    2974     0   0   0   0      26.262   -73.310
0067    33.5   706.5     10.82     73.7    2961  -999  -999.00   -999.00   -999.00  -999    -8.0    2962     0   0   0   0      26.262   -73.310
0068    34.0   707.4     10.90     73.5    2950  -999  -999.00   -999.00   -999.00  -999    -7.5    2952     0   0   0   0      26.262   -73.310
0069    34.5   708.3     10.97     73.3    2940  -999  -999.00   -999.00   -999.00  -999    -7.2    2941     0   0   0   0      26.262   -73.311
0070    35.0   709.1     11.05     73.0    2930  -999  -999.00   -999.00   -999.00  -999    -7.2    2931     0   0   0   0      26.262   -73.311
0071    35.5   710.0     11.13     72.8    2919  -999  -999.00   -999.00   -999.00  -999    -7.3    2921     0   0   0   0      26.262   -73.311
0072    36.0   710.9     11.21     72.6    2908  -999  -999.00   -999.00   -999.00  -999    -7.6    2910     0   0   0   0      26.262   -73.311
0073    36.5   711.9     11.28     72.5    2897  -999  -999.00   -999.00   -999.00  -999    -8.0    2899     0   0   0   0      26.262   -73.311
0074    37.0   712.8     11.36     72.6    2886  -999  -999.00   -999.00   -999.00  -999    -8.3    2888     0   0   0   0      26.262   -73.312
0075    37.5   713.8     11.44     72.7    2874  -999  -999.00   -999.00   -999.00  -999    -8.5    2876     0   0   0   0      26.262   -73.312
0076    38.0   714.8     11.51     72.9    2862  -999  -999.00   -999.00   -999.00  -999    -8.5    2864     0   0   0   0      26.262   -73.312
0077    38.5   715.8     11.58     73.0    2851  -999  -999.00   -999.00   -999.00  -999    -8.5    2852     0   0   0   0      26.262   -73.312
0078    39.0   716.8     11.65     73.0    2839  -999  -999.00   -999.00   -999.00  -999    -8.3    2841     0   0   0   0      26.262   -73.312
0079    39.5   717.8     11.71     72.9    2828  -999  -999.00   -999.00   -999.00  -999    -8.2    2830     0   0   0   0      26.262   -73.313
0080    40.0   718.7     11.77     72.6    2817  -999  -999.00   -999.00   -999.00  -999    -8.0    2819     0   0   0   0      26.262   -73.313
0081    40.5   719.6     11.83     72.3    2806  -999  -999.00   -999.00   -999.00  -999    -8.0    2808     0   0   0   0      26.262   -73.313
0082    41.0   720.6     11.90     71.9    2796  -999  -999.00   -999.00   -999.00  -999    -8.0    2797     0   0   0   0      26.262   -73.313
0083    41.5   721.5     11.96     71.6    2785  -999  -999.00   -999.00   -999.00  -999    -8.1    2786     0   0   0   0      26.262   -73.313
0084    42.0   722.5     12.02     71.5    2773  -999  -999.00   -999.00   -999.00  -999    -8.3    2775     0   0   0   0      26.262   -73.313
0085    42.5   723.5     12.08     71.6    2762  -999  -999.00   -999.00   -999.00  -999    -8.5    2764     0   0   0   0      26.262   -73.314
0086    43.0   724.5     12.14     72.0    2750  -999  -999.00   -999.00   -999.00  -999    -8.6    2752     0   0   0   0      26.262   -73.314
0087    43.5   725.5     12.18     72.5    2739  -999  -999.00   -999.00   -999.00  -999    -8.6    2740     0   0   0   0      26.262   -73.314
0088    44.0   726.5     12.22     73.1    2727  -999  -999.00   -999.00   -999.00  -999    -8.6    2729     0   0   0   0      26.262   -73.314
0089    44.5   727.5     12.25     73.7    2716  -999  -999.00   -999.00   -999.00  -999    -8.4    2717     0   0   0   0      26.262   -73.314
0090    45.0   728.4     12.27     74.2    2704  -999  -999.00   -999.00   -999.00  -999    -8.2    2706     0   0   0   0      26.262   -73.315
0091    45.5   729.4     12.29     74.6    2693  -999  -999.00   -999.00   -999.00  -999    -8.0    2695     0   0   0   0      26.262   -73.315
0092    46.0   730.3     12.31     74.9    2682  -999  -999.00   -999.00   -999.00  -999    -7.8    2684     0   0   0   0      26.262   -73.315
0093    46.5   731.3     12.34     75.1    2672  -999  -999.00   -999.00   -999.00  -999    -7.6    2673     0   0   0   0      26.262   -73.315
0094    47.0   732.2     12.37     75.1    2661  -999  -999.00   -999.00   -999.00  -999    -7.6    2663     0   0   0   0      26.262   -73.315
0095    47.5   733.1     12.42     75.0    2650  -999  -999.00   -999.00   -999.00  -999    -7.6    2652     0   0   0   0      26.262   -73.316
0096    48.0   734.1     12.47     74.8    2639  -999  -999.00   -999.00   -999.00  -999    -7.6    2641     0   0   0   0      26.262   -73.316
0097    48.5   735.0     12.53     74.4    2629  -999  -999.00   -999.00   -999.00  -999    -7.7    2630     0   0   0   0      26.262   -73.316
0098    49.0   736.0     12.60     73.9    2618  -999  -999.00   -999.00   -999.00  -999    -7.8    2619     0   0   0   0      26.262   -73.316
0099    49.5   737.0     12.67     73.4    2607  -999  -999.00   -999.00   -999.00  -999    -7.9    2608     0   0   0   0      26.262   -73.316
0100    50.0   737.9     12.75     73.0    2595  -999  -999.00   -999.00   -999.00  -999    -8.0    2597     0   0   0   0      26.262   -73.317
0101    50.5   738.9     12.82     72.8    2584  -999  -999.00   -999.00   -999.00  -999    -8.0    2586     0   0   0   0      26.262   -73.317
0102    51.0   739.9     12.89     73.1    2573  -999  -999.00   -999.00   -999.00  -999    -8.0    2575     0   0   0   0      26.262   -73.317
0103    51.5   740.8     12.95     73.9    2562  -999  -999.00   -999.00   -999.00  -999    -8.1    2564     0   0   0   0      26.262   -73.317
0104    52.0   741.8     13.00     75.1    2551  -999  -999.00   -999.00   -999.00  -999    -8.1    2553     0   0   0   0      26.262   -73.317
0105    52.5   742.8     13.05     76.7    2540  -999  -999.00   -999.00   -999.00  -999    -8.1    2542     0   0   0   0      26.262   -73.317
0106    53.0   743.8     13.08     78.3    2529  -999  -999.00   -999.00   -999.00  -999    -8.1    2531     0   0   0   0      26.262   -73.318
0107    53.5   744.7     13.11     79.7    2518  -999  -999.00   -999.00   -999.00  -999    -8.2    2520     0   0   0   0      26.262   -73.318
0108    54.0   745.7     13.14     80.6    2507  -999  -999.00   -999.00   -999.00  -999    -8.2    2509     0   0   0   0      26.262   -73.318
0109    54.5   746.7     13.17     81.0    2496  -999  -999.00   -999.00   -999.00  -999    -8.3    2497     0   0   0   0      26.262   -73.318
0110    55.0   747.7     13.22     80.8    2485  -999  -999.00   -999.00   -999.00  -999    -8.3    2486     3   3   3   0      26.262   -73.318
0111    55.5   748.7     13.27     80.5    2473  -999  -999.00   -999.00   -999.00  -999    -8.3    2475     0   0   0   0      26.262   -73.319
0112    56.0   749.7     13.33     80.2    2462  -999  -999.00   -999.00   -999.00  -999    -8.3    2464     0   0   0   0      26.262   -73.319
0113    56.5   750.7     13.40     80.2    2451  -999  -999.00   -999.00   -999.00  -999    -8.3    2453     0   0   0   0      26.262   -73.319
0114    57.0   751.7     13.46     80.9    2440  -999  -999.00   -999.00   -999.00  -999    -8.4    2442     0   0   0   0      26.262   -73.319
0115    57.5   752.7     13.51     82.1    2429  -999  -999.00   -999.00   -999.00  -999    -8.4    2431     0   0   0   0      26.262   -73.319
0116    58.0   753.6     13.55     84.0    2418  -999  -999.00   -999.00   -999.00  -999    -8.5    2419     0   0   0   0      26.262   -73.320
0117    58.5   754.6     13.57     86.0    2407  -999  -999.00   -999.00   -999.00  -999    -8.7    2408     0   0   0   0      26.262   -73.320
0118    59.0   755.6     13.57     88.0    2395  -999  -999.00   -999.00   -999.00  -999    -8.8    2397     0   0   0   0      26.262   -73.320
0119    59.5   756.7     13.56     89.6    2384  -999  -999.00   -999.00   -999.00  -999    -9.0    2386     0   0   0   0      26.262   -73.320
0120    60.0   757.7     13.53     90.6    2372  -999  -999.00   -999.00   -999.00  -999    -9.1    2374     0   0   0   0      26.262   -73.320
0121    60.5   758.8     13.50     90.9    2361  -999  -999.00   -999.00   -999.00  -999    -9.1    2362     0   0   0   0      26.262   -73.321
0122    61.0   759.8     13.48     90.6    2349  -999  -999.00   -999.00   -999.00  -999    -9.1    2351     0   0   0   0      26.262   -73.321
0123    61.5   760.9     13.46     89.9    2337  -999  -999.00   -999.00   -999.00  -999    -9.0    2339     0   0   0   0      26.262   -73.321
0124    62.0   761.9     13.45     89.0    2326  -999  -999.00   -999.00   -999.00  -999    -8.9    2327     0   0   0   0      26.262   -73.321
0125    62.5   762.9     13.46     88.2    2314  -999  -999.00   -999.00   -999.00  -999    -8.9    2316     0   0   0   0      26.262   -73.321
0126    63.0   763.9     13.48     87.4    2303  -999  -999.00   -999.00   -999.00  -999    -8.9    2305     0   0   0   0      26.262   -73.322
0127    63.5   764.9     13.52     86.9    2292  -999  -999.00   -999.00   -999.00  -999    -9.0    2294     0   0   0   0      26.262   -73.322
0128    64.0   765.9     13.57     86.5    2281  -999  -999.00   -999.00   -999.00  -999    -9.1    2283     0   0   0   0      26.262   -73.322
0129    64.5   767.0     13.64     86.3    2270  -999  -999.00   -999.00   -999.00  -999    -9.3    2271     0   0   0   0      26.262   -73.322
0130    65.0   768.0     13.71     86.0    2258  -999  -999.00   -999.00   -999.00  -999    -9.5    2260     0   0   0   0      26.262   -73.322
0131    65.5   769.1     13.79     85.8    2246  -999  -999.00   -999.00   -999.00  -999    -9.5    2248     0   0   0   0      26.262   -73.322
0132    66.0   770.2     13.87     85.5    2234  -999  -999.00   -999.00   -999.00  -999    -9.4    2236     0   0   0   0      26.262   -73.323
0133    66.5   771.3     13.96     85.1    2222  -999  -999.00   -999.00   -999.00  -999    -9.2    2224     0   0   0   0      26.262   -73.323
0134    67.0   772.4     14.05     84.7    2210  -999  -999.00   -999.00   -999.00  -999    -8.9    2212     0   0   0   0      26.262   -73.323
0135    67.5   773.4     14.15     84.2    2199  -999  -999.00   -999.00   -999.00  -999    -8.4    2201     0   0   0   0      26.262   -73.323
0136    68.0   774.4     14.25     83.6    2188  -999  -999.00   -999.00   -999.00  -999    -8.0    2190     0   0   0   0      26.262   -73.323
0137    68.5   775.4     14.35     83.0    2178  -999  -999.00   -999.00   -999.00  -999    -7.7    2179     0   0   0   0      26.262   -73.324
0138    69.0   776.3     14.46     82.2    2167  -999  -999.00   -999.00   -999.00  -999    -7.6    2169     0   0   0   0      26.262   -73.324
0139    69.5   777.2     14.56     81.3    2157  -999  -999.00   -999.00   -999.00  -999    -7.7    2159     0   0   0   0      26.262   -73.324
0140    70.0   778.2     14.67     80.2    2147  -999  -999.00   -999.00   -999.00  -999    -8.0    2148     0   0   0   0      26.262   -73.324
0141    70.5   779.2     14.77     79.2    2136  -999  -999.00   -999.00   -999.00  -999    -8.5    2138     0   0   0   0      26.262   -73.324
0142    71.0   780.2     14.87     78.1    2125  -999  -999.00   -999.00   -999.00  -999    -9.1    2126     0   0   0   0      26.262   -73.325
0143    71.5   781.3     14.97     77.2    2113  -999  -999.00   -999.00   -999.00  -999    -9.6    2115     0   0   0   0      26.262   -73.325
0144    72.0   782.4     15.06     76.3    2101  -999  -999.00   -999.00   -999.00  -999   -10.1    2103     0   0   0   0      26.262   -73.325
0145    72.5   783.5     15.15     75.6    2089  -999  -999.00   -999.00   -999.00  -999   -10.5    2090     0   0   0   0      26.262   -73.325
0146    73.0   784.7     15.23     75.0    2076  -999  -999.00   -999.00   -999.00  -999   -10.8    2078     0   0   0   0      26.262   -73.325
0147    73.5   785.8     15.32     74.5    2064  -999  -999.00   -999.00   -999.00  -999   -10.9    2065     0   0   0   0      26.262   -73.326
0148    74.0   787.0     15.40     74.1    2051  -999  -999.00   -999.00   -999.00  -999   -11.0    2053     0   0   0   0      26.262   -73.326
0149    74.5   788.1     15.48     73.7    2039  -999  -999.00   -999.00   -999.00  -999   -11.0    2041     0   0   0   0      26.262   -73.326
0150    75.0   789.3     15.56     73.4    2027  -999  -999.00   -999.00   -999.00  -999   -11.0    2028     3   3   3   0      26.262   -73.326
0151    75.5   790.4     15.63     73.2    2014  -999  -999.00   -999.00   -999.00  -999   -10.9    2016     0   0   0   0      26.262   -73.326
0152    76.0   791.5     15.70     72.9    2002  -999  -999.00   -999.00   -999.00  -999   -10.9    2004     0   0   0   0      26.262   -73.327
0153    76.5   792.7     15.77     72.7    1990  -999  -999.00   -999.00   -999.00  -999   -11.0    1991     0   0   0   0      26.262   -73.327
0154    77.0   793.8     15.84     72.3    1978  -999  -999.00   -999.00   -999.00  -999   -11.0    1979     0   0   0   0      26.262   -73.327
0155    77.5   795.0     15.91     72.0    1965  -999  -999.00   -999.00   -999.00  -999   -11.1    1967     0   0   0   0      26.262   -73.327
0156    78.0   796.1     15.99     71.5    1953  -999  -999.00   -999.00   -999.00  -999   -11.1    1954     0   0   0   0      26.262   -73.327
0157    78.5   797.3     16.08     71.0    1940  -999  -999.00   -999.00   -999.00  -999   -11.1    1942     0   0   0   0      26.262   -73.328
0158    79.0   798.5     16.17     70.5    1928  -999  -999.00   -999.00   -999.00  -999   -11.1    1930     0   0   0   0      26.262   -73.328
0159    79.5   799.6     16.27     70.2    1916  -999  -999.00   -999.00   -999.00  -999   -11.1    1917     0   0   0   0      26.262   -73.328
0160    80.0   800.8     16.36     70.0    1903  -999  -999.00   -999.00   -999.00  -999   -11.1    1905     0   0   0   0      26.262   -73.328
0161    80.5   801.9     16.45     70.2    1891  -999  -999.00   -999.00   -999.00  -999   -11.1    1893     0   0   0   0      26.262   -73.328
0162    81.0   803.1     16.53     70.8    1879  -999  -999.00   -999.00   -999.00  -999   -11.1    1880     0   0   0   0      26.262   -73.329
0163    81.5   804.3     16.58     71.9    1866  -999  -999.00   -999.00   -999.00  -999   -11.1    1868     0   0   0   0      26.262   -73.329
0164    82.0   805.4     16.62     73.5    1854  -999  -999.00   -999.00   -999.00  -999   -11.0    1856     0   0   0   0      26.262   -73.329
0165    82.5   806.6     16.63     75.4    1842  -999  -999.00   -999.00   -999.00  -999   -10.8    1843     0   0   0   0      26.262   -73.329
0166    83.0   807.8     16.63     77.5    1829  -999  -999.00   -999.00   -999.00  -999   -10.6    1831     0   0   0   0      26.262   -73.329
0167    83.5   808.9     16.62     79.6    1817  -999  -999.00   -999.00   -999.00  -999   -10.1    1819     0   0   0   0      26.262   -73.330
0168    84.0   810.1     16.60     81.4    1805  -999  -999.00   -999.00   -999.00  -999    -9.4    1807     0   0   0   0      26.262   -73.330
0169    84.5   811.2     16.58     82.9    1793  -999  -999.00   -999.00   -999.00  -999    -8.5    1795     0   0   0   0      26.262   -73.330
0170    85.0   812.2     16.56     83.9    1782    93    39.69    -39.62      2.33     5    -7.4    1784     0   0   0   0      26.262   -73.330
0171    85.5   813.2     16.56     84.4    1772    91    39.90    -39.89       .83     6    -6.2    1773     0   0   0   0      26.262   -73.330
0172    86.0   814.1     16.56     84.6    1762    91    40.03    -40.03       .56     6    -4.9    1764     0   0   0   0      26.262   -73.331
0173    86.5   815.0     16.57     84.5    1753    91    40.08    -40.07       .42     6    -3.5    1755     0   0   0   0      26.262   -73.331
0174    87.0   815.7     16.59     84.3    1746    91    40.03    -40.03       .43     6    -2.3    1747     0   0   0   3      26.262   -73.331
0175    87.5   816.4     16.61     84.0    1738    91    40.03    -40.03       .50     6    -1.3    1740     0   0   0   0      26.262   -73.331
0176    88.0   817.0     16.63     83.9    1732    91    40.06    -40.06       .59     7     -.6    1733     0   0   0   0      26.262   -73.331
0177    88.5   817.7     16.65     84.0    1725    91    40.09    -40.08       .68     7     -.1    1727     0   0   0   0      26.262   -73.332
0178    89.0   818.3     16.68     84.2    1719    91    40.12    -40.11       .77     7      .2    1721     0   0   0   0      26.262   -73.332
0179    89.5   818.9     16.70     84.5    1713    91    40.16    -40.15       .88     7      .3    1714     0   0   0   3      26.262   -73.332
0180    90.0   819.5     16.73     84.8    1706    91    40.20    -40.19       .95     7      .3    1708     0   0   0   0      26.262   -73.332
0181    90.5   820.1     16.75     85.1    1699    91    40.23    -40.22       .95     7      .2    1701     0   0   0   0      26.262   -73.332
0182    91.0   820.8     16.78     85.3    1693    91    40.24    -40.23       .84     7      .1    1694     0   0   0   0      26.262   -73.333
0183    91.5   821.4     16.81     85.4    1686    91    40.22    -40.21       .65     7      .0    1687     0   0   0   0      26.262   -73.333
0184    92.0   822.1     16.84     85.4    1679    91    40.18    -40.17       .41     7      .0    1681     0   0   0   0      26.262   -73.333
0185    92.5   822.7     16.87     85.4    1672    90    40.13    -40.13       .16     7      .0    1674     0   0   0   0      26.262   -73.333
0186    93.0   823.4     16.90     85.5    1665    90    40.06    -40.06      -.02     7      .1    1667     0   0   0   0      26.262   -73.333
0187    93.5   824.0     16.94     85.6    1659    90    39.98    -39.98      -.11     7      .2    1660     0   0   0   0      26.262   -73.334
0188    94.0   824.7     16.97     86.0    1652    90    39.88    -39.88      -.08     7      .3    1654     0   0   0   0      26.262   -73.334
0189    94.5   825.3     16.99     86.6    1646    90    39.77    -39.77       .05     7      .3    1647     0   0   0   0      26.262   -73.334
0190    95.0   825.9     17.01     87.4    1639    90    39.68    -39.67       .26     7      .4    1641     0   0   0   0      26.262   -73.334
0191    95.5   826.5     17.02     88.3    1633    91    39.63    -39.63       .49     7      .4    1634     0   0   0   0      26.262   -73.334
0192    96.0   827.2     17.01     89.2    1626    91    39.67    -39.67       .70     7      .4    1628     0   0   0   0      26.262   -73.335
0193    96.5   827.8     17.00     90.0    1620    91    39.82    -39.81       .85     7      .5    1621     0   0   0   3      26.262   -73.335
0194    97.0   828.4     16.98     90.5    1613    91    40.07    -40.06       .91     7      .5    1615     0   0   0   0      26.262   -73.335
0195    97.5   829.1     16.97     90.8    1607    91    40.40    -40.39       .91     6      .6    1608     0   0   0   0      26.262   -73.335
0196    98.0   829.7     16.95     90.7    1600    91    40.78    -40.77       .86     7      .7    1602     0   0   0   0      26.262   -73.335
0197    98.5   830.3     16.95     90.3    1594    91    41.15    -41.14       .81     7      .7    1596     0   0   0   0      26.262   -73.336
0198    99.0   830.9     16.95     89.7    1588    91    41.46    -41.46       .81     7      .8    1589     0   0   0   3      26.262   -73.336
0199    99.5   831.5     16.96     88.8    1582    91    41.68    -41.67       .88     7      .9    1583     0   0   0   0      26.262   -73.336
0200   100.0   832.1     16.98     87.9    1575    91    41.78    -41.77      1.03     7      .9    1577     0   0   0   0      26.262   -73.336
0201   100.5   832.7     17.01     87.1    1569    92    41.77    -41.75      1.23     7      .9    1571     0   0   0   0      26.262   -73.336
0202   101.0   833.3     17.04     86.3    1563    92    41.66    -41.64      1.47     7      .9    1565     0   0   0   0      26.262   -73.337
0203   101.5   833.9     17.07     85.7    1557    92    41.51    -41.48      1.70     7      .8    1558     0   0   0   0      26.262   -73.337
0204   102.0   834.5     17.11     85.2    1551    93    41.35    -41.31      1.89     7      .8    1552     0   0   0   0      26.262   -73.337
0205   102.5   835.1     17.15     84.9    1544    93    41.22    -41.17      2.01     7      .7    1546     0   0   0   0      26.262   -73.337
0206   103.0   835.7     17.18     84.7    1538    93    41.14    -41.09      2.06     6      .6    1540     0   0   0   0      26.262   -73.337
0207   103.5   836.4     17.22     84.6    1532    93    41.11    -41.06      2.03     7      .5    1533     0   0   0   0      26.262   -73.338
0208   104.0   837.0     17.26     84.5    1525    93    41.12    -41.08      1.94     7      .4    1527     0   0   0   0      26.262   -73.338
0209   104.5   837.6     17.30     84.5    1519    93    41.17    -41.13      1.82     7      .4    1520     0   0   0   0      26.262   -73.338
0210   105.0   838.3     17.35     84.5    1512    92    41.21    -41.18      1.71     7      .3    1514     0   0   0   0      26.262   -73.338
0211   105.5   838.9     17.39     84.5    1505    92    41.25    -41.22      1.61     7      .4    1507     0   0   0   0      26.262   -73.338
0212   106.0   839.6     17.44     84.4    1499    92    41.27    -41.24      1.54     7      .4    1501     0   0   0   3      26.262   -73.339
0213   106.5   840.2     17.48     84.3    1492    92    41.27    -41.24      1.52     7      .4    1494     0   0   0   3      26.262   -73.339
0214   107.0   840.8     17.53     84.1    1486    92    41.25    -41.22      1.53     7      .5    1488     0   0   0   3      26.262   -73.339
0215   107.5   841.4     17.58     84.0    1480    92    41.23    -41.20      1.57     7      .6    1481     0   0   0   0      26.262   -73.339
0216   108.0   842.1     17.62     83.8    1473    92    41.21    -41.18      1.62     7      .6    1475     0   0   0   0      26.262   -73.339
0217   108.5   842.7     17.67     83.7    1467    92    41.18    -41.15      1.66     7      .7    1469     0   0   0   0      26.262   -73.340
0218   109.0   843.3     17.71     83.6    1461    92    41.14    -41.10      1.70     7      .7    1462     0   0   0   3      26.262   -73.340
0219   109.5   843.9     17.76     83.7    1455    92    41.07    -41.04      1.71     7      .8    1456     0   0   0   0      26.262   -73.340
0220   110.0   844.5     17.80     83.8    1448    92    40.98    -40.95      1.71     7      .8    1450     0   0   0   3      26.262   -73.340
0221   110.5   845.1     17.83     84.1    1442    92    40.86    -40.83      1.68     7      .8    1444     0   0   0   0      26.262   -73.340
0222   111.0   845.8     17.87     84.3    1436    92    40.74    -40.71      1.64     7      .8    1437     0   0   0   0      26.262   -73.341
0223   111.5   846.4     17.89     84.6    1430    92    40.64    -40.60      1.58     7      .8    1431     0   0   0   0      26.262   -73.341
0224   112.0   847.0     17.92     84.9    1424    92    40.57    -40.54      1.53     7      .8    1425     0   0   0   0      26.262   -73.341
0225   112.5   847.6     17.94     85.0    1417    92    40.58    -40.55      1.48     7      .8    1419     0   0   0   0      26.262   -73.341
0226   113.0   848.2     17.97     85.1    1411    92    40.65    -40.62      1.44     7      .7    1413     0   0   0   3      26.262   -73.342
0227   113.5   848.8     17.99     85.1    1405    92    40.78    -40.75      1.43     7      .7    1406     0   0   0   0      26.262   -73.342
0228   114.0   849.5     18.01     85.2    1398    92    40.94    -40.91      1.43     7      .7    1400     0   0   0   0      26.262   -73.342
0229   114.5   850.1     18.03     85.4    1392    92    41.08    -41.06      1.45     7      .7    1394     0   0   0   0      26.262   -73.342
0230   115.0   850.7     18.05     85.7    1386    92    41.19    -41.16      1.47     7      .8    1387     0   0   0   0      26.262   -73.342
0231   115.5   851.3     18.07     86.2    1380    92    41.22    -41.19      1.49     7      .9    1381     0   0   0   0      26.262   -73.343
0232   116.0   851.9     18.07     86.8    1373    92    41.17    -41.14      1.51     7     1.0    1375     0   0   0   0      26.262   -73.343
0233   116.5   852.5     18.08     87.3    1367    92    41.07    -41.05      1.52     7     1.1    1369     0   0   0   0      26.262   -73.343
0234   117.0   853.1     18.09     87.7    1361    92    40.95    -40.93      1.52     7     1.2    1363     0   0   0   0      26.262   -73.343
0235   117.5   853.7     18.09     87.8    1355    92    40.85    -40.82      1.54     7     1.2    1357     0   0   0   0      26.262   -73.343
0236   118.0   854.3     18.11     87.7    1349    92    40.79    -40.76      1.56     7     1.2    1351     0   0   0   0      26.262   -73.344
0237   118.5   854.9     18.13     87.5    1344    92    40.78    -40.75      1.61     7     1.2    1345     0   0   0   3      26.262   -73.344
0238   119.0   855.5     18.16     87.2    1338    92    40.82    -40.78      1.65     7     1.2    1339     0   0   0   0      26.262   -73.344
0239   119.5   856.1     18.19     87.1    1332    92    40.88    -40.84      1.68     7     1.1    1333     0   0   0   0      26.262   -73.344
0240   120.0   856.7     18.22     87.3    1325    92    40.94    -40.90      1.68     7     1.0    1327     0   0   0   0      26.262   -73.344
0241   120.5   857.3     18.24     87.9    1319    92    40.96    -40.93      1.62     7      .9    1321     0   0   0   0      26.262   -73.345
0242   121.0   857.9     18.26     88.9    1313    92    40.94    -40.91      1.52     7      .9    1315     0   0   0   0      26.262   -73.345
0243   121.5   858.5     18.26     90.0    1307    92    40.87    -40.85      1.39     7      .8    1309     0   0   0   0      26.262   -73.345
0244   122.0   859.1     18.26     91.1    1301    92    40.77    -40.75      1.26     7      .7    1302     0   0   0   3      26.262   -73.345
0245   122.5   859.8     18.26     91.9    1295    92    40.66    -40.64      1.19     7      .6    1296     0   0   0   0      26.262   -73.345
0246   123.0   860.4     18.25     92.2    1288    92    40.56    -40.54      1.20     7      .6    1290     0   0   0   3      26.262   -73.346
0247   123.5   861.0     18.26     92.1    1282    92    40.50    -40.48      1.32     7      .6    1284     0   0   0   0      26.262   -73.346
0248   124.0   861.7     18.29     91.5    1276    92    40.49    -40.46      1.52     7      .6    1277     0   0   0   0      26.262   -73.346
0249   124.5   862.3     18.33     90.6    1269    93    40.51    -40.47      1.79     7      .7    1271     0   0   0   0      26.262   -73.346
0250   125.0   862.9     18.38     89.6    1263    93    40.57    -40.51      2.06     7      .8    1265     0   0   0   0      26.262   -73.346
0251   125.5   863.5     18.45     88.7    1257    93    40.62    -40.56      2.30     7      .9    1259     0   0   0   0      26.262   -73.347
0252   126.0   864.2     18.52     88.0    1251    93    40.66    -40.59      2.46     7      .9    1252     0   0   0   0      26.262   -73.347
0253   126.5   864.8     18.60     87.6    1245    94    40.67    -40.59      2.54     7      .9    1246     0   0   0   0      26.262   -73.347
0254   127.0   865.4     18.67     87.5    1239    94    40.62    -40.54      2.54     7      .8    1240     0   0   0   3      26.262   -73.347
0255   127.5   866.0     18.73     87.6    1233    94    40.52    -40.44      2.50     7      .7    1234     0   0   0   3      26.262   -73.348
0256   128.0   866.6     18.78     87.8    1227    93    40.36    -40.29      2.44     7      .5    1228     0   0   0   0      26.263   -73.348
0257   128.5   867.2     18.83     88.0    1220    93    40.18    -40.11      2.41     7      .3    1222     0   0   0   0      26.263   -73.348
0258   129.0   867.9     18.87     88.2    1214    93    39.98    -39.91      2.40     7      .1    1215     0   0   0   3      26.263   -73.348
0259   129.5   868.6     18.91     88.3    1207    93    39.80    -39.73      2.41     7      .0    1209     0   0   0   3      26.263   -73.348
0260   130.0   869.3     18.94     88.3    1200    94    39.66    -39.59      2.43     7     -.1    1202     0   0   0   0      26.263   -73.348
0261   130.5   869.9     18.98     88.3    1193    94    39.58    -39.51      2.45     7     -.1    1195     0   0   0   3      26.263   -73.349
0262   131.0   870.6     19.01     88.2    1187    94    39.56    -39.48      2.45     7     -.1    1188     0   0   0   0      26.263   -73.349
0263   131.5   871.3     19.04     88.2    1180    94    39.58    -39.50      2.45     7      .0    1182     0   0   0   0      26.263   -73.349
0264   132.0   871.9     19.07     88.2    1174    94    39.60    -39.53      2.45     7      .2    1175     0   0   0   0      26.263   -73.349
0265   132.5   872.6     19.10     88.3    1167    94    39.60    -39.53      2.46     7      .3    1169     0   0   0   0      26.263   -73.349
0266   133.0   873.2     19.12     88.6    1161    94    39.55    -39.47      2.49     7      .3    1163     0   0   0   0      26.263   -73.350
0267   133.5   873.8     19.14     88.9    1155    94    39.43    -39.35      2.53     7      .4    1156     0   0   0   0      26.263   -73.350
0268   134.0   874.5     19.15     89.3    1148    94    39.27    -39.19      2.57     7      .4    1150     0   0   0   0      26.263   -73.350
0269   134.5   875.1     19.15     89.7    1142    94    39.11    -39.02      2.60     7      .3    1144     0   0   0   0      26.263   -73.350
0270   135.0   875.8     19.16     90.0    1136    94    38.99    -38.90      2.62     7      .2    1137     0   0   0   0      26.263   -73.350
0271   135.5   876.4     19.16     90.1    1129    94    38.95    -38.86      2.62     7      .1    1131     0   0   0   3      26.263   -73.351
0272   136.0   877.1     19.16     90.2    1123    94    39.01    -38.92      2.62     7     -.1    1124     0   0   0   0      26.263   -73.351
0273   136.5   877.8     19.18     90.1    1116    94    39.16    -39.07      2.63     7     -.2    1118     0   0   0   0      26.263   -73.351
0274   137.0   878.4     19.20     90.1    1109    94    39.33    -39.24      2.63     7     -.2    1111     0   0   0   0      26.263   -73.351
0275   137.5   879.1     19.22     90.1    1103    94    39.47    -39.38      2.61     7     -.2    1104     0   0   0   0      26.263   -73.351
0276   138.0   879.8     19.25     90.3    1096    94    39.49    -39.41      2.56     7     -.2    1098     0   0   0   0      26.263   -73.352
0277   138.5   880.5     19.28     90.8    1089    94    39.35    -39.28      2.45     7     -.1    1091     0   0   0   0      26.263   -73.352
0278   139.0   881.2     19.31     91.4    1083    93    39.04    -38.97      2.27     7      .0    1084     0   0   0   0      26.263   -73.352
0279   139.5   881.8     19.33     92.3    1076    93    38.58    -38.52      2.03     7      .1    1078     0   0   0   0      26.263   -73.352
0280   140.0   882.5     19.35     93.1    1070    93    38.03    -37.99      1.77     7      .2    1071     0   0   0   0      26.263   -73.352
0281   140.5   883.1     19.36     93.9    1063    92    37.50    -37.47      1.54     7      .3    1065     0   0   0   0      26.263   -73.353
0282   141.0   883.8     19.37     94.6    1057    92    37.07    -37.04      1.40     7      .3    1059     0   0   0   0      26.263   -73.353
0283   141.5   884.4     19.38     95.0    1051    92    36.80    -36.78      1.38     7      .2    1053     0   0   0   3      26.263   -73.353
0284   142.0   885.1     19.39     95.2    1045    92    36.74    -36.71      1.48     7      .1    1046     0   0   0   0      26.263   -73.353
0285   142.5   885.7     19.41     95.3    1038    93    36.86    -36.82      1.69     7     -.1    1040     0   0   0   0      26.263   -73.353
0286   143.0   886.4     19.43     95.2    1032    93    37.09    -37.04      1.95     7     -.2    1033     0   0   0   0      26.263   -73.354
0287   143.5   887.1     19.46     95.1    1025    93    37.37    -37.30      2.18     7     -.4    1026     0   0   0   0      26.263   -73.354
0288   144.0   887.8     19.50     95.0    1018    94    37.58    -37.51      2.33     7     -.5    1020     0   0   0   0      26.263   -73.354
0289   144.5   888.5     19.53     94.9    1011    94    37.67    -37.60      2.35     7     -.7    1013     0   0   0   0      26.263   -73.354
0290   145.0   889.2     19.56     94.8    1004    93    37.62    -37.56      2.25     7     -.8    1006     0   0   0   0      26.263   -73.354
0291   145.5   889.9     19.60     94.8     997    93    37.45    -37.40      2.04     7     -.9     999     0   0   0   0      26.263   -73.354
0292   146.0   890.6     19.63     94.8     991    93    37.24    -37.20      1.76     7    -1.1     992     0   0   0   0      26.263   -73.355
0293   146.5   891.3     19.67     94.7     984    92    37.07    -37.05      1.45     7    -1.2     985     0   0   0   0      26.263   -73.355
0294   147.0   892.1     19.71     94.7     976    92    37.04    -37.02      1.14     7    -1.4     978     0   0   0   0      26.263   -73.355
0295   147.5   892.8     19.76     94.5     969    91    37.19    -37.18       .85     6    -1.6     971     0   0   0   0      26.263   -73.355
0296   148.0   893.6     19.81     94.4     962    91    37.53    -37.53       .56     6    -1.8     963     0   0   0   0      26.263   -73.355
0297   148.5   894.3     19.87     94.1     954    90    38.02    -38.02       .26     7    -2.0     956     0   0   0   0      26.263   -73.356
0298   149.0   895.1     19.92     93.6     947    90    38.56    -38.56      -.03     7    -2.2     948     0   0   0   0      26.263   -73.356
0299   149.5   895.9     19.98     93.2     939    90    39.07    -39.07      -.32     7    -2.4     941     0   0   0   0      26.263   -73.356
0300   150.0   896.7     20.05     92.7     931    89    39.48    -39.47      -.55     7    -2.5     933     0   0   0   0      26.263   -73.356
0301   150.5   897.5     20.11     92.3     924    89    39.73    -39.72      -.69     7    -2.6     925     0   0   0   0      26.263   -73.356
0302   151.0   898.3     20.18     92.1     916    89    39.83    -39.83      -.70     7    -2.7     918     0   0   0   0      26.263   -73.357
0303   151.5   899.1     20.25     92.1     908    89    39.83    -39.83      -.57     7    -2.7     910     0   0   0   0      26.263   -73.357
0304   152.0   900.0     20.32     92.5     900    90    39.79    -39.79      -.31     7    -2.6     902     0   0   0   0      26.263   -73.357
0305   152.5   900.8     20.39     93.1     892    90    39.76    -39.76       .02     7    -2.4     894     0   0   0   0      26.263   -73.357
0306   153.0   901.6     20.46     93.8     884    91    39.76    -39.76       .36     7    -2.2     886     0   0   0   0      26.263   -73.357
0307   153.5   902.4     20.51     94.5     877    91    39.78    -39.78       .65     7    -1.9     878     0   0   0   0      26.263   -73.358
0308   154.0   903.1     20.56     95.0     869    91    39.77    -39.76       .84     7    -1.5     871     0   0   0   0      26.263   -73.358
0309   154.5   903.9     20.60     95.1     862    91    39.66    -39.65       .93     7    -1.1     864     0   0   0   0      26.263   -73.358
0310   155.0   904.6     20.64     94.9     856    91    39.39    -39.38       .91     7     -.7     857     0   0   0   0      26.263   -73.358
0311   155.5   905.3     20.67     94.4     849    91    38.94    -38.93       .82     7     -.4     851     0   0   0   0      26.263   -73.358
0312   156.0   905.9     20.70     93.7     843    91    38.32    -38.31       .69     7     -.2     844     0   0   0   0      26.263   -73.359
0313   156.5   906.6     20.74     93.1     836    91    37.59    -37.58       .56     7      .0     838     0   0   0   0      26.263   -73.359
0314   157.0   907.3     20.78     92.7     830    91    36.83    -36.83       .44     7      .0     832     0   0   0   0      26.263   -73.359
0315   157.5   907.9     20.82     92.6     824    91    36.13    -36.13       .35     6      .0     825     0   0   0   0      26.263   -73.359
0316   158.0   908.6     20.87     92.8     817    90    35.58    -35.58       .29     6      .0     819     0   0   0   0      26.263   -73.359
0317   158.5   909.3     20.91     93.3     811    90    35.23    -35.23       .27     7      .0     812     0   0   0   0      26.263   -73.359
0318   159.0   910.0     20.95     93.9     804    90    35.09    -35.09       .28     7     -.1     806     0   0   0   0      26.263   -73.360
0319   159.5   910.6     20.98     94.5     798    91    35.14    -35.14       .34     6     -.2     799     0   0   0   0      26.263   -73.360
0320   160.0   911.3     21.01     94.8     791    91    35.33    -35.33       .45     7     -.2     793     0   0   0   0      26.263   -73.360
0321   160.5   912.0     21.04     94.8     785    91    35.59    -35.59       .59     7     -.3     786     0   0   0   0      26.263   -73.360
0322   161.0   912.7     21.08     94.6     778    91    35.85    -35.84       .75     7     -.3     780     0   0   0   0      26.263   -73.360
0323   161.5   913.4     21.11     94.2     771    91    36.04    -36.03       .91     7     -.4     773     0   0   0   0      26.263   -73.361
0324   162.0   914.1     21.16     93.7     765    92    36.13    -36.12      1.01     7     -.4     766     0   0   0   0      26.263   -73.361
0325   162.5   914.8     21.21     93.2     758    92    36.09    -36.08      1.03     7     -.4     760     0   0   0   0      26.263   -73.361
0326   163.0   915.5     21.26     92.9     752    91    35.93    -35.92       .93     7     -.4     753     0   0   0   0      26.263   -73.361
0327   163.5   916.2     21.32     92.9     745    91    35.68    -35.67       .70     6     -.4     746     0   0   0   0      26.263   -73.361
0328   164.0   916.9     21.37     92.9     738    91    35.37    -35.37       .35     6     -.3     740     0   0   0   0      26.263   -73.361
0329   164.5   917.6     21.41     93.1     732    90    35.04    -35.04      -.08     6     -.2     733     0   0   0   0      26.263   -73.362
0330   165.0   918.3     21.45     93.4     725    89    34.73    -34.73      -.55     6     -.1     727     0   0   0   0      26.263   -73.362
0331   165.5   919.0     21.49     93.6     719    88    34.48    -34.46      -.99     6      .1     720     0   0   0   0      26.263   -73.362
0332   166.0   919.6     21.53     93.8     712    88    34.29    -34.27     -1.37     6      .2     714     0   0   0   0      26.263   -73.362
0333   166.5   920.3     21.56     93.8     706    87    34.19    -34.16     -1.64     6      .4     708     0   0   0   0      26.263   -73.362
0334   167.0   920.9     21.59     93.8     700    87    34.18    -34.14     -1.79     6      .5     702     0   0   0   0      26.263   -73.362
0335   167.5   921.6     21.63     93.7     694    87    34.26    -34.21     -1.84     6      .6     696     0   0   0   0      26.263   -73.363
0336   168.0   922.2     21.68     93.6     688    87    34.41    -34.37     -1.81     6      .6     690     0   0   0   0      26.263   -73.363
0337   168.5   922.8     21.72     93.4     682    87    34.62    -34.57     -1.73     6      .5     683     0   0   0   0      26.263   -73.363
0338   169.0   923.5     21.78     93.3     676    87    34.84    -34.80     -1.67     6      .5     677     0   0   0   0      26.263   -73.363
0339   169.5   924.1     21.83     93.2     670    87    35.03    -34.99     -1.67     6      .4     671     0   0   0   0      26.263   -73.363
0340   170.0   924.8     21.89     93.1     663    87    35.14    -35.10     -1.76     6      .3     665     0   0   0   0      26.263   -73.364
0341   170.5   925.5     21.95     92.9     657    87    35.14    -35.09     -1.95     6      .2     659     0   0   0   0      26.263   -73.364
0342   171.0   926.1     22.02     92.6     651    86    35.03    -34.95     -2.25     6      .1     652     0   0   0   0      26.263   -73.364
0343   171.5   926.8     22.08     92.3     644    86    34.81    -34.71     -2.61     6      .1     646     0   0   0   0      26.263   -73.364
0344   172.0   927.5     22.14     92.0     638    85    34.53    -34.40     -2.98     6      .0     639     0   0   0   0      26.263   -73.364
0345   172.5   928.2     22.20     91.6     631    84    34.24    -34.08     -3.32     6      .1     633     0   0   0   0      26.263   -73.364
0346   173.0   928.9     22.25     91.3     625    84    34.00    -33.81     -3.56     6      .1     627     0   0   0   0      26.263   -73.365
0347   173.5   929.5     22.30     90.9     619    84    33.84    -33.64     -3.67     6      .1     620     0   0   0   0      26.263   -73.365
0348   174.0   930.2     22.36     90.7     612    84    33.79    -33.59     -3.65     6      .2     614     0   0   0   0      26.263   -73.365
0349   174.5   930.9     22.41     90.5     606    84    33.80    -33.62     -3.54     6      .2     608     0   0   0   0      26.263   -73.365
0350   175.0   931.5     22.47     90.3     600    84    33.85    -33.68     -3.37     6      .1     602     0   0   0   0      26.263   -73.365
0351   175.5   932.2     22.53     90.2     594    85    33.88    -33.73     -3.22     6      .1     595     0   0   0   0      26.263   -73.365
0352   176.0   932.9     22.59     90.1     587    85    33.85    -33.70     -3.13     6      .0     589     0   0   0   0      26.263   -73.366
0353   176.5   933.5     22.65     89.9     581    85    33.74    -33.60     -3.14     6     -.2     583     0   0   0   0      26.263   -73.366
0354   177.0   934.2     22.71     89.8     575    85    33.59    -33.43     -3.22     6     -.3     576     0   0   0   0      26.263   -73.366
0355   177.5   934.9     22.77     89.6     568    84    33.44    -33.27     -3.33     6     -.4     570     0   0   0   0      26.263   -73.366
0356   178.0   935.6     22.83     89.5     561    84    33.37    -33.20     -3.42     6     -.5     563     0   0   0   0      26.263   -73.366
0357   178.5   936.4     22.87     89.4     555    84    33.44    -33.27     -3.43     6     -.6     556     0   0   0   0      26.263   -73.366
0358   179.0   937.1     22.92     89.3     548    84    33.68    -33.51     -3.34     6     -.5     549     0   0   0   0      26.263   -73.367
0359   179.5   937.8     22.96     89.3     541    85    34.06    -33.91     -3.18     6     -.5     543     0   0   0   0      26.263   -73.367
0360   180.0   938.5     23.00     89.2     534    85    34.53    -34.40     -2.97     6     -.3     536     0   0   0   0      26.263   -73.367
0361   180.5   939.2     23.04     89.2     528    85    34.98    -34.87     -2.79     6     -.2     530     0   0   0   0      26.263   -73.367
0362   181.0   939.9     23.08     89.1     522    86    35.32    -35.21     -2.70     6      .0     523     0   0   0   0      26.263   -73.367
0363   181.5   940.6     23.13     89.0     515    86    35.45    -35.35     -2.73     6      .1     517     0   0   0   3      26.263   -73.367
0364   182.0   941.2     23.18     88.8     509    85    35.35    -35.24     -2.86     6      .2     511     0   0   0   0      26.263   -73.368
0365   182.5   941.9     23.24     88.5     503    85    35.05    -34.91     -3.08     7      .2     505     0   0   0   0      26.263   -73.368
0366   183.0   942.5     23.29     88.2     497    85    34.60    -34.44     -3.31     6      .2     499     0   0   0   0      26.263   -73.368
0367   183.5   943.2     23.35     87.9     491    84    34.12    -33.94     -3.51     6      .2     492     0   0   0   0      26.262   -73.368
0368   184.0   943.9     23.40     87.6     484    84    33.70    -33.50     -3.62     6      .1     486     0   0   0   0      26.262   -73.368
0369   184.5   944.6     23.46     87.3     478    84    33.40    -33.20     -3.64     6      .0     480     0   0   0   0      26.262   -73.368
0370   185.0   945.3     23.51     87.1     472    84    33.25    -33.06     -3.60     6      .0     473     0   0   0   0      26.262   -73.369
0371   185.5   945.9     23.57     87.0     465    84    33.25    -33.06     -3.53     6     -.1     467     0   0   0   0      26.262   -73.369
0372   186.0   946.6     23.63     86.9     459    84    33.32    -33.14     -3.47     6     -.2     461     0   0   0   0      26.262   -73.369
0373   186.5   947.3     23.69     86.7     453    84    33.40    -33.22     -3.45     6     -.2     454     0   0   0   0      26.262   -73.369
0374   187.0   948.0     23.74     86.6     446    84    33.42    -33.24     -3.47     7     -.2     448     0   0   0   0      26.262   -73.369
0375   187.5   948.7     23.80     86.4     440    84    33.35    -33.17     -3.51     7     -.3     441     0   0   0   0      26.262   -73.369
0376   188.0   949.4     23.86     86.3     433    84    33.20    -33.01     -3.52     7     -.3     435     0   0   0   0      26.262   -73.370
0377   188.5   950.1     23.92     86.1     427    84    32.99    -32.81     -3.46     7     -.3     428     0   0   0   0      26.262   -73.370
0378   189.0   950.8     23.98     85.9     420    84    32.78    -32.62     -3.32     7     -.2     422     0   0   0   0      26.262   -73.370
0379   189.5   951.5     24.03     85.7     414    85    32.64    -32.49     -3.11     7     -.2     415     0   0   0   0      26.262   -73.370
0380   190.0   952.2     24.09     85.5     407    85    32.59    -32.47     -2.85     6     -.1     409     0   0   0   0      26.262   -73.370
0381   190.5   952.9     24.14     85.3     401    85    32.65    -32.55     -2.60     7     -.1     403     0   0   0   0      26.262   -73.370
0382   191.0   953.6     24.20     85.0     395    86    32.79    -32.71     -2.37     7     -.1     396     0   0   0   0      26.262   -73.371
0383   191.5   954.3     24.25     84.8     388    86    32.97    -32.90     -2.20     7      .0     390     0   0   0   0      26.262   -73.371
0384   192.0   955.0     24.31     84.5     382    86    33.14    -33.07     -2.08     7      .0     384     0   0   0   0      26.262   -73.371
0385   192.5   955.6     24.37     84.3     376    87    33.24    -33.18     -2.00     7      .0     377     0   0   0   0      26.262   -73.371
0386   193.0   956.3     24.43     84.0     369    87    33.23    -33.17     -1.92     7      .0     371     0   0   0   0      26.262   -73.371
0387   193.5   957.0     24.49     83.8     363    87    33.09    -33.04     -1.82     7      .0     365     0   0   0   0      26.262   -73.371
0388   194.0   957.7     24.55     83.7     357    87    32.81    -32.77     -1.69     7      .0     358     0   0   0   0      26.262   -73.372
0389   194.5   958.4     24.61     83.7     350    87    32.42    -32.38     -1.53     7      .0     352     0   0   0   0      26.262   -73.372
0390   195.0   959.1     24.67     83.7     344    88    31.93    -31.90     -1.36     7      .1     346     0   0   0   0      26.262   -73.372
0391   195.5   959.8     24.73     83.8     338    88    31.39    -31.37     -1.21     7      .1     339     0   0   0   0      26.262   -73.372
0392   196.0   960.5     24.78     83.8     332    88    30.85    -30.83     -1.10     7      .2     333     0   0   0   0      26.262   -73.372
0393   196.5   961.1     24.84     83.8     325    88    30.36    -30.34     -1.07     7      .2     327     0   0   0   0      26.262   -73.372
0394   197.0   961.8     24.89     83.7     319    88    29.98    -29.96     -1.09     7      .2     321     0   0   0   0      26.262   -73.373
0395   197.5   962.4     24.94     83.5     313    88    29.74    -29.71     -1.18     7      .1     315     0   0   0   0      26.262   -73.373
0396   198.0   963.1     25.00     83.1     307    88    29.63    -29.60     -1.29     7      .0     309     0   0   0   0      26.262   -73.373
0397   198.5   963.8     25.06     82.7     301    87    29.63    -29.60     -1.41     7     -.1     302     0   0   0   0      26.262   -73.373
0398   199.0   964.5     25.12     82.3     294    87    29.66    -29.62     -1.52     7     -.3     296     0   0   0   0      26.262   -73.373
0399   199.5   965.2     25.18     81.9     288    87    29.62    -29.58     -1.59     7     -.5     290     0   0   0   0      26.262   -73.373
0400   200.0   965.9     25.24     81.5     281    87    29.44    -29.39     -1.62     7     -.7     283     0   0   0   0      26.262   -73.373
0401   200.5   966.7     25.31     81.3     275    87    29.06    -29.02     -1.63     7     -.8     276     0   0   0   0      26.262   -73.374
0402   201.0   967.4     25.37     81.1     268    87    28.50    -28.46     -1.64     7     -.9     269     0   0   0   0      26.262   -73.374
0403   201.5   968.2     25.43     81.1     261    87    27.84    -27.79     -1.66     7     -.9     262     0   0   0   0      26.262   -73.374
0404   202.0   968.9     25.49     81.0     254    86    27.18    -27.12     -1.72     7     -.9     256     0   0   0   0      26.262   -73.374
0405   202.5   969.7     25.55     80.9     247    86    26.65    -26.58     -1.85     6     -.7     249     0   0   0   0      26.262   -73.374
0406   203.0   970.4     25.61     80.7     241    86    26.34    -26.26     -2.06     6     -.6     242     0   0   0   0      26.262   -73.374
0407   203.5   971.1     25.67     80.5     234    85    26.29    -26.19     -2.35     6     -.4     236     0   0   0   0      26.262   -73.374
0408   204.0   971.8     25.73     80.2     228    84    26.47    -26.32     -2.75     6     -.2     229     0   0   0   0      26.262   -73.375
0409   204.5   972.5     25.79     79.9     221    83    26.77    -26.58     -3.23     6     -.1     223     0   0   0   0      26.262   -73.375
0410   205.0   973.2     25.84     79.6     215    82    27.09    -26.82     -3.81     6      .0     217     0   0   0   0      26.262   -73.375
0411   205.5   973.9     25.90     79.4     209    81    27.30    -26.94     -4.45     6      .0     211     0   0   0   0      26.262   -73.375
0412   206.0   974.5     25.96     79.3     203    79    27.33    -26.85     -5.12     6      .0     204     0   0   0   0      26.262   -73.375
0413   206.5   975.2     26.01     79.3     197    78    27.18    -26.55     -5.79     6      .0     198     0   0   0   0      26.262   -73.375
0414   207.0   975.9     26.07     79.5     190    76    26.87    -26.10     -6.41     6     -.1     192     0   0   0   0      26.262   -73.375
0415   207.5   976.6     26.13     79.7     184    75    26.49    -25.57     -6.93     6     -.1     186     0   0   0   0      26.262   -73.375
0416   208.0   977.3     26.19     79.9     178    74    26.12    -25.07     -7.34     6      .0     179     0   0   0   0      26.262   -73.376
0417   208.5   978.0     26.25     80.0     171    73    25.83    -24.69     -7.61     6      .1     173     0   0   0   0      26.262   -73.376
0418   209.0   978.7     26.31     80.0     165    72    25.67    -24.46     -7.77     6      .2     166     0   0   0   0      26.262   -73.376
0419   209.5   979.4     26.37     80.0     159    72    25.65    -24.41     -7.88     6      .4     160     0   0   0   0      26.262   -73.376
0420   210.0   980.1     26.42     79.8     153    72    25.75    -24.48     -7.98     6      .7     154     0   0   0   0      26.262   -73.376
0421   210.5   980.7     26.47     79.6     147    72    25.93    -24.62     -8.13     6      .9     148     0   0   0   0      26.262   -73.376
0422   211.0   981.4     26.52     79.3     141    71    26.14    -24.76     -8.37     6     1.1     143     0   0   0   0      26.262   -73.376
0423   211.5   982.0     26.57     79.1     136    71    26.34    -24.87     -8.67     6     1.3     137     0   0   0   0      26.262   -73.376
0424   212.0   982.6     26.62     78.9     130    70    26.50    -24.93     -8.96     6     1.4     132     0   0   0   0      26.262   -73.377
0425   212.5   983.2     26.67     78.7     125    70    26.60    -24.97     -9.17     6     1.6     126     0   0   0   0      26.262   -73.377
0426   213.0   983.8     26.72     78.6     119    70    26.64    -24.99     -9.24     6     1.6     121     0   0   0   0      26.261   -73.377
0427   213.5   984.4     26.77     78.4     114    70    26.63    -25.02     -9.12     6     1.7     115     0   0   0   0      26.261   -73.377
0428   214.0   985.0     26.82     78.3     108    71    26.57    -25.07     -8.82     6     1.7     110     0   0   0   0      26.261   -73.377
0429   214.5   985.6     26.88     78.1     103    72    26.50    -25.14     -8.36     6     1.7     105     0   0   0   0      26.261   -73.377
0430   215.0   986.2     26.93     78.0      98    73    26.43    -25.25     -7.81     6     1.7      99     0   0   0   0      26.261   -73.377
0431   215.5   986.8     26.98     77.8      92    74    26.39    -25.37     -7.25     6     1.6      94     0   0   0   0      26.261   -73.377
0432   216.0   987.4     27.04     77.6      87    75    26.40    -25.52     -6.73     6     1.5      89     0   0   0   0      26.261   -73.378
0433   216.5   988.0     27.09     77.4      82    76    26.46    -25.70     -6.30     6     1.3      83     0   0   0   0      26.261   -73.378
0434   217.0   988.6     27.14     77.2      76    77    26.56    -25.88     -5.99     6     1.2      78     0   0   0   0      26.261   -73.378
0435   217.5   989.2     27.19     77.0      70    78    26.64    -26.01     -5.76     6      .9      72     0   0   0   0      26.261   -73.378
0436   218.0   989.9     27.24     76.8      65    78    26.63    -26.04     -5.56     6      .7      66     0   0   0   0      26.261   -73.378
0437   218.5   990.5     27.30     76.6      59    78    26.50    -25.97     -5.31     6      .6      60     0   0   0   0      26.261   -73.378
0438   219.0   991.2     27.35     76.4      52    79    26.31    -25.84     -4.95     6      .4      54     0   0   0   0      26.261   -73.378
0439   219.5   991.9     27.40     76.2      46    80    26.11    -25.72     -4.49     6      .2      48     0   0   0   0      26.261   -73.378
0440   220.0   992.6     27.46     76.0      40    81    25.94    -25.64     -3.98     6      .1      42     0   0   0   0      26.261   -73.379
0441   220.5   993.3     27.51     75.8      34    82    25.79    -25.55     -3.51     6      .2      36     0   0   0   0      26.261   -73.379
0442   221.0   994.0     27.57     75.6      28    83    25.61    -25.42     -3.12     6      .5      29     0   0   0   0      26.261   -73.379
0443   221.5   994.7     27.64     75.5      21    83    25.35    -25.18     -2.96     6      .5      23     0   0   0   0      26.261   -73.379
0444   222.0   995.4     27.70     75.6      15    82    25.10    -24.87     -3.34     7      .6      17     0   0   0   0      26.261   -73.379
0445   222.5   996.0     27.75     76.0       9    81    24.72    -24.41     -3.90     7      .7      11     0   0   0   0      26.261   -73.379
0446   223.0   996.6     27.81     77.4       5    81    23.29    -22.98     -3.79     7      .9       6     0   0   0   0      26.261   -73.379
