 ===========================================================================
 DROPWINDSONDE PROCESSING RECORD                            Sonde: 990415383
 PDS file written Mar 31, 2000.                             Format:    V5.03
 Aircraft: N43RF                             Date: 990913   Time: 191633 UTC
 ---------------------------------------------------------------------------
 Bias corrections:  PR =    .0 mb  TE =    .0 C  RH =    .0 %  PRB =   .0 mb
 Filters (LPF):     PTH =   5 s    WIND =   5 s       Hyd anchor =       SFC
 RH T-compensation =  Y     WSHR COR =      Y         Splash PR  =  992.8 mb
 Estimated PR used =  N     GPS VERR =    .70 m/s     HYD SFCP   =  995.8 mb
 Dyn T correction  =  Y     WGACORR  =     .8 m       AC GA ADJ  =     .0 m
 ---------------------------------------------------------------------------
 COMMENTS: Southern point; SA layer and good inflow at sounding bottom.
 ===========================================================================

 ===========================================================================
 Date: 990913   Lat:  22.40 N   TA:    6.3 C   PS:  643.5 mb   WD:   277 deg
 Time: 191633   Lon:  73.45 W   TD:    4.3 C   GA:   3727 m    WS:  26.3 m/s
 SID:  990415383                RH:   86.9 %   Navaid:   GP          
 ===========================================================================

IX      t (s)  P (mb)    T (C)    RH (%)  Z (m)   WD    WS (m/s)   U (m/s)   V (m/s)  NS  WZ (m/s)  ZW (m)   FP  FT  FH  FW    LAT (N)   LON (E)
0001      .3   644.1      6.34     86.7    3697   277    26.31     26.11     -3.18  -999  -999.0    3698     3   3   3   3      22.403   -73.448
0002      .8   644.7      6.40     86.5    3690   276    26.33     26.18     -2.88  -999  -999.0    3691     3   3   3   3      22.403   -73.448
0003     1.3   645.2      6.46     86.3    3682   276    26.34     26.19     -2.81  -999  -999.0    3683     3   3   3   3      22.403   -73.448
0004     1.8   645.8      6.51     86.1    3675   276    26.35     26.21     -2.74  -999  -999.0    3676     3   3   3   3      22.403   -73.447
0005     2.3   646.4      6.56     85.8    3668   276    26.36     26.22     -2.66  -999  -999.0    3668     3   3   3   3      22.403   -73.447
0006     2.8   647.0      6.61     85.6    3660   276    26.37     26.24     -2.59  -999  -999.0    3661     3   3   3   3      22.403   -73.447
0007     3.3   647.6      6.67     85.4    3653   275    26.37     26.25     -2.52  -999  -999.0    3654     3   3   3   3      22.403   -73.447
0008     3.8   648.1      6.72     85.2    3645   275    26.38     26.27     -2.44  -999  -999.0    3646     3   3   3   3      22.403   -73.447
0009     4.3   648.7      6.77     85.0    3638   275    26.39     26.29     -2.37  -999  -999.0    3639     3   3   3   3      22.403   -73.447
0010     4.8   649.3      6.82     84.8    3631   275    26.40     26.30     -2.30  -999  -999.0    3632     3   3   3   3      22.403   -73.447
0011     5.3   649.9      6.87     84.5    3623   275    26.41     26.32     -2.22  -999  -999.0    3624     3   3   3   3      22.403   -73.446
0012     5.8   650.5      6.93     84.3    3616   275    26.42     26.33     -2.15  -999  -999.0    3617     3   3   3   3      22.403   -73.446
0013     6.3   651.1      6.98     84.1    3609   275    26.43     26.35     -2.08  -999  -999.0    3609     3   3   3   3      22.403   -73.446
0014     6.8   651.6      7.03     83.9    3601   274    26.44     26.36     -2.00  -999  -999.0    3602     3   3   3   3      22.403   -73.446
0015     7.3   652.2      7.08     83.7    3594   274    26.45     26.38     -1.93  -999  -999.0    3595     3   3   3   3      22.403   -73.446
0016     7.8   652.8      7.13     83.5    3587   274    26.46     26.39     -1.86  -999  -999.0    3587     3   3   3   3      22.403   -73.446
0017     8.3   653.4      7.18     83.3    3579   274    26.47     26.41     -1.78  -999  -999.0    3580     3   3   3   3      22.403   -73.446
0018     8.8   654.0      7.23     83.0    3572   274    26.48     26.43     -1.71  -999  -999.0    3573     3   3   3   3      22.403   -73.446
0019     9.3   654.5      7.28     82.8    3565   274    26.49     26.44     -1.64  -999  -999.0    3565     3   3   3   3      22.403   -73.445
0020     9.8   655.1      7.33     82.6    3557   273    26.50     26.46     -1.56  -999  -999.0    3558     3   3   3   3      22.403   -73.445
0021    10.3   655.7      7.38     82.4    3550   273    26.51     26.47     -1.49  -999  -999.0    3551     3   3   3   3      22.403   -73.445
0022    10.8   656.3      7.43     82.2    3543   273    26.53     26.49     -1.42  -999  -999.0    3544     3   3   3   3      22.403   -73.445
0023    11.3   656.9      7.48     82.0    3535   273    26.54     26.51     -1.35  -999  -999.0    3536     3   3   3   3      22.403   -73.445
0024    11.8   657.4      7.53     81.8    3528   273    26.55     26.52     -1.27  -999  -999.0    3529     3   3   3   3      22.403   -73.445
0025    12.3   658.0      7.58     81.5    3521   273    26.56     26.53     -1.19  -999  -999.0    3522     3   3   3   3      22.403   -73.445
0026    12.8   658.6      7.63     81.3    3513   272    26.57     26.54     -1.11  -999  -999.0    3514     3   3   3   3      22.403   -73.445
0027    13.3   659.2      7.68     81.1    3506   272    26.57     26.55     -1.04  -999  -999.0    3507     3   3   3   3      22.403   -73.444
0028    13.8   659.8      7.73     80.9    3499   272    26.58     26.56      -.97  -999  -999.0    3500     3   3   3   3      22.403   -73.444
0029    14.3   660.3      7.78     80.7    3492   272    26.60     26.58      -.90  -999  -999.0    3493     3   3   3   3      22.403   -73.444
0030    14.8   660.9      7.82     80.5    3484   272    26.63     26.61      -.84  -999  -999.0    3485     3   3   0   3      22.403   -73.444
0031    15.3   661.5      7.86     80.4    3477   272    26.66     26.65      -.78  -999  -999.0    3478     3   3   0   3      22.403   -73.444
0032    15.8   662.1      7.89     80.2    3470   272    26.69     26.68      -.71  -999      .2    3471     0   0   0   3      22.403   -73.444
0033    16.3   662.7      7.91     80.1    3463   271    26.70     26.70      -.63  -999      .1    3463     0   0   0   3      22.403   -73.444
0034    16.8   663.3      7.94     79.9    3455   271    26.71     26.70      -.54  -999      .1    3456     0   0   0   3      22.403   -73.443
0035    17.3   663.8      7.96     79.8    3448   271    26.69     26.68      -.43  -999      .1    3449     0   0   0   3      22.403   -73.443
0036    17.8   664.4      7.99     79.6    3441   271    26.65     26.65      -.32  -999      .1    3442     0   0   0   3      22.403   -73.443
0037    18.3   665.0      8.02     79.4    3433   270    26.62     26.62      -.20     4      .0    3434     0   0   0   0      22.403   -73.443
0038    18.8   665.6      8.05     79.2    3426   270    26.59     26.59      -.11     4      .0    3427     0   0   0   0      22.403   -73.443
0039    19.3   666.2      8.08     79.0    3419   270    26.60     26.60      -.03     4      .0    3419     0   0   0   0      22.403   -73.443
0040    19.8   666.8      8.12     78.8    3411   270    26.64     26.64       .02     4      .0    3412     0   0   0   0      22.403   -73.443
0041    20.3   667.4      8.16     78.6    3404   270    26.72     26.72       .05     4      .0    3405     0   0   0   0      22.403   -73.443
0042    20.8   668.0      8.19     78.4    3397   270    26.84     26.84       .08     4     -.1    3397     0   0   0   0      22.403   -73.442
0043    21.3   668.6      8.23     78.2    3389   270    26.97     26.97       .11     5     -.1    3390     0   0   0   0      22.403   -73.442
0044    21.8   669.2      8.27     78.1    3382   270    27.11     27.11       .15     5     -.1    3383     0   0   0   0      22.403   -73.442
0045    22.3   669.8      8.32     77.9    3374   270    27.23     27.23       .22     5     -.1    3375     0   0   0   0      22.403   -73.442
0046    22.8   670.4      8.36     77.8    3367   269    27.33     27.33       .31     5     -.1    3368     0   0   0   0      22.403   -73.442
0047    23.3   671.0      8.41     77.6    3360   269    27.41     27.41       .42     5     -.1    3360     0   0   0   0      22.403   -73.442
0048    23.8   671.6      8.46     77.5    3352   269    27.47     27.46       .53     5     -.1    3353     0   0   0   0      22.403   -73.442
0049    24.3   672.2      8.50     77.4    3345   269    27.51     27.50       .63     5     -.1    3346     0   0   0   0      22.403   -73.442
0050    24.8   672.8      8.55     77.3    3337   268    27.55     27.55       .73     5      .0    3338     0   0   0   0      22.403   -73.441
0051    25.3   673.4      8.60     77.2    3330   268    27.60     27.59       .81     5      .0    3331     0   0   0   0      22.403   -73.441
0052    25.8   674.0      8.65     77.0    3323   268    27.66     27.65       .87     5      .0    3324     0   0   0   0      22.403   -73.441
0053    26.3   674.6      8.70     76.9    3316   268    27.73     27.71       .93     5      .1    3316     0   0   0   0      22.403   -73.441
0054    26.8   675.1      8.75     76.7    3308   268    27.80     27.79       .99     5      .1    3309     0   0   0   0      22.403   -73.441
0055    27.3   675.7      8.80     76.6    3301   268    27.88     27.86      1.05     5      .1    3302     0   0   0   0      22.403   -73.441
0056    27.8   676.3      8.86     76.4    3294   268    27.95     27.93      1.10     5      .0    3295     0   0   0   0      22.403   -73.441
0057    28.3   676.9      8.92     76.2    3287   268    28.01     27.99      1.14     5      .0    3287     0   0   0   0      22.403   -73.440
0058    28.8   677.5      8.98     76.0    3279   268    28.06     28.04      1.17     5      .0    3280     0   0   0   0      22.403   -73.440
0059    29.3   678.1      9.04     75.8    3272   268    28.09     28.06      1.18     5      .0    3273     0   0   0   0      22.403   -73.440
0060    29.8   678.7      9.10     75.6    3265   268    28.08     28.06      1.17     5      .0    3265     0   0   0   0      22.403   -73.440
0061    30.3   679.3      9.16     75.4    3257   268    28.06     28.03      1.15     5      .0    3258     0   0   0   0      22.403   -73.440
0062    30.8   679.9      9.22     75.2    3250   268    28.01     27.99      1.11     5      .1    3251     0   0   0   0      22.403   -73.440
0063    31.3   680.5      9.28     75.1    3243   268    27.95     27.93      1.08     5      .2    3243     0   0   0   0      22.403   -73.440
0064    31.8   681.1      9.33     74.9    3235   268    27.90     27.88      1.05     5      .2    3236     0   0   0   0      22.403   -73.439
0065    32.3   681.7      9.39     74.7    3228   268    27.86     27.84      1.04     5      .3    3229     0   0   0   0      22.403   -73.439
0066    32.8   682.3      9.45     74.5    3221   268    27.85     27.83      1.05     5      .3    3222     0   0   0   0      22.403   -73.439
0067    33.3   682.8      9.51     74.3    3214   268    27.86     27.84      1.08     5      .3    3215     0   0   0   0      22.403   -73.439
0068    33.8   683.4      9.57     74.0    3207   268    27.89     27.86      1.13     5      .3    3208     0   0   0   0      22.403   -73.439
0069    34.3   684.0      9.62     73.8    3200   268    27.91     27.89      1.21     5      .2    3201     0   0   0   0      22.403   -73.439
0070    34.8   684.6      9.69     73.6    3193   267    27.92     27.89      1.30     5      .1    3194     0   0   0   0      22.403   -73.439
0071    35.3   685.2      9.75     73.4    3186   267    27.91     27.87      1.43     5      .0    3186     0   0   0   0      22.403   -73.439
0072    35.8   685.8      9.81     73.2    3178   267    27.85     27.81      1.58     5     -.1    3179     0   0   0   0      22.403   -73.438
0073    36.3   686.4      9.87     72.9    3171   266    27.77     27.72      1.75     6     -.1    3172     0   0   0   0      22.403   -73.438
0074    36.8   687.0      9.94     72.7    3163   266    27.68     27.61      1.93     6     -.1    3164     0   0   0   0      22.403   -73.438
0075    37.3   687.6     10.00     72.5    3156   266    27.60     27.52      2.12     6     -.1    3157     0   0   0   0      22.403   -73.438
0076    37.8   688.2     10.06     72.3    3149   265    27.54     27.44      2.31     6      .0    3150     0   0   0   0      22.403   -73.438
0077    38.3   688.8     10.13     72.1    3142   265    27.51     27.40      2.47     6      .1    3142     0   0   0   0      22.403   -73.438
0078    38.8   689.4     10.18     71.9    3134   265    27.52     27.40      2.61     6      .1    3135     0   0   0   0      22.403   -73.438
0079    39.3   690.0     10.24     71.7    3127   264    27.56     27.43      2.71     6      .1    3128     0   0   0   0      22.403   -73.437
0080    39.8   690.6     10.29     71.6    3120   264    27.61     27.47      2.76     6      .1    3121     0   0   0   0      22.403   -73.437
0081    40.3   691.2     10.34     71.4    3113   264    27.64     27.50      2.78     6      .1    3114     0   0   0   0      22.403   -73.437
0082    40.8   691.8     10.40     71.2    3106   264    27.66     27.52      2.76     6      .1    3107     0   0   0   0      22.403   -73.437
0083    41.3   692.4     10.44     71.0    3099   264    27.64     27.51      2.71     6      .0    3099     0   0   0   0      22.403   -73.437
0084    41.8   693.0     10.49     70.8    3091   265    27.60     27.47      2.64     6      .0    3092     0   0   0   0      22.403   -73.437
0085    42.3   693.6     10.54     70.6    3084   265    27.55     27.43      2.55     6      .0    3085     0   0   0   0      22.403   -73.437
0086    42.8   694.2     10.59     70.4    3077   265    27.49     27.38      2.44     6      .0    3078     0   0   0   0      22.403   -73.437
0087    43.3   694.8     10.63     70.2    3069   265    27.45     27.35      2.32     6      .0    3070     0   0   0   0      22.403   -73.436
0088    43.8   695.4     10.67     70.1    3062   265    27.43     27.34      2.19     6      .0    3063     0   0   0   0      22.403   -73.436
0089    44.3   696.0     10.70     69.9    3055   266    27.43     27.35      2.05     6      .0    3056     0   0   0   0      22.403   -73.436
0090    44.8   696.6     10.73     69.9    3048   266    27.44     27.37      1.91     6      .1    3049     0   0   0   0      22.403   -73.436
0091    45.3   697.2     10.76     69.9    3041   266    27.45     27.39      1.79     6      .1    3042     0   0   0   0      22.403   -73.436
0092    45.8   697.8     10.79     69.9    3034   266    27.45     27.40      1.69     6      .1    3034     0   0   0   0      22.403   -73.436
0093    46.3   698.4     10.82     69.9    3026   267    27.44     27.39      1.63     6      .0    3027     0   0   0   3      22.403   -73.436
0094    46.8   699.0     10.85     69.8    3019   267    27.41     27.36      1.60     6      .0    3020     0   0   0   0      22.403   -73.435
0095    47.3   699.6     10.88     69.8    3012   267    27.37     27.32      1.59     6      .0    3013     0   0   0   0      22.403   -73.435
0096    47.8   700.2     10.91     69.7    3005   267    27.32     27.27      1.61     6      .0    3006     0   0   0   0      22.403   -73.435
0097    48.3   700.8     10.94     69.6    2997   267    27.28     27.23      1.63     6     -.1    2998     0   0   0   0      22.403   -73.435
0098    48.8   701.4     10.97     69.4    2990   267    27.26     27.21      1.63     6     -.1    2991     0   0   0   0      22.403   -73.435
0099    49.3   702.0     11.01     69.3    2983   267    27.26     27.22      1.60     6      .0    2984     0   0   0   0      22.403   -73.435
0100    49.8   702.6     11.04     69.3    2976   267    27.28     27.24      1.55     6      .0    2977     0   0   0   0      22.403   -73.435
0101    50.3   703.2     11.07     69.3    2969   267    27.31     27.27      1.47     6      .0    2969     0   0   0   0      22.403   -73.435
0102    50.8   703.8     11.10     69.4    2961   267    27.33     27.29      1.38     6      .0    2962     0   0   0   0      22.403   -73.434
0103    51.3   704.4     11.12     69.6    2954   267    27.33     27.30      1.29     6     -.1    2955     0   0   0   0      22.403   -73.434
0104    51.8   705.0     11.14     69.8    2947   267    27.29     27.27      1.22     6     -.1    2948     0   0   0   0      22.403   -73.434
0105    52.3   705.7     11.15     70.0    2940   268    27.23     27.20      1.17     6     -.2    2941     0   0   0   0      22.403   -73.434
0106    52.8   706.3     11.17     70.3    2933   268    27.14     27.12      1.15     6     -.3    2933     0   0   0   0      22.403   -73.434
0107    53.3   706.9     11.18     70.5    2925   268    27.04     27.02      1.15     6     -.4    2926     0   0   0   0      22.403   -73.434
0108    53.8   707.5     11.20     70.7    2918   268    26.95     26.93      1.15     6     -.5    2919     0   0   0   0      22.403   -73.434
0109    54.3   708.2     11.22     70.9    2910   268    26.89     26.86      1.14     6     -.5    2911     0   0   0   0      22.403   -73.434
0110    54.8   708.8     11.24     71.1    2903   268    26.85     26.83      1.11     6     -.5    2904     0   0   0   0      22.403   -73.433
0111    55.3   709.4     11.27     71.2    2895   268    26.84     26.82      1.06     6     -.5    2896     0   0   0   0      22.403   -73.433
0112    55.8   710.1     11.29     71.2    2888   268    26.85     26.83       .99     6     -.4    2889     0   0   0   0      22.403   -73.433
0113    56.3   710.7     11.33     71.2    2881   268    26.86     26.85       .91     6     -.3    2881     0   0   0   0      22.403   -73.433
0114    56.8   711.3     11.36     71.1    2873   268    26.87     26.86       .84     6     -.2    2874     0   0   0   0      22.403   -73.433
0115    57.3   711.9     11.39     71.0    2866   268    26.87     26.86       .77     6     -.1    2867     0   0   0   0      22.403   -73.433
0116    57.8   712.5     11.43     71.0    2859   268    26.86     26.85       .72     6      .0    2860     0   0   0   0      22.403   -73.433
0117    58.3   713.1     11.47     71.0    2852   269    26.84     26.83       .69     6      .0    2853     0   0   0   0      22.403   -73.432
0118    58.8   713.7     11.50     71.2    2845   269    26.82     26.81       .66     6      .1    2846     0   0   0   0      22.403   -73.432
0119    59.3   714.3     11.54     71.7    2838   269    26.81     26.80       .63     6      .0    2839     0   0   0   0      22.403   -73.432
0120    59.8   714.9     11.58     72.3    2831   269    26.82     26.81       .59     6      .0    2831     0   0   0   0      22.403   -73.432
0121    60.3   715.5     11.61     73.0    2824   269    26.84     26.83       .53     6      .0    2824     0   0   0   0      22.403   -73.432
0122    60.8   716.1     11.64     73.8    2816   269    26.87     26.87       .46     6     -.1    2817     0   0   0   0      22.403   -73.432
0123    61.3   716.8     11.67     74.6    2809   269    26.91     26.91       .38     6     -.1    2810     0   0   0   0      22.403   -73.432
0124    61.8   717.4     11.69     75.2    2802   269    26.96     26.96       .30     6     -.1    2803     0   0   0   0      22.403   -73.432
0125    62.3   718.0     11.71     75.6    2795   270    27.02     27.01       .23     6     -.1    2795     0   0   0   0      22.403   -73.431
0126    62.8   718.6     11.74     75.9    2787   270    27.07     27.07       .18     6     -.1    2788     0   0   0   0      22.403   -73.431
0127    63.3   719.2     11.76     76.0    2780   270    27.12     27.12       .15     6     -.1    2781     0   0   0   0      22.403   -73.431
0128    63.8   719.9     11.79     76.0    2773   270    27.16     27.15       .14     6     -.1    2774     0   0   0   0      22.403   -73.431
0129    64.3   720.5     11.82     76.1    2766   270    27.17     27.17       .14     6     -.1    2767     0   0   0   0      22.403   -73.431
0130    64.8   721.1     11.85     76.2    2759   270    27.16     27.16       .14     6      .0    2760     0   0   0   0      22.403   -73.431
0131    65.3   721.7     11.88     76.5    2752   270    27.12     27.12       .15     6      .0    2753     0   0   0   0      22.403   -73.431
0132    65.8   722.3     11.90     76.8    2745   270    27.06     27.06       .15     6     -.1    2745     0   0   0   0      22.403   -73.431
0133    66.3   722.9     11.92     77.2    2737   270    26.99     26.99       .15     6     -.1    2738     0   0   0   0      22.403   -73.430
0134    66.8   723.5     11.93     77.6    2730   270    26.92     26.92       .17     6     -.1    2731     0   0   0   3      22.403   -73.430
0135    67.3   724.2     11.94     77.8    2723   270    26.88     26.88       .21     6     -.1    2724     0   0   0   0      22.403   -73.430
0136    67.8   724.8     11.96     78.0    2716   269    26.88     26.88       .29     6     -.1    2717     0   0   0   0      22.403   -73.430
0137    68.3   725.4     11.97     78.1    2709   269    26.92     26.92       .40     6     -.1    2710     0   0   0   0      22.403   -73.430
0138    68.8   726.0     11.99     78.1    2702   269    27.00     27.00       .54     6     -.1    2703     0   0   0   0      22.403   -73.430
0139    69.3   726.6     12.01     78.1    2695   268    27.10     27.09       .71     6     -.1    2695     0   0   0   0      22.403   -73.430
0140    69.8   727.2     12.03     78.0    2687   268    27.19     27.17       .89     6      .0    2688     0   0   0   0      22.403   -73.430
0141    70.3   727.8     12.05     78.0    2680   268    27.24     27.22      1.07     6      .0    2681     0   0   0   0      22.403   -73.429
0142    70.8   728.5     12.07     78.0    2673   267    27.23     27.20      1.24     6      .0    2674     0   0   0   0      22.403   -73.429
0143    71.3   729.1     12.10     78.0    2666   267    27.17     27.13      1.39     6      .1    2667     0   0   0   0      22.403   -73.429
0144    71.8   729.7     12.12     78.0    2659   267    27.05     27.00      1.51     6      .1    2660     0   0   0   0      22.403   -73.429
0145    72.3   730.3     12.14     77.9    2652   267    26.89     26.85      1.61     6      .1    2653     0   0   0   0      22.403   -73.429
0146    72.8   730.9     12.16     77.8    2645   266    26.74     26.68      1.68     6      .1    2646     0   0   0   0      22.403   -73.429
0147    73.3   731.5     12.19     77.6    2638   266    26.60     26.54      1.72     6      .1    2639     3   3   3   0      22.403   -73.429
0148    73.8   732.1     12.23     77.5    2631   266    26.49     26.44      1.75     6      .2    2632     3   3   3   3      22.403   -73.428
0149    74.3   732.7     12.27     77.3    2624   266    26.44     26.38      1.76     6      .2    2625     0   0   0   0      22.403   -73.428
0150    74.8   733.3     12.32     77.2    2617   266    26.43     26.37      1.75     6      .2    2618     0   0   0   0      22.403   -73.428
0151    75.3   733.9     12.36     77.2    2610   266    26.46     26.40      1.73     6      .2    2611     0   0   0   3      22.403   -73.428
0152    75.8   734.5     12.41     77.3    2603   266    26.50     26.45      1.71     6      .3    2604     0   0   0   0      22.403   -73.428
0153    76.3   735.2     12.45     77.6    2596   266    26.55     26.49      1.69     6      .3    2597     0   0   0   0      22.403   -73.428
0154    76.8   735.8     12.49     77.9    2590   266    26.57     26.52      1.69     6      .3    2590     0   0   0   0      22.403   -73.428
0155    77.3   736.4     12.53     78.3    2583   266    26.57     26.51      1.70     6      .3    2584     0   0   0   0      22.403   -73.428
0156    77.8   737.0     12.57     78.8    2576   266    26.53     26.47      1.73     6      .3    2577     0   0   0   0      22.403   -73.427
0157    78.3   737.6     12.61     79.2    2569   266    26.47     26.41      1.77     6      .3    2570     0   0   0   0      22.403   -73.427
0158    78.8   738.2     12.65     79.7    2562   266    26.39     26.33      1.80     6      .3    2563     3   3   3   0      22.403   -73.427
0159    79.3   738.8     12.69     80.0    2555   266    26.32     26.25      1.82     6      .3    2556     0   0   0   3      22.403   -73.427
0160    79.8   739.4     12.73     80.3    2548   266    26.26     26.19      1.81     6      .3    2549     0   0   0   0      22.403   -73.427
0161    80.3   740.0     12.78     80.5    2541   266    26.22     26.16      1.78     6      .3    2542     0   0   0   0      22.403   -73.427
0162    80.8   740.6     12.82     80.6    2534   266    26.20     26.15      1.72     6      .3    2535     0   0   0   0      22.403   -73.427
0163    81.3   741.2     12.85     80.6    2528   266    26.20     26.15      1.64     6      .3    2528     0   0   0   0      22.403   -73.427
0164    81.8   741.8     12.88     80.6    2521   267    26.19     26.14      1.56     6      .2    2521     0   0   0   0      22.403   -73.426
0165    82.3   742.4     12.91     80.5    2514   267    26.16     26.11      1.50     6      .2    2515     0   0   0   0      22.403   -73.426
0166    82.8   743.0     12.94     80.3    2507   267    26.10     26.06      1.47     6      .2    2508     0   0   0   0      22.403   -73.426
0167    83.3   743.6     12.98     80.2    2500   267    26.02     25.98      1.47     6      .1    2501     0   0   0   0      22.403   -73.426
0168    83.8   744.2     13.01     80.1    2493   267    25.93     25.89      1.50     6      .1    2494     0   0   0   0      22.403   -73.426
0169    84.3   744.9     13.05     80.1    2486   267    25.85     25.81      1.55     6      .1    2487     0   0   0   0      22.403   -73.426
0170    84.8   745.5     13.09     80.2    2479   266    25.80     25.75      1.59     6      .1    2480     0   0   0   3      22.403   -73.426
0171    85.3   746.1     13.12     80.5    2472   266    25.80     25.75      1.63     6      .1    2473     0   0   0   0      22.403   -73.426
0172    85.8   746.7     13.15     81.0    2465   266    25.84     25.79      1.62     6      .1    2466     0   0   0   3      22.403   -73.425
0173    86.3   747.3     13.17     81.5    2458   267    25.93     25.88      1.58     6      .1    2459     0   0   0   0      22.403   -73.425
0174    86.8   747.9     13.18     82.0    2451   267    26.04     26.00      1.49     7      .2    2452     0   0   0   0      22.403   -73.425
0175    87.3   748.6     13.18     82.6    2444   267    26.16     26.13      1.38     7      .1    2445     0   0   0   0      22.403   -73.425
0176    87.8   749.2     13.18     83.0    2437   267    26.27     26.24      1.24     7      .1    2438     0   0   0   0      22.403   -73.425
0177    88.3   749.8     13.18     83.4    2431   268    26.35     26.32      1.10     7      .1    2431     0   0   0   0      22.403   -73.425
0178    88.8   750.4     13.17     83.6    2424   268    26.40     26.38       .99     7      .0    2424     0   0   0   0      22.403   -73.425
0179    89.3   751.0     13.18     83.6    2417   268    26.42     26.40       .90     7     -.1    2417     0   0   0   0      22.403   -73.424
0180    89.8   751.7     13.19     83.6    2409   268    26.42     26.41       .86     7     -.2    2410     0   0   0   3      22.403   -73.424
0181    90.3   752.3     13.21     83.4    2402   268    26.42     26.40       .85     7     -.2    2403     0   0   0   0      22.403   -73.424
0182    90.8   752.9     13.24     83.1    2395   268    26.40     26.39       .87     7     -.2    2396     0   0   0   0      22.403   -73.424
0183    91.3   753.6     13.27     82.8    2388   268    26.39     26.38       .91     7     -.1    2389     0   0   0   0      22.403   -73.424
0184    91.8   754.2     13.31     82.4    2381   268    26.38     26.36       .96     7     -.1    2382     0   0   0   0      22.403   -73.424
0185    92.3   754.8     13.34     82.1    2374   268    26.37     26.35      1.00     7      .0    2375     0   0   0   0      22.403   -73.424
0186    92.8   755.4     13.38     81.7    2367   268    26.35     26.33      1.05     7      .1    2368     0   0   0   0      22.403   -73.424
0187    93.3   756.0     13.42     81.3    2360   268    26.34     26.32      1.09     7      .2    2361     0   0   0   0      22.403   -73.423
0188    93.8   756.7     13.47     80.9    2353   268    26.34     26.31      1.14     7      .3    2354     0   0   0   0      22.403   -73.423
0189    94.3   757.3     13.51     80.4    2347   267    26.34     26.31      1.20     7      .4    2348     0   0   0   0      22.403   -73.423
0190    94.8   757.9     13.57     79.8    2340   267    26.35     26.32      1.28     7      .4    2341     0   0   0   3      22.403   -73.423
0191    95.3   758.5     13.62     79.1    2333   267    26.37     26.34      1.38     7      .4    2334     0   0   0   3      22.403   -73.423
0192    95.8   759.1     13.68     78.3    2327   267    26.40     26.36      1.51     7      .3    2327     0   0   0   0      22.403   -73.423
0193    96.3   759.7     13.74     77.4    2320   266    26.42     26.37      1.64     7      .3    2321     0   0   0   0      22.403   -73.423
0194    96.8   760.3     13.80     76.4    2313   266    26.45     26.39      1.78     7      .2    2314     0   0   0   0      22.403   -73.423
0195    97.3   760.9     13.86     75.4    2306   266    26.47     26.40      1.90     7      .2    2307     0   0   0   0      22.403   -73.422
0196    97.8   761.5     13.92     74.5    2299   266    26.48     26.40      1.98     7      .2    2300     0   0   0   0      22.403   -73.422
0197    98.3   762.2     13.99     73.7    2292   266    26.49     26.41      2.04     7      .2    2293     0   0   0   0      22.403   -73.422
0198    98.8   762.8     14.05     73.1    2285   266    26.50     26.42      2.06     7      .2    2286     0   0   0   0      22.403   -73.422
0199    99.3   763.4     14.11     72.6    2279   266    26.51     26.43      2.04     7      .2    2279     0   0   0   3      22.403   -73.422
0200    99.8   764.0     14.17     72.3    2272   266    26.54     26.46      2.01     7      .3    2273     0   0   0   0      22.403   -73.422
0201   100.3   764.6     14.23     72.0    2265   266    26.58     26.51      1.98     7      .3    2266     0   0   0   0      22.403   -73.422
0202   100.8   765.2     14.29     71.6    2258   266    26.63     26.56      1.94     7      .3    2259     0   0   0   0      22.403   -73.422
0203   101.3   765.8     14.34     71.3    2252   266    26.70     26.63      1.90     7      .3    2252     3   3   3   0      22.403   -73.421
0204   101.8   766.4     14.40     70.9    2245   266    26.77     26.70      1.86     7      .3    2246     0   0   0   3      22.403   -73.421
0205   102.3   767.1     14.46     70.6    2238   266    26.84     26.77      1.83     7      .3    2239     0   0   0   3      22.403   -73.421
0206   102.8   767.7     14.52     70.3    2231   266    26.90     26.84      1.79     7      .3    2232     0   0   0   0      22.403   -73.421
0207   103.3   768.3     14.57     70.2    2224   266    26.94     26.89      1.75     7      .2    2225     0   0   0   0      22.404   -73.421
0208   103.8   768.9     14.62     70.3    2218   266    26.97     26.92      1.70     7      .2    2218     0   0   0   0      22.404   -73.421
0209   104.3   769.5     14.67     70.6    2211   266    26.98     26.93      1.65     7      .2    2212     0   0   0   0      22.404   -73.421
0210   104.8   770.2     14.71     71.0    2204   267    26.98     26.93      1.61     7      .1    2205     0   0   0   0      22.404   -73.420
0211   105.3   770.8     14.75     71.6    2197   267    26.97     26.93      1.55     7      .2    2198     0   0   0   0      22.404   -73.420
0212   105.8   771.4     14.78     72.4    2190   267    26.98     26.94      1.49     7      .2    2191     0   0   0   0      22.404   -73.420
0213   106.3   772.0     14.81     73.1    2183   267    27.02     26.98      1.40     7      .2    2184     0   0   0   0      22.404   -73.420
0214   106.8   772.6     14.83     73.9    2177   267    27.09     27.06      1.28     7      .2    2177     0   0   0   0      22.404   -73.420
0215   107.3   773.3     14.84     74.6    2170   268    27.19     27.17      1.13     7      .2    2171     0   0   0   0      22.404   -73.420
0216   107.8   773.9     14.86     75.2    2163   268    27.32     27.30       .94     7      .2    2164     0   0   0   0      22.404   -73.420
0217   108.3   774.5     14.87     75.7    2156   268    27.45     27.44       .73     7      .2    2157     0   0   0   0      22.404   -73.420
0218   108.8   775.1     14.88     76.0    2149   269    27.58     27.58       .51     7      .2    2150     0   0   0   0      22.404   -73.419
0219   109.3   775.7     14.89     76.2    2143   269    27.68     27.68       .31     7      .2    2144     0   0   0   0      22.404   -73.419
0220   109.8   776.4     14.91     76.2    2136   270    27.74     27.74       .15     7      .2    2137     0   0   0   0      22.404   -73.419
0221   110.3   777.0     14.93     76.1    2129   270    27.75     27.75       .04     7      .1    2130     0   0   0   0      22.404   -73.419
0222   110.8   777.6     14.96     75.8    2122   270    27.72     27.72      -.01     7      .1    2123     0   0   0   3      22.404   -73.419
0223   111.3   778.2     14.98     75.4    2115   270    27.66     27.66      -.02     7      .1    2116     0   0   0   0      22.404   -73.419
0224   111.8   778.9     15.02     74.9    2109   270    27.58     27.58       .00     7      .1    2109     0   0   0   3      22.404   -73.419
0225   112.3   779.5     15.05     74.5    2102   270    27.50     27.50       .03     7      .1    2103     0   0   0   0      22.404   -73.418
0226   112.8   780.1     15.09     74.1    2095   270    27.45     27.45       .06     7      .1    2096     0   0   0   0      22.404   -73.418
0227   113.3   780.7     15.13     73.8    2088   270    27.43     27.43       .05     7      .1    2089     0   0   0   0      22.404   -73.418
0228   113.8   781.4     15.16     73.6    2081   270    27.45     27.45       .03     7      .2    2082     0   0   0   0      22.404   -73.418
0229   114.3   782.0     15.20     73.7    2074   270    27.52     27.52      -.02     7      .2    2075     0   0   0   0      22.404   -73.418
0230   114.8   782.6     15.23     73.8    2068   270    27.62     27.62      -.07     7      .2    2068     0   0   0   0      22.404   -73.418
0231   115.3   783.2     15.26     74.1    2061   270    27.75     27.75      -.12     7      .3    2062     0   0   0   0      22.404   -73.418
0232   115.8   783.9     15.28     74.5    2054   270    27.88     27.88      -.17     7      .3    2055     0   0   0   0      22.404   -73.418
0233   116.3   784.5     15.31     75.0    2048   270    28.00     28.00      -.19     7      .3    2048     0   0   0   0      22.404   -73.417
0234   116.8   785.1     15.33     75.5    2041   270    28.09     28.09      -.19     7      .3    2042     0   0   0   0      22.404   -73.417
0235   117.3   785.7     15.35     76.0    2034   270    28.14     28.14      -.18     7      .2    2035     0   0   0   0      22.404   -73.417
0236   117.8   786.3     15.37     76.5    2027   270    28.13     28.13      -.14     7      .2    2028     0   0   0   0      22.404   -73.417
0237   118.3   787.0     15.38     77.1    2021   270    28.06     28.06      -.08     7      .2    2021     0   0   0   0      22.404   -73.417
0238   118.8   787.6     15.40     77.6    2014   270    27.94     27.94       .00     7      .2    2015     0   0   0   0      22.404   -73.417
0239   119.3   788.2     15.42     78.2    2007   270    27.78     27.78       .09     7      .2    2008     3   3   3   0      22.404   -73.417
0240   119.8   788.8     15.44     78.8    2000   270    27.61     27.61       .20     7      .2    2001     0   0   0   3      22.404   -73.416
0241   120.3   789.5     15.45     79.3    1993   269    27.44     27.44       .32     7      .2    1994     0   0   0   0      22.404   -73.416
0242   120.8   790.1     15.46     79.8    1987   269    27.29     27.29       .44     7      .2    1988     3   3   3   0      22.404   -73.416
0243   121.3   790.7     15.47     80.1    1980   269    27.18     27.17       .55     7      .2    1981     0   0   0   0      22.404   -73.416
0244   121.8   791.4     15.48     80.2    1973   269    27.10     27.10       .64     7      .3    1974     0   0   0   0      22.404   -73.416
0245   122.3   792.0     15.50     80.1    1967   269    27.06     27.05       .70     7      .3    1967     0   0   0   0      22.404   -73.416
0246   122.8   792.6     15.52     79.8    1960   268    27.05     27.04       .75     7      .3    1961     0   0   0   0      22.404   -73.416
0247   123.3   793.2     15.55     79.4    1953   268    27.06     27.05       .77     7      .4    1954     0   0   0   0      22.404   -73.416
0248   123.8   793.8     15.58     79.0    1947   268    27.08     27.07       .79     7      .4    1948     0   0   0   0      22.404   -73.415
0249   124.3   794.4     15.62     78.5    1940   268    27.10     27.09       .82     7      .3    1941     0   0   0   0      22.404   -73.415
0250   124.8   795.1     15.66     78.1    1934   268    27.12     27.11       .85     7      .3    1934     0   0   0   0      22.404   -73.415
0251   125.3   795.7     15.71     77.6    1927   268    27.14     27.13       .89     7      .3    1928     0   0   0   0      22.404   -73.415
0252   125.8   796.3     15.75     77.1    1920   268    27.16     27.15       .94     7      .2    1921     0   0   0   0      22.404   -73.415
0253   126.3   796.9     15.79     76.5    1913   268    27.18     27.16       .99     7      .2    1914     0   0   0   0      22.404   -73.415
0254   126.8   797.6     15.83     75.9    1907   268    27.19     27.17      1.04     7      .2    1908     3   3   3   0      22.404   -73.415
0255   127.3   798.2     15.87     75.3    1900   268    27.20     27.18      1.09     7      .2    1901     0   0   0   3      22.404   -73.414
0256   127.8   798.8     15.91     74.8    1893   268    27.20     27.17      1.13     7      .2    1894     0   0   0   3      22.404   -73.414
0257   128.3   799.5     15.95     74.5    1887   268    27.19     27.16      1.18     7      .3    1887     0   0   0   0      22.404   -73.414
0258   128.8   800.1     15.99     74.4    1880   267    27.17     27.14      1.23     7      .3    1881     0   0   0   0      22.404   -73.414
0259   129.3   800.7     16.03     74.7    1873   267    27.15     27.12      1.30     7      .3    1874     0   0   0   0      22.404   -73.414
0260   129.8   801.3     16.07     75.3    1867   267    27.14     27.10      1.37     7      .4    1868     0   0   0   3      22.404   -73.414
0261   130.3   801.9     16.10     76.2    1860   267    27.13     27.09      1.46     7      .4    1861     0   0   0   0      22.404   -73.414
0262   130.8   802.6     16.12     77.3    1854   267    27.13     27.09      1.55     7      .4    1854     0   0   0   0      22.404   -73.414
0263   131.3   803.2     16.14     78.4    1847   267    27.15     27.10      1.64     7      .4    1848     0   0   0   3      22.404   -73.413
0264   131.8   803.8     16.16     79.4    1840   266    27.18     27.12      1.71     7      .3    1841     0   0   0   0      22.404   -73.413
0265   132.3   804.4     16.17     80.2    1834   266    27.21     27.15      1.76     7      .3    1835     0   0   0   0      22.404   -73.413
0266   132.8   805.1     16.17     80.7    1827   266    27.24     27.18      1.79     7      .3    1828     0   0   0   0      22.404   -73.413
0267   133.3   805.7     16.18     81.0    1820   266    27.26     27.20      1.78     7      .3    1821     0   0   0   0      22.404   -73.413
0268   133.8   806.3     16.19     81.1    1814   266    27.27     27.21      1.77     7      .3    1815     0   0   0   0      22.404   -73.413
0269   134.3   806.9     16.20     81.0    1807   266    27.26     27.21      1.74     7      .3    1808     0   0   0   0      22.404   -73.413
0270   134.8   807.6     16.22     80.8    1800   266    27.24     27.18      1.72     7      .3    1801     0   0   0   3      22.404   -73.413
0271   135.3   808.2     16.24     80.6    1794   266    27.20     27.15      1.72     7      .3    1795     0   0   0   0      22.404   -73.412
0272   135.8   808.8     16.26     80.3    1787   266    27.16     27.11      1.73     7      .3    1788     0   0   0   0      22.404   -73.412
0273   136.3   809.5     16.29     80.0    1781   266    27.13     27.07      1.76     7      .4    1781     0   0   0   0      22.404   -73.412
0274   136.8   810.1     16.31     79.7    1774   266    27.11     27.05      1.80     7      .4    1775     0   0   0   0      22.404   -73.412
0275   137.3   810.7     16.34     79.4    1767   266    27.11     27.04      1.84     7      .4    1768     0   0   0   0      22.404   -73.412
0276   137.8   811.3     16.37     79.1    1761   266    27.12     27.06      1.87     7      .5    1762     0   0   0   0      22.404   -73.412
0277   138.3   811.9     16.40     78.9    1754   266    27.16     27.09      1.89     7      .4    1755     0   0   0   0      22.404   -73.412
0278   138.8   812.6     16.44     78.7    1748   266    27.20     27.14      1.89     7      .4    1749     0   0   0   0      22.404   -73.412
0279   139.3   813.2     16.47     78.6    1741   266    27.25     27.19      1.87     7      .4    1742     0   0   0   3      22.404   -73.411
0280   139.8   813.8     16.51     78.5    1735   266    27.30     27.23      1.84     7      .4    1736     0   0   0   0      22.404   -73.411
0281   140.3   814.4     16.55     78.5    1728   266    27.33     27.27      1.81     7      .3    1729     0   0   0   0      22.404   -73.411
0282   140.8   815.1     16.59     78.4    1722   266    27.36     27.30      1.79     7      .3    1723     0   0   0   0      22.404   -73.411
0283   141.3   815.7     16.64     78.3    1715   266    27.38     27.32      1.77     7      .3    1716     3   3   3   3      22.404   -73.411
0284   141.8   816.3     16.69     78.2    1708   266    27.40     27.35      1.77     7      .3    1709     0   0   0   0      22.404   -73.411
0285   142.3   817.0     16.74     78.2    1702   266    27.43     27.37      1.79     7      .4    1703     0   0   0   0      22.404   -73.411
0286   142.8   817.6     16.79     78.1    1695   266    27.47     27.41      1.83     7      .4    1696     0   0   0   0      22.404   -73.410
0287   143.3   818.2     16.83     78.1    1689   266    27.52     27.45      1.89     7      .4    1690     0   0   0   0      22.404   -73.410
0288   143.8   818.8     16.87     78.2    1682   266    27.57     27.50      1.95     7      .4    1683     0   0   0   0      22.404   -73.410
0289   144.3   819.4     16.91     78.4    1676   266    27.62     27.55      2.02     7      .4    1677     0   0   0   0      22.404   -73.410
0290   144.8   820.1     16.95     78.6    1669   266    27.66     27.58      2.08     7      .4    1670     0   0   0   0      22.404   -73.410
0291   145.3   820.7     16.98     78.9    1663   266    27.67     27.59      2.13     7      .4    1664     0   0   0   0      22.404   -73.410
0292   145.8   821.3     17.01     79.1    1656   265    27.66     27.57      2.17     7      .4    1657     0   0   0   0      22.404   -73.410
0293   146.3   821.9     17.05     79.2    1650   265    27.63     27.54      2.21     7      .4    1651     0   0   0   0      22.404   -73.410
0294   146.8   822.6     17.08     79.2    1643   265    27.60     27.50      2.25     7      .5    1644     0   0   0   0      22.404   -73.409
0295   147.3   823.2     17.12     79.2    1637   265    27.56     27.47      2.28     7      .5    1638     0   0   0   0      22.404   -73.409
0296   147.8   823.8     17.16     79.1    1630   265    27.54     27.44      2.32     7      .5    1631     0   0   0   3      22.404   -73.409
0297   148.3   824.4     17.20     78.9    1624   265    27.53     27.43      2.38     7      .5    1625     0   0   0   0      22.404   -73.409
0298   148.8   825.1     17.24     78.8    1617   265    27.53     27.42      2.43     7      .5    1618     0   0   0   0      22.404   -73.409
0299   149.3   825.7     17.28     78.7    1611   265    27.52     27.41      2.50     7      .5    1612     0   0   0   0      22.404   -73.409
0300   149.8   826.3     17.32     78.7    1605   265    27.49     27.37      2.58     7      .5    1606     0   0   0   0      22.404   -73.409
0301   150.3   826.9     17.36     78.7    1598   264    27.43     27.30      2.66     7      .5    1599     3   3   3   0      22.404   -73.408
0302   150.8   827.5     17.40     78.7    1592   264    27.34     27.20      2.75     7      .5    1593     0   0   0   3      22.404   -73.408
0303   151.3   828.2     17.44     78.7    1585   264    27.21     27.06      2.84     7      .5    1586     0   0   0   0      22.404   -73.408
0304   151.8   828.8     17.48     78.7    1579   264    27.07     26.91      2.91     7      .5    1580     0   0   0   0      22.404   -73.408
0305   152.3   829.4     17.52     78.7    1572   264    26.94     26.78      2.98     7      .5    1573     0   0   0   0      22.404   -73.408
0306   152.8   830.0     17.56     78.6    1566   264    26.84     26.67      3.03     7      .5    1567     0   0   0   0      22.404   -73.408
0307   153.3   830.6     17.60     78.6    1560   263    26.79     26.62      3.07     7      .5    1560     0   0   0   0      22.404   -73.408
0308   153.8   831.3     17.64     78.5    1553   263    26.79     26.61      3.09     7      .5    1554     0   0   0   0      22.404   -73.408
0309   154.3   831.9     17.68     78.5    1547   263    26.84     26.66      3.10     7      .5    1548     0   0   0   0      22.404   -73.407
0310   154.8   832.5     17.72     78.5    1540   263    26.91     26.73      3.10     7      .4    1541     0   0   0   0      22.404   -73.407
0311   155.3   833.1     17.76     78.5    1534   263    27.00     26.82      3.10     7      .4    1535     0   0   0   0      22.404   -73.407
0312   155.8   833.8     17.80     78.6    1527   263    27.08     26.90      3.10     7      .4    1528     0   0   0   0      22.404   -73.407
0313   156.3   834.4     17.85     78.6    1521   263    27.13     26.96      3.08     7      .3    1522     0   0   0   0      22.404   -73.407
0314   156.8   835.1     17.89     78.7    1514   264    27.16     26.99      3.04     8      .3    1515     0   0   0   0      22.404   -73.407
0315   157.3   835.7     17.93     78.9    1508   264    27.17     27.01      2.96     8      .4    1508     0   0   0   0      22.404   -73.407
0316   157.8   836.3     17.98     79.0    1501   264    27.18     27.03      2.84     8      .4    1502     0   0   0   0      22.404   -73.407
0317   158.3   837.0     18.02     79.1    1495   264    27.20     27.07      2.67     8      .4    1496     0   0   0   0      22.404   -73.406
0318   158.8   837.6     18.06     79.3    1488   265    27.25     27.14      2.48     8      .4    1489     0   0   0   0      22.404   -73.406
0319   159.3   838.2     18.11     79.5    1482   265    27.35     27.25      2.26     8      .4    1483     0   0   0   0      22.404   -73.406
0320   159.8   838.8     18.15     79.8    1475   266    27.48     27.40      2.06     8      .4    1476     0   0   0   0      22.404   -73.406
0321   160.3   839.5     18.19     80.1    1469   266    27.64     27.57      1.88     8      .4    1470     0   0   0   0      22.404   -73.406
0322   160.8   840.1     18.23     80.5    1462   266    27.80     27.75      1.74     8      .4    1463     0   0   0   0      22.404   -73.406
0323   161.3   840.7     18.27     80.8    1456   267    27.95     27.90      1.64     8      .4    1457     0   0   0   0      22.404   -73.406
0324   161.8   841.4     18.30     81.0    1449   267    28.06     28.02      1.58     8      .5    1450     0   0   0   0      22.404   -73.405
0325   162.3   842.0     18.33     81.2    1443   267    28.12     28.08      1.55     8      .5    1444     0   0   0   0      22.404   -73.405
0326   162.8   842.6     18.36     81.3    1437   267    28.14     28.09      1.52     8      .5    1437     0   0   0   0      22.404   -73.405
0327   163.3   843.3     18.38     81.4    1430   267    28.10     28.06      1.48     8      .5    1431     0   0   0   0      22.404   -73.405
0328   163.8   843.9     18.41     81.3    1424   267    28.03     28.00      1.43     8      .5    1425     0   0   0   0      22.404   -73.405
0329   164.3   844.5     18.44     81.3    1418   267    27.94     27.91      1.37     8      .4    1418     0   0   0   0      22.404   -73.405
0330   164.8   845.1     18.46     81.3    1411   267    27.85     27.82      1.31     8      .3    1412     0   0   0   0      22.404   -73.405
0331   165.3   845.8     18.49     81.3    1405   267    27.76     27.74      1.26     8      .3    1405     0   0   0   0      22.404   -73.404
0332   165.8   846.4     18.53     81.3    1398   267    27.69     27.66      1.23     8      .2    1399     0   0   0   0      22.404   -73.404
0333   166.3   847.1     18.56     81.3    1391   267    27.63     27.60      1.23     8      .1    1392     0   0   0   0      22.404   -73.404
0334   166.8   847.7     18.59     81.4    1385   267    27.58     27.55      1.26     8      .1    1386     0   0   0   0      22.404   -73.404
0335   167.3   848.4     18.63     81.4    1378   267    27.54     27.51      1.31     8      .1    1379     0   0   0   0      22.404   -73.404
0336   167.8   849.0     18.66     81.5    1372   267    27.51     27.48      1.36     8      .1    1372     0   0   0   0      22.404   -73.404
0337   168.3   849.7     18.70     81.7    1365   267    27.50     27.47      1.40     8      .1    1366     0   0   0   0      22.404   -73.404
0338   168.8   850.3     18.73     82.1    1358   267    27.51     27.48      1.42     8      .1    1359     0   0   0   0      22.404   -73.404
0339   169.3   851.0     18.75     82.6    1352   267    27.55     27.51      1.42     8      .1    1353     0   0   0   0      22.404   -73.403
0340   169.8   851.6     18.77     83.3    1345   267    27.60     27.57      1.40     8      .1    1346     0   0   0   0      22.404   -73.403
0341   170.3   852.3     18.79     84.0    1339   267    27.68     27.64      1.38     8      .2    1339     0   0   0   0      22.404   -73.403
0342   170.8   852.9     18.80     84.8    1332   267    27.75     27.72      1.36     8      .2    1333     0   0   0   0      22.404   -73.403
0343   171.3   853.6     18.81     85.5    1326   267    27.83     27.79      1.34     8      .3    1326     0   0   0   0      22.404   -73.403
0344   171.8   854.2     18.82     86.1    1319   267    27.88     27.85      1.33     8      .3    1320     0   0   0   0      22.404   -73.403
0345   172.3   854.8     18.84     86.4    1313   267    27.92     27.88      1.32     8      .3    1314     0   0   0   0      22.404   -73.403
0346   172.8   855.5     18.85     86.6    1306   267    27.93     27.90      1.31     8      .4    1307     0   0   0   0      22.404   -73.402
0347   173.3   856.1     18.88     86.6    1300   267    27.93     27.90      1.29     8      .4    1301     0   0   0   0      22.404   -73.402
0348   173.8   856.7     18.91     86.5    1294   267    27.91     27.88      1.25     8      .4    1294     0   0   0   0      22.404   -73.402
0349   174.3   857.4     18.94     86.4    1287   268    27.89     27.87      1.20     8      .4    1288     0   0   0   0      22.404   -73.402
0350   174.8   858.0     18.97     86.3    1281   268    27.87     27.84      1.13     8      .4    1282     0   0   0   0      22.404   -73.402
0351   175.3   858.7     19.01     86.2    1274   268    27.83     27.81      1.07     8      .4    1275     0   0   0   0      22.404   -73.402
0352   175.8   859.3     19.04     86.2    1268   268    27.78     27.77      1.02     8      .4    1269     0   0   0   0      22.404   -73.402
0353   176.3   859.9     19.08     86.3    1261   268    27.72     27.70       .99     8      .4    1262     0   0   0   0      22.404   -73.401
0354   176.8   860.6     19.12     86.4    1255   268    27.65     27.63       .99     8      .4    1256     0   0   0   0      22.404   -73.401
0355   177.3   861.2     19.15     86.6    1249   268    27.57     27.55      1.01     8      .4    1249     0   0   0   0      22.404   -73.401
0356   177.8   861.9     19.19     86.6    1242   268    27.50     27.47      1.06     8      .4    1243     0   0   0   0      22.404   -73.401
0357   178.3   862.5     19.23     86.7    1236   268    27.45     27.42      1.11     8      .5    1237     0   0   0   0      22.404   -73.401
0358   178.8   863.1     19.26     86.7    1230   268    27.43     27.40      1.16     8      .5    1230     0   0   0   0      22.404   -73.401
0359   179.3   863.8     19.30     86.7    1223   268    27.45     27.42      1.20     8      .5    1224     0   0   0   0      22.404   -73.401
0360   179.8   864.4     19.35     86.6    1217   267    27.49     27.46      1.22     8      .5    1218     0   0   0   0      22.404   -73.401
0361   180.3   865.0     19.39     86.6    1211   267    27.55     27.52      1.23     8      .6    1212     0   0   0   3      22.404   -73.400
0362   180.8   865.6     19.43     86.7    1204   267    27.61     27.58      1.24     7      .6    1205     0   0   0   0      22.404   -73.400
0363   181.3   866.3     19.47     86.7    1198   267    27.66     27.63      1.24     8      .6    1199     0   0   0   0      22.404   -73.400
0364   181.8   866.9     19.51     86.8    1192   267    27.68     27.65      1.24     8      .6    1193     0   0   0   0      22.405   -73.400
0365   182.3   867.5     19.55     86.9    1185   267    27.69     27.66      1.25     8      .7    1186     0   0   0   0      22.405   -73.400
0366   182.8   868.2     19.59     87.1    1179   267    27.67     27.64      1.26     8      .7    1180     3   3   3   0      22.405   -73.400
0367   183.3   868.8     19.62     87.2    1173   267    27.64     27.61      1.27     8      .8    1174     0   0   0   0      22.405   -73.400
0368   183.8   869.4     19.66     87.2    1167   267    27.61     27.58      1.28     8      .8    1168     0   0   0   0      22.405   -73.399
0369   184.3   870.0     19.69     87.2    1161   267    27.58     27.55      1.29     8      .8    1162     0   0   0   0      22.405   -73.399
0370   184.8   870.6     19.73     87.1    1155   267    27.56     27.53      1.29     8      .9    1156     0   0   0   0      22.405   -73.399
0371   185.3   871.2     19.76     86.9    1149   267    27.54     27.51      1.30     8      .9    1149     0   0   0   0      22.405   -73.399
0372   185.8   871.9     19.80     86.6    1143   267    27.53     27.50      1.33     8      .8    1143     0   0   0   0      22.405   -73.399
0373   186.3   872.5     19.84     86.3    1136   267    27.53     27.50      1.36     8      .8    1137     0   0   0   0      22.405   -73.399
0374   186.8   873.1     19.88     85.9    1130   267    27.56     27.52      1.41     8      .8    1131     0   0   0   0      22.405   -73.399
0375   187.3   873.7     19.93     85.5    1124   267    27.60     27.56      1.46     8      .8    1125     0   0   0   0      22.405   -73.399
0376   187.8   874.3     19.97     85.1    1118   267    27.66     27.62      1.50     8      .8    1119     0   0   0   0      22.405   -73.398
0377   188.3   875.0     20.02     84.8    1112   267    27.73     27.69      1.52     8      .8    1113     0   0   0   0      22.405   -73.398
0378   188.8   875.6     20.07     84.4    1106   267    27.79     27.75      1.48     8      .8    1106     0   0   0   0      22.405   -73.398
0379   189.3   876.2     20.12     84.2    1099   267    27.83     27.79      1.41     8      .8    1100     0   0   0   0      22.405   -73.398
0380   189.8   876.8     20.17     84.1    1093   267    27.84     27.81      1.29     8      .8    1094     0   0   0   0      22.405   -73.398
0381   190.3   877.4     20.23     84.0    1087   268    27.81     27.79      1.15     8      .9    1088     0   0   0   0      22.405   -73.398
0382   190.8   878.1     20.28     84.1    1081   268    27.76     27.74      1.01     8      .9    1082     0   0   0   0      22.405   -73.398
0383   191.3   878.7     20.32     84.2    1075   268    27.70     27.68       .89     8      .9    1076     0   0   0   0      22.405   -73.397
0384   191.8   879.3     20.37     84.3    1069   268    27.65     27.64       .81     8     1.0    1070     0   0   0   0      22.405   -73.397
0385   192.3   879.9     20.41     84.3    1063   268    27.64     27.63       .77     8     1.0    1064     3   3   3   3      22.405   -73.397
0386   192.8   880.5     20.46     84.3    1057   268    27.68     27.67       .77     8     1.0    1058     0   0   0   0      22.405   -73.397
0387   193.3   881.1     20.50     84.2    1051   268    27.77     27.76       .80     8     1.0    1052     0   0   0   0      22.405   -73.397
0388   193.8   881.7     20.54     84.0    1045   268    27.88     27.87       .84     8     1.0    1046     0   0   0   0      22.405   -73.397
0389   194.3   882.3     20.58     83.8    1039   268    28.00     27.99       .88     8     1.0    1040     0   0   0   0      22.405   -73.397
0390   194.8   883.0     20.63     83.6    1033   268    28.10     28.08       .92     8      .9    1034     0   0   0   0      22.405   -73.396
0391   195.3   883.6     20.67     83.4    1027   268    28.14     28.13       .96     8      .9    1028     0   0   0   0      22.405   -73.396
0392   195.8   884.2     20.71     83.2    1021   268    28.13     28.11      1.02     8      .8    1021     0   0   0   0      22.405   -73.396
0393   196.3   884.8     20.75     83.0    1014   268    28.07     28.05      1.10     8      .8    1015     0   0   0   0      22.405   -73.396
0394   196.8   885.5     20.80     82.9    1008   268    27.97     27.95      1.21     8      .7    1009     0   0   0   0      22.405   -73.396
0395   197.3   886.1     20.84     82.8    1002   267    27.88     27.85      1.33     8      .7    1003     0   0   0   0      22.405   -73.396
0396   197.8   886.7     20.89     82.7     996   267    27.80     27.77      1.44     8      .6     997     0   0   0   0      22.405   -73.396
0397   198.3   887.4     20.93     82.7     990   267    27.77     27.73      1.55     8      .6     991     0   0   0   0      22.405   -73.395
0398   198.8   888.0     20.98     82.6     984   267    27.79     27.74      1.62     8      .5     984     0   0   0   0      22.405   -73.395
0399   199.3   888.6     21.03     82.6     977   267    27.85     27.80      1.66     8      .5     978     0   0   0   0      22.405   -73.395
0400   199.8   889.3     21.08     82.6     971   267    27.94     27.89      1.68     8      .4     972     0   0   0   0      22.405   -73.395
0401   200.3   889.9     21.12     82.7     965   267    28.04     27.99      1.67     8      .4     966     0   0   0   0      22.405   -73.395
0402   200.8   890.6     21.17     82.8     958   267    28.15     28.10      1.66     8      .3     959     0   0   0   0      22.405   -73.395
0403   201.3   891.2     21.20     83.0     952   267    28.27     28.22      1.65     8      .3     953     0   0   0   0      22.405   -73.395
0404   201.8   891.9     21.24     83.1     946   267    28.38     28.34      1.64     8      .3     946     0   0   0   0      22.405   -73.395
0405   202.3   892.5     21.28     83.1     939   267    28.50     28.46      1.62     8      .4     940     0   0   0   0      22.405   -73.394
0406   202.8   893.2     21.31     83.1     933   267    28.62     28.58      1.59     8      .4     934     0   0   0   0      22.405   -73.394
0407   203.3   893.8     21.35     83.1     927   267    28.73     28.69      1.55     8      .4     928     0   0   0   0      22.405   -73.394
0408   203.8   894.5     21.39     82.9     921   267    28.81     28.77      1.50     8      .4     921     0   0   0   0      22.405   -73.394
0409   204.3   895.1     21.43     82.8     914   267    28.84     28.80      1.45     8      .3     915     0   0   0   0      22.405   -73.394
0410   204.8   895.7     21.48     82.7     908   267    28.81     28.77      1.42     8      .2     909     0   0   0   0      22.405   -73.394
0411   205.3   896.4     21.53     82.7     902   267    28.71     28.67      1.43     8      .1     902     0   0   0   0      22.405   -73.394
0412   205.8   897.1     21.58     82.7     895   267    28.55     28.51      1.47     8      .0     896     0   0   0   0      22.405   -73.393
0413   206.3   897.8     21.62     82.9     888   267    28.36     28.31      1.56     8     -.1     889     0   0   0   0      22.405   -73.393
0414   206.8   898.4     21.66     83.0     882   267    28.17     28.12      1.67     8     -.1     883     0   0   0   0      22.405   -73.393
0415   207.3   899.1     21.70     83.2     875   266    28.02     27.96      1.78     8     -.1     876     0   0   0   0      22.405   -73.393
0416   207.8   899.8     21.73     83.3     869   266    27.93     27.87      1.87     8      .0     869     0   0   0   0      22.405   -73.393
0417   208.3   900.5     21.77     83.4     862   266    27.93     27.86      1.93     8      .1     863     0   0   0   0      22.405   -73.393
0418   208.8   901.1     21.80     83.4     856   266    27.99     27.92      1.95     8      .3     857     0   0   0   0      22.405   -73.393
0419   209.3   901.8     21.83     83.3     850   266    28.10     28.03      1.94     8      .4     850     0   0   0   0      22.405   -73.392
0420   209.8   902.4     21.87     83.1     843   266    28.22     28.15      1.91     8      .5     844     0   0   0   0      22.405   -73.392
0421   210.3   903.0     21.91     82.9     837   266    28.31     28.25      1.86     8      .6     838     0   0   0   0      22.405   -73.392
0422   210.8   903.7     21.96     82.7     831   266    28.35     28.29      1.81     8      .6     832     0   0   0   0      22.405   -73.392
0423   211.3   904.3     22.00     82.5     825   266    28.33     28.28      1.77     8      .6     826     0   0   0   0      22.405   -73.392
0424   211.8   904.9     22.05     82.3     819   266    28.26     28.21      1.73     8      .6     820     0   0   0   0      22.405   -73.392
0425   212.3   905.6     22.10     82.1     813   267    28.16     28.11      1.69     8      .5     814     0   0   0   0      22.405   -73.392
0426   212.8   906.2     22.15     82.0     806   267    28.06     28.01      1.66     8      .5     807     0   0   0   0      22.405   -73.392
0427   213.3   906.9     22.21     81.8     800   267    27.97     27.92      1.64     8      .5     801     0   0   0   0      22.405   -73.391
0428   213.8   907.5     22.26     81.7     794   267    27.92     27.87      1.62     8      .5     795     0   0   0   0      22.405   -73.391
0429   214.3   908.2     22.31     81.6     788   267    27.89     27.85      1.62     8      .5     789     0   0   0   0      22.405   -73.391
0430   214.8   908.8     22.35     81.6     782   267    27.88     27.83      1.64     8      .6     782     0   0   0   0      22.405   -73.391
0431   215.3   909.5     22.40     81.6     775   267    27.85     27.80      1.69     8      .6     776     0   0   0   0      22.405   -73.391
0432   215.8   910.1     22.44     81.8     769   266    27.78     27.73      1.75     8      .6     770     0   0   0   0      22.405   -73.391
0433   216.3   910.7     22.48     82.0     763   266    27.65     27.59      1.83     8      .6     764     0   0   0   0      22.405   -73.391
0434   216.8   911.4     22.52     82.2     757   266    27.44     27.38      1.93     8      .5     758     0   0   0   0      22.405   -73.390
0435   217.3   912.0     22.55     82.5     751   266    27.18     27.11      2.03     8      .5     752     0   0   0   0      22.405   -73.390
0436   217.8   912.7     22.58     82.7     745   265    26.90     26.81      2.14     8      .4     746     0   0   0   0      22.405   -73.390
0437   218.3   913.3     22.61     82.8     738   265    26.62     26.53      2.25     8      .4     739     0   0   0   0      22.405   -73.390
0438   218.8   914.0     22.64     82.9     732   265    26.40     26.30      2.36     8      .3     733     0   0   0   0      22.405   -73.390
0439   219.3   914.6     22.67     83.1     726   265    26.27     26.15      2.47     8      .2     727     0   0   0   0      22.405   -73.390
0440   219.8   915.3     22.70     83.3     720   264    26.24     26.11      2.58     8      .2     720     0   0   0   0      22.405   -73.390
0441   220.3   916.0     22.73     83.5     713   264    26.30     26.17      2.68     8      .1     714     0   0   0   0      22.405   -73.390
0442   220.8   916.6     22.75     83.8     707   264    26.43     26.28      2.79     8      .1     708     0   0   0   0      22.405   -73.389
0443   221.3   917.3     22.78     84.0     700   264    26.57     26.41      2.89     8      .0     701     0   0   0   0      22.405   -73.389
0444   221.8   918.0     22.81     84.1     694   264    26.66     26.49      2.98     8      .0     695     0   0   0   0      22.405   -73.389
0445   222.3   918.7     22.84     84.1     688   263    26.65     26.47      3.06     8      .0     688     0   0   0   0      22.405   -73.389
0446   222.8   919.3     22.87     83.8     681   263    26.51     26.33      3.11     8     -.1     682     0   0   0   0      22.405   -73.389
0447   223.3   920.0     22.91     83.4     675   263    26.26     26.08      3.12     8     -.1     675     0   0   0   0      22.405   -73.389
0448   223.8   920.7     22.96     82.8     668   263    25.95     25.76      3.11     8     -.1     669     0   0   0   0      22.405   -73.389
0449   224.3   921.4     23.01     82.3     662   263    25.64     25.45      3.07     8     -.1     662     0   0   0   0      22.405   -73.388
0450   224.8   922.1     23.07     81.8     655   263    25.41     25.23      3.02     8     -.1     656     0   0   0   0      22.405   -73.388
0451   225.3   922.7     23.13     81.6     649   263    25.34     25.17      2.97     8     -.1     650     0   0   0   0      22.405   -73.388
0452   225.8   923.4     23.19     81.7     642   263    25.45     25.27      2.95     8     -.1     643     0   0   0   0      22.405   -73.388
0453   226.3   924.1     23.25     82.0     636   263    25.71     25.53      2.98     8     -.1     637     0   0   0   0      22.405   -73.388
0454   226.8   924.8     23.30     82.4     629   263    26.06     25.88      3.04     8     -.1     630     0   0   0   0      22.405   -73.388
0455   227.3   925.5     23.34     82.9     623   263    26.41     26.22      3.13     8     -.1     624     0   0   0   0      22.405   -73.388
0456   227.8   926.1     23.38     83.2     616   263    26.68     26.48      3.24     8     -.1     617     0   0   0   0      22.405   -73.388
0457   228.3   926.8     23.42     83.3     610   263    26.80     26.59      3.32     8      .0     611     0   0   0   0      22.405   -73.387
0458   228.8   927.5     23.46     83.1     604   263    26.75     26.54      3.36     8      .0     604     0   0   0   0      22.405   -73.387
0459   229.3   928.2     23.50     82.6     597   263    26.56     26.35      3.35     8      .1     598     0   0   0   0      22.405   -73.387
0460   229.8   928.8     23.54     82.0     591   263    26.30     26.10      3.28     8      .1     592     0   0   0   0      22.405   -73.387
0461   230.3   929.5     23.60     81.4     585   263    26.06     25.86      3.18     8      .2     585     0   0   0   0      22.405   -73.387
0462   230.8   930.2     23.65     80.9     578   263    25.89     25.71      3.09     8      .2     579     0   0   0   0      22.405   -73.387
0463   231.3   930.8     23.71     80.6     572   263    25.85     25.67      3.06     8      .2     573     0   0   0   0      22.405   -73.387
0464   231.8   931.5     23.77     80.6     566   263    25.91     25.72      3.11     8      .3     567     0   0   0   0      22.405   -73.387
0465   232.3   932.2     23.82     80.8     560   263    26.03     25.82      3.26     8      .3     560     0   0   0   0      22.405   -73.386
0466   232.8   932.8     23.87     81.1     553   262    26.13     25.89      3.50     8      .3     554     0   0   0   0      22.405   -73.386
0467   233.3   933.5     23.92     81.6     547   262    26.14     25.86      3.80     8      .3     548     0   0   0   0      22.405   -73.386
0468   233.8   934.1     23.96     82.0     541   261    26.03     25.70      4.13     8      .4     542     0   0   0   0      22.405   -73.386
0469   234.3   934.8     23.99     82.3     535   260    25.77     25.39      4.45     7      .4     536     0   0   0   0      22.405   -73.386
0470   234.8   935.5     24.02     82.4     529   259    25.42     24.97      4.74     7      .4     529     0   0   0   0      22.405   -73.386
0471   235.3   936.1     24.05     82.4     522   259    25.01     24.51      4.98     8      .4     523     0   0   0   0      22.405   -73.386
0472   235.8   936.8     24.09     82.3     516   258    24.63     24.09      5.15     8      .4     517     0   0   0   0      22.406   -73.386
0473   236.3   937.4     24.12     82.0     510   257    24.33     23.75      5.27     8      .4     511     0   0   0   0      22.406   -73.386
0474   236.8   938.1     24.16     81.8     504   257    24.12     23.52      5.32     8      .4     505     0   0   0   0      22.406   -73.385
0475   237.3   938.8     24.20     81.5     498   257    24.01     23.41      5.31     8      .4     499     0   0   0   0      22.406   -73.385
0476   237.8   939.4     24.25     81.3     491   257    23.96     23.38      5.23     8      .4     492     0   0   0   0      22.406   -73.385
0477   238.3   940.1     24.29     81.1     485   258    23.94     23.40      5.07     8      .4     486     0   0   0   0      22.406   -73.385
0478   238.8   940.7     24.34     81.0     479   258    23.92     23.43      4.84     8      .5     480     0   0   0   0      22.406   -73.385
0479   239.3   941.4     24.39     80.9     473   259    23.88     23.44      4.55     8      .6     474     0   0   0   0      22.406   -73.385
0480   239.8   942.0     24.44     80.8     467   260    23.81     23.43      4.25     8      .6     468     0   0   0   0      22.406   -73.385
0481   240.3   942.7     24.49     80.7     461   260    23.73     23.39      3.96     8      .6     462     0   0   0   0      22.406   -73.385
0482   240.8   943.3     24.54     80.7     455   261    23.64     23.35      3.73     8      .6     456     0   0   0   0      22.406   -73.384
0483   241.3   944.0     24.59     80.6     449   261    23.58     23.30      3.57     8      .6     450     0   0   0   0      22.406   -73.384
0484   241.8   944.6     24.64     80.5     443   261    23.53     23.27      3.49     8      .6     444     0   0   0   0      22.406   -73.384
0485   242.3   945.2     24.69     80.3     437   261    23.50     23.25      3.48     8      .5     438     0   0   0   0      22.406   -73.384
0486   242.8   945.9     24.74     80.2     431   261    23.49     23.23      3.49     8      .4     432     0   0   0   0      22.406   -73.384
0487   243.3   946.6     24.79     80.1     425   261    23.47     23.21      3.48     8      .4     425     0   0   0   0      22.406   -73.384
0488   243.8   947.2     24.84     80.0     418   262    23.44     23.19      3.43     8      .4     419     0   0   0   0      22.406   -73.384
0489   244.3   947.9     24.89     79.8     412   262    23.38     23.14      3.32     8      .4     413     0   0   0   0      22.406   -73.384
0490   244.8   948.6     24.93     79.5     406   262    23.30     23.08      3.15     8      .5     407     0   0   0   0      22.406   -73.384
0491   245.3   949.2     24.98     79.3     400   263    23.19     23.00      2.97     8      .6     401     0   0   0   0      22.406   -73.383
0492   245.8   949.9     25.03     79.0     394   263    23.06     22.89      2.83     8      .6     395     0   0   0   0      22.406   -73.383
0493   246.3   950.5     25.08     78.9     388   263    22.94     22.77      2.79     8      .7     389     0   0   0   0      22.406   -73.383
0494   246.8   951.2     25.13     78.8     382   263    22.82     22.64      2.88     8      .7     383     0   0   0   0      22.406   -73.383
0495   247.3   951.8     25.17     78.9     376   262    22.74     22.52      3.12     8      .6     377     0   0   0   0      22.406   -73.383
0496   247.8   952.4     25.20     79.1     370   261    22.69     22.42      3.50     8      .6     371     0   0   0   0      22.406   -73.383
0497   248.3   953.1     25.23     79.5     364   260    22.70     22.35      3.99     8      .5     365     0   0   0   0      22.406   -73.383
0498   248.8   953.8     25.24     80.0     358   259    22.76     22.31      4.52     8      .4     359     0   0   0   0      22.406   -73.383
0499   249.3   954.4     25.25     80.5     352   257    22.86     22.30      5.04     8      .3     353     0   0   0   0      22.406   -73.383
0500   249.8   955.1     25.26     80.9     345   256    22.98     22.31      5.51     8      .3     346     0   0   0   0      22.406   -73.382
0501   250.3   955.8     25.26     81.2     339   255    23.10     22.32      5.92     8      .4     340     0   0   0   0      22.406   -73.382
0502   250.8   956.5     25.26     81.3     333   254    23.18     22.32      6.25     8      .4     334     0   0   0   0      22.406   -73.382
0503   251.3   957.1     25.26     81.2     327   254    23.21     22.28      6.53     8      .6     328     0   0   0   0      22.406   -73.382
0504   251.8   957.8     25.28     81.0     321   253    23.19     22.18      6.76     8      .7     322     0   0   0   0      22.406   -73.382
0505   252.3   958.4     25.29     80.7     315   253    23.11     22.04      6.95     8      .8     316     0   0   0   0      22.406   -73.382
0506   252.8   959.0     25.32     80.5     309   252    22.99     21.87      7.09     8      .9     310     0   0   0   0      22.406   -73.382
0507   253.3   959.7     25.35     80.3     303   252    22.83     21.68      7.17     8     1.0     304     0   0   0   0      22.406   -73.382
0508   253.8   960.3     25.38     80.3     298   252    22.68     21.51      7.19     8     1.1     299     0   0   0   0      22.406   -73.382
0509   254.3   960.9     25.40     80.4     292   251    22.55     21.38      7.17     8     1.2     293     0   0   0   0      22.406   -73.382
0510   254.8   961.5     25.42     80.5     286   251    22.48     21.31      7.15     8     1.3     287     0   0   0   0      22.406   -73.381
0511   255.3   962.2     25.43     80.7     281   251    22.47     21.30      7.16     8     1.3     281     0   0   0   0      22.406   -73.381
0512   255.8   962.8     25.43     80.8     275   251    22.52     21.31      7.29     8     1.4     276     0   0   0   0      22.406   -73.381
0513   256.3   963.4     25.44     80.9     269   250    22.63     21.32      7.57     8     1.5     270     0   0   0   0      22.406   -73.381
0514   256.8   964.0     25.43     81.0     264   249    22.74     21.27      8.05     8     1.6     265     0   0   0   0      22.406   -73.381
0515   257.3   964.6     25.42     81.0     258   248    22.86     21.14      8.70     8     1.6     259     0   0   0   0      22.406   -73.381
0516   257.8   965.2     25.41     81.0     253   246    22.94     20.91      9.44     8     1.7     254     0   0   0   0      22.407   -73.381
0517   258.3   965.8     25.39     81.1     247   244    22.97     20.59     10.19     8     1.7     248     0   0   0   0      22.407   -73.381
0518   258.8   966.4     25.36     81.4     242   242    22.95     20.23     10.84     8     1.8     243     0   0   0   0      22.407   -73.381
0519   259.3   966.9     25.32     81.7     237   240    22.85     19.87     11.29     8     1.8     238     0   0   0   0      22.407   -73.381
0520   259.8   967.5     25.28     82.2     231   240    22.70     19.57     11.51     8     1.8     232     0   0   0   0      22.407   -73.380
0521   260.3   968.1     25.23     82.6     226   239    22.50     19.34     11.50     8     1.7     227     0   0   0   0      22.407   -73.380
0522   260.8   968.7     25.17     83.1     221   239    22.29     19.20     11.32     8     1.7     221     0   0   0   0      22.407   -73.380
0523   261.3   969.3     25.12     83.6     215   240    22.10     19.13     11.06     8     1.6     216     0   0   0   0      22.407   -73.380
0524   261.8   969.9     25.08     84.0     210   240    21.97     19.10     10.85     8     1.6     211     0   0   0   0      22.407   -73.380
0525   262.3   970.5     25.04     84.3     204   241    21.91     19.07     10.77     8     1.5     205     0   0   0   0      22.407   -73.380
0526   262.8   971.1     25.01     84.5     199   240    21.94     19.03     10.91     8     1.5     200     0   0   0   0      22.407   -73.380
0527   263.3   971.7     25.00     84.7     193   239    22.07     18.96     11.29     8     1.4     194     0   0   0   0      22.407   -73.380
0528   263.8   972.4     24.99     84.9     187   238    22.32     18.90     11.87     8     1.4     188     0   0   0   0      22.407   -73.380
0529   264.3   973.0     24.99     85.0     182   236    22.68     18.85     12.61     8     1.3     183     0   0   0   0      22.407   -73.380
0530   264.8   973.6     25.00     85.1     176   235    23.11     18.84     13.39     8     1.3     177     0   0   0   0      22.407   -73.380
0531   265.3   974.2     25.00     85.2     171   233    23.54     18.89     14.05     8     1.3     172     0   0   0   0      22.407   -73.379
0532   265.8   974.8     25.02     85.2     165   233    23.88     18.98     14.49     8     1.3     166     0   0   0   0      22.407   -73.379
0533   266.3   975.4     25.04     85.3     160   233    24.06     19.10     14.64     8     1.3     160     0   0   0   0      22.407   -73.379
0534   266.8   976.1     25.06     85.3     154   233    24.03     19.18     14.47     8     1.2     155     0   0   0   0      22.408   -73.379
0535   267.3   976.7     25.10     85.4     148   234    23.77     19.19     14.02     8     1.2     149     0   0   0   0      22.408   -73.379
0536   267.8   977.3     25.14     85.4     143   235    23.32     19.09     13.38     8     1.0     144     0   0   0   0      22.408   -73.379
0537   268.3   977.9     25.19     85.5     137   236    22.73     18.88     12.66     8      .9     138     0   0   0   0      22.408   -73.379
0538   268.8   978.6     25.25     85.5     131   237    22.09     18.55     12.00     8      .8     132     0   0   0   0      22.408   -73.379
0539   269.3   979.2     25.31     85.5     125   238    21.52     18.16     11.54     8      .6     126     0   0   0   0      22.408   -73.379
0540   269.8   979.9     25.38     85.4     119   237    21.09     17.73     11.41     8      .5     120     0   0   0   0      22.408   -73.379
0541   270.3   980.6     25.46     85.3     113   236    20.84     17.28     11.64     8      .5     114     0   0   0   0      22.408   -73.379
0542   270.8   981.3     25.53     85.1     107   234    20.77     16.82     12.19     8      .4     108     0   0   0   0      22.408   -73.378
0543   271.3   981.9     25.60     84.8     101   232    20.84     16.35     12.92     8      .5     102     0   0   0   0      22.408   -73.378
0544   271.8   982.6     25.67     84.5      95   229    20.94     15.90     13.62     8      .5      96     0   0   0   0      22.408   -73.378
0545   272.3   983.3     25.74     84.2      89   228    20.96     15.50     14.11     8      .6      90     0   0   0   0      22.408   -73.378
0546   272.8   983.9     25.81     83.9      83   227    20.88     15.22     14.29     8      .6      84     0   0   0   0      22.408   -73.378
0547   273.3   984.6     25.87     83.6      77   227    20.77     15.10     14.25     8      .6      78     0   0   0   0      22.408   -73.378
0548   273.8   985.2     25.94     83.3      71   227    20.68     15.10     14.13     8      .6      72     0   0   0   0      22.408   -73.378
0549   274.3   985.9     26.00     83.1      66   227    20.61     15.15     13.97     8      .5      66     0   0   0   0      22.408   -73.378
0550   274.8   986.5     26.06     83.0      60   228    20.52     15.23     13.75     8      .3      61     0   0   0   0      22.408   -73.378
0551   275.3   987.2     26.12     83.0      54   229    20.44     15.34     13.51     8      .2      54     0   0   0   0      22.409   -73.378
0552   275.8   987.9     26.19     83.0      47   229    20.26     15.37     13.19     8      .1      48     0   0   0   0      22.409   -73.378
0553   276.3   988.6     26.25     83.1      41   230    19.68     15.00     12.74     8      .2      42     0   0   0   0      22.409   -73.378
0554   276.8   989.3     26.33     83.2      35  -999  -999.00   -999.00   -999.00  -999      .5      35     0   0   0   0      22.409   -73.378
0555   277.3   990.0     26.41     83.4      28  -999  -999.00   -999.00   -999.00  -999      .9      29     0   0   0   0      22.409   -73.377
0556   277.8   990.7     26.49     83.6      22  -999  -999.00   -999.00   -999.00  -999     1.5      23     0   0   0   0      22.409   -73.377
0557   278.3   991.3     26.58     83.7      17  -999  -999.00   -999.00   -999.00  -999     1.8      17     0   0   0   0      22.409   -73.377
0558   278.8   991.9     26.68     83.6      12  -999  -999.00   -999.00   -999.00  -999     2.1      13     0   0   0   0      22.409   -73.377
0559   279.3   992.3     26.77     83.4       8  -999  -999.00   -999.00   -999.00  -999     2.6       8     0   0   0   0      22.409   -73.377
0560   279.8   992.8     26.84     83.5       4  -999  -999.00   -999.00   -999.00  -999     3.2       5     0   0   0   0      22.409   -73.377
