 ===========================================================================
 DROPWINDSONDE PROCESSING RECORD                            Sonde: 990435438
 PDS file written Apr  1, 2000.                             Format:    V5.03
 Aircraft: N43RF                             Date: 990913   Time: 220451 UTC
 ---------------------------------------------------------------------------
 Bias corrections:  PR =    .0 mb  TE =    .0 C  RH =    .0 %  PRB =   .0 mb
 Filters (LPF):     PTH =   5 s    WIND =   5 s       Hyd anchor =       SFC
 RH T-compensation =  Y     WSHR COR =      Y         Splash PR  =  997.8 mb
 Estimated PR used =  N     GPS VERR =    .22 m/s     HYD SFCP   = 1000.3 mb
 Dyn T correction  =  Y     WGACORR  =    1.1 m       AC GA ADJ  =     .0 m
 ---------------------------------------------------------------------------
 COMMENTS: NE point; RH1 -> RH2 at 155 s; some low-level inflow.       
 ===========================================================================

 ===========================================================================
 Date: 990913   Lat:  25.67 N   TA:    6.1 C   PS:  642.6 mb   WD:   135 deg
 Time: 220451   Lon:  71.87 W   TD:    3.8 C   GA:   3768 m    WS:  35.9 m/s
 SID:  990435438                RH:   85.1 %   Navaid:   GP          
 ===========================================================================

IX      t (s)  P (mb)    T (C)    RH (%)  Z (m)   WD    WS (m/s)   U (m/s)   V (m/s)  NS  WZ (m/s)  ZW (m)   FP  FT  FH  FW    LAT (N)   LON (E)
0001      .5   643.2      6.13     84.9    3746   136    35.90    -25.07     25.70  -999  -999.0    3747     3   3   3   4      25.668   -71.868
0002     1.0   643.9      6.18     84.7    3738   136    35.89    -25.02     25.73  -999  -999.0    3739     3   3   3   4      25.669   -71.868
0003     1.5   644.5      6.22     84.5    3730   136    35.89    -25.02     25.73  -999  -999.0    3731     3   3   3   4      25.669   -71.868
0004     2.0   645.1      6.26     84.3    3722   136    35.89    -25.01     25.74  -999  -999.0    3723     3   3   3   4      25.669   -71.868
0005     2.5   645.8      6.30     84.1    3714   136    35.88    -25.00     25.74  -999  -999.0    3715     3   3   3   4      25.669   -71.869
0006     3.0   646.4      6.34     83.9    3706   136    35.88    -24.99     25.75  -999  -999.0    3707     3   3   3   4      25.669   -71.869
0007     3.5   647.1      6.39     83.7    3697   136    35.88    -24.98     25.76  -999  -999.0    3699     3   3   3   4      25.669   -71.869
0008     4.0   647.7      6.43     83.6    3689   136    35.88    -24.97     25.76  -999  -999.0    3691     3   3   3   4      25.669   -71.869
0009     4.5   648.3      6.47     83.4    3681   136    35.87    -24.96     25.77  -999  -999.0    3682     3   3   3   4      25.669   -71.869
0010     5.0   649.0      6.51     83.2    3673   136    35.87    -24.95     25.77  -999  -999.0    3674     3   3   3   4      25.669   -71.869
0011     5.5   649.6      6.55     83.0    3665   136    35.87    -24.94     25.78  -999  -999.0    3666     3   3   3   4      25.670   -71.869
0012     6.0   650.2      6.59     82.8    3657   136    35.87    -24.93     25.79  -999  -999.0    3658     3   3   3   4      25.670   -71.869
0013     6.5   650.9      6.63     82.6    3649   136    35.87    -24.92     25.79  -999  -999.0    3650     3   3   3   4      25.670   -71.869
0014     7.0   651.5      6.67     82.4    3641   136    35.86    -24.91     25.80  -999  -999.0    3642     3   3   3   4      25.670   -71.870
0015     7.5   652.1      6.71     82.2    3633   136    35.86    -24.90     25.81  -999  -999.0    3634     3   3   3   4      25.670   -71.870
0016     8.0   652.8      6.75     82.1    3625   136    35.86    -24.89     25.81  -999  -999.0    3626     3   3   3   4      25.670   -71.870
0017     8.5   653.4      6.79     81.9    3617   136    35.86    -24.89     25.82  -999  -999.0    3618     3   3   3   4      25.670   -71.870
0018     9.0   654.1      6.83     81.7    3609   136    35.86    -24.88     25.82  -999  -999.0    3610     3   3   3   4      25.670   -71.870
0019     9.5   654.7      6.87     81.5    3601   136    35.85    -24.87     25.83  -999  -999.0    3602     3   3   3   4      25.671   -71.870
0020    10.0   655.3      6.91     81.3    3593   136    35.85    -24.86     25.84  -999  -999.0    3594     3   3   3   4      25.671   -71.870
0021    10.5   656.0      6.95     81.1    3585   136    35.85    -24.85     25.84  -999  -999.0    3586     3   3   3   4      25.671   -71.870
0022    11.0   656.6      6.98     80.9    3577   136    35.85    -24.84     25.85  -999  -999.0    3578     3   3   3   4      25.671   -71.871
0023    11.5   657.2      7.02     80.7    3569   136    35.85    -24.83     25.86  -999  -999.0    3570     3   3   3   4      25.671   -71.871
0024    12.0   657.9      7.06     80.5    3561   136    35.85    -24.82     25.86  -999  -999.0    3562     3   3   3   4      25.671   -71.871
0025    12.5   658.5      7.10     80.3    3553   136    35.84    -24.81     25.87  -999  -999.0    3554     3   3   3   4      25.671   -71.871
0026    13.0   659.1      7.14     80.2    3545   136    35.84    -24.80     25.87  -999  -999.0    3546     3   3   3   4      25.671   -71.871
0027    13.5   659.8      7.18     80.0    3537   136    35.84    -24.79     25.88  -999  -999.0    3538     3   3   3   4      25.671   -71.871
0028    14.0   660.4      7.22     79.8    3529   136    35.84    -24.78     25.89  -999  -999.0    3530     3   3   3   4      25.672   -71.871
0029    14.5   661.1      7.25     79.7    3521   136    35.84    -24.77     25.89  -999  -999.0    3522     3   3   3   4      25.672   -71.871
0030    15.0   661.7      7.29     79.5    3513   136    35.83    -24.76     25.90  -999  -999.0    3514     3   3   3   4      25.672   -71.872
0031    15.5   662.3      7.33     79.2    3505   136    35.83    -24.76     25.91  -999  -999.0    3507     3   3   3   4      25.672   -71.872
0032    16.0   662.9      7.35     79.0    3498   136    35.83    -24.75     25.91  -999     -.5    3499     0   0   0   4      25.672   -71.872
0033    16.5   663.5      7.38     78.7    3490   136    35.83    -24.74     25.92  -999     -.4    3491     0   0   0   4      25.672   -71.872
0034    17.0   664.1      7.40     78.5    3483   136    35.83    -24.73     25.92  -999     -.3    3484     0   0   0   4      25.672   -71.872
0035    17.5   664.7      7.41     78.3    3475   136    35.82    -24.72     25.93  -999     -.2    3477     0   0   0   4      25.672   -71.872
0036    18.0   665.3      7.43     78.1    3468   136    35.82    -24.71     25.93  -999     -.2    3469     0   0   0   4      25.673   -71.872
0037    18.5   665.9      7.45     78.0    3461   136    35.82    -24.70     25.94  -999     -.2    3462     0   0   0   4      25.673   -71.872
0038    19.0   666.5      7.47     78.0    3453   136    35.82    -24.69     25.95  -999     -.2    3454     0   0   0   4      25.673   -71.873
0039    19.5   667.1      7.49     78.0    3446   136    35.82    -24.68     25.96  -999     -.2    3447     0   0   0   4      25.673   -71.873
0040    20.0   667.7      7.52     78.0    3438   136    35.82    -24.67     25.96  -999     -.2    3439     0   0   0   4      25.673   -71.873
0041    20.5   668.3      7.55     78.1    3431   136    35.82    -24.67     25.97  -999     -.2    3432     0   0   0   4      25.673   -71.873
0042    21.0   668.9      7.59     78.2    3423   136    35.81    -24.66     25.97  -999     -.2    3424     0   0   0   4      25.673   -71.873
0043    21.5   669.5      7.62     78.3    3416   137    35.81    -24.65     25.98  -999     -.2    3417     0   0   0   4      25.673   -71.873
0044    22.0   670.1      7.66     78.4    3409   137    35.80    -24.64     25.98  -999     -.2    3410     0   0   0   4      25.673   -71.873
0045    22.5   670.7      7.70     78.5    3401   137    35.80    -24.62     25.98  -999     -.1    3402     0   0   0   4      25.674   -71.873
0046    23.0   671.3      7.73     78.5    3394   137    35.80    -24.61     25.99  -999     -.1    3395     0   0   0   4      25.674   -71.874
0047    23.5   671.9      7.77     78.4    3387   137    35.80    -24.60     26.00  -999     -.1    3388     0   0   0   4      25.674   -71.874
0048    24.0   672.5      7.81     78.3    3379   137    35.80    -24.59     26.02  -999     -.1    3380     0   0   0   4      25.674   -71.874
0049    24.5   673.1      7.86     78.0    3372   137    35.81    -24.59     26.04  -999     -.2    3373     0   0   0   4      25.674   -71.874
0050    25.0   673.7      7.90     77.8    3364   137    35.81    -24.58     26.05  -999     -.2    3365     0   0   0   4      25.674   -71.874
0051    25.5   674.3      7.95     77.5    3357   137    35.81    -24.58     26.05  -999     -.2    3358     0   0   0   4      25.674   -71.874
0052    26.0   674.9      7.99     77.2    3349   137    35.80    -24.57     26.04  -999     -.2    3351     0   0   0   4      25.674   -71.874
0053    26.5   675.6      8.04     77.1    3342   137    35.78    -24.56     26.02  -999     -.2    3343     0   0   0   4      25.675   -71.874
0054    27.0   676.2      8.08     77.1    3335   137    35.74    -24.54     25.99  -999     -.2    3336     0   0   0   4      25.675   -71.874
0055    27.5   676.8      8.12     77.2    3327   137    35.71    -24.51     25.97  -999     -.2    3328     0   0   0   4      25.675   -71.875
0056    28.0   677.4      8.15     77.5    3320   137    35.67    -24.46     25.96     4     -.2    3321     0   0   0   0      25.675   -71.875
0057    28.5   678.0      8.19     77.8    3313   137    35.63    -24.39     25.98     4     -.2    3314     0   0   0   0      25.675   -71.875
0058    29.0   678.6      8.23     78.2    3305   137    35.61    -24.32     26.01     4     -.2    3306     0   0   0   0      25.675   -71.875
0059    29.5   679.2      8.26     78.6    3298   137    35.59    -24.23     26.06     4     -.2    3299     0   0   0   0      25.675   -71.875
0060    30.0   679.8      8.30     79.0    3290   137    35.58    -24.16     26.12     4     -.2    3291     0   0   0   0      25.675   -71.875
0061    30.5   680.4      8.33     79.3    3283   137    35.58    -24.11     26.17     4     -.2    3284     0   0   0   0      25.675   -71.875
0062    31.0   681.0      8.37     79.6    3276   137    35.59    -24.08     26.21     4     -.3    3277     0   0   0   0      25.676   -71.875
0063    31.5   681.6      8.41     79.9    3268   137    35.61    -24.09     26.22     4     -.3    3269     0   0   0   0      25.676   -71.876
0064    32.0   682.2      8.45     80.2    3261   137    35.64    -24.13     26.22     4     -.3    3262     0   0   0   0      25.676   -71.876
0065    32.5   682.8      8.48     80.3    3253   137    35.68    -24.20     26.21     4     -.4    3255     0   0   0   0      25.676   -71.876
0066    33.0   683.4      8.52     80.4    3246   137    35.73    -24.28     26.21     4     -.4    3247     0   0   0   0      25.676   -71.876
0067    33.5   684.1      8.56     80.3    3238   137    35.80    -24.36     26.23     4     -.5    3240     0   0   0   0      25.676   -71.876
0068    34.0   684.7      8.60     80.2    3231   137    35.87    -24.41     26.29     4     -.5    3232     0   0   0   0      25.676   -71.876
0069    34.5   685.3      8.64     80.0    3223   137    35.96    -24.45     26.37     4     -.5    3224     0   0   0   0      25.676   -71.876
0070    35.0   685.9      8.68     79.7    3216   137    36.03    -24.45     26.46     4     -.5    3217     0   0   0   0      25.677   -71.876
0071    35.5   686.6      8.72     79.5    3208   137    36.09    -24.44     26.56     4     -.5    3209     0   0   0   0      25.677   -71.877
0072    36.0   687.2      8.76     79.3    3201   138    36.13    -24.41     26.64     4     -.4    3202     0   0   0   0      25.677   -71.877
0073    36.5   687.8      8.80     79.2    3193   138    36.15    -24.38     26.68     4     -.4    3195     0   0   0   0      25.677   -71.877
0074    37.0   688.4      8.85     79.2    3186   138    36.13    -24.36     26.68     4     -.4    3187     0   0   0   0      25.677   -71.877
0075    37.5   689.0      8.89     79.2    3179   138    36.08    -24.36     26.61     4     -.4    3180     0   0   0   0      25.677   -71.877
0076    38.0   689.6      8.93     79.3    3171   137    36.01    -24.37     26.51     4     -.5    3172     0   0   0   0      25.677   -71.877
0077    38.5   690.3      8.98     79.4    3164   137    35.92    -24.39     26.37     4     -.5    3165     0   0   0   0      25.677   -71.877
0078    39.0   690.9      9.02     79.4    3156   137    35.83    -24.40     26.23     4     -.5    3157     0   0   0   0      25.677   -71.877
0079    39.5   691.5      9.07     79.3    3149   137    35.73    -24.41     26.10     4     -.6    3150     0   0   0   0      25.678   -71.878
0080    40.0   692.1      9.12     79.2    3141   137    35.64    -24.39     25.99     4     -.5    3142     0   0   0   0      25.678   -71.878
0081    40.5   692.8      9.17     78.9    3134   137    35.57    -24.36     25.91     4     -.5    3135     0   0   0   0      25.678   -71.878
0082    41.0   693.4      9.22     78.4    3126   137    35.51    -24.33     25.86     5     -.5    3127     0   0   0   0      25.678   -71.878
0083    41.5   694.0      9.27     77.9    3119   137    35.47    -24.30     25.84     5     -.4    3120     0   0   0   0      25.678   -71.878
0084    42.0   694.6      9.33     77.3    3111   137    35.44    -24.29     25.82     5     -.4    3112     0   0   0   0      25.678   -71.878
0085    42.5   695.2      9.38     76.6    3104   137    35.43    -24.29     25.79     5     -.4    3105     0   0   0   0      25.678   -71.878
0086    43.0   695.9      9.44     76.0    3097   137    35.41    -24.31     25.74     5     -.4    3098     0   0   0   0      25.678   -71.878
0087    43.5   696.5      9.49     75.4    3089   137    35.37    -24.34     25.66     5     -.4    3090     0   0   0   0      25.679   -71.879
0088    44.0   697.1      9.54     74.8    3082   136    35.31    -24.35     25.57     5     -.4    3083     0   0   0   0      25.679   -71.879
0089    44.5   697.7      9.59     74.4    3074   136    35.22    -24.34     25.46     5     -.5    3075     0   0   0   0      25.679   -71.879
0090    45.0   698.4      9.64     74.1    3067   136    35.11    -24.29     25.35     5     -.5    3068     0   0   0   0      25.679   -71.879
0091    45.5   699.0      9.68     73.9    3059   136    34.99    -24.21     25.26     5     -.5    3060     0   0   0   0      25.679   -71.879
0092    46.0   699.6      9.72     73.8    3052   136    34.88    -24.11     25.20     5     -.5    3053     0   0   0   0      25.679   -71.879
0093    46.5   700.2      9.76     73.8    3044   136    34.79    -24.01     25.18     5     -.5    3046     0   0   0   0      25.679   -71.879
0094    47.0   700.9      9.80     73.7    3037   136    34.74    -23.92     25.19     5     -.5    3038     0   0   0   0      25.679   -71.879
0095    47.5   701.5      9.84     73.7    3030   137    34.72    -23.86     25.23     5     -.5    3031     0   0   0   0      25.679   -71.879
0096    48.0   702.1      9.89     73.6    3022   137    34.75    -23.84     25.28     5     -.5    3023     0   0   0   0      25.680   -71.880
0097    48.5   702.7      9.93     73.4    3015   137    34.80    -23.85     25.34     5     -.5    3016     0   0   0   0      25.680   -71.880
0098    49.0   703.4      9.98     73.2    3007   137    34.86    -23.89     25.39     5     -.5    3009     0   0   0   0      25.680   -71.880
0099    49.5   704.0     10.04     72.9    3000   137    34.91    -23.92     25.43     5     -.5    3001     0   0   0   0      25.680   -71.880
0100    50.0   704.6     10.09     72.6    2992   137    34.94    -23.94     25.45     5     -.5    2994     0   0   0   0      25.680   -71.880
0101    50.5   705.2     10.15     72.3    2985   137    34.93    -23.93     25.46     5     -.5    2986     0   0   0   0      25.680   -71.880
0102    51.0   705.9     10.21     72.0    2978   137    34.89    -23.89     25.43     5     -.5    2979     0   0   0   0      25.680   -71.880
0103    51.5   706.5     10.27     71.9    2970   137    34.81    -23.82     25.38     5     -.5    2971     0   0   0   0      25.680   -71.880
0104    52.0   707.1     10.33     71.9    2963   137    34.70    -23.75     25.30     5     -.5    2964     0   0   0   0      25.680   -71.881
0105    52.5   707.8     10.38     72.2    2955   137    34.57    -23.67     25.20     5     -.5    2956     0   0   0   0      25.681   -71.881
0106    53.0   708.4     10.43     72.6    2948   137    34.44    -23.60     25.09     5     -.5    2949     0   0   0   0      25.681   -71.881
0107    53.5   709.0     10.48     73.1    2941   137    34.32    -23.54     24.97     5     -.4    2942     0   0   0   0      25.681   -71.881
0108    54.0   709.6     10.53     73.7    2933   137    34.21    -23.49     24.87     5     -.4    2934     0   0   0   0      25.681   -71.881
0109    54.5   710.3     10.57     74.3    2926   137    34.12    -23.44     24.79     5     -.4    2927     0   0   0   0      25.681   -71.881
0110    55.0   710.9     10.61     74.8    2919   137    34.05    -23.38     24.75     5     -.4    2920     0   0   0   0      25.681   -71.881
0111    55.5   711.5     10.65     75.2    2911   137    34.00    -23.32     24.74     5     -.4    2912     0   0   0   0      25.681   -71.881
0112    56.0   712.1     10.68     75.3    2904   137    33.97    -23.26     24.75     5     -.4    2905     0   0   0   0      25.681   -71.882
0113    56.5   712.8     10.72     75.3    2897   137    33.95    -23.20     24.78     5     -.4    2898     0   0   0   0      25.681   -71.882
0114    57.0   713.4     10.75     75.1    2889   137    33.94    -23.16     24.80     5     -.4    2890     0   0   0   0      25.682   -71.882
0115    57.5   714.0     10.79     74.8    2882   137    33.93    -23.14     24.81     5     -.5    2883     0   0   0   0      25.682   -71.882
0116    58.0   714.6     10.83     74.6    2875   137    33.92    -23.14     24.80     5     -.5    2876     0   0   0   0      25.682   -71.882
0117    58.5   715.3     10.87     74.3    2867   137    33.90    -23.16     24.76     5     -.5    2868     0   0   0   0      25.682   -71.882
0118    59.0   715.9     10.91     74.1    2860   137    33.89    -23.20     24.70     6     -.5    2861     0   0   0   0      25.682   -71.882
0119    59.5   716.6     10.95     74.0    2852   137    33.87    -23.24     24.63     6     -.6    2853     0   0   0   0      25.682   -71.882
0120    60.0   717.2     11.00     73.9    2845   137    33.84    -23.28     24.57     6     -.6    2846     0   0   0   0      25.682   -71.882
0121    60.5   717.8     11.05     73.8    2837   136    33.82    -23.30     24.51     6     -.6    2839     0   0   0   0      25.682   -71.883
0122    61.0   718.5     11.09     73.7    2830   136    33.81    -23.32     24.48     6     -.6    2831     0   0   0   0      25.682   -71.883
0123    61.5   719.1     11.14     73.5    2823   136    33.80    -23.33     24.46     6     -.6    2824     0   0   0   0      25.683   -71.883
0124    62.0   719.7     11.19     73.3    2815   136    33.82    -23.35     24.46     6     -.6    2816     0   0   0   0      25.683   -71.883
0125    62.5   720.4     11.24     73.1    2808   136    33.84    -23.36     24.48     6     -.6    2809     0   0   0   0      25.683   -71.883
0126    63.0   721.0     11.29     72.9    2800   136    33.86    -23.39     24.49     7     -.5    2801     0   0   0   0      25.683   -71.883
0127    63.5   721.7     11.35     72.7    2793   136    33.88    -23.41     24.49     7     -.5    2794     0   0   0   3      25.683   -71.883
0128    64.0   722.3     11.40     72.6    2786   136    33.89    -23.44     24.48     7     -.4    2787     0   0   0   0      25.683   -71.883
0129    64.5   722.9     11.45     72.6    2778   136    33.87    -23.46     24.44     7     -.3    2779     0   0   0   0      25.683   -71.883
0130    65.0   723.5     11.51     72.5    2771   136    33.83    -23.46     24.37     7     -.3    2772     0   0   0   0      25.683   -71.884
0131    65.5   724.2     11.55     72.6    2764   136    33.75    -23.45     24.28     7     -.2    2765     0   0   0   0      25.683   -71.884
0132    66.0   724.8     11.60     72.6    2757   136    33.66    -23.43     24.17     7     -.2    2758     0   0   0   3      25.684   -71.884
0133    66.5   725.4     11.64     72.6    2750   136    33.56    -23.39     24.07     7     -.2    2751     0   0   0   0      25.684   -71.884
0134    67.0   726.0     11.68     72.7    2742   136    33.47    -23.34     23.98     7     -.3    2744     0   0   0   0      25.684   -71.884
0135    67.5   726.6     11.72     72.7    2735   136    33.39    -23.30     23.92     7     -.3    2736     0   0   0   0      25.684   -71.884
0136    68.0   727.3     11.77     72.8    2728   136    33.34    -23.27     23.89     7     -.4    2729     3   3   3   3      25.684   -71.884
0137    68.5   727.9     11.82     72.8    2721   136    33.33    -23.24     23.89     7     -.5    2722     0   0   0   0      25.684   -71.884
0138    69.0   728.5     11.86     72.7    2713   136    33.36    -23.23     23.94     7     -.5    2714     0   0   0   0      25.684   -71.884
0139    69.5   729.2     11.92     72.6    2706   136    33.43    -23.24     24.03     7     -.6    2707     0   0   0   0      25.684   -71.885
0140    70.0   729.8     11.97     72.5    2699   136    33.54    -23.28     24.14     7     -.6    2700     0   0   0   0      25.684   -71.885
0141    70.5   730.5     12.02     72.4    2691   136    33.70    -23.37     24.28     7     -.6    2692     0   0   0   0      25.685   -71.885
0142    71.0   731.1     12.07     72.4    2684   136    33.90    -23.49     24.44     7     -.6    2685     0   0   0   0      25.685   -71.885
0143    71.5   731.8     12.11     72.6    2676   136    34.13    -23.67     24.59     7     -.6    2677     0   0   0   0      25.685   -71.885
0144    72.0   732.4     12.15     72.9    2669   136    34.38    -23.87     24.74     7     -.5    2670     0   0   0   0      25.685   -71.885
0145    72.5   733.0     12.19     73.3    2662   136    34.62    -24.10     24.86     7     -.4    2663     0   0   0   0      25.685   -71.885
0146    73.0   733.7     12.22     73.9    2654   136    34.84    -24.31     24.95     7     -.3    2655     0   0   0   0      25.685   -71.885
0147    73.5   734.3     12.24     74.5    2647   136    35.00    -24.49     25.00     7     -.2    2648     3   3   3   0      25.685   -71.886
0148    74.0   734.9     12.26     75.0    2640   135    35.09    -24.60     25.02     7     -.1    2641     0   0   0   3      25.685   -71.886
0149    74.5   735.5     12.27     75.3    2633   135    35.10    -24.64     25.00     7     -.1    2634     0   0   0   0      25.685   -71.886
0150    75.0   736.2     12.29     75.4    2626   135    35.05    -24.59     24.97     7     -.1    2627     0   0   0   0      25.686   -71.886
0151    75.5   736.8     12.31     75.3    2619   136    34.95    -24.48     24.94     7     -.1    2620     0   0   0   0      25.686   -71.886
0152    76.0   737.4     12.33     75.0    2612   136    34.83    -24.33     24.92     7     -.1    2613     0   0   0   0      25.686   -71.886
0153    76.5   738.0     12.35     74.8    2605   136    34.72    -24.18     24.92     7     -.2    2606     0   0   0   0      25.686   -71.886
0154    77.0   738.6     12.38     74.6    2598   136    34.65    -24.05     24.94     7     -.2    2599     0   0   0   0      25.686   -71.886
0155    77.5   739.3     12.41     74.7    2590   136    34.63    -23.97     24.99     7     -.2    2592     0   0   0   0      25.686   -71.887
0156    78.0   739.9     12.45     75.0    2583   136    34.66    -23.95     25.05     7     -.2    2584     0   0   0   0      25.686   -71.887
0157    78.5   740.5     12.48     75.6    2576   136    34.74    -23.99     25.12     7     -.2    2577     0   0   0   0      25.686   -71.887
0158    79.0   741.2     12.51     76.4    2569   136    34.84    -24.07     25.19     7     -.2    2570     0   0   0   0      25.686   -71.887
0159    79.5   741.8     12.53     77.3    2562   136    34.95    -24.17     25.25     7     -.2    2563     0   0   0   0      25.687   -71.887
0160    80.0   742.4     12.55     78.0    2555   136    35.06    -24.27     25.29     7     -.2    2556     0   0   0   0      25.687   -71.887
0161    80.5   743.0     12.57     78.5    2548   136    35.14    -24.36     25.32     7     -.2    2549     0   0   0   0      25.687   -71.887
0162    81.0   743.7     12.60     78.8    2541   136    35.18    -24.41     25.33     7     -.3    2542     0   0   0   0      25.687   -71.887
0163    81.5   744.3     12.62     78.6    2534   136    35.20    -24.44     25.33     7     -.3    2535     0   0   0   0      25.687   -71.887
0164    82.0   744.9     12.65     78.2    2526   136    35.18    -24.43     25.32     7     -.4    2527     0   0   0   3      25.687   -71.888
0165    82.5   745.6     12.69     77.7    2519   136    35.16    -24.40     25.31     7     -.4    2520     0   0   0   0      25.687   -71.888
0166    83.0   746.2     12.74     77.1    2512   136    35.14    -24.35     25.33     7     -.3    2513     0   0   0   0      25.687   -71.888
0167    83.5   746.9     12.78     76.6    2505   136    35.12    -24.30     25.36     7     -.3    2506     0   0   0   0      25.688   -71.888
0168    84.0   747.5     12.83     76.3    2497   136    35.13    -24.24     25.43     7     -.2    2499     0   0   0   0      25.688   -71.888
0169    84.5   748.1     12.87     76.1    2490   137    35.16    -24.17     25.53     7     -.1    2492     0   0   0   0      25.688   -71.888
0170    85.0   748.7     12.91     76.2    2483   137    35.21    -24.11     25.65     7      .0    2485     0   0   0   0      25.688   -71.888
0171    85.5   749.4     12.94     76.4    2477   137    35.27    -24.06     25.79     7      .1    2478     0   0   0   0      25.688   -71.888
0172    86.0   750.0     12.97     76.5    2470   137    35.34    -24.01     25.92     7      .1    2471     0   0   0   0      25.688   -71.889
0173    86.5   750.6     13.01     76.7    2463   137    35.40    -23.98     26.04     7      .1    2464     0   0   0   0      25.688   -71.889
0174    87.0   751.2     13.05     76.6    2456   138    35.47    -23.97     26.15     7      .0    2457     0   0   0   0      25.688   -71.889
0175    87.5   751.8     13.09     76.4    2449   138    35.55    -23.97     26.25     7     -.1    2450     0   0   0   0      25.688   -71.889
0176    88.0   752.4     13.13     76.0    2442   138    35.63    -24.00     26.34     7     -.1    2443     0   0   0   0      25.689   -71.889
0177    88.5   753.1     13.18     75.4    2435   138    35.73    -24.06     26.42     7     -.2    2436     0   0   0   0      25.689   -71.889
0178    89.0   753.7     13.23     74.8    2428   138    35.85    -24.13     26.51     7     -.2    2429     3   3   3   3      25.689   -71.889
0179    89.5   754.4     13.28     74.3    2420   138    35.97    -24.22     26.59     7     -.2    2422     0   0   0   3      25.689   -71.889
0180    90.0   755.0     13.32     73.8    2413   138    36.09    -24.31     26.67     7     -.2    2414     0   0   0   3      25.689   -71.890
0181    90.5   755.6     13.37     73.4    2406   138    36.19    -24.39     26.74     7     -.2    2407     3   3   3   0      25.689   -71.890
0182    91.0   756.3     13.42     73.2    2399   138    36.27    -24.44     26.80     7     -.1    2400     0   0   0   0      25.689   -71.890
0183    91.5   756.9     13.46     73.0    2392   138    36.31    -24.45     26.84     7     -.1    2393     0   0   0   0      25.689   -71.890
0184    92.0   757.5     13.51     72.9    2385   138    36.31    -24.44     26.86     7     -.1    2386     0   0   0   0      25.690   -71.890
0185    92.5   758.1     13.55     72.8    2378   138    36.28    -24.39     26.86     7      .0    2379     0   0   0   0      25.690   -71.890
0186    93.0   758.8     13.59     72.6    2371   138    36.23    -24.33     26.85     7      .0    2372     0   0   0   3      25.690   -71.890
0187    93.5   759.4     13.63     72.4    2364   138    36.17    -24.27     26.82     7      .0    2366     0   0   0   0      25.690   -71.890
0188    94.0   760.0     13.67     72.3    2357   138    36.10    -24.20     26.78     7      .1    2359     0   0   0   0      25.690   -71.891
0189    94.5   760.6     13.71     72.1    2351   138    36.03    -24.16     26.73     7      .1    2352     0   0   0   0      25.690   -71.891
0190    95.0   761.2     13.74     72.0    2344   138    35.96    -24.13     26.65     7      .1    2345     0   0   0   0      25.690   -71.891
0191    95.5   761.9     13.77     72.0    2337   138    35.89    -24.13     26.57     7      .2    2338     0   0   0   0      25.690   -71.891
0192    96.0   762.5     13.81     72.0    2330   138    35.84    -24.15     26.48     7      .2    2331     0   0   0   3      25.690   -71.891
0193    96.5   763.1     13.84     72.1    2323   138    35.80    -24.18     26.41     7      .2    2324     0   0   0   0      25.691   -71.891
0194    97.0   763.7     13.87     72.2    2316   137    35.81    -24.22     26.37     7      .1    2317     0   0   0   0      25.691   -71.891
0195    97.5   764.3     13.91     72.4    2310   137    35.85    -24.28     26.38     7      .1    2311     0   0   0   0      25.691   -71.891
0196    98.0   765.0     13.95     72.6    2303   137    35.94    -24.35     26.44     7      .1    2304     0   0   0   0      25.691   -71.892
0197    98.5   765.6     13.99     72.8    2296   137    36.08    -24.42     26.56     7      .0    2297     0   0   0   0      25.691   -71.892
0198    99.0   766.2     14.03     73.1    2289   137    36.23    -24.49     26.70     7      .0    2290     0   0   0   0      25.691   -71.892
0199    99.5   766.8     14.07     73.3    2282   138    36.39    -24.57     26.85     7     -.1    2283     0   0   0   0      25.691   -71.892
0200   100.0   767.5     14.11     73.5    2275   138    36.53    -24.63     26.97     7     -.1    2276     0   0   0   0      25.691   -71.892
0201   100.5   768.1     14.15     73.6    2268   138    36.62    -24.68     27.05     7     -.1    2269     0   0   0   0      25.692   -71.892
0202   101.0   768.8     14.19     73.5    2261   138    36.67    -24.73     27.07     7     -.1    2262     0   0   0   3      25.692   -71.892
0203   101.5   769.4     14.23     73.1    2254   138    36.67    -24.76     27.05     7      .0    2255     0   0   0   0      25.692   -71.892
0204   102.0   770.0     14.27     72.5    2247   137    36.66    -24.80     27.00     7      .0    2248     0   0   0   3      25.692   -71.893
0205   102.5   770.6     14.32     71.5    2240   137    36.66    -24.84     26.95     7      .0    2241     0   0   0   3      25.692   -71.893
0206   103.0   771.3     14.36     70.5    2233   137    36.68    -24.90     26.93     7      .1    2234     0   0   0   0      25.692   -71.893
0207   103.5   771.9     14.41     69.4    2226   137    36.74    -24.98     26.94     7      .1    2227     0   0   0   0      25.692   -71.893
0208   104.0   772.5     14.45     68.6    2219   137    36.84    -25.07     26.99     7      .1    2221     0   0   0   0      25.692   -71.893
0209   104.5   773.1     14.49     68.2    2213   137    36.95    -25.16     27.06     7      .1    2214     0   0   0   0      25.693   -71.893
0210   105.0   773.8     14.52     68.1    2206   137    37.06    -25.25     27.13     7      .1    2207     0   0   0   0      25.693   -71.893
0211   105.5   774.4     14.55     68.6    2199   137    37.15    -25.32     27.18     7      .1    2200     0   0   0   3      25.693   -71.893
0212   106.0   775.0     14.59     69.4    2192   137    37.19    -25.36     27.20     7      .1    2193     0   0   0   0      25.693   -71.893
0213   106.5   775.6     14.62     70.4    2185   137    37.18    -25.39     27.17     7      .2    2186     0   0   0   0      25.693   -71.894
0214   107.0   776.3     14.65     71.5    2179   137    37.14    -25.40     27.11     7      .2    2180     0   0   0   3      25.693   -71.894
0215   107.5   776.9     14.68     72.5    2172   137    37.09    -25.40     27.03     7      .2    2173     0   0   0   0      25.693   -71.894
0216   108.0   777.5     14.72     73.1    2165   137    37.03    -25.40     26.95     7      .2    2166     0   0   0   0      25.693   -71.894
0217   108.5   778.1     14.76     73.5    2158   137    36.99    -25.41     26.89     7      .2    2159     0   0   0   3      25.694   -71.894
0218   109.0   778.7     14.80     73.7    2151   137    36.99    -25.43     26.86     7      .1    2152     0   0   0   0      25.694   -71.894
0219   109.5   779.4     14.84     73.6    2145   137    37.01    -25.46     26.86     7      .1    2146     0   0   0   0      25.694   -71.894
0220   110.0   780.0     14.88     73.5    2138   137    37.04    -25.50     26.87     7      .1    2139     0   0   0   0      25.694   -71.895
0221   110.5   780.6     14.92     73.3    2131   136    37.09    -25.54     26.89     7      .1    2132     0   0   0   0      25.694   -71.895
0222   111.0   781.3     14.96     73.2    2124   136    37.12    -25.58     26.90     7      .0    2125     0   0   0   0      25.694   -71.895
0223   111.5   781.9     15.00     73.3    2117   136    37.13    -25.62     26.88     7      .0    2118     0   0   0   0      25.694   -71.895
0224   112.0   782.5     15.04     73.5    2110   136    37.13    -25.67     26.82     7      .0    2111     0   0   0   0      25.694   -71.895
0225   112.5   783.2     15.07     73.7    2103   136    37.10    -25.72     26.74     7     -.1    2105     0   0   0   0      25.695   -71.895
0226   113.0   783.8     15.11     74.0    2097   136    37.07    -25.76     26.65     7     -.1    2098     0   0   0   3      25.695   -71.895
0227   113.5   784.4     15.15     74.3    2090   136    37.03    -25.80     26.56     7     -.2    2091     0   0   0   0      25.695   -71.895
0228   114.0   785.1     15.19     74.6    2083   136    36.99    -25.82     26.49     7     -.2    2084     0   0   0   0      25.695   -71.896
0229   114.5   785.7     15.23     74.9    2076   136    36.96    -25.82     26.45     7     -.2    2077     0   0   0   0      25.695   -71.896
0230   115.0   786.4     15.28     75.1    2069   136    36.95    -25.80     26.45     7     -.3    2070     0   0   0   0      25.695   -71.896
0231   115.5   787.0     15.32     75.2    2062   136    36.95    -25.76     26.49     7     -.3    2063     0   0   0   0      25.695   -71.896
0232   116.0   787.7     15.36     75.3    2055   136    36.96    -25.71     26.55     7     -.3    2056     0   0   0   0      25.695   -71.896
0233   116.5   788.3     15.40     75.3    2048   136    36.98    -25.67     26.61     7     -.3    2049     0   0   0   0      25.695   -71.896
0234   117.0   789.0     15.45     75.3    2041   136    37.01    -25.64     26.68     7     -.3    2042     0   0   0   0      25.696   -71.896
0235   117.5   789.6     15.49     75.3    2034   136    37.05    -25.64     26.74     7     -.3    2035     0   0   0   0      25.696   -71.896
0236   118.0   790.3     15.53     75.2    2027   136    37.09    -25.66     26.78     7     -.3    2028     0   0   0   0      25.696   -71.897
0237   118.5   790.9     15.57     75.0    2020   136    37.13    -25.69     26.81     7     -.3    2021     0   0   0   0      25.696   -71.897
0238   119.0   791.5     15.61     74.7    2013   136    37.17    -25.72     26.83     7     -.3    2014     0   0   0   0      25.696   -71.897
0239   119.5   792.2     15.66     74.4    2006   136    37.20    -25.74     26.85     7     -.3    2007     0   0   0   3      25.696   -71.897
0240   120.0   792.9     15.70     74.1    1999   136    37.21    -25.74     26.88     7     -.3    2000     0   0   0   0      25.696   -71.897
0241   120.5   793.5     15.74     73.8    1992   136    37.21    -25.71     26.91     7     -.3    1993     0   0   0   0      25.696   -71.897
0242   121.0   794.2     15.78     73.5    1985   136    37.20    -25.66     26.93     7     -.3    1986     0   0   0   0      25.697   -71.897
0243   121.5   794.8     15.82     73.2    1978   136    37.17    -25.59     26.96     7     -.2    1979     0   0   0   0      25.697   -71.898
0244   122.0   795.5     15.86     73.1    1971   137    37.13    -25.52     26.98     7     -.2    1972     0   0   0   0      25.697   -71.898
0245   122.5   796.1     15.89     73.0    1964   137    37.10    -25.46     26.98     7     -.1    1965     0   0   0   0      25.697   -71.898
0246   123.0   796.8     15.91     73.0    1957   137    37.06    -25.40     26.98     7      .0    1958     0   0   0   0      25.697   -71.898
0247   123.5   797.4     15.93     73.2    1950   137    37.03    -25.36     26.98     7      .0    1952     0   0   0   0      25.697   -71.898
0248   124.0   798.0     15.94     73.5    1944   137    37.00    -25.31     26.99     7     -.1    1945     0   0   0   0      25.697   -71.898
0249   124.5   798.6     15.95     73.9    1937   137    36.97    -25.25     27.00     7     -.1    1938     0   0   0   3      25.697   -71.898
0250   125.0   799.3     15.96     74.5    1930   137    36.93    -25.16     27.04     7     -.2    1931     0   0   0   0      25.698   -71.898
0251   125.5   799.9     15.96     75.1    1923   137    36.89    -25.04     27.08     7     -.3    1924     0   0   0   0      25.698   -71.899
0252   126.0   800.6     15.96     75.7    1916   137    36.82    -24.90     27.13     7     -.4    1917     0   0   0   3      25.698   -71.899
0253   126.5   801.3     15.95     76.4    1909   138    36.73    -24.73     27.16     7     -.5    1910     0   0   0   3      25.698   -71.899
0254   127.0   801.9     15.94     77.0    1902   138    36.62    -24.55     27.17     7     -.6    1903     0   0   0   3      25.698   -71.899
0255   127.5   802.6     15.94     77.4    1895   138    36.48    -24.36     27.15     7     -.6    1896     0   0   0   0      25.698   -71.899
0256   128.0   803.3     15.93     77.8    1888   138    36.33    -24.19     27.11     7     -.5    1889     3   3   3   3      25.698   -71.899
0257   128.5   804.0     15.93     78.0    1880   138    36.17    -24.02     27.05     7     -.5    1882     0   0   0   0      25.698   -71.899
0258   129.0   804.6     15.94     78.2    1874   138    36.03    -23.88     26.98     7     -.4    1875     0   0   0   0      25.699   -71.899
0259   129.5   805.3     15.95     78.2    1867   139    35.89    -23.74     26.92     7     -.4    1868     0   0   0   0      25.699   -71.900
0260   130.0   805.9     15.97     78.2    1860   139    35.78    -23.63     26.87     7     -.3    1861     0   0   0   0      25.699   -71.900
0261   130.5   806.6     15.99     78.2    1853   139    35.69    -23.53     26.83     7     -.3    1854     0   0   0   0      25.699   -71.900
0262   131.0   807.2     16.02     78.1    1846   139    35.61    -23.44     26.81     7     -.3    1847     0   0   0   0      25.699   -71.900
0263   131.5   807.9     16.05     78.0    1839   139    35.55    -23.37     26.79     7     -.4    1840     0   0   0   0      25.699   -71.900
0264   132.0   808.5     16.08     77.7    1832   139    35.51    -23.32     26.77     7     -.4    1833     0   0   0   0      25.699   -71.900
0265   132.5   809.2     16.11     77.4    1825   139    35.47    -23.29     26.75     7     -.4    1826     0   0   0   3      25.699   -71.900
0266   133.0   809.9     16.15     77.1    1818   139    35.44    -23.27     26.73     7     -.4    1819     0   0   0   0      25.699   -71.900
0267   133.5   810.5     16.19     76.7    1811   139    35.42    -23.27     26.70     7     -.4    1812     0   0   0   0      25.700   -71.900
0268   134.0   811.2     16.23     76.4    1804   139    35.40    -23.29     26.66     7     -.4    1805     0   0   0   0      25.700   -71.901
0269   134.5   811.9     16.27     76.3    1797   139    35.39    -23.32     26.62     7     -.3    1798     0   0   0   0      25.700   -71.901
0270   135.0   812.5     16.32     76.3    1790   139    35.39    -23.36     26.59     7     -.3    1791     0   0   0   0      25.700   -71.901
0271   135.5   813.2     16.35     76.5    1783   139    35.40    -23.41     26.56     7     -.3    1784     0   0   0   0      25.700   -71.901
0272   136.0   813.8     16.39     76.7    1776   139    35.41    -23.46     26.53     7     -.2    1778     0   0   0   3      25.700   -71.901
0273   136.5   814.5     16.42     77.0    1770   138    35.43    -23.50     26.51     7     -.2    1771     3   3   3   0      25.700   -71.901
0274   137.0   815.1     16.44     77.1    1763   138    35.43    -23.53     26.49     7     -.3    1764     0   0   0   0      25.700   -71.901
0275   137.5   815.8     16.46     77.1    1756   138    35.44    -23.54     26.49     7     -.3    1757     0   0   0   3      25.701   -71.901
0276   138.0   816.4     16.48     76.8    1749   138    35.43    -23.51     26.50     7     -.3    1750     0   0   0   0      25.701   -71.901
0277   138.5   817.1     16.50     76.3    1742   139    35.42    -23.46     26.54     7     -.4    1743     0   0   0   0      25.701   -71.902
0278   139.0   817.8     16.53     75.8    1735   139    35.41    -23.38     26.59     7     -.4    1736     0   0   0   0      25.701   -71.902
0279   139.5   818.4     16.55     75.4    1728   139    35.40    -23.27     26.68     7     -.4    1729     0   0   0   0      25.701   -71.902
0280   140.0   819.1     16.58     75.1    1721   139    35.40    -23.15     26.78     7     -.4    1722     0   0   0   3      25.701   -71.902
0281   140.5   819.8     16.61     75.2    1714   139    35.40    -23.03     26.89     7     -.5    1715     0   0   0   0      25.701   -71.902
0282   141.0   820.4     16.63     75.6    1707   140    35.42    -22.91     27.01     7     -.5    1709     0   0   0   0      25.701   -71.902
0283   141.5   821.1     16.66     76.3    1700   140    35.43    -22.81     27.11     7     -.5    1702     0   0   0   0      25.702   -71.902
0284   142.0   821.8     16.69     77.1    1694   140    35.43    -22.71     27.20     7     -.5    1695     0   0   0   0      25.702   -71.902
0285   142.5   822.4     16.71     78.0    1687   140    35.42    -22.63     27.25     7     -.6    1688     0   0   0   0      25.702   -71.902
0286   143.0   823.1     16.73     78.7    1679   140    35.39    -22.55     27.27     7     -.6    1681     0   0   0   0      25.702   -71.903
0287   143.5   823.8     16.76     79.2    1672   141    35.32    -22.47     27.26     7     -.6    1674     0   0   0   0      25.702   -71.903
0288   144.0   824.5     16.78     79.4    1665   141    35.23    -22.37     27.21     7     -.6    1667     0   0   0   0      25.702   -71.903
0289   144.5   825.2     16.80     79.4    1658   141    35.11    -22.27     27.14     7     -.5    1660     0   0   0   0      25.702   -71.903
0290   145.0   825.8     16.83     79.2    1651   141    34.98    -22.17     27.05     7     -.5    1653     0   0   0   0      25.702   -71.903
0291   145.5   826.5     16.85     79.0    1644   141    34.85    -22.09     26.96     7     -.4    1646     0   0   0   0      25.703   -71.903
0292   146.0   827.2     16.88     78.9    1638   141    34.75    -22.04     26.87     7     -.4    1639     0   0   0   3      25.703   -71.903
0293   146.5   827.8     16.91     78.9    1631   141    34.69    -22.04     26.79     7     -.4    1632     0   0   0   0      25.703   -71.903
0294   147.0   828.5     16.94     79.2    1624   140    34.68    -22.10     26.72     7     -.3    1625     0   0   0   0      25.703   -71.903
0295   147.5   829.1     16.97     79.7    1617   140    34.70    -22.20     26.67     7     -.4    1618     0   0   0   3      25.703   -71.904
0296   148.0   829.8     16.99     80.4    1610   140    34.76    -22.34     26.63     7     -.4    1611     0   0   0   0      25.703   -71.904
0297   148.5   830.5     17.02     81.1    1603   140    34.83    -22.49     26.59     7     -.5    1605     0   0   0   3      25.703   -71.904
0298   149.0   831.1     17.04     81.9    1596   140    34.89    -22.63     26.55     7     -.6    1598     0   0   0   3      25.703   -71.904
0299   149.5   831.8     17.06     82.5    1589   139    34.94    -22.76     26.50     7     -.6    1591     0   0   0   0      25.703   -71.904
0300   150.0   832.5     17.07     83.0    1582   139    34.96    -22.85     26.45     7     -.7    1584     0   0   0   0      25.704   -71.904
0301   150.5   833.2     17.09     83.4    1575   139    34.96    -22.92     26.40     7     -.7    1576     0   0   0   0      25.704   -71.904
0302   151.0   833.9     17.10     83.8    1568   139    34.95    -22.96     26.35     8     -.6    1569     0   0   0   0      25.704   -71.904
0303   151.5   834.6     17.11     84.0    1561   139    34.93    -22.98     26.31     8     -.5    1562     0   0   0   0      25.704   -71.904
0304   152.0   835.3     17.12     84.3    1554   139    34.92    -23.00     26.28     8     -.4    1555     0   0   0   0      25.704   -71.905
0305   152.5   835.9     17.14     84.5    1547   139    34.92    -23.02     26.27     8     -.3    1549     0   0   0   0      25.704   -71.905
0306   153.0   836.6     17.16     84.7    1541   139    34.93    -23.03     26.26     8     -.3    1542     0   0   0   3      25.704   -71.905
0307   153.5   837.2     17.18     84.9    1534   139    34.94    -23.04     26.27     8     -.2    1535     0   0   0   0      25.704   -71.905
0308   154.0   837.9     17.20     85.1    1527   139    34.94    -23.03     26.27     8     -.2    1528     0   0   0   0      25.705   -71.905
0309   154.5   838.5     17.23     85.2    1521   139    34.93    -23.01     26.27     8     -.2    1522     0   0   0   0      25.705   -71.905
0310   155.0   839.2     17.27     85.2    1514   139    34.90    -22.99     26.26     8     -.2    1515     0   0   0   0      25.705   -71.905
0311   155.5   839.9     17.31     85.2    1507   139    34.86    -22.96     26.23     8     -.3    1508     0   0   0   0      25.705   -71.905
0312   156.0   840.5     17.35     85.1    1500   139    34.82    -22.94     26.19     8     -.3    1501     0   0   0   0      25.705   -71.906
0313   156.5   841.2     17.39     85.0    1493   139    34.77    -22.93     26.15     8     -.3    1494     0   0   0   0      25.705   -71.906
0314   157.0   841.9     17.44     84.8    1486   139    34.74    -22.92     26.11     8     -.3    1488     0   0   0   0      25.705   -71.906
0315   157.5   842.6     17.49     84.6    1480   139    34.72    -22.91     26.09     8     -.3    1481     0   0   0   0      25.705   -71.906
0316   158.0   843.2     17.54     84.4    1473   139    34.70    -22.88     26.09     8     -.3    1474     0   0   0   0      25.705   -71.906
0317   158.5   843.9     17.59     84.2    1466   139    34.69    -22.83     26.11     8     -.2    1467     0   0   0   0      25.706   -71.906
0318   159.0   844.6     17.64     84.0    1459   139    34.68    -22.76     26.17     8     -.2    1461     0   0   0   0      25.706   -71.906
0319   159.5   845.2     17.69     83.8    1453   139    34.68    -22.67     26.24     8     -.1    1454     0   0   0   0      25.706   -71.906
0320   160.0   845.9     17.75     83.7    1446   139    34.69    -22.60     26.32     8     -.1    1447     0   0   0   0      25.706   -71.906
0321   160.5   846.5     17.80     83.6    1439   140    34.72    -22.55     26.40     8     -.1    1441     0   0   0   0      25.706   -71.907
0322   161.0   847.2     17.85     83.5    1433   140    34.78    -22.55     26.47     8     -.1    1434     0   0   0   3      25.706   -71.907
0323   161.5   847.8     17.90     83.4    1426   140    34.85    -22.60     26.52     8      .0    1427     0   0   0   0      25.706   -71.907
0324   162.0   848.5     17.96     83.2    1419   139    34.93    -22.70     26.54     8      .0    1420     0   0   0   0      25.706   -71.907
0325   162.5   849.2     18.01     83.0    1413   139    35.01    -22.82     26.55     8      .1    1414     0   0   0   0      25.707   -71.907
0326   163.0   849.8     18.07     82.8    1406   139    35.07    -22.92     26.54     8      .1    1407     0   0   0   0      25.707   -71.907
0327   163.5   850.5     18.13     82.5    1400   139    35.11    -22.99     26.54     8      .1    1401     0   0   0   0      25.707   -71.907
0328   164.0   851.1     18.19     82.2    1393   139    35.13    -23.00     26.56     8      .2    1394     0   0   0   0      25.707   -71.907
0329   164.5   851.7     18.24     82.0    1387   139    35.14    -22.95     26.60     8      .1    1388     0   0   0   0      25.707   -71.907
0330   165.0   852.4     18.30     81.8    1380   139    35.13    -22.86     26.68     8      .1    1381     0   0   0   0      25.707   -71.908
0331   165.5   853.0     18.35     81.7    1374   140    35.13    -22.74     26.78     8      .0    1375     0   0   0   0      25.707   -71.908
0332   166.0   853.7     18.40     81.7    1367   140    35.14    -22.62     26.89     8      .0    1368     0   0   0   0      25.707   -71.908
0333   166.5   854.4     18.44     81.8    1360   140    35.15    -22.54     26.98     8     -.1    1361     0   0   0   0      25.708   -71.908
0334   167.0   855.0     18.48     81.9    1354   140    35.17    -22.49     27.04     8     -.2    1355     0   0   0   0      25.708   -71.908
0335   167.5   855.7     18.52     82.1    1347   140    35.18    -22.49     27.06     8     -.2    1348     0   0   0   0      25.708   -71.908
0336   168.0   856.4     18.56     82.2    1340   140    35.18    -22.51     27.04     8     -.2    1341     0   0   0   0      25.708   -71.908
0337   168.5   857.0     18.60     82.3    1333   140    35.17    -22.55     26.99     8     -.2    1334     0   0   0   0      25.708   -71.908
0338   169.0   857.7     18.64     82.5    1327   140    35.16    -22.59     26.95     8     -.1    1328     0   0   0   0      25.708   -71.909
0339   169.5   858.4     18.68     82.6    1320   140    35.17    -22.62     26.94     8     -.1    1321     0   0   0   0      25.708   -71.909
0340   170.0   859.0     18.71     82.7    1313   140    35.21    -22.64     26.97     8      .0    1314     0   0   0   0      25.708   -71.909
0341   170.5   859.7     18.75     82.8    1307   140    35.30    -22.65     27.08     8      .0    1308     0   0   0   0      25.708   -71.909
0342   171.0   860.3     18.78     82.9    1300   140    35.44    -22.67     27.24     8      .1    1301     0   0   0   3      25.709   -71.909
0343   171.5   861.0     18.80     83.0    1294   140    35.61    -22.69     27.44     8      .0    1295     0   0   0   0      25.709   -71.909
0344   172.0   861.6     18.83     83.2    1287   141    35.80    -22.72     27.66     8      .0    1288     0   0   0   0      25.709   -71.909
0345   172.5   862.3     18.85     83.3    1281   141    35.98    -22.76     27.87     8      .0    1282     0   0   0   0      25.709   -71.909
0346   173.0   863.0     18.87     83.5    1274   141    36.12    -22.79     28.02     8     -.1    1275     0   0   0   0      25.709   -71.909
0347   173.5   863.6     18.89     83.5    1267   141    36.21    -22.81     28.12     8     -.1    1269     0   0   0   0      25.709   -71.910
0348   174.0   864.3     18.92     83.5    1261   141    36.24    -22.82     28.15     8     -.2    1262     0   0   0   3      25.709   -71.910
0349   174.5   865.0     18.95     83.5    1254   141    36.21    -22.80     28.13     8     -.2    1255     0   0   0   0      25.709   -71.910
0350   175.0   865.6     18.98     83.4    1247   141    36.14    -22.78     28.06     8     -.1    1248     0   0   0   0      25.710   -71.910
0351   175.5   866.3     19.02     83.3    1241   141    36.05    -22.74     27.98     8     -.1    1242     0   0   0   0      25.710   -71.910
0352   176.0   867.0     19.06     83.4    1234   141    35.97    -22.71     27.90     8     -.1    1235     0   0   0   0      25.710   -71.910
0353   176.5   867.6     19.10     83.5    1228   141    35.91    -22.68     27.84     8     -.1    1229     0   0   0   0      25.710   -71.910
0354   177.0   868.3     19.14     83.7    1221   141    35.87    -22.66     27.81     8     -.1    1222     0   0   0   3      25.710   -71.910
0355   177.5   869.0     19.18     84.1    1214   141    35.87    -22.65     27.81     8     -.1    1215     0   0   0   0      25.710   -71.910
0356   178.0   869.6     19.21     84.5    1208   141    35.89    -22.65     27.84     8     -.1    1209     0   0   0   0      25.710   -71.911
0357   178.5   870.3     19.24     85.0    1201   141    35.93    -22.65     27.89     8     -.2    1202     0   0   0   0      25.711   -71.911
0358   179.0   871.0     19.26     85.6    1194   141    35.97    -22.64     27.95     8     -.2    1195     0   0   0   0      25.711   -71.911
0359   179.5   871.6     19.28     86.1    1188   141    36.01    -22.63     28.01     8     -.2    1189     0   0   0   0      25.711   -71.911
0360   180.0   872.3     19.30     86.5    1181   141    36.03    -22.60     28.06     8     -.2    1182     0   0   0   0      25.711   -71.911
0361   180.5   873.0     19.31     86.9    1174   141    36.04    -22.58     28.10     8     -.2    1176     0   0   0   0      25.711   -71.911
0362   181.0   873.7     19.32     87.2    1168   141    36.06    -22.57     28.12     8     -.1    1169     0   0   0   0      25.711   -71.911
0363   181.5   874.3     19.34     87.5    1161   141    36.08    -22.59     28.13     8     -.1    1162     0   0   0   0      25.711   -71.911
0364   182.0   875.0     19.35     87.8    1155   141    36.12    -22.65     28.14     8     -.1    1156     0   0   0   0      25.711   -71.911
0365   182.5   875.7     19.37     88.0    1148   141    36.19    -22.75     28.15     8     -.1    1149     0   0   0   0      25.712   -71.912
0366   183.0   876.3     19.38     88.2    1141   141    36.28    -22.88     28.16     8     -.1    1143     0   0   0   0      25.712   -71.912
0367   183.5   877.0     19.40     88.4    1135   141    36.38    -23.03     28.16     8     -.1    1136     0   0   0   0      25.712   -71.912
0368   184.0   877.6     19.42     88.5    1128   141    36.46    -23.17     28.16     8     -.1    1129     0   0   0   0      25.712   -71.912
0369   184.5   878.3     19.44     88.5    1122   140    36.51    -23.27     28.13     8     -.1    1123     0   0   0   0      25.712   -71.912
0370   185.0   879.0     19.46     88.5    1115   140    36.51    -23.33     28.08     8     -.1    1116     0   0   0   0      25.712   -71.912
0371   185.5   879.7     19.49     88.4    1109   140    36.44    -23.33     27.99     8     -.1    1110     0   0   0   0      25.712   -71.912
0372   186.0   880.3     19.51     88.3    1102   140    36.32    -23.29     27.87     8      .0    1103     0   0   0   0      25.712   -71.912
0373   186.5   881.0     19.55     88.1    1095   140    36.16    -23.23     27.71     8      .0    1097     0   0   0   0      25.713   -71.913
0374   187.0   881.7     19.58     88.1    1089   140    35.99    -23.17     27.54     8      .1    1090     0   0   0   0      25.713   -71.913
0375   187.5   882.3     19.61     88.1    1083   140    35.83    -23.14     27.36     8      .1    1084     0   0   0   0      25.713   -71.913
0376   188.0   883.0     19.63     88.2    1076   140    35.72    -23.15     27.21     8      .1    1077     3   3   3   3      25.713   -71.913
0377   188.5   883.6     19.66     88.5    1070   139    35.67    -23.23     27.08     8      .1    1071     0   0   0   0      25.713   -71.913
0378   189.0   884.3     19.67     88.9    1063   139    35.70    -23.37     26.98     8      .1    1064     0   0   0   0      25.713   -71.913
0379   189.5   884.9     19.68     89.4    1057   139    35.78    -23.59     26.91     8      .1    1058     0   0   0   0      25.713   -71.913
0380   190.0   885.6     19.68     90.0    1050   138    35.92    -23.86     26.86     8      .0    1051     0   0   0   0      25.713   -71.913
0381   190.5   886.3     19.67     90.7    1044   138    36.09    -24.16     26.81     8      .0    1045     0   0   0   0      25.714   -71.913
0382   191.0   887.0     19.67     91.3    1037   138    36.26    -24.47     26.75     8      .0    1038     0   0   0   0      25.714   -71.914
0383   191.5   887.6     19.66     91.9    1031   137    36.39    -24.77     26.66     8      .0    1032     0   0   0   0      25.714   -71.914
0384   192.0   888.3     19.65     92.5    1024   137    36.47    -25.01     26.54     7      .1    1025     0   0   0   0      25.714   -71.914
0385   192.5   889.0     19.64     92.9    1018   136    36.47    -25.19     26.37     8      .1    1019     0   0   0   0      25.714   -71.914
0386   193.0   889.6     19.63     93.3    1011   136    36.37    -25.27     26.16     8      .2    1012     0   0   0   0      25.714   -71.914
0387   193.5   890.3     19.63     93.7    1005   136    36.19    -25.27     25.91     8      .2    1006     0   0   0   0      25.714   -71.914
0388   194.0   890.9     19.64     93.9     999   136    35.95    -25.19     25.64     8      .2    1000     0   0   0   0      25.714   -71.914
0389   194.5   891.6     19.65     94.0     992   135    35.67    -25.08     25.37     8      .1     993     0   0   0   0      25.714   -71.914
0390   195.0   892.2     19.67     94.0     986   135    35.40    -24.95     25.11     8      .1     987     3   3   3   0      25.715   -71.915
0391   195.5   892.9     19.70     93.9     979   135    35.19    -24.87     24.90     8      .0     981     0   0   0   0      25.715   -71.915
0392   196.0   893.6     19.74     93.7     973   135    35.05    -24.84     24.73     8      .0     974     0   0   0   0      25.715   -71.915
0393   196.5   894.2     19.80     93.5     966   135    35.02    -24.90     24.63     8      .0     968     0   0   0   0      25.715   -71.915
0394   197.0   894.9     19.86     93.2     960   134    35.08    -25.04     24.57     8     -.1     961     0   0   0   0      25.715   -71.915
0395   197.5   895.6     19.92     92.9     953   134    35.22    -25.24     24.57     8     -.1     954     0   0   0   3      25.715   -71.915
0396   198.0   896.3     19.99     92.6     947   134    35.42    -25.49     24.59     8      .0     948     0   0   0   0      25.715   -71.915
0397   198.5   896.9     20.06     92.4     940   134    35.63    -25.74     24.65     8      .0     941     0   0   0   0      25.715   -71.915
0398   199.0   897.6     20.13     92.1     934   134    35.84    -25.95     24.71     8      .0     935     0   0   0   0      25.715   -71.916
0399   199.5   898.3     20.19     91.9     927   134    36.01    -26.12     24.79     8      .1     929     0   0   0   0      25.716   -71.916
0400   200.0   898.9     20.25     91.7     921   134    36.14    -26.21     24.88     8      .1     922     0   0   0   0      25.716   -71.916
0401   200.5   899.6     20.30     91.5     915   134    36.22    -26.24     24.97     8      .2     916     0   0   0   0      25.716   -71.916
0402   201.0   900.3     20.35     91.3     908   134    36.27    -26.23     25.06     8      .3     909     0   0   0   0      25.716   -71.916
0403   201.5   900.9     20.40     91.1     902   134    36.30    -26.18     25.14     8      .4     903     0   0   0   0      25.716   -71.916
0404   202.0   901.6     20.45     90.9     896   134    36.33    -26.15     25.23     8      .5     897     0   0   0   0      25.716   -71.916
0405   202.5   902.2     20.49     90.8     889   134    36.39    -26.15     25.31     8      .5     891     0   0   0   0      25.716   -71.916
0406   203.0   902.9     20.54     90.5     883   134    36.49    -26.20     25.40     7      .6     884     0   0   0   0      25.716   -71.917
0407   203.5   903.5     20.58     90.3     877   134    36.63    -26.31     25.49     8      .7     878     0   0   0   0      25.716   -71.917
0408   204.0   904.1     20.63     90.0     871   134    36.81    -26.48     25.57     8      .8     872     0   0   0   0      25.717   -71.917
0409   204.5   904.7     20.67     89.6     865   134    36.99    -26.66     25.64     8      .8     866     0   0   0   0      25.717   -71.917
0410   205.0   905.4     20.72     89.3     859   134    37.14    -26.84     25.67     8      .8     860     0   0   0   0      25.717   -71.917
0411   205.5   906.0     20.77     89.0     853   134    37.22    -26.98     25.64     8      .8     854     0   0   0   0      25.717   -71.917
0412   206.0   906.6     20.81     88.9     847   133    37.20    -27.06     25.53     8      .7     848     0   0   0   0      25.717   -71.917
0413   206.5   907.3     20.84     88.9     841   133    37.10    -27.10     25.34     8      .6     842     0   0   0   0      25.717   -71.918
0414   207.0   907.9     20.85     89.1     835   133    36.93    -27.11     25.07     8      .5     836     0   0   0   0      25.717   -71.918
0415   207.5   908.5     20.85     89.5     829   132    36.73    -27.14     24.76     8      .4     830     0   0   0   0      25.717   -71.918
0416   208.0   909.2     20.84     90.0     823   132    36.57    -27.22     24.43     8      .3     824     0   0   0   0      25.718   -71.918
0417   208.5   909.9     20.82     90.5     816   131    36.49    -27.38     24.12     8      .2     817     0   0   0   0      25.718   -71.918
0418   209.0   910.5     20.79     91.0     810   131    36.50    -27.63     23.85     8      .2     811     0   0   0   0      25.718   -71.918
0419   209.5   911.2     20.75     91.5     803   130    36.59    -27.95     23.62     8      .1     805     0   0   0   0      25.718   -71.918
0420   210.0   911.9     20.72     91.8     797   130    36.73    -28.27     23.44     8      .1     798     0   0   0   3      25.718   -71.918
0421   210.5   912.5     20.70     92.1     791   129    36.83    -28.54     23.28     8      .1     792     0   0   0   0      25.718   -71.919
0422   211.0   913.2     20.69     92.2     784   129    36.86    -28.71     23.12     8      .1     785     3   3   3   0      25.718   -71.919
0423   211.5   913.9     20.69     92.3     778   129    36.77    -28.73     22.95     8      .1     779     0   0   0   0      25.718   -71.919
0424   212.0   914.5     20.70     92.3     772   129    36.57    -28.61     22.77     8      .1     773     0   0   0   0      25.718   -71.919
0425   212.5   915.2     20.71     92.3     765   129    36.29    -28.39     22.60     8      .0     766     0   0   0   0      25.718   -71.919
0426   213.0   915.9     20.74     92.2     759   129    36.01    -28.15     22.45     8     -.1     760     0   0   0   0      25.719   -71.919
0427   213.5   916.5     20.77     92.2     753   129    35.80    -27.98     22.33     8     -.2     754     0   0   0   0      25.719   -71.919
0428   214.0   917.2     20.80     92.1     746   129    35.72    -27.95     22.24     8     -.4     747     0   0   0   0      25.719   -71.920
0429   214.5   917.9     20.84     92.1     739   128    35.82    -28.14     22.17     8     -.5     741     0   0   0   0      25.719   -71.920
0430   215.0   918.6     20.87     92.0     733   128    36.09    -28.54     22.09     8     -.7     734     0   0   0   0      25.719   -71.920
0431   215.5   919.4     20.91     92.0     726   127    36.47    -29.10     21.98     8     -.9     727     0   0   0   0      25.719   -71.920
0432   216.0   920.1     20.95     91.9     719   126    36.89    -29.74     21.84     6    -1.1     720     0   0   0   0      25.719   -71.920
0433   216.5   920.8     20.98     91.9     712   126    37.27    -30.32     21.67     8    -1.2     713     0   0   0   0      25.719   -71.920
0434   217.0   921.6     21.02     91.9     705   125    37.51    -30.72     21.52     8    -1.3     706     0   0   0   0      25.719   -71.920
0435   217.5   922.3     21.05     91.9     698   125    37.58    -30.87     21.43     8    -1.3     699     0   0   0   0      25.719   -71.921
0436   218.0   923.1     21.09     91.8     691   125    37.46    -30.73     21.42     8    -1.3     692     0   0   0   0      25.720   -71.921
0437   218.5   923.8     21.13     91.7     684   125    37.18    -30.33     21.51     8    -1.3     685     0   0   0   0      25.720   -71.921
0438   219.0   924.6     21.17     91.6     677   126    36.82    -29.77     21.67     8    -1.3     678     0   0   0   0      25.720   -71.921
0439   219.5   925.3     21.22     91.5     670   127    36.43    -29.15     21.85     8    -1.3     671     0   0   0   0      25.720   -71.921
0440   220.0   926.1     21.28     91.3     663   128    36.09    -28.60     22.02     8    -1.2     664     0   0   0   0      25.720   -71.921
0441   220.5   926.8     21.34     91.1     656   128    35.83    -28.19     22.12     8    -1.2     657     0   0   0   0      25.720   -71.922
0442   221.0   927.6     21.40     90.8     649   128    35.67    -27.98     22.13     8    -1.3     650     0   0   0   0      25.720   -71.922
0443   221.5   928.3     21.46     90.6     642   128    35.61    -27.95     22.07     8    -1.3     643     0   0   0   0      25.720   -71.922
0444   222.0   929.1     21.52     90.4     635   128    35.63    -28.05     21.96     8    -1.2     636     0   0   0   0      25.720   -71.922
0445   222.5   929.8     21.58     90.2     628   128    35.70    -28.24     21.85     8    -1.2     629     0   0   0   0      25.720   -71.922
0446   223.0   930.6     21.64     90.0     621   127    35.81    -28.44     21.77     8    -1.2     622     0   0   0   0      25.721   -71.922
0447   223.5   931.3     21.70     89.9     614   127    35.93    -28.62     21.72     8    -1.1     615     0   0   0   0      25.721   -71.922
0448   224.0   932.0     21.75     89.8     607   127    36.04    -28.76     21.71     8    -1.0     608     0   0   0   0      25.721   -71.923
0449   224.5   932.8     21.79     89.7     600   127    36.11    -28.85     21.72     8     -.9     601     0   0   0   0      25.721   -71.923
0450   225.0   933.5     21.84     89.6     593   127    36.15    -28.90     21.71     8     -.8     594     0   0   0   0      25.721   -71.923
0451   225.5   934.2     21.88     89.5     587   127    36.12    -28.90     21.66     8     -.8     588     0   0   0   0      25.721   -71.923
0452   226.0   934.9     21.93     89.3     580   127    36.03    -28.87     21.55     8     -.7     581     0   0   0   0      25.721   -71.923
0453   226.5   935.6     21.97     89.2     573   127    35.88    -28.83     21.37     8     -.7     574     0   0   0   0      25.721   -71.923
0454   227.0   936.4     22.01     89.0     566   126    35.70    -28.79     21.12     8     -.6     568     0   0   0   0      25.721   -71.923
0455   227.5   937.1     22.06     88.7     560   126    35.54    -28.79     20.84     8     -.5     561     0   0   0   0      25.721   -71.924
0456   228.0   937.8     22.11     88.5     553   125    35.45    -28.88     20.56     8     -.4     554     0   0   0   0      25.721   -71.924
0457   228.5   938.5     22.16     88.2     546   125    35.49    -29.10     20.32     8     -.3     548     0   0   0   0      25.722   -71.924
0458   229.0   939.2     22.20     88.0     540   124    35.70    -29.47     20.14     8     -.1     541     0   0   0   0      25.722   -71.924
0459   229.5   939.9     22.25     87.9     534   124    36.05    -29.96     20.05     8      .0     535     0   0   0   0      25.722   -71.924
0460   230.0   940.6     22.30     87.7     527   123    36.51    -30.51     20.05     8      .1     528     0   0   0   0      25.722   -71.924
0461   230.5   941.2     22.34     87.6     521   123    36.99    -31.05     20.12     8      .2     522     0   0   0   0      25.722   -71.924
0462   231.0   941.9     22.38     87.5     515   123    37.39    -31.46     20.20     8      .2     516     0   0   0   0      25.722   -71.925
0463   231.5   942.5     22.42     87.4     509   123    37.60    -31.68     20.25     8      .2     510     0   0   0   0      25.722   -71.925
0464   232.0   943.2     22.46     87.3     503   123    37.58    -31.69     20.20     8      .1     504     0   0   0   0      25.722   -71.925
0465   232.5   943.9     22.50     87.2     497   122    37.33    -31.51     20.02     8      .1     498     0   0   0   0      25.722   -71.925
0466   233.0   944.6     22.54     87.1     490   122    36.92    -31.22     19.70     8      .0     491     0   0   0   0      25.722   -71.925
0467   233.5   945.3     22.58     87.0     484   122    36.44    -30.93     19.27     8     -.1     485     0   0   0   0      25.722   -71.925
0468   234.0   946.0     22.63     86.8     477   121    36.01    -30.74     18.76     7     -.1     478     0   0   0   0      25.723   -71.926
0469   234.5   946.7     22.67     86.6     471   121    35.71    -30.70     18.24     8      .0     472     0   0   0   0      25.723   -71.926
0470   235.0   947.4     22.71     86.3     465   120    35.56    -30.80     17.77     8      .1     466     0   0   0   0      25.723   -71.926
0471   235.5   948.0     22.76     86.1     458   119    35.54    -30.99     17.40     8      .2     459     0   0   0   0      25.723   -71.926
0472   236.0   948.7     22.80     85.8     452   119    35.56    -31.16     17.13     8      .3     453     0   0   0   0      25.723   -71.926
0473   236.5   949.4     22.85     85.5     446   118    35.52    -31.22     16.94     8      .4     447     0   0   0   0      25.723   -71.926
0474   237.0   950.0     22.90     85.4     440   118    35.34    -31.08     16.83     8      .4     441     0   0   0   0      25.723   -71.926
0475   237.5   950.7     22.94     85.4     434   119    35.00    -30.74     16.74     8      .5     435     0   0   0   0      25.723   -71.927
0476   238.0   951.3     22.99     85.6     428   119    34.51    -30.22     16.65     8      .5     429     0   0   0   0      25.723   -71.927
0477   238.5   952.0     23.03     85.8     422   119    33.94    -29.62     16.57     8      .5     423     0   0   0   0      25.723   -71.927
0478   239.0   952.6     23.07     86.2     416   120    33.41    -29.05     16.51     8      .5     417     0   0   0   0      25.723   -71.927
0479   239.5   953.3     23.10     86.6     410   120    33.00    -28.60     16.47     8      .5     411     0   0   0   0      25.723   -71.927
0480   240.0   954.0     23.13     86.9     404   120    32.79    -28.35     16.47     7      .5     405     0   0   0   0      25.723   -71.927
0481   240.5   954.6     23.15     87.1     397   120    32.78    -28.32     16.51     8      .5     398     0   0   0   0      25.724   -71.927
0482   241.0   955.3     23.18     87.2     391   120    32.96    -28.51     16.54     8      .6     392     0   0   0   0      25.724   -71.928
0483   241.5   956.0     23.20     87.1     385   120    33.27    -28.86     16.55     8      .7     386     0   0   0   0      25.724   -71.928
0484   242.0   956.6     23.23     87.0     379   119    33.63    -29.32     16.47     8      .8     380     0   0   0   0      25.724   -71.928
0485   242.5   957.2     23.27     86.8     374   119    33.97    -29.80     16.30     8      .8     375     0   0   0   0      25.724   -71.928
0486   243.0   957.9     23.31     86.7     368   118    34.22    -30.24     16.03     8      .9     369     0   0   0   0      25.724   -71.928
0487   243.5   958.5     23.35     86.5     362   117    34.36    -30.57     15.68     8      .8     363     0   0   0   0      25.724   -71.928
0488   244.0   959.1     23.40     86.4     356   116    34.37    -30.77     15.30     7      .8     357     0   0   0   0      25.724   -71.928
0489   244.5   959.8     23.46     86.3     350   116    34.25    -30.83     14.92     8      .7     352     0   0   0   0      25.724   -71.929
0490   245.0   960.4     23.51     86.2     344   115    34.04    -30.77     14.57     8      .6     346     0   0   0   0      25.724   -71.929
0491   245.5   961.1     23.57     86.0     338   115    33.75    -30.59     14.26     8      .5     339     0   0   0   0      25.724   -71.929
0492   246.0   961.8     23.62     85.8     332   115    33.42    -30.35     14.00     8      .5     333     0   0   0   0      25.724   -71.929
0493   246.5   962.4     23.67     85.6     326   115    33.07    -30.06     13.77     8      .5     327     0   0   0   0      25.724   -71.929
0494   247.0   963.1     23.72     85.5     320   115    32.73    -29.77     13.59     8      .5     321     0   0   0   0      25.724   -71.929
0495   247.5   963.8     23.77     85.3     314   115    32.42    -29.50     13.44     8      .6     315     0   0   0   0      25.725   -71.930
0496   248.0   964.4     23.82     85.2     308   115    32.15    -29.25     13.34     8      .7     309     3   3   3   3      25.725   -71.930
0497   248.5   965.1     23.87     85.1     302   115    31.92    -29.03     13.27     8      .8     303     0   0   0   0      25.725   -71.930
0498   249.0   965.7     23.93     85.1     296   115    31.72    -28.85     13.18     8      .9     297     0   0   0   0      25.725   -71.930
0499   249.5   966.3     23.98     85.0     291   114    31.51    -28.69     13.03     8      .9     292     0   0   0   0      25.725   -71.930
0500   250.0   967.0     24.04     84.9     285   114    31.27    -28.55     12.74     8      .9     286     0   0   0   0      25.725   -71.930
0501   250.5   967.6     24.10     84.8     279   113    30.96    -28.42     12.27     8      .8     280     0   0   0   0      25.725   -71.930
0502   251.0   968.3     24.15     84.7     273   112    30.59    -28.30     11.62     8      .7     274     0   0   0   0      25.725   -71.931
0503   251.5   968.9     24.21     84.4     267   111    30.17    -28.15     10.84     8      .5     268     0   0   0   0      25.725   -71.931
0504   252.0   969.5     24.27     84.2     261   110    29.72    -27.98     10.03     8      .2     263     0   0   0   0      25.725   -71.931
0505   252.5   970.2     24.33     83.9     255   109    29.28    -27.75      9.34     8     -.1     256     0   0   0   0      25.725   -71.931
0506   253.0   970.9     24.38     83.7     249   108    28.89    -27.48      8.92     7     -.4     250     0   0   0   0      25.725   -71.931
0507   253.5   971.6     24.44     83.4     242   108    28.59    -27.18      8.86     8     -.8     244     0   0   0   0      25.725   -71.931
0508   254.0   972.4     24.50     83.1     236   109    28.43    -26.90      9.20     8    -1.0     237     0   0   0   0      25.725   -71.931
0509   254.5   973.2     24.56     82.8     228   110    28.49    -26.72      9.90     8    -1.1     230     0   0   0   0      25.725   -71.932
0510   255.0   974.0     24.62     82.5     221   112    28.81    -26.68     10.88     8    -1.1     222     0   0   0   0      25.725   -71.932
0511   255.5   974.8     24.68     82.2     214   114    29.39    -26.83     12.01     8     -.9     215     0   0   0   0      25.725   -71.932
0512   256.0   975.5     24.74     81.9     207   116    30.19    -27.18     13.15     8     -.6     208     0   0   0   0      25.725   -71.932
0513   256.5   976.2     24.81     81.7     201   117    31.11    -27.68     14.19     8     -.2     202     0   0   0   0      25.725   -71.932
0514   257.0   976.9     24.87     81.5     195   118    32.02    -28.27     15.04     8      .1     196     0   0   0   0      25.726   -71.932
0515   257.5   977.6     24.93     81.4     189   119    32.80    -28.82     15.65     8      .4     190     0   0   0   0      25.726   -71.932
0516   258.0   978.2     24.99     81.2     183   119    33.32    -29.24     15.98     8      .6     184     0   0   0   0      25.726   -71.932
0517   258.5   978.8     25.05     81.1     177   119    33.51    -29.43     16.03     8      .7     179     0   0   0   0      25.726   -71.933
0518   259.0   979.5     25.10     80.9     172   118    33.33    -29.35     15.81     8      .6     173     0   0   0   0      25.726   -71.933
0519   259.5   980.1     25.16     80.7     166   118    32.80    -28.99     15.35     8      .5     167     0   0   0   0      25.726   -71.933
0520   260.0   980.8     25.21     80.4     160   117    31.98    -28.40     14.70     8      .3     161     0   0   0   0      25.726   -71.933
0521   260.5   981.5     25.26     80.2     154   117    30.98    -27.67     13.93     8      .1     155     0   0   0   0      25.726   -71.933
0522   261.0   982.2     25.32     80.0     147   116    29.93    -26.90     13.13     7      .0     148     0   0   0   0      25.726   -71.933
0523   261.5   982.9     25.38     80.0     141   115    28.93    -26.16     12.35     7      .0     142     0   0   0   0      25.726   -71.933
0524   262.0   983.6     25.44     80.0     134   115    28.04    -25.51     11.63     7      .1     135     0   0   0   0      25.726   -71.934
0525   262.5   984.3     25.50     80.1     128   114    27.33    -24.99     11.05     7      .2     129     0   0   0   0      25.726   -71.934
0526   263.0   985.0     25.57     80.3     122   113    26.79    -24.60     10.61     7      .4     123     0   0   0   0      25.726   -71.934
0527   263.5   985.7     25.63     80.5     116   113    26.41    -24.32     10.31     7      .6     117     0   0   0   0      25.726   -71.934
0528   264.0   986.3     25.70     80.7     110   113    26.14    -24.13     10.06     8      .8     111     0   0   0   0      25.726   -71.934
0529   264.5   987.0     25.76     80.7     105   112    25.94    -24.01      9.81     8      .9     106     0   0   0   0      25.726   -71.934
0530   265.0   987.6     25.82     80.7      99   112    25.76    -23.95      9.48     8     1.1     100     0   0   0   0      25.726   -71.934
0531   265.5   988.2     25.87     80.6      93   111    25.58    -23.91      9.09     8     1.1      94     0   0   0   0      25.726   -71.934
0532   266.0   988.8     25.93     80.4      88   110    25.41    -23.89      8.67     8     1.2      89     0   0   0   0      25.727   -71.935
0533   266.5   989.5     25.98     80.2      82   109    25.28    -23.89      8.28     8     1.3      83     0   0   0   0      25.727   -71.935
0534   267.0   990.1     26.04     80.1      76   108    25.19    -23.91      7.92     8     1.4      78     0   0   0   0      25.727   -71.935
0535   267.5   990.7     26.09     80.0      71   108    25.10    -23.92      7.58     8     1.4      72     0   0   0   0      25.727   -71.935
0536   268.0   991.3     26.15     79.9      65   107    24.96    -23.90      7.20     8     1.5      66     0   0   0   0      25.727   -71.935
0537   268.5   991.9     26.21     79.8      60   106    24.78    -23.84      6.75     8     1.5      61     0   0   0   0      25.727   -71.935
0538   269.0   992.5     26.27     79.7      55   105    24.56    -23.75      6.26     8     1.5      56     0   0   0   0      25.727   -71.935
0539   269.5   993.1     26.32     79.7      49   104    24.28    -23.58      5.78     7     1.5      50     0   0   0   0      25.727   -71.935
0540   270.0   993.7     26.38     79.6      44   103    23.86    -23.24      5.40     8     1.3      45     0   0   0   0      25.727   -71.936
0541   270.5   994.3     26.43     79.5      38   103    23.28    -22.71      5.13     8     1.0      40     0   0   0   0      25.727   -71.936
0542   271.0   995.0     26.48     79.3      33   103    22.56    -22.02      4.93     8      .8      34     0   0   0   0      25.727   -71.936
0543   271.5   995.6     26.54     79.2      27   103    21.82    -21.28      4.80     7      .7      28     0   0   0   0      25.727   -71.936
0544   272.0   996.3     26.59     79.0      21   103    21.37    -20.82      4.84     8      .5      22     0   0   0   0      25.727   -71.936
0545   272.5   997.0     26.64     78.6      14   105    21.66    -20.91      5.64     8      .2      16     0   0   0   4      25.727   -71.936
0546   273.0   997.8     26.73     78.2       8   108    22.76    -21.63      7.09     6      .0       9     0   0   0   4      25.727   -71.936
