 ===========================================================================
 DROPWINDSONDE PROCESSING RECORD                            Sonde: 022945282
 PDS file written Sep  2, 2003.                             Format:    V5.08
 Aircraft: N43RF                             Date: 030902   Time: 201702 UTC
 ---------------------------------------------------------------------------
 Bias corrections:  PR =    .0 mb  TE =    .0 C  RH =    .0 %  PRB =   .0 mb
 Filters (LPF):     PTH =  10 s    WIND =  10 s       Hyd anchor =       SFC
 Dyn RH correction =  N     WSHR COR =      Y         Splash PR  =  972.0 mb
 Estimated PR used =  N     GPS VERR =    .57 m/s     HYD SFCP   =  977.3 mb
 Dyn T correction  =  Y     WGACORR  =   -4.7 m       AC GA ADJ  =     .0 m
 ---------------------------------------------------------------------------
 COMMENTS: None                                                        
 ===========================================================================

 ==============================================================================
 Date: 030902   Lat:  20.70 N   TA:   13.7 C   PS:  751.1 mb   WD:   160 deg
 Time: 201702   Lon:  60.61 W   TD: -999.0 C   GA:   2272 m    WS:  60.0 m/s
 SID:  022945282                RH: -999.0 %   Navaid:   GP          
 ===========================================================================

IX      t (s)  P (mb)    T (C)    RH (%)  Z (m)   WD    WS (m/s)   U (m/s)   V (m/s)  NS  WZ (m/s)  ZW (m)   FP  FT  FH  FW   LAT (N)    LON (E)  ZW (ft)  WS (kt)  WS (mph)  THETAE (K)
0001      .3   751.6     13.72   -999.0    2226   161    60.02    -19.64     56.72  -999  -999.0    2222     3   3   0   4    20.7038   -60.6123     7289   116.44    134.45     -999.00
0002      .8   752.1     13.74   -999.0    2221   161    60.09    -19.67     56.78  -999  -999.0    2216     3   3   0   4    20.7040   -60.6124     7271   116.57    134.60     -999.00
0003     1.3   752.6     13.76   -999.0    2215   161    60.11    -19.68     56.80  -999  -999.0    2210     3   3   0   4    20.7043   -60.6125     7252   116.61    134.65     -999.00
0004     1.8   753.1     13.78   -999.0    2209   161    60.13    -19.69     56.81  -999  -999.0    2205     3   3   0   4    20.7045   -60.6126     7233   116.65    134.69     -999.00
0005     2.3   753.6     13.80   -999.0    2204   161    60.15    -19.70     56.83  -999  -999.0    2199     3   3   0   4    20.7048   -60.6127     7215   116.69    134.74     -999.00
0006     2.8   754.1     13.82   -999.0    2198   161    60.17    -19.71     56.85  -999  -999.0    2193     3   3   0   4    20.7050   -60.6128     7196   116.73    134.78     -999.00
0007     3.3   754.7     13.84   -999.0    2192   161    60.19    -19.72     56.87  -999  -999.0    2188     3   3   0   4    20.7053   -60.6129     7177   116.77    134.83     -999.00
0008     3.8   755.2     13.87   -999.0    2187   161    60.21    -19.73     56.89  -999  -999.0    2182     3   3   0   4    20.7056   -60.6130     7159   116.81    134.88     -999.00
0009     4.3   755.7     13.89   -999.0    2181   161    60.23    -19.74     56.91  -999  -999.0    2176     3   3   0   4    20.7058   -60.6131     7140   116.85    134.92     -999.00
0010     4.8   756.2     13.91   -999.0    2175   161    60.25    -19.75     56.93  -999  -999.0    2171     3   3   0   4    20.7061   -60.6132     7121   116.89    134.97     -999.00
0011     5.3   756.7     13.93   -999.0    2170   161    60.27    -19.76     56.94  -999  -999.0    2165     3   3   0   4    20.7063   -60.6133     7103   116.93    135.01     -999.00
0012     5.8   757.2     13.95   -999.0    2164   161    60.29    -19.77     56.96  -999  -999.0    2159     3   3   0   4    20.7066   -60.6133     7084   116.97    135.06     -999.00
0013     6.3   757.7     13.97   -999.0    2158   161    60.32    -19.77     56.98  -999  -999.0    2154     3   3   0   4    20.7068   -60.6134     7066   117.01    135.11     -999.00
0014     6.8   758.2     14.00   -999.0    2153   161    60.34    -19.78     57.00  -999  -999.0    2148     3   3   0   4    20.7071   -60.6135     7047   117.05    135.15     -999.00
0015     7.3   758.7     14.02   -999.0    2147   161    60.36    -19.79     57.02  -999  -999.0    2142     3   3   0   4    20.7074   -60.6136     7029   117.09    135.20     -999.00
0016     7.8   759.2     14.04   -999.0    2141   161    60.38    -19.80     57.04  -999  -999.0    2137     3   3   0   4    20.7076   -60.6137     7010   117.13    135.24     -999.00
0017     8.3   759.7     14.07   -999.0    2136   161    60.40    -19.81     57.06  -999  -999.0    2131     3   3   0   4    20.7079   -60.6138     6991   117.17    135.29     -999.00
0018     8.8   760.2     14.09   -999.0    2130   161    60.42    -19.82     57.07  -999  -999.0    2125     3   3   0   4    20.7081   -60.6139     6973   117.21    135.34     -999.00
0019     9.3   760.7     14.11   -999.0    2124   161    60.44    -19.83     57.09  -999  -999.0    2120     3   3   0   4    20.7084   -60.6140     6955   117.25    135.38     -999.00
0020     9.8   761.2     14.14   -999.0    2119   161    60.46    -19.84     57.11  -999  -999.0    2114     3   3   0   4    20.7086   -60.6141     6936   117.29    135.43     -999.00
0021    10.3   761.8     14.16   -999.0    2113   161    60.48    -19.85     57.13  -999  -999.0    2109     3   3   0   4    20.7089   -60.6142     6918   117.33    135.48     -999.00
0022    10.8   762.3     14.18   -999.0    2108   161    60.50    -19.86     57.15  -999  -999.0    2103     3   3   0   4    20.7092   -60.6143     6899   117.37    135.52     -999.00
0023    11.3   762.8     14.21   -999.0    2102   161    60.52    -19.87     57.17  -999  -999.0    2097     3   3   0   4    20.7094   -60.6144     6881   117.41    135.57     -999.00
0024    11.8   763.3     14.23   -999.0    2096   161    60.54    -19.88     57.19  -999  -999.0    2092     3   3   0   4    20.7097   -60.6145     6862   117.45    135.61     -999.00
0025    12.3   763.8     14.26   -999.0    2091   161    60.56    -19.88     57.21  -999  -999.0    2086     3   3   0   4    20.7099   -60.6146     6844   117.49    135.66     -999.00
0026    12.8   764.3     14.28   -999.0    2085   161    60.58    -19.89     57.22  -999  -999.0    2080     3   3   0   4    20.7102   -60.6147     6825   117.53    135.71     -999.00
0027    13.3   764.8     14.32     91.0    2079   161    60.60    -19.90     57.24  -999  -999.0    2074     3   3   0   4    20.7105   -60.6148     6806   117.57    135.75      348.35
0028    13.8   765.3     14.35     91.1    2073   161    60.63    -19.91     57.26  -999  -999.0    2069     3   3   0   4    20.7107   -60.6149     6787   117.61    135.80      348.40
0029    14.3   765.9     14.39     91.2    2068   161    60.65    -19.92     57.28  -999  -999.0    2063     3   3   0   4    20.7110   -60.6150     6768   117.65    135.85      348.50
0030    14.8   766.4     14.43     91.3    2062   161    60.67    -19.93     57.30  -999  -999.0    2057     0   0   0   4    20.7112   -60.6151     6749   117.69    135.89      348.60
0031    15.3   766.9     14.48     91.3    2056   161    60.69    -19.94     57.32  -999  -999.0    2051     0   0   0   4    20.7115   -60.6152     6730   117.73    135.94      348.69
0032    15.8   767.5     14.53     91.4    2050   161    60.71    -19.95     57.34  -999     2.2    2045     0   0   0   4    20.7117   -60.6153     6710   117.77    135.99      348.82
0033    16.3   768.0     14.59     91.5    2044   161    60.73    -19.96     57.36  -999     2.2    2040     0   0   0   4    20.7120   -60.6153     6691   117.81    136.03      348.99
0034    16.8   768.5     14.65     91.7    2038   161    60.75    -19.97     57.37  -999     2.2    2034     0   0   0   4    20.7123   -60.6154     6672   117.85    136.08      349.18
0035    17.3   769.0     14.71     91.8    2032   161    60.77    -19.98     57.39  -999     2.2    2028     0   0   0   4    20.7125   -60.6155     6653   117.89    136.12      349.38
0036    17.8   769.6     14.77     91.9    2027   161    60.79    -19.99     57.41  -999     2.2    2022     0   0   0   4    20.7128   -60.6156     6634   117.93    136.17      349.57
0037    18.3   770.1     14.83     92.0    2021   161    60.81    -20.00     57.43  -999     2.3    2016     0   0   0   4    20.7130   -60.6157     6615   117.97    136.22      349.75
0038    18.8   770.6     14.89     92.1    2015   161    60.83    -20.00     57.45  -999     2.3    2010     0   0   0   4    20.7133   -60.6158     6596   118.01    136.26      349.92
0039    19.3   771.1     14.95     92.2    2009   161    60.85    -20.01     57.47  -999     2.4    2005     0   0   0   4    20.7136   -60.6159     6577   118.05    136.31      350.08
0040    19.8   771.7     15.01     92.2    2004   161    60.87    -20.02     57.48  -999     2.4    1999     0   0   0   4    20.7138   -60.6160     6558   118.09    136.35      350.22
0041    20.3   772.2     15.06     92.3    1998   161    60.89    -20.03     57.50  -999     2.5    1993     0   0   0   4    20.7141   -60.6161     6540   118.13    136.40      350.33
0042    20.8   772.7     15.10     92.3    1992   161    60.91    -20.04     57.52  -999     2.6    1988     0   0   0   4    20.7143   -60.6162     6521   118.17    136.44      350.42
0043    21.3   773.2     15.14     92.3    1987   161    60.93    -20.05     57.54  -999     2.6    1982     0   0   0   4    20.7146   -60.6163     6503   118.21    136.49      350.48
0044    21.8   773.7     15.17     92.4    1981   161    60.95    -20.06     57.56  -999     2.7    1976     0   0   0   4    20.7149   -60.6164     6484   118.25    136.54      350.52
0045    22.3   774.2     15.20     92.4    1976   161    60.97    -20.07     57.58  -999     2.7    1971     0   0   0   4    20.7151   -60.6165     6466   118.29    136.58      350.54
0046    22.8   774.7     15.22     92.4    1970   161    60.99    -20.08     57.60  -999     2.8    1965     0   0   0   4    20.7154   -60.6166     6448   118.33    136.63      350.53
0047    23.3   775.2     15.24     92.4    1965   161    61.01    -20.09     57.61  -999     2.8    1960     0   0   0   4    20.7156   -60.6167     6430   118.37    136.67      350.51
0048    23.8   775.7     15.26     92.3    1959   161    61.04    -20.10     57.63  -999     2.8    1954     0   0   0   4    20.7159   -60.6168     6412   118.41    136.72      350.48
0049    24.3   776.2     15.27     92.3    1954   161    61.06    -20.10     57.65  -999     2.8    1949     0   0   0   4    20.7162   -60.6169     6394   118.45    136.76      350.44
0050    24.8   776.7     15.29     92.3    1948   161    61.08    -20.11     57.67  -999     2.8    1944     0   0   0   4    20.7164   -60.6170     6377   118.49    136.81      350.39
0051    25.3   777.2     15.30     92.3    1943   161    61.10    -20.12     57.69  -999     2.8    1938     0   0   0   4    20.7167   -60.6171     6359   118.53    136.86      350.35
0052    25.8   777.7     15.31     92.3    1937   161    61.12    -20.13     57.71  -999     2.8    1933     0   0   0   4    20.7169   -60.6172     6341   118.57    136.90      350.31
0053    26.3   778.2     15.33     92.3    1932   161    61.14    -20.14     57.73  -999     2.7    1927     0   0   0   4    20.7172   -60.6173     6323   118.61    136.95      350.27
0054    26.8   778.7     15.34     92.3    1926   161    61.16    -20.15     57.74  -999     2.7    1922     0   0   0   4    20.7175   -60.6174     6304   118.65    137.00      350.25
0055    27.3   779.2     15.36     92.4    1921   161    61.18    -20.16     57.76  -999     2.6    1916     0   0   0   4    20.7177   -60.6174     6286   118.69    137.04      350.23
0056    27.8   779.7     15.38     92.4    1915   161    61.20    -20.17     57.78  -999     2.6    1910     0   0   0   4    20.7180   -60.6175     6268   118.73    137.09      350.22
0057    28.3   780.2     15.40     92.4    1910   161    61.22    -20.18     57.80  -999     2.6    1905     0   0   0   4    20.7183   -60.6176     6250   118.77    137.14      350.21
0058    28.8   780.7     15.42     92.4    1904   161    61.24    -20.19     57.82  -999     2.5    1899     0   0   0   4    20.7185   -60.6177     6231   118.81    137.18      350.21
0059    29.3   781.3     15.44     92.4    1898   161    61.26    -20.20     57.84  -999     2.5    1894     0   0   0   4    20.7188   -60.6178     6213   118.85    137.23      350.21
0060    29.8   781.8     15.47     92.5    1893   161    61.28    -20.21     57.86  -999     2.4    1888     0   0   0   4    20.7190   -60.6179     6194   118.89    137.27      350.21
0061    30.3   782.3     15.49     92.5    1887   161    61.30    -20.22     57.87  -999     2.4    1882     0   0   0   4    20.7193   -60.6180     6176   118.93    137.32      350.21
0062    30.8   782.8     15.51     92.5    1881   161    61.32    -20.23     57.89  -999     2.4    1877     0   0   0   4    20.7196   -60.6181     6157   118.96    137.36      350.20
0063    31.3   783.3     15.54     92.4    1876   161    61.34    -20.24     57.91  -999     2.3    1871     0   0   0   4    20.7198   -60.6182     6138   119.00    137.40      350.18
0064    31.8   783.9     15.56     92.4    1870   161    61.36    -20.25     57.92  -999     2.3    1865     0   0   0   4    20.7201   -60.6183     6120   119.04    137.44      350.16
0065    32.3   784.4     15.58     92.4    1864   161    61.38    -20.26     57.94  -999     2.3    1860     0   0   0   4    20.7203   -60.6184     6101   119.07    137.49      350.13
0066    32.8   784.9     15.60     92.3    1859   161    61.40    -20.26     57.96  -999     2.3    1854     0   0   0   4    20.7206   -60.6185     6082   119.12    137.54      350.10
0067    33.3   785.5     15.63     92.2    1853   161    61.43    -20.27     57.98  -999     2.3    1848     0   0   0   4    20.7209   -60.6186     6063   119.17    137.59      350.05
0068    33.8   786.0     15.65     92.1    1847   161    61.45    -20.27     58.01  -999     2.2    1842     0   0   0   4    20.7211   -60.6187     6045   119.22    137.66      349.99
0069    34.3   786.5     15.68     91.9    1841   161    61.49    -20.28     58.05  -999     2.2    1837     0   0   0   4    20.7214   -60.6188     6026   119.29    137.74      349.93
0070    34.8   787.0     15.71     91.7    1836   161    61.53    -20.28     58.09  -999     2.2    1831     0   0   0   4    20.7216   -60.6189     6007   119.37    137.82      349.86
0071    35.3   787.6     15.74     91.5    1830   161    61.57    -20.28     58.14  -999     2.3    1825     0   0   0   4    20.7219   -60.6190     5988   119.45    137.92      349.80
0072    35.8   788.1     15.77     91.3    1824   161    61.62    -20.28     58.19  -999     2.3    1819     0   0   0   4    20.7222   -60.6191     5969   119.54    138.03      349.73
0073    36.3   788.6     15.81     91.1    1818   161    61.67    -20.28     58.24  -999     2.3    1814     0   0   0   4    20.7224   -60.6192     5950   119.63    138.13      349.67
0074    36.8   789.2     15.85     90.8    1813   161    61.71    -20.28     58.28  -999     2.3    1808     0   0   0   4    20.7227   -60.6193     5932   119.72    138.23      349.62
0075    37.3   789.7     15.89     90.6    1807   161    61.74    -20.29     58.31  -999     2.4    1802     0   0   0   4    20.7230   -60.6194     5913   119.78    138.31      349.58
0076    37.8   790.2     15.94     90.3    1801   161    61.77    -20.31     58.33  -999     2.4    1797     0   0   0   4    20.7232   -60.6195     5895   119.83    138.36      349.55
0077    38.3   790.7     15.98     90.1    1796   161    61.77    -20.34     58.33  -999     2.5    1791     0   0   0   4    20.7235   -60.6196     5876   119.84    138.37      349.54
0078    38.8   791.2     16.03     89.9    1790   161    61.75    -20.37     58.29  -999     2.5    1785     0   0   0   4    20.7238   -60.6197     5858   119.80    138.32      349.55
0079    39.3   791.8     16.08     89.8    1785   161    61.70    -20.41     58.23  -999     2.6    1780     0   0   0   4    20.7240   -60.6198     5840   119.71    138.22      349.58
0080    39.8   792.3     16.13     89.7    1779   161    61.63    -20.47     58.13  -999     2.6    1774     0   0   0   4    20.7243   -60.6199     5821   119.55    138.04      349.63
0081    40.3   792.8     16.17     89.7    1774   161    61.52    -20.52     57.99  -999     2.7    1769     0   0   0   4    20.7245   -60.6200     5803   119.34    137.80      349.69
0082    40.8   793.3     16.21     89.7    1768   160    61.37    -20.59     57.82  -999     2.7    1763     0   0   0   4    20.7248   -60.6201     5786   119.06    137.47      349.76
0083    41.3   793.8     16.25     89.7    1763   160    61.20    -20.65     57.61     4     2.8    1758     0   0   0   0    20.7251   -60.6202     5768   118.73    137.09      349.84
0084    41.8   794.3     16.29     89.8    1757   160    61.00    -20.72     57.37     4     2.8    1753     0   0   0   0    20.7253   -60.6203     5750   118.34    136.64      349.93
0085    42.3   794.8     16.31     90.0    1752   160    60.78    -20.79     57.11     4     2.8    1747     0   0   0   0    20.7256   -60.6204     5732   117.91    136.15      350.02
0086    42.8   795.3     16.34     90.1    1746   160    60.55    -20.86     56.84     4     2.8    1742     0   0   0   0    20.7258   -60.6205     5714   117.46    135.63      350.10
0087    43.3   795.8     16.36     90.4    1741   160    60.31    -20.93     56.56     4     2.8    1736     0   0   0   0    20.7261   -60.6206     5697   117.00    135.10      350.19
0088    43.8   796.3     16.38     90.6    1736   160    60.08    -21.00     56.29     4     2.8    1731     0   0   0   0    20.7263   -60.6207     5679   116.55    134.57      350.26
0089    44.3   796.8     16.39     90.8    1730   159    59.86    -21.07     56.02     4     2.8    1725     0   0   0   0    20.7266   -60.6208     5661   116.12    134.08      350.33
0090    44.8   797.3     16.40     91.0    1725   159    59.65    -21.15     55.78     4     2.8    1720     0   0   0   0    20.7269   -60.6209     5643   115.73    133.63      350.38
0091    45.3   797.8     16.41     91.2    1719   159    59.48    -21.23     55.56     4     2.8    1715     0   0   0   0    20.7271   -60.6210     5625   115.39    133.23      350.43
0092    45.8   798.3     16.42     91.4    1714   159    59.33    -21.31     55.37     4     2.7    1709     0   0   0   0    20.7274   -60.6211     5607   115.11    132.91      350.47
0093    46.3   798.9     16.43     91.6    1708   159    59.22    -21.41     55.21     4     2.7    1704     0   0   0   0    20.7276   -60.6212     5590   114.88    132.65      350.50
0094    46.8   799.4     16.44     91.8    1703   159    59.14    -21.52     55.08     4     2.7    1698     0   0   0   0    20.7279   -60.6213     5572   114.72    132.46      350.52
0095    47.3   799.9     16.45     91.9    1697   159    59.08    -21.64     54.97     4     2.7    1693     0   0   0   0    20.7281   -60.6214     5554   114.61    132.34      350.53
0096    47.8   800.4     16.46     92.1    1692   158    59.05    -21.78     54.89     4     2.7    1687     0   0   0   0    20.7283   -60.6215     5536   114.55    132.27      350.55
0097    48.3   800.9     16.48     92.2    1687   158    59.04    -21.92     54.81     4     2.8    1682     0   0   0   0    20.7286   -60.6216     5518   114.53    132.24      350.55
0098    48.8   801.4     16.49     92.3    1681   158    59.04    -22.08     54.75     4     2.8    1677     0   0   0   0    20.7288   -60.6217     5500   114.53    132.24      350.56
0099    49.3   801.9     16.50     92.4    1676   158    59.04    -22.25     54.69     4     2.8    1671     0   0   0   0    20.7291   -60.6218     5483   114.54    132.25      350.57
0100    49.8   802.4     16.52     92.5    1670   158    59.05    -22.43     54.62     4     2.8    1666     0   0   0   0    20.7293   -60.6219     5465   114.55    132.27      350.57
0101    50.3   802.9     16.53     92.6    1665   157    59.05    -22.60     54.55     4     2.8    1660     0   0   0   0    20.7296   -60.6220     5447   114.56    132.27      350.57
0102    50.8   803.4     16.55     92.6    1660   157    59.04    -22.78     54.47     4     2.9    1655     0   0   0   3    20.7298   -60.6221     5430   114.55    132.26      350.58
0103    51.3   803.9     16.57     92.7    1654   157    59.03    -22.95     54.38     4     2.9    1650     0   0   0   0    20.7301   -60.6223     5412   114.51    132.22      350.58
0104    51.8   804.4     16.58     92.7    1649   157    59.00    -23.11     54.29     5     3.0    1644     0   0   0   0    20.7303   -60.6224     5395   114.46    132.16      350.59
0105    52.3   804.9     16.60     92.8    1644   157    58.96    -23.26     54.18     5     3.0    1639     0   0   0   0    20.7306   -60.6225     5377   114.39    132.07      350.60
0106    52.8   805.4     16.62     92.8    1638   157    58.91    -23.39     54.07     5     3.1    1634     0   0   0   0    20.7308   -60.6226     5360   114.29    131.96      350.61
0107    53.3   805.9     16.65     92.9    1633   156    58.85    -23.51     53.96     5     3.2    1628     0   0   0   0    20.7311   -60.6227     5343   114.18    131.83      350.62
0108    53.8   806.4     16.67     92.9    1628   156    58.79    -23.61     53.84     5     3.2    1623     0   0   0   3    20.7313   -60.6228     5326   114.05    131.69      350.64
0109    54.3   806.9     16.69     92.9    1623   156    58.72    -23.69     53.73     5     3.3    1618     0   0   0   0    20.7315   -60.6229     5309   113.91    131.53      350.67
0110    54.8   807.4     16.72     93.0    1618   156    58.64    -23.76     53.61     5     3.3    1613     0   0   0   0    20.7318   -60.6230     5292   113.77    131.36      350.71
0111    55.3   807.9     16.75     93.0    1613   156    58.57    -23.81     53.51     5     3.4    1608     0   0   0   0    20.7320   -60.6232     5275   113.62    131.19      350.75
0112    55.8   808.3     16.78     93.0    1608   156    58.49    -23.85     53.40     5     3.4    1603     0   0   0   0    20.7323   -60.6233     5259   113.46    131.01      350.80
0113    56.3   808.8     16.82     93.0    1603   156    58.40    -23.88     53.30     5     3.5    1598     0   0   0   0    20.7325   -60.6234     5242   113.30    130.82      350.86
0114    56.8   809.3     16.85     93.1    1598   156    58.32    -23.90     53.20     5     3.5    1593     0   0   0   0    20.7327   -60.6235     5226   113.14    130.64      350.93
0115    57.3   809.7     16.89     93.1    1593   156    58.23    -23.92     53.09     5     3.5    1588     0   0   0   0    20.7330   -60.6236     5210   112.97    130.44      351.00
0116    57.8   810.2     16.93     93.1    1588   156    58.15    -23.94     52.99     5     3.5    1583     0   0   0   0    20.7332   -60.6237     5193   112.81    130.25      351.08
0117    58.3   810.7     16.97     93.1    1583   156    58.06    -23.96     52.89     5     3.4    1578     0   0   0   0    20.7335   -60.6238     5177   112.64    130.06      351.17
0118    58.8   811.2     17.01     93.2    1577   156    57.98    -23.98     52.79     5     3.4    1573     0   0   0   0    20.7337   -60.6240     5160   112.48    129.87      351.25
0119    59.3   811.7     17.05     93.2    1572   156    57.90    -24.00     52.69     5     3.3    1568     0   0   0   0    20.7339   -60.6241     5144   112.32    129.69      351.34
0120    59.8   812.1     17.09     93.2    1567   155    57.82    -24.03     52.59     5     3.3    1563     0   0   0   3    20.7342   -60.6242     5127   112.17    129.52      351.42
0121    60.3   812.6     17.12     93.2    1562   155    57.75    -24.06     52.50     5     3.2    1558     0   0   0   0    20.7344   -60.6243     5110   112.03    129.36      351.49
0122    60.8   813.1     17.16     93.2    1557   155    57.68    -24.09     52.41     5     3.1    1552     0   0   0   0    20.7346   -60.6244     5093   111.91    129.21      351.56
0123    61.3   813.6     17.20     93.2    1552   155    57.63    -24.11     52.34     5     3.1    1547     0   0   0   0    20.7349   -60.6245     5076   111.79    129.08      351.62
0124    61.8   814.1     17.23     93.2    1547   155    57.58    -24.13     52.27     5     3.0    1542     0   0   0   3    20.7351   -60.6246     5059   111.70    128.97      351.67
0125    62.3   814.6     17.26     93.3    1541   155    57.53    -24.14     52.22     5     2.9    1537     0   0   0   0    20.7354   -60.6248     5041   111.62    128.88      351.72
0126    62.8   815.1     17.30     93.3    1536   155    57.50    -24.14     52.19     5     2.9    1531     0   0   0   0    20.7356   -60.6249     5024   111.55    128.80      351.75
0127    63.3   815.6     17.32     93.3    1531   155    57.47    -24.12     52.16     5     2.9    1526     0   0   0   0    20.7358   -60.6250     5006   111.49    128.73      351.78
0128    63.8   816.1     17.35     93.3    1525   155    57.44    -24.09     52.15     6     2.9    1521     0   0   0   0    20.7361   -60.6251     4989   111.44    128.67      351.81
0129    64.3   816.6     17.38     93.3    1520   155    57.41    -24.05     52.14     6     2.9    1515     0   0   0   0    20.7363   -60.6252     4971   111.38    128.61      351.83
0130    64.8   817.1     17.41     93.3    1515   155    57.39    -23.99     52.13     6     2.9    1510     0   0   0   0    20.7365   -60.6253     4954   111.33    128.55      351.85
0131    65.3   817.6     17.43     93.3    1509   155    57.36    -23.93     52.13     6     3.0    1505     0   0   0   0    20.7368   -60.6255     4937   111.28    128.49      351.86
0132    65.8   818.1     17.46     93.3    1504   155    57.33    -23.86     52.13     5     3.0    1499     0   0   0   0    20.7370   -60.6256     4919   111.22    128.42      351.88
0133    66.3   818.6     17.48     93.3    1499   155    57.30    -23.79     52.12     6     3.0    1494     0   0   0   0    20.7372   -60.6257     4902   111.16    128.35      351.89
0134    66.8   819.1     17.51     93.3    1494   156    57.26    -23.73     52.12     6     3.1    1489     0   0   0   0    20.7375   -60.6258     4885   111.09    128.27      351.91
0135    67.3   819.6     17.54     93.3    1488   156    57.23    -23.68     52.11     5     3.1    1484     0   0   0   0    20.7377   -60.6259     4868   111.03    128.20      351.93
0136    67.8   820.1     17.56     93.3    1483   156    57.20    -23.63     52.09     6     3.1    1479     3   3   3   0    20.7379   -60.6260     4851   110.98    128.14      351.95
0137    68.3   820.6     17.59     93.3    1478   156    57.18    -23.60     52.08     6     3.2    1474     0   0   0   0    20.7382   -60.6261     4834   110.93    128.08      351.97
0138    68.8   821.1     17.61     93.3    1473   156    57.16    -23.57     52.07     6     3.2    1468     0   0   0   0    20.7384   -60.6263     4818   110.89    128.04      351.99
0139    69.3   821.6     17.64     93.3    1468   156    57.15    -23.55     52.07     6     3.1    1463     0   0   0   0    20.7386   -60.6264     4801   110.86    128.01      352.01
0140    69.8   822.1     17.67     93.3    1463   156    57.14    -23.54     52.07     6     3.1    1458     0   0   0   0    20.7389   -60.6265     4784   110.85    127.99      352.03
0141    70.3   822.6     17.69     93.3    1458   156    57.14    -23.52     52.07     6     3.1    1453     0   0   0   0    20.7391   -60.6266     4767   110.85    128.00      352.04
0142    70.8   823.1     17.71     93.3    1452   156    57.15    -23.51     52.09     5     3.0    1448     0   0   0   0    20.7393   -60.6267     4750   110.87    128.01      352.06
0143    71.3   823.6     17.74     93.3    1447   156    57.16    -23.49     52.11     6     3.0    1443     0   0   0   0    20.7396   -60.6268     4733   110.89    128.04      352.07
0144    71.8   824.1     17.76     93.3    1442   156    57.18    -23.46     52.14     6     2.9    1437     0   0   0   0    20.7398   -60.6269     4716   110.92    128.07      352.08
0145    72.3   824.6     17.78     93.4    1437   156    57.19    -23.42     52.17     6     2.8    1432     0   0   0   0    20.7401   -60.6270     4698   110.95    128.10      352.09
0146    72.8   825.1     17.81     93.4    1431   156    57.20    -23.37     52.20     6     2.7    1427     0   0   0   0    20.7403   -60.6272     4681   110.97    128.12      352.09
0147    73.3   825.6     17.83     93.4    1426   156    57.20    -23.32     52.23     6     2.7    1421     0   0   0   0    20.7405   -60.6273     4663   110.97    128.13      352.09
0148    73.8   826.1     17.85     93.4    1421   156    57.20    -23.27     52.25     6     2.6    1416     0   0   0   0    20.7408   -60.6274     4646   110.97    128.13      352.09
0149    74.3   826.7     17.87     93.4    1415   156    57.19    -23.22     52.26     6     2.5    1411     0   0   0   0    20.7410   -60.6275     4628   110.95    128.10      352.09
0150    74.8   827.2     17.89     93.4    1410   156    57.17    -23.17     52.26     6     2.5    1405     0   0   0   0    20.7412   -60.6276     4610   110.91    128.06      352.09
0151    75.3   827.7     17.92     93.4    1404   156    57.14    -23.12     52.25     6     2.4    1400     0   0   0   0    20.7415   -60.6277     4592   110.86    128.00      352.10
0152    75.8   828.2     17.94     93.4    1399   156    57.11    -23.09     52.23     6     2.4    1394     0   0   0   0    20.7417   -60.6278     4574   110.79    127.92      352.10
0153    76.3   828.8     17.96     93.4    1393   156    57.07    -23.06     52.20     5     2.4    1389     0   0   0   0    20.7419   -60.6279     4555   110.71    127.83      352.11
0154    76.8   829.3     17.99     93.5    1388   156    57.02    -23.04     52.16     6     2.4    1383     0   0   0   3    20.7422   -60.6280     4537   110.62    127.73      352.11
0155    77.3   829.8     18.01     93.5    1382   156    56.98    -23.03     52.11     6     2.4    1377     0   0   0   0    20.7424   -60.6282     4519   110.53    127.63      352.13
0156    77.8   830.4     18.04     93.5    1377   156    56.93    -23.01     52.07     6     2.5    1372     0   0   0   0    20.7427   -60.6283     4501   110.44    127.52      352.14
0157    78.3   830.9     18.06     93.5    1371   156    56.88    -23.00     52.02     5     2.5    1366     0   0   0   0    20.7429   -60.6284     4483   110.34    127.40      352.16
0158    78.8   831.4     18.09     93.5    1366   156    56.82    -22.98     51.97     5     2.6    1361     0   0   0   0    20.7431   -60.6285     4465   110.24    127.29      352.18
0159    79.3   831.9     18.12     93.5    1360   156    56.77    -22.95     51.92     6     2.6    1356     0   0   0   0    20.7434   -60.6286     4448   110.14    127.17      352.21
0160    79.8   832.5     18.14     93.5    1355   156    56.72    -22.92     51.88     6     2.7    1350     0   0   0   0    20.7436   -60.6287     4430   110.03    127.05      352.23
0161    80.3   833.0     18.17     93.5    1350   156    56.66    -22.87     51.84     6     2.8    1345     0   0   0   0    20.7438   -60.6288     4413   109.92    126.92      352.26
0162    80.8   833.5     18.20     93.5    1344   156    56.60    -22.82     51.79     6     2.9    1340     0   0   0   0    20.7441   -60.6289     4395   109.80    126.78      352.28
0163    81.3   834.0     18.22     93.6    1339   156    56.53    -22.77     51.75     5     3.0    1334     0   0   0   0    20.7443   -60.6290     4378   109.68    126.64      352.31
0164    81.8   834.5     18.25     93.6    1334   156    56.46    -22.72     51.69     5     3.1    1329     0   0   0   0    20.7445   -60.6292     4361   109.54    126.48      352.33
0165    82.3   835.0     18.28     93.6    1329   156    56.38    -22.67     51.63     5     3.2    1324     0   0   0   0    20.7448   -60.6293     4345   109.39    126.30      352.35
0166    82.8   835.5     18.30     93.6    1324   156    56.30    -22.64     51.55     5     3.3    1319     0   0   0   0    20.7450   -60.6294     4328   109.22    126.11      352.37
0167    83.3   836.0     18.33     93.6    1319   156    56.21    -22.62     51.46     5     3.3    1314     0   0   0   0    20.7452   -60.6295     4311   109.05    125.92      352.39
0168    83.8   836.5     18.35     93.6    1314   156    56.12    -22.62     51.36     5     3.4    1309     0   0   0   0    20.7455   -60.6296     4295   108.88    125.71      352.40
0169    84.3   836.9     18.38     93.6    1309   156    56.03    -22.64     51.25     5     3.5    1304     0   0   0   0    20.7457   -60.6297     4279   108.70    125.51      352.42
0170    84.8   837.4     18.40     93.6    1304   156    55.95    -22.69     51.14     5     3.5    1299     0   0   0   0    20.7459   -60.6298     4263   108.54    125.33      352.43
0171    85.3   837.9     18.42     93.6    1299   156    55.88    -22.75     51.04     5     3.5    1294     0   0   0   0    20.7462   -60.6299     4247   108.40    125.17      352.43
0172    85.8   838.4     18.44     93.6    1294   156    55.82    -22.83     50.94     5     3.5    1290     0   0   0   0    20.7464   -60.6300     4231   108.30    125.04      352.44
0173    86.3   838.8     18.46     93.6    1289   156    55.79    -22.92     50.86     5     3.6    1285     0   0   0   0    20.7466   -60.6301     4215   108.23    124.97      352.44
0174    86.8   839.3     18.48     93.6    1284   156    55.78    -23.02     50.81     5     3.5    1280     0   0   0   0    20.7468   -60.6302     4199   108.22    124.95      352.45
0175    87.3   839.8     18.50     93.6    1280   156    55.81    -23.11     50.79     5     3.5    1275     0   0   0   0    20.7471   -60.6304     4183   108.26    125.00      352.45
0176    87.8   840.3     18.52     93.6    1275   155    55.86    -23.20     50.81     5     3.5    1270     0   0   0   0    20.7473   -60.6305     4167   108.36    125.12      352.45
0177    88.3   840.7     18.54     93.6    1270   155    55.94    -23.26     50.87     5     3.5    1265     0   0   0   0    20.7475   -60.6306     4151   108.52    125.30      352.45
0178    88.8   841.2     18.56     93.6    1265   155    56.04    -23.30     50.97     5     3.4    1260     0   0   0   0    20.7478   -60.6307     4134   108.73    125.54      352.44
0179    89.3   841.7     18.58     93.6    1260   155    56.17    -23.31     51.11     5     3.4    1255     0   0   0   0    20.7480   -60.6308     4118   108.97    125.82      352.44
0180    89.8   842.2     18.60     93.6    1255   156    56.31    -23.26     51.28     6     3.4    1250     0   0   0   0    20.7482   -60.6309     4102   109.23    126.13      352.43
0181    90.3   842.7     18.61     93.7    1250   156    56.45    -23.17     51.47     5     3.3    1245     0   0   0   0    20.7485   -60.6310     4086   109.51    126.44      352.43
0182    90.8   843.2     18.63     93.7    1245   156    56.58    -23.02     51.68     5     3.3    1240     0   0   0   0    20.7487   -60.6311     4069   109.76    126.74      352.42
0183    91.3   843.7     18.65     93.7    1240   156    56.69    -22.81     51.91     5     3.3    1235     0   0   0   0    20.7489   -60.6312     4053   109.99    127.00      352.41
0184    91.8   844.2     18.67     93.7    1235   157    56.79    -22.53     52.13     5     3.3    1230     0   0   0   0    20.7492   -60.6313     4036   110.16    127.20      352.39
0185    92.3   844.6     18.68     93.7    1230   157    56.85    -22.19     52.34     5     3.3    1225     0   0   0   0    20.7494   -60.6315     4020   110.28    127.34      352.38
0186    92.8   845.1     18.70     93.7    1225   157    56.87    -21.80     52.53     5     3.4    1220     3   3   3   3    20.7496   -60.6316     4003   110.33    127.40      352.36
0187    93.3   845.6     18.72     93.7    1220   158    56.86    -21.36     52.70     5     3.4    1215     0   0   0   0    20.7499   -60.6317     3987   110.32    127.38      352.35
0188    93.8   846.1     18.73     93.7    1215   158    56.82    -20.88     52.85     6     3.5    1210     0   0   0   0    20.7501   -60.6318     3971   110.23    127.28      352.33
0189    94.3   846.6     18.75     93.7    1210   159    56.75    -20.38     52.97     5     3.5    1205     0   0   0   0    20.7503   -60.6319     3955   110.10    127.12      352.31
0190    94.8   847.1     18.76     93.7    1205   159    56.66    -19.87     53.06     5     3.6    1201     0   0   0   0    20.7506   -60.6320     3939   109.91    126.91      352.29
0191    95.3   847.5     18.78     93.7    1200   160    56.55    -19.38     53.12     5     3.7    1196     0   0   0   0    20.7508   -60.6320     3923   109.71    126.67      352.28
0192    95.8   848.0     18.79     93.7    1196   160    56.44    -18.92     53.17     5     3.7    1191     0   0   0   3    20.7511   -60.6321     3907   109.49    126.42      352.26
0193    96.3   848.5     18.81     93.8    1191   161    56.33    -18.50     53.20     5     3.8    1186     0   0   0   0    20.7513   -60.6322     3892   109.28    126.18      352.24
0194    96.8   848.9     18.82     93.8    1186   161    56.23    -18.15     53.22     5     3.8    1182     0   0   0   0    20.7515   -60.6323     3876   109.09    125.96      352.23
0195    97.3   849.4     18.84     93.8    1181   161    56.16    -17.88     53.24     5     3.8    1177     0   0   0   0    20.7518   -60.6324     3861   108.95    125.80      352.21
0196    97.8   849.9     18.85     93.8    1177   162    56.11    -17.69     53.25     5     3.8    1172     0   0   0   0    20.7520   -60.6325     3846   108.86    125.70      352.20
0197    98.3   850.3     18.87     93.8    1172   162    56.10    -17.60     53.27     5     3.7    1167     0   0   0   3    20.7523   -60.6326     3830   108.84    125.67      352.19
0198    98.8   850.8     18.89     93.8    1167   162    56.12    -17.59     53.30     5     3.7    1163     0   0   0   0    20.7525   -60.6326     3815   108.88    125.72      352.18
0199    99.3   851.3     18.90     93.8    1163   162    56.18    -17.66     53.33     5     3.6    1158     0   0   0   0    20.7527   -60.6327     3799   108.99    125.84      352.17
0200    99.8   851.7     18.92     93.8    1158   162    56.27    -17.81     53.38     5     3.5    1153     0   0   0   0    20.7530   -60.6328     3783   109.16    126.04      352.16
0201   100.3   852.2     18.94     93.8    1153   161    56.39    -18.01     53.43     5     3.3    1148     0   0   0   0    20.7532   -60.6329     3767   109.39    126.30      352.15
0202   100.8   852.7     18.96     93.8    1148   161    56.53    -18.26     53.50     5     3.2    1143     0   0   0   0    20.7535   -60.6330     3751   109.66    126.62      352.14
0203   101.3   853.2     18.97     93.8    1143   161    56.68    -18.52     53.57     5     3.0    1138     0   0   0   0    20.7537   -60.6331     3734   109.96    126.96      352.14
0204   101.8   853.7     18.99     93.8    1138   161    56.84    -18.79     53.64     5     2.9    1133     0   0   0   0    20.7540   -60.6332     3717   110.27    127.32      352.13
0205   102.3   854.2     19.01     93.8    1132   160    57.00    -19.04     53.72     5     2.8    1128     0   0   0   0    20.7542   -60.6333     3700   110.57    127.67      352.13
0206   102.8   854.8     19.03     93.8    1127   160    57.14    -19.27     53.80     5     2.7    1122     0   0   0   0    20.7544   -60.6334     3683   110.86    128.00      352.12
0207   103.3   855.3     19.05     93.8    1122   160    57.28    -19.45     53.88     5     2.6    1117     0   0   0   0    20.7547   -60.6334     3665   111.12    128.31      352.12
0208   103.8   855.8     19.07     93.9    1116   160    57.40    -19.59     53.95     5     2.5    1112     0   0   0   3    20.7549   -60.6335     3648   111.36    128.58      352.12
0209   104.3   856.4     19.10     93.9    1111   160    57.50    -19.69     54.03     5     2.5    1106     0   0   0   0    20.7552   -60.6336     3630   111.55    128.80      352.12
0210   104.8   856.9     19.12     93.9    1106   160    57.59    -19.74     54.10     5     2.5    1101     0   0   0   0    20.7554   -60.6337     3612   111.72    129.00      352.12
0211   105.3   857.4     19.14     93.9    1100   160    57.66    -19.75     54.17     5     2.5    1096     3   3   3   0    20.7557   -60.6338     3595   111.86    129.15      352.13
0212   105.8   858.0     19.16     93.9    1095   160    57.72    -19.74     54.24     5     2.6    1090     0   0   0   0    20.7559   -60.6339     3577   111.97    129.28      352.13
0213   106.3   858.5     19.18     93.9    1090   160    57.77    -19.70     54.30     5     2.6    1085     0   0   0   0    20.7561   -60.6340     3559   112.07    129.39      352.13
0214   106.8   859.0     19.20     93.9    1084   160    57.81    -19.66     54.36     5     2.7    1080     0   0   0   0    20.7564   -60.6341     3542   112.15    129.50      352.14
0215   107.3   859.5     19.23     93.9    1079   160    57.85    -19.61     54.43     5     2.7    1074     0   0   0   0    20.7566   -60.6342     3525   112.24    129.59      352.15
0216   107.8   860.1     19.25     94.0    1074   160    57.90    -19.57     54.49     5     2.8    1069     0   0   0   0    20.7569   -60.6343     3508   112.32    129.69      352.15
0217   108.3   860.6     19.27     94.0    1069   160    57.94    -19.53     54.55     5     2.8    1064     0   0   0   0    20.7571   -60.6344     3491   112.41    129.79      352.16
0218   108.8   861.1     19.29     94.0    1064   160    57.99    -19.51     54.61     5     2.8    1059     0   0   0   0    20.7574   -60.6345     3474   112.51    129.91      352.17
0219   109.3   861.6     19.32     94.0    1058   160    58.05    -19.50     54.68     5     2.9    1054     0   0   0   0    20.7576   -60.6346     3457   112.62    130.03      352.18
0220   109.8   862.1     19.34     94.0    1053   160    58.11    -19.51     54.74     4     2.9    1049     0   0   0   0    20.7579   -60.6347     3440   112.73    130.17      352.18
0221   110.3   862.6     19.36     94.0    1048   160    58.17    -19.53     54.80     5     2.9    1043     0   0   0   0    20.7581   -60.6348     3423   112.85    130.31      352.19
0222   110.8   863.1     19.38     94.0    1043   160    58.24    -19.56     54.86     5     2.9    1038     0   0   0   0    20.7584   -60.6349     3407   112.98    130.45      352.19
0223   111.3   863.6     19.41     94.0    1038   160    58.30    -19.60     54.91     5     2.8    1033     0   0   0   0    20.7586   -60.6350     3390   113.11    130.60      352.20
0224   111.8   864.2     19.43     94.0    1033   160    58.37    -19.66     54.96     5     2.8    1028     0   0   0   0    20.7589   -60.6351     3373   113.24    130.75      352.21
0225   112.3   864.7     19.45     94.0    1027   160    58.43    -19.74     55.00     5     2.8    1023     0   0   0   0    20.7591   -60.6352     3356   113.36    130.89      352.21
0226   112.8   865.2     19.47     94.0    1022   160    58.49    -19.82     55.03     5     2.8    1018     0   0   0   0    20.7594   -60.6353     3339   113.48    131.03      352.22
0227   113.3   865.7     19.49     94.0    1017   160    58.55    -19.92     55.06     5     2.8    1012     0   0   0   0    20.7596   -60.6354     3322   113.59    131.15      352.22
0228   113.8   866.2     19.52     94.0    1012   160    58.60    -20.03     55.08     5     2.8    1007     0   0   0   0    20.7599   -60.6354     3304   113.69    131.27      352.22
0229   114.3   866.8     19.54     94.0    1007   160    58.65    -20.15     55.08     5     2.8    1002     0   0   0   0    20.7601   -60.6355     3287   113.79    131.38      352.23
0230   114.8   867.3     19.56     94.0    1001   160    58.70    -20.29     55.08     5     2.8     997     0   0   0   0    20.7604   -60.6356     3270   113.87    131.48      352.23
0231   115.3   867.8     19.58     94.0     996   160    58.74    -20.43     55.07     5     2.8     992     0   0   0   0    20.7606   -60.6357     3253   113.95    131.57      352.24
0232   115.8   868.3     19.60     94.0     991   159    58.77    -20.59     55.04     5     2.9     986     0   0   0   0    20.7608   -60.6358     3236   114.01    131.64      352.24
0233   116.3   868.8     19.62     94.1     986   159    58.79    -20.74     55.01     5     2.9     981     0   0   0   0    20.7611   -60.6359     3219   114.05    131.69      352.24
0234   116.8   869.4     19.64     94.1     981   159    58.80    -20.89     54.97     5     3.0     976     0   0   0   0    20.7613   -60.6360     3203   114.08    131.72      352.25
0235   117.3   869.9     19.66     94.1     976   159    58.80    -21.03     54.91     5     3.1     971     0   0   0   0    20.7616   -60.6361     3186   114.08    131.72      352.25
0236   117.8   870.4     19.68     94.1     971   159    58.78    -21.15     54.85     5     3.2     966     0   0   0   0    20.7618   -60.6362     3170   114.04    131.68      352.25
0237   118.3   870.9     19.70     94.1     966   159    58.75    -21.26     54.76     5     3.3     961     0   0   0   0    20.7621   -60.6363     3154   113.97    131.60      352.25
0238   118.8   871.4     19.72     94.1     961   159    58.69    -21.35     54.67     5     3.3     956     0   0   0   3    20.7623   -60.6364     3137   113.86    131.47      352.25
0239   119.3   871.8     19.74     94.1     956   159    58.61    -21.42     54.56     5     3.4     951     0   0   0   3    20.7626   -60.6366     3122   113.71    131.29      352.24
0240   119.8   872.3     19.76     94.1     951   158    58.51    -21.47     54.43     5     3.5     947     0   0   0   0    20.7628   -60.6367     3106   113.51    131.06      352.24
0241   120.3   872.8     19.78     94.1     947   158    58.39    -21.49     54.29     5     3.5     942     0   0   0   0    20.7631   -60.6368     3090   113.27    130.79      352.24
0242   120.8   873.3     19.79     94.1     942   158    58.25    -21.50     54.14     5     3.5     937     0   0   0   0    20.7633   -60.6369     3074   113.01    130.49      352.23
0243   121.3   873.8     19.81     94.1     937   158    58.11    -21.50     53.98     5     3.5     932     0   0   0   0    20.7636   -60.6370     3059   112.73    130.16      352.23
0244   121.8   874.3     19.83     94.1     932   158    57.96    -21.48     53.83     5     3.5     928     0   0   0   0    20.7638   -60.6371     3043   112.44    129.83      352.23
0245   122.3   874.7     19.85     94.1     927   158    57.82    -21.46     53.69     5     3.5     923     0   0   0   0    20.7640   -60.6372     3027   112.17    129.52      352.23
0246   122.8   875.2     19.87     94.1     923   158    57.70    -21.45     53.56     5     3.4     918     0   0   0   0    20.7643   -60.6373     3012   111.93    129.24      352.23
0247   123.3   875.7     19.89     94.1     918   158    57.60    -21.44     53.47     5     3.4     913     0   0   0   0    20.7645   -60.6374     2996   111.75    129.03      352.23
0248   123.8   876.2     19.91     94.1     913   158    57.54    -21.44     53.40     5     3.3     908     0   0   0   0    20.7648   -60.6375     2980   111.63    128.90      352.24
0249   124.3   876.7     19.93     94.1     908   158    57.53    -21.45     53.38     5     3.3     903     0   0   0   0    20.7650   -60.6376     2964   111.60    128.86      352.25
0250   124.8   877.2     19.96     94.2     903   158    57.56    -21.47     53.40     5     3.2     898     0   0   0   0    20.7653   -60.6377     2948   111.66    128.93      352.27
0251   125.3   877.7     19.98     94.2     898   158    57.63    -21.50     53.47     5     3.1     893     0   0   0   0    20.7655   -60.6378     2931   111.81    129.10      352.28
0252   125.8   878.2     20.00     94.2     893   158    57.75    -21.54     53.58     5     3.1     888     0   0   0   0    20.7657   -60.6379     2915   112.04    129.36      352.30
0253   126.3   878.7     20.03     94.2     888   158    57.91    -21.58     53.73     5     3.0     883     0   0   0   0    20.7660   -60.6380     2898   112.34    129.71      352.32
0254   126.8   879.2     20.05     94.2     883   158    58.09    -21.62     53.91     5     2.9     878     0   0   0   0    20.7662   -60.6381     2882   112.69    130.12      352.33
0255   127.3   879.7     20.07     94.2     878   158    58.29    -21.66     54.11     5     2.8     873     0   0   0   0    20.7665   -60.6382     2865   113.08    130.56      352.35
0256   127.8   880.3     20.10     94.2     873   158    58.49    -21.68     54.32     5     2.8     868     0   0   0   0    20.7667   -60.6383     2848   113.47    131.01      352.36
0257   128.3   880.8     20.12     94.2     868   158    58.68    -21.70     54.52     5     2.7     863     0   0   0   0    20.7670   -60.6384     2831   113.84    131.45      352.38
0258   128.8   881.3     20.14     94.2     862   158    58.85    -21.71     54.71     5     2.7     858     0   0   0   0    20.7672   -60.6385     2814   114.18    131.83      352.39
0259   129.3   881.8     20.16     94.3     857   158    59.00    -21.71     54.86     5     2.7     853     0   0   0   0    20.7675   -60.6386     2797   114.46    132.16      352.40
0260   129.8   882.4     20.19     94.3     852   158    59.11    -21.70     54.98     5     2.8     847     0   0   0   0    20.7677   -60.6387     2780   114.67    132.40      352.41
0261   130.3   882.9     20.21     94.3     847   158    59.18    -21.70     55.06     5     2.9     842     0   0   0   0    20.7680   -60.6388     2763   114.81    132.56      352.43
0262   130.8   883.4     20.24     94.3     842   159    59.21    -21.69     55.10     5     3.1     837     0   0   0   0    20.7682   -60.6389     2746   114.87    132.63      352.46
0263   131.3   883.9     20.26     94.3     837   159    59.21    -21.69     55.09     5     3.3     832     0   0   0   0    20.7684   -60.6390     2730   114.86    132.62      352.49
0264   131.8   884.4     20.29     94.3     832   158    59.17    -21.70     55.05     5     3.6     827     0   0   0   0    20.7687   -60.6391     2714   114.79    132.54      352.53
0265   132.3   884.9     20.32     94.3     827   158    59.10    -21.73     54.97     5     3.9     822     0   0   0   0    20.7689   -60.6392     2698   114.66    132.39      352.58
0266   132.8   885.4     20.35     94.4     823   158    59.02    -21.77     54.85     5     4.3     818     0   0   0   0    20.7692   -60.6393     2683   114.49    132.19      352.64
0267   133.3   885.8     20.38     94.4     818   158    58.91    -21.83     54.71     5     4.7     814     0   0   0   3    20.7694   -60.6394     2669   114.28    131.96      352.71
0268   133.8   886.2     20.41     94.4     814   158    58.79    -21.93     54.55     5     5.1     810     0   0   0   0    20.7697   -60.6395     2656   114.05    131.68      352.78
0269   134.3   886.6     20.44     94.4     810   158    58.65    -22.05     54.35     5     5.5     806     0   0   0   0    20.7699   -60.6396     2644   113.79    131.38      352.86
0270   134.8   887.0     20.48     94.4     807   158    58.50    -22.20     54.13     5     5.9     802     0   0   0   0    20.7702   -60.6398     2632   113.50    131.05      352.93
0271   135.3   887.3     20.51     94.4     803   157    58.34    -22.40     53.87     4     6.2     799     0   0   0   0    20.7704   -60.6399     2621   113.18    130.69      353.01
0272   135.8   887.7     20.53     94.4     800   157    58.17    -22.65     53.58     5     6.4     796     0   0   0   0    20.7707   -60.6400     2610   112.84    130.29      353.08
0273   136.3   888.0     20.56     94.4     797   157    57.97    -22.95     53.24     5     6.6     792     0   0   0   0    20.7709   -60.6401     2600   112.47    129.86      353.13
0274   136.8   888.3     20.58     94.4     794   156    57.76    -23.31     52.85     5     6.6     789     0   0   0   0    20.7711   -60.6402     2590   112.05    129.38      353.18
0275   137.3   888.6     20.61     94.4     791   156    57.53    -23.73     52.41     5     6.5     786     0   0   0   0    20.7714   -60.6403     2580   111.61    128.87      353.22
0276   137.8   888.9     20.62     94.4     788   155    57.29    -24.22     51.92     5     6.4     783     0   0   0   0    20.7716   -60.6404     2570   111.14    128.33      353.24
0277   138.3   889.3     20.64     94.4     785   154    57.05    -24.77     51.39     5     6.1     780     0   0   0   0    20.7718   -60.6405     2559   110.67    127.78      353.25
0278   138.8   889.6     20.66     94.4     781   153    56.81    -25.38     50.82     4     5.8     776     0   0   0   0    20.7721   -60.6407     2548   110.21    127.25      353.26
0279   139.3   890.0     20.67     94.4     778   153    56.59    -26.04     50.25     4     5.5     773     0   0   0   3    20.7723   -60.6408     2536   109.79    126.76      353.25
0280   139.8   890.4     20.68     94.4     774   152    56.41    -26.73     49.68     4     5.1     769     0   0   0   3    20.7725   -60.6409     2523   109.44    126.36      353.25
0281   140.3   890.8     20.70     94.4     770   151    56.29    -27.44     49.14     4     4.7     765     0   0   0   3    20.7727   -60.6411     2510   109.19    126.08      353.24
0282   140.8   891.2     20.71     94.4     765   150    56.23    -28.15     48.67     4     4.4     761     0   0   0   3    20.7730   -60.6412     2496   109.08    125.95      353.24
0283   141.3   891.7     20.73     94.4     761   149    56.24    -28.84     48.29     4     4.0     756     0   0   0   3    20.7732   -60.6413     2481   109.11    125.98      353.24
0284   141.8   892.2     20.75     94.5     756   148    56.34    -29.49     48.01     4     3.7     752     0   0   0   3    20.7734   -60.6415     2466   109.30    126.20      353.24
0285   142.3   892.6     20.77     94.5     752   148    56.51    -30.07     47.84     4     3.4     747     0   0   0   3    20.7736   -60.6416     2451   109.63    126.58      353.25
0286   142.8   893.2     20.79     94.5     747   147    56.74    -30.58     47.80     4     3.2     742     0   0   0   0    20.7738   -60.6418     2434   110.08    127.10      353.27
0287   143.3   893.7     20.81     94.5     742   147    57.02    -30.99     47.87     4     3.0     737     0   0   0   0    20.7740   -60.6419     2418   110.63    127.73      353.30
0288   143.8   894.2     20.83     94.5     737   147    57.33    -31.31     48.02     4     2.9     732     0   0   0   0    20.7743   -60.6421     2402   111.22    128.42      353.33
0289   144.3   894.7     20.86     94.6     732   147    57.63    -31.53     48.24     5     2.8     727     0   0   0   0    20.7745   -60.6422     2385   111.81    129.10      353.36
0290   144.8   895.2     20.88     94.6     726   147    57.91    -31.66     48.49     5     2.7     722     0   0   0   0    20.7747   -60.6424     2368   112.35    129.72      353.39
0291   145.3   895.8     20.91     94.6     721   147    58.14    -31.70     48.73     5     2.6     717     0   0   0   0    20.7749   -60.6425     2351   112.79    130.23      353.41
0292   145.8   896.3     20.94     94.6     716   147    58.29    -31.67     48.94     5     2.6     711     0   0   0   0    20.7751   -60.6427     2334   113.08    130.57      353.43
0293   146.3   896.8     20.96     94.6     711   147    58.36    -31.59     49.07     5     2.5     706     0   0   0   0    20.7754   -60.6428     2317   113.21    130.72      353.45
0294   146.8   897.4     20.98     94.6     706   147    58.33    -31.47     49.11     5     2.5     701     0   0   0   0    20.7756   -60.6430     2300   113.16    130.66      353.46
0295   147.3   897.9     21.01     94.6     700   147    58.21    -31.33     49.06     5     2.5     696     0   0   0   0    20.7758   -60.6431     2282   112.92    130.39      353.47
0296   147.8   898.5     21.03     94.6     695   147    58.01    -31.20     48.90     4     2.5     690     0   0   0   0    20.7760   -60.6433     2265   112.53    129.93      353.47
0297   148.3   899.0     21.05     94.6     690   147    57.74    -31.08     48.66     4     2.5     685     0   0   0   0    20.7762   -60.6434     2248   112.02    129.35      353.47
0298   148.8   899.6     21.07     94.6     685   147    57.45    -31.01     48.36     4     2.5     680     0   0   0   0    20.7765   -60.6436     2231   111.45    128.69      353.46
0299   149.3   900.1     21.08     94.6     679   147    57.16    -31.00     48.03     4     2.6     675     0   0   0   0    20.7767   -60.6437     2213   110.89    128.04      353.46
0300   149.8   900.6     21.10     94.7     674   147    56.90    -31.04     47.69     4     2.6     669     0   0   0   0    20.7769   -60.6439     2196   110.39    127.46      353.45
0301   150.3   901.2     21.12     94.7     669   147    56.71    -31.15     47.39     4     2.7     664     0   0   0   0    20.7771   -60.6440     2180   110.02    127.03      353.44
0302   150.8   901.7     21.14     94.7     664   146    56.61    -31.31     47.16     5     2.8     659     0   0   0   0    20.7773   -60.6442     2163   109.81    126.80      353.43
0303   151.3   902.2     21.16     94.7     659   146    56.60    -31.53     47.01     5     2.9     654     0   0   0   0    20.7775   -60.6443     2146   109.80    126.78      353.43
0304   151.8   902.7     21.18     94.7     654   146    56.70    -31.78     46.95     5     3.0     649     0   0   0   0    20.7777   -60.6445     2130   109.99    127.00      353.42
0305   152.3   903.2     21.19     94.7     649   146    56.89    -32.06     47.00     5     3.1     644     0   0   0   0    20.7780   -60.6446     2114   110.36    127.43      353.42
0306   152.8   903.7     21.21     94.7     644   146    57.16    -32.33     47.13     5     3.3     639     0   0   0   0    20.7782   -60.6448     2098   110.88    128.03      353.42
0307   153.3   904.2     21.23     94.7     639   145    57.48    -32.60     47.35     5     3.4     635     0   0   0   0    20.7784   -60.6449     2082   111.52    128.76      353.42
0308   153.8   904.7     21.25     94.7     635   145    57.83    -32.83     47.61     5     3.5     630     0   0   0   3    20.7786   -60.6451     2067   112.20    129.55      353.42
0309   154.3   905.2     21.27     94.7     630   145    58.18    -33.02     47.91     5     3.6     625     0   0   0   0    20.7788   -60.6452     2051   112.88    130.33      353.42
0310   154.8   905.7     21.29     94.7     625   145    58.50    -33.14     48.21     5     3.7     621     0   0   0   0    20.7790   -60.6454     2036   113.49    131.04      353.42
0311   155.3   906.2     21.31     94.7     621   146    58.76    -33.21     48.48     5     3.8     616     0   0   0   0    20.7793   -60.6456     2021   114.00    131.63      353.42
0312   155.8   906.7     21.33     94.7     616   146    58.95    -33.20     48.71     5     3.9     612     0   0   0   0    20.7795   -60.6457     2006   114.37    132.06      353.43
0313   156.3   907.1     21.35     94.7     612   146    59.06    -33.13     48.89     5     4.0     607     0   0   0   0    20.7797   -60.6459     1992   114.57    132.29      353.43
0314   156.8   907.6     21.37     94.7     607   146    59.07    -33.00     49.00     5     4.0     603     0   0   0   0    20.7799   -60.6460     1977   114.60    132.33      353.43
0315   157.3   908.0     21.38     94.7     603   146    59.01    -32.82     49.04     5     4.1     598     0   0   0   0    20.7801   -60.6462     1963   114.47    132.17      353.43
0316   157.8   908.5     21.40     94.7     599   146    58.86    -32.59     49.02     5     4.2     594     0   0   0   0    20.7804   -60.6464     1948   114.20    131.86      353.44
0317   158.3   908.9     21.42     94.7     594   147    58.67    -32.35     48.94     5     4.2     590     0   0   0   0    20.7806   -60.6465     1934   113.81    131.41      353.44
0318   158.8   909.4     21.44     94.7     590   147    58.43    -32.09     48.83     5     4.3     585     0   0   0   0    20.7808   -60.6467     1920   113.36    130.88      353.43
0319   159.3   909.8     21.45     94.7     586   147    58.18    -31.84     48.69     5     4.3     581     0   0   0   0    20.7810   -60.6468     1906   112.86    130.32      353.43
0320   159.8   910.3     21.47     94.7     581   147    57.92    -31.60     48.55     5     4.3     577     0   0   0   0    20.7812   -60.6470     1892   112.37    129.75      353.43
0321   160.3   910.7     21.48     94.7     577   147    57.69    -31.39     48.40     5     4.2     572     0   0   0   0    20.7815   -60.6471     1878   111.92    129.23      353.43
0322   160.8   911.2     21.50     94.7     573   147    57.49    -31.23     48.27     5     4.2     568     0   0   0   0    20.7817   -60.6473     1864   111.52    128.77      353.42
0323   161.3   911.6     21.51     94.7     569   147    57.32    -31.11     48.15     5     4.1     564     0   0   0   0    20.7819   -60.6474     1850   111.21    128.41      353.41
0324   161.8   912.1     21.53     94.7     564   147    57.20    -31.05     48.05     5     4.0     559     0   0   0   0    20.7821   -60.6476     1836   110.97    128.14      353.41
0325   162.3   912.5     21.54     94.8     560   147    57.13    -31.04     47.96     5     3.8     555     0   0   0   0    20.7823   -60.6477     1821   110.82    127.96      353.40
0326   162.8   913.0     21.56     94.8     555   147    57.09    -31.08     47.89     5     3.5     551     0   0   0   0    20.7825   -60.6479     1806   110.75    127.88      353.39
0327   163.3   913.5     21.57     94.8     551   147    57.09    -31.19     47.82     5     3.3     546     0   0   0   0    20.7828   -60.6480     1791   110.76    127.89      353.38
0328   163.8   914.0     21.59     94.8     546   147    57.13    -31.34     47.77     5     2.9     541     0   0   0   0    20.7830   -60.6482     1775   110.83    127.97      353.37
0329   164.3   914.5     21.61     94.8     541   147    57.20    -31.54     47.71     5     2.5     536     0   0   0   0    20.7832   -60.6483     1759   110.96    128.12      353.36
0330   164.8   915.1     21.62     94.8     536   146    57.29    -31.79     47.66     5     2.1     531     0   0   0   0    20.7834   -60.6485     1742   111.14    128.33      353.35
0331   165.3   915.6     21.64     94.8     530   146    57.41    -32.08     47.61     5     1.6     525     0   0   0   0    20.7836   -60.6486     1724   111.38    128.60      353.35
0332   165.8   916.3     21.66     94.8     524   146    57.56    -32.41     47.57     5     1.1     520     0   0   0   0    20.7838   -60.6488     1705   111.67    128.94      353.34
0333   166.3   916.9     21.68     94.9     518   145    57.74    -32.78     47.54     5      .5     514     0   0   0   0    20.7841   -60.6489     1685   112.02    129.34      353.34
0334   166.8   917.5     21.71     94.9     512   145    57.95    -33.18     47.52     5      .1     507     0   0   0   0    20.7843   -60.6491     1665   112.43    129.82      353.33
0335   167.3   918.2     21.73     94.9     506   145    58.20    -33.59     47.52     5     -.4     501     0   0   0   0    20.7845   -60.6493     1643   112.91    130.37      353.33
0336   167.8   919.0     21.76     94.9     499   144    58.47    -34.03     47.55     5     -.8     494     0   0   0   0    20.7847   -60.6494     1621   113.44    130.98      353.33
0337   168.3   919.7     21.78     94.9     492   144    58.78    -34.47     47.61     5    -1.0     487     0   0   0   0    20.7849   -60.6496     1598   114.03    131.66      353.34
0338   168.8   920.4     21.81     94.9     485   144    59.11    -34.91     47.69     5    -1.2     480     0   0   0   0    20.7851   -60.6498     1574   114.66    132.40      353.34
0339   169.3   921.2     21.84     94.9     477   144    59.45    -35.34     47.81     5    -1.3     473     0   0   0   0    20.7853   -60.6499     1551   115.34    133.18      353.35
0340   169.8   922.0     21.87     94.9     470   143    59.82    -35.77     47.94     5    -1.2     465     0   0   0   0    20.7856   -60.6501     1527   116.04    133.99      353.35
0341   170.3   922.7     21.90     94.9     463   143    60.18    -36.16     48.10     5     -.9     458     0   0   0   0    20.7858   -60.6503     1504   116.74    134.79      353.36
0342   170.8   923.5     21.93     94.9     456   143    60.52    -36.53     48.25     5     -.6     451     0   0   0   3    20.7860   -60.6504     1481   117.41    135.57      353.37
0343   171.3   924.2     21.96     94.9     449   143    60.84    -36.86     48.41     5     -.1     445     0   0   0   3    20.7862   -60.6506     1459   118.03    136.29      353.38
0344   171.8   924.9     21.99     95.0     443   143    61.13    -37.14     48.54     5      .4     438     0   0   0   3    20.7864   -60.6508     1438   118.58    136.92      353.38
0345   172.3   925.5     22.01     95.0     437   142    61.36    -37.39     48.66     5     1.0     432     0   0   0   3    20.7867   -60.6510     1418   119.05    137.46      353.39
0346   172.8   926.1     22.03     95.0     431   142    61.55    -37.58     48.75     5     1.6     426     0   0   0   3    20.7869   -60.6512     1399   119.41    137.88      353.39
0347   173.3   926.7     22.06     95.0     426   142    61.69    -37.73     48.81     6     2.2     421     0   0   0   3    20.7871   -60.6513     1381   119.68    138.19      353.39
0348   173.8   927.2     22.07     95.0     421   142    61.78    -37.85     48.83     6     2.7     416     0   0   0   3    20.7873   -60.6515     1364   119.86    138.39      353.39
0349   174.3   927.7     22.09     95.0     416   142    61.82    -37.94     48.81     6     3.2     411     0   0   0   3    20.7875   -60.6517     1349   119.94    138.49      353.39
0350   174.8   928.2     22.11     95.0     411   142    61.83    -38.01     48.76     6     3.5     407     0   0   0   3    20.7878   -60.6519     1334   119.94    138.49      353.38
0351   175.3   928.7     22.12     95.0     407   142    61.79    -38.07     48.67     6     3.8     402     0   0   0   3    20.7880   -60.6521     1320   119.88    138.41      353.37
0352   175.8   929.1     22.13     95.0     403   142    61.73    -38.13     48.54     6     3.9     398     0   0   0   0    20.7882   -60.6523     1306   119.75    138.27      353.35
0353   176.3   929.6     22.15     95.0     398   142    61.65    -38.21     48.37     6     4.0     394     0   0   0   0    20.7884   -60.6524     1292   119.59    138.09      353.34
0354   176.8   930.0     22.16     95.0     394   141    61.55    -38.32     48.17     6     3.9     389     0   0   0   0    20.7886   -60.6526     1278   119.41    137.88      353.32
0355   177.3   930.5     22.17     95.0     390   141    61.47    -38.47     47.94     6     3.8     385     0   0   0   0    20.7889   -60.6528     1263   119.25    137.68      353.31
0356   177.8   931.0     22.18     95.1     385   141    61.40    -38.69     47.67     5     3.6     381     0   0   0   0    20.7891   -60.6530     1249   119.11    137.53      353.30
0357   178.3   931.5     22.20     95.1     381   141    61.35    -38.97     47.39     6     3.4     376     0   0   0   0    20.7893   -60.6532     1233   119.03    137.43      353.28
0358   178.8   932.0     22.22     95.1     376   140    61.35    -39.32     47.10     6     3.1     371     0   0   0   0    20.7895   -60.6534     1218   119.02    137.43      353.28
0359   179.3   932.5     22.23     95.1     371   140    61.40    -39.75     46.79     6     2.9     366     0   0   0   0    20.7897   -60.6536     1202   119.11    137.53      353.28
0360   179.8   933.0     22.25     95.1     366   139    61.49    -40.25     46.49     6     2.8     361     0   0   0   0    20.7899   -60.6538     1185   119.30    137.75      353.28
0361   180.3   933.6     22.27     95.1     361   139    61.65    -40.82     46.19     6     2.7     356     0   0   0   0    20.7901   -60.6539     1169   119.59    138.09      353.29
0362   180.8   934.1     22.30     95.1     356   138    61.85    -41.44     45.91     6     2.7     351     0   0   0   0    20.7903   -60.6541     1152   119.98    138.53      353.31
0363   181.3   934.7     22.32     95.2     351   137    62.09    -42.10     45.63     5     2.7     346     0   0   0   0    20.7905   -60.6543     1135   120.45    139.07      353.33
0364   181.8   935.2     22.34     95.2     346   137    62.36    -42.79     45.36     6     2.7     341     0   0   0   0    20.7907   -60.6546     1118   120.97    139.68      353.36
0365   182.3   935.7     22.37     95.2     341   136    62.64    -43.48     45.09     5     2.7     336     0   0   0   0    20.7909   -60.6548     1102   121.52    140.31      353.39
0366   182.8   936.3     22.40     95.2     336   135    62.92    -44.17     44.81     6     2.8     331     0   0   0   0    20.7911   -60.6550     1086   122.07    140.95      353.43
0367   183.3   936.8     22.42     95.2     331   135    63.19    -44.84     44.52     6     2.8     326     0   0   0   0    20.7913   -60.6552     1070   122.58    141.54      353.46
0368   183.8   937.3     22.45     95.2     326   134    63.42    -45.47     44.21     6     2.8     321     0   0   0   0    20.7915   -60.6554     1054   123.04    142.06      353.49
0369   184.3   937.8     22.47     95.2     321   134    63.61    -46.06     43.87     6     2.8     316     0   0   0   0    20.7917   -60.6556     1038   123.40    142.49      353.52
0370   184.8   938.4     22.50     95.2     316   133    63.74    -46.58     43.51     6     2.7     311     0   0   0   0    20.7919   -60.6559     1022   123.66    142.78      353.55
0371   185.3   938.9     22.52     95.2     311   133    63.80    -47.02     43.12     6     2.5     306     0   0   0   0    20.7921   -60.6561     1005   123.77    142.91      353.58
0372   185.8   939.4     22.55     95.2     306   132    63.77    -47.37     42.70     6     2.3     301     0   0   0   0    20.7923   -60.6563      989   123.72    142.85      353.60
0373   186.3   940.0     22.57     95.3     301   132    63.66    -47.61     42.26     6     2.0     296     0   0   0   0    20.7925   -60.6565      972   123.50    142.60      353.63
0374   186.8   940.6     22.60     95.3     295   131    63.46    -47.74     41.80     6     1.8     291     0   0   0   0    20.7927   -60.6568      954   123.11    142.14      353.65
0375   187.3   941.2     22.62     95.3     290   131    63.16    -47.75     41.34     6     1.5     285     0   0   0   0    20.7929   -60.6570      936   122.53    141.48      353.67
0376   187.8   941.8     22.65     95.3     284   131    62.78    -47.64     40.88     6     1.3     280     0   0   0   0    20.7931   -60.6572      917   121.79    140.62      353.69
0377   188.3   942.4     22.67     95.3     278   130    62.31    -47.41     40.44     6     1.1     274     0   0   0   0    20.7933   -60.6575      898   120.89    139.59      353.72
0378   188.8   943.1     22.70     95.3     272   130    61.79    -47.08     40.02     6      .9     268     0   0   0   0    20.7934   -60.6577      879   119.87    138.41      353.75
0379   189.3   943.7     22.73     95.4     266   130    61.21    -46.65     39.64     6      .8     262     0   0   0   0    20.7936   -60.6579      859   118.75    137.12      353.79
0380   189.8   944.4     22.76     95.4     260   130    60.61    -46.15     39.29     6      .8     256     0   0   0   0    20.7938   -60.6581      839   117.58    135.77      353.83
0381   190.3   945.0     22.79     95.4     254   131    60.00    -45.61     38.98     6      .9     250     0   0   0   0    20.7940   -60.6583      819   116.40    134.40      353.87
0382   190.8   945.6     22.82     95.4     248   131    59.40    -45.05     38.72     5     1.1     244     0   0   0   0    20.7942   -60.6586      800   115.24    133.06      353.92
0383   191.3   946.3     22.85     95.5     243   131    58.84    -44.50     38.49     6     1.3     238     0   0   0   0    20.7943   -60.6588      781   114.14    131.79      353.97
0384   191.8   946.9     22.88     95.5     237   131    58.33    -43.99     38.30     6     1.5     232     0   0   0   0    20.7945   -60.6590      762   113.16    130.65      354.02
0385   192.3   947.5     22.92     95.5     231   131    57.89    -43.54     38.15     6     1.8     227     0   0   0   0    20.7947   -60.6592      744   112.30    129.67      354.07
0386   192.8   948.1     22.95     95.5     226   131    57.53    -43.17     38.03     6     2.1     221     0   0   0   0    20.7948   -60.6594      727   111.61    128.87      354.13
0387   193.3   948.6     22.98     95.5     221   132    57.26    -42.88     37.95     5     2.3     216     0   0   0   0    20.7950   -60.6596      710   111.09    128.27      354.18
0388   193.8   949.2     23.01     95.5     216   132    57.08    -42.69     37.90     6     2.5     211     0   0   0   0    20.7952   -60.6598      693   110.74    127.87      354.23
0389   194.3   949.7     23.03     95.5     211   132    56.99    -42.59     37.88     6     2.6     206     0   0   0   0    20.7954   -60.6600      677   110.57    127.66      354.27
0390   194.8   950.2     23.06     95.6     206   132    56.98    -42.56     37.88     5     2.6     201     0   0   0   0    20.7955   -60.6602      661   110.54    127.64      354.32
0391   195.3   950.8     23.09     95.6     201   132    57.03    -42.61     37.91     6     2.6     197     0   0   0   0    20.7957   -60.6604      645   110.64    127.75      354.35
0392   195.8   951.3     23.12     95.6     196   132    57.12    -42.69     37.95     5     2.5     192     0   0   0   0    20.7959   -60.6606      629   110.81    127.95      354.39
0393   196.3   951.8     23.14     95.6     191   132    57.22    -42.79     37.99     6     2.3     187     0   0   0   0    20.7960   -60.6608      612   111.02    128.18      354.42
0394   196.8   952.4     23.17     95.6     186   132    57.35    -42.94     38.02     6     2.0     181     0   0   0   0    20.7962   -60.6610      595   111.26    128.46      354.46
0395   197.3   953.0     23.20     95.6     181   131    57.47    -43.10     38.02     6     1.7     176     0   0   0   0    20.7964   -60.6613      578   111.49    128.73      354.49
0396   197.8   953.6     23.22     95.6     175   131    57.56    -43.22     38.02     6     1.3     171     0   0   0   0    20.7966   -60.6615      560   111.66    128.93      354.51
0397   198.3   954.2     23.25     95.6     170   131    57.60    -43.30     37.99     5      .9     165     0   0   0   0    20.7967   -60.6617      541   111.75    129.03      354.53
0398   198.8   954.8     23.28     95.6     164   131    57.60    -43.34     37.94     6      .4     159     0   0   0   0    20.7969   -60.6619      522   111.74    129.02      354.55
0399   199.3   955.5     23.31     95.6     157   131    57.54    -43.34     37.85     6      .0     153     0   0   0   0    20.7971   -60.6621      501   111.63    128.89      354.56
0400   199.8   956.2     23.33     95.6     151   131    57.44    -43.31     37.72     6     -.4     146     0   0   0   0    20.7972   -60.6623      480   111.43    128.66      354.57
0401   200.3   956.9     23.37     95.5     144   131    57.31    -43.28     37.57     6     -.7     140     0   0   0   0    20.7974   -60.6625      458   111.18    128.37      354.58
0402   200.8   957.7     23.40     95.5     137   131    57.18    -43.27     37.37     6    -1.1     133     0   0   0   0    20.7976   -60.6627      436   110.93    128.08      354.58
0403   201.3   958.5     23.43     95.5     131   131    57.07    -43.32     37.14     6    -1.3     126     0   0   0   0    20.7978   -60.6629      413   110.71    127.83      354.59
0404   201.8   959.2     23.46     95.4     123   130    56.99    -43.44     36.88     6    -1.5     119     0   0   0   0    20.7979   -60.6631      390   110.56    127.65      354.58
0405   202.3   960.0     23.50     95.4     116   130    56.96    -43.63     36.62     6    -1.7     112     0   0   0   0    20.7981   -60.6633      366   110.50    127.59      354.58
0406   202.8   960.8     23.53     95.3     109   130    56.99    -43.87     36.38     6    -1.8     104     0   0   0   0    20.7982   -60.6635      343   110.57    127.67      354.58
0407   203.3   961.6     23.57     95.3     102   129    57.09    -44.17     36.17     6    -1.9      97     0   0   0   0    20.7984   -60.6638      319   110.75    127.87      354.59
0408   203.8   962.4     23.61     95.2      95   129    57.26    -44.52     36.01     5    -2.0      90     0   0   0   0    20.7986   -60.6640      295   111.08    128.25      354.59
0409   204.3   963.2     23.64     95.2      87   129    57.53    -44.91     35.96     5    -2.0      83     0   0   0   0    20.7987   -60.6642      271   111.61    128.86      354.61
0410   204.8   964.0     23.68     95.1      80   128    57.93    -45.34     36.05     6    -2.0      75     0   0   0   0    20.7989   -60.6644      247   112.38    129.75      354.63
0411   205.3   964.8     23.72     95.1      73   128    58.45    -45.79     36.33     6    -1.9      68     0   0   0   0    20.7991   -60.6646      223   113.40    130.94      354.66
0412   205.8   965.6     23.77     95.0      65   129    59.05    -46.18     36.80     6    -1.8      61     0   0   0   0    20.7992   -60.6649      199   114.56    132.27      354.69
0413   206.3   966.4     23.81     95.0      58   129    59.45    -46.28     37.31     6    -1.5      53     0   0   0   0    20.7994   -60.6651      175   115.34    133.17      354.74
0414   206.8   967.2     23.86     95.0      51   129    59.24    -45.78     37.60     6    -1.3      46     0   0   0   0    20.7996   -60.6653      151   114.93    132.70      354.81
0415   207.3   967.9     23.90     95.0      44   130    58.15    -44.35     37.62     5    -1.3      39     0   0   0   0    20.7997   -60.6655      129   112.82    130.27      354.90
0416   207.8   968.7     23.96     94.9      37   132    56.07    -41.93     37.22     5    -1.0      33     0   0   0   0    20.7999   -60.6657      107   108.77    125.59      355.01
0417   208.3   969.4     24.01     94.9      31   132    52.75    -38.92     35.60     4     -.1      26     0   0   0   0    20.8001   -60.6659       86   102.33    118.16      355.16
0418   208.8   970.1     24.08     94.9      24   131    49.24    -37.15     32.32     4      .2      20     0   0   0   0    20.8002   -60.6661       65    95.52    110.29      355.34
0419   209.3   970.9     24.15     94.8      17  -999  -999.00   -999.00   -999.00  -999      .4      13     0   0   0   0    20.8004   -60.6663       41  -999.00   -999.00      355.49
0420   209.8   971.6     24.22     94.9      11  -999  -999.00   -999.00   -999.00  -999      .6       6     0   0   0   0    20.8005   -60.6664       21  -999.00   -999.00      355.74
0421   210.3   972.0     24.29     94.8       8  -999  -999.00   -999.00   -999.00  -999      .8       3     0   0   0   0    20.8007   -60.6666       10  -999.00   -999.00      355.91
