 ===========================================================================
 DROPWINDSONDE PROCESSING RECORD                            Sonde: 023235035
 PDS file written Sep  2, 2003.                             Format:    V5.08
 Aircraft: N43RF                             Date: 030902   Time: 195716 UTC
 ---------------------------------------------------------------------------
 Bias corrections:  PR =    .0 mb  TE =    .0 C  RH =    .0 %  PRB =  -.3 mb
 Filters (LPF):     PTH =  10 s    WIND =  10 s       Hyd anchor =       SFC
 Dyn RH correction =  N     WSHR COR =      Y         Splash PR  =  972.2 mb
 Estimated PR used =  N     GPS VERR =    .69 m/s     HYD SFCP   =  973.3 mb
 Dyn T correction  =  Y     WGACORR  =     .5 m       AC GA ADJ  =     .0 m
 ---------------------------------------------------------------------------
 COMMENTS: None                                                        
 ===========================================================================

 ==============================================================================
 Date: 030902   Lat:  20.48 N   TA:   15.1 C   PS:  750.7 mb   WD:   347 deg
 Time: 195716   Lon:  61.28 W   TD: -999.0 C   GA:   2246 m    WS:  55.4 m/s
 SID:  023235035                RH: -999.0 %   Navaid:   GP          
 ===========================================================================

IX      t (s)  P (mb)    T (C)    RH (%)  Z (m)   WD    WS (m/s)   U (m/s)   V (m/s)  NS  WZ (m/s)  ZW (m)   FP  FT  FH  FW   LAT (N)    LON (E)  ZW (ft)  WS (kt)  WS (mph)  THETAE (K)
0001      .5  -999.0   -999.00   -999.0    -999  -999  -999.00   -999.00   -999.00  -999  -999.0    -999     0   0   0   0    20.4844   -61.2762     -999  -999.00   -999.00     -999.00
0002     1.0  -999.0   -999.00   -999.0    -999  -999  -999.00   -999.00   -999.00  -999  -999.0    -999     0   0   0   0    20.4841   -61.2762     -999  -999.00   -999.00     -999.00
0003     1.5   752.3     17.55     86.0    2222  -999  -999.00   -999.00   -999.00  -999  -999.0    2222     0   0   0   0    20.4839   -61.2761     7291  -999.00   -999.00      361.25
0004     2.0   752.8     17.13     87.0    2216  -999  -999.00   -999.00   -999.00  -999  -999.0    2216     0   0   0   0    20.4836   -61.2761     7271  -999.00   -999.00      359.89
0005     2.5   753.4     16.77     88.1    2210  -999  -999.00   -999.00   -999.00  -999  -999.0    2210     0   0   0   0    20.4834   -61.2760     7252  -999.00   -999.00      358.83
0006     3.0   753.9     16.47     88.9    2204  -999  -999.00   -999.00   -999.00  -999  -999.0    2204     0   0   0   0    20.4831   -61.2760     7232  -999.00   -999.00      357.92
0007     3.5   754.4     16.23     89.7    2198  -999  -999.00   -999.00   -999.00  -999  -999.0    2198     0   0   0   0    20.4829   -61.2759     7212  -999.00   -999.00      357.18
0008     4.0   755.0     16.03     90.3    2192  -999  -999.00   -999.00   -999.00  -999  -999.0    2192     0   0   0   0    20.4826   -61.2758     7192  -999.00   -999.00      356.59
0009     4.5   755.5     15.88     90.8    2185  -999  -999.00   -999.00   -999.00  -999  -999.0    2186     0   0   0   0    20.4824   -61.2758     7172  -999.00   -999.00      356.11
0010     5.0   756.1     15.77     91.2    2179  -999  -999.00   -999.00   -999.00  -999  -999.0    2180     0   0   0   0    20.4822   -61.2757     7151  -999.00   -999.00      355.74
0011     5.5   756.6     15.68     91.6    2173  -999  -999.00   -999.00   -999.00  -999  -999.0    2173     0   0   0   0    20.4819   -61.2757     7131  -999.00   -999.00      355.45
0012     6.0   757.2     15.62     91.9    2167  -999  -999.00   -999.00   -999.00  -999  -999.0    2167     0   0   0   0    20.4817   -61.2756     7110  -999.00   -999.00      355.24
0013     6.5   757.7     15.58     92.2    2160  -999  -999.00   -999.00   -999.00  -999  -999.0    2161     0   0   0   0    20.4814   -61.2756     7089  -999.00   -999.00      355.08
0014     7.0   758.3     15.55     92.5    2154  -999  -999.00   -999.00   -999.00  -999  -999.0    2154     0   0   0   0    20.4812   -61.2755     7068  -999.00   -999.00      354.98
0015     7.5   758.9     15.54     92.7    2147  -999  -999.00   -999.00   -999.00  -999  -999.0    2148     0   0   0   0    20.4809   -61.2754     7047  -999.00   -999.00      354.92
0016     8.0   759.5     15.54     92.9    2141  -999  -999.00   -999.00   -999.00  -999  -999.0    2141     0   0   0   0    20.4807   -61.2754     7025  -999.00   -999.00      354.89
0017     8.5   760.1     15.54     93.0    2134  -999  -999.00   -999.00   -999.00  -999  -999.0    2135     0   0   0   0    20.4804   -61.2753     7004  -999.00   -999.00      354.90
0018     9.0   760.7     15.56     93.2    2128  -999  -999.00   -999.00   -999.00  -999  -999.0    2128     0   0   0   0    20.4802   -61.2753     6982  -999.00   -999.00      354.92
0019     9.5   761.3     15.59     93.3    2121  -999  -999.00   -999.00   -999.00  -999  -999.0    2121     0   0   0   0    20.4799   -61.2752     6960  -999.00   -999.00      354.97
0020    10.0   761.9     15.62     93.4    2114  -999  -999.00   -999.00   -999.00  -999  -999.0    2115     0   0   0   0    20.4797   -61.2752     6938  -999.00   -999.00      355.04
0021    10.5   762.5     15.66     93.5    2107  -999  -999.00   -999.00   -999.00  -999  -999.0    2108     0   0   0   0    20.4794   -61.2751     6915  -999.00   -999.00      355.11
0022    11.0   763.1     15.70     93.6    2100  -999  -999.00   -999.00   -999.00  -999  -999.0    2101     0   0   0   0    20.4792   -61.2750     6893  -999.00   -999.00      355.20
0023    11.5   763.7     15.75     93.7    2094  -999  -999.00   -999.00   -999.00  -999  -999.0    2094     0   0   0   0    20.4789   -61.2750     6870  -999.00   -999.00      355.28
0024    12.0   764.3     15.79     93.7    2087  -999  -999.00   -999.00   -999.00  -999  -999.0    2087     0   0   0   0    20.4787   -61.2749     6847  -999.00   -999.00      355.37
0025    12.5   765.0     15.84     93.7    2080  -999  -999.00   -999.00   -999.00  -999  -999.0    2080     0   0   0   0    20.4784   -61.2749     6824  -999.00   -999.00      355.44
0026    13.0   765.6     15.88     93.8    2073  -999  -999.00   -999.00   -999.00  -999  -999.0    2073     0   0   0   0    20.4782   -61.2748     6801  -999.00   -999.00      355.51
0027    13.5   766.2     15.92     93.8    2066  -999  -999.00   -999.00   -999.00  -999  -999.0    2066     0   0   0   0    20.4780   -61.2748     6778  -999.00   -999.00      355.57
0028    14.0   766.8     15.96     93.8    2059  -999  -999.00   -999.00   -999.00  -999  -999.0    2059     0   0   0   0    20.4777   -61.2747     6755  -999.00   -999.00      355.61
0029    14.5   767.5     15.99     93.8    2052  -999  -999.00   -999.00   -999.00  -999  -999.0    2052     0   0   0   0    20.4775   -61.2746     6733  -999.00   -999.00      355.63
0030    15.0   768.1     16.02     93.9    2045  -999  -999.00   -999.00   -999.00  -999  -999.0    2045     0   0   0   0    20.4772   -61.2746     6710  -999.00   -999.00      355.65
0031    15.5   768.7     16.05     93.9    2038  -999  -999.00   -999.00   -999.00  -999  -999.0    2038     0   0   0   0    20.4770   -61.2745     6688  -999.00   -999.00      355.67
0032    16.0   769.3     16.08     93.9    2031  -999  -999.00   -999.00   -999.00  -999      .3    2032     0   0   0   0    20.4767   -61.2745     6665  -999.00   -999.00      355.69
0033    16.5   769.9     16.10     94.0    2024  -999  -999.00   -999.00   -999.00  -999      .4    2025     0   0   0   0    20.4765   -61.2744     6643  -999.00   -999.00      355.71
0034    17.0   770.5     16.13     94.0    2018  -999  -999.00   -999.00   -999.00  -999      .4    2018     0   0   0   0    20.4762   -61.2744     6621  -999.00   -999.00      355.73
0035    17.5   771.1     16.16     94.1    2011  -999  -999.00   -999.00   -999.00  -999      .5    2011     0   0   0   0    20.4760   -61.2743     6599  -999.00   -999.00      355.76
0036    18.0   771.7     16.20     94.1    2004  -999  -999.00   -999.00   -999.00  -999      .5    2005     0   0   0   0    20.4757   -61.2742     6578  -999.00   -999.00      355.80
0037    18.5   772.3     16.23     94.2    1998  -999  -999.00   -999.00   -999.00  -999      .5    1998     0   0   0   0    20.4755   -61.2742     6556  -999.00   -999.00      355.83
0038    19.0   772.9     16.26     94.2    1991  -999  -999.00   -999.00   -999.00  -999      .5    1992     0   0   0   0    20.4752   -61.2741     6534  -999.00   -999.00      355.87
0039    19.5   773.5     16.30     94.2    1984  -999  -999.00   -999.00   -999.00  -999      .5    1985     0   0   0   0    20.4750   -61.2741     6512  -999.00   -999.00      355.90
0040    20.0   774.1     16.33     94.2    1978  -999  -999.00   -999.00   -999.00  -999      .5    1978     0   0   0   0    20.4747   -61.2740     6490  -999.00   -999.00      355.92
0041    20.5   774.7     16.36     94.2    1971  -999  -999.00   -999.00   -999.00  -999      .5    1972     0   0   0   0    20.4745   -61.2740     6469  -999.00   -999.00      355.92
0042    21.0   775.3     16.38     94.2    1964  -999  -999.00   -999.00   -999.00  -999      .5    1965     0   0   0   0    20.4742   -61.2739     6447  -999.00   -999.00      355.91
0043    21.5   775.9     16.40     94.2    1958  -999  -999.00   -999.00   -999.00  -999      .5    1958     0   0   0   0    20.4740   -61.2738     6425  -999.00   -999.00      355.86
0044    22.0   776.5     16.42     94.2    1951  -999  -999.00   -999.00   -999.00  -999      .5    1952     0   0   0   0    20.4737   -61.2738     6403  -999.00   -999.00      355.80
0045    22.5   777.2     16.42     94.1    1944  -999  -999.00   -999.00   -999.00  -999      .4    1945     0   0   0   0    20.4735   -61.2737     6381  -999.00   -999.00      355.70
0046    23.0   777.8     16.43     94.1    1938  -999  -999.00   -999.00   -999.00  -999      .4    1938     0   0   0   0    20.4732   -61.2737     6359  -999.00   -999.00      355.58
0047    23.5   778.4     16.43     94.1    1931  -999  -999.00   -999.00   -999.00  -999      .4    1932     0   0   0   0    20.4729   -61.2736     6337  -999.00   -999.00      355.44
0048    24.0   779.0     16.42     94.0    1924  -999  -999.00   -999.00   -999.00  -999      .4    1925     0   0   0   0    20.4727   -61.2736     6315  -999.00   -999.00      355.28
0049    24.5   779.6     16.41     94.0    1918  -999  -999.00   -999.00   -999.00  -999      .4    1918     0   0   0   0    20.4724   -61.2735     6293  -999.00   -999.00      355.11
0050    25.0   780.2     16.40     94.0    1911  -999  -999.00   -999.00   -999.00  -999      .4    1911     0   0   0   0    20.4722   -61.2734     6271  -999.00   -999.00      354.94
0051    25.5   780.8     16.38     94.0    1904  -999  -999.00   -999.00   -999.00  -999      .4    1905     0   0   0   0    20.4719   -61.2734     6249  -999.00   -999.00      354.77
0052    26.0   781.4     16.37     94.0    1898  -999  -999.00   -999.00   -999.00  -999      .4    1898     0   0   0   0    20.4717   -61.2733     6227  -999.00   -999.00      354.62
0053    26.5   782.0     16.37     94.1    1891  -999  -999.00   -999.00   -999.00  -999      .4    1891     0   0   0   0    20.4714   -61.2733     6205  -999.00   -999.00      354.49
0054    27.0   782.7     16.36     94.1    1884  -999  -999.00   -999.00   -999.00  -999      .4    1885     0   0   0   0    20.4712   -61.2732     6183  -999.00   -999.00      354.38
0055    27.5   783.3     16.36     94.2    1877  -999  -999.00   -999.00   -999.00  -999      .4    1878     0   0   0   0    20.4709   -61.2732     6161  -999.00   -999.00      354.29
0056    28.0   783.9     16.37     94.2    1871  -999  -999.00   -999.00   -999.00  -999      .4    1871     0   0   0   0    20.4707   -61.2731     6139  -999.00   -999.00      354.24
0057    28.5   784.5     16.38     94.3    1864  -999  -999.00   -999.00   -999.00  -999      .4    1865     0   0   0   0    20.4704   -61.2730     6117  -999.00   -999.00      354.22
0058    29.0   785.1     16.40     94.4    1857  -999  -999.00   -999.00   -999.00  -999      .5    1858     0   0   0   0    20.4702   -61.2730     6095  -999.00   -999.00      354.22
0059    29.5   785.7     16.43     94.5    1851  -999  -999.00   -999.00   -999.00  -999      .6    1851     0   0   0   0    20.4699   -61.2729     6074  -999.00   -999.00      354.25
0060    30.0   786.3     16.46     94.6    1844  -999  -999.00   -999.00   -999.00  -999      .6    1845     0   0   0   0    20.4697   -61.2729     6052  -999.00   -999.00      354.29
0061    30.5   786.9     16.49     94.6    1838  -999  -999.00   -999.00   -999.00  -999      .7    1838     0   0   0   0    20.4694   -61.2728     6031  -999.00   -999.00      354.36
0062    31.0   787.5     16.53     94.7    1831  -999  -999.00   -999.00   -999.00  -999      .8    1832     0   0   0   0    20.4692   -61.2728     6009  -999.00   -999.00      354.43
0063    31.5   788.1     16.57     94.8    1825  -999  -999.00   -999.00   -999.00  -999      .9    1825     0   0   0   0    20.4689   -61.2727     5988  -999.00   -999.00      354.50
0064    32.0   788.7     16.61     94.9    1818  -999  -999.00   -999.00   -999.00  -999     1.0    1819     0   0   0   0    20.4687   -61.2726     5967  -999.00   -999.00      354.58
0065    32.5   789.3     16.65     94.9    1812  -999  -999.00   -999.00   -999.00  -999     1.1    1812     0   0   0   0    20.4684   -61.2726     5946  -999.00   -999.00      354.66
0066    33.0   789.9     16.69     95.0    1806  -999  -999.00   -999.00   -999.00  -999     1.1    1806     0   0   0   0    20.4681   -61.2725     5926  -999.00   -999.00      354.74
0067    33.5   790.5     16.73     95.0    1799  -999  -999.00   -999.00   -999.00  -999     1.2    1800     0   0   0   0    20.4679   -61.2725     5905  -999.00   -999.00      354.82
0068    34.0   791.0     16.76     95.0    1793  -999  -999.00   -999.00   -999.00  -999     1.3    1794     0   0   0   0    20.4676   -61.2724     5885  -999.00   -999.00      354.89
0069    34.5   791.6     16.80     95.1    1787  -999  -999.00   -999.00   -999.00  -999     1.4    1788     0   0   0   0    20.4674   -61.2724     5865  -999.00   -999.00      354.96
0070    35.0   792.2     16.84     95.1    1781  -999  -999.00   -999.00   -999.00  -999     1.5    1781     0   0   0   0    20.4671   -61.2723     5845  -999.00   -999.00      355.03
0071    35.5   792.7     16.88     95.1    1775  -999  -999.00   -999.00   -999.00  -999     1.6    1775     0   0   0   0    20.4669   -61.2722     5825  -999.00   -999.00      355.11
0072    36.0   793.3     16.93     95.1    1769  -999  -999.00   -999.00   -999.00  -999     1.6    1769     0   0   0   0    20.4666   -61.2722     5805  -999.00   -999.00      355.19
0073    36.5   793.8     16.97     95.2    1763  -999  -999.00   -999.00   -999.00  -999     1.7    1763     0   0   0   0    20.4664   -61.2721     5785  -999.00   -999.00      355.28
0074    37.0   794.4     17.02     95.2    1757  -999  -999.00   -999.00   -999.00  -999     1.7    1757     0   0   0   0    20.4661   -61.2721     5765  -999.00   -999.00      355.37
0075    37.5   794.9     17.06     95.2    1751  -999  -999.00   -999.00   -999.00  -999     1.7    1751     0   0   0   0    20.4658   -61.2720     5746  -999.00   -999.00      355.47
0076    38.0   795.5     17.11     95.2    1745  -999  -999.00   -999.00   -999.00  -999     1.8    1745     0   0   0   0    20.4656   -61.2719     5726  -999.00   -999.00      355.58
0077    38.5   796.0     17.16     95.2    1739  -999  -999.00   -999.00   -999.00  -999     1.8    1739     0   0   0   0    20.4653   -61.2719     5707  -999.00   -999.00      355.68
0078    39.0   796.6     17.21     95.2    1733  -999  -999.00   -999.00   -999.00  -999     1.8    1734     0   0   0   0    20.4651   -61.2718     5687  -999.00   -999.00      355.79
0079    39.5   797.1     17.27     95.2    1727  -999  -999.00   -999.00   -999.00  -999     1.8    1728     0   0   0   0    20.4648   -61.2718     5668  -999.00   -999.00      355.90
0080    40.0   797.7     17.32     95.2    1721  -999  -999.00   -999.00   -999.00  -999     1.8    1722     0   0   0   0    20.4646   -61.2717     5649  -999.00   -999.00      356.01
0081    40.5   798.2     17.37     95.2    1715  -999  -999.00   -999.00   -999.00  -999     1.8    1716     0   0   0   0    20.4643   -61.2717     5629  -999.00   -999.00      356.11
0082    41.0   798.8     17.41     95.1    1709  -999  -999.00   -999.00   -999.00  -999     1.8    1710     0   0   0   0    20.4641   -61.2716     5610  -999.00   -999.00      356.20
0083    41.5   799.3     17.46     95.1    1703  -999  -999.00   -999.00   -999.00  -999     1.8    1704     0   0   0   0    20.4638   -61.2715     5590  -999.00   -999.00      356.27
0084    42.0   799.9     17.50     95.1    1698  -999  -999.00   -999.00   -999.00  -999     1.8    1698     0   0   0   0    20.4635   -61.2715     5571  -999.00   -999.00      356.33
0085    42.5   800.4     17.53     95.1    1692  -999  -999.00   -999.00   -999.00  -999     1.8    1692     0   0   0   0    20.4633   -61.2714     5552  -999.00   -999.00      356.37
0086    43.0   801.0     17.56     95.1    1686  -999  -999.00   -999.00   -999.00  -999     1.8    1686     0   0   0   0    20.4630   -61.2714     5532  -999.00   -999.00      356.39
0087    43.5   801.5     17.59     95.1    1680  -999  -999.00   -999.00   -999.00  -999     1.8    1680     0   0   0   0    20.4628   -61.2713     5513  -999.00   -999.00      356.38
0088    44.0   802.1     17.61     95.1    1674   348    58.32     11.88    -57.10     4     1.8    1674     0   0   0   0    20.4625   -61.2713     5494   113.14    130.64      356.35
0089    44.5   802.6     17.62     95.0    1668   349    57.67     10.93    -56.63     4     1.8    1669     0   0   0   0    20.4622   -61.2712     5474   111.89    129.19      356.30
0090    45.0   803.2     17.63     95.0    1662   349    57.83     11.16    -56.75     4     1.8    1663     0   0   0   0    20.4620   -61.2712     5455   112.20    129.55      356.21
0091    45.5   803.7     17.63     95.0    1656  -999  -999.00   -999.00   -999.00  -999     1.8    1657     0   0   0   0    20.4617   -61.2711     5436  -999.00   -999.00      356.11
0092    46.0   804.3     17.63     95.0    1650   348    58.46     11.73    -57.27     4     1.7    1651     0   0   0   0    20.4615   -61.2710     5416   113.41    130.94      355.98
0093    46.5   804.8     17.62     95.0    1645   348    58.43     11.70    -57.25     4     1.6    1645     0   0   0   0    20.4612   -61.2710     5397   113.36    130.89      355.84
0094    47.0   805.4     17.61     95.0    1639  -999  -999.00   -999.00   -999.00  -999     1.5    1639     0   0   0   0    20.4610   -61.2709     5377  -999.00   -999.00      355.69
0095    47.5   806.0     17.60     95.0    1633   348    58.99     12.11    -57.73     4     1.3    1633     0   0   0   0    20.4607   -61.2709     5358   114.44    132.14      355.52
0096    48.0   806.6     17.59     95.0    1626   348    59.36     12.61    -58.00     4     1.2    1627     0   0   0   0    20.4604   -61.2708     5337   115.15    132.96      355.36
0097    48.5   807.1     17.57     95.0    1620  -999  -999.00   -999.00   -999.00  -999     1.0    1621     0   0   0   0    20.4602   -61.2708     5317  -999.00   -999.00      355.20
0098    49.0   807.7     17.56     95.0    1614  -999  -999.00   -999.00   -999.00  -999      .8    1614     0   0   0   0    20.4599   -61.2707     5296  -999.00   -999.00      355.06
0099    49.5   808.3     17.56     95.0    1607   348    58.86     12.04    -57.62     4      .6    1608     0   0   0   0    20.4597   -61.2706     5275   114.19    131.85      354.92
0100    50.0   809.0     17.56     95.0    1601   349    59.92     11.85    -58.74     4      .4    1601     0   0   0   0    20.4594   -61.2706     5253   116.25    134.23      354.81
0101    50.5   809.6     17.56     95.0    1594  -999  -999.00   -999.00   -999.00  -999      .2    1595     0   0   0   0    20.4591   -61.2705     5232  -999.00   -999.00      354.71
0102    51.0   810.2     17.56     95.0    1587  -999  -999.00   -999.00   -999.00  -999      .1    1588     0   0   0   0    20.4589   -61.2705     5210  -999.00   -999.00      354.62
0103    51.5   810.9     17.57     95.1    1581  -999  -999.00   -999.00   -999.00  -999      .0    1581     0   0   0   0    20.4586   -61.2704     5187  -999.00   -999.00      354.56
0104    52.0   811.5     17.59     95.1    1574  -999  -999.00   -999.00   -999.00  -999     -.1    1574     0   0   0   0    20.4583   -61.2704     5165  -999.00   -999.00      354.51
0105    52.5   812.2     17.60     95.1    1567  -999  -999.00   -999.00   -999.00  -999     -.1    1567     0   0   0   0    20.4581   -61.2703     5142  -999.00   -999.00      354.46
0106    53.0   812.8     17.62     95.1    1560  -999  -999.00   -999.00   -999.00  -999     -.1    1560     0   0   0   0    20.4578   -61.2702     5120  -999.00   -999.00      354.43
0107    53.5   813.5     17.64     95.2    1553   348    59.78     12.31    -58.50     4      .0    1554     0   0   0   0    20.4575   -61.2702     5097   115.97    133.91      354.40
0108    54.0   814.1     17.66     95.2    1546   349    60.80     11.62    -59.67     4      .2    1547     0   0   0   0    20.4573   -61.2701     5075   117.94    136.18      354.37
0109    54.5   814.7     17.68     95.2    1540  -999  -999.00   -999.00   -999.00  -999      .5    1540     0   0   0   0    20.4570   -61.2701     5053  -999.00   -999.00      354.34
0110    55.0   815.4     17.70     95.2    1533  -999  -999.00   -999.00   -999.00  -999      .9    1534     0   0   0   0    20.4567   -61.2700     5031  -999.00   -999.00      354.31
0111    55.5   816.0     17.71     95.2    1527   348    60.88     12.56    -59.57     4     1.4    1527     0   0   0   0    20.4565   -61.2699     5010   118.11    136.37      354.26
0112    56.0   816.6     17.72     95.2    1521  -999  -999.00   -999.00   -999.00  -999     1.9    1521     0   0   0   0    20.4562   -61.2699     4990  -999.00   -999.00      354.19
0113    56.5   817.1     17.73     95.2    1515  -999  -999.00   -999.00   -999.00  -999     2.5    1515     0   0   0   0    20.4559   -61.2698     4971  -999.00   -999.00      354.10
0114    57.0   817.6     17.72     95.2    1509   347    61.42     13.69    -59.87     4     3.0    1510     0   0   0   0    20.4556   -61.2698     4954   119.15    137.58      353.99
0115    57.5   818.1     17.71     95.3    1505   340    58.20     19.43    -54.86     4  -999.0    1505     0   0   0   0    20.4554   -61.2697     4938   112.90    130.36      353.89
0116    58.0   818.5     17.71     95.3    1500   344    57.44     15.47    -55.31     4  -999.0    1500     0   0   0   0    20.4551   -61.2696     4923   111.43    128.66      353.84
0117    58.5   818.9     17.73     95.4    1496   347    56.38     12.96    -54.87     4     4.0    1496     0   0   0   0    20.4549   -61.2695     4908   109.38    126.30      353.87
0118    59.0   819.4     17.72     95.3    1491  -999  -999.00   -999.00   -999.00  -999     3.8    1492     0   0   0   0    20.4547   -61.2695     4894  -999.00   -999.00      353.71
0119    59.5  -999.0   -999.00   -999.0    -999  -999  -999.00   -999.00   -999.00  -999  -999.0    -999     0   0   0   0    20.4544   -61.2694     -999  -999.00   -999.00     -999.00
0120    60.0  -999.0   -999.00   -999.0    -999  -999  -999.00   -999.00   -999.00  -999  -999.0    -999     0   0   0   0    20.4542   -61.2693     -999  -999.00   -999.00     -999.00
0121    60.5   820.7     17.80     95.5    1477  -999  -999.00   -999.00   -999.00  -999     1.6    1477     0   0   0   0    20.4539   -61.2693     4847  -999.00   -999.00      353.90
0122    61.0   821.3     17.80     95.4    1471  -999  -999.00   -999.00   -999.00  -999      .5    1471     0   0   0   0    20.4537   -61.2692     4827  -999.00   -999.00      353.73
0123    61.5   822.0     17.83     95.5    1464  -999  -999.00   -999.00   -999.00  -999  -999.0    1464     0   0   0   0    20.4534   -61.2691     4804  -999.00   -999.00      353.80
0124    62.0   822.7     17.88     95.6    1456  -999  -999.00   -999.00   -999.00  -999  -999.0    1457     0   0   0   0    20.4532   -61.2691     4780  -999.00   -999.00      353.90
0125    62.5   823.5     17.92     95.6    1448  -999  -999.00   -999.00   -999.00  -999    -3.0    1449     0   0   0   0    20.4529   -61.2690     4753  -999.00   -999.00      353.96
0126    63.0   824.3     17.97     95.6    1439  -999  -999.00   -999.00   -999.00  -999    -3.7    1440     0   0   0   0    20.4527   -61.2689     4723  -999.00   -999.00      354.00
0127    63.5   825.2     18.02     95.6    1430  -999  -999.00   -999.00   -999.00  -999    -4.3    1430     0   0   0   0    20.4524   -61.2689     4693  -999.00   -999.00      354.03
0128    64.0   826.1     18.07     95.5    1421  -999  -999.00   -999.00   -999.00  -999    -4.7    1421     0   0   0   0    20.4522   -61.2688     4662  -999.00   -999.00      354.06
0129    64.5   827.0     18.12     95.5    1411  -999  -999.00   -999.00   -999.00  -999    -4.8    1412     0   0   0   0    20.4519   -61.2687     4632  -999.00   -999.00      354.09
0130    65.0   827.9     18.17     95.4    1402  -999  -999.00   -999.00   -999.00  -999    -4.8    1403     0   0   0   0    20.4517   -61.2687     4602  -999.00   -999.00      354.12
0131    65.5   828.8     18.22     95.4    1393  -999  -999.00   -999.00   -999.00  -999    -4.7    1393     0   0   0   0    20.4514   -61.2686     4572  -999.00   -999.00      354.15
0132    66.0   829.6     18.27     95.3    1384  -999  -999.00   -999.00   -999.00  -999    -4.5    1384     0   0   0   0    20.4512   -61.2685     4542  -999.00   -999.00      354.18
0133    66.5   830.5     18.32     95.3    1375  -999  -999.00   -999.00   -999.00  -999    -4.3    1376     0   0   0   0    20.4509   -61.2684     4513  -999.00   -999.00      354.20
0134    67.0   831.3     18.36     95.3    1366  -999  -999.00   -999.00   -999.00  -999    -4.1    1367     0   0   0   0    20.4507   -61.2684     4484  -999.00   -999.00      354.22
0135    67.5   832.2     18.40     95.3    1358  -999  -999.00   -999.00   -999.00  -999    -3.9    1358     0   0   0   0    20.4504   -61.2683     4456  -999.00   -999.00      354.24
0136    68.0   833.0     18.44     95.3    1349  -999  -999.00   -999.00   -999.00  -999    -3.7    1350     0   0   0   0    20.4502   -61.2682     4428  -999.00   -999.00      354.24
0137    68.5   833.8     18.48     95.3    1341  -999  -999.00   -999.00   -999.00  -999    -3.5    1341     0   0   0   0    20.4500   -61.2681     4400  -999.00   -999.00      354.24
0138    69.0   834.6     18.51     95.2    1332  -999  -999.00   -999.00   -999.00  -999    -3.4    1333     0   0   0   0    20.4497   -61.2680     4373  -999.00   -999.00      354.24
0139    69.5   835.4     18.55     95.2    1324  -999  -999.00   -999.00   -999.00  -999    -3.2    1324     0   0   0   0    20.4495   -61.2680     4345  -999.00   -999.00      354.23
0140    70.0   836.2     18.58     95.2    1316  -999  -999.00   -999.00   -999.00  -999    -3.1    1316     0   0   0   0    20.4492   -61.2679     4318  -999.00   -999.00      354.22
0141    70.5   837.0     18.61     95.2    1308  -999  -999.00   -999.00   -999.00  -999    -3.0    1308     0   0   0   0    20.4490   -61.2678     4291  -999.00   -999.00      354.22
0142    71.0   837.8     18.65     95.2    1299  -999  -999.00   -999.00   -999.00  -999    -2.9    1300     0   0   0   0    20.4487   -61.2677     4265  -999.00   -999.00      354.21
0143    71.5   838.6     18.68     95.2    1291  -999  -999.00   -999.00   -999.00  -999    -2.8    1292     0   0   0   0    20.4485   -61.2676     4238  -999.00   -999.00      354.21
0144    72.0   839.4     18.72     95.1    1283  -999  -999.00   -999.00   -999.00  -999    -2.6    1284     0   0   0   0    20.4482   -61.2675     4212  -999.00   -999.00      354.20
0145    72.5   840.2     18.75     95.1    1275  -999  -999.00   -999.00   -999.00  -999    -2.4    1276     0   0   0   0    20.4480   -61.2675     4185  -999.00   -999.00      354.20
0146    73.0   840.9     18.79     95.1    1267  -999  -999.00   -999.00   -999.00  -999    -2.3    1268     0   0   0   0    20.4477   -61.2674     4160  -999.00   -999.00      354.20
0147    73.5   841.7     18.83     95.0    1260  -999  -999.00   -999.00   -999.00  -999    -2.1    1260     0   0   0   0    20.4475   -61.2673     4134  -999.00   -999.00      354.21
0148    74.0   842.4     18.87     95.0    1252  -999  -999.00   -999.00   -999.00  -999    -1.8    1252     0   0   0   0    20.4472   -61.2672     4109  -999.00   -999.00      354.21
0149    74.5   843.2     18.91     94.9    1244  -999  -999.00   -999.00   -999.00  -999    -1.6    1245     0   0   0   0    20.4470   -61.2671     4084  -999.00   -999.00      354.22
0150    75.0   843.9     18.94     94.9    1237  -999  -999.00   -999.00   -999.00  -999    -1.4    1237     0   0   0   0    20.4468   -61.2670     4060  -999.00   -999.00      354.22
0151    75.5   844.6     18.98     94.8    1230  -999  -999.00   -999.00   -999.00  -999    -1.2    1230     0   0   0   0    20.4465   -61.2669     4036  -999.00   -999.00      354.23
0152    76.0   845.3     19.02     94.8    1223  -999  -999.00   -999.00   -999.00  -999    -1.0    1223     0   0   0   0    20.4463   -61.2668     4013  -999.00   -999.00      354.22
0153    76.5   846.0     19.05     94.7    1216  -999  -999.00   -999.00   -999.00  -999     -.8    1216     0   0   0   0    20.4460   -61.2668     3989  -999.00   -999.00      354.21
0154    77.0   846.7     19.08     94.7    1209  -999  -999.00   -999.00   -999.00  -999     -.7    1209     0   0   0   0    20.4458   -61.2667     3967  -999.00   -999.00      354.20
0155    77.5   847.4     19.11     94.6    1202  -999  -999.00   -999.00   -999.00  -999     -.6    1202     0   0   0   0    20.4455   -61.2666     3944  -999.00   -999.00      354.18
0156    78.0   848.0     19.14     94.6    1195  -999  -999.00   -999.00   -999.00  -999     -.5    1195     0   0   0   0    20.4453   -61.2665     3922  -999.00   -999.00      354.15
0157    78.5   848.7     19.16     94.5    1188  -999  -999.00   -999.00   -999.00  -999     -.5    1188     0   0   0   0    20.4450   -61.2664     3899  -999.00   -999.00      354.11
0158    79.0   849.4     19.19     94.5    1181  -999  -999.00   -999.00   -999.00  -999     -.6    1182     0   0   0   0    20.4448   -61.2663     3877  -999.00   -999.00      354.07
0159    79.5   850.0     19.21     94.4    1174  -999  -999.00   -999.00   -999.00  -999     -.7    1175     0   0   0   0    20.4445   -61.2662     3854  -999.00   -999.00      354.02
0160    80.0   850.7     19.24     94.3    1167  -999  -999.00   -999.00   -999.00  -999     -.8    1168     0   0   0   0    20.4443   -61.2661     3831  -999.00   -999.00      353.97
0161    80.5   851.4     19.27     94.2    1160  -999  -999.00   -999.00   -999.00  -999     -.9    1161     0   0   0   0    20.4441   -61.2660     3808  -999.00   -999.00      353.93
0162    81.0   852.1     19.30     94.1    1153  -999  -999.00   -999.00   -999.00  -999    -1.0    1154     0   0   0   0    20.4438   -61.2659     3785  -999.00   -999.00      353.88
0163    81.5   852.8     19.33     94.1    1146  -999  -999.00   -999.00   -999.00  -999    -1.1    1146     0   0   0   0    20.4436   -61.2658     3761  -999.00   -999.00      353.83
0164    82.0   853.5     19.36     94.0    1139  -999  -999.00   -999.00   -999.00  -999    -1.1    1139     0   0   0   0    20.4433   -61.2657     3738  -999.00   -999.00      353.79
0165    82.5   854.3     19.38     93.9    1132  -999  -999.00   -999.00   -999.00  -999    -1.2    1132     0   0   0   0    20.4431   -61.2656     3714  -999.00   -999.00      353.75
0166    83.0   855.0     19.41     93.9    1124  -999  -999.00   -999.00   -999.00  -999    -1.1    1125     0   0   0   0    20.4428   -61.2655     3690  -999.00   -999.00      353.72
0167    83.5   855.7     19.44     93.8    1117  -999  -999.00   -999.00   -999.00  -999    -1.1    1118     0   0   0   0    20.4426   -61.2654     3666  -999.00   -999.00      353.69
0168    84.0   856.4     19.47     93.8    1110  -999  -999.00   -999.00   -999.00  -999    -1.0    1110     0   0   0   0    20.4423   -61.2653     3643  -999.00   -999.00      353.66
0169    84.5   857.1     19.49     93.8    1103  -999  -999.00   -999.00   -999.00  -999     -.9    1103     0   0   0   0    20.4421   -61.2652     3619  -999.00   -999.00      353.63
0170    85.0   857.8     19.51     93.8    1096  -999  -999.00   -999.00   -999.00  -999     -.7    1096     0   0   0   0    20.4419   -61.2651     3596  -999.00   -999.00      353.60
0171    85.5   858.5     19.52     93.9    1089  -999  -999.00   -999.00   -999.00  -999     -.6    1089     0   0   0   0    20.4416   -61.2650     3573  -999.00   -999.00      353.57
0172    86.0   859.2     19.54     93.9    1082  -999  -999.00   -999.00   -999.00  -999     -.4    1082     0   0   0   0    20.4414   -61.2649     3551  -999.00   -999.00      353.54
0173    86.5   859.8     19.55     94.0    1075  -999  -999.00   -999.00   -999.00  -999     -.3    1076     0   0   0   0    20.4411   -61.2648     3529  -999.00   -999.00      353.51
0174    87.0   860.5     19.55     94.1    1068  -999  -999.00   -999.00   -999.00  -999     -.1    1069     0   0   0   0    20.4409   -61.2647     3507  -999.00   -999.00      353.48
0175    87.5   861.2     19.56     94.3    1062  -999  -999.00   -999.00   -999.00  -999      .1    1062     0   0   0   0    20.4406   -61.2645     3485  -999.00   -999.00      353.44
0176    88.0   861.8     19.56     94.4    1055  -999  -999.00   -999.00   -999.00  -999      .2    1056     0   0   0   0    20.4404   -61.2644     3464  -999.00   -999.00      353.41
0177    88.5   862.5     19.57     94.5    1049  -999  -999.00   -999.00   -999.00  -999      .4    1049     0   0   0   0    20.4401   -61.2643     3443  -999.00   -999.00      353.37
0178    89.0   863.1     19.57     94.6    1043  -999  -999.00   -999.00   -999.00  -999      .5    1043     0   0   0   0    20.4399   -61.2642     3422  -999.00   -999.00      353.33
0179    89.5   863.7     19.58     94.7    1036  -999  -999.00   -999.00   -999.00  -999      .6    1037     0   0   0   0    20.4397   -61.2641     3401  -999.00   -999.00      353.29
0180    90.0   864.3     19.59     94.7    1030  -999  -999.00   -999.00   -999.00  -999      .7    1030     0   0   0   0    20.4394   -61.2640     3381  -999.00   -999.00      353.26
0181    90.5   865.0     19.60     94.8    1024  -999  -999.00   -999.00   -999.00  -999      .9    1024     0   0   0   0    20.4392   -61.2639     3361  -999.00   -999.00      353.23
0182    91.0   865.6     19.62     94.8    1018  -999  -999.00   -999.00   -999.00  -999     1.0    1018     0   0   0   0    20.4389   -61.2638     3340  -999.00   -999.00      353.20
0183    91.5   866.2     19.64     94.8    1012  -999  -999.00   -999.00   -999.00  -999     1.1    1012     0   0   0   0    20.4387   -61.2636     3321  -999.00   -999.00      353.19
0184    92.0   866.8     19.66     94.8    1006  -999  -999.00   -999.00   -999.00  -999     1.3    1006     0   0   0   0    20.4384   -61.2635     3301  -999.00   -999.00      353.18
0185    92.5   867.4     19.69     94.8    1000  -999  -999.00   -999.00   -999.00  -999     1.4    1000     0   0   0   0    20.4382   -61.2634     3282  -999.00   -999.00      353.17
0186    93.0   867.9     19.71     94.8     994  -999  -999.00   -999.00   -999.00  -999     1.6     994     0   0   0   0    20.4380   -61.2633     3263  -999.00   -999.00      353.18
0187    93.5   868.5     19.74     94.8     988  -999  -999.00   -999.00   -999.00  -999     1.7     989     0   0   0   0    20.4377   -61.2632     3244  -999.00   -999.00      353.19
0188    94.0   869.1     19.77     94.7     983  -999  -999.00   -999.00   -999.00  -999     1.9     983     0   0   0   0    20.4375   -61.2631     3225  -999.00   -999.00      353.20
0189    94.5   869.6     19.81     94.7     977  -999  -999.00   -999.00   -999.00  -999     2.0     978     0   0   0   0    20.4372   -61.2629     3207  -999.00   -999.00      353.22
0190    95.0   870.2     19.84     94.7     972  -999  -999.00   -999.00   -999.00  -999     2.1     972     0   0   0   0    20.4370   -61.2628     3189  -999.00   -999.00      353.25
0191    95.5   870.7     19.87     94.6     966  -999  -999.00   -999.00   -999.00  -999     2.2     967     0   0   0   0    20.4367   -61.2627     3171  -999.00   -999.00      353.27
0192    96.0   871.3     19.90     94.6     961  -999  -999.00   -999.00   -999.00  -999     2.2     961     0   0   0   0    20.4365   -61.2626     3153  -999.00   -999.00      353.29
0193    96.5   871.8     19.93     94.6     955  -999  -999.00   -999.00   -999.00  -999     2.2     956     0   0   0   0    20.4362   -61.2624     3136  -999.00   -999.00      353.31
0194    97.0   872.4     19.96     94.6     950  -999  -999.00   -999.00   -999.00  -999     2.1     950     0   0   0   0    20.4360   -61.2623     3118  -999.00   -999.00      353.33
0195    97.5   872.9     19.99     94.5     944  -999  -999.00   -999.00   -999.00  -999     2.1     945     0   0   0   0    20.4358   -61.2622     3100  -999.00   -999.00      353.34
0196    98.0   873.5     20.01     94.5     939  -999  -999.00   -999.00   -999.00  -999     2.0     939     0   0   0   0    20.4355   -61.2621     3082  -999.00   -999.00      353.35
0197    98.5   874.0     20.04     94.5     933  -999  -999.00   -999.00   -999.00  -999     1.8     934     0   0   0   0    20.4353   -61.2619     3064  -999.00   -999.00      353.36
0198    99.0   874.6     20.07     94.5     928  -999  -999.00   -999.00   -999.00  -999     1.7     928     0   0   0   0    20.4350   -61.2618     3045  -999.00   -999.00      353.37
0199    99.5   875.2     20.10     94.4     922  -999  -999.00   -999.00   -999.00  -999     1.5     922     0   0   0   0    20.4348   -61.2617     3026  -999.00   -999.00      353.37
0200   100.0   875.8     20.12     94.4     916  -999  -999.00   -999.00   -999.00  -999     1.4     917     0   0   0   0    20.4346   -61.2616     3007  -999.00   -999.00      353.37
0201   100.5   876.4     20.15     94.4     910  -999  -999.00   -999.00   -999.00  -999     1.3     911     0   0   0   0    20.4343   -61.2614     2988  -999.00   -999.00      353.37
0202   101.0   877.0     20.17     94.4     904  -999  -999.00   -999.00   -999.00  -999     1.1     905     0   0   0   0    20.4341   -61.2613     2968  -999.00   -999.00      353.37
0203   101.5   877.6     20.19     94.5     898  -999  -999.00   -999.00   -999.00  -999     1.0     899     0   0   0   0    20.4338   -61.2612     2948  -999.00   -999.00      353.36
0204   102.0   878.2     20.21     94.5     892  -999  -999.00   -999.00   -999.00  -999      .9     893     0   0   0   0    20.4336   -61.2610     2928  -999.00   -999.00      353.35
0205   102.5   878.8     20.22     94.6     886  -999  -999.00   -999.00   -999.00  -999      .9     886     0   0   0   0    20.4333   -61.2609     2908  -999.00   -999.00      353.34
0206   103.0   879.5     20.23     94.7     880  -999  -999.00   -999.00   -999.00  -999      .9     880     0   0   0   0    20.4331   -61.2608     2888  -999.00   -999.00      353.32
0207   103.5   880.1     20.24     94.8     874  -999  -999.00   -999.00   -999.00  -999      .9     874     0   0   0   0    20.4329   -61.2606     2868  -999.00   -999.00      353.30
0208   104.0   880.7     20.24     94.9     868  -999  -999.00   -999.00   -999.00  -999      .9     868     0   0   0   0    20.4326   -61.2605     2848  -999.00   -999.00      353.28
0209   104.5   881.3     20.25     95.0     862  -999  -999.00   -999.00   -999.00  -999     1.0     862     0   0   0   0    20.4324   -61.2604     2828  -999.00   -999.00      353.25
0210   105.0   881.9     20.25     95.2     855  -999  -999.00   -999.00   -999.00  -999     1.1     856     0   0   0   0    20.4321   -61.2602     2808  -999.00   -999.00      353.23
0211   105.5   882.5     20.24     95.4     850  -999  -999.00   -999.00   -999.00  -999     1.3     850     0   0   0   0    20.4319   -61.2601     2789  -999.00   -999.00      353.20
0212   106.0   883.1     20.24     95.5     844  -999  -999.00   -999.00   -999.00  -999     1.5     844     0   0   0   0    20.4316   -61.2599     2770  -999.00   -999.00      353.17
0213   106.5   883.7     20.24     95.7     838  -999  -999.00   -999.00   -999.00  -999     1.6     838     0   0   0   0    20.4314   -61.2598     2751  -999.00   -999.00      353.14
0214   107.0   884.3     20.23     95.9     832  -999  -999.00   -999.00   -999.00  -999     1.8     833     0   0   0   0    20.4312   -61.2597     2732  -999.00   -999.00      353.12
0215   107.5   884.9     20.23     96.0     827  -999  -999.00   -999.00   -999.00  -999     2.0     827     0   0   0   0    20.4309   -61.2595     2714  -999.00   -999.00      353.09
0216   108.0   885.4     20.23     96.2     821  -999  -999.00   -999.00   -999.00  -999     2.2     822     0   0   0   0    20.4307   -61.2594     2696  -999.00   -999.00      353.07
0217   108.5   886.0     20.24     96.3     816  -999  -999.00   -999.00   -999.00  -999     2.3     816     0   0   0   0    20.4304   -61.2592     2678  -999.00   -999.00      353.05
0218   109.0   886.5     20.24     96.4     811  -999  -999.00   -999.00   -999.00  -999     2.4     811     0   0   0   0    20.4302   -61.2591     2661  -999.00   -999.00      353.04
0219   109.5   887.0     20.25     96.5     805  -999  -999.00   -999.00   -999.00  -999     2.5     806     0   0   0   0    20.4300   -61.2589     2644  -999.00   -999.00      353.04
0220   110.0   887.6     20.27     96.5     800  -999  -999.00   -999.00   -999.00  -999     2.6     801     0   0   0   0    20.4297   -61.2588     2627  -999.00   -999.00      353.03
0221   110.5   888.1     20.28     96.6     795   330    61.51     30.53    -53.40     5     2.6     796     0   0   0   0    20.4295   -61.2587     2610   119.33    137.78      353.04
0222   111.0   888.6     20.30     96.6     790   330    62.52     31.21    -54.18     5     2.6     790     0   0   0   0    20.4292   -61.2585     2593   121.30    140.06      353.04
0223   111.5   889.1     20.32     96.6     785   330    62.07     30.75    -53.92     5     2.5     785     0   0   0   0    20.4290   -61.2584     2576   120.42    139.05      353.05
0224   112.0   889.7     20.34     96.7     780   331    61.87     30.39    -53.89     5     2.4     780     0   0   0   0    20.4287   -61.2582     2559   120.03    138.59      353.07
0225   112.5   890.2     20.37     96.7     774   330    62.20     30.75    -54.07     5     2.3     775     0   0   0   0    20.4285   -61.2581     2542   120.67    139.33      353.09
0226   113.0   890.8     20.39     96.7     769   330    62.59     31.28    -54.21     5     2.1     769     0   0   0   0    20.4282   -61.2579     2524   121.43    140.21      353.10
0227   113.5   891.3     20.42     96.7     763  -999  -999.00   -999.00   -999.00  -999     1.9     764     0   0   0   0    20.4280   -61.2578     2506  -999.00   -999.00      353.13
0228   114.0   891.9     20.45     96.7     758   330    61.45     30.68    -53.24     5     1.7     758     0   0   0   0    20.4278   -61.2576     2488   119.21    137.64      353.15
0229   114.5   892.5     20.48     96.6     752   331    62.65     30.51    -54.72     5     1.5     753     0   0   0   0    20.4275   -61.2575     2470   121.55    140.35      353.17
0230   115.0   893.1     20.51     96.6     746   317    66.07     44.84    -48.53     5     1.3     747     0   0   0   0    20.4273   -61.2573     2451   128.19    148.01      353.19
0231   115.5   893.7     20.54     96.6     741   330    62.80     30.98    -54.62     5     1.1     741     0   0   0   0    20.4271   -61.2571     2431   121.83    140.66      353.22
0232   116.0   894.3     20.57     96.6     735   323    63.45     37.93    -50.86     4      .9     735     0   0   0   0    20.4268   -61.2569     2412   123.09    142.13      353.24
0233   116.5   894.9     20.61     96.6     729   315    65.03     46.36    -45.60     4      .7     729     0   0   0   0    20.4266   -61.2567     2392   126.15    145.66      353.27
0234   117.0   895.6     20.64     96.5     722   321    61.60     38.38    -48.18     4      .5     723     0   0   0   0    20.4264   -61.2565     2372   119.50    137.98      353.29
0235   117.5   896.2     20.67     96.5     716   321    61.50     38.33    -48.09     4      .3     717     0   0   0   0    20.4262   -61.2563     2351   119.30    137.75      353.32
0236   118.0   896.9     20.71     96.5     710   321    61.15     38.21    -47.74     4      .1     710     0   0   0   0    20.4260   -61.2562     2330   118.64    136.99      353.35
0237   118.5   897.5     20.75     96.5     703   322    60.69     37.73    -47.53     4     -.1     704     0   0   0   0    20.4258   -61.2560     2309   117.74    135.95      353.38
0238   119.0   898.2     20.78     96.4     697   323    60.82     36.95    -48.30     4     -.3     697     0   0   0   0    20.4255   -61.2558     2287   117.99    136.23      353.41
0239   119.5   898.9     20.82     96.4     690   324    61.40     36.43    -49.42     4     -.5     690     0   0   0   0    20.4253   -61.2556     2265   119.11    137.53      353.44
0240   120.0   899.6     20.86     96.4     683   324    61.51     36.41    -49.58     4     -.7     684     0   0   0   0    20.4251   -61.2555     2243   119.34    137.79      353.47
0241   120.5   900.3     20.90     96.3     676   324    60.85     36.02    -49.05     4     -.9     677     0   0   0   0    20.4249   -61.2553     2221   118.05    136.30      353.50
0242   121.0   901.0     20.94     96.3     669   324    60.09     35.29    -48.63     5    -1.1     670     0   0   0   0    20.4246   -61.2551     2198   116.57    134.60      353.53
0243   121.5   901.8     20.98     96.2     662   323    59.68     35.52    -47.95     5    -1.3     663     0   0   0   0    20.4244   -61.2549     2174   115.77    133.67      353.55
0244   122.0   902.5     21.02     96.2     655   323    59.73     35.75    -47.85     5    -1.5     656     0   0   0   0    20.4242   -61.2548     2151   115.87    133.79      353.58
0245   122.5   903.3     21.07     96.1     648   323    59.49     35.98    -47.38     5    -1.7     648     0   0   0   0    20.4240   -61.2546     2127   115.41    133.25      353.60
0246   123.0   904.0     21.11     96.0     640   323    59.36     35.94    -47.24     5    -1.8     641     0   0   0   0    20.4238   -61.2544     2103   115.16    132.97      353.62
0247   123.5   904.8     21.16     95.9     633  -999  -999.00   -999.00   -999.00  -999    -1.9     634     0   0   0   0    20.4236   -61.2543     2079  -999.00   -999.00      353.64
0248   124.0   905.6     21.21     95.7     626   321    58.59     36.67    -45.70     5    -2.0     626     0   0   0   0    20.4234   -61.2541     2054   113.67    131.24      353.65
0249   124.5   906.4     21.27     95.5     618   323    59.63     36.22    -47.37     5    -2.1     619     0   0   0   0    20.4232   -61.2539     2029   115.68    133.57      353.65
0250   125.0   907.2     21.33     95.3     611   322    59.36     36.66    -46.68     5    -2.1     611     0   0   0   0    20.4229   -61.2537     2005   115.15    132.96      353.65
0251   125.5   907.9     21.39     95.0     603   322    59.16     36.81    -46.31     5    -2.1     603     0   0   0   0    20.4227   -61.2536     1980   114.77    132.51      353.64
0252   126.0   908.7     21.45     94.7     595   322    58.57     35.91    -46.27     5    -2.1     596     0   0   0   0    20.4225   -61.2534     1955   113.63    131.20      353.63
0253   126.5   909.5     21.52     94.3     588   322    57.85     35.36    -45.78     5    -2.0     588     0   0   0   0    20.4223   -61.2532     1931   112.22    129.58      353.61
0254   127.0   910.3     21.59     94.0     581   322    58.25     35.92    -45.85     5    -1.9     581     0   0   0   0    20.4221   -61.2530     1906   113.00    130.47      353.59
0255   127.5   911.0     21.67     93.6     573   322    59.02     36.43    -46.44     5    -1.8     574     0   0   0   0    20.4219   -61.2529     1882   114.51    132.22      353.57
0256   128.0   911.8     21.74     93.2     566   322    58.39     35.99    -45.98     5    -1.7     566     0   0   0   0    20.4217   -61.2527     1858   113.28    130.80      353.55
0257   128.5   912.6     21.82     92.8     559  -999  -999.00   -999.00   -999.00  -999    -1.6     559     0   0   0   0    20.4215   -61.2525     1834  -999.00   -999.00      353.54
0258   129.0   913.3     21.89     92.4     551  -999  -999.00   -999.00   -999.00  -999    -1.5     552     0   0   0   0    20.4213   -61.2524     1811  -999.00   -999.00      353.53
0259   129.5   914.1     21.96     92.1     544   322    58.14     35.49    -46.05     5    -1.4     545     0   0   0   0    20.4211   -61.2522     1787   112.79    130.23      353.53
0260   130.0   914.8     22.02     91.8     537   323    58.86     35.48    -46.96     5    -1.3     538     0   0   0   0    20.4209   -61.2520     1764   114.18    131.84      353.53
0261   130.5   915.6     22.08     91.6     530   323    58.54     35.56    -46.51     5    -1.2     531     0   0   0   0    20.4207   -61.2518     1741   113.58    131.14      353.54
0262   131.0   916.3     22.13     91.5     523   322    58.28     35.64    -46.11     5    -1.1     524     0   0   0   0    20.4204   -61.2517     1718   113.06    130.55      353.55
0263   131.5   917.0     22.17     91.4     516   322    58.60     35.84    -46.35     5    -1.0     517     0   0   0   0    20.4202   -61.2515     1695   113.68    131.25      353.56
0264   132.0   917.7     22.20     91.4     509   322    58.97     36.23    -46.53     5     -.9     510     0   0   0   0    20.4200   -61.2513     1672   114.41    132.10      353.56
0265   132.5   918.5     22.22     91.4     502   322    59.11     36.66    -46.37     5     -.8     503     0   0   0   0    20.4198   -61.2511     1650   114.68    132.41      353.56
0266   133.0   919.2     22.23     91.5     496   321    59.20     37.12    -46.11     5     -.7     496     0   0   0   0    20.4196   -61.2510     1627   114.84    132.60      353.55
0267   133.5   919.9     22.23     91.7     489   321    59.38     37.63    -45.93     5     -.6     489     0   0   0   0    20.4194   -61.2508     1605   115.19    133.01      353.53
0268   134.0   920.6     22.23     91.9     482   320    59.60     38.17    -45.78     5     -.5     483     0   0   0   0    20.4192   -61.2506     1583   115.63    133.51      353.50
0269   134.5   921.3     22.22     92.1     475   320    59.78     38.67    -45.59     5     -.4     476     0   0   0   0    20.4190   -61.2504     1562   115.97    133.91      353.45
0270   135.0   922.0     22.21     92.3     469   319    59.89     39.12    -45.35     4     -.2     469     0   0   0   0    20.4188   -61.2502     1540   116.19    134.16      353.40
0271   135.5   922.7     22.19     92.5     462   319    59.95     39.53    -45.07     5     -.1     463     0   0   0   0    20.4186   -61.2500     1519   116.31    134.30      353.33
0272   136.0   923.3     22.18     92.7     456   318    59.98     39.92    -44.77     5      .1     457     0   0   0   0    20.4184   -61.2499     1498   116.37    134.36      353.25
0273   136.5   924.0     22.16     92.9     450   318    60.00     40.29    -44.46     5      .2     450     0   0   0   0    20.4182   -61.2497     1477   116.41    134.41      353.18
0274   137.0   924.7     22.15     93.1     443   317    60.01     40.65    -44.14     4      .3     444     0   0   0   0    20.4180   -61.2495     1457   116.42    134.42      353.10
0275   137.5   925.3     22.15     93.2     437   317    59.99     40.97    -43.81     4      .4     438     0   0   0   0    20.4178   -61.2493     1436   116.37    134.37      353.03
0276   138.0   926.0     22.14     93.3     431   317    59.93     41.24    -43.48     4      .4     432     0   0   0   0    20.4176   -61.2491     1416   116.27    134.25      352.96
0277   138.5   926.6     22.15     93.3     425   316    59.84     41.47    -43.14     4      .5     426     0   0   0   0    20.4174   -61.2489     1396   116.09    134.04      352.91
0278   139.0   927.3     22.16     93.4     419   316    59.71     41.66    -42.78     4      .5     419     0   0   0   0    20.4172   -61.2487     1376   115.84    133.76      352.87
0279   139.5   927.9     22.17     93.4     413   315    59.57     41.80    -42.45     4      .4     413     0   0   0   0    20.4170   -61.2485     1356   115.57    133.44      352.83
0280   140.0   928.6     22.19     93.4     407   315    59.50     41.94    -42.21     4      .3     407     0   0   0   0    20.4168   -61.2483     1336   115.44    133.29      352.81
0281   140.5   929.2     22.21     93.4     401   315    59.64     42.17    -42.17     4      .2     401     0   0   0   0    20.4166   -61.2481     1316   115.71    133.60      352.80
0282   141.0   929.9     22.24     93.4     394   315    59.91     42.44    -42.28     4      .0     395     0   0   0   0    20.4164   -61.2479     1295   116.22    134.20      352.80
0283   141.5   930.6     22.27     93.4     388   315    59.98     42.57    -42.26     4     -.2     388     0   0   0   0    20.4162   -61.2477     1274   116.37    134.36      352.80
0284   142.0   931.3     22.30     93.3     381   315    59.75     42.59    -41.90     4     -.4     382     0   0   0   0    20.4160   -61.2475     1253   115.91    133.83      352.80
0285   142.5   932.0     22.34     93.2     375   314    59.01     42.34    -41.10     4     -.6     375     0   0   0   0    20.4159   -61.2473     1231   114.48    132.18      352.81
0286   143.0   932.7     22.38     93.1     368   313    58.15     42.22    -39.98     4     -.8     368     0   0   0   0    20.4157   -61.2471     1209   112.80    130.25      352.82
0287   143.5   933.4     22.43     93.0     361  -999  -999.00   -999.00   -999.00  -999    -1.0     362     0   0   0   0    20.4155   -61.2469     1186  -999.00   -999.00      352.83
0288   144.0   934.2     22.48     92.9     354   316    60.42     42.30    -43.15     4    -1.2     355     0   0   0   0    20.4153   -61.2467     1164   117.21    135.34      352.84
0289   144.5   934.9     22.53     92.7     347  -999  -999.00   -999.00   -999.00  -999    -1.3     348     0   0   0   0    20.4151   -61.2465     1140  -999.00   -999.00      352.85
0290   145.0   935.7     22.58     92.5     340  -999  -999.00   -999.00   -999.00  -999    -1.4     341     0   0   0   0    20.4149   -61.2463     1117  -999.00   -999.00      352.86
0291   145.5   936.5     22.64     92.3     333   316    60.11     41.65    -43.34     4    -1.4     333     0   0   0   0    20.4147   -61.2461     1094   116.61    134.65      352.86
0292   146.0   937.2     22.69     92.1     326  -999  -999.00   -999.00   -999.00  -999    -1.4     326     0   0   0   0    20.4145   -61.2458     1070  -999.00   -999.00      352.87
0293   146.5   938.0     22.75     91.9     319   315    60.86     42.66    -43.40     4    -1.3     319     0   0   0   0    20.4143   -61.2456     1047   118.06    136.32      352.87
0294   147.0   938.7     22.79     91.8     312   316    60.31     42.10    -43.18     4    -1.2     312     0   0   0   0    20.4141   -61.2454     1024   116.99    135.09      352.88
0295   147.5   939.5     22.84     91.7     305  -999  -999.00   -999.00   -999.00  -999    -1.0     305     0   0   0   0    20.4139   -61.2452     1001  -999.00   -999.00      352.88
0296   148.0   940.2     22.88     91.6     298  -999  -999.00   -999.00   -999.00  -999     -.8     298     0   0   0   0    20.4137   -61.2450      978  -999.00   -999.00      352.88
0297   148.5   940.9     22.91     91.5     291  -999  -999.00   -999.00   -999.00  -999     -.6     292     0   0   0   0    20.4136   -61.2448      956  -999.00   -999.00      352.88
0298   149.0   941.7     22.93     91.6     284  -999  -999.00   -999.00   -999.00  -999     -.4     285     0   0   0   0    20.4134   -61.2446      935  -999.00   -999.00      352.88
0299   149.5   942.3     22.95     91.6     278  -999  -999.00   -999.00   -999.00  -999     -.1     278     0   0   0   0    20.4132   -61.2444      914  -999.00   -999.00      352.87
0300   150.0   943.0     22.96     91.8     272  -999  -999.00   -999.00   -999.00  -999      .1     272     0   0   0   0    20.4130   -61.2442      893  -999.00   -999.00      352.86
0301   150.5   943.7     22.96     91.9     265  -999  -999.00   -999.00   -999.00  -999      .4     266     0   0   0   0    20.4128   -61.2440      873  -999.00   -999.00      352.85
0302   151.0   944.3     22.95     92.1     259  -999  -999.00   -999.00   -999.00  -999      .6     260     0   0   0   0    20.4126   -61.2437      853  -999.00   -999.00      352.83
0303   151.5   945.0     22.94     92.3     253  -999  -999.00   -999.00   -999.00  -999      .8     254     0   0   0   0    20.4125   -61.2435      833  -999.00   -999.00      352.81
0304   152.0   945.6     22.93     92.6     248  -999  -999.00   -999.00   -999.00  -999     1.0     248     0   0   0   0    20.4123   -61.2433      814  -999.00   -999.00      352.78
0305   152.5   946.2     22.91     92.8     242   309    60.71     47.29    -38.08     4     1.1     242     0   0   0   0    20.4121   -61.2431      795   117.78    135.99      352.76
0306   153.0   946.9     22.90     93.1     236   307    61.43     48.87    -37.22     4     1.2     237     0   0   0   0    20.4120   -61.2428      776   119.17    137.60      352.74
0307   153.5   947.5     22.88     93.4     230   307    61.01     48.46    -37.06     4     1.3     231     0   0   0   0    20.4118   -61.2426      758   118.35    136.65      352.72
0308   154.0   948.1     22.87     93.6     225   307    59.60     47.42    -36.10     4     1.4     225     0   0   0   0    20.4116   -61.2424      739   115.62    133.50      352.70
0309   154.5   948.7     22.87     93.8     219   307    58.31     46.67    -34.95     5     1.5     220     0   0   0   0    20.4115   -61.2422      721   113.12    130.62      352.70
0310   155.0   949.3     22.86     94.0     214   307    57.66     46.34    -34.31     4     1.5     214     0   0   0   0    20.4113   -61.2419      703   111.85    129.15      352.70
0311   155.5   949.9     22.86     94.2     208   306    57.29     46.24    -33.83     5     1.6     209     0   0   0   0    20.4112   -61.2417      685   111.15    128.34      352.71
0312   156.0   950.5     22.87     94.4     203   306    57.09     46.23    -33.50     5     1.6     203     0   0   0   0    20.4110   -61.2415      666   110.75    127.88      352.72
0313   156.5   951.1     22.88     94.5     197   306    57.01     46.24    -33.36     5     1.6     198     0   0   0   0    20.4109   -61.2413      648   110.61    127.71      352.75
0314   157.0   951.7     22.90     94.6     192   306    57.02     46.29    -33.28     5     1.6     192     0   0   0   0    20.4107   -61.2411      630   110.61    127.71      352.77
0315   157.5   952.3     22.92     94.7     186   306    57.04     46.37    -33.22     5     1.7     187     0   0   0   0    20.4106   -61.2408      612   110.66    127.77      352.81
0316   158.0   952.9     22.94     94.7     181   306    57.08     46.46    -33.16     6     1.7     181     0   0   0   0    20.4104   -61.2406      595   110.73    127.85      352.84
0317   158.5   953.5     22.97     94.7     175   305    57.13     46.56    -33.10     6     1.7     176     0   0   0   0    20.4103   -61.2404      577   110.82    127.96      352.88
0318   159.0   954.1     23.00     94.7     170   305    57.18     46.67    -33.04     6     1.7     170     0   0   0   0    20.4101   -61.2402      559   110.93    128.08      352.93
0319   159.5   954.6     23.04     94.7     164   305    57.23     46.77    -32.99     6     1.6     165     0   0   0   0    20.4100   -61.2399      541   111.03    128.20      352.97
0320   160.0   955.2     23.08     94.7     159   305    57.28     46.87    -32.93     6     1.6     159     0   0   0   0    20.4098   -61.2397      523   111.13    128.31      353.03
0321   160.5   955.8     23.12     94.6     153   305    57.30     46.96    -32.84     6     1.5     154     0   0   0   0    20.4097   -61.2395      505   111.17    128.36      353.09
0322   161.0   956.4     23.16     94.6     148   305    57.28     47.02    -32.72     6     1.4     148     0   0   0   0    20.4095   -61.2393      487   111.13    128.32      353.15
0323   161.5   957.0     23.20     94.5     142   305    57.21     47.07    -32.51     6     1.3     143     0   0   0   0    20.4094   -61.2390      469   110.98    128.14      353.22
0324   162.0   957.7     23.25     94.5     137   304    57.06     47.09    -32.21     6     1.2     137     0   0   0   0    20.4092   -61.2388      450   110.69    127.80      353.31
0325   162.5   958.3     23.29     94.5     131   304    56.77     47.07    -31.74     6     1.1     132     0   0   0   0    20.4091   -61.2386      431   110.14    127.17      353.40
0326   163.0   958.9     23.34     94.5     125   304    56.34     46.97    -31.10     6      .9     126     0   0   0   0    20.4089   -61.2384      412   109.29    126.19      353.51
0327   163.5   959.6     23.39     94.5     119   303    55.83     46.83    -30.41     6      .8     120     0   0   0   0    20.4088   -61.2381      393   108.31    125.06      353.63
0328   164.0   960.2     23.43     94.5     113   302    55.31     46.66    -29.69     5      .7     114     0   0   0   0    20.4087   -61.2379      374   107.29    123.89      353.76
0329   164.5   960.9     23.48     94.6     107   302    54.76     46.49    -28.94     5      .5     108     0   0   0   0    20.4085   -61.2377      354   106.24    122.67      353.90
0330   165.0   961.5     23.53     94.7     101   301    54.22     46.31    -28.19     5      .4     102     0   0   0   0    20.4084   -61.2375      334   105.18    121.45      354.05
0331   165.5   962.2     23.58     94.8      95   301    53.69     46.13    -27.46     5      .3      96     0   0   0   0    20.4083   -61.2372      314   104.15    120.26      354.21
0332   166.0   962.9     23.62     94.9      89   300    53.17     45.95    -26.74     5      .2      90     0   0   0   0    20.4082   -61.2370      294   103.14    119.09      354.38
0333   166.5   963.6     23.67     95.0      83   300    52.66     45.77    -26.03     5      .2      83     0   0   0   0    20.4080   -61.2368      274   102.15    117.95      354.55
0334   167.0   964.2     23.72     95.1      77   299    52.16     45.58    -25.36     5      .2      77     0   0   0   0    20.4079   -61.2366      253   101.18    116.83      354.73
0335   167.5   964.9     23.77     95.1      70   299    51.68     45.37    -24.74     4      .2      71     0   0   0   0    20.4078   -61.2364      233   100.25    115.75      354.91
0336   168.0   965.6     23.83     95.2      64   298    51.22     45.14    -24.21     4      .2      65     0   0   0   0    20.4077   -61.2362      212    99.37    114.74      355.09
0337   168.5   966.3     23.88     95.3      58   298    50.79     44.86    -23.81     4      .3      58     0   0   0   0    20.4076   -61.2359      192    98.53    113.76      355.26
0338   169.0   967.0     23.94     95.3      52   298    50.34     44.50    -23.54     4      .5      52     0   0   0   0    20.4075   -61.2357      172    97.66    112.76      355.44
0339   169.5   967.6     24.00     95.3      46   298    49.85     43.98    -23.46     4      .9      46     0   0   0   0    20.4074   -61.2355      152    96.71    111.67      355.61
0340   170.0   968.3     24.06     95.3      40   299    49.36     43.27    -23.74     4     1.4      40     0   0   0   0    20.4073   -61.2353      132    95.75    110.56      355.80
0341   170.5   968.9     24.12     95.4      34   300    48.84     42.40    -24.24     4     1.4      34     0   0   0   0    20.4072   -61.2351      113    94.74    109.39      356.05
0342   171.0   969.5     24.19     95.7      28   300    48.06     41.42    -24.39     4      .8      29     0   0   0   0    20.4071   -61.2349       95    93.24    107.66      356.43
0343   171.5   970.0     24.26     96.2      24   302    47.26     40.21    -24.83     4      .8      24     0   0   0   0    20.4070   -61.2347       80    91.68    105.86      357.01
0344   172.0   970.5     24.34     96.8      20   305    44.91     36.98    -25.48     4      .9      20     0   0   0   0    20.4068   -61.2345       67    87.12    100.60      357.72
0345   172.5   971.2     24.43     97.0      13  -999  -999.00   -999.00   -999.00  -999      .9      14     0   0   0   0    20.4067   -61.2344       46  -999.00   -999.00      358.07
0346   173.0   972.2     24.50     96.7       5  -999  -999.00   -999.00   -999.00  -999      .7       5     0   0   0   0    20.4066   -61.2342       17  -999.00   -999.00      358.14
