 ===========================================================================
 DROPWINDSONDE PROCESSING RECORD                            Sonde: 180715412
 FRD file written by Aspen V3.3-652, 04 Sep 2018 13:04 UTC
 Aircraft: AFRC C-130J, ---                  Date: 180904   Time: 130122 UTC
 ---------------------------------------------------------------------------
 Bias corrections:  PR =   0.0 mb  TE =   0.0 C  RH =   0.0 %  PRB =  0.0 mb
 Filters (LPF):     PTH = 
 Dyn RH correction = 
 Estimated PR used = 
 Dyn T correction  = 
 ---------------------------------------------------------------------------
 COMMENT: BAKER, Good Drop; TDDryBiasCorrApplied
 ===========================================================================

 ===========================================================================
 Date: 180904   Lat:  28.29 N   TA:   21.7 C   PS:  844.4 mb   WD:     3 deg
 Time: 130122   Lon:  86.52 W   TD:   16.5 C   GA:   1522 m    WS:   0.9 m/s
 SID:  180715412                RH:   71.8 %   Navaid:   GP
 ===========================================================================

IX      t (s)  P (mb)    T (C)    RH (%)  Z (m)   WD    WS (m/s)   U (m/s)   V (m/s)  NS  WZ (m/s)  ZW (m)   FP  FT  FH  FW    LAT (N)   LON (E)
0001     0.0  -999.0   -999.00   -999.0    -999  -999  -999.00   -999.00   -999.00     6  -999.0    -999     0   0   0   0      28.288   -86.522
0002     0.2  -999.0   -999.00   -999.0    -999  -999  -999.00   -999.00   -999.00     6  -999.0    -999     0   0   0   0    -999.000  -999.000
0003     0.5  -999.0   -999.00   -999.0    -999  -999  -999.00   -999.00   -999.00     6  -999.0    -999     0   0   0   0      28.288   -86.523
0004     0.8  -999.0   -999.00   -999.0    -999  -999  -999.00   -999.00   -999.00     7  -999.0    -999     0   0   0   0    -999.000  -999.000
0005     1.0  -999.0   -999.00   -999.0    -999  -999  -999.00   -999.00   -999.00     6  -999.0    -999     0   0   0   0      28.288   -86.523
0006     1.2  -999.0   -999.00   -999.0    -999  -999  -999.00   -999.00   -999.00     6  -999.0    -999     0   0   0   0    -999.000  -999.000
0007     1.5  -999.0   -999.00   -999.0    -999  -999  -999.00   -999.00   -999.00     7  -999.0    -999     0   0   0   0      28.288   -86.523
0008     1.8  -999.0   -999.00   -999.0    -999  -999  -999.00   -999.00   -999.00     6  -999.0    -999     0   0   0   0    -999.000  -999.000
0009     2.0  -999.0   -999.00   -999.0    -999  -999  -999.00   -999.00   -999.00     7  -999.0    -999     0   0   0   0      28.288   -86.523
0010     2.2  -999.0   -999.00   -999.0    -999  -999  -999.00   -999.00   -999.00     6  -999.0    -999     0   0   0   0    -999.000  -999.000
0011     2.5  -999.0   -999.00   -999.0    -999  -999  -999.00   -999.00   -999.00     7  -999.0    -999     0   0   0   0      28.288   -86.523
0012     2.8  -999.0   -999.00   -999.0    -999  -999  -999.00   -999.00   -999.00     9  -999.0    -999     0   0   0   0    -999.000  -999.000
0013     3.0  -999.0   -999.00   -999.0    -999  -999  -999.00   -999.00   -999.00     7  -999.0    -999     0   0   0   0      28.288   -86.523
0014     3.2  -999.0   -999.00   -999.0    -999  -999  -999.00   -999.00   -999.00     7  -999.0    -999     0   0   0   0    -999.000  -999.000
0015     3.5  -999.0   -999.00   -999.0    -999  -999  -999.00   -999.00   -999.00     9  -999.0    -999     0   0   0   0      28.288   -86.523
0016     3.8  -999.0   -999.00   -999.0    -999  -999  -999.00   -999.00   -999.00    10  -999.0    -999     0   0   0   0    -999.000  -999.000
0017     4.0  -999.0   -999.00   -999.0    -999  -999  -999.00   -999.00   -999.00    11  -999.0    -999     0   0   0   0      28.288   -86.523
0018     4.2  -999.0   -999.00   -999.0    -999  -999  -999.00   -999.00   -999.00    11  -999.0    -999     0   0   0   0    -999.000  -999.000
0019     4.5  -999.0   -999.00   -999.0    -999  -999  -999.00   -999.00   -999.00    11  -999.0    -999     0   0   0   0      28.288   -86.523
0020     4.8  -999.0   -999.00   -999.0    -999  -999  -999.00   -999.00   -999.00    12  -999.0    -999     0   0   0   0    -999.000  -999.000
0021     5.0  -999.0   -999.00   -999.0    -999  -999  -999.00   -999.00   -999.00    12  -999.0    -999     0   0   0   0      28.288   -86.523
0022     5.2  -999.0   -999.00   -999.0    -999  -999  -999.00   -999.00   -999.00    12  -999.0    -999     0   0   0   0    -999.000  -999.000
0023     5.5  -999.0   -999.00   -999.0    -999  -999  -999.00   -999.00   -999.00    12  -999.0    -999     0   0   0   0      28.288   -86.523
0024     5.8  -999.0   -999.00   -999.0    -999  -999  -999.00   -999.00   -999.00    13  -999.0    -999     0   0   0   0    -999.000  -999.000
0025     6.0  -999.0   -999.00   -999.0    -999  -999  -999.00   -999.00   -999.00    13  -999.0    -999     0   0   0   0      28.288   -86.523
0026     6.2  -999.0   -999.00   -999.0    -999  -999  -999.00   -999.00   -999.00    13  -999.0    -999     0   0   0   0    -999.000  -999.000
0027     6.5  -999.0   -999.00   -999.0    -999  -999  -999.00   -999.00   -999.00    12  -999.0    -999     0   0   0   0      28.288   -86.523
0028     6.8  -999.0   -999.00   -999.0    -999  -999  -999.00   -999.00   -999.00    12  -999.0    -999     0   0   0   0    -999.000  -999.000
0029     7.0  -999.0   -999.00   -999.0    -999  -999  -999.00   -999.00   -999.00    13  -999.0    -999     0   0   0   0      28.288   -86.523
0030     7.2  -999.0   -999.00   -999.0    -999  -999  -999.00   -999.00   -999.00    13  -999.0    -999     0   0   0   0    -999.000  -999.000
0031     7.5  -999.0   -999.00   -999.0    -999  -999  -999.00   -999.00   -999.00    13  -999.0    -999     0   0   0   0      28.288   -86.523
0032     7.8  -999.0   -999.00   -999.0    -999  -999  -999.00   -999.00   -999.00    13  -999.0    -999     0   0   0   0    -999.000  -999.000
0033     8.0  -999.0   -999.00   -999.0    -999  -999  -999.00   -999.00   -999.00    13  -999.0    -999     0   0   0   0      28.288   -86.523
0034     8.2  -999.0   -999.00   -999.0    -999  -999  -999.00   -999.00   -999.00    13  -999.0    -999     0   0   0   0    -999.000  -999.000
0035     8.5  -999.0   -999.00   -999.0    -999  -999  -999.00   -999.00   -999.00    13  -999.0    -999     0   0   0   0      28.288   -86.523
0036     8.8  -999.0   -999.00   -999.0    -999  -999  -999.00   -999.00   -999.00    13  -999.0    -999     0   0   0   0    -999.000  -999.000
0037     9.0  -999.0   -999.00   -999.0    -999  -999  -999.00   -999.00   -999.00    13  -999.0    -999     0   0   0   0      28.288   -86.523
0038     9.2  -999.0   -999.00   -999.0    -999  -999  -999.00   -999.00   -999.00    13  -999.0    -999     0   0   0   0    -999.000  -999.000
0039     9.5   854.8     23.09     63.8    1425  -999  -999.00   -999.00   -999.00    13     0.4    1425     0   0   0   0      28.288   -86.523
0040     9.8  -999.0   -999.00   -999.0    -999  -999  -999.00   -999.00   -999.00    13  -999.0    -999     0   0   0   0    -999.000  -999.000
0041    10.0   855.3     23.13     63.6    1420   193     0.47      0.11      0.46    13     0.4    1420     0   0   0   0      28.288   -86.523
0042    10.2  -999.0   -999.00   -999.0    -999   195     0.46      0.12      0.45    14  -999.0    -999     0   0   0   0    -999.000  -999.000
0043    10.5   855.8     23.18     63.4    1414   198     0.45      0.14      0.43    14     0.4    1414     0   0   0   0      28.288   -86.523
0044    10.8  -999.0   -999.00   -999.0    -999   201     0.44      0.15      0.41    14  -999.0    -999     0   0   0   0    -999.000  -999.000
0045    11.0   856.3     23.22     63.3    1409   204     0.42      0.17      0.39    14     0.3    1409     0   0   0   0      28.288   -86.523
0046    11.2  -999.0   -999.00   -999.0    -999   208     0.41      0.19      0.36    14  -999.0    -999     0   0   0   0    -999.000  -999.000
0047    11.5   856.8     23.26     63.2    1404   212     0.40      0.21      0.34    14     0.3    1404     0   0   0   0      28.288   -86.523
0048    11.8  -999.0   -999.00   -999.0    -999   217     0.39      0.24      0.31    14  -999.0    -999     0   0   0   0    -999.000  -999.000
0049    12.0   857.3     23.30     63.0    1399   222     0.39      0.26      0.29    14     0.3    1399     0   0   0   0      28.288   -86.523
0050    12.2  -999.0   -999.00   -999.0    -999   228     0.38      0.28      0.26    14  -999.0    -999     0   0   0   0    -999.000  -999.000
0051    12.5   857.8     23.34     62.9    1394   233     0.39      0.31      0.23    14     0.2    1394     0   0   0   0      28.288   -86.523
0052    12.8  -999.0   -999.00   -999.0    -999   239     0.40      0.34      0.21    14  -999.0    -999     0   0   0   0    -999.000  -999.000
0053    13.0   858.3     23.38     62.8    1389   244     0.41      0.37      0.18    14     0.2    1389     0   0   0   0      28.288   -86.523
0054    13.2  -999.0   -999.00   -999.0    -999   248     0.42      0.39      0.16    14  -999.0    -999     0   0   0   0    -999.000  -999.000
0055    13.5   858.8     23.41     62.7    1383   252     0.44      0.42      0.14    14     0.2    1383     0   0   0   0      28.288   -86.523
0056    13.8  -999.0   -999.00   -999.0    -999   256     0.46      0.45      0.12    14  -999.0    -999     0   0   0   0    -999.000  -999.000
0057    14.0   859.3     23.45     62.6    1378   258     0.49      0.48      0.10    14     0.2    1378     0   0   0   0      28.288   -86.523
0058    14.2  -999.0   -999.00   -999.0    -999   261     0.51      0.50      0.08    14  -999.0    -999     0   0   0   0    -999.000  -999.000
0059    14.5   859.8     23.49     62.5    1373   263     0.53      0.53      0.07    14     0.2    1373     0   0   0   0      28.288   -86.523
0060    14.8  -999.0   -999.00   -999.0    -999   264     0.56      0.55      0.06    14  -999.0    -999     0   0   0   0    -999.000  -999.000
0061    15.0   860.4     23.53     62.3    1368   265     0.58      0.57      0.05    14     0.2    1368     0   0   0   0      28.288   -86.523
0062    15.2  -999.0   -999.00   -999.0    -999   265     0.60      0.59      0.05    14  -999.0    -999     0   0   0   0    -999.000  -999.000
0063    15.5   860.9     23.57     62.2    1362   265     0.61      0.61      0.05    14     0.2    1362     0   0   0   0      28.288   -86.523
0064    15.8  -999.0   -999.00   -999.0    -999   265     0.63      0.62      0.06    14  -999.0    -999     0   0   0   0    -999.000  -999.000
0065    16.0   861.4     23.60     62.1    1357   264     0.64      0.63      0.06    14     0.2    1357     0   0   0   0      28.288   -86.523
0066    16.2  -999.0   -999.00   -999.0    -999   263     0.65      0.64      0.08    14  -999.0    -999     0   0   0   0    -999.000  -999.000
0067    16.5   861.9     23.64     62.0    1352   262     0.65      0.65      0.09    14     0.2    1352     0   0   0   0      28.288   -86.523
0068    16.8  -999.0   -999.00   -999.0    -999   260     0.65      0.64      0.11    14  -999.0    -999     0   0   0   0    -999.000  -999.000
0069    17.0   862.4     23.67     61.9    1347   259     0.65      0.64      0.13    14     0.2    1347     0   0   0   0      28.288   -86.523
0070    17.2  -999.0   -999.00   -999.0    -999   256     0.65      0.63      0.16    14  -999.0    -999     0   0   0   0    -999.000  -999.000
0071    17.5   862.9     23.70     61.8    1342   254     0.65      0.62      0.18    14     0.3    1342     0   0   0   0      28.288   -86.523
0072    17.8  -999.0   -999.00   -999.0    -999   251     0.65      0.61      0.21    14  -999.0    -999     0   0   0   0    -999.000  -999.000
0073    18.0   863.4     23.73     61.7    1336   247     0.65      0.60      0.25    14     0.3    1336     0   0   0   0      28.288   -86.523
0074    18.2  -999.0   -999.00   -999.0    -999   244     0.65      0.58      0.29    14  -999.0    -999     0   0   0   0    -999.000  -999.000
0075    18.5   863.9     23.76     61.6    1331   240     0.65      0.56      0.33    14     0.3    1331     0   0   0   0      28.288   -86.523
0076    18.8  -999.0   -999.00   -999.0    -999   235     0.65      0.54      0.37    14  -999.0    -999     0   0   0   0    -999.000  -999.000
0077    19.0   864.4     23.79     61.5    1326   231     0.67      0.52      0.42    14     0.3    1326     0   0   0   0      28.288   -86.523
0078    19.2  -999.0   -999.00   -999.0    -999   227     0.68      0.50      0.46    14  -999.0    -999     0   0   0   0    -999.000  -999.000
0079    19.5   865.0     23.82     61.5    1321  -999  -999.00   -999.00   -999.00    14     0.3    1321     0   0   0   0      28.288   -86.523
0080    19.8  -999.0   -999.00   -999.0    -999   220     0.72      0.46      0.56    14  -999.0    -999     0   0   0   0    -999.000  -999.000
0081    20.0   865.5     23.85     61.4    1316   216     0.75      0.44      0.60    14     0.2    1316     0   0   0   0      28.288   -86.523
0082    20.2  -999.0   -999.00   -999.0    -999   213     0.78      0.43      0.65    14  -999.0    -999     0   0   0   0    -999.000  -999.000
0083    20.5   866.0     23.87     61.4    1311   211     0.81      0.41      0.70    14     0.2    1311     0   0   0   0      28.288   -86.523
0084    20.8  -999.0   -999.00   -999.0    -999   208     0.84      0.40      0.74    14  -999.0    -999     0   0   0   0    -999.000  -999.000
0085    21.0   866.5     23.89     61.5    1305   206     0.87      0.38      0.78    14     0.2    1305     0   0   0   0      28.288   -86.523
0086    21.2  -999.0   -999.00   -999.0    -999   204     0.90      0.37      0.82    14  -999.0    -999     0   0   0   0    -999.000  -999.000
0087    21.5   867.0     23.91     61.5    1300   203     0.93      0.36      0.85    14     0.1    1300     0   0   0   0      28.288   -86.523
0088    21.8  -999.0   -999.00   -999.0    -999   202     0.95      0.35      0.89    14  -999.0    -999     0   0   0   0    -999.000  -999.000
0089    22.0   867.5     23.92     61.6    1295   200     0.97      0.34      0.91    14     0.1    1295     0   0   0   0      28.288   -86.523
0090    22.2  -999.0   -999.00   -999.0    -999   200     0.99      0.33      0.93    14  -999.0    -999     0   0   0   0    -999.000  -999.000
0091    22.5   868.0     23.93     61.7    1290   199     1.01      0.33      0.95    14     0.1    1290     0   0   0   0      28.288   -86.523
0092    22.8  -999.0   -999.00   -999.0    -999   198     1.02      0.32      0.97    14  -999.0    -999     0   0   0   0    -999.000  -999.000
0093    23.0   868.6     23.94     61.9    1284   198     1.02      0.32      0.97    14     0.1    1284     0   0   0   0      28.288   -86.523
0094    23.2  -999.0   -999.00   -999.0    -999   198     1.02      0.31      0.97    14  -999.0    -999     0   0   0   0    -999.000  -999.000
0095    23.5   869.1     23.94     62.1    1279   198     1.02      0.31      0.97    14     0.1    1279     0   0   0   0      28.288   -86.523
0096    23.8  -999.0   -999.00   -999.0    -999  -999  -999.00   -999.00   -999.00    14  -999.0    -999     0   0   0   0    -999.000  -999.000
0097    24.0   869.6     23.94     62.3    1274   199     1.00      0.32      0.94    14     0.1    1274     0   0   0   0      28.288   -86.523
0098    24.2  -999.0   -999.00   -999.0    -999   199     0.98      0.32      0.92    14  -999.0    -999     0   0   0   0    -999.000  -999.000
0099    24.5   870.1     23.94     62.4    1269   200     0.96      0.33      0.90    14     0.1    1269     0   0   0   0      28.288   -86.523
0100    24.8  -999.0   -999.00   -999.0    -999   201     0.94      0.33      0.88    14  -999.0    -999     0   0   0   0    -999.000  -999.000
0101    25.0   870.7     23.94     62.6    1263   202     0.91      0.34      0.85    14     0.1    1263     0   0   0   0      28.288   -86.523
0102    25.2  -999.0   -999.00   -999.0    -999   203     0.89      0.35      0.82    14  -999.0    -999     0   0   0   0    -999.000  -999.000
0103    25.5   871.2     23.94     62.7    1258   205     0.87      0.36      0.79    14     0.2    1258     0   0   0   0      28.288   -86.523
0104    25.8  -999.0   -999.00   -999.0    -999   206     0.85      0.37      0.76    14  -999.0    -999     0   0   0   0    -999.000  -999.000
0105    26.0   871.7     23.94     62.8    1253  -999  -999.00   -999.00   -999.00    14     0.2    1253     0   0   0   0    -999.000  -999.000
0106    26.2  -999.0   -999.00   -999.0    -999   209     0.80      0.39      0.70    14  -999.0    -999     0   0   0   0    -999.000  -999.000
0107    26.5   872.2     23.94     62.9    1248   211     0.78      0.40      0.67    14     0.2    1248     0   0   0   0      28.288   -86.523
0108    26.8  -999.0   -999.00   -999.0    -999   212     0.76      0.41      0.64    14  -999.0    -999     0   0   0   0    -999.000  -999.000
0109    27.0   872.7     23.95     63.0    1243   214     0.74      0.41      0.61    14     0.3    1243     0   0   0   0      28.288   -86.523
0110    27.2  -999.0   -999.00   -999.0    -999   216     0.71      0.42      0.58    14  -999.0    -999     0   0   0   0    -999.000  -999.000
0111    27.5   873.2     23.95     63.0    1238   218     0.69      0.42      0.55    14     0.3    1238     0   0   0   0      28.288   -86.523
0112    27.8  -999.0   -999.00   -999.0    -999   219     0.67      0.43      0.52    14  -999.0    -999     0   0   0   0    -999.000  -999.000
0113    28.0   873.7     23.96     63.1    1232   221     0.65      0.43      0.49    14     0.3    1232     0   0   0   0      28.288   -86.523
0114    28.2  -999.0   -999.00   -999.0    -999   224     0.63      0.44      0.46    14  -999.0    -999     0   0   0   0    -999.000  -999.000
0115    28.5   874.2     23.96     63.3    1227  -999  -999.00   -999.00   -999.00    14     0.3    1227     0   0   0   0    -999.000  -999.000
0116    28.8  -999.0   -999.00   -999.0    -999   229     0.59      0.45      0.39    14  -999.0    -999     0   0   0   0    -999.000  -999.000
0117    29.0   874.7     23.97     63.4    1222   232     0.58      0.45      0.36    14     0.3    1222     0   0   0   0      28.288   -86.523
0118    29.2  -999.0   -999.00   -999.0    -999   235     0.56      0.46      0.32    14  -999.0    -999     0   0   0   0    -999.000  -999.000
0119    29.5   875.3     23.97     63.6    1217   238     0.55      0.46      0.29    14     0.3    1217     0   0   0   0      28.288   -86.523
0120    29.8  -999.0   -999.00   -999.0    -999   241     0.53      0.46      0.26    14  -999.0    -999     0   0   0   0    -999.000  -999.000
0121    30.0   875.8     23.97     63.7    1212  -999  -999.00   -999.00   -999.00    14     0.2    1212     0   0   0   0      28.288   -86.523
0122    30.2  -999.0   -999.00   -999.0    -999   246     0.51      0.47      0.21    14  -999.0    -999     0   0   0   0    -999.000  -999.000
0123    30.5   876.3     23.97     64.0    1207   248     0.50      0.47      0.19    14     0.2    1207     0   0   0   0      28.288   -86.523
0124    30.8  -999.0   -999.00   -999.0    -999   250     0.50      0.47      0.17    14  -999.0    -999     0   0   0   0    -999.000  -999.000
0125    31.0   876.8     23.97     64.2    1202   252     0.49      0.47      0.15    14     0.2    1202     0   0   0   0      28.288   -86.523
0126    31.2  -999.0   -999.00   -999.0    -999   254     0.49      0.47      0.14    14  -999.0    -999     0   0   0   0    -999.000  -999.000
0127    31.5   877.3     23.96     64.4    1196   254     0.48      0.46      0.13    14     0.1    1196     0   0   0   0      28.288   -86.523
0128    31.8  -999.0   -999.00   -999.0    -999   255     0.47      0.45      0.12    14  -999.0    -999     0   0   0   0    -999.000  -999.000
0129    32.0   877.8     23.96     64.7    1191   255     0.46      0.44      0.12    14     0.1    1191     0   0   0   0      28.288   -86.523
0130    32.2  -999.0   -999.00   -999.0    -999   254     0.45      0.43      0.12    14  -999.0    -999     0   0   0   0    -999.000  -999.000
0131    32.5   878.4     23.95     64.9    1186   253     0.44      0.42      0.13    14     0.0    1186     0   0   0   0      28.288   -86.523
0132    32.8  -999.0   -999.00   -999.0    -999  -999  -999.00   -999.00   -999.00    14  -999.0    -999     0   0   0   0    -999.000  -999.000
0133    33.0   878.9     23.95     65.2    1181   247     0.41      0.38      0.16    14     0.0    1181     0   0   0   0      28.288   -86.523
0134    33.2  -999.0   -999.00   -999.0    -999  -999  -999.00   -999.00   -999.00    14  -999.0    -999     0   0   0   0    -999.000  -999.000
0135    33.5   879.4     23.94     65.4    1175   238     0.39      0.33      0.20    14    -0.0    1175     0   0   0   0      28.288   -86.523
0136    33.8  -999.0   -999.00   -999.0    -999   232     0.38      0.30      0.23    14  -999.0    -999     0   0   0   0    -999.000  -999.000
0137    34.0   880.0     23.94     65.6    1170   225     0.38      0.26      0.27    14    -0.0    1170     0   0   0   0      28.288   -86.523
0138    34.2  -999.0   -999.00   -999.0    -999   217     0.38      0.23      0.31    14  -999.0    -999     0   0   0   0    -999.000  -999.000
0139    34.5   880.5     23.94     65.8    1165  -999  -999.00   -999.00   -999.00    14    -0.0    1165     0   0   0   0    -999.000  -999.000
0140    34.8  -999.0   -999.00   -999.0    -999   201     0.42      0.15      0.39    14  -999.0    -999     0   0   0   0    -999.000  -999.000
0141    35.0   881.0     23.94     65.9    1160   194     0.46      0.11      0.44    14    -0.0    1160     0   0   0   0      28.288   -86.523
0142    35.2  -999.0   -999.00   -999.0    -999   188     0.50      0.07      0.49    14  -999.0    -999     0   0   0   0    -999.000  -999.000
0143    35.5   881.6     23.94     66.1    1154   183     0.55      0.03      0.55    14    -0.0    1154     0   0   0   0      28.288   -86.523
0144    35.8  -999.0   -999.00   -999.0    -999   178     0.60     -0.02      0.60    14  -999.0    -999     0   0   0   0    -999.000  -999.000
0145    36.0   882.1     23.94     66.2    1149   174     0.66     -0.07      0.66    14     0.0    1149     0   0   0   0      28.288   -86.523
0146    36.2  -999.0   -999.00   -999.0    -999   171     0.72     -0.12      0.71    14  -999.0    -999     0   0   0   0    -999.000  -999.000
0147    36.5   882.6     23.94     66.3    1144   168     0.79     -0.17      0.77    14     0.0    1144     0   0   0   0      28.288   -86.523
0148    36.8  -999.0   -999.00   -999.0    -999   165     0.86     -0.23      0.83    14  -999.0    -999     0   0   0   0    -999.000  -999.000
0149    37.0   883.1     23.95     66.4    1139   162     0.93     -0.28      0.89    14     0.1    1139     0   0   0   0      28.288   -86.523
0150    37.2  -999.0   -999.00   -999.0    -999   160     1.00     -0.35      0.94    14  -999.0    -999     0   0   0   0    -999.000  -999.000
0151    37.5  -999.0   -999.00   -999.0    -999   158     1.08     -0.41      1.00    14  -999.0    -999     0   0   0   0      28.288   -86.523
0152    37.8  -999.0   -999.00   -999.0    -999  -999  -999.00   -999.00   -999.00    14  -999.0    -999     0   0   0   0    -999.000  -999.000
0153    38.0   884.2     23.96     66.5    1128   154     1.22     -0.53      1.10    14     0.2    1128     0   0   0   0      28.288   -86.523
0154    38.2  -999.0   -999.00   -999.0    -999   153     1.30     -0.60      1.15    14  -999.0    -999     0   0   0   0    -999.000  -999.000
0155    38.5   884.7     23.96     66.6    1123   151     1.36     -0.66      1.19    14     0.2    1123     0   0   0   0      28.288   -86.523
0156    38.8  -999.0   -999.00   -999.0    -999   150     1.43     -0.72      1.24    14  -999.0    -999     0   0   0   0    -999.000  -999.000
0157    39.0   885.2     23.97     66.7    1118   148     1.49     -0.78      1.27    14     0.2    1118     0   0   0   0      28.288   -86.523
0158    39.2  -999.0   -999.00   -999.0    -999   147     1.55     -0.84      1.31    14  -999.0    -999     0   0   0   0    -999.000  -999.000
0159    39.5   885.7     23.97     66.9    1113   146     1.61     -0.90      1.33    14     0.3    1113     0   0   0   0      28.288   -86.523
0160    39.8  -999.0   -999.00   -999.0    -999   145     1.66     -0.95      1.36    14  -999.0    -999     0   0   0   0    -999.000  -999.000
0161    40.0   886.2     23.97     67.1    1108   144     1.71     -1.00      1.38    14     0.3    1108     0   0   0   0      28.288   -86.523
0162    40.2  -999.0   -999.00   -999.0    -999   143     1.75     -1.05      1.40    14  -999.0    -999     0   0   0   0    -999.000  -999.000
0163    40.5   886.8     23.97     67.3    1103   142     1.79     -1.09      1.42    14     0.3    1103     0   0   0   0      28.288   -86.523
0164    40.8  -999.0   -999.00   -999.0    -999   142     1.82     -1.13      1.43    14  -999.0    -999     0   0   0   0    -999.000  -999.000
0165    41.0   887.3     23.96     67.6    1098   141     1.85     -1.16      1.45    14     0.3    1098     0   0   0   0      28.288   -86.523
0166    41.2  -999.0   -999.00   -999.0    -999   141     1.88     -1.19      1.46    14  -999.0    -999     0   0   0   0    -999.000  -999.000
0167    41.5   887.8     23.95     68.0    1092  -999  -999.00   -999.00   -999.00    14     0.3    1092     0   0   0   0    -999.000  -999.000
0168    41.8  -999.0   -999.00   -999.0    -999   140     1.93     -1.24      1.48    14  -999.0    -999     0   0   0   0    -999.000  -999.000
0169    42.0   888.3     23.93     68.4    1087   140     1.96     -1.26      1.50    14     0.3    1087     0   0   0   0      28.288   -86.523
0170    42.2  -999.0   -999.00   -999.0    -999   140     1.98     -1.28      1.51    14  -999.0    -999     0   0   0   0    -999.000  -999.000
0171    42.5   888.8     23.91     68.8    1082   140     2.00     -1.30      1.52    13     0.4    1082     0   0   0   0      28.288   -86.523
0172    42.8  -999.0   -999.00   -999.0    -999   139     2.03     -1.32      1.54    13  -999.0    -999     0   0   0   0    -999.000  -999.000
0173    43.0   889.3     23.89     69.2    1077   139     2.06     -1.34      1.56    13     0.4    1077     0   0   0   0      28.288   -86.523
0174    43.2  -999.0   -999.00   -999.0    -999   139     2.09     -1.35      1.59    14  -999.0    -999     0   0   0   0    -999.000  -999.000
0175    43.5   889.8     23.86     69.6    1072   140     2.12     -1.37      1.61    14     0.4    1072     0   0   0   0      28.288   -86.523
0176    43.8  -999.0   -999.00   -999.0    -999   140     2.15     -1.40      1.64    14  -999.0    -999     0   0   0   0    -999.000  -999.000
0177    44.0   890.4     23.83     70.1    1067   140     2.19     -1.42      1.67    14     0.4    1067     0   0   0   0      28.288   -86.523
0178    44.2  -999.0   -999.00   -999.0    -999   140     2.23     -1.45      1.70    14  -999.0    -999     0   0   0   0    -999.000  -999.000
0179    44.5   890.9     23.80     70.5    1062   139     2.28     -1.48      1.73    14     0.4    1062     0   0   0   0      28.288   -86.523
0180    44.8  -999.0   -999.00   -999.0    -999   139     2.33     -1.52      1.77    14  -999.0    -999     0   0   0   0    -999.000  -999.000
0181    45.0   891.4     23.76     71.1    1057   139     2.39     -1.56      1.80    14     0.4    1057     0   0   0   0      28.288   -86.523
0182    45.2  -999.0   -999.00   -999.0    -999   139     2.45     -1.61      1.84    14  -999.0    -999     0   0   0   0    -999.000  -999.000
0183    45.5   891.9     23.73     71.6    1052   138     2.51     -1.67      1.88    14     0.4    1052     0   0   0   0      28.288   -86.523
0184    45.8  -999.0   -999.00   -999.0    -999   138     2.57     -1.73      1.91    14  -999.0    -999     0   0   0   0    -999.000  -999.000
0185    46.0   892.4     23.69     72.1    1047   137     2.64     -1.79      1.95    14     0.4    1047     0   0   0   0      28.288   -86.523
0186    46.2  -999.0   -999.00   -999.0    -999   137     2.71     -1.86      1.98    14  -999.0    -999     0   0   0   0    -999.000  -999.000
0187    46.5   892.9     23.65     72.7    1042   136     2.79     -1.93      2.01    14     0.4    1042     0   0   0   0      28.288   -86.523
0188    46.8  -999.0   -999.00   -999.0    -999   136     2.86     -2.00      2.04    14  -999.0    -999     0   0   0   0    -999.000  -999.000
0189    47.0   893.4     23.62     73.2    1037   135     2.93     -2.07      2.07    14     0.4    1037     0   0   0   0      28.288   -86.523
0190    47.2  -999.0   -999.00   -999.0    -999   134     3.00     -2.14      2.10    14  -999.0    -999     0   0   0   0    -999.000  -999.000
0191    47.5   893.9     23.59     73.7    1032   134     3.07     -2.21      2.12    14     0.3    1032     0   0   0   0      28.288   -86.523
0192    47.8  -999.0   -999.00   -999.0    -999   133     3.13     -2.28      2.14    14  -999.0    -999     0   0   0   0    -999.000  -999.000
0193    48.0   894.4     23.55     74.2    1027   133     3.18     -2.34      2.16    14     0.3    1027     0   0   0   0      28.288   -86.523
0194    48.2  -999.0   -999.00   -999.0    -999   132     3.24     -2.40      2.18    14  -999.0    -999     0   0   0   0    -999.000  -999.000
0195    48.5   895.0     23.52     74.6    1022   132     3.28     -2.44      2.19    14     0.3    1022     0   0   0   0      28.288   -86.523
0196    48.8  -999.0   -999.00   -999.0    -999   132     3.32     -2.48      2.20    14  -999.0    -999     0   0   0   0    -999.000  -999.000
0197    49.0  -999.0   -999.00   -999.0    -999   131     3.35     -2.52      2.21    14  -999.0    -999     0   0   0   0      28.288   -86.523
0198    49.2  -999.0   -999.00   -999.0    -999   131     3.37     -2.54      2.22    14  -999.0    -999     0   0   0   0    -999.000  -999.000
0199    49.5   896.0     23.48     75.4    1012   131     3.39     -2.56      2.22    14     0.3    1012     0   0   0   0      28.288   -86.523
0200    49.8  -999.0   -999.00   -999.0    -999   131     3.40     -2.57      2.23    14  -999.0    -999     0   0   0   0    -999.000  -999.000
0201    50.0   896.5     23.46     75.8    1007   131     3.40     -2.57      2.23    14     0.3    1007     0   0   0   0      28.288   -86.523
0202    50.2  -999.0   -999.00   -999.0    -999   131     3.40     -2.57      2.23    14  -999.0    -999     0   0   0   0    -999.000  -999.000
0203    50.5   897.0     23.44     76.1    1002   131     3.39     -2.56      2.22    14     0.3    1002     0   0   0   0      28.288   -86.523
0204    50.8  -999.0   -999.00   -999.0    -999   131     3.37     -2.54      2.22    14  -999.0    -999     0   0   0   0    -999.000  -999.000
0205    51.0   897.6     23.43     76.4     996   131     3.35     -2.52      2.21    14     0.3     996     0   0   0   0      28.288   -86.523
0206    51.2  -999.0   -999.00   -999.0    -999   131     3.33     -2.50      2.20    14  -999.0    -999     0   0   0   0    -999.000  -999.000
0207    51.5   898.1     23.42     76.6     991   132     3.30     -2.47      2.20    14     0.3     991     0   0   0   0      28.288   -86.523
0208    51.8  -999.0   -999.00   -999.0    -999   132     3.28     -2.44      2.19    14  -999.0    -999     0   0   0   0    -999.000  -999.000
0209    52.0   898.6     23.41     76.9     986   132     3.25     -2.40      2.19    14     0.3     986     0   0   0   0      28.288   -86.523
0210    52.2  -999.0   -999.00   -999.0    -999  -999  -999.00   -999.00   -999.00    14  -999.0    -999     0   0   0   0    -999.000  -999.000
0211    52.5   899.1     23.41     77.1     981   133     3.20     -2.32      2.20    14     0.3     981     0   0   0   0      28.288   -86.523
0212    52.8  -999.0   -999.00   -999.0    -999   134     3.17     -2.28      2.20    14  -999.0    -999     0   0   0   0    -999.000  -999.000
0213    53.0   899.6     23.40     77.3     976   135     3.15     -2.24      2.21    14     0.3     976     0   0   0   0      28.288   -86.523
0214    53.2  -999.0   -999.00   -999.0    -999   136     3.12     -2.19      2.23    14  -999.0    -999     0   0   0   0    -999.000  -999.000
0215    53.5   900.2     23.40     77.6     971   136     3.10     -2.14      2.24    14     0.2     971     0   0   0   0      28.288   -86.523
0216    53.8  -999.0   -999.00   -999.0    -999   137     3.08     -2.09      2.26    14  -999.0    -999     0   0   0   0    -999.000  -999.000
0217    54.0  -999.0   -999.00   -999.0    -999   138     3.06     -2.03      2.28    14  -999.0    -999     0   0   0   0      28.288   -86.523
0218    54.2  -999.0   -999.00   -999.0    -999   139     3.03     -1.97      2.30    14  -999.0    -999     0   0   0   0    -999.000  -999.000
0219    54.5  -999.0   -999.00   -999.0    -999  -999  -999.00   -999.00   -999.00     0  -999.0    -999     0   0   0   0    -999.000  -999.000
0220    54.8  -999.0   -999.00   -999.0    -999  -999  -999.00   -999.00   -999.00     0  -999.0    -999     0   0   0   0    -999.000  -999.000
0221    55.0   901.7     23.38     78.4     956   143     2.97     -1.80      2.37    14     0.1     956     0   0   0   0      28.288   -86.523
0222    55.2  -999.0   -999.00   -999.0    -999   144     2.96     -1.75      2.38    14  -999.0    -999     0   0   0   0    -999.000  -999.000
0223    55.5   902.2     23.37     78.8     951   145     2.94     -1.70      2.40    14     0.1     951     0   0   0   0      28.288   -86.523
0224    55.8  -999.0   -999.00   -999.0    -999   146     2.93     -1.65      2.42    14  -999.0    -999     0   0   0   0    -999.000  -999.000
0225    56.0   902.8     23.36     79.1     946   147     2.91     -1.61      2.43    14     0.0     946     0   0   0   0      28.288   -86.523
0226    56.2  -999.0   -999.00   -999.0    -999   147     2.90     -1.57      2.44    14  -999.0    -999     0   0   0   0    -999.000  -999.000
0227    56.5   903.3     23.34     79.6     940   148     2.89     -1.53      2.45    14    -0.0     940     0   0   0   0      28.288   -86.523
0228    56.8  -999.0   -999.00   -999.0    -999   148     2.87     -1.51      2.45    14  -999.0    -999     0   0   0   0    -999.000  -999.000
0229    57.0   903.9     23.33     80.1     935   149     2.86     -1.49      2.45    14    -0.1     935     0   0   0   0      28.288   -86.523
0230    57.2  -999.0   -999.00   -999.0    -999   149     2.85     -1.47      2.44    14  -999.0    -999     0   0   0   0    -999.000  -999.000
0231    57.5   904.4     23.31     80.8     930   149     2.84     -1.47      2.43    14    -0.1     930     0   0   0   0      28.288   -86.523
0232    57.8  -999.0   -999.00   -999.0    -999   149     2.83     -1.47      2.42    14  -999.0    -999     0   0   0   0    -999.000  -999.000
0233    58.0   904.9     23.28     81.6     925   148     2.82     -1.47      2.40    14    -0.1     925     0   0   0   0      28.288   -86.523
0234    58.2  -999.0   -999.00   -999.0    -999   148     2.81     -1.49      2.38    14  -999.0    -999     0   0   0   0    -999.000  -999.000
0235    58.5   905.5     23.25     82.6     919   148     2.80     -1.50      2.36    14    -0.2     919     0   0   0   0      28.288   -86.523
0236    58.8  -999.0   -999.00   -999.0    -999  -999  -999.00   -999.00   -999.00    14  -999.0    -999     0   0   0   0    -999.000  -999.000
0237    59.0   906.0     23.21     83.9     914   146     2.78     -1.55      2.31    14    -0.2     914     0   0   0   0      28.288   -86.523
0238    59.2  -999.0   -999.00   -999.0    -999   145     2.78     -1.58      2.29    14  -999.0    -999     0   0   0   0    -999.000  -999.000
0239    59.5   906.6     23.16     85.3     909   145     2.78     -1.61      2.27    14    -0.2     909     0   0   0   0      28.288   -86.523
0240    59.8  -999.0   -999.00   -999.0    -999   144     2.79     -1.65      2.25    14  -999.0    -999     0   0   0   0    -999.000  -999.000
0241    60.0   907.1     23.10     86.7     904   143     2.80     -1.69      2.23    14    -0.2     904     0   0   0   0      28.288   -86.523
0242    60.2  -999.0   -999.00   -999.0    -999   142     2.81     -1.73      2.22    14  -999.0    -999     0   0   0   0    -999.000  -999.000
0243    60.5   907.7     23.04     88.2     898   141     2.83     -1.77      2.21    14    -0.2     898     0   0   0   0      28.288   -86.523
0244    60.8  -999.0   -999.00   -999.0    -999   141     2.86     -1.81      2.21    14  -999.0    -999     0   0   0   0    -999.000  -999.000
0245    61.0   908.2     22.97     89.5     893   140     2.89     -1.86      2.21    14    -0.2     893     0   0   0   0      28.288   -86.523
0246    61.2  -999.0   -999.00   -999.0    -999   139     2.92     -1.90      2.22    13  -999.0    -999     0   0   0   0    -999.000  -999.000
0247    61.5   908.8     22.90     90.7     888   139     2.95     -1.94      2.23    13    -0.2     888     0   0   0   0      28.288   -86.523
0248    61.8  -999.0   -999.00   -999.0    -999   139     2.99     -1.97      2.24    14  -999.0    -999     0   0   0   0    -999.000  -999.000
0249    62.0   909.3     22.84     91.7     883   138     3.02     -2.01      2.26    14    -0.2     883     0   0   0   0      28.288   -86.523
0250    62.2  -999.0   -999.00   -999.0    -999   138     3.06     -2.04      2.28    14  -999.0    -999     0   0   0   0    -999.000  -999.000
0251    62.5   909.8     22.78     92.5     877   138     3.10     -2.07      2.31    14    -0.2     877     0   0   0   0      28.288   -86.523
0252    62.8  -999.0   -999.00   -999.0    -999   138     3.13     -2.09      2.33    14  -999.0    -999     0   0   0   0    -999.000  -999.000
0253    63.0   910.4     22.73     93.2     872   138     3.16     -2.11      2.35    14    -0.3     872     0   0   0   0      28.288   -86.523
0254    63.2  -999.0   -999.00   -999.0    -999   138     3.19     -2.13      2.37    14  -999.0    -999     0   0   0   0    -999.000  -999.000
0255    63.5   911.0     22.68     93.7     867   138     3.21     -2.15      2.39    14    -0.3     867     0   0   0   0      28.288   -86.523
0256    63.8  -999.0   -999.00   -999.0    -999   138     3.22     -2.16      2.40    14  -999.0    -999     0   0   0   0    -999.000  -999.000
0257    64.0   911.5     22.65     94.1     861   138     3.24     -2.16      2.41    14    -0.3     861     0   0   0   0      28.288   -86.523
0258    64.2  -999.0   -999.00   -999.0    -999   138     3.24     -2.17      2.41    14  -999.0    -999     0   0   0   0    -999.000  -999.000
0259    64.5   912.1     22.62     94.5     856   138     3.24     -2.17      2.41    14    -0.3     856     0   0   0   0      28.288   -86.523
0260    64.8  -999.0   -999.00   -999.0    -999  -999  -999.00   -999.00   -999.00    14  -999.0    -999     0   0   0   0    -999.000  -999.000
0261    65.0   912.6     22.60     94.7     851   138     3.24     -2.16      2.41    14    -0.4     851     0   0   0   0      28.288   -86.523
0262    65.2  -999.0   -999.00   -999.0    -999   138     3.23     -2.16      2.40    14  -999.0    -999     0   0   0   0    -999.000  -999.000
0263    65.5   913.2     22.59     95.0     845   138     3.22     -2.15      2.40    14    -0.4     845     0   0   0   0      28.288   -86.523
0264    65.8  -999.0   -999.00   -999.0    -999   138     3.21     -2.15      2.39    14  -999.0    -999     0   0   0   0    -999.000  -999.000
0265    66.0   913.7     22.59     95.2     840   138     3.20     -2.14      2.38    14    -0.4     840     0   0   0   0      28.288   -86.523
0266    66.2  -999.0   -999.00   -999.0    -999   138     3.19     -2.14      2.36    14  -999.0    -999     0   0   0   0    -999.000  -999.000
0267    66.5   914.3     22.59     95.3     835   138     3.17     -2.13      2.35    14    -0.5     835     0   0   0   0      28.289   -86.523
0268    66.8  -999.0   -999.00   -999.0    -999   138     3.16     -2.13      2.33    14  -999.0    -999     0   0   0   0    -999.000  -999.000
0269    67.0   914.9     22.59     95.5     829   137     3.15     -2.13      2.32    14    -0.5     829     0   0   0   0      28.289   -86.523
0270    67.2  -999.0   -999.00   -999.0    -999   137     3.13     -2.13      2.30    14  -999.0    -999     0   0   0   0    -999.000  -999.000
0271    67.5   915.4     22.61     95.6     824   137     3.12     -2.13      2.28    14    -0.6     824     0   0   0   0      28.289   -86.523
0272    67.8  -999.0   -999.00   -999.0    -999   136     3.11     -2.14      2.25    14  -999.0    -999     0   0   0   0    -999.000  -999.000
0273    68.0   916.0     22.62     95.7     818   136     3.10     -2.15      2.23    14    -0.6     818     0   0   0   0      28.289   -86.523
0274    68.2  -999.0   -999.00   -999.0    -999   135     3.09     -2.17      2.20    14  -999.0    -999     0   0   0   0    -999.000  -999.000
0275    68.5   916.6     22.64     95.8     813   135     3.08     -2.18      2.17    14    -0.7     813     0   0   0   0      28.289   -86.523
0276    68.8  -999.0   -999.00   -999.0    -999   134     3.07     -2.20      2.14    14  -999.0    -999     0   0   0   0    -999.000  -999.000
0277    69.0   917.1     22.65     95.9     807   134     3.06     -2.22      2.11    14    -0.7     807     0   0   0   0      28.289   -86.523
0278    69.2  -999.0   -999.00   -999.0    -999   133     3.06     -2.24      2.08    14  -999.0    -999     0   0   0   0    -999.000  -999.000
0279    69.5   917.7     22.68     96.0     802   132     3.05     -2.26      2.05    14    -0.7     802     0   0   0   0      28.289   -86.523
0280    69.8  -999.0   -999.00   -999.0    -999   132     3.04     -2.27      2.02    14  -999.0    -999     0   0   0   0    -999.000  -999.000
0281    70.0   918.3     22.70     96.1     796   131     3.03     -2.28      1.99    14    -0.8     796     0   0   0   0      28.289   -86.523
0282    70.2  -999.0   -999.00   -999.0    -999   131     3.02     -2.29      1.97    14  -999.0    -999     0   0   0   0    -999.000  -999.000
0283    70.5   918.9     22.72     96.2     791   130     3.01     -2.30      1.94    14    -0.8     791     0   0   0   0      28.289   -86.523
0284    70.8  -999.0   -999.00   -999.0    -999   130     2.99     -2.30      1.91    14  -999.0    -999     0   0   0   0    -999.000  -999.000
0285    71.0   919.5     22.75     96.3     785   129     2.97     -2.29      1.89    14    -0.8     785     0   0   0   0      28.289   -86.523
0286    71.2  -999.0   -999.00   -999.0    -999   129     2.95     -2.28      1.86    14  -999.0    -999     0   0   0   0    -999.000  -999.000
0287    71.5   920.0     22.77     96.3     780   129     2.92     -2.27      1.84    14    -0.8     780     0   0   0   0      28.289   -86.523
0288    71.8  -999.0   -999.00   -999.0    -999   129     2.89     -2.25      1.82    14  -999.0    -999     0   0   0   0    -999.000  -999.000
0289    72.0   920.6     22.80     96.3     774   129     2.86     -2.23      1.80    14    -0.8     774     0   0   0   0      28.289   -86.523
0290    72.2  -999.0   -999.00   -999.0    -999   129     2.83     -2.20      1.78    14  -999.0    -999     0   0   0   0    -999.000  -999.000
0291    72.5   921.2     22.82     96.3     769   129     2.80     -2.18      1.76    14    -0.8     769     0   0   0   0      28.289   -86.523
0292    72.8  -999.0   -999.00   -999.0    -999   129     2.77     -2.15      1.74    14  -999.0    -999     0   0   0   0    -999.000  -999.000
0293    73.0   921.8     22.85     96.3     763   129     2.73     -2.12      1.72    14    -0.8     763     0   0   0   0      28.289   -86.523
0294    73.2  -999.0   -999.00   -999.0    -999   129     2.70     -2.09      1.71    14  -999.0    -999     0   0   0   0    -999.000  -999.000
0295    73.5   922.4     22.88     96.3     758   129     2.67     -2.07      1.69    14    -0.7     758     0   0   0   0      28.289   -86.523
0296    73.8  -999.0   -999.00   -999.0    -999   129     2.64     -2.05      1.67    14  -999.0    -999     0   0   0   0    -999.000  -999.000
0297    74.0   922.9     22.91     96.3     752   129     2.62     -2.03      1.66    14    -0.7     752     0   0   0   0      28.289   -86.523
0298    74.2  -999.0   -999.00   -999.0    -999   129     2.60     -2.02      1.64    14  -999.0    -999     0   0   0   0    -999.000  -999.000
0299    74.5   923.5     22.94     96.2     747   129     2.58     -2.01      1.62    14    -0.7     747     0   0   0   0      28.289   -86.523
0300    74.8  -999.0   -999.00   -999.0    -999   129     2.57     -2.00      1.61    14  -999.0    -999     0   0   0   0    -999.000  -999.000
0301    75.0   924.1     22.97     96.2     741   128     2.56     -2.01      1.59    14    -0.7     741     0   0   0   0      28.289   -86.523
0302    75.2  -999.0   -999.00   -999.0    -999   128     2.55     -2.01      1.57    14  -999.0    -999     0   0   0   0    -999.000  -999.000
0303    75.5   924.7     23.00     96.1     736   128     2.55     -2.02      1.55    14    -0.7     736     0   0   0   0      28.289   -86.523
0304    75.8  -999.0   -999.00   -999.0    -999   127     2.55     -2.04      1.53    14  -999.0    -999     0   0   0   0    -999.000  -999.000
0305    76.0   925.2     23.03     96.0     730   126     2.55     -2.06      1.51    14    -0.7     730     0   0   0   0      28.289   -86.523
0306    76.2  -999.0   -999.00   -999.0    -999   126     2.56     -2.08      1.49    14  -999.0    -999     0   0   0   0    -999.000  -999.000
0307    76.5   925.8     23.06     95.9     725   125     2.57     -2.11      1.47    14    -0.7     725     0   0   0   0      28.289   -86.523
0308    76.8  -999.0   -999.00   -999.0    -999   124     2.58     -2.14      1.44    14  -999.0    -999     0   0   0   0    -999.000  -999.000
0309    77.0   926.4     23.10     95.8     719   123     2.59     -2.17      1.42    14    -0.7     719     0   0   0   0      28.289   -86.523
0310    77.2  -999.0   -999.00   -999.0    -999   122     2.61     -2.21      1.39    14  -999.0    -999     0   0   0   0    -999.000  -999.000
0311    77.5   927.0     23.13     95.7     714   121     2.62     -2.24      1.36    14    -0.7     714     0   0   0   0      28.289   -86.523
0312    77.8  -999.0   -999.00   -999.0    -999   120     2.64     -2.28      1.33    14  -999.0    -999     0   0   0   0    -999.000  -999.000
0313    78.0   927.6     23.17     95.6     708   120     2.66     -2.31      1.31    14    -0.7     708     0   0   0   0      28.289   -86.523
0314    78.2  -999.0   -999.00   -999.0    -999   119     2.67     -2.34      1.28    14  -999.0    -999     0   0   0   0    -999.000  -999.000
0315    78.5   928.1     23.20     95.5     703   118     2.69     -2.37      1.26    14    -0.7     703     0   0   0   0      28.289   -86.523
0316    78.8  -999.0   -999.00   -999.0    -999   117     2.70     -2.40      1.24    14  -999.0    -999     0   0   0   0    -999.000  -999.000
0317    79.0   928.7     23.24     95.4     697   117     2.71     -2.42      1.21    14    -0.7     697     0   0   0   0      28.289   -86.523
0318    79.2  -999.0   -999.00   -999.0    -999   116     2.72     -2.44      1.19    14  -999.0    -999     0   0   0   0    -999.000  -999.000
0319    79.5   929.3     23.27     95.3     692   116     2.72     -2.45      1.18    14    -0.7     692     0   0   0   0      28.289   -86.523
0320    79.8  -999.0   -999.00   -999.0    -999   115     2.72     -2.46      1.16    14  -999.0    -999     0   0   0   0    -999.000  -999.000
0321    80.0   929.9     23.30     95.3     687   115     2.72     -2.46      1.15    14    -0.7     687     0   0   0   0      28.289   -86.523
0322    80.2  -999.0   -999.00   -999.0    -999   115     2.71     -2.46      1.14    14  -999.0    -999     0   0   0   0    -999.000  -999.000
0323    80.5   930.5     23.34     95.2     681   115     2.70     -2.45      1.14    14    -0.7     681     0   0   0   0      28.289   -86.523
0324    80.8  -999.0   -999.00   -999.0    -999   115     2.69     -2.44      1.13    14  -999.0    -999     0   0   0   0    -999.000  -999.000
0325    81.0  -999.0   -999.00   -999.0    -999  -999  -999.00   -999.00   -999.00     0  -999.0    -999     0   0   0   0    -999.000  -999.000
0326    81.2  -999.0   -999.00   -999.0    -999  -999  -999.00   -999.00   -999.00     0  -999.0    -999     0   0   0   0    -999.000  -999.000
0327    81.5   931.6     23.40     95.1     670   116     2.64     -2.38      1.15    14    -0.7     670     0   0   0   0      28.289   -86.523
0328    81.8  -999.0   -999.00   -999.0    -999   116     2.62     -2.35      1.16    14  -999.0    -999     0   0   0   0    -999.000  -999.000
0329    82.0   932.2     23.44     95.0     665   117     2.61     -2.33      1.18    14    -0.7     665     0   0   0   0      28.289   -86.523
0330    82.2  -999.0   -999.00   -999.0    -999   118     2.59     -2.30      1.20    14  -999.0    -999     0   0   0   0    -999.000  -999.000
0331    82.5   932.8     23.47     94.9     659   118     2.58     -2.28      1.22    14    -0.7     659     0   0   0   0      28.289   -86.524
0332    82.8  -999.0   -999.00   -999.0    -999   119     2.57     -2.25      1.24    14  -999.0    -999     0   0   0   0    -999.000  -999.000
0333    83.0   933.4     23.51     94.8     654   119     2.56     -2.23      1.26    14    -0.7     654     0   0   0   0      28.289   -86.524
0334    83.2  -999.0   -999.00   -999.0    -999   120     2.56     -2.21      1.28    14  -999.0    -999     0   0   0   0    -999.000  -999.000
0335    83.5   933.9     23.54     94.7     648   121     2.55     -2.20      1.30    14    -0.7     648     0   0   0   0      28.289   -86.524
0336    83.8  -999.0   -999.00   -999.0    -999   121     2.55     -2.19      1.31    14  -999.0    -999     0   0   0   0    -999.000  -999.000
0337    84.0   934.5     23.58     94.6     643   121     2.55     -2.18      1.33    14    -0.7     643     0   0   0   0      28.289   -86.524
0338    84.2  -999.0   -999.00   -999.0    -999   122     2.56     -2.18      1.34    14  -999.0    -999     0   0   0   0    -999.000  -999.000
0339    84.5   935.1     23.62     94.5     637   122     2.56     -2.18      1.35    14    -0.7     637     0   0   0   0      28.289   -86.524
0340    84.8  -999.0   -999.00   -999.0    -999   122     2.57     -2.18      1.36    14  -999.0    -999     0   0   0   0    -999.000  -999.000
0341    85.0   935.7     23.66     94.3     632   122     2.58     -2.19      1.37    14    -0.7     632     0   0   0   0      28.289   -86.524
0342    85.2  -999.0   -999.00   -999.0    -999   122     2.59     -2.20      1.38    14  -999.0    -999     0   0   0   0    -999.000  -999.000
0343    85.5   936.3     23.70     94.2     626   122     2.61     -2.21      1.38    14    -0.7     626     0   0   0   0      28.289   -86.524
0344    85.8  -999.0   -999.00   -999.0    -999   122     2.62     -2.23      1.38    14  -999.0    -999     0   0   0   0    -999.000  -999.000
0345    86.0   936.9     23.74     94.0     621   122     2.63     -2.24      1.39    14    -0.7     621     0   0   0   0      28.289   -86.524
0346    86.2  -999.0   -999.00   -999.0    -999   122     2.65     -2.25      1.39    14  -999.0    -999     0   0   0   0    -999.000  -999.000
0347    86.5   937.4     23.78     93.9     615   122     2.66     -2.27      1.39    14    -0.7     615     0   0   0   0      28.289   -86.524
0348    86.8  -999.0   -999.00   -999.0    -999   121     2.67     -2.28      1.40    14  -999.0    -999     0   0   0   0    -999.000  -999.000
0349    87.0   938.0     23.82     93.7     610   121     2.69     -2.30      1.40    14    -0.7     610     0   0   0   0      28.289   -86.524
0350    87.2  -999.0   -999.00   -999.0    -999   121     2.71     -2.31      1.41    14  -999.0    -999     0   0   0   0    -999.000  -999.000
0351    87.5   938.6     23.86     93.6     605   121     2.73     -2.33      1.41    14    -0.8     605     0   0   0   0      28.289   -86.524
0352    87.8  -999.0   -999.00   -999.0    -999   121     2.74     -2.35      1.42    14  -999.0    -999     0   0   0   0    -999.000  -999.000
0353    88.0   939.2     23.90     93.4     599   121     2.76     -2.37      1.42    14    -0.8     599     0   0   0   0      28.289   -86.524
0354    88.2  -999.0   -999.00   -999.0    -999   121     2.78     -2.39      1.43    14  -999.0    -999     0   0   0   0    -999.000  -999.000
0355    88.5   939.8     23.94     93.3     594   121     2.80     -2.41      1.43    14    -0.8     594     0   0   0   0      28.289   -86.524
0356    88.8  -999.0   -999.00   -999.0    -999   121     2.82     -2.43      1.44    14  -999.0    -999     0   0   0   0    -999.000  -999.000
0357    89.0   940.3     23.97     93.2     588   120     2.84     -2.44      1.44    14    -0.8     588     0   0   0   0      28.289   -86.524
0358    89.2  -999.0   -999.00   -999.0    -999   120     2.86     -2.47      1.44    14  -999.0    -999     0   0   0   0    -999.000  -999.000
0359    89.5   940.9     24.01     93.1     583   120     2.87     -2.49      1.44    14    -0.8     583     0   0   0   0      28.289   -86.524
0360    89.8  -999.0   -999.00   -999.0    -999   120     2.89     -2.51      1.44    14  -999.0    -999     0   0   0   0    -999.000  -999.000
0361    90.0   941.5     24.05     93.0     577   120     2.91     -2.53      1.44    14    -0.8     577     0   0   0   0      28.289   -86.524
0362    90.2  -999.0   -999.00   -999.0    -999   120     2.93     -2.55      1.44    14  -999.0    -999     0   0   0   0    -999.000  -999.000
0363    90.5   942.1     24.08     93.0     572  -999  -999.00   -999.00   -999.00    14    -0.7     572     0   0   0   0    -999.000  -999.000
0364    90.8  -999.0   -999.00   -999.0    -999   119     2.96     -2.58      1.44    14  -999.0    -999     0   0   0   0    -999.000  -999.000
0365    91.0   942.7     24.12     93.0     566   119     2.98     -2.60      1.44    14    -0.7     566     0   0   0   0      28.289   -86.524
0366    91.2  -999.0   -999.00   -999.0    -999   119     2.99     -2.62      1.45    14  -999.0    -999     0   0   0   0    -999.000  -999.000
0367    91.5   943.3     24.15     93.0     561   119     3.00     -2.63      1.45    14    -0.6     561     0   0   0   0      28.289   -86.524
0368    91.8  -999.0   -999.00   -999.0    -999   119     3.02     -2.64      1.46    14  -999.0    -999     0   0   0   0    -999.000  -999.000
0369    92.0   943.9     24.19     93.0     555  -999  -999.00   -999.00   -999.00    14    -0.6     555     0   0   0   0    -999.000  -999.000
0370    92.2  -999.0   -999.00   -999.0    -999   119     3.03     -2.65      1.48    14  -999.0    -999     0   0   0   0    -999.000  -999.000
0371    92.5   944.4     24.22     93.1     550   119     3.04     -2.65      1.49    14    -0.6     550     0   0   0   0      28.289   -86.524
0372    92.8  -999.0   -999.00   -999.0    -999   120     3.05     -2.65      1.51    14  -999.0    -999     0   0   0   0    -999.000  -999.000
0373    93.0   945.0     24.25     93.2     545  -999  -999.00   -999.00   -999.00    14    -0.5     545     0   0   0   0    -999.000  -999.000
0374    93.2  -999.0   -999.00   -999.0    -999   120     3.05     -2.63      1.54    14  -999.0    -999     0   0   0   0    -999.000  -999.000
0375    93.5   945.6     24.28     93.2     539   121     3.05     -2.62      1.56    14    -0.5     539     0   0   0   0      28.289   -86.524
0376    93.8  -999.0   -999.00   -999.0    -999   121     3.05     -2.61      1.58    14  -999.0    -999     0   0   0   0    -999.000  -999.000
0377    94.0   946.1     24.30     93.2     534   122     3.05     -2.60      1.60    13    -0.5     534     0   0   0   0      28.289   -86.524
0378    94.2  -999.0   -999.00   -999.0    -999   122     3.04     -2.58      1.62    13  -999.0    -999     0   0   0   0    -999.000  -999.000
0379    94.5   946.7     24.33     93.3     529   123     3.04     -2.56      1.63    13    -0.5     529     0   0   0   0      28.289   -86.524
0380    94.8  -999.0   -999.00   -999.0    -999   123     3.03     -2.55      1.65    14  -999.0    -999     0   0   0   0    -999.000  -999.000
0381    95.0   947.3     24.36     93.2     523   123     3.03     -2.53      1.66    14    -0.6     523     0   0   0   0      28.289   -86.524
0382    95.2  -999.0   -999.00   -999.0    -999   124     3.02     -2.51      1.68    14  -999.0    -999     0   0   0   0    -999.000  -999.000
0383    95.5   947.9     24.40     93.2     518   124     3.02     -2.50      1.69    14    -0.6     518     0   0   0   0      28.289   -86.524
0384    95.8  -999.0   -999.00   -999.0    -999   125     3.01     -2.48      1.71    14  -999.0    -999     0   0   0   0    -999.000  -999.000
0385    96.0   948.4     24.43     93.2     513  -999  -999.00   -999.00   -999.00    14    -0.6     513     0   0   0   0      28.289   -86.524
0386    96.2  -999.0   -999.00   -999.0    -999   125     3.01     -2.46      1.73    14  -999.0    -999     0   0   0   0    -999.000  -999.000
0387    96.5   949.0     24.46     93.2     507   126     3.01     -2.45      1.75    14    -0.7     507     0   0   0   0      28.289   -86.524
0388    96.8  -999.0   -999.00   -999.0    -999   126     3.01     -2.44      1.76    14  -999.0    -999     0   0   0   0    -999.000  -999.000
0389    97.0   949.6     24.50     93.1     502   126     3.01     -2.43      1.78    14    -0.7     502     0   0   0   0      28.289   -86.524
0390    97.2  -999.0   -999.00   -999.0    -999   126     3.02     -2.43      1.79    14  -999.0    -999     0   0   0   0    -999.000  -999.000
0391    97.5   950.2     24.54     93.1     496   127     3.03     -2.43      1.81    14    -0.7     496     0   0   0   0      28.289   -86.524
0392    97.8  -999.0   -999.00   -999.0    -999   127     3.03     -2.43      1.82    14  -999.0    -999     0   0   0   0    -999.000  -999.000
0393    98.0   950.8     24.57     93.1     491   127     3.04     -2.43      1.84    14    -0.7     491     0   0   0   0      28.289   -86.524
0394    98.2  -999.0   -999.00   -999.0    -999   127     3.05     -2.43      1.85    14  -999.0    -999     0   0   0   0    -999.000  -999.000
0395    98.5   951.4     24.61     93.1     485   128     3.06     -2.43      1.87    14    -0.7     485     0   0   0   0      28.289   -86.524
0396    98.8  -999.0   -999.00   -999.0    -999   128     3.07     -2.43      1.88    14  -999.0    -999     0   0   0   0    -999.000  -999.000
0397    99.0   952.0     24.65     93.1     480   128     3.08     -2.43      1.90    14    -0.6     480     0   0   0   0      28.289   -86.524
0398    99.2  -999.0   -999.00   -999.0    -999   128     3.09     -2.44      1.91    14  -999.0    -999     0   0   0   0    -999.000  -999.000
0399    99.5   952.5     24.69     93.0     475   128     3.10     -2.44      1.92    13    -0.6     475     0   0   0   0      28.289   -86.524
0400    99.8  -999.0   -999.00   -999.0    -999   128     3.11     -2.44      1.93    14  -999.0    -999     0   0   0   0    -999.000  -999.000
0401   100.0   953.1     24.72     92.9     469   128     3.12     -2.45      1.94    14    -0.6     469     0   0   0   0      28.289   -86.524
0402   100.2  -999.0   -999.00   -999.0    -999   128     3.13     -2.45      1.95    13  -999.0    -999     0   0   0   0    -999.000  -999.000
0403   100.5   953.7     24.76     92.8     464   128     3.14     -2.46      1.95    14    -0.5     464     0   0   0   0      28.289   -86.524
0404   100.8  -999.0   -999.00   -999.0    -999   128     3.14     -2.46      1.95    13  -999.0    -999     0   0   0   0    -999.000  -999.000
0405   101.0   954.3     24.80     92.7     459   128     3.14     -2.47      1.95    14    -0.5     459     0   0   0   0      28.289   -86.524
0406   101.2  -999.0   -999.00   -999.0    -999  -999  -999.00   -999.00   -999.00    14  -999.0    -999     0   0   0   0    -999.000  -999.000
0407   101.5   954.8     24.84     92.6     453   128     3.14     -2.48      1.93    14    -0.5     453     0   0   0   0      28.289   -86.524
0408   101.8  -999.0   -999.00   -999.0    -999   128     3.13     -2.48      1.91    14  -999.0    -999     0   0   0   0    -999.000  -999.000
0409   102.0   955.4     24.89     92.4     448   127     3.12     -2.48      1.89    14    -0.5     448     0   0   0   0      28.289   -86.524
0410   102.2  -999.0   -999.00   -999.0    -999   127     3.10     -2.47      1.88    14  -999.0    -999     0   0   0   0    -999.000  -999.000
0411   102.5   956.0     24.93     92.3     443   127     3.09     -2.47      1.85    14    -0.4     443     0   0   0   0      28.289   -86.524
0412   102.8  -999.0   -999.00   -999.0    -999   127     3.07     -2.46      1.83    14  -999.0    -999     0   0   0   0    -999.000  -999.000
0413   103.0   956.5     24.97     92.2     438   126     3.05     -2.45      1.81    14    -0.4     438     0   0   0   0      28.289   -86.524
0414   103.2  -999.0   -999.00   -999.0    -999   126     3.02     -2.44      1.79    14  -999.0    -999     0   0   0   0    -999.000  -999.000
0415   103.5   957.1     25.01     92.1     432   126     3.00     -2.42      1.77    14    -0.4     432     0   0   0   0      28.289   -86.524
0416   103.8  -999.0   -999.00   -999.0    -999   126     2.97     -2.40      1.75    14  -999.0    -999     0   0   0   0    -999.000  -999.000
0417   104.0   957.7     25.05     92.1     427   126     2.94     -2.38      1.73    14    -0.4     427     0   0   0   0      28.289   -86.524
0418   104.2  -999.0   -999.00   -999.0    -999   126     2.91     -2.36      1.71    14  -999.0    -999     0   0   0   0    -999.000  -999.000
0419   104.5   958.3     25.09     92.0     422   126     2.88     -2.34      1.69    13    -0.4     422     0   0   0   0      28.289   -86.524
0420   104.8  -999.0   -999.00   -999.0    -999   126     2.85     -2.31      1.67    13  -999.0    -999     0   0   0   0    -999.000  -999.000
0421   105.0   958.8     25.12     92.0     417   126     2.82     -2.29      1.65    14    -0.5     417     0   0   0   0      28.289   -86.524
0422   105.2  -999.0   -999.00   -999.0    -999   126     2.79     -2.26      1.64    14  -999.0    -999     0   0   0   0    -999.000  -999.000
0423   105.5   959.4     25.16     91.9     411   126     2.76     -2.23      1.62    14    -0.5     411     0   0   0   0      28.289   -86.524
0424   105.8  -999.0   -999.00   -999.0    -999   126     2.73     -2.21      1.60    14  -999.0    -999     0   0   0   0    -999.000  -999.000
0425   106.0   960.0     25.20     91.9     406   126     2.70     -2.19      1.59    14    -0.5     406     0   0   0   0      28.289   -86.524
0426   106.2  -999.0   -999.00   -999.0    -999   126     2.68     -2.17      1.57    14  -999.0    -999     0   0   0   0    -999.000  -999.000
0427   106.5   960.5     25.23     91.8     401   126     2.65     -2.15      1.55    14    -0.5     401     0   0   0   0      28.289   -86.524
0428   106.8  -999.0   -999.00   -999.0    -999   126     2.63     -2.14      1.54    14  -999.0    -999     0   0   0   0    -999.000  -999.000
0429   107.0   961.1     25.27     91.7     395   126     2.62     -2.13      1.52    13    -0.5     395     0   0   0   0      28.289   -86.524
0430   107.2  -999.0   -999.00   -999.0    -999   125     2.60     -2.12      1.50    14  -999.0    -999     0   0   0   0    -999.000  -999.000
0431   107.5   961.7     25.31     91.6     390   125     2.59     -2.12      1.49    14    -0.5     390     0   0   0   0      28.289   -86.524
0432   107.8  -999.0   -999.00   -999.0    -999   125     2.58     -2.12      1.47    14  -999.0    -999     0   0   0   0    -999.000  -999.000
0433   108.0   962.3     25.35     91.5     385   124     2.57     -2.12      1.45    14    -0.5     385     0   0   0   0      28.289   -86.524
0434   108.2  -999.0   -999.00   -999.0    -999   124     2.57     -2.13      1.44    14  -999.0    -999     0   0   0   0    -999.000  -999.000
0435   108.5   962.9     25.38     91.4     380   124     2.57     -2.14      1.42    14    -0.5     380     0   0   0   0      28.289   -86.524
0436   108.8  -999.0   -999.00   -999.0    -999   123     2.58     -2.16      1.41    14  -999.0    -999     0   0   0   0    -999.000  -999.000
0437   109.0   963.4     25.42     91.3     374   123     2.58     -2.17      1.39    14    -0.5     374     0   0   0   0      28.289   -86.524
0438   109.2  -999.0   -999.00   -999.0    -999   122     2.59     -2.19      1.38    14  -999.0    -999     0   0   0   0    -999.000  -999.000
0439   109.5   964.0     25.46     91.2     369   122     2.60     -2.21      1.37    14    -0.4     369     0   0   0   0      28.289   -86.524
0440   109.8  -999.0   -999.00   -999.0    -999   121     2.61     -2.23      1.36    14  -999.0    -999     0   0   0   0    -999.000  -999.000
0441   110.0   964.6     25.50     91.2     364   121     2.62     -2.25      1.35    14    -0.4     364     0   0   0   0      28.289   -86.524
0442   110.2  -999.0   -999.00   -999.0    -999   121     2.63     -2.26      1.34    14  -999.0    -999     0   0   0   0    -999.000  -999.000
0443   110.5   965.1     25.53     91.1     358   120     2.64     -2.28      1.33    14    -0.4     358     0   0   0   0      28.289   -86.524
0444   110.8  -999.0   -999.00   -999.0    -999   120     2.65     -2.29      1.33    14  -999.0    -999     0   0   0   0    -999.000  -999.000
0445   111.0   965.7     25.57     91.0     353   120     2.66     -2.31      1.33    14    -0.4     353     0   0   0   0      28.289   -86.524
0446   111.2  -999.0   -999.00   -999.0    -999   120     2.67     -2.32      1.32    13  -999.0    -999     0   0   0   0    -999.000  -999.000
0447   111.5   966.3     25.60     90.9     348   120     2.67     -2.33      1.32    13    -0.3     348     0   0   0   0      28.289   -86.524
0448   111.8  -999.0   -999.00   -999.0    -999   120     2.68     -2.33      1.32    14  -999.0    -999     0   0   0   0    -999.000  -999.000
0449   112.0   966.9     25.64     90.8     343   120     2.68     -2.33      1.32    14    -0.3     343     0   0   0   0      28.289   -86.524
0450   112.2  -999.0   -999.00   -999.0    -999   120     2.69     -2.34      1.33    14  -999.0    -999     0   0   0   0    -999.000  -999.000
0451   112.5   967.4     25.68     90.7     338   120     2.69     -2.34      1.33    14    -0.2     338     0   0   0   0      28.289   -86.524
0452   112.8  -999.0   -999.00   -999.0    -999   120     2.69     -2.33      1.34    14  -999.0    -999     0   0   0   0    -999.000  -999.000
0453   113.0   968.0     25.71     90.6     332   120     2.69     -2.33      1.34    14    -0.2     332     0   0   0   0      28.289   -86.524
0454   113.2  -999.0   -999.00   -999.0    -999   120     2.69     -2.32      1.35    14  -999.0    -999     0   0   0   0    -999.000  -999.000
0455   113.5   968.5     25.75     90.5     327   120     2.69     -2.32      1.36    14    -0.2     327     0   0   0   0      28.289   -86.524
0456   113.8  -999.0   -999.00   -999.0    -999   121     2.68     -2.31      1.37    14  -999.0    -999     0   0   0   0    -999.000  -999.000
0457   114.0   969.1     25.79     90.4     322   121     2.68     -2.30      1.38    14    -0.2     322     0   0   0   0      28.289   -86.524
0458   114.2  -999.0   -999.00   -999.0    -999   121     2.67     -2.29      1.38    14  -999.0    -999     0   0   0   0    -999.000  -999.000
0459   114.5   969.7     25.83     90.3     317   121     2.67     -2.28      1.39    14    -0.2     317     0   0   0   0      28.289   -86.524
0460   114.8  -999.0   -999.00   -999.0    -999   122     2.66     -2.27      1.39    13  -999.0    -999     0   0   0   0    -999.000  -999.000
0461   115.0   970.2     25.87     90.2     312   122     2.66     -2.26      1.40    14    -0.2     312     0   0   0   0      28.289   -86.524
0462   115.2  -999.0   -999.00   -999.0    -999   122     2.66     -2.26      1.40    13  -999.0    -999     0   0   0   0    -999.000  -999.000
0463   115.5   970.8     25.90     90.1     307   122     2.66     -2.26      1.40    14    -0.2     307     0   0   0   0      28.289   -86.524
0464   115.8  -999.0   -999.00   -999.0    -999   122     2.66     -2.26      1.40    14  -999.0    -999     0   0   0   0    -999.000  -999.000
0465   116.0   971.3     25.94     89.9     302   122     2.66     -2.26      1.40    14    -0.2     302     0   0   0   0      28.289   -86.524
0466   116.2  -999.0   -999.00   -999.0    -999   122     2.66     -2.26      1.40    14  -999.0    -999     0   0   0   0    -999.000  -999.000
0467   116.5   971.9     25.98     89.8     297   122     2.66     -2.27      1.39    14    -0.2     297     0   0   0   0      28.289   -86.524
0468   116.8  -999.0   -999.00   -999.0    -999   121     2.67     -2.28      1.39    14  -999.0    -999     0   0   0   0    -999.000  -999.000
0469   117.0   972.5     26.01     89.7     292   121     2.67     -2.29      1.38    13    -0.2     292     0   0   0   0      28.289   -86.524
0470   117.2  -999.0   -999.00   -999.0    -999   121     2.67     -2.29      1.37    13  -999.0    -999     0   0   0   0    -999.000  -999.000
0471   117.5   973.0     26.05     89.6     287   120     2.67     -2.30      1.35    13    -0.2     287     0   0   0   0      28.289   -86.524
0472   117.8  -999.0   -999.00   -999.0    -999   120     2.67     -2.31      1.34    13  -999.0    -999     0   0   0   0    -999.000  -999.000
0473   118.0   973.6     26.08     89.5     281   120     2.67     -2.32      1.32    13    -0.2     281     0   0   0   0      28.289   -86.524
0474   118.2  -999.0   -999.00   -999.0    -999   119     2.67     -2.33      1.29    12  -999.0    -999     0   0   0   0    -999.000  -999.000
0475   118.5   974.2     26.12     89.4     276   118     2.66     -2.34      1.27    13    -0.2     276     0   0   0   0      28.289   -86.524
0476   118.8  -999.0   -999.00   -999.0    -999   118     2.66     -2.36      1.24    14  -999.0    -999     0   0   0   0    -999.000  -999.000
0477   119.0   974.7     26.15     89.3     271   117     2.66     -2.37      1.21    13    -0.1     271     0   0   0   0      28.289   -86.524
0478   119.2  -999.0   -999.00   -999.0    -999   116     2.66     -2.38      1.19    13  -999.0    -999     0   0   0   0    -999.000  -999.000
0479   119.5   975.3     26.19     89.3     266   116     2.66     -2.40      1.16    13    -0.1     266     0   0   0   0      28.289   -86.524
0480   119.8  -999.0   -999.00   -999.0    -999   115     2.67     -2.42      1.13    13  -999.0    -999     0   0   0   0    -999.000  -999.000
0481   120.0   975.8     26.22     89.3     261   114     2.67     -2.44      1.10    13    -0.1     261     0   0   0   0      28.289   -86.524
0482   120.2  -999.0   -999.00   -999.0    -999   114     2.68     -2.46      1.08    14  -999.0    -999     0   0   0   0    -999.000  -999.000
0483   120.5   976.4     26.25     89.4     256   113     2.70     -2.48      1.06    14    -0.0     256     0   0   0   0      28.289   -86.524
0484   120.8  -999.0   -999.00   -999.0    -999   112     2.71     -2.51      1.03    14  -999.0    -999     0   0   0   0    -999.000  -999.000
0485   121.0   976.9     26.28     89.6     251   112     2.73     -2.54      1.01    14     0.0     251     0   0   0   0      28.289   -86.524
0486   121.2  -999.0   -999.00   -999.0    -999   111     2.75     -2.57      1.00    14  -999.0    -999     0   0   0   0    -999.000  -999.000
0487   121.5   977.5     26.31     89.8     246   111     2.78     -2.60      0.98    14     0.0     246     0   0   0   0      28.289   -86.524
0488   121.8  -999.0   -999.00   -999.0    -999   110     2.80     -2.63      0.97    14  -999.0    -999     0   0   0   0    -999.000  -999.000
0489   122.0   978.0     26.34     90.1     241   110     2.83     -2.67      0.95    14     0.0     241     0   0   0   0      28.289   -86.524
0490   122.2  -999.0   -999.00   -999.0    -999   109     2.86     -2.70      0.94    14  -999.0    -999     0   0   0   0    -999.000  -999.000
0491   122.5   978.6     26.37     90.4     236   109     2.89     -2.73      0.94    14     0.0     236     0   0   0   0      28.289   -86.524
0492   122.8  -999.0   -999.00   -999.0    -999   109     2.92     -2.76      0.93    14  -999.0    -999     0   0   0   0    -999.000  -999.000
0493   123.0   979.1     26.40     90.6     231   108     2.94     -2.79      0.92    14     0.0     231     0   0   0   0      28.289   -86.524
0494   123.2  -999.0   -999.00   -999.0    -999   108     2.97     -2.82      0.92    14  -999.0    -999     0   0   0   0    -999.000  -999.000
0495   123.5   979.7     26.43     90.8     226   108     2.99     -2.84      0.91    14     0.0     226     0   0   0   0      28.289   -86.525
0496   123.8  -999.0   -999.00   -999.0    -999   108     3.00     -2.86      0.91    14  -999.0    -999     0   0   0   0    -999.000  -999.000
0497   124.0   980.2     26.46     91.0     221   107     3.02     -2.88      0.91    14     0.0     221     0   0   0   0      28.289   -86.525
0498   124.2  -999.0   -999.00   -999.0    -999   107     3.03     -2.90      0.90    14  -999.0    -999     0   0   0   0    -999.000  -999.000
0499   124.5   980.8     26.49     91.2     216   107     3.05     -2.91      0.90    14     0.0     216     0   0   0   0      28.289   -86.525
0500   124.8  -999.0   -999.00   -999.0    -999   107     3.06     -2.92      0.90    14  -999.0    -999     0   0   0   0    -999.000  -999.000
0501   125.0   981.3     26.52     91.3     211   107     3.07     -2.93      0.89    14     0.0     211     0   0   0   0      28.289   -86.525
0502   125.2  -999.0   -999.00   -999.0    -999   107     3.08     -2.94      0.89    14  -999.0    -999     0   0   0   0    -999.000  -999.000
0503   125.5   981.9     26.55     91.5     206   107     3.08     -2.96      0.88    14     0.0     206     0   0   0   0      28.289   -86.525
0504   125.8  -999.0   -999.00   -999.0    -999   106     3.09     -2.97      0.87    14  -999.0    -999     0   0   0   0    -999.000  -999.000
0505   126.0   982.4     26.58     91.7     201   106     3.10     -2.98      0.86    14     0.0     201     0   0   0   0      28.289   -86.525
0506   126.2  -999.0   -999.00   -999.0    -999   106     3.12     -3.00      0.85    14  -999.0    -999     0   0   0   0    -999.000  -999.000
0507   126.5   983.0     26.61     91.8     196   106     3.13     -3.01      0.84    14     0.0     196     0   0   0   0      28.289   -86.525
0508   126.8  -999.0   -999.00   -999.0    -999   105     3.14     -3.03      0.82    14  -999.0    -999     0   0   0   0    -999.000  -999.000
0509   127.0   983.5     26.64     92.0     191   105     3.15     -3.05      0.80    14     0.0     191     0   0   0   0      28.289   -86.525
0510   127.2  -999.0   -999.00   -999.0    -999   104     3.17     -3.07      0.79    13  -999.0    -999     0   0   0   0    -999.000  -999.000
0511   127.5   984.1     26.68     92.1     186   104     3.19     -3.09      0.77    14     0.1     186     0   0   0   0      28.289   -86.525
0512   127.8  -999.0   -999.00   -999.0    -999   104     3.20     -3.12      0.75    14  -999.0    -999     0   0   0   0    -999.000  -999.000
0513   128.0   984.6     26.71     92.2     181   103     3.23     -3.14      0.73    14     0.1     181     0   0   0   0      28.289   -86.525
0514   128.2  -999.0   -999.00   -999.0    -999   103     3.25     -3.17      0.71    14  -999.0    -999     0   0   0   0    -999.000  -999.000
0515   128.5   985.2     26.75     92.3     176   102     3.28     -3.20      0.70    13     0.1     176     0   0   0   0      28.289   -86.525
0516   128.8  -999.0   -999.00   -999.0    -999   102     3.31     -3.24      0.69    13  -999.0    -999     0   0   0   0    -999.000  -999.000
0517   129.0   985.7     26.79     92.4     171   102     3.34     -3.28      0.67    14     0.1     171     0   0   0   0      28.289   -86.525
0518   129.2  -999.0   -999.00   -999.0    -999   101     3.38     -3.32      0.66    14  -999.0    -999     0   0   0   0    -999.000  -999.000
0519   129.5   986.3     26.83     92.5     166   101     3.43     -3.36      0.66    13     0.0     166     0   0   0   0      28.289   -86.525
0520   129.8  -999.0   -999.00   -999.0    -999   101     3.47     -3.41      0.65    13  -999.0    -999     0   0   0   0    -999.000  -999.000
0521   130.0   986.8     26.87     92.6     161   101     3.52     -3.46      0.65    13     0.0     161     0   0   0   0      28.289   -86.525
0522   130.2  -999.0   -999.00   -999.0    -999   100     3.57     -3.51      0.65    13  -999.0    -999     0   0   0   0    -999.000  -999.000
0523   130.5   987.4     26.91     92.6     156   100     3.63     -3.57      0.64    13    -0.0     156     0   0   0   0      28.289   -86.525
0524   130.8  -999.0   -999.00   -999.0    -999   100     3.69     -3.63      0.64    14  -999.0    -999     0   0   0   0    -999.000  -999.000
0525   131.0   987.9     26.95     92.6     151  -999  -999.00   -999.00   -999.00    14    -0.1     151     0   0   0   0      28.289   -86.525
0526   131.2  -999.0   -999.00   -999.0    -999   100     3.81     -3.75      0.63    14  -999.0    -999     0   0   0   0    -999.000  -999.000
0527   131.5   988.5     26.99     92.5     146    99     3.87     -3.82      0.62    13    -0.1     146     0   0   0   0      28.289   -86.525
0528   131.8  -999.0   -999.00   -999.0    -999    99     3.94     -3.89      0.61    14  -999.0    -999     0   0   0   0    -999.000  -999.000
0529   132.0   989.1     27.03     92.4     141    99     4.00     -3.96      0.60    13    -0.1     141     0   0   0   0      28.289   -86.525
0530   132.2  -999.0   -999.00   -999.0    -999    98     4.07     -4.03      0.58    13  -999.0    -999     0   0   0   0    -999.000  -999.000
0531   132.5   989.6     27.07     92.3     136    98     4.14     -4.10      0.56    13    -0.2     136     0   0   0   0      28.289   -86.525
0532   132.8  -999.0   -999.00   -999.0    -999    97     4.21     -4.18      0.53    13  -999.0    -999     0   0   0   0    -999.000  -999.000
0533   133.0   990.2     27.11     92.2     131    97     4.28     -4.25      0.50    11    -0.2     131     0   0   0   0      28.289   -86.525
0534   133.2  -999.0   -999.00   -999.0    -999    96     4.35     -4.33      0.46    11  -999.0    -999     0   0   0   0    -999.000  -999.000
0535   133.5   990.8     27.16     92.1     126    95     4.42     -4.40      0.42    12    -0.2     126     0   0   0   0      28.289   -86.525
0536   133.8  -999.0   -999.00   -999.0    -999    95     4.49     -4.48      0.37    12  -999.0    -999     0   0   0   0    -999.000  -999.000
0537   134.0   991.3     27.20     92.1     121    94     4.55     -4.54      0.31    13    -0.2     121     0   0   0   0      28.289   -86.525
0538   134.2  -999.0   -999.00   -999.0    -999    93     4.61     -4.60      0.25    13  -999.0    -999     0   0   0   0    -999.000  -999.000
0539   134.5   991.9     27.24     92.0     116    92     4.65     -4.65      0.19    12    -0.2     116     0   0   0   0      28.289   -86.525
0540   134.8  -999.0   -999.00   -999.0    -999    91     4.68     -4.68      0.12    12  -999.0    -999     0   0   0   0    -999.000  -999.000
0541   135.0   992.5     27.29     91.9     111    91     4.70     -4.70      0.04    13    -0.2     111     0   0   0   0      28.289   -86.525
0542   135.2  -999.0   -999.00   -999.0    -999    90     4.70     -4.70     -0.03    13  -999.0    -999     0   0   0   0    -999.000  -999.000
0543   135.5   993.0     27.33     91.8     106    89     4.69     -4.69     -0.11    14    -0.1     106     0   0   0   0      28.289   -86.525
0544   135.8  -999.0   -999.00   -999.0    -999  -999  -999.00   -999.00   -999.00    13  -999.0    -999     0   0   0   0    -999.000  -999.000
0545   136.0   993.6     27.37     91.7     100  -999  -999.00   -999.00   -999.00    13    -0.0     100     0   0   0   0      28.289   -86.525
0546   136.2  -999.0   -999.00   -999.0    -999  -999  -999.00   -999.00   -999.00    13  -999.0    -999     0   0   0   0    -999.000  -999.000
0547   136.5   994.2     27.42     91.6      95  -999  -999.00   -999.00   -999.00    12     0.0      95     0   0   0   0      28.289   -86.525
0548   136.8  -999.0   -999.00   -999.0    -999    84     4.44     -4.41     -0.46    11  -999.0    -999     0   0   0   0    -999.000  -999.000
0549   137.0   994.7     27.46     91.5      91    83     4.36     -4.33     -0.52    11     0.1      91     0   0   0   0      28.289   -86.525
0550   137.2  -999.0   -999.00   -999.0    -999    82     4.29     -4.25     -0.58    12  -999.0    -999     0   0   0   0    -999.000  -999.000
0551   137.5   995.2     27.51     91.4      86    81     4.22     -4.17     -0.65    12     0.2      86     0   0   0   0      28.289   -86.525
0552   137.8  -999.0   -999.00   -999.0    -999    80     4.16     -4.10     -0.72    11  -999.0    -999     0   0   0   0    -999.000  -999.000
0553   138.0   995.8     27.55     91.3      81    79     4.12     -4.04     -0.80    11     0.3      81     0   0   0   0      28.289   -86.525
0554   138.2  -999.0   -999.00   -999.0    -999    78     4.08     -3.99     -0.88    10  -999.0    -999     0   0   0   0    -999.000  -999.000
0555   138.5   996.3     27.59     91.2      76    76     4.06     -3.95     -0.95    11     0.3      76     0   0   0   0      28.289   -86.525
0556   138.8  -999.0   -999.00   -999.0    -999    75     4.06     -3.92     -1.03    11  -999.0    -999     0   0   0   0    -999.000  -999.000
0557   139.0   996.9     27.64     91.0      71    74     4.06     -3.91     -1.11    11     0.4      71     0   0   0   0      28.289   -86.525
0558   139.2  -999.0   -999.00   -999.0    -999    73     4.08     -3.90     -1.19    13  -999.0    -999     0   0   0   0    -999.000  -999.000
0559   139.5   997.4     27.68     90.9      67    72     4.10     -3.90     -1.27    13     0.4      67     0   0   0   0      28.289   -86.525
0560   139.8  -999.0   -999.00   -999.0    -999    71     4.12     -3.90     -1.34    13  -999.0    -999     0   0   0   0    -999.000  -999.000
0561   140.0   997.9     27.73     90.7      62    70     4.15     -3.91     -1.40    13     0.5      62     0   0   0   0      28.289   -86.525
0562   140.2  -999.0   -999.00   -999.0    -999    70     4.18     -3.91     -1.46    13  -999.0    -999     0   0   0   0    -999.000  -999.000
0563   140.5   998.4     27.77     90.5      57    69     4.20     -3.92     -1.51    12     0.5      57     0   0   0   0      28.289   -86.525
0564   140.8  -999.0   -999.00   -999.0    -999    68     4.23     -3.93     -1.56    12  -999.0    -999     0   0   0   0    -999.000  -999.000
0565   141.0   999.0     27.82     90.4      52    68     4.24     -3.93     -1.60    12     0.6      52     0   0   0   0      28.289   -86.525
0566   141.2  -999.0   -999.00   -999.0    -999    67     4.25     -3.93     -1.63    11  -999.0    -999     0   0   0   0    -999.000  -999.000
0567   141.5   999.5     27.86     90.2      48    67     4.26     -3.92     -1.66    10     0.6      48     0   0   0   0      28.289   -86.525
0568   141.8  -999.0   -999.00   -999.0    -999    67     4.26     -3.91     -1.68    10  -999.0    -999     0   0   0   0    -999.000  -999.000
0569   142.0  1000.0     27.91     90.0      43    66     4.26     -3.90     -1.70    10     0.6      43     0   0   0   0      28.289   -86.525
0570   142.2  -999.0   -999.00   -999.0    -999    66     4.25     -3.89     -1.71    11  -999.0    -999     0   0   0   0    -999.000  -999.000
0571   142.5  1000.5     27.95     89.9      38    66     4.22     -3.86     -1.71    11     0.6      38     0   0   0   0      28.289   -86.525
0572   142.8  -999.0   -999.00   -999.0    -999  -999  -999.00   -999.00   -999.00    11  -999.0    -999     0   0   0   0    -999.000  -999.000
0573   143.0  1001.1     28.00     89.7      34  -999  -999.00   -999.00   -999.00    13     0.6      34     0   0   0   0      28.289   -86.525
0574   143.2  -999.0   -999.00   -999.0    -999    66     4.09     -3.74     -1.64    11  -999.0    -999     0   0   0   0    -999.000  -999.000
0575   143.5  1001.6     28.04     89.6      29  -999  -999.00   -999.00   -999.00    13     0.6      29     0   0   0   0      28.289   -86.525
0576   143.8  -999.0   -999.00   -999.0    -999    66     4.01     -3.66     -1.64    14  -999.0    -999     0   0   0   0    -999.000  -999.000
0577   144.0  1002.1     28.09     89.4      25    65     4.00     -3.63     -1.68    11     0.6      25     0   0   0   0      28.289   -86.525
0578   144.2  -999.0   -999.00   -999.0    -999    64     4.01     -3.61     -1.75    13  -999.0    -999     0   0   0   0    -999.000  -999.000
0579   144.5  1002.6     28.14     89.3      20    63     4.04     -3.59     -1.84    13     0.5      20     0   0   0   0      28.289   -86.525
0580   144.8  -999.0   -999.00   -999.0    -999    61     4.08     -3.58     -1.96    13  -999.0    -999     0   0   0   0    -999.000  -999.000
0581   145.0  1003.1     28.18     89.2      15    60     4.12     -3.56     -2.09    14     0.5      15     0   0   0   0      28.289   -86.525
0582   145.2  -999.0   -999.00   -999.0    -999    58     4.17     -3.53     -2.21    13  -999.0    -999     0   0   0   0    -999.000  -999.000
0583   145.5  1003.7     28.23     89.1      10    56     4.21     -3.51     -2.33    13     0.5      10     0   0   0   0      28.289   -86.525
0584   145.8  -999.0   -999.00   -999.0    -999    55     4.25     -3.48     -2.44    13  -999.0    -999     0   0   0   0    -999.000  -999.000
0585   146.0  1004.3     28.28     89.0       5  -999  -999.00   -999.00   -999.00     0     0.5       5     0   0   0   0    -999.000  -999.000
0586   146.5  1004.8     28.28     89.0       0  -999  -999.00   -999.00   -999.00  -999  -999.0       0     0   0   0   0    -999.000  -999.000
