 ===========================================================================
 DROPWINDSONDE PROCESSING RECORD                            Sonde: 051926052
 PDS file written Sep 12, 2000.                             Format:    V6.03
 Aircraft: N42RF                             Date: 050912   Time: 220601 UTC
 ---------------------------------------------------------------------------
 Bias corrections:  PR =    .0 mb  TE =    .0 C  RH =    .0 %  PRB =   .0 mb
 Filters (LPF):     PTH =  10 s    WIND =  10 s       Hyd anchor =       SFC
 Dyn RH correction =  N     WSHR COR =      Y         Splash PR  =  998.4 mb
 Estimated PR used =  N     GPS VERR =    .74 m/s     HYD SFCP   = 1001.2 mb
 Dyn T correction  =  Y     WGACORR  =     .7 m       AC GA ADJ  =     .0 m
 ---------------------------------------------------------------------------
 COMMENTS: rb sst 27.1                                                 
 ===========================================================================

 ==============================================================================
 Date: 050912   Lat:  32.66 N   TA:   18.4 C   PS:  868.8 mb   WD:    93 deg
 Time: 220601   Lon:  77.58 W   TD:   16.3 C   GA:   1234 m    WS:  32.8 m/s
 SID:  051926052                RH:   87.6 %   Navaid:   GP          
 ===========================================================================

IX      t (s)  P (mb)    T (C)    RH (%)  Z (m)   WD    WS (m/s)   U (m/s)   V (m/s)  NS  WZ (m/s)  ZW (m)   FP  FT  FH  FW   LAT (N)    LON (E)  ZW (ft)  WS (kt)  WS (mph)  THETAE (K)
0001      .5   869.4     18.43   -999.0    1208    94    32.84    -32.77      2.23  -999  -999.0    1209     3   3   0   3    32.6611   -77.5834     3966    63.72     73.57     -999.00
0002     1.0   870.1     18.47   -999.0    1202    94    33.01    -32.93      2.25  -999  -999.0    1202     3   3   0   3    32.6611   -77.5835     3945    64.03     73.94     -999.00
0003     1.5   870.7     18.51   -999.0    1195    94    33.05    -32.97      2.25  -999  -999.0    1196     3   3   0   3    32.6611   -77.5837     3924    64.12     74.04     -999.00
0004     2.0   871.4     18.55   -999.0    1189    94    33.10    -33.02      2.26  -999  -999.0    1190     3   3   0   3    32.6611   -77.5839     3903    64.21     74.14     -999.00
0005     2.5   872.0     18.59   -999.0    1183    94    33.14    -33.06      2.26  -999  -999.0    1183     3   3   0   3    32.6612   -77.5841     3882    64.29     74.24     -999.00
0006     3.0   872.7     18.63   -999.0    1176    94    33.19    -33.11      2.26  -999  -999.0    1177     3   3   0   3    32.6612   -77.5843     3861    64.38     74.34     -999.00
0007     3.5   873.3     18.66   -999.0    1170    94    33.23    -33.15      2.27  -999  -999.0    1171     3   3   0   3    32.6612   -77.5844     3840    64.47     74.44     -999.00
0008     4.0   874.0     18.70   -999.0    1163    94    33.28    -33.20      2.27  -999  -999.0    1164     3   3   0   3    32.6612   -77.5846     3819    64.56     74.54     -999.00
0009     4.5   874.6     18.74   -999.0    1157    94    33.32    -33.24      2.28  -999  -999.0    1158     3   3   0   3    32.6612   -77.5848     3798    64.64     74.64     -999.00
0010     5.0   875.3     18.78   -999.0    1151    94    33.37    -33.29      2.28  -999  -999.0    1151     3   3   0   3    32.6612   -77.5850     3778    64.73     74.74     -999.00
0011     5.5   875.9     18.81   -999.0    1144    94    33.41    -33.33      2.28  -999  -999.0    1145     3   3   0   3    32.6612   -77.5851     3757    64.82     74.84     -999.00
0012     6.0   876.6     18.85   -999.0    1138    94    33.46    -33.38      2.29  -999  -999.0    1139     3   3   0   3    32.6612   -77.5853     3736    64.90     74.94     -999.00
0013     6.5   877.2     18.89   -999.0    1132    94    33.50    -33.42      2.29  -999  -999.0    1132     3   3   0   3    32.6612   -77.5855     3715    64.99     75.04     -999.00
0014     7.0   877.9     18.93   -999.0    1125    94    33.54    -33.47      2.30  -999  -999.0    1126     3   3   0   3    32.6613   -77.5857     3694    65.08     75.14     -999.00
0015     7.5   878.5     18.96   -999.0    1119    94    33.59    -33.51      2.30  -999  -999.0    1120     3   3   0   3    32.6613   -77.5858     3673    65.16     75.24     -999.00
0016     8.0   879.2     19.00   -999.0    1113    94    33.63    -33.55      2.30  -999  -999.0    1113     3   3   0   3    32.6613   -77.5860     3652    65.25     75.34     -999.00
0017     8.5   879.8     19.04   -999.0    1106    94    33.68    -33.60      2.31  -999  -999.0    1107     3   3   0   3    32.6613   -77.5862     3632    65.34     75.44     -999.00
0018     9.0   880.5     19.08   -999.0    1100    94    33.72    -33.64      2.31  -999  -999.0    1101     3   3   0   3    32.6613   -77.5864     3611    65.42     75.54     -999.00
0019     9.5   881.1     19.11   -999.0    1094    94    33.77    -33.69      2.32  -999  -999.0    1094     3   3   0   3    32.6613   -77.5865     3590    65.51     75.64     -999.00
0020    10.0   881.7     19.15   -999.0    1087    94    33.81    -33.73      2.32  -999  -999.0    1088     3   3   0   3    32.6613   -77.5867     3570    65.60     75.74     -999.00
0021    10.5   882.4     19.19   -999.0    1081    94    33.86    -33.78      2.33  -999  -999.0    1082     3   3   0   3    32.6613   -77.5869     3549    65.69     75.84     -999.00
0022    11.0   883.0     19.23   -999.0    1075    94    33.90    -33.82      2.33  -999  -999.0    1076     3   3   0   3    32.6614   -77.5871     3529    65.77     75.94     -999.00
0023    11.5   883.7     19.26   -999.0    1069    94    33.95    -33.87      2.33  -999  -999.0    1069     3   3   0   3    32.6614   -77.5873     3508    65.86     76.05     -999.00
0024    12.0   884.3     19.29   -999.0    1062    94    33.99    -33.91      2.34  -999  -999.0    1063     3   3   0   3    32.6614   -77.5875     3488    65.95     76.15     -999.00
0025    12.5   885.0     19.33   -999.0    1056    94    34.04    -33.96      2.34  -999  -999.0    1057     3   3   0   3    32.6614   -77.5876     3467    66.03     76.25     -999.00
0026    13.0   885.6     19.36   -999.0    1050    94    34.08    -34.00      2.34  -999  -999.0    1050     3   3   0   3    32.6614   -77.5878     3446    66.12     76.34     -999.00
0027    13.5   886.3     19.39   -999.0    1043    94    34.13    -34.05      2.35  -999  -999.0    1044     3   3   0   3    32.6614   -77.5880     3425    66.21     76.45     -999.00
0028    14.0   886.9     19.42   -999.0    1037    94    34.18    -34.10      2.35  -999  -999.0    1037     3   3   0   3    32.6614   -77.5882     3403    66.31     76.56     -999.00
0029    14.5   887.6     19.45   -999.0    1030    94    34.23    -34.15      2.35  -999  -999.0    1031     0   0   0   3    32.6614   -77.5884     3382    66.40     76.67     -999.00
0030    15.0   888.3     19.48   -999.0    1023    94    34.28    -34.20      2.36  -999  -999.0    1024     0   0   0   3    32.6614   -77.5886     3360    66.50     76.79     -999.00
0031    15.5   889.0     19.51   -999.0    1017    94    34.33    -34.25      2.37  -999  -999.0    1017     0   0   0   3    32.6615   -77.5887     3337    66.61     76.90     -999.00
0032    16.0   889.7     19.54     91.4    1010    94    34.38    -34.30      2.38  -999     -.7    1010     0   0   0   3    32.6615   -77.5889     3315    66.71     77.02      347.01
0033    16.5   890.4     19.57     91.3    1003    94    34.44    -34.35      2.39  -999     -.9    1003     0   0   0   3    32.6615   -77.5891     3292    66.81     77.14      346.96
0034    17.0   891.1     19.60     91.2     996    94    34.49    -34.40      2.40  -999    -1.0     996     0   0   0   3    32.6615   -77.5893     3269    66.90     77.25      346.93
0035    17.5   891.9     19.63     91.2     989    94    34.53    -34.45      2.42  -999    -1.0     989     0   0   0   3    32.6615   -77.5895     3246    67.00     77.36      346.89
0036    18.0   892.6     19.66     91.1     982    94    34.58    -34.50      2.43  -999    -1.1     982     0   0   0   3    32.6615   -77.5897     3223    67.09     77.46      346.88
0037    18.5   893.3     19.69     91.2     975    94    34.62    -34.54      2.43  -999    -1.1     975     0   0   0   3    32.6615   -77.5898     3200    67.17     77.56      346.89
0038    19.0   894.1     19.72     91.2     968    94    34.66    -34.58      2.43  -999    -1.1     968     0   0   0   3    32.6615   -77.5900     3177    67.24     77.64      346.92
0039    19.5   894.8     19.75     91.3     961    94    34.69    -34.61      2.43  -999    -1.0     961     0   0   0   3    32.6615   -77.5902     3154    67.31     77.72      346.95
0040    20.0   895.5     19.78     91.3     954    94    34.72    -34.63      2.43  -999    -1.0     954     0   0   0   3    32.6616   -77.5904     3131    67.36     77.77      346.98
0041    20.5   896.2     19.81     91.3     947    94    34.74    -34.65      2.42  -999     -.9     947     0   0   0   3    32.6616   -77.5906     3108    67.39     77.81      347.00
0042    21.0   896.9     19.84     91.4     940    94    34.74    -34.66      2.40  -999     -.8     940     0   0   0   3    32.6616   -77.5908     3085    67.39     77.82      347.02
0043    21.5   897.7     19.87     91.4     933    94    34.73    -34.65      2.39  -999     -.7     934     0   0   0   3    32.6616   -77.5909     3063    67.38     77.80      347.04
0044    22.0   898.4     19.90     91.4     926    94    34.71    -34.63      2.37  -999     -.6     927     0   0   0   3    32.6616   -77.5911     3041    67.34     77.76      347.05
0045    22.5   899.0     19.93     91.4     919    94    34.68    -34.60      2.35     5     -.4     920     0   0   0   0    32.6616   -77.5913     3019    67.28     77.69      347.07
0046    23.0   899.7     19.96     91.4     913    94    34.64    -34.57      2.33     5     -.3     913     0   0   0   0    32.6616   -77.5915     2997    67.21     77.60      347.08
0047    23.5   900.4     19.99     91.5     906    94    34.60    -34.52      2.31     5     -.2     907     0   0   0   0    32.6616   -77.5917     2975    67.12     77.50      347.10
0048    24.0   901.1     20.02     91.5     900    94    34.55    -34.47      2.28     5     -.1     900     0   0   0   0    32.6616   -77.5919     2954    67.02     77.39      347.11
0049    24.5   901.8     20.04     91.5     893    94    34.50    -34.43      2.24     5     -.1     894     0   0   0   0    32.6617   -77.5920     2933    66.93     77.28      347.11
0050    25.0   902.4     20.07     91.5     887    94    34.46    -34.39      2.20     5      .0     887     0   0   0   0    32.6617   -77.5922     2912    66.86     77.20      347.12
0051    25.5   903.1     20.10     91.5     880    94    34.44    -34.37      2.15     5      .0     881     0   0   0   0    32.6617   -77.5924     2891    66.81     77.14      347.12
0052    26.0   903.8     20.12     91.5     874    93    34.43    -34.37      2.08     5      .0     875     0   0   0   0    32.6617   -77.5926     2870    66.79     77.12      347.12
0053    26.5   904.5     20.15     91.5     868    93    34.44    -34.38      2.00     5      .1     868     0   0   0   0    32.6617   -77.5928     2849    66.82     77.15      347.12
0054    27.0   905.1     20.18     91.5     861    93    34.48    -34.43      1.90     5      .1     862     0   0   0   0    32.6617   -77.5930     2828    66.89     77.24      347.12
0055    27.5   905.8     20.20     91.5     855    93    34.55    -34.50      1.78     5      .1     855     0   0   0   0    32.6617   -77.5931     2807    67.02     77.38      347.12
0056    28.0   906.5     20.23     91.5     848    93    34.64    -34.60      1.65     5      .0     849     0   0   0   0    32.6617   -77.5933     2786    67.20     77.59      347.11
0057    28.5   907.1     20.26     91.5     842    92    34.76    -34.73      1.50     5      .0     843     0   0   0   0    32.6617   -77.5935     2765    67.44     77.86      347.11
0058    29.0   907.8     20.29     91.4     836    92    34.90    -34.88      1.35     5      .0     836     0   0   0   0    32.6617   -77.5937     2743    67.72     78.19      347.10
0059    29.5   908.5     20.32     91.4     829    92    35.07    -35.05      1.18     5      .0     830     0   0   0   0    32.6617   -77.5939     2722    68.03     78.55      347.10
0060    30.0   909.1     20.35     91.4     823    92    35.25    -35.23      1.01     5      .0     823     0   0   0   0    32.6617   -77.5941     2701    68.38     78.95      347.10
0061    30.5   909.8     20.39     91.3     816    91    35.43    -35.42       .85     5      .0     817     0   0   0   0    32.6617   -77.5943     2680    68.74     79.37      347.11
0062    31.0   910.5     20.42     91.3     810    91    35.62    -35.61       .69     5      .1     811     0   0   0   0    32.6618   -77.5944     2659    69.10     79.78      347.11
0063    31.5   911.2     20.45     91.2     803    91    35.79    -35.79       .54     5      .1     804     0   0   0   0    32.6618   -77.5946     2638    69.44     80.18      347.11
0064    32.0   911.8     20.49     91.2     797    91    35.96    -35.95       .41     5      .1     798     0   0   0   0    32.6618   -77.5948     2617    69.75     80.54      347.12
0065    32.5   912.5     20.52     91.1     791    90    36.10    -36.10       .29     5      .1     791     0   0   0   0    32.6618   -77.5950     2596    70.03     80.86      347.13
0066    33.0   913.2     20.55     91.1     784    90    36.22    -36.22       .19     5      .1     785     0   0   0   0    32.6618   -77.5952     2576    70.26     81.13      347.13
0067    33.5   913.8     20.59     91.1     778    90    36.31    -36.31       .11     5      .2     779     0   0   0   0    32.6618   -77.5954     2555    70.45     81.34      347.14
0068    34.0   914.5     20.62     91.0     772    90    36.38    -36.38       .04     5      .2     772     0   0   0   0    32.6618   -77.5956     2534    70.58     81.50      347.14
0069    34.5   915.2     20.65     91.0     765    90    36.43    -36.43       .00     5      .2     766     0   0   0   0    32.6618   -77.5958     2513    70.68     81.61      347.15
0070    35.0   915.8     20.68     91.0     759    90    36.46    -36.46      -.03     5      .2     760     0   0   0   0    32.6618   -77.5960     2493    70.73     81.66      347.15
0071    35.5   916.5     20.70     91.0     753    90    36.46    -36.46      -.05     5      .1     753     0   0   0   0    32.6618   -77.5962     2472    70.74     81.67      347.14
0072    36.0   917.2     20.73     91.0     746    90    36.45    -36.45      -.05     5      .1     747     0   0   0   0    32.6618   -77.5964     2451    70.71     81.64      347.14
0073    36.5   917.8     20.75     91.0     740    90    36.41    -36.41      -.04     5      .1     741     0   0   0   0    32.6618   -77.5965     2430    70.64     81.57      347.14
0074    37.0   918.5     20.77     91.1     734    90    36.36    -36.36      -.02     5      .1     734     0   0   0   0    32.6618   -77.5967     2409    70.54     81.45      347.13
0075    37.5   919.2     20.79     91.1     727    90    36.29    -36.29       .00     5      .0     728     0   0   0   3    32.6618   -77.5969     2389    70.40     81.28      347.13
0076    38.0   919.9     20.81     91.2     721    90    36.19    -36.19       .03     5      .0     722     0   0   0   0    32.6618   -77.5971     2368    70.21     81.07      347.13
0077    38.5   920.5     20.82     91.3     715    90    36.08    -36.08       .07     5      .0     715     0   0   0   0    32.6618   -77.5973     2347    69.99     80.81      347.13
0078    39.0   921.2     20.84     91.4     708    90    35.94    -35.94       .09     5      .0     709     0   0   0   0    32.6618   -77.5975     2326    69.73     80.51      347.14
0079    39.5   921.9     20.85     91.5     702    90    35.80    -35.80       .11     5     -.1     702     0   0   0   0    32.6618   -77.5977     2305    69.44     80.18      347.14
0080    40.0   922.6     20.86     91.6     695    90    35.64    -35.64       .12     5     -.1     696     0   0   0   0    32.6618   -77.5979     2283    69.14     79.84      347.15
0081    40.5   923.3     20.87     91.8     689    90    35.48    -35.48       .10     5     -.1     690     0   0   0   3    32.6618   -77.5981     2262    68.84     79.48      347.16
0082    41.0   924.0     20.88     92.0     682    90    35.33    -35.33       .06     5     -.1     683     0   0   0   0    32.6618   -77.5983     2241    68.55     79.15      347.17
0083    41.5   924.6     20.89     92.1     676    90    35.20    -35.20      -.01     5     -.2     677     0   0   0   0    32.6618   -77.5984     2220    68.29     78.84      347.19
0084    42.0   925.3     20.90     92.3     670    90    35.09    -35.09      -.12     5     -.2     670     0   0   0   0    32.6618   -77.5986     2199    68.07     78.59      347.20
0085    42.5   926.0     20.92     92.4     663    90    35.00    -35.00      -.27     5     -.3     664     0   0   0   3    32.6618   -77.5988     2178    67.90     78.40      347.22
0086    43.0   926.7     20.93     92.6     657    89    34.95    -34.95      -.46     5     -.3     657     0   0   0   0    32.6618   -77.5990     2156    67.81     78.30      347.24
0087    43.5   927.4     20.94     92.7     650    89    34.94    -34.94      -.67     5     -.4     651     0   0   0   0    32.6617   -77.5992     2135    67.79     78.27      347.25
0088    44.0   928.1     20.96     92.9     643    88    34.97    -34.95      -.92     5     -.5     644     0   0   0   0    32.6617   -77.5994     2113    67.84     78.33      347.27
0089    44.5   928.8     20.97     93.0     637    88    35.02    -35.00     -1.19     5     -.5     638     0   0   0   0    32.6617   -77.5996     2092    67.94     78.44      347.28
0090    45.0   929.5     20.99     93.1     630    88    35.09    -35.06     -1.48     5     -.6     631     0   0   0   0    32.6617   -77.5997     2070    68.08     78.60      347.30
0091    45.5   930.2     21.01     93.2     623    87    35.17    -35.13     -1.77     5     -.7     624     0   0   0   0    32.6617   -77.5999     2048    68.23     78.79      347.32
0092    46.0   931.0     21.03     93.3     617    87    35.25    -35.19     -2.05     5     -.8     617     0   0   0   0    32.6617   -77.6001     2026    68.39     78.96      347.34
0093    46.5   931.7     21.06     93.4     610    86    35.32    -35.24     -2.33     5     -.9     611     0   0   0   0    32.6617   -77.6003     2003    68.52     79.12      347.37
0094    47.0   932.4     21.09     93.4     603    86    35.37    -35.27     -2.58     5    -1.0     604     0   0   0   3    32.6617   -77.6005     1981    68.62     79.23      347.40
0095    47.5   933.2     21.12     93.5     596    85    35.39    -35.28     -2.81     5    -1.0     597     0   0   0   0    32.6617   -77.6007     1958    68.66     79.28      347.44
0096    48.0   933.9     21.15     93.5     589    85    35.39    -35.26     -3.02     5    -1.1     590     0   0   0   0    32.6617   -77.6009     1936    68.66     79.27      347.48
0097    48.5   934.6     21.19     93.6     582    85    35.36    -35.22     -3.20     5    -1.1     583     0   0   0   0    32.6617   -77.6011     1913    68.61     79.22      347.53
0098    49.0   935.4     21.22     93.6     575    85    35.32    -35.16     -3.36     5    -1.2     576     0   0   0   0    32.6616   -77.6013     1890    68.52     79.12      347.59
0099    49.5   936.1     21.26     93.6     569    84    35.27    -35.10     -3.49     5    -1.2     569     0   0   0   0    32.6616   -77.6015     1868    68.42     79.00      347.64
0100    50.0   936.9     21.30     93.7     562    84    35.22    -35.04     -3.60     6    -1.2     562     0   0   0   0    32.6616   -77.6016     1845    68.33     78.90      347.71
0101    50.5   937.6     21.34     93.7     555    84    35.19    -35.00     -3.69     6    -1.2     555     0   0   0   0    32.6616   -77.6018     1822    68.27     78.83      347.77
0102    51.0   938.4     21.39     93.7     548    84    35.19    -34.99     -3.77     6    -1.2     548     0   0   0   0    32.6616   -77.6020     1799    68.27     78.83      347.82
0103    51.5   939.1     21.43     93.6     541    84    35.23    -35.02     -3.84     6    -1.2     541     0   0   0   3    32.6616   -77.6022     1776    68.34     78.91      347.86
0104    52.0   939.9     21.47     93.6     534    84    35.31    -35.09     -3.90     6    -1.1     534     0   0   0   0    32.6615   -77.6024     1753    68.50     79.09      347.89
0105    52.5   940.6     21.51     93.5     527    84    35.44    -35.22     -3.95     6    -1.1     528     0   0   0   0    32.6615   -77.6026     1731    68.75     79.39      347.90
0106    53.0   941.4     21.56     93.3     520    84    35.62    -35.39     -4.00     6    -1.0     521     0   0   0   0    32.6615   -77.6028     1708    69.10     79.79      347.90
0107    53.5   942.1     21.60     93.1     513    84    35.84    -35.61     -4.03     6     -.9     514     0   0   0   0    32.6615   -77.6030     1686    69.53     80.29      347.87
0108    54.0   942.8     21.65     92.9     506    84    36.10    -35.87     -4.06     5     -.8     507     0   0   0   0    32.6615   -77.6031     1664    70.04     80.87      347.83
0109    54.5   943.6     21.70     92.6     500    84    36.39    -36.16     -4.07     6     -.7     500     0   0   0   0    32.6614   -77.6033     1642    70.59     81.51      347.78
0110    55.0   944.3     21.75     92.3     493    84    36.69    -36.46     -4.08     6     -.6     494     0   0   0   0    32.6614   -77.6035     1620    71.18     82.18      347.72
0111    55.5   945.0     21.80     92.0     487    84    37.00    -36.77     -4.08     6     -.5     487     0   0   0   0    32.6614   -77.6037     1598    71.77     82.87      347.65
0112    56.0   945.7     21.86     91.7     480    84    37.30    -37.08     -4.08     6     -.4     481     0   0   0   0    32.6614   -77.6039     1577    72.36     83.55      347.59
0113    56.5   946.4     21.91     91.4     474    84    37.58    -37.36     -4.08     6     -.3     474     0   0   0   0    32.6614   -77.6041     1556    72.91     84.19      347.53
0114    57.0   947.1     21.97     91.1     467    84    37.84    -37.62     -4.08     6     -.2     468     0   0   0   0    32.6613   -77.6043     1535    73.41     84.76      347.50
0115    57.5   947.8     22.02     90.8     461    84    38.06    -37.84     -4.09     6     -.1     461     0   0   0   3    32.6613   -77.6045     1514    73.84     85.26      347.48
0116    58.0   948.5     22.07     90.6     454    84    38.25    -38.03     -4.12     6      .0     455     0   0   0   0    32.6613   -77.6047     1493    74.20     85.68      347.49
0117    58.5   949.1     22.12     90.5     448    84    38.40    -38.17     -4.18     6      .1     449     0   0   0   0    32.6613   -77.6049     1473    74.49     86.01      347.52
0118    59.0   949.8     22.17     90.4     442    84    38.50    -38.27     -4.26     6      .1     443     0   0   0   0    32.6613   -77.6051     1452    74.69     86.25      347.58
0119    59.5   950.5     22.21     90.5     436    84    38.57    -38.32     -4.37     6      .2     436     0   0   0   0    32.6613   -77.6053     1432    74.83     86.40      347.66
0120    60.0   951.2     22.24     90.6     430    83    38.60    -38.34     -4.51     6      .2     430     0   0   0   0    32.6612   -77.6055     1412    74.89     86.47      347.75
0121    60.5   951.9     22.27     90.8     423    83    38.60    -38.31     -4.68     6      .3     424     0   0   0   0    32.6612   -77.6058     1391    74.88     86.46      347.86
0122    61.0   952.5     22.28     91.0     417    83    38.57    -38.26     -4.88     6      .3     418     0   0   0   0    32.6612   -77.6060     1371    74.82     86.39      347.97
0123    61.5   953.2     22.29     91.4     411    82    38.51    -38.17     -5.11     6      .3     412     0   0   0   0    32.6612   -77.6062     1351    74.72     86.27      348.08
0124    62.0   953.9     22.30     91.7     405    82    38.44    -38.07     -5.36     6      .3     406     0   0   0   0    32.6611   -77.6064     1331    74.57     86.11      348.18
0125    62.5   954.5     22.30     92.1     399    82    38.36    -37.94     -5.62     6      .3     400     0   0   0   0    32.6611   -77.6066     1311    74.41     85.92      348.26
0126    63.0   955.2     22.29     92.5     393    81    38.26    -37.81     -5.89     6      .3     393     0   0   0   0    32.6611   -77.6068     1291    74.23     85.71      348.33
0127    63.5   955.9     22.28     92.8     387    81    38.17    -37.67     -6.16     6      .3     387     0   0   0   0    32.6611   -77.6070     1271    74.05     85.50      348.39
0128    64.0   956.5     22.27     93.2     380    80    38.08    -37.53     -6.43     6      .3     381     0   0   0   0    32.6610   -77.6072     1251    73.87     85.29      348.43
0129    64.5   957.2     22.27     93.5     374    80    37.99    -37.40     -6.68     6      .2     375     0   0   0   0    32.6610   -77.6074     1230    73.70     85.09      348.45
0130    65.0   957.9     22.26     93.7     368    79    37.91    -37.27     -6.91     6      .2     369     0   0   0   0    32.6610   -77.6076     1210    73.54     84.91      348.47
0131    65.5   958.6     22.27     94.0     362    79    37.83    -37.15     -7.13     5      .1     363     0   0   0   0    32.6609   -77.6078     1190    73.39     84.73      348.49
0132    66.0   959.2     22.27     94.1     356    79    37.75    -37.04     -7.32     6      .0     356     0   0   0   0    32.6609   -77.6080     1169    73.24     84.56      348.51
0133    66.5   959.9     22.29     94.3     349    79    37.67    -36.92     -7.47     6     -.2     350     0   0   0   0    32.6609   -77.6082     1149    73.08     84.38      348.53
0134    67.0   960.6     22.31     94.4     343    78    37.58    -36.81     -7.60     6     -.3     344     0   0   0   0    32.6608   -77.6084     1128    72.91     84.18      348.56
0135    67.5   961.3     22.34     94.4     337    78    37.48    -36.68     -7.68     6     -.4     337     0   0   0   0    32.6608   -77.6086     1107    72.70     83.95      348.61
0136    68.0   962.1     22.37     94.5     330    78    37.35    -36.54     -7.73     6     -.6     331     0   0   0   0    32.6608   -77.6088     1085    72.46     83.66      348.67
0137    68.5   962.8     22.41     94.5     324    78    37.20    -36.39     -7.73     6     -.7     324     0   0   0   0    32.6607   -77.6089     1064    72.16     83.32      348.74
0138    69.0   963.5     22.45     94.6     317    78    37.01    -36.21     -7.69     6     -.9     318     0   0   0   0    32.6607   -77.6091     1042    71.81     82.91      348.83
0139    69.5   964.3     22.50     94.6     310    78    36.80    -36.01     -7.60     6    -1.0     311     0   0   0   0    32.6607   -77.6093     1020    71.39     82.43      348.92
0140    70.0   965.0     22.55     94.6     303    78    36.55    -35.78     -7.47     6    -1.1     304     0   0   0   0    32.6606   -77.6095      997    70.90     81.87      349.01
0141    70.5   965.8     22.60     94.6     296    78    36.27    -35.53     -7.30     6    -1.2     297     0   0   0   0    32.6606   -77.6097      975    70.36     81.24      349.11
0142    71.0   966.5     22.65     94.6     289    79    35.96    -35.25     -7.09     5    -1.2     290     0   0   0   0    32.6606   -77.6099      952    69.76     80.55      349.21
0143    71.5   967.3     22.70     94.6     283    79    35.63    -34.96     -6.85     5    -1.1     283     0   0   0   0    32.6605   -77.6101      929    69.12     79.81      349.30
0144    72.0   968.1     22.74     94.6     276    79    35.29    -34.67     -6.59     6    -1.1     276     0   0   0   0    32.6605   -77.6103      907    68.46     79.05      349.38
0145    72.5   968.8     22.79     94.6     269    80    34.95    -34.37     -6.32     6     -.9     270     3   3   3   0    32.6605   -77.6105      884    67.79     78.28      349.45
0146    73.0   969.6     22.83     94.6     262    80    34.61    -34.07     -6.06     6     -.8     263     0   0   0   0    32.6604   -77.6106      862    67.14     77.52      349.51
0147    73.5   970.3     22.87     94.5     255    80    34.28    -33.78     -5.82     6     -.6     256     0   0   0   0    32.6604   -77.6108      840    66.50     76.79      349.56
0148    74.0   971.0     22.91     94.5     249    80    33.97    -33.51     -5.61     6     -.3     250     0   0   0   0    32.6604   -77.6110      819    65.91     76.10      349.61
0149    74.5   971.7     22.95     94.5     243    81    33.69    -33.25     -5.44     5     -.1     243     0   0   0   0    32.6604   -77.6112      798    65.36     75.46      349.64
0150    75.0   972.4     22.98     94.5     236    81    33.43    -33.01     -5.32     6      .2     237     0   0   0   0    32.6604   -77.6113      778    64.86     74.89      349.66
0151    75.5   973.1     23.02     94.4     230    81    33.21    -32.79     -5.26     6      .5     231     0   0   0   0    32.6603   -77.6115      758    64.42     74.38      349.69
0152    76.0   973.8     23.05     94.4     224    81    33.01    -32.59     -5.25     6      .7     225     0   0   0   0    32.6603   -77.6117      738    64.04     73.95      349.70
0153    76.5   974.4     23.08     94.3     219    81    32.85    -32.42     -5.30     6     1.0     219     0   0   0   0    32.6603   -77.6119      719    63.73     73.58      349.72
0154    77.0   975.0     23.11     94.3     213    81    32.72    -32.27     -5.40     6     1.2     214     0   0   0   0    32.6603   -77.6120      701    63.47     73.28      349.73
0155    77.5   975.6     23.14     94.3     207    80    32.61    -32.14     -5.54     6     1.4     208     0   0   0   0    32.6602   -77.6122      683    63.27     73.05      349.74
0156    78.0   976.3     23.17     94.2     202    80    32.54    -32.03     -5.71     6     1.5     203     0   0   0   0    32.6602   -77.6124      665    63.12     72.88      349.76
0157    78.5   976.8     23.20     94.2     197    80    32.48    -31.94     -5.91     6     1.7     197     0   0   0   0    32.6602   -77.6125      647    63.01     72.76      349.77
0158    79.0   977.4     23.23     94.1     191    79    32.44    -31.86     -6.12     6     1.7     192     0   0   0   0    32.6602   -77.6127      630    62.94     72.67      349.79
0159    79.5   978.0     23.26     94.1     186    79    32.42    -31.79     -6.34     6     1.7     187     0   0   0   0    32.6601   -77.6129      613    62.89     72.61      349.81
0160    80.0   978.6     23.30     94.0     181    78    32.39    -31.73     -6.55     6     1.7     181     0   0   0   0    32.6601   -77.6131      595    62.84     72.56      349.83
0161    80.5   979.2     23.33     94.0     175    78    32.37    -31.66     -6.74     6     1.7     176     0   0   0   0    32.6601   -77.6132      578    62.80     72.51      349.86
0162    81.0   979.8     23.37     93.9     170    78    32.34    -31.60     -6.90     6     1.6     171     0   0   0   0    32.6600   -77.6134      560    62.75     72.45      349.90
0163    81.5   980.4     23.41     93.9     165    77    32.30    -31.53     -7.04     6     1.5     165     0   0   0   0    32.6600   -77.6136      542    62.67     72.36      349.94
0164    82.0   981.0     23.45     93.8     159    77    32.25    -31.45     -7.14     6     1.4     160     0   0   0   0    32.6600   -77.6137      524    62.56     72.24      350.00
0165    82.5   981.7     23.49     93.8     154    77    32.18    -31.36     -7.21     6     1.3     154     0   0   0   0    32.6599   -77.6139      506    62.43     72.08      350.07
0166    83.0   982.3     23.54     93.7     148    77    32.10    -31.27     -7.25     6     1.2     149     0   0   0   0    32.6599   -77.6141      488    62.27     71.90      350.15
0167    83.5   982.9     23.59     93.7     142    77    32.01    -31.18     -7.25     6     1.1     143     0   0   0   0    32.6599   -77.6142      469    62.10     71.71      350.24
0168    84.0   983.6     23.64     93.6     137    77    31.92    -31.09     -7.22     6     1.0     137     0   0   0   0    32.6598   -77.6144      450    61.92     71.50      350.35
0169    84.5   984.2     23.69     93.6     131    77    31.81    -30.99     -7.17     6     1.0     132     0   0   0   0    32.6598   -77.6146      432    61.71     71.25      350.46
0170    85.0   984.8     23.75     93.6     125    77    31.69    -30.88     -7.11     6      .9     126     0   0   0   0    32.6598   -77.6147      413    61.48     70.98      350.58
0171    85.5   985.5     23.81     93.5     119    77    31.56    -30.77     -7.05     6      .9     120     0   0   0   0    32.6597   -77.6149      394    61.23     70.70      350.71
0172    86.0   986.1     23.86     93.5     114    77    31.44    -30.66     -6.98     6      .9     114     0   0   0   0    32.6597   -77.6151      375    60.99     70.43      350.84
0173    86.5   986.8     23.92     93.4     108    77    31.32    -30.55     -6.91     6     1.0     109     0   0   0   0    32.6597   -77.6152      356    60.76     70.16      350.97
0174    87.0   987.4     23.98     93.3     102    77    31.21    -30.45     -6.84     6     1.0     103     0   0   0   0    32.6597   -77.6154      337    60.54     69.90      351.10
0175    87.5   988.1     24.04     93.3      96    77    31.10    -30.35     -6.77     6     1.0      97     0   0   0   0    32.6596   -77.6155      319    60.33     69.66      351.22
0176    88.0   988.7     24.10     93.2      91    78    30.99    -30.26     -6.69     6     1.1      91     0   0   0   0    32.6596   -77.6157      300    60.11     69.41      351.33
0177    88.5   989.3     24.16     93.1      85    78    30.86    -30.15     -6.59     6     1.1      86     0   0   0   0    32.6596   -77.6159      282    59.87     69.13      351.43
0178    89.0   990.0     24.21     93.0      80    78    30.72    -30.02     -6.48     6     1.2      80     0   0   0   0    32.6595   -77.6160      263    59.59     68.80      351.52
0179    89.5   990.6     24.27     92.8      74    78    30.55    -29.87     -6.37     6     1.2      75     0   0   0   0    32.6595   -77.6162      245    59.26     68.42      351.59
0180    90.0   991.2     24.33     92.7      68    78    30.35    -29.70     -6.26     6     1.1      69     0   0   0   0    32.6595   -77.6163      227    58.88     67.98      351.65
0181    90.5   991.8     24.38     92.5      63    78    30.12    -29.47     -6.18     5     1.1      63     0   0   0   0    32.6594   -77.6165      208    58.42     67.46      351.70
0182    91.0   992.5     24.43     92.3      57    78    29.83    -29.19     -6.14     6     1.0      58     0   0   0   0    32.6594   -77.6166      190    57.86     66.81      351.73
0183    91.5   993.1     24.49     92.1      51    78    29.47    -28.83     -6.11     6      .9      52     0   0   0   0    32.6594   -77.6168      171    57.17     66.01      351.75
0184    92.0   993.8     24.54     91.9      46    78    29.01    -28.37     -6.08     6      .7      46     0   0   0   0    32.6594   -77.6170      152    56.28     64.99      351.77
0185    92.5   994.4     24.60     91.7      40    78    28.42    -27.78     -6.02     6      .5      41     0   0   0   0    32.6593   -77.6171      133    55.14     63.67      351.78
0186    93.0   995.1     24.65     91.5      34    78    27.70    -27.07     -5.86     6      .6      35     0   0   0   3    32.6593   -77.6172      113    53.73     62.04      351.82
0187    93.5   995.8     24.71     91.4      28    78    26.90    -26.30     -5.65     6      .7      29     0   0   0   0    32.6593   -77.6174       94    52.19     60.27      351.90
0188    94.0   996.5     24.77     91.4      22    78    25.99    -25.43     -5.37     6      .6      22     0   0   0   0    32.6593   -77.6175       73    50.41     58.21      352.09
0189    94.5   997.2     24.83     91.6      15    79    24.90    -24.43     -4.82     5      .6      16     0   0   0   0    32.6592   -77.6176       53    48.31     55.78      352.39
0190    95.0   997.8     24.91     92.2      10    81    23.88    -23.58     -3.79     5      .7      11     0   0   0   3    32.6592   -77.6178       35    46.34     53.50      353.04
0191    95.5   998.4     24.98     93.7       5    82    22.74    -22.54     -3.01     5      .8       5     0   0   0   0    32.6592   -77.6179       17    44.12     50.94      354.16
