 ===========================================================================
 DROPWINDSONDE PROCESSING RECORD                            Sonde: 053116070
 PDS file written Sep 11, 2005.                             Format:    V6.02
 Aircraft: N43RF                             Date: 050911   Time: 164220 UTC
 ---------------------------------------------------------------------------
 Bias corrections:  PR =    .0 mb  TE =    .0 C  RH =    .0 %  PRB =  -.4 mb
 Filters (LPF):     PTH =  10 s    WIND =  10 s       Hyd anchor =       FLT
 Dyn RH correction =  N     WSHR COR =      Y         Splash PR  = -999.0 mb
 Estimated PR used =  Y     GPS VERR =    .18 m/s     HYD SFCP   = -999.0 mb
 Dyn T correction  =  Y     WGACORR  =    2.2 m       AC GA ADJ  =     .0 m
 ---------------------------------------------------------------------------
 COMMENTS: None                                                        
 ===========================================================================

 ==============================================================================
 Date: 050911   Lat:  31.73 N   TA:    7.5 C   PS:  643.6 mb   WD:   124 deg
 Time: 164220   Lon:  75.64 W   TD: -999.0 C   GA:   3657 m    WS:  35.6 m/s
 SID:  053116070                RH:  109.2 %   Navaid:   GP          
 ===========================================================================

IX      t (s)  P (mb)    T (C)    RH (%)  Z (m)   WD    WS (m/s)   U (m/s)   V (m/s)  NS  WZ (m/s)  ZW (m)   FP  FT  FH  FW   LAT (N)    LON (E)  ZW (ft)  WS (kt)  WS (mph)  THETAE (K)
0001      .1   644.1      7.53   -999.0    3650   125    35.48    -29.12     20.26  -999  -999.0    3652     3   3   0   3    31.7297   -75.6383    11982    68.82     79.47     -999.00
0002      .6   644.7      7.56   -999.0    3643   125    35.00    -28.55     20.25  -999  -999.0    3645     3   3   0   3    31.7298   -75.6384    11960    67.91     78.41     -999.00
0003     1.1   645.2      7.59   -999.0    3636   125    34.88    -28.40     20.25  -999  -999.0    3638     3   3   0   3    31.7299   -75.6386    11937    67.67     78.13     -999.00
0004     1.6   645.8      7.63   -999.0    3629   126    34.76    -28.25     20.25  -999  -999.0    3631     3   3   0   3    31.7300   -75.6387    11914    67.43     77.86     -999.00
0005     2.1   646.3      7.66   -999.0    3622   126    34.65    -28.12     20.24  -999  -999.0    3625     3   3   0   3    31.7301   -75.6389    11892    67.22     77.61     -999.00
0006     2.6   646.8      7.69   -999.0    3616   126    34.65    -28.18     20.15  -999  -999.0    3618     3   3   0   3    31.7302   -75.6390    11869    67.21     77.61     -999.00
0007     3.1   647.4      7.72   -999.0    3609   125    34.75    -28.42     20.00  -999  -999.0    3611     3   3   0   3    31.7302   -75.6392    11847    67.42     77.84     -999.00
0008     3.6   647.9      7.75   -999.0    3602   125    34.86    -28.67     19.83     7  -999.0    3604     3   3   0   0    31.7303   -75.6393    11824    67.64     78.09     -999.00
0009     4.1   648.4      7.78   -999.0    3595   124    34.94    -28.87     19.68     7  -999.0    3597     3   3   0   0    31.7304   -75.6395    11802    67.78     78.26     -999.00
0010     4.6   649.0      7.81   -999.0    3588   124    34.98    -29.01     19.54     7  -999.0    3590     3   3   0   0    31.7305   -75.6396    11779    67.86     78.35     -999.00
0011     5.1   649.5      7.84   -999.0    3581   124    35.00    -29.12     19.42     7  -999.0    3583     3   3   0   0    31.7306   -75.6398    11757    67.90     78.40     -999.00
0012     5.6   650.1      7.88   -999.0    3574   123    35.02    -29.21     19.30     7  -999.0    3577     3   3   0   0    31.7307   -75.6399    11734    67.93     78.44     -999.00
0013     6.1   650.6      7.91   -999.0    3568   123    35.02    -29.30     19.20     7  -999.0    3570     3   3   0   0    31.7308   -75.6401    11712    67.95     78.46     -999.00
0014     6.6   651.1      7.94   -999.0    3561   123    35.03    -29.37     19.10     7  -999.0    3563     3   3   0   0    31.7309   -75.6402    11689    67.96     78.47     -999.00
0015     7.1   651.7      7.97   -999.0    3554   123    35.04    -29.44     19.01     7  -999.0    3556     3   3   0   0    31.7309   -75.6404    11667    67.98     78.49     -999.00
0016     7.6   652.2      8.00   -999.0    3547   123    35.05    -29.51     18.92     7  -999.0    3549     3   3   0   0    31.7310   -75.6405    11645    68.00     78.51     -999.00
0017     8.1   652.8      8.03   -999.0    3540   122    35.06    -29.57     18.83     7  -999.0    3542     3   3   0   0    31.7311   -75.6407    11622    68.01     78.53     -999.00
0018     8.6   653.3      8.06   -999.0    3533   122    35.06    -29.62     18.75     7  -999.0    3536     3   3   0   0    31.7312   -75.6408    11600    68.02     78.53     -999.00
0019     9.1   653.8      8.09   -999.0    3527   122    35.05    -29.67     18.67     7  -999.0    3529     3   3   0   0    31.7313   -75.6410    11577    68.01     78.52     -999.00
0020     9.6   654.4      8.12   -999.0    3520   122    35.04    -29.70     18.61     7  -999.0    3522     3   3   0   0    31.7314   -75.6412    11555    67.98     78.50     -999.00
0021    10.1   654.9      8.15   -999.0    3513   122    35.03    -29.71     18.55     7  -999.0    3515     3   3   0   0    31.7314   -75.6413    11533    67.95     78.46     -999.00
0022    10.6   655.4      8.18   -999.0    3506   122    35.00    -29.71     18.51     7  -999.0    3508     3   3   0   0    31.7315   -75.6415    11511    67.90     78.41     -999.00
0023    11.1   656.0      8.21   -999.0    3499   122    34.97    -29.69     18.48     7  -999.0    3502     3   3   0   0    31.7316   -75.6416    11488    67.85     78.34     -999.00
0024    11.6   656.5      8.24   -999.0    3493   122    34.94    -29.66     18.47     7  -999.0    3495     3   3   0   0    31.7317   -75.6418    11466    67.79     78.27     -999.00
0025    12.1   657.1      8.27   -999.0    3486   122    34.91    -29.63     18.47     7  -999.0    3488     3   3   0   0    31.7318   -75.6419    11444    67.73     78.20     -999.00
0026    12.6   657.6      8.30   -999.0    3479   122    34.88    -29.59     18.47     7  -999.0    3481     3   3   0   0    31.7319   -75.6421    11422    67.67     78.13     -999.00
0027    13.1   658.1      8.32   -999.0    3472   122    34.85    -29.54     18.48     7  -999.0    3475     3   3   0   0    31.7320   -75.6423    11400    67.60     78.06     -999.00
0028    13.6   658.7      8.35   -999.0    3466   122    34.82    -29.50     18.49     7  -999.0    3468     3   3   0   0    31.7320   -75.6424    11377    67.54     77.99     -999.00
0029    14.1   659.2      8.38   -999.0    3459   122    34.79    -29.47     18.50     7  -999.0    3461     3   3   0   0    31.7321   -75.6426    11355    67.50     77.94     -999.00
0030    14.6   659.8      8.40   -999.0    3452   122    34.78    -29.44     18.51     7  -999.0    3454     3   3   0   0    31.7322   -75.6427    11333    67.47     77.91     -999.00
0031    15.1   660.3      8.42   -999.0    3445   122    34.77    -29.43     18.53     7  -999.0    3447     3   3   0   0    31.7323   -75.6429    11310    67.46     77.89     -999.00
0032    15.6   660.8      8.44   -999.0    3438   122    34.78    -29.42     18.54     7     1.0    3441     0   0   0   0    31.7324   -75.6430    11288    67.46     77.90     -999.00
0033    16.1   661.4      8.47   -999.0    3431   122    34.79    -29.42     18.57     7     1.0    3434     0   0   0   0    31.7325   -75.6432    11265    67.49     77.93     -999.00
0034    16.6   661.9      8.49   -999.0    3425   122    34.81    -29.43     18.59     7      .9    3427     0   0   0   0    31.7325   -75.6433    11242    67.54     77.98     -999.00
0035    17.1   662.5      8.51   -999.0    3418   122    34.85    -29.46     18.62     7      .9    3420     0   0   0   0    31.7326   -75.6435    11220    67.61     78.07     -999.00
0036    17.6   663.1      8.54   -999.0    3411   122    34.90    -29.50     18.65     7      .9    3413     0   0   0   0    31.7327   -75.6436    11197    67.71     78.18     -999.00
0037    18.1   663.6      8.56   -999.0    3404   122    34.96    -29.55     18.69     7      .8    3406     0   0   0   0    31.7328   -75.6438    11174    67.83     78.32     -999.00
0038    18.6   664.2      8.59   -999.0    3397   122    35.04    -29.61     18.73     7      .8    3399     0   0   0   0    31.7329   -75.6439    11151    67.97     78.48     -999.00
0039    19.1   664.7      8.62   -999.0    3390   122    35.12    -29.69     18.77     7      .8    3392     0   0   0   0    31.7330   -75.6441    11128    68.14     78.67     -999.00
0040    19.6   665.3      8.65   -999.0    3383   122    35.21    -29.77     18.81     7      .8    3385     0   0   0   0    31.7330   -75.6442    11106    68.32     78.88     -999.00
0041    20.1   665.8      8.68   -999.0    3376   122    35.31    -29.86     18.86     7      .8    3378     0   0   0   0    31.7331   -75.6444    11083    68.51     79.10     -999.00
0042    20.6   666.4      8.71   -999.0    3369   122    35.42    -29.95     18.91     7      .9    3371     0   0   0   0    31.7332   -75.6446    11060    68.71     79.34     -999.00
0043    21.1   667.0      8.75     95.9    3362   122    35.53    -30.04     18.96     7      .9    3364     0   0   0   0    31.7333   -75.6447    11037    68.92     79.58      348.97
0044    21.6   667.5      8.79     95.9    3355   122    35.63    -30.14     19.01     7     1.0    3357     0   0   0   0    31.7334   -75.6449    11015    69.13     79.82      348.98
0045    22.1   668.1      8.83     95.7    3348   122    35.74    -30.23     19.07     7     1.0    3350     0   0   0   0    31.7335   -75.6451    10992    69.33     80.06      348.98
0046    22.6   668.6      8.87     95.7    3341   122    35.84    -30.31     19.12     7     1.1    3344     0   0   0   0    31.7336   -75.6452    10970    69.53     80.29      348.99
0047    23.1   669.2      8.92     95.5    3335   122    35.94    -30.39     19.18     7     1.1    3337     0   0   0   0    31.7336   -75.6454    10948    69.73     80.51      349.00
0048    23.6   669.7      8.96     95.6    3328   122    36.03    -30.46     19.25     7     1.2    3330     0   0   0   0    31.7337   -75.6455    10925    69.91     80.72      349.07
0049    24.1   670.3      9.02     95.7    3321   122    36.12    -30.52     19.31     7     1.2    3323     0   0   0   0    31.7338   -75.6457    10903    70.07     80.91      349.17
0050    24.6   670.8      9.07     95.8    3314   122    36.20    -30.57     19.38     7     1.2    3317     0   0   0   0    31.7339   -75.6459    10881    70.22     81.08      349.30
0051    25.1   671.3      9.13     96.0    3308   122    36.26    -30.60     19.44     7     1.3    3310     0   0   0   0    31.7340   -75.6460    10859    70.34     81.22      349.43
0052    25.6   671.9      9.18     96.1    3301   123    36.31    -30.62     19.51     8     1.3    3303     0   0   0   0    31.7341   -75.6462    10837    70.44     81.34      349.57
0053    26.1   672.4      9.24     96.2    3294   123    36.35    -30.63     19.58     8     1.3    3297     0   0   0   0    31.7342   -75.6463    10815    70.52     81.42      349.71
0054    26.6   673.0      9.31     96.3    3288   123    36.37    -30.62     19.64     9     1.4    3290     0   0   0   0    31.7343   -75.6465    10794    70.57     81.48      349.86
0055    27.1   673.5      9.37     96.4    3281   123    36.38    -30.59     19.69     9     1.4    3283     0   0   0   0    31.7343   -75.6467    10772    70.59     81.50      350.01
0056    27.6   674.0      9.43     96.5    3274   123    36.38    -30.56     19.74     9     1.4    3277     0   0   0   0    31.7344   -75.6468    10750    70.58     81.49      350.15
0057    28.1   674.6      9.50     96.6    3268   123    36.37    -30.51     19.78     9     1.5    3270     0   0   0   0    31.7345   -75.6470    10728    70.55     81.46      350.30
0058    28.6   675.1      9.56     96.6    3261   123    36.34    -30.46     19.81     9     1.5    3263     0   0   0   0    31.7346   -75.6471    10707    70.50     81.40      350.45
0059    29.1   675.6      9.63     96.7    3255   123    36.30    -30.41     19.83     9     1.6    3257     0   0   0   0    31.7347   -75.6473    10685    70.43     81.32      350.60
0060    29.6   676.2      9.70     96.8    3248   123    36.26    -30.36     19.83     9     1.6    3250     0   0   0   0    31.7348   -75.6475    10664    70.35     81.23      350.75
0061    30.1   676.7      9.76     96.8    3242   123    36.21    -30.31     19.81     9     1.7    3244     0   0   0   0    31.7349   -75.6476    10643    70.26     81.12      350.90
0062    30.6   677.2      9.83     96.8    3235   123    36.16    -30.27     19.78     9     1.7    3237     0   0   0   0    31.7350   -75.6478    10621    70.16     81.01      351.05
0063    31.1   677.7      9.90     96.9    3229   123    36.11    -30.24     19.74     9     1.7    3231     0   0   0   0    31.7351   -75.6479    10600    70.06     80.89      351.19
0064    31.6   678.2      9.96     96.9    3222   123    36.06    -30.22     19.68     9     1.8    3225     0   0   0   0    31.7352   -75.6481    10579    69.96     80.78      351.33
0065    32.1   678.8     10.03     96.9    3216   123    36.02    -30.21     19.61     9     1.8    3218     0   0   0   0    31.7352   -75.6483    10558    69.87     80.67      351.47
0066    32.6   679.3     10.09     96.9    3210   123    35.97    -30.20     19.54     9     1.8    3212     0   0   0   0    31.7353   -75.6484    10537    69.78     80.57      351.60
0067    33.1   679.8     10.15     96.9    3203   123    35.93    -30.21     19.46     9     1.8    3205     0   0   0   0    31.7354   -75.6486    10516    69.70     80.48      351.72
0068    33.6   680.3     10.21     96.9    3197   123    35.89    -30.21     19.37     9     1.8    3199     0   0   0   0    31.7355   -75.6487    10495    69.63     80.40      351.83
0069    34.1   680.8     10.27     96.9    3190   123    35.86    -30.23     19.29     9     1.8    3193     0   0   0   0    31.7356   -75.6489    10474    69.57     80.32      351.93
0070    34.6   681.4     10.32     96.9    3184   122    35.83    -30.24     19.21     9     1.7    3186     0   0   0   0    31.7357   -75.6491    10453    69.51     80.25      352.02
0071    35.1   681.9     10.37     96.9    3178   122    35.80    -30.26     19.13     9     1.6    3180     0   0   0   0    31.7358   -75.6492    10432    69.45     80.19      352.09
0072    35.6   682.4     10.42     96.9    3171   122    35.77    -30.27     19.06     9     1.6    3173     0   0   0   0    31.7358   -75.6494    10411    69.40     80.13      352.16
0073    36.1   683.0     10.47     96.9    3165   122    35.75    -30.28     19.00     9     1.5    3167     0   0   0   0    31.7359   -75.6495    10390    69.35     80.07      352.21
0074    36.6   683.5     10.51     96.9    3158   122    35.72    -30.28     18.94     9     1.4    3160     0   0   0   0    31.7360   -75.6497    10368    69.30     80.01      352.25
0075    37.1   684.0     10.54     96.9    3151   122    35.69    -30.29     18.89     9     1.4    3154     0   0   0   0    31.7361   -75.6499    10347    69.25     79.95      352.27
0076    37.6   684.6     10.58     96.9    3145   122    35.67    -30.28     18.84     9     1.3    3147     0   0   0   0    31.7362   -75.6500    10325    69.19     79.89      352.28
0077    38.1   685.1     10.61     96.9    3138   122    35.64    -30.28     18.80     9     1.3    3140     0   0   0   0    31.7363   -75.6502    10303    69.14     79.83      352.28
0078    38.6   685.7     10.63     96.9    3132   122    35.61    -30.27     18.76     9     1.2    3134     0   0   0   0    31.7364   -75.6503    10281    69.09     79.77      352.27
0079    39.1   686.2     10.66     96.9    3125   122    35.59    -30.26     18.73     9     1.2    3127     0   0   0   0    31.7364   -75.6505    10259    69.04     79.72      352.26
0080    39.6   686.8     10.69     96.9    3118   122    35.57    -30.26     18.69     9     1.2    3120     0   0   0   0    31.7365   -75.6507    10237    69.00     79.67      352.24
0081    40.1   687.3     10.71     96.9    3111   122    35.54    -30.25     18.65     9     1.2    3114     0   0   0   0    31.7366   -75.6508    10215    68.95     79.62      352.22
0082    40.6   687.9     10.74     96.9    3105   122    35.52    -30.25     18.61     9     1.2    3107     0   0   0   0    31.7367   -75.6510    10193    68.91     79.57      352.20
0083    41.1   688.4     10.76     96.9    3098   122    35.50    -30.25     18.57     9     1.2    3100     0   0   0   0    31.7368   -75.6511    10171    68.87     79.52      352.18
0084    41.6   689.0     10.79     96.9    3091   121    35.47    -30.25     18.52     9     1.2    3094     0   0   0   0    31.7369   -75.6513    10149    68.82     79.46      352.17
0085    42.1   689.5     10.81     96.9    3085   121    35.45    -30.25     18.48     9     1.2    3087     0   0   0   0    31.7369   -75.6515    10128    68.77     79.40      352.16
0086    42.6   690.1     10.84     96.9    3078   121    35.42    -30.25     18.43     9     1.2    3080     0   0   0   0    31.7370   -75.6516    10106    68.72     79.34      352.15
0087    43.1   690.6     10.87     96.9    3071   121    35.39    -30.25     18.38     9     1.3    3074     0   0   0   0    31.7371   -75.6518    10084    68.66     79.28      352.14
0088    43.6   691.1     10.89     96.9    3065   121    35.37    -30.24     18.34     9     1.3    3067     0   0   0   0    31.7372   -75.6519    10062    68.61     79.22      352.13
0089    44.1   691.7     10.92     96.9    3058   121    35.34    -30.23     18.30     9     1.3    3060     0   0   0   0    31.7373   -75.6521    10041    68.56     79.16      352.13
0090    44.6   692.2     10.95     96.9    3052   121    35.32    -30.23     18.27     9     1.3    3054     0   0   0   0    31.7374   -75.6523    10019    68.53     79.12      352.13
0091    45.1   692.8     10.98     96.9    3045   121    35.31    -30.22     18.26     9     1.3    3047     0   0   0   0    31.7374   -75.6524     9998    68.50     79.10      352.12
0092    45.6   693.3     11.01     96.9    3039   121    35.31    -30.22     18.27     9     1.3    3041     0   0   0   0    31.7375   -75.6526     9976    68.50     79.10      352.12
0093    46.1   693.9     11.04     96.9    3032   121    35.32    -30.22     18.29     9     1.3    3034     0   0   0   0    31.7376   -75.6527     9954    68.52     79.12      352.12
0094    46.6   694.4     11.06     96.9    3025   121    35.34    -30.22     18.32     9     1.3    3028     0   0   0   0    31.7377   -75.6529     9933    68.56     79.17      352.12
0095    47.1   695.0     11.09     96.9    3019   121    35.37    -30.23     18.38     9     1.3    3021     0   0   0   0    31.7378   -75.6531     9911    68.63     79.24      352.12
0096    47.6   695.5     11.12     96.9    3012   121    35.42    -30.23     18.45     9     1.3    3014     0   0   0   0    31.7379   -75.6532     9890    68.71     79.33      352.12
0097    48.1   696.0     11.15     96.9    3006   122    35.47    -30.24     18.53     9     1.3    3008     0   0   0   0    31.7379   -75.6534     9868    68.81     79.45      352.12
0098    48.6   696.6     11.18     96.9    2999   122    35.52    -30.25     18.62     9     1.3    3001     0   0   0   0    31.7380   -75.6535     9847    68.91     79.57      352.12
0099    49.1   697.1     11.21     97.0    2992   122    35.57    -30.25     18.72     9     1.2    2995     0   0   0   0    31.7381   -75.6537     9825    69.01     79.69      352.13
0100    49.6   697.7     11.24     97.0    2986   122    35.62    -30.25     18.82     9     1.2    2988     0   0   0   0    31.7382   -75.6539     9803    69.11     79.80      352.14
0101    50.1   698.2     11.27     97.0    2979   122    35.67    -30.23     18.92     9     1.2    2981     0   0   0   0    31.7383   -75.6540     9782    69.19     79.89      352.15
0102    50.6   698.8     11.31     97.0    2973   122    35.70    -30.21     19.01     9     1.2    2975     0   0   0   0    31.7384   -75.6542     9760    69.25     79.96      352.16
0103    51.1   699.3     11.34     97.0    2966   122    35.72    -30.18     19.10     9     1.2    2968     0   0   0   0    31.7384   -75.6543     9738    69.29     80.00      352.17
0104    51.6   699.9     11.37     97.0    2959   122    35.72    -30.14     19.18     9     1.2    2962     0   0   0   0    31.7385   -75.6545     9716    69.30     80.01      352.19
0105    52.1   700.5     11.41     97.0    2953   123    35.71    -30.08     19.24     9     1.2    2955     0   0   0   0    31.7386   -75.6547     9695    69.28     80.00      352.21
0106    52.6   701.0     11.44     97.0    2946   123    35.69    -30.03     19.30     9     1.2    2948     0   0   0   0    31.7387   -75.6548     9673    69.24     79.95      352.23
0107    53.1   701.6     11.48     97.0    2939   123    35.66    -29.96     19.34     9     1.2    2942     0   0   0   0    31.7388   -75.6550     9651    69.19     79.89      352.25
0108    53.6   702.1     11.51     97.0    2933   123    35.63    -29.90     19.37     9     1.2    2935     0   0   0   0    31.7389   -75.6551     9629    69.13     79.81      352.28
0109    54.1   702.7     11.55     97.0    2926   123    35.60    -29.85     19.40     9     1.2    2928     0   0   0   0    31.7390   -75.6553     9608    69.06     79.74      352.30
0110    54.6   703.2     11.58     97.0    2920   123    35.56    -29.80     19.41     9     1.2    2922     0   0   0   0    31.7391   -75.6555     9586    68.99     79.66      352.32
0111    55.1   703.8     11.62     97.0    2913   123    35.54    -29.76     19.42     9     1.2    2915     0   0   0   0    31.7391   -75.6556     9564    68.94     79.60      352.34
0112    55.6   704.3     11.65     97.0    2906   123    35.51    -29.73     19.43     9     1.2    2909     0   0   0   0    31.7392   -75.6558     9543    68.90     79.55      352.36
0113    56.1   704.9     11.68     97.0    2900   123    35.50    -29.71     19.43     9     1.2    2902     0   0   0   0    31.7393   -75.6559     9521    68.87     79.52      352.37
0114    56.6   705.4     11.72     97.0    2893   123    35.50    -29.71     19.42     9     1.2    2895     0   0   0   0    31.7394   -75.6561     9499    68.86     79.51      352.39
0115    57.1   706.0     11.75     97.0    2887   123    35.50    -29.72     19.41     9     1.2    2889     0   0   0   0    31.7395   -75.6563     9478    68.86     79.51      352.41
0116    57.6   706.5     11.78     97.0    2880   123    35.50    -29.73     19.41     9     1.3    2882     0   0   0   0    31.7396   -75.6564     9456    68.87     79.52      352.43
0117    58.1   707.1     11.82     97.1    2874   123    35.51    -29.74     19.39     9     1.3    2876     0   0   0   0    31.7397   -75.6566     9435    68.89     79.54      352.45
0118    58.6   707.6     11.85     97.1    2867   123    35.51    -29.76     19.38     9     1.3    2869     0   0   0   0    31.7398   -75.6567     9413    68.90     79.55      352.47
0119    59.1   708.2     11.89     97.1    2861   123    35.52    -29.77     19.37     9     1.4    2863     0   0   0   0    31.7398   -75.6569     9392    68.90     79.56      352.50
0120    59.6   708.7     11.92     97.1    2854   123    35.52    -29.78     19.35     9     1.4    2856     0   0   0   0    31.7399   -75.6571     9371    68.90     79.55      352.53
0121    60.1   709.3     11.96     97.1    2848   123    35.51    -29.78     19.33     9     1.4    2850     0   0   0   0    31.7400   -75.6572     9350    68.88     79.54      352.56
0122    60.6   709.8     11.99     97.1    2841   123    35.49    -29.78     19.31     9     1.4    2843     0   0   0   0    31.7401   -75.6574     9328    68.85     79.50      352.59
0123    61.1   710.4     12.03     97.1    2835   123    35.47    -29.76     19.29     9     1.4    2837     0   0   0   0    31.7402   -75.6575     9307    68.81     79.45      352.63
0124    61.6   710.9     12.07     97.2    2828   123    35.44    -29.74     19.27     9     1.4    2830     0   0   0   0    31.7403   -75.6577     9286    68.76     79.39      352.66
0125    62.1   711.5     12.10     97.2    2822   123    35.41    -29.72     19.26     9     1.4    2824     0   0   0   0    31.7404   -75.6579     9265    68.70     79.32      352.70
0126    62.6   712.0     12.14     97.2    2815   123    35.38    -29.69     19.24     8     1.4    2818     0   0   0   0    31.7405   -75.6580     9244    68.63     79.25      352.74
0127    63.1   712.5     12.18     97.2    2809   123    35.35    -29.66     19.22     9     1.4    2811     0   0   0   0    31.7405   -75.6582     9223    68.57     79.17      352.77
0128    63.6   713.1     12.21     97.2    2802   123    35.32    -29.64     19.20     6     1.3    2805     0   0   0   0    31.7406   -75.6583     9201    68.51     79.11      352.80
0129    64.1   713.6     12.25     97.2    2796   123    35.29    -29.62     19.18     6     1.3    2798     0   0   0   0    31.7407   -75.6585     9180    68.46     79.05      352.83
0130    64.6   714.2     12.28     97.2    2789   123    35.27    -29.61     19.17     8     1.3    2792     0   0   0   0    31.7408   -75.6586     9159    68.43     79.01      352.85
0131    65.1   714.8     12.32     97.2    2783   123    35.26    -29.61     19.15     9     1.2    2785     0   0   0   0    31.7409   -75.6588     9138    68.41     78.98      352.87
0132    65.6   715.3     12.35     97.2    2776   123    35.25    -29.61     19.13     9     1.2    2779     0   0   0   0    31.7410   -75.6590     9116    68.39     78.97      352.88
0133    66.1   715.9     12.38     97.2    2770   123    35.25    -29.62     19.12     9     1.2    2772     0   0   0   0    31.7411   -75.6591     9095    68.39     78.97      352.89
0134    66.6   716.4     12.41     97.2    2763   123    35.26    -29.64     19.10     9     1.2    2765     0   0   0   0    31.7411   -75.6593     9073    68.40     78.98      352.90
0135    67.1   717.0     12.44     97.2    2757   123    35.26    -29.65     19.08     9     1.2    2759     0   0   0   0    31.7412   -75.6594     9052    68.41     78.99      352.90
0136    67.6   717.5     12.47     97.2    2750   123    35.27    -29.67     19.06     9     1.1    2752     0   0   0   0    31.7413   -75.6596     9030    68.42     79.00      352.90
0137    68.1   718.1     12.50     97.2    2744   123    35.27    -29.69     19.04     9     1.1    2746     0   0   0   0    31.7414   -75.6597     9008    68.42     79.01      352.89
0138    68.6   718.7     12.52     97.2    2737   123    35.27    -29.71     19.01     9     1.1    2739     0   0   0   0    31.7415   -75.6599     8987    68.42     79.00      352.89
0139    69.1   719.2     12.55     97.2    2730   123    35.26    -29.72     18.99     9     1.1    2733     0   0   0   0    31.7416   -75.6601     8965    68.41     78.99      352.88
0140    69.6   719.8     12.58     97.2    2724   123    35.25    -29.72     18.96     9     1.2    2726     0   0   0   0    31.7417   -75.6602     8944    68.39     78.97      352.87
0141    70.1   720.3     12.60     97.2    2717   122    35.24    -29.72     18.93     9     1.2    2720     0   0   0   0    31.7417   -75.6604     8922    68.36     78.93      352.86
0142    70.6   720.9     12.63     97.2    2711   122    35.22    -29.72     18.89     9     1.2    2713     0   0   0   0    31.7418   -75.6605     8901    68.33     78.89      352.85
0143    71.1   721.5     12.65     97.2    2704   122    35.20    -29.72     18.86     9     1.2    2706     0   0   0   0    31.7419   -75.6607     8880    68.29     78.85      352.85
0144    71.6   722.0     12.68     97.2    2698   122    35.19    -29.73     18.83     9     1.2    2700     0   0   0   0    31.7420   -75.6609     8858    68.26     78.82      352.84
0145    72.1   722.6     12.71     97.2    2691   122    35.17    -29.73     18.79     9     1.1    2693     0   0   0   0    31.7421   -75.6610     8837    68.24     78.79      352.83
0146    72.6   723.1     12.73     97.2    2685   122    35.17    -29.75     18.75     9     1.1    2687     0   0   0   0    31.7422   -75.6612     8815    68.23     78.78      352.83
0147    73.1   723.7     12.76     97.2    2678   122    35.17    -29.78     18.71     9     1.1    2680     0   0   0   0    31.7423   -75.6613     8794    68.23     78.78      352.82
0148    73.6   724.3     12.79     97.3    2672   122    35.18    -29.81     18.67     9     1.1    2674     0   0   0   0    31.7423   -75.6615     8772    68.25     78.80      352.82
0149    74.1   724.8     12.82     97.3    2665   122    35.20    -29.86     18.63     9     1.1    2667     0   0   0   0    31.7424   -75.6617     8751    68.28     78.84      352.82
0150    74.6   725.4     12.84     97.3    2658   122    35.22    -29.91     18.58     9     1.1    2661     0   0   0   0    31.7425   -75.6618     8729    68.32     78.89      352.82
0151    75.1   726.0     12.87     97.3    2652   122    35.24    -29.97     18.53     9     1.0    2654     0   0   0   0    31.7426   -75.6620     8708    68.37     78.94      352.82
0152    75.6   726.5     12.90     97.3    2645   122    35.26    -30.03     18.47     9     1.0    2647     0   0   0   0    31.7427   -75.6621     8686    68.41     78.99      352.82
0153    76.1   727.1     12.93     97.3    2639   121    35.28    -30.09     18.41     9     1.0    2641     0   0   0   0    31.7428   -75.6623     8664    68.43     79.02      352.82
0154    76.6   727.7     12.96     97.3    2632   121    35.28    -30.14     18.34     9     1.0    2634     0   0   0   0    31.7428   -75.6625     8643    68.44     79.03      352.82
0155    77.1   728.2     12.99     97.3    2626   121    35.27    -30.18     18.26     9     1.0    2628     0   0   0   0    31.7429   -75.6626     8621    68.42     79.00      352.82
0156    77.6   728.8     13.01     97.3    2619   121    35.24    -30.20     18.17     9     1.1    2621     0   0   0   0    31.7430   -75.6628     8600    68.37     78.94      352.81
0157    78.1   729.4     13.04     97.3    2612   121    35.20    -30.20     18.08     9     1.1    2615     0   0   0   0    31.7431   -75.6629     8578    68.29     78.85      352.81
0158    78.6   729.9     13.07     97.3    2606   121    35.14    -30.18     17.99     9     1.1    2608     0   0   0   0    31.7432   -75.6631     8557    68.17     78.71      352.80
0159    79.1   730.5     13.10     97.3    2599   121    35.06    -30.15     17.90     9     1.1    2602     0   0   0   0    31.7432   -75.6633     8535    68.03     78.54      352.79
0160    79.6   731.0     13.12     97.3    2593   121    34.98    -30.11     17.81     9     1.2    2595     0   0   0   3    31.7433   -75.6634     8514    67.86     78.35      352.78
0161    80.1   731.6     13.15     97.3    2586   121    34.89    -30.05     17.72     9     1.2    2589     0   0   0   0    31.7434   -75.6636     8493    67.68     78.15      352.78
0162    80.6   732.2     13.18     97.2    2580   120    34.80    -30.00     17.63     9     1.2    2582     0   0   0   0    31.7435   -75.6637     8471    67.50     77.94      352.77
0163    81.1   732.7     13.20     97.2    2573   120    34.71    -29.94     17.56     9     1.2    2576     0   0   0   0    31.7436   -75.6639     8450    67.33     77.74      352.76
0164    81.6   733.3     13.23     97.2    2567   120    34.62    -29.88     17.49     9     1.2    2569     0   0   0   0    31.7436   -75.6641     8429    67.17     77.56      352.75
0165    82.1   733.8     13.26     97.2    2561   120    34.55    -29.83     17.43     9     1.2    2563     0   0   0   0    31.7437   -75.6642     8408    67.04     77.40      352.75
0166    82.6   734.4     13.28     97.2    2554   120    34.50    -29.80     17.38     9     1.2    2556     0   0   0   0    31.7438   -75.6644     8387    66.93     77.28      352.74
0167    83.1   735.0     13.31     97.2    2548   120    34.46    -29.77     17.34     9     1.1    2550     0   0   0   0    31.7439   -75.6645     8365    66.84     77.18      352.74
0168    83.6   735.5     13.34     97.2    2541   120    34.43    -29.76     17.31     9     1.1    2543     0   0   0   0    31.7440   -75.6647     8344    66.79     77.12      352.74
0169    84.1   736.1     13.37     97.2    2535   120    34.41    -29.75     17.29     9     1.1    2537     0   0   0   0    31.7440   -75.6649     8323    66.75     77.08      352.74
0170    84.6   736.7     13.40     97.2    2528   120    34.40    -29.75     17.26     9     1.1    2530     0   0   0   0    31.7441   -75.6650     8301    66.74     77.06      352.75
0171    85.1   737.2     13.43     97.2    2522   120    34.40    -29.76     17.25     9     1.0    2524     0   0   0   0    31.7442   -75.6652     8280    66.73     77.05      352.76
0172    85.6   737.8     13.46     97.3    2515   120    34.39    -29.76     17.24     9     1.0    2517     0   0   0   0    31.7443   -75.6653     8259    66.72     77.04      352.77
0173    86.1   738.4     13.49     97.3    2508   120    34.39    -29.76     17.23     9     1.0    2511     0   0   0   0    31.7444   -75.6655     8237    66.71     77.03      352.77
0174    86.6   739.0     13.52     97.3    2502   120    34.38    -29.75     17.22     9     1.0    2504     0   0   0   0    31.7444   -75.6657     8216    66.69     77.00      352.78
0175    87.1   739.5     13.55     97.3    2495   120    34.36    -29.74     17.22     9     1.0    2498     0   0   0   0    31.7445   -75.6658     8194    66.66     76.97      352.79
0176    87.6   740.1     13.58     97.3    2489   120    34.34    -29.71     17.22     9      .9    2491     0   0   0   0    31.7446   -75.6660     8172    66.62     76.92      352.80
0177    88.1   740.7     13.61     97.3    2482   120    34.32    -29.68     17.22     9      .9    2484     0   0   0   0    31.7447   -75.6661     8151    66.57     76.87      352.81
0178    88.6   741.3     13.64     97.3    2476   120    34.29    -29.64     17.24     9      .9    2478     0   0   0   0    31.7447   -75.6663     8129    66.52     76.80      352.82
0179    89.1   741.8     13.67     97.3    2469   120    34.26    -29.59     17.26     9      .9    2471     0   0   0   0    31.7448   -75.6665     8108    66.46     76.74      352.82
0180    89.6   742.4     13.70     97.3    2462   120    34.23    -29.54     17.30     9      .9    2465     0   0   0   0    31.7449   -75.6666     8086    66.41     76.67      352.83
0181    90.1   743.0     13.72     97.3    2456   120    34.21    -29.49     17.34     9      .9    2458     0   0   0   0    31.7450   -75.6668     8065    66.37     76.63      352.83
0182    90.6   743.6     13.75     97.3    2449   121    34.20    -29.44     17.39     9      .9    2452     0   0   0   0    31.7451   -75.6669     8043    66.34     76.60      352.83
0183    91.1   744.1     13.78     97.3    2443   121    34.19    -29.40     17.45     9     1.0    2445     0   0   0   0    31.7451   -75.6671     8022    66.33     76.58      352.82
0184    91.6   744.7     13.81     97.3    2436   121    34.19    -29.36     17.52     7     1.0    2438     0   0   0   0    31.7452   -75.6672     8000    66.33     76.58      352.82
0185    92.1   745.3     13.83     97.3    2430   121    34.20    -29.32     17.60     9     1.0    2432     0   0   0   0    31.7453   -75.6674     7979    66.34     76.60      352.81
0186    92.6   745.9     13.86     97.3    2423   121    34.21    -29.28     17.68     9     1.0    2425     0   0   0   0    31.7454   -75.6675     7957    66.36     76.62      352.81
0187    93.1   746.4     13.89     97.3    2417   121    34.22    -29.25     17.77     9     1.0    2419     0   0   0   3    31.7455   -75.6677     7936    66.39     76.65      352.80
0188    93.6   747.0     13.92     97.3    2410   121    34.23    -29.21     17.85     8     1.0    2412     0   0   0   0    31.7455   -75.6678     7915    66.42     76.69      352.79
0189    94.1   747.6     13.94     97.3    2404   122    34.25    -29.18     17.94     9     1.0    2406     0   0   0   0    31.7456   -75.6680     7893    66.45     76.72      352.79
0190    94.6   748.2     13.97     97.3    2397   122    34.27    -29.15     18.02     9     1.0    2399     0   0   0   0    31.7457   -75.6681     7872    66.48     76.76      352.78
0191    95.1   748.7     14.00     97.3    2391   122    34.29    -29.13     18.09     9     1.0    2393     0   0   0   0    31.7458   -75.6683     7851    66.52     76.81      352.77
0192    95.6   749.3     14.02     97.3    2384   122    34.31    -29.11     18.16     9     1.0    2386     0   0   0   0    31.7459   -75.6684     7829    66.56     76.86      352.77
0193    96.1   749.9     14.05     97.3    2378   122    34.34    -29.11     18.22     9     1.0    2380     0   0   0   0    31.7459   -75.6686     7808    66.61     76.91      352.76
0194    96.6   750.4     14.08     97.3    2371   122    34.37    -29.11     18.26     9     1.0    2373     3   3   3   0    31.7460   -75.6687     7787    66.67     76.98      352.76
0195    97.1   751.0     14.10     97.3    2365   122    34.40    -29.13     18.29     9      .9    2367     0   0   0   0    31.7461   -75.6689     7765    66.73     77.05      352.75
0196    97.6   751.6     14.13     97.3    2358   122    34.44    -29.17     18.30     9      .9    2360     0   0   0   0    31.7462   -75.6690     7744    66.80     77.13      352.75
0197    98.1   752.2     14.16     97.3    2352   122    34.48    -29.22     18.29     9      .9    2354     0   0   0   0    31.7463   -75.6692     7723    66.88     77.23      352.75
0198    98.6   752.8     14.18     97.3    2345   122    34.52    -29.29     18.27     9      .9    2347     0   0   0   0    31.7464   -75.6693     7701    66.96     77.32      352.75
0199    99.1   753.3     14.21     97.3    2339   122    34.56    -29.36     18.22     9      .8    2341     0   0   0   0    31.7464   -75.6695     7680    67.04     77.41      352.76
0200    99.6   753.9     14.24     97.4    2332   122    34.59    -29.44     18.16     9      .8    2334     0   0   0   0    31.7465   -75.6697     7658    67.11     77.49      352.76
0201   100.1   754.5     14.27     97.4    2325   121    34.62    -29.53     18.08     9      .8    2328     0   0   0   0    31.7466   -75.6698     7636    67.17     77.55      352.77
0202   100.6   755.1     14.30     97.4    2319   121    34.64    -29.61     17.99     9      .8    2321     0   0   0   0    31.7467   -75.6700     7615    67.21     77.60      352.78
0203   101.1   755.7     14.33     97.4    2312   121    34.65    -29.68     17.89     9      .8    2314     0   0   0   0    31.7468   -75.6701     7593    67.23     77.62      352.79
0204   101.6   756.3     14.36     97.4    2306   121    34.66    -29.75     17.78     9      .8    2308     0   0   0   0    31.7468   -75.6703     7571    67.23     77.63      352.79
0205   102.1   756.9     14.39     97.4    2299   121    34.65    -29.80     17.68     9      .8    2301     0   0   0   0    31.7469   -75.6704     7550    67.22     77.62      352.80
0206   102.6   757.5     14.41     97.4    2292   120    34.64    -29.85     17.58     9      .8    2295     0   0   0   0    31.7470   -75.6706     7528    67.20     77.59      352.81
0207   103.1   758.0     14.44     97.5    2286   120    34.63    -29.88     17.50     9      .8    2288     0   0   0   0    31.7471   -75.6708     7507    67.18     77.57      352.82
0208   103.6   758.6     14.47     97.5    2279   120    34.62    -29.91     17.43     6      .8    2281     0   0   0   0    31.7472   -75.6709     7485    67.16     77.54      352.83
0209   104.1   759.2     14.50     97.5    2273   120    34.61    -29.93     17.39     8      .8    2275     0   0   0   0    31.7472   -75.6711     7463    67.14     77.53      352.83
0210   104.6   759.8     14.53     97.5    2266   120    34.61    -29.94     17.37     9      .8    2268     0   0   0   0    31.7473   -75.6712     7442    67.14     77.53      352.82
0211   105.1   760.4     14.55     97.5    2259   120    34.62    -29.94     17.38     9      .8    2262     0   0   0   0    31.7474   -75.6714     7420    67.16     77.55      352.82
0212   105.6   761.0     14.58     97.5    2253   120    34.64    -29.95     17.42     9      .8    2255     0   0   0   0    31.7475   -75.6716     7399    67.21     77.60      352.81
0213   106.1   761.6     14.60     97.5    2246   120    34.68    -29.95     17.48     9      .8    2249     0   0   0   0    31.7475   -75.6717     7377    67.27     77.67      352.79
0214   106.6   762.2     14.62     97.5    2240   120    34.72    -29.95     17.57     9      .8    2242     0   0   0   0    31.7476   -75.6719     7355    67.36     77.78      352.77
0215   107.1   762.8     14.65     97.5    2233   121    34.78    -29.95     17.69     9      .8    2235     0   0   0   0    31.7477   -75.6720     7334    67.47     77.90      352.74
0216   107.6   763.3     14.67     97.5    2227   121    34.84    -29.94     17.82     9      .8    2229     0   0   0   0    31.7478   -75.6722     7312    67.60     78.05      352.71
0217   108.1   763.9     14.69     97.5    2220   121    34.91    -29.94     17.96     9      .8    2222     0   0   0   0    31.7479   -75.6724     7291    67.73     78.20      352.67
0218   108.6   764.5     14.71     97.5    2213   121    34.98    -29.93     18.11     9      .8    2216     0   0   0   0    31.7479   -75.6725     7269    67.86     78.36      352.64
0219   109.1   765.1     14.73     97.5    2207   121    35.05    -29.92     18.26     9      .8    2209     0   0   0   0    31.7480   -75.6727     7248    67.99     78.51      352.60
0220   109.6   765.7     14.75     97.5    2200   122    35.11    -29.90     18.40     9      .8    2203     0   0   0   0    31.7481   -75.6728     7226    68.12     78.65      352.56
0221   110.1   766.3     14.76     97.5    2194   122    35.17    -29.89     18.54     9      .8    2196     0   0   0   0    31.7482   -75.6730     7205    68.24     78.79      352.52
0222   110.6   766.9     14.78     97.5    2187   122    35.23    -29.88     18.68     9      .9    2190     0   0   0   0    31.7483   -75.6732     7184    68.35     78.92      352.48
0223   111.1   767.5     14.80     97.5    2181   122    35.29    -29.87     18.79     9      .9    2183     0   0   0   0    31.7484   -75.6733     7162    68.46     79.05      352.45
0224   111.6   768.1     14.82     97.5    2174   122    35.35    -29.87     18.90     9      .9    2177     0   0   0   0    31.7485   -75.6735     7141    68.58     79.18      352.42
0225   112.1   768.6     14.84     97.5    2168   122    35.41    -29.89     18.99     9      .9    2170     0   0   0   0    31.7485   -75.6736     7120    68.70     79.33      352.39
0226   112.6   769.2     14.86     97.5    2162   122    35.48    -29.93     19.06     9     1.0    2164     0   0   0   0    31.7486   -75.6738     7099    68.84     79.48      352.36
0227   113.1   769.8     14.88     97.5    2155   123    35.56    -29.98     19.12     9     1.0    2157     0   0   0   3    31.7487   -75.6740     7078    68.99     79.66      352.34
0228   113.6   770.4     14.90     97.5    2149   123    35.65    -30.06     19.17     9     1.0    2151     0   0   0   0    31.7488   -75.6741     7057    69.16     79.86      352.32
0229   114.1   771.0     14.93     97.5    2142   122    35.75    -30.15     19.20     9     1.0    2144     0   0   0   0    31.7489   -75.6743     7036    69.35     80.07      352.30
0230   114.6   771.5     14.95     97.5    2136   122    35.85    -30.26     19.22     9     1.0    2138     0   0   0   0    31.7490   -75.6744     7015    69.55     80.30      352.28
0231   115.1   772.1     14.97     97.5    2130   122    35.95    -30.38     19.23     9     1.0    2132     0   0   0   0    31.7491   -75.6746     6994    69.75     80.53      352.26
0232   115.6   772.7     14.99     97.5    2123   122    36.06    -30.50     19.23     9     1.0    2125     0   0   0   0    31.7491   -75.6748     6973    69.95     80.77      352.25
0233   116.1   773.3     15.02     97.5    2117   122    36.15    -30.62     19.21     9     1.0    2119     0   0   0   0    31.7492   -75.6749     6952    70.14     80.98      352.23
0234   116.6   773.9     15.04     97.5    2110   122    36.23    -30.73     19.20     9     1.0    2112     0   0   0   0    31.7493   -75.6751     6931    70.29     81.16      352.22
0235   117.1   774.4     15.06     97.6    2104   122    36.29    -30.82     19.17     9     1.0    2106     0   0   0   0    31.7494   -75.6752     6910    70.41     81.30      352.21
0236   117.6   775.0     15.09     97.6    2097   122    36.33    -30.88     19.14     9     1.0    2100     0   0   0   0    31.7495   -75.6754     6889    70.49     81.39      352.19
0237   118.1   775.6     15.11     97.6    2091   122    36.35    -30.92     19.11     9      .9    2093     0   0   0   0    31.7496   -75.6756     6868    70.52     81.42      352.18
0238   118.6   776.2     15.13     97.6    2085   122    36.34    -30.92     19.08     8      .9    2087     0   0   0   0    31.7497   -75.6757     6846    70.50     81.40      352.17
0239   119.1   776.8     15.16     97.6    2078   122    36.31    -30.90     19.06     9      .9    2080     0   0   0   0    31.7497   -75.6759     6825    70.43     81.33      352.17
0240   119.6   777.4     15.18     97.6    2072   122    36.25    -30.86     19.03     9      .9    2074     0   0   0   0    31.7498   -75.6760     6804    70.33     81.21      352.16
0241   120.1   778.0     15.21     97.6    2065   122    36.19    -30.79     19.01     9      .9    2068     0   0   0   0    31.7499   -75.6762     6783    70.21     81.06      352.15
0242   120.6   778.6     15.23     97.6    2059   122    36.11    -30.71     19.00     9      .9    2061     0   0   0   0    31.7500   -75.6764     6762    70.06     80.90      352.15
0243   121.1   779.1     15.26     97.6    2052   122    36.04    -30.63     18.99     9      .9    2055     0   0   0   3    31.7501   -75.6765     6741    69.92     80.73      352.15
0244   121.6   779.7     15.29     97.6    2046   122    35.97    -30.55     18.99     9      .9    2048     0   0   0   0    31.7502   -75.6767     6720    69.78     80.58      352.15
0245   122.1   780.3     15.31     97.6    2040   122    35.91    -30.47     19.00     9      .9    2042     0   0   0   0    31.7503   -75.6768     6699    69.67     80.45      352.15
0246   122.6   780.9     15.34     97.6    2033   122    35.87    -30.41     19.02     9      .9    2035     0   0   0   3    31.7503   -75.6770     6678    69.59     80.35      352.15
0247   123.1   781.5     15.37     97.6    2027   122    35.85    -30.37     19.04     9      .9    2029     0   0   0   0    31.7504   -75.6772     6657    69.55     80.30      352.15
0248   123.6   782.1     15.40     97.6    2020   122    35.85    -30.35     19.07     9      .9    2023     0   0   0   0    31.7505   -75.6773     6636    69.54     80.30      352.15
0249   124.1   782.7     15.42     97.6    2014   122    35.86    -30.35     19.10     9      .8    2016     0   0   0   0    31.7506   -75.6775     6615    69.58     80.33      352.14
0250   124.6   783.3     15.45     97.6    2008   122    35.90    -30.37     19.13     9      .8    2010     0   0   0   0    31.7507   -75.6777     6593    69.64     80.41      352.14
0251   125.1   783.9     15.47     97.6    2001   122    35.94    -30.41     19.17     9      .8    2003     0   0   0   0    31.7508   -75.6778     6572    69.73     80.51      352.13
0252   125.6   784.5     15.50     97.6    1995   122    36.00    -30.46     19.19     9      .7    1997     0   0   0   0    31.7509   -75.6780     6551    69.84     80.64      352.11
0253   126.1   785.1     15.52     97.6    1988   122    36.06    -30.52     19.22     9      .7    1990     0   0   0   0    31.7509   -75.6781     6529    69.96     80.78      352.10
0254   126.6   785.7     15.55     97.6    1981   122    36.13    -30.58     19.23     9      .6    1984     0   0   0   0    31.7510   -75.6783     6508    70.09     80.93      352.08
0255   127.1   786.3     15.57     97.6    1975   122    36.19    -30.66     19.24     9      .6    1977     0   0   0   0    31.7511   -75.6785     6487    70.21     81.07      352.06
0256   127.6   786.9     15.59     97.6    1968   122    36.25    -30.73     19.23     9      .6    1971     0   0   0   3    31.7512   -75.6786     6465    70.33     81.21      352.04
0257   128.1   787.5     15.61     97.6    1962   122    36.31    -30.81     19.21     9      .6    1964     0   0   0   0    31.7513   -75.6788     6443    70.44     81.33      352.01
0258   128.6   788.1     15.64     97.6    1955   122    36.36    -30.88     19.19     9      .5    1957     0   0   0   0    31.7514   -75.6789     6422    70.53     81.44      351.99
0259   129.1   788.7     15.66     97.6    1949   122    36.40    -30.95     19.15     9      .5    1951     0   0   0   0    31.7515   -75.6791     6400    70.61     81.53      351.96
0260   129.6   789.3     15.68     97.6    1942   122    36.43    -31.02     19.10     9      .5    1944     0   0   0   0    31.7515   -75.6793     6379    70.67     81.60      351.94
0261   130.1   789.9     15.70     97.6    1935   122    36.46    -31.08     19.05     9      .5    1938     0   0   0   0    31.7516   -75.6794     6357    70.73     81.66      351.92
0262   130.6   790.5     15.72     97.6    1929   121    36.48    -31.14     19.00     6      .5    1931     0   0   0   0    31.7517   -75.6796     6335    70.77     81.72      351.89
0263   131.1   791.1     15.75     97.6    1922   121    36.50    -31.20     18.94     9      .5    1924     0   0   0   0    31.7518   -75.6797     6314    70.81     81.76      351.87
0264   131.6   791.8     15.77     97.6    1916   121    36.52    -31.26     18.89     9      .4    1918     0   0   0   0    31.7519   -75.6799     6292    70.86     81.81      351.86
0265   132.1   792.4     15.79     97.7    1909   121    36.55    -31.32     18.84     9      .4    1911     0   0   0   0    31.7520   -75.6801     6270    70.90     81.87      351.84
0266   132.6   793.0     15.82     97.7    1902   121    36.58    -31.38     18.80     9      .4    1905     0   0   0   0    31.7521   -75.6803     6249    70.96     81.93      351.83
0267   133.1   793.6     15.84     97.7    1896   121    36.61    -31.43     18.76     9      .4    1898     0   0   0   0    31.7521   -75.6804     6227    71.01     82.00      351.82
0268   133.6   794.2     15.87     97.7    1889   121    36.64    -31.48     18.74     9      .4    1891     0   0   0   0    31.7522   -75.6806     6205    71.07     82.06      351.81
0269   134.1   794.8     15.90     97.7    1883   121    36.67    -31.53     18.72     9      .4    1885     0   0   0   0    31.7523   -75.6808     6183    71.14     82.14      351.81
0270   134.6   795.5     15.92     97.7    1876   121    36.70    -31.57     18.71     9      .4    1878     0   0   0   0    31.7524   -75.6809     6162    71.20     82.21      351.81
0271   135.1   796.1     15.95     97.7    1869   121    36.74    -31.62     18.71     9      .4    1871     0   0   0   0    31.7525   -75.6811     6140    71.27     82.29      351.81
0272   135.6   796.7     15.98     97.7    1863   121    36.77    -31.66     18.70     9      .4    1865     0   0   0   0    31.7526   -75.6813     6118    71.34     82.37      351.82
0273   136.1   797.3     16.01     97.7    1856   121    36.80    -31.70     18.70     9      .4    1858     0   0   0   0    31.7526   -75.6814     6096    71.40     82.44      351.83
0274   136.6   797.9     16.04     97.7    1849   120    36.83    -31.74     18.69     9      .4    1852     0   0   0   0    31.7527   -75.6816     6075    71.46     82.51      351.84
0275   137.1   798.6     16.07     97.7    1843   120    36.86    -31.78     18.67     9      .4    1845     0   0   0   0    31.7528   -75.6818     6053    71.51     82.57      351.86
0276   137.6   799.2     16.10     97.7    1836   120    36.88    -31.82     18.65     9      .4    1838     0   0   0   3    31.7529   -75.6819     6031    71.55     82.61      351.87
0277   138.1   799.8     16.13     97.8    1830   120    36.89    -31.85     18.62     9      .4    1832     0   0   0   0    31.7530   -75.6821     6009    71.58     82.64      351.89
0278   138.6   800.4     16.16     97.8    1823   120    36.90    -31.89     18.58     9      .4    1825     0   0   0   0    31.7531   -75.6823     5988    71.59     82.66      351.91
0279   139.1   801.0     16.20     97.8    1816   120    36.90    -31.92     18.53     9      .4    1818     0   0   0   0    31.7531   -75.6824     5966    71.59     82.66      351.93
0280   139.6   801.6     16.23     97.8    1810   120    36.90    -31.94     18.47     9      .4    1812     0   0   0   0    31.7532   -75.6826     5945    71.58     82.65      351.94
0281   140.1   802.3     16.26     97.8    1803   120    36.89    -31.96     18.41     9      .4    1805     0   0   0   0    31.7533   -75.6828     5923    71.56     82.62      351.96
0282   140.6   802.9     16.29     97.8    1797   120    36.87    -31.98     18.35     9      .4    1799     0   0   0   0    31.7534   -75.6829     5901    71.53     82.59      351.98
0283   141.1   803.5     16.32     97.8    1790   120    36.85    -31.99     18.29     9      .4    1792     0   0   0   0    31.7535   -75.6831     5880    71.49     82.55      351.99
0284   141.6   804.1     16.35     97.8    1783   120    36.83    -32.00     18.24     9      .4    1786     0   0   0   0    31.7536   -75.6833     5858    71.45     82.50      352.00
0285   142.1   804.7     16.38     97.8    1777   120    36.81    -32.00     18.19     9      .4    1779     0   0   0   0    31.7536   -75.6834     5837    71.41     82.45      352.01
0286   142.6   805.3     16.41     97.8    1770   120    36.79    -32.00     18.16     9      .4    1772     0   0   0   0    31.7537   -75.6836     5815    71.37     82.41      352.01
0287   143.1   806.0     16.44     97.8    1764   120    36.77    -31.99     18.13     9      .4    1766     0   0   0   3    31.7538   -75.6838     5794    71.34     82.37      352.02
0288   143.6   806.6     16.47     97.8    1757   120    36.76    -31.98     18.12     9      .4    1759     0   0   0   3    31.7539   -75.6839     5772    71.32     82.34      352.02
0289   144.1   807.2     16.49     97.8    1751   120    36.75    -31.98     18.12     9      .4    1753     0   0   0   0    31.7540   -75.6841     5751    71.30     82.32      352.02
0290   144.6   807.8     16.52     97.8    1744   120    36.75    -31.97     18.12     9      .5    1746     0   0   0   0    31.7541   -75.6843     5729    71.29     82.31      352.02
0291   145.1   808.4     16.55     97.8    1738   120    36.74    -31.96     18.13     9      .5    1740     0   0   0   0    31.7541   -75.6844     5708    71.28     82.31      352.01
0292   145.6   809.1     16.58     97.8    1731   120    36.75    -31.95     18.15     9      .5    1733     0   0   0   0    31.7542   -75.6846     5686    71.29     82.32      352.01
0293   146.1   809.7     16.60     97.8    1724   120    36.75    -31.95     18.18     9      .5    1727     0   0   0   0    31.7543   -75.6848     5665    71.30     82.33      352.00
0294   146.6   810.3     16.63     97.8    1718   120    36.76    -31.94     18.20     9      .5    1720     0   0   0   0    31.7544   -75.6850     5643    71.32     82.35      352.00
0295   147.1   810.9     16.66     97.8    1711   120    36.78    -31.94     18.23     9      .4    1714     0   0   0   0    31.7545   -75.6851     5622    71.34     82.38      351.99
0296   147.6   811.5     16.68     97.8    1705   120    36.79    -31.94     18.25     9      .4    1707     0   0   0   0    31.7545   -75.6853     5601    71.37     82.40      351.99
0297   148.1   812.1     16.71     97.8    1698   120    36.80    -31.94     18.27     9      .4    1701     0   0   0   0    31.7546   -75.6855     5579    71.39     82.43      351.99
0298   148.6   812.8     16.74     97.8    1692   120    36.81    -31.94     18.29     9      .4    1694     0   0   0   0    31.7547   -75.6856     5558    71.41     82.45      351.99
0299   149.1   813.4     16.77     97.8    1685   120    36.82    -31.95     18.30     9      .4    1687     0   0   0   0    31.7548   -75.6858     5536    71.42     82.47      352.00
0300   149.6   814.0     16.80     97.8    1679   120    36.82    -31.95     18.31     9      .3    1681     0   0   0   0    31.7549   -75.6860     5515    71.43     82.48      352.00
0301   150.1   814.6     16.83     97.8    1672   120    36.83    -31.95     18.31     9      .3    1674     0   0   0   0    31.7550   -75.6861     5493    71.44     82.49      352.01
0302   150.6   815.3     16.85     97.8    1665   120    36.83    -31.96     18.31     9      .3    1668     0   0   0   0    31.7550   -75.6863     5471    71.45     82.50      352.02
0303   151.1   815.9     16.88     97.8    1659   120    36.84    -31.97     18.30     9      .3    1661     0   0   0   0    31.7551   -75.6865     5450    71.46     82.51      352.03
0304   151.6   816.5     16.91     97.8    1652   120    36.84    -31.98     18.30     9      .3    1654     0   0   0   0    31.7552   -75.6866     5428    71.47     82.52      352.04
0305   152.1   817.2     16.94     97.8    1646   120    36.85    -31.99     18.28     9      .3    1648     0   0   0   0    31.7553   -75.6868     5406    71.48     82.53      352.05
0306   152.6   817.8     16.97     97.8    1639   120    36.85    -32.01     18.27     9      .3    1641     0   0   0   0    31.7554   -75.6870     5384    71.50     82.55      352.06
0307   153.1   818.4     17.00     97.8    1632   120    36.86    -32.03     18.26     9      .3    1635     0   0   0   0    31.7554   -75.6871     5363    71.52     82.58      352.06
0308   153.6   819.1     17.03     97.8    1626   120    36.88    -32.05     18.24     9      .3    1628     0   0   0   0    31.7555   -75.6873     5341    71.54     82.60      352.07
0309   154.1   819.7     17.06     97.8    1619   120    36.89    -32.08     18.22     9      .3    1621     0   0   0   0    31.7556   -75.6875     5320    71.57     82.64      352.07
0310   154.6   820.3     17.08     97.8    1613   120    36.91    -32.11     18.20     9      .4    1615     0   0   0   3    31.7557   -75.6876     5298    71.60     82.67      352.07
0311   155.1   820.9     17.11     97.8    1606   119    36.93    -32.14     18.18     9      .4    1608     0   0   0   0    31.7558   -75.6878     5277    71.63     82.71      352.07
0312   155.6   821.6     17.13     97.8    1600   119    36.94    -32.17     18.16     9      .4    1602     0   0   0   0    31.7559   -75.6880     5255    71.67     82.76      352.06
0313   156.1   822.2     17.16     97.8    1593   119    36.97    -32.21     18.14     9      .4    1595     0   0   0   0    31.7559   -75.6881     5234    71.71     82.80      352.05
0314   156.6   822.8     17.18     97.8    1587   119    36.99    -32.24     18.12     9      .4    1589     0   0   0   0    31.7560   -75.6883     5213    71.76     82.85      352.03
0315   157.1   823.4     17.21     97.8    1580   119    37.01    -32.28     18.11     9      .4    1582     0   0   0   0    31.7561   -75.6885     5191    71.80     82.91      352.02
0316   157.6   824.1     17.23     97.9    1574   119    37.04    -32.31     18.11     9      .4    1576     0   0   0   0    31.7562   -75.6886     5170    71.85     82.96      352.00
0317   158.1   824.7     17.25     97.9    1567   119    37.06    -32.34     18.11     9      .4    1569     0   0   0   0    31.7563   -75.6888     5149    71.90     83.02      351.98
0318   158.6   825.3     17.27     97.9    1561   119    37.09    -32.36     18.12     9      .4    1563     0   0   0   0    31.7563   -75.6890     5127    71.96     83.08      351.95
0319   159.1   825.9     17.29     97.9    1554   119    37.12    -32.39     18.14     9      .4    1556     0   0   0   0    31.7564   -75.6891     5106    72.01     83.15      351.93
0320   159.6   826.6     17.31     97.9    1548   119    37.14    -32.40     18.16     9      .4    1550     0   0   0   0    31.7565   -75.6893     5084    72.06     83.20      351.90
0321   160.1   827.2     17.33     97.9    1541   119    37.17    -32.42     18.19     9      .3    1543     0   0   0   0    31.7566   -75.6895     5063    72.11     83.26      351.86
0322   160.6   827.8     17.34     97.9    1534   119    37.19    -32.42     18.22     9      .3    1537     0   0   0   0    31.7567   -75.6897     5041    72.15     83.31      351.83
0323   161.1   828.5     17.36     97.9    1528   119    37.21    -32.42     18.25     9      .3    1530     0   0   0   0    31.7568   -75.6898     5020    72.18     83.35      351.79
0324   161.6   829.1     17.38     97.9    1521   119    37.22    -32.42     18.28     9      .4    1524     0   0   0   0    31.7568   -75.6900     4999    72.20     83.37      351.75
0325   162.1   829.7     17.39     98.0    1515   119    37.22    -32.41     18.31     9      .4    1517     0   0   0   0    31.7569   -75.6902     4977    72.21     83.38      351.71
0326   162.6   830.3     17.41     98.0    1508   120    37.22    -32.39     18.34     9      .4    1511     0   0   0   0    31.7570   -75.6903     4956    72.20     83.37      351.66
0327   163.1   831.0     17.42     98.0    1502   120    37.21    -32.36     18.35     9      .4    1504     0   0   0   0    31.7571   -75.6905     4934    72.18     83.34      351.62
0328   163.6   831.6     17.44     98.0    1495   120    37.19    -32.34     18.36     9      .4    1498     0   0   0   0    31.7572   -75.6907     4913    72.14     83.29      351.58
0329   164.1   832.2     17.46     98.0    1489   120    37.16    -32.30     18.36     9      .4    1491     0   0   0   0    31.7573   -75.6908     4892    72.09     83.23      351.54
0330   164.6   832.9     17.48     98.0    1482   120    37.13    -32.27     18.35     9      .4    1485     0   0   0   0    31.7573   -75.6910     4871    72.02     83.16      351.52
0331   165.1   833.5     17.51     98.0    1476   120    37.09    -32.24     18.34     9      .4    1478     0   0   0   0    31.7574   -75.6912     4850    71.95     83.08      351.51
0332   165.6   834.1     17.54     98.0    1470   120    37.05    -32.21     18.31     9      .4    1472     0   0   0   0    31.7575   -75.6913     4829    71.88     83.00      351.52
0333   166.1   834.7     17.57     98.0    1463   120    37.02    -32.19     18.28     9      .4    1465     0   0   0   0    31.7576   -75.6915     4807    71.81     82.92      351.54
0334   166.6   835.4     17.61     97.9    1457   120    36.99    -32.17     18.25     9      .4    1459     0   0   0   0    31.7577   -75.6917     4786    71.75     82.85      351.59
0335   167.1   836.0     17.65     97.9    1450   120    36.96    -32.16     18.22     9      .4    1452     0   0   0   0    31.7577   -75.6918     4765    71.70     82.79      351.66
0336   167.6   836.6     17.70     97.9    1444   119    36.94    -32.16     18.18     9      .4    1446     0   0   0   0    31.7578   -75.6920     4744    71.67     82.75      351.75
0337   168.1   837.3     17.75     97.9    1437   119    36.93    -32.17     18.14     9      .3    1439     0   0   0   0    31.7579   -75.6922     4722    71.65     82.73      351.85
0338   168.6   837.9     17.81     97.9    1431   119    36.93    -32.19     18.10     9      .3    1433     0   0   0   0    31.7580   -75.6923     4701    71.65     82.73      351.96
0339   169.1   838.5     17.86     97.9    1424   119    36.94    -32.23     18.07     9      .3    1426     0   0   0   0    31.7581   -75.6925     4680    71.67     82.76      352.08
0340   169.6   839.2     17.92     97.9    1418   119    36.97    -32.27     18.04     9      .3    1420     0   0   0   0    31.7582   -75.6927     4658    71.71     82.80      352.21
0341   170.1   839.8     17.97     97.9    1411   119    36.99    -32.31     18.01     9      .3    1413     0   0   0   0    31.7582   -75.6928     4637    71.77     82.86      352.33
0342   170.6   840.4     18.03     97.9    1405   119    37.02    -32.37     17.98     9      .3    1407     0   0   0   0    31.7583   -75.6930     4615    71.82     82.93      352.45
0343   171.1   841.1     18.09     97.9    1398   119    37.05    -32.42     17.94     9      .3    1400     0   0   0   0    31.7584   -75.6932     4594    71.89     83.00      352.58
0344   171.6   841.7     18.15     97.9    1392   119    37.08    -32.47     17.91     9      .3    1394     0   0   0   0    31.7585   -75.6933     4573    71.94     83.07      352.72
0345   172.1   842.4     18.21     97.9    1385   119    37.11    -32.52     17.87     9      .2    1387     0   0   0   0    31.7586   -75.6935     4551    71.99     83.13      352.88
0346   172.6   843.0     18.29     97.9    1379   119    37.13    -32.57     17.83     9      .2    1381     0   0   0   0    31.7586   -75.6937     4530    72.03     83.17      353.08
0347   173.1   843.6     18.37     97.9    1372   119    37.15    -32.61     17.78     9      .2    1374     0   0   0   0    31.7587   -75.6939     4508    72.06     83.21      353.33
0348   173.6   844.3     18.47     97.9    1365   119    37.16    -32.66     17.73     9      .2    1368     0   0   0   0    31.7588   -75.6940     4487    72.09     83.24      353.65
0349   174.1   844.9     18.60     97.9    1359   118    37.17    -32.70     17.68     9      .1    1361     0   0   0   0    31.7589   -75.6942     4465    72.11     83.27      354.06
0350   174.6   845.6     18.74     97.9    1352   118    37.18    -32.74     17.63     9      .1    1355     0   0   0   0    31.7590   -75.6944     4444    72.14     83.29      354.58
0351   175.1   846.2     18.92     97.9    1346   118    37.19    -32.78     17.57     9      .0    1348     0   0   0   0    31.7590   -75.6946     4422    72.16     83.32      355.22
0352   175.6   846.9     19.12     97.9    1339   118    37.21    -32.84     17.50     9      .0    1341     0   0   0   0    31.7591   -75.6947     4401    72.18     83.34      356.01
0353   176.1   847.5     19.36     97.9    1332   118    37.22    -32.89     17.43     9      .0    1335     0   3   0   0    31.7592   -75.6949     4379    72.21     83.38      356.95
0354   176.6   848.2     19.64     97.9    1326   118    37.25    -32.95     17.36     9     -.1    1328     0   3   0   0    31.7593   -75.6951     4357    72.26     83.43      358.08
0355   177.1   848.8     19.95     97.9    1319   118    37.27    -33.01     17.31     9     -.1    1321     0   3   0   0    31.7593   -75.6953     4335    72.31     83.49      359.38
0356   177.6   849.5     20.30     97.9    1312   118    37.30    -33.05     17.29     9     -.1    1315     0   3   0   0    31.7594   -75.6954     4313    72.35     83.54      360.87
0357   178.1   850.1     20.67     97.9    1306   118    37.31    -33.06     17.29     9     -.1    1308     0   3   0   0    31.7595   -75.6956     4291    72.38     83.57      362.55
0358   178.6   850.8     21.08     98.0    1299   118    37.32    -33.07     17.29     9     -.1    1301     0   3   0   0    31.7596   -75.6958     4269    72.40     83.60      364.40
0359   179.1   851.4     21.50     98.0    1292   118    37.26    -33.05     17.21     9      .0    1294     0   3   0   0    31.7597   -75.6960     4247    72.28     83.46      366.41
0360   179.6   852.1     21.94     98.1    1285   117    37.08    -32.99     16.93     9      .0    1288     0   3   0   0    31.7597   -75.6961     4225    71.93     83.05      368.59
0361   180.1   852.7     22.40     98.1    1279  -999  -999.00   -999.00   -999.00  -999      .1    1281     0   3   0   0    31.7598   -75.6963     4203  -999.00   -999.00      370.81
0362   180.6   853.4     22.85   -999.0    1272  -999  -999.00   -999.00   -999.00  -999      .1    1274     3   3   0   0    31.7599   -75.6965     4181  -999.00   -999.00     -999.00
0363   181.1   854.0     23.30   -999.0    1266  -999  -999.00   -999.00   -999.00  -999      .2    1268     3   3   0   0    31.7600   -75.6967     4159  -999.00   -999.00     -999.00
0364   181.6   854.7     23.73   -999.0    1259  -999  -999.00   -999.00   -999.00  -999      .3    1261     3   3   0   0    31.7600   -75.6968     4138  -999.00   -999.00     -999.00
0365   182.1   855.3     24.14   -999.0    1253  -999  -999.00   -999.00   -999.00  -999      .3    1255     3   3   0   0    31.7601   -75.6970     4117  -999.00   -999.00     -999.00
0366   182.6   855.9     24.53   -999.0    1246  -999  -999.00   -999.00   -999.00  -999      .3    1248     3   3   0   0    31.7602   -75.6972     4095  -999.00   -999.00     -999.00
0367   183.1   856.6     24.88   -999.0    1240  -999  -999.00   -999.00   -999.00  -999      .3    1242     3   3   0   0    31.7603   -75.6974     4074  -999.00   -999.00     -999.00
0368   183.6   857.2     25.18   -999.0    1233  -999  -999.00   -999.00   -999.00  -999      .3    1235     3   3   0   0    31.7603   -75.6975     4053  -999.00   -999.00     -999.00
0369   184.1   857.8     25.44   -999.0    1227  -999  -999.00   -999.00   -999.00  -999      .2    1229     3   3   0   0    31.7604   -75.6977     4032  -999.00   -999.00     -999.00
0370   184.6   858.5     25.66   -999.0    1220  -999  -999.00   -999.00   -999.00  -999      .1    1222     3   0   0   0    31.7605   -75.6979     4010  -999.00   -999.00     -999.00
0371   185.1   859.1     25.83   -999.0    1214  -999  -999.00   -999.00   -999.00  -999      .0    1216     3   3   0   0    31.7606   -75.6981     3989  -999.00   -999.00     -999.00
0372   185.6   859.7     25.95   -999.0    1207  -999  -999.00   -999.00   -999.00  -999     -.1    1209     3   0   0   0    31.7607   -75.6982     3967  -999.00   -999.00     -999.00
0373   186.1   860.4     26.03   -999.0    1200  -999  -999.00   -999.00   -999.00  -999     -.2    1202     3   3   0   0    31.7607   -75.6984     3945  -999.00   -999.00     -999.00
0374   186.6   861.1     26.07   -999.0    1193  -999  -999.00   -999.00   -999.00  -999     -.2    1195     3   3   0   0    31.7608   -75.6986     3922  -999.00   -999.00     -999.00
0375   187.1   861.7     26.07   -999.0    1186  -999  -999.00   -999.00   -999.00  -999     -.2    1189     3   3   0   0    31.7609   -75.6988     3900  -999.00   -999.00     -999.00
0376   187.6   862.4     26.04   -999.0    1180  -999  -999.00   -999.00   -999.00  -999      .0    1182     3   3   0   0    31.7610   -75.6990     3877  -999.00   -999.00     -999.00
0377   188.1   863.1     25.99   -999.0    1173  -999  -999.00   -999.00   -999.00  -999      .2    1175     3   0   0   0    31.7610   -75.6991     3855  -999.00   -999.00     -999.00
0378   188.6   863.7     25.92   -999.0    1166  -999  -999.00   -999.00   -999.00  -999      .6    1168     3   3   0   0    31.7611   -75.6993     3833  -999.00   -999.00     -999.00
0379   189.1   864.3     25.85   -999.0    1160  -999  -999.00   -999.00   -999.00  -999     1.2    1162     3   3   0   0    31.7612   -75.6995     3812  -999.00   -999.00     -999.00
0380   189.6   864.9     25.77   -999.0    1153  -999  -999.00   -999.00   -999.00  -999     1.8    1156     3   3   0   0    31.7613   -75.6997     3792  -999.00   -999.00     -999.00
0381   190.1   865.5     25.69   -999.0    1148  -999  -999.00   -999.00   -999.00  -999     2.7    1150     3   0   0   0    31.7613   -75.6998     3773  -999.00   -999.00     -999.00
0382   190.6   866.0     25.62   -999.0    1143  -999  -999.00   -999.00   -999.00  -999     3.6    1145     3   0   0   0    31.7614   -75.7000     3756  -999.00   -999.00     -999.00
0383   191.1   866.5     25.55   -999.0    1138  -999  -999.00   -999.00   -999.00  -999     4.7    1140     3   3   0   0    31.7615   -75.7002     3740  -999.00   -999.00     -999.00
0384   191.6   866.9     25.50   -999.0    1134  -999  -999.00   -999.00   -999.00  -999     5.8    1136     3   3   0   0    31.7616   -75.7004     3727  -999.00   -999.00     -999.00
0385   192.1   867.2     25.46   -999.0    1130  -999  -999.00   -999.00   -999.00  -999     7.0    1132     0   0   0   0    31.7616   -75.7005     3715  -999.00   -999.00     -999.00
0386   192.6   867.5     25.43   -999.0    1127  -999  -999.00   -999.00   -999.00  -999     8.1    1130     0   0   0   0    31.7617   -75.7007     3706  -999.00   -999.00     -999.00
0387   193.1   867.7     25.41   -999.0    1125  -999  -999.00   -999.00   -999.00  -999     9.2    1127     0   0   0   0    31.7618   -75.7009     3699  -999.00   -999.00     -999.00
0388   193.6   867.9     25.40   -999.0    1124  -999  -999.00   -999.00   -999.00  -999    10.2    1126     3   3   0   0    31.7619   -75.7011     3694  -999.00   -999.00     -999.00
0389   194.1   868.0     25.40   -999.0    1123  -999  -999.00   -999.00   -999.00  -999    11.1    1125     3   3   0   0    31.7620   -75.7012     3690  -999.00   -999.00     -999.00
0390   194.6   868.0     25.40   -999.0    1122  -999  -999.00   -999.00   -999.00  -999    11.9    1124     3   3   0   0    31.7620   -75.7014     3688  -999.00   -999.00     -999.00
0391   195.1   868.1     25.41   -999.0    1122  -999  -999.00   -999.00   -999.00  -999    12.6    1124     0   0   0   0    31.7621   -75.7016     3687  -999.00   -999.00     -999.00
0392   195.6   868.1     25.42   -999.0    1122  -999  -999.00   -999.00   -999.00  -999    13.1    1124     3   3   0   0    31.7622   -75.7018     3687  -999.00   -999.00     -999.00
0393   196.1   868.1     25.43   -999.0    1122  -999  -999.00   -999.00   -999.00  -999    13.5    1124     0   0   0   0    31.7623   -75.7019     3687  -999.00   -999.00     -999.00
0394   196.6   868.0     25.45   -999.0    1122  -999  -999.00   -999.00   -999.00  -999    13.8    1124     3   3   0   0    31.7623   -75.7021     3689  -999.00   -999.00     -999.00
0395   197.1   868.0     25.46   -999.0    1123  -999  -999.00   -999.00   -999.00  -999    14.0    1125     0   0   0   0    31.7624   -75.7023     3690  -999.00   -999.00     -999.00
0396   197.6   867.9     25.48   -999.0    1123  -999  -999.00   -999.00   -999.00  -999    14.2    1125     3   3   0   0    31.7625   -75.7025     3691  -999.00   -999.00     -999.00
0397   198.1   867.9     25.50   -999.0    1124  -999  -999.00   -999.00   -999.00  -999    14.2    1126     3   3   0   0    31.7626   -75.7026     3693  -999.00   -999.00     -999.00
0398   198.6   867.8     25.52   -999.0    1124  -999  -999.00   -999.00   -999.00  -999    14.3    1126     3   3   0   0    31.7626   -75.7028     3695  -999.00   -999.00     -999.00
0399   199.1   867.8     25.53   -999.0    1125  -999  -999.00   -999.00   -999.00  -999    14.3    1127     0   0   0   0    31.7627   -75.7030     3697  -999.00   -999.00     -999.00
0400   199.6   867.7     25.55   -999.0    1125  -999  -999.00   -999.00   -999.00  -999    14.2    1127     0   0   0   0    31.7628   -75.7032     3698  -999.00   -999.00     -999.00
0401   200.1   867.7     25.56   -999.0    1126  -999  -999.00   -999.00   -999.00  -999    14.1    1128     0   0   0   0    31.7629   -75.7033     3700  -999.00   -999.00     -999.00
0402   200.6   867.6     25.57   -999.0    1126  -999  -999.00   -999.00   -999.00  -999    13.8    1128     3   3   0   0    31.7629   -75.7035     3702  -999.00   -999.00     -999.00
0403   201.1   867.6     25.58   -999.0    1126  -999  -999.00   -999.00   -999.00  -999    13.5    1129     0   0   0   0    31.7630   -75.7037     3703  -999.00   -999.00     -999.00
0404   201.6   867.6     25.59   -999.0    1127  -999  -999.00   -999.00   -999.00  -999    13.1    1129     3   3   0   0    31.7631   -75.7039     3704  -999.00   -999.00     -999.00
0405   202.1   867.6     25.60   -999.0    1127  -999  -999.00   -999.00   -999.00  -999    12.5    1129     3   3   0   0    31.7632   -75.7040     3704  -999.00   -999.00     -999.00
0406   202.6   867.6     25.61   -999.0    1126  -999  -999.00   -999.00   -999.00  -999    11.8    1128     3   3   0   0    31.7632   -75.7042     3702  -999.00   -999.00     -999.00
0407   203.1   867.7     25.61   -999.0    1126  -999  -999.00   -999.00   -999.00  -999    10.9    1128     0   0   0   0    31.7633   -75.7044     3700  -999.00   -999.00     -999.00
0408   203.6   867.8     25.62   -999.0    1124  -999  -999.00   -999.00   -999.00  -999     9.9    1127     0   0   0   0    31.7634   -75.7046     3696  -999.00   -999.00     -999.00
0409   204.1   868.0     25.62   -999.0    1123  -999  -999.00   -999.00   -999.00  -999     8.8    1125     3   3   0   0    31.7635   -75.7047     3690  -999.00   -999.00     -999.00
0410   204.6   868.2     25.63   -999.0    1120  -999  -999.00   -999.00   -999.00  -999     7.7    1122     3   3   0   0    31.7636   -75.7049     3682  -999.00   -999.00     -999.00
0411   205.1   868.5     25.64   -999.0    1117  -999  -999.00   -999.00   -999.00  -999     6.4    1119     0   0   0   0    31.7636   -75.7051     3672  -999.00   -999.00     -999.00
0412   205.6   868.9     25.65   -999.0    1113  -999  -999.00   -999.00   -999.00  -999     5.2    1115     5   3   0   0    31.7637   -75.7053     3660  -999.00   -999.00     -999.00
0413   206.1   869.3     25.66   -999.0    1109  -999  -999.00   -999.00   -999.00  -999     4.1    1111     5   3   0   0    31.7638   -75.7054     3645  -999.00   -999.00     -999.00
0414   206.6   869.8     25.67   -999.0    1104  -999  -999.00   -999.00   -999.00  -999     3.0    1106     5   3   0   0    31.7639   -75.7056     3629  -999.00   -999.00     -999.00
0415   207.1   870.4     25.67   -999.0    1098  -999  -999.00   -999.00   -999.00  -999     2.0    1100     5   3   0   0    31.7639   -75.7058     3610  -999.00   -999.00     -999.00
0416   207.6   871.0     25.68   -999.0    1092  -999  -999.00   -999.00   -999.00  -999     1.2    1094     5   3   0   0    31.7640   -75.7060     3591  -999.00   -999.00     -999.00
0417   208.1   871.6     25.68   -999.0    1086  -999  -999.00   -999.00   -999.00  -999      .5    1088     5   0   0   0    31.7641   -75.7061     3569  -999.00   -999.00     -999.00
0418   208.6   872.3     25.68   -999.0    1079  -999  -999.00   -999.00   -999.00  -999      .0    1081     5   3   0   0    31.7642   -75.7063     3547  -999.00   -999.00     -999.00
0419   209.1   872.9     25.66   -999.0    1072  -999  -999.00   -999.00   -999.00  -999     -.4    1074     5   3   0   0    31.7642   -75.7065     3525  -999.00   -999.00     -999.00
0420   209.6   873.6     25.64   -999.0    1065  -999  -999.00   -999.00   -999.00  -999     -.6    1067     5   3   0   0    31.7643   -75.7067     3501  -999.00   -999.00     -999.00
0421   210.1   874.3     25.61   -999.0    1058  -999  -999.00   -999.00   -999.00  -999     -.7    1060     5   3   0   0    31.7644   -75.7068     3478  -999.00   -999.00     -999.00
0422   210.6   875.1     25.57   -999.0    1051  -999  -999.00   -999.00   -999.00  -999     -.8    1053     5   0   0   0    31.7645   -75.7070     3455  -999.00   -999.00     -999.00
0423   211.1   875.7     25.51   -999.0    1044  -999  -999.00   -999.00   -999.00  -999     -.7    1046     5   3   0   0    31.7645   -75.7072     3432  -999.00   -999.00     -999.00
0424   211.6   876.4     25.45   -999.0    1037  -999  -999.00   -999.00   -999.00  -999     -.6    1039     5   3   0   0    31.7646   -75.7074     3409  -999.00   -999.00     -999.00
0425   212.1   877.1     25.37   -999.0    1030  -999  -999.00   -999.00   -999.00  -999     -.5    1032     5   3   0   0    31.7647   -75.7076     3386  -999.00   -999.00     -999.00
0426   212.6   877.8     25.28   -999.0    1023  -999  -999.00   -999.00   -999.00  -999     -.4    1025     5   3   0   0    31.7648   -75.7077     3364  -999.00   -999.00     -999.00
0427   213.1   878.5     25.19   -999.0    1016  -999  -999.00   -999.00   -999.00  -999     -.3    1019     5   3   0   0    31.7649   -75.7079     3342  -999.00   -999.00     -999.00
0428   213.6   879.1     25.09   -999.0    1010  -999  -999.00   -999.00   -999.00  -999     -.2    1012     5   3   0   0    31.7649   -75.7081     3320  -999.00   -999.00     -999.00
0429   214.1   879.8     24.99   -999.0    1003  -999  -999.00   -999.00   -999.00  -999     -.1    1005     5   3   0   0    31.7650   -75.7083     3298  -999.00   -999.00     -999.00
0430   214.6   880.5     24.88   -999.0     997  -999  -999.00   -999.00   -999.00  -999     -.1     999     5   3   0   0    31.7651   -75.7084     3277  -999.00   -999.00     -999.00
0431   215.1   881.1     24.78   -999.0     990  -999  -999.00   -999.00   -999.00  -999      .0     992     5   3   0   0    31.7652   -75.7086     3255  -999.00   -999.00     -999.00
0432   215.6   881.8     24.67   -999.0     983  -999  -999.00   -999.00   -999.00  -999      .0     986     5   3   0   0    31.7652   -75.7088     3233  -999.00   -999.00     -999.00
0433   216.1   882.4     24.58   -999.0     977  -999  -999.00   -999.00   -999.00  -999      .0     979     5   3   0   0    31.7653   -75.7090     3212  -999.00   -999.00     -999.00
0434   216.6   883.1     24.49   -999.0     970  -999  -999.00   -999.00   -999.00  -999      .0     972     5   3   0   0    31.7654   -75.7091     3190  -999.00   -999.00     -999.00
0435   217.1   883.8     24.40   -999.0     964  -999  -999.00   -999.00   -999.00  -999      .0     966     5   0   0   0    31.7655   -75.7093     3169  -999.00   -999.00     -999.00
0436   217.6   884.4     24.32   -999.0     957  -999  -999.00   -999.00   -999.00  -999      .0     959     5   3   0   0    31.7655   -75.7095     3147  -999.00   -999.00     -999.00
0437   218.1   885.1     24.25   -999.0     950  -999  -999.00   -999.00   -999.00  -999      .0     953     5   3   0   0    31.7656   -75.7097     3125  -999.00   -999.00     -999.00
0438   218.6   885.7     24.19   -999.0     944  -999  -999.00   -999.00   -999.00  -999      .0     946     5   3   0   0    31.7657   -75.7098     3104  -999.00   -999.00     -999.00
0439   219.1   886.4     24.13   -999.0     937  -999  -999.00   -999.00   -999.00  -999      .0     939     5   3   0   0    31.7658   -75.7100     3082  -999.00   -999.00     -999.00
0440   219.6   887.1     24.07   -999.0     931  -999  -999.00   -999.00   -999.00  -999      .0     933     5   3   0   0    31.7658   -75.7102     3061  -999.00   -999.00     -999.00
0441   220.1   887.7     24.02   -999.0     924  -999  -999.00   -999.00   -999.00  -999      .0     926     5   3   0   0    31.7659   -75.7104     3039  -999.00   -999.00     -999.00
0442   220.6   888.4     23.97   -999.0     918  -999  -999.00   -999.00   -999.00  -999      .0     920     5   3   0   0    31.7660   -75.7105     3018  -999.00   -999.00     -999.00
0443   221.1   889.1     23.93   -999.0     911  -999  -999.00   -999.00   -999.00  -999      .0     913     5   3   0   0    31.7661   -75.7107     2996  -999.00   -999.00     -999.00
0444   221.6   889.7     23.88   -999.0     904  -999  -999.00   -999.00   -999.00  -999      .0     907     5   3   0   0    31.7661   -75.7109     2975  -999.00   -999.00     -999.00
0445   222.1   890.4     23.83   -999.0     898  -999  -999.00   -999.00   -999.00  -999      .0     900     5   3   0   0    31.7662   -75.7111     2953  -999.00   -999.00     -999.00
0446   222.6   891.1     23.79   -999.0     891  -999  -999.00   -999.00   -999.00  -999      .0     894     5   3   0   0    31.7663   -75.7112     2932  -999.00   -999.00     -999.00
0447   223.1   891.7     23.74   -999.0     885  -999  -999.00   -999.00   -999.00  -999      .0     887     5   3   0   0    31.7664   -75.7114     2910  -999.00   -999.00     -999.00
0448   223.6   892.4     23.70   -999.0     878  -999  -999.00   -999.00   -999.00  -999      .0     880     5   3   0   0    31.7665   -75.7116     2889  -999.00   -999.00     -999.00
0449   224.1   893.1     23.65   -999.0     872  -999  -999.00   -999.00   -999.00  -999      .0     874     5   3   0   0    31.7665   -75.7118     2867  -999.00   -999.00     -999.00
0450   224.6   893.7     23.60   -999.0     865  -999  -999.00   -999.00   -999.00  -999      .0     867     5   3   0   0    31.7666   -75.7119     2846  -999.00   -999.00     -999.00
0451   225.1   894.4     23.55   -999.0     859  -999  -999.00   -999.00   -999.00  -999      .0     861     5   3   0   0    31.7667   -75.7121     2824  -999.00   -999.00     -999.00
0452   225.6   895.1     23.50   -999.0     852  -999  -999.00   -999.00   -999.00  -999      .0     854     5   3   0   0    31.7668   -75.7123     2803  -999.00   -999.00     -999.00
0453   226.1   895.7     23.45   -999.0     846  -999  -999.00   -999.00   -999.00  -999      .0     848     5   3   0   0    31.7668   -75.7125     2782  -999.00   -999.00     -999.00
0454   226.6   896.4     23.40   -999.0     839  -999  -999.00   -999.00   -999.00  -999      .0     841     5   3   0   0    31.7669   -75.7126     2760  -999.00   -999.00     -999.00
0455   227.1   897.1     23.35   -999.0     833  -999  -999.00   -999.00   -999.00  -999      .0     835     5   3   0   0    31.7670   -75.7128     2739  -999.00   -999.00     -999.00
0456   227.6   897.7     23.30   -999.0     826  -999  -999.00   -999.00   -999.00  -999      .0     828     5   3   0   0    31.7671   -75.7130     2717  -999.00   -999.00     -999.00
0457   228.1   898.4     23.25   -999.0     820  -999  -999.00   -999.00   -999.00  -999      .0     822     5   3   0   0    31.7671   -75.7132     2696  -999.00   -999.00     -999.00
0458   228.6   899.1     23.21   -999.0     813  -999  -999.00   -999.00   -999.00  -999      .0     815     5   3   0   0    31.7672   -75.7133     2675  -999.00   -999.00     -999.00
0459   229.1   899.7     23.16   -999.0     807  -999  -999.00   -999.00   -999.00  -999      .0     809     5   3   0   0    31.7673   -75.7135     2653  -999.00   -999.00     -999.00
0460   229.6   900.4     23.11   -999.0     800  -999  -999.00   -999.00   -999.00  -999      .0     802     5   3   0   0    31.7674   -75.7137     2632  -999.00   -999.00     -999.00
0461   230.1   901.1     23.06   -999.0     794  -999  -999.00   -999.00   -999.00  -999      .0     796     5   3   0   0    31.7674   -75.7139     2611  -999.00   -999.00     -999.00
0462   230.6   901.7     23.00   -999.0     787  -999  -999.00   -999.00   -999.00  -999      .0     789     5   3   0   0    31.7675   -75.7140     2589  -999.00   -999.00     -999.00
0463   231.1   902.4     22.95   -999.0     781  -999  -999.00   -999.00   -999.00  -999      .0     783     5   3   0   0    31.7676   -75.7142     2568  -999.00   -999.00     -999.00
0464   231.6   903.1     22.90   -999.0     774  -999  -999.00   -999.00   -999.00  -999      .0     776     5   3   0   0    31.7677   -75.7144     2547  -999.00   -999.00     -999.00
0465   232.1   903.7     22.85   -999.0     768  -999  -999.00   -999.00   -999.00  -999      .0     770     5   3   0   0    31.7677   -75.7146     2526  -999.00   -999.00     -999.00
0466   232.6   904.4     22.80   -999.0     761  -999  -999.00   -999.00   -999.00  -999      .0     763     5   3   0   0    31.7678   -75.7147     2504  -999.00   -999.00     -999.00
0467   233.1   905.1     22.75   -999.0     755  -999  -999.00   -999.00   -999.00  -999      .0     757     5   3   0   0    31.7679   -75.7149     2483  -999.00   -999.00     -999.00
0468   233.6   905.8     22.69   -999.0     748  -999  -999.00   -999.00   -999.00  -999      .0     750     5   3   0   0    31.7680   -75.7151     2462  -999.00   -999.00     -999.00
0469   234.1   906.4     22.65   -999.0     742  -999  -999.00   -999.00   -999.00  -999      .0     744     5   3   0   0    31.7681   -75.7153     2441  -999.00   -999.00     -999.00
0470   234.6   907.1     22.60   -999.0     735  -999  -999.00   -999.00   -999.00  -999      .0     737     5   3   0   0    31.7681   -75.7154     2419  -999.00   -999.00     -999.00
0471   235.1   907.8     22.55   -999.0     729  -999  -999.00   -999.00   -999.00  -999      .0     731     5   3   0   0    31.7682   -75.7156     2398  -999.00   -999.00     -999.00
0472   235.6   908.4     22.51   -999.0     722  -999  -999.00   -999.00   -999.00  -999      .0     724     5   0   0   0    31.7683   -75.7158     2377  -999.00   -999.00     -999.00
0473   236.1   909.1     22.47   -999.0     716  -999  -999.00   -999.00   -999.00  -999      .0     718     5   0   0   0    31.7684   -75.7160     2356  -999.00   -999.00     -999.00
0474   236.6   909.8     22.43   -999.0     709  -999  -999.00   -999.00   -999.00  -999      .0     712     5   3   0   0    31.7684   -75.7161     2335  -999.00   -999.00     -999.00
0475   237.1   910.5     22.40   -999.0     703  -999  -999.00   -999.00   -999.00  -999      .0     705     5   0   0   0    31.7685   -75.7163     2313  -999.00   -999.00     -999.00
0476   237.6   911.1     22.37   -999.0     697  -999  -999.00   -999.00   -999.00  -999      .0     699     5   3   0   0    31.7686   -75.7165     2292  -999.00   -999.00     -999.00
0477   238.1   911.8     22.35   -999.0     690  -999  -999.00   -999.00   -999.00  -999      .0     692     5   3   0   0    31.7687   -75.7167     2271  -999.00   -999.00     -999.00
0478   238.6   912.5     22.33   -999.0     684  -999  -999.00   -999.00   -999.00  -999      .0     686     5   3   0   0    31.7687   -75.7169     2250  -999.00   -999.00     -999.00
0479   239.1   913.2     22.31   -999.0     677  -999  -999.00   -999.00   -999.00  -999      .0     679     5   3   0   0    31.7688   -75.7170     2229  -999.00   -999.00     -999.00
0480   239.6   913.8     22.30   -999.0     671  -999  -999.00   -999.00   -999.00  -999      .0     673     5   3   0   0    31.7689   -75.7172     2208  -999.00   -999.00     -999.00
0481   240.1   914.5     22.29   -999.0     664  -999  -999.00   -999.00   -999.00  -999      .0     666     5   3   0   0    31.7690   -75.7174     2187  -999.00   -999.00     -999.00
0482   240.6   915.2     22.28   -999.0     658  -999  -999.00   -999.00   -999.00  -999      .0     660     5   3   0   0    31.7690   -75.7176     2166  -999.00   -999.00     -999.00
0483   241.1   915.9     22.27   -999.0     651  -999  -999.00   -999.00   -999.00  -999      .0     654     5   3   0   0    31.7691   -75.7177     2144  -999.00   -999.00     -999.00
0484   241.6   916.5     22.27   -999.0     645  -999  -999.00   -999.00   -999.00  -999      .0     647     5   3   0   0    31.7692   -75.7179     2123  -999.00   -999.00     -999.00
0485   242.1   917.2     22.26   -999.0     639  -999  -999.00   -999.00   -999.00  -999      .0     641     5   3   0   0    31.7693   -75.7181     2102  -999.00   -999.00     -999.00
0486   242.6   917.9     22.26   -999.0     632  -999  -999.00   -999.00   -999.00  -999      .0     634     5   3   0   0    31.7694   -75.7183     2081  -999.00   -999.00     -999.00
0487   243.1   918.6     22.25   -999.0     626  -999  -999.00   -999.00   -999.00  -999      .0     628     5   3   0   0    31.7694   -75.7184     2060  -999.00   -999.00     -999.00
0488   243.6   919.2     22.24   -999.0     619  -999  -999.00   -999.00   -999.00  -999      .0     621     5   3   0   0    31.7695   -75.7186     2039  -999.00   -999.00     -999.00
0489   244.1   919.9     22.23   -999.0     613  -999  -999.00   -999.00   -999.00  -999      .0     615     5   3   0   0    31.7696   -75.7188     2018  -999.00   -999.00     -999.00
0490   244.6   920.6     22.22   -999.0     606  -999  -999.00   -999.00   -999.00  -999      .0     609     5   3   0   0    31.7697   -75.7190     1997  -999.00   -999.00     -999.00
0491   245.1   921.3     22.22   -999.0     600  -999  -999.00   -999.00   -999.00  -999      .0     602     5   3   0   0    31.7697   -75.7191     1976  -999.00   -999.00     -999.00
0492   245.6   921.9     22.21   -999.0     594  -999  -999.00   -999.00   -999.00  -999      .0     596     5   3   0   0    31.7698   -75.7193     1955  -999.00   -999.00     -999.00
0493   246.1   922.6     22.20   -999.0     587  -999  -999.00   -999.00   -999.00  -999      .0     589     5   3   0   0    31.7699   -75.7195     1934  -999.00   -999.00     -999.00
0494   246.6   923.3     22.19   -999.0     581  -999  -999.00   -999.00   -999.00  -999      .0     583     5   3   0   0    31.7700   -75.7197     1913  -999.00   -999.00     -999.00
0495   247.1   924.0     22.18   -999.0     574  -999  -999.00   -999.00   -999.00  -999      .0     577     5   3   0   0    31.7700   -75.7198     1892  -999.00   -999.00     -999.00
0496   247.6   924.7     22.17   -999.0     568  -999  -999.00   -999.00   -999.00  -999      .0     570     5   3   0   0    31.7701   -75.7200     1871  -999.00   -999.00     -999.00
0497   248.1   925.3     22.16   -999.0     562  -999  -999.00   -999.00   -999.00  -999      .0     564     5   3   0   0    31.7702   -75.7202     1850  -999.00   -999.00     -999.00
0498   248.6   926.0     22.16   -999.0     555  -999  -999.00   -999.00   -999.00  -999      .0     557     5   3   0   0    31.7703   -75.7204     1829  -999.00   -999.00     -999.00
0499   249.1   926.7     22.15   -999.0     549  -999  -999.00   -999.00   -999.00  -999      .0     551     5   3   0   0    31.7703   -75.7205     1808  -999.00   -999.00     -999.00
0500   249.6   927.4     22.14   -999.0     543  -999  -999.00   -999.00   -999.00  -999      .0     545     5   3   0   0    31.7704   -75.7207     1787  -999.00   -999.00     -999.00
0501   250.1   928.1     22.13   -999.0     536  -999  -999.00   -999.00   -999.00  -999      .0     538     5   3   0   0    31.7705   -75.7209     1766  -999.00   -999.00     -999.00
0502   250.6   928.7     22.12   -999.0     530  -999  -999.00   -999.00   -999.00  -999      .0     532     5   3   0   0    31.7706   -75.7211     1745  -999.00   -999.00     -999.00
0503   251.1   929.4     22.11   -999.0     523  -999  -999.00   -999.00   -999.00  -999      .0     526     5   0   0   0    31.7706   -75.7212     1724  -999.00   -999.00     -999.00
