 ===========================================================================
 DROPWINDSONDE PROCESSING RECORD                            Sonde: 985035194
 PDS file written Dec 10, 1999.                             Format:    V4.03
 Aircraft: AFRES C-130                       Date: 990826   Time: 153508 UTC
 ---------------------------------------------------------------------------
 Bias corrections:  PR =    .0 mb  TE =    .0 C  RH =   5.0 %  PRB =   .0 mb
 Filters (LPF):     PTH =   5 s    WIND =   5 s       Hyd anchor =       SFC
 Dyn RH correction =  N     WSHR COR =      Y         Splash PR  = 1004.9 mb
 Estimated PR used =  N     GPS VERR =    .43 m/s     HYD SFCP   = 1003.4 mb
 Dyn T correction  =  Y     WGACORR  =     .7 m       AC GA ADJ  =     .0 m
 ---------------------------------------------------------------------------
 COMMENTS: Dennis eyewall.                                             
 ===========================================================================

 ==============================================================================
 Date: 990826   Lat:  24.56 N   TA:   16.5 C   PS:  842.0 mb   WD:   131 deg
 Time: 153508   Lon:  73.41 W   TD:   16.4 C   GA:   1521 m    WS:  25.0 m/s
 SID:  985035194                RH:   99.4 %   Navaid:   GP          
 ===========================================================================

IX      t (s)  P (mb)    T (C)    RH (%)  Z (m)   WD    WS (m/s)   U (m/s)   V (m/s)  NS  WZ (m/s)  ZW (m)   FP  FT  FH  FW   LAT (N)    LON (E)  ZW (ft)  WS (kt)  WS (mph)  THETAE (K)
0001      .2   842.8     16.55     99.3    1536   131    25.05    -18.94     16.39  -999  -999.0    1537     3   3   4   4    24.5601   -73.4101     5041    48.59     56.11      346.55
0002      .7   843.5     16.61     99.2    1528   130    25.25    -19.24     16.34  -999  -999.0    1529     3   3   4   4    24.5601   -73.4102     5016    48.98     56.55      346.63
0003     1.2   844.3     16.67     99.1    1520   130    25.30    -19.32     16.33  -999  -999.0    1521     3   3   4   4    24.5602   -73.4103     4991    49.07     56.66      346.68
0004     1.7   845.0     16.73     99.0    1513   130    25.34    -19.39     16.32  -999  -999.0    1513     3   3   4   4    24.5603   -73.4104     4965    49.17     56.77      346.74
0005     2.2   845.8     16.78     98.9    1505   130    25.39    -19.46     16.31  -999  -999.0    1506     3   3   4   4    24.5604   -73.4105     4940    49.26     56.88      346.79
0006     2.7   846.6     16.84     98.8    1497   130    25.44    -19.54     16.30  -999  -999.0    1498     3   3   4   4    24.5604   -73.4106     4915    49.36     56.99      346.83
0007     3.2   847.3     16.89     98.6    1490   130    25.49    -19.61     16.29  -999  -999.0    1490     3   3   4   4    24.5605   -73.4107     4889    49.45     57.10      346.88
0008     3.7   848.1     16.95     98.5    1482   130    25.54    -19.68     16.28  -999  -999.0    1483     3   3   4   4    24.5606   -73.4108     4864    49.55     57.21      346.93
0009     4.2   848.8     17.01     98.4    1474   129    25.59    -19.75     16.27  -999  -999.0    1475     3   3   4   4    24.5607   -73.4109     4839    49.64     57.32      346.98
0010     4.7   849.6     17.06     98.3    1467   129    25.64    -19.83     16.26  -999  -999.0    1467     3   3   4   4    24.5607   -73.4110     4814    49.74     57.43      347.03
0011     5.2   850.4     17.12     98.2    1459   129    25.69    -19.90     16.24  -999  -999.0    1460     3   3   4   4    24.5608   -73.4111     4789    49.83     57.54      347.08
0012     5.7   851.1     17.18     98.1    1451   129    25.74    -19.97     16.23  -999  -999.0    1452     3   3   4   4    24.5609   -73.4112     4764    49.93     57.65      347.13
0013     6.2   851.9     17.23     98.0    1444   129    25.79    -20.04     16.22  -999  -999.0    1444     3   3   4   4    24.5610   -73.4113     4738    50.03     57.76      347.18
0014     6.7   852.7     17.29     97.9    1436   129    25.84    -20.12     16.21  -999  -999.0    1437     3   3   4   4    24.5610   -73.4114     4713    50.12     57.87      347.23
0015     7.2   853.4     17.34     97.8    1428   129    25.89    -20.19     16.20  -999  -999.0    1429     3   3   4   4    24.5611   -73.4115     4688    50.22     57.98      347.28
0016     7.7   854.2     17.40     97.7    1421   129    25.94    -20.26     16.19  -999  -999.0    1421     3   3   4   4    24.5612   -73.4116     4663    50.32     58.10      347.32
0017     8.2   854.9     17.45     97.6    1413   129    25.99    -20.34     16.18  -999  -999.0    1414     3   3   4   4    24.5612   -73.4117     4638    50.41     58.21      347.37
0018     8.7   855.7     17.51     97.5    1405   128    26.04    -20.41     16.17  -999  -999.0    1406     3   3   4   4    24.5613   -73.4118     4613    50.51     58.32      347.42
0019     9.2   856.5     17.56     97.4    1398   128    26.09    -20.48     16.16  -999  -999.0    1398     3   3   4   4    24.5614   -73.4119     4588    50.61     58.43      347.46
0020     9.7   857.2     17.62     97.3    1390   128    26.14    -20.55     16.15  -999  -999.0    1391     3   3   4   4    24.5615   -73.4120     4563    50.70     58.55      347.50
0021    10.2   858.0     17.67     97.2    1382   128    26.19    -20.63     16.13  -999  -999.0    1383     3   3   4   4    24.5615   -73.4121     4538    50.80     58.66      347.55
0022    10.7   858.7     17.73     97.1    1375   128    26.24    -20.70     16.12  -999  -999.0    1375     3   3   4   4    24.5616   -73.4122     4513    50.90     58.77      347.59
0023    11.2   859.5     17.78     97.0    1367   128    26.29    -20.77     16.11  -999  -999.0    1368     3   3   4   4    24.5617   -73.4123     4488    51.00     58.89      347.64
0024    11.7   860.3     17.84     96.9    1360   128    26.34    -20.85     16.10  -999  -999.0    1360     3   3   4   4    24.5618   -73.4124     4463    51.10     59.00      347.70
0025    12.2   861.0     17.90     96.8    1352   128    26.39    -20.92     16.09  -999  -999.0    1353     3   3   4   4    24.5618   -73.4125     4439    51.20     59.12      347.75
0026    12.7   861.8     17.95     96.7    1345   127    26.44    -20.99     16.08  -999  -999.0    1345     3   3   4   4    24.5619   -73.4126     4414    51.30     59.23      347.80
0027    13.2   862.5     18.01     96.6    1337   127    26.50    -21.07     16.07  -999  -999.0    1338     3   3   4   4    24.5620   -73.4127     4389    51.40     59.35      347.84
0028    13.7   863.3     18.06     96.5    1329   127    26.55    -21.14     16.06  -999  -999.0    1330     3   3   4   4    24.5620   -73.4128     4363    51.50     59.46      347.87
0029    14.2   864.1     18.10     96.4    1321   127    26.60    -21.21     16.05  -999  -999.0    1322     3   3   4   4    24.5621   -73.4129     4337    51.60     59.58      347.88
0030    14.7   864.9     18.14     96.3    1313   127    26.65    -21.29     16.03  -999  -999.0    1314     0   0   4   4    24.5622   -73.4130     4311    51.70     59.69      347.86
0031    15.2   865.7     18.18     96.2    1305   127    26.70    -21.36     16.02  -999  -999.0    1306     0   0   4   4    24.5623   -73.4131     4285    51.80     59.81      347.82
0032    15.7   866.5     18.21     96.1    1297   127    26.75    -21.43     16.01  -999    -2.6    1298     0   0   4   4    24.5623   -73.4132     4259    51.90     59.93      347.75
0033    16.2   867.3     18.24     95.9    1290   127    26.80    -21.50     16.00  -999    -2.5    1290     0   0   4   4    24.5624   -73.4133     4233    52.00     60.04      347.66
0034    16.7   868.1     18.27     95.7    1282   127    26.86    -21.58     15.99  -999    -2.4    1282     0   0   4   4    24.5625   -73.4134     4208    52.10     60.16      347.56
0035    17.2   868.9     18.30     95.5    1274   126    26.91    -21.65     15.98  -999    -2.2    1275     0   0   4   4    24.5626   -73.4135     4182    52.20     60.27      347.45
0036    17.7   869.6     18.34     95.2    1266   126    26.96    -21.72     15.97  -999    -2.1    1267     0   0   4   4    24.5626   -73.4136     4157    52.30     60.39      347.34
0037    18.2   870.4     18.37     95.0    1259   126    27.01    -21.79     15.96  -999    -2.0    1260     0   0   4   4    24.5627   -73.4137     4133    52.40     60.51      347.25
0038    18.7   871.1     18.41     94.8    1252   126    27.06    -21.87     15.95  -999    -1.9    1252     0   0   4   4    24.5628   -73.4139     4109    52.50     60.62      347.17
0039    19.2   871.9     18.45     94.6    1244   126    27.12    -21.94     15.94  -999    -1.9    1245     0   0   4   4    24.5628   -73.4140     4084    52.60     60.74      347.11
0040    19.7   872.6     18.49     94.4    1237   126    27.17    -22.01     15.92  -999    -1.9    1237     0   0   4   4    24.5629   -73.4141     4060    52.71     60.86      347.06
0041    20.2   873.4     18.53     94.2    1229   126    27.22    -22.08     15.91  -999    -2.0    1230     0   0   4   4    24.5630   -73.4142     4035    52.81     60.97      347.01
0042    20.7   874.2     18.58     93.9    1222   126    27.27    -22.16     15.90  -999    -2.1    1222     0   0   4   4    24.5631   -73.4143     4011    52.91     61.09      346.96
0043    21.2   874.9     18.63     93.6    1214   126    27.33    -22.23     15.89  -999    -2.2    1215     0   0   4   4    24.5631   -73.4144     3986    53.01     61.21      346.90
0044    21.7   875.7     18.69     93.3    1206   125    27.38    -22.30     15.88  -999    -2.3    1207     0   0   4   4    24.5632   -73.4145     3960    53.12     61.33      346.84
0045    22.2   876.5     18.74     93.0    1199   125    27.43    -22.38     15.87  -999    -2.4    1199     0   0   4   4    24.5633   -73.4146     3935    53.22     61.45      346.78
0046    22.7   877.3     18.80     92.8    1191   125    27.49    -22.45     15.86  -999    -2.4    1192     0   0   4   4    24.5633   -73.4147     3909    53.32     61.57      346.76
0047    23.2   878.1     18.85     92.7    1183   125    27.54    -22.52     15.85  -999    -2.4    1184     0   0   4   4    24.5634   -73.4148     3884    53.42     61.69      346.77
0048    23.7   878.9     18.89     92.7    1175   125    27.59    -22.59     15.84  -999    -2.3    1176     0   0   4   4    24.5635   -73.4149     3858    53.53     61.80      346.84
0049    24.2   879.7     18.93     92.9    1168   125    27.64    -22.67     15.83  -999    -2.2    1168     0   0   4   4    24.5636   -73.4151     3833    53.63     61.92      346.96
0050    24.7   880.4     18.95     93.3    1160   125    27.70    -22.74     15.81  -999    -2.1    1161     0   0   4   4    24.5636   -73.4152     3808    53.73     62.04      347.11
0051    25.2   881.2     18.96     93.8    1152   125    27.75    -22.81     15.80  -999    -2.0    1153     0   0   4   4    24.5637   -73.4153     3783    53.84     62.16      347.27
0052    25.7   882.0     18.97     94.3    1145   125    27.80    -22.88     15.79  -999    -1.9    1146     0   0   4   4    24.5638   -73.4154     3759    53.94     62.28      347.41
0053    26.2   882.7     18.97     94.7    1138   125    27.86    -22.96     15.78  -999    -1.8    1138     0   0   4   4    24.5638   -73.4155     3735    54.04     62.40      347.50
0054    26.7   883.5     18.98     95.0    1130   124    27.91    -23.03     15.77  -999    -1.8    1131     0   0   4   4    24.5639   -73.4156     3711    54.15     62.52      347.52
0055    27.2   884.2     18.98     95.2    1123   124    27.97    -23.10     15.76  -999    -1.8    1124     0   0   4   4    24.5640   -73.4157     3687    54.25     62.64      347.49
0056    27.7   885.0     19.00     95.2    1116   124    28.02    -23.17     15.75  -999    -1.9    1116     0   0   4   4    24.5641   -73.4159     3663    54.36     62.76      347.42
0057    28.2   885.7     19.02     95.1    1108   124    28.07    -23.25     15.74  -999    -1.9    1109     0   0   4   4    24.5641   -73.4160     3638    54.46     62.88      347.34
0058    28.7   886.5     19.05     95.0    1101   124    28.13    -23.32     15.73  -999    -2.0    1101     0   0   4   4    24.5642   -73.4161     3614    54.57     63.00      347.27
0059    29.2   887.3     19.08     94.9    1093   124    28.18    -23.39     15.72  -999    -2.1    1094     0   0   4   4    24.5643   -73.4162     3589    54.67     63.13      347.25
0060    29.7   888.1     19.12     94.9    1086   124    28.24    -23.46     15.71  -999    -2.1    1086     0   0   4   4    24.5643   -73.4163     3564    54.78     63.25      347.27
0061    30.2   888.9     19.16     95.0    1078   124    28.29    -23.54     15.69  -999    -2.1    1079     0   0   4   4    24.5644   -73.4164     3539    54.88     63.37      347.33
0062    30.7   889.6     19.20     95.1    1070   124    28.35    -23.61     15.68  -999    -2.1    1071     0   0   4   4    24.5645   -73.4165     3514    54.99     63.49      347.41
0063    31.2   890.4     19.23     95.2    1063   123    28.40    -23.68     15.67  -999    -2.1    1063     0   0   4   4    24.5646   -73.4167     3489    55.10     63.62      347.49
0064    31.7   891.2     19.26     95.4    1055   123    28.46    -23.76     15.66  -999    -2.0    1056     0   0   4   4    24.5646   -73.4168     3464    55.20     63.74      347.55
0065    32.2   892.0     19.28     95.5    1048   123    28.51    -23.83     15.65  -999    -2.0    1049     0   0   4   4    24.5647   -73.4169     3440    55.31     63.86      347.57
0066    32.7   892.7     19.31     95.5    1040   123    28.57    -23.91     15.64  -999    -2.0    1041     0   0   4   4    24.5648   -73.4170     3416    55.42     63.99      347.56
0067    33.2   893.5     19.33     95.5    1033   123    28.62    -23.98     15.63  -999    -2.1    1034     0   0   4   4    24.5648   -73.4171     3391    55.53     64.11      347.52
0068    33.7   894.3     19.35     95.5    1025   123    28.68    -24.05     15.62  -999    -2.1    1026     0   0   4   4    24.5649   -73.4173     3367    55.63     64.24      347.47
0069    34.2   895.0     19.38     95.4    1018   123    28.73    -24.12     15.61  -999    -2.2    1019     0   0   4   4    24.5650   -73.4174     3342    55.74     64.36      347.43
0070    34.7   895.8     19.41     95.4    1010   123    28.79    -24.19     15.60  -999    -2.3    1011     0   0   4   4    24.5650   -73.4175     3317    55.85     64.48      347.40
0071    35.2   896.6     19.45     95.3    1003   123    28.84    -24.27     15.59  -999    -2.3    1003     0   0   4   4    24.5651   -73.4176     3292    55.95     64.60      347.39
0072    35.7   897.4     19.49     95.2     995   123    28.90    -24.34     15.57  -999    -2.3     996     0   0   4   4    24.5652   -73.4177     3267    56.06     64.73      347.39
0073    36.2   898.2     19.54     95.1     987   123    28.95    -24.41     15.56  -999    -2.2     988     0   0   4   4    24.5653   -73.4179     3241    56.16     64.85      347.40
0074    36.7   899.0     19.58     95.0     980   122    29.00    -24.49     15.55  -999    -2.1     980     0   0   4   4    24.5653   -73.4180     3216    56.27     64.97      347.41
0075    37.2   899.8     19.62     94.9     972   122    29.06    -24.56     15.53  -999    -1.9     973     0   0   4   4    24.5654   -73.4181     3191    56.37     65.09      347.40
0076    37.7   900.6     19.67     94.8     965   122    29.11    -24.63     15.52  -999    -1.7     965     0   0   4   4    24.5655   -73.4182     3167    56.48     65.22      347.39
0077    38.2   901.3     19.70     94.7     957   122    29.17    -24.70     15.51  -999    -1.5     958     0   0   4   4    24.5655   -73.4184     3143    56.59     65.34      347.37
0078    38.7   902.1     19.74     94.6     950   122    29.23    -24.77     15.51  -999    -1.4     951     0   0   4   4    24.5656   -73.4185     3120    56.70     65.46      347.34
0079    39.2   902.8     19.76     94.6     943   122    29.28    -24.84     15.51  -999    -1.3     944     0   0   4   4    24.5657   -73.4186     3097    56.81     65.59      347.31
0080    39.7   903.5     19.78     94.6     936   122    29.34    -24.91     15.50  -999    -1.3     937     0   0   4   4    24.5658   -73.4187     3075    56.92     65.72      347.28
0081    40.2   904.2     19.80     94.6     929   122    29.39    -24.98     15.49  -999    -1.4     930     0   0   4   4    24.5658   -73.4188     3052    57.03     65.84      347.25
0082    40.7   905.0     19.82     94.7     922   122    29.45    -25.06     15.47  -999    -1.5     923     0   0   4   4    24.5659   -73.4190     3029    57.13     65.97      347.22
0083    41.2   905.7     19.83     94.8     915   122    29.51    -25.14     15.44  -999    -1.7     916     0   0   4   4    24.5660   -73.4191     3005    57.24     66.09      347.18
0084    41.7   906.5     19.84     94.8     908   121    29.56    -25.22     15.41  -999    -1.9     909     0   0   4   4    24.5660   -73.4192     2981    57.35     66.22      347.14
0085    42.2   907.3     19.85     94.9     900   121    29.61    -25.30     15.39  -999    -2.0     901     0   0   4   4    24.5661   -73.4193     2956    57.45     66.34      347.10
0086    42.7   908.1     19.86     95.0     893   121    29.67    -25.37     15.38  -999    -2.0     893     0   0   4   4    24.5662   -73.4194     2931    57.56     66.46      347.06
0087    43.2   908.9     19.87     95.1     885   121    29.73    -25.43     15.39  -999    -1.9     886     0   0   4   4    24.5662   -73.4196     2906    57.67     66.59      347.02
0088    43.7   909.7     19.87     95.3     878   121    29.80    -25.49     15.42     4    -1.8     878     0   0   4   0    24.5663   -73.4197     2882    57.80     66.74      346.98
0089    44.2   910.5     19.88     95.4     870   121    29.87    -25.56     15.46     4    -1.6     871     0   0   4   0    24.5664   -73.4198     2858    57.96     66.92      346.94
0090    44.7   911.2     19.88     95.6     863   121    29.96    -25.64     15.50     4    -1.5     864     0   0   4   0    24.5664   -73.4200     2834    58.13     67.12      346.91
0091    45.2   911.9     19.88     95.8     856   121    30.06    -25.75     15.52     4    -1.3     857     0   0   4   0    24.5665   -73.4201     2811    58.32     67.34      346.87
0092    45.7   912.7     19.88     95.9     849   121    30.17    -25.88     15.51     4    -1.1     850     0   0   4   0    24.5666   -73.4202     2789    58.54     67.59      346.82
0093    46.2   913.4     19.88     96.1     842   121    30.29    -26.03     15.48     4    -1.1     843     0   0   4   3    24.5667   -73.4203     2766    58.76     67.85      346.76
0094    46.7   914.1     19.89     96.1     836   120    30.41    -26.21     15.42     4    -1.0     836     0   0   4   3    24.5667   -73.4205     2744    58.99     68.12      346.70
0095    47.2   914.8     19.90     96.1     829   120    30.53    -26.39     15.35     4    -1.1     829     0   0   4   3    24.5668   -73.4206     2721    59.23     68.38      346.64
0096    47.7   915.6     19.92     96.1     822   120    30.64    -26.58     15.26     4    -1.1     822     0   0   4   3    24.5669   -73.4207     2698    59.45     68.64      346.58
0097    48.2   916.3     19.94     96.0     815   120    30.76    -26.76     15.16     4    -1.2     815     0   0   4   3    24.5669   -73.4209     2676    59.67     68.90      346.52
0098    48.7   917.0     19.97     95.9     808   119    30.87    -26.95     15.05     4    -1.3     808     0   0   4   3    24.5670   -73.4210     2652    59.88     69.14      346.47
0099    49.2   917.8     20.00     95.8     801   119    30.98    -27.14     14.93     4    -1.4     801     0   0   4   3    24.5671   -73.4211     2629    60.10     69.39      346.43
0100    49.7   918.5     20.03     95.7     794   118    31.10    -27.34     14.82     4    -1.5     794     0   0   4   3    24.5671   -73.4213     2606    60.33     69.66      346.39
0101    50.2   919.3     20.07     95.6     786   118    31.23    -27.54     14.71     4    -1.6     787     0   0   4   3    24.5672   -73.4214     2583    60.58     69.95      346.34
0102    50.7   920.1     20.10     95.5     779   118    31.36    -27.75     14.62     4    -1.7     780     0   0   4   3    24.5673   -73.4215     2559    60.84     70.25      346.30
0103    51.2   920.8     20.12     95.4     772   118    31.50    -27.93     14.56     4    -1.8     773     0   0   4   3    24.5673   -73.4217     2535    61.10     70.55      346.25
0104    51.7   921.6     20.15     95.4     765   117    31.61    -28.05     14.56     4    -1.9     765     0   0   4   3    24.5674   -73.4218     2511    61.32     70.80      346.21
0105    52.2   922.4     20.17     95.4     757   117    31.67    -28.10     14.60     4    -2.0     758     0   0   4   3    24.5675   -73.4220     2487    61.44     70.94      346.17
0106    52.7   923.2     20.19     95.4     750   118    31.66    -28.05     14.68     4    -2.0     751     0   0   4   0    24.5675   -73.4221     2463    61.42     70.92      346.15
0107    53.2   924.0     20.20     95.6     742   118    31.57    -27.91     14.76     4    -2.0     743     0   0   4   3    24.5676   -73.4222     2438    61.25     70.73      346.16
0108    53.7   924.8     20.22     95.8     735   118    31.42    -27.71     14.81     4    -1.9     736     0   0   4   0    24.5677   -73.4224     2414    60.95     70.37      346.18
0109    54.2   925.6     20.22     96.1     728   118    31.22    -27.49     14.79     4    -1.9     728     0   0   4   0    24.5677   -73.4225     2390    60.57     69.93      346.22
0110    54.7   926.3     20.23     96.4     720   118    31.03    -27.33     14.69     4    -1.8     721     0   0   4   0    24.5678   -73.4226     2366    60.19     69.50      346.28
0111    55.2   927.1     20.24     96.7     713   118    30.89    -27.27     14.52     4    -1.7     714     0   0   4   0    24.5679   -73.4228     2342    59.93     69.20      346.33
0112    55.7   927.9     20.24     97.0     706   118    30.86    -27.34     14.31     5    -1.7     707     0   0   4   0    24.5679   -73.4229     2319    59.87     69.13      346.38
0113    56.2   928.6     20.25     97.3     699   117    30.95    -27.55     14.11     5    -1.6     700     0   0   4   0    24.5680   -73.4230     2295    60.05     69.34      346.41
0114    56.7   929.4     20.26     97.5     692   117    31.17    -27.84     14.00     5    -1.6     693     0   0   4   0    24.5681   -73.4232     2272    60.46     69.81      346.43
0115    57.2   930.2     20.27     97.7     685   116    31.46    -28.17     14.01     5    -1.6     685     0   0   4   0    24.5681   -73.4233     2249    61.04     70.48      346.43
0116    57.7   930.9     20.28     97.8     677   116    31.80    -28.47     14.16     5    -1.6     678     0   0   4   0    24.5682   -73.4235     2225    61.68     71.22      346.43
0117    58.2   931.7     20.30     97.9     670   117    32.12    -28.70     14.42     5    -1.6     671     0   0   4   0    24.5683   -73.4236     2202    62.30     71.94      346.41
0118    58.7   932.5     20.32     97.9     663   117    32.38    -28.84     14.74     5    -1.6     664     0   0   4   0    24.5683   -73.4238     2178    62.82     72.54      346.40
0119    59.2   933.2     20.35     97.9     656   117    32.58    -28.91     15.03     4    -1.5     657     0   0   4   0    24.5684   -73.4239     2155    63.20     72.97      346.40
0120    59.7   934.0     20.38     97.9     649   118    32.70    -28.94     15.21     5    -1.5     650     0   0   4   0    24.5685   -73.4240     2131    63.43     73.24      346.40
0121    60.2   934.8     20.41     97.9     642   118    32.75    -29.00     15.22     5    -1.5     643     0   0   4   0    24.5685   -73.4242     2108    63.54     73.37      346.42
0122    60.7   935.5     20.45     97.9     635   117    32.78    -29.13     15.02     5    -1.5     636     0   0   4   0    24.5686   -73.4243     2085    63.58     73.42      346.44
0123    61.2   936.3     20.48     97.9     628   116    32.79    -29.35     14.62     5    -1.5     628     0   0   4   0    24.5687   -73.4245     2062    63.62     73.46      346.47
0124    61.7   937.0     20.51     98.0     621   115    32.84    -29.66     14.09     5    -1.5     621     0   0   4   0    24.5687   -73.4246     2039    63.71     73.56      346.50
0125    62.2   937.8     20.54     98.0     614   114    32.92    -30.03     13.50     5    -1.5     614     0   0   4   0    24.5688   -73.4248     2016    63.87     73.74      346.54
0126    62.7   938.6     20.57     98.1     606   113    33.03    -30.39     12.94     4    -1.5     607     0   0   4   0    24.5688   -73.4249     1992    64.07     73.98      346.58
0127    63.2   939.4     20.60     98.2     599   112    33.13    -30.68     12.51     5    -1.6     600     0   0   4   0    24.5689   -73.4251     1969    64.27     74.21      346.62
0128    63.7   940.1     20.62     98.3     592   112    33.18    -30.84     12.26     5    -1.6     593     0   0   4   0    24.5690   -73.4252     1945    64.38     74.33      346.65
0129    64.2   940.9     20.65     98.4     585   112    33.16    -30.83     12.20     5    -1.6     586     0   0   4   0    24.5690   -73.4254     1922    64.33     74.28      346.67
0130    64.7   941.7     20.67     98.5     578   112    33.04    -30.66     12.31     5    -1.6     579     0   0   4   0    24.5691   -73.4255     1899    64.10     74.02      346.69
0131    65.2   942.4     20.69     98.6     571   112    32.85    -30.36     12.54     6    -1.7     572     0   0   4   0    24.5691   -73.4257     1875    63.72     73.58      346.70
0132    65.7   943.2     20.72     98.6     564   113    32.60    -29.98     12.81     6    -1.8     565     0   0   4   0    24.5692   -73.4258     1852    63.25     73.03      346.71
0133    66.2   944.0     20.75     98.6     557   114    32.36    -29.62     13.02     6    -1.8     557     0   0   4   0    24.5692   -73.4260     1829    62.77     72.48      346.71
0134    66.7   944.8     20.78     98.7     549   114    32.17    -29.37     13.12     5    -1.9     550     0   0   4   0    24.5693   -73.4261     1805    62.41     72.06      346.73
0135    67.2   945.6     20.81     98.7     542   114    32.09    -29.31     13.07     5    -2.0     543     0   0   4   0    24.5694   -73.4263     1781    62.26     71.89      346.76
0136    67.7   946.4     20.85     98.7     535   114    32.17    -29.50     12.85     5    -2.0     535     0   0   4   0    24.5694   -73.4264     1757    62.41     72.06      346.80
0137    68.2   947.2     20.88     98.8     527   113    32.43    -29.93     12.49     5    -2.0     528     0   0   4   0    24.5695   -73.4266     1732    62.91     72.64      346.86
0138    68.7   948.0     20.92     98.9     520   111    32.86    -30.57     12.04     4    -2.0     521     0   0   4   0    24.5695   -73.4267     1708    63.75     73.61      346.91
0139    69.2   948.8     20.96     98.9     513   110    33.42    -31.35     11.57     5    -2.0     513     0   0   4   3    24.5696   -73.4269     1684    64.83     74.86      346.97
0140    69.7   949.6     20.99     98.9     505   109    34.03    -32.15     11.14     5    -1.9     506     0   0   4   0    24.5696   -73.4270     1660    66.01     76.22      347.02
0141    70.2   950.4     21.03     98.9     498   108    34.60    -32.87     10.79     6    -1.9     499     0   0   4   0    24.5697   -73.4272     1637    67.12     77.50      347.05
0142    70.7   951.1     21.07     98.9     491   108    35.05    -33.42     10.56     6    -1.8     492     0   0   4   0    24.5697   -73.4273     1613    68.00     78.52      347.06
0143    71.2   951.9     21.10     98.8     484   107    35.34    -33.76     10.44     6    -1.8     485     0   0   4   0    24.5698   -73.4275     1590    68.56     79.16      347.05
0144    71.7   952.7     21.14     98.8     477   107    35.45    -33.88     10.42     6    -1.8     477     0   0   4   0    24.5698   -73.4277     1566    68.77     79.41      347.04
0145    72.2   953.5     21.18     98.6     469   107    35.42    -33.84     10.49     6    -1.7     470     0   0   4   0    24.5699   -73.4278     1542    68.72     79.35      347.03
0146    72.7   954.3     21.22     98.5     462   107    35.31    -33.69     10.59     6    -1.7     463     0   0   4   0    24.5699   -73.4280     1519    68.51     79.10      347.03
0147    73.2   955.1     21.26     98.4     455   108    35.19    -33.52     10.71     6    -1.6     456     0   0   4   0    24.5700   -73.4282     1495    68.26     78.82      347.05
0148    73.7   955.9     21.31     98.3     448   108    35.09    -33.39     10.80     6    -1.6     449     0   0   4   0    24.5700   -73.4284     1472    68.07     78.60      347.07
0149    74.2   956.6     21.36     98.2     441   108    35.04    -33.32     10.84     6    -1.5     442     0   0   4   3    24.5701   -73.4285     1449    67.98     78.50      347.09
0150    74.7   957.4     21.40     98.1     434   108    35.05    -33.33     10.82     6    -1.5     435     0   0   4   0    24.5701   -73.4287     1426    67.99     78.50      347.12
0151    75.2   958.2     21.45     98.0     427   108    35.07    -33.39     10.73     6    -1.4     428     0   0   4   0    24.5702   -73.4289     1403    68.03     78.55      347.14
0152    75.7   958.9     21.50     97.9     420   108    35.07    -33.44     10.58     6    -1.4     421     0   0   4   0    24.5702   -73.4290     1381    68.04     78.57      347.15
0153    76.2   959.7     21.55     97.7     413   107    35.03    -33.46     10.38     6    -1.4     414     0   0   4   0    24.5703   -73.4292     1358    67.96     78.47      347.16
0154    76.7   960.4     21.59     97.6     406   107    34.94    -33.43     10.16     6    -1.4     407     0   0   4   0    24.5703   -73.4294     1335    67.78     78.26      347.17
0155    77.2   961.2     21.64     97.5     399   107    34.80    -33.35      9.95     6    -1.5     400     0   0   4   0    24.5703   -73.4295     1312    67.51     77.95      347.19
0156    77.7   962.0     21.69     97.4     392   106    34.65    -33.24      9.78     6    -1.5     393     0   0   4   0    24.5704   -73.4297     1289    67.23     77.62      347.22
0157    78.2   962.8     21.73     97.3     385   106    34.53    -33.15      9.69     6    -1.6     386     0   0   4   0    24.5704   -73.4299     1266    66.99     77.35      347.25
0158    78.7   963.5     21.78     97.2     378   106    34.47    -33.08      9.70     6    -1.7     379     0   0   4   0    24.5705   -73.4300     1243    66.87     77.21      347.27
0159    79.2   964.3     21.82     97.0     371   107    34.48    -33.05      9.82     6    -1.7     372     0   0   4   0    24.5705   -73.4302     1220    66.89     77.24      347.25
0160    79.7   965.1     21.87     96.7     364   107    34.55    -33.06     10.05     6    -1.8     365     0   0   4   0    24.5706   -73.4303     1196    67.03     77.40      347.20
0161    80.2   965.9     21.92     96.4     357   107    34.65    -33.06     10.35     6    -1.9     357     0   0   4   0    24.5706   -73.4305     1173    67.21     77.61      347.10
0162    80.7   966.7     21.98     96.0     349   108    34.71    -33.03     10.67     6    -2.0     350     0   0   4   0    24.5707   -73.4307     1149    67.35     77.76      347.00
0163    81.2   967.5     22.03     95.6     342   108    34.70    -32.93     10.97     6    -2.1     343     0   0   4   0    24.5707   -73.4308     1125    67.32     77.73      346.91
0164    81.7   968.3     22.09     95.3     335   109    34.58    -32.72     11.16     6    -2.1     336     0   0   4   0    24.5708   -73.4310     1101    67.08     77.45      346.88
0165    82.2   969.1     22.15     95.2     327   109    34.32    -32.43     11.22     6    -2.2     328     0   0   4   0    24.5708   -73.4311     1077    66.58     76.88      346.93
0166    82.7   970.0     22.20     95.3     320   109    33.96    -32.09     11.13     6    -2.3     321     0   0   4   0    24.5709   -73.4313     1053    65.89     76.08      347.07
0167    83.2   970.8     22.25     95.5     313   109    33.56    -31.74     10.89     6    -2.3     313     0   0   4   0    24.5709   -73.4315     1029    65.10     75.17      347.27
0168    83.7   971.6     22.29     95.8     305   109    33.19    -31.46     10.55     6    -2.4     306     0   0   4   0    24.5710   -73.4316     1004    64.38     74.34      347.51
0169    84.2   972.4     22.33     96.2     298   108    32.92    -31.31     10.17     6    -2.4     299     0   0   4   0    24.5710   -73.4318      980    63.87     73.75      347.73
0170    84.7   973.3     22.37     96.4     290   107    32.82    -31.32      9.81     6    -2.5     291     0   0   4   0    24.5710   -73.4319      955    63.67     73.52      347.88
0171    85.2   974.1     22.40     96.5     283   107    32.88    -31.48      9.50     6    -2.5     284     0   0   4   0    24.5711   -73.4321      931    63.79     73.66      347.95
0172    85.7   974.9     22.43     96.5     275   106    33.07    -31.74      9.27     6    -2.6     276     0   0   4   0    24.5711   -73.4322      906    64.15     74.07      347.95
0173    86.2   975.8     22.47     96.4     268   106    33.30    -32.03      9.09     6    -2.6     269     0   0   4   0    24.5712   -73.4324      881    64.59     74.58      347.92
0174    86.7   976.6     22.50     96.4     260   105    33.47    -32.26      8.93     6    -2.6     261     0   0   4   0    24.5712   -73.4325      857    64.93     74.97      347.91
0175    87.2   977.5     22.54     96.5     253   105    33.51    -32.35      8.73     6    -2.6     254     0   0   4   0    24.5713   -73.4327      832    65.01     75.06      347.99
0176    87.7   978.3     22.57     96.8     245   105    33.38    -32.29      8.47     6    -2.5     246     0   0   4   0    24.5713   -73.4329      807    64.76     74.78      348.18
0177    88.2   979.1     22.61     97.3     238   104    33.11    -32.09      8.15     6    -2.4     238     0   0   4   0    24.5713   -73.4330      782    64.23     74.16      348.50
0178    88.7   980.0     22.65     98.1     230   104    32.74    -31.80      7.79     5    -2.2     231     0   0   4   0    24.5714   -73.4332      758    63.52     73.34      348.91
0179    89.2   980.8     22.68     98.8     223   103    32.38    -31.51      7.44     5    -2.0     224     0   0   4   0    24.5714   -73.4333      734    62.82     72.53      349.35
0180    89.7   981.6     22.72     99.5     216   103    32.11    -31.31      7.13     5    -1.7     217     0   0   4   0    24.5714   -73.4335      710    62.29     71.92      349.77
0181    90.2   982.4     22.75    100.0     209   102    31.99    -31.23      6.90     4    -1.5     209     0   0   4   0    24.5715   -73.4336      687    62.05     71.65      350.04
0182    90.7   983.2     22.78    100.0     202   102    32.03    -31.31      6.76     5    -1.3     203     0   0   4   0    24.5715   -73.4338      665    62.13     71.74      350.06
0183    91.2   983.9     22.81    100.0     195   102    32.20    -31.49      6.71     5    -1.1     196     0   0   4   0    24.5715   -73.4340      643    62.46     72.12      350.07
0184    91.7   984.7     22.84    100.0     189   102    32.41    -31.71      6.69     5    -1.0     189     0   0   4   0    24.5716   -73.4341      621    62.88     72.60      350.06
0185    92.2   985.4     22.86     99.9     182   102    32.58    -31.88      6.69     5    -1.0     183     0   0   4   0    24.5716   -73.4343      600    63.20     72.97      349.98
0186    92.7   986.1     22.88     99.5     176   102    32.60    -31.91      6.66     5    -1.0     176     0   0   4   0    24.5716   -73.4344      579    63.24     73.02      349.75
0187    93.2   986.9     22.90     99.1     169   102    32.43    -31.76      6.59     5    -1.1     170     0   0   4   0    24.5716   -73.4346      557    62.92     72.65      349.54
0188    93.7   987.6     22.93     98.9     162   102    32.09    -31.43      6.47     5    -1.3     163     0   0   4   0    24.5717   -73.4347      535    62.26     71.88      349.39
0189    94.2   988.4     22.96     98.7     155   102    31.64    -31.00      6.34     5    -1.4     156     0   0   4   0    24.5717   -73.4349      512    61.39     70.88      349.30
0190    94.7   989.2     23.00     98.6     148   102    31.19    -30.56      6.24     5    -1.6     149     0   0   4   0    24.5717   -73.4351      489    60.51     69.86      349.30
0191    95.2   990.0     23.05     98.6     141   102    30.83    -30.21      6.17     5    -1.6     142     0   0   4   0    24.5718   -73.4352      465    59.81     69.06      349.37
0192    95.7   990.8     23.10     98.6     134   102    30.65    -30.03      6.14     5    -1.6     135     0   0   4   0    24.5718   -73.4353      442    59.46     68.65      349.50
0193    96.2   991.6     23.15     98.7     127   102    30.66    -30.04      6.13     5    -1.5     128     0   0   4   0    24.5718   -73.4355      419    59.48     68.67      349.66
0194    96.7   992.4     23.21     98.8     120   101    30.83    -30.21      6.13     5    -1.3     121     0   0   4   0    24.5718   -73.4356      396    59.81     69.05      349.84
0195    97.2   993.2     23.26     98.8     113   101    31.08    -30.48      6.12     5    -1.2     114     0   0   4   0    24.5719   -73.4358      374    60.30     69.63      350.00
0196    97.7   993.9     23.32     98.8     106   101    31.34    -30.74      6.08     5    -1.0     107     0   0   4   0    24.5719   -73.4360      352    60.80     70.20      350.11
0197    98.2   994.7     23.37     98.7     100   101    31.50    -30.92      6.05     5     -.9     101     0   0   4   0    24.5719   -73.4361      330    61.12     70.57      350.15
0198    98.7   995.4     23.43     98.4      93   101    31.52    -30.93      6.04     5     -.8      94     0   0   4   0    24.5719   -73.4363      309    61.14     70.60      350.15
0199    99.2   996.1     23.48     98.1      87   101    31.35    -30.77      6.04     5     -.8      88     0   0   4   0    24.5720   -73.4364      288    60.83     70.24      350.10
0200    99.7   996.9     23.54     97.7      80   101    31.05    -30.45      6.08     5     -.9      81     0   0   4   0    24.5720   -73.4366      266    60.23     69.55      350.04
0201   100.2   997.6     23.61     97.3      74   102    30.65    -30.03      6.13     5    -1.0      75     0   0   4   0    24.5720   -73.4367      245    59.47     68.67      349.97
0202   100.7   998.4     23.67     96.8      67   102    30.24    -29.60      6.19     4    -1.1      68     0   0   4   0    24.5721   -73.4369      223    58.67     67.74      349.90
0203   101.2   999.1     23.73     96.5      61   102    29.90    -29.24      6.26     5    -1.4      61     0   0   4   0    24.5721   -73.4370      201    58.00     66.97      349.84
0204   101.7   999.9     23.78     96.1      54   102    29.69    -29.01      6.35     5    -1.6      54     0   0   4   0    24.5721   -73.4371      179    57.60     66.51      349.77
0205   102.2  1000.7     23.84     95.8      47   103    29.67    -28.94      6.53     4    -2.0      47     0   0   4   0    24.5721   -73.4373      156    57.55     66.45      349.72
0206   102.7  1001.5     23.89     95.6      40   103    29.77    -28.96      6.91     5    -2.1      40     0   0   4   0    24.5722   -73.4374      132    57.76     66.69      349.68
0207   103.2  1002.4     23.94     95.5      32   105    29.89    -28.93      7.53     5    -2.2      33     0   0   4   0    24.5722   -73.4376      108    57.99     66.96      349.74
0208   103.7  1003.2     23.99     95.7      25   106    29.81    -28.70      8.08     5    -2.4      25     0   0   4   0    24.5722   -73.4377       83    57.83     66.78      349.97
0209   104.2  1004.1     24.07     96.7      17   106    29.30    -28.11      8.29     5    -2.5      17     0   0   4   0    24.5723   -73.4379       57    56.85     65.64      350.75
0210   104.7  1004.9     24.16     97.5      10   107    28.10    -26.90      8.12     5    -2.6      10     0   0   4   0    24.5723   -73.4380       34    54.51     62.94      351.52
