 ===========================================================================
 DROPWINDSONDE PROCESSING RECORD                            Sonde: 201521083
 FRD file written by Aspen V3.4.4, 06 Oct 2020 00:23 UTC
 Aircraft: WP-3D, N43RF                      Date: 201005   Time: 194006 UTC
 ---------------------------------------------------------------------------
 Bias corrections:  PR =   0.0 mb  TE =   0.0 C  RH =   0.0 %  PRB =  0.0 mb
 Filters (LPF):     PTH = 
 Dyn RH correction = 
 Estimated PR used = 
 Dyn T correction  = 
 ---------------------------------------------------------------------------
 COMMENT: DROP 6, Good Drop
 ===========================================================================

 ===========================================================================
 Date: 201005   Lat:  16.13 N   TA:   22.6 C   PS:  841.6 mb   WD:     2 deg
 Time: 194006   Lon:  79.25 W   TD: -999.0 C   GA:   1391 m    WS:   4.4 m/s
 SID:  201521083                RH: -999.0 %   Navaid:   GP
 ===========================================================================

IX      t (s)  P (mb)    T (C)    RH (%)  Z (m)   WD    WS (m/s)   U (m/s)   V (m/s)  NS  WZ (m/s)  ZW (m)   FP  FT  FH  FW    LAT (N)   LON (E)
0001    0.00  -999.0   -999.00     65.7    -999  -999  -999.00   -999.00   -999.00     5  -999.0    -999     0   0   0   0      16.131   -79.240
0002    0.25  -999.0   -999.00   -999.0    -999  -999  -999.00   -999.00   -999.00     5  -999.0    -999     0   0   0   0    -999.000  -999.000
0003    0.50  -999.0   -999.00     66.2    -999  -999  -999.00   -999.00   -999.00     7  -999.0    -999     0   0   0   0      16.131   -79.241
0004    0.75  -999.0   -999.00   -999.0    -999  -999  -999.00   -999.00   -999.00     9  -999.0    -999     0   0   0   0    -999.000  -999.000
0005    1.00  -999.0   -999.00     66.4    -999  -999  -999.00   -999.00   -999.00     8  -999.0    -999     0   0   0   0      16.131   -79.241
0006    1.25  -999.0   -999.00   -999.0    -999  -999  -999.00   -999.00   -999.00     9  -999.0    -999     0   0   0   0    -999.000  -999.000
0007    1.50  -999.0   -999.00     66.7    -999  -999  -999.00   -999.00   -999.00     9  -999.0    -999     0   0   0   0      16.131   -79.241
0008    1.75  -999.0   -999.00   -999.0    -999  -999  -999.00   -999.00   -999.00     9  -999.0    -999     0   0   0   0    -999.000  -999.000
0009    2.00  -999.0   -999.00     67.0    -999  -999  -999.00   -999.00   -999.00     9  -999.0    -999     0   0   0   0      16.131   -79.241
0010    2.25  -999.0   -999.00   -999.0    -999  -999  -999.00   -999.00   -999.00     9  -999.0    -999     0   0   0   0    -999.000  -999.000
0011    2.50   847.3     22.91     67.3    1320  -999  -999.00   -999.00   -999.00    10    -6.1    1320     0   0   0   0    -999.000  -999.000
0012    2.75  -999.0   -999.00   -999.0    -999  -999  -999.00   -999.00   -999.00     3  -999.0    -999     0   0   0   0    -999.000  -999.000
0013    3.00  -999.0     22.92     67.7    -999  -999  -999.00   -999.00   -999.00    10  -999.0    -999     0   0   0   0      16.131   -79.241
0014    3.25  -999.0   -999.00   -999.0    -999  -999  -999.00   -999.00   -999.00    10  -999.0    -999     0   0   0   0    -999.000  -999.000
0015    3.50   848.8     22.91     68.1    1303  -999  -999.00   -999.00   -999.00     8    -6.3    1303     0   0   0   0      16.131   -79.241
0016    3.75  -999.0   -999.00   -999.0    -999  -999  -999.00   -999.00   -999.00     7  -999.0    -999     0   0   0   0    -999.000  -999.000
0017    4.00  -999.0   -999.00   -999.0    -999  -999  -999.00   -999.00   -999.00     0  -999.0    -999     0   0   0   0    -999.000  -999.000
0018    4.25  -999.0   -999.00   -999.0    -999  -999  -999.00   -999.00   -999.00     0  -999.0    -999     0   0   0   0    -999.000  -999.000
0019    4.50   850.4     22.88     69.2    1287  -999  -999.00   -999.00   -999.00    11    -6.6    1287     0   0   0   0    -999.000  -999.000
0020    4.75  -999.0   -999.00   -999.0    -999  -999  -999.00   -999.00   -999.00    10  -999.0    -999     0   0   0   0    -999.000  -999.000
0021    5.00  -999.0     22.85     69.7    -999  -999  -999.00   -999.00   -999.00     9  -999.0    -999     0   0   0   0      16.131   -79.240
0022    5.25  -999.0   -999.00   -999.0    -999  -999  -999.00   -999.00   -999.00     8  -999.0    -999     0   0   0   0    -999.000  -999.000
0023    5.50   852.0     22.82     70.4    1271  -999  -999.00   -999.00   -999.00     9    -6.9    1271     0   0   0   0      16.131   -79.240
0024    5.75  -999.0   -999.00   -999.0    -999  -999  -999.00   -999.00   -999.00     9  -999.0    -999     0   0   0   0    -999.000  -999.000
0025    6.00   852.9     22.78     71.0    1262  -999  -999.00   -999.00   -999.00    10    -7.0    1262     0   0   0   0      16.131   -79.240
0026    6.25  -999.0   -999.00   -999.0    -999  -999  -999.00   -999.00   -999.00     9  -999.0    -999     0   0   0   0    -999.000  -999.000
0027    6.50   853.8     22.75     71.6    1252  -999  -999.00   -999.00   -999.00     8    -7.1    1252     0   0   0   0      16.131   -79.240
0028    6.75  -999.0   -999.00   -999.0    -999  -999  -999.00   -999.00   -999.00     9  -999.0    -999     0   0   0   0    -999.000  -999.000
0029    7.00  -999.0   -999.00   -999.0    -999  -999  -999.00   -999.00   -999.00     0  -999.0    -999     0   0   0   0    -999.000  -999.000
0030    7.25  -999.0   -999.00   -999.0    -999  -999  -999.00   -999.00   -999.00     0  -999.0    -999     0   0   0   0    -999.000  -999.000
0031    7.50  -999.0   -999.00   -999.0    -999  -999  -999.00   -999.00   -999.00     0  -999.0    -999     0   0   0   0    -999.000  -999.000
0032    7.75  -999.0   -999.00   -999.0    -999  -999  -999.00   -999.00   -999.00     0  -999.0    -999     0   0   0   0    -999.000  -999.000
0033    8.00   856.6     22.66     73.1    1224  -999  -999.00   -999.00   -999.00     9    -6.0    1224     0   0   0   0      16.131   -79.240
0034    8.25  -999.0   -999.00   -999.0    -999  -999  -999.00   -999.00   -999.00    11  -999.0    -999     0   0   0   0    -999.000  -999.000
0035    8.50   857.4     22.63     73.5    1216  -999  -999.00   -999.00   -999.00    10    -5.3    1216     0   0   0   0      16.131   -79.240
0036    8.75  -999.0   -999.00   -999.0    -999  -999  -999.00   -999.00   -999.00    13  -999.0    -999     0   0   0   0    -999.000  -999.000
0037    9.00   858.2     22.61     73.8    1208  -999  -999.00   -999.00   -999.00    11    -4.5    1208     0   0   0   0      16.131   -79.240
0038    9.25  -999.0   -999.00   -999.0    -999  -999  -999.00   -999.00   -999.00    10  -999.0    -999     0   0   0   0    -999.000  -999.000
0039    9.50   858.9     22.59     74.1    1200  -999  -999.00   -999.00   -999.00    12    -3.6    1200     0   0   0   0      16.131   -79.240
0040    9.75  -999.0   -999.00   -999.0    -999  -999  -999.00   -999.00   -999.00    13  -999.0    -999     0   0   0   0    -999.000  -999.000
0041   10.00   859.6     22.58     74.4    1194  -999  -999.00   -999.00   -999.00    12    -2.7    1194     0   0   0   0      16.131   -79.240
0042   10.25  -999.0   -999.00   -999.0    -999  -999  -999.00   -999.00   -999.00    10  -999.0    -999     0   0   0   0    -999.000  -999.000
0043   10.50   860.2     22.58     74.5    1188  -999  -999.00   -999.00   -999.00    13    -1.9    1188     0   0   0   0      16.131   -79.240
0044   10.75  -999.0   -999.00   -999.0    -999  -999  -999.00   -999.00   -999.00    10  -999.0    -999     0   0   0   0    -999.000  -999.000
0045   11.00   860.7     22.58     74.6    1182  -999  -999.00   -999.00   -999.00    12    -1.1    1182     0   0   0   0      16.131   -79.240
0046   11.25  -999.0   -999.00   -999.0    -999  -999  -999.00   -999.00   -999.00    12  -999.0    -999     0   0   0   0    -999.000  -999.000
0047   11.50   861.3     22.58     74.7    1177  -999  -999.00   -999.00   -999.00    13    -0.5    1177     0   0   0   0      16.131   -79.240
0048   11.75  -999.0   -999.00   -999.0    -999  -999  -999.00   -999.00   -999.00    11  -999.0    -999     0   0   0   0    -999.000  -999.000
0049   12.00   861.8     22.59     74.8    1171  -999  -999.00   -999.00   -999.00    10     0.0    1171     0   0   0   0      16.131   -79.240
0050   12.25  -999.0   -999.00   -999.0    -999  -999  -999.00   -999.00   -999.00    12  -999.0    -999     0   0   0   0    -999.000  -999.000
0051   12.50   862.2     22.61     74.9    1167  -999  -999.00   -999.00   -999.00    12     0.4    1167     0   0   0   0      16.131   -79.240
0052   12.75  -999.0   -999.00   -999.0    -999  -999  -999.00   -999.00   -999.00    12  -999.0    -999     0   0   0   0    -999.000  -999.000
0053   13.00   862.7     22.62     74.9    1162  -999  -999.00   -999.00   -999.00    13     0.7    1162     0   0   0   0      16.131   -79.240
0054   13.25  -999.0   -999.00   -999.0    -999  -999  -999.00   -999.00   -999.00    11  -999.0    -999     0   0   0   0    -999.000  -999.000
0055   13.50   863.2     22.63     75.0    1157  -999  -999.00   -999.00   -999.00    11     0.8    1157     0   0   0   0      16.131   -79.240
0056   13.75  -999.0   -999.00   -999.0    -999  -999  -999.00   -999.00   -999.00    11  -999.0    -999     0   0   0   0    -999.000  -999.000
0057   14.00   863.7     22.65     75.1    1152  -999  -999.00   -999.00   -999.00    11     0.9    1152     0   0   0   0      16.131   -79.240
0058   14.25  -999.0   -999.00   -999.0    -999  -999  -999.00   -999.00   -999.00    11  -999.0    -999     0   0   0   0    -999.000  -999.000
0059   14.50   864.2     22.66     75.2    1147  -999  -999.00   -999.00   -999.00    11     0.9    1147     0   0   0   0      16.131   -79.240
0060   14.75  -999.0   -999.00   -999.0    -999  -999  -999.00   -999.00   -999.00    12  -999.0    -999     0   0   0   0    -999.000  -999.000
0061   15.00   864.7     22.67     75.3    1142  -999  -999.00   -999.00   -999.00    12     0.9    1142     0   0   0   0      16.131   -79.240
0062   15.25  -999.0   -999.00   -999.0    -999  -999  -999.00   -999.00   -999.00    12  -999.0    -999     0   0   0   0    -999.000  -999.000
0063   15.50   865.2     22.68     75.4    1137  -999  -999.00   -999.00   -999.00    12     0.8    1137     0   0   0   0      16.131   -79.240
0064   15.75  -999.0   -999.00   -999.0    -999  -999  -999.00   -999.00   -999.00    10  -999.0    -999     0   0   0   0    -999.000  -999.000
0065   16.00   865.6     22.70     75.5    1132  -999  -999.00   -999.00   -999.00    12     0.7    1132     0   0   0   0      16.131   -79.240
0066   16.25  -999.0   -999.00   -999.0    -999  -999  -999.00   -999.00   -999.00    12  -999.0    -999     0   0   0   0    -999.000  -999.000
0067   16.50   866.1     22.71     75.6    1127  -999  -999.00   -999.00   -999.00    12     0.7    1127     0   0   0   0      16.131   -79.240
0068   16.75  -999.0   -999.00   -999.0    -999  -999  -999.00   -999.00   -999.00    12  -999.0    -999     0   0   0   0    -999.000  -999.000
0069   17.00   866.6     22.73     75.6    1122  -999  -999.00   -999.00   -999.00    12     0.6    1122     0   0   0   0      16.131   -79.240
0070   17.25  -999.0   -999.00   -999.0    -999  -999  -999.00   -999.00   -999.00    12  -999.0    -999     0   0   0   0    -999.000  -999.000
0071   17.50   867.1     22.76     75.6    1117    94     0.52     -0.52      0.04    12     0.5    1117     0   0   0   0      16.131   -79.240
0072   17.75  -999.0   -999.00   -999.0    -999  -999  -999.00   -999.00   -999.00    12  -999.0    -999     0   0   0   0    -999.000  -999.000
0073   18.00   867.6     22.79     75.6    1112  -999  -999.00   -999.00   -999.00    11     0.5    1112     0   0   0   0      16.131   -79.240
0074   18.25  -999.0   -999.00   -999.0    -999  -999  -999.00   -999.00   -999.00    11  -999.0    -999     0   0   0   0    -999.000  -999.000
0075   18.50   868.1     22.82     75.5    1107  -999  -999.00   -999.00   -999.00    12     0.4    1107     0   0   0   0      16.131   -79.240
0076   18.75  -999.0   -999.00   -999.0    -999  -999  -999.00   -999.00   -999.00    11  -999.0    -999     0   0   0   0    -999.000  -999.000
0077   19.00   868.7     22.85     75.5    1102  -999  -999.00   -999.00   -999.00    11     0.3    1102     0   0   0   0      16.131   -79.240
0078   19.25  -999.0   -999.00   -999.0    -999  -999  -999.00   -999.00   -999.00    12  -999.0    -999     0   0   0   0    -999.000  -999.000
0079   19.50   869.2     22.88     75.4    1097  -999  -999.00   -999.00   -999.00    11     0.3    1097     0   0   0   0      16.131   -79.240
0080   19.75  -999.0   -999.00   -999.0    -999  -999  -999.00   -999.00   -999.00    11  -999.0    -999     0   0   0   0    -999.000  -999.000
0081   20.00   869.7     22.91     75.4    1092   115     0.85     -0.77      0.37    12     0.3    1092     0   0   0   0      16.131   -79.240
0082   20.25  -999.0   -999.00   -999.0    -999  -999  -999.00   -999.00   -999.00    12  -999.0    -999     0   0   0   0    -999.000  -999.000
0083   20.50   870.2     22.94     75.3    1086   118     0.90     -0.79      0.42    12     0.2    1086     0   0   0   0      16.131   -79.240
0084   20.75  -999.0   -999.00   -999.0    -999   120     0.92     -0.80      0.45    12  -999.0    -999     0   0   0   0    -999.000  -999.000
0085   21.00   870.7     22.97     75.3    1081   121     0.93     -0.80      0.48    12     0.2    1081     0   0   0   0      16.131   -79.240
0086   21.25  -999.0   -999.00   -999.0    -999  -999  -999.00   -999.00   -999.00    12  -999.0    -999     0   0   0   0    -999.000  -999.000
0087   21.50   871.2     22.98     75.4    1076  -999  -999.00   -999.00   -999.00    12     0.2    1076     0   0   0   0      16.131   -79.240
0088   21.75  -999.0   -999.00   -999.0    -999   125     0.96     -0.78      0.56    12  -999.0    -999     0   0   0   0    -999.000  -999.000
0089   22.00   871.7     22.99     75.5    1071  -999  -999.00   -999.00   -999.00    11     0.2    1071     0   0   0   0      16.131   -79.240
0090   22.25  -999.0   -999.00   -999.0    -999  -999  -999.00   -999.00   -999.00    12  -999.0    -999     0   0   0   0    -999.000  -999.000
0091   22.50   872.2     22.99     75.7    1066   130     0.96     -0.73      0.62    11     0.2    1066     0   0   0   0      16.131   -79.240
0092   22.75  -999.0   -999.00   -999.0    -999   132     0.95     -0.70      0.64    12  -999.0    -999     0   0   0   0    -999.000  -999.000
0093   23.00   872.8     22.98     76.0    1060   134     0.94     -0.68      0.65    12     0.3    1060     0   0   0   0      16.131   -79.240
0094   23.25  -999.0   -999.00   -999.0    -999  -999  -999.00   -999.00   -999.00    12  -999.0    -999     0   0   0   0    -999.000  -999.000
0095   23.50   873.3     22.96     76.4    1055  -999  -999.00   -999.00   -999.00    12     0.3    1055     0   0   0   0      16.131   -79.240
0096   23.75  -999.0   -999.00   -999.0    -999   140     0.89     -0.57      0.68    12  -999.0    -999     0   0   0   0    -999.000  -999.000
0097   24.00   873.8     22.92     76.9    1050   142     0.87     -0.54      0.69    11     0.3    1050     0   0   0   0      16.131   -79.240
0098   24.25  -999.0   -999.00   -999.0    -999  -999  -999.00   -999.00   -999.00    11  -999.0    -999     0   0   0   0    -999.000  -999.000
0099   24.50   874.3     22.87     77.5    1045  -999  -999.00   -999.00   -999.00    11     0.3    1045     0   0   0   0      16.131   -79.240
0100   24.75  -999.0   -999.00   -999.0    -999  -999  -999.00   -999.00   -999.00    11  -999.0    -999     0   0   0   0    -999.000  -999.000
0101   25.00   874.8     22.82     78.1    1040  -999  -999.00   -999.00   -999.00    11     0.4    1040     0   0   0   0      16.131   -79.240
0102   25.25  -999.0   -999.00   -999.0    -999  -999  -999.00   -999.00   -999.00    10  -999.0    -999     0   0   0   0    -999.000  -999.000
0103   25.50   875.3     22.77     78.7    1035  -999  -999.00   -999.00   -999.00    10     0.4    1035     0   0   0   0      16.131   -79.240
0104   25.75  -999.0   -999.00   -999.0    -999  -999  -999.00   -999.00   -999.00    11  -999.0    -999     0   0   0   0    -999.000  -999.000
0105   26.00   875.8     22.72     79.3    1030  -999  -999.00   -999.00   -999.00    11     0.4    1030     0   0   0   0      16.131   -79.240
0106   26.25  -999.0   -999.00   -999.0    -999  -999  -999.00   -999.00   -999.00    11  -999.0    -999     0   0   0   0    -999.000  -999.000
0107   26.50   876.3     22.67     79.8    1025  -999  -999.00   -999.00   -999.00    12     0.4    1025     0   0   0   0      16.131   -79.240
0108   26.75  -999.0   -999.00   -999.0    -999  -999  -999.00   -999.00   -999.00    13  -999.0    -999     0   0   0   0    -999.000  -999.000
0109   27.00   876.8     22.63     80.3    1020  -999  -999.00   -999.00   -999.00    13     0.4    1020     0   0   0   0      16.131   -79.240
0110   27.25  -999.0   -999.00   -999.0    -999   190     0.63      0.10      0.62    12  -999.0    -999     0   0   0   0    -999.000  -999.000
0111   27.50   877.3     22.61     80.6    1015  -999  -999.00   -999.00   -999.00    12     0.3    1015     0   0   0   0      16.131   -79.240
0112   27.75  -999.0   -999.00   -999.0    -999  -999  -999.00   -999.00   -999.00    12  -999.0    -999     0   0   0   0    -999.000  -999.000
0113   28.00   877.9     22.59     80.9    1010  -999  -999.00   -999.00   -999.00    12     0.3    1010     0   0   0   0      16.131   -79.240
0114   28.25  -999.0   -999.00   -999.0    -999  -999  -999.00   -999.00   -999.00    12  -999.0    -999     0   0   0   0    -999.000  -999.000
0115   28.50   878.4     22.58     81.1    1005   217     0.66      0.40      0.52    12     0.3    1005     0   0   0   0      16.131   -79.240
0116   28.75  -999.0   -999.00   -999.0    -999  -999  -999.00   -999.00   -999.00    12  -999.0    -999     0   0   0   0    -999.000  -999.000
0117   29.00   878.9     22.58     81.3     999  -999  -999.00   -999.00   -999.00    12     0.3     999     0   0   0   0      16.131   -79.240
0118   29.25  -999.0   -999.00   -999.0    -999  -999  -999.00   -999.00   -999.00    12  -999.0    -999     0   0   0   0    -999.000  -999.000
0119   29.50   879.4     22.59     81.4     994   235     0.78      0.64      0.44    12     0.3     994     0   0   0   0      16.131   -79.240
0120   29.75  -999.0   -999.00   -999.0    -999   239     0.82      0.70      0.42    12  -999.0    -999     0   0   0   0    -999.000  -999.000
0121   30.00   879.9     22.60     81.5     989   242     0.86      0.76      0.40    12     0.2     989     0   0   0   0      16.131   -79.240
0122   30.25  -999.0   -999.00   -999.0    -999  -999  -999.00   -999.00   -999.00    12  -999.0    -999     0   0   0   0    -999.000  -999.000
0123   30.50   880.4     22.60     81.6     984  -999  -999.00   -999.00   -999.00    12     0.2     984     0   0   0   0      16.131   -79.240
0124   30.75  -999.0   -999.00   -999.0    -999  -999  -999.00   -999.00   -999.00    12  -999.0    -999     0   0   0   0    -999.000  -999.000
0125   31.00   880.9     22.61     81.8     979  -999  -999.00   -999.00   -999.00    12     0.2     979     0   0   0   0      16.131   -79.240
0126   31.25  -999.0   -999.00   -999.0    -999  -999  -999.00   -999.00   -999.00    11  -999.0    -999     0   0   0   0    -999.000  -999.000
0127   31.50   881.5     22.60     81.9     974  -999  -999.00   -999.00   -999.00    11     0.1     974     0   0   0   0      16.131   -79.240
0128   31.75  -999.0   -999.00   -999.0    -999  -999  -999.00   -999.00   -999.00    11  -999.0    -999     0   0   0   0    -999.000  -999.000
0129   32.00   882.0     22.60     82.1     969  -999  -999.00   -999.00   -999.00    12     0.1     969     0   0   0   0      16.131   -79.240
0130   32.25  -999.0   -999.00   -999.0    -999  -999  -999.00   -999.00   -999.00    12  -999.0    -999     0   0   0   0    -999.000  -999.000
0131   32.50   882.5     22.59     82.4     963  -999  -999.00   -999.00   -999.00    12     0.1     963     0   0   0   0      16.131   -79.240
0132   32.75  -999.0   -999.00   -999.0    -999  -999  -999.00   -999.00   -999.00    12  -999.0    -999     0   0   0   0    -999.000  -999.000
0133   33.00   883.0     22.57     82.7     958  -999  -999.00   -999.00   -999.00    12     0.0     958     0   0   0   0      16.131   -79.240
0134   33.25  -999.0   -999.00   -999.0    -999  -999  -999.00   -999.00   -999.00    12  -999.0    -999     0   0   0   0    -999.000  -999.000
0135   33.50   883.6     22.56     83.0     953  -999  -999.00   -999.00   -999.00    12     0.0     953     0   0   0   0      16.131   -79.240
0136   33.75  -999.0   -999.00   -999.0    -999  -999  -999.00   -999.00   -999.00    12  -999.0    -999     0   0   0   0    -999.000  -999.000
0137   34.00   884.1     22.54     83.5     948   265     1.41      1.41      0.13    12     0.0     948     0   0   0   0      16.131   -79.240
0138   34.25  -999.0   -999.00   -999.0    -999   265     1.43      1.42      0.12    12  -999.0    -999     0   0   0   0    -999.000  -999.000
0139   34.50   884.6     22.51     84.0     942   266     1.44      1.44      0.11    12     0.0     942     0   0   0   0      16.131   -79.240
0140   34.75  -999.0   -999.00   -999.0    -999   266     1.45      1.44      0.10    11  -999.0    -999     0   0   0   0    -999.000  -999.000
0141   35.00   885.2     22.47     84.7     937   266     1.45      1.45      0.09    12     0.0     937     0   0   0   0      16.131   -79.240
0142   35.25  -999.0   -999.00   -999.0    -999   267     1.45      1.45      0.08    11  -999.0    -999     0   0   0   0    -999.000  -999.000
0143   35.50   885.7     22.43     85.6     932   267     1.44      1.44      0.07    12     0.0     932     0   0   0   0      16.131   -79.240
0144   35.75  -999.0   -999.00   -999.0    -999   268     1.43      1.43      0.05    12  -999.0    -999     0   0   0   0    -999.000  -999.000
0145   36.00   886.2     22.38     86.6     927   269     1.42      1.42      0.03    11     0.1     927     0   0   0   0      16.131   -79.240
0146   36.25  -999.0   -999.00   -999.0    -999   270     1.40      1.40     -0.00    12  -999.0    -999     0   0   0   0    -999.000  -999.000
0147   36.50   886.7     22.32     87.8     922   272     1.38      1.38     -0.04    12     0.1     922     0   0   0   0      16.131   -79.240
0148   36.75  -999.0   -999.00   -999.0    -999   273     1.35      1.35     -0.08    12  -999.0    -999     0   0   0   0    -999.000  -999.000
0149   37.00   887.3     22.26     89.0     916   276     1.33      1.32     -0.13    12     0.1     916     0   0   0   0      16.131   -79.240
0150   37.25  -999.0   -999.00   -999.0    -999   278     1.30      1.29     -0.18    12  -999.0    -999     0   0   0   0    -999.000  -999.000
0151   37.50   887.8     22.20     90.2     911   281     1.28      1.26     -0.24    12     0.1     911     0   0   0   0      16.131   -79.240
0152   37.75  -999.0   -999.00   -999.0    -999   284     1.26      1.23     -0.30    12  -999.0    -999     0   0   0   0    -999.000  -999.000
0153   38.00   888.3     22.15     91.3     906   287     1.24      1.19     -0.36    12     0.1     906     0   0   0   0      16.131   -79.240
0154   38.25  -999.0   -999.00   -999.0    -999   290     1.23      1.16     -0.43    12  -999.0    -999     0   0   0   0    -999.000  -999.000
0155   38.50   888.8     22.10     92.2     901   294     1.23      1.12     -0.50    12     0.1     901     0   0   0   0      16.131   -79.240
0156   38.75  -999.0   -999.00   -999.0    -999   297     1.23      1.10     -0.57    12  -999.0    -999     0   0   0   0    -999.000  -999.000
0157   39.00   889.4     22.08     93.0     896   301     1.24      1.07     -0.64    12     0.0     896     0   0   0   0      16.131   -79.240
0158   39.25  -999.0   -999.00   -999.0    -999   304     1.27      1.05     -0.71    12  -999.0    -999     0   0   0   0    -999.000  -999.000
0159   39.50   889.9     22.07     93.7     891   307     1.30      1.03     -0.78    12     0.0     891     0   0   0   0      16.131   -79.240
0160   39.75  -999.0   -999.00   -999.0    -999   310     1.34      1.03     -0.86    12  -999.0    -999     0   0   0   0    -999.000  -999.000
0161   40.00   890.4     22.07     94.1     885   312     1.39      1.03     -0.94    12    -0.0     885     0   0   0   0      16.131   -79.240
0162   40.25  -999.0   -999.00   -999.0    -999   314     1.45      1.04     -1.01    12  -999.0    -999     0   0   0   0    -999.000  -999.000
0163   40.50   891.0     22.09     94.4     880   316     1.51      1.05     -1.08    12    -0.0     880     0   0   0   0      16.131   -79.240
0164   40.75  -999.0   -999.00   -999.0    -999   317     1.58      1.08     -1.16    12  -999.0    -999     0   0   0   0    -999.000  -999.000
0165   41.00   891.5     22.11     94.6     875  -999  -999.00   -999.00   -999.00    12    -0.1     875     0   0   0   0    -999.000  -999.000
0166   41.25  -999.0   -999.00   -999.0    -999   318     1.73      1.15     -1.29    12  -999.0    -999     0   0   0   0    -999.000  -999.000
0167   41.50   892.0     22.15     94.8     870   318     1.80      1.19     -1.35    12    -0.1     870     0   0   0   0      16.131   -79.240
0168   41.75  -999.0   -999.00   -999.0    -999   318     1.87      1.24     -1.40    12  -999.0    -999     0   0   0   0    -999.000  -999.000
0169   42.00   892.6     22.19     94.8     864   318     1.94      1.29     -1.44    12    -0.0     864     0   0   0   0      16.131   -79.240
0170   42.25  -999.0   -999.00   -999.0    -999   318     2.00      1.35     -1.48    12  -999.0    -999     0   0   0   0    -999.000  -999.000
0171   42.50   893.1     22.23     94.9     859   317     2.06      1.40     -1.51    12    -0.0     859     0   0   0   0      16.131   -79.240
0172   42.75  -999.0   -999.00   -999.0    -999  -999  -999.00   -999.00   -999.00    12  -999.0    -999     0   0   0   0    -999.000  -999.000
0173   43.00   893.6     22.28     95.0     854   316     2.16      1.51     -1.55    12     0.1     854     0   0   0   0      16.131   -79.240
0174   43.25  -999.0   -999.00   -999.0    -999   315     2.20      1.56     -1.56    12  -999.0    -999     0   0   0   0    -999.000  -999.000
0175   43.50   894.2     22.34     95.1     849   314     2.24      1.61     -1.56    12     0.1     849     0   0   0   0      16.131   -79.240
0176   43.75  -999.0   -999.00   -999.0    -999   314     2.27      1.65     -1.57    12  -999.0    -999     0   0   0   0    -999.000  -999.000
0177   44.00   894.7     22.40     95.2     843   313     2.30      1.68     -1.57    12     0.2     843     0   0   0   0      16.131   -79.239
0178   44.25  -999.0   -999.00   -999.0    -999   313     2.33      1.72     -1.57    12  -999.0    -999     0   0   0   0    -999.000  -999.000
0179   44.50  -999.0   -999.00   -999.0    -999  -999  -999.00   -999.00   -999.00     0  -999.0    -999     0   0   0   0    -999.000  -999.000
0180   44.75  -999.0   -999.00   -999.0    -999  -999  -999.00   -999.00   -999.00     0  -999.0    -999     0   0   0   0    -999.000  -999.000
0181   45.00   895.7     22.53     95.5     833   312     2.39      1.78     -1.59    12     0.4     833     0   0   0   0      16.131   -79.239
0182   45.25  -999.0   -999.00   -999.0    -999   312     2.40      1.79     -1.60    12  -999.0    -999     0   0   0   0    -999.000  -999.000
0183   45.50   896.2     22.60     95.6     828   312     2.41      1.80     -1.61    12     0.5     828     0   0   0   0      16.131   -79.239
0184   45.75  -999.0   -999.00   -999.0    -999   312     2.42      1.80     -1.62    12  -999.0    -999     0   0   0   0    -999.000  -999.000
0185   46.00   896.7     22.67     95.7     823   312     2.43      1.80     -1.64    12     0.5     823     0   0   0   0      16.131   -79.239
0186   46.25  -999.0   -999.00   -999.0    -999   313     2.44      1.79     -1.65    12  -999.0    -999     0   0   0   0    -999.000  -999.000
0187   46.50   897.2     22.74     95.7     819   313     2.44      1.79     -1.67    12     0.6     819     0   0   0   0      16.131   -79.239
0188   46.75  -999.0   -999.00   -999.0    -999   313     2.45      1.78     -1.68    12  -999.0    -999     0   0   0   0    -999.000  -999.000
0189   47.00   897.7     22.79     95.8     814   314     2.46      1.77     -1.70    12     0.7     814     0   0   0   0      16.131   -79.239
0190   47.25  -999.0   -999.00   -999.0    -999   314     2.47      1.77     -1.73    12  -999.0    -999     0   0   0   0    -999.000  -999.000
0191   47.50   898.2     22.83     95.8     809   315     2.48      1.76     -1.75    12     0.7     809     0   0   0   0      16.131   -79.239
0192   47.75  -999.0   -999.00   -999.0    -999   315     2.50      1.76     -1.78    12  -999.0    -999     0   0   0   0    -999.000  -999.000
0193   48.00   898.7     22.86     95.8     804   316     2.52      1.76     -1.81    12     0.7     804     0   0   0   0      16.131   -79.239
0194   48.25  -999.0   -999.00   -999.0    -999   316     2.55      1.76     -1.85    12  -999.0    -999     0   0   0   0    -999.000  -999.000
0195   48.50   899.2     22.88     95.7     799   317     2.58      1.76     -1.88    12     0.7     799     0   0   0   0      16.131   -79.239
0196   48.75  -999.0   -999.00   -999.0    -999   317     2.61      1.78     -1.92    12  -999.0    -999     0   0   0   0    -999.000  -999.000
0197   49.00   899.7     22.89     95.7     794   317     2.65      1.79     -1.95    12     0.6     794     0   0   0   0      16.131   -79.239
0198   49.25  -999.0   -999.00   -999.0    -999   318     2.69      1.81     -1.99    12  -999.0    -999     0   0   0   0    -999.000  -999.000
0199   49.50   900.2     22.90     95.6     790   318     2.73      1.83     -2.02    12     0.6     790     0   0   0   0      16.131   -79.239
0200   49.75  -999.0   -999.00   -999.0    -999   318     2.77      1.86     -2.06    12  -999.0    -999     0   0   0   0    -999.000  -999.000
0201   50.00   900.7     22.92     95.6     785   318     2.82      1.88     -2.09    12     0.6     785     0   0   0   0      16.131   -79.239
0202   50.25  -999.0   -999.00   -999.0    -999   318     2.86      1.91     -2.13    12  -999.0    -999     0   0   0   0    -999.000  -999.000
0203   50.50   901.2     22.93     95.6     780   318     2.90      1.95     -2.16    12     0.5     780     0   0   0   0      16.131   -79.239
0204   50.75  -999.0   -999.00   -999.0    -999   318     2.94      1.98     -2.18    12  -999.0    -999     0   0   0   0    -999.000  -999.000
0205   51.00   901.7     22.95     95.6     775   318     2.98      2.01     -2.21    12     0.5     775     0   0   0   0      16.131   -79.239
0206   51.25  -999.0   -999.00   -999.0    -999   318     3.02      2.04     -2.23    12  -999.0    -999     0   0   0   0    -999.000  -999.000
0207   51.50   902.3     22.97     95.7     770   317     3.06      2.07     -2.25    12     0.5     770     0   0   0   0      16.131   -79.239
0208   51.75  -999.0   -999.00   -999.0    -999   317     3.09      2.10     -2.27    12  -999.0    -999     0   0   0   0    -999.000  -999.000
0209   52.00   902.8     23.00     95.7     765   317     3.12      2.12     -2.29    12     0.5     765     0   0   0   0      16.131   -79.239
0210   52.25  -999.0   -999.00   -999.0    -999   317     3.15      2.14     -2.30    12  -999.0    -999     0   0   0   0    -999.000  -999.000
0211   52.50   903.3     23.03     95.8     760   317     3.17      2.16     -2.32    12     0.5     760     0   0   0   0      16.131   -79.239
0212   52.75  -999.0   -999.00   -999.0    -999   317     3.19      2.17     -2.34    12  -999.0    -999     0   0   0   0    -999.000  -999.000
0213   53.00   903.8     23.06     95.9     755   317     3.21      2.19     -2.35    12     0.4     755     0   0   0   0      16.131   -79.239
0214   53.25  -999.0   -999.00   -999.0    -999   317     3.23      2.19     -2.37    12  -999.0    -999     0   0   0   0    -999.000  -999.000
0215   53.50   904.3     23.09     95.9     750   317     3.24      2.20     -2.38    12     0.4     750     0   0   0   0      16.131   -79.239
0216   53.75  -999.0   -999.00   -999.0    -999   317     3.26      2.21     -2.40    12  -999.0    -999     0   0   0   0    -999.000  -999.000
0217   54.00   904.8     23.12     96.0     745   318     3.28      2.21     -2.42    12     0.4     745     0   0   0   0      16.131   -79.239
0218   54.25  -999.0   -999.00   -999.0    -999   318     3.30      2.22     -2.44    12  -999.0    -999     0   0   0   0    -999.000  -999.000
0219   54.50   905.3     23.14     96.1     740   318     3.33      2.23     -2.47    12     0.4     740     0   0   0   0      16.131   -79.239
0220   54.75  -999.0   -999.00   -999.0    -999   318     3.35      2.24     -2.50    11  -999.0    -999     0   0   0   0    -999.000  -999.000
0221   55.00   905.8     23.17     96.1     735   318     3.39      2.25     -2.53    11     0.4     735     0   0   0   0      16.131   -79.239
0222   55.25  -999.0   -999.00   -999.0    -999   319     3.42      2.26     -2.57    11  -999.0    -999     0   0   0   0    -999.000  -999.000
0223   55.50   906.3     23.19     96.2     730   319     3.46      2.28     -2.61    11     0.4     730     0   0   0   0      16.131   -79.239
0224   55.75  -999.0   -999.00   -999.0    -999   319     3.51      2.29     -2.65    11  -999.0    -999     0   0   0   0    -999.000  -999.000
0225   56.00   906.9     23.22     96.2     725   319     3.55      2.31     -2.70    11     0.4     725     0   0   0   0      16.131   -79.239
0226   56.25  -999.0   -999.00   -999.0    -999   319     3.60      2.34     -2.74    11  -999.0    -999     0   0   0   0    -999.000  -999.000
0227   56.50   907.4     23.24     96.3     720   320     3.65      2.37     -2.78    12     0.4     720     0   0   0   0      16.131   -79.239
0228   56.75  -999.0   -999.00   -999.0    -999   320     3.70      2.40     -2.82    11  -999.0    -999     0   0   0   0    -999.000  -999.000
0229   57.00   907.9     23.25     96.3     715   320     3.75      2.43     -2.86    11     0.4     715     0   0   0   0      16.131   -79.239
0230   57.25  -999.0   -999.00   -999.0    -999   320     3.80      2.46     -2.89    12  -999.0    -999     0   0   0   0    -999.000  -999.000
0231   57.50   908.4     23.27     96.3     710   320     3.85      2.50     -2.93    11     0.4     710     0   0   0   0      16.131   -79.239
0232   57.75  -999.0   -999.00   -999.0    -999   319     3.89      2.53     -2.96    11  -999.0    -999     0   0   0   0    -999.000  -999.000
0233   58.00   908.9     23.28     96.3     705   319     3.93      2.56     -2.98    12     0.5     705     0   0   0   0      16.131   -79.239
0234   58.25  -999.0   -999.00   -999.0    -999   319     3.96      2.58     -3.01    12  -999.0    -999     0   0   0   0    -999.000  -999.000
0235   58.50   909.4     23.29     96.2     700   319     3.99      2.60     -3.02    12     0.5     700     0   0   0   0      16.131   -79.239
0236   58.75  -999.0   -999.00   -999.0    -999   319     4.01      2.62     -3.04    12  -999.0    -999     0   0   0   0    -999.000  -999.000
0237   59.00   909.9     23.30     96.1     695   319     4.03      2.64     -3.05    12     0.5     695     0   0   0   0      16.131   -79.239
0238   59.25  -999.0   -999.00   -999.0    -999   319     4.04      2.64     -3.05    13  -999.0    -999     0   0   0   0    -999.000  -999.000
0239   59.50   910.4     23.32     96.1     690   319     4.04      2.65     -3.05    13     0.5     690     0   0   0   0      16.131   -79.239
0240   59.75  -999.0   -999.00   -999.0    -999   319     4.04      2.65     -3.05    13  -999.0    -999     0   0   0   0    -999.000  -999.000
0241   60.00   911.0     23.33     96.0     686   319     4.03      2.65     -3.04    13     0.5     686     0   0   0   0      16.131   -79.239
0242   60.25  -999.0   -999.00   -999.0    -999   319     4.02      2.64     -3.03    12  -999.0    -999     0   0   0   0    -999.000  -999.000
0243   60.50   911.5     23.34     95.9     681   319     4.00      2.64     -3.01    13     0.5     681     0   0   0   0      16.131   -79.239
0244   60.75  -999.0   -999.00   -999.0    -999   319     3.98      2.63     -2.98    13  -999.0    -999     0   0   0   0    -999.000  -999.000
0245   61.00   912.0     23.35     95.8     676   319     3.95      2.62     -2.96    13     0.5     676     0   0   0   0      16.131   -79.239
0246   61.25  -999.0   -999.00   -999.0    -999   318     3.92      2.60     -2.93    13  -999.0    -999     0   0   0   0    -999.000  -999.000
0247   61.50   912.5     23.36     95.7     671   318     3.89      2.59     -2.90    13     0.5     671     0   0   0   0      16.131   -79.239
0248   61.75  -999.0   -999.00   -999.0    -999   318     3.86      2.58     -2.86    13  -999.0    -999     0   0   0   0    -999.000  -999.000
0249   62.00   913.0     23.38     95.7     666   318     3.82      2.58     -2.83    13     0.5     666     0   0   0   0      16.131   -79.239
0250   62.25  -999.0   -999.00   -999.0    -999   317     3.79      2.57     -2.79    13  -999.0    -999     0   0   0   0    -999.000  -999.000
0251   62.50   913.5     23.39     95.7     661   317     3.76      2.57     -2.75    13     0.5     661     0   0   0   0      16.131   -79.239
0252   62.75  -999.0   -999.00   -999.0    -999   317     3.74      2.57     -2.71    13  -999.0    -999     0   0   0   0    -999.000  -999.000
0253   63.00   914.0     23.40     95.6     656   316     3.71      2.58     -2.67    13     0.5     656     0   0   0   0      16.131   -79.239
0254   63.25  -999.0   -999.00   -999.0    -999   316     3.69      2.59     -2.64    13  -999.0    -999     0   0   0   0    -999.000  -999.000
0255   63.50   914.5     23.42     95.6     651   315     3.68      2.60     -2.60    13     0.5     651     0   0   0   0      16.131   -79.239
0256   63.75  -999.0   -999.00   -999.0    -999   314     3.66      2.62     -2.57    13  -999.0    -999     0   0   0   0    -999.000  -999.000
0257   64.00   915.0     23.44     95.6     646   314     3.65      2.63     -2.53    13     0.5     646     0   0   0   0      16.131   -79.239
0258   64.25  -999.0   -999.00   -999.0    -999   313     3.65      2.65     -2.51    13  -999.0    -999     0   0   0   0    -999.000  -999.000
0259   64.50   915.5     23.45     95.5     641   313     3.65      2.67     -2.48    13     0.5     641     0   0   0   0      16.131   -79.239
0260   64.75  -999.0   -999.00   -999.0    -999   312     3.66      2.70     -2.47    13  -999.0    -999     0   0   0   0    -999.000  -999.000
0261   65.00   916.1     23.47     95.5     636   312     3.67      2.72     -2.46    13     0.4     636     0   0   0   0      16.131   -79.239
0262   65.25  -999.0   -999.00   -999.0    -999   312     3.68      2.74     -2.46    13  -999.0    -999     0   0   0   0    -999.000  -999.000
0263   65.50   916.6     23.49     95.5     632   312     3.70      2.76     -2.46    13     0.4     632     0   0   0   0      16.131   -79.239
0264   65.75  -999.0   -999.00   -999.0    -999   312     3.73      2.79     -2.47    13  -999.0    -999     0   0   0   0    -999.000  -999.000
0265   66.00   917.1     23.51     95.4     627   312     3.75      2.81     -2.49    13     0.4     627     0   0   0   0      16.131   -79.239
0266   66.25  -999.0   -999.00   -999.0    -999   312     3.79      2.83     -2.52    13  -999.0    -999     0   0   0   0    -999.000  -999.000
0267   66.50   917.6     23.53     95.4     622   312     3.82      2.85     -2.55    13     0.4     622     0   0   0   0      16.131   -79.239
0268   66.75  -999.0   -999.00   -999.0    -999   312     3.86      2.87     -2.58    13  -999.0    -999     0   0   0   0    -999.000  -999.000
0269   67.00   918.1     23.54     95.4     617   312     3.89      2.89     -2.61    13     0.3     617     0   0   0   0      16.131   -79.239
0270   67.25  -999.0   -999.00   -999.0    -999   312     3.93      2.90     -2.65    13  -999.0    -999     0   0   0   0    -999.000  -999.000
0271   67.50   918.6     23.56     95.3     612   313     3.96      2.92     -2.69    13     0.3     612     0   0   0   0      16.131   -79.239
0272   67.75  -999.0   -999.00   -999.0    -999   313     4.00      2.93     -2.72    13  -999.0    -999     0   0   0   0    -999.000  -999.000
0273   68.00   919.2     23.58     95.3     607   313     4.03      2.93     -2.76    13     0.2     607     0   0   0   0      16.131   -79.239
0274   68.25  -999.0   -999.00   -999.0    -999   314     4.06      2.94     -2.80    13  -999.0    -999     0   0   0   0    -999.000  -999.000
0275   68.50   919.7     23.59     95.3     602   314     4.09      2.94     -2.84    12     0.2     602     0   0   0   0      16.131   -79.239
0276   68.75  -999.0   -999.00   -999.0    -999   314     4.11      2.93     -2.88    13  -999.0    -999     0   0   0   0    -999.000  -999.000
0277   69.00   920.2     23.61     95.3     597   315     4.13      2.92     -2.91    13     0.1     597     0   0   0   0      16.131   -79.239
0278   69.25  -999.0   -999.00   -999.0    -999   315     4.15      2.91     -2.95    13  -999.0    -999     0   0   0   0    -999.000  -999.000
0279   69.50   920.8     23.63     95.3     591   316     4.16      2.90     -2.99    13     0.1     591     0   0   0   0      16.131   -79.239
0280   69.75  -999.0   -999.00   -999.0    -999   316     4.17      2.88     -3.02    13  -999.0    -999     0   0   0   0    -999.000  -999.000
0281   70.00   921.3     23.64     95.3     586   317     4.18      2.86     -3.05    13     0.0     586     0   0   0   0      16.131   -79.239
0282   70.25  -999.0   -999.00   -999.0    -999   317     4.19      2.83     -3.09    13  -999.0    -999     0   0   0   0    -999.000  -999.000
0283   70.50   921.8     23.66     95.2     581   318     4.20      2.81     -3.12    13    -0.0     581     0   0   0   0      16.131   -79.239
0284   70.75  -999.0   -999.00   -999.0    -999   319     4.20      2.78     -3.15    13  -999.0    -999     0   0   0   0    -999.000  -999.000
0285   71.00   922.4     23.68     95.2     576   319     4.20      2.75     -3.18    13    -0.1     576     0   0   0   0      16.131   -79.239
0286   71.25  -999.0   -999.00   -999.0    -999   320     4.20      2.72     -3.21    12  -999.0    -999     0   0   0   0    -999.000  -999.000
0287   71.50   922.9     23.69     95.1     571   320     4.20      2.68     -3.23    12    -0.1     571     0   0   0   0      16.131   -79.239
0288   71.75  -999.0   -999.00   -999.0    -999   321     4.20      2.65     -3.26    13  -999.0    -999     0   0   0   0    -999.000  -999.000
0289   72.00   923.5     23.71     95.1     566   321     4.20      2.62     -3.28    12    -0.2     566     0   0   0   0      16.131   -79.239
0290   72.25  -999.0   -999.00   -999.0    -999   322     4.20      2.59     -3.30    13  -999.0    -999     0   0   0   0    -999.000  -999.000
0291   72.50   924.0     23.73     95.0     560   322     4.19      2.56     -3.33    13    -0.2     560     0   0   0   0      16.131   -79.239
0292   72.75  -999.0   -999.00   -999.0    -999   323     4.19      2.53     -3.35    13  -999.0    -999     0   0   0   0    -999.000  -999.000
0293   73.00   924.6     23.75     95.0     555   323     4.20      2.50     -3.37    13    -0.3     555     0   0   0   0      16.131   -79.239
0294   73.25  -999.0   -999.00   -999.0    -999   324     4.20      2.48     -3.39    13  -999.0    -999     0   0   0   0    -999.000  -999.000
0295   73.50   925.1     23.77     94.9     550   324     4.20      2.46     -3.41    13    -0.3     550     0   0   0   0      16.131   -79.239
0296   73.75  -999.0   -999.00   -999.0    -999   324     4.21      2.45     -3.43    13  -999.0    -999     0   0   0   0    -999.000  -999.000
0297   74.00   925.7     23.79     94.9     545   325     4.22      2.44     -3.44    13    -0.4     545     0   0   0   0      16.131   -79.239
0298   74.25  -999.0   -999.00   -999.0    -999   325     4.24      2.45     -3.46    13  -999.0    -999     0   0   0   0    -999.000  -999.000
0299   74.50   926.2     23.82     94.9     539   325     4.25      2.45     -3.47    13    -0.4     539     0   0   0   0      16.131   -79.239
0300   74.75  -999.0   -999.00   -999.0    -999   325     4.27      2.47     -3.48    13  -999.0    -999     0   0   0   0    -999.000  -999.000
0301   75.00   926.8     23.85     94.8     534   325     4.28      2.48     -3.49    13    -0.5     534     0   0   0   0      16.131   -79.239
0302   75.25  -999.0   -999.00   -999.0    -999   324     4.30      2.51     -3.49    13  -999.0    -999     0   0   0   0    -999.000  -999.000
0303   75.50   927.4     23.88     94.8     529   324     4.31      2.53     -3.49    13    -0.6     529     0   0   0   0      16.131   -79.239
0304   75.75  -999.0   -999.00   -999.0    -999   324     4.33      2.56     -3.49    13  -999.0    -999     0   0   0   0    -999.000  -999.000
0305   76.00   927.9     23.91     94.8     523   323     4.34      2.60     -3.48    13    -0.6     523     0   0   0   0      16.131   -79.239
0306   76.25  -999.0   -999.00   -999.0    -999   323     4.35      2.63     -3.46    13  -999.0    -999     0   0   0   0    -999.000  -999.000
0307   76.50   928.5     23.94     94.8     518   322     4.36      2.67     -3.45    13    -0.7     518     0   0   0   0      16.131   -79.239
0308   76.75  -999.0   -999.00   -999.0    -999   322     4.37      2.70     -3.43    13  -999.0    -999     0   0   0   0    -999.000  -999.000
0309   77.00   929.1     23.97     94.8     512   321     4.37      2.74     -3.41    13    -0.7     512     0   0   0   0      16.131   -79.239
0310   77.25  -999.0   -999.00   -999.0    -999   321     4.37      2.78     -3.38    13  -999.0    -999     0   0   0   0    -999.000  -999.000
0311   77.50   929.7     24.01     94.7     507   320     4.38      2.81     -3.36    13    -0.8     507     0   0   0   0      16.131   -79.239
0312   77.75  -999.0   -999.00   -999.0    -999   319     4.38      2.85     -3.33    13  -999.0    -999     0   0   0   0    -999.000  -999.000
0313   78.00   930.3     24.04     94.7     501   319     4.38      2.88     -3.30    13    -0.8     501     0   0   0   0      16.131   -79.239
0314   78.25  -999.0   -999.00   -999.0    -999   318     4.38      2.91     -3.28    13  -999.0    -999     0   0   0   0    -999.000  -999.000
0315   78.50   930.8     24.07     94.6     496   318     4.38      2.94     -3.25    13    -0.8     496     0   0   0   0      16.130   -79.239
0316   78.75  -999.0   -999.00   -999.0    -999   318     4.38      2.96     -3.23    13  -999.0    -999     0   0   0   0    -999.000  -999.000
0317   79.00   931.4     24.11     94.5     490   317     4.39      2.98     -3.22    13    -0.9     490     0   0   0   0      16.130   -79.239
0318   79.25  -999.0   -999.00   -999.0    -999   317     4.39      3.00     -3.20    13  -999.0    -999     0   0   0   0    -999.000  -999.000
0319   79.50   932.0     24.14     94.4     485   317     4.39      3.01     -3.19    13    -0.9     485     0   0   0   0      16.130   -79.239
0320   79.75  -999.0   -999.00   -999.0    -999   317     4.39      3.02     -3.19    13  -999.0    -999     0   0   0   0    -999.000  -999.000
0321   80.00   932.6     24.17     94.3     479   316     4.39      3.03     -3.19    13    -0.9     479     0   0   0   0      16.130   -79.239
0322   80.25  -999.0   -999.00   -999.0    -999   316     4.40      3.03     -3.19    13  -999.0    -999     0   0   0   0    -999.000  -999.000
0323   80.50   933.2     24.21     94.1     474   316     4.40      3.03     -3.19    13    -0.9     474     0   0   0   0      16.130   -79.239
0324   80.75  -999.0   -999.00   -999.0    -999   316     4.41      3.03     -3.20    13  -999.0    -999     0   0   0   0    -999.000  -999.000
0325   81.00   933.8     24.24     93.9     468  -999  -999.00   -999.00   -999.00    12    -0.9     468     0   0   0   0    -999.000  -999.000
0326   81.25  -999.0   -999.00   -999.0    -999   317     4.41      3.03     -3.20    13  -999.0    -999     0   0   0   0    -999.000  -999.000
0327   81.50   934.4     24.28     93.7     462   317     4.41      3.04     -3.20    13    -0.8     462     0   0   0   0      16.130   -79.239
0328   81.75  -999.0   -999.00   -999.0    -999   316     4.41      3.04     -3.20    13  -999.0    -999     0   0   0   0    -999.000  -999.000
0329   82.00   935.0     24.32     93.6     457   316     4.40      3.04     -3.19    13    -0.8     457     0   0   0   0      16.130   -79.239
0330   82.25  -999.0   -999.00   -999.0    -999   316     4.40      3.04     -3.17    13  -999.0    -999     0   0   0   0    -999.000  -999.000
0331   82.50   935.5     24.35     93.4     451   316     4.38      3.05     -3.15    13    -0.8     451     0   0   0   0      16.130   -79.239
0332   82.75  -999.0   -999.00   -999.0    -999   316     4.37      3.05     -3.13    13  -999.0    -999     0   0   0   0    -999.000  -999.000
0333   83.00   936.1     24.39     93.2     446   315     4.36      3.06     -3.10    13    -0.7     446     0   0   0   0      16.130   -79.239
0334   83.25  -999.0   -999.00   -999.0    -999   315     4.34      3.07     -3.07    13  -999.0    -999     0   0   0   0    -999.000  -999.000
0335   83.50   936.7     24.43     93.0     440   315     4.33      3.08     -3.04    13    -0.6     440     0   0   0   0      16.130   -79.239
0336   83.75  -999.0   -999.00   -999.0    -999   314     4.32      3.09     -3.01    13  -999.0    -999     0   0   0   0    -999.000  -999.000
0337   84.00   937.3     24.47     92.9     435   314     4.31      3.11     -2.98    13    -0.6     435     0   0   0   0      16.130   -79.239
0338   84.25  -999.0   -999.00   -999.0    -999   313     4.30      3.12     -2.95    13  -999.0    -999     0   0   0   0    -999.000  -999.000
0339   84.50   937.9     24.50     92.8     430   313     4.29      3.14     -2.92    13    -0.5     430     0   0   0   0      16.130   -79.239
0340   84.75  -999.0   -999.00   -999.0    -999   313     4.28      3.15     -2.90    13  -999.0    -999     0   0   0   0    -999.000  -999.000
0341   85.00   938.4     24.54     92.7     424   312     4.27      3.16     -2.87    13    -0.5     424     0   0   0   0      16.130   -79.239
0342   85.25  -999.0   -999.00   -999.0    -999   312     4.26      3.17     -2.85    13  -999.0    -999     0   0   0   0    -999.000  -999.000
0343   85.50   939.0     24.57     92.6     419   312     4.25      3.18     -2.82    13    -0.4     419     0   0   0   0      16.130   -79.239
0344   85.75  -999.0   -999.00   -999.0    -999   311     4.24      3.18     -2.80    13  -999.0    -999     0   0   0   0    -999.000  -999.000
0345   86.00   939.5     24.61     92.6     414   311     4.23      3.18     -2.78    13    -0.4     414     0   0   0   0      16.130   -79.238
0346   86.25  -999.0   -999.00   -999.0    -999   311     4.21      3.18     -2.76    13  -999.0    -999     0   0   0   0    -999.000  -999.000
0347   86.50   940.1     24.64     92.6     409   311     4.19      3.17     -2.74    13    -0.4     409     0   0   0   0      16.130   -79.238
0348   86.75  -999.0   -999.00   -999.0    -999   311     4.17      3.17     -2.72    13  -999.0    -999     0   0   0   0    -999.000  -999.000
0349   87.00   940.7     24.67     92.6     403   310     4.16      3.16     -2.70    13    -0.3     403     0   0   0   0      16.130   -79.238
0350   87.25  -999.0   -999.00   -999.0    -999   310     4.14      3.15     -2.68    13  -999.0    -999     0   0   0   0    -999.000  -999.000
0351   87.50   941.2     24.70     92.6     398   310     4.12      3.15     -2.67    13    -0.3     398     0   0   0   0      16.130   -79.238
0352   87.75  -999.0   -999.00   -999.0    -999   310     4.11      3.14     -2.65    13  -999.0    -999     0   0   0   0    -999.000  -999.000
0353   88.00   941.8     24.73     92.6     393   310     4.10      3.14     -2.63    13    -0.3     393     0   0   0   0      16.130   -79.238
0354   88.25  -999.0   -999.00   -999.0    -999  -999  -999.00   -999.00   -999.00    13  -999.0    -999     0   0   0   0    -999.000  -999.000
0355   88.50   942.3     24.76     92.7     387   310     4.08      3.14     -2.61    13    -0.3     387     0   0   0   0      16.130   -79.238
0356   88.75  -999.0   -999.00   -999.0    -999   310     4.07      3.14     -2.59    13  -999.0    -999     0   0   0   0    -999.000  -999.000
0357   89.00   942.9     24.79     92.7     382   309     4.07      3.15     -2.58    13    -0.3     382     0   0   0   0      16.130   -79.238
0358   89.25  -999.0   -999.00   -999.0    -999   309     4.07      3.16     -2.57    13  -999.0    -999     0   0   0   0    -999.000  -999.000
0359   89.50   943.5     24.82     92.7     377  -999  -999.00   -999.00   -999.00    13    -0.3     377     0   0   0   0    -999.000  -999.000
0360   89.75  -999.0   -999.00   -999.0    -999   309     4.07      3.18     -2.54    13  -999.0    -999     0   0   0   0    -999.000  -999.000
0361   90.00   944.0     24.84     92.7     372   308     4.07      3.19     -2.53    13    -0.3     372     0   0   0   0      16.130   -79.238
0362   90.25  -999.0   -999.00   -999.0    -999   308     4.08      3.20     -2.52    13  -999.0    -999     0   0   0   0    -999.000  -999.000
0363   90.50   944.6     24.87     92.7     367   308     4.08      3.22     -2.51    13    -0.2     367     0   0   0   0      16.130   -79.238
0364   90.75  -999.0   -999.00   -999.0    -999   308     4.09      3.23     -2.51    13  -999.0    -999     0   0   0   0    -999.000  -999.000
0365   91.00   945.1     24.90     92.6     361   308     4.10      3.25     -2.50    13    -0.2     361     0   0   0   0      16.130   -79.238
0366   91.25  -999.0   -999.00   -999.0    -999   307     4.10      3.26     -2.49    13  -999.0    -999     0   0   0   0    -999.000  -999.000
0367   91.50   945.7     24.93     92.6     356   307     4.11      3.28     -2.48    13    -0.2     356     0   0   0   0      16.130   -79.238
0368   91.75  -999.0   -999.00   -999.0    -999   307     4.12      3.29     -2.48    12  -999.0    -999     0   0   0   0    -999.000  -999.000
0369   92.00   946.3     24.96     92.5     351   307     4.12      3.30     -2.47    13    -0.2     351     0   0   0   0      16.130   -79.238
0370   92.25  -999.0   -999.00   -999.0    -999   307     4.13      3.31     -2.47    13  -999.0    -999     0   0   0   0    -999.000  -999.000
0371   92.50   946.8     24.99     92.5     346   307     4.13      3.32     -2.47    13    -0.2     346     0   0   0   0      16.130   -79.238
0372   92.75  -999.0   -999.00   -999.0    -999   307     4.14      3.32     -2.46    13  -999.0    -999     0   0   0   0    -999.000  -999.000
0373   93.00   947.4     25.02     92.5     341   307     4.14      3.33     -2.46    13    -0.2     341     0   0   0   0      16.130   -79.238
0374   93.25  -999.0   -999.00   -999.0    -999   307     4.14      3.33     -2.46    13  -999.0    -999     0   0   0   0    -999.000  -999.000
0375   93.50   947.9     25.05     92.5     335   307     4.14      3.33     -2.47    13    -0.2     335     0   0   0   0      16.130   -79.238
0376   93.75  -999.0   -999.00   -999.0    -999   307     4.15      3.33     -2.47    13  -999.0    -999     0   0   0   0    -999.000  -999.000
0377   94.00   948.5     25.08     92.5     330   307     4.15      3.33     -2.47    13    -0.2     330     0   0   0   0      16.130   -79.238
0378   94.25  -999.0   -999.00   -999.0    -999   307     4.15      3.34     -2.47    13  -999.0    -999     0   0   0   0    -999.000  -999.000
0379   94.50   949.0     25.11     92.5     325   307     4.16      3.34     -2.48    13    -0.1     325     0   0   0   0      16.130   -79.238
0380   94.75  -999.0   -999.00   -999.0    -999   307     4.16      3.34     -2.48    13  -999.0    -999     0   0   0   0    -999.000  -999.000
0381   95.00   949.6     25.14     92.6     320   307     4.16      3.34     -2.48    13    -0.1     320     0   0   0   0      16.130   -79.238
0382   95.25  -999.0   -999.00   -999.0    -999   307     4.16      3.34     -2.49    13  -999.0    -999     0   0   0   0    -999.000  -999.000
0383   95.50   950.1     25.18     92.6     315   307     4.17      3.34     -2.49    13    -0.1     315     0   0   0   0      16.130   -79.238
0384   95.75  -999.0   -999.00   -999.0    -999   307     4.17      3.34     -2.50    13  -999.0    -999     0   0   0   0    -999.000  -999.000
0385   96.00   950.7     25.21     92.6     310   307     4.17      3.33     -2.50    13    -0.0     310     0   0   0   0      16.130   -79.238
0386   96.25  -999.0   -999.00   -999.0    -999   307     4.17      3.33     -2.51    13  -999.0    -999     0   0   0   0    -999.000  -999.000
0387   96.50   951.2     25.24     92.7     305   307     4.17      3.32     -2.52    13    -0.0     305     0   0   0   0      16.130   -79.238
0388   96.75  -999.0   -999.00   -999.0    -999   307     4.17      3.32     -2.53    13  -999.0    -999     0   0   0   0    -999.000  -999.000
0389   97.00   951.8     25.27     92.7     300   307     4.18      3.31     -2.54    13     0.0     300     0   0   0   0      16.130   -79.238
0390   97.25  -999.0   -999.00   -999.0    -999   308     4.18      3.31     -2.56    13  -999.0    -999     0   0   0   0    -999.000  -999.000
0391   97.50   952.3     25.31     92.8     294   308     4.18      3.30     -2.57    13     0.1     294     0   0   0   0      16.130   -79.238
0392   97.75  -999.0   -999.00   -999.0    -999   308     4.18      3.29     -2.58    13  -999.0    -999     0   0   0   0    -999.000  -999.000
0393   98.00   952.9     25.35     92.9     289   308     4.19      3.28     -2.60    13     0.2     289     0   0   0   0      16.130   -79.238
0394   98.25  -999.0   -999.00   -999.0    -999   309     4.19      3.27     -2.62    12  -999.0    -999     0   0   0   0    -999.000  -999.000
0395   98.50   953.4     25.38     93.1     284   309     4.19      3.26     -2.63    13     0.2     284     0   0   0   0      16.130   -79.238
0396   98.75  -999.0   -999.00   -999.0    -999   309     4.20      3.25     -2.65    13  -999.0    -999     0   0   0   0    -999.000  -999.000
0397   99.00   953.9     25.42     93.3     280   309     4.20      3.24     -2.67    13     0.2     280     0   0   0   0      16.130   -79.238
0398   99.25  -999.0   -999.00   -999.0    -999   310     4.21      3.23     -2.69    13  -999.0    -999     0   0   0   0    -999.000  -999.000
0399   99.50   954.5     25.46     93.5     275   310     4.22      3.23     -2.72    13     0.3     275     0   0   0   0      16.130   -79.238
0400   99.75  -999.0   -999.00   -999.0    -999   310     4.23      3.22     -2.74    13  -999.0    -999     0   0   0   0    -999.000  -999.000
0401  100.00   955.0     25.50     93.8     270   311     4.24      3.22     -2.77    13     0.3     270     0   0   0   0      16.130   -79.238
0402  100.25  -999.0   -999.00   -999.0    -999   311     4.25      3.21     -2.79    12  -999.0    -999     0   0   0   0    -999.000  -999.000
0403  100.50   955.5     25.53     94.0     265   311     4.27      3.21     -2.81    13     0.3     265     0   0   0   0      16.130   -79.238
0404  100.75  -999.0   -999.00   -999.0    -999   312     4.28      3.21     -2.84    12  -999.0    -999     0   0   0   0    -999.000  -999.000
0405  101.00   956.0     25.57     94.1     260   312     4.29      3.20     -2.86    13     0.3     260     0   0   0   0      16.130   -79.238
0406  101.25  -999.0   -999.00   -999.0    -999   312     4.31      3.20     -2.88    13  -999.0    -999     0   0   0   0    -999.000  -999.000
0407  101.50   956.6     25.61     94.2     255   312     4.32      3.20     -2.90    11     0.2     255     0   0   0   0      16.130   -79.238
0408  101.75  -999.0   -999.00   -999.0    -999   312     4.33      3.20     -2.91    13  -999.0    -999     0   0   0   0    -999.000  -999.000
0409  102.00   957.1     25.65     94.2     250   312     4.33      3.20     -2.92    13     0.2     250     0   0   0   0      16.130   -79.238
0410  102.25  -999.0   -999.00   -999.0    -999   312     4.34      3.21     -2.92    13  -999.0    -999     0   0   0   0    -999.000  -999.000
0411  102.50   957.6     25.69     94.1     245   312     4.34      3.21     -2.92    13     0.2     245     0   0   0   0      16.130   -79.238
0412  102.75  -999.0   -999.00   -999.0    -999   312     4.33      3.21     -2.92    13  -999.0    -999     0   0   0   0    -999.000  -999.000
0413  103.00   958.2     25.73     94.0     240   312     4.33      3.21     -2.91    13     0.1     240     0   0   0   0      16.130   -79.238
0414  103.25  -999.0   -999.00   -999.0    -999   312     4.32      3.21     -2.90    13  -999.0    -999     0   0   0   0    -999.000  -999.000
0415  103.50   958.7     25.77     93.9     235   312     4.31      3.21     -2.88    13     0.1     235     0   0   0   0      16.130   -79.238
0416  103.75  -999.0   -999.00   -999.0    -999   312     4.30      3.21     -2.87    13  -999.0    -999     0   0   0   0    -999.000  -999.000
0417  104.00   959.3     25.80     93.7     230   312     4.29      3.21     -2.85    13     0.1     230     0   0   0   0      16.130   -79.238
0418  104.25  -999.0   -999.00   -999.0    -999   311     4.29      3.21     -2.84    13  -999.0    -999     0   0   0   0    -999.000  -999.000
0419  104.50   959.8     25.84     93.5     225   311     4.28      3.21     -2.82    12     0.1     225     0   0   0   0      16.130   -79.238
0420  104.75  -999.0   -999.00   -999.0    -999   311     4.27      3.22     -2.81    12  -999.0    -999     0   0   0   0    -999.000  -999.000
0421  105.00   960.4     25.88     93.3     220   311     4.27      3.22     -2.80    12     0.1     220     0   0   0   0      16.130   -79.238
0422  105.25  -999.0   -999.00   -999.0    -999   311     4.26      3.21     -2.80    12  -999.0    -999     0   0   0   0    -999.000  -999.000
0423  105.50   960.9     25.92     93.1     215   311     4.27      3.21     -2.81    12     0.1     215     0   0   0   0      16.130   -79.238
0424  105.75  -999.0   -999.00   -999.0    -999   311     4.27      3.21     -2.82    12  -999.0    -999     0   0   0   0    -999.000  -999.000
0425  106.00   961.4     25.96     92.9     210   312     4.28      3.20     -2.84    12     0.1     210     0   0   0   0      16.130   -79.238
0426  106.25  -999.0   -999.00   -999.0    -999   312     4.29      3.19     -2.87    12  -999.0    -999     0   0   0   0    -999.000  -999.000
0427  106.50   962.0     26.00     92.7     205   312     4.31      3.19     -2.90    12     0.0     205     0   0   0   0      16.130   -79.238
0428  106.75  -999.0   -999.00   -999.0    -999   313     4.33      3.18     -2.94    12  -999.0    -999     0   0   0   0    -999.000  -999.000
0429  107.00   962.5     26.04     92.5     200   313     4.35      3.17     -2.99    12     0.0     200     0   0   0   0      16.130   -79.238
0430  107.25  -999.0   -999.00   -999.0    -999   314     4.38      3.16     -3.04    12  -999.0    -999     0   0   0   0    -999.000  -999.000
0431  107.50   963.1     26.08     92.4     195   314     4.42      3.16     -3.09    12     0.0     195     0   0   0   0      16.130   -79.238
0432  107.75  -999.0   -999.00   -999.0    -999   315     4.45      3.16     -3.14    12  -999.0    -999     0   0   0   0    -999.000  -999.000
0433  108.00   963.6     26.11     92.2     190   315     4.49      3.17     -3.18    12     0.0     190     0   0   0   0      16.130   -79.238
0434  108.25  -999.0   -999.00   -999.0    -999   315     4.53      3.18     -3.23    12  -999.0    -999     0   0   0   0    -999.000  -999.000
0435  108.50   964.2     26.15     92.0     185   316     4.57      3.19     -3.27    12     0.0     185     0   0   0   0      16.130   -79.238
0436  108.75  -999.0   -999.00   -999.0    -999   316     4.61      3.21     -3.31    12  -999.0    -999     0   0   0   0    -999.000  -999.000
0437  109.00   964.7     26.19     91.8     180   316     4.65      3.23     -3.34    12     0.0     180     0   0   0   0      16.130   -79.238
0438  109.25  -999.0   -999.00   -999.0    -999   316     4.69      3.26     -3.37    12  -999.0    -999     0   0   0   0    -999.000  -999.000
0439  109.50   965.3     26.23     91.6     175   316     4.73      3.29     -3.39    12     0.0     175     0   0   0   0      16.130   -79.238
0440  109.75  -999.0   -999.00   -999.0    -999   316     4.77      3.32     -3.42    12  -999.0    -999     0   0   0   0    -999.000  -999.000
0441  110.00   965.8     26.26     91.4     170   316     4.80      3.36     -3.43    12     0.0     170     0   0   0   0      16.130   -79.238
0442  110.25  -999.0   -999.00   -999.0    -999   315     4.84      3.40     -3.45    12  -999.0    -999     0   0   0   0    -999.000  -999.000
0443  110.50   966.4     26.30     91.2     165  -999  -999.00   -999.00   -999.00    12    -0.0     165     0   0   0   0    -999.000  -999.000
0444  110.75  -999.0   -999.00   -999.0    -999   315     4.92      3.48     -3.47    12  -999.0    -999     0   0   0   0    -999.000  -999.000
0445  111.00   966.9     26.34     90.9     160   315     4.95      3.52     -3.48    12    -0.0     160     0   0   0   0      16.130   -79.238
0446  111.25  -999.0   -999.00   -999.0    -999   314     4.98      3.56     -3.49    12  -999.0    -999     0   0   0   0    -999.000  -999.000
0447  111.50   967.5     26.37     90.7     155   314     5.01      3.60     -3.49    12    -0.0     155     0   0   0   0      16.130   -79.238
0448  111.75  -999.0   -999.00   -999.0    -999   314     5.04      3.63     -3.49    12  -999.0    -999     0   0   0   0    -999.000  -999.000
0449  112.00   968.0     26.41     90.5     150   314     5.07      3.67     -3.49    12    -0.1     150     0   0   0   0      16.130   -79.238
0450  112.25  -999.0   -999.00   -999.0    -999   313     5.09      3.71     -3.49    11  -999.0    -999     0   0   0   0    -999.000  -999.000
0451  112.50  -999.0   -999.00   -999.0    -999   313     5.12      3.74     -3.49    12  -999.0    -999     0   0   0   0      16.130   -79.238
0452  112.75  -999.0   -999.00   -999.0    -999   313     5.14      3.77     -3.49    12  -999.0    -999     0   0   0   0    -999.000  -999.000
0453  113.00   969.1     26.49     90.2     139   313     5.17      3.81     -3.49    12    -0.1     139     0   0   0   0    -999.000  -999.000
0454  113.25  -999.0   -999.00   -999.0    -999  -999  -999.00   -999.00   -999.00     3  -999.0    -999     0   0   0   0    -999.000  -999.000
0455  113.50   969.7     26.54     90.0     134   312     5.22      3.86     -3.50    11    -0.1     134     0   0   0   0      16.130   -79.238
0456  113.75  -999.0   -999.00   -999.0    -999   312     5.24      3.89     -3.51    12  -999.0    -999     0   0   0   0    -999.000  -999.000
0457  114.00   970.2     26.58     89.8     129   312     5.27      3.92     -3.52    12    -0.2     129     0   0   0   0      16.130   -79.238
0458  114.25  -999.0   -999.00   -999.0    -999   312     5.29      3.94     -3.53    12  -999.0    -999     0   0   0   0    -999.000  -999.000
0459  114.50   970.8     26.62     89.6     124   312     5.32      3.97     -3.54    12    -0.2     124     0   0   0   0      16.130   -79.238
0460  114.75  -999.0   -999.00   -999.0    -999   312     5.34      4.00     -3.54    11  -999.0    -999     0   0   0   0    -999.000  -999.000
0461  115.00   971.4     26.67     89.4     119   311     5.37      4.03     -3.55    12    -0.2     119     0   0   0   0      16.130   -79.238
0462  115.25  -999.0   -999.00   -999.0    -999   311     5.39      4.06     -3.55    12  -999.0    -999     0   0   0   0    -999.000  -999.000
0463  115.50   971.9     26.72     89.2     114   311     5.41      4.08     -3.55    12    -0.3     114     0   0   0   0      16.130   -79.238
0464  115.75  -999.0   -999.00   -999.0    -999   311     5.43      4.11     -3.55    11  -999.0    -999     0   0   0   0    -999.000  -999.000
0465  116.00   972.5     26.76     89.0     109   311     5.45      4.13     -3.55    11    -0.3     109     0   0   0   0      16.129   -79.238
0466  116.25  -999.0   -999.00   -999.0    -999   310     5.45      4.15     -3.54    11  -999.0    -999     0   0   0   0    -999.000  -999.000
0467  116.50   973.1     26.81     88.8     103   310     5.46      4.17     -3.52    11    -0.3     103     0   0   0   0      16.129   -79.238
0468  116.75  -999.0   -999.00   -999.0    -999   310     5.45      4.18     -3.50    10  -999.0    -999     0   0   0   0    -999.000  -999.000
0469  117.00   973.6     26.86     88.6      98   310     5.44      4.19     -3.48    11    -0.3      98     0   0   0   0      16.129   -79.238
0470  117.25  -999.0   -999.00   -999.0    -999   310     5.43      4.19     -3.45    10  -999.0    -999     0   0   0   0    -999.000  -999.000
0471  117.50   974.2     26.91     88.4      93   309     5.41      4.19     -3.43    11    -0.3      93     0   0   0   0      16.129   -79.237
0472  117.75  -999.0   -999.00   -999.0    -999   309     5.39      4.18     -3.40    10  -999.0    -999     0   0   0   0    -999.000  -999.000
0473  118.00   974.8     26.95     88.2      88   309     5.37      4.17     -3.37    10    -0.3      88     0   0   0   0      16.129   -79.237
0474  118.25  -999.0   -999.00   -999.0    -999   309     5.34      4.17     -3.34    10  -999.0    -999     0   0   0   0    -999.000  -999.000
0475  118.50   975.3     27.00     87.9      83   309     5.32      4.16     -3.32    10    -0.3      83     0   0   0   0      16.129   -79.237
0476  118.75  -999.0   -999.00   -999.0    -999   308     5.30      4.15     -3.30    10  -999.0    -999     0   0   0   0    -999.000  -999.000
0477  119.00   975.9     27.05     87.7      77   308     5.28      4.14     -3.28    10    -0.3      77     0   0   0   0      16.129   -79.237
0478  119.25  -999.0   -999.00   -999.0    -999   308     5.26      4.13     -3.26    10  -999.0    -999     0   0   0   0    -999.000  -999.000
0479  119.50   976.5     27.10     87.5      72   308     5.25      4.12     -3.25    10    -0.2      72     0   0   0   0      16.129   -79.237
0480  119.75  -999.0   -999.00   -999.0    -999   308     5.23      4.11     -3.24    10  -999.0    -999     0   0   0   0    -999.000  -999.000
0481  120.00   977.0     27.15     87.4      67   308     5.22      4.09     -3.23    10    -0.2      67     0   0   0   0      16.129   -79.237
0482  120.25  -999.0   -999.00   -999.0    -999   308     5.20      4.07     -3.23    10  -999.0    -999     0   0   0   0    -999.000  -999.000
0483  120.50   977.6     27.20     87.2      62   309     5.19      4.05     -3.24    10    -0.2      62     0   0   0   0      16.129   -79.237
0484  120.75  -999.0   -999.00   -999.0    -999   309     5.18      4.03     -3.25    10  -999.0    -999     0   0   0   0    -999.000  -999.000
0485  121.00   978.1     27.25     87.0      57   309     5.17      4.01     -3.27     9    -0.2      57     0   0   0   0      16.129   -79.237
0486  121.25  -999.0   -999.00   -999.0    -999   310     5.17      3.99     -3.29     9  -999.0    -999     0   0   0   0    -999.000  -999.000
0487  121.50   978.7     27.30     86.8      52   310     5.17      3.97     -3.32     8    -0.1      52     0   0   0   0      16.129   -79.237
0488  121.75  -999.0   -999.00   -999.0    -999   310     5.18      3.95     -3.35     9  -999.0    -999     0   0   0   0    -999.000  -999.000
0489  122.00   979.3     27.36     86.7      47   311     5.18      3.92     -3.38     9    -0.2      47     0   0   0   0      16.129   -79.237
0490  122.25  -999.0   -999.00   -999.0    -999   311     5.19      3.90     -3.42     8  -999.0    -999     0   0   0   0    -999.000  -999.000
0491  122.50   979.8     27.41     86.5      42   312     5.21      3.89     -3.47     9    -0.2      42     0   0   0   0      16.129   -79.237
0492  122.75  -999.0   -999.00   -999.0    -999   312     5.26      3.90     -3.53    10  -999.0    -999     0   0   0   0    -999.000  -999.000
0493  123.00   980.4     27.47     86.4      37   313     5.33      3.93     -3.61    10    -0.2      37     0   0   0   0      16.129   -79.237
0494  123.25  -999.0   -999.00   -999.0    -999   313     5.42      3.98     -3.69    11  -999.0    -999     0   0   0   0    -999.000  -999.000
0495  123.50   980.9     27.53     86.3      32   313     5.52      4.03     -3.77    10    -0.2      32     0   0   0   0      16.129   -79.237
0496  123.75  -999.0   -999.00   -999.0    -999   313     5.61      4.09     -3.84    10  -999.0    -999     0   0   0   0    -999.000  -999.000
0497  124.00   981.5     27.59     86.1      26   313     5.68      4.13     -3.90    10    -0.3      26     0   0   0   0      16.129   -79.237
0498  124.25  -999.0   -999.00   -999.0    -999   314     5.71      4.14     -3.93     9  -999.0    -999     0   0   0   0    -999.000  -999.000
0499  124.50   982.1     27.66     86.0      21   314     5.70      4.13     -3.93     9    -0.3      21     0   0   0   0      16.129   -79.237
0500  124.75  -999.0   -999.00   -999.0    -999   314     5.63      4.08     -3.89     9  -999.0    -999     0   0   0   0    -999.000  -999.000
0501  125.00   982.7     27.72     85.9      16   314     5.54      4.01     -3.82     9    -0.3      16     0   0   0   0      16.129   -79.237
0502  125.25  -999.0   -999.00   -999.0    -999   313     5.42      3.93     -3.73     9  -999.0    -999     0   0   0   0    -999.000  -999.000
0503  125.50   983.2     27.79     85.7      11   313     5.30      3.86     -3.62     9    -0.3      11     0   0   0   0      16.129   -79.237
0504  125.75  -999.0   -999.00   -999.0    -999   313     5.37      3.94     -3.65     9  -999.0    -999     0   0   0   0    -999.000  -999.000
0505  126.54   984.4     27.85     85.6       0  -999  -999.00   -999.00   -999.00  -999  -999.0       0     0   0   0   0    -999.000  -999.000
